38.0 APEX_CODE,FINEST;APEX_PROFILING,INFO;CALLOUT,INFO;DB,INFO;SYSTEM,DEBUG;VALIDATION,INFO;VISUALFORCE,INFO;WORKFLOW,INFO
09:54:37.0 (91742)|USER_INFO|[EXTERNAL]|005B0000001VpZR|rreboucas-yi5c@force.com|Pacific Standard Time|GMT-07:00
09:54:37.2 (2079367)|CODE_UNIT_STARTED|[EXTERNAL]|01pB0000000r382|Twitter_Lightning_Controller.getRecordDetails
09:54:37.2 (2139985)|VARIABLE_SCOPE_BEGIN|[3]|Twitter_Lightning_Controller.mapObjectsFields|Map<String,Set<String>>|true|true
09:54:37.2 (2189817)|HEAP_ALLOCATE|[EXTERNAL]|Bytes:384
09:54:37.2 (2199856)|HEAP_ALLOCATE|[EXTERNAL]|Bytes:56
09:54:37.2 (2203272)|HEAP_ALLOCATE|[EXTERNAL]|Bytes:114
09:54:37.2 (2221119)|METHOD_ENTRY|[1]|01pB0000000r382|Twitter_Lightning_Controller.Twitter_Lightning_Controller()
09:54:37.2 (2224575)|STATEMENT_EXECUTE|[1]
09:54:37.2 (2230290)|STATEMENT_EXECUTE|[1]
09:54:37.2 (2262157)|HEAP_ALLOCATE|[50]|Bytes:5
09:54:37.2 (2287681)|HEAP_ALLOCATE|[56]|Bytes:5
09:54:37.2 (2298027)|HEAP_ALLOCATE|[64]|Bytes:7
09:54:37.2 (2322142)|SYSTEM_MODE_ENTER|false
09:54:37.2 (2339111)|HEAP_ALLOCATE|[3]|Bytes:5
09:54:37.2 (2343612)|STATEMENT_EXECUTE|[3]
09:54:37.2 (2380181)|VARIABLE_ASSIGNMENT|[3]|Twitter_Lightning_Controller.mapObjectsFields|null|
09:54:37.2 (2387375)|SYSTEM_MODE_EXIT|false
09:54:37.2 (2400359)|METHOD_EXIT|[1]|Twitter_Lightning_Controller
09:54:37.2 (2405718)|HEAP_ALLOCATE|[EXTERNAL]|Bytes:18
09:54:37.2 (2407841)|HEAP_ALLOCATE|[EXTERNAL]|Bytes:29
09:54:37.2 (2409078)|HEAP_ALLOCATE|[EXTERNAL]|Bytes:30
09:54:37.2 (2415259)|SYSTEM_MODE_ENTER|false
09:54:37.2 (2420270)|VARIABLE_SCOPE_BEGIN|[82]|recordID|String|false|false
09:54:37.2 (2430896)|VARIABLE_ASSIGNMENT|[82]|recordID|"003B0000005Qr04IAC"
09:54:37.2 (2433385)|VARIABLE_SCOPE_BEGIN|[82]|objectApiName|String|false|false
09:54:37.2 (2438554)|VARIABLE_ASSIGNMENT|[82]|objectApiName|"testautonumdata__Can (9 more) ..."
09:54:37.2 (2440456)|VARIABLE_SCOPE_BEGIN|[82]|twitterIDFieldApiName|String|false|false
09:54:37.2 (2443836)|VARIABLE_ASSIGNMENT|[82]|twitterIDFieldApiName|"testautonumdata__Twi (10 more) ..."
09:54:37.2 (2445779)|VARIABLE_SCOPE_BEGIN|[82]|firstName|String|false|false
09:54:37.2 (2448061)|VARIABLE_ASSIGNMENT|[82]|firstName|null
09:54:37.2 (2449819)|VARIABLE_SCOPE_BEGIN|[82]|lastName|String|false|false
09:54:37.2 (2451853)|VARIABLE_ASSIGNMENT|[82]|lastName|null
09:54:37.2 (2453704)|VARIABLE_SCOPE_BEGIN|[82]|companyName|String|false|false
09:54:37.2 (2455896)|VARIABLE_ASSIGNMENT|[82]|companyName|null
09:54:37.2 (2457597)|VARIABLE_SCOPE_BEGIN|[82]|email|String|false|false
09:54:37.2 (2459760)|VARIABLE_ASSIGNMENT|[82]|email|null
09:54:37.2 (2472339)|HEAP_ALLOCATE|[84]|Bytes:5
09:54:37.2 (2476719)|STATEMENT_EXECUTE|[82]
09:54:37.2 (2478077)|STATEMENT_EXECUTE|[84]
09:54:37.2 (2484783)|VARIABLE_SCOPE_BEGIN|[84]|hasTwitterMemberID|Boolean|false|false
09:54:37.2 (2488280)|HEAP_ALLOCATE|[84]|Bytes:5
09:54:37.2 (2493280)|VARIABLE_ASSIGNMENT|[84]|hasTwitterMemberID|false
09:54:37.2 (2494996)|STATEMENT_EXECUTE|[85]
09:54:37.2 (2499477)|HEAP_ALLOCATE|[85]|Bytes:64
09:54:37.2 (2515870)|CONSTRUCTOR_ENTRY|[85]|01pB0000000r382|<init>()
09:54:37.2 (2541823)|VARIABLE_SCOPE_BEGIN|[1]|this|testautonumdata.Twitter_Lightning_Controller|true|false
09:54:37.2 (2590513)|VARIABLE_ASSIGNMENT|[1]|this|{}|0x475e5666
09:54:37.2 (2598040)|HEAP_ALLOCATE|[EXTERNAL]|Bytes:5
09:54:37.2 (2606514)|HEAP_ALLOCATE|[EXTERNAL]|Bytes:6
09:54:37.2 (2630998)|STATEMENT_EXECUTE|[1]
09:54:37.2 (2636067)|HEAP_ALLOCATE|[EXTERNAL]|Bytes:5
09:54:37.2 (2638477)|STATEMENT_EXECUTE|[6]
09:54:37.2 (2639888)|STATEMENT_EXECUTE|[8]
09:54:37.2 (2640869)|STATEMENT_EXECUTE|[10]
09:54:37.2 (2641888)|STATEMENT_EXECUTE|[12]
09:54:37.2 (2642842)|STATEMENT_EXECUTE|[14]
09:54:37.2 (2644002)|STATEMENT_EXECUTE|[16]
09:54:37.2 (2644921)|STATEMENT_EXECUTE|[18]
09:54:37.2 (2645802)|STATEMENT_EXECUTE|[20]
09:54:37.2 (2646724)|STATEMENT_EXECUTE|[22]
09:54:37.2 (2647598)|STATEMENT_EXECUTE|[24]
09:54:37.2 (2648475)|STATEMENT_EXECUTE|[26]
09:54:37.2 (2649409)|STATEMENT_EXECUTE|[28]
09:54:37.2 (2650384)|STATEMENT_EXECUTE|[30]
09:54:37.2 (2651264)|STATEMENT_EXECUTE|[32]
09:54:37.2 (2652141)|STATEMENT_EXECUTE|[34]
09:54:37.2 (2660273)|CONSTRUCTOR_EXIT|[85]|01pB0000000r382|<init>()
09:54:37.2 (2664150)|VARIABLE_SCOPE_BEGIN|[85]|returnRec|testautonumdata.Twitter_Lightning_Controller|true|false
09:54:37.2 (2691956)|VARIABLE_ASSIGNMENT|[85]|returnRec|{}|0x475e5666
09:54:37.2 (2694445)|STATEMENT_EXECUTE|[88]
09:54:37.2 (2699131)|HEAP_ALLOCATE|[88]|Bytes:4
09:54:37.2 (2730629)|VARIABLE_ASSIGNMENT|[88]|Twitter_Lightning_Controller.mapObjectsFields|{"s":1,"v":{}}|0x25ff2bb3
09:54:37.2 (2750935)|ENTERING_MANAGED_PKG|
09:54:37.2 (2789463)|STATEMENT_EXECUTE|[91]
09:54:37.2 (2791406)|STATEMENT_EXECUTE|[92]
09:54:37.2 (2795410)|HEAP_ALLOCATE|[92]|Bytes:9
09:54:37.2 (2800223)|VARIABLE_SCOPE_BEGIN|[92]|soql|String|false|false
09:54:37.2 (2807493)|VARIABLE_ASSIGNMENT|[92]|soql|"Select id"
09:54:37.2 (2809184)|STATEMENT_EXECUTE|[93]
09:54:37.2 (2811067)|HEAP_ALLOCATE|[93]|Bytes:2
09:54:37.2 (2925849)|HEAP_ALLOCATE|[93]|Bytes:19
09:54:37.2 (2932801)|HEAP_ALLOCATE|[93]|Bytes:28
09:54:37.2 (2943800)|METHOD_ENTRY|[1]|01pB0000000ljzx|Sparkle_Helper.Sparkle_Helper()
09:54:37.2 (2946163)|STATEMENT_EXECUTE|[1]
09:54:37.2 (2949278)|STATEMENT_EXECUTE|[1]
09:54:37.2 (2955364)|HEAP_ALLOCATE|[93]|Bytes:5
09:54:37.2 (2965551)|METHOD_EXIT|[1]|Sparkle_Helper
09:54:37.2 (2978936)|METHOD_ENTRY|[93]|01pB0000000ljzx|testautonumdata.Sparkle_Helper.AddFieldToObjectsMap(String, String, Map<String,Set<String>>)
09:54:37.2 (3006244)|VARIABLE_SCOPE_BEGIN|[107]|fieldName|String|false|false
09:54:37.2 (3013856)|VARIABLE_ASSIGNMENT|[107]|fieldName|"Id"
09:54:37.2 (3016007)|VARIABLE_SCOPE_BEGIN|[107]|initialObjectName|String|false|false
09:54:37.2 (3020566)|VARIABLE_ASSIGNMENT|[107]|initialObjectName|"testautonumdata__Can (9 more) ..."
09:54:37.2 (3022384)|VARIABLE_SCOPE_BEGIN|[107]|theMap|Map<String,Set<String>>|true|false
09:54:37.2 (3032043)|VARIABLE_ASSIGNMENT|[107]|theMap|{"s":1,"v":{}}|0x25ff2bb3
09:54:37.2 (3040484)|HEAP_ALLOCATE|[109]|Bytes:5
09:54:37.2 (3045285)|STATEMENT_EXECUTE|[108]
09:54:37.2 (3048369)|HEAP_ALLOCATE|[109]|Bytes:1
09:54:37.2 (3065316)|ENTERING_MANAGED_PKG|
09:54:37.2 (3093813)|STATEMENT_EXECUTE|[150]
09:54:37.2 (3104898)|METHOD_ENTRY|[150]|01pB0000000ljzx|testautonumdata.Sparkle_Helper.AddFieldToMap(String, String, Map<String,Set<String>>)
09:54:37.2 (3118577)|VARIABLE_SCOPE_BEGIN|[157]|fieldName|String|false|false
09:54:37.2 (3124263)|VARIABLE_ASSIGNMENT|[157]|fieldName|"Id"
09:54:37.2 (3126093)|VARIABLE_SCOPE_BEGIN|[157]|ObjectName|String|false|false
09:54:37.2 (3130080)|VARIABLE_ASSIGNMENT|[157]|ObjectName|"testautonumdata__Can (9 more) ..."
09:54:37.2 (3131843)|VARIABLE_SCOPE_BEGIN|[157]|theMap|Map<String,Set<String>>|true|false
09:54:37.2 (3140464)|VARIABLE_ASSIGNMENT|[157]|theMap|{"s":1,"v":{}}|0x25ff2bb3
09:54:37.2 (3148265)|HEAP_ALLOCATE|[160]|Bytes:5
09:54:37.2 (3152308)|STATEMENT_EXECUTE|[158]
09:54:37.2 (3161867)|ENTERING_MANAGED_PKG|
09:54:37.2 (3190656)|STATEMENT_EXECUTE|[167]
09:54:37.2 (3192662)|STATEMENT_EXECUTE|[168]
09:54:37.2 (3229908)|HEAP_ALLOCATE|[168]|Bytes:4
09:54:37.2 (3246100)|ENTERING_MANAGED_PKG|
09:54:37.2 (3267376)|VARIABLE_SCOPE_BEGIN|[168]|newFieldSet|Set<String>|true|false
09:54:37.2 (3306789)|VARIABLE_ASSIGNMENT|[168]|newFieldSet|{"s":1,"v":[]}|0x2c54e22a
09:54:37.2 (3310709)|STATEMENT_EXECUTE|[169]
09:54:37.2 (3321108)|ENTERING_MANAGED_PKG|
09:54:37.2 (3346096)|HEAP_ALLOCATE|[EXTERNAL]|Bytes:4
09:54:37.2 (3354885)|STATEMENT_EXECUTE|[170]
09:54:37.2 (3362649)|ENTERING_MANAGED_PKG|
09:54:37.2 (3390292)|HEAP_ALLOCATE|[EXTERNAL]|Bytes:-4
09:54:37.2 (3403908)|METHOD_EXIT|[150]|01pB0000000ljzx|testautonumdata.Sparkle_Helper.AddFieldToMap(String, String, Map<String,Set<String>>)
09:54:37.2 (3410731)|METHOD_EXIT|[93]|01pB0000000ljzx|testautonumdata.Sparkle_Helper.AddFieldToObjectsMap(String, String, Map<String,Set<String>>)
09:54:37.2 (3414781)|STATEMENT_EXECUTE|[95]
09:54:37.2 (3416310)|STATEMENT_EXECUTE|[96]
09:54:37.2 (3420093)|HEAP_ALLOCATE|[96]|Bytes:2
09:54:37.2 (3435781)|ENTERING_MANAGED_PKG|
09:54:37.2 (3454249)|HEAP_ALLOCATE|[96]|Bytes:30
09:54:37.2 (3470115)|HEAP_ALLOCATE|[96]|Bytes:32
09:54:37.2 (3474342)|HEAP_ALLOCATE|[96]|Bytes:41
09:54:37.2 (3483381)|VARIABLE_ASSIGNMENT|[96]|soql|"Select id, testauton (21 more) ..."
09:54:37.2 (3486156)|STATEMENT_EXECUTE|[97]
09:54:37.2 (3494087)|METHOD_ENTRY|[97]|01pB0000000ljzx|testautonumdata.Sparkle_Helper.AddFieldToObjectsMap(String, String, Map<String,Set<String>>)
09:54:37.2 (3506129)|VARIABLE_SCOPE_BEGIN|[107]|fieldName|String|false|false
09:54:37.2 (3511907)|VARIABLE_ASSIGNMENT|[107]|fieldName|"testautonumdata__Twi (10 more) ..."
09:54:37.2 (3513984)|VARIABLE_SCOPE_BEGIN|[107]|initialObjectName|String|false|false
09:54:37.2 (3517397)|VARIABLE_ASSIGNMENT|[107]|initialObjectName|"testautonumdata__Can (9 more) ..."
09:54:37.2 (3518998)|VARIABLE_SCOPE_BEGIN|[107]|theMap|Map<String,Set<String>>|true|false
09:54:37.2 (3535494)|VARIABLE_ASSIGNMENT|[107]|theMap|{"s":1,"v":{"testautonumdata__Can (9 more) ...":{"s":2,"v":["Id"]}}}|0x25ff2bb3
09:54:37.2 (3544188)|HEAP_ALLOCATE|[109]|Bytes:5
09:54:37.2 (3548104)|STATEMENT_EXECUTE|[108]
09:54:37.2 (3560263)|ENTERING_MANAGED_PKG|
09:54:37.2 (3568415)|STATEMENT_EXECUTE|[150]
09:54:37.2 (3574398)|METHOD_ENTRY|[150]|01pB0000000ljzx|testautonumdata.Sparkle_Helper.AddFieldToMap(String, String, Map<String,Set<String>>)
09:54:37.2 (3577801)|VARIABLE_SCOPE_BEGIN|[157]|fieldName|String|false|false
09:54:37.2 (3583738)|VARIABLE_ASSIGNMENT|[157]|fieldName|"testautonumdata__Twi (10 more) ..."
09:54:37.2 (3585367)|VARIABLE_SCOPE_BEGIN|[157]|ObjectName|String|false|false
09:54:37.2 (3588704)|VARIABLE_ASSIGNMENT|[157]|ObjectName|"testautonumdata__Can (9 more) ..."
09:54:37.2 (3590194)|VARIABLE_SCOPE_BEGIN|[157]|theMap|Map<String,Set<String>>|true|false
09:54:37.2 (3604460)|VARIABLE_ASSIGNMENT|[157]|theMap|{"s":1,"v":{"testautonumdata__Can (9 more) ...":{"s":2,"v":["Id"]}}}|0x25ff2bb3
09:54:37.2 (3611997)|HEAP_ALLOCATE|[160]|Bytes:5
09:54:37.2 (3615630)|STATEMENT_EXECUTE|[158]
09:54:37.2 (3621755)|ENTERING_MANAGED_PKG|
09:54:37.2 (3628152)|STATEMENT_EXECUTE|[161]
09:54:37.2 (3629520)|STATEMENT_EXECUTE|[162]
09:54:37.2 (3634997)|ENTERING_MANAGED_PKG|
09:54:37.2 (3665663)|VARIABLE_SCOPE_BEGIN|[162]|existingFieldSet|Set<String>|true|false
09:54:37.2 (3679432)|VARIABLE_ASSIGNMENT|[162]|existingFieldSet|{"s":1,"v":["Id"]}|0x2c54e22a
09:54:37.2 (3683003)|STATEMENT_EXECUTE|[163]
09:54:37.2 (3689893)|ENTERING_MANAGED_PKG|
09:54:37.2 (3710995)|HEAP_ALLOCATE|[EXTERNAL]|Bytes:4
09:54:37.2 (3719296)|STATEMENT_EXECUTE|[164]
09:54:37.2 (3725956)|ENTERING_MANAGED_PKG|
09:54:37.2 (3761414)|METHOD_EXIT|[150]|01pB0000000ljzx|testautonumdata.Sparkle_Helper.AddFieldToMap(String, String, Map<String,Set<String>>)
09:54:37.2 (3768265)|METHOD_EXIT|[97]|01pB0000000ljzx|testautonumdata.Sparkle_Helper.AddFieldToObjectsMap(String, String, Map<String,Set<String>>)
09:54:37.2 (3772096)|STATEMENT_EXECUTE|[100]
09:54:37.2 (3773946)|STATEMENT_EXECUTE|[105]
09:54:37.2 (3775603)|STATEMENT_EXECUTE|[110]
09:54:37.2 (3776978)|STATEMENT_EXECUTE|[115]
09:54:37.2 (3777959)|STATEMENT_EXECUTE|[121]
09:54:37.2 (3781744)|HEAP_ALLOCATE|[121]|Bytes:6
09:54:37.2 (3794327)|ENTERING_MANAGED_PKG|
09:54:37.2 (3811058)|HEAP_ALLOCATE|[121]|Bytes:29
09:54:37.2 (3823688)|HEAP_ALLOCATE|[121]|Bytes:35
09:54:37.2 (3827436)|HEAP_ALLOCATE|[121]|Bytes:76
09:54:37.2 (3835979)|VARIABLE_ASSIGNMENT|[121]|soql|"Select id, testauton (56 more) ..."
09:54:37.2 (3838713)|STATEMENT_EXECUTE|[123]
09:54:37.2 (3841565)|HEAP_ALLOCATE|[123]|Bytes:12
09:54:37.2 (3851129)|ENTERING_MANAGED_PKG|
09:54:37.2 (3865322)|HEAP_ALLOCATE|[123]|Bytes:18
09:54:37.2 (3875343)|HEAP_ALLOCATE|[123]|Bytes:1
09:54:37.2 (3882603)|HEAP_ALLOCATE|[123]|Bytes:31
09:54:37.2 (3886767)|HEAP_ALLOCATE|[123]|Bytes:107
09:54:37.2 (3894804)|VARIABLE_ASSIGNMENT|[123]|soql|"Select id, testauton (87 more) ..."
09:54:37.2 (3897600)|STATEMENT_EXECUTE|[126]
09:54:37.2 (3900264)|HEAP_ALLOCATE|[126]|Bytes:8
09:54:37.2 (3904312)|HEAP_ALLOCATE|[126]|Bytes:115
09:54:37.2 (3909742)|VARIABLE_ASSIGNMENT|[126]|soql|"Select id, testauton (95 more) ..."
09:54:37.2 (3911687)|STATEMENT_EXECUTE|[128]
09:54:37.2 (3914217)|HEAP_ALLOCATE|[128]|Bytes:15
09:54:37.2 (3918064)|HEAP_ALLOCATE|[128]|Bytes:130
09:54:37.2 (3936345)|ENTERING_MANAGED_PKG|
09:54:37.2 (3961843)|USER_DEBUG|[128]|DEBUG|######## soql: Select id, testautonumdata__Twitter_ID__c FROM testautonumdata__Candidate__c WHERE id ='003B0000005Qr04IAC' limit 1
09:54:37.2 (3977680)|METHOD_ENTRY|[132]|01pB0000000ljzx|testautonumdata.Sparkle_Helper.UserHasAccessToObjectsAndFields(Map<String,Set<String>>)
09:54:37.2 (3997004)|VARIABLE_SCOPE_BEGIN|[175]|theMap|Map<String,Set<String>>|true|false
09:54:37.2 (4017423)|VARIABLE_ASSIGNMENT|[175]|theMap|{"s":1,"v":{"testautonumdata__Can (9 more) ...":{"s":2,"v":["Id","testautonumdata__Twi (10 more) ..."]}}}|0x25ff2bb3
09:54:37.2 (4028476)|HEAP_ALLOCATE|[177]|Bytes:5
09:54:37.2 (4033006)|STATEMENT_EXECUTE|[176]
09:54:37.2 (4034204)|STATEMENT_EXECUTE|[177]
09:54:37.2 (4038429)|VARIABLE_SCOPE_BEGIN|[177]|hasAccess|Boolean|false|false
09:54:37.2 (4041594)|HEAP_ALLOCATE|[177]|Bytes:5
09:54:37.2 (4046232)|VARIABLE_ASSIGNMENT|[177]|hasAccess|true
09:54:37.2 (4054374)|ENTERING_MANAGED_PKG|
09:54:37.2 (4076551)|STATEMENT_EXECUTE|[180]
09:54:37.2 (4078844)|STATEMENT_EXECUTE|[181]
09:54:37.2 (4082213)|HEAP_ALLOCATE|[181]|Bytes:17
09:54:37.2 (4098524)|ENTERING_MANAGED_PKG|
09:54:37.2 (4128915)|HEAP_ALLOCATE|[181]|Bytes:68
09:54:37.2 (4141456)|HEAP_ALLOCATE|[181]|Bytes:85
09:54:37.2 (4149527)|ENTERING_MANAGED_PKG|
09:54:37.2 (4155992)|USER_DEBUG|[181]|DEBUG|######## theMap: {testautonumdata__Candidate__c={Id, testautonumdata__Twitter_ID__c}}
09:54:37.2 (4169432)|HEAP_ALLOCATE|[182]|Bytes:4
09:54:37.2 (4181393)|ENTERING_MANAGED_PKG|
09:54:37.2 (4199975)|ENTERING_MANAGED_PKG|
09:54:37.2 (4214093)|HEAP_ALLOCATE|[182]|Bytes:37
09:54:37.2 (4225845)|ENTERING_MANAGED_PKG|
09:54:37.2 (4231474)|HEAP_ALLOCATE|[182]|Bytes:4
09:54:37.2 (4238446)|ENTERING_MANAGED_PKG|
09:54:37.2 (4294287)|HEAP_ALLOCATE|[182]|Bytes:5
09:54:37.2 (4311365)|VARIABLE_SCOPE_BEGIN|[182]|objectName|String|false|false
09:54:37.2 (4320097)|VARIABLE_ASSIGNMENT|[182]|objectName|"testautonumdata__Can (9 more) ..."
09:54:37.2 (4323884)|STATEMENT_EXECUTE|[183]
09:54:37.2 (4325137)|STATEMENT_EXECUTE|[184]
09:54:37.2 (4328762)|HEAP_ALLOCATE|[184]|Bytes:21
09:54:37.2 (4334803)|HEAP_ALLOCATE|[184]|Bytes:50
09:54:37.2 (4343289)|ENTERING_MANAGED_PKG|
09:54:37.2 (4361258)|USER_DEBUG|[184]|DEBUG|######## objectName: testautonumdata__Candidate__c
09:54:37.2 (4367913)|STATEMENT_EXECUTE|[185]
09:54:37.2 (4379954)|ENTERING_MANAGED_PKG|
09:54:37.2 (17972899)|HEAP_ALLOCATE|[185]|Bytes:1648
09:54:37.2 (18005013)|ENTERING_MANAGED_PKG|
09:54:37.2 (18148888)|HEAP_ALLOCATE|[185]|Bytes:4
09:54:37.2 (18160448)|VARIABLE_SCOPE_BEGIN|[185]|sObj|SObject|true|false
09:54:37.2 (18182132)|VARIABLE_ASSIGNMENT|[185]|sObj|{}|0x3d7676b9
09:54:37.2 (18187045)|STATEMENT_EXECUTE|[186]
09:54:37.2 (18219399)|ENTERING_MANAGED_PKG|
09:54:37.2 (18565975)|HEAP_ALLOCATE|[186]|Bytes:4
09:54:37.2 (19227315)|HEAP_ALLOCATE|[186]|Bytes:140
09:54:37.2 (19239004)|VARIABLE_SCOPE_BEGIN|[186]|m|Map<String,Schema.SObjectField>|true|false
09:54:37.2 (19510274)|VARIABLE_ASSIGNMENT|[186]|m|"{createdbyid=CreatedById, createddate=CreatedDate, id=Id, isdeleted=IsDeleted, lastactivitydate=LastActivityDate, lastmodifiedbyid=LastModifiedById, lastmodifieddate=LastModifiedDate, lastreferenceddate=LastReferencedDate, lastvieweddate=LastViewedDate, name=Name, ...}"|0x5400c0af
09:54:37.2 (19517079)|STATEMENT_EXECUTE|[187]
09:54:37.2 (19528233)|ENTERING_MANAGED_PKG|
09:54:37.2 (19564611)|VARIABLE_SCOPE_BEGIN|[187]|objectFieldSet|Set<String>|true|false
09:54:37.2 (19589476)|VARIABLE_ASSIGNMENT|[187]|objectFieldSet|{"s":1,"v":["Id","testautonumdata__Twi (10 more) ..."]}|0x2c54e22a
09:54:37.2 (19598119)|HEAP_ALLOCATE|[189]|Bytes:4
09:54:37.2 (19609745)|ENTERING_MANAGED_PKG|
09:54:37.2 (19632725)|ENTERING_MANAGED_PKG|
09:54:37.2 (19638364)|HEAP_ALLOCATE|[189]|Bytes:8
09:54:37.2 (19646170)|ENTERING_MANAGED_PKG|
09:54:37.2 (19665315)|HEAP_ALLOCATE|[189]|Bytes:5
09:54:37.2 (19680011)|VARIABLE_SCOPE_BEGIN|[189]|fieldToCheck|String|false|false
09:54:37.2 (19687404)|VARIABLE_ASSIGNMENT|[189]|fieldToCheck|"Id"
09:54:37.2 (19691083)|STATEMENT_EXECUTE|[189]
09:54:37.2 (19692312)|STATEMENT_EXECUTE|[190]
09:54:37.2 (19696219)|HEAP_ALLOCATE|[190]|Bytes:23
09:54:37.2 (19704247)|HEAP_ALLOCATE|[190]|Bytes:25
09:54:37.2 (19714690)|ENTERING_MANAGED_PKG|
09:54:37.2 (19737400)|USER_DEBUG|[190]|DEBUG|######## fieldToCheck: Id
09:54:37.2 (19751978)|ENTERING_MANAGED_PKG|
09:54:37.2 (20036172)|HEAP_ALLOCATE|[192]|Bytes:8
09:54:37.2 (20063649)|STATEMENT_EXECUTE|[192]
09:54:37.2 (20066413)|STATEMENT_EXECUTE|[199]
09:54:37.2 (20069817)|HEAP_ALLOCATE|[199]|Bytes:35
09:54:37.2 (20080022)|HEAP_ALLOCATE|[199]|Bytes:37
09:54:37.2 (20088931)|ENTERING_MANAGED_PKG|
09:54:37.2 (20107039)|USER_DEBUG|[199]|DEBUG|######## User has access to field: Id
09:54:37.2 (20122212)|HEAP_ALLOCATE|[189]|Bytes:5
09:54:37.2 (20134113)|VARIABLE_SCOPE_BEGIN|[189]|fieldToCheck|String|false|false
09:54:37.2 (20143050)|VARIABLE_ASSIGNMENT|[189]|fieldToCheck|"testautonumdata__Twi (10 more) ..."
09:54:37.2 (20146325)|STATEMENT_EXECUTE|[189]
09:54:37.2 (20147470)|STATEMENT_EXECUTE|[190]
09:54:37.2 (20152982)|HEAP_ALLOCATE|[190]|Bytes:53
09:54:37.2 (20159847)|ENTERING_MANAGED_PKG|
09:54:37.2 (20165750)|USER_DEBUG|[190]|DEBUG|######## fieldToCheck: testautonumdata__Twitter_ID__c
09:54:37.2 (20173653)|ENTERING_MANAGED_PKG|
09:54:37.2 (20602806)|HEAP_ALLOCATE|[192]|Bytes:8
09:54:37.2 (20617458)|STATEMENT_EXECUTE|[192]
09:54:37.2 (20619454)|STATEMENT_EXECUTE|[199]
09:54:37.2 (20625061)|HEAP_ALLOCATE|[199]|Bytes:65
09:54:37.2 (20632203)|ENTERING_MANAGED_PKG|
09:54:37.2 (20639217)|USER_DEBUG|[199]|DEBUG|######## User has access to field: testautonumdata__Twitter_ID__c
09:54:37.2 (20652440)|HEAP_ALLOCATE|[189]|Bytes:5
09:54:37.2 (20664725)|VARIABLE_ASSIGNMENT|[189]|fieldToCheck|null
09:54:37.2 (20673121)|HEAP_ALLOCATE|[182]|Bytes:5
09:54:37.2 (20681529)|VARIABLE_ASSIGNMENT|[182]|objectName|null
09:54:37.2 (20685464)|STATEMENT_EXECUTE|[206]
09:54:37.2 (20688474)|HEAP_ALLOCATE|[206]|Bytes:5
09:54:37.2 (20699836)|METHOD_EXIT|[132]|01pB0000000ljzx|testautonumdata.Sparkle_Helper.UserHasAccessToObjectsAndFields(Map<String,Set<String>>)
09:54:37.2 (20704299)|STATEMENT_EXECUTE|[133]
09:54:37.2 (20705596)|STATEMENT_EXECUTE|[135]
09:54:37.2 (20723298)|ENTERING_MANAGED_PKG|
09:54:37.2 (20751228)|HEAP_ALLOCATE|[135]|Bytes:5
09:54:37.2 (20938479)|SOQL_EXECUTE_BEGIN|[135]|Aggregations:0|Select id, testautonumdata__Twitter_ID__c FROM testautonumdata__Candidate__c WHERE id ='003B0000005Qr04IAC' limit 1
09:54:37.2 (23661777)|SOQL_EXECUTE_END|[135]|Rows:0
09:54:37.2 (23693981)|HEAP_ALLOCATE|[135]|Bytes:4
09:54:37.2 (23710158)|HEAP_ALLOCATE|[135]|Bytes:0
09:54:37.2 (23762451)|HEAP_ALLOCATE|[135]|Bytes:4
09:54:37.2 (23777117)|VARIABLE_SCOPE_BEGIN|[135]|lstQueriedRecords|List<SObject>|true|false
09:54:37.2 (23794913)|VARIABLE_ASSIGNMENT|[135]|lstQueriedRecords|{"s":1,"v":[]}|0x3e756126
09:54:37.2 (23864971)|ENTERING_MANAGED_PKG|
09:54:37.2 (23890461)|STATEMENT_EXECUTE|[136]
09:54:37.2 (23893648)|STATEMENT_EXECUTE|[177]
09:54:37.2 (23907839)|SYSTEM_MODE_EXIT|false
09:54:37.23 (23959330)|CUMULATIVE_LIMIT_USAGE
09:54:37.23 (23959330)|LIMIT_USAGE_FOR_NS|(default)|
  Number of SOQL queries: 0 out of 100
  Number of query rows: 0 out of 50000
  Number of SOSL queries: 0 out of 20
  Number of DML statements: 0 out of 150
  Number of DML rows: 0 out of 10000
  Maximum CPU time: 0 out of 10000
  Maximum heap size: 0 out of 6000000
  Number of callouts: 0 out of 100
  Number of Email Invocations: 0 out of 10
  Number of future calls: 0 out of 50
  Number of queueable jobs added to the queue: 0 out of 50
  Number of Mobile Apex push calls: 0 out of 10

09:54:37.23 (23959330)|LIMIT_USAGE_FOR_NS|testautonumdata|
  Number of SOQL queries: 1 out of 100
  Number of query rows: 0 out of 50000
  Number of SOSL queries: 0 out of 20
  Number of DML statements: 0 out of 150
  Number of DML rows: 0 out of 10000
  Maximum CPU time: 0 out of 10000
  Maximum heap size: 0 out of 6000000
  Number of callouts: 0 out of 100
  Number of Email Invocations: 0 out of 10
  Number of future calls: 0 out of 50
  Number of queueable jobs added to the queue: 0 out of 50
  Number of Mobile Apex push calls: 0 out of 10

09:54:37.23 (23959330)|CUMULATIVE_LIMIT_USAGE_END

09:54:37.25 (25880122)|CODE_UNIT_STARTED|[EXTERNAL]|Aura
09:54:37.86 (86224820)|CODE_UNIT_STARTED|[EXTERNAL]|01pB0000000lc8w|RelatedListServerController.getListRecords
09:54:37.86 (86311336)|VARIABLE_SCOPE_BEGIN|[3]|RelatedListServerController.mapObjectsFields|Map<String,Set<String>>|true|true
09:54:37.86 (86329773)|HEAP_ALLOCATE|[EXTERNAL]|Bytes:220
09:54:37.86 (86346251)|HEAP_ALLOCATE|[EXTERNAL]|Bytes:21
09:54:37.86 (86354253)|HEAP_ALLOCATE|[EXTERNAL]|Bytes:22
09:54:37.86 (86381066)|METHOD_ENTRY|[1]|01pB0000000lc8w|RelatedListServerController.RelatedListServerController()
09:54:37.86 (86386765)|STATEMENT_EXECUTE|[1]
09:54:37.86 (86396977)|STATEMENT_EXECUTE|[1]
09:54:37.86 (86410026)|SYSTEM_MODE_ENTER|false
09:54:37.86 (86421732)|HEAP_ALLOCATE|[3]|Bytes:5
09:54:37.86 (86428171)|STATEMENT_EXECUTE|[3]
09:54:37.86 (86475793)|VARIABLE_ASSIGNMENT|[3]|RelatedListServerController.mapObjectsFields|null|
09:54:37.86 (86487780)|SYSTEM_MODE_EXIT|false
09:54:37.86 (86507862)|METHOD_EXIT|[1]|RelatedListServerController
09:54:37.86 (86516841)|HEAP_ALLOCATE|[EXTERNAL]|Bytes:1
09:54:37.86 (86521048)|HEAP_ALLOCATE|[EXTERNAL]|Bytes:18
09:54:37.86 (86523638)|HEAP_ALLOCATE|[EXTERNAL]|Bytes:28
09:54:37.86 (86525866)|HEAP_ALLOCATE|[EXTERNAL]|Bytes:29
09:54:37.86 (86528331)|HEAP_ALLOCATE|[EXTERNAL]|Bytes:7
09:54:37.86 (86531037)|HEAP_ALLOCATE|[EXTERNAL]|Bytes:5
09:54:37.86 (86533260)|HEAP_ALLOCATE|[EXTERNAL]|Bytes:11
09:54:37.86 (86543471)|SYSTEM_MODE_ENTER|false
09:54:37.86 (86552310)|VARIABLE_SCOPE_BEGIN|[22]|rowsLimit|String|false|false
09:54:37.86 (86564627)|VARIABLE_ASSIGNMENT|[22]|rowsLimit|"8"
09:54:37.86 (86568998)|VARIABLE_SCOPE_BEGIN|[22]|recordId|String|false|false
09:54:37.86 (86575717)|VARIABLE_ASSIGNMENT|[22]|recordId|"003B0000005Qr04IAC"
09:54:37.86 (86578958)|VARIABLE_SCOPE_BEGIN|[22]|objectApiName|String|false|false
09:54:37.86 (86587219)|VARIABLE_ASSIGNMENT|[22]|objectApiName|"testautonumdata__Ref (8 more) ..."
09:54:37.86 (86590779)|VARIABLE_SCOPE_BEGIN|[22]|ParentObjectFieldName|String|false|false
09:54:37.86 (86597959)|VARIABLE_ASSIGNMENT|[22]|ParentObjectFieldName|"testautonumdata__Can (9 more) ..."
09:54:37.86 (86601655)|VARIABLE_SCOPE_BEGIN|[22]|filter1Field|String|false|false
09:54:37.86 (86607293)|VARIABLE_ASSIGNMENT|[22]|filter1Field|null
09:54:37.86 (86610558)|VARIABLE_SCOPE_BEGIN|[22]|filter1Value|String|false|false
09:54:37.86 (86615277)|VARIABLE_ASSIGNMENT|[22]|filter1Value|null
09:54:37.86 (86618515)|VARIABLE_SCOPE_BEGIN|[22]|column1|String|false|false
09:54:37.86 (86624056)|VARIABLE_ASSIGNMENT|[22]|column1|"OwnerId"
09:54:37.86 (86627121)|VARIABLE_SCOPE_BEGIN|[22]|RelFieldWithName|String|false|false
09:54:37.86 (86631909)|VARIABLE_ASSIGNMENT|[22]|RelFieldWithName|"Owner"
09:54:37.86 (86635027)|VARIABLE_SCOPE_BEGIN|[22]|column2|String|false|false
09:54:37.86 (86640324)|VARIABLE_ASSIGNMENT|[22]|column2|"createddate"
09:54:37.86 (86654805)|HEAP_ALLOCATE|[24]|Bytes:5
09:54:37.86 (86662391)|STATEMENT_EXECUTE|[22]
09:54:37.86 (86664652)|STATEMENT_EXECUTE|[24]
09:54:37.86 (86669905)|HEAP_ALLOCATE|[24]|Bytes:20
09:54:37.86 (86683176)|HEAP_ALLOCATE|[24]|Bytes:21
09:54:37.86 (86705274)|ENTERING_MANAGED_PKG|
09:54:37.86 (86750144)|USER_DEBUG|[24]|DEBUG|######## rowsLimit: 8
09:54:37.86 (86765665)|STATEMENT_EXECUTE|[25]
09:54:37.86 (86772498)|HEAP_ALLOCATE|[25]|Bytes:24
09:54:37.86 (86783357)|HEAP_ALLOCATE|[25]|Bytes:52
09:54:37.86 (86797981)|ENTERING_MANAGED_PKG|
09:54:37.86 (86823943)|USER_DEBUG|[25]|DEBUG|######## objectApiName: testautonumdata__Referral__c
09:54:37.86 (86837029)|STATEMENT_EXECUTE|[28]
09:54:37.86 (86844992)|HEAP_ALLOCATE|[28]|Bytes:4
09:54:37.86 (86885528)|VARIABLE_ASSIGNMENT|[28]|RelatedListServerController.mapObjectsFields|{"s":1,"v":{}}|0x151f44ff
09:54:37.86 (86892303)|STATEMENT_EXECUTE|[30]
09:54:37.86 (86914302)|METHOD_ENTRY|[30]|01pB0000000ljzx|testautonumdata.Sparkle_Helper.AddFieldToObjectsMap(String, String, Map<String,Set<String>>)
09:54:37.86 (86940829)|VARIABLE_SCOPE_BEGIN|[107]|fieldName|String|false|false
09:54:37.86 (86950586)|VARIABLE_ASSIGNMENT|[107]|fieldName|"Id"
09:54:37.86 (86954143)|VARIABLE_SCOPE_BEGIN|[107]|initialObjectName|String|false|false
09:54:37.86 (86961091)|VARIABLE_ASSIGNMENT|[107]|initialObjectName|"testautonumdata__Ref (8 more) ..."
09:54:37.86 (86964382)|VARIABLE_SCOPE_BEGIN|[107]|theMap|Map<String,Set<String>>|true|false
09:54:37.86 (86978328)|VARIABLE_ASSIGNMENT|[107]|theMap|{"s":1,"v":{}}|0x151f44ff
09:54:37.86 (86990687)|HEAP_ALLOCATE|[109]|Bytes:5
09:54:37.86 (86998092)|STATEMENT_EXECUTE|[108]
09:54:37.86 (87017689)|ENTERING_MANAGED_PKG|
09:54:37.86 (87036271)|STATEMENT_EXECUTE|[150]
09:54:37.86 (87049603)|METHOD_ENTRY|[150]|01pB0000000ljzx|testautonumdata.Sparkle_Helper.AddFieldToMap(String, String, Map<String,Set<String>>)
09:54:37.86 (87058355)|VARIABLE_SCOPE_BEGIN|[157]|fieldName|String|false|false
09:54:37.86 (87066374)|VARIABLE_ASSIGNMENT|[157]|fieldName|"Id"
09:54:37.86 (87069489)|VARIABLE_SCOPE_BEGIN|[157]|ObjectName|String|false|false
09:54:37.86 (87076399)|VARIABLE_ASSIGNMENT|[157]|ObjectName|"testautonumdata__Ref (8 more) ..."
09:54:37.86 (87080059)|VARIABLE_SCOPE_BEGIN|[157]|theMap|Map<String,Set<String>>|true|false
09:54:37.86 (87093576)|VARIABLE_ASSIGNMENT|[157]|theMap|{"s":1,"v":{}}|0x151f44ff
09:54:37.86 (87105772)|HEAP_ALLOCATE|[160]|Bytes:5
09:54:37.86 (87113012)|STATEMENT_EXECUTE|[158]
09:54:37.86 (87124547)|ENTERING_MANAGED_PKG|
09:54:37.86 (87137621)|STATEMENT_EXECUTE|[167]
09:54:37.86 (87140339)|STATEMENT_EXECUTE|[168]
09:54:37.86 (87146489)|HEAP_ALLOCATE|[168]|Bytes:4
09:54:37.86 (87163397)|ENTERING_MANAGED_PKG|
09:54:37.86 (87178061)|VARIABLE_SCOPE_BEGIN|[168]|newFieldSet|Set<String>|true|false
09:54:37.86 (87216523)|VARIABLE_ASSIGNMENT|[168]|newFieldSet|{"s":1,"v":[]}|0x7e595825
09:54:37.86 (87223102)|STATEMENT_EXECUTE|[169]
09:54:37.86 (87235078)|ENTERING_MANAGED_PKG|
09:54:37.86 (87245725)|HEAP_ALLOCATE|[EXTERNAL]|Bytes:4
09:54:37.86 (87257681)|STATEMENT_EXECUTE|[170]
09:54:37.86 (87266921)|ENTERING_MANAGED_PKG|
09:54:37.86 (87281755)|HEAP_ALLOCATE|[EXTERNAL]|Bytes:-4
09:54:37.86 (87301345)|METHOD_EXIT|[150]|01pB0000000ljzx|testautonumdata.Sparkle_Helper.AddFieldToMap(String, String, Map<String,Set<String>>)
09:54:37.86 (87312048)|METHOD_EXIT|[30]|01pB0000000ljzx|testautonumdata.Sparkle_Helper.AddFieldToObjectsMap(String, String, Map<String,Set<String>>)
09:54:37.86 (87317474)|STATEMENT_EXECUTE|[34]
09:54:37.86 (87349411)|HEAP_ALLOCATE|[34]|Bytes:4
09:54:37.86 (87421975)|ENTERING_MANAGED_PKG|
09:54:37.86 (87459378)|VARIABLE_SCOPE_BEGIN|[34]|lstReturnRecords|List<testautonumdata.RelatedListServerController>|true|false
09:54:37.86 (87489922)|HEAP_ALLOCATE|[EXTERNAL]|Bytes:4
09:54:37.86 (87510384)|VARIABLE_ASSIGNMENT|[34]|lstReturnRecords|{"s":1,"v":[]}|0x68137c78
09:54:37.86 (87517467)|STATEMENT_EXECUTE|[37]
09:54:37.86 (87519868)|STATEMENT_EXECUTE|[38]
09:54:37.86 (87525983)|HEAP_ALLOCATE|[38]|Bytes:5
09:54:37.86 (87537788)|HEAP_ALLOCATE|[38]|Bytes:10
09:54:37.86 (87546137)|VARIABLE_SCOPE_BEGIN|[38]|fullUserRelationship|String|false|false
09:54:37.86 (87558163)|VARIABLE_ASSIGNMENT|[38]|fullUserRelationship|"Owner.Name"
09:54:37.86 (87562820)|STATEMENT_EXECUTE|[39]
09:54:37.86 (87568851)|VARIABLE_SCOPE_BEGIN|[39]|soql|String|false|false
09:54:37.86 (87577403)|VARIABLE_ASSIGNMENT|[39]|soql|"Select id"
09:54:37.86 (87581345)|STATEMENT_EXECUTE|[41]
09:54:37.86 (87583333)|STATEMENT_EXECUTE|[42]
09:54:37.86 (87603134)|ENTERING_MANAGED_PKG|
09:54:37.86 (87633379)|HEAP_ALLOCATE|[42]|Bytes:7
09:54:37.86 (87656215)|HEAP_ALLOCATE|[42]|Bytes:9
09:54:37.86 (87665952)|HEAP_ALLOCATE|[42]|Bytes:18
09:54:37.86 (87678574)|VARIABLE_ASSIGNMENT|[42]|soql|"Select id, OwnerId"
09:54:37.86 (87683677)|STATEMENT_EXECUTE|[43]
09:54:37.86 (87698097)|METHOD_ENTRY|[43]|01pB0000000ljzx|testautonumdata.Sparkle_Helper.AddFieldToObjectsMap(String, String, Map<String,Set<String>>)
09:54:37.86 (87719331)|VARIABLE_SCOPE_BEGIN|[107]|fieldName|String|false|false
09:54:37.86 (87728087)|VARIABLE_ASSIGNMENT|[107]|fieldName|"OwnerId"
09:54:37.86 (87731295)|VARIABLE_SCOPE_BEGIN|[107]|initialObjectName|String|false|false
09:54:37.86 (87737980)|VARIABLE_ASSIGNMENT|[107]|initialObjectName|"testautonumdata__Ref (8 more) ..."
09:54:37.86 (87741411)|VARIABLE_SCOPE_BEGIN|[107]|theMap|Map<String,Set<String>>|true|false
09:54:37.86 (87767953)|VARIABLE_ASSIGNMENT|[107]|theMap|{"s":1,"v":{"testautonumdata__Ref (8 more) ...":{"s":2,"v":["Id"]}}}|0x151f44ff
09:54:37.86 (87781994)|HEAP_ALLOCATE|[109]|Bytes:5
09:54:37.86 (87788037)|STATEMENT_EXECUTE|[108]
09:54:37.86 (87806121)|ENTERING_MANAGED_PKG|
09:54:37.86 (87822752)|STATEMENT_EXECUTE|[150]
09:54:37.86 (87833301)|METHOD_ENTRY|[150]|01pB0000000ljzx|testautonumdata.Sparkle_Helper.AddFieldToMap(String, String, Map<String,Set<String>>)
09:54:37.86 (87839393)|VARIABLE_SCOPE_BEGIN|[157]|fieldName|String|false|false
09:54:37.86 (87847055)|VARIABLE_ASSIGNMENT|[157]|fieldName|"OwnerId"
09:54:37.86 (87849958)|VARIABLE_SCOPE_BEGIN|[157]|ObjectName|String|false|false
09:54:37.86 (87856511)|VARIABLE_ASSIGNMENT|[157]|ObjectName|"testautonumdata__Ref (8 more) ..."
09:54:37.86 (87859667)|VARIABLE_SCOPE_BEGIN|[157]|theMap|Map<String,Set<String>>|true|false
09:54:37.86 (87882071)|VARIABLE_ASSIGNMENT|[157]|theMap|{"s":1,"v":{"testautonumdata__Ref (8 more) ...":{"s":2,"v":["Id"]}}}|0x151f44ff
09:54:37.86 (87894060)|HEAP_ALLOCATE|[160]|Bytes:5
09:54:37.86 (87900191)|STATEMENT_EXECUTE|[158]
09:54:37.86 (87910555)|ENTERING_MANAGED_PKG|
09:54:37.86 (87923233)|STATEMENT_EXECUTE|[161]
09:54:37.86 (87925838)|STATEMENT_EXECUTE|[162]
09:54:37.86 (87933877)|ENTERING_MANAGED_PKG|
09:54:37.86 (87952095)|VARIABLE_SCOPE_BEGIN|[162]|existingFieldSet|Set<String>|true|false
09:54:37.86 (87973901)|VARIABLE_ASSIGNMENT|[162]|existingFieldSet|{"s":1,"v":["Id"]}|0x7e595825
09:54:37.86 (87979617)|STATEMENT_EXECUTE|[163]
09:54:37.86 (87990686)|ENTERING_MANAGED_PKG|
09:54:37.86 (87999793)|HEAP_ALLOCATE|[EXTERNAL]|Bytes:4
09:54:37.86 (88012437)|STATEMENT_EXECUTE|[164]
09:54:37.86 (88023257)|ENTERING_MANAGED_PKG|
09:54:37.86 (88052062)|METHOD_EXIT|[150]|01pB0000000ljzx|testautonumdata.Sparkle_Helper.AddFieldToMap(String, String, Map<String,Set<String>>)
09:54:37.86 (88063682)|METHOD_EXIT|[43]|01pB0000000ljzx|testautonumdata.Sparkle_Helper.AddFieldToObjectsMap(String, String, Map<String,Set<String>>)
09:54:37.86 (88070169)|STATEMENT_EXECUTE|[46]
09:54:37.86 (88072594)|STATEMENT_EXECUTE|[47]
09:54:37.86 (88090461)|ENTERING_MANAGED_PKG|
09:54:37.86 (88116683)|HEAP_ALLOCATE|[47]|Bytes:10
09:54:37.86 (88139827)|HEAP_ALLOCATE|[47]|Bytes:12
09:54:37.86 (88147259)|HEAP_ALLOCATE|[47]|Bytes:30
09:54:37.86 (88159928)|VARIABLE_ASSIGNMENT|[47]|soql|"Select id, OwnerId,  (10 more) ..."
09:54:37.86 (88165556)|STATEMENT_EXECUTE|[50]
09:54:37.86 (88167570)|STATEMENT_EXECUTE|[51]
09:54:37.86 (88184934)|ENTERING_MANAGED_PKG|
09:54:37.86 (88215461)|HEAP_ALLOCATE|[51]|Bytes:11
09:54:37.86 (88239855)|HEAP_ALLOCATE|[51]|Bytes:13
09:54:37.86 (88249570)|HEAP_ALLOCATE|[51]|Bytes:43
09:54:37.86 (88263201)|VARIABLE_ASSIGNMENT|[51]|soql|"Select id, OwnerId,  (23 more) ..."
09:54:37.86 (88268383)|STATEMENT_EXECUTE|[52]
09:54:37.86 (88282792)|METHOD_ENTRY|[52]|01pB0000000ljzx|testautonumdata.Sparkle_Helper.AddFieldToObjectsMap(String, String, Map<String,Set<String>>)
09:54:37.86 (88304272)|VARIABLE_SCOPE_BEGIN|[107]|fieldName|String|false|false
09:54:37.86 (88313196)|VARIABLE_ASSIGNMENT|[107]|fieldName|"createddate"
09:54:37.86 (88316532)|VARIABLE_SCOPE_BEGIN|[107]|initialObjectName|String|false|false
09:54:37.86 (88323287)|VARIABLE_ASSIGNMENT|[107]|initialObjectName|"testautonumdata__Ref (8 more) ..."
09:54:37.86 (88326266)|VARIABLE_SCOPE_BEGIN|[107]|theMap|Map<String,Set<String>>|true|false
09:54:37.86 (88352120)|VARIABLE_ASSIGNMENT|[107]|theMap|{"s":1,"v":{"testautonumdata__Ref (8 more) ...":{"s":2,"v":["Id","OwnerId"]}}}|0x151f44ff
09:54:37.86 (88365999)|HEAP_ALLOCATE|[109]|Bytes:5
09:54:37.86 (88372439)|STATEMENT_EXECUTE|[108]
09:54:37.86 (88391123)|ENTERING_MANAGED_PKG|
09:54:37.86 (88406639)|STATEMENT_EXECUTE|[150]
09:54:37.86 (88417231)|METHOD_ENTRY|[150]|01pB0000000ljzx|testautonumdata.Sparkle_Helper.AddFieldToMap(String, String, Map<String,Set<String>>)
09:54:37.86 (88423523)|VARIABLE_SCOPE_BEGIN|[157]|fieldName|String|false|false
09:54:37.86 (88431475)|VARIABLE_ASSIGNMENT|[157]|fieldName|"createddate"
09:54:37.86 (88434915)|VARIABLE_SCOPE_BEGIN|[157]|ObjectName|String|false|false
09:54:37.86 (88441659)|VARIABLE_ASSIGNMENT|[157]|ObjectName|"testautonumdata__Ref (8 more) ..."
09:54:37.86 (88444697)|VARIABLE_SCOPE_BEGIN|[157]|theMap|Map<String,Set<String>>|true|false
09:54:37.86 (88469201)|VARIABLE_ASSIGNMENT|[157]|theMap|{"s":1,"v":{"testautonumdata__Ref (8 more) ...":{"s":2,"v":["Id","OwnerId"]}}}|0x151f44ff
09:54:37.86 (88481281)|HEAP_ALLOCATE|[160]|Bytes:5
09:54:37.86 (88487099)|STATEMENT_EXECUTE|[158]
09:54:37.86 (88496454)|ENTERING_MANAGED_PKG|
09:54:37.86 (88508236)|STATEMENT_EXECUTE|[161]
09:54:37.86 (88510670)|STATEMENT_EXECUTE|[162]
09:54:37.86 (88517824)|ENTERING_MANAGED_PKG|
09:54:37.86 (88536009)|VARIABLE_SCOPE_BEGIN|[162]|existingFieldSet|Set<String>|true|false
09:54:37.86 (88558208)|VARIABLE_ASSIGNMENT|[162]|existingFieldSet|{"s":1,"v":["Id","OwnerId"]}|0x7e595825
09:54:37.86 (88564037)|STATEMENT_EXECUTE|[163]
09:54:37.86 (88574658)|ENTERING_MANAGED_PKG|
09:54:37.86 (88583729)|HEAP_ALLOCATE|[EXTERNAL]|Bytes:4
09:54:37.86 (88595697)|STATEMENT_EXECUTE|[164]
09:54:37.86 (88605287)|ENTERING_MANAGED_PKG|
09:54:37.86 (88637081)|METHOD_EXIT|[150]|01pB0000000ljzx|testautonumdata.Sparkle_Helper.AddFieldToMap(String, String, Map<String,Set<String>>)
09:54:37.86 (88647652)|METHOD_EXIT|[52]|01pB0000000ljzx|testautonumdata.Sparkle_Helper.AddFieldToObjectsMap(String, String, Map<String,Set<String>>)
09:54:37.86 (88653886)|STATEMENT_EXECUTE|[57]
09:54:37.86 (88674576)|ENTERING_MANAGED_PKG|
09:54:37.86 (88701090)|HEAP_ALLOCATE|[57]|Bytes:28
09:54:37.86 (88721923)|HEAP_ALLOCATE|[57]|Bytes:34
09:54:37.86 (88730922)|HEAP_ALLOCATE|[57]|Bytes:77
09:54:37.86 (88745161)|VARIABLE_ASSIGNMENT|[57]|soql|"Select id, OwnerId,  (57 more) ..."
09:54:37.86 (88750566)|STATEMENT_EXECUTE|[60]
09:54:37.86 (88752652)|STATEMENT_EXECUTE|[61]
09:54:37.86 (88757998)|HEAP_ALLOCATE|[61]|Bytes:7
09:54:37.86 (88777540)|ENTERING_MANAGED_PKG|
09:54:37.86 (88804502)|HEAP_ALLOCATE|[61]|Bytes:29
09:54:37.86 (88824431)|HEAP_ALLOCATE|[61]|Bytes:4
09:54:37.86 (88842297)|ENTERING_MANAGED_PKG|
09:54:37.86 (88847571)|HEAP_ALLOCATE|[61]|Bytes:18
09:54:37.86 (88874263)|HEAP_ALLOCATE|[61]|Bytes:59
09:54:37.86 (88884702)|HEAP_ALLOCATE|[61]|Bytes:136
09:54:37.86 (88899094)|VARIABLE_ASSIGNMENT|[61]|soql|"Select id, OwnerId,  (116 more) ..."
09:54:37.86 (88903775)|STATEMENT_EXECUTE|[62]
09:54:37.86 (88914962)|METHOD_ENTRY|[62]|01pB0000000ljzx|testautonumdata.Sparkle_Helper.AddFieldToObjectsMap(String, String, Map<String,Set<String>>)
09:54:37.86 (88932514)|VARIABLE_SCOPE_BEGIN|[107]|fieldName|String|false|false
09:54:37.86 (88940978)|VARIABLE_ASSIGNMENT|[107]|fieldName|"testautonumdata__Can (9 more) ..."
09:54:37.86 (88943767)|VARIABLE_SCOPE_BEGIN|[107]|initialObjectName|String|false|false
09:54:37.86 (88949076)|VARIABLE_ASSIGNMENT|[107]|initialObjectName|"testautonumdata__Ref (8 more) ..."
09:54:37.86 (88952139)|VARIABLE_SCOPE_BEGIN|[107]|theMap|Map<String,Set<String>>|true|false
09:54:37.86 (88977837)|VARIABLE_ASSIGNMENT|[107]|theMap|{"s":1,"v":{"testautonumdata__Ref (8 more) ...":{"s":2,"v":["Id","OwnerId","createddate"]}}}|0x151f44ff
09:54:37.86 (88991358)|HEAP_ALLOCATE|[109]|Bytes:5
09:54:37.86 (88998145)|STATEMENT_EXECUTE|[108]
09:54:37.86 (89015528)|ENTERING_MANAGED_PKG|
09:54:37.86 (89031296)|STATEMENT_EXECUTE|[150]
09:54:37.86 (89040452)|METHOD_ENTRY|[150]|01pB0000000ljzx|testautonumdata.Sparkle_Helper.AddFieldToMap(String, String, Map<String,Set<String>>)
09:54:37.86 (89046680)|VARIABLE_SCOPE_BEGIN|[157]|fieldName|String|false|false
09:54:37.86 (89056582)|VARIABLE_ASSIGNMENT|[157]|fieldName|"testautonumdata__Can (9 more) ..."
09:54:37.86 (89059895)|VARIABLE_SCOPE_BEGIN|[157]|ObjectName|String|false|false
09:54:37.86 (89065372)|VARIABLE_ASSIGNMENT|[157]|ObjectName|"testautonumdata__Ref (8 more) ..."
09:54:37.86 (89068158)|VARIABLE_SCOPE_BEGIN|[157]|theMap|Map<String,Set<String>>|true|false
09:54:37.86 (89090434)|VARIABLE_ASSIGNMENT|[157]|theMap|{"s":1,"v":{"testautonumdata__Ref (8 more) ...":{"s":2,"v":["Id","OwnerId","createddate"]}}}|0x151f44ff
09:54:37.86 (89101403)|HEAP_ALLOCATE|[160]|Bytes:5
09:54:37.86 (89107704)|STATEMENT_EXECUTE|[158]
09:54:37.86 (89116737)|ENTERING_MANAGED_PKG|
09:54:37.86 (89127624)|STATEMENT_EXECUTE|[161]
09:54:37.86 (89130042)|STATEMENT_EXECUTE|[162]
09:54:37.86 (89149269)|ENTERING_MANAGED_PKG|
09:54:37.86 (89169600)|VARIABLE_SCOPE_BEGIN|[162]|existingFieldSet|Set<String>|true|false
09:54:37.86 (89187998)|VARIABLE_ASSIGNMENT|[162]|existingFieldSet|{"s":1,"v":["Id","OwnerId","createddate"]}|0x7e595825
09:54:37.86 (89192402)|STATEMENT_EXECUTE|[163]
09:54:37.86 (89200384)|ENTERING_MANAGED_PKG|
09:54:37.86 (89206330)|HEAP_ALLOCATE|[EXTERNAL]|Bytes:4
09:54:37.86 (89213438)|STATEMENT_EXECUTE|[164]
09:54:37.86 (89217931)|ENTERING_MANAGED_PKG|
09:54:37.86 (89238274)|METHOD_EXIT|[150]|01pB0000000ljzx|testautonumdata.Sparkle_Helper.AddFieldToMap(String, String, Map<String,Set<String>>)
09:54:37.86 (89246377)|METHOD_EXIT|[62]|01pB0000000ljzx|testautonumdata.Sparkle_Helper.AddFieldToObjectsMap(String, String, Map<String,Set<String>>)
09:54:37.86 (89252009)|STATEMENT_EXECUTE|[65]
09:54:37.86 (89253668)|STATEMENT_EXECUTE|[71]
09:54:37.86 (89257528)|HEAP_ALLOCATE|[71]|Bytes:7
09:54:37.86 (89273959)|ENTERING_MANAGED_PKG|
09:54:37.86 (89295138)|HEAP_ALLOCATE|[71]|Bytes:1
09:54:37.86 (89309847)|HEAP_ALLOCATE|[71]|Bytes:8
09:54:37.86 (89314347)|HEAP_ALLOCATE|[71]|Bytes:144
09:54:37.86 (89324347)|VARIABLE_ASSIGNMENT|[71]|soql|"Select id, OwnerId,  (124 more) ..."
09:54:37.86 (89327394)|STATEMENT_EXECUTE|[75]
09:54:37.86 (89332640)|HEAP_ALLOCATE|[75]|Bytes:159
09:54:37.86 (89342208)|ENTERING_MANAGED_PKG|
09:54:37.86 (89360173)|USER_DEBUG|[75]|DEBUG|######## soql: Select id, OwnerId, Owner.Name, createddate FROM testautonumdata__Referral__c where testautonumdata__Candidate__c = '003B0000005Qr04IAC' limit 8
09:54:37.86 (89374602)|METHOD_ENTRY|[79]|01pB0000000ljzx|testautonumdata.Sparkle_Helper.UserHasAccessToObjectsAndFields(Map<String,Set<String>>)
09:54:37.86 (89387830)|VARIABLE_SCOPE_BEGIN|[175]|theMap|Map<String,Set<String>>|true|false
09:54:37.86 (89410357)|VARIABLE_ASSIGNMENT|[175]|theMap|{"s":1,"v":{"testautonumdata__Ref (8 more) ...":{"s":2,"v":["Id","OwnerId","createddate","testautonumdata__Can (9 more) ..."]}}}|0x151f44ff
09:54:37.86 (89421574)|HEAP_ALLOCATE|[177]|Bytes:5
09:54:37.86 (89426376)|STATEMENT_EXECUTE|[176]
09:54:37.86 (89427554)|STATEMENT_EXECUTE|[177]
09:54:37.86 (89431773)|VARIABLE_SCOPE_BEGIN|[177]|hasAccess|Boolean|false|false
09:54:37.86 (89435328)|HEAP_ALLOCATE|[177]|Bytes:5
09:54:37.86 (89440140)|VARIABLE_ASSIGNMENT|[177]|hasAccess|true
09:54:37.86 (89447460)|ENTERING_MANAGED_PKG|
09:54:37.86 (89456191)|STATEMENT_EXECUTE|[180]
09:54:37.86 (89457567)|STATEMENT_EXECUTE|[181]
09:54:37.86 (89470431)|ENTERING_MANAGED_PKG|
09:54:37.86 (89483991)|HEAP_ALLOCATE|[181]|Bytes:88
09:54:37.86 (89494737)|HEAP_ALLOCATE|[181]|Bytes:105
09:54:37.86 (89501608)|ENTERING_MANAGED_PKG|
09:54:37.86 (89508046)|USER_DEBUG|[181]|DEBUG|######## theMap: {testautonumdata__Referral__c={Id, OwnerId, createddate, testautonumdata__Candidate__c}}
09:54:37.86 (89516453)|HEAP_ALLOCATE|[182]|Bytes:4
09:54:37.86 (89524179)|ENTERING_MANAGED_PKG|
09:54:37.86 (89531729)|ENTERING_MANAGED_PKG|
09:54:37.86 (89541621)|HEAP_ALLOCATE|[182]|Bytes:36
09:54:37.86 (89550042)|ENTERING_MANAGED_PKG|
09:54:37.86 (89552886)|HEAP_ALLOCATE|[182]|Bytes:4
09:54:37.86 (89558293)|ENTERING_MANAGED_PKG|
09:54:37.86 (89570650)|HEAP_ALLOCATE|[182]|Bytes:5
09:54:37.86 (89582695)|VARIABLE_SCOPE_BEGIN|[182]|objectName|String|false|false
09:54:37.86 (89591485)|VARIABLE_ASSIGNMENT|[182]|objectName|"testautonumdata__Ref (8 more) ..."
09:54:37.86 (89594825)|STATEMENT_EXECUTE|[183]
09:54:37.86 (89595985)|STATEMENT_EXECUTE|[184]
09:54:37.86 (89602037)|HEAP_ALLOCATE|[184]|Bytes:49
09:54:37.86 (89609462)|ENTERING_MANAGED_PKG|
09:54:37.86 (89615663)|USER_DEBUG|[184]|DEBUG|######## objectName: testautonumdata__Referral__c
09:54:37.86 (89620961)|STATEMENT_EXECUTE|[185]
09:54:37.86 (89626285)|ENTERING_MANAGED_PKG|
09:54:37.86 (94473154)|HEAP_ALLOCATE|[185]|Bytes:1648
09:54:37.86 (94490554)|ENTERING_MANAGED_PKG|
09:54:37.86 (94563073)|HEAP_ALLOCATE|[185]|Bytes:4
09:54:37.86 (94572878)|VARIABLE_SCOPE_BEGIN|[185]|sObj|SObject|true|false
09:54:37.86 (94589766)|VARIABLE_ASSIGNMENT|[185]|sObj|{}|0x1da13902
09:54:37.86 (94593256)|STATEMENT_EXECUTE|[186]
09:54:37.86 (94607690)|ENTERING_MANAGED_PKG|
09:54:37.86 (94770964)|HEAP_ALLOCATE|[186]|Bytes:4
09:54:37.86 (95061226)|HEAP_ALLOCATE|[186]|Bytes:60
09:54:37.86 (95072145)|VARIABLE_SCOPE_BEGIN|[186]|m|Map<String,Schema.SObjectField>|true|false
09:54:37.86 (95338476)|VARIABLE_ASSIGNMENT|[186]|m|"{createdbyid=CreatedById, createddate=CreatedDate, id=Id, isdeleted=IsDeleted, lastactivitydate=LastActivityDate, lastmodifiedbyid=LastModifiedById, lastmodifieddate=LastModifiedDate, lastreferenceddate=LastReferencedDate, lastvieweddate=LastViewedDate, name=Name, ...}"|0x6612f7e0
09:54:37.86 (95345119)|STATEMENT_EXECUTE|[187]
09:54:37.86 (95354185)|ENTERING_MANAGED_PKG|
09:54:37.86 (95367180)|VARIABLE_SCOPE_BEGIN|[187]|objectFieldSet|Set<String>|true|false
09:54:37.86 (95385953)|VARIABLE_ASSIGNMENT|[187]|objectFieldSet|{"s":1,"v":["Id","OwnerId","createddate","testautonumdata__Can (9 more) ..."]}|0x7e595825
09:54:37.86 (95393097)|HEAP_ALLOCATE|[189]|Bytes:4
09:54:37.86 (95402322)|ENTERING_MANAGED_PKG|
09:54:37.86 (95410161)|ENTERING_MANAGED_PKG|
09:54:37.86 (95414281)|HEAP_ALLOCATE|[189]|Bytes:16
09:54:37.86 (95420352)|ENTERING_MANAGED_PKG|
09:54:37.86 (95432577)|HEAP_ALLOCATE|[189]|Bytes:5
09:54:37.86 (95444808)|VARIABLE_SCOPE_BEGIN|[189]|fieldToCheck|String|false|false
09:54:37.86 (95451474)|VARIABLE_ASSIGNMENT|[189]|fieldToCheck|"Id"
09:54:37.86 (95454635)|STATEMENT_EXECUTE|[189]
09:54:37.86 (95455776)|STATEMENT_EXECUTE|[190]
09:54:37.86 (95461758)|HEAP_ALLOCATE|[190]|Bytes:25
09:54:37.86 (95469751)|ENTERING_MANAGED_PKG|
09:54:37.86 (95491038)|USER_DEBUG|[190]|DEBUG|######## fieldToCheck: Id
09:54:37.86 (95503507)|ENTERING_MANAGED_PKG|
09:54:37.86 (95664784)|HEAP_ALLOCATE|[192]|Bytes:8
09:54:37.86 (95679776)|STATEMENT_EXECUTE|[192]
09:54:37.86 (95681787)|STATEMENT_EXECUTE|[199]
09:54:37.86 (95688093)|HEAP_ALLOCATE|[199]|Bytes:37
09:54:37.86 (95695928)|ENTERING_MANAGED_PKG|
09:54:37.86 (95703111)|USER_DEBUG|[199]|DEBUG|######## User has access to field: Id
09:54:37.86 (95715827)|HEAP_ALLOCATE|[189]|Bytes:5
09:54:37.86 (95727583)|VARIABLE_SCOPE_BEGIN|[189]|fieldToCheck|String|false|false
09:54:37.86 (95735067)|VARIABLE_ASSIGNMENT|[189]|fieldToCheck|"OwnerId"
09:54:37.86 (95738067)|STATEMENT_EXECUTE|[189]
09:54:37.86 (95739164)|STATEMENT_EXECUTE|[190]
09:54:37.86 (95744094)|HEAP_ALLOCATE|[190]|Bytes:30
09:54:37.86 (95750306)|ENTERING_MANAGED_PKG|
09:54:37.86 (95755815)|USER_DEBUG|[190]|DEBUG|######## fieldToCheck: OwnerId
09:54:37.86 (95763246)|ENTERING_MANAGED_PKG|
09:54:37.86 (95929909)|HEAP_ALLOCATE|[192]|Bytes:8
09:54:37.86 (95944060)|STATEMENT_EXECUTE|[192]
09:54:37.86 (95946134)|STATEMENT_EXECUTE|[199]
09:54:37.86 (95951858)|HEAP_ALLOCATE|[199]|Bytes:42
09:54:37.86 (95959092)|ENTERING_MANAGED_PKG|
09:54:37.86 (95965964)|USER_DEBUG|[199]|DEBUG|######## User has access to field: OwnerId
09:54:37.86 (95978319)|HEAP_ALLOCATE|[189]|Bytes:5
09:54:37.86 (95990603)|VARIABLE_SCOPE_BEGIN|[189]|fieldToCheck|String|false|false
09:54:37.86 (95997942)|VARIABLE_ASSIGNMENT|[189]|fieldToCheck|"createddate"
09:54:37.86 (96000811)|STATEMENT_EXECUTE|[189]
09:54:37.86 (96002781)|STATEMENT_EXECUTE|[190]
09:54:37.86 (96007812)|HEAP_ALLOCATE|[190]|Bytes:34
09:54:37.86 (96014289)|ENTERING_MANAGED_PKG|
09:54:37.86 (96019683)|USER_DEBUG|[190]|DEBUG|######## fieldToCheck: createddate
09:54:37.86 (96027018)|ENTERING_MANAGED_PKG|
09:54:37.86 (96182347)|HEAP_ALLOCATE|[192]|Bytes:8
09:54:37.86 (96196309)|STATEMENT_EXECUTE|[192]
09:54:37.86 (96198259)|STATEMENT_EXECUTE|[199]
09:54:37.86 (96203588)|HEAP_ALLOCATE|[199]|Bytes:46
09:54:37.86 (96210530)|ENTERING_MANAGED_PKG|
09:54:37.86 (96217306)|USER_DEBUG|[199]|DEBUG|######## User has access to field: createddate
09:54:37.86 (96229712)|HEAP_ALLOCATE|[189]|Bytes:5
09:54:37.86 (96240951)|VARIABLE_SCOPE_BEGIN|[189]|fieldToCheck|String|false|false
09:54:37.86 (96249763)|VARIABLE_ASSIGNMENT|[189]|fieldToCheck|"testautonumdata__Can (9 more) ..."
09:54:37.86 (96253140)|STATEMENT_EXECUTE|[189]
09:54:37.86 (96254249)|STATEMENT_EXECUTE|[190]
09:54:37.86 (96259311)|HEAP_ALLOCATE|[190]|Bytes:52
09:54:37.86 (96265660)|ENTERING_MANAGED_PKG|
09:54:37.86 (96271085)|USER_DEBUG|[190]|DEBUG|######## fieldToCheck: testautonumdata__Candidate__c
09:54:37.86 (96278549)|ENTERING_MANAGED_PKG|
09:54:37.86 (96695815)|HEAP_ALLOCATE|[192]|Bytes:8
09:54:37.86 (96710080)|STATEMENT_EXECUTE|[192]
09:54:37.86 (96712097)|STATEMENT_EXECUTE|[199]
09:54:37.86 (96717742)|HEAP_ALLOCATE|[199]|Bytes:64
09:54:37.86 (96724940)|ENTERING_MANAGED_PKG|
09:54:37.86 (96731964)|USER_DEBUG|[199]|DEBUG|######## User has access to field: testautonumdata__Candidate__c
09:54:37.86 (96744744)|HEAP_ALLOCATE|[189]|Bytes:5
09:54:37.86 (96756363)|VARIABLE_ASSIGNMENT|[189]|fieldToCheck|null
09:54:37.86 (96764598)|HEAP_ALLOCATE|[182]|Bytes:5
09:54:37.86 (96772702)|VARIABLE_ASSIGNMENT|[182]|objectName|null
09:54:37.86 (96776197)|STATEMENT_EXECUTE|[206]
09:54:37.86 (96779778)|HEAP_ALLOCATE|[206]|Bytes:5
09:54:37.86 (96789726)|METHOD_EXIT|[79]|01pB0000000ljzx|testautonumdata.Sparkle_Helper.UserHasAccessToObjectsAndFields(Map<String,Set<String>>)
09:54:37.86 (96793928)|STATEMENT_EXECUTE|[80]
09:54:37.86 (96795259)|STATEMENT_EXECUTE|[82]
09:54:37.86 (96805303)|ENTERING_MANAGED_PKG|
09:54:37.86 (97180289)|SOQL_EXECUTE_BEGIN|[82]|Aggregations:0|Select id, OwnerId, Owner.Name, createddate FROM testautonumdata__Referral__c where testautonumdata__Candidate__c = '003B0000005Qr04IAC' limit 8
09:54:37.86 (101925711)|SOQL_EXECUTE_END|[82]|Rows:0
09:54:37.86 (101959053)|HEAP_ALLOCATE|[82]|Bytes:4
09:54:37.86 (101976879)|HEAP_ALLOCATE|[82]|Bytes:0
09:54:37.86 (102036379)|HEAP_ALLOCATE|[82]|Bytes:4
09:54:37.86 (102050875)|VARIABLE_SCOPE_BEGIN|[82]|lstQueriedRecords|List<SObject>|true|false
09:54:37.86 (102069505)|VARIABLE_ASSIGNMENT|[82]|lstQueriedRecords|{"s":1,"v":[]}|0x4e277e38
09:54:37.86 (102073459)|STATEMENT_EXECUTE|[84]
09:54:37.86 (102078089)|HEAP_ALLOCATE|[84]|Bytes:28
09:54:37.86 (102095060)|ENTERING_MANAGED_PKG|
09:54:37.86 (102124032)|HEAP_ALLOCATE|[84]|Bytes:2
09:54:37.86 (102138399)|HEAP_ALLOCATE|[84]|Bytes:30
09:54:37.86 (102148294)|ENTERING_MANAGED_PKG|
09:54:37.86 (102155151)|USER_DEBUG|[84]|DEBUG|######## lstQueriedRecords: ()
09:54:37.86 (102220431)|ENTERING_MANAGED_PKG|
09:54:37.86 (102394666)|HEAP_ALLOCATE|[88]|Bytes:5
09:54:37.86 (102410593)|VARIABLE_ASSIGNMENT|[88]|e|null|
09:54:37.86 (102414765)|STATEMENT_EXECUTE|[88]
09:54:37.86 (102417292)|STATEMENT_EXECUTE|[125]
09:54:37.86 (102420483)|HEAP_ALLOCATE|[125]|Bytes:27
09:54:37.86 (102434516)|ENTERING_MANAGED_PKG|
09:54:37.86 (102460032)|HEAP_ALLOCATE|[125]|Bytes:2
09:54:37.86 (102472809)|HEAP_ALLOCATE|[125]|Bytes:29
09:54:37.86 (102481434)|ENTERING_MANAGED_PKG|
09:54:37.86 (102487996)|USER_DEBUG|[125]|DEBUG|######## lstReturnRecords: ()
09:54:37.86 (102493934)|STATEMENT_EXECUTE|[127]
09:54:37.86 (102508905)|SYSTEM_MODE_EXIT|false
09:54:37.102 (102555361)|CUMULATIVE_LIMIT_USAGE
09:54:37.102 (102555361)|LIMIT_USAGE_FOR_NS|(default)|
  Number of SOQL queries: 0 out of 100
  Number of query rows: 0 out of 50000
  Number of SOSL queries: 0 out of 20
  Number of DML statements: 0 out of 150
  Number of DML rows: 0 out of 10000
  Maximum CPU time: 0 out of 10000
  Maximum heap size: 0 out of 6000000
  Number of callouts: 0 out of 100
  Number of Email Invocations: 0 out of 10
  Number of future calls: 0 out of 50
  Number of queueable jobs added to the queue: 0 out of 50
  Number of Mobile Apex push calls: 0 out of 10

09:54:37.102 (102555361)|LIMIT_USAGE_FOR_NS|testautonumdata|
  Number of SOQL queries: 2 out of 100
  Number of query rows: 0 out of 50000
  Number of SOSL queries: 0 out of 20
  Number of DML statements: 0 out of 150
  Number of DML rows: 0 out of 10000
  Maximum CPU time: 0 out of 10000
  Maximum heap size: 0 out of 6000000
  Number of callouts: 0 out of 100
  Number of Email Invocations: 0 out of 10
  Number of future calls: 0 out of 50
  Number of queueable jobs added to the queue: 0 out of 50
  Number of Mobile Apex push calls: 0 out of 10

09:54:37.102 (102555361)|CUMULATIVE_LIMIT_USAGE_END

09:54:37.114 (114918575)|ENTERING_MANAGED_PKG|pyandf16
09:54:37.114 (114997260)|ENTERING_MANAGED_PKG|pyandf16
09:54:37.114 (115795593)|SOQL_EXECUTE_BEGIN|[10]|Aggregations:0|SELECT id, name, firstname, lastname, birthdate, mailingstreet, mailingcity, mailingstate, mailingpostalcode FROM Contact WHERE id = :tmpVar1 LIMIT 1
09:54:37.114 (122871604)|SOQL_EXECUTE_END|[10]|Rows:1
