38.0 APEX_CODE,FINEST;APEX_PROFILING,INFO;CALLOUT,INFO;DB,INFO;SYSTEM,DEBUG;VALIDATION,INFO;VISUALFORCE,INFO;WORKFLOW,INFO
13:02:34.0 (123347)|USER_INFO|[EXTERNAL]|005B0000001VpZR|rreboucas-yi5c@force.com|Pacific Standard Time|GMT-07:00
13:02:34.2 (2066178)|CODE_UNIT_STARTED|[EXTERNAL]|01pB0000000rehC|FilesViewerServerController.getListRecords
13:02:34.2 (2125955)|VARIABLE_SCOPE_BEGIN|[3]|FilesViewerServerController.mapObjectsFields|Map<String,Set<String>>|true|true
13:02:34.2 (2191147)|HEAP_ALLOCATE|[EXTERNAL]|Bytes:172
13:02:34.2 (2199625)|HEAP_ALLOCATE|[EXTERNAL]|Bytes:15
13:02:34.2 (2202382)|HEAP_ALLOCATE|[EXTERNAL]|Bytes:20
13:02:34.2 (2228066)|METHOD_ENTRY|[1]|01pB0000000rehC|FilesViewerServerController.FilesViewerServerController()
13:02:34.2 (2233975)|STATEMENT_EXECUTE|[1]
13:02:34.2 (2242718)|STATEMENT_EXECUTE|[1]
13:02:34.2 (2283876)|HEAP_ALLOCATE|[50]|Bytes:5
13:02:34.2 (2316403)|HEAP_ALLOCATE|[56]|Bytes:5
13:02:34.2 (2326036)|HEAP_ALLOCATE|[64]|Bytes:7
13:02:34.2 (2355463)|SYSTEM_MODE_ENTER|false
13:02:34.2 (2377918)|HEAP_ALLOCATE|[3]|Bytes:5
13:02:34.2 (2382246)|STATEMENT_EXECUTE|[3]
13:02:34.2 (2417867)|VARIABLE_ASSIGNMENT|[3]|FilesViewerServerController.mapObjectsFields|null|
13:02:34.2 (2425354)|SYSTEM_MODE_EXIT|false
13:02:34.2 (2441123)|METHOD_EXIT|[1]|FilesViewerServerController
13:02:34.2 (2446565)|HEAP_ALLOCATE|[EXTERNAL]|Bytes:15
13:02:34.2 (2448756)|HEAP_ALLOCATE|[EXTERNAL]|Bytes:1
13:02:34.2 (2455480)|SYSTEM_MODE_ENTER|false
13:02:34.2 (2463698)|VARIABLE_SCOPE_BEGIN|[18]|recordID|String|false|false
13:02:34.2 (2476428)|VARIABLE_ASSIGNMENT|[18]|recordID|"a0MB0000000cQXF"
13:02:34.2 (2479487)|VARIABLE_SCOPE_BEGIN|[18]|rowsLimit|String|false|false
13:02:34.2 (2482553)|VARIABLE_ASSIGNMENT|[18]|rowsLimit|"8"
13:02:34.2 (2496859)|HEAP_ALLOCATE|[20]|Bytes:5
13:02:34.2 (2500866)|STATEMENT_EXECUTE|[18]
13:02:34.2 (2502129)|STATEMENT_EXECUTE|[20]
13:02:34.2 (2504860)|HEAP_ALLOCATE|[20]|Bytes:49
13:02:34.2 (2520365)|HEAP_ALLOCATE|[20]|Bytes:50
13:02:34.2 (2557554)|ENTERING_MANAGED_PKG|
13:02:34.2 (2596694)|USER_DEBUG|[20]|DEBUG|######## FilesViewerServerController: rowsLimit: 8
13:02:34.2 (2607232)|STATEMENT_EXECUTE|[23]
13:02:34.2 (2613566)|HEAP_ALLOCATE|[23]|Bytes:4
13:02:34.2 (2656205)|VARIABLE_ASSIGNMENT|[23]|FilesViewerServerController.mapObjectsFields|{"s":1,"v":{}}|0xdf59c2
13:02:34.2 (2659521)|STATEMENT_EXECUTE|[25]
13:02:34.2 (2662795)|HEAP_ALLOCATE|[25]|Bytes:2
13:02:34.2 (2665935)|HEAP_ALLOCATE|[25]|Bytes:19
13:02:34.2 (2787540)|HEAP_ALLOCATE|[25]|Bytes:19
13:02:34.2 (2792730)|HEAP_ALLOCATE|[25]|Bytes:28
13:02:34.2 (2806196)|METHOD_ENTRY|[1]|01pB0000000ljzx|Sparkle_Helper.Sparkle_Helper()
13:02:34.2 (2809650)|STATEMENT_EXECUTE|[1]
13:02:34.2 (2813781)|STATEMENT_EXECUTE|[1]
13:02:34.2 (2820151)|HEAP_ALLOCATE|[25]|Bytes:5
13:02:34.2 (2829999)|METHOD_EXIT|[1]|Sparkle_Helper
13:02:34.2 (2848662)|METHOD_ENTRY|[25]|01pB0000000ljzx|testautonumdata.Sparkle_Helper.AddFieldToObjectsMap(String, String, Map<String,Set<String>>)
13:02:34.2 (2866474)|VARIABLE_SCOPE_BEGIN|[107]|fieldName|String|false|false
13:02:34.2 (2874301)|VARIABLE_ASSIGNMENT|[107]|fieldName|"Id"
13:02:34.2 (2877568)|VARIABLE_SCOPE_BEGIN|[107]|initialObjectName|String|false|false
13:02:34.2 (2881321)|VARIABLE_ASSIGNMENT|[107]|initialObjectName|"ContentDocumentLink"
13:02:34.2 (2883205)|VARIABLE_SCOPE_BEGIN|[107]|theMap|Map<String,Set<String>>|true|false
13:02:34.2 (2897577)|VARIABLE_ASSIGNMENT|[107]|theMap|{"s":1,"v":{}}|0xdf59c2
13:02:34.2 (2906003)|HEAP_ALLOCATE|[109]|Bytes:5
13:02:34.2 (2910377)|STATEMENT_EXECUTE|[108]
13:02:34.2 (2913285)|HEAP_ALLOCATE|[109]|Bytes:1
13:02:34.2 (2931196)|ENTERING_MANAGED_PKG|
13:02:34.2 (2965038)|STATEMENT_EXECUTE|[150]
13:02:34.2 (2975297)|METHOD_ENTRY|[150]|01pB0000000ljzx|testautonumdata.Sparkle_Helper.AddFieldToMap(String, String, Map<String,Set<String>>)
13:02:34.2 (2991048)|VARIABLE_SCOPE_BEGIN|[157]|fieldName|String|false|false
13:02:34.2 (2997121)|VARIABLE_ASSIGNMENT|[157]|fieldName|"Id"
13:02:34.2 (2999494)|VARIABLE_SCOPE_BEGIN|[157]|ObjectName|String|false|false
13:02:34.2 (3003161)|VARIABLE_ASSIGNMENT|[157]|ObjectName|"ContentDocumentLink"
13:02:34.2 (3005718)|VARIABLE_SCOPE_BEGIN|[157]|theMap|Map<String,Set<String>>|true|false
13:02:34.2 (3018563)|VARIABLE_ASSIGNMENT|[157]|theMap|{"s":1,"v":{}}|0xdf59c2
13:02:34.2 (3027045)|HEAP_ALLOCATE|[160]|Bytes:5
13:02:34.2 (3031100)|STATEMENT_EXECUTE|[158]
13:02:34.2 (3046105)|ENTERING_MANAGED_PKG|
13:02:34.2 (3078550)|STATEMENT_EXECUTE|[167]
13:02:34.2 (3080456)|STATEMENT_EXECUTE|[168]
13:02:34.2 (3129039)|HEAP_ALLOCATE|[168]|Bytes:4
13:02:34.2 (3151349)|ENTERING_MANAGED_PKG|
13:02:34.2 (3185112)|VARIABLE_SCOPE_BEGIN|[168]|newFieldSet|Set<String>|true|false
13:02:34.2 (3228822)|VARIABLE_ASSIGNMENT|[168]|newFieldSet|{"s":1,"v":[]}|0x35388756
13:02:34.2 (3232813)|STATEMENT_EXECUTE|[169]
13:02:34.2 (3245669)|ENTERING_MANAGED_PKG|
13:02:34.2 (3271447)|HEAP_ALLOCATE|[EXTERNAL]|Bytes:4
13:02:34.2 (3280498)|STATEMENT_EXECUTE|[170]
13:02:34.2 (3288428)|ENTERING_MANAGED_PKG|
13:02:34.2 (3320904)|HEAP_ALLOCATE|[EXTERNAL]|Bytes:-4
13:02:34.2 (3336038)|METHOD_EXIT|[150]|01pB0000000ljzx|testautonumdata.Sparkle_Helper.AddFieldToMap(String, String, Map<String,Set<String>>)
13:02:34.2 (3343225)|METHOD_EXIT|[25]|01pB0000000ljzx|testautonumdata.Sparkle_Helper.AddFieldToObjectsMap(String, String, Map<String,Set<String>>)
13:02:34.2 (3346754)|STATEMENT_EXECUTE|[27]
13:02:34.2 (3377621)|HEAP_ALLOCATE|[27]|Bytes:4
13:02:34.2 (3460636)|ENTERING_MANAGED_PKG|
13:02:34.2 (3480609)|VARIABLE_SCOPE_BEGIN|[27]|lstReturnRecords|List<testautonumdata.FilesViewerServerController>|true|false
13:02:34.2 (3506795)|HEAP_ALLOCATE|[EXTERNAL]|Bytes:4
13:02:34.2 (3522170)|VARIABLE_ASSIGNMENT|[27]|lstReturnRecords|{"s":1,"v":[]}|0x2f4fa92c
13:02:34.2 (3541953)|ENTERING_MANAGED_PKG|
13:02:34.2 (3573385)|STATEMENT_EXECUTE|[29]
13:02:34.2 (3575271)|STATEMENT_EXECUTE|[30]
13:02:34.2 (3594294)|ENTERING_MANAGED_PKG|
13:02:34.2 (3622352)|VARIABLE_SCOPE_BEGIN|[30]|rLimit|Integer|false|false
13:02:34.2 (3627352)|HEAP_ALLOCATE|[30]|Bytes:4
13:02:34.2 (3633978)|VARIABLE_ASSIGNMENT|[30]|rLimit|8
13:02:34.2 (3636200)|STATEMENT_EXECUTE|[31]
13:02:34.2 (3639584)|HEAP_ALLOCATE|[31]|Bytes:46
13:02:34.2 (3653619)|ENTERING_MANAGED_PKG|
13:02:34.2 (3673554)|HEAP_ALLOCATE|[31]|Bytes:1
13:02:34.2 (3686100)|HEAP_ALLOCATE|[31]|Bytes:47
13:02:34.2 (3695756)|ENTERING_MANAGED_PKG|
13:02:34.2 (3702558)|USER_DEBUG|[31]|DEBUG|######## FilesViewerServerController: rLimit: 8
13:02:34.2 (3708905)|STATEMENT_EXECUTE|[35]
13:02:34.2 (3711991)|HEAP_ALLOCATE|[35]|Bytes:252
13:02:34.2 (3715859)|VARIABLE_SCOPE_BEGIN|[35]|soql|String|false|false
13:02:34.2 (3724971)|VARIABLE_ASSIGNMENT|[35]|soql|"select ContentDocume (232 more) ..."
13:02:34.2 (3726846)|STATEMENT_EXECUTE|[38]
13:02:34.2 (3729279)|HEAP_ALLOCATE|[38]|Bytes:26
13:02:34.2 (3743285)|ENTERING_MANAGED_PKG|
13:02:34.2 (3761148)|HEAP_ALLOCATE|[38]|Bytes:15
13:02:34.2 (3771503)|HEAP_ALLOCATE|[38]|Bytes:78
13:02:34.2 (3780004)|HEAP_ALLOCATE|[38]|Bytes:119
13:02:34.2 (3784405)|HEAP_ALLOCATE|[38]|Bytes:371
13:02:34.2 (3791798)|VARIABLE_ASSIGNMENT|[38]|soql|"select ContentDocume (351 more) ..."
13:02:34.2 (3794002)|STATEMENT_EXECUTE|[42]
13:02:34.2 (3796518)|HEAP_ALLOCATE|[42]|Bytes:42
13:02:34.2 (3800643)|HEAP_ALLOCATE|[42]|Bytes:413
13:02:34.2 (3806143)|VARIABLE_ASSIGNMENT|[42]|soql|"select ContentDocume (393 more) ..."
13:02:34.2 (3808131)|STATEMENT_EXECUTE|[45]
13:02:34.2 (3810514)|HEAP_ALLOCATE|[45]|Bytes:7
13:02:34.2 (3819951)|ENTERING_MANAGED_PKG|
13:02:34.2 (3834450)|HEAP_ALLOCATE|[45]|Bytes:1
13:02:34.2 (3846485)|HEAP_ALLOCATE|[45]|Bytes:8
13:02:34.2 (3850389)|HEAP_ALLOCATE|[45]|Bytes:421
13:02:34.2 (3857027)|VARIABLE_ASSIGNMENT|[45]|soql|"select ContentDocume (401 more) ..."
13:02:34.2 (3859267)|STATEMENT_EXECUTE|[47]
13:02:34.2 (3862283)|HEAP_ALLOCATE|[47]|Bytes:17
13:02:34.2 (3871329)|METHOD_ENTRY|[47]|01pB0000000ljzx|testautonumdata.Sparkle_Helper.AddFieldToObjectsMap(String, String, Map<String,Set<String>>)
13:02:34.2 (3887290)|VARIABLE_SCOPE_BEGIN|[107]|fieldName|String|false|false
13:02:34.2 (3892834)|VARIABLE_ASSIGNMENT|[107]|fieldName|"ContentDocumentId"
13:02:34.2 (3894992)|VARIABLE_SCOPE_BEGIN|[107]|initialObjectName|String|false|false
13:02:34.2 (3898145)|VARIABLE_ASSIGNMENT|[107]|initialObjectName|"ContentDocumentLink"
13:02:34.2 (3899610)|VARIABLE_SCOPE_BEGIN|[107]|theMap|Map<String,Set<String>>|true|false
13:02:34.2 (3920657)|VARIABLE_ASSIGNMENT|[107]|theMap|{"s":1,"v":{"ContentDocumentLink":{"s":2,"v":["Id"]}}}|0xdf59c2
13:02:34.2 (3930053)|HEAP_ALLOCATE|[109]|Bytes:5
13:02:34.2 (3934375)|STATEMENT_EXECUTE|[108]
13:02:34.2 (3947570)|ENTERING_MANAGED_PKG|
13:02:34.2 (3955679)|STATEMENT_EXECUTE|[150]
13:02:34.2 (3961481)|METHOD_ENTRY|[150]|01pB0000000ljzx|testautonumdata.Sparkle_Helper.AddFieldToMap(String, String, Map<String,Set<String>>)
13:02:34.2 (3965325)|VARIABLE_SCOPE_BEGIN|[157]|fieldName|String|false|false
13:02:34.2 (3970529)|VARIABLE_ASSIGNMENT|[157]|fieldName|"ContentDocumentId"
13:02:34.2 (3972317)|VARIABLE_SCOPE_BEGIN|[157]|ObjectName|String|false|false
13:02:34.2 (3975257)|VARIABLE_ASSIGNMENT|[157]|ObjectName|"ContentDocumentLink"
13:02:34.2 (3976752)|VARIABLE_SCOPE_BEGIN|[157]|theMap|Map<String,Set<String>>|true|false
13:02:34.2 (3992925)|VARIABLE_ASSIGNMENT|[157]|theMap|{"s":1,"v":{"ContentDocumentLink":{"s":2,"v":["Id"]}}}|0xdf59c2
13:02:34.2 (4000274)|HEAP_ALLOCATE|[160]|Bytes:5
13:02:34.2 (4004841)|STATEMENT_EXECUTE|[158]
13:02:34.2 (4011890)|ENTERING_MANAGED_PKG|
13:02:34.2 (4018325)|STATEMENT_EXECUTE|[161]
13:02:34.2 (4019589)|STATEMENT_EXECUTE|[162]
13:02:34.2 (4025522)|ENTERING_MANAGED_PKG|
13:02:34.2 (4058161)|VARIABLE_SCOPE_BEGIN|[162]|existingFieldSet|Set<String>|true|false
13:02:34.2 (4073508)|VARIABLE_ASSIGNMENT|[162]|existingFieldSet|{"s":1,"v":["Id"]}|0x35388756
13:02:34.2 (4076418)|STATEMENT_EXECUTE|[163]
13:02:34.2 (4084393)|ENTERING_MANAGED_PKG|
13:02:34.2 (4104968)|HEAP_ALLOCATE|[EXTERNAL]|Bytes:4
13:02:34.2 (4113288)|STATEMENT_EXECUTE|[164]
13:02:34.2 (4119833)|ENTERING_MANAGED_PKG|
13:02:34.2 (4160173)|METHOD_EXIT|[150]|01pB0000000ljzx|testautonumdata.Sparkle_Helper.AddFieldToMap(String, String, Map<String,Set<String>>)
13:02:34.2 (4167261)|METHOD_EXIT|[47]|01pB0000000ljzx|testautonumdata.Sparkle_Helper.AddFieldToObjectsMap(String, String, Map<String,Set<String>>)
13:02:34.2 (4170593)|STATEMENT_EXECUTE|[48]
13:02:34.2 (4174232)|HEAP_ALLOCATE|[48]|Bytes:21
13:02:34.2 (4182553)|METHOD_ENTRY|[48]|01pB0000000ljzx|testautonumdata.Sparkle_Helper.AddFieldToObjectsMap(String, String, Map<String,Set<String>>)
13:02:34.2 (4194899)|VARIABLE_SCOPE_BEGIN|[107]|fieldName|String|false|false
13:02:34.2 (4201934)|VARIABLE_ASSIGNMENT|[107]|fieldName|"contentdocument.titl (1 more) ..."
13:02:34.2 (4204185)|VARIABLE_SCOPE_BEGIN|[107]|initialObjectName|String|false|false
13:02:34.2 (4207036)|VARIABLE_ASSIGNMENT|[107]|initialObjectName|"ContentDocumentLink"
13:02:34.2 (4208645)|VARIABLE_SCOPE_BEGIN|[107]|theMap|Map<String,Set<String>>|true|false
13:02:34.2 (4226567)|VARIABLE_ASSIGNMENT|[107]|theMap|{"s":1,"v":{"ContentDocumentLink":{"s":2,"v":["Id","ContentDocumentId"]}}}|0xdf59c2
13:02:34.2 (4234780)|HEAP_ALLOCATE|[109]|Bytes:5
13:02:34.2 (4238847)|STATEMENT_EXECUTE|[108]
13:02:34.2 (4251907)|ENTERING_MANAGED_PKG|
13:02:34.2 (4260063)|STATEMENT_EXECUTE|[110]
13:02:34.2 (4261337)|STATEMENT_EXECUTE|[111]
13:02:34.2 (4272207)|ENTERING_MANAGED_PKG|
13:02:34.2 (4292135)|HEAP_ALLOCATE|[111]|Bytes:15
13:02:34.2 (4302918)|VARIABLE_SCOPE_BEGIN|[111]|relName1|String|false|false
13:02:34.2 (4314443)|VARIABLE_ASSIGNMENT|[111]|relName1|"contentdocument"
13:02:34.2 (4317110)|STATEMENT_EXECUTE|[112]
13:02:34.2 (4330172)|ENTERING_MANAGED_PKG|
13:02:34.2 (4347536)|HEAP_ALLOCATE|[112]|Bytes:5
13:02:34.2 (4357938)|VARIABLE_SCOPE_BEGIN|[112]|relField1|String|false|false
13:02:34.2 (4364051)|VARIABLE_ASSIGNMENT|[112]|relField1|"title"
13:02:34.2 (4373399)|ENTERING_MANAGED_PKG|
13:02:34.2 (4395175)|STATEMENT_EXECUTE|[132]
13:02:34.2 (4399048)|HEAP_ALLOCATE|[134]|Bytes:3
13:02:34.2 (4410068)|ENTERING_MANAGED_PKG|
13:02:34.2 (4430601)|STATEMENT_EXECUTE|[141]
13:02:34.2 (4439444)|METHOD_EXIT|[48]|01pB0000000ljzx|testautonumdata.Sparkle_Helper.AddFieldToObjectsMap(String, String, Map<String,Set<String>>)
13:02:34.2 (4442591)|STATEMENT_EXECUTE|[49]
13:02:34.2 (4445709)|HEAP_ALLOCATE|[49]|Bytes:24
13:02:34.2 (4453580)|METHOD_ENTRY|[49]|01pB0000000ljzx|testautonumdata.Sparkle_Helper.AddFieldToObjectsMap(String, String, Map<String,Set<String>>)
13:02:34.2 (4465083)|VARIABLE_SCOPE_BEGIN|[107]|fieldName|String|false|false
13:02:34.2 (4471744)|VARIABLE_ASSIGNMENT|[107]|fieldName|"contentdocument.file (4 more) ..."
13:02:34.2 (4473785)|VARIABLE_SCOPE_BEGIN|[107]|initialObjectName|String|false|false
13:02:34.2 (4476521)|VARIABLE_ASSIGNMENT|[107]|initialObjectName|"ContentDocumentLink"
13:02:34.2 (4477940)|VARIABLE_SCOPE_BEGIN|[107]|theMap|Map<String,Set<String>>|true|false
13:02:34.2 (4496007)|VARIABLE_ASSIGNMENT|[107]|theMap|{"s":1,"v":{"ContentDocumentLink":{"s":2,"v":["Id","ContentDocumentId"]}}}|0xdf59c2
13:02:34.2 (4504103)|HEAP_ALLOCATE|[109]|Bytes:5
13:02:34.2 (4507907)|STATEMENT_EXECUTE|[108]
13:02:34.2 (4520384)|ENTERING_MANAGED_PKG|
13:02:34.2 (4528301)|STATEMENT_EXECUTE|[110]
13:02:34.2 (4529575)|STATEMENT_EXECUTE|[111]
13:02:34.2 (4535914)|ENTERING_MANAGED_PKG|
13:02:34.2 (4539015)|HEAP_ALLOCATE|[111]|Bytes:15
13:02:34.2 (4546688)|VARIABLE_SCOPE_BEGIN|[111]|relName1|String|false|false
13:02:34.2 (4552619)|VARIABLE_ASSIGNMENT|[111]|relName1|"contentdocument"
13:02:34.2 (4554902)|STATEMENT_EXECUTE|[112]
13:02:34.2 (4562608)|ENTERING_MANAGED_PKG|
13:02:34.2 (4565537)|HEAP_ALLOCATE|[112]|Bytes:8
13:02:34.2 (4572580)|VARIABLE_SCOPE_BEGIN|[112]|relField1|String|false|false
13:02:34.2 (4577090)|VARIABLE_ASSIGNMENT|[112]|relField1|"filetype"
13:02:34.2 (4584566)|ENTERING_MANAGED_PKG|
13:02:34.2 (4591419)|STATEMENT_EXECUTE|[132]
13:02:34.2 (4597824)|ENTERING_MANAGED_PKG|
13:02:34.2 (4603806)|STATEMENT_EXECUTE|[141]
13:02:34.2 (4610828)|METHOD_EXIT|[49]|01pB0000000ljzx|testautonumdata.Sparkle_Helper.AddFieldToObjectsMap(String, String, Map<String,Set<String>>)
13:02:34.2 (4613768)|STATEMENT_EXECUTE|[50]
13:02:34.2 (4616421)|HEAP_ALLOCATE|[50]|Bytes:27
13:02:34.2 (4623865)|METHOD_ENTRY|[50]|01pB0000000ljzx|testautonumdata.Sparkle_Helper.AddFieldToObjectsMap(String, String, Map<String,Set<String>>)
13:02:34.2 (4636427)|VARIABLE_SCOPE_BEGIN|[107]|fieldName|String|false|false
13:02:34.2 (4642435)|VARIABLE_ASSIGNMENT|[107]|fieldName|"contentdocument.crea (7 more) ..."
13:02:34.2 (4644411)|VARIABLE_SCOPE_BEGIN|[107]|initialObjectName|String|false|false
13:02:34.2 (4647097)|VARIABLE_ASSIGNMENT|[107]|initialObjectName|"ContentDocumentLink"
13:02:34.2 (4648533)|VARIABLE_SCOPE_BEGIN|[107]|theMap|Map<String,Set<String>>|true|false
13:02:34.2 (4665998)|VARIABLE_ASSIGNMENT|[107]|theMap|{"s":1,"v":{"ContentDocumentLink":{"s":2,"v":["Id","ContentDocumentId"]}}}|0xdf59c2
13:02:34.2 (4673651)|HEAP_ALLOCATE|[109]|Bytes:5
13:02:34.2 (4677290)|STATEMENT_EXECUTE|[108]
13:02:34.2 (4689692)|ENTERING_MANAGED_PKG|
13:02:34.2 (4697345)|STATEMENT_EXECUTE|[110]
13:02:34.2 (4698635)|STATEMENT_EXECUTE|[111]
13:02:34.2 (4705062)|ENTERING_MANAGED_PKG|
13:02:34.2 (4708109)|HEAP_ALLOCATE|[111]|Bytes:15
13:02:34.2 (4715537)|VARIABLE_SCOPE_BEGIN|[111]|relName1|String|false|false
13:02:34.2 (4721423)|VARIABLE_ASSIGNMENT|[111]|relName1|"contentdocument"
13:02:34.2 (4723427)|STATEMENT_EXECUTE|[112]
13:02:34.2 (4731141)|ENTERING_MANAGED_PKG|
13:02:34.2 (4734150)|HEAP_ALLOCATE|[112]|Bytes:11
13:02:34.2 (4741112)|VARIABLE_SCOPE_BEGIN|[112]|relField1|String|false|false
13:02:34.2 (4745453)|VARIABLE_ASSIGNMENT|[112]|relField1|"createddate"
13:02:34.2 (4752856)|ENTERING_MANAGED_PKG|
13:02:34.2 (4759651)|STATEMENT_EXECUTE|[132]
13:02:34.2 (4766316)|ENTERING_MANAGED_PKG|
13:02:34.2 (4772667)|STATEMENT_EXECUTE|[141]
13:02:34.2 (4779514)|METHOD_EXIT|[50]|01pB0000000ljzx|testautonumdata.Sparkle_Helper.AddFieldToObjectsMap(String, String, Map<String,Set<String>>)
13:02:34.2 (4782133)|STATEMENT_EXECUTE|[51]
13:02:34.2 (4784965)|HEAP_ALLOCATE|[51]|Bytes:29
13:02:34.2 (4792285)|METHOD_ENTRY|[51]|01pB0000000ljzx|testautonumdata.Sparkle_Helper.AddFieldToObjectsMap(String, String, Map<String,Set<String>>)
13:02:34.2 (4804940)|VARIABLE_SCOPE_BEGIN|[107]|fieldName|String|false|false
13:02:34.2 (4811295)|VARIABLE_ASSIGNMENT|[107]|fieldName|"contentdocument.file (9 more) ..."
13:02:34.2 (4813465)|VARIABLE_SCOPE_BEGIN|[107]|initialObjectName|String|false|false
13:02:34.2 (4816189)|VARIABLE_ASSIGNMENT|[107]|initialObjectName|"ContentDocumentLink"
13:02:34.2 (4817578)|VARIABLE_SCOPE_BEGIN|[107]|theMap|Map<String,Set<String>>|true|false
13:02:34.2 (4834999)|VARIABLE_ASSIGNMENT|[107]|theMap|{"s":1,"v":{"ContentDocumentLink":{"s":2,"v":["Id","ContentDocumentId"]}}}|0xdf59c2
13:02:34.2 (4842806)|HEAP_ALLOCATE|[109]|Bytes:5
13:02:34.2 (4846426)|STATEMENT_EXECUTE|[108]
13:02:34.2 (4858702)|ENTERING_MANAGED_PKG|
13:02:34.2 (4866460)|STATEMENT_EXECUTE|[110]
13:02:34.2 (4867800)|STATEMENT_EXECUTE|[111]
13:02:34.2 (4874286)|ENTERING_MANAGED_PKG|
13:02:34.2 (4877218)|HEAP_ALLOCATE|[111]|Bytes:15
13:02:34.2 (4885207)|VARIABLE_SCOPE_BEGIN|[111]|relName1|String|false|false
13:02:34.2 (4890945)|VARIABLE_ASSIGNMENT|[111]|relName1|"contentdocument"
13:02:34.2 (4893018)|STATEMENT_EXECUTE|[112]
13:02:34.2 (4900788)|ENTERING_MANAGED_PKG|
13:02:34.2 (4903754)|HEAP_ALLOCATE|[112]|Bytes:13
13:02:34.2 (4910783)|VARIABLE_SCOPE_BEGIN|[112]|relField1|String|false|false
13:02:34.2 (4915140)|VARIABLE_ASSIGNMENT|[112]|relField1|"fileextension"
13:02:34.2 (4922425)|ENTERING_MANAGED_PKG|
13:02:34.2 (4929168)|STATEMENT_EXECUTE|[132]
13:02:34.2 (4935473)|ENTERING_MANAGED_PKG|
13:02:34.2 (4941500)|STATEMENT_EXECUTE|[141]
13:02:34.2 (4948440)|METHOD_EXIT|[51]|01pB0000000ljzx|testautonumdata.Sparkle_Helper.AddFieldToObjectsMap(String, String, Map<String,Set<String>>)
13:02:34.2 (4951102)|STATEMENT_EXECUTE|[52]
13:02:34.2 (4953682)|HEAP_ALLOCATE|[52]|Bytes:27
13:02:34.2 (4961242)|METHOD_ENTRY|[52]|01pB0000000ljzx|testautonumdata.Sparkle_Helper.AddFieldToObjectsMap(String, String, Map<String,Set<String>>)
13:02:34.2 (4973184)|VARIABLE_SCOPE_BEGIN|[107]|fieldName|String|false|false
13:02:34.2 (4979342)|VARIABLE_ASSIGNMENT|[107]|fieldName|"contentdocument.cont (7 more) ..."
13:02:34.2 (4981388)|VARIABLE_SCOPE_BEGIN|[107]|initialObjectName|String|false|false
13:02:34.2 (4984114)|VARIABLE_ASSIGNMENT|[107]|initialObjectName|"ContentDocumentLink"
13:02:34.2 (4985721)|VARIABLE_SCOPE_BEGIN|[107]|theMap|Map<String,Set<String>>|true|false
13:02:34.2 (5002876)|VARIABLE_ASSIGNMENT|[107]|theMap|{"s":1,"v":{"ContentDocumentLink":{"s":2,"v":["Id","ContentDocumentId"]}}}|0xdf59c2
13:02:34.2 (5011527)|HEAP_ALLOCATE|[109]|Bytes:5
13:02:34.2 (5015298)|STATEMENT_EXECUTE|[108]
13:02:34.2 (5027477)|ENTERING_MANAGED_PKG|
13:02:34.2 (5035199)|STATEMENT_EXECUTE|[110]
13:02:34.2 (5036569)|STATEMENT_EXECUTE|[111]
13:02:34.2 (5043224)|ENTERING_MANAGED_PKG|
13:02:34.2 (5046213)|HEAP_ALLOCATE|[111]|Bytes:15
13:02:34.2 (5053862)|VARIABLE_SCOPE_BEGIN|[111]|relName1|String|false|false
13:02:34.2 (5059580)|VARIABLE_ASSIGNMENT|[111]|relName1|"contentdocument"
13:02:34.2 (5061540)|STATEMENT_EXECUTE|[112]
13:02:34.2 (5069169)|ENTERING_MANAGED_PKG|
13:02:34.2 (5072134)|HEAP_ALLOCATE|[112]|Bytes:11
13:02:34.2 (5079002)|VARIABLE_SCOPE_BEGIN|[112]|relField1|String|false|false
13:02:34.2 (5083400)|VARIABLE_ASSIGNMENT|[112]|relField1|"contentsize"
13:02:34.2 (5090788)|ENTERING_MANAGED_PKG|
13:02:34.2 (5098273)|STATEMENT_EXECUTE|[132]
13:02:34.2 (5104570)|ENTERING_MANAGED_PKG|
13:02:34.2 (5110437)|STATEMENT_EXECUTE|[141]
13:02:34.2 (5117109)|METHOD_EXIT|[52]|01pB0000000ljzx|testautonumdata.Sparkle_Helper.AddFieldToObjectsMap(String, String, Map<String,Set<String>>)
13:02:34.2 (5119695)|STATEMENT_EXECUTE|[53]
13:02:34.2 (5122614)|HEAP_ALLOCATE|[53]|Bytes:9
13:02:34.2 (5129936)|METHOD_ENTRY|[53]|01pB0000000ljzx|testautonumdata.Sparkle_Helper.AddFieldToObjectsMap(String, String, Map<String,Set<String>>)
13:02:34.2 (5141484)|VARIABLE_SCOPE_BEGIN|[107]|fieldName|String|false|false
13:02:34.2 (5146753)|VARIABLE_ASSIGNMENT|[107]|fieldName|"IsDeleted"
13:02:34.2 (5148759)|VARIABLE_SCOPE_BEGIN|[107]|initialObjectName|String|false|false
13:02:34.2 (5151525)|VARIABLE_ASSIGNMENT|[107]|initialObjectName|"ContentDocumentLink"
13:02:34.2 (5152992)|VARIABLE_SCOPE_BEGIN|[107]|theMap|Map<String,Set<String>>|true|false
13:02:34.2 (5169912)|VARIABLE_ASSIGNMENT|[107]|theMap|{"s":1,"v":{"ContentDocumentLink":{"s":2,"v":["Id","ContentDocumentId"]}}}|0xdf59c2
13:02:34.2 (5177827)|HEAP_ALLOCATE|[109]|Bytes:5
13:02:34.2 (5181431)|STATEMENT_EXECUTE|[108]
13:02:34.2 (5193637)|ENTERING_MANAGED_PKG|
13:02:34.2 (5201272)|STATEMENT_EXECUTE|[150]
13:02:34.2 (5206753)|METHOD_ENTRY|[150]|01pB0000000ljzx|testautonumdata.Sparkle_Helper.AddFieldToMap(String, String, Map<String,Set<String>>)
13:02:34.2 (5210432)|VARIABLE_SCOPE_BEGIN|[157]|fieldName|String|false|false
13:02:34.2 (5215455)|VARIABLE_ASSIGNMENT|[157]|fieldName|"IsDeleted"
13:02:34.2 (5217137)|VARIABLE_SCOPE_BEGIN|[157]|ObjectName|String|false|false
13:02:34.2 (5220055)|VARIABLE_ASSIGNMENT|[157]|ObjectName|"ContentDocumentLink"
13:02:34.2 (5221514)|VARIABLE_SCOPE_BEGIN|[157]|theMap|Map<String,Set<String>>|true|false
13:02:34.2 (5240227)|VARIABLE_ASSIGNMENT|[157]|theMap|{"s":1,"v":{"ContentDocumentLink":{"s":2,"v":["Id","ContentDocumentId"]}}}|0xdf59c2
13:02:34.2 (5247535)|HEAP_ALLOCATE|[160]|Bytes:5
13:02:34.2 (5251090)|STATEMENT_EXECUTE|[158]
13:02:34.2 (5257977)|ENTERING_MANAGED_PKG|
13:02:34.2 (5264162)|STATEMENT_EXECUTE|[161]
13:02:34.2 (5265478)|STATEMENT_EXECUTE|[162]
13:02:34.2 (5269057)|ENTERING_MANAGED_PKG|
13:02:34.2 (5278010)|VARIABLE_SCOPE_BEGIN|[162]|existingFieldSet|Set<String>|true|false
13:02:34.2 (5291716)|VARIABLE_ASSIGNMENT|[162]|existingFieldSet|{"s":1,"v":["Id","ContentDocumentId"]}|0x35388756
13:02:34.2 (5294652)|STATEMENT_EXECUTE|[163]
13:02:34.2 (5300534)|ENTERING_MANAGED_PKG|
13:02:34.2 (5305244)|HEAP_ALLOCATE|[EXTERNAL]|Bytes:4
13:02:34.2 (5315562)|STATEMENT_EXECUTE|[164]
13:02:34.2 (5320284)|ENTERING_MANAGED_PKG|
13:02:34.2 (5338687)|METHOD_EXIT|[150]|01pB0000000ljzx|testautonumdata.Sparkle_Helper.AddFieldToMap(String, String, Map<String,Set<String>>)
13:02:34.2 (5344729)|METHOD_EXIT|[53]|01pB0000000ljzx|testautonumdata.Sparkle_Helper.AddFieldToObjectsMap(String, String, Map<String,Set<String>>)
13:02:34.2 (5347572)|STATEMENT_EXECUTE|[54]
13:02:34.2 (5351010)|HEAP_ALLOCATE|[54]|Bytes:14
13:02:34.2 (5358552)|METHOD_ENTRY|[54]|01pB0000000ljzx|testautonumdata.Sparkle_Helper.AddFieldToObjectsMap(String, String, Map<String,Set<String>>)
13:02:34.2 (5370539)|VARIABLE_SCOPE_BEGIN|[107]|fieldName|String|false|false
13:02:34.2 (5376446)|VARIABLE_ASSIGNMENT|[107]|fieldName|"LinkedEntityId"
13:02:34.2 (5378419)|VARIABLE_SCOPE_BEGIN|[107]|initialObjectName|String|false|false
13:02:34.2 (5381206)|VARIABLE_ASSIGNMENT|[107]|initialObjectName|"ContentDocumentLink"
13:02:34.2 (5382553)|VARIABLE_SCOPE_BEGIN|[107]|theMap|Map<String,Set<String>>|true|false
13:02:34.2 (5400381)|VARIABLE_ASSIGNMENT|[107]|theMap|{"s":1,"v":{"ContentDocumentLink":{"s":2,"v":["Id","ContentDocumentId","IsDeleted"]}}}|0xdf59c2
13:02:34.2 (5408453)|HEAP_ALLOCATE|[109]|Bytes:5
13:02:34.2 (5412105)|STATEMENT_EXECUTE|[108]
13:02:34.2 (5424935)|ENTERING_MANAGED_PKG|
13:02:34.2 (5432937)|STATEMENT_EXECUTE|[150]
13:02:34.2 (5438404)|METHOD_ENTRY|[150]|01pB0000000ljzx|testautonumdata.Sparkle_Helper.AddFieldToMap(String, String, Map<String,Set<String>>)
13:02:34.2 (5441915)|VARIABLE_SCOPE_BEGIN|[157]|fieldName|String|false|false
13:02:34.2 (5447458)|VARIABLE_ASSIGNMENT|[157]|fieldName|"LinkedEntityId"
13:02:34.2 (5449141)|VARIABLE_SCOPE_BEGIN|[157]|ObjectName|String|false|false
13:02:34.2 (5451702)|VARIABLE_ASSIGNMENT|[157]|ObjectName|"ContentDocumentLink"
13:02:34.2 (5453075)|VARIABLE_SCOPE_BEGIN|[157]|theMap|Map<String,Set<String>>|true|false
13:02:34.2 (5469196)|VARIABLE_ASSIGNMENT|[157]|theMap|{"s":1,"v":{"ContentDocumentLink":{"s":2,"v":["Id","ContentDocumentId","IsDeleted"]}}}|0xdf59c2
13:02:34.2 (5476318)|HEAP_ALLOCATE|[160]|Bytes:5
13:02:34.2 (5479846)|STATEMENT_EXECUTE|[158]
13:02:34.2 (5486396)|ENTERING_MANAGED_PKG|
13:02:34.2 (5492607)|STATEMENT_EXECUTE|[161]
13:02:34.2 (5493876)|STATEMENT_EXECUTE|[162]
13:02:34.2 (5497296)|ENTERING_MANAGED_PKG|
13:02:34.2 (5505818)|VARIABLE_SCOPE_BEGIN|[162]|existingFieldSet|Set<String>|true|false
13:02:34.2 (5519818)|VARIABLE_ASSIGNMENT|[162]|existingFieldSet|{"s":1,"v":["Id","ContentDocumentId","IsDeleted"]}|0x35388756
13:02:34.2 (5523082)|STATEMENT_EXECUTE|[163]
13:02:34.2 (5528905)|ENTERING_MANAGED_PKG|
13:02:34.2 (5533098)|HEAP_ALLOCATE|[EXTERNAL]|Bytes:4
13:02:34.2 (5539097)|STATEMENT_EXECUTE|[164]
13:02:34.2 (5543236)|ENTERING_MANAGED_PKG|
13:02:34.2 (5560732)|METHOD_EXIT|[150]|01pB0000000ljzx|testautonumdata.Sparkle_Helper.AddFieldToMap(String, String, Map<String,Set<String>>)
13:02:34.2 (5566665)|METHOD_EXIT|[54]|01pB0000000ljzx|testautonumdata.Sparkle_Helper.AddFieldToObjectsMap(String, String, Map<String,Set<String>>)
13:02:34.2 (5569145)|STATEMENT_EXECUTE|[55]
13:02:34.2 (5572170)|HEAP_ALLOCATE|[55]|Bytes:9
13:02:34.2 (5579891)|METHOD_ENTRY|[55]|01pB0000000ljzx|testautonumdata.Sparkle_Helper.AddFieldToObjectsMap(String, String, Map<String,Set<String>>)
13:02:34.2 (5591806)|VARIABLE_SCOPE_BEGIN|[107]|fieldName|String|false|false
13:02:34.2 (5597492)|VARIABLE_ASSIGNMENT|[107]|fieldName|"ShareType"
13:02:34.2 (5599467)|VARIABLE_SCOPE_BEGIN|[107]|initialObjectName|String|false|false
13:02:34.2 (5602070)|VARIABLE_ASSIGNMENT|[107]|initialObjectName|"ContentDocumentLink"
13:02:34.2 (5603405)|VARIABLE_SCOPE_BEGIN|[107]|theMap|Map<String,Set<String>>|true|false
13:02:34.2 (5621662)|VARIABLE_ASSIGNMENT|[107]|theMap|{"s":1,"v":{"ContentDocumentLink":{"s":2,"v":["Id","ContentDocumentId","IsDeleted","LinkedEntityId"]}}}|0xdf59c2
13:02:34.2 (5629866)|HEAP_ALLOCATE|[109]|Bytes:5
13:02:34.2 (5633615)|STATEMENT_EXECUTE|[108]
13:02:34.2 (5646341)|ENTERING_MANAGED_PKG|
13:02:34.2 (5654765)|STATEMENT_EXECUTE|[150]
13:02:34.2 (5660182)|METHOD_ENTRY|[150]|01pB0000000ljzx|testautonumdata.Sparkle_Helper.AddFieldToMap(String, String, Map<String,Set<String>>)
13:02:34.2 (5663227)|VARIABLE_SCOPE_BEGIN|[157]|fieldName|String|false|false
13:02:34.2 (5668056)|VARIABLE_ASSIGNMENT|[157]|fieldName|"ShareType"
13:02:34.2 (5669746)|VARIABLE_SCOPE_BEGIN|[157]|ObjectName|String|false|false
13:02:34.2 (5672470)|VARIABLE_ASSIGNMENT|[157]|ObjectName|"ContentDocumentLink"
13:02:34.2 (5673785)|VARIABLE_SCOPE_BEGIN|[157]|theMap|Map<String,Set<String>>|true|false
13:02:34.2 (5690484)|VARIABLE_ASSIGNMENT|[157]|theMap|{"s":1,"v":{"ContentDocumentLink":{"s":2,"v":["Id","ContentDocumentId","IsDeleted","LinkedEntityId"]}}}|0xdf59c2
13:02:34.2 (5698407)|HEAP_ALLOCATE|[160]|Bytes:5
13:02:34.2 (5702105)|STATEMENT_EXECUTE|[158]
13:02:34.2 (5708872)|ENTERING_MANAGED_PKG|
13:02:34.2 (5714915)|STATEMENT_EXECUTE|[161]
13:02:34.2 (5716229)|STATEMENT_EXECUTE|[162]
13:02:34.2 (5719703)|ENTERING_MANAGED_PKG|
13:02:34.2 (5727965)|VARIABLE_SCOPE_BEGIN|[162]|existingFieldSet|Set<String>|true|false
13:02:34.2 (5742234)|VARIABLE_ASSIGNMENT|[162]|existingFieldSet|{"s":1,"v":["Id","ContentDocumentId","IsDeleted","LinkedEntityId"]}|0x35388756
13:02:34.2 (5745347)|STATEMENT_EXECUTE|[163]
13:02:34.2 (5751183)|ENTERING_MANAGED_PKG|
13:02:34.2 (5755349)|HEAP_ALLOCATE|[EXTERNAL]|Bytes:4
13:02:34.2 (5761301)|STATEMENT_EXECUTE|[164]
13:02:34.2 (5765403)|ENTERING_MANAGED_PKG|
13:02:34.2 (5782410)|METHOD_EXIT|[150]|01pB0000000ljzx|testautonumdata.Sparkle_Helper.AddFieldToMap(String, String, Map<String,Set<String>>)
13:02:34.2 (5788426)|METHOD_EXIT|[55]|01pB0000000ljzx|testautonumdata.Sparkle_Helper.AddFieldToObjectsMap(String, String, Map<String,Set<String>>)
13:02:34.2 (5791030)|STATEMENT_EXECUTE|[56]
13:02:34.2 (5794418)|HEAP_ALLOCATE|[56]|Bytes:14
13:02:34.2 (5801747)|METHOD_ENTRY|[56]|01pB0000000ljzx|testautonumdata.Sparkle_Helper.AddFieldToObjectsMap(String, String, Map<String,Set<String>>)
13:02:34.2 (5813730)|VARIABLE_SCOPE_BEGIN|[107]|fieldName|String|false|false
13:02:34.2 (5819545)|VARIABLE_ASSIGNMENT|[107]|fieldName|"SystemModstamp"
13:02:34.2 (5821425)|VARIABLE_SCOPE_BEGIN|[107]|initialObjectName|String|false|false
13:02:34.2 (5824149)|VARIABLE_ASSIGNMENT|[107]|initialObjectName|"ContentDocumentLink"
13:02:34.2 (5825505)|VARIABLE_SCOPE_BEGIN|[107]|theMap|Map<String,Set<String>>|true|false
13:02:34.2 (5843845)|VARIABLE_ASSIGNMENT|[107]|theMap|{"s":1,"v":{"ContentDocumentLink":{"s":2,"v":["Id","ContentDocumentId","IsDeleted","LinkedEntityId","ShareType"]}}}|0xdf59c2
13:02:34.2 (5852019)|HEAP_ALLOCATE|[109]|Bytes:5
13:02:34.2 (5855929)|STATEMENT_EXECUTE|[108]
13:02:34.2 (5868848)|ENTERING_MANAGED_PKG|
13:02:34.2 (5876701)|STATEMENT_EXECUTE|[150]
13:02:34.2 (5882119)|METHOD_ENTRY|[150]|01pB0000000ljzx|testautonumdata.Sparkle_Helper.AddFieldToMap(String, String, Map<String,Set<String>>)
13:02:34.2 (5885187)|VARIABLE_SCOPE_BEGIN|[157]|fieldName|String|false|false
13:02:34.2 (5890075)|VARIABLE_ASSIGNMENT|[157]|fieldName|"SystemModstamp"
13:02:34.2 (5891767)|VARIABLE_SCOPE_BEGIN|[157]|ObjectName|String|false|false
13:02:34.2 (5894560)|VARIABLE_ASSIGNMENT|[157]|ObjectName|"ContentDocumentLink"
13:02:34.2 (5895867)|VARIABLE_SCOPE_BEGIN|[157]|theMap|Map<String,Set<String>>|true|false
13:02:34.2 (5913239)|VARIABLE_ASSIGNMENT|[157]|theMap|{"s":1,"v":{"ContentDocumentLink":{"s":2,"v":["Id","ContentDocumentId","IsDeleted","LinkedEntityId","ShareType"]}}}|0xdf59c2
13:02:34.2 (5920910)|HEAP_ALLOCATE|[160]|Bytes:5
13:02:34.2 (5924381)|STATEMENT_EXECUTE|[158]
13:02:34.2 (5930961)|ENTERING_MANAGED_PKG|
13:02:34.2 (5937187)|STATEMENT_EXECUTE|[161]
13:02:34.2 (5938411)|STATEMENT_EXECUTE|[162]
13:02:34.2 (5941892)|ENTERING_MANAGED_PKG|
13:02:34.2 (5950382)|VARIABLE_SCOPE_BEGIN|[162]|existingFieldSet|Set<String>|true|false
13:02:34.2 (5965262)|VARIABLE_ASSIGNMENT|[162]|existingFieldSet|{"s":1,"v":["Id","ContentDocumentId","IsDeleted","LinkedEntityId","ShareType"]}|0x35388756
13:02:34.2 (5968747)|STATEMENT_EXECUTE|[163]
13:02:34.2 (5974500)|ENTERING_MANAGED_PKG|
13:02:34.2 (5978636)|HEAP_ALLOCATE|[EXTERNAL]|Bytes:4
13:02:34.2 (5984520)|STATEMENT_EXECUTE|[164]
13:02:34.2 (5988673)|ENTERING_MANAGED_PKG|
13:02:34.2 (6005291)|METHOD_EXIT|[150]|01pB0000000ljzx|testautonumdata.Sparkle_Helper.AddFieldToMap(String, String, Map<String,Set<String>>)
13:02:34.2 (6011693)|METHOD_EXIT|[56]|01pB0000000ljzx|testautonumdata.Sparkle_Helper.AddFieldToObjectsMap(String, String, Map<String,Set<String>>)
13:02:34.2 (6014218)|STATEMENT_EXECUTE|[57]
13:02:34.2 (6017403)|HEAP_ALLOCATE|[57]|Bytes:10
13:02:34.2 (6024772)|METHOD_ENTRY|[57]|01pB0000000ljzx|testautonumdata.Sparkle_Helper.AddFieldToObjectsMap(String, String, Map<String,Set<String>>)
13:02:34.2 (6036605)|VARIABLE_SCOPE_BEGIN|[107]|fieldName|String|false|false
13:02:34.2 (6042302)|VARIABLE_ASSIGNMENT|[107]|fieldName|"Visibility"
13:02:34.2 (6044275)|VARIABLE_SCOPE_BEGIN|[107]|initialObjectName|String|false|false
13:02:34.2 (6047071)|VARIABLE_ASSIGNMENT|[107]|initialObjectName|"ContentDocumentLink"
13:02:34.2 (6048510)|VARIABLE_SCOPE_BEGIN|[107]|theMap|Map<String,Set<String>>|true|false
13:02:34.2 (6067708)|VARIABLE_ASSIGNMENT|[107]|theMap|{"s":1,"v":{"ContentDocumentLink":{"s":2,"v":"List of size 6 too large to display"}}}|0xdf59c2
13:02:34.2 (6076016)|HEAP_ALLOCATE|[109]|Bytes:5
13:02:34.2 (6079646)|STATEMENT_EXECUTE|[108]
13:02:34.2 (6092522)|ENTERING_MANAGED_PKG|
13:02:34.2 (6100317)|STATEMENT_EXECUTE|[150]
13:02:34.2 (6105642)|METHOD_ENTRY|[150]|01pB0000000ljzx|testautonumdata.Sparkle_Helper.AddFieldToMap(String, String, Map<String,Set<String>>)
13:02:34.2 (6108623)|VARIABLE_SCOPE_BEGIN|[157]|fieldName|String|false|false
13:02:34.2 (6113713)|VARIABLE_ASSIGNMENT|[157]|fieldName|"Visibility"
13:02:34.2 (6115345)|VARIABLE_SCOPE_BEGIN|[157]|ObjectName|String|false|false
13:02:34.2 (6118217)|VARIABLE_ASSIGNMENT|[157]|ObjectName|"ContentDocumentLink"
13:02:34.2 (6119567)|VARIABLE_SCOPE_BEGIN|[157]|theMap|Map<String,Set<String>>|true|false
13:02:34.2 (6135897)|VARIABLE_ASSIGNMENT|[157]|theMap|{"s":1,"v":{"ContentDocumentLink":{"s":2,"v":"List of size 6 too large to display"}}}|0xdf59c2
13:02:34.2 (6143166)|HEAP_ALLOCATE|[160]|Bytes:5
13:02:34.2 (6146793)|STATEMENT_EXECUTE|[158]
13:02:34.2 (6153245)|ENTERING_MANAGED_PKG|
13:02:34.2 (6159289)|STATEMENT_EXECUTE|[161]
13:02:34.2 (6160586)|STATEMENT_EXECUTE|[162]
13:02:34.2 (6164513)|ENTERING_MANAGED_PKG|
13:02:34.2 (6172793)|VARIABLE_SCOPE_BEGIN|[162]|existingFieldSet|Set<String>|true|false
13:02:34.2 (6186366)|VARIABLE_ASSIGNMENT|[162]|existingFieldSet|{"s":1,"v":"List of size 6 too large to display"}|0x35388756
13:02:34.2 (6189249)|STATEMENT_EXECUTE|[163]
13:02:34.2 (6194993)|ENTERING_MANAGED_PKG|
13:02:34.2 (6199005)|HEAP_ALLOCATE|[EXTERNAL]|Bytes:4
13:02:34.2 (6204820)|STATEMENT_EXECUTE|[164]
13:02:34.2 (6208826)|ENTERING_MANAGED_PKG|
13:02:34.2 (6225201)|METHOD_EXIT|[150]|01pB0000000ljzx|testautonumdata.Sparkle_Helper.AddFieldToMap(String, String, Map<String,Set<String>>)
13:02:34.2 (6231126)|METHOD_EXIT|[57]|01pB0000000ljzx|testautonumdata.Sparkle_Helper.AddFieldToObjectsMap(String, String, Map<String,Set<String>>)
13:02:34.2 (6233983)|STATEMENT_EXECUTE|[58]
13:02:34.2 (6237120)|HEAP_ALLOCATE|[58]|Bytes:26
13:02:34.2 (6244604)|METHOD_ENTRY|[58]|01pB0000000ljzx|testautonumdata.Sparkle_Helper.AddFieldToObjectsMap(String, String, Map<String,Set<String>>)
13:02:34.2 (6256450)|VARIABLE_SCOPE_BEGIN|[107]|fieldName|String|false|false
13:02:34.2 (6263232)|VARIABLE_ASSIGNMENT|[107]|fieldName|"contentdocument.isAr (6 more) ..."
13:02:34.2 (6265292)|VARIABLE_SCOPE_BEGIN|[107]|initialObjectName|String|false|false
13:02:34.2 (6268053)|VARIABLE_ASSIGNMENT|[107]|initialObjectName|"ContentDocumentLink"
13:02:34.2 (6269384)|VARIABLE_SCOPE_BEGIN|[107]|theMap|Map<String,Set<String>>|true|false
13:02:34.2 (6287904)|VARIABLE_ASSIGNMENT|[107]|theMap|{"s":1,"v":{"ContentDocumentLink":{"s":2,"v":"List of size 7 too large to display"}}}|0xdf59c2
13:02:34.2 (6295564)|HEAP_ALLOCATE|[109]|Bytes:5
13:02:34.2 (6302163)|STATEMENT_EXECUTE|[108]
13:02:34.2 (6318666)|ENTERING_MANAGED_PKG|
13:02:34.2 (6327078)|STATEMENT_EXECUTE|[110]
13:02:34.2 (6328405)|STATEMENT_EXECUTE|[111]
13:02:34.2 (6334963)|ENTERING_MANAGED_PKG|
13:02:34.2 (6338112)|HEAP_ALLOCATE|[111]|Bytes:15
13:02:34.2 (6345789)|VARIABLE_SCOPE_BEGIN|[111]|relName1|String|false|false
13:02:34.2 (6351891)|VARIABLE_ASSIGNMENT|[111]|relName1|"contentdocument"
13:02:34.2 (6354013)|STATEMENT_EXECUTE|[112]
13:02:34.2 (6361917)|ENTERING_MANAGED_PKG|
13:02:34.2 (6364959)|HEAP_ALLOCATE|[112]|Bytes:10
13:02:34.2 (6371986)|VARIABLE_SCOPE_BEGIN|[112]|relField1|String|false|false
13:02:34.2 (6376665)|VARIABLE_ASSIGNMENT|[112]|relField1|"isArchived"
13:02:34.2 (6384094)|ENTERING_MANAGED_PKG|
13:02:34.2 (6391084)|STATEMENT_EXECUTE|[132]
13:02:34.2 (6397480)|ENTERING_MANAGED_PKG|
13:02:34.2 (6403843)|STATEMENT_EXECUTE|[141]
13:02:34.2 (6410687)|METHOD_EXIT|[58]|01pB0000000ljzx|testautonumdata.Sparkle_Helper.AddFieldToObjectsMap(String, String, Map<String,Set<String>>)
13:02:34.2 (6413436)|STATEMENT_EXECUTE|[59]
13:02:34.2 (6415923)|HEAP_ALLOCATE|[59]|Bytes:25
13:02:34.2 (6423195)|METHOD_ENTRY|[59]|01pB0000000ljzx|testautonumdata.Sparkle_Helper.AddFieldToObjectsMap(String, String, Map<String,Set<String>>)
13:02:34.2 (6434955)|VARIABLE_SCOPE_BEGIN|[107]|fieldName|String|false|false
13:02:34.2 (6441185)|VARIABLE_ASSIGNMENT|[107]|fieldName|"contentdocument.isDe (5 more) ..."
13:02:34.2 (6443152)|VARIABLE_SCOPE_BEGIN|[107]|initialObjectName|String|false|false
13:02:34.2 (6445852)|VARIABLE_ASSIGNMENT|[107]|initialObjectName|"ContentDocumentLink"
13:02:34.2 (6447171)|VARIABLE_SCOPE_BEGIN|[107]|theMap|Map<String,Set<String>>|true|false
13:02:34.2 (6464455)|VARIABLE_ASSIGNMENT|[107]|theMap|{"s":1,"v":{"ContentDocumentLink":{"s":2,"v":"List of size 7 too large to display"}}}|0xdf59c2
13:02:34.2 (6472069)|HEAP_ALLOCATE|[109]|Bytes:5
13:02:34.2 (6475671)|STATEMENT_EXECUTE|[108]
13:02:34.2 (6487973)|ENTERING_MANAGED_PKG|
13:02:34.2 (6495723)|STATEMENT_EXECUTE|[110]
13:02:34.2 (6497086)|STATEMENT_EXECUTE|[111]
13:02:34.2 (6503476)|ENTERING_MANAGED_PKG|
13:02:34.2 (6506525)|HEAP_ALLOCATE|[111]|Bytes:15
13:02:34.2 (6514075)|VARIABLE_SCOPE_BEGIN|[111]|relName1|String|false|false
13:02:34.2 (6519814)|VARIABLE_ASSIGNMENT|[111]|relName1|"contentdocument"
13:02:34.2 (6521790)|STATEMENT_EXECUTE|[112]
13:02:34.2 (6529728)|ENTERING_MANAGED_PKG|
13:02:34.2 (6532724)|HEAP_ALLOCATE|[112]|Bytes:9
13:02:34.2 (6539602)|VARIABLE_SCOPE_BEGIN|[112]|relField1|String|false|false
13:02:34.2 (6543893)|VARIABLE_ASSIGNMENT|[112]|relField1|"isDeleted"
13:02:34.2 (6551176)|ENTERING_MANAGED_PKG|
13:02:34.2 (6557940)|STATEMENT_EXECUTE|[132]
13:02:34.2 (6564410)|ENTERING_MANAGED_PKG|
13:02:34.2 (6570474)|STATEMENT_EXECUTE|[141]
13:02:34.2 (6577019)|METHOD_EXIT|[59]|01pB0000000ljzx|testautonumdata.Sparkle_Helper.AddFieldToObjectsMap(String, String, Map<String,Set<String>>)
13:02:34.2 (6579846)|STATEMENT_EXECUTE|[66]
13:02:34.2 (6582532)|HEAP_ALLOCATE|[66]|Bytes:45
13:02:34.2 (6588803)|HEAP_ALLOCATE|[66]|Bytes:466
13:02:34.2 (6598491)|ENTERING_MANAGED_PKG|
13:02:34.2 (6616083)|USER_DEBUG|[66]|DEBUG|######## FilesViewerServerController - soql: select ContentDocumentId, contentdocument.title, contentdocument.filetype, contentdocument.createddate, contentdocument.fileextension, contentdocument.contentsize, Id,IsDeleted,LinkedEntityId,ShareType,SystemModstamp,Visibility FROM ContentDocumentLink where LinkedEntityId  = 'a0MB0000000cQXF' and contentdocument.isArchived = false and contentdocument.isDeleted = false order by contentdocument.createddate desc limit 8
13:02:34.2 (6626713)|STATEMENT_EXECUTE|[68]
13:02:34.2 (6647095)|ENTERING_MANAGED_PKG|
13:02:34.2 (6668211)|HEAP_ALLOCATE|[68]|Bytes:4
13:02:34.2 (14710492)|SOQL_EXECUTE_BEGIN|[68]|Aggregations:0|select ContentDocumentId, contentdocument.title, contentdocument.filetype, contentdocument.createddate, contentdocument.fileextension, contentdocument.contentsize, Id,IsDeleted,LinkedEntityId,ShareType,SystemModstamp,Visibility FROM ContentDocumentLink where LinkedEntityId  = 'a0MB0000000cQXF' and contentdocument.isArchived = false and contentdocument.isDeleted = false order by contentdocument.createddate desc limit 8
13:02:34.2 (25657446)|SOQL_EXECUTE_END|[68]|Rows:2
13:02:34.2 (25684193)|HEAP_ALLOCATE|[68]|Bytes:12
13:02:34.2 (25729945)|HEAP_ALLOCATE|[68]|Bytes:735
13:02:34.2 (25848978)|HEAP_ALLOCATE|[68]|Bytes:12
13:02:34.2 (25880971)|VARIABLE_SCOPE_BEGIN|[68]|lstQueriedRecords|List<SObject>|true|false
13:02:34.2 (26182985)|VARIABLE_ASSIGNMENT|[68]|lstQueriedRecords|{"s":1,"v":[{"s":2,"v":{"ContentDocumentId":"069B0000000zbmmIAA","Id":"06AB0000000xmryMAA","IsDeleted":false,"LinkedEntityId":"a0MB0000000cQXFMA2","ShareType":"V","SystemModstamp":"2016-05-23T15:46:04.000Z","Visibility":"InternalUsers","entityTypeName":"Custom Object Record","ContentDocument":{"s":3,"v":{"Title":"ResumeTemplate 1","FileType":"WORD","CreatedDate":"2016-05-23T15:46:04.000Z","FileExtension":"doc","ContentSize":29696,"Id":"069B0000000zbmmIAA"}}}},{"s":4,"v":{"ContentDocumentId":"069B0000000zbmhIAA","Id":"06AB0000000xmrtMAA","IsDeleted":false,"LinkedEntityId":"a0MB0000000cQXFMA2","ShareType":"V","SystemModstamp":"2016-05-23T15:46:04.000Z","Visibility":"InternalUsers","entityTypeName":"Custom Object Record","ContentDocument":{"s":5,"v":{"Title":"ResumeTemplate 1","FileType":"PDF","CreatedDate":"2016-05-23T15:46:03.000Z","FileExtension":"pdf","ContentSize":48077,"Id":"069B0000000zbmhIAA"}}}}]}|0x5d1e7e21
13:02:34.2 (26199661)|STATEMENT_EXECUTE|[70]
13:02:34.2 (26208541)|HEAP_ALLOCATE|[70]|Bytes:59
13:02:34.2 (26242148)|ENTERING_MANAGED_PKG|
13:02:34.2 (26406635)|HEAP_ALLOCATE|[70]|Bytes:420
13:02:34.2 (26427355)|HEAP_ALLOCATE|[70]|Bytes:479
13:02:34.2 (26442032)|ENTERING_MANAGED_PKG|
13:02:34.2 (26451090)|USER_DEBUG|[70]|DEBUG|######## FilesViewerServerController -  lstQueriedRecords: (ContentDocumentLink:{ContentDocumentId=069B0000000zbmmIAA, Id=06AB0000000xmryMAA, IsDeleted=false, LinkedEntityId=a0MB0000000cQXFMA2, ShareType=V, SystemModstamp=2016-05-23 15:46:04, Visibility=InternalUsers}, ContentDocumentLink:{ContentDocumentId=069B0000000zbmhIAA, Id=06AB0000000xmrtMAA, IsDeleted=false, LinkedEntityId=a0MB0000000cQXFMA2, ShareType=V, SystemModstamp=2016-05-23 15:46:04, Visibility=InternalUsers})
13:02:34.2 (26474068)|METHOD_ENTRY|[74]|01pB0000000ljzx|testautonumdata.Sparkle_Helper.UserHasAccessToObjectsAndFields(Map<String,Set<String>>)
13:02:34.2 (26493670)|VARIABLE_SCOPE_BEGIN|[175]|theMap|Map<String,Set<String>>|true|false
13:02:34.2 (26521283)|VARIABLE_ASSIGNMENT|[175]|theMap|{"s":1,"v":{"ContentDocumentLink":{"s":2,"v":"List of size 7 too large to display"}}}|0xdf59c2
13:02:34.2 (26535196)|HEAP_ALLOCATE|[177]|Bytes:5
13:02:34.2 (26540001)|STATEMENT_EXECUTE|[176]
13:02:34.2 (26541438)|STATEMENT_EXECUTE|[177]
13:02:34.2 (26546797)|VARIABLE_SCOPE_BEGIN|[177]|hasAccess|Boolean|false|false
13:02:34.2 (26549877)|HEAP_ALLOCATE|[177]|Bytes:5
13:02:34.2 (26555130)|VARIABLE_ASSIGNMENT|[177]|hasAccess|true
13:02:34.2 (26568916)|ENTERING_MANAGED_PKG|
13:02:34.2 (26599455)|STATEMENT_EXECUTE|[180]
13:02:34.2 (26601459)|STATEMENT_EXECUTE|[181]
13:02:34.2 (26605059)|HEAP_ALLOCATE|[181]|Bytes:17
13:02:34.2 (26620041)|ENTERING_MANAGED_PKG|
13:02:34.2 (26653782)|HEAP_ALLOCATE|[181]|Bytes:111
13:02:34.2 (26667592)|HEAP_ALLOCATE|[181]|Bytes:128
13:02:34.2 (26677192)|ENTERING_MANAGED_PKG|
13:02:34.2 (26683288)|USER_DEBUG|[181]|DEBUG|######## theMap: {ContentDocumentLink={ContentDocumentId, Id, IsDeleted, LinkedEntityId, ShareType, SystemModstamp, Visibility}}
13:02:34.2 (26698647)|HEAP_ALLOCATE|[182]|Bytes:4
13:02:34.2 (26716341)|ENTERING_MANAGED_PKG|
13:02:34.2 (26741360)|ENTERING_MANAGED_PKG|
13:02:34.2 (26782411)|HEAP_ALLOCATE|[182]|Bytes:27
13:02:34.2 (26808588)|ENTERING_MANAGED_PKG|
13:02:34.2 (26817849)|HEAP_ALLOCATE|[182]|Bytes:4
13:02:34.2 (26835719)|ENTERING_MANAGED_PKG|
13:02:34.2 (26959220)|HEAP_ALLOCATE|[182]|Bytes:5
13:02:34.2 (26993253)|VARIABLE_SCOPE_BEGIN|[182]|objectName|String|false|false
13:02:34.2 (27006506)|VARIABLE_ASSIGNMENT|[182]|objectName|"ContentDocumentLink"
13:02:34.2 (27013381)|STATEMENT_EXECUTE|[183]
13:02:34.2 (27015615)|STATEMENT_EXECUTE|[184]
13:02:34.2 (27020612)|HEAP_ALLOCATE|[184]|Bytes:21
13:02:34.2 (27032256)|HEAP_ALLOCATE|[184]|Bytes:40
13:02:34.2 (27050096)|ENTERING_MANAGED_PKG|
13:02:34.2 (27078810)|USER_DEBUG|[184]|DEBUG|######## objectName: ContentDocumentLink
13:02:34.2 (27093319)|STATEMENT_EXECUTE|[185]
13:02:34.2 (27120752)|ENTERING_MANAGED_PKG|
13:02:34.2 (46837967)|HEAP_ALLOCATE|[185]|Bytes:1648
13:02:34.2 (46873364)|ENTERING_MANAGED_PKG|
13:02:34.2 (46946912)|HEAP_ALLOCATE|[185]|Bytes:4
13:02:34.2 (46957475)|VARIABLE_SCOPE_BEGIN|[185]|sObj|SObject|true|false
13:02:34.2 (46976079)|VARIABLE_ASSIGNMENT|[185]|sObj|{}|0x3da9cbe5
13:02:34.2 (46980649)|STATEMENT_EXECUTE|[186]
13:02:34.2 (47012735)|ENTERING_MANAGED_PKG|
13:02:34.2 (47327353)|HEAP_ALLOCATE|[186]|Bytes:4
13:02:34.2 (47618075)|HEAP_ALLOCATE|[186]|Bytes:32
13:02:34.2 (47627871)|VARIABLE_SCOPE_BEGIN|[186]|m|Map<String,Schema.SObjectField>|true|false
13:02:34.2 (47848821)|VARIABLE_ASSIGNMENT|[186]|m|"{contentdocumentid=ContentDocumentId, id=Id, isdeleted=IsDeleted, linkedentityid=LinkedEntityId, sharetype=ShareType, systemmodstamp=SystemModstamp, visibility=Visibility}"|0x781bcb90
13:02:34.2 (47854477)|STATEMENT_EXECUTE|[187]
13:02:34.2 (47867514)|ENTERING_MANAGED_PKG|
13:02:34.2 (47907259)|VARIABLE_SCOPE_BEGIN|[187]|objectFieldSet|Set<String>|true|false
13:02:34.2 (47931533)|VARIABLE_ASSIGNMENT|[187]|objectFieldSet|{"s":1,"v":"List of size 7 too large to display"}|0x35388756
13:02:34.2 (47940176)|HEAP_ALLOCATE|[189]|Bytes:4
13:02:34.2 (47954534)|ENTERING_MANAGED_PKG|
13:02:34.2 (47979806)|ENTERING_MANAGED_PKG|
13:02:34.2 (47988612)|HEAP_ALLOCATE|[189]|Bytes:28
13:02:34.2 (47996390)|ENTERING_MANAGED_PKG|
13:02:34.2 (48014727)|HEAP_ALLOCATE|[189]|Bytes:5
13:02:34.2 (48034532)|VARIABLE_SCOPE_BEGIN|[189]|fieldToCheck|String|false|false
13:02:34.2 (48041890)|VARIABLE_ASSIGNMENT|[189]|fieldToCheck|"Id"
13:02:34.2 (48045140)|STATEMENT_EXECUTE|[189]
13:02:34.2 (48046760)|STATEMENT_EXECUTE|[190]
13:02:34.2 (48050866)|HEAP_ALLOCATE|[190]|Bytes:23
13:02:34.2 (48058868)|HEAP_ALLOCATE|[190]|Bytes:25
13:02:34.2 (48070294)|ENTERING_MANAGED_PKG|
13:02:34.2 (48091552)|USER_DEBUG|[190]|DEBUG|######## fieldToCheck: Id
13:02:34.2 (48107412)|ENTERING_MANAGED_PKG|
13:02:34.2 (48393746)|HEAP_ALLOCATE|[192]|Bytes:8
13:02:34.2 (48422107)|STATEMENT_EXECUTE|[192]
13:02:34.2 (48424340)|STATEMENT_EXECUTE|[199]
13:02:34.2 (48427699)|HEAP_ALLOCATE|[199]|Bytes:35
13:02:34.2 (48435043)|HEAP_ALLOCATE|[199]|Bytes:37
13:02:34.2 (48445794)|ENTERING_MANAGED_PKG|
13:02:34.2 (48463591)|USER_DEBUG|[199]|DEBUG|######## User has access to field: Id
13:02:34.2 (48480102)|HEAP_ALLOCATE|[189]|Bytes:5
13:02:34.2 (48492095)|VARIABLE_SCOPE_BEGIN|[189]|fieldToCheck|String|false|false
13:02:34.2 (48499905)|VARIABLE_ASSIGNMENT|[189]|fieldToCheck|"ContentDocumentId"
13:02:34.2 (48502840)|STATEMENT_EXECUTE|[189]
13:02:34.2 (48504042)|STATEMENT_EXECUTE|[190]
13:02:34.2 (48509233)|HEAP_ALLOCATE|[190]|Bytes:40
13:02:34.2 (48518098)|ENTERING_MANAGED_PKG|
13:02:34.2 (48530598)|USER_DEBUG|[190]|DEBUG|######## fieldToCheck: ContentDocumentId
13:02:34.2 (48541346)|ENTERING_MANAGED_PKG|
13:02:34.2 (48712487)|HEAP_ALLOCATE|[192]|Bytes:8
13:02:34.2 (48727067)|STATEMENT_EXECUTE|[192]
13:02:34.2 (48728924)|STATEMENT_EXECUTE|[199]
13:02:34.2 (48734511)|HEAP_ALLOCATE|[199]|Bytes:52
13:02:34.2 (48743556)|ENTERING_MANAGED_PKG|
13:02:34.2 (48750041)|USER_DEBUG|[199]|DEBUG|######## User has access to field: ContentDocumentId
13:02:34.2 (48763932)|HEAP_ALLOCATE|[189]|Bytes:5
13:02:34.2 (48775328)|VARIABLE_SCOPE_BEGIN|[189]|fieldToCheck|String|false|false
13:02:34.2 (48782846)|VARIABLE_ASSIGNMENT|[189]|fieldToCheck|"IsDeleted"
13:02:34.2 (48785638)|STATEMENT_EXECUTE|[189]
13:02:34.2 (48786784)|STATEMENT_EXECUTE|[190]
13:02:34.2 (48791520)|HEAP_ALLOCATE|[190]|Bytes:32
13:02:34.2 (48799672)|ENTERING_MANAGED_PKG|
13:02:34.2 (48804886)|USER_DEBUG|[190]|DEBUG|######## fieldToCheck: IsDeleted
13:02:34.2 (48813799)|ENTERING_MANAGED_PKG|
13:02:34.2 (48923099)|HEAP_ALLOCATE|[192]|Bytes:8
13:02:34.2 (48937276)|STATEMENT_EXECUTE|[192]
13:02:34.2 (48939121)|STATEMENT_EXECUTE|[199]
13:02:34.2 (48944767)|HEAP_ALLOCATE|[199]|Bytes:44
13:02:34.2 (48954779)|ENTERING_MANAGED_PKG|
13:02:34.2 (48962351)|USER_DEBUG|[199]|DEBUG|######## User has access to field: IsDeleted
13:02:34.2 (48977315)|HEAP_ALLOCATE|[189]|Bytes:5
13:02:34.2 (48988479)|VARIABLE_SCOPE_BEGIN|[189]|fieldToCheck|String|false|false
13:02:34.2 (48995895)|VARIABLE_ASSIGNMENT|[189]|fieldToCheck|"LinkedEntityId"
13:02:34.2 (48998703)|STATEMENT_EXECUTE|[189]
13:02:34.2 (48999755)|STATEMENT_EXECUTE|[190]
13:02:34.2 (49004558)|HEAP_ALLOCATE|[190]|Bytes:37
13:02:34.2 (49013375)|ENTERING_MANAGED_PKG|
13:02:34.2 (49018580)|USER_DEBUG|[190]|DEBUG|######## fieldToCheck: LinkedEntityId
13:02:34.2 (49027178)|ENTERING_MANAGED_PKG|
13:02:34.2 (51616690)|HEAP_ALLOCATE|[192]|Bytes:8
13:02:34.2 (51639847)|STATEMENT_EXECUTE|[192]
13:02:34.2 (51643514)|STATEMENT_EXECUTE|[199]
13:02:34.2 (51652643)|HEAP_ALLOCATE|[199]|Bytes:49
13:02:34.2 (51669399)|ENTERING_MANAGED_PKG|
13:02:34.2 (51680056)|USER_DEBUG|[199]|DEBUG|######## User has access to field: LinkedEntityId
13:02:34.2 (51705334)|HEAP_ALLOCATE|[189]|Bytes:5
13:02:34.2 (51728179)|VARIABLE_SCOPE_BEGIN|[189]|fieldToCheck|String|false|false
13:02:34.2 (51739922)|VARIABLE_ASSIGNMENT|[189]|fieldToCheck|"ShareType"
13:02:34.2 (51744850)|STATEMENT_EXECUTE|[189]
13:02:34.2 (51746780)|STATEMENT_EXECUTE|[190]
13:02:34.2 (51756068)|HEAP_ALLOCATE|[190]|Bytes:32
13:02:34.2 (51771662)|ENTERING_MANAGED_PKG|
13:02:34.2 (51781105)|USER_DEBUG|[190]|DEBUG|######## fieldToCheck: ShareType
13:02:34.2 (51799683)|ENTERING_MANAGED_PKG|
13:02:34.2 (51972258)|HEAP_ALLOCATE|[192]|Bytes:8
13:02:34.2 (51988391)|STATEMENT_EXECUTE|[192]
13:02:34.2 (51990295)|STATEMENT_EXECUTE|[199]
13:02:34.2 (51996192)|HEAP_ALLOCATE|[199]|Bytes:44
13:02:34.2 (52005669)|ENTERING_MANAGED_PKG|
13:02:34.2 (52013274)|USER_DEBUG|[199]|DEBUG|######## User has access to field: ShareType
13:02:34.2 (52027380)|HEAP_ALLOCATE|[189]|Bytes:5
13:02:34.2 (52039277)|VARIABLE_SCOPE_BEGIN|[189]|fieldToCheck|String|false|false
13:02:34.2 (52047092)|VARIABLE_ASSIGNMENT|[189]|fieldToCheck|"SystemModstamp"
13:02:34.2 (52049979)|STATEMENT_EXECUTE|[189]
13:02:34.2 (52051037)|STATEMENT_EXECUTE|[190]
13:02:34.2 (52056000)|HEAP_ALLOCATE|[190]|Bytes:37
13:02:34.2 (52063930)|ENTERING_MANAGED_PKG|
13:02:34.2 (52069261)|USER_DEBUG|[190]|DEBUG|######## fieldToCheck: SystemModstamp
13:02:34.2 (52078439)|ENTERING_MANAGED_PKG|
13:02:34.2 (52195821)|HEAP_ALLOCATE|[192]|Bytes:8
13:02:34.2 (52209946)|STATEMENT_EXECUTE|[192]
13:02:34.2 (52211853)|STATEMENT_EXECUTE|[199]
13:02:34.2 (52217308)|HEAP_ALLOCATE|[199]|Bytes:49
13:02:34.2 (52225925)|ENTERING_MANAGED_PKG|
13:02:34.2 (52232121)|USER_DEBUG|[199]|DEBUG|######## User has access to field: SystemModstamp
13:02:34.2 (52245454)|HEAP_ALLOCATE|[189]|Bytes:5
13:02:34.2 (52256386)|VARIABLE_SCOPE_BEGIN|[189]|fieldToCheck|String|false|false
13:02:34.2 (52263638)|VARIABLE_ASSIGNMENT|[189]|fieldToCheck|"Visibility"
13:02:34.2 (52266761)|STATEMENT_EXECUTE|[189]
13:02:34.2 (52268198)|STATEMENT_EXECUTE|[190]
13:02:34.2 (52274183)|HEAP_ALLOCATE|[190]|Bytes:33
13:02:34.2 (52284384)|ENTERING_MANAGED_PKG|
13:02:34.2 (52290983)|USER_DEBUG|[190]|DEBUG|######## fieldToCheck: Visibility
13:02:34.2 (52301098)|ENTERING_MANAGED_PKG|
13:02:34.2 (52436425)|HEAP_ALLOCATE|[192]|Bytes:8
13:02:34.2 (52456728)|STATEMENT_EXECUTE|[192]
13:02:34.2 (52460127)|STATEMENT_EXECUTE|[199]
13:02:34.2 (52469090)|HEAP_ALLOCATE|[199]|Bytes:45
13:02:34.2 (52484716)|ENTERING_MANAGED_PKG|
13:02:34.2 (52493948)|USER_DEBUG|[199]|DEBUG|######## User has access to field: Visibility
13:02:34.2 (52517896)|HEAP_ALLOCATE|[189]|Bytes:5
13:02:34.2 (52547929)|VARIABLE_ASSIGNMENT|[189]|fieldToCheck|null
13:02:34.2 (52567291)|HEAP_ALLOCATE|[182]|Bytes:5
13:02:34.2 (52587555)|VARIABLE_ASSIGNMENT|[182]|objectName|null
13:02:34.2 (52594018)|STATEMENT_EXECUTE|[206]
13:02:34.2 (52600412)|HEAP_ALLOCATE|[206]|Bytes:5
13:02:34.2 (52619883)|METHOD_EXIT|[74]|01pB0000000ljzx|testautonumdata.Sparkle_Helper.UserHasAccessToObjectsAndFields(Map<String,Set<String>>)
13:02:34.2 (52628594)|STATEMENT_EXECUTE|[75]
13:02:34.2 (52745395)|ENTERING_MANAGED_PKG|
13:02:34.2 (52915798)|HEAP_ALLOCATE|[77]|Bytes:5
13:02:34.2 (52949390)|HEAP_ALLOCATE|[77]|Bytes:40
13:02:34.2 (52970467)|VARIABLE_SCOPE_BEGIN|[77]|e|SObject|true|false
13:02:34.2 (53100362)|VARIABLE_ASSIGNMENT|[77]|e|{"s":1,"v":{"ContentDocumentId":"069B0000000zbmmIAA","Id":"06AB0000000xmryMAA","IsDeleted":false,"LinkedEntityId":"a0MB0000000cQXFMA2","ShareType":"V","SystemModstamp":"2016-05-23T15:46:04.000Z","Visibility":"InternalUsers","entityTypeName":"Custom Object Record","ContentDocument":{"s":2,"v":{"Title":"ResumeTemplate 1","FileType":"WORD","CreatedDate":"2016-05-23T15:46:04.000Z","FileExtension":"doc","ContentSize":29696,"Id":"069B0000000zbmmIAA"}}}}|0x4f424a27
13:02:34.2 (53107744)|STATEMENT_EXECUTE|[78]
13:02:34.2 (53109223)|STATEMENT_EXECUTE|[79]
13:02:34.2 (53113329)|HEAP_ALLOCATE|[79]|Bytes:12
13:02:34.2 (53132933)|ENTERING_MANAGED_PKG|
13:02:34.2 (53254620)|HEAP_ALLOCATE|[79]|Bytes:208
13:02:34.2 (53280980)|HEAP_ALLOCATE|[79]|Bytes:220
13:02:34.2 (53299660)|ENTERING_MANAGED_PKG|
13:02:34.2 (53308880)|USER_DEBUG|[79]|DEBUG|######## e: ContentDocumentLink:{ContentDocumentId=069B0000000zbmmIAA, Id=06AB0000000xmryMAA, IsDeleted=false, LinkedEntityId=a0MB0000000cQXFMA2, ShareType=V, SystemModstamp=2016-05-23 15:46:04, Visibility=InternalUsers}
13:02:34.2 (53322919)|STATEMENT_EXECUTE|[80]
13:02:34.2 (53333499)|HEAP_ALLOCATE|[80]|Bytes:24
13:02:34.2 (53359634)|CONSTRUCTOR_ENTRY|[80]|01pB0000000rehC|<init>()
13:02:34.2 (53386432)|VARIABLE_SCOPE_BEGIN|[1]|this|testautonumdata.FilesViewerServerController|true|false
13:02:34.2 (53437639)|VARIABLE_ASSIGNMENT|[1]|this|{}|0x3330dcbb
13:02:34.2 (53450060)|HEAP_ALLOCATE|[EXTERNAL]|Bytes:5
13:02:34.2 (53472356)|HEAP_ALLOCATE|[EXTERNAL]|Bytes:6
13:02:34.2 (53537523)|STATEMENT_EXECUTE|[1]
13:02:34.2 (53546021)|HEAP_ALLOCATE|[EXTERNAL]|Bytes:5
13:02:34.2 (53551629)|STATEMENT_EXECUTE|[6]
13:02:34.2 (53553889)|STATEMENT_EXECUTE|[8]
13:02:34.2 (53555391)|STATEMENT_EXECUTE|[10]
13:02:34.2 (53557032)|STATEMENT_EXECUTE|[12]
13:02:34.2 (53558431)|STATEMENT_EXECUTE|[14]
13:02:34.2 (53575191)|CONSTRUCTOR_EXIT|[80]|01pB0000000rehC|<init>()
13:02:34.2 (53582993)|VARIABLE_SCOPE_BEGIN|[80]|i|testautonumdata.FilesViewerServerController|true|false
13:02:34.2 (53612634)|VARIABLE_ASSIGNMENT|[80]|i|{}|0x3330dcbb
13:02:34.2 (53616227)|STATEMENT_EXECUTE|[83]
13:02:34.2 (53632115)|METHOD_ENTRY|[83]|01pB0000000ljzx|testautonumdata.Sparkle_Helper.GetSobjectField(SObject, String)
13:02:34.2 (53649916)|VARIABLE_SCOPE_BEGIN|[78]|e|SObject|true|false
13:02:34.2 (53750876)|VARIABLE_ASSIGNMENT|[78]|e|{"s":1,"v":{"ContentDocumentId":"069B0000000zbmmIAA","Id":"06AB0000000xmryMAA","IsDeleted":false,"LinkedEntityId":"a0MB0000000cQXFMA2","ShareType":"V","SystemModstamp":"2016-05-23T15:46:04.000Z","Visibility":"InternalUsers","entityTypeName":"Custom Object Record","ContentDocument":{"s":2,"v":{"Title":"ResumeTemplate 1","FileType":"WORD","CreatedDate":"2016-05-23T15:46:04.000Z","FileExtension":"doc","ContentSize":29696,"Id":"069B0000000zbmmIAA"}}}}|0x4f424a27
13:02:34.2 (53757441)|VARIABLE_SCOPE_BEGIN|[78]|lcfield|String|false|false
13:02:34.2 (53762692)|VARIABLE_ASSIGNMENT|[78]|lcfield|"ContentDocumentId"
13:02:34.2 (53773477)|HEAP_ALLOCATE|[81]|Bytes:5
13:02:34.2 (53778402)|STATEMENT_EXECUTE|[79]
13:02:34.2 (53779766)|STATEMENT_EXECUTE|[81]
13:02:34.2 (53785484)|VARIABLE_SCOPE_BEGIN|[81]|returnValue|String|false|false
13:02:34.2 (53790544)|VARIABLE_ASSIGNMENT|[81]|returnValue|""
13:02:34.2 (53807471)|ENTERING_MANAGED_PKG|
13:02:34.2 (53838391)|STATEMENT_EXECUTE|[98]
13:02:34.2 (53851527)|ENTERING_MANAGED_PKG|
13:02:34.2 (53899490)|HEAP_ALLOCATE|[98]|Bytes:4
13:02:34.2 (53918031)|ENTERING_MANAGED_PKG|
13:02:34.2 (53922071)|HEAP_ALLOCATE|[98]|Bytes:18
13:02:34.2 (53933445)|VARIABLE_ASSIGNMENT|[98]|returnValue|"069B0000000zbmmIAA"
13:02:34.2 (53936600)|STATEMENT_EXECUTE|[100]
13:02:34.2 (53944554)|METHOD_EXIT|[83]|01pB0000000ljzx|testautonumdata.Sparkle_Helper.GetSobjectField(SObject, String)
13:02:34.2 (53973650)|VARIABLE_ASSIGNMENT|[EXTERNAL]|this|{}|0x3330dcbb
13:02:34.2 (53982701)|VARIABLE_ASSIGNMENT|[EXTERNAL]|value|"069B0000000zbmmIAA"
13:02:34.2 (54000159)|VARIABLE_ASSIGNMENT|[6]|this.fileID|"069B0000000zbmmIAA"|0x3330dcbb
13:02:34.2 (54011213)|STATEMENT_EXECUTE|[84]
13:02:34.2 (54016408)|HEAP_ALLOCATE|[84]|Bytes:21
13:02:34.2 (54029013)|METHOD_ENTRY|[84]|01pB0000000ljzx|testautonumdata.Sparkle_Helper.GetSobjectField(SObject, String)
13:02:34.2 (54049622)|VARIABLE_SCOPE_BEGIN|[78]|e|SObject|true|false
13:02:34.2 (54198665)|VARIABLE_ASSIGNMENT|[78]|e|{"s":1,"v":{"ContentDocumentId":"069B0000000zbmmIAA","Id":"06AB0000000xmryMAA","IsDeleted":false,"LinkedEntityId":"a0MB0000000cQXFMA2","ShareType":"V","SystemModstamp":"2016-05-23T15:46:04.000Z","Visibility":"InternalUsers","entityTypeName":"Custom Object Record","ContentDocument":{"s":2,"v":{"Title":"ResumeTemplate 1","FileType":"WORD","CreatedDate":"2016-05-23T15:46:04.000Z","FileExtension":"doc","ContentSize":29696,"Id":"069B0000000zbmmIAA"}}}}|0x4f424a27
13:02:34.2 (54207688)|VARIABLE_SCOPE_BEGIN|[78]|lcfield|String|false|false
13:02:34.2 (54217826)|VARIABLE_ASSIGNMENT|[78]|lcfield|"ContentDocument.Titl (1 more) ..."
13:02:34.2 (54229854)|HEAP_ALLOCATE|[81]|Bytes:5
13:02:34.2 (54236865)|STATEMENT_EXECUTE|[79]
13:02:34.2 (54238701)|STATEMENT_EXECUTE|[81]
13:02:34.2 (54244670)|VARIABLE_SCOPE_BEGIN|[81]|returnValue|String|false|false
13:02:34.2 (54253737)|VARIABLE_ASSIGNMENT|[81]|returnValue|""
13:02:34.2 (54273578)|ENTERING_MANAGED_PKG|
13:02:34.2 (54290622)|STATEMENT_EXECUTE|[84]
13:02:34.2 (54293451)|STATEMENT_EXECUTE|[85]
13:02:34.2 (54312425)|ENTERING_MANAGED_PKG|
13:02:34.2 (54342227)|HEAP_ALLOCATE|[85]|Bytes:15
13:02:34.2 (54363185)|VARIABLE_SCOPE_BEGIN|[85]|relName|String|false|false
13:02:34.2 (54375043)|VARIABLE_ASSIGNMENT|[85]|relName|"ContentDocument"
13:02:34.2 (54379283)|STATEMENT_EXECUTE|[86]
13:02:34.2 (54400164)|ENTERING_MANAGED_PKG|
13:02:34.2 (54426754)|HEAP_ALLOCATE|[86]|Bytes:5
13:02:34.2 (54447516)|VARIABLE_SCOPE_BEGIN|[86]|relField|String|false|false
13:02:34.2 (54457693)|VARIABLE_ASSIGNMENT|[86]|relField|"Title"
13:02:34.2 (54471220)|ENTERING_MANAGED_PKG|
13:02:34.2 (54496103)|STATEMENT_EXECUTE|[94]
13:02:34.2 (54508036)|ENTERING_MANAGED_PKG|
13:02:34.2 (54585305)|HEAP_ALLOCATE|[94]|Bytes:28
13:02:34.2 (54605336)|ENTERING_MANAGED_PKG|
13:02:34.2 (54629498)|HEAP_ALLOCATE|[94]|Bytes:16
13:02:34.2 (54645319)|ENTERING_MANAGED_PKG|
13:02:34.2 (54648603)|HEAP_ALLOCATE|[94]|Bytes:16
13:02:34.2 (54659682)|VARIABLE_ASSIGNMENT|[94]|returnValue|"ResumeTemplate 1"
13:02:34.2 (54663215)|STATEMENT_EXECUTE|[100]
13:02:34.2 (54671523)|METHOD_EXIT|[84]|01pB0000000ljzx|testautonumdata.Sparkle_Helper.GetSobjectField(SObject, String)
13:02:34.2 (54701563)|VARIABLE_ASSIGNMENT|[EXTERNAL]|this|{"fileID":"069B0000000zbmmIAA"}|0x3330dcbb
13:02:34.2 (54706785)|VARIABLE_ASSIGNMENT|[EXTERNAL]|value|"ResumeTemplate 1"
13:02:34.2 (54713535)|VARIABLE_ASSIGNMENT|[8]|this.fileName|"ResumeTemplate 1"|0x3330dcbb
13:02:34.2 (54719501)|STATEMENT_EXECUTE|[85]
13:02:34.2 (54723065)|HEAP_ALLOCATE|[85]|Bytes:27
13:02:34.2 (54734430)|METHOD_ENTRY|[85]|01pB0000000ljzx|testautonumdata.Sparkle_Helper.GetSobjectField(SObject, String)
13:02:34.2 (54747561)|VARIABLE_SCOPE_BEGIN|[78]|e|SObject|true|false
13:02:34.2 (54844045)|VARIABLE_ASSIGNMENT|[78]|e|{"s":1,"v":{"ContentDocumentId":"069B0000000zbmmIAA","Id":"06AB0000000xmryMAA","IsDeleted":false,"LinkedEntityId":"a0MB0000000cQXFMA2","ShareType":"V","SystemModstamp":"2016-05-23T15:46:04.000Z","Visibility":"InternalUsers","entityTypeName":"Custom Object Record","ContentDocument":{"s":2,"v":{"Title":"ResumeTemplate 1","FileType":"WORD","CreatedDate":"2016-05-23T15:46:04.000Z","FileExtension":"doc","ContentSize":29696,"Id":"069B0000000zbmmIAA"}}}}|0x4f424a27
13:02:34.2 (54852878)|VARIABLE_SCOPE_BEGIN|[78]|lcfield|String|false|false
13:02:34.2 (54862434)|VARIABLE_ASSIGNMENT|[78]|lcfield|"ContentDocument.Crea (7 more) ..."
13:02:34.2 (54873891)|HEAP_ALLOCATE|[81]|Bytes:5
13:02:34.2 (54879659)|STATEMENT_EXECUTE|[79]
13:02:34.2 (54881726)|STATEMENT_EXECUTE|[81]
13:02:34.2 (54887358)|VARIABLE_SCOPE_BEGIN|[81]|returnValue|String|false|false
13:02:34.2 (54896023)|VARIABLE_ASSIGNMENT|[81]|returnValue|""
13:02:34.2 (54915100)|ENTERING_MANAGED_PKG|
13:02:34.2 (54931388)|STATEMENT_EXECUTE|[84]
13:02:34.2 (54934183)|STATEMENT_EXECUTE|[85]
13:02:34.2 (54950213)|ENTERING_MANAGED_PKG|
13:02:34.2 (54956522)|HEAP_ALLOCATE|[85]|Bytes:15
13:02:34.2 (54972630)|VARIABLE_SCOPE_BEGIN|[85]|relName|String|false|false
13:02:34.2 (54983360)|VARIABLE_ASSIGNMENT|[85]|relName|"ContentDocument"
13:02:34.2 (54987549)|STATEMENT_EXECUTE|[86]
13:02:34.2 (55005391)|ENTERING_MANAGED_PKG|
13:02:34.2 (55012391)|HEAP_ALLOCATE|[86]|Bytes:11
13:02:34.2 (55028827)|VARIABLE_SCOPE_BEGIN|[86]|relField|String|false|false
13:02:34.2 (55038976)|VARIABLE_ASSIGNMENT|[86]|relField|"CreatedDate"
13:02:34.2 (55057374)|ENTERING_MANAGED_PKG|
13:02:34.2 (55073490)|STATEMENT_EXECUTE|[94]
13:02:34.2 (55088611)|ENTERING_MANAGED_PKG|
13:02:34.2 (55124626)|HEAP_ALLOCATE|[94]|Bytes:28
13:02:34.2 (55153860)|ENTERING_MANAGED_PKG|
13:02:34.2 (55188166)|HEAP_ALLOCATE|[94]|Bytes:56
13:02:34.2 (55216762)|ENTERING_MANAGED_PKG|
13:02:34.2 (55228404)|HEAP_ALLOCATE|[94]|Bytes:19
13:02:34.2 (55251315)|VARIABLE_ASSIGNMENT|[94]|returnValue|"2016-05-23 15:46:04"
13:02:34.2 (55256687)|STATEMENT_EXECUTE|[100]
13:02:34.2 (55269103)|METHOD_EXIT|[85]|01pB0000000ljzx|testautonumdata.Sparkle_Helper.GetSobjectField(SObject, String)
13:02:34.2 (55316578)|VARIABLE_ASSIGNMENT|[EXTERNAL]|this|{"fileID":"069B0000000zbmmIAA","fileName":"ResumeTemplate 1"}|0x3330dcbb
13:02:34.2 (55322935)|VARIABLE_ASSIGNMENT|[EXTERNAL]|value|"2016-05-23 15:46:04"
13:02:34.2 (55331103)|VARIABLE_ASSIGNMENT|[10]|this.fileCreatedDate|"2016-05-23 15:46:04"|0x3330dcbb
13:02:34.2 (55338254)|STATEMENT_EXECUTE|[86]
13:02:34.2 (55342289)|HEAP_ALLOCATE|[86]|Bytes:29
13:02:34.2 (55350540)|METHOD_ENTRY|[86]|01pB0000000ljzx|testautonumdata.Sparkle_Helper.GetSobjectField(SObject, String)
13:02:34.2 (55363920)|VARIABLE_SCOPE_BEGIN|[78]|e|SObject|true|false
13:02:34.2 (55463886)|VARIABLE_ASSIGNMENT|[78]|e|{"s":1,"v":{"ContentDocumentId":"069B0000000zbmmIAA","Id":"06AB0000000xmryMAA","IsDeleted":false,"LinkedEntityId":"a0MB0000000cQXFMA2","ShareType":"V","SystemModstamp":"2016-05-23T15:46:04.000Z","Visibility":"InternalUsers","entityTypeName":"Custom Object Record","ContentDocument":{"s":2,"v":{"Title":"ResumeTemplate 1","FileType":"WORD","CreatedDate":"2016-05-23T15:46:04.000Z","FileExtension":"doc","ContentSize":29696,"Id":"069B0000000zbmmIAA"}}}}|0x4f424a27
13:02:34.2 (55470973)|VARIABLE_SCOPE_BEGIN|[78]|lcfield|String|false|false
13:02:34.2 (55476616)|VARIABLE_ASSIGNMENT|[78]|lcfield|"ContentDocument.File (9 more) ..."
13:02:34.2 (55485491)|HEAP_ALLOCATE|[81]|Bytes:5
13:02:34.2 (55489884)|STATEMENT_EXECUTE|[79]
13:02:34.2 (55491070)|STATEMENT_EXECUTE|[81]
13:02:34.2 (55494963)|VARIABLE_SCOPE_BEGIN|[81]|returnValue|String|false|false
13:02:34.2 (55499425)|VARIABLE_ASSIGNMENT|[81]|returnValue|""
13:02:34.2 (55512463)|ENTERING_MANAGED_PKG|
13:02:34.2 (55525272)|STATEMENT_EXECUTE|[84]
13:02:34.2 (55527041)|STATEMENT_EXECUTE|[85]
13:02:34.2 (55534284)|ENTERING_MANAGED_PKG|
13:02:34.2 (55537661)|HEAP_ALLOCATE|[85]|Bytes:15
13:02:34.2 (55545022)|VARIABLE_SCOPE_BEGIN|[85]|relName|String|false|false
13:02:34.2 (55550327)|VARIABLE_ASSIGNMENT|[85]|relName|"ContentDocument"
13:02:34.2 (55552324)|STATEMENT_EXECUTE|[86]
13:02:34.2 (55560339)|ENTERING_MANAGED_PKG|
13:02:34.2 (55563494)|HEAP_ALLOCATE|[86]|Bytes:13
13:02:34.2 (55570631)|VARIABLE_SCOPE_BEGIN|[86]|relField|String|false|false
13:02:34.2 (55575231)|VARIABLE_ASSIGNMENT|[86]|relField|"FileExtension"
13:02:34.2 (55582715)|ENTERING_MANAGED_PKG|
13:02:34.2 (55589565)|STATEMENT_EXECUTE|[94]
13:02:34.2 (55596368)|ENTERING_MANAGED_PKG|
13:02:34.2 (55622819)|HEAP_ALLOCATE|[94]|Bytes:28
13:02:34.2 (55638539)|ENTERING_MANAGED_PKG|
13:02:34.2 (55659622)|HEAP_ALLOCATE|[94]|Bytes:3
13:02:34.2 (55685058)|ENTERING_MANAGED_PKG|
13:02:34.2 (55690587)|HEAP_ALLOCATE|[94]|Bytes:3
13:02:34.2 (55708236)|VARIABLE_ASSIGNMENT|[94]|returnValue|"doc"
13:02:34.2 (55713550)|STATEMENT_EXECUTE|[100]
13:02:34.2 (55725911)|METHOD_EXIT|[86]|01pB0000000ljzx|testautonumdata.Sparkle_Helper.GetSobjectField(SObject, String)
13:02:34.2 (55776342)|VARIABLE_ASSIGNMENT|[EXTERNAL]|this|{"fileCreatedDate":"2016-05-23 15:46:04","fileID":"069B0000000zbmmIAA","fileName":"ResumeTemplate 1"}|0x3330dcbb
13:02:34.2 (55785947)|VARIABLE_ASSIGNMENT|[EXTERNAL]|value|"doc"
13:02:34.2 (55798749)|VARIABLE_ASSIGNMENT|[12]|this.fileExtension|"doc"|0x3330dcbb
13:02:34.2 (55865281)|VARIABLE_ASSIGNMENT|[EXTERNAL]|this|{"fileCreatedDate":"2016-05-23 15:46:04","fileExtension":"doc","fileID":"069B0000000zbmmIAA","fileName":"ResumeTemplate 1"}|0x3330dcbb
13:02:34.2 (55884114)|HEAP_ALLOCATE|[87]|Bytes:3
13:02:34.2 (55910254)|ENTERING_MANAGED_PKG|
13:02:34.2 (55927834)|STATEMENT_EXECUTE|[88]
13:02:34.2 (55933386)|HEAP_ALLOCATE|[88]|Bytes:4
13:02:34.2 (55991048)|VARIABLE_ASSIGNMENT|[EXTERNAL]|this|{"fileCreatedDate":"2016-05-23 15:46:04","fileExtension":"doc","fileID":"069B0000000zbmmIAA","fileName":"ResumeTemplate 1"}|0x3330dcbb
13:02:34.2 (56000386)|VARIABLE_ASSIGNMENT|[EXTERNAL]|value|"word"
13:02:34.2 (56013024)|VARIABLE_ASSIGNMENT|[12]|this.fileExtension|"word"|0x3330dcbb
13:02:34.2 (56024912)|STATEMENT_EXECUTE|[89]
13:02:34.2 (56030883)|HEAP_ALLOCATE|[89]|Bytes:27
13:02:34.2 (56043239)|METHOD_ENTRY|[89]|01pB0000000ljzx|testautonumdata.Sparkle_Helper.GetSobjectField(SObject, String)
13:02:34.2 (56063297)|VARIABLE_SCOPE_BEGIN|[78]|e|SObject|true|false
13:02:34.2 (56178438)|VARIABLE_ASSIGNMENT|[78]|e|{"s":1,"v":{"ContentDocumentId":"069B0000000zbmmIAA","Id":"06AB0000000xmryMAA","IsDeleted":false,"LinkedEntityId":"a0MB0000000cQXFMA2","ShareType":"V","SystemModstamp":"2016-05-23T15:46:04.000Z","Visibility":"InternalUsers","entityTypeName":"Custom Object Record","ContentDocument":{"s":2,"v":{"Title":"ResumeTemplate 1","FileType":"WORD","CreatedDate":"2016-05-23T15:46:04.000Z","FileExtension":"doc","ContentSize":29696,"Id":"069B0000000zbmmIAA"}}}}|0x4f424a27
13:02:34.2 (56185122)|VARIABLE_SCOPE_BEGIN|[78]|lcfield|String|false|false
13:02:34.2 (56190847)|VARIABLE_ASSIGNMENT|[78]|lcfield|"ContentDocument.Cont (7 more) ..."
13:02:34.2 (56199652)|HEAP_ALLOCATE|[81]|Bytes:5
13:02:34.2 (56204027)|STATEMENT_EXECUTE|[79]
13:02:34.2 (56205206)|STATEMENT_EXECUTE|[81]
13:02:34.2 (56209312)|VARIABLE_SCOPE_BEGIN|[81]|returnValue|String|false|false
13:02:34.2 (56213802)|VARIABLE_ASSIGNMENT|[81]|returnValue|""
13:02:34.2 (56227126)|ENTERING_MANAGED_PKG|
13:02:34.2 (56235525)|STATEMENT_EXECUTE|[84]
13:02:34.2 (56236962)|STATEMENT_EXECUTE|[85]
13:02:34.2 (56246637)|ENTERING_MANAGED_PKG|
13:02:34.2 (56250286)|HEAP_ALLOCATE|[85]|Bytes:15
13:02:34.2 (56258295)|VARIABLE_SCOPE_BEGIN|[85]|relName|String|false|false
13:02:34.2 (56264065)|VARIABLE_ASSIGNMENT|[85]|relName|"ContentDocument"
13:02:34.2 (56266254)|STATEMENT_EXECUTE|[86]
13:02:34.2 (56274642)|ENTERING_MANAGED_PKG|
13:02:34.2 (56277687)|HEAP_ALLOCATE|[86]|Bytes:11
13:02:34.2 (56284954)|VARIABLE_SCOPE_BEGIN|[86]|relField|String|false|false
13:02:34.2 (56289545)|VARIABLE_ASSIGNMENT|[86]|relField|"ContentSize"
13:02:34.2 (56296974)|ENTERING_MANAGED_PKG|
13:02:34.2 (56304030)|STATEMENT_EXECUTE|[94]
13:02:34.2 (56310745)|ENTERING_MANAGED_PKG|
13:02:34.2 (56337180)|HEAP_ALLOCATE|[94]|Bytes:28
13:02:34.2 (56353251)|ENTERING_MANAGED_PKG|
13:02:34.2 (56383717)|ENTERING_MANAGED_PKG|
13:02:34.2 (56388074)|HEAP_ALLOCATE|[94]|Bytes:5
13:02:34.2 (56401206)|VARIABLE_ASSIGNMENT|[94]|returnValue|"29696"
13:02:34.2 (56404616)|STATEMENT_EXECUTE|[100]
13:02:34.2 (56412855)|METHOD_EXIT|[89]|01pB0000000ljzx|testautonumdata.Sparkle_Helper.GetSobjectField(SObject, String)
13:02:34.2 (56444996)|VARIABLE_ASSIGNMENT|[EXTERNAL]|this|{"fileCreatedDate":"2016-05-23 15:46:04","fileExtension":"word","fileID":"069B0000000zbmmIAA","fileName":"ResumeTemplate 1"}|0x3330dcbb
13:02:34.2 (56450449)|VARIABLE_ASSIGNMENT|[EXTERNAL]|value|"29696"
13:02:34.2 (56457650)|VARIABLE_ASSIGNMENT|[14]|this.fileSize|"29696"|0x3330dcbb
13:02:34.2 (56464687)|STATEMENT_EXECUTE|[92]
13:02:34.2 (56482743)|ENTERING_MANAGED_PKG|
13:02:34.2 (56530859)|HEAP_ALLOCATE|[EXTERNAL]|Bytes:4
13:02:34.2 (56547017)|STATEMENT_EXECUTE|[94]
13:02:34.2 (56553364)|HEAP_ALLOCATE|[94]|Bytes:12
13:02:34.2 (56576602)|ENTERING_MANAGED_PKG|
13:02:34.2 (56670052)|HEAP_ALLOCATE|[94]|Bytes:285
13:02:34.2 (56695815)|HEAP_ALLOCATE|[94]|Bytes:297
13:02:34.2 (56714016)|ENTERING_MANAGED_PKG|
13:02:34.2 (56724054)|USER_DEBUG|[94]|DEBUG|######## i: FilesViewerServerController:[fileCreatedDate=2016-05-23 15:46:04, fileExtension=word, fileID=069B0000000zbmmIAA, fileName=ResumeTemplate 1, fileSize=29696, mapObjectsFields={ContentDocumentLink={ContentDocumentId, Id, IsDeleted, LinkedEntityId, ShareType, SystemModstamp, Visibility}}]
13:02:34.2 (56752103)|HEAP_ALLOCATE|[77]|Bytes:5
13:02:34.2 (56791412)|HEAP_ALLOCATE|[77]|Bytes:40
13:02:34.2 (56816980)|VARIABLE_SCOPE_BEGIN|[77]|e|SObject|true|false
13:02:34.2 (56951296)|VARIABLE_ASSIGNMENT|[77]|e|{"s":1,"v":{"ContentDocumentId":"069B0000000zbmhIAA","Id":"06AB0000000xmrtMAA","IsDeleted":false,"LinkedEntityId":"a0MB0000000cQXFMA2","ShareType":"V","SystemModstamp":"2016-05-23T15:46:04.000Z","Visibility":"InternalUsers","entityTypeName":"Custom Object Record","ContentDocument":{"s":2,"v":{"Title":"ResumeTemplate 1","FileType":"PDF","CreatedDate":"2016-05-23T15:46:03.000Z","FileExtension":"pdf","ContentSize":48077,"Id":"069B0000000zbmhIAA"}}}}|0x42cdcca0
13:02:34.2 (56957714)|STATEMENT_EXECUTE|[78]
13:02:34.2 (56959238)|STATEMENT_EXECUTE|[79]
13:02:34.2 (56974869)|ENTERING_MANAGED_PKG|
13:02:34.2 (57028660)|HEAP_ALLOCATE|[79]|Bytes:208
13:02:34.2 (57044594)|HEAP_ALLOCATE|[79]|Bytes:220
13:02:34.2 (57052947)|ENTERING_MANAGED_PKG|
13:02:34.2 (57059226)|USER_DEBUG|[79]|DEBUG|######## e: ContentDocumentLink:{ContentDocumentId=069B0000000zbmhIAA, Id=06AB0000000xmrtMAA, IsDeleted=false, LinkedEntityId=a0MB0000000cQXFMA2, ShareType=V, SystemModstamp=2016-05-23 15:46:04, Visibility=InternalUsers}
13:02:34.2 (57066093)|STATEMENT_EXECUTE|[80]
13:02:34.2 (57070612)|HEAP_ALLOCATE|[80]|Bytes:24
13:02:34.2 (57079623)|CONSTRUCTOR_ENTRY|[80]|01pB0000000rehC|<init>()
13:02:34.2 (57083740)|VARIABLE_SCOPE_BEGIN|[1]|this|testautonumdata.FilesViewerServerController|true|false
13:02:34.2 (57103371)|VARIABLE_ASSIGNMENT|[1]|this|{}|0x30c6a903
13:02:34.2 (57110996)|HEAP_ALLOCATE|[EXTERNAL]|Bytes:5
13:02:34.2 (57126057)|STATEMENT_EXECUTE|[1]
13:02:34.2 (57129942)|HEAP_ALLOCATE|[EXTERNAL]|Bytes:5
13:02:34.2 (57133428)|STATEMENT_EXECUTE|[6]
13:02:34.2 (57135656)|STATEMENT_EXECUTE|[8]
13:02:34.2 (57136844)|STATEMENT_EXECUTE|[10]
13:02:34.2 (57138018)|STATEMENT_EXECUTE|[12]
13:02:34.2 (57138924)|STATEMENT_EXECUTE|[14]
13:02:34.2 (57149405)|CONSTRUCTOR_EXIT|[80]|01pB0000000rehC|<init>()
13:02:34.2 (57153538)|VARIABLE_SCOPE_BEGIN|[80]|i|testautonumdata.FilesViewerServerController|true|false
13:02:34.2 (57180468)|VARIABLE_ASSIGNMENT|[80]|i|{}|0x30c6a903
13:02:34.2 (57184563)|STATEMENT_EXECUTE|[83]
13:02:34.2 (57195900)|METHOD_ENTRY|[83]|01pB0000000ljzx|testautonumdata.Sparkle_Helper.GetSobjectField(SObject, String)
13:02:34.2 (57201476)|VARIABLE_SCOPE_BEGIN|[78]|e|SObject|true|false
13:02:34.2 (57294151)|VARIABLE_ASSIGNMENT|[78]|e|{"s":1,"v":{"ContentDocumentId":"069B0000000zbmhIAA","Id":"06AB0000000xmrtMAA","IsDeleted":false,"LinkedEntityId":"a0MB0000000cQXFMA2","ShareType":"V","SystemModstamp":"2016-05-23T15:46:04.000Z","Visibility":"InternalUsers","entityTypeName":"Custom Object Record","ContentDocument":{"s":2,"v":{"Title":"ResumeTemplate 1","FileType":"PDF","CreatedDate":"2016-05-23T15:46:03.000Z","FileExtension":"pdf","ContentSize":48077,"Id":"069B0000000zbmhIAA"}}}}|0x42cdcca0
13:02:34.2 (57300033)|VARIABLE_SCOPE_BEGIN|[78]|lcfield|String|false|false
13:02:34.2 (57305527)|VARIABLE_ASSIGNMENT|[78]|lcfield|"ContentDocumentId"
13:02:34.2 (57317545)|HEAP_ALLOCATE|[81]|Bytes:5
13:02:34.2 (57323955)|STATEMENT_EXECUTE|[79]
13:02:34.2 (57326039)|STATEMENT_EXECUTE|[81]
13:02:34.2 (57331669)|VARIABLE_SCOPE_BEGIN|[81]|returnValue|String|false|false
13:02:34.2 (57339862)|VARIABLE_ASSIGNMENT|[81]|returnValue|""
13:02:34.2 (57358465)|ENTERING_MANAGED_PKG|
13:02:34.2 (57374637)|STATEMENT_EXECUTE|[98]
13:02:34.2 (57390540)|ENTERING_MANAGED_PKG|
13:02:34.2 (57424540)|HEAP_ALLOCATE|[98]|Bytes:4
13:02:34.2 (57452861)|ENTERING_MANAGED_PKG|
13:02:34.2 (57459159)|HEAP_ALLOCATE|[98]|Bytes:18
13:02:34.2 (57481524)|VARIABLE_ASSIGNMENT|[98]|returnValue|"069B0000000zbmhIAA"
13:02:34.2 (57486597)|STATEMENT_EXECUTE|[100]
13:02:34.2 (57498847)|METHOD_EXIT|[83]|01pB0000000ljzx|testautonumdata.Sparkle_Helper.GetSobjectField(SObject, String)
13:02:34.2 (57542110)|VARIABLE_ASSIGNMENT|[EXTERNAL]|this|{}|0x30c6a903
13:02:34.2 (57552086)|VARIABLE_ASSIGNMENT|[EXTERNAL]|value|"069B0000000zbmhIAA"
13:02:34.2 (57564189)|VARIABLE_ASSIGNMENT|[6]|this.fileID|"069B0000000zbmhIAA"|0x30c6a903
13:02:34.2 (57574809)|STATEMENT_EXECUTE|[84]
13:02:34.2 (57585430)|METHOD_ENTRY|[84]|01pB0000000ljzx|testautonumdata.Sparkle_Helper.GetSobjectField(SObject, String)
13:02:34.2 (57591989)|VARIABLE_SCOPE_BEGIN|[78]|e|SObject|true|false
13:02:34.2 (57734652)|VARIABLE_ASSIGNMENT|[78]|e|{"s":1,"v":{"ContentDocumentId":"069B0000000zbmhIAA","Id":"06AB0000000xmrtMAA","IsDeleted":false,"LinkedEntityId":"a0MB0000000cQXFMA2","ShareType":"V","SystemModstamp":"2016-05-23T15:46:04.000Z","Visibility":"InternalUsers","entityTypeName":"Custom Object Record","ContentDocument":{"s":2,"v":{"Title":"ResumeTemplate 1","FileType":"PDF","CreatedDate":"2016-05-23T15:46:03.000Z","FileExtension":"pdf","ContentSize":48077,"Id":"069B0000000zbmhIAA"}}}}|0x42cdcca0
13:02:34.2 (57743360)|VARIABLE_SCOPE_BEGIN|[78]|lcfield|String|false|false
13:02:34.2 (57753583)|VARIABLE_ASSIGNMENT|[78]|lcfield|"ContentDocument.Titl (1 more) ..."
13:02:34.2 (57764654)|HEAP_ALLOCATE|[81]|Bytes:5
13:02:34.2 (57769364)|STATEMENT_EXECUTE|[79]
13:02:34.2 (57770609)|STATEMENT_EXECUTE|[81]
13:02:34.2 (57774655)|VARIABLE_SCOPE_BEGIN|[81]|returnValue|String|false|false
13:02:34.2 (57779514)|VARIABLE_ASSIGNMENT|[81]|returnValue|""
13:02:34.2 (57792686)|ENTERING_MANAGED_PKG|
13:02:34.2 (57801440)|STATEMENT_EXECUTE|[84]
13:02:34.2 (57802808)|STATEMENT_EXECUTE|[85]
13:02:34.2 (57809614)|ENTERING_MANAGED_PKG|
13:02:34.2 (57812912)|HEAP_ALLOCATE|[85]|Bytes:15
13:02:34.2 (57820186)|VARIABLE_SCOPE_BEGIN|[85]|relName|String|false|false
13:02:34.2 (57825531)|VARIABLE_ASSIGNMENT|[85]|relName|"ContentDocument"
13:02:34.2 (57827546)|STATEMENT_EXECUTE|[86]
13:02:34.2 (57835627)|ENTERING_MANAGED_PKG|
13:02:34.2 (57838747)|HEAP_ALLOCATE|[86]|Bytes:5
13:02:34.2 (57848059)|VARIABLE_SCOPE_BEGIN|[86]|relField|String|false|false
13:02:34.2 (57854075)|VARIABLE_ASSIGNMENT|[86]|relField|"Title"
13:02:34.2 (57862842)|ENTERING_MANAGED_PKG|
13:02:34.2 (57870258)|STATEMENT_EXECUTE|[94]
13:02:34.2 (57877248)|ENTERING_MANAGED_PKG|
13:02:34.2 (57908857)|HEAP_ALLOCATE|[94]|Bytes:28
13:02:34.2 (57925724)|ENTERING_MANAGED_PKG|
13:02:34.2 (57945630)|HEAP_ALLOCATE|[94]|Bytes:16
13:02:34.2 (57959887)|ENTERING_MANAGED_PKG|
13:02:34.2 (57963029)|HEAP_ALLOCATE|[94]|Bytes:16
13:02:34.2 (57973866)|VARIABLE_ASSIGNMENT|[94]|returnValue|"ResumeTemplate 1"
13:02:34.2 (57977103)|STATEMENT_EXECUTE|[100]
13:02:34.2 (57984778)|METHOD_EXIT|[84]|01pB0000000ljzx|testautonumdata.Sparkle_Helper.GetSobjectField(SObject, String)
13:02:34.2 (58009806)|VARIABLE_ASSIGNMENT|[EXTERNAL]|this|{"fileID":"069B0000000zbmhIAA"}|0x30c6a903
13:02:34.2 (58015060)|VARIABLE_ASSIGNMENT|[EXTERNAL]|value|"ResumeTemplate 1"
13:02:34.2 (58021450)|VARIABLE_ASSIGNMENT|[8]|this.fileName|"ResumeTemplate 1"|0x30c6a903
13:02:34.2 (58027139)|STATEMENT_EXECUTE|[85]
13:02:34.2 (58032929)|METHOD_ENTRY|[85]|01pB0000000ljzx|testautonumdata.Sparkle_Helper.GetSobjectField(SObject, String)
13:02:34.2 (58036028)|VARIABLE_SCOPE_BEGIN|[78]|e|SObject|true|false
13:02:34.2 (58141270)|VARIABLE_ASSIGNMENT|[78]|e|{"s":1,"v":{"ContentDocumentId":"069B0000000zbmhIAA","Id":"06AB0000000xmrtMAA","IsDeleted":false,"LinkedEntityId":"a0MB0000000cQXFMA2","ShareType":"V","SystemModstamp":"2016-05-23T15:46:04.000Z","Visibility":"InternalUsers","entityTypeName":"Custom Object Record","ContentDocument":{"s":2,"v":{"Title":"ResumeTemplate 1","FileType":"PDF","CreatedDate":"2016-05-23T15:46:03.000Z","FileExtension":"pdf","ContentSize":48077,"Id":"069B0000000zbmhIAA"}}}}|0x42cdcca0
13:02:34.2 (58149315)|VARIABLE_SCOPE_BEGIN|[78]|lcfield|String|false|false
13:02:34.2 (58158549)|VARIABLE_ASSIGNMENT|[78]|lcfield|"ContentDocument.Crea (7 more) ..."
13:02:34.2 (58170535)|HEAP_ALLOCATE|[81]|Bytes:5
13:02:34.2 (58177247)|STATEMENT_EXECUTE|[79]
13:02:34.2 (58179176)|STATEMENT_EXECUTE|[81]
13:02:34.2 (58185194)|VARIABLE_SCOPE_BEGIN|[81]|returnValue|String|false|false
13:02:34.2 (58194540)|VARIABLE_ASSIGNMENT|[81]|returnValue|""
13:02:34.2 (58215059)|ENTERING_MANAGED_PKG|
13:02:34.2 (58231550)|STATEMENT_EXECUTE|[84]
13:02:34.2 (58234398)|STATEMENT_EXECUTE|[85]
13:02:34.2 (58249835)|ENTERING_MANAGED_PKG|
13:02:34.2 (58256176)|HEAP_ALLOCATE|[85]|Bytes:15
13:02:34.2 (58272737)|VARIABLE_SCOPE_BEGIN|[85]|relName|String|false|false
13:02:34.2 (58283382)|VARIABLE_ASSIGNMENT|[85]|relName|"ContentDocument"
13:02:34.2 (58287784)|STATEMENT_EXECUTE|[86]
13:02:34.2 (58305997)|ENTERING_MANAGED_PKG|
13:02:34.2 (58312441)|HEAP_ALLOCATE|[86]|Bytes:11
13:02:34.2 (58328395)|VARIABLE_SCOPE_BEGIN|[86]|relField|String|false|false
13:02:34.2 (58339906)|VARIABLE_ASSIGNMENT|[86]|relField|"CreatedDate"
13:02:34.2 (58358153)|ENTERING_MANAGED_PKG|
13:02:34.2 (58373750)|STATEMENT_EXECUTE|[94]
13:02:34.2 (58389656)|ENTERING_MANAGED_PKG|
13:02:34.2 (58425592)|HEAP_ALLOCATE|[94]|Bytes:28
13:02:34.2 (58455591)|ENTERING_MANAGED_PKG|
13:02:34.2 (58485285)|HEAP_ALLOCATE|[94]|Bytes:56
13:02:34.2 (58513377)|ENTERING_MANAGED_PKG|
13:02:34.2 (58530864)|HEAP_ALLOCATE|[94]|Bytes:19
13:02:34.2 (58555127)|VARIABLE_ASSIGNMENT|[94]|returnValue|"2016-05-23 15:46:03"
13:02:34.2 (58560789)|STATEMENT_EXECUTE|[100]
13:02:34.2 (58573807)|METHOD_EXIT|[85]|01pB0000000ljzx|testautonumdata.Sparkle_Helper.GetSobjectField(SObject, String)
13:02:34.2 (58608027)|VARIABLE_ASSIGNMENT|[EXTERNAL]|this|{"fileID":"069B0000000zbmhIAA","fileName":"ResumeTemplate 1"}|0x30c6a903
13:02:34.2 (58613644)|VARIABLE_ASSIGNMENT|[EXTERNAL]|value|"2016-05-23 15:46:03"
13:02:34.2 (58620584)|VARIABLE_ASSIGNMENT|[10]|this.fileCreatedDate|"2016-05-23 15:46:03"|0x30c6a903
13:02:34.2 (58626879)|STATEMENT_EXECUTE|[86]
13:02:34.2 (58633191)|METHOD_ENTRY|[86]|01pB0000000ljzx|testautonumdata.Sparkle_Helper.GetSobjectField(SObject, String)
13:02:34.2 (58636385)|VARIABLE_SCOPE_BEGIN|[78]|e|SObject|true|false
13:02:34.2 (58728231)|VARIABLE_ASSIGNMENT|[78]|e|{"s":1,"v":{"ContentDocumentId":"069B0000000zbmhIAA","Id":"06AB0000000xmrtMAA","IsDeleted":false,"LinkedEntityId":"a0MB0000000cQXFMA2","ShareType":"V","SystemModstamp":"2016-05-23T15:46:04.000Z","Visibility":"InternalUsers","entityTypeName":"Custom Object Record","ContentDocument":{"s":2,"v":{"Title":"ResumeTemplate 1","FileType":"PDF","CreatedDate":"2016-05-23T15:46:03.000Z","FileExtension":"pdf","ContentSize":48077,"Id":"069B0000000zbmhIAA"}}}}|0x42cdcca0
13:02:34.2 (58734493)|VARIABLE_SCOPE_BEGIN|[78]|lcfield|String|false|false
13:02:34.2 (58739959)|VARIABLE_ASSIGNMENT|[78]|lcfield|"ContentDocument.File (9 more) ..."
13:02:34.2 (58748570)|HEAP_ALLOCATE|[81]|Bytes:5
13:02:34.2 (58752852)|STATEMENT_EXECUTE|[79]
13:02:34.2 (58754036)|STATEMENT_EXECUTE|[81]
13:02:34.2 (58757932)|VARIABLE_SCOPE_BEGIN|[81]|returnValue|String|false|false
13:02:34.2 (58762330)|VARIABLE_ASSIGNMENT|[81]|returnValue|""
13:02:34.2 (58775234)|ENTERING_MANAGED_PKG|
13:02:34.2 (58783390)|STATEMENT_EXECUTE|[84]
13:02:34.2 (58784927)|STATEMENT_EXECUTE|[85]
13:02:34.2 (58792346)|ENTERING_MANAGED_PKG|
13:02:34.2 (58795551)|HEAP_ALLOCATE|[85]|Bytes:15
13:02:34.2 (58802632)|VARIABLE_SCOPE_BEGIN|[85]|relName|String|false|false
13:02:34.2 (58807653)|VARIABLE_ASSIGNMENT|[85]|relName|"ContentDocument"
13:02:34.2 (58809631)|STATEMENT_EXECUTE|[86]
13:02:34.2 (58817433)|ENTERING_MANAGED_PKG|
13:02:34.2 (58820446)|HEAP_ALLOCATE|[86]|Bytes:13
13:02:34.2 (58827586)|VARIABLE_SCOPE_BEGIN|[86]|relField|String|false|false
13:02:34.2 (58832082)|VARIABLE_ASSIGNMENT|[86]|relField|"FileExtension"
13:02:34.2 (58839448)|ENTERING_MANAGED_PKG|
13:02:34.2 (58846375)|STATEMENT_EXECUTE|[94]
13:02:34.2 (58853067)|ENTERING_MANAGED_PKG|
13:02:34.2 (58882174)|HEAP_ALLOCATE|[94]|Bytes:28
13:02:34.2 (58908696)|ENTERING_MANAGED_PKG|
13:02:34.2 (58934937)|HEAP_ALLOCATE|[94]|Bytes:3
13:02:34.2 (58961980)|ENTERING_MANAGED_PKG|
13:02:34.2 (58968220)|HEAP_ALLOCATE|[94]|Bytes:3
13:02:34.2 (58989901)|VARIABLE_ASSIGNMENT|[94]|returnValue|"pdf"
13:02:34.2 (58995379)|STATEMENT_EXECUTE|[100]
13:02:34.2 (59008222)|METHOD_EXIT|[86]|01pB0000000ljzx|testautonumdata.Sparkle_Helper.GetSobjectField(SObject, String)
13:02:34.2 (59052250)|VARIABLE_ASSIGNMENT|[EXTERNAL]|this|{"fileCreatedDate":"2016-05-23 15:46:03","fileID":"069B0000000zbmhIAA","fileName":"ResumeTemplate 1"}|0x30c6a903
13:02:34.2 (59061832)|VARIABLE_ASSIGNMENT|[EXTERNAL]|value|"pdf"
13:02:34.2 (59073695)|VARIABLE_ASSIGNMENT|[12]|this.fileExtension|"pdf"|0x30c6a903
13:02:34.2 (59118173)|VARIABLE_ASSIGNMENT|[EXTERNAL]|this|{"fileCreatedDate":"2016-05-23 15:46:03","fileExtension":"pdf","fileID":"069B0000000zbmhIAA","fileName":"ResumeTemplate 1"}|0x30c6a903
13:02:34.2 (59146362)|ENTERING_MANAGED_PKG|
13:02:34.2 (59161985)|STATEMENT_EXECUTE|[87]
13:02:34.2 (59164897)|STATEMENT_EXECUTE|[89]
13:02:34.2 (59174416)|METHOD_ENTRY|[89]|01pB0000000ljzx|testautonumdata.Sparkle_Helper.GetSobjectField(SObject, String)
13:02:34.2 (59180542)|VARIABLE_SCOPE_BEGIN|[78]|e|SObject|true|false
13:02:34.2 (59323740)|VARIABLE_ASSIGNMENT|[78]|e|{"s":1,"v":{"ContentDocumentId":"069B0000000zbmhIAA","Id":"06AB0000000xmrtMAA","IsDeleted":false,"LinkedEntityId":"a0MB0000000cQXFMA2","ShareType":"V","SystemModstamp":"2016-05-23T15:46:04.000Z","Visibility":"InternalUsers","entityTypeName":"Custom Object Record","ContentDocument":{"s":2,"v":{"Title":"ResumeTemplate 1","FileType":"PDF","CreatedDate":"2016-05-23T15:46:03.000Z","FileExtension":"pdf","ContentSize":48077,"Id":"069B0000000zbmhIAA"}}}}|0x42cdcca0
13:02:34.2 (59333426)|VARIABLE_SCOPE_BEGIN|[78]|lcfield|String|false|false
13:02:34.2 (59342745)|VARIABLE_ASSIGNMENT|[78]|lcfield|"ContentDocument.Cont (7 more) ..."
13:02:34.2 (59352131)|HEAP_ALLOCATE|[81]|Bytes:5
13:02:34.2 (59356493)|STATEMENT_EXECUTE|[79]
13:02:34.2 (59357653)|STATEMENT_EXECUTE|[81]
13:02:34.2 (59361777)|VARIABLE_SCOPE_BEGIN|[81]|returnValue|String|false|false
13:02:34.2 (59366285)|VARIABLE_ASSIGNMENT|[81]|returnValue|""
13:02:34.2 (59379304)|ENTERING_MANAGED_PKG|
13:02:34.2 (59387626)|STATEMENT_EXECUTE|[84]
13:02:34.2 (59389031)|STATEMENT_EXECUTE|[85]
13:02:34.2 (59395624)|ENTERING_MANAGED_PKG|
13:02:34.2 (59398913)|HEAP_ALLOCATE|[85]|Bytes:15
13:02:34.2 (59406123)|VARIABLE_SCOPE_BEGIN|[85]|relName|String|false|false
13:02:34.2 (59411311)|VARIABLE_ASSIGNMENT|[85]|relName|"ContentDocument"
13:02:34.2 (59414004)|STATEMENT_EXECUTE|[86]
13:02:34.2 (59422145)|ENTERING_MANAGED_PKG|
13:02:34.2 (59425258)|HEAP_ALLOCATE|[86]|Bytes:11
13:02:34.2 (59432367)|VARIABLE_SCOPE_BEGIN|[86]|relField|String|false|false
13:02:34.2 (59436913)|VARIABLE_ASSIGNMENT|[86]|relField|"ContentSize"
13:02:34.2 (59444314)|ENTERING_MANAGED_PKG|
13:02:34.2 (59451222)|STATEMENT_EXECUTE|[94]
13:02:34.2 (59458017)|ENTERING_MANAGED_PKG|
13:02:34.2 (59483783)|HEAP_ALLOCATE|[94]|Bytes:28
13:02:34.2 (59499659)|ENTERING_MANAGED_PKG|
13:02:34.2 (59529706)|ENTERING_MANAGED_PKG|
13:02:34.2 (59534269)|HEAP_ALLOCATE|[94]|Bytes:5
13:02:34.2 (59545457)|VARIABLE_ASSIGNMENT|[94]|returnValue|"48077"
13:02:34.2 (59548510)|STATEMENT_EXECUTE|[100]
13:02:34.2 (59556361)|METHOD_EXIT|[89]|01pB0000000ljzx|testautonumdata.Sparkle_Helper.GetSobjectField(SObject, String)
13:02:34.2 (59583224)|VARIABLE_ASSIGNMENT|[EXTERNAL]|this|{"fileCreatedDate":"2016-05-23 15:46:03","fileExtension":"pdf","fileID":"069B0000000zbmhIAA","fileName":"ResumeTemplate 1"}|0x30c6a903
13:02:34.2 (59588514)|VARIABLE_ASSIGNMENT|[EXTERNAL]|value|"48077"
13:02:34.2 (59594880)|VARIABLE_ASSIGNMENT|[14]|this.fileSize|"48077"|0x30c6a903
13:02:34.2 (59600536)|STATEMENT_EXECUTE|[92]
13:02:34.2 (59606507)|ENTERING_MANAGED_PKG|
13:02:34.2 (59614543)|HEAP_ALLOCATE|[EXTERNAL]|Bytes:4
13:02:34.2 (59620655)|STATEMENT_EXECUTE|[94]
13:02:34.2 (59631949)|ENTERING_MANAGED_PKG|
13:02:34.2 (59667738)|HEAP_ALLOCATE|[94]|Bytes:284
13:02:34.2 (59682224)|HEAP_ALLOCATE|[94]|Bytes:296
13:02:34.2 (59690600)|ENTERING_MANAGED_PKG|
13:02:34.2 (59696955)|USER_DEBUG|[94]|DEBUG|######## i: FilesViewerServerController:[fileCreatedDate=2016-05-23 15:46:03, fileExtension=pdf, fileID=069B0000000zbmhIAA, fileName=ResumeTemplate 1, fileSize=48077, mapObjectsFields={ContentDocumentLink={ContentDocumentId, Id, IsDeleted, LinkedEntityId, ShareType, SystemModstamp, Visibility}}]
13:02:34.2 (59714926)|HEAP_ALLOCATE|[77]|Bytes:5
13:02:34.2 (59734874)|VARIABLE_ASSIGNMENT|[77]|e|null|
13:02:34.2 (59740028)|STATEMENT_EXECUTE|[99]
13:02:34.2 (59744754)|HEAP_ALLOCATE|[99]|Bytes:57
13:02:34.2 (59766444)|ENTERING_MANAGED_PKG|
13:02:34.2 (59886109)|HEAP_ALLOCATE|[99]|Bytes:478
13:02:34.2 (59911679)|HEAP_ALLOCATE|[99]|Bytes:535
13:02:34.2 (59930038)|ENTERING_MANAGED_PKG|
13:02:34.2 (59939674)|USER_DEBUG|[99]|DEBUG|######## FilesViewerServerController - lstReturnRecords: (FilesViewerServerController:[fileCreatedDate=2016-05-23 15:46:04, fileExtension=word, fileID=069B0000000zbmmIAA, fileName=ResumeTemplate 1, fileSize=29696, mapObjectsFields={ContentDocumentLink={ContentDocumentId, Id, IsDeleted, LinkedEntityId, ShareType, SystemModstamp, Visibility}}], FilesViewerServerController:[fileCreatedDate=2016-05-23 15:46:03, fileExtension=pdf, fileID=069B0000000zbmhIAA, fileName=ResumeTemplate 1, fileSize=48077, mapObjectsFields=(already output)])
13:02:34.2 (59954395)|STATEMENT_EXECUTE|[101]
13:02:34.2 (59968526)|SYSTEM_MODE_EXIT|false
13:02:34.60 (60029176)|CUMULATIVE_LIMIT_USAGE
13:02:34.60 (60029176)|LIMIT_USAGE_FOR_NS|(default)|
  Number of SOQL queries: 0 out of 100
  Number of query rows: 0 out of 50000
  Number of SOSL queries: 0 out of 20
  Number of DML statements: 0 out of 150
  Number of DML rows: 0 out of 10000
  Maximum CPU time: 0 out of 10000
  Maximum heap size: 0 out of 6000000
  Number of callouts: 0 out of 100
  Number of Email Invocations: 0 out of 10
  Number of future calls: 0 out of 50
  Number of queueable jobs added to the queue: 0 out of 50
  Number of Mobile Apex push calls: 0 out of 10

13:02:34.60 (60029176)|LIMIT_USAGE_FOR_NS|testautonumdata|
  Number of SOQL queries: 1 out of 100
  Number of query rows: 2 out of 50000
  Number of SOSL queries: 0 out of 20
  Number of DML statements: 0 out of 150
  Number of DML rows: 0 out of 10000
  Maximum CPU time: 0 out of 10000
  Maximum heap size: 0 out of 6000000
  Number of callouts: 0 out of 100
  Number of Email Invocations: 0 out of 10
  Number of future calls: 0 out of 50
  Number of queueable jobs added to the queue: 0 out of 50
  Number of Mobile Apex push calls: 0 out of 10

13:02:34.60 (60029176)|CUMULATIVE_LIMIT_USAGE_END

13:02:34.61 (61972634)|CODE_UNIT_STARTED|[EXTERNAL]|Aura
13:02:34.63 (63086825)|CODE_UNIT_STARTED|[EXTERNAL]|Aura
