37.0 APEX_CODE,FINEST;APEX_PROFILING,INFO;CALLOUT,INFO;DB,INFO;SYSTEM,DEBUG;VALIDATION,INFO;VISUALFORCE,INFO;WORKFLOW,INFO
07:15:42.0 (120611)|USER_INFO|[EXTERNAL]|005B0000001VpZR|rreboucas-yi5c@force.com|Pacific Standard Time|GMT-07:00
07:15:42.0 (685326)|HEAP_ALLOCATE|[72]|Bytes:3
07:15:42.0 (750785)|HEAP_ALLOCATE|[77]|Bytes:152
07:15:42.0 (773054)|HEAP_ALLOCATE|[342]|Bytes:408
07:15:42.0 (793536)|HEAP_ALLOCATE|[355]|Bytes:408
07:15:42.0 (812740)|HEAP_ALLOCATE|[467]|Bytes:48
07:15:42.3 (3216202)|USER_INFO|[EXTERNAL]|005B0000001VpZR|rreboucas-yi5c@force.com|Pacific Standard Time|GMT-07:00
07:15:42.3 (3461639)|STATEMENT_EXECUTE|[1]
07:15:42.3 (3501779)|HEAP_ALLOCATE|[50]|Bytes:5
07:15:42.3 (3529495)|HEAP_ALLOCATE|[56]|Bytes:5
07:15:42.3 (3543204)|HEAP_ALLOCATE|[64]|Bytes:7
07:15:42.3 (3576224)|SYSTEM_MODE_ENTER|false
07:15:42.3 (3599896)|HEAP_ALLOCATE|[EXTERNAL]|Bytes:5
07:15:42.3 (3610343)|SYSTEM_MODE_EXIT|false
07:15:42.3 (3625440)|METHOD_EXIT|[1]|Twitter_Lightning_Controller
07:15:42.3 (3631023)|HEAP_ALLOCATE|[EXTERNAL]|Bytes:18
07:15:42.3 (3633180)|HEAP_ALLOCATE|[EXTERNAL]|Bytes:12
07:15:42.3 (3634492)|HEAP_ALLOCATE|[EXTERNAL]|Bytes:13
07:15:42.3 (3635720)|HEAP_ALLOCATE|[EXTERNAL]|Bytes:13
07:15:42.3 (3636971)|HEAP_ALLOCATE|[EXTERNAL]|Bytes:12
07:15:42.3 (3638184)|HEAP_ALLOCATE|[EXTERNAL]|Bytes:10
07:15:42.3 (3639416)|HEAP_ALLOCATE|[EXTERNAL]|Bytes:9
07:15:42.3 (3647582)|SYSTEM_MODE_ENTER|false
07:15:42.3 (3658816)|VARIABLE_SCOPE_BEGIN|[68]|recordID|String|false|false
07:15:42.3 (3691964)|VARIABLE_ASSIGNMENT|[68]|recordID|"a0MB0000000cQXFMA2"
07:15:42.3 (3697465)|VARIABLE_SCOPE_BEGIN|[68]|objectApiName|String|false|false
07:15:42.3 (3702148)|VARIABLE_ASSIGNMENT|[68]|objectApiName|"Candidate__c"
07:15:42.3 (3705518)|VARIABLE_SCOPE_BEGIN|[68]|twitterIDFieldApiName|String|false|false
07:15:42.3 (3709329)|VARIABLE_ASSIGNMENT|[68]|twitterIDFieldApiName|"Twitter_ID__c"
07:15:42.3 (3712322)|VARIABLE_SCOPE_BEGIN|[68]|firstName|String|false|false
07:15:42.3 (3715746)|VARIABLE_ASSIGNMENT|[68]|firstName|"First_Name__c"
07:15:42.3 (3718675)|VARIABLE_SCOPE_BEGIN|[68]|lastName|String|false|false
07:15:42.3 (3721856)|VARIABLE_ASSIGNMENT|[68]|lastName|"Last_Name__c"
07:15:42.3 (3724976)|VARIABLE_SCOPE_BEGIN|[68]|companyName|String|false|false
07:15:42.3 (3728242)|VARIABLE_ASSIGNMENT|[68]|companyName|"Company__c"
07:15:42.3 (3731162)|VARIABLE_SCOPE_BEGIN|[68]|email|String|false|false
07:15:42.3 (3734226)|VARIABLE_ASSIGNMENT|[68]|email|"E_mail__c"
07:15:42.3 (3749331)|HEAP_ALLOCATE|[70]|Bytes:5
07:15:42.3 (3753982)|STATEMENT_EXECUTE|[68]
07:15:42.3 (3755622)|STATEMENT_EXECUTE|[70]
07:15:42.3 (3767972)|VARIABLE_SCOPE_BEGIN|[70]|hasTwitterMemberID|Boolean|false|false
07:15:42.3 (3772102)|HEAP_ALLOCATE|[70]|Bytes:5
07:15:42.3 (3781749)|VARIABLE_ASSIGNMENT|[70]|hasTwitterMemberID|false
07:15:42.3 (3783788)|STATEMENT_EXECUTE|[71]
07:15:42.3 (3790100)|HEAP_ALLOCATE|[71]|Bytes:64
07:15:42.3 (3811023)|CONSTRUCTOR_ENTRY|[71]|01pB0000000r382|<init>()
07:15:42.3 (3845778)|VARIABLE_SCOPE_BEGIN|[1]|this|testautonumdata.Twitter_Lightning_Controller|true|false
07:15:42.3 (3896254)|VARIABLE_ASSIGNMENT|[1]|this|{}|0x669b596e
07:15:42.3 (3904066)|HEAP_ALLOCATE|[EXTERNAL]|Bytes:5
07:15:42.3 (3912735)|HEAP_ALLOCATE|[EXTERNAL]|Bytes:6
07:15:42.3 (3939001)|STATEMENT_EXECUTE|[1]
07:15:42.3 (3943828)|HEAP_ALLOCATE|[EXTERNAL]|Bytes:5
07:15:42.3 (3946324)|STATEMENT_EXECUTE|[4]
07:15:42.3 (3948335)|STATEMENT_EXECUTE|[6]
07:15:42.3 (3949474)|STATEMENT_EXECUTE|[8]
07:15:42.3 (3950543)|STATEMENT_EXECUTE|[10]
07:15:42.3 (3951934)|STATEMENT_EXECUTE|[12]
07:15:42.3 (3953265)|STATEMENT_EXECUTE|[14]
07:15:42.3 (3954549)|STATEMENT_EXECUTE|[16]
07:15:42.3 (3955873)|STATEMENT_EXECUTE|[18]
07:15:42.3 (3957203)|STATEMENT_EXECUTE|[20]
07:15:42.3 (3958342)|STATEMENT_EXECUTE|[22]
07:15:42.3 (3959449)|STATEMENT_EXECUTE|[24]
07:15:42.3 (3960781)|STATEMENT_EXECUTE|[26]
07:15:42.3 (3962053)|STATEMENT_EXECUTE|[28]
07:15:42.3 (3963067)|STATEMENT_EXECUTE|[30]
07:15:42.3 (3964207)|STATEMENT_EXECUTE|[32]
07:15:42.3 (3973963)|CONSTRUCTOR_EXIT|[71]|01pB0000000r382|<init>()
07:15:42.3 (3980928)|VARIABLE_SCOPE_BEGIN|[71]|returnRec|testautonumdata.Twitter_Lightning_Controller|true|false
07:15:42.3 (4010836)|VARIABLE_ASSIGNMENT|[71]|returnRec|{}|0x669b596e
07:15:42.3 (4046382)|ENTERING_MANAGED_PKG|
07:15:42.3 (4098804)|STATEMENT_EXECUTE|[74]
07:15:42.3 (4101268)|STATEMENT_EXECUTE|[75]
07:15:42.3 (4105581)|HEAP_ALLOCATE|[75]|Bytes:9
07:15:42.3 (4113423)|VARIABLE_SCOPE_BEGIN|[75]|soql|String|false|false
07:15:42.3 (4122372)|VARIABLE_ASSIGNMENT|[75]|soql|"Select id"
07:15:42.3 (4125485)|STATEMENT_EXECUTE|[78]
07:15:42.3 (4129132)|HEAP_ALLOCATE|[78]|Bytes:2
07:15:42.3 (4140158)|HEAP_ALLOCATE|[78]|Bytes:15
07:15:42.3 (4144632)|HEAP_ALLOCATE|[78]|Bytes:24
07:15:42.3 (4154266)|VARIABLE_ASSIGNMENT|[78]|soql|"Select id, Twitter_I (4 more) ..."
07:15:42.3 (4157608)|STATEMENT_EXECUTE|[81]
07:15:42.3 (4162409)|HEAP_ALLOCATE|[81]|Bytes:15
07:15:42.3 (4166312)|HEAP_ALLOCATE|[81]|Bytes:39
07:15:42.3 (4173440)|VARIABLE_ASSIGNMENT|[81]|soql|"Select id, Twitter_I (19 more) ..."
07:15:42.3 (4176376)|STATEMENT_EXECUTE|[84]
07:15:42.3 (4180915)|HEAP_ALLOCATE|[84]|Bytes:14
07:15:42.3 (4184661)|HEAP_ALLOCATE|[84]|Bytes:53
07:15:42.3 (4191158)|VARIABLE_ASSIGNMENT|[84]|soql|"Select id, Twitter_I (33 more) ..."
07:15:42.3 (4193742)|STATEMENT_EXECUTE|[87]
07:15:42.3 (4198120)|HEAP_ALLOCATE|[87]|Bytes:12
07:15:42.3 (4201775)|HEAP_ALLOCATE|[87]|Bytes:65
07:15:42.3 (4208295)|VARIABLE_ASSIGNMENT|[87]|soql|"Select id, Twitter_I (45 more) ..."
07:15:42.3 (4211038)|STATEMENT_EXECUTE|[90]
07:15:42.3 (4215481)|HEAP_ALLOCATE|[90]|Bytes:11
07:15:42.3 (4219217)|HEAP_ALLOCATE|[90]|Bytes:76
07:15:42.3 (4225715)|VARIABLE_ASSIGNMENT|[90]|soql|"Select id, Twitter_I (56 more) ..."
07:15:42.3 (4227996)|STATEMENT_EXECUTE|[93]
07:15:42.3 (4230976)|HEAP_ALLOCATE|[93]|Bytes:6
07:15:42.3 (4235648)|HEAP_ALLOCATE|[93]|Bytes:18
07:15:42.3 (4239437)|HEAP_ALLOCATE|[93]|Bytes:94
07:15:42.3 (4245954)|VARIABLE_ASSIGNMENT|[93]|soql|"Select id, Twitter_I (74 more) ..."
07:15:42.3 (4248061)|STATEMENT_EXECUTE|[95]
07:15:42.3 (4250517)|HEAP_ALLOCATE|[95]|Bytes:12
07:15:42.3 (4253448)|HEAP_ALLOCATE|[95]|Bytes:1
07:15:42.3 (4261319)|HEAP_ALLOCATE|[95]|Bytes:31
07:15:42.3 (4265281)|HEAP_ALLOCATE|[95]|Bytes:125
07:15:42.3 (4272505)|VARIABLE_ASSIGNMENT|[95]|soql|"Select id, Twitter_I (105 more) ..."
07:15:42.3 (4274861)|STATEMENT_EXECUTE|[98]
07:15:42.3 (4277897)|HEAP_ALLOCATE|[98]|Bytes:8
07:15:42.3 (4282234)|HEAP_ALLOCATE|[98]|Bytes:133
07:15:42.3 (4289020)|VARIABLE_ASSIGNMENT|[98]|soql|"Select id, Twitter_I (113 more) ..."
07:15:42.3 (4291234)|STATEMENT_EXECUTE|[100]
07:15:42.3 (4293903)|HEAP_ALLOCATE|[100]|Bytes:15
07:15:42.3 (4298721)|HEAP_ALLOCATE|[100]|Bytes:148
07:15:42.3 (4338296)|ENTERING_MANAGED_PKG|
07:15:42.3 (4379191)|USER_DEBUG|[100]|DEBUG|######## soql: Select id, Twitter_ID__c, First_Name__c, Last_Name__c, Company__c, E_mail__c FROM Candidate__c WHERE id ='a0MB0000000cQXFMA2' limit 1
07:15:42.3 (4389478)|STATEMENT_EXECUTE|[102]
07:15:42.3 (4421040)|ENTERING_MANAGED_PKG|
07:15:42.3 (4444857)|HEAP_ALLOCATE|[102]|Bytes:5
07:15:42.3 (5015194)|SOQL_EXECUTE_BEGIN|[102]|Aggregations:0|Select id, Twitter_ID__c, First_Name__c, Last_Name__c, Company__c, E_mail__c FROM Candidate__c WHERE id ='a0MB0000000cQXFMA2' limit 1
07:15:42.3 (8192048)|SOQL_EXECUTE_END|[102]|Rows:1
07:15:42.3 (8226960)|HEAP_ALLOCATE|[102]|Bytes:8
07:15:42.3 (8251212)|HEAP_ALLOCATE|[102]|Bytes:250
07:15:42.3 (8415502)|HEAP_ALLOCATE|[102]|Bytes:8
07:15:42.3 (8436047)|VARIABLE_SCOPE_BEGIN|[102]|lstQueriedRecords|List<SObject>|true|false
07:15:42.3 (8482666)|VARIABLE_ASSIGNMENT|[102]|lstQueriedRecords|{"s":1,"v":[{"s":2,"v":{"Id":"a0MB0000000cQXFMA2","testautonumdata__Twi (10 more) ...":"@roreb","testautonumdata__Fir (10 more) ...":"Rodrigo","testautonumdata__Las (9 more) ...":"Reboucas","testautonumdata__Com (7 more) ...":"Salesforce.com","testautonumdata__E_m (6 more) ...":"rreboucas@salesforce (4 more) ..."}}]}|0x4ad5b953
07:15:42.3 (8589727)|ENTERING_MANAGED_PKG|
07:15:42.3 (8633178)|STATEMENT_EXECUTE|[104]
07:15:42.3 (8635692)|STATEMENT_EXECUTE|[105]
07:15:42.3 (8696545)|VARIABLE_ASSIGNMENT|[EXTERNAL]|this|{}|0x669b596e
07:15:42.3 (8704902)|VARIABLE_ASSIGNMENT|[EXTERNAL]|value|true
07:15:42.3 (8710471)|HEAP_ALLOCATE|[10]|Bytes:5
07:15:42.3 (8734738)|VARIABLE_ASSIGNMENT|[10]|this.hasTwitterMemberID|true|0x669b596e
07:15:42.3 (8744803)|STATEMENT_EXECUTE|[106]
07:15:42.3 (8782957)|HEAP_ALLOCATE|[106]|Bytes:28
07:15:42.3 (8796884)|VARIABLE_SCOPE_BEGIN|[106]|e|SObject|true|false
07:15:42.3 (8818344)|VARIABLE_ASSIGNMENT|[106]|e|{"s":1,"v":{"Id":"a0MB0000000cQXFMA2","testautonumdata__Twi (10 more) ...":"@roreb","testautonumdata__Fir (10 more) ...":"Rodrigo","testautonumdata__Las (9 more) ...":"Reboucas","testautonumdata__Com (7 more) ...":"Salesforce.com","testautonumdata__E_m (6 more) ...":"rreboucas@salesforce (4 more) ..."}}|0x415debfd
07:15:42.3 (8823487)|STATEMENT_EXECUTE|[109]
07:15:42.3 (8825018)|STATEMENT_EXECUTE|[110]
07:15:42.3 (8829460)|HEAP_ALLOCATE|[110]|Bytes:2
07:15:42.3 (8843415)|METHOD_ENTRY|[110]|01pB0000000r382|testautonumdata.Twitter_Lightning_Controller.GetSobjectField(SObject, String)
07:15:42.3 (8868339)|VARIABLE_SCOPE_BEGIN|[500]|e|SObject|true|false
07:15:42.3 (8886154)|VARIABLE_ASSIGNMENT|[500]|e|{"s":1,"v":{"Id":"a0MB0000000cQXFMA2","testautonumdata__Twi (10 more) ...":"@roreb","testautonumdata__Fir (10 more) ...":"Rodrigo","testautonumdata__Las (9 more) ...":"Reboucas","testautonumdata__Com (7 more) ...":"Salesforce.com","testautonumdata__E_m (6 more) ...":"rreboucas@salesforce (4 more) ..."}}|0x415debfd
07:15:42.3 (8890148)|VARIABLE_SCOPE_BEGIN|[500]|lcfield|String|false|false
07:15:42.3 (8893817)|VARIABLE_ASSIGNMENT|[500]|lcfield|"id"
07:15:42.3 (8901438)|HEAP_ALLOCATE|[503]|Bytes:5
07:15:42.3 (8905351)|STATEMENT_EXECUTE|[501]
07:15:42.3 (8906748)|STATEMENT_EXECUTE|[503]
07:15:42.3 (8915557)|VARIABLE_SCOPE_BEGIN|[503]|returnValue|String|false|false
07:15:42.3 (8922772)|VARIABLE_ASSIGNMENT|[503]|returnValue|""
07:15:42.3 (8926212)|HEAP_ALLOCATE|[505]|Bytes:1
07:15:42.3 (8955901)|ENTERING_MANAGED_PKG|
07:15:42.3 (8997789)|STATEMENT_EXECUTE|[520]
07:15:42.3 (9032204)|ENTERING_MANAGED_PKG|
07:15:42.3 (9094028)|HEAP_ALLOCATE|[520]|Bytes:4
07:15:42.3 (9127060)|ENTERING_MANAGED_PKG|
07:15:42.3 (9134452)|HEAP_ALLOCATE|[520]|Bytes:18
07:15:42.3 (9150713)|VARIABLE_ASSIGNMENT|[520]|returnValue|"a0MB0000000cQXFMA2"
07:15:42.3 (9154069)|STATEMENT_EXECUTE|[522]
07:15:42.3 (9164084)|METHOD_EXIT|[110]|01pB0000000r382|testautonumdata.Twitter_Lightning_Controller.GetSobjectField(SObject, String)
07:15:42.3 (9206977)|VARIABLE_ASSIGNMENT|[EXTERNAL]|this|{"hasTwitterMemberID":true}|0x669b596e
07:15:42.3 (9213094)|VARIABLE_ASSIGNMENT|[EXTERNAL]|value|"a0MB0000000cQXFMA2"
07:15:42.3 (9234444)|VARIABLE_ASSIGNMENT|[4]|this.salesforceRecordID|"a0MB0000000cQXFMA2"|0x669b596e
07:15:42.3 (9244477)|STATEMENT_EXECUTE|[113]
07:15:42.3 (9246100)|STATEMENT_EXECUTE|[114]
07:15:42.3 (9252805)|METHOD_ENTRY|[114]|01pB0000000r382|testautonumdata.Twitter_Lightning_Controller.GetSobjectField(SObject, String)
07:15:42.3 (9275223)|VARIABLE_SCOPE_BEGIN|[500]|e|SObject|true|false
07:15:42.3 (9294002)|VARIABLE_ASSIGNMENT|[500]|e|{"s":1,"v":{"Id":"a0MB0000000cQXFMA2","testautonumdata__Twi (10 more) ...":"@roreb","testautonumdata__Fir (10 more) ...":"Rodrigo","testautonumdata__Las (9 more) ...":"Reboucas","testautonumdata__Com (7 more) ...":"Salesforce.com","testautonumdata__E_m (6 more) ...":"rreboucas@salesforce (4 more) ..."}}|0x415debfd
07:15:42.3 (9297951)|VARIABLE_SCOPE_BEGIN|[500]|lcfield|String|false|false
07:15:42.3 (9302022)|VARIABLE_ASSIGNMENT|[500]|lcfield|"First_Name__c"
07:15:42.3 (9309608)|HEAP_ALLOCATE|[503]|Bytes:5
07:15:42.3 (9313197)|STATEMENT_EXECUTE|[501]
07:15:42.3 (9314498)|STATEMENT_EXECUTE|[503]
07:15:42.3 (9322436)|VARIABLE_SCOPE_BEGIN|[503]|returnValue|String|false|false
07:15:42.3 (9329050)|VARIABLE_ASSIGNMENT|[503]|returnValue|""
07:15:42.3 (9352481)|ENTERING_MANAGED_PKG|
07:15:42.3 (9364365)|STATEMENT_EXECUTE|[520]
07:15:42.3 (9379685)|ENTERING_MANAGED_PKG|
07:15:42.3 (9404251)|HEAP_ALLOCATE|[520]|Bytes:7
07:15:42.3 (9428954)|ENTERING_MANAGED_PKG|
07:15:42.3 (9434125)|HEAP_ALLOCATE|[520]|Bytes:7
07:15:42.3 (9448862)|VARIABLE_ASSIGNMENT|[520]|returnValue|"Rodrigo"
07:15:42.3 (9451760)|STATEMENT_EXECUTE|[522]
07:15:42.3 (9460424)|METHOD_EXIT|[114]|01pB0000000r382|testautonumdata.Twitter_Lightning_Controller.GetSobjectField(SObject, String)
07:15:42.3 (9503836)|VARIABLE_ASSIGNMENT|[EXTERNAL]|this|{"hasTwitterMemberID":true,"salesforceRecordID":"a0MB0000000cQXFMA2"}|0x669b596e
07:15:42.3 (9510684)|VARIABLE_ASSIGNMENT|[EXTERNAL]|value|"Rodrigo"
07:15:42.3 (9530652)|VARIABLE_ASSIGNMENT|[12]|this.firstName|"Rodrigo"|0x669b596e
07:15:42.3 (9545025)|STATEMENT_EXECUTE|[117]
07:15:42.3 (9546692)|STATEMENT_EXECUTE|[118]
07:15:42.3 (9553443)|METHOD_ENTRY|[118]|01pB0000000r382|testautonumdata.Twitter_Lightning_Controller.GetSobjectField(SObject, String)
07:15:42.3 (9576148)|VARIABLE_SCOPE_BEGIN|[500]|e|SObject|true|false
07:15:42.3 (9594358)|VARIABLE_ASSIGNMENT|[500]|e|{"s":1,"v":{"Id":"a0MB0000000cQXFMA2","testautonumdata__Twi (10 more) ...":"@roreb","testautonumdata__Fir (10 more) ...":"Rodrigo","testautonumdata__Las (9 more) ...":"Reboucas","testautonumdata__Com (7 more) ...":"Salesforce.com","testautonumdata__E_m (6 more) ...":"rreboucas@salesforce (4 more) ..."}}|0x415debfd
07:15:42.3 (9597859)|VARIABLE_SCOPE_BEGIN|[500]|lcfield|String|false|false
07:15:42.3 (9601657)|VARIABLE_ASSIGNMENT|[500]|lcfield|"Last_Name__c"
07:15:42.3 (9609170)|HEAP_ALLOCATE|[503]|Bytes:5
07:15:42.3 (9612833)|STATEMENT_EXECUTE|[501]
07:15:42.3 (9614086)|STATEMENT_EXECUTE|[503]
07:15:42.3 (9621922)|VARIABLE_SCOPE_BEGIN|[503]|returnValue|String|false|false
07:15:42.3 (9628525)|VARIABLE_ASSIGNMENT|[503]|returnValue|""
07:15:42.3 (9651653)|ENTERING_MANAGED_PKG|
07:15:42.3 (9663333)|STATEMENT_EXECUTE|[520]
07:15:42.3 (9678547)|ENTERING_MANAGED_PKG|
07:15:42.3 (9701968)|HEAP_ALLOCATE|[520]|Bytes:8
07:15:42.3 (9726809)|ENTERING_MANAGED_PKG|
07:15:42.3 (9732012)|HEAP_ALLOCATE|[520]|Bytes:8
07:15:42.3 (9746899)|VARIABLE_ASSIGNMENT|[520]|returnValue|"Reboucas"
07:15:42.3 (9749813)|STATEMENT_EXECUTE|[522]
07:15:42.3 (9758175)|METHOD_EXIT|[118]|01pB0000000r382|testautonumdata.Twitter_Lightning_Controller.GetSobjectField(SObject, String)
07:15:42.3 (9802169)|VARIABLE_ASSIGNMENT|[EXTERNAL]|this|{"firstName":"Rodrigo","hasTwitterMemberID":true,"salesforceRecordID":"a0MB0000000cQXFMA2"}|0x669b596e
07:15:42.3 (9808612)|VARIABLE_ASSIGNMENT|[EXTERNAL]|value|"Reboucas"
07:15:42.3 (9828483)|VARIABLE_ASSIGNMENT|[14]|this.lastName|"Reboucas"|0x669b596e
07:15:42.3 (9838375)|STATEMENT_EXECUTE|[121]
07:15:42.3 (9839998)|STATEMENT_EXECUTE|[122]
07:15:42.3 (9846521)|METHOD_ENTRY|[122]|01pB0000000r382|testautonumdata.Twitter_Lightning_Controller.GetSobjectField(SObject, String)
07:15:42.3 (9869127)|VARIABLE_SCOPE_BEGIN|[500]|e|SObject|true|false
07:15:42.3 (9887408)|VARIABLE_ASSIGNMENT|[500]|e|{"s":1,"v":{"Id":"a0MB0000000cQXFMA2","testautonumdata__Twi (10 more) ...":"@roreb","testautonumdata__Fir (10 more) ...":"Rodrigo","testautonumdata__Las (9 more) ...":"Reboucas","testautonumdata__Com (7 more) ...":"Salesforce.com","testautonumdata__E_m (6 more) ...":"rreboucas@salesforce (4 more) ..."}}|0x415debfd
07:15:42.3 (9891456)|VARIABLE_SCOPE_BEGIN|[500]|lcfield|String|false|false
07:15:42.3 (9895074)|VARIABLE_ASSIGNMENT|[500]|lcfield|"Company__c"
07:15:42.3 (9902535)|HEAP_ALLOCATE|[503]|Bytes:5
07:15:42.3 (9905959)|STATEMENT_EXECUTE|[501]
07:15:42.3 (9907177)|STATEMENT_EXECUTE|[503]
07:15:42.3 (9914907)|VARIABLE_SCOPE_BEGIN|[503]|returnValue|String|false|false
07:15:42.3 (9921075)|VARIABLE_ASSIGNMENT|[503]|returnValue|""
07:15:42.3 (9943680)|ENTERING_MANAGED_PKG|
07:15:42.3 (9955000)|STATEMENT_EXECUTE|[520]
07:15:42.3 (9970102)|ENTERING_MANAGED_PKG|
07:15:42.3 (9992580)|HEAP_ALLOCATE|[520]|Bytes:14
07:15:42.3 (10017063)|ENTERING_MANAGED_PKG|
07:15:42.3 (10023304)|HEAP_ALLOCATE|[520]|Bytes:14
07:15:42.3 (10038899)|VARIABLE_ASSIGNMENT|[520]|returnValue|"Salesforce.com"
07:15:42.3 (10042036)|STATEMENT_EXECUTE|[522]
07:15:42.3 (10050579)|METHOD_EXIT|[122]|01pB0000000r382|testautonumdata.Twitter_Lightning_Controller.GetSobjectField(SObject, String)
07:15:42.3 (10094009)|VARIABLE_ASSIGNMENT|[EXTERNAL]|this|{"firstName":"Rodrigo","hasTwitterMemberID":true,"lastName":"Reboucas","salesforceRecordID":"a0MB0000000cQXFMA2"}|0x669b596e
07:15:42.3 (10100404)|VARIABLE_ASSIGNMENT|[EXTERNAL]|value|"Salesforce.com"
07:15:42.3 (10119512)|VARIABLE_ASSIGNMENT|[16]|this.companyName|"Salesforce.com"|0x669b596e
07:15:42.3 (10129281)|STATEMENT_EXECUTE|[126]
07:15:42.3 (10130862)|STATEMENT_EXECUTE|[127]
07:15:42.3 (10137402)|METHOD_ENTRY|[127]|01pB0000000r382|testautonumdata.Twitter_Lightning_Controller.GetSobjectField(SObject, String)
07:15:42.3 (10159501)|VARIABLE_SCOPE_BEGIN|[500]|e|SObject|true|false
07:15:42.3 (10177993)|VARIABLE_ASSIGNMENT|[500]|e|{"s":1,"v":{"Id":"a0MB0000000cQXFMA2","testautonumdata__Twi (10 more) ...":"@roreb","testautonumdata__Fir (10 more) ...":"Rodrigo","testautonumdata__Las (9 more) ...":"Reboucas","testautonumdata__Com (7 more) ...":"Salesforce.com","testautonumdata__E_m (6 more) ...":"rreboucas@salesforce (4 more) ..."}}|0x415debfd
07:15:42.3 (10181748)|VARIABLE_SCOPE_BEGIN|[500]|lcfield|String|false|false
07:15:42.3 (10186011)|VARIABLE_ASSIGNMENT|[500]|lcfield|"E_mail__c"
07:15:42.3 (10193582)|HEAP_ALLOCATE|[503]|Bytes:5
07:15:42.3 (10197191)|STATEMENT_EXECUTE|[501]
07:15:42.3 (10198460)|STATEMENT_EXECUTE|[503]
07:15:42.3 (10206245)|VARIABLE_SCOPE_BEGIN|[503]|returnValue|String|false|false
07:15:42.3 (10212552)|VARIABLE_ASSIGNMENT|[503]|returnValue|""
07:15:42.3 (10235395)|ENTERING_MANAGED_PKG|
07:15:42.3 (10246644)|STATEMENT_EXECUTE|[520]
07:15:42.3 (10262068)|ENTERING_MANAGED_PKG|
07:15:42.3 (10284587)|HEAP_ALLOCATE|[520]|Bytes:24
07:15:42.3 (10309415)|ENTERING_MANAGED_PKG|
07:15:42.3 (10314604)|HEAP_ALLOCATE|[520]|Bytes:24
07:15:42.3 (10330755)|VARIABLE_ASSIGNMENT|[520]|returnValue|"rreboucas@salesforce (4 more) ..."
07:15:42.3 (10333868)|STATEMENT_EXECUTE|[522]
07:15:42.3 (10342217)|METHOD_EXIT|[127]|01pB0000000r382|testautonumdata.Twitter_Lightning_Controller.GetSobjectField(SObject, String)
07:15:42.3 (10388048)|VARIABLE_ASSIGNMENT|[EXTERNAL]|this|{"companyName":"Salesforce.com","firstName":"Rodrigo","hasTwitterMemberID":true,"lastName":"Reboucas","salesforceRecordID":"a0MB0000000cQXFMA2"}|0x669b596e
07:15:42.3 (10396009)|VARIABLE_ASSIGNMENT|[EXTERNAL]|value|"rreboucas@salesforce (4 more) ..."
07:15:42.3 (10416548)|VARIABLE_ASSIGNMENT|[18]|this.email|"rreboucas@salesforce (4 more) ..."|0x669b596e
07:15:42.3 (10426389)|STATEMENT_EXECUTE|[131]
07:15:42.3 (10427952)|STATEMENT_EXECUTE|[132]
07:15:42.3 (10434359)|METHOD_ENTRY|[132]|01pB0000000r382|testautonumdata.Twitter_Lightning_Controller.GetSobjectField(SObject, String)
07:15:42.3 (10456440)|VARIABLE_SCOPE_BEGIN|[500]|e|SObject|true|false
07:15:42.3 (10474424)|VARIABLE_ASSIGNMENT|[500]|e|{"s":1,"v":{"Id":"a0MB0000000cQXFMA2","testautonumdata__Twi (10 more) ...":"@roreb","testautonumdata__Fir (10 more) ...":"Rodrigo","testautonumdata__Las (9 more) ...":"Reboucas","testautonumdata__Com (7 more) ...":"Salesforce.com","testautonumdata__E_m (6 more) ...":"rreboucas@salesforce (4 more) ..."}}|0x415debfd
07:15:42.3 (10478010)|VARIABLE_SCOPE_BEGIN|[500]|lcfield|String|false|false
07:15:42.3 (10481719)|VARIABLE_ASSIGNMENT|[500]|lcfield|"Twitter_ID__c"
07:15:42.3 (10489193)|HEAP_ALLOCATE|[503]|Bytes:5
07:15:42.3 (10492743)|STATEMENT_EXECUTE|[501]
07:15:42.3 (10493972)|STATEMENT_EXECUTE|[503]
07:15:42.3 (10502291)|VARIABLE_SCOPE_BEGIN|[503]|returnValue|String|false|false
07:15:42.3 (10508504)|VARIABLE_ASSIGNMENT|[503]|returnValue|""
07:15:42.3 (10531175)|ENTERING_MANAGED_PKG|
07:15:42.3 (10546994)|STATEMENT_EXECUTE|[520]
07:15:42.3 (10563153)|ENTERING_MANAGED_PKG|
07:15:42.3 (10586091)|HEAP_ALLOCATE|[520]|Bytes:6
07:15:42.3 (10610614)|ENTERING_MANAGED_PKG|
07:15:42.3 (10615679)|HEAP_ALLOCATE|[520]|Bytes:6
07:15:42.3 (10630313)|VARIABLE_ASSIGNMENT|[520]|returnValue|"@roreb"
07:15:42.3 (10633153)|STATEMENT_EXECUTE|[522]
07:15:42.3 (10641573)|METHOD_EXIT|[132]|01pB0000000r382|testautonumdata.Twitter_Lightning_Controller.GetSobjectField(SObject, String)
07:15:42.3 (10688001)|VARIABLE_ASSIGNMENT|[EXTERNAL]|this|{"companyName":"Salesforce.com","email":"rreboucas@salesforce (4 more) ...","firstName":"Rodrigo","hasTwitterMemberID":true,"lastName":"Reboucas","salesforceRecordID":"a0MB0000000cQXFMA2"}|0x669b596e
07:15:42.3 (10694497)|VARIABLE_ASSIGNMENT|[EXTERNAL]|value|"@roreb"
07:15:42.3 (10715747)|VARIABLE_ASSIGNMENT|[8]|this.twitterName|"@roreb"|0x669b596e
07:15:42.3 (10725476)|STATEMENT_EXECUTE|[143]
07:15:42.3 (10739145)|SYSTEM_MODE_EXIT|false
07:15:42.10 (10783144)|CUMULATIVE_LIMIT_USAGE
07:15:42.10 (10783144)|LIMIT_USAGE_FOR_NS|(default)|
  Number of SOQL queries: 0 out of 100
  Number of query rows: 0 out of 50000
  Number of SOSL queries: 0 out of 20
  Number of DML statements: 0 out of 150
  Number of DML rows: 0 out of 10000
  Maximum CPU time: 0 out of 10000
  Maximum heap size: 0 out of 6000000
  Number of callouts: 0 out of 100
  Number of Email Invocations: 0 out of 10
  Number of future calls: 0 out of 50
  Number of queueable jobs added to the queue: 0 out of 50
  Number of Mobile Apex push calls: 0 out of 10

07:15:42.10 (10783144)|LIMIT_USAGE_FOR_NS|testautonumdata|
  Number of SOQL queries: 1 out of 100
  Number of query rows: 1 out of 50000
  Number of SOSL queries: 0 out of 20
  Number of DML statements: 0 out of 150
  Number of DML rows: 0 out of 10000
  Maximum CPU time: 0 out of 10000
  Maximum heap size: 0 out of 6000000
  Number of callouts: 0 out of 100
  Number of Email Invocations: 0 out of 10
  Number of future calls: 0 out of 50
  Number of queueable jobs added to the queue: 0 out of 50
  Number of Mobile Apex push calls: 0 out of 10

07:15:42.10 (10783144)|CUMULATIVE_LIMIT_USAGE_END

07:15:42.3 (10860701)|CODE_UNIT_FINISHED|Twitter_Lightning_Controller.getRecordDetails
07:15:42.13 (13037936)|USER_INFO|[EXTERNAL]|005B0000001VpZR|rreboucas-yi5c@force.com|Pacific Standard Time|GMT-07:00
07:15:42.13 (13049880)|CODE_UNIT_STARTED|[EXTERNAL]|Aura
07:15:42.13 (13127216)|CODE_UNIT_FINISHED|Aura
