37.0 APEX_CODE,FINEST;APEX_PROFILING,INFO;CALLOUT,INFO;DB,INFO;SYSTEM,DEBUG;VALIDATION,INFO;VISUALFORCE,INFO;WORKFLOW,INFO
16:18:26.0 (114112)|USER_INFO|[EXTERNAL]|005B0000001VpZR|rreboucas-yi5c@force.com|Pacific Standard Time|GMT-07:00
16:18:26.0 (624062)|HEAP_ALLOCATE|[72]|Bytes:3
16:18:26.0 (689258)|HEAP_ALLOCATE|[77]|Bytes:152
16:18:26.0 (716373)|HEAP_ALLOCATE|[342]|Bytes:408
16:18:26.0 (735834)|HEAP_ALLOCATE|[355]|Bytes:408
16:18:26.0 (754778)|HEAP_ALLOCATE|[467]|Bytes:48
16:18:26.2 (2864371)|USER_INFO|[EXTERNAL]|005B0000001VpZR|rreboucas-yi5c@force.com|Pacific Standard Time|GMT-07:00
16:18:26.2 (19779113)|STATEMENT_EXECUTE|[1]
16:18:26.2 (19837680)|HEAP_ALLOCATE|[50]|Bytes:5
16:18:26.2 (19881439)|HEAP_ALLOCATE|[56]|Bytes:5
16:18:26.2 (19891378)|HEAP_ALLOCATE|[64]|Bytes:7
16:18:26.2 (19938708)|SYSTEM_MODE_ENTER|false
16:18:26.2 (19961753)|HEAP_ALLOCATE|[3]|Bytes:5
16:18:26.2 (19966715)|STATEMENT_EXECUTE|[3]
16:18:26.2 (20015408)|VARIABLE_ASSIGNMENT|[3]|InterviewsLCServerController.mapObjectsFields|null|
16:18:26.2 (20025512)|SYSTEM_MODE_EXIT|false
16:18:26.2 (20038862)|METHOD_EXIT|[1]|InterviewsLCServerController
16:18:26.2 (20044682)|HEAP_ALLOCATE|[EXTERNAL]|Bytes:1
16:18:26.2 (20046888)|HEAP_ALLOCATE|[EXTERNAL]|Bytes:29
16:18:26.2 (20048379)|HEAP_ALLOCATE|[EXTERNAL]|Bytes:26
16:18:26.2 (20049671)|HEAP_ALLOCATE|[EXTERNAL]|Bytes:7
16:18:26.2 (20051047)|HEAP_ALLOCATE|[EXTERNAL]|Bytes:29
16:18:26.2 (20052315)|HEAP_ALLOCATE|[EXTERNAL]|Bytes:59
16:18:26.2 (20054602)|HEAP_ALLOCATE|[EXTERNAL]|Bytes:63
16:18:26.2 (20055889)|HEAP_ALLOCATE|[EXTERNAL]|Bytes:24
16:18:26.2 (20057202)|HEAP_ALLOCATE|[EXTERNAL]|Bytes:34
16:18:26.2 (20058475)|HEAP_ALLOCATE|[EXTERNAL]|Bytes:24
16:18:26.2 (20059717)|HEAP_ALLOCATE|[EXTERNAL]|Bytes:3
16:18:26.2 (20066347)|SYSTEM_MODE_ENTER|false
16:18:26.2 (20075564)|VARIABLE_SCOPE_BEGIN|[89]|rowsLimit|String|false|false
16:18:26.2 (20088002)|VARIABLE_ASSIGNMENT|[89]|rowsLimit|"8"
16:18:26.2 (20090900)|VARIABLE_SCOPE_BEGIN|[89]|objectApiName|String|false|false
16:18:26.2 (20098281)|VARIABLE_ASSIGNMENT|[89]|objectApiName|"testautonumdata__Int (9 more) ..."
16:18:26.2 (20100389)|VARIABLE_SCOPE_BEGIN|[89]|filter1Field|String|false|false
16:18:26.2 (20104412)|VARIABLE_ASSIGNMENT|[89]|filter1Field|"testautonumdata__Sta (6 more) ..."
16:18:26.2 (20106757)|VARIABLE_SCOPE_BEGIN|[89]|filter1Value|String|false|false
16:18:26.2 (20109849)|VARIABLE_ASSIGNMENT|[89]|filter1Value|"Pending"
16:18:26.2 (20111717)|VARIABLE_SCOPE_BEGIN|[89]|eventField|String|false|false
16:18:26.2 (20115158)|VARIABLE_ASSIGNMENT|[89]|eventField|"testautonumdata__Can (9 more) ..."
16:18:26.2 (20117378)|VARIABLE_SCOPE_BEGIN|[89]|column1|String|false|false
16:18:26.2 (20120788)|VARIABLE_ASSIGNMENT|[89]|column1|"testautonumdata__Can (39 more) ..."
16:18:26.2 (20122772)|VARIABLE_SCOPE_BEGIN|[89]|column2|String|false|false
16:18:26.2 (20125508)|VARIABLE_ASSIGNMENT|[89]|column2|"testautonumdata__Can (43 more) ..."
16:18:26.2 (20127489)|VARIABLE_SCOPE_BEGIN|[89]|column3|String|false|false
16:18:26.2 (20130313)|VARIABLE_ASSIGNMENT|[89]|column3|"testautonumdata__Dat (4 more) ..."
16:18:26.2 (20132236)|VARIABLE_SCOPE_BEGIN|[89]|column4|String|false|false
16:18:26.2 (20135104)|VARIABLE_ASSIGNMENT|[89]|column4|"testautonumdata__Int (14 more) ..."
16:18:26.2 (20137049)|VARIABLE_SCOPE_BEGIN|[89]|sortField|String|false|false
16:18:26.2 (20140275)|VARIABLE_ASSIGNMENT|[89]|sortField|"testautonumdata__Dat (4 more) ..."
16:18:26.2 (20142041)|VARIABLE_SCOPE_BEGIN|[89]|sortDirection|String|false|false
16:18:26.2 (20145333)|VARIABLE_ASSIGNMENT|[89]|sortDirection|"asc"
16:18:26.2 (20160900)|HEAP_ALLOCATE|[91]|Bytes:5
16:18:26.2 (20165240)|STATEMENT_EXECUTE|[89]
16:18:26.2 (20166920)|STATEMENT_EXECUTE|[91]
16:18:26.2 (20169766)|HEAP_ALLOCATE|[91]|Bytes:20
16:18:26.2 (20188965)|HEAP_ALLOCATE|[91]|Bytes:21
16:18:26.2 (20232965)|ENTERING_MANAGED_PKG|
16:18:26.2 (20284227)|USER_DEBUG|[91]|DEBUG|######## rowsLimit: 8
16:18:26.2 (20294916)|STATEMENT_EXECUTE|[92]
16:18:26.2 (20299014)|HEAP_ALLOCATE|[92]|Bytes:24
16:18:26.2 (20306028)|HEAP_ALLOCATE|[92]|Bytes:53
16:18:26.2 (20317727)|ENTERING_MANAGED_PKG|
16:18:26.2 (20336997)|USER_DEBUG|[92]|DEBUG|######## objectApiName: testautonumdata__Interview__c
16:18:26.2 (20344224)|STATEMENT_EXECUTE|[95]
16:18:26.2 (20351475)|HEAP_ALLOCATE|[95]|Bytes:4
16:18:26.2 (20400698)|VARIABLE_ASSIGNMENT|[95]|InterviewsLCServerController.mapObjectsFields|{"s":1,"v":{}}|0x5960ea06
16:18:26.2 (20404873)|STATEMENT_EXECUTE|[97]
16:18:26.2 (20408176)|HEAP_ALLOCATE|[97]|Bytes:2
16:18:26.2 (20426669)|METHOD_ENTRY|[97]|01pB0000000lA1s|testautonumdata.InterviewsLCServerController.AddFieldToObjectsMap(String, String)
16:18:26.2 (20451244)|VARIABLE_SCOPE_BEGIN|[21]|fieldName|String|false|false
16:18:26.2 (20458762)|VARIABLE_ASSIGNMENT|[21]|fieldName|"Id"
16:18:26.2 (20460996)|VARIABLE_SCOPE_BEGIN|[21]|initialObjectName|String|false|false
16:18:26.2 (20465334)|VARIABLE_ASSIGNMENT|[21]|initialObjectName|"testautonumdata__Int (9 more) ..."
16:18:26.2 (20472810)|HEAP_ALLOCATE|[23]|Bytes:5
16:18:26.2 (20476794)|STATEMENT_EXECUTE|[22]
16:18:26.2 (20479269)|HEAP_ALLOCATE|[23]|Bytes:1
16:18:26.2 (20507420)|ENTERING_MANAGED_PKG|
16:18:26.2 (20550341)|STATEMENT_EXECUTE|[64]
16:18:26.2 (20560763)|METHOD_ENTRY|[64]|01pB0000000lA1s|testautonumdata.InterviewsLCServerController.AddFieldToMap(String, String)
16:18:26.2 (20576881)|VARIABLE_SCOPE_BEGIN|[68]|fieldName|String|false|false
16:18:26.2 (20583094)|VARIABLE_ASSIGNMENT|[68]|fieldName|"Id"
16:18:26.2 (20585060)|VARIABLE_SCOPE_BEGIN|[68]|ObjectName|String|false|false
16:18:26.2 (20589238)|VARIABLE_ASSIGNMENT|[68]|ObjectName|"testautonumdata__Int (9 more) ..."
16:18:26.2 (20596726)|HEAP_ALLOCATE|[71]|Bytes:5
16:18:26.2 (20600312)|STATEMENT_EXECUTE|[69]
16:18:26.2 (20620917)|ENTERING_MANAGED_PKG|
16:18:26.2 (20660341)|STATEMENT_EXECUTE|[78]
16:18:26.2 (20662557)|STATEMENT_EXECUTE|[79]
16:18:26.2 (20747424)|HEAP_ALLOCATE|[79]|Bytes:4
16:18:26.2 (20770809)|ENTERING_MANAGED_PKG|
16:18:26.2 (20809618)|VARIABLE_SCOPE_BEGIN|[79]|newFieldSet|Set<String>|true|false
16:18:26.2 (20855923)|VARIABLE_ASSIGNMENT|[79]|newFieldSet|{"s":1,"v":[]}|0x689a8ca0
16:18:26.2 (20859940)|STATEMENT_EXECUTE|[80]
16:18:26.2 (20875509)|ENTERING_MANAGED_PKG|
16:18:26.2 (20902312)|HEAP_ALLOCATE|[EXTERNAL]|Bytes:4
16:18:26.2 (20911391)|STATEMENT_EXECUTE|[81]
16:18:26.2 (20926105)|ENTERING_MANAGED_PKG|
16:18:26.2 (20959887)|HEAP_ALLOCATE|[EXTERNAL]|Bytes:-4
16:18:26.2 (20973873)|METHOD_EXIT|[64]|01pB0000000lA1s|testautonumdata.InterviewsLCServerController.AddFieldToMap(String, String)
16:18:26.2 (20980813)|METHOD_EXIT|[97]|01pB0000000lA1s|testautonumdata.InterviewsLCServerController.AddFieldToObjectsMap(String, String)
16:18:26.2 (20984152)|STATEMENT_EXECUTE|[99]
16:18:26.2 (21018104)|HEAP_ALLOCATE|[99]|Bytes:4
16:18:26.2 (21097968)|ENTERING_MANAGED_PKG|
16:18:26.2 (21124261)|VARIABLE_SCOPE_BEGIN|[99]|lstReturnRecords|List<testautonumdata.InterviewsLCServerController>|true|false
16:18:26.2 (21155941)|HEAP_ALLOCATE|[EXTERNAL]|Bytes:4
16:18:26.2 (21171497)|VARIABLE_ASSIGNMENT|[99]|lstReturnRecords|{"s":1,"v":[]}|0x58ccf63d
16:18:26.2 (21175435)|STATEMENT_EXECUTE|[101]
16:18:26.2 (21202153)|ENTERING_MANAGED_PKG|
16:18:26.2 (21234680)|VARIABLE_SCOPE_BEGIN|[101]|rLimit|Integer|false|false
16:18:26.2 (21240409)|HEAP_ALLOCATE|[101]|Bytes:4
16:18:26.2 (21247090)|VARIABLE_ASSIGNMENT|[101]|rLimit|8
16:18:26.2 (21249413)|STATEMENT_EXECUTE|[102]
16:18:26.2 (21252585)|HEAP_ALLOCATE|[102]|Bytes:17
16:18:26.2 (21272890)|ENTERING_MANAGED_PKG|
16:18:26.2 (21298721)|HEAP_ALLOCATE|[102]|Bytes:1
16:18:26.2 (21312662)|HEAP_ALLOCATE|[102]|Bytes:18
16:18:26.2 (21325430)|ENTERING_MANAGED_PKG|
16:18:26.2 (21332423)|USER_DEBUG|[102]|DEBUG|######## rLimit: 8
16:18:26.2 (21339003)|STATEMENT_EXECUTE|[106]
16:18:26.2 (21342384)|HEAP_ALLOCATE|[106]|Bytes:9
16:18:26.2 (21347043)|VARIABLE_SCOPE_BEGIN|[106]|soql|String|false|false
16:18:26.2 (21354512)|VARIABLE_ASSIGNMENT|[106]|soql|"Select id"
16:18:26.2 (21357334)|STATEMENT_EXECUTE|[109]
16:18:26.2 (21358506)|STATEMENT_EXECUTE|[110]
16:18:26.2 (21360628)|HEAP_ALLOCATE|[110]|Bytes:2
16:18:26.2 (21379936)|ENTERING_MANAGED_PKG|
16:18:26.2 (21401595)|HEAP_ALLOCATE|[110]|Bytes:29
16:18:26.2 (21415341)|HEAP_ALLOCATE|[110]|Bytes:31
16:18:26.2 (21419553)|HEAP_ALLOCATE|[110]|Bytes:40
16:18:26.2 (21428185)|VARIABLE_ASSIGNMENT|[110]|soql|"Select id, testauton (20 more) ..."
16:18:26.2 (21431016)|STATEMENT_EXECUTE|[111]
16:18:26.2 (21438260)|METHOD_ENTRY|[111]|01pB0000000lA1s|testautonumdata.InterviewsLCServerController.AddFieldToObjectsMap(String, String)
16:18:26.2 (21454972)|VARIABLE_SCOPE_BEGIN|[21]|fieldName|String|false|false
16:18:26.2 (21461509)|VARIABLE_ASSIGNMENT|[21]|fieldName|"testautonumdata__Can (9 more) ..."
16:18:26.2 (21463511)|VARIABLE_SCOPE_BEGIN|[21]|initialObjectName|String|false|false
16:18:26.2 (21466594)|VARIABLE_ASSIGNMENT|[21]|initialObjectName|"testautonumdata__Int (9 more) ..."
16:18:26.2 (21473467)|HEAP_ALLOCATE|[23]|Bytes:5
16:18:26.2 (21476948)|STATEMENT_EXECUTE|[22]
16:18:26.2 (21491001)|ENTERING_MANAGED_PKG|
16:18:26.2 (21500272)|STATEMENT_EXECUTE|[64]
16:18:26.2 (21506360)|METHOD_ENTRY|[64]|01pB0000000lA1s|testautonumdata.InterviewsLCServerController.AddFieldToMap(String, String)
16:18:26.2 (21510301)|VARIABLE_SCOPE_BEGIN|[68]|fieldName|String|false|false
16:18:26.2 (21516069)|VARIABLE_ASSIGNMENT|[68]|fieldName|"testautonumdata__Can (9 more) ..."
16:18:26.2 (21518146)|VARIABLE_SCOPE_BEGIN|[68]|ObjectName|String|false|false
16:18:26.2 (21521195)|VARIABLE_ASSIGNMENT|[68]|ObjectName|"testautonumdata__Int (9 more) ..."
16:18:26.2 (21526463)|HEAP_ALLOCATE|[71]|Bytes:5
16:18:26.2 (21529385)|STATEMENT_EXECUTE|[69]
16:18:26.2 (21538884)|ENTERING_MANAGED_PKG|
16:18:26.2 (21545990)|STATEMENT_EXECUTE|[72]
16:18:26.2 (21547435)|STATEMENT_EXECUTE|[73]
16:18:26.2 (21555873)|ENTERING_MANAGED_PKG|
16:18:26.2 (21592169)|VARIABLE_SCOPE_BEGIN|[73]|existingFieldSet|Set<String>|true|false
16:18:26.2 (21607369)|VARIABLE_ASSIGNMENT|[73]|existingFieldSet|{"s":1,"v":["Id"]}|0x689a8ca0
16:18:26.2 (21610439)|STATEMENT_EXECUTE|[74]
16:18:26.2 (21622434)|ENTERING_MANAGED_PKG|
16:18:26.2 (21646645)|HEAP_ALLOCATE|[EXTERNAL]|Bytes:4
16:18:26.2 (21654278)|STATEMENT_EXECUTE|[75]
16:18:26.2 (21666427)|ENTERING_MANAGED_PKG|
16:18:26.2 (21711569)|METHOD_EXIT|[64]|01pB0000000lA1s|testautonumdata.InterviewsLCServerController.AddFieldToMap(String, String)
16:18:26.2 (21718272)|METHOD_EXIT|[111]|01pB0000000lA1s|testautonumdata.InterviewsLCServerController.AddFieldToObjectsMap(String, String)
16:18:26.2 (21721994)|STATEMENT_EXECUTE|[115]
16:18:26.2 (21723400)|STATEMENT_EXECUTE|[116]
16:18:26.2 (21738164)|ENTERING_MANAGED_PKG|
16:18:26.2 (21759950)|HEAP_ALLOCATE|[116]|Bytes:59
16:18:26.2 (21774088)|HEAP_ALLOCATE|[116]|Bytes:61
16:18:26.2 (21778102)|HEAP_ALLOCATE|[116]|Bytes:101
16:18:26.2 (21787011)|VARIABLE_ASSIGNMENT|[116]|soql|"Select id, testauton (81 more) ..."
16:18:26.2 (21789850)|STATEMENT_EXECUTE|[117]
16:18:26.2 (21796807)|METHOD_ENTRY|[117]|01pB0000000lA1s|testautonumdata.InterviewsLCServerController.AddFieldToObjectsMap(String, String)
16:18:26.2 (21812523)|VARIABLE_SCOPE_BEGIN|[21]|fieldName|String|false|false
16:18:26.2 (21818822)|VARIABLE_ASSIGNMENT|[21]|fieldName|"testautonumdata__Can (39 more) ..."
16:18:26.2 (21820584)|VARIABLE_SCOPE_BEGIN|[21]|initialObjectName|String|false|false
16:18:26.2 (21823588)|VARIABLE_ASSIGNMENT|[21]|initialObjectName|"testautonumdata__Int (9 more) ..."
16:18:26.2 (21830214)|HEAP_ALLOCATE|[23]|Bytes:5
16:18:26.2 (21833632)|STATEMENT_EXECUTE|[22]
16:18:26.2 (21847287)|ENTERING_MANAGED_PKG|
16:18:26.2 (21857168)|STATEMENT_EXECUTE|[24]
16:18:26.2 (21859789)|STATEMENT_EXECUTE|[25]
16:18:26.2 (21882156)|ENTERING_MANAGED_PKG|
16:18:26.2 (21912204)|HEAP_ALLOCATE|[25]|Bytes:29
16:18:26.2 (21928947)|VARIABLE_SCOPE_BEGIN|[25]|relName1|String|false|false
16:18:26.2 (21941005)|VARIABLE_ASSIGNMENT|[25]|relName1|"testautonumdata__Can (9 more) ..."
16:18:26.2 (21944786)|STATEMENT_EXECUTE|[26]
16:18:26.2 (21966819)|ENTERING_MANAGED_PKG|
16:18:26.2 (21995934)|HEAP_ALLOCATE|[26]|Bytes:29
16:18:26.2 (22012492)|VARIABLE_SCOPE_BEGIN|[26]|relField1|String|false|false
16:18:26.2 (22024333)|VARIABLE_ASSIGNMENT|[26]|relField1|"testautonumdata__Ful (9 more) ..."
16:18:26.2 (22043947)|ENTERING_MANAGED_PKG|
16:18:26.2 (22079908)|STATEMENT_EXECUTE|[46]
16:18:26.2 (22085662)|HEAP_ALLOCATE|[48]|Bytes:3
16:18:26.2 (22104004)|ENTERING_MANAGED_PKG|
16:18:26.2 (22140289)|STATEMENT_EXECUTE|[49]
16:18:26.2 (22143319)|STATEMENT_EXECUTE|[51]
16:18:26.2 (22147322)|HEAP_ALLOCATE|[51]|Bytes:3
16:18:26.2 (22170761)|ENTERING_MANAGED_PKG|
16:18:26.2 (22214535)|HEAP_ALLOCATE|[51]|Bytes:29
16:18:26.2 (22231965)|VARIABLE_SCOPE_BEGIN|[51]|objectName1|String|false|false
16:18:26.2 (22243529)|VARIABLE_ASSIGNMENT|[51]|objectName1|"testautonumdata__Can (9 more) ..."
16:18:26.2 (22247487)|STATEMENT_EXECUTE|[52]
16:18:26.2 (22257836)|METHOD_ENTRY|[52]|01pB0000000lA1s|testautonumdata.InterviewsLCServerController.AddFieldToMap(String, String)
16:18:26.2 (22278721)|VARIABLE_SCOPE_BEGIN|[68]|fieldName|String|false|false
16:18:26.2 (22287324)|VARIABLE_ASSIGNMENT|[68]|fieldName|"testautonumdata__Ful (9 more) ..."
16:18:26.2 (22290284)|VARIABLE_SCOPE_BEGIN|[68]|ObjectName|String|false|false
16:18:26.2 (22295557)|VARIABLE_ASSIGNMENT|[68]|ObjectName|"testautonumdata__Can (9 more) ..."
16:18:26.2 (22304126)|HEAP_ALLOCATE|[71]|Bytes:5
16:18:26.2 (22308734)|STATEMENT_EXECUTE|[69]
16:18:26.2 (22322538)|ENTERING_MANAGED_PKG|
16:18:26.2 (22333322)|STATEMENT_EXECUTE|[78]
16:18:26.2 (22335348)|STATEMENT_EXECUTE|[79]
16:18:26.2 (22340011)|HEAP_ALLOCATE|[79]|Bytes:4
16:18:26.2 (22351422)|ENTERING_MANAGED_PKG|
16:18:26.2 (22359880)|VARIABLE_SCOPE_BEGIN|[79]|newFieldSet|Set<String>|true|false
16:18:26.2 (22382226)|VARIABLE_ASSIGNMENT|[79]|newFieldSet|{"s":1,"v":[]}|0x735635a0
16:18:26.2 (22386862)|STATEMENT_EXECUTE|[80]
16:18:26.2 (22399317)|ENTERING_MANAGED_PKG|
16:18:26.2 (22403940)|HEAP_ALLOCATE|[EXTERNAL]|Bytes:4
16:18:26.2 (22411697)|STATEMENT_EXECUTE|[81]
16:18:26.2 (22422377)|ENTERING_MANAGED_PKG|
16:18:26.2 (22433551)|HEAP_ALLOCATE|[EXTERNAL]|Bytes:-4
16:18:26.2 (22448979)|METHOD_EXIT|[52]|01pB0000000lA1s|testautonumdata.InterviewsLCServerController.AddFieldToMap(String, String)
16:18:26.2 (22458388)|METHOD_EXIT|[117]|01pB0000000lA1s|testautonumdata.InterviewsLCServerController.AddFieldToObjectsMap(String, String)
16:18:26.2 (22464185)|STATEMENT_EXECUTE|[120]
16:18:26.2 (22466413)|STATEMENT_EXECUTE|[121]
16:18:26.2 (22484865)|ENTERING_MANAGED_PKG|
16:18:26.2 (22514607)|HEAP_ALLOCATE|[121]|Bytes:63
16:18:26.2 (22534166)|HEAP_ALLOCATE|[121]|Bytes:65
16:18:26.2 (22540912)|HEAP_ALLOCATE|[121]|Bytes:166
16:18:26.2 (22554100)|VARIABLE_ASSIGNMENT|[121]|soql|"Select id, testauton (146 more) ..."
16:18:26.2 (22558748)|STATEMENT_EXECUTE|[122]
16:18:26.2 (22568349)|METHOD_ENTRY|[122]|01pB0000000lA1s|testautonumdata.InterviewsLCServerController.AddFieldToObjectsMap(String, String)
16:18:26.2 (22590378)|VARIABLE_SCOPE_BEGIN|[21]|fieldName|String|false|false
16:18:26.2 (22599672)|VARIABLE_ASSIGNMENT|[21]|fieldName|"testautonumdata__Can (43 more) ..."
16:18:26.2 (22602629)|VARIABLE_SCOPE_BEGIN|[21]|initialObjectName|String|false|false
16:18:26.2 (22607753)|VARIABLE_ASSIGNMENT|[21]|initialObjectName|"testautonumdata__Int (9 more) ..."
16:18:26.2 (22616806)|HEAP_ALLOCATE|[23]|Bytes:5
16:18:26.2 (22621293)|STATEMENT_EXECUTE|[22]
16:18:26.2 (22640305)|ENTERING_MANAGED_PKG|
16:18:26.2 (22654685)|STATEMENT_EXECUTE|[24]
16:18:26.2 (22657006)|STATEMENT_EXECUTE|[25]
16:18:26.2 (22669506)|ENTERING_MANAGED_PKG|
16:18:26.2 (22674857)|HEAP_ALLOCATE|[25]|Bytes:29
16:18:26.2 (22687899)|VARIABLE_SCOPE_BEGIN|[25]|relName1|String|false|false
16:18:26.2 (22703342)|VARIABLE_ASSIGNMENT|[25]|relName1|"testautonumdata__Can (9 more) ..."
16:18:26.2 (22707531)|STATEMENT_EXECUTE|[26]
16:18:26.2 (22723854)|ENTERING_MANAGED_PKG|
16:18:26.2 (22729353)|HEAP_ALLOCATE|[26]|Bytes:33
16:18:26.2 (22742699)|VARIABLE_SCOPE_BEGIN|[26]|relField1|String|false|false
16:18:26.2 (22752773)|VARIABLE_ASSIGNMENT|[26]|relField1|"testautonumdata__Pos (13 more) ..."
16:18:26.2 (22768325)|ENTERING_MANAGED_PKG|
16:18:26.2 (22780875)|STATEMENT_EXECUTE|[28]
16:18:26.2 (22783356)|STATEMENT_EXECUTE|[29]
16:18:26.2 (22796989)|ENTERING_MANAGED_PKG|
16:18:26.2 (22824917)|HEAP_ALLOCATE|[29]|Bytes:28
16:18:26.2 (22841497)|VARIABLE_SCOPE_BEGIN|[29]|relName2|String|false|false
16:18:26.2 (22852874)|VARIABLE_ASSIGNMENT|[29]|relName2|"testautonumdata__Pos (8 more) ..."
16:18:26.2 (22857039)|STATEMENT_EXECUTE|[30]
16:18:26.2 (22875038)|ENTERING_MANAGED_PKG|
16:18:26.2 (22902542)|HEAP_ALLOCATE|[30]|Bytes:4
16:18:26.2 (22918474)|VARIABLE_SCOPE_BEGIN|[30]|relField2|String|false|false
16:18:26.2 (22927934)|VARIABLE_ASSIGNMENT|[30]|relField2|"Name"
16:18:26.2 (22946841)|ENTERING_MANAGED_PKG|
16:18:26.2 (22982840)|STATEMENT_EXECUTE|[34]
16:18:26.2 (22985710)|STATEMENT_EXECUTE|[36]
16:18:26.2 (23002502)|ENTERING_MANAGED_PKG|
16:18:26.2 (23036143)|HEAP_ALLOCATE|[36]|Bytes:28
16:18:26.2 (23052226)|VARIABLE_SCOPE_BEGIN|[36]|objectName2|String|false|false
16:18:26.2 (23063905)|VARIABLE_ASSIGNMENT|[36]|objectName2|"testautonumdata__Pos (8 more) ..."
16:18:26.2 (23067672)|STATEMENT_EXECUTE|[37]
16:18:26.2 (23076825)|METHOD_ENTRY|[37]|01pB0000000lA1s|testautonumdata.InterviewsLCServerController.AddFieldToMap(String, String)
16:18:26.2 (23097039)|VARIABLE_SCOPE_BEGIN|[68]|fieldName|String|false|false
16:18:26.2 (23104174)|VARIABLE_ASSIGNMENT|[68]|fieldName|"Name"
16:18:26.2 (23106719)|VARIABLE_SCOPE_BEGIN|[68]|ObjectName|String|false|false
16:18:26.2 (23112554)|VARIABLE_ASSIGNMENT|[68]|ObjectName|"testautonumdata__Pos (8 more) ..."
16:18:26.2 (23121214)|HEAP_ALLOCATE|[71]|Bytes:5
16:18:26.2 (23125580)|STATEMENT_EXECUTE|[69]
16:18:26.2 (23139439)|ENTERING_MANAGED_PKG|
16:18:26.2 (23150031)|STATEMENT_EXECUTE|[78]
16:18:26.2 (23152129)|STATEMENT_EXECUTE|[79]
16:18:26.2 (23156686)|HEAP_ALLOCATE|[79]|Bytes:4
16:18:26.2 (23167503)|ENTERING_MANAGED_PKG|
16:18:26.2 (23175558)|VARIABLE_SCOPE_BEGIN|[79]|newFieldSet|Set<String>|true|false
16:18:26.2 (23197225)|VARIABLE_ASSIGNMENT|[79]|newFieldSet|{"s":1,"v":[]}|0x4f9558e6
16:18:26.2 (23201754)|STATEMENT_EXECUTE|[80]
16:18:26.2 (23213749)|ENTERING_MANAGED_PKG|
16:18:26.2 (23218440)|HEAP_ALLOCATE|[EXTERNAL]|Bytes:4
16:18:26.2 (23226195)|STATEMENT_EXECUTE|[81]
16:18:26.2 (23235792)|ENTERING_MANAGED_PKG|
16:18:26.2 (23246315)|HEAP_ALLOCATE|[EXTERNAL]|Bytes:-4
16:18:26.2 (23261010)|METHOD_EXIT|[37]|01pB0000000lA1s|testautonumdata.InterviewsLCServerController.AddFieldToMap(String, String)
16:18:26.2 (23270001)|METHOD_EXIT|[122]|01pB0000000lA1s|testautonumdata.InterviewsLCServerController.AddFieldToObjectsMap(String, String)
16:18:26.2 (23275348)|STATEMENT_EXECUTE|[125]
16:18:26.2 (23277219)|STATEMENT_EXECUTE|[126]
16:18:26.2 (23294829)|ENTERING_MANAGED_PKG|
16:18:26.2 (23322462)|HEAP_ALLOCATE|[126]|Bytes:24
16:18:26.2 (23341421)|HEAP_ALLOCATE|[126]|Bytes:26
16:18:26.2 (23348190)|HEAP_ALLOCATE|[126]|Bytes:192
16:18:26.2 (23360591)|VARIABLE_ASSIGNMENT|[126]|soql|"Select id, testauton (172 more) ..."
16:18:26.2 (23364835)|STATEMENT_EXECUTE|[127]
16:18:26.2 (23374194)|METHOD_ENTRY|[127]|01pB0000000lA1s|testautonumdata.InterviewsLCServerController.AddFieldToObjectsMap(String, String)
16:18:26.2 (23394884)|VARIABLE_SCOPE_BEGIN|[21]|fieldName|String|false|false
16:18:26.2 (23403953)|VARIABLE_ASSIGNMENT|[21]|fieldName|"testautonumdata__Dat (4 more) ..."
16:18:26.2 (23407364)|VARIABLE_SCOPE_BEGIN|[21]|initialObjectName|String|false|false
16:18:26.2 (23412869)|VARIABLE_ASSIGNMENT|[21]|initialObjectName|"testautonumdata__Int (9 more) ..."
16:18:26.2 (23421239)|HEAP_ALLOCATE|[23]|Bytes:5
16:18:26.2 (23426006)|STATEMENT_EXECUTE|[22]
16:18:26.2 (23443771)|ENTERING_MANAGED_PKG|
16:18:26.2 (23456529)|STATEMENT_EXECUTE|[64]
16:18:26.2 (23464477)|METHOD_ENTRY|[64]|01pB0000000lA1s|testautonumdata.InterviewsLCServerController.AddFieldToMap(String, String)
16:18:26.2 (23470002)|VARIABLE_SCOPE_BEGIN|[68]|fieldName|String|false|false
16:18:26.2 (23478518)|VARIABLE_ASSIGNMENT|[68]|fieldName|"testautonumdata__Dat (4 more) ..."
16:18:26.2 (23481189)|VARIABLE_SCOPE_BEGIN|[68]|ObjectName|String|false|false
16:18:26.2 (23486896)|VARIABLE_ASSIGNMENT|[68]|ObjectName|"testautonumdata__Int (9 more) ..."
16:18:26.2 (23494952)|HEAP_ALLOCATE|[71]|Bytes:5
16:18:26.2 (23499511)|STATEMENT_EXECUTE|[69]
16:18:26.2 (23511921)|ENTERING_MANAGED_PKG|
16:18:26.2 (23521490)|STATEMENT_EXECUTE|[72]
16:18:26.2 (23523557)|STATEMENT_EXECUTE|[73]
16:18:26.2 (23531885)|ENTERING_MANAGED_PKG|
16:18:26.2 (23546188)|VARIABLE_SCOPE_BEGIN|[73]|existingFieldSet|Set<String>|true|false
16:18:26.2 (23565729)|VARIABLE_ASSIGNMENT|[73]|existingFieldSet|{"s":1,"v":["Id","testautonumdata__Can (9 more) ..."]}|0x689a8ca0
16:18:26.2 (23570306)|STATEMENT_EXECUTE|[74]
16:18:26.2 (23581931)|ENTERING_MANAGED_PKG|
16:18:26.2 (23586359)|HEAP_ALLOCATE|[EXTERNAL]|Bytes:4
16:18:26.2 (23593847)|STATEMENT_EXECUTE|[75]
16:18:26.2 (23603231)|ENTERING_MANAGED_PKG|
16:18:26.2 (23628648)|METHOD_EXIT|[64]|01pB0000000lA1s|testautonumdata.InterviewsLCServerController.AddFieldToMap(String, String)
16:18:26.2 (23637595)|METHOD_EXIT|[127]|01pB0000000lA1s|testautonumdata.InterviewsLCServerController.AddFieldToObjectsMap(String, String)
16:18:26.2 (23643374)|STATEMENT_EXECUTE|[130]
16:18:26.2 (23645428)|STATEMENT_EXECUTE|[131]
16:18:26.2 (23663573)|ENTERING_MANAGED_PKG|
16:18:26.2 (23691036)|HEAP_ALLOCATE|[131]|Bytes:34
16:18:26.2 (23715270)|HEAP_ALLOCATE|[131]|Bytes:36
16:18:26.2 (23722734)|HEAP_ALLOCATE|[131]|Bytes:228
16:18:26.2 (23735182)|VARIABLE_ASSIGNMENT|[131]|soql|"Select id, testauton (208 more) ..."
16:18:26.2 (23739203)|STATEMENT_EXECUTE|[132]
16:18:26.2 (23748691)|METHOD_ENTRY|[132]|01pB0000000lA1s|testautonumdata.InterviewsLCServerController.AddFieldToObjectsMap(String, String)
16:18:26.2 (23769138)|VARIABLE_SCOPE_BEGIN|[21]|fieldName|String|false|false
16:18:26.2 (23778241)|VARIABLE_ASSIGNMENT|[21]|fieldName|"testautonumdata__Int (14 more) ..."
16:18:26.2 (23781065)|VARIABLE_SCOPE_BEGIN|[21]|initialObjectName|String|false|false
16:18:26.2 (23786117)|VARIABLE_ASSIGNMENT|[21]|initialObjectName|"testautonumdata__Int (9 more) ..."
16:18:26.2 (23794545)|HEAP_ALLOCATE|[23]|Bytes:5
16:18:26.2 (23799055)|STATEMENT_EXECUTE|[22]
16:18:26.2 (23816968)|ENTERING_MANAGED_PKG|
16:18:26.2 (23829354)|STATEMENT_EXECUTE|[64]
16:18:26.2 (23836931)|METHOD_ENTRY|[64]|01pB0000000lA1s|testautonumdata.InterviewsLCServerController.AddFieldToMap(String, String)
16:18:26.2 (23842503)|VARIABLE_SCOPE_BEGIN|[68]|fieldName|String|false|false
16:18:26.2 (23851126)|VARIABLE_ASSIGNMENT|[68]|fieldName|"testautonumdata__Int (14 more) ..."
16:18:26.2 (23853804)|VARIABLE_SCOPE_BEGIN|[68]|ObjectName|String|false|false
16:18:26.2 (23858983)|VARIABLE_ASSIGNMENT|[68]|ObjectName|"testautonumdata__Int (9 more) ..."
16:18:26.2 (23866566)|HEAP_ALLOCATE|[71]|Bytes:5
16:18:26.2 (23870804)|STATEMENT_EXECUTE|[69]
16:18:26.2 (23882934)|ENTERING_MANAGED_PKG|
16:18:26.2 (23892648)|STATEMENT_EXECUTE|[72]
16:18:26.2 (23894642)|STATEMENT_EXECUTE|[73]
16:18:26.2 (23902948)|ENTERING_MANAGED_PKG|
16:18:26.2 (23916497)|VARIABLE_SCOPE_BEGIN|[73]|existingFieldSet|Set<String>|true|false
16:18:26.2 (23937748)|VARIABLE_ASSIGNMENT|[73]|existingFieldSet|{"s":1,"v":["Id","testautonumdata__Can (9 more) ...","testautonumdata__Dat (4 more) ..."]}|0x689a8ca0
16:18:26.2 (23942799)|STATEMENT_EXECUTE|[74]
16:18:26.2 (23954607)|ENTERING_MANAGED_PKG|
16:18:26.2 (23959037)|HEAP_ALLOCATE|[EXTERNAL]|Bytes:4
16:18:26.2 (23966896)|STATEMENT_EXECUTE|[75]
16:18:26.2 (23976269)|ENTERING_MANAGED_PKG|
16:18:26.2 (24001657)|METHOD_EXIT|[64]|01pB0000000lA1s|testautonumdata.InterviewsLCServerController.AddFieldToMap(String, String)
16:18:26.2 (24010886)|METHOD_EXIT|[132]|01pB0000000lA1s|testautonumdata.InterviewsLCServerController.AddFieldToObjectsMap(String, String)
16:18:26.2 (24015899)|STATEMENT_EXECUTE|[135]
16:18:26.2 (24020904)|HEAP_ALLOCATE|[135]|Bytes:6
16:18:26.2 (24040180)|ENTERING_MANAGED_PKG|
16:18:26.2 (24067231)|HEAP_ALLOCATE|[135]|Bytes:29
16:18:26.2 (24085619)|HEAP_ALLOCATE|[135]|Bytes:35
16:18:26.2 (24092128)|HEAP_ALLOCATE|[135]|Bytes:263
16:18:26.2 (24104256)|VARIABLE_ASSIGNMENT|[135]|soql|"Select id, testauton (243 more) ..."
16:18:26.2 (24114171)|STATEMENT_EXECUTE|[139]
16:18:26.2 (24116193)|STATEMENT_EXECUTE|[140]
16:18:26.2 (24119722)|HEAP_ALLOCATE|[140]|Bytes:7
16:18:26.2 (24138856)|ENTERING_MANAGED_PKG|
16:18:26.2 (24164824)|HEAP_ALLOCATE|[140]|Bytes:26
16:18:26.2 (24179675)|HEAP_ALLOCATE|[140]|Bytes:4
16:18:26.2 (24196098)|ENTERING_MANAGED_PKG|
16:18:26.2 (24200782)|HEAP_ALLOCATE|[140]|Bytes:7
16:18:26.2 (24212193)|HEAP_ALLOCATE|[140]|Bytes:1
16:18:26.2 (24230380)|HEAP_ALLOCATE|[140]|Bytes:45
16:18:26.2 (24237740)|HEAP_ALLOCATE|[140]|Bytes:308
16:18:26.2 (24249740)|VARIABLE_ASSIGNMENT|[140]|soql|"Select id, testauton (288 more) ..."
16:18:26.2 (24253739)|STATEMENT_EXECUTE|[141]
16:18:26.2 (24263098)|METHOD_ENTRY|[141]|01pB0000000lA1s|testautonumdata.InterviewsLCServerController.AddFieldToObjectsMap(String, String)
16:18:26.2 (24283754)|VARIABLE_SCOPE_BEGIN|[21]|fieldName|String|false|false
16:18:26.2 (24292451)|VARIABLE_ASSIGNMENT|[21]|fieldName|"testautonumdata__Sta (6 more) ..."
16:18:26.2 (24295820)|VARIABLE_SCOPE_BEGIN|[21]|initialObjectName|String|false|false
16:18:26.2 (24301052)|VARIABLE_ASSIGNMENT|[21]|initialObjectName|"testautonumdata__Int (9 more) ..."
16:18:26.2 (24308887)|HEAP_ALLOCATE|[23]|Bytes:5
16:18:26.2 (24313292)|STATEMENT_EXECUTE|[22]
16:18:26.2 (24330089)|ENTERING_MANAGED_PKG|
16:18:26.2 (24342398)|STATEMENT_EXECUTE|[64]
16:18:26.2 (24350496)|METHOD_ENTRY|[64]|01pB0000000lA1s|testautonumdata.InterviewsLCServerController.AddFieldToMap(String, String)
16:18:26.2 (24356061)|VARIABLE_SCOPE_BEGIN|[68]|fieldName|String|false|false
16:18:26.2 (24364574)|VARIABLE_ASSIGNMENT|[68]|fieldName|"testautonumdata__Sta (6 more) ..."
16:18:26.2 (24367420)|VARIABLE_SCOPE_BEGIN|[68]|ObjectName|String|false|false
16:18:26.2 (24372518)|VARIABLE_ASSIGNMENT|[68]|ObjectName|"testautonumdata__Int (9 more) ..."
16:18:26.2 (24379899)|HEAP_ALLOCATE|[71]|Bytes:5
16:18:26.2 (24384233)|STATEMENT_EXECUTE|[69]
16:18:26.2 (24396947)|ENTERING_MANAGED_PKG|
16:18:26.2 (24407131)|STATEMENT_EXECUTE|[72]
16:18:26.2 (24409416)|STATEMENT_EXECUTE|[73]
16:18:26.2 (24418289)|ENTERING_MANAGED_PKG|
16:18:26.2 (24432104)|VARIABLE_SCOPE_BEGIN|[73]|existingFieldSet|Set<String>|true|false
16:18:26.2 (24455009)|VARIABLE_ASSIGNMENT|[73]|existingFieldSet|{"s":1,"v":["Id","testautonumdata__Can (9 more) ...","testautonumdata__Dat (4 more) ...","testautonumdata__Int (14 more) ..."]}|0x689a8ca0
16:18:26.2 (24459878)|STATEMENT_EXECUTE|[74]
16:18:26.2 (24471620)|ENTERING_MANAGED_PKG|
16:18:26.2 (24476000)|HEAP_ALLOCATE|[EXTERNAL]|Bytes:4
16:18:26.2 (24483632)|STATEMENT_EXECUTE|[75]
16:18:26.2 (24493902)|ENTERING_MANAGED_PKG|
16:18:26.2 (24520034)|METHOD_EXIT|[64]|01pB0000000lA1s|testautonumdata.InterviewsLCServerController.AddFieldToMap(String, String)
16:18:26.2 (24528781)|METHOD_EXIT|[141]|01pB0000000lA1s|testautonumdata.InterviewsLCServerController.AddFieldToObjectsMap(String, String)
16:18:26.2 (24536051)|STATEMENT_EXECUTE|[145]
16:18:26.2 (24538157)|STATEMENT_EXECUTE|[146]
16:18:26.2 (24542337)|HEAP_ALLOCATE|[146]|Bytes:10
16:18:26.2 (24562023)|ENTERING_MANAGED_PKG|
16:18:26.2 (24589946)|HEAP_ALLOCATE|[146]|Bytes:24
16:18:26.2 (24605223)|HEAP_ALLOCATE|[146]|Bytes:1
16:18:26.2 (24621841)|ENTERING_MANAGED_PKG|
16:18:26.2 (24626639)|HEAP_ALLOCATE|[146]|Bytes:3
16:18:26.2 (24645443)|HEAP_ALLOCATE|[146]|Bytes:38
16:18:26.2 (24652575)|HEAP_ALLOCATE|[146]|Bytes:346
16:18:26.2 (24664480)|VARIABLE_ASSIGNMENT|[146]|soql|"Select id, testauton (326 more) ..."
16:18:26.2 (24668831)|STATEMENT_EXECUTE|[147]
16:18:26.2 (24678391)|METHOD_ENTRY|[147]|01pB0000000lA1s|testautonumdata.InterviewsLCServerController.AddFieldToObjectsMap(String, String)
16:18:26.2 (24703219)|VARIABLE_SCOPE_BEGIN|[21]|fieldName|String|false|false
16:18:26.2 (24712661)|VARIABLE_ASSIGNMENT|[21]|fieldName|"testautonumdata__Dat (4 more) ..."
16:18:26.2 (24715557)|VARIABLE_SCOPE_BEGIN|[21]|initialObjectName|String|false|false
16:18:26.2 (24720635)|VARIABLE_ASSIGNMENT|[21]|initialObjectName|"testautonumdata__Int (9 more) ..."
16:18:26.2 (24728444)|HEAP_ALLOCATE|[23]|Bytes:5
16:18:26.2 (24732751)|STATEMENT_EXECUTE|[22]
16:18:26.2 (24750179)|ENTERING_MANAGED_PKG|
16:18:26.2 (24763325)|STATEMENT_EXECUTE|[64]
16:18:26.2 (24771123)|METHOD_ENTRY|[64]|01pB0000000lA1s|testautonumdata.InterviewsLCServerController.AddFieldToMap(String, String)
16:18:26.2 (24776668)|VARIABLE_SCOPE_BEGIN|[68]|fieldName|String|false|false
16:18:26.2 (24784984)|VARIABLE_ASSIGNMENT|[68]|fieldName|"testautonumdata__Dat (4 more) ..."
16:18:26.2 (24787676)|VARIABLE_SCOPE_BEGIN|[68]|ObjectName|String|false|false
16:18:26.2 (24792743)|VARIABLE_ASSIGNMENT|[68]|ObjectName|"testautonumdata__Int (9 more) ..."
16:18:26.2 (24800059)|HEAP_ALLOCATE|[71]|Bytes:5
16:18:26.2 (24804522)|STATEMENT_EXECUTE|[69]
16:18:26.2 (24817161)|ENTERING_MANAGED_PKG|
16:18:26.2 (24831276)|STATEMENT_EXECUTE|[72]
16:18:26.2 (24833437)|STATEMENT_EXECUTE|[73]
16:18:26.2 (24842102)|ENTERING_MANAGED_PKG|
16:18:26.2 (24856092)|VARIABLE_SCOPE_BEGIN|[73]|existingFieldSet|Set<String>|true|false
16:18:26.2 (24882752)|VARIABLE_ASSIGNMENT|[73]|existingFieldSet|{"s":1,"v":["Id","testautonumdata__Can (9 more) ...","testautonumdata__Dat (4 more) ...","testautonumdata__Int (14 more) ...","testautonumdata__Sta (6 more) ..."]}|0x689a8ca0
16:18:26.2 (24888140)|STATEMENT_EXECUTE|[74]
16:18:26.2 (24900382)|ENTERING_MANAGED_PKG|
16:18:26.2 (24904946)|HEAP_ALLOCATE|[EXTERNAL]|Bytes:4
16:18:26.2 (24912721)|STATEMENT_EXECUTE|[75]
16:18:26.2 (24922963)|ENTERING_MANAGED_PKG|
16:18:26.2 (24949531)|METHOD_EXIT|[64]|01pB0000000lA1s|testautonumdata.InterviewsLCServerController.AddFieldToMap(String, String)
16:18:26.2 (24958600)|METHOD_EXIT|[147]|01pB0000000lA1s|testautonumdata.InterviewsLCServerController.AddFieldToObjectsMap(String, String)
16:18:26.2 (24963359)|STATEMENT_EXECUTE|[150]
16:18:26.2 (24968346)|HEAP_ALLOCATE|[150]|Bytes:7
16:18:26.2 (24988119)|ENTERING_MANAGED_PKG|
16:18:26.2 (25015210)|HEAP_ALLOCATE|[150]|Bytes:1
16:18:26.2 (25034199)|HEAP_ALLOCATE|[150]|Bytes:8
16:18:26.2 (25041017)|HEAP_ALLOCATE|[150]|Bytes:354
16:18:26.2 (25053108)|VARIABLE_ASSIGNMENT|[150]|soql|"Select id, testauton (334 more) ..."
16:18:26.2 (25057159)|STATEMENT_EXECUTE|[154]
16:18:26.2 (25060678)|HEAP_ALLOCATE|[154]|Bytes:15
16:18:26.2 (25068574)|HEAP_ALLOCATE|[154]|Bytes:369
16:18:26.2 (25086338)|ENTERING_MANAGED_PKG|
16:18:26.2 (25113757)|USER_DEBUG|[154]|DEBUG|######## soql: Select id, testautonumdata__Candidate__c, testautonumdata__Candidate__r.testautonumdata__Full_Name__c, testautonumdata__Candidate__r.testautonumdata__Position__r.Name, testautonumdata__Date__c, testautonumdata__Interview_Type__c FROM testautonumdata__Interview__c where testautonumdata__Status__c = 'Pending' order by testautonumdata__Date__c asc limit 8
16:18:26.2 (25137919)|ENTERING_MANAGED_PKG|
16:18:26.2 (25170395)|STATEMENT_EXECUTE|[162]
16:18:26.2 (25173124)|STATEMENT_EXECUTE|[163]
16:18:26.2 (25177166)|HEAP_ALLOCATE|[163]|Bytes:27
16:18:26.2 (25200293)|ENTERING_MANAGED_PKG|
16:18:26.2 (25248568)|HEAP_ALLOCATE|[163]|Bytes:257
16:18:26.2 (25268638)|HEAP_ALLOCATE|[163]|Bytes:284
16:18:26.2 (25285162)|ENTERING_MANAGED_PKG|
16:18:26.2 (25293330)|USER_DEBUG|[163]|DEBUG|######## mapObjectsFields: {testautonumdata__Candidate__c={testautonumdata__Full_Name__c}, testautonumdata__Interview__c={Id, testautonumdata__Candidate__c, testautonumdata__Date__c, testautonumdata__Interview_Type__c, testautonumdata__Status__c}, testautonumdata__Position__c={Name}}
16:18:26.2 (25312078)|HEAP_ALLOCATE|[164]|Bytes:4
16:18:26.2 (25329634)|ENTERING_MANAGED_PKG|
16:18:26.2 (25367899)|ENTERING_MANAGED_PKG|
16:18:26.2 (25385930)|HEAP_ALLOCATE|[164]|Bytes:102
16:18:26.2 (25406982)|ENTERING_MANAGED_PKG|
16:18:26.2 (25415528)|HEAP_ALLOCATE|[164]|Bytes:12
16:18:26.2 (25430881)|ENTERING_MANAGED_PKG|
16:18:26.2 (25513741)|HEAP_ALLOCATE|[164]|Bytes:5
16:18:26.2 (25541508)|VARIABLE_SCOPE_BEGIN|[164]|objectName|String|false|false
16:18:26.2 (25553667)|VARIABLE_ASSIGNMENT|[164]|objectName|"testautonumdata__Int (9 more) ..."
16:18:26.2 (25558024)|STATEMENT_EXECUTE|[165]
16:18:26.2 (25560282)|STATEMENT_EXECUTE|[166]
16:18:26.2 (25564190)|HEAP_ALLOCATE|[166]|Bytes:21
16:18:26.2 (25572418)|HEAP_ALLOCATE|[166]|Bytes:50
16:18:26.2 (25588701)|ENTERING_MANAGED_PKG|
16:18:26.2 (25615245)|USER_DEBUG|[166]|DEBUG|######## objectName: testautonumdata__Interview__c
16:18:26.2 (25624863)|STATEMENT_EXECUTE|[167]
16:18:26.2 (25648826)|ENTERING_MANAGED_PKG|
16:18:26.2 (41005735)|HEAP_ALLOCATE|[167]|Bytes:1764
16:18:26.2 (41056452)|ENTERING_MANAGED_PKG|
16:18:26.2 (41180797)|HEAP_ALLOCATE|[167]|Bytes:4
16:18:26.2 (41195269)|VARIABLE_SCOPE_BEGIN|[167]|sObj|SObject|true|false
16:18:26.2 (41225312)|VARIABLE_ASSIGNMENT|[167]|sObj|{}|0x1b52d064
16:18:26.2 (41230711)|STATEMENT_EXECUTE|[168]
16:18:26.2 (41264520)|ENTERING_MANAGED_PKG|
16:18:26.2 (41647989)|HEAP_ALLOCATE|[168]|Bytes:4
16:18:26.2 (42156879)|HEAP_ALLOCATE|[168]|Bytes:80
16:18:26.2 (42168955)|VARIABLE_SCOPE_BEGIN|[168]|m|Map<String,Schema.SObjectField>|true|false
16:18:26.2 (42417229)|VARIABLE_ASSIGNMENT|[168]|m|"{createdbyid=CreatedById, createddate=CreatedDate, id=Id, isdeleted=IsDeleted, lastactivitydate=LastActivityDate, lastmodifiedbyid=LastModifiedById, lastmodifieddate=LastModifiedDate, lastreferenceddate=LastReferencedDate, lastvieweddate=LastViewedDate, name=Name, ...}"|0x4593d7a8
16:18:26.2 (42424645)|STATEMENT_EXECUTE|[169]
16:18:26.2 (42446292)|ENTERING_MANAGED_PKG|
16:18:26.2 (42493688)|VARIABLE_SCOPE_BEGIN|[169]|objectFieldSet|Set<String>|true|false
16:18:26.2 (42527333)|VARIABLE_ASSIGNMENT|[169]|objectFieldSet|{"s":1,"v":["Id","testautonumdata__Can (9 more) ...","testautonumdata__Dat (4 more) ...","testautonumdata__Int (14 more) ...","testautonumdata__Sta (6 more) ..."]}|0x689a8ca0
16:18:26.2 (42539795)|HEAP_ALLOCATE|[171]|Bytes:4
16:18:26.2 (42557083)|ENTERING_MANAGED_PKG|
16:18:26.2 (42597372)|ENTERING_MANAGED_PKG|
16:18:26.2 (42605627)|HEAP_ALLOCATE|[171]|Bytes:20
16:18:26.2 (42616649)|ENTERING_MANAGED_PKG|
16:18:26.2 (42642076)|HEAP_ALLOCATE|[171]|Bytes:5
16:18:26.2 (42666879)|VARIABLE_SCOPE_BEGIN|[171]|fieldToCheck|String|false|false
16:18:26.2 (42675198)|VARIABLE_ASSIGNMENT|[171]|fieldToCheck|"Id"
16:18:26.2 (42678698)|STATEMENT_EXECUTE|[171]
16:18:26.2 (42680007)|STATEMENT_EXECUTE|[172]
16:18:26.2 (42683682)|HEAP_ALLOCATE|[172]|Bytes:23
16:18:26.2 (42693333)|HEAP_ALLOCATE|[172]|Bytes:25
16:18:26.2 (42709390)|ENTERING_MANAGED_PKG|
16:18:26.2 (42736652)|USER_DEBUG|[172]|DEBUG|######## fieldToCheck: Id
16:18:26.2 (42755196)|ENTERING_MANAGED_PKG|
16:18:26.2 (43073047)|HEAP_ALLOCATE|[174]|Bytes:8
16:18:26.2 (43104426)|STATEMENT_EXECUTE|[174]
16:18:26.2 (43106740)|STATEMENT_EXECUTE|[182]
16:18:26.2 (43110099)|HEAP_ALLOCATE|[182]|Bytes:35
16:18:26.2 (43117975)|HEAP_ALLOCATE|[182]|Bytes:37
16:18:26.2 (43132558)|ENTERING_MANAGED_PKG|
16:18:26.2 (43156056)|USER_DEBUG|[182]|DEBUG|######## User has access to field: Id
16:18:26.2 (43172586)|HEAP_ALLOCATE|[171]|Bytes:5
16:18:26.2 (43185998)|VARIABLE_SCOPE_BEGIN|[171]|fieldToCheck|String|false|false
16:18:26.2 (43195361)|VARIABLE_ASSIGNMENT|[171]|fieldToCheck|"testautonumdata__Can (9 more) ..."
16:18:26.2 (43198719)|STATEMENT_EXECUTE|[171]
16:18:26.2 (43199973)|STATEMENT_EXECUTE|[172]
16:18:26.2 (43205253)|HEAP_ALLOCATE|[172]|Bytes:52
16:18:26.2 (43216658)|ENTERING_MANAGED_PKG|
16:18:26.2 (43223213)|USER_DEBUG|[172]|DEBUG|######## fieldToCheck: testautonumdata__Candidate__c
16:18:26.2 (43233770)|ENTERING_MANAGED_PKG|
16:18:26.2 (43471470)|HEAP_ALLOCATE|[174]|Bytes:8
16:18:26.2 (43486988)|STATEMENT_EXECUTE|[174]
16:18:26.2 (43488708)|STATEMENT_EXECUTE|[182]
16:18:26.2 (43494631)|HEAP_ALLOCATE|[182]|Bytes:64
16:18:26.2 (43506091)|ENTERING_MANAGED_PKG|
16:18:26.2 (43513311)|USER_DEBUG|[182]|DEBUG|######## User has access to field: testautonumdata__Candidate__c
16:18:26.2 (43527261)|HEAP_ALLOCATE|[171]|Bytes:5
16:18:26.2 (43539738)|VARIABLE_SCOPE_BEGIN|[171]|fieldToCheck|String|false|false
16:18:26.2 (43548973)|VARIABLE_ASSIGNMENT|[171]|fieldToCheck|"testautonumdata__Dat (4 more) ..."
16:18:26.2 (43552051)|STATEMENT_EXECUTE|[171]
16:18:26.2 (43553232)|STATEMENT_EXECUTE|[172]
16:18:26.2 (43558457)|HEAP_ALLOCATE|[172]|Bytes:47
16:18:26.2 (43568695)|ENTERING_MANAGED_PKG|
16:18:26.2 (43574783)|USER_DEBUG|[172]|DEBUG|######## fieldToCheck: testautonumdata__Date__c
16:18:26.2 (43585168)|ENTERING_MANAGED_PKG|
16:18:26.2 (48649287)|HEAP_ALLOCATE|[174]|Bytes:8
16:18:26.2 (48666920)|STATEMENT_EXECUTE|[174]
16:18:26.2 (48669007)|STATEMENT_EXECUTE|[182]
16:18:26.2 (48675034)|HEAP_ALLOCATE|[182]|Bytes:59
16:18:26.2 (48687690)|ENTERING_MANAGED_PKG|
16:18:26.2 (48695451)|USER_DEBUG|[182]|DEBUG|######## User has access to field: testautonumdata__Date__c
16:18:26.2 (48710258)|HEAP_ALLOCATE|[171]|Bytes:5
16:18:26.2 (48723679)|VARIABLE_SCOPE_BEGIN|[171]|fieldToCheck|String|false|false
16:18:26.2 (48733477)|VARIABLE_ASSIGNMENT|[171]|fieldToCheck|"testautonumdata__Int (14 more) ..."
16:18:26.2 (48736750)|STATEMENT_EXECUTE|[171]
16:18:26.2 (48737900)|STATEMENT_EXECUTE|[172]
16:18:26.2 (48743125)|HEAP_ALLOCATE|[172]|Bytes:57
16:18:26.2 (48753889)|ENTERING_MANAGED_PKG|
16:18:26.2 (48760061)|USER_DEBUG|[172]|DEBUG|######## fieldToCheck: testautonumdata__Interview_Type__c
16:18:26.2 (48771126)|ENTERING_MANAGED_PKG|
16:18:26.2 (48946446)|HEAP_ALLOCATE|[174]|Bytes:8
16:18:26.2 (48961898)|STATEMENT_EXECUTE|[174]
16:18:26.2 (48963668)|STATEMENT_EXECUTE|[182]
16:18:26.2 (48969160)|HEAP_ALLOCATE|[182]|Bytes:69
16:18:26.2 (48980567)|ENTERING_MANAGED_PKG|
16:18:26.2 (48987597)|USER_DEBUG|[182]|DEBUG|######## User has access to field: testautonumdata__Interview_Type__c
16:18:26.2 (49001759)|HEAP_ALLOCATE|[171]|Bytes:5
16:18:26.2 (49015566)|VARIABLE_SCOPE_BEGIN|[171]|fieldToCheck|String|false|false
16:18:26.2 (49025098)|VARIABLE_ASSIGNMENT|[171]|fieldToCheck|"testautonumdata__Sta (6 more) ..."
16:18:26.2 (49028241)|STATEMENT_EXECUTE|[171]
16:18:26.2 (49029405)|STATEMENT_EXECUTE|[172]
16:18:26.2 (49034416)|HEAP_ALLOCATE|[172]|Bytes:49
16:18:26.2 (49044698)|ENTERING_MANAGED_PKG|
16:18:26.2 (49050805)|USER_DEBUG|[172]|DEBUG|######## fieldToCheck: testautonumdata__Status__c
16:18:26.2 (49061139)|ENTERING_MANAGED_PKG|
16:18:26.2 (49218441)|HEAP_ALLOCATE|[174]|Bytes:8
16:18:26.2 (49233784)|STATEMENT_EXECUTE|[174]
16:18:26.2 (49235496)|STATEMENT_EXECUTE|[182]
16:18:26.2 (49240876)|HEAP_ALLOCATE|[182]|Bytes:61
16:18:26.2 (49252032)|ENTERING_MANAGED_PKG|
16:18:26.2 (49259080)|USER_DEBUG|[182]|DEBUG|######## User has access to field: testautonumdata__Status__c
16:18:26.2 (49272973)|HEAP_ALLOCATE|[171]|Bytes:5
16:18:26.2 (49287277)|VARIABLE_ASSIGNMENT|[171]|fieldToCheck|null
16:18:26.2 (49297090)|HEAP_ALLOCATE|[164]|Bytes:5
16:18:26.2 (49308599)|VARIABLE_SCOPE_BEGIN|[164]|objectName|String|false|false
16:18:26.2 (49317610)|VARIABLE_ASSIGNMENT|[164]|objectName|"testautonumdata__Can (9 more) ..."
16:18:26.2 (49320687)|STATEMENT_EXECUTE|[165]
16:18:26.2 (49321935)|STATEMENT_EXECUTE|[166]
16:18:26.2 (49327338)|HEAP_ALLOCATE|[166]|Bytes:50
16:18:26.2 (49337827)|ENTERING_MANAGED_PKG|
16:18:26.2 (49343967)|USER_DEBUG|[166]|DEBUG|######## objectName: testautonumdata__Candidate__c
16:18:26.2 (49349613)|STATEMENT_EXECUTE|[167]
16:18:26.2 (49355801)|ENTERING_MANAGED_PKG|
16:18:26.2 (55410780)|HEAP_ALLOCATE|[167]|Bytes:1764
16:18:26.2 (55432342)|ENTERING_MANAGED_PKG|
16:18:26.2 (55487997)|HEAP_ALLOCATE|[167]|Bytes:4
16:18:26.2 (55497795)|VARIABLE_SCOPE_BEGIN|[167]|sObj|SObject|true|false
16:18:26.2 (55515284)|VARIABLE_ASSIGNMENT|[167]|sObj|{}|0x48bb924
16:18:26.2 (55518603)|STATEMENT_EXECUTE|[168]
16:18:26.2 (55537279)|ENTERING_MANAGED_PKG|
16:18:26.2 (55698097)|HEAP_ALLOCATE|[168]|Bytes:4
16:18:26.2 (56268575)|HEAP_ALLOCATE|[168]|Bytes:136
16:18:26.2 (56280588)|VARIABLE_SCOPE_BEGIN|[168]|m|Map<String,Schema.SObjectField>|true|false
16:18:26.2 (56513636)|VARIABLE_ASSIGNMENT|[168]|m|"{createdbyid=CreatedById, createddate=CreatedDate, id=Id, isdeleted=IsDeleted, lastactivitydate=LastActivityDate, lastmodifiedbyid=LastModifiedById, lastmodifieddate=LastModifiedDate, lastreferenceddate=LastReferencedDate, lastvieweddate=LastViewedDate, name=Name, ...}"|0x35568099
16:18:26.2 (56520221)|STATEMENT_EXECUTE|[169]
16:18:26.2 (56535822)|ENTERING_MANAGED_PKG|
16:18:26.2 (56551962)|VARIABLE_SCOPE_BEGIN|[169]|objectFieldSet|Set<String>|true|false
16:18:26.2 (56574733)|VARIABLE_ASSIGNMENT|[169]|objectFieldSet|{"s":1,"v":["testautonumdata__Ful (9 more) ..."]}|0x735635a0
16:18:26.2 (56582438)|HEAP_ALLOCATE|[171]|Bytes:4
16:18:26.2 (56595045)|ENTERING_MANAGED_PKG|
16:18:26.2 (56605890)|ENTERING_MANAGED_PKG|
16:18:26.2 (56610234)|HEAP_ALLOCATE|[171]|Bytes:4
16:18:26.2 (56618566)|ENTERING_MANAGED_PKG|
16:18:26.2 (56632672)|HEAP_ALLOCATE|[171]|Bytes:5
16:18:26.2 (56645556)|VARIABLE_SCOPE_BEGIN|[171]|fieldToCheck|String|false|false
16:18:26.2 (56653838)|VARIABLE_ASSIGNMENT|[171]|fieldToCheck|"testautonumdata__Ful (9 more) ..."
16:18:26.2 (56657028)|STATEMENT_EXECUTE|[171]
16:18:26.2 (56658332)|STATEMENT_EXECUTE|[172]
16:18:26.2 (56664133)|HEAP_ALLOCATE|[172]|Bytes:52
16:18:26.2 (56675840)|ENTERING_MANAGED_PKG|
16:18:26.2 (56683277)|USER_DEBUG|[172]|DEBUG|######## fieldToCheck: testautonumdata__Full_Name__c
16:18:26.2 (56694592)|ENTERING_MANAGED_PKG|
16:18:26.2 (57285696)|HEAP_ALLOCATE|[174]|Bytes:8
16:18:26.2 (57303061)|STATEMENT_EXECUTE|[174]
16:18:26.2 (57305135)|STATEMENT_EXECUTE|[182]
16:18:26.2 (57311310)|HEAP_ALLOCATE|[182]|Bytes:64
16:18:26.2 (57323654)|ENTERING_MANAGED_PKG|
16:18:26.2 (57331067)|USER_DEBUG|[182]|DEBUG|######## User has access to field: testautonumdata__Full_Name__c
16:18:26.2 (57345740)|HEAP_ALLOCATE|[171]|Bytes:5
16:18:26.2 (57359306)|VARIABLE_ASSIGNMENT|[171]|fieldToCheck|null
16:18:26.2 (57367949)|HEAP_ALLOCATE|[164]|Bytes:5
16:18:26.2 (57379223)|VARIABLE_SCOPE_BEGIN|[164]|objectName|String|false|false
16:18:26.2 (57387588)|VARIABLE_ASSIGNMENT|[164]|objectName|"testautonumdata__Pos (8 more) ..."
16:18:26.2 (57390539)|STATEMENT_EXECUTE|[165]
16:18:26.2 (57391906)|STATEMENT_EXECUTE|[166]
16:18:26.2 (57397104)|HEAP_ALLOCATE|[166]|Bytes:49
16:18:26.2 (57412177)|ENTERING_MANAGED_PKG|
16:18:26.2 (57419185)|USER_DEBUG|[166]|DEBUG|######## objectName: testautonumdata__Position__c
16:18:26.2 (57425258)|STATEMENT_EXECUTE|[167]
16:18:26.2 (57431611)|ENTERING_MANAGED_PKG|
16:18:26.2 (62397449)|HEAP_ALLOCATE|[167]|Bytes:1764
16:18:26.2 (62422700)|ENTERING_MANAGED_PKG|
16:18:26.2 (62493908)|HEAP_ALLOCATE|[167]|Bytes:4
16:18:26.2 (62504146)|VARIABLE_SCOPE_BEGIN|[167]|sObj|SObject|true|false
16:18:26.2 (62516106)|VARIABLE_ASSIGNMENT|[167]|sObj|{}|0x16013617
16:18:26.2 (62519397)|STATEMENT_EXECUTE|[168]
16:18:26.2 (62535173)|ENTERING_MANAGED_PKG|
16:18:26.2 (62669552)|HEAP_ALLOCATE|[168]|Bytes:4
16:18:26.2 (63978517)|HEAP_ALLOCATE|[168]|Bytes:64
16:18:26.2 (63990516)|VARIABLE_SCOPE_BEGIN|[168]|m|Map<String,Schema.SObjectField>|true|false
16:18:26.2 (64141392)|VARIABLE_ASSIGNMENT|[168]|m|"{createdbyid=CreatedById, createddate=CreatedDate, id=Id, isdeleted=IsDeleted, lastactivitydate=LastActivityDate, lastmodifiedbyid=LastModifiedById, lastmodifieddate=LastModifiedDate, lastreferenceddate=LastReferencedDate, lastvieweddate=LastViewedDate, name=Name, ...}"|0xb073669
16:18:26.2 (64148537)|STATEMENT_EXECUTE|[169]
16:18:26.2 (64162821)|ENTERING_MANAGED_PKG|
16:18:26.2 (64176790)|VARIABLE_SCOPE_BEGIN|[169]|objectFieldSet|Set<String>|true|false
16:18:26.2 (64193226)|VARIABLE_ASSIGNMENT|[169]|objectFieldSet|{"s":1,"v":["Name"]}|0x4f9558e6
16:18:26.2 (64198866)|HEAP_ALLOCATE|[171]|Bytes:4
16:18:26.2 (64210124)|ENTERING_MANAGED_PKG|
16:18:26.2 (64220032)|ENTERING_MANAGED_PKG|
16:18:26.2 (64223819)|HEAP_ALLOCATE|[171]|Bytes:4
16:18:26.2 (64231649)|ENTERING_MANAGED_PKG|
16:18:26.2 (64244418)|HEAP_ALLOCATE|[171]|Bytes:5
16:18:26.2 (64257199)|VARIABLE_SCOPE_BEGIN|[171]|fieldToCheck|String|false|false
16:18:26.2 (64264226)|VARIABLE_ASSIGNMENT|[171]|fieldToCheck|"Name"
16:18:26.2 (64267145)|STATEMENT_EXECUTE|[171]
16:18:26.2 (64268348)|STATEMENT_EXECUTE|[172]
16:18:26.2 (64273862)|HEAP_ALLOCATE|[172]|Bytes:27
16:18:26.2 (64284947)|ENTERING_MANAGED_PKG|
16:18:26.2 (64292543)|USER_DEBUG|[172]|DEBUG|######## fieldToCheck: Name
16:18:26.2 (64303685)|ENTERING_MANAGED_PKG|
16:18:26.2 (64692525)|HEAP_ALLOCATE|[174]|Bytes:8
16:18:26.2 (64708631)|STATEMENT_EXECUTE|[174]
16:18:26.2 (64710556)|STATEMENT_EXECUTE|[182]
16:18:26.2 (64716587)|HEAP_ALLOCATE|[182]|Bytes:39
16:18:26.2 (64728442)|ENTERING_MANAGED_PKG|
16:18:26.2 (64735835)|USER_DEBUG|[182]|DEBUG|######## User has access to field: Name
16:18:26.2 (64750197)|HEAP_ALLOCATE|[171]|Bytes:5
16:18:26.2 (64763576)|VARIABLE_ASSIGNMENT|[171]|fieldToCheck|null
16:18:26.2 (64772220)|HEAP_ALLOCATE|[164]|Bytes:5
16:18:26.2 (64781329)|VARIABLE_ASSIGNMENT|[164]|objectName|null
16:18:26.2 (64785004)|STATEMENT_EXECUTE|[190]
16:18:26.2 (64815672)|ENTERING_MANAGED_PKG|
16:18:26.2 (64849262)|HEAP_ALLOCATE|[190]|Bytes:4
16:18:26.2 (65446265)|SOQL_EXECUTE_BEGIN|[190]|Aggregations:0|Select id, testautonumdata__Candidate__c, testautonumdata__Candidate__r.testautonumdata__Full_Name__c, testautonumdata__Candidate__r.testautonumdata__Position__r.Name, testautonumdata__Date__c, testautonumdata__Interview_Type__c FROM testautonumdata__Interview__c where testautonumdata__Status__c = 'Pending' order by testautonumdata__Date__c asc limit 8
16:18:26.2 (87102460)|SOQL_EXECUTE_END|[190]|Rows:2
16:18:26.2 (87148319)|HEAP_ALLOCATE|[190]|Bytes:12
16:18:26.2 (87184522)|HEAP_ALLOCATE|[190]|Bytes:840
16:18:26.2 (87276006)|HEAP_ALLOCATE|[190]|Bytes:12
16:18:26.2 (87304350)|VARIABLE_SCOPE_BEGIN|[190]|lstQueriedRecords|List<SObject>|true|false
16:18:26.2 (87384380)|VARIABLE_ASSIGNMENT|[190]|lstQueriedRecords|{"s":1,"v":[{"s":2,"v":{"Id":"a0NB0000000RasPMAS","testautonumdata__Can (9 more) ...":"a0MB0000000cQdIMAU","testautonumdata__Dat (4 more) ...":"10/26/2016","testautonumdata__Int (14 more) ...":"Recruiter Interview","testautonumdata__Can (9 more) ...":{"s":3,"v":{"testautonumdata__Ful (9 more) ...":"Lizz Brooks","testautonumdata__Pos (8 more) ...":"a0LB0000000sexWMAQ","Id":"a0MB0000000cQdIMAU","testautonumdata__Pos (8 more) ...":{"s":4,"v":{"Name":"Project Coordinator","Id":"a0LB0000000sexWMAQ"}}}}}},{"s":5,"v":{"Id":"a0NB0000000TaTOMA0","testautonumdata__Can (9 more) ...":"a0MB0000000cQXFMA2","testautonumdata__Dat (4 more) ...":"11/9/2016","testautonumdata__Int (14 more) ...":"Technical Interview","testautonumdata__Can (9 more) ...":{"s":6,"v":{"testautonumdata__Ful (9 more) ...":"Rodrigo Reboucas","testautonumdata__Pos (8 more) ...":"a0LB0000000seqpMAA","Id":"a0MB0000000cQXFMA2","testautonumdata__Pos (8 more) ...":{"s":7,"v":{"Name":"Architect - Force.co (1 more) ...","Id":"a0LB0000000seqpMAA"}}}}}}]}|0x282c2c2d
16:18:26.2 (87395409)|STATEMENT_EXECUTE|[192]
16:18:26.2 (87402368)|HEAP_ALLOCATE|[192]|Bytes:28
16:18:26.2 (87437679)|ENTERING_MANAGED_PKG|
16:18:26.2 (87567032)|HEAP_ALLOCATE|[192]|Bytes:395
16:18:26.2 (87587588)|HEAP_ALLOCATE|[192]|Bytes:423
16:18:26.2 (87605926)|ENTERING_MANAGED_PKG|
16:18:26.2 (87615811)|USER_DEBUG|[192]|DEBUG|######## lstQueriedRecords: (testautonumdata__Interview__c:{Id=a0NB0000000RasPMAS, testautonumdata__Candidate__c=a0MB0000000cQdIMAU, testautonumdata__Date__c=10/26/2016, testautonumdata__Interview_Type__c=Recruiter Interview}, testautonumdata__Interview__c:{Id=a0NB0000000TaTOMA0, testautonumdata__Candidate__c=a0MB0000000cQXFMA2, testautonumdata__Date__c=11/9/2016, testautonumdata__Interview_Type__c=Technical Interview})
16:18:26.2 (87703655)|ENTERING_MANAGED_PKG|
16:18:26.2 (87909367)|HEAP_ALLOCATE|[196]|Bytes:5
16:18:26.2 (87951565)|HEAP_ALLOCATE|[196]|Bytes:24
16:18:26.2 (87974251)|VARIABLE_SCOPE_BEGIN|[196]|e|SObject|true|false
16:18:26.2 (88002781)|VARIABLE_ASSIGNMENT|[196]|e|{"s":1,"v":{"Id":"a0NB0000000RasPMAS","testautonumdata__Can (9 more) ...":"a0MB0000000cQdIMAU","testautonumdata__Dat (4 more) ...":"10/26/2016","testautonumdata__Int (14 more) ...":"Recruiter Interview","testautonumdata__Can (9 more) ...":{"s":2,"v":{"testautonumdata__Ful (9 more) ...":"Lizz Brooks","testautonumdata__Pos (8 more) ...":"a0LB0000000sexWMAQ","Id":"a0MB0000000cQdIMAU","testautonumdata__Pos (8 more) ...":{"s":3,"v":{"Name":"Project Coordinator","Id":"a0LB0000000sexWMAQ"}}}}}}|0x1bd4bc19
16:18:26.2 (88009642)|STATEMENT_EXECUTE|[197]
16:18:26.2 (88011253)|STATEMENT_EXECUTE|[198]
16:18:26.2 (88014504)|HEAP_ALLOCATE|[198]|Bytes:12
16:18:26.2 (88032752)|ENTERING_MANAGED_PKG|
16:18:26.2 (88099809)|HEAP_ALLOCATE|[198]|Bytes:196
16:18:26.2 (88116796)|HEAP_ALLOCATE|[198]|Bytes:208
16:18:26.2 (88129129)|ENTERING_MANAGED_PKG|
16:18:26.2 (88136525)|USER_DEBUG|[198]|DEBUG|######## e: testautonumdata__Interview__c:{Id=a0NB0000000RasPMAS, testautonumdata__Candidate__c=a0MB0000000cQdIMAU, testautonumdata__Date__c=10/26/2016, testautonumdata__Interview_Type__c=Recruiter Interview}
16:18:26.2 (88143847)|STATEMENT_EXECUTE|[199]
16:18:26.2 (88152144)|HEAP_ALLOCATE|[199]|Bytes:28
16:18:26.2 (88171773)|CONSTRUCTOR_ENTRY|[199]|01pB0000000lA1s|<init>()
16:18:26.2 (88204066)|VARIABLE_SCOPE_BEGIN|[1]|this|testautonumdata.InterviewsLCServerController|true|false
16:18:26.2 (88263388)|VARIABLE_ASSIGNMENT|[1]|this|{}|0x6bcd0d6b
16:18:26.2 (88273684)|HEAP_ALLOCATE|[EXTERNAL]|Bytes:5
16:18:26.2 (88287791)|HEAP_ALLOCATE|[EXTERNAL]|Bytes:6
16:18:26.2 (88327783)|STATEMENT_EXECUTE|[1]
16:18:26.2 (88332124)|HEAP_ALLOCATE|[EXTERNAL]|Bytes:5
16:18:26.2 (88334733)|STATEMENT_EXECUTE|[6]
16:18:26.2 (88335863)|STATEMENT_EXECUTE|[8]
16:18:26.2 (88337010)|STATEMENT_EXECUTE|[10]
16:18:26.2 (88338284)|STATEMENT_EXECUTE|[12]
16:18:26.2 (88339341)|STATEMENT_EXECUTE|[14]
16:18:26.2 (88340442)|STATEMENT_EXECUTE|[16]
16:18:26.2 (88348713)|CONSTRUCTOR_EXIT|[199]|01pB0000000lA1s|<init>()
16:18:26.2 (88353066)|VARIABLE_SCOPE_BEGIN|[199]|i|testautonumdata.InterviewsLCServerController|true|false
16:18:26.2 (88383245)|VARIABLE_ASSIGNMENT|[199]|i|{}|0x6bcd0d6b
16:18:26.2 (88386770)|STATEMENT_EXECUTE|[202]
16:18:26.2 (88390499)|HEAP_ALLOCATE|[202]|Bytes:2
16:18:26.2 (88416530)|ENTERING_MANAGED_PKG|
16:18:26.2 (88473501)|HEAP_ALLOCATE|[202]|Bytes:4
16:18:26.2 (88496872)|ENTERING_MANAGED_PKG|
16:18:26.2 (88501980)|HEAP_ALLOCATE|[202]|Bytes:18
16:18:26.2 (88550436)|VARIABLE_ASSIGNMENT|[EXTERNAL]|this|{}|0x6bcd0d6b
16:18:26.2 (88558009)|VARIABLE_ASSIGNMENT|[EXTERNAL]|value|"a0NB0000000RasPMAS"
16:18:26.2 (88572174)|VARIABLE_ASSIGNMENT|[6]|this.recordID|"a0NB0000000RasPMAS"|0x6bcd0d6b
16:18:26.2 (88580796)|STATEMENT_EXECUTE|[204]
16:18:26.2 (88582398)|STATEMENT_EXECUTE|[205]
16:18:26.2 (88594489)|METHOD_ENTRY|[205]|01pB0000000lA1s|testautonumdata.InterviewsLCServerController.GetSobjectField(SObject, String)
16:18:26.2 (88615129)|VARIABLE_SCOPE_BEGIN|[241]|e|SObject|true|false
16:18:26.2 (88639353)|VARIABLE_ASSIGNMENT|[241]|e|{"s":1,"v":{"Id":"a0NB0000000RasPMAS","testautonumdata__Can (9 more) ...":"a0MB0000000cQdIMAU","testautonumdata__Dat (4 more) ...":"10/26/2016","testautonumdata__Int (14 more) ...":"Recruiter Interview","testautonumdata__Can (9 more) ...":{"s":2,"v":{"testautonumdata__Ful (9 more) ...":"Lizz Brooks","testautonumdata__Pos (8 more) ...":"a0LB0000000sexWMAQ","Id":"a0MB0000000cQdIMAU","testautonumdata__Pos (8 more) ...":{"s":3,"v":{"Name":"Project Coordinator","Id":"a0LB0000000sexWMAQ"}}}}}}|0x1bd4bc19
16:18:26.2 (88643905)|VARIABLE_SCOPE_BEGIN|[241]|lcfield|String|false|false
16:18:26.2 (88648412)|VARIABLE_ASSIGNMENT|[241]|lcfield|"testautonumdata__Can (9 more) ..."
16:18:26.2 (88657018)|HEAP_ALLOCATE|[244]|Bytes:5
16:18:26.2 (88661032)|STATEMENT_EXECUTE|[242]
16:18:26.2 (88662297)|STATEMENT_EXECUTE|[244]
16:18:26.2 (88667740)|VARIABLE_SCOPE_BEGIN|[244]|returnValue|String|false|false
16:18:26.2 (88673129)|VARIABLE_ASSIGNMENT|[244]|returnValue|""
16:18:26.2 (88690669)|ENTERING_MANAGED_PKG|
16:18:26.2 (88727292)|STATEMENT_EXECUTE|[261]
16:18:26.2 (88740474)|ENTERING_MANAGED_PKG|
16:18:26.2 (88787192)|HEAP_ALLOCATE|[261]|Bytes:4
16:18:26.2 (88807470)|ENTERING_MANAGED_PKG|
16:18:26.2 (88811274)|HEAP_ALLOCATE|[261]|Bytes:18
16:18:26.2 (88824390)|VARIABLE_ASSIGNMENT|[261]|returnValue|"a0MB0000000cQdIMAU"
16:18:26.2 (88827817)|STATEMENT_EXECUTE|[263]
16:18:26.2 (88837418)|METHOD_EXIT|[205]|01pB0000000lA1s|testautonumdata.InterviewsLCServerController.GetSobjectField(SObject, String)
16:18:26.2 (88880205)|VARIABLE_ASSIGNMENT|[EXTERNAL]|this|{"recordID":"a0NB0000000RasPMAS"}|0x6bcd0d6b
16:18:26.2 (88886376)|VARIABLE_ASSIGNMENT|[EXTERNAL]|value|"a0MB0000000cQdIMAU"
16:18:26.2 (88894897)|VARIABLE_ASSIGNMENT|[8]|this.eventField|"a0MB0000000cQdIMAU"|0x6bcd0d6b
16:18:26.2 (88903319)|STATEMENT_EXECUTE|[208]
16:18:26.2 (88904925)|STATEMENT_EXECUTE|[209]
16:18:26.2 (88911527)|METHOD_ENTRY|[209]|01pB0000000lA1s|testautonumdata.InterviewsLCServerController.GetSobjectField(SObject, String)
16:18:26.2 (88928981)|VARIABLE_SCOPE_BEGIN|[241]|e|SObject|true|false
16:18:26.2 (88952487)|VARIABLE_ASSIGNMENT|[241]|e|{"s":1,"v":{"Id":"a0NB0000000RasPMAS","testautonumdata__Can (9 more) ...":"a0MB0000000cQdIMAU","testautonumdata__Dat (4 more) ...":"10/26/2016","testautonumdata__Int (14 more) ...":"Recruiter Interview","testautonumdata__Can (9 more) ...":{"s":2,"v":{"testautonumdata__Ful (9 more) ...":"Lizz Brooks","testautonumdata__Pos (8 more) ...":"a0LB0000000sexWMAQ","Id":"a0MB0000000cQdIMAU","testautonumdata__Pos (8 more) ...":{"s":3,"v":{"Name":"Project Coordinator","Id":"a0LB0000000sexWMAQ"}}}}}}|0x1bd4bc19
16:18:26.2 (88956391)|VARIABLE_SCOPE_BEGIN|[241]|lcfield|String|false|false
16:18:26.2 (88960798)|VARIABLE_ASSIGNMENT|[241]|lcfield|"testautonumdata__Can (39 more) ..."
16:18:26.2 (88967964)|HEAP_ALLOCATE|[244]|Bytes:5
16:18:26.2 (88971735)|STATEMENT_EXECUTE|[242]
16:18:26.2 (88972905)|STATEMENT_EXECUTE|[244]
16:18:26.2 (88976991)|VARIABLE_SCOPE_BEGIN|[244]|returnValue|String|false|false
16:18:26.2 (88981556)|VARIABLE_ASSIGNMENT|[244]|returnValue|""
16:18:26.2 (88996992)|ENTERING_MANAGED_PKG|
16:18:26.2 (89006705)|STATEMENT_EXECUTE|[247]
16:18:26.2 (89009105)|STATEMENT_EXECUTE|[248]
16:18:26.2 (89018820)|ENTERING_MANAGED_PKG|
16:18:26.2 (89041911)|HEAP_ALLOCATE|[248]|Bytes:29
16:18:26.2 (89053891)|VARIABLE_SCOPE_BEGIN|[248]|relName|String|false|false
16:18:26.2 (89062192)|VARIABLE_ASSIGNMENT|[248]|relName|"testautonumdata__Can (9 more) ..."
16:18:26.2 (89064828)|STATEMENT_EXECUTE|[249]
16:18:26.2 (89078510)|ENTERING_MANAGED_PKG|
16:18:26.2 (89099878)|HEAP_ALLOCATE|[249]|Bytes:29
16:18:26.2 (89111590)|VARIABLE_SCOPE_BEGIN|[249]|relField|String|false|false
16:18:26.2 (89119643)|VARIABLE_ASSIGNMENT|[249]|relField|"testautonumdata__Ful (9 more) ..."
16:18:26.2 (89132642)|ENTERING_MANAGED_PKG|
16:18:26.2 (89159308)|STATEMENT_EXECUTE|[257]
16:18:26.2 (89175989)|ENTERING_MANAGED_PKG|
16:18:26.2 (89237462)|HEAP_ALLOCATE|[257]|Bytes:20
16:18:26.2 (89258934)|ENTERING_MANAGED_PKG|
16:18:26.2 (89284402)|HEAP_ALLOCATE|[257]|Bytes:11
16:18:26.2 (89302159)|ENTERING_MANAGED_PKG|
16:18:26.2 (89305704)|HEAP_ALLOCATE|[257]|Bytes:11
16:18:26.2 (89318595)|VARIABLE_ASSIGNMENT|[257]|returnValue|"Lizz Brooks"
16:18:26.2 (89322198)|STATEMENT_EXECUTE|[263]
16:18:26.2 (89330387)|METHOD_EXIT|[209]|01pB0000000lA1s|testautonumdata.InterviewsLCServerController.GetSobjectField(SObject, String)
16:18:26.2 (89374175)|VARIABLE_ASSIGNMENT|[EXTERNAL]|this|{"eventField":"a0MB0000000cQdIMAU","recordID":"a0NB0000000RasPMAS"}|0x6bcd0d6b
16:18:26.2 (89380442)|VARIABLE_ASSIGNMENT|[EXTERNAL]|value|"Lizz Brooks"
16:18:26.2 (89388819)|VARIABLE_ASSIGNMENT|[10]|this.column1|"Lizz Brooks"|0x6bcd0d6b
16:18:26.2 (89397017)|STATEMENT_EXECUTE|[212]
16:18:26.2 (89398468)|STATEMENT_EXECUTE|[213]
16:18:26.2 (89404803)|METHOD_ENTRY|[213]|01pB0000000lA1s|testautonumdata.InterviewsLCServerController.GetSobjectField(SObject, String)
16:18:26.2 (89422487)|VARIABLE_SCOPE_BEGIN|[241]|e|SObject|true|false
16:18:26.2 (89445602)|VARIABLE_ASSIGNMENT|[241]|e|{"s":1,"v":{"Id":"a0NB0000000RasPMAS","testautonumdata__Can (9 more) ...":"a0MB0000000cQdIMAU","testautonumdata__Dat (4 more) ...":"10/26/2016","testautonumdata__Int (14 more) ...":"Recruiter Interview","testautonumdata__Can (9 more) ...":{"s":2,"v":{"testautonumdata__Ful (9 more) ...":"Lizz Brooks","testautonumdata__Pos (8 more) ...":"a0LB0000000sexWMAQ","Id":"a0MB0000000cQdIMAU","testautonumdata__Pos (8 more) ...":{"s":3,"v":{"Name":"Project Coordinator","Id":"a0LB0000000sexWMAQ"}}}}}}|0x1bd4bc19
16:18:26.2 (89449818)|VARIABLE_SCOPE_BEGIN|[241]|lcfield|String|false|false
16:18:26.2 (89454221)|VARIABLE_ASSIGNMENT|[241]|lcfield|"testautonumdata__Can (43 more) ..."
16:18:26.2 (89461164)|HEAP_ALLOCATE|[244]|Bytes:5
16:18:26.2 (89464792)|STATEMENT_EXECUTE|[242]
16:18:26.2 (89465930)|STATEMENT_EXECUTE|[244]
16:18:26.2 (89470003)|VARIABLE_SCOPE_BEGIN|[244]|returnValue|String|false|false
16:18:26.2 (89474720)|VARIABLE_ASSIGNMENT|[244]|returnValue|""
16:18:26.2 (89490177)|ENTERING_MANAGED_PKG|
16:18:26.2 (89502171)|STATEMENT_EXECUTE|[247]
16:18:26.2 (89503803)|STATEMENT_EXECUTE|[248]
16:18:26.2 (89512734)|ENTERING_MANAGED_PKG|
16:18:26.2 (89516525)|HEAP_ALLOCATE|[248]|Bytes:29
16:18:26.2 (89525408)|VARIABLE_SCOPE_BEGIN|[248]|relName|String|false|false
16:18:26.2 (89532692)|VARIABLE_ASSIGNMENT|[248]|relName|"testautonumdata__Can (9 more) ..."
16:18:26.2 (89535018)|STATEMENT_EXECUTE|[249]
16:18:26.2 (89544762)|ENTERING_MANAGED_PKG|
16:18:26.2 (89548423)|HEAP_ALLOCATE|[249]|Bytes:33
16:18:26.2 (89557031)|VARIABLE_SCOPE_BEGIN|[249]|relField|String|false|false
16:18:26.2 (89563421)|VARIABLE_ASSIGNMENT|[249]|relField|"testautonumdata__Pos (13 more) ..."
16:18:26.2 (89573132)|ENTERING_MANAGED_PKG|
16:18:26.2 (89580797)|STATEMENT_EXECUTE|[251]
16:18:26.2 (89582533)|STATEMENT_EXECUTE|[252]
16:18:26.2 (89591080)|ENTERING_MANAGED_PKG|
16:18:26.2 (89612400)|HEAP_ALLOCATE|[252]|Bytes:28
16:18:26.2 (89624250)|VARIABLE_SCOPE_BEGIN|[252]|relName2|String|false|false
16:18:26.2 (89632153)|VARIABLE_ASSIGNMENT|[252]|relName2|"testautonumdata__Pos (8 more) ..."
16:18:26.2 (89634743)|STATEMENT_EXECUTE|[253]
16:18:26.2 (89647776)|ENTERING_MANAGED_PKG|
16:18:26.2 (89667138)|HEAP_ALLOCATE|[253]|Bytes:4
16:18:26.2 (89678838)|VARIABLE_SCOPE_BEGIN|[253]|relField2|String|false|false
16:18:26.2 (89685913)|VARIABLE_ASSIGNMENT|[253]|relField2|"Name"
16:18:26.2 (89688483)|STATEMENT_EXECUTE|[254]
16:18:26.2 (89704858)|ENTERING_MANAGED_PKG|
16:18:26.2 (89754381)|HEAP_ALLOCATE|[254]|Bytes:20
16:18:26.2 (89775970)|ENTERING_MANAGED_PKG|
16:18:26.2 (89811342)|HEAP_ALLOCATE|[254]|Bytes:12
16:18:26.2 (89831169)|ENTERING_MANAGED_PKG|
16:18:26.2 (89853732)|HEAP_ALLOCATE|[254]|Bytes:19
16:18:26.2 (89871180)|ENTERING_MANAGED_PKG|
16:18:26.2 (89874722)|HEAP_ALLOCATE|[254]|Bytes:19
16:18:26.2 (89887575)|VARIABLE_ASSIGNMENT|[254]|returnValue|"Project Coordinator"
16:18:26.2 (89891278)|STATEMENT_EXECUTE|[263]
16:18:26.2 (89899225)|METHOD_EXIT|[213]|01pB0000000lA1s|testautonumdata.InterviewsLCServerController.GetSobjectField(SObject, String)
16:18:26.2 (89944814)|VARIABLE_ASSIGNMENT|[EXTERNAL]|this|{"column1":"Lizz Brooks","eventField":"a0MB0000000cQdIMAU","recordID":"a0NB0000000RasPMAS"}|0x6bcd0d6b
16:18:26.2 (89951450)|VARIABLE_ASSIGNMENT|[EXTERNAL]|value|"Project Coordinator"
16:18:26.2 (89959969)|VARIABLE_ASSIGNMENT|[12]|this.column2|"Project Coordinator"|0x6bcd0d6b
16:18:26.2 (89968126)|STATEMENT_EXECUTE|[217]
16:18:26.2 (89969735)|STATEMENT_EXECUTE|[218]
16:18:26.2 (89975969)|METHOD_ENTRY|[218]|01pB0000000lA1s|testautonumdata.InterviewsLCServerController.GetSobjectField(SObject, String)
16:18:26.2 (89993607)|VARIABLE_SCOPE_BEGIN|[241]|e|SObject|true|false
16:18:26.2 (90015891)|VARIABLE_ASSIGNMENT|[241]|e|{"s":1,"v":{"Id":"a0NB0000000RasPMAS","testautonumdata__Can (9 more) ...":"a0MB0000000cQdIMAU","testautonumdata__Dat (4 more) ...":"10/26/2016","testautonumdata__Int (14 more) ...":"Recruiter Interview","testautonumdata__Can (9 more) ...":{"s":2,"v":{"testautonumdata__Ful (9 more) ...":"Lizz Brooks","testautonumdata__Pos (8 more) ...":"a0LB0000000sexWMAQ","Id":"a0MB0000000cQdIMAU","testautonumdata__Pos (8 more) ...":{"s":3,"v":{"Name":"Project Coordinator","Id":"a0LB0000000sexWMAQ"}}}}}}|0x1bd4bc19
16:18:26.2 (90021342)|VARIABLE_SCOPE_BEGIN|[241]|lcfield|String|false|false
16:18:26.2 (90025636)|VARIABLE_ASSIGNMENT|[241]|lcfield|"testautonumdata__Dat (4 more) ..."
16:18:26.2 (90032654)|HEAP_ALLOCATE|[244]|Bytes:5
16:18:26.2 (90036509)|STATEMENT_EXECUTE|[242]
16:18:26.2 (90037784)|STATEMENT_EXECUTE|[244]
16:18:26.2 (90041770)|VARIABLE_SCOPE_BEGIN|[244]|returnValue|String|false|false
16:18:26.2 (90046474)|VARIABLE_ASSIGNMENT|[244]|returnValue|""
16:18:26.2 (90061908)|ENTERING_MANAGED_PKG|
16:18:26.2 (90071232)|STATEMENT_EXECUTE|[261]
16:18:26.2 (90079492)|ENTERING_MANAGED_PKG|
16:18:26.2 (90100434)|HEAP_ALLOCATE|[261]|Bytes:10
16:18:26.2 (90116817)|ENTERING_MANAGED_PKG|
16:18:26.2 (90120253)|HEAP_ALLOCATE|[261]|Bytes:10
16:18:26.2 (90132183)|VARIABLE_ASSIGNMENT|[261]|returnValue|"10/26/2016"
16:18:26.2 (90135212)|STATEMENT_EXECUTE|[263]
16:18:26.2 (90142632)|METHOD_EXIT|[218]|01pB0000000lA1s|testautonumdata.InterviewsLCServerController.GetSobjectField(SObject, String)
16:18:26.2 (90187338)|VARIABLE_ASSIGNMENT|[EXTERNAL]|this|{"column1":"Lizz Brooks","column2":"Project Coordinator","eventField":"a0MB0000000cQdIMAU","recordID":"a0NB0000000RasPMAS"}|0x6bcd0d6b
16:18:26.2 (90193731)|VARIABLE_ASSIGNMENT|[EXTERNAL]|value|"10/26/2016"
16:18:26.2 (90201852)|VARIABLE_ASSIGNMENT|[14]|this.column3|"10/26/2016"|0x6bcd0d6b
16:18:26.2 (90210265)|STATEMENT_EXECUTE|[222]
16:18:26.2 (90211829)|STATEMENT_EXECUTE|[223]
16:18:26.2 (90217898)|METHOD_ENTRY|[223]|01pB0000000lA1s|testautonumdata.InterviewsLCServerController.GetSobjectField(SObject, String)
16:18:26.2 (90234687)|VARIABLE_SCOPE_BEGIN|[241]|e|SObject|true|false
16:18:26.2 (90256822)|VARIABLE_ASSIGNMENT|[241]|e|{"s":1,"v":{"Id":"a0NB0000000RasPMAS","testautonumdata__Can (9 more) ...":"a0MB0000000cQdIMAU","testautonumdata__Dat (4 more) ...":"10/26/2016","testautonumdata__Int (14 more) ...":"Recruiter Interview","testautonumdata__Can (9 more) ...":{"s":2,"v":{"testautonumdata__Ful (9 more) ...":"Lizz Brooks","testautonumdata__Pos (8 more) ...":"a0LB0000000sexWMAQ","Id":"a0MB0000000cQdIMAU","testautonumdata__Pos (8 more) ...":{"s":3,"v":{"Name":"Project Coordinator","Id":"a0LB0000000sexWMAQ"}}}}}}|0x1bd4bc19
16:18:26.2 (90260662)|VARIABLE_SCOPE_BEGIN|[241]|lcfield|String|false|false
16:18:26.2 (90264692)|VARIABLE_ASSIGNMENT|[241]|lcfield|"testautonumdata__Int (14 more) ..."
16:18:26.2 (90271637)|HEAP_ALLOCATE|[244]|Bytes:5
16:18:26.2 (90275225)|STATEMENT_EXECUTE|[242]
16:18:26.2 (90276504)|STATEMENT_EXECUTE|[244]
16:18:26.2 (90280800)|VARIABLE_SCOPE_BEGIN|[244]|returnValue|String|false|false
16:18:26.2 (90285376)|VARIABLE_ASSIGNMENT|[244]|returnValue|""
16:18:26.2 (90300593)|ENTERING_MANAGED_PKG|
16:18:26.2 (90309792)|STATEMENT_EXECUTE|[261]
16:18:26.2 (90317959)|ENTERING_MANAGED_PKG|
16:18:26.2 (90338995)|HEAP_ALLOCATE|[261]|Bytes:19
16:18:26.2 (90355347)|ENTERING_MANAGED_PKG|
16:18:26.2 (90358828)|HEAP_ALLOCATE|[261]|Bytes:19
16:18:26.2 (90370924)|VARIABLE_ASSIGNMENT|[261]|returnValue|"Recruiter Interview"
16:18:26.2 (90373918)|STATEMENT_EXECUTE|[263]
16:18:26.2 (90381415)|METHOD_EXIT|[223]|01pB0000000lA1s|testautonumdata.InterviewsLCServerController.GetSobjectField(SObject, String)
16:18:26.2 (90425703)|VARIABLE_ASSIGNMENT|[EXTERNAL]|this|{"column1":"Lizz Brooks","column2":"Project Coordinator","column3":"10/26/2016","eventField":"a0MB0000000cQdIMAU","recordID":"a0NB0000000RasPMAS"}|0x6bcd0d6b
16:18:26.2 (90432145)|VARIABLE_ASSIGNMENT|[EXTERNAL]|value|"Recruiter Interview"
16:18:26.2 (90440255)|VARIABLE_ASSIGNMENT|[16]|this.column4|"Recruiter Interview"|0x6bcd0d6b
16:18:26.2 (90447981)|STATEMENT_EXECUTE|[227]
16:18:26.2 (90463283)|ENTERING_MANAGED_PKG|
16:18:26.2 (90497510)|HEAP_ALLOCATE|[EXTERNAL]|Bytes:4
16:18:26.2 (90507825)|STATEMENT_EXECUTE|[229]
16:18:26.2 (90511629)|HEAP_ALLOCATE|[229]|Bytes:12
16:18:26.2 (90528712)|ENTERING_MANAGED_PKG|
16:18:26.2 (90606662)|HEAP_ALLOCATE|[229]|Bytes:464
16:18:26.2 (90623009)|HEAP_ALLOCATE|[229]|Bytes:476
16:18:26.2 (90636618)|ENTERING_MANAGED_PKG|
16:18:26.2 (90643930)|USER_DEBUG|[229]|DEBUG|######## i: InterviewsLCServerController:[column1=Lizz Brooks, column2=Project Coordinator, column3=10/26/2016, column4=Recruiter Interview, eventField=a0MB0000000cQdIMAU, mapObjectsFields={testautonumdata__Candidate__c={testautonumdata__Full_Name__c}, testautonumdata__Interview__c={Id, testautonumdata__Candidate__c, testautonumdata__Date__c, testautonumdata__Interview_Type__c, testautonumdata__Status__c}, testautonumdata__Position__c={Name}}, recordID=a0NB0000000RasPMAS]
16:18:26.2 (90659682)|HEAP_ALLOCATE|[196]|Bytes:5
16:18:26.2 (90685963)|HEAP_ALLOCATE|[196]|Bytes:24
16:18:26.2 (90696954)|VARIABLE_SCOPE_BEGIN|[196]|e|SObject|true|false
16:18:26.2 (90727245)|VARIABLE_ASSIGNMENT|[196]|e|{"s":1,"v":{"Id":"a0NB0000000TaTOMA0","testautonumdata__Can (9 more) ...":"a0MB0000000cQXFMA2","testautonumdata__Dat (4 more) ...":"11/9/2016","testautonumdata__Int (14 more) ...":"Technical Interview","testautonumdata__Can (9 more) ...":{"s":2,"v":{"testautonumdata__Ful (9 more) ...":"Rodrigo Reboucas","testautonumdata__Pos (8 more) ...":"a0LB0000000seqpMAA","Id":"a0MB0000000cQXFMA2","testautonumdata__Pos (8 more) ...":{"s":3,"v":{"Name":"Architect - Force.co (1 more) ...","Id":"a0LB0000000seqpMAA"}}}}}}|0x7f74dc9c
16:18:26.2 (90733374)|STATEMENT_EXECUTE|[197]
16:18:26.2 (90734624)|STATEMENT_EXECUTE|[198]
16:18:26.2 (90749614)|ENTERING_MANAGED_PKG|
16:18:26.2 (90790347)|HEAP_ALLOCATE|[198]|Bytes:195
16:18:26.2 (90804914)|HEAP_ALLOCATE|[198]|Bytes:207
16:18:26.2 (90814296)|ENTERING_MANAGED_PKG|
16:18:26.2 (90821279)|USER_DEBUG|[198]|DEBUG|######## e: testautonumdata__Interview__c:{Id=a0NB0000000TaTOMA0, testautonumdata__Candidate__c=a0MB0000000cQXFMA2, testautonumdata__Date__c=11/9/2016, testautonumdata__Interview_Type__c=Technical Interview}
16:18:26.2 (90828455)|STATEMENT_EXECUTE|[199]
16:18:26.2 (90832599)|HEAP_ALLOCATE|[199]|Bytes:28
16:18:26.2 (90839870)|CONSTRUCTOR_ENTRY|[199]|01pB0000000lA1s|<init>()
16:18:26.2 (90844166)|VARIABLE_SCOPE_BEGIN|[1]|this|testautonumdata.InterviewsLCServerController|true|false
16:18:26.2 (90875603)|VARIABLE_ASSIGNMENT|[1]|this|{}|0x29d1a80c
16:18:26.2 (90883081)|HEAP_ALLOCATE|[EXTERNAL]|Bytes:5
16:18:26.2 (90897772)|STATEMENT_EXECUTE|[1]
16:18:26.2 (90900829)|HEAP_ALLOCATE|[EXTERNAL]|Bytes:5
16:18:26.2 (90903046)|STATEMENT_EXECUTE|[6]
16:18:26.2 (90904198)|STATEMENT_EXECUTE|[8]
16:18:26.2 (90905111)|STATEMENT_EXECUTE|[10]
16:18:26.2 (90906169)|STATEMENT_EXECUTE|[12]
16:18:26.2 (90907110)|STATEMENT_EXECUTE|[14]
16:18:26.2 (90907994)|STATEMENT_EXECUTE|[16]
16:18:26.2 (90914329)|CONSTRUCTOR_EXIT|[199]|01pB0000000lA1s|<init>()
16:18:26.2 (90918446)|VARIABLE_SCOPE_BEGIN|[199]|i|testautonumdata.InterviewsLCServerController|true|false
16:18:26.2 (90945685)|VARIABLE_ASSIGNMENT|[199]|i|{}|0x29d1a80c
16:18:26.2 (90948956)|STATEMENT_EXECUTE|[202]
16:18:26.2 (90965508)|ENTERING_MANAGED_PKG|
16:18:26.2 (90986051)|HEAP_ALLOCATE|[202]|Bytes:4
16:18:26.2 (91002963)|ENTERING_MANAGED_PKG|
16:18:26.2 (91007405)|HEAP_ALLOCATE|[202]|Bytes:18
16:18:26.2 (91046399)|VARIABLE_ASSIGNMENT|[EXTERNAL]|this|{}|0x29d1a80c
16:18:26.2 (91053015)|VARIABLE_ASSIGNMENT|[EXTERNAL]|value|"a0NB0000000TaTOMA0"
16:18:26.2 (91060795)|VARIABLE_ASSIGNMENT|[6]|this.recordID|"a0NB0000000TaTOMA0"|0x29d1a80c
16:18:26.2 (91068323)|STATEMENT_EXECUTE|[204]
16:18:26.2 (91069683)|STATEMENT_EXECUTE|[205]
16:18:26.2 (91074961)|METHOD_ENTRY|[205]|01pB0000000lA1s|testautonumdata.InterviewsLCServerController.GetSobjectField(SObject, String)
16:18:26.2 (91079171)|VARIABLE_SCOPE_BEGIN|[241]|e|SObject|true|false
16:18:26.2 (91101453)|VARIABLE_ASSIGNMENT|[241]|e|{"s":1,"v":{"Id":"a0NB0000000TaTOMA0","testautonumdata__Can (9 more) ...":"a0MB0000000cQXFMA2","testautonumdata__Dat (4 more) ...":"11/9/2016","testautonumdata__Int (14 more) ...":"Technical Interview","testautonumdata__Can (9 more) ...":{"s":2,"v":{"testautonumdata__Ful (9 more) ...":"Rodrigo Reboucas","testautonumdata__Pos (8 more) ...":"a0LB0000000seqpMAA","Id":"a0MB0000000cQXFMA2","testautonumdata__Pos (8 more) ...":{"s":3,"v":{"Name":"Architect - Force.co (1 more) ...","Id":"a0LB0000000seqpMAA"}}}}}}|0x7f74dc9c
16:18:26.2 (91106154)|VARIABLE_SCOPE_BEGIN|[241]|lcfield|String|false|false
16:18:26.2 (91109860)|VARIABLE_ASSIGNMENT|[241]|lcfield|"testautonumdata__Can (9 more) ..."
16:18:26.2 (91116270)|HEAP_ALLOCATE|[244]|Bytes:5
16:18:26.2 (91119693)|STATEMENT_EXECUTE|[242]
16:18:26.2 (91120845)|STATEMENT_EXECUTE|[244]
16:18:26.2 (91125039)|VARIABLE_SCOPE_BEGIN|[244]|returnValue|String|false|false
16:18:26.2 (91129595)|VARIABLE_ASSIGNMENT|[244]|returnValue|""
16:18:26.2 (91144167)|ENTERING_MANAGED_PKG|
16:18:26.2 (91153290)|STATEMENT_EXECUTE|[261]
16:18:26.2 (91161491)|ENTERING_MANAGED_PKG|
16:18:26.2 (91186134)|HEAP_ALLOCATE|[261]|Bytes:4
16:18:26.2 (91203160)|ENTERING_MANAGED_PKG|
16:18:26.2 (91206741)|HEAP_ALLOCATE|[261]|Bytes:18
16:18:26.2 (91218973)|VARIABLE_ASSIGNMENT|[261]|returnValue|"a0MB0000000cQXFMA2"
16:18:26.2 (91222057)|STATEMENT_EXECUTE|[263]
16:18:26.2 (91229523)|METHOD_EXIT|[205]|01pB0000000lA1s|testautonumdata.InterviewsLCServerController.GetSobjectField(SObject, String)
16:18:26.2 (91266022)|VARIABLE_ASSIGNMENT|[EXTERNAL]|this|{"recordID":"a0NB0000000TaTOMA0"}|0x29d1a80c
16:18:26.2 (91271849)|VARIABLE_ASSIGNMENT|[EXTERNAL]|value|"a0MB0000000cQXFMA2"
16:18:26.2 (91278857)|VARIABLE_ASSIGNMENT|[8]|this.eventField|"a0MB0000000cQXFMA2"|0x29d1a80c
16:18:26.2 (91286407)|STATEMENT_EXECUTE|[208]
16:18:26.2 (91287859)|STATEMENT_EXECUTE|[209]
16:18:26.2 (91292700)|METHOD_ENTRY|[209]|01pB0000000lA1s|testautonumdata.InterviewsLCServerController.GetSobjectField(SObject, String)
16:18:26.2 (91296892)|VARIABLE_SCOPE_BEGIN|[241]|e|SObject|true|false
16:18:26.2 (91318124)|VARIABLE_ASSIGNMENT|[241]|e|{"s":1,"v":{"Id":"a0NB0000000TaTOMA0","testautonumdata__Can (9 more) ...":"a0MB0000000cQXFMA2","testautonumdata__Dat (4 more) ...":"11/9/2016","testautonumdata__Int (14 more) ...":"Technical Interview","testautonumdata__Can (9 more) ...":{"s":2,"v":{"testautonumdata__Ful (9 more) ...":"Rodrigo Reboucas","testautonumdata__Pos (8 more) ...":"a0LB0000000seqpMAA","Id":"a0MB0000000cQXFMA2","testautonumdata__Pos (8 more) ...":{"s":3,"v":{"Name":"Architect - Force.co (1 more) ...","Id":"a0LB0000000seqpMAA"}}}}}}|0x7f74dc9c
16:18:26.2 (91322217)|VARIABLE_SCOPE_BEGIN|[241]|lcfield|String|false|false
16:18:26.2 (91326286)|VARIABLE_ASSIGNMENT|[241]|lcfield|"testautonumdata__Can (39 more) ..."
16:18:26.2 (91332854)|HEAP_ALLOCATE|[244]|Bytes:5
16:18:26.2 (91336190)|STATEMENT_EXECUTE|[242]
16:18:26.2 (91337683)|STATEMENT_EXECUTE|[244]
16:18:26.2 (91341772)|VARIABLE_SCOPE_BEGIN|[244]|returnValue|String|false|false
16:18:26.2 (91346088)|VARIABLE_ASSIGNMENT|[244]|returnValue|""
16:18:26.2 (91360941)|ENTERING_MANAGED_PKG|
16:18:26.2 (91370024)|STATEMENT_EXECUTE|[247]
16:18:26.2 (91371486)|STATEMENT_EXECUTE|[248]
16:18:26.2 (91378946)|ENTERING_MANAGED_PKG|
16:18:26.2 (91382461)|HEAP_ALLOCATE|[248]|Bytes:29
16:18:26.2 (91391017)|VARIABLE_SCOPE_BEGIN|[248]|relName|String|false|false
16:18:26.2 (91398124)|VARIABLE_ASSIGNMENT|[248]|relName|"testautonumdata__Can (9 more) ..."
16:18:26.2 (91400372)|STATEMENT_EXECUTE|[249]
16:18:26.2 (91409523)|ENTERING_MANAGED_PKG|
16:18:26.2 (91413057)|HEAP_ALLOCATE|[249]|Bytes:29
16:18:26.2 (91421456)|VARIABLE_SCOPE_BEGIN|[249]|relField|String|false|false
16:18:26.2 (91427899)|VARIABLE_ASSIGNMENT|[249]|relField|"testautonumdata__Ful (9 more) ..."
16:18:26.2 (91437481)|ENTERING_MANAGED_PKG|
16:18:26.2 (91445125)|STATEMENT_EXECUTE|[257]
16:18:26.2 (91453049)|ENTERING_MANAGED_PKG|
16:18:26.2 (91491503)|HEAP_ALLOCATE|[257]|Bytes:20
16:18:26.2 (91513425)|ENTERING_MANAGED_PKG|
16:18:26.2 (91538268)|HEAP_ALLOCATE|[257]|Bytes:16
16:18:26.2 (91555103)|ENTERING_MANAGED_PKG|
16:18:26.2 (91558564)|HEAP_ALLOCATE|[257]|Bytes:16
16:18:26.2 (91571124)|VARIABLE_ASSIGNMENT|[257]|returnValue|"Rodrigo Reboucas"
16:18:26.2 (91574525)|STATEMENT_EXECUTE|[263]
16:18:26.2 (91582091)|METHOD_EXIT|[209]|01pB0000000lA1s|testautonumdata.InterviewsLCServerController.GetSobjectField(SObject, String)
16:18:26.2 (91620286)|VARIABLE_ASSIGNMENT|[EXTERNAL]|this|{"eventField":"a0MB0000000cQXFMA2","recordID":"a0NB0000000TaTOMA0"}|0x29d1a80c
16:18:26.2 (91626230)|VARIABLE_ASSIGNMENT|[EXTERNAL]|value|"Rodrigo Reboucas"
16:18:26.2 (91633164)|VARIABLE_ASSIGNMENT|[10]|this.column1|"Rodrigo Reboucas"|0x29d1a80c
16:18:26.2 (91640730)|STATEMENT_EXECUTE|[212]
16:18:26.2 (91642117)|STATEMENT_EXECUTE|[213]
16:18:26.2 (91646949)|METHOD_ENTRY|[213]|01pB0000000lA1s|testautonumdata.InterviewsLCServerController.GetSobjectField(SObject, String)
16:18:26.2 (91650756)|VARIABLE_SCOPE_BEGIN|[241]|e|SObject|true|false
16:18:26.2 (91672549)|VARIABLE_ASSIGNMENT|[241]|e|{"s":1,"v":{"Id":"a0NB0000000TaTOMA0","testautonumdata__Can (9 more) ...":"a0MB0000000cQXFMA2","testautonumdata__Dat (4 more) ...":"11/9/2016","testautonumdata__Int (14 more) ...":"Technical Interview","testautonumdata__Can (9 more) ...":{"s":2,"v":{"testautonumdata__Ful (9 more) ...":"Rodrigo Reboucas","testautonumdata__Pos (8 more) ...":"a0LB0000000seqpMAA","Id":"a0MB0000000cQXFMA2","testautonumdata__Pos (8 more) ...":{"s":3,"v":{"Name":"Architect - Force.co (1 more) ...","Id":"a0LB0000000seqpMAA"}}}}}}|0x7f74dc9c
16:18:26.2 (91676845)|VARIABLE_SCOPE_BEGIN|[241]|lcfield|String|false|false
16:18:26.2 (91680656)|VARIABLE_ASSIGNMENT|[241]|lcfield|"testautonumdata__Can (43 more) ..."
16:18:26.2 (91687176)|HEAP_ALLOCATE|[244]|Bytes:5
16:18:26.2 (91690537)|STATEMENT_EXECUTE|[242]
16:18:26.2 (91691618)|STATEMENT_EXECUTE|[244]
16:18:26.2 (91695685)|VARIABLE_SCOPE_BEGIN|[244]|returnValue|String|false|false
16:18:26.2 (91704055)|VARIABLE_ASSIGNMENT|[244]|returnValue|""
16:18:26.2 (91719413)|ENTERING_MANAGED_PKG|
16:18:26.2 (91728560)|STATEMENT_EXECUTE|[247]
16:18:26.2 (91730056)|STATEMENT_EXECUTE|[248]
16:18:26.2 (91737697)|ENTERING_MANAGED_PKG|
16:18:26.2 (91741252)|HEAP_ALLOCATE|[248]|Bytes:29
16:18:26.2 (91749887)|VARIABLE_SCOPE_BEGIN|[248]|relName|String|false|false
16:18:26.2 (91756782)|VARIABLE_ASSIGNMENT|[248]|relName|"testautonumdata__Can (9 more) ..."
16:18:26.2 (91758992)|STATEMENT_EXECUTE|[249]
16:18:26.2 (91768498)|ENTERING_MANAGED_PKG|
16:18:26.2 (91772127)|HEAP_ALLOCATE|[249]|Bytes:33
16:18:26.2 (91780713)|VARIABLE_SCOPE_BEGIN|[249]|relField|String|false|false
16:18:26.2 (91787026)|VARIABLE_ASSIGNMENT|[249]|relField|"testautonumdata__Pos (13 more) ..."
16:18:26.2 (91796512)|ENTERING_MANAGED_PKG|
16:18:26.2 (91804069)|STATEMENT_EXECUTE|[251]
16:18:26.2 (91805478)|STATEMENT_EXECUTE|[252]
16:18:26.2 (91812696)|ENTERING_MANAGED_PKG|
16:18:26.2 (91815776)|HEAP_ALLOCATE|[252]|Bytes:28
16:18:26.2 (91824089)|VARIABLE_SCOPE_BEGIN|[252]|relName2|String|false|false
16:18:26.2 (91830540)|VARIABLE_ASSIGNMENT|[252]|relName2|"testautonumdata__Pos (8 more) ..."
16:18:26.2 (91832577)|STATEMENT_EXECUTE|[253]
16:18:26.2 (91841584)|ENTERING_MANAGED_PKG|
16:18:26.2 (91844895)|HEAP_ALLOCATE|[253]|Bytes:4
16:18:26.2 (91853029)|VARIABLE_SCOPE_BEGIN|[253]|relField2|String|false|false
16:18:26.2 (91858143)|VARIABLE_ASSIGNMENT|[253]|relField2|"Name"
16:18:26.2 (91860213)|STATEMENT_EXECUTE|[254]
16:18:26.2 (91869102)|ENTERING_MANAGED_PKG|
16:18:26.2 (91899757)|HEAP_ALLOCATE|[254]|Bytes:20
16:18:26.2 (91918457)|ENTERING_MANAGED_PKG|
16:18:26.2 (91951202)|HEAP_ALLOCATE|[254]|Bytes:12
16:18:26.2 (91969701)|ENTERING_MANAGED_PKG|
16:18:26.2 (91991180)|HEAP_ALLOCATE|[254]|Bytes:21
16:18:26.2 (92007440)|ENTERING_MANAGED_PKG|
16:18:26.2 (92011715)|HEAP_ALLOCATE|[254]|Bytes:21
16:18:26.2 (92025227)|VARIABLE_ASSIGNMENT|[254]|returnValue|"Architect - Force.co (1 more) ..."
16:18:26.2 (92028627)|STATEMENT_EXECUTE|[263]
16:18:26.2 (92036043)|METHOD_EXIT|[213]|01pB0000000lA1s|testautonumdata.InterviewsLCServerController.GetSobjectField(SObject, String)
16:18:26.2 (92075285)|VARIABLE_ASSIGNMENT|[EXTERNAL]|this|{"column1":"Rodrigo Reboucas","eventField":"a0MB0000000cQXFMA2","recordID":"a0NB0000000TaTOMA0"}|0x29d1a80c
16:18:26.2 (92082249)|VARIABLE_ASSIGNMENT|[EXTERNAL]|value|"Architect - Force.co (1 more) ..."
16:18:26.2 (92090058)|VARIABLE_ASSIGNMENT|[12]|this.column2|"Architect - Force.co (1 more) ..."|0x29d1a80c
16:18:26.2 (92097670)|STATEMENT_EXECUTE|[217]
16:18:26.2 (92099115)|STATEMENT_EXECUTE|[218]
16:18:26.2 (92103949)|METHOD_ENTRY|[218]|01pB0000000lA1s|testautonumdata.InterviewsLCServerController.GetSobjectField(SObject, String)
16:18:26.2 (92108086)|VARIABLE_SCOPE_BEGIN|[241]|e|SObject|true|false
16:18:26.2 (92128386)|VARIABLE_ASSIGNMENT|[241]|e|{"s":1,"v":{"Id":"a0NB0000000TaTOMA0","testautonumdata__Can (9 more) ...":"a0MB0000000cQXFMA2","testautonumdata__Dat (4 more) ...":"11/9/2016","testautonumdata__Int (14 more) ...":"Technical Interview","testautonumdata__Can (9 more) ...":{"s":2,"v":{"testautonumdata__Ful (9 more) ...":"Rodrigo Reboucas","testautonumdata__Pos (8 more) ...":"a0LB0000000seqpMAA","Id":"a0MB0000000cQXFMA2","testautonumdata__Pos (8 more) ...":{"s":3,"v":{"Name":"Architect - Force.co (1 more) ...","Id":"a0LB0000000seqpMAA"}}}}}}|0x7f74dc9c
16:18:26.2 (92132689)|VARIABLE_SCOPE_BEGIN|[241]|lcfield|String|false|false
16:18:26.2 (92136462)|VARIABLE_ASSIGNMENT|[241]|lcfield|"testautonumdata__Dat (4 more) ..."
16:18:26.2 (92142878)|HEAP_ALLOCATE|[244]|Bytes:5
16:18:26.2 (92146187)|STATEMENT_EXECUTE|[242]
16:18:26.2 (92147396)|STATEMENT_EXECUTE|[244]
16:18:26.2 (92151469)|VARIABLE_SCOPE_BEGIN|[244]|returnValue|String|false|false
16:18:26.2 (92155738)|VARIABLE_ASSIGNMENT|[244]|returnValue|""
16:18:26.2 (92170450)|ENTERING_MANAGED_PKG|
16:18:26.2 (92179544)|STATEMENT_EXECUTE|[261]
16:18:26.2 (92187556)|ENTERING_MANAGED_PKG|
16:18:26.2 (92208145)|HEAP_ALLOCATE|[261]|Bytes:9
16:18:26.2 (92224369)|ENTERING_MANAGED_PKG|
16:18:26.2 (92227752)|HEAP_ALLOCATE|[261]|Bytes:9
16:18:26.2 (92239732)|VARIABLE_ASSIGNMENT|[261]|returnValue|"11/9/2016"
16:18:26.2 (92242721)|STATEMENT_EXECUTE|[263]
16:18:26.2 (92249869)|METHOD_EXIT|[218]|01pB0000000lA1s|testautonumdata.InterviewsLCServerController.GetSobjectField(SObject, String)
16:18:26.2 (92289861)|VARIABLE_ASSIGNMENT|[EXTERNAL]|this|{"column1":"Rodrigo Reboucas","column2":"Architect - Force.co (1 more) ...","eventField":"a0MB0000000cQXFMA2","recordID":"a0NB0000000TaTOMA0"}|0x29d1a80c
16:18:26.2 (92296159)|VARIABLE_ASSIGNMENT|[EXTERNAL]|value|"11/9/2016"
16:18:26.2 (92302963)|VARIABLE_ASSIGNMENT|[14]|this.column3|"11/9/2016"|0x29d1a80c
16:18:26.2 (92310552)|STATEMENT_EXECUTE|[222]
16:18:26.2 (92312010)|STATEMENT_EXECUTE|[223]
16:18:26.2 (92316882)|METHOD_ENTRY|[223]|01pB0000000lA1s|testautonumdata.InterviewsLCServerController.GetSobjectField(SObject, String)
16:18:26.2 (92320675)|VARIABLE_SCOPE_BEGIN|[241]|e|SObject|true|false
16:18:26.2 (92341488)|VARIABLE_ASSIGNMENT|[241]|e|{"s":1,"v":{"Id":"a0NB0000000TaTOMA0","testautonumdata__Can (9 more) ...":"a0MB0000000cQXFMA2","testautonumdata__Dat (4 more) ...":"11/9/2016","testautonumdata__Int (14 more) ...":"Technical Interview","testautonumdata__Can (9 more) ...":{"s":2,"v":{"testautonumdata__Ful (9 more) ...":"Rodrigo Reboucas","testautonumdata__Pos (8 more) ...":"a0LB0000000seqpMAA","Id":"a0MB0000000cQXFMA2","testautonumdata__Pos (8 more) ...":{"s":3,"v":{"Name":"Architect - Force.co (1 more) ...","Id":"a0LB0000000seqpMAA"}}}}}}|0x7f74dc9c
16:18:26.2 (92345844)|VARIABLE_SCOPE_BEGIN|[241]|lcfield|String|false|false
16:18:26.2 (92349800)|VARIABLE_ASSIGNMENT|[241]|lcfield|"testautonumdata__Int (14 more) ..."
16:18:26.2 (92356204)|HEAP_ALLOCATE|[244]|Bytes:5
16:18:26.2 (92359548)|STATEMENT_EXECUTE|[242]
16:18:26.2 (92360692)|STATEMENT_EXECUTE|[244]
16:18:26.2 (92364649)|VARIABLE_SCOPE_BEGIN|[244]|returnValue|String|false|false
16:18:26.2 (92368946)|VARIABLE_ASSIGNMENT|[244]|returnValue|""
16:18:26.2 (92383451)|ENTERING_MANAGED_PKG|
16:18:26.2 (92392596)|STATEMENT_EXECUTE|[261]
16:18:26.2 (92400746)|ENTERING_MANAGED_PKG|
16:18:26.2 (92420791)|HEAP_ALLOCATE|[261]|Bytes:19
16:18:26.2 (92437064)|ENTERING_MANAGED_PKG|
16:18:26.2 (92440517)|HEAP_ALLOCATE|[261]|Bytes:19
16:18:26.2 (92452526)|VARIABLE_ASSIGNMENT|[261]|returnValue|"Technical Interview"
16:18:26.2 (92455484)|STATEMENT_EXECUTE|[263]
16:18:26.2 (92462767)|METHOD_EXIT|[223]|01pB0000000lA1s|testautonumdata.InterviewsLCServerController.GetSobjectField(SObject, String)
16:18:26.2 (92505951)|VARIABLE_ASSIGNMENT|[EXTERNAL]|this|{"column1":"Rodrigo Reboucas","column2":"Architect - Force.co (1 more) ...","column3":"11/9/2016","eventField":"a0MB0000000cQXFMA2","recordID":"a0NB0000000TaTOMA0"}|0x29d1a80c
16:18:26.2 (92512807)|VARIABLE_ASSIGNMENT|[EXTERNAL]|value|"Technical Interview"
16:18:26.2 (92520309)|VARIABLE_ASSIGNMENT|[16]|this.column4|"Technical Interview"|0x29d1a80c
16:18:26.2 (92527808)|STATEMENT_EXECUTE|[227]
16:18:26.2 (92538815)|ENTERING_MANAGED_PKG|
16:18:26.2 (92545132)|HEAP_ALLOCATE|[EXTERNAL]|Bytes:4
16:18:26.2 (92551127)|STATEMENT_EXECUTE|[229]
16:18:26.2 (92563021)|ENTERING_MANAGED_PKG|
16:18:26.2 (92603443)|HEAP_ALLOCATE|[229]|Bytes:470
16:18:26.2 (92618933)|HEAP_ALLOCATE|[229]|Bytes:482
16:18:26.2 (92630004)|ENTERING_MANAGED_PKG|
16:18:26.2 (92637182)|USER_DEBUG|[229]|DEBUG|######## i: InterviewsLCServerController:[column1=Rodrigo Reboucas, column2=Architect - Force.com, column3=11/9/2016, column4=Technical Interview, eventField=a0MB0000000cQXFMA2, mapObjectsFields={testautonumdata__Candidate__c={testautonumdata__Full_Name__c}, testautonumdata__Interview__c={Id, testautonumdata__Candidate__c, testautonumdata__Date__c, testautonumdata__Interview_Type__c, testautonumdata__Status__c}, testautonumdata__Position__c={Name}}, recordID=a0NB0000000TaTOMA0]
16:18:26.2 (92653214)|HEAP_ALLOCATE|[196]|Bytes:5
16:18:26.2 (92667132)|VARIABLE_ASSIGNMENT|[196]|e|null|
16:18:26.2 (92671304)|STATEMENT_EXECUTE|[234]
16:18:26.2 (92674170)|HEAP_ALLOCATE|[234]|Bytes:27
16:18:26.2 (92690329)|ENTERING_MANAGED_PKG|
16:18:26.2 (92777092)|HEAP_ALLOCATE|[234]|Bytes:697
16:18:26.2 (92794290)|HEAP_ALLOCATE|[234]|Bytes:724
16:18:26.2 (92807563)|ENTERING_MANAGED_PKG|
16:18:26.2 (92814204)|USER_DEBUG|[234]|DEBUG|######## lstReturnRecords: (InterviewsLCServerController:[column1=Lizz Brooks, column2=Project Coordinator, column3=10/26/2016, column4=Recruiter Interview, eventField=a0MB0000000cQdIMAU, mapObjectsFields={testautonumdata__Candidate__c={testautonumdata__Full_Name__c}, testautonumdata__Interview__c={Id, testautonumdata__Candidate__c, testautonumdata__Date__c, testautonumdata__Interview_Type__c, testautonumdata__Status__c}, testautonumdata__Position__c={Name}}, recordID=a0NB0000000RasPMAS], InterviewsLCServerController:[column1=Rodrigo Reboucas, column2=Architect - Force.com, column3=11/9/2016, column4=Technical Interview, eventField=a0MB0000000cQXFMA2, mapObjectsFields=(already output), recordID=a0NB0000000TaTOMA0])
16:18:26.2 (92823580)|STATEMENT_EXECUTE|[236]
16:18:26.2 (92832846)|SYSTEM_MODE_EXIT|false
16:18:26.92 (92884482)|CUMULATIVE_LIMIT_USAGE
16:18:26.92 (92884482)|LIMIT_USAGE_FOR_NS|(default)|
  Number of SOQL queries: 0 out of 100
  Number of query rows: 0 out of 50000
  Number of SOSL queries: 0 out of 20
  Number of DML statements: 0 out of 150
  Number of DML rows: 0 out of 10000
  Maximum CPU time: 0 out of 10000
  Maximum heap size: 0 out of 6000000
  Number of callouts: 0 out of 100
  Number of Email Invocations: 0 out of 10
  Number of future calls: 0 out of 50
  Number of queueable jobs added to the queue: 0 out of 50
  Number of Mobile Apex push calls: 0 out of 10

16:18:26.92 (92884482)|LIMIT_USAGE_FOR_NS|testautonumdata|
  Number of SOQL queries: 1 out of 100
  Number of query rows: 2 out of 50000
  Number of SOSL queries: 0 out of 20
  Number of DML statements: 0 out of 150
  Number of DML rows: 0 out of 10000
  Maximum CPU time: 0 out of 10000
  Maximum heap size: 0 out of 6000000
  Number of callouts: 0 out of 100
  Number of Email Invocations: 0 out of 10
  Number of future calls: 0 out of 50
  Number of queueable jobs added to the queue: 0 out of 50
  Number of Mobile Apex push calls: 0 out of 10

16:18:26.92 (92884482)|CUMULATIVE_LIMIT_USAGE_END

16:18:26.2 (92965007)|CODE_UNIT_FINISHED|InterviewsLCServerController.getListRecords
16:18:26.95 (95632278)|USER_INFO|[EXTERNAL]|005B0000001VpZR|rreboucas-yi5c@force.com|Pacific Standard Time|GMT-07:00
16:18:26.95 (95645525)|CODE_UNIT_STARTED|[EXTERNAL]|Aura
16:18:26.95 (95694282)|CODE_UNIT_FINISHED|Aura
16:18:26.97 (97395040)|USER_INFO|[EXTERNAL]|005B0000001VpZR|rreboucas-yi5c@force.com|Pacific Standard Time|GMT-07:00
16:18:26.97 (97405123)|CODE_UNIT_STARTED|[EXTERNAL]|Aura
16:18:26.97 (97443539)|CODE_UNIT_FINISHED|Aura
