37.0 APEX_CODE,FINEST;APEX_PROFILING,INFO;CALLOUT,INFO;DB,INFO;SYSTEM,DEBUG;VALIDATION,INFO;VISUALFORCE,INFO;WORKFLOW,INFO
16:18:30.0 (118205)|USER_INFO|[EXTERNAL]|005B0000001VpZR|rreboucas-yi5c@force.com|Pacific Standard Time|GMT-07:00
16:18:30.0 (708952)|HEAP_ALLOCATE|[72]|Bytes:3
16:18:30.0 (810887)|HEAP_ALLOCATE|[77]|Bytes:152
16:18:30.0 (847637)|HEAP_ALLOCATE|[342]|Bytes:408
16:18:30.0 (884234)|HEAP_ALLOCATE|[355]|Bytes:408
16:18:30.0 (908159)|HEAP_ALLOCATE|[467]|Bytes:48
16:18:30.3 (3551599)|USER_INFO|[EXTERNAL]|005B0000001VpZR|rreboucas-yi5c@force.com|Pacific Standard Time|GMT-07:00
16:18:30.3 (3755289)|STATEMENT_EXECUTE|[1]
16:18:30.3 (3799234)|HEAP_ALLOCATE|[50]|Bytes:5
16:18:30.3 (3827998)|HEAP_ALLOCATE|[56]|Bytes:5
16:18:30.3 (3837065)|HEAP_ALLOCATE|[64]|Bytes:7
16:18:30.3 (3870510)|SYSTEM_MODE_ENTER|false
16:18:30.3 (3900333)|HEAP_ALLOCATE|[3]|Bytes:5
16:18:30.3 (3908210)|STATEMENT_EXECUTE|[3]
16:18:30.3 (3960754)|VARIABLE_ASSIGNMENT|[3]|InterviewsLCServerController.mapObjectsFields|null|
16:18:30.3 (3977038)|SYSTEM_MODE_EXIT|false
16:18:30.3 (3988597)|METHOD_EXIT|[1]|InterviewsLCServerController
16:18:30.3 (3994468)|HEAP_ALLOCATE|[EXTERNAL]|Bytes:1
16:18:30.3 (3996756)|HEAP_ALLOCATE|[EXTERNAL]|Bytes:29
16:18:30.3 (3998178)|HEAP_ALLOCATE|[EXTERNAL]|Bytes:26
16:18:30.3 (3999418)|HEAP_ALLOCATE|[EXTERNAL]|Bytes:7
16:18:30.3 (4000657)|HEAP_ALLOCATE|[EXTERNAL]|Bytes:29
16:18:30.3 (4002995)|HEAP_ALLOCATE|[EXTERNAL]|Bytes:59
16:18:30.3 (4005353)|HEAP_ALLOCATE|[EXTERNAL]|Bytes:63
16:18:30.3 (4006573)|HEAP_ALLOCATE|[EXTERNAL]|Bytes:24
16:18:30.3 (4007774)|HEAP_ALLOCATE|[EXTERNAL]|Bytes:34
16:18:30.3 (4008977)|HEAP_ALLOCATE|[EXTERNAL]|Bytes:59
16:18:30.3 (4010248)|HEAP_ALLOCATE|[EXTERNAL]|Bytes:3
16:18:30.3 (4018329)|SYSTEM_MODE_ENTER|false
16:18:30.3 (4024502)|VARIABLE_SCOPE_BEGIN|[89]|rowsLimit|String|false|false
16:18:30.3 (4037333)|VARIABLE_ASSIGNMENT|[89]|rowsLimit|"8"
16:18:30.3 (4040180)|VARIABLE_SCOPE_BEGIN|[89]|objectApiName|String|false|false
16:18:30.3 (4047762)|VARIABLE_ASSIGNMENT|[89]|objectApiName|"testautonumdata__Int (9 more) ..."
16:18:30.3 (4050241)|VARIABLE_SCOPE_BEGIN|[89]|filter1Field|String|false|false
16:18:30.3 (4055559)|VARIABLE_ASSIGNMENT|[89]|filter1Field|"testautonumdata__Sta (6 more) ..."
16:18:30.3 (4057879)|VARIABLE_SCOPE_BEGIN|[89]|filter1Value|String|false|false
16:18:30.3 (4062089)|VARIABLE_ASSIGNMENT|[89]|filter1Value|"Pending"
16:18:30.3 (4064297)|VARIABLE_SCOPE_BEGIN|[89]|eventField|String|false|false
16:18:30.3 (4069843)|VARIABLE_ASSIGNMENT|[89]|eventField|"testautonumdata__Can (9 more) ..."
16:18:30.3 (4072358)|VARIABLE_SCOPE_BEGIN|[89]|column1|String|false|false
16:18:30.3 (4077325)|VARIABLE_ASSIGNMENT|[89]|column1|"testautonumdata__Can (39 more) ..."
16:18:30.3 (4079630)|VARIABLE_SCOPE_BEGIN|[89]|column2|String|false|false
16:18:30.3 (4084404)|VARIABLE_ASSIGNMENT|[89]|column2|"testautonumdata__Can (43 more) ..."
16:18:30.3 (4086522)|VARIABLE_SCOPE_BEGIN|[89]|column3|String|false|false
16:18:30.3 (4091121)|VARIABLE_ASSIGNMENT|[89]|column3|"testautonumdata__Dat (4 more) ..."
16:18:30.3 (4093335)|VARIABLE_SCOPE_BEGIN|[89]|column4|String|false|false
16:18:30.3 (4097982)|VARIABLE_ASSIGNMENT|[89]|column4|"testautonumdata__Int (14 more) ..."
16:18:30.3 (4100207)|VARIABLE_SCOPE_BEGIN|[89]|sortField|String|false|false
16:18:30.3 (4104769)|VARIABLE_ASSIGNMENT|[89]|sortField|"testautonumdata__Can (39 more) ..."
16:18:30.3 (4107059)|VARIABLE_SCOPE_BEGIN|[89]|sortDirection|String|false|false
16:18:30.3 (4111038)|VARIABLE_ASSIGNMENT|[89]|sortDirection|"asc"
16:18:30.3 (4126838)|HEAP_ALLOCATE|[91]|Bytes:5
16:18:30.3 (4131622)|STATEMENT_EXECUTE|[89]
16:18:30.3 (4133171)|STATEMENT_EXECUTE|[91]
16:18:30.3 (4136058)|HEAP_ALLOCATE|[91]|Bytes:20
16:18:30.3 (4152578)|HEAP_ALLOCATE|[91]|Bytes:21
16:18:30.3 (4208716)|ENTERING_MANAGED_PKG|
16:18:30.3 (4244331)|USER_DEBUG|[91]|DEBUG|######## rowsLimit: 8
16:18:30.3 (4255561)|STATEMENT_EXECUTE|[92]
16:18:30.3 (4259744)|HEAP_ALLOCATE|[92]|Bytes:24
16:18:30.3 (4267584)|HEAP_ALLOCATE|[92]|Bytes:53
16:18:30.3 (4279741)|ENTERING_MANAGED_PKG|
16:18:30.3 (4295983)|USER_DEBUG|[92]|DEBUG|######## objectApiName: testautonumdata__Interview__c
16:18:30.3 (4303344)|STATEMENT_EXECUTE|[95]
16:18:30.3 (4311049)|HEAP_ALLOCATE|[95]|Bytes:4
16:18:30.3 (4355063)|VARIABLE_ASSIGNMENT|[95]|InterviewsLCServerController.mapObjectsFields|{"s":1,"v":{}}|0x6bc4c650
16:18:30.3 (4359374)|STATEMENT_EXECUTE|[97]
16:18:30.3 (4363382)|HEAP_ALLOCATE|[97]|Bytes:2
16:18:30.3 (4377943)|METHOD_ENTRY|[97]|01pB0000000lA1s|testautonumdata.InterviewsLCServerController.AddFieldToObjectsMap(String, String)
16:18:30.3 (4393626)|VARIABLE_SCOPE_BEGIN|[21]|fieldName|String|false|false
16:18:30.3 (4403932)|VARIABLE_ASSIGNMENT|[21]|fieldName|"Id"
16:18:30.3 (4406370)|VARIABLE_SCOPE_BEGIN|[21]|initialObjectName|String|false|false
16:18:30.3 (4412540)|VARIABLE_ASSIGNMENT|[21]|initialObjectName|"testautonumdata__Int (9 more) ..."
16:18:30.3 (4420582)|HEAP_ALLOCATE|[23]|Bytes:5
16:18:30.3 (4423925)|STATEMENT_EXECUTE|[22]
16:18:30.3 (4436331)|HEAP_ALLOCATE|[23]|Bytes:1
16:18:30.3 (4478811)|ENTERING_MANAGED_PKG|
16:18:30.3 (4513633)|STATEMENT_EXECUTE|[64]
16:18:30.3 (4524104)|METHOD_ENTRY|[64]|01pB0000000lA1s|testautonumdata.InterviewsLCServerController.AddFieldToMap(String, String)
16:18:30.3 (4537125)|VARIABLE_SCOPE_BEGIN|[68]|fieldName|String|false|false
16:18:30.3 (4546954)|VARIABLE_ASSIGNMENT|[68]|fieldName|"Id"
16:18:30.3 (4549372)|VARIABLE_SCOPE_BEGIN|[68]|ObjectName|String|false|false
16:18:30.3 (4555586)|VARIABLE_ASSIGNMENT|[68]|ObjectName|"testautonumdata__Int (9 more) ..."
16:18:30.3 (4563689)|HEAP_ALLOCATE|[71]|Bytes:5
16:18:30.3 (4567058)|STATEMENT_EXECUTE|[69]
16:18:30.3 (4590935)|ENTERING_MANAGED_PKG|
16:18:30.3 (4623636)|STATEMENT_EXECUTE|[78]
16:18:30.3 (4625795)|STATEMENT_EXECUTE|[79]
16:18:30.3 (4677992)|HEAP_ALLOCATE|[79]|Bytes:4
16:18:30.3 (4704829)|ENTERING_MANAGED_PKG|
16:18:30.3 (4733080)|VARIABLE_SCOPE_BEGIN|[79]|newFieldSet|Set<String>|true|false
16:18:30.3 (4783982)|VARIABLE_ASSIGNMENT|[79]|newFieldSet|{"s":1,"v":[]}|0x5e85c284
16:18:30.3 (4788376)|STATEMENT_EXECUTE|[80]
16:18:30.3 (4806763)|ENTERING_MANAGED_PKG|
16:18:30.3 (4833549)|HEAP_ALLOCATE|[EXTERNAL]|Bytes:4
16:18:30.3 (4842988)|STATEMENT_EXECUTE|[81]
16:18:30.3 (4857845)|ENTERING_MANAGED_PKG|
16:18:30.3 (4887429)|HEAP_ALLOCATE|[EXTERNAL]|Bytes:-4
16:18:30.3 (4901769)|METHOD_EXIT|[64]|01pB0000000lA1s|testautonumdata.InterviewsLCServerController.AddFieldToMap(String, String)
16:18:30.3 (4908552)|METHOD_EXIT|[97]|01pB0000000lA1s|testautonumdata.InterviewsLCServerController.AddFieldToObjectsMap(String, String)
16:18:30.3 (4911670)|STATEMENT_EXECUTE|[99]
16:18:30.3 (4942313)|HEAP_ALLOCATE|[99]|Bytes:4
16:18:30.3 (5029356)|ENTERING_MANAGED_PKG|
16:18:30.3 (5051669)|VARIABLE_SCOPE_BEGIN|[99]|lstReturnRecords|List<testautonumdata.InterviewsLCServerController>|true|false
16:18:30.3 (5079813)|HEAP_ALLOCATE|[EXTERNAL]|Bytes:4
16:18:30.3 (5096611)|VARIABLE_ASSIGNMENT|[99]|lstReturnRecords|{"s":1,"v":[]}|0x5ceec647
16:18:30.3 (5100569)|STATEMENT_EXECUTE|[101]
16:18:30.3 (5137453)|ENTERING_MANAGED_PKG|
16:18:30.3 (5182680)|VARIABLE_SCOPE_BEGIN|[101]|rLimit|Integer|false|false
16:18:30.3 (5188531)|HEAP_ALLOCATE|[101]|Bytes:4
16:18:30.3 (5200084)|VARIABLE_ASSIGNMENT|[101]|rLimit|8
16:18:30.3 (5203130)|STATEMENT_EXECUTE|[102]
16:18:30.3 (5206882)|HEAP_ALLOCATE|[102]|Bytes:17
16:18:30.3 (5229012)|ENTERING_MANAGED_PKG|
16:18:30.3 (5251045)|HEAP_ALLOCATE|[102]|Bytes:1
16:18:30.3 (5265433)|HEAP_ALLOCATE|[102]|Bytes:18
16:18:30.3 (5278129)|ENTERING_MANAGED_PKG|
16:18:30.3 (5285890)|USER_DEBUG|[102]|DEBUG|######## rLimit: 8
16:18:30.3 (5292616)|STATEMENT_EXECUTE|[106]
16:18:30.3 (5296197)|HEAP_ALLOCATE|[106]|Bytes:9
16:18:30.3 (5300333)|VARIABLE_SCOPE_BEGIN|[106]|soql|String|false|false
16:18:30.3 (5310870)|VARIABLE_ASSIGNMENT|[106]|soql|"Select id"
16:18:30.3 (5314483)|STATEMENT_EXECUTE|[109]
16:18:30.3 (5315717)|STATEMENT_EXECUTE|[110]
16:18:30.3 (5318256)|HEAP_ALLOCATE|[110]|Bytes:2
16:18:30.3 (5336512)|ENTERING_MANAGED_PKG|
16:18:30.3 (5354059)|HEAP_ALLOCATE|[110]|Bytes:29
16:18:30.3 (5367288)|HEAP_ALLOCATE|[110]|Bytes:31
16:18:30.3 (5371975)|HEAP_ALLOCATE|[110]|Bytes:40
16:18:30.3 (5384206)|VARIABLE_ASSIGNMENT|[110]|soql|"Select id, testauton (20 more) ..."
16:18:30.3 (5387418)|STATEMENT_EXECUTE|[111]
16:18:30.3 (5394942)|METHOD_ENTRY|[111]|01pB0000000lA1s|testautonumdata.InterviewsLCServerController.AddFieldToObjectsMap(String, String)
16:18:30.3 (5408608)|VARIABLE_SCOPE_BEGIN|[21]|fieldName|String|false|false
16:18:30.3 (5417515)|VARIABLE_ASSIGNMENT|[21]|fieldName|"testautonumdata__Can (9 more) ..."
16:18:30.3 (5419921)|VARIABLE_SCOPE_BEGIN|[21]|initialObjectName|String|false|false
16:18:30.3 (5425154)|VARIABLE_ASSIGNMENT|[21]|initialObjectName|"testautonumdata__Int (9 more) ..."
16:18:30.3 (5432835)|HEAP_ALLOCATE|[23]|Bytes:5
16:18:30.3 (5436002)|STATEMENT_EXECUTE|[22]
16:18:30.3 (5450450)|ENTERING_MANAGED_PKG|
16:18:30.3 (5463834)|STATEMENT_EXECUTE|[64]
16:18:30.3 (5469701)|METHOD_ENTRY|[64]|01pB0000000lA1s|testautonumdata.InterviewsLCServerController.AddFieldToMap(String, String)
16:18:30.3 (5473703)|VARIABLE_SCOPE_BEGIN|[68]|fieldName|String|false|false
16:18:30.3 (5483894)|VARIABLE_ASSIGNMENT|[68]|fieldName|"testautonumdata__Can (9 more) ..."
16:18:30.3 (5486025)|VARIABLE_SCOPE_BEGIN|[68]|ObjectName|String|false|false
16:18:30.3 (5491143)|VARIABLE_ASSIGNMENT|[68]|ObjectName|"testautonumdata__Int (9 more) ..."
16:18:30.3 (5509763)|HEAP_ALLOCATE|[71]|Bytes:5
16:18:30.3 (5515559)|STATEMENT_EXECUTE|[69]
16:18:30.3 (5533014)|ENTERING_MANAGED_PKG|
16:18:30.3 (5547299)|STATEMENT_EXECUTE|[72]
16:18:30.3 (5550495)|STATEMENT_EXECUTE|[73]
16:18:30.3 (5569093)|ENTERING_MANAGED_PKG|
16:18:30.3 (5613162)|VARIABLE_SCOPE_BEGIN|[73]|existingFieldSet|Set<String>|true|false
16:18:30.3 (5641342)|VARIABLE_ASSIGNMENT|[73]|existingFieldSet|{"s":1,"v":["Id"]}|0x5e85c284
16:18:30.3 (5647391)|STATEMENT_EXECUTE|[74]
16:18:30.3 (5684165)|ENTERING_MANAGED_PKG|
16:18:30.3 (5723286)|HEAP_ALLOCATE|[EXTERNAL]|Bytes:4
16:18:30.3 (5736036)|STATEMENT_EXECUTE|[75]
16:18:30.3 (5750937)|ENTERING_MANAGED_PKG|
16:18:30.3 (5792059)|METHOD_EXIT|[64]|01pB0000000lA1s|testautonumdata.InterviewsLCServerController.AddFieldToMap(String, String)
16:18:30.3 (5798863)|METHOD_EXIT|[111]|01pB0000000lA1s|testautonumdata.InterviewsLCServerController.AddFieldToObjectsMap(String, String)
16:18:30.3 (5802877)|STATEMENT_EXECUTE|[115]
16:18:30.3 (5804343)|STATEMENT_EXECUTE|[116]
16:18:30.3 (5819175)|ENTERING_MANAGED_PKG|
16:18:30.3 (5835503)|HEAP_ALLOCATE|[116]|Bytes:59
16:18:30.3 (5848991)|HEAP_ALLOCATE|[116]|Bytes:61
16:18:30.3 (5853504)|HEAP_ALLOCATE|[116]|Bytes:101
16:18:30.3 (5866345)|VARIABLE_ASSIGNMENT|[116]|soql|"Select id, testauton (81 more) ..."
16:18:30.3 (5869546)|STATEMENT_EXECUTE|[117]
16:18:30.3 (5886396)|METHOD_ENTRY|[117]|01pB0000000lA1s|testautonumdata.InterviewsLCServerController.AddFieldToObjectsMap(String, String)
16:18:30.3 (5900797)|VARIABLE_SCOPE_BEGIN|[21]|fieldName|String|false|false
16:18:30.3 (5910776)|VARIABLE_ASSIGNMENT|[21]|fieldName|"testautonumdata__Can (39 more) ..."
16:18:30.3 (5913263)|VARIABLE_SCOPE_BEGIN|[21]|initialObjectName|String|false|false
16:18:30.3 (5918382)|VARIABLE_ASSIGNMENT|[21]|initialObjectName|"testautonumdata__Int (9 more) ..."
16:18:30.3 (5926211)|HEAP_ALLOCATE|[23]|Bytes:5
16:18:30.3 (5929633)|STATEMENT_EXECUTE|[22]
16:18:30.3 (5944659)|ENTERING_MANAGED_PKG|
16:18:30.3 (5953852)|STATEMENT_EXECUTE|[24]
16:18:30.3 (5955467)|STATEMENT_EXECUTE|[25]
16:18:30.3 (5969930)|ENTERING_MANAGED_PKG|
16:18:30.3 (5987186)|HEAP_ALLOCATE|[25]|Bytes:29
16:18:30.3 (5997813)|VARIABLE_SCOPE_BEGIN|[25]|relName1|String|false|false
16:18:30.3 (6010002)|VARIABLE_ASSIGNMENT|[25]|relName1|"testautonumdata__Can (9 more) ..."
16:18:30.3 (6013860)|STATEMENT_EXECUTE|[26]
16:18:30.3 (6031341)|ENTERING_MANAGED_PKG|
16:18:30.3 (6048562)|HEAP_ALLOCATE|[26]|Bytes:29
16:18:30.3 (6059341)|VARIABLE_SCOPE_BEGIN|[26]|relField1|String|false|false
16:18:30.3 (6070511)|VARIABLE_ASSIGNMENT|[26]|relField1|"testautonumdata__Ful (9 more) ..."
16:18:30.3 (6084878)|ENTERING_MANAGED_PKG|
16:18:30.3 (6106946)|STATEMENT_EXECUTE|[46]
16:18:30.3 (6110734)|HEAP_ALLOCATE|[48]|Bytes:3
16:18:30.3 (6123138)|ENTERING_MANAGED_PKG|
16:18:30.3 (6143003)|STATEMENT_EXECUTE|[49]
16:18:30.3 (6144883)|STATEMENT_EXECUTE|[51]
16:18:30.3 (6147807)|HEAP_ALLOCATE|[51]|Bytes:3
16:18:30.3 (6163618)|ENTERING_MANAGED_PKG|
16:18:30.3 (6189917)|HEAP_ALLOCATE|[51]|Bytes:29
16:18:30.3 (6200981)|VARIABLE_SCOPE_BEGIN|[51]|objectName1|String|false|false
16:18:30.3 (6212952)|VARIABLE_ASSIGNMENT|[51]|objectName1|"testautonumdata__Can (9 more) ..."
16:18:30.3 (6215885)|STATEMENT_EXECUTE|[52]
16:18:30.3 (6223385)|METHOD_ENTRY|[52]|01pB0000000lA1s|testautonumdata.InterviewsLCServerController.AddFieldToMap(String, String)
16:18:30.3 (6235581)|VARIABLE_SCOPE_BEGIN|[68]|fieldName|String|false|false
16:18:30.3 (6243960)|VARIABLE_ASSIGNMENT|[68]|fieldName|"testautonumdata__Ful (9 more) ..."
16:18:30.3 (6247677)|VARIABLE_SCOPE_BEGIN|[68]|ObjectName|String|false|false
16:18:30.3 (6256369)|VARIABLE_ASSIGNMENT|[68]|ObjectName|"testautonumdata__Can (9 more) ..."
16:18:30.3 (6276445)|HEAP_ALLOCATE|[71]|Bytes:5
16:18:30.3 (6282511)|STATEMENT_EXECUTE|[69]
16:18:30.3 (6301123)|ENTERING_MANAGED_PKG|
16:18:30.3 (6316153)|STATEMENT_EXECUTE|[78]
16:18:30.3 (6319092)|STATEMENT_EXECUTE|[79]
16:18:30.3 (6325372)|HEAP_ALLOCATE|[79]|Bytes:4
16:18:30.3 (6345903)|ENTERING_MANAGED_PKG|
16:18:30.3 (6360452)|VARIABLE_SCOPE_BEGIN|[79]|newFieldSet|Set<String>|true|false
16:18:30.3 (6393203)|VARIABLE_ASSIGNMENT|[79]|newFieldSet|{"s":1,"v":[]}|0x321c1476
16:18:30.3 (6399325)|STATEMENT_EXECUTE|[80]
16:18:30.3 (6417405)|ENTERING_MANAGED_PKG|
16:18:30.3 (6428051)|HEAP_ALLOCATE|[EXTERNAL]|Bytes:4
16:18:30.3 (6440518)|STATEMENT_EXECUTE|[81]
16:18:30.3 (6461896)|ENTERING_MANAGED_PKG|
16:18:30.3 (6475458)|HEAP_ALLOCATE|[EXTERNAL]|Bytes:-4
16:18:30.3 (6493580)|METHOD_EXIT|[52]|01pB0000000lA1s|testautonumdata.InterviewsLCServerController.AddFieldToMap(String, String)
16:18:30.3 (6504203)|METHOD_EXIT|[117]|01pB0000000lA1s|testautonumdata.InterviewsLCServerController.AddFieldToObjectsMap(String, String)
16:18:30.3 (6509353)|STATEMENT_EXECUTE|[120]
16:18:30.3 (6511567)|STATEMENT_EXECUTE|[121]
16:18:30.3 (6536357)|ENTERING_MANAGED_PKG|
16:18:30.3 (6562480)|HEAP_ALLOCATE|[121]|Bytes:63
16:18:30.3 (6588484)|HEAP_ALLOCATE|[121]|Bytes:65
16:18:30.3 (6597203)|HEAP_ALLOCATE|[121]|Bytes:166
16:18:30.3 (6612166)|VARIABLE_ASSIGNMENT|[121]|soql|"Select id, testauton (146 more) ..."
16:18:30.3 (6615795)|STATEMENT_EXECUTE|[122]
16:18:30.3 (6624007)|METHOD_ENTRY|[122]|01pB0000000lA1s|testautonumdata.InterviewsLCServerController.AddFieldToObjectsMap(String, String)
16:18:30.3 (6637997)|VARIABLE_SCOPE_BEGIN|[21]|fieldName|String|false|false
16:18:30.3 (6647115)|VARIABLE_ASSIGNMENT|[21]|fieldName|"testautonumdata__Can (43 more) ..."
16:18:30.3 (6649462)|VARIABLE_SCOPE_BEGIN|[21]|initialObjectName|String|false|false
16:18:30.3 (6654866)|VARIABLE_ASSIGNMENT|[21]|initialObjectName|"testautonumdata__Int (9 more) ..."
16:18:30.3 (6662513)|HEAP_ALLOCATE|[23]|Bytes:5
16:18:30.3 (6665640)|STATEMENT_EXECUTE|[22]
16:18:30.3 (6681133)|ENTERING_MANAGED_PKG|
16:18:30.3 (6690238)|STATEMENT_EXECUTE|[24]
16:18:30.3 (6691728)|STATEMENT_EXECUTE|[25]
16:18:30.3 (6699540)|ENTERING_MANAGED_PKG|
16:18:30.3 (6703124)|HEAP_ALLOCATE|[25]|Bytes:29
16:18:30.3 (6711204)|VARIABLE_SCOPE_BEGIN|[25]|relName1|String|false|false
16:18:30.3 (6722135)|VARIABLE_ASSIGNMENT|[25]|relName1|"testautonumdata__Can (9 more) ..."
16:18:30.3 (6724807)|STATEMENT_EXECUTE|[26]
16:18:30.3 (6736013)|ENTERING_MANAGED_PKG|
16:18:30.3 (6739749)|HEAP_ALLOCATE|[26]|Bytes:33
16:18:30.3 (6748091)|VARIABLE_SCOPE_BEGIN|[26]|relField1|String|false|false
16:18:30.3 (6757585)|VARIABLE_ASSIGNMENT|[26]|relField1|"testautonumdata__Pos (13 more) ..."
16:18:30.3 (6768980)|ENTERING_MANAGED_PKG|
16:18:30.3 (6777036)|STATEMENT_EXECUTE|[28]
16:18:30.3 (6778508)|STATEMENT_EXECUTE|[29]
16:18:30.3 (6787662)|ENTERING_MANAGED_PKG|
16:18:30.3 (6803191)|HEAP_ALLOCATE|[29]|Bytes:28
16:18:30.3 (6813619)|VARIABLE_SCOPE_BEGIN|[29]|relName2|String|false|false
16:18:30.3 (6824663)|VARIABLE_ASSIGNMENT|[29]|relName2|"testautonumdata__Pos (8 more) ..."
16:18:30.3 (6827461)|STATEMENT_EXECUTE|[30]
16:18:30.3 (6841770)|ENTERING_MANAGED_PKG|
16:18:30.3 (6856926)|HEAP_ALLOCATE|[30]|Bytes:4
16:18:30.3 (6867406)|VARIABLE_SCOPE_BEGIN|[30]|relField2|String|false|false
16:18:30.3 (6877712)|VARIABLE_ASSIGNMENT|[30]|relField2|"Name"
16:18:30.3 (6891949)|ENTERING_MANAGED_PKG|
16:18:30.3 (6913183)|STATEMENT_EXECUTE|[34]
16:18:30.3 (6915226)|STATEMENT_EXECUTE|[36]
16:18:30.3 (6926701)|ENTERING_MANAGED_PKG|
16:18:30.3 (6945174)|HEAP_ALLOCATE|[36]|Bytes:28
16:18:30.3 (6956243)|VARIABLE_SCOPE_BEGIN|[36]|objectName2|String|false|false
16:18:30.3 (6967576)|VARIABLE_ASSIGNMENT|[36]|objectName2|"testautonumdata__Pos (8 more) ..."
16:18:30.3 (6970650)|STATEMENT_EXECUTE|[37]
16:18:30.3 (6978047)|METHOD_ENTRY|[37]|01pB0000000lA1s|testautonumdata.InterviewsLCServerController.AddFieldToMap(String, String)
16:18:30.3 (6989975)|VARIABLE_SCOPE_BEGIN|[68]|fieldName|String|false|false
16:18:30.3 (6997298)|VARIABLE_ASSIGNMENT|[68]|fieldName|"Name"
16:18:30.3 (6999329)|VARIABLE_SCOPE_BEGIN|[68]|ObjectName|String|false|false
16:18:30.3 (7012849)|VARIABLE_ASSIGNMENT|[68]|ObjectName|"testautonumdata__Pos (8 more) ..."
16:18:30.3 (7022113)|HEAP_ALLOCATE|[71]|Bytes:5
16:18:30.3 (7025417)|STATEMENT_EXECUTE|[69]
16:18:30.3 (7037605)|ENTERING_MANAGED_PKG|
16:18:30.3 (7045551)|STATEMENT_EXECUTE|[78]
16:18:30.3 (7046991)|STATEMENT_EXECUTE|[79]
16:18:30.3 (7051413)|HEAP_ALLOCATE|[79]|Bytes:4
16:18:30.3 (7063045)|ENTERING_MANAGED_PKG|
16:18:30.3 (7075575)|VARIABLE_SCOPE_BEGIN|[79]|newFieldSet|Set<String>|true|false
16:18:30.3 (7107574)|VARIABLE_ASSIGNMENT|[79]|newFieldSet|{"s":1,"v":[]}|0x427d6153
16:18:30.3 (7113839)|STATEMENT_EXECUTE|[80]
16:18:30.3 (7131935)|ENTERING_MANAGED_PKG|
16:18:30.3 (7142773)|HEAP_ALLOCATE|[EXTERNAL]|Bytes:4
16:18:30.3 (7152498)|STATEMENT_EXECUTE|[81]
16:18:30.3 (7162271)|ENTERING_MANAGED_PKG|
16:18:30.3 (7170842)|HEAP_ALLOCATE|[EXTERNAL]|Bytes:-4
16:18:30.3 (7192105)|METHOD_EXIT|[37]|01pB0000000lA1s|testautonumdata.InterviewsLCServerController.AddFieldToMap(String, String)
16:18:30.3 (7198662)|METHOD_EXIT|[122]|01pB0000000lA1s|testautonumdata.InterviewsLCServerController.AddFieldToObjectsMap(String, String)
16:18:30.3 (7202522)|STATEMENT_EXECUTE|[125]
16:18:30.3 (7203884)|STATEMENT_EXECUTE|[126]
16:18:30.3 (7218851)|ENTERING_MANAGED_PKG|
16:18:30.3 (7236225)|HEAP_ALLOCATE|[126]|Bytes:24
16:18:30.3 (7250071)|HEAP_ALLOCATE|[126]|Bytes:26
16:18:30.3 (7254463)|HEAP_ALLOCATE|[126]|Bytes:192
16:18:30.3 (7267479)|VARIABLE_ASSIGNMENT|[126]|soql|"Select id, testauton (172 more) ..."
16:18:30.3 (7270680)|STATEMENT_EXECUTE|[127]
16:18:30.3 (7277987)|METHOD_ENTRY|[127]|01pB0000000lA1s|testautonumdata.InterviewsLCServerController.AddFieldToObjectsMap(String, String)
16:18:30.3 (7290756)|VARIABLE_SCOPE_BEGIN|[21]|fieldName|String|false|false
16:18:30.3 (7299703)|VARIABLE_ASSIGNMENT|[21]|fieldName|"testautonumdata__Dat (4 more) ..."
16:18:30.3 (7301956)|VARIABLE_SCOPE_BEGIN|[21]|initialObjectName|String|false|false
16:18:30.3 (7306918)|VARIABLE_ASSIGNMENT|[21]|initialObjectName|"testautonumdata__Int (9 more) ..."
16:18:30.3 (7314504)|HEAP_ALLOCATE|[23]|Bytes:5
16:18:30.3 (7317592)|STATEMENT_EXECUTE|[22]
16:18:30.3 (7332277)|ENTERING_MANAGED_PKG|
16:18:30.3 (7341067)|STATEMENT_EXECUTE|[64]
16:18:30.3 (7346280)|METHOD_ENTRY|[64]|01pB0000000lA1s|testautonumdata.InterviewsLCServerController.AddFieldToMap(String, String)
16:18:30.3 (7349958)|VARIABLE_SCOPE_BEGIN|[68]|fieldName|String|false|false
16:18:30.3 (7359404)|VARIABLE_ASSIGNMENT|[68]|fieldName|"testautonumdata__Dat (4 more) ..."
16:18:30.3 (7361589)|VARIABLE_SCOPE_BEGIN|[68]|ObjectName|String|false|false
16:18:30.3 (7366737)|VARIABLE_ASSIGNMENT|[68]|ObjectName|"testautonumdata__Int (9 more) ..."
16:18:30.3 (7372382)|HEAP_ALLOCATE|[71]|Bytes:5
16:18:30.3 (7375367)|STATEMENT_EXECUTE|[69]
16:18:30.3 (7385355)|ENTERING_MANAGED_PKG|
16:18:30.3 (7392249)|STATEMENT_EXECUTE|[72]
16:18:30.3 (7393946)|STATEMENT_EXECUTE|[73]
16:18:30.3 (7399477)|ENTERING_MANAGED_PKG|
16:18:30.3 (7410319)|VARIABLE_SCOPE_BEGIN|[73]|existingFieldSet|Set<String>|true|false
16:18:30.3 (7429130)|VARIABLE_ASSIGNMENT|[73]|existingFieldSet|{"s":1,"v":["Id","testautonumdata__Can (9 more) ..."]}|0x5e85c284
16:18:30.3 (7432771)|STATEMENT_EXECUTE|[74]
16:18:30.3 (7442597)|ENTERING_MANAGED_PKG|
16:18:30.3 (7448909)|HEAP_ALLOCATE|[EXTERNAL]|Bytes:4
16:18:30.3 (7460381)|STATEMENT_EXECUTE|[75]
16:18:30.3 (7468271)|ENTERING_MANAGED_PKG|
16:18:30.3 (7488329)|METHOD_EXIT|[64]|01pB0000000lA1s|testautonumdata.InterviewsLCServerController.AddFieldToMap(String, String)
16:18:30.3 (7494853)|METHOD_EXIT|[127]|01pB0000000lA1s|testautonumdata.InterviewsLCServerController.AddFieldToObjectsMap(String, String)
16:18:30.3 (7498828)|STATEMENT_EXECUTE|[130]
16:18:30.3 (7500189)|STATEMENT_EXECUTE|[131]
16:18:30.3 (7514201)|ENTERING_MANAGED_PKG|
16:18:30.3 (7544718)|HEAP_ALLOCATE|[131]|Bytes:34
16:18:30.3 (7559878)|HEAP_ALLOCATE|[131]|Bytes:36
16:18:30.3 (7564424)|HEAP_ALLOCATE|[131]|Bytes:228
16:18:30.3 (7577295)|VARIABLE_ASSIGNMENT|[131]|soql|"Select id, testauton (208 more) ..."
16:18:30.3 (7580550)|STATEMENT_EXECUTE|[132]
16:18:30.3 (7587713)|METHOD_ENTRY|[132]|01pB0000000lA1s|testautonumdata.InterviewsLCServerController.AddFieldToObjectsMap(String, String)
16:18:30.3 (7600014)|VARIABLE_SCOPE_BEGIN|[21]|fieldName|String|false|false
16:18:30.3 (7609017)|VARIABLE_ASSIGNMENT|[21]|fieldName|"testautonumdata__Int (14 more) ..."
16:18:30.3 (7611358)|VARIABLE_SCOPE_BEGIN|[21]|initialObjectName|String|false|false
16:18:30.3 (7616518)|VARIABLE_ASSIGNMENT|[21]|initialObjectName|"testautonumdata__Int (9 more) ..."
16:18:30.3 (7623964)|HEAP_ALLOCATE|[23]|Bytes:5
16:18:30.3 (7627133)|STATEMENT_EXECUTE|[22]
16:18:30.3 (7641411)|ENTERING_MANAGED_PKG|
16:18:30.3 (7650030)|STATEMENT_EXECUTE|[64]
16:18:30.3 (7655296)|METHOD_ENTRY|[64]|01pB0000000lA1s|testautonumdata.InterviewsLCServerController.AddFieldToMap(String, String)
16:18:30.3 (7658886)|VARIABLE_SCOPE_BEGIN|[68]|fieldName|String|false|false
16:18:30.3 (7668176)|VARIABLE_ASSIGNMENT|[68]|fieldName|"testautonumdata__Int (14 more) ..."
16:18:30.3 (7670317)|VARIABLE_SCOPE_BEGIN|[68]|ObjectName|String|false|false
16:18:30.3 (7675202)|VARIABLE_ASSIGNMENT|[68]|ObjectName|"testautonumdata__Int (9 more) ..."
16:18:30.3 (7680755)|HEAP_ALLOCATE|[71]|Bytes:5
16:18:30.3 (7683698)|STATEMENT_EXECUTE|[69]
16:18:30.3 (7693486)|ENTERING_MANAGED_PKG|
16:18:30.3 (7700597)|STATEMENT_EXECUTE|[72]
16:18:30.3 (7702042)|STATEMENT_EXECUTE|[73]
16:18:30.3 (7707499)|ENTERING_MANAGED_PKG|
16:18:30.3 (7718451)|VARIABLE_SCOPE_BEGIN|[73]|existingFieldSet|Set<String>|true|false
16:18:30.3 (7738188)|VARIABLE_ASSIGNMENT|[73]|existingFieldSet|{"s":1,"v":["Id","testautonumdata__Can (9 more) ...","testautonumdata__Dat (4 more) ..."]}|0x5e85c284
16:18:30.3 (7742070)|STATEMENT_EXECUTE|[74]
16:18:30.3 (7751802)|ENTERING_MANAGED_PKG|
16:18:30.3 (7758089)|HEAP_ALLOCATE|[EXTERNAL]|Bytes:4
16:18:30.3 (7765253)|STATEMENT_EXECUTE|[75]
16:18:30.3 (7772600)|ENTERING_MANAGED_PKG|
16:18:30.3 (7791482)|METHOD_EXIT|[64]|01pB0000000lA1s|testautonumdata.InterviewsLCServerController.AddFieldToMap(String, String)
16:18:30.3 (7797430)|METHOD_EXIT|[132]|01pB0000000lA1s|testautonumdata.InterviewsLCServerController.AddFieldToObjectsMap(String, String)
16:18:30.3 (7800241)|STATEMENT_EXECUTE|[135]
16:18:30.3 (7804192)|HEAP_ALLOCATE|[135]|Bytes:6
16:18:30.3 (7818610)|ENTERING_MANAGED_PKG|
16:18:30.3 (7834808)|HEAP_ALLOCATE|[135]|Bytes:29
16:18:30.3 (7847487)|HEAP_ALLOCATE|[135]|Bytes:35
16:18:30.3 (7851913)|HEAP_ALLOCATE|[135]|Bytes:263
16:18:30.3 (7864250)|VARIABLE_ASSIGNMENT|[135]|soql|"Select id, testauton (243 more) ..."
16:18:30.3 (7871451)|STATEMENT_EXECUTE|[139]
16:18:30.3 (7872928)|STATEMENT_EXECUTE|[140]
16:18:30.3 (7876401)|HEAP_ALLOCATE|[140]|Bytes:7
16:18:30.3 (7892565)|ENTERING_MANAGED_PKG|
16:18:30.3 (7908165)|HEAP_ALLOCATE|[140]|Bytes:26
16:18:30.3 (7918859)|HEAP_ALLOCATE|[140]|Bytes:4
16:18:30.3 (7930077)|ENTERING_MANAGED_PKG|
16:18:30.3 (7933260)|HEAP_ALLOCATE|[140]|Bytes:7
16:18:30.3 (7941092)|HEAP_ALLOCATE|[140]|Bytes:1
16:18:30.3 (7967140)|HEAP_ALLOCATE|[140]|Bytes:45
16:18:30.3 (7978049)|HEAP_ALLOCATE|[140]|Bytes:308
16:18:30.3 (7997063)|VARIABLE_ASSIGNMENT|[140]|soql|"Select id, testauton (288 more) ..."
16:18:30.3 (8001247)|STATEMENT_EXECUTE|[141]
16:18:30.3 (8011140)|METHOD_ENTRY|[141]|01pB0000000lA1s|testautonumdata.InterviewsLCServerController.AddFieldToObjectsMap(String, String)
16:18:30.3 (8024533)|VARIABLE_SCOPE_BEGIN|[21]|fieldName|String|false|false
16:18:30.3 (8033906)|VARIABLE_ASSIGNMENT|[21]|fieldName|"testautonumdata__Sta (6 more) ..."
16:18:30.3 (8036135)|VARIABLE_SCOPE_BEGIN|[21]|initialObjectName|String|false|false
16:18:30.3 (8041058)|VARIABLE_ASSIGNMENT|[21]|initialObjectName|"testautonumdata__Int (9 more) ..."
16:18:30.3 (8047871)|HEAP_ALLOCATE|[23]|Bytes:5
16:18:30.3 (8051106)|STATEMENT_EXECUTE|[22]
16:18:30.3 (8065707)|ENTERING_MANAGED_PKG|
16:18:30.3 (8074172)|STATEMENT_EXECUTE|[64]
16:18:30.3 (8079735)|METHOD_ENTRY|[64]|01pB0000000lA1s|testautonumdata.InterviewsLCServerController.AddFieldToMap(String, String)
16:18:30.3 (8083466)|VARIABLE_SCOPE_BEGIN|[68]|fieldName|String|false|false
16:18:30.3 (8092603)|VARIABLE_ASSIGNMENT|[68]|fieldName|"testautonumdata__Sta (6 more) ..."
16:18:30.3 (8094721)|VARIABLE_SCOPE_BEGIN|[68]|ObjectName|String|false|false
16:18:30.3 (8099551)|VARIABLE_ASSIGNMENT|[68]|ObjectName|"testautonumdata__Int (9 more) ..."
16:18:30.3 (8105162)|HEAP_ALLOCATE|[71]|Bytes:5
16:18:30.3 (8108192)|STATEMENT_EXECUTE|[69]
16:18:30.3 (8118056)|ENTERING_MANAGED_PKG|
16:18:30.3 (8125088)|STATEMENT_EXECUTE|[72]
16:18:30.3 (8126459)|STATEMENT_EXECUTE|[73]
16:18:30.3 (8131694)|ENTERING_MANAGED_PKG|
16:18:30.3 (8142091)|VARIABLE_SCOPE_BEGIN|[73]|existingFieldSet|Set<String>|true|false
16:18:30.3 (8162543)|VARIABLE_ASSIGNMENT|[73]|existingFieldSet|{"s":1,"v":["Id","testautonumdata__Can (9 more) ...","testautonumdata__Dat (4 more) ...","testautonumdata__Int (14 more) ..."]}|0x5e85c284
16:18:30.3 (8166491)|STATEMENT_EXECUTE|[74]
16:18:30.3 (8176231)|ENTERING_MANAGED_PKG|
16:18:30.3 (8182537)|HEAP_ALLOCATE|[EXTERNAL]|Bytes:4
16:18:30.3 (8190133)|STATEMENT_EXECUTE|[75]
16:18:30.3 (8197303)|ENTERING_MANAGED_PKG|
16:18:30.3 (8216491)|METHOD_EXIT|[64]|01pB0000000lA1s|testautonumdata.InterviewsLCServerController.AddFieldToMap(String, String)
16:18:30.3 (8222452)|METHOD_EXIT|[141]|01pB0000000lA1s|testautonumdata.InterviewsLCServerController.AddFieldToObjectsMap(String, String)
16:18:30.3 (8227531)|STATEMENT_EXECUTE|[145]
16:18:30.3 (8229028)|STATEMENT_EXECUTE|[146]
16:18:30.3 (8232327)|HEAP_ALLOCATE|[146]|Bytes:10
16:18:30.3 (8246779)|ENTERING_MANAGED_PKG|
16:18:30.3 (8262756)|HEAP_ALLOCATE|[146]|Bytes:59
16:18:30.3 (8273108)|HEAP_ALLOCATE|[146]|Bytes:1
16:18:30.3 (8284886)|ENTERING_MANAGED_PKG|
16:18:30.3 (8287965)|HEAP_ALLOCATE|[146]|Bytes:3
16:18:30.3 (8302346)|HEAP_ALLOCATE|[146]|Bytes:73
16:18:30.3 (8307630)|HEAP_ALLOCATE|[146]|Bytes:381
16:18:30.3 (8319926)|VARIABLE_ASSIGNMENT|[146]|soql|"Select id, testauton (361 more) ..."
16:18:30.3 (8323166)|STATEMENT_EXECUTE|[147]
16:18:30.3 (8330391)|METHOD_ENTRY|[147]|01pB0000000lA1s|testautonumdata.InterviewsLCServerController.AddFieldToObjectsMap(String, String)
16:18:30.3 (8342579)|VARIABLE_SCOPE_BEGIN|[21]|fieldName|String|false|false
16:18:30.3 (8351340)|VARIABLE_ASSIGNMENT|[21]|fieldName|"testautonumdata__Can (39 more) ..."
16:18:30.3 (8353588)|VARIABLE_SCOPE_BEGIN|[21]|initialObjectName|String|false|false
16:18:30.3 (8358754)|VARIABLE_ASSIGNMENT|[21]|initialObjectName|"testautonumdata__Int (9 more) ..."
16:18:30.3 (8365372)|HEAP_ALLOCATE|[23]|Bytes:5
16:18:30.3 (8368571)|STATEMENT_EXECUTE|[22]
16:18:30.3 (8382435)|ENTERING_MANAGED_PKG|
16:18:30.3 (8390888)|STATEMENT_EXECUTE|[24]
16:18:30.3 (8392457)|STATEMENT_EXECUTE|[25]
16:18:30.3 (8399918)|ENTERING_MANAGED_PKG|
16:18:30.3 (8403349)|HEAP_ALLOCATE|[25]|Bytes:29
16:18:30.3 (8411414)|VARIABLE_SCOPE_BEGIN|[25]|relName1|String|false|false
16:18:30.3 (8421573)|VARIABLE_ASSIGNMENT|[25]|relName1|"testautonumdata__Can (9 more) ..."
16:18:30.3 (8424238)|STATEMENT_EXECUTE|[26]
16:18:30.3 (8435630)|ENTERING_MANAGED_PKG|
16:18:30.3 (8439354)|HEAP_ALLOCATE|[26]|Bytes:29
16:18:30.3 (8447373)|VARIABLE_SCOPE_BEGIN|[26]|relField1|String|false|false
16:18:30.3 (8461172)|VARIABLE_ASSIGNMENT|[26]|relField1|"testautonumdata__Ful (9 more) ..."
16:18:30.3 (8473559)|ENTERING_MANAGED_PKG|
16:18:30.3 (8481685)|STATEMENT_EXECUTE|[46]
16:18:30.3 (8489443)|ENTERING_MANAGED_PKG|
16:18:30.3 (8496099)|STATEMENT_EXECUTE|[49]
16:18:30.3 (8497701)|STATEMENT_EXECUTE|[51]
16:18:30.3 (8505674)|ENTERING_MANAGED_PKG|
16:18:30.3 (8513816)|HEAP_ALLOCATE|[51]|Bytes:29
16:18:30.3 (8522601)|VARIABLE_SCOPE_BEGIN|[51]|objectName1|String|false|false
16:18:30.3 (8532745)|VARIABLE_ASSIGNMENT|[51]|objectName1|"testautonumdata__Can (9 more) ..."
16:18:30.3 (8535624)|STATEMENT_EXECUTE|[52]
16:18:30.3 (8541516)|METHOD_ENTRY|[52]|01pB0000000lA1s|testautonumdata.InterviewsLCServerController.AddFieldToMap(String, String)
16:18:30.3 (8545428)|VARIABLE_SCOPE_BEGIN|[68]|fieldName|String|false|false
16:18:30.3 (8552304)|VARIABLE_ASSIGNMENT|[68]|fieldName|"testautonumdata__Ful (9 more) ..."
16:18:30.3 (8554310)|VARIABLE_SCOPE_BEGIN|[68]|ObjectName|String|false|false
16:18:30.3 (8559100)|VARIABLE_ASSIGNMENT|[68]|ObjectName|"testautonumdata__Can (9 more) ..."
16:18:30.3 (8565105)|HEAP_ALLOCATE|[71]|Bytes:5
16:18:30.3 (8567843)|STATEMENT_EXECUTE|[69]
16:18:30.3 (8577615)|ENTERING_MANAGED_PKG|
16:18:30.3 (8584768)|STATEMENT_EXECUTE|[72]
16:18:30.3 (8586162)|STATEMENT_EXECUTE|[73]
16:18:30.3 (8591475)|ENTERING_MANAGED_PKG|
16:18:30.3 (8601815)|VARIABLE_SCOPE_BEGIN|[73]|existingFieldSet|Set<String>|true|false
16:18:30.3 (8620220)|VARIABLE_ASSIGNMENT|[73]|existingFieldSet|{"s":1,"v":["testautonumdata__Ful (9 more) ..."]}|0x321c1476
16:18:30.3 (8624030)|STATEMENT_EXECUTE|[74]
16:18:30.3 (8633898)|ENTERING_MANAGED_PKG|
16:18:30.3 (8640089)|HEAP_ALLOCATE|[EXTERNAL]|Bytes:4
16:18:30.3 (8656107)|STATEMENT_EXECUTE|[75]
16:18:30.3 (8665302)|ENTERING_MANAGED_PKG|
16:18:30.3 (8685571)|METHOD_EXIT|[52]|01pB0000000lA1s|testautonumdata.InterviewsLCServerController.AddFieldToMap(String, String)
16:18:30.3 (8691604)|METHOD_EXIT|[147]|01pB0000000lA1s|testautonumdata.InterviewsLCServerController.AddFieldToObjectsMap(String, String)
16:18:30.3 (8694592)|STATEMENT_EXECUTE|[150]
16:18:30.3 (8698345)|HEAP_ALLOCATE|[150]|Bytes:7
16:18:30.3 (8712940)|ENTERING_MANAGED_PKG|
16:18:30.3 (8729233)|HEAP_ALLOCATE|[150]|Bytes:1
16:18:30.3 (8742163)|HEAP_ALLOCATE|[150]|Bytes:8
16:18:30.3 (8746583)|HEAP_ALLOCATE|[150]|Bytes:389
16:18:30.3 (8758582)|VARIABLE_ASSIGNMENT|[150]|soql|"Select id, testauton (369 more) ..."
16:18:30.3 (8761648)|STATEMENT_EXECUTE|[154]
16:18:30.3 (8764454)|HEAP_ALLOCATE|[154]|Bytes:15
16:18:30.3 (8769808)|HEAP_ALLOCATE|[154]|Bytes:404
16:18:30.3 (8783889)|ENTERING_MANAGED_PKG|
16:18:30.3 (8802362)|USER_DEBUG|[154]|DEBUG|######## soql: Select id, testautonumdata__Candidate__c, testautonumdata__Candidate__r.testautonumdata__Full_Name__c, testautonumdata__Candidate__r.testautonumdata__Position__r.Name, testautonumdata__Date__c, testautonumdata__Interview_Type__c FROM testautonumdata__Interview__c where testautonumdata__Status__c = 'Pending' order by testautonumdata__Candidate__r.testautonumdata__Full_Name__c asc limit 8
16:18:30.3 (8822687)|ENTERING_MANAGED_PKG|
16:18:30.3 (8846555)|STATEMENT_EXECUTE|[162]
16:18:30.3 (8848598)|STATEMENT_EXECUTE|[163]
16:18:30.3 (8852112)|HEAP_ALLOCATE|[163]|Bytes:27
16:18:30.3 (8869370)|ENTERING_MANAGED_PKG|
16:18:30.3 (8909167)|HEAP_ALLOCATE|[163]|Bytes:257
16:18:30.3 (8924054)|HEAP_ALLOCATE|[163]|Bytes:284
16:18:30.3 (8936727)|ENTERING_MANAGED_PKG|
16:18:30.3 (8944320)|USER_DEBUG|[163]|DEBUG|######## mapObjectsFields: {testautonumdata__Candidate__c={testautonumdata__Full_Name__c}, testautonumdata__Interview__c={Id, testautonumdata__Candidate__c, testautonumdata__Date__c, testautonumdata__Interview_Type__c, testautonumdata__Status__c}, testautonumdata__Position__c={Name}}
16:18:30.3 (8959692)|HEAP_ALLOCATE|[164]|Bytes:4
16:18:30.3 (8974973)|ENTERING_MANAGED_PKG|
16:18:30.3 (9000661)|ENTERING_MANAGED_PKG|
16:18:30.3 (9015883)|HEAP_ALLOCATE|[164]|Bytes:102
16:18:30.3 (9033680)|ENTERING_MANAGED_PKG|
16:18:30.3 (9041167)|HEAP_ALLOCATE|[164]|Bytes:12
16:18:30.3 (9051403)|ENTERING_MANAGED_PKG|
16:18:30.3 (9121795)|HEAP_ALLOCATE|[164]|Bytes:5
16:18:30.3 (9143473)|VARIABLE_SCOPE_BEGIN|[164]|objectName|String|false|false
16:18:30.3 (9156214)|VARIABLE_ASSIGNMENT|[164]|objectName|"testautonumdata__Int (9 more) ..."
16:18:30.3 (9159922)|STATEMENT_EXECUTE|[165]
16:18:30.3 (9161076)|STATEMENT_EXECUTE|[166]
16:18:30.3 (9164367)|HEAP_ALLOCATE|[166]|Bytes:21
16:18:30.3 (9171299)|HEAP_ALLOCATE|[166]|Bytes:50
16:18:30.3 (9184881)|ENTERING_MANAGED_PKG|
16:18:30.3 (9203489)|USER_DEBUG|[166]|DEBUG|######## objectName: testautonumdata__Interview__c
16:18:30.3 (9211584)|STATEMENT_EXECUTE|[167]
16:18:30.3 (9231280)|ENTERING_MANAGED_PKG|
16:18:30.3 (23282448)|HEAP_ALLOCATE|[167]|Bytes:1764
16:18:30.3 (23315282)|ENTERING_MANAGED_PKG|
16:18:30.3 (23432768)|HEAP_ALLOCATE|[167]|Bytes:4
16:18:30.3 (23445773)|VARIABLE_SCOPE_BEGIN|[167]|sObj|SObject|true|false
16:18:30.3 (23468934)|VARIABLE_ASSIGNMENT|[167]|sObj|{}|0x2a3236bb
16:18:30.3 (23472976)|STATEMENT_EXECUTE|[168]
16:18:30.3 (23503670)|ENTERING_MANAGED_PKG|
16:18:30.3 (23808155)|HEAP_ALLOCATE|[168]|Bytes:4
16:18:30.3 (24299271)|HEAP_ALLOCATE|[168]|Bytes:80
16:18:30.3 (24311699)|VARIABLE_SCOPE_BEGIN|[168]|m|Map<String,Schema.SObjectField>|true|false
16:18:30.3 (24584046)|VARIABLE_ASSIGNMENT|[168]|m|"{createdbyid=CreatedById, createddate=CreatedDate, id=Id, isdeleted=IsDeleted, lastactivitydate=LastActivityDate, lastmodifiedbyid=LastModifiedById, lastmodifieddate=LastModifiedDate, lastreferenceddate=LastReferencedDate, lastvieweddate=LastViewedDate, name=Name, ...}"|0xa049ac9
16:18:30.3 (24590881)|STATEMENT_EXECUTE|[169]
16:18:30.3 (24609294)|ENTERING_MANAGED_PKG|
16:18:30.3 (24645230)|VARIABLE_SCOPE_BEGIN|[169]|objectFieldSet|Set<String>|true|false
16:18:30.3 (24672253)|VARIABLE_ASSIGNMENT|[169]|objectFieldSet|{"s":1,"v":["Id","testautonumdata__Can (9 more) ...","testautonumdata__Dat (4 more) ...","testautonumdata__Int (14 more) ...","testautonumdata__Sta (6 more) ..."]}|0x5e85c284
16:18:30.3 (24681310)|HEAP_ALLOCATE|[171]|Bytes:4
16:18:30.3 (24700065)|ENTERING_MANAGED_PKG|
16:18:30.3 (24727344)|ENTERING_MANAGED_PKG|
16:18:30.3 (24733249)|HEAP_ALLOCATE|[171]|Bytes:20
16:18:30.3 (24743919)|ENTERING_MANAGED_PKG|
16:18:30.3 (24760708)|HEAP_ALLOCATE|[171]|Bytes:5
16:18:30.3 (24776815)|VARIABLE_SCOPE_BEGIN|[171]|fieldToCheck|String|false|false
16:18:30.3 (24788311)|VARIABLE_ASSIGNMENT|[171]|fieldToCheck|"Id"
16:18:30.3 (24791552)|STATEMENT_EXECUTE|[171]
16:18:30.3 (24792967)|STATEMENT_EXECUTE|[172]
16:18:30.3 (24796569)|HEAP_ALLOCATE|[172]|Bytes:23
16:18:30.3 (24804074)|HEAP_ALLOCATE|[172]|Bytes:25
16:18:30.3 (24818799)|ENTERING_MANAGED_PKG|
16:18:30.3 (24838916)|USER_DEBUG|[172]|DEBUG|######## fieldToCheck: Id
16:18:30.3 (24859056)|ENTERING_MANAGED_PKG|
16:18:30.3 (25183149)|HEAP_ALLOCATE|[174]|Bytes:8
16:18:30.3 (25214531)|STATEMENT_EXECUTE|[174]
16:18:30.3 (25217336)|STATEMENT_EXECUTE|[182]
16:18:30.3 (25220212)|HEAP_ALLOCATE|[182]|Bytes:35
16:18:30.3 (25232672)|HEAP_ALLOCATE|[182]|Bytes:37
16:18:30.3 (25248070)|ENTERING_MANAGED_PKG|
16:18:30.3 (25267802)|USER_DEBUG|[182]|DEBUG|######## User has access to field: Id
16:18:30.3 (25284780)|HEAP_ALLOCATE|[171]|Bytes:5
16:18:30.3 (25298056)|VARIABLE_SCOPE_BEGIN|[171]|fieldToCheck|String|false|false
16:18:30.3 (25311343)|VARIABLE_ASSIGNMENT|[171]|fieldToCheck|"testautonumdata__Can (9 more) ..."
16:18:30.3 (25314763)|STATEMENT_EXECUTE|[171]
16:18:30.3 (25315963)|STATEMENT_EXECUTE|[172]
16:18:30.3 (25322191)|HEAP_ALLOCATE|[172]|Bytes:52
16:18:30.3 (25334105)|ENTERING_MANAGED_PKG|
16:18:30.3 (25340814)|USER_DEBUG|[172]|DEBUG|######## fieldToCheck: testautonumdata__Candidate__c
16:18:30.3 (25352573)|ENTERING_MANAGED_PKG|
16:18:30.3 (25588203)|HEAP_ALLOCATE|[174]|Bytes:8
16:18:30.3 (25604464)|STATEMENT_EXECUTE|[174]
16:18:30.3 (25607030)|STATEMENT_EXECUTE|[182]
16:18:30.3 (25613068)|HEAP_ALLOCATE|[182]|Bytes:64
16:18:30.3 (25625720)|ENTERING_MANAGED_PKG|
16:18:30.3 (25633361)|USER_DEBUG|[182]|DEBUG|######## User has access to field: testautonumdata__Candidate__c
16:18:30.3 (25648033)|HEAP_ALLOCATE|[171]|Bytes:5
16:18:30.3 (25660598)|VARIABLE_SCOPE_BEGIN|[171]|fieldToCheck|String|false|false
16:18:30.3 (25673699)|VARIABLE_ASSIGNMENT|[171]|fieldToCheck|"testautonumdata__Dat (4 more) ..."
16:18:30.3 (25677204)|STATEMENT_EXECUTE|[171]
16:18:30.3 (25678324)|STATEMENT_EXECUTE|[172]
16:18:30.3 (25684262)|HEAP_ALLOCATE|[172]|Bytes:47
16:18:30.3 (25695713)|ENTERING_MANAGED_PKG|
16:18:30.3 (25702446)|USER_DEBUG|[172]|DEBUG|######## fieldToCheck: testautonumdata__Date__c
16:18:30.3 (25714168)|ENTERING_MANAGED_PKG|
16:18:30.3 (26545339)|HEAP_ALLOCATE|[174]|Bytes:8
16:18:30.3 (26563500)|STATEMENT_EXECUTE|[174]
16:18:30.3 (26565890)|STATEMENT_EXECUTE|[182]
16:18:30.3 (26572171)|HEAP_ALLOCATE|[182]|Bytes:59
16:18:30.3 (26585857)|ENTERING_MANAGED_PKG|
16:18:30.3 (26593818)|USER_DEBUG|[182]|DEBUG|######## User has access to field: testautonumdata__Date__c
16:18:30.3 (26608779)|HEAP_ALLOCATE|[171]|Bytes:5
16:18:30.3 (26621383)|VARIABLE_SCOPE_BEGIN|[171]|fieldToCheck|String|false|false
16:18:30.3 (26634671)|VARIABLE_ASSIGNMENT|[171]|fieldToCheck|"testautonumdata__Int (14 more) ..."
16:18:30.3 (26638286)|STATEMENT_EXECUTE|[171]
16:18:30.3 (26639551)|STATEMENT_EXECUTE|[172]
16:18:30.3 (26645453)|HEAP_ALLOCATE|[172]|Bytes:57
16:18:30.3 (26656863)|ENTERING_MANAGED_PKG|
16:18:30.3 (26663551)|USER_DEBUG|[172]|DEBUG|######## fieldToCheck: testautonumdata__Interview_Type__c
16:18:30.3 (26675071)|ENTERING_MANAGED_PKG|
16:18:30.3 (26855119)|HEAP_ALLOCATE|[174]|Bytes:8
16:18:30.3 (26871299)|STATEMENT_EXECUTE|[174]
16:18:30.3 (26873509)|STATEMENT_EXECUTE|[182]
16:18:30.3 (26879201)|HEAP_ALLOCATE|[182]|Bytes:69
16:18:30.3 (26891494)|ENTERING_MANAGED_PKG|
16:18:30.3 (26898979)|USER_DEBUG|[182]|DEBUG|######## User has access to field: testautonumdata__Interview_Type__c
16:18:30.3 (26913642)|HEAP_ALLOCATE|[171]|Bytes:5
16:18:30.3 (26926118)|VARIABLE_SCOPE_BEGIN|[171]|fieldToCheck|String|false|false
16:18:30.3 (26939326)|VARIABLE_ASSIGNMENT|[171]|fieldToCheck|"testautonumdata__Sta (6 more) ..."
16:18:30.3 (26942678)|STATEMENT_EXECUTE|[171]
16:18:30.3 (26943821)|STATEMENT_EXECUTE|[172]
16:18:30.3 (26949584)|HEAP_ALLOCATE|[172]|Bytes:49
16:18:30.3 (26960599)|ENTERING_MANAGED_PKG|
16:18:30.3 (26967198)|USER_DEBUG|[172]|DEBUG|######## fieldToCheck: testautonumdata__Status__c
16:18:30.3 (26978793)|ENTERING_MANAGED_PKG|
16:18:30.3 (27139475)|HEAP_ALLOCATE|[174]|Bytes:8
16:18:30.3 (27156530)|STATEMENT_EXECUTE|[174]
16:18:30.3 (27158707)|STATEMENT_EXECUTE|[182]
16:18:30.3 (27164433)|HEAP_ALLOCATE|[182]|Bytes:61
16:18:30.3 (27176786)|ENTERING_MANAGED_PKG|
16:18:30.3 (27184030)|USER_DEBUG|[182]|DEBUG|######## User has access to field: testautonumdata__Status__c
16:18:30.3 (27198076)|HEAP_ALLOCATE|[171]|Bytes:5
16:18:30.3 (27215143)|VARIABLE_ASSIGNMENT|[171]|fieldToCheck|null
16:18:30.3 (27231308)|HEAP_ALLOCATE|[164]|Bytes:5
16:18:30.3 (27243704)|VARIABLE_SCOPE_BEGIN|[164]|objectName|String|false|false
16:18:30.3 (27255031)|VARIABLE_ASSIGNMENT|[164]|objectName|"testautonumdata__Can (9 more) ..."
16:18:30.3 (27258134)|STATEMENT_EXECUTE|[165]
16:18:30.3 (27259304)|STATEMENT_EXECUTE|[166]
16:18:30.3 (27265698)|HEAP_ALLOCATE|[166]|Bytes:50
16:18:30.3 (27277529)|ENTERING_MANAGED_PKG|
16:18:30.3 (27284459)|USER_DEBUG|[166]|DEBUG|######## objectName: testautonumdata__Candidate__c
16:18:30.3 (27290545)|STATEMENT_EXECUTE|[167]
16:18:30.3 (27296805)|ENTERING_MANAGED_PKG|
16:18:30.3 (32834972)|HEAP_ALLOCATE|[167]|Bytes:1764
16:18:30.3 (32862108)|ENTERING_MANAGED_PKG|
16:18:30.3 (32919623)|HEAP_ALLOCATE|[167]|Bytes:4
16:18:30.3 (32930290)|VARIABLE_SCOPE_BEGIN|[167]|sObj|SObject|true|false
16:18:30.3 (32951516)|VARIABLE_ASSIGNMENT|[167]|sObj|{}|0x6a0c1cb5
16:18:30.3 (32955318)|STATEMENT_EXECUTE|[168]
16:18:30.3 (32974376)|ENTERING_MANAGED_PKG|
16:18:30.3 (33129833)|HEAP_ALLOCATE|[168]|Bytes:4
16:18:30.3 (33704964)|HEAP_ALLOCATE|[168]|Bytes:136
16:18:30.3 (33716932)|VARIABLE_SCOPE_BEGIN|[168]|m|Map<String,Schema.SObjectField>|true|false
16:18:30.3 (33958543)|VARIABLE_ASSIGNMENT|[168]|m|"{createdbyid=CreatedById, createddate=CreatedDate, id=Id, isdeleted=IsDeleted, lastactivitydate=LastActivityDate, lastmodifiedbyid=LastModifiedById, lastmodifieddate=LastModifiedDate, lastreferenceddate=LastReferencedDate, lastvieweddate=LastViewedDate, name=Name, ...}"|0x58aeeec4
16:18:30.3 (33965121)|STATEMENT_EXECUTE|[169]
16:18:30.3 (33982094)|ENTERING_MANAGED_PKG|
16:18:30.3 (33999681)|VARIABLE_SCOPE_BEGIN|[169]|objectFieldSet|Set<String>|true|false
16:18:30.3 (34026655)|VARIABLE_ASSIGNMENT|[169]|objectFieldSet|{"s":1,"v":["testautonumdata__Ful (9 more) ..."]}|0x321c1476
16:18:30.3 (34036698)|HEAP_ALLOCATE|[171]|Bytes:4
16:18:30.3 (34053369)|ENTERING_MANAGED_PKG|
16:18:30.3 (34066911)|ENTERING_MANAGED_PKG|
16:18:30.3 (34072251)|HEAP_ALLOCATE|[171]|Bytes:4
16:18:30.3 (34080970)|ENTERING_MANAGED_PKG|
16:18:30.3 (34099963)|HEAP_ALLOCATE|[171]|Bytes:5
16:18:30.3 (34114571)|VARIABLE_SCOPE_BEGIN|[171]|fieldToCheck|String|false|false
16:18:30.3 (34127112)|VARIABLE_ASSIGNMENT|[171]|fieldToCheck|"testautonumdata__Ful (9 more) ..."
16:18:30.3 (34130713)|STATEMENT_EXECUTE|[171]
16:18:30.3 (34132042)|STATEMENT_EXECUTE|[172]
16:18:30.3 (34139009)|HEAP_ALLOCATE|[172]|Bytes:52
16:18:30.3 (34152195)|ENTERING_MANAGED_PKG|
16:18:30.3 (34160413)|USER_DEBUG|[172]|DEBUG|######## fieldToCheck: testautonumdata__Full_Name__c
16:18:30.3 (34172703)|ENTERING_MANAGED_PKG|
16:18:30.3 (34831566)|HEAP_ALLOCATE|[174]|Bytes:8
16:18:30.3 (34848924)|STATEMENT_EXECUTE|[174]
16:18:30.3 (34851489)|STATEMENT_EXECUTE|[182]
16:18:30.3 (34857649)|HEAP_ALLOCATE|[182]|Bytes:64
16:18:30.3 (34871188)|ENTERING_MANAGED_PKG|
16:18:30.3 (34879080)|USER_DEBUG|[182]|DEBUG|######## User has access to field: testautonumdata__Full_Name__c
16:18:30.3 (34894387)|HEAP_ALLOCATE|[171]|Bytes:5
16:18:30.3 (34911469)|VARIABLE_ASSIGNMENT|[171]|fieldToCheck|null
16:18:30.3 (34922766)|HEAP_ALLOCATE|[164]|Bytes:5
16:18:30.3 (34934492)|VARIABLE_SCOPE_BEGIN|[164]|objectName|String|false|false
16:18:30.3 (34945478)|VARIABLE_ASSIGNMENT|[164]|objectName|"testautonumdata__Pos (8 more) ..."
16:18:30.3 (34948840)|STATEMENT_EXECUTE|[165]
16:18:30.3 (34950088)|STATEMENT_EXECUTE|[166]
16:18:30.3 (34956055)|HEAP_ALLOCATE|[166]|Bytes:49
16:18:30.3 (34968005)|ENTERING_MANAGED_PKG|
16:18:30.3 (34974816)|USER_DEBUG|[166]|DEBUG|######## objectName: testautonumdata__Position__c
16:18:30.3 (34981297)|STATEMENT_EXECUTE|[167]
16:18:30.3 (34987670)|ENTERING_MANAGED_PKG|
16:18:30.3 (40500895)|HEAP_ALLOCATE|[167]|Bytes:1764
16:18:30.3 (40526556)|ENTERING_MANAGED_PKG|
16:18:30.3 (40607896)|HEAP_ALLOCATE|[167]|Bytes:4
16:18:30.3 (40620878)|VARIABLE_SCOPE_BEGIN|[167]|sObj|SObject|true|false
16:18:30.3 (40640757)|VARIABLE_ASSIGNMENT|[167]|sObj|{}|0x65c923c8
16:18:30.3 (40644152)|STATEMENT_EXECUTE|[168]
16:18:30.3 (40663699)|ENTERING_MANAGED_PKG|
16:18:30.3 (40818189)|HEAP_ALLOCATE|[168]|Bytes:4
16:18:30.3 (41144029)|HEAP_ALLOCATE|[168]|Bytes:64
16:18:30.3 (41156590)|VARIABLE_SCOPE_BEGIN|[168]|m|Map<String,Schema.SObjectField>|true|false
16:18:30.3 (41365976)|VARIABLE_ASSIGNMENT|[168]|m|"{createdbyid=CreatedById, createddate=CreatedDate, id=Id, isdeleted=IsDeleted, lastactivitydate=LastActivityDate, lastmodifiedbyid=LastModifiedById, lastmodifieddate=LastModifiedDate, lastreferenceddate=LastReferencedDate, lastvieweddate=LastViewedDate, name=Name, ...}"|0x131fdb83
16:18:30.3 (41372620)|STATEMENT_EXECUTE|[169]
16:18:30.3 (41388984)|ENTERING_MANAGED_PKG|
16:18:30.3 (41406853)|VARIABLE_SCOPE_BEGIN|[169]|objectFieldSet|Set<String>|true|false
16:18:30.3 (41438107)|VARIABLE_ASSIGNMENT|[169]|objectFieldSet|{"s":1,"v":["Name"]}|0x427d6153
16:18:30.3 (41448848)|HEAP_ALLOCATE|[171]|Bytes:4
16:18:30.3 (41468367)|ENTERING_MANAGED_PKG|
16:18:30.3 (41483159)|ENTERING_MANAGED_PKG|
16:18:30.3 (41487695)|HEAP_ALLOCATE|[171]|Bytes:4
16:18:30.3 (41496609)|ENTERING_MANAGED_PKG|
16:18:30.3 (41513409)|HEAP_ALLOCATE|[171]|Bytes:5
16:18:30.3 (41528640)|VARIABLE_SCOPE_BEGIN|[171]|fieldToCheck|String|false|false
16:18:30.3 (41539574)|VARIABLE_ASSIGNMENT|[171]|fieldToCheck|"Name"
16:18:30.3 (41542725)|STATEMENT_EXECUTE|[171]
16:18:30.3 (41544094)|STATEMENT_EXECUTE|[172]
16:18:30.3 (41551123)|HEAP_ALLOCATE|[172]|Bytes:27
16:18:30.3 (41563617)|ENTERING_MANAGED_PKG|
16:18:30.3 (41571449)|USER_DEBUG|[172]|DEBUG|######## fieldToCheck: Name
16:18:30.3 (41583537)|ENTERING_MANAGED_PKG|
16:18:30.3 (41792983)|HEAP_ALLOCATE|[174]|Bytes:8
16:18:30.3 (41810357)|STATEMENT_EXECUTE|[174]
16:18:30.3 (41812672)|STATEMENT_EXECUTE|[182]
16:18:30.3 (41818783)|HEAP_ALLOCATE|[182]|Bytes:39
16:18:30.3 (41831947)|ENTERING_MANAGED_PKG|
16:18:30.3 (41839288)|USER_DEBUG|[182]|DEBUG|######## User has access to field: Name
16:18:30.3 (41853777)|HEAP_ALLOCATE|[171]|Bytes:5
16:18:30.3 (41870511)|VARIABLE_ASSIGNMENT|[171]|fieldToCheck|null
16:18:30.3 (41880150)|HEAP_ALLOCATE|[164]|Bytes:5
16:18:30.3 (41891906)|VARIABLE_ASSIGNMENT|[164]|objectName|null
16:18:30.3 (41896051)|STATEMENT_EXECUTE|[190]
16:18:30.3 (41932743)|ENTERING_MANAGED_PKG|
16:18:30.3 (41961860)|HEAP_ALLOCATE|[190]|Bytes:4
16:18:30.3 (42599119)|SOQL_EXECUTE_BEGIN|[190]|Aggregations:0|Select id, testautonumdata__Candidate__c, testautonumdata__Candidate__r.testautonumdata__Full_Name__c, testautonumdata__Candidate__r.testautonumdata__Position__r.Name, testautonumdata__Date__c, testautonumdata__Interview_Type__c FROM testautonumdata__Interview__c where testautonumdata__Status__c = 'Pending' order by testautonumdata__Candidate__r.testautonumdata__Full_Name__c asc limit 8
16:18:30.3 (64083400)|SOQL_EXECUTE_END|[190]|Rows:2
16:18:30.3 (64136841)|HEAP_ALLOCATE|[190]|Bytes:12
16:18:30.3 (64175858)|HEAP_ALLOCATE|[190]|Bytes:840
16:18:30.3 (64286123)|HEAP_ALLOCATE|[190]|Bytes:12
16:18:30.3 (64318133)|VARIABLE_SCOPE_BEGIN|[190]|lstQueriedRecords|List<SObject>|true|false
16:18:30.3 (64406071)|VARIABLE_ASSIGNMENT|[190]|lstQueriedRecords|{"s":1,"v":[{"s":2,"v":{"Id":"a0NB0000000RasPMAS","testautonumdata__Can (9 more) ...":"a0MB0000000cQdIMAU","testautonumdata__Dat (4 more) ...":"10/26/2016","testautonumdata__Int (14 more) ...":"Recruiter Interview","testautonumdata__Can (9 more) ...":{"s":3,"v":{"testautonumdata__Ful (9 more) ...":"Lizz Brooks","testautonumdata__Pos (8 more) ...":"a0LB0000000sexWMAQ","Id":"a0MB0000000cQdIMAU","testautonumdata__Pos (8 more) ...":{"s":4,"v":{"Name":"Project Coordinator","Id":"a0LB0000000sexWMAQ"}}}}}},{"s":5,"v":{"Id":"a0NB0000000TaTOMA0","testautonumdata__Can (9 more) ...":"a0MB0000000cQXFMA2","testautonumdata__Dat (4 more) ...":"11/9/2016","testautonumdata__Int (14 more) ...":"Technical Interview","testautonumdata__Can (9 more) ...":{"s":6,"v":{"testautonumdata__Ful (9 more) ...":"Rodrigo Reboucas","testautonumdata__Pos (8 more) ...":"a0LB0000000seqpMAA","Id":"a0MB0000000cQXFMA2","testautonumdata__Pos (8 more) ...":{"s":7,"v":{"Name":"Architect - Force.co (1 more) ...","Id":"a0LB0000000seqpMAA"}}}}}}]}|0x426be7a4
16:18:30.3 (64419738)|STATEMENT_EXECUTE|[192]
16:18:30.3 (64428322)|HEAP_ALLOCATE|[192]|Bytes:28
16:18:30.3 (64464768)|ENTERING_MANAGED_PKG|
16:18:30.3 (64588889)|HEAP_ALLOCATE|[192]|Bytes:395
16:18:30.3 (64610413)|HEAP_ALLOCATE|[192]|Bytes:423
16:18:30.3 (64632659)|ENTERING_MANAGED_PKG|
16:18:30.3 (64645255)|USER_DEBUG|[192]|DEBUG|######## lstQueriedRecords: (testautonumdata__Interview__c:{Id=a0NB0000000RasPMAS, testautonumdata__Candidate__c=a0MB0000000cQdIMAU, testautonumdata__Date__c=10/26/2016, testautonumdata__Interview_Type__c=Recruiter Interview}, testautonumdata__Interview__c:{Id=a0NB0000000TaTOMA0, testautonumdata__Candidate__c=a0MB0000000cQXFMA2, testautonumdata__Date__c=11/9/2016, testautonumdata__Interview_Type__c=Technical Interview})
16:18:30.3 (64745576)|ENTERING_MANAGED_PKG|
16:18:30.3 (64949475)|HEAP_ALLOCATE|[196]|Bytes:5
16:18:30.3 (64992182)|HEAP_ALLOCATE|[196]|Bytes:24
16:18:30.3 (65016364)|VARIABLE_SCOPE_BEGIN|[196]|e|SObject|true|false
16:18:30.3 (65048625)|VARIABLE_ASSIGNMENT|[196]|e|{"s":1,"v":{"Id":"a0NB0000000RasPMAS","testautonumdata__Can (9 more) ...":"a0MB0000000cQdIMAU","testautonumdata__Dat (4 more) ...":"10/26/2016","testautonumdata__Int (14 more) ...":"Recruiter Interview","testautonumdata__Can (9 more) ...":{"s":2,"v":{"testautonumdata__Ful (9 more) ...":"Lizz Brooks","testautonumdata__Pos (8 more) ...":"a0LB0000000sexWMAQ","Id":"a0MB0000000cQdIMAU","testautonumdata__Pos (8 more) ...":{"s":3,"v":{"Name":"Project Coordinator","Id":"a0LB0000000sexWMAQ"}}}}}}|0x4a844c2c
16:18:30.3 (65055277)|STATEMENT_EXECUTE|[197]
16:18:30.3 (65057305)|STATEMENT_EXECUTE|[198]
16:18:30.3 (65061583)|HEAP_ALLOCATE|[198]|Bytes:12
16:18:30.3 (65081477)|ENTERING_MANAGED_PKG|
16:18:30.3 (65140777)|HEAP_ALLOCATE|[198]|Bytes:196
16:18:30.3 (65157936)|HEAP_ALLOCATE|[198]|Bytes:208
16:18:30.3 (65171146)|ENTERING_MANAGED_PKG|
16:18:30.3 (65178984)|USER_DEBUG|[198]|DEBUG|######## e: testautonumdata__Interview__c:{Id=a0NB0000000RasPMAS, testautonumdata__Candidate__c=a0MB0000000cQdIMAU, testautonumdata__Date__c=10/26/2016, testautonumdata__Interview_Type__c=Recruiter Interview}
16:18:30.3 (65187011)|STATEMENT_EXECUTE|[199]
16:18:30.3 (65197134)|HEAP_ALLOCATE|[199]|Bytes:28
16:18:30.3 (65218206)|CONSTRUCTOR_ENTRY|[199]|01pB0000000lA1s|<init>()
16:18:30.3 (65245849)|VARIABLE_SCOPE_BEGIN|[1]|this|testautonumdata.InterviewsLCServerController|true|false
16:18:30.3 (65291372)|VARIABLE_ASSIGNMENT|[1]|this|{}|0x526dc5f4
16:18:30.3 (65301662)|HEAP_ALLOCATE|[EXTERNAL]|Bytes:5
16:18:30.3 (65318453)|HEAP_ALLOCATE|[EXTERNAL]|Bytes:6
16:18:30.3 (65361421)|STATEMENT_EXECUTE|[1]
16:18:30.3 (65365915)|HEAP_ALLOCATE|[EXTERNAL]|Bytes:5
16:18:30.3 (65368477)|STATEMENT_EXECUTE|[6]
16:18:30.3 (65370274)|STATEMENT_EXECUTE|[8]
16:18:30.3 (65371613)|STATEMENT_EXECUTE|[10]
16:18:30.3 (65372793)|STATEMENT_EXECUTE|[12]
16:18:30.3 (65373783)|STATEMENT_EXECUTE|[14]
16:18:30.3 (65375035)|STATEMENT_EXECUTE|[16]
16:18:30.3 (65385328)|CONSTRUCTOR_EXIT|[199]|01pB0000000lA1s|<init>()
16:18:30.3 (65390061)|VARIABLE_SCOPE_BEGIN|[199]|i|testautonumdata.InterviewsLCServerController|true|false
16:18:30.3 (65414047)|VARIABLE_ASSIGNMENT|[199]|i|{}|0x526dc5f4
16:18:30.3 (65417124)|STATEMENT_EXECUTE|[202]
16:18:30.3 (65421089)|HEAP_ALLOCATE|[202]|Bytes:2
16:18:30.3 (65447756)|ENTERING_MANAGED_PKG|
16:18:30.3 (65495532)|HEAP_ALLOCATE|[202]|Bytes:4
16:18:30.3 (65517175)|ENTERING_MANAGED_PKG|
16:18:30.3 (65521309)|HEAP_ALLOCATE|[202]|Bytes:18
16:18:30.3 (65560424)|VARIABLE_ASSIGNMENT|[EXTERNAL]|this|{}|0x526dc5f4
16:18:30.3 (65570052)|VARIABLE_ASSIGNMENT|[EXTERNAL]|value|"a0NB0000000RasPMAS"
16:18:30.3 (65586777)|VARIABLE_ASSIGNMENT|[6]|this.recordID|"a0NB0000000RasPMAS"|0x526dc5f4
16:18:30.3 (65595626)|STATEMENT_EXECUTE|[204]
16:18:30.3 (65597147)|STATEMENT_EXECUTE|[205]
16:18:30.3 (65608868)|METHOD_ENTRY|[205]|01pB0000000lA1s|testautonumdata.InterviewsLCServerController.GetSobjectField(SObject, String)
16:18:30.3 (65624180)|VARIABLE_SCOPE_BEGIN|[241]|e|SObject|true|false
16:18:30.3 (65651652)|VARIABLE_ASSIGNMENT|[241]|e|{"s":1,"v":{"Id":"a0NB0000000RasPMAS","testautonumdata__Can (9 more) ...":"a0MB0000000cQdIMAU","testautonumdata__Dat (4 more) ...":"10/26/2016","testautonumdata__Int (14 more) ...":"Recruiter Interview","testautonumdata__Can (9 more) ...":{"s":2,"v":{"testautonumdata__Ful (9 more) ...":"Lizz Brooks","testautonumdata__Pos (8 more) ...":"a0LB0000000sexWMAQ","Id":"a0MB0000000cQdIMAU","testautonumdata__Pos (8 more) ...":{"s":3,"v":{"Name":"Project Coordinator","Id":"a0LB0000000sexWMAQ"}}}}}}|0x4a844c2c
16:18:30.3 (65657013)|VARIABLE_SCOPE_BEGIN|[241]|lcfield|String|false|false
16:18:30.3 (65663944)|VARIABLE_ASSIGNMENT|[241]|lcfield|"testautonumdata__Can (9 more) ..."
16:18:30.3 (65673453)|HEAP_ALLOCATE|[244]|Bytes:5
16:18:30.3 (65677406)|STATEMENT_EXECUTE|[242]
16:18:30.3 (65678670)|STATEMENT_EXECUTE|[244]
16:18:30.3 (65683697)|VARIABLE_SCOPE_BEGIN|[244]|returnValue|String|false|false
16:18:30.3 (65691532)|VARIABLE_ASSIGNMENT|[244]|returnValue|""
16:18:30.3 (65710424)|ENTERING_MANAGED_PKG|
16:18:30.3 (65736730)|STATEMENT_EXECUTE|[261]
16:18:30.3 (65749206)|ENTERING_MANAGED_PKG|
16:18:30.3 (65791247)|HEAP_ALLOCATE|[261]|Bytes:4
16:18:30.3 (65812339)|ENTERING_MANAGED_PKG|
16:18:30.3 (65816158)|HEAP_ALLOCATE|[261]|Bytes:18
16:18:30.3 (65832908)|VARIABLE_ASSIGNMENT|[261]|returnValue|"a0MB0000000cQdIMAU"
16:18:30.3 (65836501)|STATEMENT_EXECUTE|[263]
16:18:30.3 (65845994)|METHOD_EXIT|[205]|01pB0000000lA1s|testautonumdata.InterviewsLCServerController.GetSobjectField(SObject, String)
16:18:30.3 (65881673)|VARIABLE_ASSIGNMENT|[EXTERNAL]|this|{"recordID":"a0NB0000000RasPMAS"}|0x526dc5f4
16:18:30.3 (65889781)|VARIABLE_ASSIGNMENT|[EXTERNAL]|value|"a0MB0000000cQdIMAU"
16:18:30.3 (65900972)|VARIABLE_ASSIGNMENT|[8]|this.eventField|"a0MB0000000cQdIMAU"|0x526dc5f4
16:18:30.3 (65909477)|STATEMENT_EXECUTE|[208]
16:18:30.3 (65910990)|STATEMENT_EXECUTE|[209]
16:18:30.3 (65917507)|METHOD_ENTRY|[209]|01pB0000000lA1s|testautonumdata.InterviewsLCServerController.GetSobjectField(SObject, String)
16:18:30.3 (65931399)|VARIABLE_SCOPE_BEGIN|[241]|e|SObject|true|false
16:18:30.3 (65957675)|VARIABLE_ASSIGNMENT|[241]|e|{"s":1,"v":{"Id":"a0NB0000000RasPMAS","testautonumdata__Can (9 more) ...":"a0MB0000000cQdIMAU","testautonumdata__Dat (4 more) ...":"10/26/2016","testautonumdata__Int (14 more) ...":"Recruiter Interview","testautonumdata__Can (9 more) ...":{"s":2,"v":{"testautonumdata__Ful (9 more) ...":"Lizz Brooks","testautonumdata__Pos (8 more) ...":"a0LB0000000sexWMAQ","Id":"a0MB0000000cQdIMAU","testautonumdata__Pos (8 more) ...":{"s":3,"v":{"Name":"Project Coordinator","Id":"a0LB0000000sexWMAQ"}}}}}}|0x4a844c2c
16:18:30.3 (65963617)|VARIABLE_SCOPE_BEGIN|[241]|lcfield|String|false|false
16:18:30.3 (65970215)|VARIABLE_ASSIGNMENT|[241]|lcfield|"testautonumdata__Can (39 more) ..."
16:18:30.3 (65977929)|HEAP_ALLOCATE|[244]|Bytes:5
16:18:30.3 (65981333)|STATEMENT_EXECUTE|[242]
16:18:30.3 (65982552)|STATEMENT_EXECUTE|[244]
16:18:30.3 (65986213)|VARIABLE_SCOPE_BEGIN|[244]|returnValue|String|false|false
16:18:30.3 (65992743)|VARIABLE_ASSIGNMENT|[244]|returnValue|""
16:18:30.3 (66009570)|ENTERING_MANAGED_PKG|
16:18:30.3 (66019760)|STATEMENT_EXECUTE|[247]
16:18:30.3 (66021385)|STATEMENT_EXECUTE|[248]
16:18:30.3 (66031811)|ENTERING_MANAGED_PKG|
16:18:30.3 (66049632)|HEAP_ALLOCATE|[248]|Bytes:29
16:18:30.3 (66060312)|VARIABLE_SCOPE_BEGIN|[248]|relName|String|false|false
16:18:30.3 (66072234)|VARIABLE_ASSIGNMENT|[248]|relName|"testautonumdata__Can (9 more) ..."
16:18:30.3 (66075215)|STATEMENT_EXECUTE|[249]
16:18:30.3 (66090317)|ENTERING_MANAGED_PKG|
16:18:30.3 (66107312)|HEAP_ALLOCATE|[249]|Bytes:29
16:18:30.3 (66118166)|VARIABLE_SCOPE_BEGIN|[249]|relField|String|false|false
16:18:30.3 (66129225)|VARIABLE_ASSIGNMENT|[249]|relField|"testautonumdata__Ful (9 more) ..."
16:18:30.3 (66143687)|ENTERING_MANAGED_PKG|
16:18:30.3 (66166124)|STATEMENT_EXECUTE|[257]
16:18:30.3 (66183119)|ENTERING_MANAGED_PKG|
16:18:30.3 (66248996)|HEAP_ALLOCATE|[257]|Bytes:20
16:18:30.3 (66271278)|ENTERING_MANAGED_PKG|
16:18:30.3 (66297744)|HEAP_ALLOCATE|[257]|Bytes:11
16:18:30.3 (66316748)|ENTERING_MANAGED_PKG|
16:18:30.3 (66320193)|HEAP_ALLOCATE|[257]|Bytes:11
16:18:30.3 (66337012)|VARIABLE_ASSIGNMENT|[257]|returnValue|"Lizz Brooks"
16:18:30.3 (66340969)|STATEMENT_EXECUTE|[263]
16:18:30.3 (66349352)|METHOD_EXIT|[209]|01pB0000000lA1s|testautonumdata.InterviewsLCServerController.GetSobjectField(SObject, String)
16:18:30.3 (66386333)|VARIABLE_ASSIGNMENT|[EXTERNAL]|this|{"eventField":"a0MB0000000cQdIMAU","recordID":"a0NB0000000RasPMAS"}|0x526dc5f4
16:18:30.3 (66394696)|VARIABLE_ASSIGNMENT|[EXTERNAL]|value|"Lizz Brooks"
16:18:30.3 (66404885)|VARIABLE_ASSIGNMENT|[10]|this.column1|"Lizz Brooks"|0x526dc5f4
16:18:30.3 (66413255)|STATEMENT_EXECUTE|[212]
16:18:30.3 (66414928)|STATEMENT_EXECUTE|[213]
16:18:30.3 (66421293)|METHOD_ENTRY|[213]|01pB0000000lA1s|testautonumdata.InterviewsLCServerController.GetSobjectField(SObject, String)
16:18:30.3 (66435000)|VARIABLE_SCOPE_BEGIN|[241]|e|SObject|true|false
16:18:30.3 (66461056)|VARIABLE_ASSIGNMENT|[241]|e|{"s":1,"v":{"Id":"a0NB0000000RasPMAS","testautonumdata__Can (9 more) ...":"a0MB0000000cQdIMAU","testautonumdata__Dat (4 more) ...":"10/26/2016","testautonumdata__Int (14 more) ...":"Recruiter Interview","testautonumdata__Can (9 more) ...":{"s":2,"v":{"testautonumdata__Ful (9 more) ...":"Lizz Brooks","testautonumdata__Pos (8 more) ...":"a0LB0000000sexWMAQ","Id":"a0MB0000000cQdIMAU","testautonumdata__Pos (8 more) ...":{"s":3,"v":{"Name":"Project Coordinator","Id":"a0LB0000000sexWMAQ"}}}}}}|0x4a844c2c
16:18:30.3 (66466318)|VARIABLE_SCOPE_BEGIN|[241]|lcfield|String|false|false
16:18:30.3 (66472771)|VARIABLE_ASSIGNMENT|[241]|lcfield|"testautonumdata__Can (43 more) ..."
16:18:30.3 (66480469)|HEAP_ALLOCATE|[244]|Bytes:5
16:18:30.3 (66484066)|STATEMENT_EXECUTE|[242]
16:18:30.3 (66485370)|STATEMENT_EXECUTE|[244]
16:18:30.3 (66489028)|VARIABLE_SCOPE_BEGIN|[244]|returnValue|String|false|false
16:18:30.3 (66495493)|VARIABLE_ASSIGNMENT|[244]|returnValue|""
16:18:30.3 (66512329)|ENTERING_MANAGED_PKG|
16:18:30.3 (66521336)|STATEMENT_EXECUTE|[247]
16:18:30.3 (66522844)|STATEMENT_EXECUTE|[248]
16:18:30.3 (66530729)|ENTERING_MANAGED_PKG|
16:18:30.3 (66534446)|HEAP_ALLOCATE|[248]|Bytes:29
16:18:30.3 (66542473)|VARIABLE_SCOPE_BEGIN|[248]|relName|String|false|false
16:18:30.3 (66552702)|VARIABLE_ASSIGNMENT|[248]|relName|"testautonumdata__Can (9 more) ..."
16:18:30.3 (66555247)|STATEMENT_EXECUTE|[249]
16:18:30.3 (66566594)|ENTERING_MANAGED_PKG|
16:18:30.3 (66570320)|HEAP_ALLOCATE|[249]|Bytes:33
16:18:30.3 (66579129)|VARIABLE_SCOPE_BEGIN|[249]|relField|String|false|false
16:18:30.3 (66588725)|VARIABLE_ASSIGNMENT|[249]|relField|"testautonumdata__Pos (13 more) ..."
16:18:30.3 (66599956)|ENTERING_MANAGED_PKG|
16:18:30.3 (66607687)|STATEMENT_EXECUTE|[251]
16:18:30.3 (66609199)|STATEMENT_EXECUTE|[252]
16:18:30.3 (66618199)|ENTERING_MANAGED_PKG|
16:18:30.3 (66634475)|HEAP_ALLOCATE|[252]|Bytes:28
16:18:30.3 (66644694)|VARIABLE_SCOPE_BEGIN|[252]|relName2|String|false|false
16:18:30.3 (66655657)|VARIABLE_ASSIGNMENT|[252]|relName2|"testautonumdata__Pos (8 more) ..."
16:18:30.3 (66658492)|STATEMENT_EXECUTE|[253]
16:18:30.3 (66672641)|ENTERING_MANAGED_PKG|
16:18:30.3 (66687804)|HEAP_ALLOCATE|[253]|Bytes:4
16:18:30.3 (66698494)|VARIABLE_SCOPE_BEGIN|[253]|relField2|String|false|false
16:18:30.3 (66708298)|VARIABLE_ASSIGNMENT|[253]|relField2|"Name"
16:18:30.3 (66711078)|STATEMENT_EXECUTE|[254]
16:18:30.3 (66725316)|ENTERING_MANAGED_PKG|
16:18:30.3 (66770189)|HEAP_ALLOCATE|[254]|Bytes:20
16:18:30.3 (66792346)|ENTERING_MANAGED_PKG|
16:18:30.3 (66829383)|HEAP_ALLOCATE|[254]|Bytes:12
16:18:30.3 (66849822)|ENTERING_MANAGED_PKG|
16:18:30.3 (66874128)|HEAP_ALLOCATE|[254]|Bytes:19
16:18:30.3 (66893217)|ENTERING_MANAGED_PKG|
16:18:30.3 (66896530)|HEAP_ALLOCATE|[254]|Bytes:19
16:18:30.3 (66913220)|VARIABLE_ASSIGNMENT|[254]|returnValue|"Project Coordinator"
16:18:30.3 (66916788)|STATEMENT_EXECUTE|[263]
16:18:30.3 (66924770)|METHOD_EXIT|[213]|01pB0000000lA1s|testautonumdata.InterviewsLCServerController.GetSobjectField(SObject, String)
16:18:30.3 (66961820)|VARIABLE_ASSIGNMENT|[EXTERNAL]|this|{"column1":"Lizz Brooks","eventField":"a0MB0000000cQdIMAU","recordID":"a0NB0000000RasPMAS"}|0x526dc5f4
16:18:30.3 (66970563)|VARIABLE_ASSIGNMENT|[EXTERNAL]|value|"Project Coordinator"
16:18:30.3 (66981253)|VARIABLE_ASSIGNMENT|[12]|this.column2|"Project Coordinator"|0x526dc5f4
16:18:30.3 (66989304)|STATEMENT_EXECUTE|[217]
16:18:30.3 (66990796)|STATEMENT_EXECUTE|[218]
16:18:30.3 (66997168)|METHOD_ENTRY|[218]|01pB0000000lA1s|testautonumdata.InterviewsLCServerController.GetSobjectField(SObject, String)
16:18:30.3 (67011181)|VARIABLE_SCOPE_BEGIN|[241]|e|SObject|true|false
16:18:30.3 (67037452)|VARIABLE_ASSIGNMENT|[241]|e|{"s":1,"v":{"Id":"a0NB0000000RasPMAS","testautonumdata__Can (9 more) ...":"a0MB0000000cQdIMAU","testautonumdata__Dat (4 more) ...":"10/26/2016","testautonumdata__Int (14 more) ...":"Recruiter Interview","testautonumdata__Can (9 more) ...":{"s":2,"v":{"testautonumdata__Ful (9 more) ...":"Lizz Brooks","testautonumdata__Pos (8 more) ...":"a0LB0000000sexWMAQ","Id":"a0MB0000000cQdIMAU","testautonumdata__Pos (8 more) ...":{"s":3,"v":{"Name":"Project Coordinator","Id":"a0LB0000000sexWMAQ"}}}}}}|0x4a844c2c
16:18:30.3 (67042751)|VARIABLE_SCOPE_BEGIN|[241]|lcfield|String|false|false
16:18:30.3 (67048758)|VARIABLE_ASSIGNMENT|[241]|lcfield|"testautonumdata__Dat (4 more) ..."
16:18:30.3 (67056592)|HEAP_ALLOCATE|[244]|Bytes:5
16:18:30.3 (67060051)|STATEMENT_EXECUTE|[242]
16:18:30.3 (67061251)|STATEMENT_EXECUTE|[244]
16:18:30.3 (67064932)|VARIABLE_SCOPE_BEGIN|[244]|returnValue|String|false|false
16:18:30.3 (67071532)|VARIABLE_ASSIGNMENT|[244]|returnValue|""
16:18:30.3 (67088047)|ENTERING_MANAGED_PKG|
16:18:30.3 (67097166)|STATEMENT_EXECUTE|[261]
16:18:30.3 (67105449)|ENTERING_MANAGED_PKG|
16:18:30.3 (67127073)|HEAP_ALLOCATE|[261]|Bytes:10
16:18:30.3 (67144462)|ENTERING_MANAGED_PKG|
16:18:30.3 (67147830)|HEAP_ALLOCATE|[261]|Bytes:10
16:18:30.3 (67163212)|VARIABLE_ASSIGNMENT|[261]|returnValue|"10/26/2016"
16:18:30.3 (67166338)|STATEMENT_EXECUTE|[263]
16:18:30.3 (67174102)|METHOD_EXIT|[218]|01pB0000000lA1s|testautonumdata.InterviewsLCServerController.GetSobjectField(SObject, String)
16:18:30.3 (67210796)|VARIABLE_ASSIGNMENT|[EXTERNAL]|this|{"column1":"Lizz Brooks","column2":"Project Coordinator","eventField":"a0MB0000000cQdIMAU","recordID":"a0NB0000000RasPMAS"}|0x526dc5f4
16:18:30.3 (67219592)|VARIABLE_ASSIGNMENT|[EXTERNAL]|value|"10/26/2016"
16:18:30.3 (67234044)|VARIABLE_ASSIGNMENT|[14]|this.column3|"10/26/2016"|0x526dc5f4
16:18:30.3 (67242699)|STATEMENT_EXECUTE|[222]
16:18:30.3 (67244297)|STATEMENT_EXECUTE|[223]
16:18:30.3 (67250657)|METHOD_ENTRY|[223]|01pB0000000lA1s|testautonumdata.InterviewsLCServerController.GetSobjectField(SObject, String)
16:18:30.3 (67263856)|VARIABLE_SCOPE_BEGIN|[241]|e|SObject|true|false
16:18:30.3 (67288783)|VARIABLE_ASSIGNMENT|[241]|e|{"s":1,"v":{"Id":"a0NB0000000RasPMAS","testautonumdata__Can (9 more) ...":"a0MB0000000cQdIMAU","testautonumdata__Dat (4 more) ...":"10/26/2016","testautonumdata__Int (14 more) ...":"Recruiter Interview","testautonumdata__Can (9 more) ...":{"s":2,"v":{"testautonumdata__Ful (9 more) ...":"Lizz Brooks","testautonumdata__Pos (8 more) ...":"a0LB0000000sexWMAQ","Id":"a0MB0000000cQdIMAU","testautonumdata__Pos (8 more) ...":{"s":3,"v":{"Name":"Project Coordinator","Id":"a0LB0000000sexWMAQ"}}}}}}|0x4a844c2c
16:18:30.3 (67294104)|VARIABLE_SCOPE_BEGIN|[241]|lcfield|String|false|false
16:18:30.3 (67300238)|VARIABLE_ASSIGNMENT|[241]|lcfield|"testautonumdata__Int (14 more) ..."
16:18:30.3 (67307911)|HEAP_ALLOCATE|[244]|Bytes:5
16:18:30.3 (67311300)|STATEMENT_EXECUTE|[242]
16:18:30.3 (67312466)|STATEMENT_EXECUTE|[244]
16:18:30.3 (67315860)|VARIABLE_SCOPE_BEGIN|[244]|returnValue|String|false|false
16:18:30.3 (67322281)|VARIABLE_ASSIGNMENT|[244]|returnValue|""
16:18:30.3 (67338515)|ENTERING_MANAGED_PKG|
16:18:30.3 (67347421)|STATEMENT_EXECUTE|[261]
16:18:30.3 (67355624)|ENTERING_MANAGED_PKG|
16:18:30.3 (67376921)|HEAP_ALLOCATE|[261]|Bytes:19
16:18:30.3 (67393752)|ENTERING_MANAGED_PKG|
16:18:30.3 (67397138)|HEAP_ALLOCATE|[261]|Bytes:19
16:18:30.3 (67413072)|VARIABLE_ASSIGNMENT|[261]|returnValue|"Recruiter Interview"
16:18:30.3 (67416278)|STATEMENT_EXECUTE|[263]
16:18:30.3 (67424004)|METHOD_EXIT|[223]|01pB0000000lA1s|testautonumdata.InterviewsLCServerController.GetSobjectField(SObject, String)
16:18:30.3 (67461381)|VARIABLE_ASSIGNMENT|[EXTERNAL]|this|{"column1":"Lizz Brooks","column2":"Project Coordinator","column3":"10/26/2016","eventField":"a0MB0000000cQdIMAU","recordID":"a0NB0000000RasPMAS"}|0x526dc5f4
16:18:30.3 (67470009)|VARIABLE_ASSIGNMENT|[EXTERNAL]|value|"Recruiter Interview"
16:18:30.3 (67480622)|VARIABLE_ASSIGNMENT|[16]|this.column4|"Recruiter Interview"|0x526dc5f4
16:18:30.3 (67488387)|STATEMENT_EXECUTE|[227]
16:18:30.3 (67506080)|ENTERING_MANAGED_PKG|
16:18:30.3 (67536861)|HEAP_ALLOCATE|[EXTERNAL]|Bytes:4
16:18:30.3 (67546400)|STATEMENT_EXECUTE|[229]
16:18:30.3 (67550664)|HEAP_ALLOCATE|[229]|Bytes:12
16:18:30.3 (67566687)|ENTERING_MANAGED_PKG|
16:18:30.3 (67649479)|HEAP_ALLOCATE|[229]|Bytes:464
16:18:30.3 (67666087)|HEAP_ALLOCATE|[229]|Bytes:476
16:18:30.3 (67680349)|ENTERING_MANAGED_PKG|
16:18:30.3 (67688348)|USER_DEBUG|[229]|DEBUG|######## i: InterviewsLCServerController:[column1=Lizz Brooks, column2=Project Coordinator, column3=10/26/2016, column4=Recruiter Interview, eventField=a0MB0000000cQdIMAU, mapObjectsFields={testautonumdata__Candidate__c={testautonumdata__Full_Name__c}, testautonumdata__Interview__c={Id, testautonumdata__Candidate__c, testautonumdata__Date__c, testautonumdata__Interview_Type__c, testautonumdata__Status__c}, testautonumdata__Position__c={Name}}, recordID=a0NB0000000RasPMAS]
16:18:30.3 (67706218)|HEAP_ALLOCATE|[196]|Bytes:5
16:18:30.3 (67733740)|HEAP_ALLOCATE|[196]|Bytes:24
16:18:30.3 (67745525)|VARIABLE_SCOPE_BEGIN|[196]|e|SObject|true|false
16:18:30.3 (67776409)|VARIABLE_ASSIGNMENT|[196]|e|{"s":1,"v":{"Id":"a0NB0000000TaTOMA0","testautonumdata__Can (9 more) ...":"a0MB0000000cQXFMA2","testautonumdata__Dat (4 more) ...":"11/9/2016","testautonumdata__Int (14 more) ...":"Technical Interview","testautonumdata__Can (9 more) ...":{"s":2,"v":{"testautonumdata__Ful (9 more) ...":"Rodrigo Reboucas","testautonumdata__Pos (8 more) ...":"a0LB0000000seqpMAA","Id":"a0MB0000000cQXFMA2","testautonumdata__Pos (8 more) ...":{"s":3,"v":{"Name":"Architect - Force.co (1 more) ...","Id":"a0LB0000000seqpMAA"}}}}}}|0x1012ca56
16:18:30.3 (67783237)|STATEMENT_EXECUTE|[197]
16:18:30.3 (67784633)|STATEMENT_EXECUTE|[198]
16:18:30.3 (67801158)|ENTERING_MANAGED_PKG|
16:18:30.3 (67840879)|HEAP_ALLOCATE|[198]|Bytes:195
16:18:30.3 (67855727)|HEAP_ALLOCATE|[198]|Bytes:207
16:18:30.3 (67865726)|ENTERING_MANAGED_PKG|
16:18:30.3 (67872933)|USER_DEBUG|[198]|DEBUG|######## e: testautonumdata__Interview__c:{Id=a0NB0000000TaTOMA0, testautonumdata__Candidate__c=a0MB0000000cQXFMA2, testautonumdata__Date__c=11/9/2016, testautonumdata__Interview_Type__c=Technical Interview}
16:18:30.3 (67880278)|STATEMENT_EXECUTE|[199]
16:18:30.3 (67885152)|HEAP_ALLOCATE|[199]|Bytes:28
16:18:30.3 (67893728)|CONSTRUCTOR_ENTRY|[199]|01pB0000000lA1s|<init>()
16:18:30.3 (67898046)|VARIABLE_SCOPE_BEGIN|[1]|this|testautonumdata.InterviewsLCServerController|true|false
16:18:30.3 (67923044)|VARIABLE_ASSIGNMENT|[1]|this|{}|0x62af05ec
16:18:30.3 (67930486)|HEAP_ALLOCATE|[EXTERNAL]|Bytes:5
16:18:30.3 (67945324)|STATEMENT_EXECUTE|[1]
16:18:30.3 (67948517)|HEAP_ALLOCATE|[EXTERNAL]|Bytes:5
16:18:30.3 (67950695)|STATEMENT_EXECUTE|[6]
16:18:30.3 (67951977)|STATEMENT_EXECUTE|[8]
16:18:30.3 (67952970)|STATEMENT_EXECUTE|[10]
16:18:30.3 (67954102)|STATEMENT_EXECUTE|[12]
16:18:30.3 (67955080)|STATEMENT_EXECUTE|[14]
16:18:30.3 (67956044)|STATEMENT_EXECUTE|[16]
16:18:30.3 (67964893)|CONSTRUCTOR_EXIT|[199]|01pB0000000lA1s|<init>()
16:18:30.3 (67969160)|VARIABLE_SCOPE_BEGIN|[199]|i|testautonumdata.InterviewsLCServerController|true|false
16:18:30.3 (67990176)|VARIABLE_ASSIGNMENT|[199]|i|{}|0x62af05ec
16:18:30.3 (67993014)|STATEMENT_EXECUTE|[202]
16:18:30.3 (68010057)|ENTERING_MANAGED_PKG|
16:18:30.3 (68031628)|HEAP_ALLOCATE|[202]|Bytes:4
16:18:30.3 (68049969)|ENTERING_MANAGED_PKG|
16:18:30.3 (68053508)|HEAP_ALLOCATE|[202]|Bytes:18
16:18:30.3 (68085492)|VARIABLE_ASSIGNMENT|[EXTERNAL]|this|{}|0x62af05ec
16:18:30.3 (68093960)|VARIABLE_ASSIGNMENT|[EXTERNAL]|value|"a0NB0000000TaTOMA0"
16:18:30.3 (68104903)|VARIABLE_ASSIGNMENT|[6]|this.recordID|"a0NB0000000TaTOMA0"|0x62af05ec
16:18:30.3 (68112728)|STATEMENT_EXECUTE|[204]
16:18:30.3 (68114097)|STATEMENT_EXECUTE|[205]
16:18:30.3 (68119505)|METHOD_ENTRY|[205]|01pB0000000lA1s|testautonumdata.InterviewsLCServerController.GetSobjectField(SObject, String)
16:18:30.3 (68123270)|VARIABLE_SCOPE_BEGIN|[241]|e|SObject|true|false
16:18:30.3 (68148011)|VARIABLE_ASSIGNMENT|[241]|e|{"s":1,"v":{"Id":"a0NB0000000TaTOMA0","testautonumdata__Can (9 more) ...":"a0MB0000000cQXFMA2","testautonumdata__Dat (4 more) ...":"11/9/2016","testautonumdata__Int (14 more) ...":"Technical Interview","testautonumdata__Can (9 more) ...":{"s":2,"v":{"testautonumdata__Ful (9 more) ...":"Rodrigo Reboucas","testautonumdata__Pos (8 more) ...":"a0LB0000000seqpMAA","Id":"a0MB0000000cQXFMA2","testautonumdata__Pos (8 more) ...":{"s":3,"v":{"Name":"Architect - Force.co (1 more) ...","Id":"a0LB0000000seqpMAA"}}}}}}|0x1012ca56
16:18:30.3 (68153432)|VARIABLE_SCOPE_BEGIN|[241]|lcfield|String|false|false
16:18:30.3 (68159493)|VARIABLE_ASSIGNMENT|[241]|lcfield|"testautonumdata__Can (9 more) ..."
16:18:30.3 (68166866)|HEAP_ALLOCATE|[244]|Bytes:5
16:18:30.3 (68170354)|STATEMENT_EXECUTE|[242]
16:18:30.3 (68171564)|STATEMENT_EXECUTE|[244]
16:18:30.3 (68175087)|VARIABLE_SCOPE_BEGIN|[244]|returnValue|String|false|false
16:18:30.3 (68181766)|VARIABLE_ASSIGNMENT|[244]|returnValue|""
16:18:30.3 (68197475)|ENTERING_MANAGED_PKG|
16:18:30.3 (68206260)|STATEMENT_EXECUTE|[261]
16:18:30.3 (68214515)|ENTERING_MANAGED_PKG|
16:18:30.3 (68244084)|HEAP_ALLOCATE|[261]|Bytes:4
16:18:30.3 (68262703)|ENTERING_MANAGED_PKG|
16:18:30.3 (68266252)|HEAP_ALLOCATE|[261]|Bytes:18
16:18:30.3 (68282111)|VARIABLE_ASSIGNMENT|[261]|returnValue|"a0MB0000000cQXFMA2"
16:18:30.3 (68285380)|STATEMENT_EXECUTE|[263]
16:18:30.3 (68293156)|METHOD_EXIT|[205]|01pB0000000lA1s|testautonumdata.InterviewsLCServerController.GetSobjectField(SObject, String)
16:18:30.3 (68322835)|VARIABLE_ASSIGNMENT|[EXTERNAL]|this|{"recordID":"a0NB0000000TaTOMA0"}|0x62af05ec
16:18:30.3 (68330569)|VARIABLE_ASSIGNMENT|[EXTERNAL]|value|"a0MB0000000cQXFMA2"
16:18:30.3 (68340370)|VARIABLE_ASSIGNMENT|[8]|this.eventField|"a0MB0000000cQXFMA2"|0x62af05ec
16:18:30.3 (68347985)|STATEMENT_EXECUTE|[208]
16:18:30.3 (68349343)|STATEMENT_EXECUTE|[209]
16:18:30.3 (68354159)|METHOD_ENTRY|[209]|01pB0000000lA1s|testautonumdata.InterviewsLCServerController.GetSobjectField(SObject, String)
16:18:30.3 (68357936)|VARIABLE_SCOPE_BEGIN|[241]|e|SObject|true|false
16:18:30.3 (68382370)|VARIABLE_ASSIGNMENT|[241]|e|{"s":1,"v":{"Id":"a0NB0000000TaTOMA0","testautonumdata__Can (9 more) ...":"a0MB0000000cQXFMA2","testautonumdata__Dat (4 more) ...":"11/9/2016","testautonumdata__Int (14 more) ...":"Technical Interview","testautonumdata__Can (9 more) ...":{"s":2,"v":{"testautonumdata__Ful (9 more) ...":"Rodrigo Reboucas","testautonumdata__Pos (8 more) ...":"a0LB0000000seqpMAA","Id":"a0MB0000000cQXFMA2","testautonumdata__Pos (8 more) ...":{"s":3,"v":{"Name":"Architect - Force.co (1 more) ...","Id":"a0LB0000000seqpMAA"}}}}}}|0x1012ca56
16:18:30.3 (68387854)|VARIABLE_SCOPE_BEGIN|[241]|lcfield|String|false|false
16:18:30.3 (68393728)|VARIABLE_ASSIGNMENT|[241]|lcfield|"testautonumdata__Can (39 more) ..."
16:18:30.3 (68401119)|HEAP_ALLOCATE|[244]|Bytes:5
16:18:30.3 (68404602)|STATEMENT_EXECUTE|[242]
16:18:30.3 (68405741)|STATEMENT_EXECUTE|[244]
16:18:30.3 (68409266)|VARIABLE_SCOPE_BEGIN|[244]|returnValue|String|false|false
16:18:30.3 (68415619)|VARIABLE_ASSIGNMENT|[244]|returnValue|""
16:18:30.3 (68431422)|ENTERING_MANAGED_PKG|
16:18:30.3 (68440665)|STATEMENT_EXECUTE|[247]
16:18:30.3 (68442129)|STATEMENT_EXECUTE|[248]
16:18:30.3 (68449986)|ENTERING_MANAGED_PKG|
16:18:30.3 (68453625)|HEAP_ALLOCATE|[248]|Bytes:29
16:18:30.3 (68461502)|VARIABLE_SCOPE_BEGIN|[248]|relName|String|false|false
16:18:30.3 (68471513)|VARIABLE_ASSIGNMENT|[248]|relName|"testautonumdata__Can (9 more) ..."
16:18:30.3 (68474319)|STATEMENT_EXECUTE|[249]
16:18:30.3 (68485557)|ENTERING_MANAGED_PKG|
16:18:30.3 (68489174)|HEAP_ALLOCATE|[249]|Bytes:29
16:18:30.3 (68497623)|VARIABLE_SCOPE_BEGIN|[249]|relField|String|false|false
16:18:30.3 (68506982)|VARIABLE_ASSIGNMENT|[249]|relField|"testautonumdata__Ful (9 more) ..."
16:18:30.3 (68518140)|ENTERING_MANAGED_PKG|
16:18:30.3 (68525916)|STATEMENT_EXECUTE|[257]
16:18:30.3 (68534163)|ENTERING_MANAGED_PKG|
16:18:30.3 (68572681)|HEAP_ALLOCATE|[257]|Bytes:20
16:18:30.3 (68592900)|ENTERING_MANAGED_PKG|
16:18:30.3 (68617545)|HEAP_ALLOCATE|[257]|Bytes:16
16:18:30.3 (68635226)|ENTERING_MANAGED_PKG|
16:18:30.3 (68639001)|HEAP_ALLOCATE|[257]|Bytes:16
16:18:30.3 (68655301)|VARIABLE_ASSIGNMENT|[257]|returnValue|"Rodrigo Reboucas"
16:18:30.3 (68658629)|STATEMENT_EXECUTE|[263]
16:18:30.3 (68666419)|METHOD_EXIT|[209]|01pB0000000lA1s|testautonumdata.InterviewsLCServerController.GetSobjectField(SObject, String)
16:18:30.3 (68697709)|VARIABLE_ASSIGNMENT|[EXTERNAL]|this|{"eventField":"a0MB0000000cQXFMA2","recordID":"a0NB0000000TaTOMA0"}|0x62af05ec
16:18:30.3 (68705591)|VARIABLE_ASSIGNMENT|[EXTERNAL]|value|"Rodrigo Reboucas"
16:18:30.3 (68715070)|VARIABLE_ASSIGNMENT|[10]|this.column1|"Rodrigo Reboucas"|0x62af05ec
16:18:30.3 (68722859)|STATEMENT_EXECUTE|[212]
16:18:30.3 (68724265)|STATEMENT_EXECUTE|[213]
16:18:30.3 (68729281)|METHOD_ENTRY|[213]|01pB0000000lA1s|testautonumdata.InterviewsLCServerController.GetSobjectField(SObject, String)
16:18:30.3 (68732887)|VARIABLE_SCOPE_BEGIN|[241]|e|SObject|true|false
16:18:30.3 (68757208)|VARIABLE_ASSIGNMENT|[241]|e|{"s":1,"v":{"Id":"a0NB0000000TaTOMA0","testautonumdata__Can (9 more) ...":"a0MB0000000cQXFMA2","testautonumdata__Dat (4 more) ...":"11/9/2016","testautonumdata__Int (14 more) ...":"Technical Interview","testautonumdata__Can (9 more) ...":{"s":2,"v":{"testautonumdata__Ful (9 more) ...":"Rodrigo Reboucas","testautonumdata__Pos (8 more) ...":"a0LB0000000seqpMAA","Id":"a0MB0000000cQXFMA2","testautonumdata__Pos (8 more) ...":{"s":3,"v":{"Name":"Architect - Force.co (1 more) ...","Id":"a0LB0000000seqpMAA"}}}}}}|0x1012ca56
16:18:30.3 (68762797)|VARIABLE_SCOPE_BEGIN|[241]|lcfield|String|false|false
16:18:30.3 (68768555)|VARIABLE_ASSIGNMENT|[241]|lcfield|"testautonumdata__Can (43 more) ..."
16:18:30.3 (68775804)|HEAP_ALLOCATE|[244]|Bytes:5
16:18:30.3 (68779226)|STATEMENT_EXECUTE|[242]
16:18:30.3 (68780347)|STATEMENT_EXECUTE|[244]
16:18:30.3 (68783745)|VARIABLE_SCOPE_BEGIN|[244]|returnValue|String|false|false
16:18:30.3 (68789930)|VARIABLE_ASSIGNMENT|[244]|returnValue|""
16:18:30.3 (68805685)|ENTERING_MANAGED_PKG|
16:18:30.3 (68814594)|STATEMENT_EXECUTE|[247]
16:18:30.3 (68816075)|STATEMENT_EXECUTE|[248]
16:18:30.3 (68823895)|ENTERING_MANAGED_PKG|
16:18:30.3 (68827472)|HEAP_ALLOCATE|[248]|Bytes:29
16:18:30.3 (68835371)|VARIABLE_SCOPE_BEGIN|[248]|relName|String|false|false
16:18:30.3 (68845082)|VARIABLE_ASSIGNMENT|[248]|relName|"testautonumdata__Can (9 more) ..."
16:18:30.3 (68848075)|STATEMENT_EXECUTE|[249]
16:18:30.3 (68859267)|ENTERING_MANAGED_PKG|
16:18:30.3 (68862834)|HEAP_ALLOCATE|[249]|Bytes:33
16:18:30.3 (68870866)|VARIABLE_SCOPE_BEGIN|[249]|relField|String|false|false
16:18:30.3 (68879796)|VARIABLE_ASSIGNMENT|[249]|relField|"testautonumdata__Pos (13 more) ..."
16:18:30.3 (68890852)|ENTERING_MANAGED_PKG|
16:18:30.3 (68898505)|STATEMENT_EXECUTE|[251]
16:18:30.3 (68899918)|STATEMENT_EXECUTE|[252]
16:18:30.3 (68907473)|ENTERING_MANAGED_PKG|
16:18:30.3 (68910626)|HEAP_ALLOCATE|[252]|Bytes:28
16:18:30.3 (68918316)|VARIABLE_SCOPE_BEGIN|[252]|relName2|String|false|false
16:18:30.3 (68927373)|VARIABLE_ASSIGNMENT|[252]|relName2|"testautonumdata__Pos (8 more) ..."
16:18:30.3 (68929832)|STATEMENT_EXECUTE|[253]
16:18:30.3 (68940516)|ENTERING_MANAGED_PKG|
16:18:30.3 (68943840)|HEAP_ALLOCATE|[253]|Bytes:4
16:18:30.3 (68951696)|VARIABLE_SCOPE_BEGIN|[253]|relField2|String|false|false
16:18:30.3 (68959800)|VARIABLE_ASSIGNMENT|[253]|relField2|"Name"
16:18:30.3 (68962418)|STATEMENT_EXECUTE|[254]
16:18:30.3 (68972850)|ENTERING_MANAGED_PKG|
16:18:30.3 (69003435)|HEAP_ALLOCATE|[254]|Bytes:20
16:18:30.3 (69024038)|ENTERING_MANAGED_PKG|
16:18:30.3 (69058500)|HEAP_ALLOCATE|[254]|Bytes:12
16:18:30.3 (69078125)|ENTERING_MANAGED_PKG|
16:18:30.3 (69100541)|HEAP_ALLOCATE|[254]|Bytes:21
16:18:30.3 (69118201)|ENTERING_MANAGED_PKG|
16:18:30.3 (69121534)|HEAP_ALLOCATE|[254]|Bytes:21
16:18:30.3 (69138316)|VARIABLE_ASSIGNMENT|[254]|returnValue|"Architect - Force.co (1 more) ..."
16:18:30.3 (69141783)|STATEMENT_EXECUTE|[263]
16:18:30.3 (69149640)|METHOD_EXIT|[213]|01pB0000000lA1s|testautonumdata.InterviewsLCServerController.GetSobjectField(SObject, String)
16:18:30.3 (69180701)|VARIABLE_ASSIGNMENT|[EXTERNAL]|this|{"column1":"Rodrigo Reboucas","eventField":"a0MB0000000cQXFMA2","recordID":"a0NB0000000TaTOMA0"}|0x62af05ec
16:18:30.3 (69189573)|VARIABLE_ASSIGNMENT|[EXTERNAL]|value|"Architect - Force.co (1 more) ..."
16:18:30.3 (69199864)|VARIABLE_ASSIGNMENT|[12]|this.column2|"Architect - Force.co (1 more) ..."|0x62af05ec
16:18:30.3 (69207624)|STATEMENT_EXECUTE|[217]
16:18:30.3 (69208962)|STATEMENT_EXECUTE|[218]
16:18:30.3 (69214001)|METHOD_ENTRY|[218]|01pB0000000lA1s|testautonumdata.InterviewsLCServerController.GetSobjectField(SObject, String)
16:18:30.3 (69217571)|VARIABLE_SCOPE_BEGIN|[241]|e|SObject|true|false
16:18:30.3 (69246759)|VARIABLE_ASSIGNMENT|[241]|e|{"s":1,"v":{"Id":"a0NB0000000TaTOMA0","testautonumdata__Can (9 more) ...":"a0MB0000000cQXFMA2","testautonumdata__Dat (4 more) ...":"11/9/2016","testautonumdata__Int (14 more) ...":"Technical Interview","testautonumdata__Can (9 more) ...":{"s":2,"v":{"testautonumdata__Ful (9 more) ...":"Rodrigo Reboucas","testautonumdata__Pos (8 more) ...":"a0LB0000000seqpMAA","Id":"a0MB0000000cQXFMA2","testautonumdata__Pos (8 more) ...":{"s":3,"v":{"Name":"Architect - Force.co (1 more) ...","Id":"a0LB0000000seqpMAA"}}}}}}|0x1012ca56
16:18:30.3 (69252639)|VARIABLE_SCOPE_BEGIN|[241]|lcfield|String|false|false
16:18:30.3 (69258862)|VARIABLE_ASSIGNMENT|[241]|lcfield|"testautonumdata__Dat (4 more) ..."
16:18:30.3 (69266257)|HEAP_ALLOCATE|[244]|Bytes:5
16:18:30.3 (69269852)|STATEMENT_EXECUTE|[242]
16:18:30.3 (69270996)|STATEMENT_EXECUTE|[244]
16:18:30.3 (69274465)|VARIABLE_SCOPE_BEGIN|[244]|returnValue|String|false|false
16:18:30.3 (69281276)|VARIABLE_ASSIGNMENT|[244]|returnValue|""
16:18:30.3 (69297068)|ENTERING_MANAGED_PKG|
16:18:30.3 (69305987)|STATEMENT_EXECUTE|[261]
16:18:30.3 (69314212)|ENTERING_MANAGED_PKG|
16:18:30.3 (69335338)|HEAP_ALLOCATE|[261]|Bytes:9
16:18:30.3 (69352379)|ENTERING_MANAGED_PKG|
16:18:30.3 (69355712)|HEAP_ALLOCATE|[261]|Bytes:9
16:18:30.3 (69371101)|VARIABLE_ASSIGNMENT|[261]|returnValue|"11/9/2016"
16:18:30.3 (69374325)|STATEMENT_EXECUTE|[263]
16:18:30.3 (69381963)|METHOD_EXIT|[218]|01pB0000000lA1s|testautonumdata.InterviewsLCServerController.GetSobjectField(SObject, String)
16:18:30.3 (69414267)|VARIABLE_ASSIGNMENT|[EXTERNAL]|this|{"column1":"Rodrigo Reboucas","column2":"Architect - Force.co (1 more) ...","eventField":"a0MB0000000cQXFMA2","recordID":"a0NB0000000TaTOMA0"}|0x62af05ec
16:18:30.3 (69422368)|VARIABLE_ASSIGNMENT|[EXTERNAL]|value|"11/9/2016"
16:18:30.3 (69431660)|VARIABLE_ASSIGNMENT|[14]|this.column3|"11/9/2016"|0x62af05ec
16:18:30.3 (69439183)|STATEMENT_EXECUTE|[222]
16:18:30.3 (69440506)|STATEMENT_EXECUTE|[223]
16:18:30.3 (69445463)|METHOD_ENTRY|[223]|01pB0000000lA1s|testautonumdata.InterviewsLCServerController.GetSobjectField(SObject, String)
16:18:30.3 (69448862)|VARIABLE_SCOPE_BEGIN|[241]|e|SObject|true|false
16:18:30.3 (69472614)|VARIABLE_ASSIGNMENT|[241]|e|{"s":1,"v":{"Id":"a0NB0000000TaTOMA0","testautonumdata__Can (9 more) ...":"a0MB0000000cQXFMA2","testautonumdata__Dat (4 more) ...":"11/9/2016","testautonumdata__Int (14 more) ...":"Technical Interview","testautonumdata__Can (9 more) ...":{"s":2,"v":{"testautonumdata__Ful (9 more) ...":"Rodrigo Reboucas","testautonumdata__Pos (8 more) ...":"a0LB0000000seqpMAA","Id":"a0MB0000000cQXFMA2","testautonumdata__Pos (8 more) ...":{"s":3,"v":{"Name":"Architect - Force.co (1 more) ...","Id":"a0LB0000000seqpMAA"}}}}}}|0x1012ca56
16:18:30.3 (69478259)|VARIABLE_SCOPE_BEGIN|[241]|lcfield|String|false|false
16:18:30.3 (69484261)|VARIABLE_ASSIGNMENT|[241]|lcfield|"testautonumdata__Int (14 more) ..."
16:18:30.3 (69491272)|HEAP_ALLOCATE|[244]|Bytes:5
16:18:30.3 (69494556)|STATEMENT_EXECUTE|[242]
16:18:30.3 (69495708)|STATEMENT_EXECUTE|[244]
16:18:30.3 (69498973)|VARIABLE_SCOPE_BEGIN|[244]|returnValue|String|false|false
16:18:30.3 (69505208)|VARIABLE_ASSIGNMENT|[244]|returnValue|""
16:18:30.3 (69520872)|ENTERING_MANAGED_PKG|
16:18:30.3 (69529754)|STATEMENT_EXECUTE|[261]
16:18:30.3 (69537857)|ENTERING_MANAGED_PKG|
16:18:30.3 (69558491)|HEAP_ALLOCATE|[261]|Bytes:19
16:18:30.3 (69575118)|ENTERING_MANAGED_PKG|
16:18:30.3 (69578394)|HEAP_ALLOCATE|[261]|Bytes:19
16:18:30.3 (69594023)|VARIABLE_ASSIGNMENT|[261]|returnValue|"Technical Interview"
16:18:30.3 (69597208)|STATEMENT_EXECUTE|[263]
16:18:30.3 (69604699)|METHOD_EXIT|[223]|01pB0000000lA1s|testautonumdata.InterviewsLCServerController.GetSobjectField(SObject, String)
16:18:30.3 (69637190)|VARIABLE_ASSIGNMENT|[EXTERNAL]|this|{"column1":"Rodrigo Reboucas","column2":"Architect - Force.co (1 more) ...","column3":"11/9/2016","eventField":"a0MB0000000cQXFMA2","recordID":"a0NB0000000TaTOMA0"}|0x62af05ec
16:18:30.3 (69645540)|VARIABLE_ASSIGNMENT|[EXTERNAL]|value|"Technical Interview"
16:18:30.3 (69655214)|VARIABLE_ASSIGNMENT|[16]|this.column4|"Technical Interview"|0x62af05ec
16:18:30.3 (69662538)|STATEMENT_EXECUTE|[227]
16:18:30.3 (69673624)|ENTERING_MANAGED_PKG|
16:18:30.3 (69681810)|HEAP_ALLOCATE|[EXTERNAL]|Bytes:4
16:18:30.3 (69688320)|STATEMENT_EXECUTE|[229]
16:18:30.3 (69701158)|ENTERING_MANAGED_PKG|
16:18:30.3 (69741871)|HEAP_ALLOCATE|[229]|Bytes:470
16:18:30.3 (69757531)|HEAP_ALLOCATE|[229]|Bytes:482
16:18:30.3 (69769121)|ENTERING_MANAGED_PKG|
16:18:30.3 (69777004)|USER_DEBUG|[229]|DEBUG|######## i: InterviewsLCServerController:[column1=Rodrigo Reboucas, column2=Architect - Force.com, column3=11/9/2016, column4=Technical Interview, eventField=a0MB0000000cQXFMA2, mapObjectsFields={testautonumdata__Candidate__c={testautonumdata__Full_Name__c}, testautonumdata__Interview__c={Id, testautonumdata__Candidate__c, testautonumdata__Date__c, testautonumdata__Interview_Type__c, testautonumdata__Status__c}, testautonumdata__Position__c={Name}}, recordID=a0NB0000000TaTOMA0]
16:18:30.3 (69793775)|HEAP_ALLOCATE|[196]|Bytes:5
16:18:30.3 (69811465)|VARIABLE_ASSIGNMENT|[196]|e|null|
16:18:30.3 (69816153)|STATEMENT_EXECUTE|[234]
16:18:30.3 (69819679)|HEAP_ALLOCATE|[234]|Bytes:27
16:18:30.3 (69835885)|ENTERING_MANAGED_PKG|
16:18:30.3 (69913520)|HEAP_ALLOCATE|[234]|Bytes:697
16:18:30.3 (69930405)|HEAP_ALLOCATE|[234]|Bytes:724
16:18:30.3 (69944431)|ENTERING_MANAGED_PKG|
16:18:30.3 (69951846)|USER_DEBUG|[234]|DEBUG|######## lstReturnRecords: (InterviewsLCServerController:[column1=Lizz Brooks, column2=Project Coordinator, column3=10/26/2016, column4=Recruiter Interview, eventField=a0MB0000000cQdIMAU, mapObjectsFields={testautonumdata__Candidate__c={testautonumdata__Full_Name__c}, testautonumdata__Interview__c={Id, testautonumdata__Candidate__c, testautonumdata__Date__c, testautonumdata__Interview_Type__c, testautonumdata__Status__c}, testautonumdata__Position__c={Name}}, recordID=a0NB0000000RasPMAS], InterviewsLCServerController:[column1=Rodrigo Reboucas, column2=Architect - Force.com, column3=11/9/2016, column4=Technical Interview, eventField=a0MB0000000cQXFMA2, mapObjectsFields=(already output), recordID=a0NB0000000TaTOMA0])
16:18:30.3 (69962617)|STATEMENT_EXECUTE|[236]
16:18:30.3 (69975716)|SYSTEM_MODE_EXIT|false
16:18:30.70 (70021332)|CUMULATIVE_LIMIT_USAGE
16:18:30.70 (70021332)|LIMIT_USAGE_FOR_NS|(default)|
  Number of SOQL queries: 0 out of 100
  Number of query rows: 0 out of 50000
  Number of SOSL queries: 0 out of 20
  Number of DML statements: 0 out of 150
  Number of DML rows: 0 out of 10000
  Maximum CPU time: 0 out of 10000
  Maximum heap size: 0 out of 6000000
  Number of callouts: 0 out of 100
  Number of Email Invocations: 0 out of 10
  Number of future calls: 0 out of 50
  Number of queueable jobs added to the queue: 0 out of 50
  Number of Mobile Apex push calls: 0 out of 10

16:18:30.70 (70021332)|LIMIT_USAGE_FOR_NS|testautonumdata|
  Number of SOQL queries: 1 out of 100
  Number of query rows: 2 out of 50000
  Number of SOSL queries: 0 out of 20
  Number of DML statements: 0 out of 150
  Number of DML rows: 0 out of 10000
  Maximum CPU time: 0 out of 10000
  Maximum heap size: 0 out of 6000000
  Number of callouts: 0 out of 100
  Number of Email Invocations: 0 out of 10
  Number of future calls: 0 out of 50
  Number of queueable jobs added to the queue: 0 out of 50
  Number of Mobile Apex push calls: 0 out of 10

16:18:30.70 (70021332)|CUMULATIVE_LIMIT_USAGE_END

16:18:30.3 (70101323)|CODE_UNIT_FINISHED|InterviewsLCServerController.getListRecords
16:18:30.72 (72403737)|USER_INFO|[EXTERNAL]|005B0000001VpZR|rreboucas-yi5c@force.com|Pacific Standard Time|GMT-07:00
16:18:30.72 (72416594)|CODE_UNIT_STARTED|[EXTERNAL]|Aura
16:18:30.72 (72465330)|CODE_UNIT_FINISHED|Aura
16:18:30.73 (73877977)|USER_INFO|[EXTERNAL]|005B0000001VpZR|rreboucas-yi5c@force.com|Pacific Standard Time|GMT-07:00
16:18:30.73 (73897500)|CODE_UNIT_STARTED|[EXTERNAL]|Aura
16:18:30.73 (73941933)|CODE_UNIT_FINISHED|Aura
