37.0 APEX_CODE,FINEST;APEX_PROFILING,INFO;CALLOUT,INFO;DB,INFO;SYSTEM,DEBUG;VALIDATION,INFO;VISUALFORCE,INFO;WORKFLOW,INFO
12:16:08.0 (121759)|USER_INFO|[EXTERNAL]|005B0000001VpZR|rreboucas-yi5c@force.com|Pacific Standard Time|GMT-07:00
12:16:08.0 (538819)|HEAP_ALLOCATE|[72]|Bytes:3
12:16:08.0 (603679)|HEAP_ALLOCATE|[77]|Bytes:152
12:16:08.0 (625708)|HEAP_ALLOCATE|[342]|Bytes:408
12:16:08.0 (645859)|HEAP_ALLOCATE|[355]|Bytes:408
12:16:08.0 (664409)|HEAP_ALLOCATE|[467]|Bytes:48
12:16:08.2 (2570222)|USER_INFO|[EXTERNAL]|005B0000001VpZR|rreboucas-yi5c@force.com|Pacific Standard Time|GMT-07:00
12:16:08.2 (2852452)|STATEMENT_EXECUTE|[1]
12:16:08.2 (2900656)|HEAP_ALLOCATE|[50]|Bytes:5
12:16:08.2 (2929071)|HEAP_ALLOCATE|[56]|Bytes:5
12:16:08.2 (2938081)|HEAP_ALLOCATE|[64]|Bytes:7
12:16:08.2 (2967211)|SYSTEM_MODE_ENTER|false
12:16:08.2 (2992079)|HEAP_ALLOCATE|[EXTERNAL]|Bytes:5
12:16:08.2 (3000340)|SYSTEM_MODE_EXIT|false
12:16:08.2 (3015896)|METHOD_EXIT|[1]|ReferralsServerController
12:16:08.2 (3036769)|HEAP_ALLOCATE|[EXTERNAL]|Bytes:28
12:16:08.2 (3039914)|HEAP_ALLOCATE|[EXTERNAL]|Bytes:18
12:16:08.2 (3041379)|HEAP_ALLOCATE|[EXTERNAL]|Bytes:28
12:16:08.2 (3042600)|HEAP_ALLOCATE|[EXTERNAL]|Bytes:29
12:16:08.2 (3044031)|HEAP_ALLOCATE|[EXTERNAL]|Bytes:7
12:16:08.2 (3045255)|HEAP_ALLOCATE|[EXTERNAL]|Bytes:5
12:16:08.2 (3046453)|HEAP_ALLOCATE|[EXTERNAL]|Bytes:11
12:16:08.2 (3052727)|SYSTEM_MODE_ENTER|false
12:16:08.2 (3060957)|VARIABLE_SCOPE_BEGIN|[20]|rowsLimit|Integer|false|false
12:16:08.2 (3096987)|VARIABLE_ASSIGNMENT|[20]|rowsLimit|8
12:16:08.2 (3100622)|VARIABLE_SCOPE_BEGIN|[20]|recordId|String|false|false
12:16:08.2 (3109595)|VARIABLE_ASSIGNMENT|[20]|recordId|"a0MB0000000cQXZMA2"
12:16:08.2 (3112142)|VARIABLE_SCOPE_BEGIN|[20]|objectApiName|String|false|false
12:16:08.2 (3120865)|VARIABLE_ASSIGNMENT|[20]|objectApiName|"testautonumdata__Ref (8 more) ..."
12:16:08.2 (3124806)|VARIABLE_SCOPE_BEGIN|[20]|ParentObjectFieldName|String|false|false
12:16:08.2 (3132567)|VARIABLE_ASSIGNMENT|[20]|ParentObjectFieldName|"testautonumdata__Can (9 more) ..."
12:16:08.2 (3137413)|VARIABLE_SCOPE_BEGIN|[20]|filter1Field|String|false|false
12:16:08.2 (3142877)|VARIABLE_ASSIGNMENT|[20]|filter1Field|null
12:16:08.2 (3145988)|VARIABLE_SCOPE_BEGIN|[20]|filter1Value|String|false|false
12:16:08.2 (3150318)|VARIABLE_ASSIGNMENT|[20]|filter1Value|null
12:16:08.2 (3153293)|VARIABLE_SCOPE_BEGIN|[20]|column1|String|false|false
12:16:08.2 (3157968)|VARIABLE_ASSIGNMENT|[20]|column1|"OwnerId"
12:16:08.2 (3161405)|VARIABLE_SCOPE_BEGIN|[20]|RelFieldWithName|String|false|false
12:16:08.2 (3166380)|VARIABLE_ASSIGNMENT|[20]|RelFieldWithName|"Owner"
12:16:08.2 (3169578)|VARIABLE_SCOPE_BEGIN|[20]|column2|String|false|false
12:16:08.2 (3174170)|VARIABLE_ASSIGNMENT|[20]|column2|"createddate"
12:16:08.2 (3194162)|HEAP_ALLOCATE|[22]|Bytes:5
12:16:08.2 (3201745)|STATEMENT_EXECUTE|[20]
12:16:08.2 (3204267)|STATEMENT_EXECUTE|[22]
12:16:08.2 (3209916)|HEAP_ALLOCATE|[22]|Bytes:20
12:16:08.2 (3241491)|ENTERING_MANAGED_PKG|
12:16:08.2 (3288949)|HEAP_ALLOCATE|[22]|Bytes:1
12:16:08.2 (3312786)|HEAP_ALLOCATE|[22]|Bytes:21
12:16:08.2 (3342351)|ENTERING_MANAGED_PKG|
12:16:08.2 (3351863)|USER_DEBUG|[22]|DEBUG|######## rowsLimit: 8
12:16:08.2 (3358943)|STATEMENT_EXECUTE|[23]
12:16:08.2 (3362441)|HEAP_ALLOCATE|[23]|Bytes:24
12:16:08.2 (3368481)|HEAP_ALLOCATE|[23]|Bytes:52
12:16:08.2 (3376972)|ENTERING_MANAGED_PKG|
12:16:08.2 (3407764)|USER_DEBUG|[23]|DEBUG|######## objectApiName: testautonumdata__Referral__c
12:16:08.2 (3415125)|STATEMENT_EXECUTE|[27]
12:16:08.2 (3508427)|HEAP_ALLOCATE|[27]|Bytes:4
12:16:08.2 (3595459)|ENTERING_MANAGED_PKG|
12:16:08.2 (3636537)|VARIABLE_SCOPE_BEGIN|[27]|lstReturnRecords|List<testautonumdata.ReferralsServerController>|true|false
12:16:08.2 (3672384)|HEAP_ALLOCATE|[EXTERNAL]|Bytes:4
12:16:08.2 (3690975)|VARIABLE_ASSIGNMENT|[27]|lstReturnRecords|{"s":1,"v":[]}|0x25b847e0
12:16:08.2 (3695426)|STATEMENT_EXECUTE|[30]
12:16:08.2 (3697020)|STATEMENT_EXECUTE|[31]
12:16:08.2 (3700921)|HEAP_ALLOCATE|[31]|Bytes:5
12:16:08.2 (3713043)|HEAP_ALLOCATE|[31]|Bytes:10
12:16:08.2 (3718657)|VARIABLE_SCOPE_BEGIN|[31]|fullUserRelationship|String|false|false
12:16:08.2 (3724966)|VARIABLE_ASSIGNMENT|[31]|fullUserRelationship|"Owner.Name"
12:16:08.2 (3727223)|STATEMENT_EXECUTE|[32]
12:16:08.2 (3730192)|HEAP_ALLOCATE|[32]|Bytes:9
12:16:08.2 (3733097)|VARIABLE_SCOPE_BEGIN|[32]|soql|String|false|false
12:16:08.2 (3747437)|VARIABLE_ASSIGNMENT|[32]|soql|"Select id"
12:16:08.2 (3749993)|STATEMENT_EXECUTE|[35]
12:16:08.2 (3753179)|HEAP_ALLOCATE|[35]|Bytes:2
12:16:08.2 (3758549)|HEAP_ALLOCATE|[35]|Bytes:9
12:16:08.2 (3762737)|HEAP_ALLOCATE|[35]|Bytes:18
12:16:08.2 (3768115)|VARIABLE_ASSIGNMENT|[35]|soql|"Select id, OwnerId"
12:16:08.2 (3770941)|STATEMENT_EXECUTE|[38]
12:16:08.2 (3774795)|HEAP_ALLOCATE|[38]|Bytes:12
12:16:08.2 (3779020)|HEAP_ALLOCATE|[38]|Bytes:30
12:16:08.2 (3785016)|VARIABLE_ASSIGNMENT|[38]|soql|"Select id, OwnerId,  (10 more) ..."
12:16:08.2 (3787667)|STATEMENT_EXECUTE|[41]
12:16:08.2 (3791465)|HEAP_ALLOCATE|[41]|Bytes:13
12:16:08.2 (3795548)|HEAP_ALLOCATE|[41]|Bytes:43
12:16:08.2 (3801245)|VARIABLE_ASSIGNMENT|[41]|soql|"Select id, OwnerId,  (23 more) ..."
12:16:08.2 (3803455)|STATEMENT_EXECUTE|[45]
12:16:08.2 (3806221)|HEAP_ALLOCATE|[45]|Bytes:6
12:16:08.2 (3810230)|HEAP_ALLOCATE|[45]|Bytes:34
12:16:08.2 (3813935)|HEAP_ALLOCATE|[45]|Bytes:77
12:16:08.2 (3819274)|VARIABLE_ASSIGNMENT|[45]|soql|"Select id, OwnerId,  (57 more) ..."
12:16:08.2 (3821304)|STATEMENT_EXECUTE|[49]
12:16:08.2 (3823793)|HEAP_ALLOCATE|[49]|Bytes:7
12:16:08.2 (3827017)|HEAP_ALLOCATE|[49]|Bytes:4
12:16:08.2 (3829175)|HEAP_ALLOCATE|[49]|Bytes:1
12:16:08.2 (3843035)|HEAP_ALLOCATE|[49]|Bytes:59
12:16:08.2 (3848080)|HEAP_ALLOCATE|[49]|Bytes:136
12:16:08.2 (3855027)|VARIABLE_ASSIGNMENT|[49]|soql|"Select id, OwnerId,  (116 more) ..."
12:16:08.2 (3863878)|STATEMENT_EXECUTE|[51]
12:16:08.2 (3865793)|STATEMENT_EXECUTE|[55]
12:16:08.2 (3868379)|HEAP_ALLOCATE|[55]|Bytes:7
12:16:08.2 (3884646)|ENTERING_MANAGED_PKG|
12:16:08.2 (3923759)|HEAP_ALLOCATE|[55]|Bytes:1
12:16:08.2 (3946930)|HEAP_ALLOCATE|[55]|Bytes:8
12:16:08.2 (3955289)|HEAP_ALLOCATE|[55]|Bytes:144
12:16:08.2 (3968316)|VARIABLE_ASSIGNMENT|[55]|soql|"Select id, OwnerId,  (124 more) ..."
12:16:08.2 (3972813)|STATEMENT_EXECUTE|[59]
12:16:08.2 (3977812)|HEAP_ALLOCATE|[59]|Bytes:15
12:16:08.2 (3987672)|HEAP_ALLOCATE|[59]|Bytes:159
12:16:08.2 (4006412)|ENTERING_MANAGED_PKG|
12:16:08.2 (4035054)|USER_DEBUG|[59]|DEBUG|######## soql: Select id, OwnerId, Owner.Name, createddate FROM testautonumdata__Referral__c where testautonumdata__Candidate__c = 'a0MB0000000cQXZMA2' limit 8
12:16:08.2 (4044281)|STATEMENT_EXECUTE|[61]
12:16:08.2 (4067175)|ENTERING_MANAGED_PKG|
12:16:08.2 (5110327)|SOQL_EXECUTE_BEGIN|[61]|Aggregations:0|Select id, OwnerId, Owner.Name, createddate FROM testautonumdata__Referral__c where testautonumdata__Candidate__c = 'a0MB0000000cQXZMA2' limit 8
12:16:08.2 (12177901)|SOQL_EXECUTE_END|[61]|Rows:1
12:16:08.2 (12211483)|HEAP_ALLOCATE|[61]|Bytes:8
12:16:08.2 (12234571)|HEAP_ALLOCATE|[61]|Bytes:138
12:16:08.2 (12333057)|HEAP_ALLOCATE|[61]|Bytes:8
12:16:08.2 (12357026)|VARIABLE_SCOPE_BEGIN|[61]|lstQueriedRecords|List<SObject>|true|false
12:16:08.2 (12464050)|VARIABLE_ASSIGNMENT|[61]|lstQueriedRecords|{"s":1,"v":[{"s":2,"v":{"Id":"a0TB0000000Uip6MAC","OwnerId":"005B0000001VpZRIA0","CreatedDate":"2016-05-12T14:45:09.000Z","Owner":{"s":3,"v":{"Name":"Rodrigo Reboucas","Id":"005B0000001VpZRIA0"}}}}]}|0x53efa46c
12:16:08.2 (12471433)|STATEMENT_EXECUTE|[63]
12:16:08.2 (12477904)|HEAP_ALLOCATE|[63]|Bytes:28
12:16:08.2 (12505340)|ENTERING_MANAGED_PKG|
12:16:08.2 (12620232)|HEAP_ALLOCATE|[63]|Bytes:115
12:16:08.2 (12648658)|HEAP_ALLOCATE|[63]|Bytes:143
12:16:08.2 (12667870)|ENTERING_MANAGED_PKG|
12:16:08.2 (12675515)|USER_DEBUG|[63]|DEBUG|######## lstQueriedRecords: (testautonumdata__Referral__c:{Id=a0TB0000000Uip6MAC, OwnerId=005B0000001VpZRIA0, CreatedDate=2016-05-12 14:45:09})
12:16:08.2 (12771367)|ENTERING_MANAGED_PKG|
12:16:08.2 (13150229)|HEAP_ALLOCATE|[67]|Bytes:5
12:16:08.2 (13208238)|HEAP_ALLOCATE|[67]|Bytes:20
12:16:08.2 (13235282)|VARIABLE_SCOPE_BEGIN|[67]|e|SObject|true|false
12:16:08.2 (13289785)|VARIABLE_ASSIGNMENT|[67]|e|{"s":1,"v":{"Id":"a0TB0000000Uip6MAC","OwnerId":"005B0000001VpZRIA0","CreatedDate":"2016-05-12T14:45:09.000Z","Owner":{"s":2,"v":{"Name":"Rodrigo Reboucas","Id":"005B0000001VpZRIA0"}}}}|0x7a40dedd
12:16:08.2 (13297743)|STATEMENT_EXECUTE|[68]
12:16:08.2 (13299901)|STATEMENT_EXECUTE|[69]
12:16:08.2 (13304637)|HEAP_ALLOCATE|[69]|Bytes:12
12:16:08.2 (13332368)|ENTERING_MANAGED_PKG|
12:16:08.2 (13428270)|HEAP_ALLOCATE|[69]|Bytes:113
12:16:08.2 (13453399)|HEAP_ALLOCATE|[69]|Bytes:125
12:16:08.2 (13472986)|ENTERING_MANAGED_PKG|
12:16:08.2 (13480698)|USER_DEBUG|[69]|DEBUG|######## e: testautonumdata__Referral__c:{Id=a0TB0000000Uip6MAC, OwnerId=005B0000001VpZRIA0, CreatedDate=2016-05-12 14:45:09}
12:16:08.2 (13492049)|STATEMENT_EXECUTE|[70]
12:16:08.2 (13502241)|HEAP_ALLOCATE|[70]|Bytes:32
12:16:08.2 (13518466)|CONSTRUCTOR_ENTRY|[70]|01pB0000000qaYT|<init>()
12:16:08.2 (13558538)|VARIABLE_SCOPE_BEGIN|[1]|this|testautonumdata.ReferralsServerController|true|false
12:16:08.2 (13604303)|VARIABLE_ASSIGNMENT|[1]|this|{}|0x2e7487ca
12:16:08.2 (13616744)|HEAP_ALLOCATE|[EXTERNAL]|Bytes:5
12:16:08.2 (13632929)|HEAP_ALLOCATE|[EXTERNAL]|Bytes:6
12:16:08.2 (13679019)|STATEMENT_EXECUTE|[1]
12:16:08.2 (13686701)|HEAP_ALLOCATE|[EXTERNAL]|Bytes:5
12:16:08.2 (13691054)|STATEMENT_EXECUTE|[4]
12:16:08.2 (13693151)|STATEMENT_EXECUTE|[6]
12:16:08.2 (13694548)|STATEMENT_EXECUTE|[8]
12:16:08.2 (13696645)|STATEMENT_EXECUTE|[10]
12:16:08.2 (13698636)|STATEMENT_EXECUTE|[12]
12:16:08.2 (13700355)|STATEMENT_EXECUTE|[14]
12:16:08.2 (13707715)|STATEMENT_EXECUTE|[16]
12:16:08.2 (13717929)|CONSTRUCTOR_EXIT|[70]|01pB0000000qaYT|<init>()
12:16:08.2 (13725066)|VARIABLE_SCOPE_BEGIN|[70]|i|testautonumdata.ReferralsServerController|true|false
12:16:08.2 (13755673)|VARIABLE_ASSIGNMENT|[70]|i|{}|0x2e7487ca
12:16:08.2 (13761415)|STATEMENT_EXECUTE|[73]
12:16:08.2 (13763917)|STATEMENT_EXECUTE|[74]
12:16:08.2 (13780983)|METHOD_ENTRY|[74]|01pB0000000qaYT|testautonumdata.ReferralsServerController.GetSobjectField(SObject, String)
12:16:08.2 (13818304)|VARIABLE_SCOPE_BEGIN|[166]|e|SObject|true|false
12:16:08.2 (13869911)|VARIABLE_ASSIGNMENT|[166]|e|{"s":1,"v":{"Id":"a0TB0000000Uip6MAC","OwnerId":"005B0000001VpZRIA0","CreatedDate":"2016-05-12T14:45:09.000Z","Owner":{"s":2,"v":{"Name":"Rodrigo Reboucas","Id":"005B0000001VpZRIA0"}}}}|0x7a40dedd
12:16:08.2 (13878699)|VARIABLE_SCOPE_BEGIN|[166]|lcfield|String|false|false
12:16:08.2 (13885657)|VARIABLE_ASSIGNMENT|[166]|lcfield|"OwnerId"
12:16:08.2 (13898656)|HEAP_ALLOCATE|[169]|Bytes:5
12:16:08.2 (13904034)|STATEMENT_EXECUTE|[167]
12:16:08.2 (13906238)|STATEMENT_EXECUTE|[169]
12:16:08.2 (13913861)|VARIABLE_SCOPE_BEGIN|[169]|returnValue|String|false|false
12:16:08.2 (13923777)|VARIABLE_ASSIGNMENT|[169]|returnValue|""
12:16:08.2 (13929046)|HEAP_ALLOCATE|[171]|Bytes:1
12:16:08.2 (13959125)|ENTERING_MANAGED_PKG|
12:16:08.2 (14012680)|STATEMENT_EXECUTE|[186]
12:16:08.2 (14047882)|ENTERING_MANAGED_PKG|
12:16:08.2 (14106462)|HEAP_ALLOCATE|[186]|Bytes:4
12:16:08.2 (14127161)|ENTERING_MANAGED_PKG|
12:16:08.2 (14131262)|HEAP_ALLOCATE|[186]|Bytes:18
12:16:08.2 (14143923)|VARIABLE_ASSIGNMENT|[186]|returnValue|"005B0000001VpZRIA0"
12:16:08.2 (14147199)|STATEMENT_EXECUTE|[188]
12:16:08.2 (14156304)|METHOD_EXIT|[74]|01pB0000000qaYT|testautonumdata.ReferralsServerController.GetSobjectField(SObject, String)
12:16:08.2 (14186197)|VARIABLE_ASSIGNMENT|[EXTERNAL]|this|{}|0x2e7487ca
12:16:08.2 (14192071)|VARIABLE_ASSIGNMENT|[EXTERNAL]|value|"005B0000001VpZRIA0"
12:16:08.2 (14204191)|VARIABLE_ASSIGNMENT|[8]|this.OwnerID|"005B0000001VpZRIA0"|0x2e7487ca
12:16:08.2 (14210153)|STATEMENT_EXECUTE|[76]
12:16:08.2 (14257507)|VARIABLE_ASSIGNMENT|[EXTERNAL]|this|{"OwnerID":"005B0000001VpZRIA0"}|0x2e7487ca
12:16:08.2 (14345818)|HEAP_ALLOCATE|[76]|Bytes:133
12:16:08.2 (14364085)|SYSTEM_METHOD_ENTRY|[5]|ChatterUsers.ChatterUsers()
12:16:08.2 (14368094)|STATEMENT_EXECUTE|[5]
12:16:08.2 (14378388)|SYSTEM_METHOD_EXIT|[5]|ChatterUsers
12:16:08.2 (14392027)|METHOD_ENTRY|[76]||ConnectApi.ChatterUsers.getPhoto(String, String)
12:16:08.2 (36739511)|SYSTEM_METHOD_EXIT|[5]|Photo
12:16:08.2 (36754953)|HEAP_ALLOCATE|[38]|Bytes:68
12:16:08.2 (36761475)|HEAP_ALLOCATE|[38]|Bytes:12
12:16:08.2 (36765530)|HEAP_ALLOCATE|[38]|Bytes:8
12:16:08.2 (36772211)|VARIABLE_SCOPE_BEGIN|[35]|this|ConnectApi.Photo|true|false
12:16:08.2 (36879669)|VARIABLE_ASSIGNMENT|[35]|this|{}|0x6119d379
12:16:08.2 (36885439)|VARIABLE_SCOPE_BEGIN|[35]|versionIn|Double|false|false
12:16:08.2 (36892786)|VARIABLE_ASSIGNMENT|[35]|versionIn|33.0
12:16:08.2 (36894846)|VARIABLE_SCOPE_BEGIN|[35]|javaObj|java:sfdc.chatter.connect.api.output.photo.PhotoRepresentation|true|false
12:16:08.2 (37015985)|VARIABLE_ASSIGNMENT|[35]|javaObj|"sfdc.chatter.connect.api.output.photo.PhotoRepresentation@1cb4a4e"|0x1cb4a4e
12:16:08.2 (37256992)|METHOD_EXIT|[76]||ConnectApi.ChatterUsers.getPhoto(String, String)
12:16:08.2 (37265190)|VARIABLE_SCOPE_BEGIN|[76]|userPhoto|ConnectApi.Photo|true|false
12:16:08.2 (37290750)|VARIABLE_ASSIGNMENT|[76]|userPhoto|{}|0x6119d379
12:16:08.2 (37296886)|STATEMENT_EXECUTE|[78]
12:16:08.2 (37495792)|VARIABLE_ASSIGNMENT|[EXTERNAL]|this|{"OwnerID":"005B0000001VpZRIA0"}|0x2e7487ca
12:16:08.2 (37504100)|VARIABLE_ASSIGNMENT|[EXTERNAL]|value|"https://rrlightningo (65 more) ..."
12:16:08.2 (37514683)|VARIABLE_ASSIGNMENT|[16]|this.iconUrl|"https://rrlightningo (65 more) ..."|0x2e7487ca
12:16:08.2 (37522218)|STATEMENT_EXECUTE|[84]
12:16:08.2 (37524035)|STATEMENT_EXECUTE|[85]
12:16:08.2 (37532783)|METHOD_ENTRY|[85]|01pB0000000qaYT|testautonumdata.ReferralsServerController.GetSobjectField(SObject, String)
12:16:08.2 (37558587)|VARIABLE_SCOPE_BEGIN|[166]|e|SObject|true|false
12:16:08.2 (37625859)|VARIABLE_ASSIGNMENT|[166]|e|{"s":1,"v":{"Id":"a0TB0000000Uip6MAC","OwnerId":"005B0000001VpZRIA0","CreatedDate":"2016-05-12T14:45:09.000Z","Owner":{"s":2,"v":{"Name":"Rodrigo Reboucas","Id":"005B0000001VpZRIA0"}}}}|0x7a40dedd
12:16:08.2 (37631081)|VARIABLE_SCOPE_BEGIN|[166]|lcfield|String|false|false
12:16:08.2 (37636424)|VARIABLE_ASSIGNMENT|[166]|lcfield|"Owner.Name"
12:16:08.2 (37647159)|HEAP_ALLOCATE|[169]|Bytes:5
12:16:08.2 (37651411)|STATEMENT_EXECUTE|[167]
12:16:08.2 (37653024)|STATEMENT_EXECUTE|[169]
12:16:08.2 (37658097)|VARIABLE_SCOPE_BEGIN|[169]|returnValue|String|false|false
12:16:08.2 (37662813)|VARIABLE_ASSIGNMENT|[169]|returnValue|""
12:16:08.2 (37688671)|ENTERING_MANAGED_PKG|
12:16:08.2 (37700653)|STATEMENT_EXECUTE|[172]
12:16:08.2 (37706884)|STATEMENT_EXECUTE|[173]
12:16:08.2 (37726011)|ENTERING_MANAGED_PKG|
12:16:08.2 (37760954)|HEAP_ALLOCATE|[173]|Bytes:5
12:16:08.2 (37773423)|VARIABLE_SCOPE_BEGIN|[173]|relName|String|false|false
12:16:08.2 (37780809)|VARIABLE_ASSIGNMENT|[173]|relName|"Owner"
12:16:08.2 (37783447)|STATEMENT_EXECUTE|[174]
12:16:08.2 (37800138)|ENTERING_MANAGED_PKG|
12:16:08.2 (37826446)|HEAP_ALLOCATE|[174]|Bytes:4
12:16:08.2 (37838871)|VARIABLE_SCOPE_BEGIN|[174]|relField|String|false|false
12:16:08.2 (37846206)|VARIABLE_ASSIGNMENT|[174]|relField|"Name"
12:16:08.2 (37859217)|ENTERING_MANAGED_PKG|
12:16:08.2 (37891381)|STATEMENT_EXECUTE|[182]
12:16:08.2 (37911741)|ENTERING_MANAGED_PKG|
12:16:08.2 (38012622)|HEAP_ALLOCATE|[182]|Bytes:12
12:16:08.2 (38036361)|ENTERING_MANAGED_PKG|
12:16:08.2 (38066854)|HEAP_ALLOCATE|[182]|Bytes:16
12:16:08.2 (38085016)|ENTERING_MANAGED_PKG|
12:16:08.2 (38089873)|HEAP_ALLOCATE|[182]|Bytes:16
12:16:08.2 (38102350)|VARIABLE_ASSIGNMENT|[182]|returnValue|"Rodrigo Reboucas"
12:16:08.2 (38106550)|STATEMENT_EXECUTE|[188]
12:16:08.2 (38117555)|METHOD_EXIT|[85]|01pB0000000qaYT|testautonumdata.ReferralsServerController.GetSobjectField(SObject, String)
12:16:08.2 (38152859)|VARIABLE_ASSIGNMENT|[EXTERNAL]|this|{"iconUrl":"https://rrlightningo (65 more) ...","OwnerID":"005B0000001VpZRIA0"}|0x2e7487ca
12:16:08.2 (38159017)|VARIABLE_ASSIGNMENT|[EXTERNAL]|value|"Rodrigo Reboucas"
12:16:08.2 (38167820)|VARIABLE_ASSIGNMENT|[6]|this.OwnerName|"Rodrigo Reboucas"|0x2e7487ca
12:16:08.2 (38174786)|STATEMENT_EXECUTE|[89]
12:16:08.2 (38176380)|STATEMENT_EXECUTE|[90]
12:16:08.2 (38182734)|METHOD_ENTRY|[90]|01pB0000000qaYT|testautonumdata.ReferralsServerController.GetSobjectField(SObject, String)
12:16:08.2 (38207591)|VARIABLE_SCOPE_BEGIN|[166]|e|SObject|true|false
12:16:08.2 (38243583)|VARIABLE_ASSIGNMENT|[166]|e|{"s":1,"v":{"Id":"a0TB0000000Uip6MAC","OwnerId":"005B0000001VpZRIA0","CreatedDate":"2016-05-12T14:45:09.000Z","Owner":{"s":2,"v":{"Name":"Rodrigo Reboucas","Id":"005B0000001VpZRIA0"}}}}|0x7a40dedd
12:16:08.2 (38248286)|VARIABLE_SCOPE_BEGIN|[166]|lcfield|String|false|false
12:16:08.2 (38252620)|VARIABLE_ASSIGNMENT|[166]|lcfield|"createddate"
12:16:08.2 (38260552)|HEAP_ALLOCATE|[169]|Bytes:5
12:16:08.2 (38264151)|STATEMENT_EXECUTE|[167]
12:16:08.2 (38265543)|STATEMENT_EXECUTE|[169]
12:16:08.2 (38269745)|VARIABLE_SCOPE_BEGIN|[169]|returnValue|String|false|false
12:16:08.2 (38274169)|VARIABLE_ASSIGNMENT|[169]|returnValue|""
12:16:08.2 (38289500)|ENTERING_MANAGED_PKG|
12:16:08.2 (38298539)|STATEMENT_EXECUTE|[186]
12:16:08.2 (38306524)|ENTERING_MANAGED_PKG|
12:16:08.2 (38336238)|HEAP_ALLOCATE|[186]|Bytes:56
12:16:08.2 (38353525)|ENTERING_MANAGED_PKG|
12:16:08.2 (38366409)|HEAP_ALLOCATE|[186]|Bytes:19
12:16:08.2 (38379131)|VARIABLE_ASSIGNMENT|[186]|returnValue|"2016-05-12 14:45:09"
12:16:08.2 (38382020)|STATEMENT_EXECUTE|[188]
12:16:08.2 (38389639)|METHOD_EXIT|[90]|01pB0000000qaYT|testautonumdata.ReferralsServerController.GetSobjectField(SObject, String)
12:16:08.2 (38422130)|VARIABLE_ASSIGNMENT|[EXTERNAL]|this|{"iconUrl":"https://rrlightningo (65 more) ...","OwnerID":"005B0000001VpZRIA0","OwnerName":"Rodrigo Reboucas"}|0x2e7487ca
12:16:08.2 (38428231)|VARIABLE_ASSIGNMENT|[EXTERNAL]|value|"2016-05-12 14:45:09"
12:16:08.2 (38437302)|VARIABLE_ASSIGNMENT|[10]|this.column2|"2016-05-12 14:45:09"|0x2e7487ca
12:16:08.2 (38443791)|STATEMENT_EXECUTE|[95]
12:16:08.2 (38461334)|ENTERING_MANAGED_PKG|
12:16:08.2 (38509728)|HEAP_ALLOCATE|[EXTERNAL]|Bytes:4
12:16:08.2 (38523334)|STATEMENT_EXECUTE|[97]
12:16:08.2 (38528954)|HEAP_ALLOCATE|[97]|Bytes:12
12:16:08.2 (38552450)|ENTERING_MANAGED_PKG|
12:16:08.2 (38638927)|HEAP_ALLOCATE|[97]|Bytes:262
12:16:08.2 (38665768)|HEAP_ALLOCATE|[97]|Bytes:274
12:16:08.2 (38691603)|ENTERING_MANAGED_PKG|
12:16:08.2 (38708759)|USER_DEBUG|[97]|DEBUG|######## i: ReferralsServerController:[OwnerID=005B0000001VpZRIA0, OwnerName=Rodrigo Reboucas, ReferralDate=null, ReferralMessage=null, column2=2016-05-12 14:45:09, iconUrl=https://rrlightningout-dev-ed--c.gus.content.force.com/profilephoto/729B00000000GJc/T, recordID=null]
12:16:08.2 (38743359)|HEAP_ALLOCATE|[67]|Bytes:5
12:16:08.2 (38765342)|VARIABLE_ASSIGNMENT|[67]|e|null|
12:16:08.2 (38771878)|STATEMENT_EXECUTE|[102]
12:16:08.2 (38777039)|HEAP_ALLOCATE|[102]|Bytes:27
12:16:08.2 (38800202)|ENTERING_MANAGED_PKG|
12:16:08.2 (38887969)|HEAP_ALLOCATE|[102]|Bytes:264
12:16:08.2 (38913765)|HEAP_ALLOCATE|[102]|Bytes:291
12:16:08.2 (38934028)|ENTERING_MANAGED_PKG|
12:16:08.2 (38942843)|USER_DEBUG|[102]|DEBUG|######## lstReturnRecords: (ReferralsServerController:[OwnerID=005B0000001VpZRIA0, OwnerName=Rodrigo Reboucas, ReferralDate=null, ReferralMessage=null, column2=2016-05-12 14:45:09, iconUrl=https://rrlightningout-dev-ed--c.gus.content.force.com/profilephoto/729B00000000GJc/T, recordID=null])
12:16:08.2 (38955584)|STATEMENT_EXECUTE|[104]
12:16:08.2 (38971346)|SYSTEM_MODE_EXIT|false
12:16:08.39 (39025334)|CUMULATIVE_LIMIT_USAGE
12:16:08.39 (39025334)|LIMIT_USAGE_FOR_NS|(default)|
  Number of SOQL queries: 0 out of 100
  Number of query rows: 0 out of 50000
  Number of SOSL queries: 0 out of 20
  Number of DML statements: 0 out of 150
  Number of DML rows: 0 out of 10000
  Maximum CPU time: 0 out of 10000
  Maximum heap size: 0 out of 6000000
  Number of callouts: 0 out of 100
  Number of Email Invocations: 0 out of 10
  Number of future calls: 0 out of 50
  Number of queueable jobs added to the queue: 0 out of 50
  Number of Mobile Apex push calls: 0 out of 10

12:16:08.39 (39025334)|LIMIT_USAGE_FOR_NS|testautonumdata|
  Number of SOQL queries: 1 out of 100
  Number of query rows: 1 out of 50000
  Number of SOSL queries: 0 out of 20
  Number of DML statements: 0 out of 150
  Number of DML rows: 0 out of 10000
  Maximum CPU time: 0 out of 10000
  Maximum heap size: 0 out of 6000000
  Number of callouts: 0 out of 100
  Number of Email Invocations: 0 out of 10
  Number of future calls: 0 out of 50
  Number of queueable jobs added to the queue: 0 out of 50
  Number of Mobile Apex push calls: 0 out of 10

12:16:08.39 (39025334)|CUMULATIVE_LIMIT_USAGE_END

12:16:08.2 (39109820)|CODE_UNIT_FINISHED|ReferralsServerController.getListRecords
12:16:08.40 (40794583)|USER_INFO|[EXTERNAL]|005B0000001VpZR|rreboucas-yi5c@force.com|Pacific Standard Time|GMT-07:00
12:16:08.40 (40807517)|CODE_UNIT_STARTED|[EXTERNAL]|Aura
12:16:08.40 (40864240)|CODE_UNIT_FINISHED|Aura
