38.0 APEX_CODE,FINEST;APEX_PROFILING,INFO;CALLOUT,INFO;DB,INFO;SYSTEM,DEBUG;VALIDATION,INFO;VISUALFORCE,INFO;WORKFLOW,INFO
09:52:42.0 (113064)|USER_INFO|[EXTERNAL]|005B0000001VpZR|rreboucas-yi5c@force.com|Pacific Standard Time|GMT-07:00
09:52:42.2 (2290586)|CODE_UNIT_STARTED|[EXTERNAL]|01pB0000000r382|Twitter_Lightning_Controller.getRecordDetails
09:52:42.2 (2351164)|VARIABLE_SCOPE_BEGIN|[3]|Twitter_Lightning_Controller.mapObjectsFields|Map<String,Set<String>>|true|true
09:52:42.2 (2417744)|HEAP_ALLOCATE|[EXTERNAL]|Bytes:384
09:52:42.2 (2427343)|HEAP_ALLOCATE|[EXTERNAL]|Bytes:56
09:52:42.2 (2430842)|HEAP_ALLOCATE|[EXTERNAL]|Bytes:114
09:52:42.2 (2449516)|METHOD_ENTRY|[1]|01pB0000000r382|Twitter_Lightning_Controller.Twitter_Lightning_Controller()
09:52:42.2 (2453956)|STATEMENT_EXECUTE|[1]
09:52:42.2 (2459802)|STATEMENT_EXECUTE|[1]
09:52:42.2 (2494039)|HEAP_ALLOCATE|[50]|Bytes:5
09:52:42.2 (2521276)|HEAP_ALLOCATE|[56]|Bytes:5
09:52:42.2 (2530081)|HEAP_ALLOCATE|[64]|Bytes:7
09:52:42.2 (2560607)|SYSTEM_MODE_ENTER|false
09:52:42.2 (2582601)|HEAP_ALLOCATE|[3]|Bytes:5
09:52:42.2 (2587437)|STATEMENT_EXECUTE|[3]
09:52:42.2 (2620018)|VARIABLE_ASSIGNMENT|[3]|Twitter_Lightning_Controller.mapObjectsFields|null|
09:52:42.2 (2626861)|SYSTEM_MODE_EXIT|false
09:52:42.2 (2638569)|METHOD_EXIT|[1]|Twitter_Lightning_Controller
09:52:42.2 (2644249)|HEAP_ALLOCATE|[EXTERNAL]|Bytes:18
09:52:42.2 (2646700)|HEAP_ALLOCATE|[EXTERNAL]|Bytes:29
09:52:42.2 (2648141)|HEAP_ALLOCATE|[EXTERNAL]|Bytes:30
09:52:42.2 (2655062)|SYSTEM_MODE_ENTER|false
09:52:42.2 (2660875)|VARIABLE_SCOPE_BEGIN|[82]|recordID|String|false|false
09:52:42.2 (2670715)|VARIABLE_ASSIGNMENT|[82]|recordID|"003B0000003yTNaIAM"
09:52:42.2 (2673180)|VARIABLE_SCOPE_BEGIN|[82]|objectApiName|String|false|false
09:52:42.2 (2678555)|VARIABLE_ASSIGNMENT|[82]|objectApiName|"testautonumdata__Can (9 more) ..."
09:52:42.2 (2680559)|VARIABLE_SCOPE_BEGIN|[82]|twitterIDFieldApiName|String|false|false
09:52:42.2 (2684038)|VARIABLE_ASSIGNMENT|[82]|twitterIDFieldApiName|"testautonumdata__Twi (10 more) ..."
09:52:42.2 (2686078)|VARIABLE_SCOPE_BEGIN|[82]|firstName|String|false|false
09:52:42.2 (2688844)|VARIABLE_ASSIGNMENT|[82]|firstName|null
09:52:42.2 (2690659)|VARIABLE_SCOPE_BEGIN|[82]|lastName|String|false|false
09:52:42.2 (2692856)|VARIABLE_ASSIGNMENT|[82]|lastName|null
09:52:42.2 (2694642)|VARIABLE_SCOPE_BEGIN|[82]|companyName|String|false|false
09:52:42.2 (2696972)|VARIABLE_ASSIGNMENT|[82]|companyName|null
09:52:42.2 (2698576)|VARIABLE_SCOPE_BEGIN|[82]|email|String|false|false
09:52:42.2 (2700683)|VARIABLE_ASSIGNMENT|[82]|email|null
09:52:42.2 (2715040)|HEAP_ALLOCATE|[84]|Bytes:5
09:52:42.2 (2724568)|STATEMENT_EXECUTE|[82]
09:52:42.2 (2726059)|STATEMENT_EXECUTE|[84]
09:52:42.2 (2733304)|VARIABLE_SCOPE_BEGIN|[84]|hasTwitterMemberID|Boolean|false|false
09:52:42.2 (2736920)|HEAP_ALLOCATE|[84]|Bytes:5
09:52:42.2 (2743182)|VARIABLE_ASSIGNMENT|[84]|hasTwitterMemberID|false
09:52:42.2 (2745115)|STATEMENT_EXECUTE|[85]
09:52:42.2 (2750655)|HEAP_ALLOCATE|[85]|Bytes:64
09:52:42.2 (2764118)|CONSTRUCTOR_ENTRY|[85]|01pB0000000r382|<init>()
09:52:42.2 (2797961)|VARIABLE_SCOPE_BEGIN|[1]|this|testautonumdata.Twitter_Lightning_Controller|true|false
09:52:42.2 (2864778)|VARIABLE_ASSIGNMENT|[1]|this|{}|0x5cef8e86
09:52:42.2 (2874329)|HEAP_ALLOCATE|[EXTERNAL]|Bytes:5
09:52:42.2 (2884654)|HEAP_ALLOCATE|[EXTERNAL]|Bytes:6
09:52:42.2 (2909017)|STATEMENT_EXECUTE|[1]
09:52:42.2 (2913683)|HEAP_ALLOCATE|[EXTERNAL]|Bytes:5
09:52:42.2 (2916503)|STATEMENT_EXECUTE|[6]
09:52:42.2 (2918022)|STATEMENT_EXECUTE|[8]
09:52:42.2 (2919170)|STATEMENT_EXECUTE|[10]
09:52:42.2 (2920260)|STATEMENT_EXECUTE|[12]
09:52:42.2 (2921388)|STATEMENT_EXECUTE|[14]
09:52:42.2 (2922633)|STATEMENT_EXECUTE|[16]
09:52:42.2 (2923659)|STATEMENT_EXECUTE|[18]
09:52:42.2 (2924707)|STATEMENT_EXECUTE|[20]
09:52:42.2 (2925921)|STATEMENT_EXECUTE|[22]
09:52:42.2 (2927153)|STATEMENT_EXECUTE|[24]
09:52:42.2 (2928270)|STATEMENT_EXECUTE|[26]
09:52:42.2 (2929423)|STATEMENT_EXECUTE|[28]
09:52:42.2 (2930405)|STATEMENT_EXECUTE|[30]
09:52:42.2 (2931434)|STATEMENT_EXECUTE|[32]
09:52:42.2 (2932414)|STATEMENT_EXECUTE|[34]
09:52:42.2 (2938235)|CONSTRUCTOR_EXIT|[85]|01pB0000000r382|<init>()
09:52:42.2 (2942423)|VARIABLE_SCOPE_BEGIN|[85]|returnRec|testautonumdata.Twitter_Lightning_Controller|true|false
09:52:42.2 (2967988)|VARIABLE_ASSIGNMENT|[85]|returnRec|{}|0x5cef8e86
09:52:42.2 (2970594)|STATEMENT_EXECUTE|[88]
09:52:42.2 (2977554)|HEAP_ALLOCATE|[88]|Bytes:4
09:52:42.2 (3012451)|VARIABLE_ASSIGNMENT|[88]|Twitter_Lightning_Controller.mapObjectsFields|{"s":1,"v":{}}|0x454a1dbc
09:52:42.2 (3036852)|ENTERING_MANAGED_PKG|
09:52:42.2 (3075709)|STATEMENT_EXECUTE|[91]
09:52:42.2 (3077648)|STATEMENT_EXECUTE|[92]
09:52:42.2 (3081234)|HEAP_ALLOCATE|[92]|Bytes:9
09:52:42.2 (3086223)|VARIABLE_SCOPE_BEGIN|[92]|soql|String|false|false
09:52:42.2 (3093274)|VARIABLE_ASSIGNMENT|[92]|soql|"Select id"
09:52:42.2 (3095195)|STATEMENT_EXECUTE|[93]
09:52:42.2 (3097449)|HEAP_ALLOCATE|[93]|Bytes:2
09:52:42.2 (3218424)|HEAP_ALLOCATE|[93]|Bytes:19
09:52:42.2 (3224633)|HEAP_ALLOCATE|[93]|Bytes:28
09:52:42.2 (3236256)|METHOD_ENTRY|[1]|01pB0000000ljzx|Sparkle_Helper.Sparkle_Helper()
09:52:42.2 (3239200)|STATEMENT_EXECUTE|[1]
09:52:42.2 (3242124)|STATEMENT_EXECUTE|[1]
09:52:42.2 (3248185)|HEAP_ALLOCATE|[93]|Bytes:5
09:52:42.2 (3257387)|METHOD_EXIT|[1]|Sparkle_Helper
09:52:42.2 (3272720)|METHOD_ENTRY|[93]|01pB0000000ljzx|testautonumdata.Sparkle_Helper.AddFieldToObjectsMap(String, String, Map<String,Set<String>>)
09:52:42.2 (3287393)|VARIABLE_SCOPE_BEGIN|[107]|fieldName|String|false|false
09:52:42.2 (3297222)|VARIABLE_ASSIGNMENT|[107]|fieldName|"Id"
09:52:42.2 (3299409)|VARIABLE_SCOPE_BEGIN|[107]|initialObjectName|String|false|false
09:52:42.2 (3303991)|VARIABLE_ASSIGNMENT|[107]|initialObjectName|"testautonumdata__Can (9 more) ..."
09:52:42.2 (3305876)|VARIABLE_SCOPE_BEGIN|[107]|theMap|Map<String,Set<String>>|true|false
09:52:42.2 (3315899)|VARIABLE_ASSIGNMENT|[107]|theMap|{"s":1,"v":{}}|0x454a1dbc
09:52:42.2 (3323666)|HEAP_ALLOCATE|[109]|Bytes:5
09:52:42.2 (3328380)|STATEMENT_EXECUTE|[108]
09:52:42.2 (3331513)|HEAP_ALLOCATE|[109]|Bytes:1
09:52:42.2 (3348914)|ENTERING_MANAGED_PKG|
09:52:42.2 (3384830)|STATEMENT_EXECUTE|[150]
09:52:42.2 (3395594)|METHOD_ENTRY|[150]|01pB0000000ljzx|testautonumdata.Sparkle_Helper.AddFieldToMap(String, String, Map<String,Set<String>>)
09:52:42.2 (3408880)|VARIABLE_SCOPE_BEGIN|[157]|fieldName|String|false|false
09:52:42.2 (3414969)|VARIABLE_ASSIGNMENT|[157]|fieldName|"Id"
09:52:42.2 (3417272)|VARIABLE_SCOPE_BEGIN|[157]|ObjectName|String|false|false
09:52:42.2 (3421398)|VARIABLE_ASSIGNMENT|[157]|ObjectName|"testautonumdata__Can (9 more) ..."
09:52:42.2 (3423289)|VARIABLE_SCOPE_BEGIN|[157]|theMap|Map<String,Set<String>>|true|false
09:52:42.2 (3432448)|VARIABLE_ASSIGNMENT|[157]|theMap|{"s":1,"v":{}}|0x454a1dbc
09:52:42.2 (3440526)|HEAP_ALLOCATE|[160]|Bytes:5
09:52:42.2 (3444962)|STATEMENT_EXECUTE|[158]
09:52:42.2 (3458374)|ENTERING_MANAGED_PKG|
09:52:42.2 (3489582)|STATEMENT_EXECUTE|[167]
09:52:42.2 (3491286)|STATEMENT_EXECUTE|[168]
09:52:42.2 (3533316)|HEAP_ALLOCATE|[168]|Bytes:4
09:52:42.2 (3549949)|ENTERING_MANAGED_PKG|
09:52:42.2 (3573938)|VARIABLE_SCOPE_BEGIN|[168]|newFieldSet|Set<String>|true|false
09:52:42.2 (3616138)|VARIABLE_ASSIGNMENT|[168]|newFieldSet|{"s":1,"v":[]}|0x7e252b2
09:52:42.2 (3620319)|STATEMENT_EXECUTE|[169]
09:52:42.2 (3631028)|ENTERING_MANAGED_PKG|
09:52:42.2 (3650272)|HEAP_ALLOCATE|[EXTERNAL]|Bytes:4
09:52:42.2 (3657697)|STATEMENT_EXECUTE|[170]
09:52:42.2 (3665721)|ENTERING_MANAGED_PKG|
09:52:42.2 (3692322)|HEAP_ALLOCATE|[EXTERNAL]|Bytes:-4
09:52:42.2 (3705253)|METHOD_EXIT|[150]|01pB0000000ljzx|testautonumdata.Sparkle_Helper.AddFieldToMap(String, String, Map<String,Set<String>>)
09:52:42.2 (3712365)|METHOD_EXIT|[93]|01pB0000000ljzx|testautonumdata.Sparkle_Helper.AddFieldToObjectsMap(String, String, Map<String,Set<String>>)
09:52:42.2 (3716280)|STATEMENT_EXECUTE|[95]
09:52:42.2 (3717557)|STATEMENT_EXECUTE|[96]
09:52:42.2 (3726692)|HEAP_ALLOCATE|[96]|Bytes:2
09:52:42.2 (3743224)|ENTERING_MANAGED_PKG|
09:52:42.2 (3761410)|HEAP_ALLOCATE|[96]|Bytes:30
09:52:42.2 (3779250)|HEAP_ALLOCATE|[96]|Bytes:32
09:52:42.2 (3784194)|HEAP_ALLOCATE|[96]|Bytes:41
09:52:42.2 (3793166)|VARIABLE_ASSIGNMENT|[96]|soql|"Select id, testauton (21 more) ..."
09:52:42.2 (3795841)|STATEMENT_EXECUTE|[97]
09:52:42.2 (3804047)|METHOD_ENTRY|[97]|01pB0000000ljzx|testautonumdata.Sparkle_Helper.AddFieldToObjectsMap(String, String, Map<String,Set<String>>)
09:52:42.2 (3815760)|VARIABLE_SCOPE_BEGIN|[107]|fieldName|String|false|false
09:52:42.2 (3821275)|VARIABLE_ASSIGNMENT|[107]|fieldName|"testautonumdata__Twi (10 more) ..."
09:52:42.2 (3823240)|VARIABLE_SCOPE_BEGIN|[107]|initialObjectName|String|false|false
09:52:42.2 (3826502)|VARIABLE_ASSIGNMENT|[107]|initialObjectName|"testautonumdata__Can (9 more) ..."
09:52:42.2 (3827996)|VARIABLE_SCOPE_BEGIN|[107]|theMap|Map<String,Set<String>>|true|false
09:52:42.2 (3844150)|VARIABLE_ASSIGNMENT|[107]|theMap|{"s":1,"v":{"testautonumdata__Can (9 more) ...":{"s":2,"v":["Id"]}}}|0x454a1dbc
09:52:42.2 (3852451)|HEAP_ALLOCATE|[109]|Bytes:5
09:52:42.2 (3856568)|STATEMENT_EXECUTE|[108]
09:52:42.2 (3868576)|ENTERING_MANAGED_PKG|
09:52:42.2 (3876318)|STATEMENT_EXECUTE|[150]
09:52:42.2 (3881618)|METHOD_ENTRY|[150]|01pB0000000ljzx|testautonumdata.Sparkle_Helper.AddFieldToMap(String, String, Map<String,Set<String>>)
09:52:42.2 (3885079)|VARIABLE_SCOPE_BEGIN|[157]|fieldName|String|false|false
09:52:42.2 (3890621)|VARIABLE_ASSIGNMENT|[157]|fieldName|"testautonumdata__Twi (10 more) ..."
09:52:42.2 (3892204)|VARIABLE_SCOPE_BEGIN|[157]|ObjectName|String|false|false
09:52:42.2 (3895387)|VARIABLE_ASSIGNMENT|[157]|ObjectName|"testautonumdata__Can (9 more) ..."
09:52:42.2 (3896742)|VARIABLE_SCOPE_BEGIN|[157]|theMap|Map<String,Set<String>>|true|false
09:52:42.2 (3910463)|VARIABLE_ASSIGNMENT|[157]|theMap|{"s":1,"v":{"testautonumdata__Can (9 more) ...":{"s":2,"v":["Id"]}}}|0x454a1dbc
09:52:42.2 (3917304)|HEAP_ALLOCATE|[160]|Bytes:5
09:52:42.2 (3920989)|STATEMENT_EXECUTE|[158]
09:52:42.2 (3927708)|ENTERING_MANAGED_PKG|
09:52:42.2 (3933940)|STATEMENT_EXECUTE|[161]
09:52:42.2 (3935240)|STATEMENT_EXECUTE|[162]
09:52:42.2 (3940698)|ENTERING_MANAGED_PKG|
09:52:42.2 (3971426)|VARIABLE_SCOPE_BEGIN|[162]|existingFieldSet|Set<String>|true|false
09:52:42.2 (3984828)|VARIABLE_ASSIGNMENT|[162]|existingFieldSet|{"s":1,"v":["Id"]}|0x7e252b2
09:52:42.2 (3988134)|STATEMENT_EXECUTE|[163]
09:52:42.2 (3995710)|ENTERING_MANAGED_PKG|
09:52:42.2 (4012458)|HEAP_ALLOCATE|[EXTERNAL]|Bytes:4
09:52:42.2 (4020336)|STATEMENT_EXECUTE|[164]
09:52:42.2 (4030334)|ENTERING_MANAGED_PKG|
09:52:42.2 (4064749)|METHOD_EXIT|[150]|01pB0000000ljzx|testautonumdata.Sparkle_Helper.AddFieldToMap(String, String, Map<String,Set<String>>)
09:52:42.2 (4071613)|METHOD_EXIT|[97]|01pB0000000ljzx|testautonumdata.Sparkle_Helper.AddFieldToObjectsMap(String, String, Map<String,Set<String>>)
09:52:42.2 (4075572)|STATEMENT_EXECUTE|[100]
09:52:42.2 (4077543)|STATEMENT_EXECUTE|[105]
09:52:42.2 (4079118)|STATEMENT_EXECUTE|[110]
09:52:42.2 (4080514)|STATEMENT_EXECUTE|[115]
09:52:42.2 (4081477)|STATEMENT_EXECUTE|[121]
09:52:42.2 (4085027)|HEAP_ALLOCATE|[121]|Bytes:6
09:52:42.2 (4098166)|ENTERING_MANAGED_PKG|
09:52:42.2 (4113665)|HEAP_ALLOCATE|[121]|Bytes:29
09:52:42.2 (4126492)|HEAP_ALLOCATE|[121]|Bytes:35
09:52:42.2 (4130916)|HEAP_ALLOCATE|[121]|Bytes:76
09:52:42.2 (4139257)|VARIABLE_ASSIGNMENT|[121]|soql|"Select id, testauton (56 more) ..."
09:52:42.2 (4141943)|STATEMENT_EXECUTE|[123]
09:52:42.2 (4144460)|HEAP_ALLOCATE|[123]|Bytes:12
09:52:42.2 (4153905)|ENTERING_MANAGED_PKG|
09:52:42.2 (4167256)|HEAP_ALLOCATE|[123]|Bytes:18
09:52:42.2 (4177148)|HEAP_ALLOCATE|[123]|Bytes:1
09:52:42.2 (4186559)|HEAP_ALLOCATE|[123]|Bytes:31
09:52:42.2 (4191117)|HEAP_ALLOCATE|[123]|Bytes:107
09:52:42.2 (4198675)|VARIABLE_ASSIGNMENT|[123]|soql|"Select id, testauton (87 more) ..."
09:52:42.2 (4201067)|STATEMENT_EXECUTE|[126]
09:52:42.2 (4203986)|HEAP_ALLOCATE|[126]|Bytes:8
09:52:42.2 (4212324)|HEAP_ALLOCATE|[126]|Bytes:115
09:52:42.2 (4218346)|VARIABLE_ASSIGNMENT|[126]|soql|"Select id, testauton (95 more) ..."
09:52:42.2 (4220385)|STATEMENT_EXECUTE|[128]
09:52:42.2 (4222997)|HEAP_ALLOCATE|[128]|Bytes:15
09:52:42.2 (4227349)|HEAP_ALLOCATE|[128]|Bytes:130
09:52:42.2 (4255413)|ENTERING_MANAGED_PKG|
09:52:42.2 (4281754)|USER_DEBUG|[128]|DEBUG|######## soql: Select id, testautonumdata__Twitter_ID__c FROM testautonumdata__Candidate__c WHERE id ='003B0000003yTNaIAM' limit 1
09:52:42.2 (4298098)|METHOD_ENTRY|[132]|01pB0000000ljzx|testautonumdata.Sparkle_Helper.UserHasAccessToObjectsAndFields(Map<String,Set<String>>)
09:52:42.2 (4310036)|VARIABLE_SCOPE_BEGIN|[175]|theMap|Map<String,Set<String>>|true|false
09:52:42.2 (4329428)|VARIABLE_ASSIGNMENT|[175]|theMap|{"s":1,"v":{"testautonumdata__Can (9 more) ...":{"s":2,"v":["Id","testautonumdata__Twi (10 more) ..."]}}}|0x454a1dbc
09:52:42.2 (4338623)|HEAP_ALLOCATE|[177]|Bytes:5
09:52:42.2 (4343231)|STATEMENT_EXECUTE|[176]
09:52:42.2 (4344488)|STATEMENT_EXECUTE|[177]
09:52:42.2 (4348458)|VARIABLE_SCOPE_BEGIN|[177]|hasAccess|Boolean|false|false
09:52:42.2 (4351783)|HEAP_ALLOCATE|[177]|Bytes:5
09:52:42.2 (4356560)|VARIABLE_ASSIGNMENT|[177]|hasAccess|true
09:52:42.2 (4366022)|ENTERING_MANAGED_PKG|
09:52:42.2 (4388449)|STATEMENT_EXECUTE|[180]
09:52:42.2 (4390467)|STATEMENT_EXECUTE|[181]
09:52:42.2 (4394046)|HEAP_ALLOCATE|[181]|Bytes:17
09:52:42.2 (4411385)|ENTERING_MANAGED_PKG|
09:52:42.2 (4441399)|HEAP_ALLOCATE|[181]|Bytes:68
09:52:42.2 (4455154)|HEAP_ALLOCATE|[181]|Bytes:85
09:52:42.2 (4463878)|ENTERING_MANAGED_PKG|
09:52:42.2 (4466886)|USER_DEBUG|[181]|DEBUG|######## theMap: {testautonumdata__Candidate__c={Id, testautonumdata__Twitter_ID__c}}
09:52:42.2 (4480686)|HEAP_ALLOCATE|[182]|Bytes:4
09:52:42.2 (4493234)|ENTERING_MANAGED_PKG|
09:52:42.2 (4515442)|ENTERING_MANAGED_PKG|
09:52:42.2 (4531796)|HEAP_ALLOCATE|[182]|Bytes:37
09:52:42.2 (4544992)|ENTERING_MANAGED_PKG|
09:52:42.2 (4550319)|HEAP_ALLOCATE|[182]|Bytes:4
09:52:42.2 (4557466)|ENTERING_MANAGED_PKG|
09:52:42.2 (4614150)|HEAP_ALLOCATE|[182]|Bytes:5
09:52:42.2 (4631034)|VARIABLE_SCOPE_BEGIN|[182]|objectName|String|false|false
09:52:42.2 (4639458)|VARIABLE_ASSIGNMENT|[182]|objectName|"testautonumdata__Can (9 more) ..."
09:52:42.2 (4643649)|STATEMENT_EXECUTE|[183]
09:52:42.2 (4644794)|STATEMENT_EXECUTE|[184]
09:52:42.2 (4648245)|HEAP_ALLOCATE|[184]|Bytes:21
09:52:42.2 (4654871)|HEAP_ALLOCATE|[184]|Bytes:50
09:52:42.2 (4663701)|ENTERING_MANAGED_PKG|
09:52:42.2 (4678590)|USER_DEBUG|[184]|DEBUG|######## objectName: testautonumdata__Candidate__c
09:52:42.2 (4684957)|STATEMENT_EXECUTE|[185]
09:52:42.2 (4700238)|ENTERING_MANAGED_PKG|
09:52:42.2 (20096121)|HEAP_ALLOCATE|[185]|Bytes:1648
09:52:42.2 (20130256)|ENTERING_MANAGED_PKG|
09:52:42.2 (20294223)|HEAP_ALLOCATE|[185]|Bytes:4
09:52:42.2 (20306252)|VARIABLE_SCOPE_BEGIN|[185]|sObj|SObject|true|false
09:52:42.2 (20327460)|VARIABLE_ASSIGNMENT|[185]|sObj|{}|0x2298d2c2
09:52:42.2 (20332446)|STATEMENT_EXECUTE|[186]
09:52:42.2 (20359924)|ENTERING_MANAGED_PKG|
09:52:42.2 (20734630)|HEAP_ALLOCATE|[186]|Bytes:4
09:52:42.2 (21395618)|HEAP_ALLOCATE|[186]|Bytes:140
09:52:42.2 (21406648)|VARIABLE_SCOPE_BEGIN|[186]|m|Map<String,Schema.SObjectField>|true|false
09:52:42.2 (21688145)|VARIABLE_ASSIGNMENT|[186]|m|"{createdbyid=CreatedById, createddate=CreatedDate, id=Id, isdeleted=IsDeleted, lastactivitydate=LastActivityDate, lastmodifiedbyid=LastModifiedById, lastmodifieddate=LastModifiedDate, lastreferenceddate=LastReferencedDate, lastvieweddate=LastViewedDate, name=Name, ...}"|0x21fa4a97
09:52:42.2 (21695626)|STATEMENT_EXECUTE|[187]
09:52:42.2 (21707690)|ENTERING_MANAGED_PKG|
09:52:42.2 (21750600)|VARIABLE_SCOPE_BEGIN|[187]|objectFieldSet|Set<String>|true|false
09:52:42.2 (21778109)|VARIABLE_ASSIGNMENT|[187]|objectFieldSet|{"s":1,"v":["Id","testautonumdata__Twi (10 more) ..."]}|0x7e252b2
09:52:42.2 (21790667)|HEAP_ALLOCATE|[189]|Bytes:4
09:52:42.2 (21802869)|ENTERING_MANAGED_PKG|
09:52:42.2 (21831296)|ENTERING_MANAGED_PKG|
09:52:42.2 (21837492)|HEAP_ALLOCATE|[189]|Bytes:8
09:52:42.2 (21844982)|ENTERING_MANAGED_PKG|
09:52:42.2 (21866043)|HEAP_ALLOCATE|[189]|Bytes:5
09:52:42.2 (21881004)|VARIABLE_SCOPE_BEGIN|[189]|fieldToCheck|String|false|false
09:52:42.2 (21888558)|VARIABLE_ASSIGNMENT|[189]|fieldToCheck|"Id"
09:52:42.2 (21892099)|STATEMENT_EXECUTE|[189]
09:52:42.2 (21893604)|STATEMENT_EXECUTE|[190]
09:52:42.2 (21898245)|HEAP_ALLOCATE|[190]|Bytes:23
09:52:42.2 (21907189)|HEAP_ALLOCATE|[190]|Bytes:25
09:52:42.2 (21920031)|ENTERING_MANAGED_PKG|
09:52:42.2 (21941615)|USER_DEBUG|[190]|DEBUG|######## fieldToCheck: Id
09:52:42.2 (21955700)|ENTERING_MANAGED_PKG|
09:52:42.2 (22280837)|HEAP_ALLOCATE|[192]|Bytes:8
09:52:42.2 (22307212)|STATEMENT_EXECUTE|[192]
09:52:42.2 (22309353)|STATEMENT_EXECUTE|[199]
09:52:42.2 (22312399)|HEAP_ALLOCATE|[199]|Bytes:35
09:52:42.2 (22323278)|HEAP_ALLOCATE|[199]|Bytes:37
09:52:42.2 (22333269)|ENTERING_MANAGED_PKG|
09:52:42.2 (22348032)|USER_DEBUG|[199]|DEBUG|######## User has access to field: Id
09:52:42.2 (22363487)|HEAP_ALLOCATE|[189]|Bytes:5
09:52:42.2 (22375394)|VARIABLE_SCOPE_BEGIN|[189]|fieldToCheck|String|false|false
09:52:42.2 (22384535)|VARIABLE_ASSIGNMENT|[189]|fieldToCheck|"testautonumdata__Twi (10 more) ..."
09:52:42.2 (22387865)|STATEMENT_EXECUTE|[189]
09:52:42.2 (22389043)|STATEMENT_EXECUTE|[190]
09:52:42.2 (22393934)|HEAP_ALLOCATE|[190]|Bytes:53
09:52:42.2 (22401571)|ENTERING_MANAGED_PKG|
09:52:42.2 (22404118)|USER_DEBUG|[190]|DEBUG|######## fieldToCheck: testautonumdata__Twitter_ID__c
09:52:42.2 (22410917)|ENTERING_MANAGED_PKG|
09:52:42.2 (22867315)|HEAP_ALLOCATE|[192]|Bytes:8
09:52:42.2 (22882330)|STATEMENT_EXECUTE|[192]
09:52:42.2 (22884043)|STATEMENT_EXECUTE|[199]
09:52:42.2 (22889859)|HEAP_ALLOCATE|[199]|Bytes:65
09:52:42.2 (22898404)|ENTERING_MANAGED_PKG|
09:52:42.2 (22901423)|USER_DEBUG|[199]|DEBUG|######## User has access to field: testautonumdata__Twitter_ID__c
09:52:42.2 (22913604)|HEAP_ALLOCATE|[189]|Bytes:5
09:52:42.2 (22926746)|VARIABLE_ASSIGNMENT|[189]|fieldToCheck|null
09:52:42.2 (22935525)|HEAP_ALLOCATE|[182]|Bytes:5
09:52:42.2 (22944550)|VARIABLE_ASSIGNMENT|[182]|objectName|null
09:52:42.2 (22948102)|STATEMENT_EXECUTE|[206]
09:52:42.2 (22950806)|HEAP_ALLOCATE|[206]|Bytes:5
09:52:42.2 (22965298)|METHOD_EXIT|[132]|01pB0000000ljzx|testautonumdata.Sparkle_Helper.UserHasAccessToObjectsAndFields(Map<String,Set<String>>)
09:52:42.2 (22969857)|STATEMENT_EXECUTE|[133]
09:52:42.2 (22971056)|STATEMENT_EXECUTE|[135]
09:52:42.2 (22994737)|ENTERING_MANAGED_PKG|
09:52:42.2 (23025180)|HEAP_ALLOCATE|[135]|Bytes:5
09:52:42.2 (23301975)|SOQL_EXECUTE_BEGIN|[135]|Aggregations:0|Select id, testautonumdata__Twitter_ID__c FROM testautonumdata__Candidate__c WHERE id ='003B0000003yTNaIAM' limit 1
09:52:42.2 (26246783)|SOQL_EXECUTE_END|[135]|Rows:0
09:52:42.2 (26276096)|HEAP_ALLOCATE|[135]|Bytes:4
09:52:42.2 (26290212)|HEAP_ALLOCATE|[135]|Bytes:0
09:52:42.2 (26346317)|HEAP_ALLOCATE|[135]|Bytes:4
09:52:42.2 (26361418)|VARIABLE_SCOPE_BEGIN|[135]|lstQueriedRecords|List<SObject>|true|false
09:52:42.2 (26379632)|VARIABLE_ASSIGNMENT|[135]|lstQueriedRecords|{"s":1,"v":[]}|0x6bd10b65
09:52:42.2 (26452955)|ENTERING_MANAGED_PKG|
09:52:42.2 (26477836)|STATEMENT_EXECUTE|[136]
09:52:42.2 (26480853)|STATEMENT_EXECUTE|[177]
09:52:42.2 (26492319)|SYSTEM_MODE_EXIT|false
09:52:42.26 (26547036)|CUMULATIVE_LIMIT_USAGE
09:52:42.26 (26547036)|LIMIT_USAGE_FOR_NS|(default)|
  Number of SOQL queries: 0 out of 100
  Number of query rows: 0 out of 50000
  Number of SOSL queries: 0 out of 20
  Number of DML statements: 0 out of 150
  Number of DML rows: 0 out of 10000
  Maximum CPU time: 0 out of 10000
  Maximum heap size: 0 out of 6000000
  Number of callouts: 0 out of 100
  Number of Email Invocations: 0 out of 10
  Number of future calls: 0 out of 50
  Number of queueable jobs added to the queue: 0 out of 50
  Number of Mobile Apex push calls: 0 out of 10

09:52:42.26 (26547036)|LIMIT_USAGE_FOR_NS|testautonumdata|
  Number of SOQL queries: 1 out of 100
  Number of query rows: 0 out of 50000
  Number of SOSL queries: 0 out of 20
  Number of DML statements: 0 out of 150
  Number of DML rows: 0 out of 10000
  Maximum CPU time: 0 out of 10000
  Maximum heap size: 0 out of 6000000
  Number of callouts: 0 out of 100
  Number of Email Invocations: 0 out of 10
  Number of future calls: 0 out of 50
  Number of queueable jobs added to the queue: 0 out of 50
  Number of Mobile Apex push calls: 0 out of 10

09:52:42.26 (26547036)|CUMULATIVE_LIMIT_USAGE_END

09:52:42.28 (28873524)|CODE_UNIT_STARTED|[EXTERNAL]|Aura
09:52:42.87 (87269151)|CODE_UNIT_STARTED|[EXTERNAL]|01pB0000000lc8w|RelatedListServerController.getListRecords
09:52:42.87 (87358443)|VARIABLE_SCOPE_BEGIN|[3]|RelatedListServerController.mapObjectsFields|Map<String,Set<String>>|true|true
09:52:42.87 (87374787)|HEAP_ALLOCATE|[EXTERNAL]|Bytes:220
09:52:42.87 (87387191)|HEAP_ALLOCATE|[EXTERNAL]|Bytes:21
09:52:42.87 (87393403)|HEAP_ALLOCATE|[EXTERNAL]|Bytes:22
09:52:42.87 (87418428)|METHOD_ENTRY|[1]|01pB0000000lc8w|RelatedListServerController.RelatedListServerController()
09:52:42.87 (87424526)|STATEMENT_EXECUTE|[1]
09:52:42.87 (87435011)|STATEMENT_EXECUTE|[1]
09:52:42.87 (87447654)|SYSTEM_MODE_ENTER|false
09:52:42.87 (87457236)|HEAP_ALLOCATE|[3]|Bytes:5
09:52:42.87 (87464396)|STATEMENT_EXECUTE|[3]
09:52:42.87 (87506617)|VARIABLE_ASSIGNMENT|[3]|RelatedListServerController.mapObjectsFields|null|
09:52:42.87 (87514978)|SYSTEM_MODE_EXIT|false
09:52:42.87 (87532592)|METHOD_EXIT|[1]|RelatedListServerController
09:52:42.87 (87541933)|HEAP_ALLOCATE|[EXTERNAL]|Bytes:1
09:52:42.87 (87546175)|HEAP_ALLOCATE|[EXTERNAL]|Bytes:18
09:52:42.87 (87548835)|HEAP_ALLOCATE|[EXTERNAL]|Bytes:28
09:52:42.87 (87551314)|HEAP_ALLOCATE|[EXTERNAL]|Bytes:29
09:52:42.87 (87553853)|HEAP_ALLOCATE|[EXTERNAL]|Bytes:7
09:52:42.87 (87556167)|HEAP_ALLOCATE|[EXTERNAL]|Bytes:5
09:52:42.87 (87558514)|HEAP_ALLOCATE|[EXTERNAL]|Bytes:11
09:52:42.87 (87569243)|SYSTEM_MODE_ENTER|false
09:52:42.87 (87576844)|VARIABLE_SCOPE_BEGIN|[22]|rowsLimit|String|false|false
09:52:42.87 (87587816)|VARIABLE_ASSIGNMENT|[22]|rowsLimit|"8"
09:52:42.87 (87591395)|VARIABLE_SCOPE_BEGIN|[22]|recordId|String|false|false
09:52:42.87 (87597495)|VARIABLE_ASSIGNMENT|[22]|recordId|"003B0000003yTNaIAM"
09:52:42.87 (87600569)|VARIABLE_SCOPE_BEGIN|[22]|objectApiName|String|false|false
09:52:42.87 (87608314)|VARIABLE_ASSIGNMENT|[22]|objectApiName|"testautonumdata__Ref (8 more) ..."
09:52:42.87 (87611155)|VARIABLE_SCOPE_BEGIN|[22]|ParentObjectFieldName|String|false|false
09:52:42.87 (87617276)|VARIABLE_ASSIGNMENT|[22]|ParentObjectFieldName|"testautonumdata__Can (9 more) ..."
09:52:42.87 (87620412)|VARIABLE_SCOPE_BEGIN|[22]|filter1Field|String|false|false
09:52:42.87 (87625324)|VARIABLE_ASSIGNMENT|[22]|filter1Field|null
09:52:42.87 (87628203)|VARIABLE_SCOPE_BEGIN|[22]|filter1Value|String|false|false
09:52:42.87 (87631805)|VARIABLE_ASSIGNMENT|[22]|filter1Value|null
09:52:42.87 (87634381)|VARIABLE_SCOPE_BEGIN|[22]|column1|String|false|false
09:52:42.87 (87639446)|VARIABLE_ASSIGNMENT|[22]|column1|"OwnerId"
09:52:42.87 (87642115)|VARIABLE_SCOPE_BEGIN|[22]|RelFieldWithName|String|false|false
09:52:42.87 (87646275)|VARIABLE_ASSIGNMENT|[22]|RelFieldWithName|"Owner"
09:52:42.87 (87649150)|VARIABLE_SCOPE_BEGIN|[22]|column2|String|false|false
09:52:42.87 (87653248)|VARIABLE_ASSIGNMENT|[22]|column2|"createddate"
09:52:42.87 (87669201)|HEAP_ALLOCATE|[24]|Bytes:5
09:52:42.87 (87676440)|STATEMENT_EXECUTE|[22]
09:52:42.87 (87678639)|STATEMENT_EXECUTE|[24]
09:52:42.87 (87683500)|HEAP_ALLOCATE|[24]|Bytes:20
09:52:42.87 (87696694)|HEAP_ALLOCATE|[24]|Bytes:21
09:52:42.87 (87721459)|ENTERING_MANAGED_PKG|
09:52:42.87 (87766558)|USER_DEBUG|[24]|DEBUG|######## rowsLimit: 8
09:52:42.87 (87780567)|STATEMENT_EXECUTE|[25]
09:52:42.87 (87786980)|HEAP_ALLOCATE|[25]|Bytes:24
09:52:42.87 (87798710)|HEAP_ALLOCATE|[25]|Bytes:52
09:52:42.87 (87812249)|ENTERING_MANAGED_PKG|
09:52:42.87 (87831006)|USER_DEBUG|[25]|DEBUG|######## objectApiName: testautonumdata__Referral__c
09:52:42.87 (87841256)|STATEMENT_EXECUTE|[28]
09:52:42.87 (87849320)|HEAP_ALLOCATE|[28]|Bytes:4
09:52:42.87 (87885147)|VARIABLE_ASSIGNMENT|[28]|RelatedListServerController.mapObjectsFields|{"s":1,"v":{}}|0x411b9394
09:52:42.87 (87892012)|STATEMENT_EXECUTE|[30]
09:52:42.87 (87915350)|METHOD_ENTRY|[30]|01pB0000000ljzx|testautonumdata.Sparkle_Helper.AddFieldToObjectsMap(String, String, Map<String,Set<String>>)
09:52:42.87 (87946739)|VARIABLE_SCOPE_BEGIN|[107]|fieldName|String|false|false
09:52:42.87 (87956982)|VARIABLE_ASSIGNMENT|[107]|fieldName|"Id"
09:52:42.87 (87959923)|VARIABLE_SCOPE_BEGIN|[107]|initialObjectName|String|false|false
09:52:42.87 (87966644)|VARIABLE_ASSIGNMENT|[107]|initialObjectName|"testautonumdata__Ref (8 more) ..."
09:52:42.87 (87969454)|VARIABLE_SCOPE_BEGIN|[107]|theMap|Map<String,Set<String>>|true|false
09:52:42.87 (87982209)|VARIABLE_ASSIGNMENT|[107]|theMap|{"s":1,"v":{}}|0x411b9394
09:52:42.87 (87993926)|HEAP_ALLOCATE|[109]|Bytes:5
09:52:42.87 (88000817)|STATEMENT_EXECUTE|[108]
09:52:42.87 (88022873)|ENTERING_MANAGED_PKG|
09:52:42.87 (88041741)|STATEMENT_EXECUTE|[150]
09:52:42.87 (88054899)|METHOD_ENTRY|[150]|01pB0000000ljzx|testautonumdata.Sparkle_Helper.AddFieldToMap(String, String, Map<String,Set<String>>)
09:52:42.87 (88063102)|VARIABLE_SCOPE_BEGIN|[157]|fieldName|String|false|false
09:52:42.87 (88070947)|VARIABLE_ASSIGNMENT|[157]|fieldName|"Id"
09:52:42.87 (88074411)|VARIABLE_SCOPE_BEGIN|[157]|ObjectName|String|false|false
09:52:42.87 (88080629)|VARIABLE_ASSIGNMENT|[157]|ObjectName|"testautonumdata__Ref (8 more) ..."
09:52:42.87 (88084281)|VARIABLE_SCOPE_BEGIN|[157]|theMap|Map<String,Set<String>>|true|false
09:52:42.87 (88096854)|VARIABLE_ASSIGNMENT|[157]|theMap|{"s":1,"v":{}}|0x411b9394
09:52:42.87 (88107836)|HEAP_ALLOCATE|[160]|Bytes:5
09:52:42.87 (88114155)|STATEMENT_EXECUTE|[158]
09:52:42.87 (88124948)|ENTERING_MANAGED_PKG|
09:52:42.87 (88137539)|STATEMENT_EXECUTE|[167]
09:52:42.87 (88139709)|STATEMENT_EXECUTE|[168]
09:52:42.87 (88146103)|HEAP_ALLOCATE|[168]|Bytes:4
09:52:42.87 (88158160)|ENTERING_MANAGED_PKG|
09:52:42.87 (88166505)|VARIABLE_SCOPE_BEGIN|[168]|newFieldSet|Set<String>|true|false
09:52:42.87 (88199132)|VARIABLE_ASSIGNMENT|[168]|newFieldSet|{"s":1,"v":[]}|0x45ccb1eb
09:52:42.87 (88204454)|STATEMENT_EXECUTE|[169]
09:52:42.87 (88214612)|ENTERING_MANAGED_PKG|
09:52:42.87 (88219620)|HEAP_ALLOCATE|[EXTERNAL]|Bytes:4
09:52:42.87 (88228020)|STATEMENT_EXECUTE|[170]
09:52:42.87 (88235183)|ENTERING_MANAGED_PKG|
09:52:42.87 (88248854)|HEAP_ALLOCATE|[EXTERNAL]|Bytes:-4
09:52:42.87 (88264618)|METHOD_EXIT|[150]|01pB0000000ljzx|testautonumdata.Sparkle_Helper.AddFieldToMap(String, String, Map<String,Set<String>>)
09:52:42.87 (88275086)|METHOD_EXIT|[30]|01pB0000000ljzx|testautonumdata.Sparkle_Helper.AddFieldToObjectsMap(String, String, Map<String,Set<String>>)
09:52:42.87 (88279868)|STATEMENT_EXECUTE|[34]
09:52:42.87 (88308068)|HEAP_ALLOCATE|[34]|Bytes:4
09:52:42.87 (88380581)|ENTERING_MANAGED_PKG|
09:52:42.87 (88419210)|VARIABLE_SCOPE_BEGIN|[34]|lstReturnRecords|List<testautonumdata.RelatedListServerController>|true|false
09:52:42.87 (88447104)|HEAP_ALLOCATE|[EXTERNAL]|Bytes:4
09:52:42.87 (88464950)|VARIABLE_ASSIGNMENT|[34]|lstReturnRecords|{"s":1,"v":[]}|0x6ad22176
09:52:42.87 (88471118)|STATEMENT_EXECUTE|[37]
09:52:42.87 (88473302)|STATEMENT_EXECUTE|[38]
09:52:42.87 (88478482)|HEAP_ALLOCATE|[38]|Bytes:5
09:52:42.87 (88489287)|HEAP_ALLOCATE|[38]|Bytes:10
09:52:42.87 (88496361)|VARIABLE_SCOPE_BEGIN|[38]|fullUserRelationship|String|false|false
09:52:42.87 (88505686)|VARIABLE_ASSIGNMENT|[38]|fullUserRelationship|"Owner.Name"
09:52:42.87 (88509993)|STATEMENT_EXECUTE|[39]
09:52:42.87 (88514888)|VARIABLE_SCOPE_BEGIN|[39]|soql|String|false|false
09:52:42.87 (88523192)|VARIABLE_ASSIGNMENT|[39]|soql|"Select id"
09:52:42.87 (88526915)|STATEMENT_EXECUTE|[41]
09:52:42.87 (88528731)|STATEMENT_EXECUTE|[42]
09:52:42.87 (88548592)|ENTERING_MANAGED_PKG|
09:52:42.87 (88579579)|HEAP_ALLOCATE|[42]|Bytes:7
09:52:42.87 (88604088)|HEAP_ALLOCATE|[42]|Bytes:9
09:52:42.87 (88613124)|HEAP_ALLOCATE|[42]|Bytes:18
09:52:42.87 (88625113)|VARIABLE_ASSIGNMENT|[42]|soql|"Select id, OwnerId"
09:52:42.87 (88629713)|STATEMENT_EXECUTE|[43]
09:52:42.87 (88643255)|METHOD_ENTRY|[43]|01pB0000000ljzx|testautonumdata.Sparkle_Helper.AddFieldToObjectsMap(String, String, Map<String,Set<String>>)
09:52:42.87 (88662444)|VARIABLE_SCOPE_BEGIN|[107]|fieldName|String|false|false
09:52:42.87 (88670697)|VARIABLE_ASSIGNMENT|[107]|fieldName|"OwnerId"
09:52:42.87 (88673335)|VARIABLE_SCOPE_BEGIN|[107]|initialObjectName|String|false|false
09:52:42.87 (88679298)|VARIABLE_ASSIGNMENT|[107]|initialObjectName|"testautonumdata__Ref (8 more) ..."
09:52:42.87 (88682012)|VARIABLE_SCOPE_BEGIN|[107]|theMap|Map<String,Set<String>>|true|false
09:52:42.87 (88705264)|VARIABLE_ASSIGNMENT|[107]|theMap|{"s":1,"v":{"testautonumdata__Ref (8 more) ...":{"s":2,"v":["Id"]}}}|0x411b9394
09:52:42.87 (88718312)|HEAP_ALLOCATE|[109]|Bytes:5
09:52:42.87 (88724698)|STATEMENT_EXECUTE|[108]
09:52:42.87 (88743778)|ENTERING_MANAGED_PKG|
09:52:42.87 (88759813)|STATEMENT_EXECUTE|[150]
09:52:42.87 (88769354)|METHOD_ENTRY|[150]|01pB0000000ljzx|testautonumdata.Sparkle_Helper.AddFieldToMap(String, String, Map<String,Set<String>>)
09:52:42.87 (88775984)|VARIABLE_SCOPE_BEGIN|[157]|fieldName|String|false|false
09:52:42.87 (88783638)|VARIABLE_ASSIGNMENT|[157]|fieldName|"OwnerId"
09:52:42.87 (88786456)|VARIABLE_SCOPE_BEGIN|[157]|ObjectName|String|false|false
09:52:42.87 (88792479)|VARIABLE_ASSIGNMENT|[157]|ObjectName|"testautonumdata__Ref (8 more) ..."
09:52:42.87 (88794988)|VARIABLE_SCOPE_BEGIN|[157]|theMap|Map<String,Set<String>>|true|false
09:52:42.87 (88816399)|VARIABLE_ASSIGNMENT|[157]|theMap|{"s":1,"v":{"testautonumdata__Ref (8 more) ...":{"s":2,"v":["Id"]}}}|0x411b9394
09:52:42.87 (88827785)|HEAP_ALLOCATE|[160]|Bytes:5
09:52:42.87 (88834110)|STATEMENT_EXECUTE|[158]
09:52:42.87 (88844957)|ENTERING_MANAGED_PKG|
09:52:42.87 (88852857)|STATEMENT_EXECUTE|[161]
09:52:42.87 (88854269)|STATEMENT_EXECUTE|[162]
09:52:42.87 (88858179)|ENTERING_MANAGED_PKG|
09:52:42.87 (88869684)|VARIABLE_SCOPE_BEGIN|[162]|existingFieldSet|Set<String>|true|false
09:52:42.87 (88884057)|VARIABLE_ASSIGNMENT|[162]|existingFieldSet|{"s":1,"v":["Id"]}|0x45ccb1eb
09:52:42.87 (88887443)|STATEMENT_EXECUTE|[163]
09:52:42.87 (88893552)|ENTERING_MANAGED_PKG|
09:52:42.87 (88896304)|HEAP_ALLOCATE|[EXTERNAL]|Bytes:4
09:52:42.87 (88901348)|STATEMENT_EXECUTE|[164]
09:52:42.87 (88905344)|ENTERING_MANAGED_PKG|
09:52:42.87 (88924065)|METHOD_EXIT|[150]|01pB0000000ljzx|testautonumdata.Sparkle_Helper.AddFieldToMap(String, String, Map<String,Set<String>>)
09:52:42.87 (88935098)|METHOD_EXIT|[43]|01pB0000000ljzx|testautonumdata.Sparkle_Helper.AddFieldToObjectsMap(String, String, Map<String,Set<String>>)
09:52:42.87 (88939143)|STATEMENT_EXECUTE|[46]
09:52:42.87 (88940434)|STATEMENT_EXECUTE|[47]
09:52:42.87 (88953095)|ENTERING_MANAGED_PKG|
09:52:42.87 (88970943)|HEAP_ALLOCATE|[47]|Bytes:10
09:52:42.87 (88984643)|HEAP_ALLOCATE|[47]|Bytes:12
09:52:42.87 (88988963)|HEAP_ALLOCATE|[47]|Bytes:30
09:52:42.87 (88997551)|VARIABLE_ASSIGNMENT|[47]|soql|"Select id, OwnerId,  (10 more) ..."
09:52:42.87 (89001069)|STATEMENT_EXECUTE|[50]
09:52:42.87 (89002926)|STATEMENT_EXECUTE|[51]
09:52:42.87 (89012251)|ENTERING_MANAGED_PKG|
09:52:42.87 (89026423)|HEAP_ALLOCATE|[51]|Bytes:11
09:52:42.87 (89038575)|HEAP_ALLOCATE|[51]|Bytes:13
09:52:42.87 (89042856)|HEAP_ALLOCATE|[51]|Bytes:43
09:52:42.87 (89050276)|VARIABLE_ASSIGNMENT|[51]|soql|"Select id, OwnerId,  (23 more) ..."
09:52:42.87 (89052809)|STATEMENT_EXECUTE|[52]
09:52:42.87 (89060895)|METHOD_ENTRY|[52]|01pB0000000ljzx|testautonumdata.Sparkle_Helper.AddFieldToObjectsMap(String, String, Map<String,Set<String>>)
09:52:42.87 (89072779)|VARIABLE_SCOPE_BEGIN|[107]|fieldName|String|false|false
09:52:42.87 (89077628)|VARIABLE_ASSIGNMENT|[107]|fieldName|"createddate"
09:52:42.87 (89079338)|VARIABLE_SCOPE_BEGIN|[107]|initialObjectName|String|false|false
09:52:42.87 (89086289)|VARIABLE_ASSIGNMENT|[107]|initialObjectName|"testautonumdata__Ref (8 more) ..."
09:52:42.87 (89088026)|VARIABLE_SCOPE_BEGIN|[107]|theMap|Map<String,Set<String>>|true|false
09:52:42.87 (89104066)|VARIABLE_ASSIGNMENT|[107]|theMap|{"s":1,"v":{"testautonumdata__Ref (8 more) ...":{"s":2,"v":["Id","OwnerId"]}}}|0x411b9394
09:52:42.87 (89112548)|HEAP_ALLOCATE|[109]|Bytes:5
09:52:42.87 (89116791)|STATEMENT_EXECUTE|[108]
09:52:42.87 (89129276)|ENTERING_MANAGED_PKG|
09:52:42.87 (89137139)|STATEMENT_EXECUTE|[150]
09:52:42.87 (89142511)|METHOD_ENTRY|[150]|01pB0000000ljzx|testautonumdata.Sparkle_Helper.AddFieldToMap(String, String, Map<String,Set<String>>)
09:52:42.87 (89146396)|VARIABLE_SCOPE_BEGIN|[157]|fieldName|String|false|false
09:52:42.87 (89151080)|VARIABLE_ASSIGNMENT|[157]|fieldName|"createddate"
09:52:42.87 (89152859)|VARIABLE_SCOPE_BEGIN|[157]|ObjectName|String|false|false
09:52:42.87 (89156042)|VARIABLE_ASSIGNMENT|[157]|ObjectName|"testautonumdata__Ref (8 more) ..."
09:52:42.87 (89157543)|VARIABLE_SCOPE_BEGIN|[157]|theMap|Map<String,Set<String>>|true|false
09:52:42.87 (89171373)|VARIABLE_ASSIGNMENT|[157]|theMap|{"s":1,"v":{"testautonumdata__Ref (8 more) ...":{"s":2,"v":["Id","OwnerId"]}}}|0x411b9394
09:52:42.87 (89178340)|HEAP_ALLOCATE|[160]|Bytes:5
09:52:42.87 (89182252)|STATEMENT_EXECUTE|[158]
09:52:42.87 (89188915)|ENTERING_MANAGED_PKG|
09:52:42.87 (89194938)|STATEMENT_EXECUTE|[161]
09:52:42.87 (89196211)|STATEMENT_EXECUTE|[162]
09:52:42.87 (89199475)|ENTERING_MANAGED_PKG|
09:52:42.87 (89209023)|VARIABLE_SCOPE_BEGIN|[162]|existingFieldSet|Set<String>|true|false
09:52:42.87 (89221721)|VARIABLE_ASSIGNMENT|[162]|existingFieldSet|{"s":1,"v":["Id","OwnerId"]}|0x45ccb1eb
09:52:42.87 (89224722)|STATEMENT_EXECUTE|[163]
09:52:42.87 (89230112)|ENTERING_MANAGED_PKG|
09:52:42.87 (89232828)|HEAP_ALLOCATE|[EXTERNAL]|Bytes:4
09:52:42.87 (89238238)|STATEMENT_EXECUTE|[164]
09:52:42.87 (89241906)|ENTERING_MANAGED_PKG|
09:52:42.87 (89259218)|METHOD_EXIT|[150]|01pB0000000ljzx|testautonumdata.Sparkle_Helper.AddFieldToMap(String, String, Map<String,Set<String>>)
09:52:42.87 (89265699)|METHOD_EXIT|[52]|01pB0000000ljzx|testautonumdata.Sparkle_Helper.AddFieldToObjectsMap(String, String, Map<String,Set<String>>)
09:52:42.87 (89269030)|STATEMENT_EXECUTE|[57]
09:52:42.87 (89281436)|ENTERING_MANAGED_PKG|
09:52:42.87 (89298348)|HEAP_ALLOCATE|[57]|Bytes:28
09:52:42.87 (89311857)|HEAP_ALLOCATE|[57]|Bytes:34
09:52:42.87 (89316145)|HEAP_ALLOCATE|[57]|Bytes:77
09:52:42.87 (89324420)|VARIABLE_ASSIGNMENT|[57]|soql|"Select id, OwnerId,  (57 more) ..."
09:52:42.87 (89327569)|STATEMENT_EXECUTE|[60]
09:52:42.87 (89328707)|STATEMENT_EXECUTE|[61]
09:52:42.87 (89331458)|HEAP_ALLOCATE|[61]|Bytes:7
09:52:42.87 (89341887)|ENTERING_MANAGED_PKG|
09:52:42.87 (89364045)|HEAP_ALLOCATE|[61]|Bytes:29
09:52:42.87 (89383800)|HEAP_ALLOCATE|[61]|Bytes:4
09:52:42.87 (89403048)|ENTERING_MANAGED_PKG|
09:52:42.87 (89409182)|HEAP_ALLOCATE|[61]|Bytes:18
09:52:42.87 (89438035)|HEAP_ALLOCATE|[61]|Bytes:59
09:52:42.87 (89448853)|HEAP_ALLOCATE|[61]|Bytes:136
09:52:42.87 (89463189)|VARIABLE_ASSIGNMENT|[61]|soql|"Select id, OwnerId,  (116 more) ..."
09:52:42.87 (89468794)|STATEMENT_EXECUTE|[62]
09:52:42.87 (89481640)|METHOD_ENTRY|[62]|01pB0000000ljzx|testautonumdata.Sparkle_Helper.AddFieldToObjectsMap(String, String, Map<String,Set<String>>)
09:52:42.87 (89495892)|VARIABLE_SCOPE_BEGIN|[107]|fieldName|String|false|false
09:52:42.87 (89502814)|VARIABLE_ASSIGNMENT|[107]|fieldName|"testautonumdata__Can (9 more) ..."
09:52:42.87 (89504651)|VARIABLE_SCOPE_BEGIN|[107]|initialObjectName|String|false|false
09:52:42.87 (89507670)|VARIABLE_ASSIGNMENT|[107]|initialObjectName|"testautonumdata__Ref (8 more) ..."
09:52:42.87 (89509122)|VARIABLE_SCOPE_BEGIN|[107]|theMap|Map<String,Set<String>>|true|false
09:52:42.87 (89525423)|VARIABLE_ASSIGNMENT|[107]|theMap|{"s":1,"v":{"testautonumdata__Ref (8 more) ...":{"s":2,"v":["Id","OwnerId","createddate"]}}}|0x411b9394
09:52:42.87 (89534225)|HEAP_ALLOCATE|[109]|Bytes:5
09:52:42.87 (89538610)|STATEMENT_EXECUTE|[108]
09:52:42.87 (89552150)|ENTERING_MANAGED_PKG|
09:52:42.87 (89562729)|STATEMENT_EXECUTE|[150]
09:52:42.87 (89568371)|METHOD_ENTRY|[150]|01pB0000000ljzx|testautonumdata.Sparkle_Helper.AddFieldToMap(String, String, Map<String,Set<String>>)
09:52:42.87 (89571968)|VARIABLE_SCOPE_BEGIN|[157]|fieldName|String|false|false
09:52:42.87 (89577879)|VARIABLE_ASSIGNMENT|[157]|fieldName|"testautonumdata__Can (9 more) ..."
09:52:42.87 (89579630)|VARIABLE_SCOPE_BEGIN|[157]|ObjectName|String|false|false
09:52:42.87 (89582602)|VARIABLE_ASSIGNMENT|[157]|ObjectName|"testautonumdata__Ref (8 more) ..."
09:52:42.87 (89584051)|VARIABLE_SCOPE_BEGIN|[157]|theMap|Map<String,Set<String>>|true|false
09:52:42.87 (89599815)|VARIABLE_ASSIGNMENT|[157]|theMap|{"s":1,"v":{"testautonumdata__Ref (8 more) ...":{"s":2,"v":["Id","OwnerId","createddate"]}}}|0x411b9394
09:52:42.87 (89608187)|HEAP_ALLOCATE|[160]|Bytes:5
09:52:42.87 (89612215)|STATEMENT_EXECUTE|[158]
09:52:42.87 (89619321)|ENTERING_MANAGED_PKG|
09:52:42.87 (89625356)|STATEMENT_EXECUTE|[161]
09:52:42.87 (89626618)|STATEMENT_EXECUTE|[162]
09:52:42.87 (89629795)|ENTERING_MANAGED_PKG|
09:52:42.87 (89639349)|VARIABLE_SCOPE_BEGIN|[162]|existingFieldSet|Set<String>|true|false
09:52:42.87 (89652429)|VARIABLE_ASSIGNMENT|[162]|existingFieldSet|{"s":1,"v":["Id","OwnerId","createddate"]}|0x45ccb1eb
09:52:42.87 (89655539)|STATEMENT_EXECUTE|[163]
09:52:42.87 (89660911)|ENTERING_MANAGED_PKG|
09:52:42.87 (89663554)|HEAP_ALLOCATE|[EXTERNAL]|Bytes:4
09:52:42.87 (89668644)|STATEMENT_EXECUTE|[164]
09:52:42.87 (89672272)|ENTERING_MANAGED_PKG|
09:52:42.87 (89689683)|METHOD_EXIT|[150]|01pB0000000ljzx|testautonumdata.Sparkle_Helper.AddFieldToMap(String, String, Map<String,Set<String>>)
09:52:42.87 (89695932)|METHOD_EXIT|[62]|01pB0000000ljzx|testautonumdata.Sparkle_Helper.AddFieldToObjectsMap(String, String, Map<String,Set<String>>)
09:52:42.87 (89700777)|STATEMENT_EXECUTE|[65]
09:52:42.87 (89702526)|STATEMENT_EXECUTE|[71]
09:52:42.87 (89705738)|HEAP_ALLOCATE|[71]|Bytes:7
09:52:42.87 (89719152)|ENTERING_MANAGED_PKG|
09:52:42.87 (89739755)|HEAP_ALLOCATE|[71]|Bytes:1
09:52:42.87 (89754001)|HEAP_ALLOCATE|[71]|Bytes:8
09:52:42.87 (89758633)|HEAP_ALLOCATE|[71]|Bytes:144
09:52:42.87 (89767164)|VARIABLE_ASSIGNMENT|[71]|soql|"Select id, OwnerId,  (124 more) ..."
09:52:42.87 (89769927)|STATEMENT_EXECUTE|[75]
09:52:42.87 (89774718)|HEAP_ALLOCATE|[75]|Bytes:159
09:52:42.87 (89784159)|ENTERING_MANAGED_PKG|
09:52:42.87 (89798007)|USER_DEBUG|[75]|DEBUG|######## soql: Select id, OwnerId, Owner.Name, createddate FROM testautonumdata__Referral__c where testautonumdata__Candidate__c = '003B0000003yTNaIAM' limit 8
09:52:42.87 (89811563)|METHOD_ENTRY|[79]|01pB0000000ljzx|testautonumdata.Sparkle_Helper.UserHasAccessToObjectsAndFields(Map<String,Set<String>>)
09:52:42.87 (89823588)|VARIABLE_SCOPE_BEGIN|[175]|theMap|Map<String,Set<String>>|true|false
09:52:42.87 (89842516)|VARIABLE_ASSIGNMENT|[175]|theMap|{"s":1,"v":{"testautonumdata__Ref (8 more) ...":{"s":2,"v":["Id","OwnerId","createddate","testautonumdata__Can (9 more) ..."]}}}|0x411b9394
09:52:42.87 (89851907)|HEAP_ALLOCATE|[177]|Bytes:5
09:52:42.87 (89856741)|STATEMENT_EXECUTE|[176]
09:52:42.87 (89857987)|STATEMENT_EXECUTE|[177]
09:52:42.87 (89861668)|VARIABLE_SCOPE_BEGIN|[177]|hasAccess|Boolean|false|false
09:52:42.87 (89864775)|HEAP_ALLOCATE|[177]|Bytes:5
09:52:42.87 (89869603)|VARIABLE_ASSIGNMENT|[177]|hasAccess|true
09:52:42.87 (89877367)|ENTERING_MANAGED_PKG|
09:52:42.87 (89885647)|STATEMENT_EXECUTE|[180]
09:52:42.87 (89887125)|STATEMENT_EXECUTE|[181]
09:52:42.87 (89898958)|ENTERING_MANAGED_PKG|
09:52:42.87 (89916089)|HEAP_ALLOCATE|[181]|Bytes:88
09:52:42.87 (89927290)|HEAP_ALLOCATE|[181]|Bytes:105
09:52:42.87 (89938820)|ENTERING_MANAGED_PKG|
09:52:42.87 (89941582)|USER_DEBUG|[181]|DEBUG|######## theMap: {testautonumdata__Referral__c={Id, OwnerId, createddate, testautonumdata__Candidate__c}}
09:52:42.87 (89949422)|HEAP_ALLOCATE|[182]|Bytes:4
09:52:42.87 (89957345)|ENTERING_MANAGED_PKG|
09:52:42.87 (89964240)|ENTERING_MANAGED_PKG|
09:52:42.87 (89977833)|HEAP_ALLOCATE|[182]|Bytes:36
09:52:42.87 (89986416)|ENTERING_MANAGED_PKG|
09:52:42.87 (89990594)|HEAP_ALLOCATE|[182]|Bytes:4
09:52:42.87 (89995773)|ENTERING_MANAGED_PKG|
09:52:42.87 (90009182)|HEAP_ALLOCATE|[182]|Bytes:5
09:52:42.87 (90022369)|VARIABLE_SCOPE_BEGIN|[182]|objectName|String|false|false
09:52:42.87 (90030952)|VARIABLE_ASSIGNMENT|[182]|objectName|"testautonumdata__Ref (8 more) ..."
09:52:42.87 (90034526)|STATEMENT_EXECUTE|[183]
09:52:42.87 (90035613)|STATEMENT_EXECUTE|[184]
09:52:42.87 (90041471)|HEAP_ALLOCATE|[184]|Bytes:49
09:52:42.87 (90049179)|ENTERING_MANAGED_PKG|
09:52:42.87 (90051854)|USER_DEBUG|[184]|DEBUG|######## objectName: testautonumdata__Referral__c
09:52:42.87 (90056151)|STATEMENT_EXECUTE|[185]
09:52:42.87 (90061007)|ENTERING_MANAGED_PKG|
09:52:42.87 (96689868)|HEAP_ALLOCATE|[185]|Bytes:1648
09:52:42.87 (96714944)|ENTERING_MANAGED_PKG|
09:52:42.87 (96814247)|HEAP_ALLOCATE|[185]|Bytes:4
09:52:42.87 (96829442)|VARIABLE_SCOPE_BEGIN|[185]|sObj|SObject|true|false
09:52:42.87 (96849594)|VARIABLE_ASSIGNMENT|[185]|sObj|{}|0x777c4481
09:52:42.87 (96854565)|STATEMENT_EXECUTE|[186]
09:52:42.87 (96875034)|ENTERING_MANAGED_PKG|
09:52:42.87 (97148047)|HEAP_ALLOCATE|[186]|Bytes:4
09:52:42.87 (97489789)|HEAP_ALLOCATE|[186]|Bytes:60
09:52:42.87 (97500153)|VARIABLE_SCOPE_BEGIN|[186]|m|Map<String,Schema.SObjectField>|true|false
09:52:42.87 (97721781)|VARIABLE_ASSIGNMENT|[186]|m|"{createdbyid=CreatedById, createddate=CreatedDate, id=Id, isdeleted=IsDeleted, lastactivitydate=LastActivityDate, lastmodifiedbyid=LastModifiedById, lastmodifieddate=LastModifiedDate, lastreferenceddate=LastReferencedDate, lastvieweddate=LastViewedDate, name=Name, ...}"|0xa608cb4
09:52:42.87 (97729780)|STATEMENT_EXECUTE|[187]
09:52:42.87 (97740990)|ENTERING_MANAGED_PKG|
09:52:42.87 (97759629)|VARIABLE_SCOPE_BEGIN|[187]|objectFieldSet|Set<String>|true|false
09:52:42.87 (97785759)|VARIABLE_ASSIGNMENT|[187]|objectFieldSet|{"s":1,"v":["Id","OwnerId","createddate","testautonumdata__Can (9 more) ..."]}|0x45ccb1eb
09:52:42.87 (97795896)|HEAP_ALLOCATE|[189]|Bytes:4
09:52:42.87 (97808631)|ENTERING_MANAGED_PKG|
09:52:42.87 (97822163)|ENTERING_MANAGED_PKG|
09:52:42.87 (97828403)|HEAP_ALLOCATE|[189]|Bytes:16
09:52:42.87 (97840265)|ENTERING_MANAGED_PKG|
09:52:42.87 (97859989)|HEAP_ALLOCATE|[189]|Bytes:5
09:52:42.87 (97879657)|VARIABLE_SCOPE_BEGIN|[189]|fieldToCheck|String|false|false
09:52:42.87 (97891135)|VARIABLE_ASSIGNMENT|[189]|fieldToCheck|"Id"
09:52:42.87 (97895695)|STATEMENT_EXECUTE|[189]
09:52:42.87 (97897633)|STATEMENT_EXECUTE|[190]
09:52:42.87 (97906718)|HEAP_ALLOCATE|[190]|Bytes:25
09:52:42.87 (97920196)|ENTERING_MANAGED_PKG|
09:52:42.87 (97925005)|USER_DEBUG|[190]|DEBUG|######## fieldToCheck: Id
09:52:42.87 (97944028)|ENTERING_MANAGED_PKG|
09:52:42.87 (98225578)|HEAP_ALLOCATE|[192]|Bytes:8
09:52:42.87 (98249469)|STATEMENT_EXECUTE|[192]
09:52:42.87 (98252770)|STATEMENT_EXECUTE|[199]
09:52:42.87 (98262056)|HEAP_ALLOCATE|[199]|Bytes:37
09:52:42.87 (98275943)|ENTERING_MANAGED_PKG|
09:52:42.87 (98280468)|USER_DEBUG|[199]|DEBUG|######## User has access to field: Id
09:52:42.87 (98301126)|HEAP_ALLOCATE|[189]|Bytes:5
09:52:42.87 (98322340)|VARIABLE_SCOPE_BEGIN|[189]|fieldToCheck|String|false|false
09:52:42.87 (98333877)|VARIABLE_ASSIGNMENT|[189]|fieldToCheck|"OwnerId"
09:52:42.87 (98339019)|STATEMENT_EXECUTE|[189]
09:52:42.87 (98341106)|STATEMENT_EXECUTE|[190]
09:52:42.87 (98349221)|HEAP_ALLOCATE|[190]|Bytes:30
09:52:42.87 (98362509)|ENTERING_MANAGED_PKG|
09:52:42.87 (98367127)|USER_DEBUG|[190]|DEBUG|######## fieldToCheck: OwnerId
09:52:42.87 (98379991)|ENTERING_MANAGED_PKG|
09:52:42.87 (98590146)|HEAP_ALLOCATE|[192]|Bytes:8
09:52:42.87 (98605018)|STATEMENT_EXECUTE|[192]
09:52:42.87 (98606777)|STATEMENT_EXECUTE|[199]
09:52:42.87 (98612478)|HEAP_ALLOCATE|[199]|Bytes:42
09:52:42.87 (98620748)|ENTERING_MANAGED_PKG|
09:52:42.87 (98623664)|USER_DEBUG|[199]|DEBUG|######## User has access to field: OwnerId
09:52:42.87 (98635834)|HEAP_ALLOCATE|[189]|Bytes:5
09:52:42.87 (98647496)|VARIABLE_SCOPE_BEGIN|[189]|fieldToCheck|String|false|false
09:52:42.87 (98655363)|VARIABLE_ASSIGNMENT|[189]|fieldToCheck|"createddate"
09:52:42.87 (98658248)|STATEMENT_EXECUTE|[189]
09:52:42.87 (98659310)|STATEMENT_EXECUTE|[190]
09:52:42.87 (98663756)|HEAP_ALLOCATE|[190]|Bytes:34
09:52:42.87 (98670561)|ENTERING_MANAGED_PKG|
09:52:42.87 (98672836)|USER_DEBUG|[190]|DEBUG|######## fieldToCheck: createddate
09:52:42.87 (98679647)|ENTERING_MANAGED_PKG|
09:52:42.87 (98836996)|HEAP_ALLOCATE|[192]|Bytes:8
09:52:42.87 (98851719)|STATEMENT_EXECUTE|[192]
09:52:42.87 (98853355)|STATEMENT_EXECUTE|[199]
09:52:42.87 (98859078)|HEAP_ALLOCATE|[199]|Bytes:46
09:52:42.87 (98866986)|ENTERING_MANAGED_PKG|
09:52:42.87 (98869759)|USER_DEBUG|[199]|DEBUG|######## User has access to field: createddate
09:52:42.87 (98887388)|HEAP_ALLOCATE|[189]|Bytes:5
09:52:42.87 (98907613)|VARIABLE_SCOPE_BEGIN|[189]|fieldToCheck|String|false|false
09:52:42.87 (98921324)|VARIABLE_ASSIGNMENT|[189]|fieldToCheck|"testautonumdata__Can (9 more) ..."
09:52:42.87 (98926988)|STATEMENT_EXECUTE|[189]
09:52:42.87 (98933751)|STATEMENT_EXECUTE|[190]
09:52:42.87 (98942911)|HEAP_ALLOCATE|[190]|Bytes:52
09:52:42.87 (98956685)|ENTERING_MANAGED_PKG|
09:52:42.87 (98961355)|USER_DEBUG|[190]|DEBUG|######## fieldToCheck: testautonumdata__Candidate__c
09:52:42.87 (98975261)|ENTERING_MANAGED_PKG|
09:52:42.87 (99562097)|HEAP_ALLOCATE|[192]|Bytes:8
09:52:42.87 (99578636)|STATEMENT_EXECUTE|[192]
09:52:42.87 (99580492)|STATEMENT_EXECUTE|[199]
09:52:42.87 (99586760)|HEAP_ALLOCATE|[199]|Bytes:64
09:52:42.87 (99595153)|ENTERING_MANAGED_PKG|
09:52:42.87 (99598308)|USER_DEBUG|[199]|DEBUG|######## User has access to field: testautonumdata__Candidate__c
09:52:42.87 (99610862)|HEAP_ALLOCATE|[189]|Bytes:5
09:52:42.87 (99623183)|VARIABLE_ASSIGNMENT|[189]|fieldToCheck|null
09:52:42.87 (99631621)|HEAP_ALLOCATE|[182]|Bytes:5
09:52:42.87 (99640059)|VARIABLE_ASSIGNMENT|[182]|objectName|null
09:52:42.87 (99643376)|STATEMENT_EXECUTE|[206]
09:52:42.87 (99646430)|HEAP_ALLOCATE|[206]|Bytes:5
09:52:42.87 (99657471)|METHOD_EXIT|[79]|01pB0000000ljzx|testautonumdata.Sparkle_Helper.UserHasAccessToObjectsAndFields(Map<String,Set<String>>)
09:52:42.87 (99661455)|STATEMENT_EXECUTE|[80]
09:52:42.87 (99662694)|STATEMENT_EXECUTE|[82]
09:52:42.87 (99675740)|ENTERING_MANAGED_PKG|
09:52:42.87 (100278855)|SOQL_EXECUTE_BEGIN|[82]|Aggregations:0|Select id, OwnerId, Owner.Name, createddate FROM testautonumdata__Referral__c where testautonumdata__Candidate__c = '003B0000003yTNaIAM' limit 8
09:52:42.87 (104355429)|SOQL_EXECUTE_END|[82]|Rows:0
09:52:42.87 (104381457)|HEAP_ALLOCATE|[82]|Bytes:4
09:52:42.87 (104394521)|HEAP_ALLOCATE|[82]|Bytes:0
09:52:42.87 (104434085)|HEAP_ALLOCATE|[82]|Bytes:4
09:52:42.87 (104446774)|VARIABLE_SCOPE_BEGIN|[82]|lstQueriedRecords|List<SObject>|true|false
09:52:42.87 (104464785)|VARIABLE_ASSIGNMENT|[82]|lstQueriedRecords|{"s":1,"v":[]}|0x7da823fc
09:52:42.87 (104468767)|STATEMENT_EXECUTE|[84]
09:52:42.87 (104473041)|HEAP_ALLOCATE|[84]|Bytes:28
09:52:42.87 (104489988)|ENTERING_MANAGED_PKG|
09:52:42.87 (104521099)|HEAP_ALLOCATE|[84]|Bytes:2
09:52:42.87 (104536683)|HEAP_ALLOCATE|[84]|Bytes:30
09:52:42.87 (104547062)|ENTERING_MANAGED_PKG|
09:52:42.87 (104550339)|USER_DEBUG|[84]|DEBUG|######## lstQueriedRecords: ()
09:52:42.87 (104600639)|ENTERING_MANAGED_PKG|
09:52:42.87 (104706621)|HEAP_ALLOCATE|[88]|Bytes:5
09:52:42.87 (104726534)|VARIABLE_ASSIGNMENT|[88]|e|null|
09:52:42.87 (104731075)|STATEMENT_EXECUTE|[88]
09:52:42.87 (104733655)|STATEMENT_EXECUTE|[125]
09:52:42.87 (104736804)|HEAP_ALLOCATE|[125]|Bytes:27
09:52:42.87 (104752107)|ENTERING_MANAGED_PKG|
09:52:42.87 (104776693)|HEAP_ALLOCATE|[125]|Bytes:2
09:52:42.87 (104791358)|HEAP_ALLOCATE|[125]|Bytes:29
09:52:42.87 (104800405)|ENTERING_MANAGED_PKG|
09:52:42.87 (104803546)|USER_DEBUG|[125]|DEBUG|######## lstReturnRecords: ()
09:52:42.87 (104808993)|STATEMENT_EXECUTE|[127]
09:52:42.87 (104819767)|SYSTEM_MODE_EXIT|false
09:52:42.104 (104870033)|CUMULATIVE_LIMIT_USAGE
09:52:42.104 (104870033)|LIMIT_USAGE_FOR_NS|(default)|
  Number of SOQL queries: 0 out of 100
  Number of query rows: 0 out of 50000
  Number of SOSL queries: 0 out of 20
  Number of DML statements: 0 out of 150
  Number of DML rows: 0 out of 10000
  Maximum CPU time: 0 out of 10000
  Maximum heap size: 0 out of 6000000
  Number of callouts: 0 out of 100
  Number of Email Invocations: 0 out of 10
  Number of future calls: 0 out of 50
  Number of queueable jobs added to the queue: 0 out of 50
  Number of Mobile Apex push calls: 0 out of 10

09:52:42.104 (104870033)|LIMIT_USAGE_FOR_NS|testautonumdata|
  Number of SOQL queries: 2 out of 100
  Number of query rows: 0 out of 50000
  Number of SOSL queries: 0 out of 20
  Number of DML statements: 0 out of 150
  Number of DML rows: 0 out of 10000
  Maximum CPU time: 0 out of 10000
  Maximum heap size: 0 out of 6000000
  Number of callouts: 0 out of 100
  Number of Email Invocations: 0 out of 10
  Number of future calls: 0 out of 50
  Number of queueable jobs added to the queue: 0 out of 50
  Number of Mobile Apex push calls: 0 out of 10

09:52:42.104 (104870033)|CUMULATIVE_LIMIT_USAGE_END

09:52:42.127 (127125852)|ENTERING_MANAGED_PKG|pyandf16
09:52:42.127 (127213452)|ENTERING_MANAGED_PKG|pyandf16
09:52:42.127 (127967968)|SOQL_EXECUTE_BEGIN|[10]|Aggregations:0|SELECT id, name, firstname, lastname, birthdate, mailingstreet, mailingcity, mailingstate, mailingpostalcode FROM Contact WHERE id = :tmpVar1 LIMIT 1
09:52:42.127 (133614372)|SOQL_EXECUTE_END|[10]|Rows:1
