38.0 APEX_CODE,FINEST;APEX_PROFILING,INFO;CALLOUT,INFO;DB,INFO;SYSTEM,DEBUG;VALIDATION,INFO;VISUALFORCE,INFO;WORKFLOW,INFO
09:42:52.0 (93279)|USER_INFO|[EXTERNAL]|005B0000001VpZR|rreboucas-yi5c@force.com|Pacific Standard Time|GMT-07:00
09:42:52.2 (2512113)|CODE_UNIT_STARTED|[EXTERNAL]|01pB0000000r382|Twitter_Lightning_Controller.getRecordDetails
09:42:52.2 (2573113)|VARIABLE_SCOPE_BEGIN|[3]|Twitter_Lightning_Controller.mapObjectsFields|Map<String,Set<String>>|true|true
09:42:52.2 (2633682)|HEAP_ALLOCATE|[EXTERNAL]|Bytes:384
09:42:52.2 (2642643)|HEAP_ALLOCATE|[EXTERNAL]|Bytes:56
09:42:52.2 (2645922)|HEAP_ALLOCATE|[EXTERNAL]|Bytes:114
09:42:52.2 (2664503)|METHOD_ENTRY|[1]|01pB0000000r382|Twitter_Lightning_Controller.Twitter_Lightning_Controller()
09:42:52.2 (2667858)|STATEMENT_EXECUTE|[1]
09:42:52.2 (2674257)|STATEMENT_EXECUTE|[1]
09:42:52.2 (2709890)|HEAP_ALLOCATE|[50]|Bytes:5
09:42:52.2 (2737504)|HEAP_ALLOCATE|[56]|Bytes:5
09:42:52.2 (2747643)|HEAP_ALLOCATE|[64]|Bytes:7
09:42:52.2 (2774404)|SYSTEM_MODE_ENTER|false
09:42:52.2 (2795647)|HEAP_ALLOCATE|[3]|Bytes:5
09:42:52.2 (2800078)|STATEMENT_EXECUTE|[3]
09:42:52.2 (2838428)|VARIABLE_ASSIGNMENT|[3]|Twitter_Lightning_Controller.mapObjectsFields|null|
09:42:52.2 (2847052)|SYSTEM_MODE_EXIT|false
09:42:52.2 (2860985)|METHOD_EXIT|[1]|Twitter_Lightning_Controller
09:42:52.2 (2866172)|HEAP_ALLOCATE|[EXTERNAL]|Bytes:18
09:42:52.2 (2868366)|HEAP_ALLOCATE|[EXTERNAL]|Bytes:29
09:42:52.2 (2869525)|HEAP_ALLOCATE|[EXTERNAL]|Bytes:30
09:42:52.2 (2875536)|SYSTEM_MODE_ENTER|false
09:42:52.2 (2880300)|VARIABLE_SCOPE_BEGIN|[82]|recordID|String|false|false
09:42:52.2 (2891006)|VARIABLE_ASSIGNMENT|[82]|recordID|"a0MB0000000cQdIMAU"
09:42:52.2 (2893450)|VARIABLE_SCOPE_BEGIN|[82]|objectApiName|String|false|false
09:42:52.2 (2898047)|VARIABLE_ASSIGNMENT|[82]|objectApiName|"testautonumdata__Can (9 more) ..."
09:42:52.2 (2899892)|VARIABLE_SCOPE_BEGIN|[82]|twitterIDFieldApiName|String|false|false
09:42:52.2 (2903282)|VARIABLE_ASSIGNMENT|[82]|twitterIDFieldApiName|"testautonumdata__Twi (10 more) ..."
09:42:52.2 (2905124)|VARIABLE_SCOPE_BEGIN|[82]|firstName|String|false|false
09:42:52.2 (2907576)|VARIABLE_ASSIGNMENT|[82]|firstName|null
09:42:52.2 (2909591)|VARIABLE_SCOPE_BEGIN|[82]|lastName|String|false|false
09:42:52.2 (2911684)|VARIABLE_ASSIGNMENT|[82]|lastName|null
09:42:52.2 (2913648)|VARIABLE_SCOPE_BEGIN|[82]|companyName|String|false|false
09:42:52.2 (2915720)|VARIABLE_ASSIGNMENT|[82]|companyName|null
09:42:52.2 (2917272)|VARIABLE_SCOPE_BEGIN|[82]|email|String|false|false
09:42:52.2 (2919270)|VARIABLE_ASSIGNMENT|[82]|email|null
09:42:52.2 (2933174)|HEAP_ALLOCATE|[84]|Bytes:5
09:42:52.2 (2937105)|STATEMENT_EXECUTE|[82]
09:42:52.2 (2938525)|STATEMENT_EXECUTE|[84]
09:42:52.2 (2945563)|VARIABLE_SCOPE_BEGIN|[84]|hasTwitterMemberID|Boolean|false|false
09:42:52.2 (2949008)|HEAP_ALLOCATE|[84]|Bytes:5
09:42:52.2 (2953900)|VARIABLE_ASSIGNMENT|[84]|hasTwitterMemberID|false
09:42:52.2 (2955568)|STATEMENT_EXECUTE|[85]
09:42:52.2 (2960582)|HEAP_ALLOCATE|[85]|Bytes:64
09:42:52.2 (2977323)|CONSTRUCTOR_ENTRY|[85]|01pB0000000r382|<init>()
09:42:52.2 (3002531)|VARIABLE_SCOPE_BEGIN|[1]|this|testautonumdata.Twitter_Lightning_Controller|true|false
09:42:52.2 (3056008)|VARIABLE_ASSIGNMENT|[1]|this|{}|0x64c2d6c7
09:42:52.2 (3063539)|HEAP_ALLOCATE|[EXTERNAL]|Bytes:5
09:42:52.2 (3072261)|HEAP_ALLOCATE|[EXTERNAL]|Bytes:6
09:42:52.2 (3097510)|STATEMENT_EXECUTE|[1]
09:42:52.2 (3102146)|HEAP_ALLOCATE|[EXTERNAL]|Bytes:5
09:42:52.2 (3104357)|STATEMENT_EXECUTE|[6]
09:42:52.2 (3105914)|STATEMENT_EXECUTE|[8]
09:42:52.2 (3106799)|STATEMENT_EXECUTE|[10]
09:42:52.2 (3107830)|STATEMENT_EXECUTE|[12]
09:42:52.2 (3108978)|STATEMENT_EXECUTE|[14]
09:42:52.2 (3110156)|STATEMENT_EXECUTE|[16]
09:42:52.2 (3111035)|STATEMENT_EXECUTE|[18]
09:42:52.2 (3111958)|STATEMENT_EXECUTE|[20]
09:42:52.2 (3112910)|STATEMENT_EXECUTE|[22]
09:42:52.2 (3113748)|STATEMENT_EXECUTE|[24]
09:42:52.2 (3114654)|STATEMENT_EXECUTE|[26]
09:42:52.2 (3115578)|STATEMENT_EXECUTE|[28]
09:42:52.2 (3116497)|STATEMENT_EXECUTE|[30]
09:42:52.2 (3117417)|STATEMENT_EXECUTE|[32]
09:42:52.2 (3118271)|STATEMENT_EXECUTE|[34]
09:42:52.2 (3127022)|CONSTRUCTOR_EXIT|[85]|01pB0000000r382|<init>()
09:42:52.2 (3131075)|VARIABLE_SCOPE_BEGIN|[85]|returnRec|testautonumdata.Twitter_Lightning_Controller|true|false
09:42:52.2 (3158512)|VARIABLE_ASSIGNMENT|[85]|returnRec|{}|0x64c2d6c7
09:42:52.2 (3161114)|STATEMENT_EXECUTE|[88]
09:42:52.2 (3167813)|HEAP_ALLOCATE|[88]|Bytes:4
09:42:52.2 (3202472)|VARIABLE_ASSIGNMENT|[88]|Twitter_Lightning_Controller.mapObjectsFields|{"s":1,"v":{}}|0x610ab067
09:42:52.2 (3225895)|ENTERING_MANAGED_PKG|
09:42:52.2 (3266501)|STATEMENT_EXECUTE|[91]
09:42:52.2 (3268462)|STATEMENT_EXECUTE|[92]
09:42:52.2 (3272344)|HEAP_ALLOCATE|[92]|Bytes:9
09:42:52.2 (3276946)|VARIABLE_SCOPE_BEGIN|[92]|soql|String|false|false
09:42:52.2 (3284182)|VARIABLE_ASSIGNMENT|[92]|soql|"Select id"
09:42:52.2 (3285752)|STATEMENT_EXECUTE|[93]
09:42:52.2 (3287718)|HEAP_ALLOCATE|[93]|Bytes:2
09:42:52.2 (3417185)|HEAP_ALLOCATE|[93]|Bytes:19
09:42:52.2 (3424262)|HEAP_ALLOCATE|[93]|Bytes:28
09:42:52.2 (3435041)|METHOD_ENTRY|[1]|01pB0000000ljzx|Sparkle_Helper.Sparkle_Helper()
09:42:52.2 (3437456)|STATEMENT_EXECUTE|[1]
09:42:52.2 (3440554)|STATEMENT_EXECUTE|[1]
09:42:52.2 (3446636)|HEAP_ALLOCATE|[93]|Bytes:5
09:42:52.2 (3456518)|METHOD_EXIT|[1]|Sparkle_Helper
09:42:52.2 (3469622)|METHOD_ENTRY|[93]|01pB0000000ljzx|testautonumdata.Sparkle_Helper.AddFieldToObjectsMap(String, String, Map<String,Set<String>>)
09:42:52.2 (3485305)|VARIABLE_SCOPE_BEGIN|[107]|fieldName|String|false|false
09:42:52.2 (3491746)|VARIABLE_ASSIGNMENT|[107]|fieldName|"Id"
09:42:52.2 (3493823)|VARIABLE_SCOPE_BEGIN|[107]|initialObjectName|String|false|false
09:42:52.2 (3498197)|VARIABLE_ASSIGNMENT|[107]|initialObjectName|"testautonumdata__Can (9 more) ..."
09:42:52.2 (3499968)|VARIABLE_SCOPE_BEGIN|[107]|theMap|Map<String,Set<String>>|true|false
09:42:52.2 (3509926)|VARIABLE_ASSIGNMENT|[107]|theMap|{"s":1,"v":{}}|0x610ab067
09:42:52.2 (3518040)|HEAP_ALLOCATE|[109]|Bytes:5
09:42:52.2 (3522668)|STATEMENT_EXECUTE|[108]
09:42:52.2 (3525907)|HEAP_ALLOCATE|[109]|Bytes:1
09:42:52.2 (3543564)|ENTERING_MANAGED_PKG|
09:42:52.2 (3572404)|STATEMENT_EXECUTE|[150]
09:42:52.2 (3583034)|METHOD_ENTRY|[150]|01pB0000000ljzx|testautonumdata.Sparkle_Helper.AddFieldToMap(String, String, Map<String,Set<String>>)
09:42:52.2 (3596399)|VARIABLE_SCOPE_BEGIN|[157]|fieldName|String|false|false
09:42:52.2 (3602132)|VARIABLE_ASSIGNMENT|[157]|fieldName|"Id"
09:42:52.2 (3604072)|VARIABLE_SCOPE_BEGIN|[157]|ObjectName|String|false|false
09:42:52.2 (3608185)|VARIABLE_ASSIGNMENT|[157]|ObjectName|"testautonumdata__Can (9 more) ..."
09:42:52.2 (3609934)|VARIABLE_SCOPE_BEGIN|[157]|theMap|Map<String,Set<String>>|true|false
09:42:52.2 (3618703)|VARIABLE_ASSIGNMENT|[157]|theMap|{"s":1,"v":{}}|0x610ab067
09:42:52.2 (3626469)|HEAP_ALLOCATE|[160]|Bytes:5
09:42:52.2 (3630510)|STATEMENT_EXECUTE|[158]
09:42:52.2 (3642656)|ENTERING_MANAGED_PKG|
09:42:52.2 (3672839)|STATEMENT_EXECUTE|[167]
09:42:52.2 (3674691)|STATEMENT_EXECUTE|[168]
09:42:52.2 (3715690)|HEAP_ALLOCATE|[168]|Bytes:4
09:42:52.2 (3733745)|ENTERING_MANAGED_PKG|
09:42:52.2 (3755160)|VARIABLE_SCOPE_BEGIN|[168]|newFieldSet|Set<String>|true|false
09:42:52.2 (3798831)|VARIABLE_ASSIGNMENT|[168]|newFieldSet|{"s":1,"v":[]}|0x1c31e355
09:42:52.2 (3802839)|STATEMENT_EXECUTE|[169]
09:42:52.2 (3813999)|ENTERING_MANAGED_PKG|
09:42:52.2 (3839178)|HEAP_ALLOCATE|[EXTERNAL]|Bytes:4
09:42:52.2 (3847776)|STATEMENT_EXECUTE|[170]
09:42:52.2 (3856313)|ENTERING_MANAGED_PKG|
09:42:52.2 (3883850)|HEAP_ALLOCATE|[EXTERNAL]|Bytes:-4
09:42:52.2 (3897441)|METHOD_EXIT|[150]|01pB0000000ljzx|testautonumdata.Sparkle_Helper.AddFieldToMap(String, String, Map<String,Set<String>>)
09:42:52.2 (3904355)|METHOD_EXIT|[93]|01pB0000000ljzx|testautonumdata.Sparkle_Helper.AddFieldToObjectsMap(String, String, Map<String,Set<String>>)
09:42:52.2 (3908470)|STATEMENT_EXECUTE|[95]
09:42:52.2 (3910012)|STATEMENT_EXECUTE|[96]
09:42:52.2 (3913780)|HEAP_ALLOCATE|[96]|Bytes:2
09:42:52.2 (3928677)|ENTERING_MANAGED_PKG|
09:42:52.2 (3946839)|HEAP_ALLOCATE|[96]|Bytes:30
09:42:52.2 (3963877)|HEAP_ALLOCATE|[96]|Bytes:32
09:42:52.2 (3968224)|HEAP_ALLOCATE|[96]|Bytes:41
09:42:52.2 (3977184)|VARIABLE_ASSIGNMENT|[96]|soql|"Select id, testauton (21 more) ..."
09:42:52.2 (3980087)|STATEMENT_EXECUTE|[97]
09:42:52.2 (3989117)|METHOD_ENTRY|[97]|01pB0000000ljzx|testautonumdata.Sparkle_Helper.AddFieldToObjectsMap(String, String, Map<String,Set<String>>)
09:42:52.2 (4002162)|VARIABLE_SCOPE_BEGIN|[107]|fieldName|String|false|false
09:42:52.2 (4008754)|VARIABLE_ASSIGNMENT|[107]|fieldName|"testautonumdata__Twi (10 more) ..."
09:42:52.2 (4010842)|VARIABLE_SCOPE_BEGIN|[107]|initialObjectName|String|false|false
09:42:52.2 (4014197)|VARIABLE_ASSIGNMENT|[107]|initialObjectName|"testautonumdata__Can (9 more) ..."
09:42:52.2 (4019835)|VARIABLE_SCOPE_BEGIN|[107]|theMap|Map<String,Set<String>>|true|false
09:42:52.2 (4036725)|VARIABLE_ASSIGNMENT|[107]|theMap|{"s":1,"v":{"testautonumdata__Can (9 more) ...":{"s":2,"v":["Id"]}}}|0x610ab067
09:42:52.2 (4045516)|HEAP_ALLOCATE|[109]|Bytes:5
09:42:52.2 (4049518)|STATEMENT_EXECUTE|[108]
09:42:52.2 (4061772)|ENTERING_MANAGED_PKG|
09:42:52.2 (4070009)|STATEMENT_EXECUTE|[150]
09:42:52.2 (4075784)|METHOD_ENTRY|[150]|01pB0000000ljzx|testautonumdata.Sparkle_Helper.AddFieldToMap(String, String, Map<String,Set<String>>)
09:42:52.2 (4079220)|VARIABLE_SCOPE_BEGIN|[157]|fieldName|String|false|false
09:42:52.2 (4085245)|VARIABLE_ASSIGNMENT|[157]|fieldName|"testautonumdata__Twi (10 more) ..."
09:42:52.2 (4086780)|VARIABLE_SCOPE_BEGIN|[157]|ObjectName|String|false|false
09:42:52.2 (4089877)|VARIABLE_ASSIGNMENT|[157]|ObjectName|"testautonumdata__Can (9 more) ..."
09:42:52.2 (4091323)|VARIABLE_SCOPE_BEGIN|[157]|theMap|Map<String,Set<String>>|true|false
09:42:52.2 (4105386)|VARIABLE_ASSIGNMENT|[157]|theMap|{"s":1,"v":{"testautonumdata__Can (9 more) ...":{"s":2,"v":["Id"]}}}|0x610ab067
09:42:52.2 (4112929)|HEAP_ALLOCATE|[160]|Bytes:5
09:42:52.2 (4116332)|STATEMENT_EXECUTE|[158]
09:42:52.2 (4122528)|ENTERING_MANAGED_PKG|
09:42:52.2 (4129040)|STATEMENT_EXECUTE|[161]
09:42:52.2 (4130398)|STATEMENT_EXECUTE|[162]
09:42:52.2 (4135869)|ENTERING_MANAGED_PKG|
09:42:52.2 (4166737)|VARIABLE_SCOPE_BEGIN|[162]|existingFieldSet|Set<String>|true|false
09:42:52.2 (4180509)|VARIABLE_ASSIGNMENT|[162]|existingFieldSet|{"s":1,"v":["Id"]}|0x1c31e355
09:42:52.2 (4183903)|STATEMENT_EXECUTE|[163]
09:42:52.2 (4190810)|ENTERING_MANAGED_PKG|
09:42:52.2 (4211776)|HEAP_ALLOCATE|[EXTERNAL]|Bytes:4
09:42:52.2 (4219812)|STATEMENT_EXECUTE|[164]
09:42:52.2 (4226551)|ENTERING_MANAGED_PKG|
09:42:52.2 (4261771)|METHOD_EXIT|[150]|01pB0000000ljzx|testautonumdata.Sparkle_Helper.AddFieldToMap(String, String, Map<String,Set<String>>)
09:42:52.2 (4268502)|METHOD_EXIT|[97]|01pB0000000ljzx|testautonumdata.Sparkle_Helper.AddFieldToObjectsMap(String, String, Map<String,Set<String>>)
09:42:52.2 (4272271)|STATEMENT_EXECUTE|[100]
09:42:52.2 (4274163)|STATEMENT_EXECUTE|[105]
09:42:52.2 (4275968)|STATEMENT_EXECUTE|[110]
09:42:52.2 (4277270)|STATEMENT_EXECUTE|[115]
09:42:52.2 (4278235)|STATEMENT_EXECUTE|[121]
09:42:52.2 (4281988)|HEAP_ALLOCATE|[121]|Bytes:6
09:42:52.2 (4294564)|ENTERING_MANAGED_PKG|
09:42:52.2 (4310695)|HEAP_ALLOCATE|[121]|Bytes:29
09:42:52.2 (4322885)|HEAP_ALLOCATE|[121]|Bytes:35
09:42:52.2 (4326571)|HEAP_ALLOCATE|[121]|Bytes:76
09:42:52.2 (4335015)|VARIABLE_ASSIGNMENT|[121]|soql|"Select id, testauton (56 more) ..."
09:42:52.2 (4337595)|STATEMENT_EXECUTE|[123]
09:42:52.2 (4341113)|HEAP_ALLOCATE|[123]|Bytes:12
09:42:52.2 (4350618)|ENTERING_MANAGED_PKG|
09:42:52.2 (4364713)|HEAP_ALLOCATE|[123]|Bytes:18
09:42:52.2 (4374308)|HEAP_ALLOCATE|[123]|Bytes:1
09:42:52.2 (4394597)|HEAP_ALLOCATE|[123]|Bytes:31
09:42:52.2 (4399058)|HEAP_ALLOCATE|[123]|Bytes:107
09:42:52.2 (4407913)|VARIABLE_ASSIGNMENT|[123]|soql|"Select id, testauton (87 more) ..."
09:42:52.2 (4410616)|STATEMENT_EXECUTE|[126]
09:42:52.2 (4413430)|HEAP_ALLOCATE|[126]|Bytes:8
09:42:52.2 (4417300)|HEAP_ALLOCATE|[126]|Bytes:115
09:42:52.2 (4422750)|VARIABLE_ASSIGNMENT|[126]|soql|"Select id, testauton (95 more) ..."
09:42:52.2 (4424566)|STATEMENT_EXECUTE|[128]
09:42:52.2 (4427134)|HEAP_ALLOCATE|[128]|Bytes:15
09:42:52.2 (4430979)|HEAP_ALLOCATE|[128]|Bytes:130
09:42:52.2 (4455981)|ENTERING_MANAGED_PKG|
09:42:52.2 (4483263)|USER_DEBUG|[128]|DEBUG|######## soql: Select id, testautonumdata__Twitter_ID__c FROM testautonumdata__Candidate__c WHERE id ='a0MB0000000cQdIMAU' limit 1
09:42:52.2 (4499752)|METHOD_ENTRY|[132]|01pB0000000ljzx|testautonumdata.Sparkle_Helper.UserHasAccessToObjectsAndFields(Map<String,Set<String>>)
09:42:52.2 (4512063)|VARIABLE_SCOPE_BEGIN|[175]|theMap|Map<String,Set<String>>|true|false
09:42:52.2 (4532055)|VARIABLE_ASSIGNMENT|[175]|theMap|{"s":1,"v":{"testautonumdata__Can (9 more) ...":{"s":2,"v":["Id","testautonumdata__Twi (10 more) ..."]}}}|0x610ab067
09:42:52.2 (4541707)|HEAP_ALLOCATE|[177]|Bytes:5
09:42:52.2 (4545997)|STATEMENT_EXECUTE|[176]
09:42:52.2 (4547136)|STATEMENT_EXECUTE|[177]
09:42:52.2 (4551170)|VARIABLE_SCOPE_BEGIN|[177]|hasAccess|Boolean|false|false
09:42:52.2 (4554375)|HEAP_ALLOCATE|[177]|Bytes:5
09:42:52.2 (4558908)|VARIABLE_ASSIGNMENT|[177]|hasAccess|true
09:42:52.2 (4566945)|ENTERING_MANAGED_PKG|
09:42:52.2 (4589438)|STATEMENT_EXECUTE|[180]
09:42:52.2 (4591533)|STATEMENT_EXECUTE|[181]
09:42:52.2 (4595001)|HEAP_ALLOCATE|[181]|Bytes:17
09:42:52.2 (4611465)|ENTERING_MANAGED_PKG|
09:42:52.2 (4641318)|HEAP_ALLOCATE|[181]|Bytes:68
09:42:52.2 (4653591)|HEAP_ALLOCATE|[181]|Bytes:85
09:42:52.2 (4661515)|ENTERING_MANAGED_PKG|
09:42:52.2 (4668035)|USER_DEBUG|[181]|DEBUG|######## theMap: {testautonumdata__Candidate__c={Id, testautonumdata__Twitter_ID__c}}
09:42:52.2 (4683162)|HEAP_ALLOCATE|[182]|Bytes:4
09:42:52.2 (4695510)|ENTERING_MANAGED_PKG|
09:42:52.2 (4714280)|ENTERING_MANAGED_PKG|
09:42:52.2 (4728581)|HEAP_ALLOCATE|[182]|Bytes:37
09:42:52.2 (4740350)|ENTERING_MANAGED_PKG|
09:42:52.2 (4745978)|HEAP_ALLOCATE|[182]|Bytes:4
09:42:52.2 (4752981)|ENTERING_MANAGED_PKG|
09:42:52.2 (4812251)|HEAP_ALLOCATE|[182]|Bytes:5
09:42:52.2 (4828842)|VARIABLE_SCOPE_BEGIN|[182]|objectName|String|false|false
09:42:52.2 (4837305)|VARIABLE_ASSIGNMENT|[182]|objectName|"testautonumdata__Can (9 more) ..."
09:42:52.2 (4840771)|STATEMENT_EXECUTE|[183]
09:42:52.2 (4841834)|STATEMENT_EXECUTE|[184]
09:42:52.2 (4845359)|HEAP_ALLOCATE|[184]|Bytes:21
09:42:52.2 (4851359)|HEAP_ALLOCATE|[184]|Bytes:50
09:42:52.2 (4859533)|ENTERING_MANAGED_PKG|
09:42:52.2 (4877707)|USER_DEBUG|[184]|DEBUG|######## objectName: testautonumdata__Candidate__c
09:42:52.2 (4884061)|STATEMENT_EXECUTE|[185]
09:42:52.2 (4897820)|ENTERING_MANAGED_PKG|
09:42:52.2 (20967078)|HEAP_ALLOCATE|[185]|Bytes:1648
09:42:52.2 (21023811)|ENTERING_MANAGED_PKG|
09:42:52.2 (21191069)|HEAP_ALLOCATE|[185]|Bytes:4
09:42:52.2 (21203771)|VARIABLE_SCOPE_BEGIN|[185]|sObj|SObject|true|false
09:42:52.2 (21232975)|VARIABLE_ASSIGNMENT|[185]|sObj|{}|0x20070dbf
09:42:52.2 (21239633)|STATEMENT_EXECUTE|[186]
09:42:52.2 (21274063)|ENTERING_MANAGED_PKG|
09:42:52.2 (21659315)|HEAP_ALLOCATE|[186]|Bytes:4
09:42:52.2 (22357513)|HEAP_ALLOCATE|[186]|Bytes:140
09:42:52.2 (22368937)|VARIABLE_SCOPE_BEGIN|[186]|m|Map<String,Schema.SObjectField>|true|false
09:42:52.2 (22630651)|VARIABLE_ASSIGNMENT|[186]|m|"{createdbyid=CreatedById, createddate=CreatedDate, id=Id, isdeleted=IsDeleted, lastactivitydate=LastActivityDate, lastmodifiedbyid=LastModifiedById, lastmodifieddate=LastModifiedDate, lastreferenceddate=LastReferencedDate, lastvieweddate=LastViewedDate, name=Name, ...}"|0x6ebb8aef
09:42:52.2 (22637835)|STATEMENT_EXECUTE|[187]
09:42:52.2 (22650225)|ENTERING_MANAGED_PKG|
09:42:52.2 (22691317)|VARIABLE_SCOPE_BEGIN|[187]|objectFieldSet|Set<String>|true|false
09:42:52.2 (22720716)|VARIABLE_ASSIGNMENT|[187]|objectFieldSet|{"s":1,"v":["Id","testautonumdata__Twi (10 more) ..."]}|0x1c31e355
09:42:52.2 (22734298)|HEAP_ALLOCATE|[189]|Bytes:4
09:42:52.2 (22748993)|ENTERING_MANAGED_PKG|
09:42:52.2 (22776854)|ENTERING_MANAGED_PKG|
09:42:52.2 (22783657)|HEAP_ALLOCATE|[189]|Bytes:8
09:42:52.2 (22791754)|ENTERING_MANAGED_PKG|
09:42:52.2 (22822687)|HEAP_ALLOCATE|[189]|Bytes:5
09:42:52.2 (22852995)|VARIABLE_SCOPE_BEGIN|[189]|fieldToCheck|String|false|false
09:42:52.2 (22864375)|VARIABLE_ASSIGNMENT|[189]|fieldToCheck|"Id"
09:42:52.2 (22869485)|STATEMENT_EXECUTE|[189]
09:42:52.2 (22871702)|STATEMENT_EXECUTE|[190]
09:42:52.2 (22879234)|HEAP_ALLOCATE|[190]|Bytes:23
09:42:52.2 (22892794)|HEAP_ALLOCATE|[190]|Bytes:25
09:42:52.2 (22912089)|ENTERING_MANAGED_PKG|
09:42:52.2 (22944392)|USER_DEBUG|[190]|DEBUG|######## fieldToCheck: Id
09:42:52.2 (22961998)|ENTERING_MANAGED_PKG|
09:42:52.2 (23255030)|HEAP_ALLOCATE|[192]|Bytes:8
09:42:52.2 (23281649)|STATEMENT_EXECUTE|[192]
09:42:52.2 (23284116)|STATEMENT_EXECUTE|[199]
09:42:52.2 (23287479)|HEAP_ALLOCATE|[199]|Bytes:35
09:42:52.2 (23298690)|HEAP_ALLOCATE|[199]|Bytes:37
09:42:52.2 (23307530)|ENTERING_MANAGED_PKG|
09:42:52.2 (23326137)|USER_DEBUG|[199]|DEBUG|######## User has access to field: Id
09:42:52.2 (23340818)|HEAP_ALLOCATE|[189]|Bytes:5
09:42:52.2 (23352364)|VARIABLE_SCOPE_BEGIN|[189]|fieldToCheck|String|false|false
09:42:52.2 (23361542)|VARIABLE_ASSIGNMENT|[189]|fieldToCheck|"testautonumdata__Twi (10 more) ..."
09:42:52.2 (23364652)|STATEMENT_EXECUTE|[189]
09:42:52.2 (23365801)|STATEMENT_EXECUTE|[190]
09:42:52.2 (23371023)|HEAP_ALLOCATE|[190]|Bytes:53
09:42:52.2 (23378044)|ENTERING_MANAGED_PKG|
09:42:52.2 (23383873)|USER_DEBUG|[190]|DEBUG|######## fieldToCheck: testautonumdata__Twitter_ID__c
09:42:52.2 (23391523)|ENTERING_MANAGED_PKG|
09:42:52.2 (23835096)|HEAP_ALLOCATE|[192]|Bytes:8
09:42:52.2 (23850056)|STATEMENT_EXECUTE|[192]
09:42:52.2 (23852247)|STATEMENT_EXECUTE|[199]
09:42:52.2 (23857781)|HEAP_ALLOCATE|[199]|Bytes:65
09:42:52.2 (23865153)|ENTERING_MANAGED_PKG|
09:42:52.2 (23872210)|USER_DEBUG|[199]|DEBUG|######## User has access to field: testautonumdata__Twitter_ID__c
09:42:52.2 (23885132)|HEAP_ALLOCATE|[189]|Bytes:5
09:42:52.2 (23897508)|VARIABLE_ASSIGNMENT|[189]|fieldToCheck|null
09:42:52.2 (23906671)|HEAP_ALLOCATE|[182]|Bytes:5
09:42:52.2 (23915107)|VARIABLE_ASSIGNMENT|[182]|objectName|null
09:42:52.2 (23918916)|STATEMENT_EXECUTE|[206]
09:42:52.2 (23921887)|HEAP_ALLOCATE|[206]|Bytes:5
09:42:52.2 (23936501)|METHOD_EXIT|[132]|01pB0000000ljzx|testautonumdata.Sparkle_Helper.UserHasAccessToObjectsAndFields(Map<String,Set<String>>)
09:42:52.2 (23941022)|STATEMENT_EXECUTE|[133]
09:42:52.2 (23942359)|STATEMENT_EXECUTE|[135]
09:42:52.2 (23962199)|ENTERING_MANAGED_PKG|
09:42:52.2 (23995553)|HEAP_ALLOCATE|[135]|Bytes:5
09:42:52.2 (24273042)|SOQL_EXECUTE_BEGIN|[135]|Aggregations:0|Select id, testautonumdata__Twitter_ID__c FROM testautonumdata__Candidate__c WHERE id ='a0MB0000000cQdIMAU' limit 1
09:42:52.2 (27343436)|SOQL_EXECUTE_END|[135]|Rows:1
09:42:52.2 (27373835)|HEAP_ALLOCATE|[135]|Bytes:8
09:42:52.2 (27395745)|HEAP_ALLOCATE|[135]|Bytes:72
09:42:52.2 (27449037)|HEAP_ALLOCATE|[135]|Bytes:8
09:42:52.2 (27463557)|VARIABLE_SCOPE_BEGIN|[135]|lstQueriedRecords|List<SObject>|true|false
09:42:52.2 (27493136)|VARIABLE_ASSIGNMENT|[135]|lstQueriedRecords|{"s":1,"v":[{"s":2,"v":{"Id":"a0MB0000000cQdIMAU","testautonumdata__Twi (10 more) ...":"@LizzSFDC"}}]}|0x7d2a7cb5
09:42:52.2 (27563340)|ENTERING_MANAGED_PKG|
09:42:52.2 (27589088)|STATEMENT_EXECUTE|[137]
09:42:52.2 (27591205)|STATEMENT_EXECUTE|[138]
09:42:52.2 (27694817)|VARIABLE_ASSIGNMENT|[EXTERNAL]|this|{}|0x64c2d6c7
09:42:52.2 (27706261)|VARIABLE_ASSIGNMENT|[EXTERNAL]|value|true
09:42:52.2 (27712990)|HEAP_ALLOCATE|[12]|Bytes:5
09:42:52.2 (27723779)|VARIABLE_ASSIGNMENT|[12]|this.hasTwitterMemberID|true|0x64c2d6c7
09:42:52.2 (27731377)|STATEMENT_EXECUTE|[139]
09:42:52.2 (27762113)|HEAP_ALLOCATE|[139]|Bytes:12
09:42:52.2 (27770732)|VARIABLE_SCOPE_BEGIN|[139]|e|SObject|true|false
09:42:52.2 (27785215)|VARIABLE_ASSIGNMENT|[139]|e|{"s":1,"v":{"Id":"a0MB0000000cQdIMAU","testautonumdata__Twi (10 more) ...":"@LizzSFDC"}}|0x37e7accf
09:42:52.2 (27789420)|STATEMENT_EXECUTE|[142]
09:42:52.2 (27790551)|STATEMENT_EXECUTE|[143]
09:42:52.2 (27794041)|HEAP_ALLOCATE|[143]|Bytes:2
09:42:52.2 (27806860)|METHOD_ENTRY|[143]|01pB0000000ljzx|testautonumdata.Sparkle_Helper.GetSobjectField(SObject, String)
09:42:52.2 (27822599)|VARIABLE_SCOPE_BEGIN|[78]|e|SObject|true|false
09:42:52.2 (27833265)|VARIABLE_ASSIGNMENT|[78]|e|{"s":1,"v":{"Id":"a0MB0000000cQdIMAU","testautonumdata__Twi (10 more) ...":"@LizzSFDC"}}|0x37e7accf
09:42:52.2 (27835831)|VARIABLE_SCOPE_BEGIN|[78]|lcfield|String|false|false
09:42:52.2 (27839665)|VARIABLE_ASSIGNMENT|[78]|lcfield|"id"
09:42:52.2 (27849353)|HEAP_ALLOCATE|[81]|Bytes:5
09:42:52.2 (27853440)|STATEMENT_EXECUTE|[79]
09:42:52.2 (27854733)|STATEMENT_EXECUTE|[81]
09:42:52.2 (27859402)|VARIABLE_SCOPE_BEGIN|[81]|returnValue|String|false|false
09:42:52.2 (27864345)|VARIABLE_ASSIGNMENT|[81]|returnValue|""
09:42:52.2 (27879785)|ENTERING_MANAGED_PKG|
09:42:52.2 (27908707)|STATEMENT_EXECUTE|[98]
09:42:52.2 (27922012)|ENTERING_MANAGED_PKG|
09:42:52.2 (27967216)|HEAP_ALLOCATE|[98]|Bytes:4
09:42:52.2 (27984943)|ENTERING_MANAGED_PKG|
09:42:52.2 (27989693)|HEAP_ALLOCATE|[98]|Bytes:18
09:42:52.2 (28001069)|VARIABLE_ASSIGNMENT|[98]|returnValue|"a0MB0000000cQdIMAU"
09:42:52.2 (28005152)|STATEMENT_EXECUTE|[100]
09:42:52.2 (28013326)|METHOD_EXIT|[143]|01pB0000000ljzx|testautonumdata.Sparkle_Helper.GetSobjectField(SObject, String)
09:42:52.2 (28070936)|VARIABLE_ASSIGNMENT|[EXTERNAL]|this|{"hasTwitterMemberID":true}|0x64c2d6c7
09:42:52.2 (28079039)|VARIABLE_ASSIGNMENT|[EXTERNAL]|value|"a0MB0000000cQdIMAU"
09:42:52.2 (28088757)|VARIABLE_ASSIGNMENT|[6]|this.salesforceRecordID|"a0MB0000000cQdIMAU"|0x64c2d6c7
09:42:52.2 (28095891)|STATEMENT_EXECUTE|[145]
09:42:52.2 (28097922)|STATEMENT_EXECUTE|[149]
09:42:52.2 (28099291)|STATEMENT_EXECUTE|[153]
09:42:52.2 (28100528)|STATEMENT_EXECUTE|[158]
09:42:52.2 (28102036)|STATEMENT_EXECUTE|[164]
09:42:52.2 (28102891)|STATEMENT_EXECUTE|[165]
09:42:52.2 (28108929)|METHOD_ENTRY|[165]|01pB0000000ljzx|testautonumdata.Sparkle_Helper.GetSobjectField(SObject, String)
09:42:52.2 (28121850)|VARIABLE_SCOPE_BEGIN|[78]|e|SObject|true|false
09:42:52.2 (28133606)|VARIABLE_ASSIGNMENT|[78]|e|{"s":1,"v":{"Id":"a0MB0000000cQdIMAU","testautonumdata__Twi (10 more) ...":"@LizzSFDC"}}|0x37e7accf
09:42:52.2 (28136192)|VARIABLE_SCOPE_BEGIN|[78]|lcfield|String|false|false
09:42:52.2 (28140042)|VARIABLE_ASSIGNMENT|[78]|lcfield|"testautonumdata__Twi (10 more) ..."
09:42:52.2 (28148033)|HEAP_ALLOCATE|[81]|Bytes:5
09:42:52.2 (28151968)|STATEMENT_EXECUTE|[79]
09:42:52.2 (28153061)|STATEMENT_EXECUTE|[81]
09:42:52.2 (28156712)|VARIABLE_SCOPE_BEGIN|[81]|returnValue|String|false|false
09:42:52.2 (28161244)|VARIABLE_ASSIGNMENT|[81]|returnValue|""
09:42:52.2 (28173477)|ENTERING_MANAGED_PKG|
09:42:52.2 (28182047)|STATEMENT_EXECUTE|[98]
09:42:52.2 (28188809)|ENTERING_MANAGED_PKG|
09:42:52.2 (28213429)|HEAP_ALLOCATE|[98]|Bytes:9
09:42:52.2 (28227923)|ENTERING_MANAGED_PKG|
09:42:52.2 (28230862)|HEAP_ALLOCATE|[98]|Bytes:9
09:42:52.2 (28241703)|VARIABLE_ASSIGNMENT|[98]|returnValue|"@LizzSFDC"
09:42:52.2 (28244515)|STATEMENT_EXECUTE|[100]
09:42:52.2 (28252143)|METHOD_EXIT|[165]|01pB0000000ljzx|testautonumdata.Sparkle_Helper.GetSobjectField(SObject, String)
09:42:52.2 (28292613)|VARIABLE_ASSIGNMENT|[EXTERNAL]|this|{"hasTwitterMemberID":true,"salesforceRecordID":"a0MB0000000cQdIMAU"}|0x64c2d6c7
09:42:52.2 (28298358)|VARIABLE_ASSIGNMENT|[EXTERNAL]|value|"@LizzSFDC"
09:42:52.2 (28305606)|VARIABLE_ASSIGNMENT|[10]|this.twitterName|"@LizzSFDC"|0x64c2d6c7
09:42:52.2 (28312454)|STATEMENT_EXECUTE|[177]
09:42:52.2 (28327879)|SYSTEM_MODE_EXIT|false
09:42:52.28 (28375457)|CUMULATIVE_LIMIT_USAGE
09:42:52.28 (28375457)|LIMIT_USAGE_FOR_NS|(default)|
  Number of SOQL queries: 0 out of 100
  Number of query rows: 0 out of 50000
  Number of SOSL queries: 0 out of 20
  Number of DML statements: 0 out of 150
  Number of DML rows: 0 out of 10000
  Maximum CPU time: 0 out of 10000
  Maximum heap size: 0 out of 6000000
  Number of callouts: 0 out of 100
  Number of Email Invocations: 0 out of 10
  Number of future calls: 0 out of 50
  Number of queueable jobs added to the queue: 0 out of 50
  Number of Mobile Apex push calls: 0 out of 10

09:42:52.28 (28375457)|LIMIT_USAGE_FOR_NS|testautonumdata|
  Number of SOQL queries: 1 out of 100
  Number of query rows: 1 out of 50000
  Number of SOSL queries: 0 out of 20
  Number of DML statements: 0 out of 150
  Number of DML rows: 0 out of 10000
  Maximum CPU time: 0 out of 10000
  Maximum heap size: 0 out of 6000000
  Number of callouts: 0 out of 100
  Number of Email Invocations: 0 out of 10
  Number of future calls: 0 out of 50
  Number of queueable jobs added to the queue: 0 out of 50
  Number of Mobile Apex push calls: 0 out of 10

09:42:52.28 (28375457)|CUMULATIVE_LIMIT_USAGE_END

09:42:52.30 (30556788)|CODE_UNIT_STARTED|[EXTERNAL]|Aura
09:42:52.127 (127417046)|CODE_UNIT_STARTED|[EXTERNAL]|01pB0000000lc8w|RelatedListServerController.getListRecords
09:42:52.127 (127496044)|VARIABLE_SCOPE_BEGIN|[3]|RelatedListServerController.mapObjectsFields|Map<String,Set<String>>|true|true
09:42:52.127 (127513856)|HEAP_ALLOCATE|[EXTERNAL]|Bytes:220
09:42:52.127 (127524847)|HEAP_ALLOCATE|[EXTERNAL]|Bytes:21
09:42:52.127 (127527820)|HEAP_ALLOCATE|[EXTERNAL]|Bytes:22
09:42:52.127 (127548432)|METHOD_ENTRY|[1]|01pB0000000lc8w|RelatedListServerController.RelatedListServerController()
09:42:52.127 (127551707)|STATEMENT_EXECUTE|[1]
09:42:52.127 (127560787)|STATEMENT_EXECUTE|[1]
09:42:52.127 (127574393)|SYSTEM_MODE_ENTER|false
09:42:52.127 (127588320)|HEAP_ALLOCATE|[3]|Bytes:5
09:42:52.127 (127592298)|STATEMENT_EXECUTE|[3]
09:42:52.127 (127631158)|VARIABLE_ASSIGNMENT|[3]|RelatedListServerController.mapObjectsFields|null|
09:42:52.127 (127642053)|SYSTEM_MODE_EXIT|false
09:42:52.127 (127657500)|METHOD_EXIT|[1]|RelatedListServerController
09:42:52.127 (127663232)|HEAP_ALLOCATE|[EXTERNAL]|Bytes:1
09:42:52.127 (127665381)|HEAP_ALLOCATE|[EXTERNAL]|Bytes:18
09:42:52.127 (127666754)|HEAP_ALLOCATE|[EXTERNAL]|Bytes:28
09:42:52.127 (127667889)|HEAP_ALLOCATE|[EXTERNAL]|Bytes:29
09:42:52.127 (127669179)|HEAP_ALLOCATE|[EXTERNAL]|Bytes:7
09:42:52.127 (127670399)|HEAP_ALLOCATE|[EXTERNAL]|Bytes:5
09:42:52.127 (127671588)|HEAP_ALLOCATE|[EXTERNAL]|Bytes:11
09:42:52.127 (127677482)|SYSTEM_MODE_ENTER|false
09:42:52.127 (127682515)|VARIABLE_SCOPE_BEGIN|[22]|rowsLimit|String|false|false
09:42:52.127 (127689717)|VARIABLE_ASSIGNMENT|[22]|rowsLimit|"8"
09:42:52.127 (127691954)|VARIABLE_SCOPE_BEGIN|[22]|recordId|String|false|false
09:42:52.127 (127695057)|VARIABLE_ASSIGNMENT|[22]|recordId|"a0MB0000000cQdIMAU"
09:42:52.127 (127696775)|VARIABLE_SCOPE_BEGIN|[22]|objectApiName|String|false|false
09:42:52.127 (127701066)|VARIABLE_ASSIGNMENT|[22]|objectApiName|"testautonumdata__Ref (8 more) ..."
09:42:52.127 (127703425)|VARIABLE_SCOPE_BEGIN|[22]|ParentObjectFieldName|String|false|false
09:42:52.127 (127706864)|VARIABLE_ASSIGNMENT|[22]|ParentObjectFieldName|"testautonumdata__Can (9 more) ..."
09:42:52.127 (127708775)|VARIABLE_SCOPE_BEGIN|[22]|filter1Field|String|false|false
09:42:52.127 (127711413)|VARIABLE_ASSIGNMENT|[22]|filter1Field|null
09:42:52.127 (127713199)|VARIABLE_SCOPE_BEGIN|[22]|filter1Value|String|false|false
09:42:52.127 (127715306)|VARIABLE_ASSIGNMENT|[22]|filter1Value|null
09:42:52.127 (127716903)|VARIABLE_SCOPE_BEGIN|[22]|column1|String|false|false
09:42:52.127 (127719511)|VARIABLE_ASSIGNMENT|[22]|column1|"OwnerId"
09:42:52.127 (127721216)|VARIABLE_SCOPE_BEGIN|[22]|RelFieldWithName|String|false|false
09:42:52.127 (127723724)|VARIABLE_ASSIGNMENT|[22]|RelFieldWithName|"Owner"
09:42:52.127 (127725391)|VARIABLE_SCOPE_BEGIN|[22]|column2|String|false|false
09:42:52.127 (127727719)|VARIABLE_ASSIGNMENT|[22]|column2|"createddate"
09:42:52.127 (127737742)|HEAP_ALLOCATE|[24]|Bytes:5
09:42:52.127 (127742317)|STATEMENT_EXECUTE|[22]
09:42:52.127 (127743747)|STATEMENT_EXECUTE|[24]
09:42:52.127 (127747308)|HEAP_ALLOCATE|[24]|Bytes:20
09:42:52.127 (127762790)|HEAP_ALLOCATE|[24]|Bytes:21
09:42:52.127 (127782795)|ENTERING_MANAGED_PKG|
09:42:52.127 (127820666)|USER_DEBUG|[24]|DEBUG|######## rowsLimit: 8
09:42:52.127 (127830423)|STATEMENT_EXECUTE|[25]
09:42:52.127 (127834161)|HEAP_ALLOCATE|[25]|Bytes:24
09:42:52.127 (127839834)|HEAP_ALLOCATE|[25]|Bytes:52
09:42:52.127 (127846698)|ENTERING_MANAGED_PKG|
09:42:52.127 (127859680)|USER_DEBUG|[25]|DEBUG|######## objectApiName: testautonumdata__Referral__c
09:42:52.127 (127865362)|STATEMENT_EXECUTE|[28]
09:42:52.127 (127875552)|HEAP_ALLOCATE|[28]|Bytes:4
09:42:52.127 (127909740)|VARIABLE_ASSIGNMENT|[28]|RelatedListServerController.mapObjectsFields|{"s":1,"v":{}}|0x37902db1
09:42:52.127 (127913399)|STATEMENT_EXECUTE|[30]
09:42:52.127 (127930771)|METHOD_ENTRY|[30]|01pB0000000ljzx|testautonumdata.Sparkle_Helper.AddFieldToObjectsMap(String, String, Map<String,Set<String>>)
09:42:52.127 (127948510)|VARIABLE_SCOPE_BEGIN|[107]|fieldName|String|false|false
09:42:52.127 (127954727)|VARIABLE_ASSIGNMENT|[107]|fieldName|"Id"
09:42:52.127 (127957043)|VARIABLE_SCOPE_BEGIN|[107]|initialObjectName|String|false|false
09:42:52.127 (127961343)|VARIABLE_ASSIGNMENT|[107]|initialObjectName|"testautonumdata__Ref (8 more) ..."
09:42:52.127 (127963123)|VARIABLE_SCOPE_BEGIN|[107]|theMap|Map<String,Set<String>>|true|false
09:42:52.127 (127971228)|VARIABLE_ASSIGNMENT|[107]|theMap|{"s":1,"v":{}}|0x37902db1
09:42:52.127 (127979921)|HEAP_ALLOCATE|[109]|Bytes:5
09:42:52.127 (127984345)|STATEMENT_EXECUTE|[108]
09:42:52.127 (127999846)|ENTERING_MANAGED_PKG|
09:42:52.127 (128011567)|STATEMENT_EXECUTE|[150]
09:42:52.127 (128036876)|METHOD_ENTRY|[150]|01pB0000000ljzx|testautonumdata.Sparkle_Helper.AddFieldToMap(String, String, Map<String,Set<String>>)
09:42:52.127 (128041486)|VARIABLE_SCOPE_BEGIN|[157]|fieldName|String|false|false
09:42:52.127 (128046652)|VARIABLE_ASSIGNMENT|[157]|fieldName|"Id"
09:42:52.127 (128048568)|VARIABLE_SCOPE_BEGIN|[157]|ObjectName|String|false|false
09:42:52.127 (128052787)|VARIABLE_ASSIGNMENT|[157]|ObjectName|"testautonumdata__Ref (8 more) ..."
09:42:52.127 (128054635)|VARIABLE_SCOPE_BEGIN|[157]|theMap|Map<String,Set<String>>|true|false
09:42:52.127 (128063194)|VARIABLE_ASSIGNMENT|[157]|theMap|{"s":1,"v":{}}|0x37902db1
09:42:52.127 (128070686)|HEAP_ALLOCATE|[160]|Bytes:5
09:42:52.127 (128074384)|STATEMENT_EXECUTE|[158]
09:42:52.127 (128082492)|ENTERING_MANAGED_PKG|
09:42:52.127 (128092876)|STATEMENT_EXECUTE|[167]
09:42:52.127 (128094183)|STATEMENT_EXECUTE|[168]
09:42:52.127 (128100746)|HEAP_ALLOCATE|[168]|Bytes:4
09:42:52.127 (128112684)|ENTERING_MANAGED_PKG|
09:42:52.127 (128120736)|VARIABLE_SCOPE_BEGIN|[168]|newFieldSet|Set<String>|true|false
09:42:52.127 (128147794)|VARIABLE_ASSIGNMENT|[168]|newFieldSet|{"s":1,"v":[]}|0x11f4d950
09:42:52.127 (128151128)|STATEMENT_EXECUTE|[169]
09:42:52.127 (128158217)|ENTERING_MANAGED_PKG|
09:42:52.127 (128167033)|HEAP_ALLOCATE|[EXTERNAL]|Bytes:4
09:42:52.127 (128173682)|STATEMENT_EXECUTE|[170]
09:42:52.127 (128178216)|ENTERING_MANAGED_PKG|
09:42:52.127 (128190534)|HEAP_ALLOCATE|[EXTERNAL]|Bytes:-4
09:42:52.127 (128202204)|METHOD_EXIT|[150]|01pB0000000ljzx|testautonumdata.Sparkle_Helper.AddFieldToMap(String, String, Map<String,Set<String>>)
09:42:52.127 (128209327)|METHOD_EXIT|[30]|01pB0000000ljzx|testautonumdata.Sparkle_Helper.AddFieldToObjectsMap(String, String, Map<String,Set<String>>)
09:42:52.127 (128212456)|STATEMENT_EXECUTE|[34]
09:42:52.127 (128246195)|HEAP_ALLOCATE|[34]|Bytes:4
09:42:52.127 (128323971)|ENTERING_MANAGED_PKG|
09:42:52.127 (128350053)|VARIABLE_SCOPE_BEGIN|[34]|lstReturnRecords|List<testautonumdata.RelatedListServerController>|true|false
09:42:52.127 (128378881)|HEAP_ALLOCATE|[EXTERNAL]|Bytes:4
09:42:52.127 (128393262)|VARIABLE_ASSIGNMENT|[34]|lstReturnRecords|{"s":1,"v":[]}|0x7def973b
09:42:52.127 (128397527)|STATEMENT_EXECUTE|[37]
09:42:52.127 (128398659)|STATEMENT_EXECUTE|[38]
09:42:52.127 (128402818)|HEAP_ALLOCATE|[38]|Bytes:5
09:42:52.127 (128410167)|HEAP_ALLOCATE|[38]|Bytes:10
09:42:52.127 (128415325)|VARIABLE_SCOPE_BEGIN|[38]|fullUserRelationship|String|false|false
09:42:52.127 (128422366)|VARIABLE_ASSIGNMENT|[38]|fullUserRelationship|"Owner.Name"
09:42:52.127 (128424467)|STATEMENT_EXECUTE|[39]
09:42:52.127 (128427093)|VARIABLE_SCOPE_BEGIN|[39]|soql|String|false|false
09:42:52.127 (128431519)|VARIABLE_ASSIGNMENT|[39]|soql|"Select id"
09:42:52.127 (128433397)|STATEMENT_EXECUTE|[41]
09:42:52.127 (128434373)|STATEMENT_EXECUTE|[42]
09:42:52.127 (128446319)|ENTERING_MANAGED_PKG|
09:42:52.127 (128468663)|HEAP_ALLOCATE|[42]|Bytes:7
09:42:52.127 (128481455)|HEAP_ALLOCATE|[42]|Bytes:9
09:42:52.127 (128485538)|HEAP_ALLOCATE|[42]|Bytes:18
09:42:52.127 (128493145)|VARIABLE_ASSIGNMENT|[42]|soql|"Select id, OwnerId"
09:42:52.127 (128495822)|STATEMENT_EXECUTE|[43]
09:42:52.127 (128505705)|METHOD_ENTRY|[43]|01pB0000000ljzx|testautonumdata.Sparkle_Helper.AddFieldToObjectsMap(String, String, Map<String,Set<String>>)
09:42:52.127 (128518540)|VARIABLE_SCOPE_BEGIN|[107]|fieldName|String|false|false
09:42:52.127 (128523418)|VARIABLE_ASSIGNMENT|[107]|fieldName|"OwnerId"
09:42:52.127 (128525078)|VARIABLE_SCOPE_BEGIN|[107]|initialObjectName|String|false|false
09:42:52.127 (128528829)|VARIABLE_ASSIGNMENT|[107]|initialObjectName|"testautonumdata__Ref (8 more) ..."
09:42:52.127 (128530478)|VARIABLE_SCOPE_BEGIN|[107]|theMap|Map<String,Set<String>>|true|false
09:42:52.127 (128546855)|VARIABLE_ASSIGNMENT|[107]|theMap|{"s":1,"v":{"testautonumdata__Ref (8 more) ...":{"s":2,"v":["Id"]}}}|0x37902db1
09:42:52.127 (128555853)|HEAP_ALLOCATE|[109]|Bytes:5
09:42:52.127 (128559719)|STATEMENT_EXECUTE|[108]
09:42:52.127 (128571744)|ENTERING_MANAGED_PKG|
09:42:52.127 (128579688)|STATEMENT_EXECUTE|[150]
09:42:52.127 (128585558)|METHOD_ENTRY|[150]|01pB0000000ljzx|testautonumdata.Sparkle_Helper.AddFieldToMap(String, String, Map<String,Set<String>>)
09:42:52.127 (128589181)|VARIABLE_SCOPE_BEGIN|[157]|fieldName|String|false|false
09:42:52.127 (128594141)|VARIABLE_ASSIGNMENT|[157]|fieldName|"OwnerId"
09:42:52.127 (128595660)|VARIABLE_SCOPE_BEGIN|[157]|ObjectName|String|false|false
09:42:52.127 (128599260)|VARIABLE_ASSIGNMENT|[157]|ObjectName|"testautonumdata__Ref (8 more) ..."
09:42:52.127 (128600763)|VARIABLE_SCOPE_BEGIN|[157]|theMap|Map<String,Set<String>>|true|false
09:42:52.127 (128614572)|VARIABLE_ASSIGNMENT|[157]|theMap|{"s":1,"v":{"testautonumdata__Ref (8 more) ...":{"s":2,"v":["Id"]}}}|0x37902db1
09:42:52.127 (128621871)|HEAP_ALLOCATE|[160]|Bytes:5
09:42:52.127 (128625362)|STATEMENT_EXECUTE|[158]
09:42:52.127 (128631473)|ENTERING_MANAGED_PKG|
09:42:52.127 (128637899)|STATEMENT_EXECUTE|[161]
09:42:52.127 (128639160)|STATEMENT_EXECUTE|[162]
09:42:52.127 (128642790)|ENTERING_MANAGED_PKG|
09:42:52.127 (128657273)|VARIABLE_SCOPE_BEGIN|[162]|existingFieldSet|Set<String>|true|false
09:42:52.127 (128669227)|VARIABLE_ASSIGNMENT|[162]|existingFieldSet|{"s":1,"v":["Id"]}|0x11f4d950
09:42:52.127 (128672468)|STATEMENT_EXECUTE|[163]
09:42:52.127 (128693795)|ENTERING_MANAGED_PKG|
09:42:52.127 (128701244)|HEAP_ALLOCATE|[EXTERNAL]|Bytes:4
09:42:52.127 (128708628)|STATEMENT_EXECUTE|[164]
09:42:52.127 (128713242)|ENTERING_MANAGED_PKG|
09:42:52.127 (128732473)|METHOD_EXIT|[150]|01pB0000000ljzx|testautonumdata.Sparkle_Helper.AddFieldToMap(String, String, Map<String,Set<String>>)
09:42:52.127 (128738771)|METHOD_EXIT|[43]|01pB0000000ljzx|testautonumdata.Sparkle_Helper.AddFieldToObjectsMap(String, String, Map<String,Set<String>>)
09:42:52.127 (128742386)|STATEMENT_EXECUTE|[46]
09:42:52.127 (128743843)|STATEMENT_EXECUTE|[47]
09:42:52.127 (128755990)|ENTERING_MANAGED_PKG|
09:42:52.127 (128773663)|HEAP_ALLOCATE|[47]|Bytes:10
09:42:52.127 (128786221)|HEAP_ALLOCATE|[47]|Bytes:12
09:42:52.127 (128789916)|HEAP_ALLOCATE|[47]|Bytes:30
09:42:52.127 (128798580)|VARIABLE_ASSIGNMENT|[47]|soql|"Select id, OwnerId,  (10 more) ..."
09:42:52.127 (128804582)|STATEMENT_EXECUTE|[50]
09:42:52.127 (128805910)|STATEMENT_EXECUTE|[51]
09:42:52.127 (128815316)|ENTERING_MANAGED_PKG|
09:42:52.127 (128839157)|HEAP_ALLOCATE|[51]|Bytes:11
09:42:52.127 (128852432)|HEAP_ALLOCATE|[51]|Bytes:13
09:42:52.127 (128856117)|HEAP_ALLOCATE|[51]|Bytes:43
09:42:52.127 (128864290)|VARIABLE_ASSIGNMENT|[51]|soql|"Select id, OwnerId,  (23 more) ..."
09:42:52.127 (128867233)|STATEMENT_EXECUTE|[52]
09:42:52.127 (128876435)|METHOD_ENTRY|[52]|01pB0000000ljzx|testautonumdata.Sparkle_Helper.AddFieldToObjectsMap(String, String, Map<String,Set<String>>)
09:42:52.127 (128888615)|VARIABLE_SCOPE_BEGIN|[107]|fieldName|String|false|false
09:42:52.127 (128893601)|VARIABLE_ASSIGNMENT|[107]|fieldName|"createddate"
09:42:52.127 (128895303)|VARIABLE_SCOPE_BEGIN|[107]|initialObjectName|String|false|false
09:42:52.127 (128898656)|VARIABLE_ASSIGNMENT|[107]|initialObjectName|"testautonumdata__Ref (8 more) ..."
09:42:52.127 (128900228)|VARIABLE_SCOPE_BEGIN|[107]|theMap|Map<String,Set<String>>|true|false
09:42:52.127 (128915832)|VARIABLE_ASSIGNMENT|[107]|theMap|{"s":1,"v":{"testautonumdata__Ref (8 more) ...":{"s":2,"v":["Id","OwnerId"]}}}|0x37902db1
09:42:52.127 (128924434)|HEAP_ALLOCATE|[109]|Bytes:5
09:42:52.127 (128928335)|STATEMENT_EXECUTE|[108]
09:42:52.127 (128940353)|ENTERING_MANAGED_PKG|
09:42:52.127 (128948379)|STATEMENT_EXECUTE|[150]
09:42:52.127 (128953980)|METHOD_ENTRY|[150]|01pB0000000ljzx|testautonumdata.Sparkle_Helper.AddFieldToMap(String, String, Map<String,Set<String>>)
09:42:52.127 (128957276)|VARIABLE_SCOPE_BEGIN|[157]|fieldName|String|false|false
09:42:52.127 (128962098)|VARIABLE_ASSIGNMENT|[157]|fieldName|"createddate"
09:42:52.127 (128963901)|VARIABLE_SCOPE_BEGIN|[157]|ObjectName|String|false|false
09:42:52.127 (128967399)|VARIABLE_ASSIGNMENT|[157]|ObjectName|"testautonumdata__Ref (8 more) ..."
09:42:52.127 (128968950)|VARIABLE_SCOPE_BEGIN|[157]|theMap|Map<String,Set<String>>|true|false
09:42:52.127 (128982980)|VARIABLE_ASSIGNMENT|[157]|theMap|{"s":1,"v":{"testautonumdata__Ref (8 more) ...":{"s":2,"v":["Id","OwnerId"]}}}|0x37902db1
09:42:52.127 (128990596)|HEAP_ALLOCATE|[160]|Bytes:5
09:42:52.127 (128993958)|STATEMENT_EXECUTE|[158]
09:42:52.127 (128999739)|ENTERING_MANAGED_PKG|
09:42:52.127 (129005974)|STATEMENT_EXECUTE|[161]
09:42:52.127 (129007958)|STATEMENT_EXECUTE|[162]
09:42:52.127 (129011313)|ENTERING_MANAGED_PKG|
09:42:52.127 (129027061)|VARIABLE_SCOPE_BEGIN|[162]|existingFieldSet|Set<String>|true|false
09:42:52.127 (129040166)|VARIABLE_ASSIGNMENT|[162]|existingFieldSet|{"s":1,"v":["Id","OwnerId"]}|0x11f4d950
09:42:52.127 (129043486)|STATEMENT_EXECUTE|[163]
09:42:52.127 (129048858)|ENTERING_MANAGED_PKG|
09:42:52.127 (129054536)|HEAP_ALLOCATE|[EXTERNAL]|Bytes:4
09:42:52.127 (129060390)|STATEMENT_EXECUTE|[164]
09:42:52.127 (129064366)|ENTERING_MANAGED_PKG|
09:42:52.127 (129082205)|METHOD_EXIT|[150]|01pB0000000ljzx|testautonumdata.Sparkle_Helper.AddFieldToMap(String, String, Map<String,Set<String>>)
09:42:52.127 (129088404)|METHOD_EXIT|[52]|01pB0000000ljzx|testautonumdata.Sparkle_Helper.AddFieldToObjectsMap(String, String, Map<String,Set<String>>)
09:42:52.127 (129091518)|STATEMENT_EXECUTE|[57]
09:42:52.127 (129104017)|ENTERING_MANAGED_PKG|
09:42:52.127 (129121295)|HEAP_ALLOCATE|[57]|Bytes:28
09:42:52.127 (129133962)|HEAP_ALLOCATE|[57]|Bytes:34
09:42:52.127 (129137634)|HEAP_ALLOCATE|[57]|Bytes:77
09:42:52.127 (129145948)|VARIABLE_ASSIGNMENT|[57]|soql|"Select id, OwnerId,  (57 more) ..."
09:42:52.127 (129149187)|STATEMENT_EXECUTE|[60]
09:42:52.127 (129150275)|STATEMENT_EXECUTE|[61]
09:42:52.127 (129153323)|HEAP_ALLOCATE|[61]|Bytes:7
09:42:52.127 (129162881)|ENTERING_MANAGED_PKG|
09:42:52.127 (129176898)|HEAP_ALLOCATE|[61]|Bytes:29
09:42:52.127 (129186598)|HEAP_ALLOCATE|[61]|Bytes:4
09:42:52.127 (129194591)|ENTERING_MANAGED_PKG|
09:42:52.127 (129197038)|HEAP_ALLOCATE|[61]|Bytes:18
09:42:52.127 (129212514)|HEAP_ALLOCATE|[61]|Bytes:59
09:42:52.127 (129217005)|HEAP_ALLOCATE|[61]|Bytes:136
09:42:52.127 (129225606)|VARIABLE_ASSIGNMENT|[61]|soql|"Select id, OwnerId,  (116 more) ..."
09:42:52.127 (129228382)|STATEMENT_EXECUTE|[62]
09:42:52.127 (129237031)|METHOD_ENTRY|[62]|01pB0000000ljzx|testautonumdata.Sparkle_Helper.AddFieldToObjectsMap(String, String, Map<String,Set<String>>)
09:42:52.127 (129249432)|VARIABLE_SCOPE_BEGIN|[107]|fieldName|String|false|false
09:42:52.127 (129255270)|VARIABLE_ASSIGNMENT|[107]|fieldName|"testautonumdata__Can (9 more) ..."
09:42:52.127 (129257012)|VARIABLE_SCOPE_BEGIN|[107]|initialObjectName|String|false|false
09:42:52.127 (129260069)|VARIABLE_ASSIGNMENT|[107]|initialObjectName|"testautonumdata__Ref (8 more) ..."
09:42:52.127 (129261640)|VARIABLE_SCOPE_BEGIN|[107]|theMap|Map<String,Set<String>>|true|false
09:42:52.127 (129277250)|VARIABLE_ASSIGNMENT|[107]|theMap|{"s":1,"v":{"testautonumdata__Ref (8 more) ...":{"s":2,"v":["Id","OwnerId","createddate"]}}}|0x37902db1
09:42:52.127 (129286035)|HEAP_ALLOCATE|[109]|Bytes:5
09:42:52.127 (129289829)|STATEMENT_EXECUTE|[108]
09:42:52.127 (129301770)|ENTERING_MANAGED_PKG|
09:42:52.127 (129309557)|STATEMENT_EXECUTE|[150]
09:42:52.127 (129315062)|METHOD_ENTRY|[150]|01pB0000000ljzx|testautonumdata.Sparkle_Helper.AddFieldToMap(String, String, Map<String,Set<String>>)
09:42:52.127 (129318212)|VARIABLE_SCOPE_BEGIN|[157]|fieldName|String|false|false
09:42:52.127 (129324270)|VARIABLE_ASSIGNMENT|[157]|fieldName|"testautonumdata__Can (9 more) ..."
09:42:52.127 (129325969)|VARIABLE_SCOPE_BEGIN|[157]|ObjectName|String|false|false
09:42:52.127 (129328956)|VARIABLE_ASSIGNMENT|[157]|ObjectName|"testautonumdata__Ref (8 more) ..."
09:42:52.127 (129330391)|VARIABLE_SCOPE_BEGIN|[157]|theMap|Map<String,Set<String>>|true|false
09:42:52.127 (129344566)|VARIABLE_ASSIGNMENT|[157]|theMap|{"s":1,"v":{"testautonumdata__Ref (8 more) ...":{"s":2,"v":["Id","OwnerId","createddate"]}}}|0x37902db1
09:42:52.127 (129352198)|HEAP_ALLOCATE|[160]|Bytes:5
09:42:52.127 (129355529)|STATEMENT_EXECUTE|[158]
09:42:52.127 (129361165)|ENTERING_MANAGED_PKG|
09:42:52.127 (129367450)|STATEMENT_EXECUTE|[161]
09:42:52.127 (129368678)|STATEMENT_EXECUTE|[162]
09:42:52.127 (129371889)|ENTERING_MANAGED_PKG|
09:42:52.127 (129381312)|VARIABLE_SCOPE_BEGIN|[162]|existingFieldSet|Set<String>|true|false
09:42:52.127 (129393424)|VARIABLE_ASSIGNMENT|[162]|existingFieldSet|{"s":1,"v":["Id","OwnerId","createddate"]}|0x11f4d950
09:42:52.127 (129399482)|STATEMENT_EXECUTE|[163]
09:42:52.127 (129405084)|ENTERING_MANAGED_PKG|
09:42:52.127 (129410470)|HEAP_ALLOCATE|[EXTERNAL]|Bytes:4
09:42:52.127 (129416285)|STATEMENT_EXECUTE|[164]
09:42:52.127 (129420184)|ENTERING_MANAGED_PKG|
09:42:52.127 (129437876)|METHOD_EXIT|[150]|01pB0000000ljzx|testautonumdata.Sparkle_Helper.AddFieldToMap(String, String, Map<String,Set<String>>)
09:42:52.127 (129443837)|METHOD_EXIT|[62]|01pB0000000ljzx|testautonumdata.Sparkle_Helper.AddFieldToObjectsMap(String, String, Map<String,Set<String>>)
09:42:52.127 (129448706)|STATEMENT_EXECUTE|[65]
09:42:52.127 (129450158)|STATEMENT_EXECUTE|[71]
09:42:52.127 (129453368)|HEAP_ALLOCATE|[71]|Bytes:7
09:42:52.127 (129465892)|ENTERING_MANAGED_PKG|
09:42:52.127 (129483194)|HEAP_ALLOCATE|[71]|Bytes:1
09:42:52.127 (129495394)|HEAP_ALLOCATE|[71]|Bytes:8
09:42:52.127 (129499362)|HEAP_ALLOCATE|[71]|Bytes:144
09:42:52.127 (129508027)|VARIABLE_ASSIGNMENT|[71]|soql|"Select id, OwnerId,  (124 more) ..."
09:42:52.127 (129510781)|STATEMENT_EXECUTE|[75]
09:42:52.127 (129515570)|HEAP_ALLOCATE|[75]|Bytes:159
09:42:52.127 (129523949)|ENTERING_MANAGED_PKG|
09:42:52.127 (129540566)|USER_DEBUG|[75]|DEBUG|######## soql: Select id, OwnerId, Owner.Name, createddate FROM testautonumdata__Referral__c where testautonumdata__Candidate__c = 'a0MB0000000cQdIMAU' limit 8
09:42:52.127 (129555164)|METHOD_ENTRY|[79]|01pB0000000ljzx|testautonumdata.Sparkle_Helper.UserHasAccessToObjectsAndFields(Map<String,Set<String>>)
09:42:52.127 (129567271)|VARIABLE_SCOPE_BEGIN|[175]|theMap|Map<String,Set<String>>|true|false
09:42:52.127 (129586954)|VARIABLE_ASSIGNMENT|[175]|theMap|{"s":1,"v":{"testautonumdata__Ref (8 more) ...":{"s":2,"v":["Id","OwnerId","createddate","testautonumdata__Can (9 more) ..."]}}}|0x37902db1
09:42:52.127 (129596352)|HEAP_ALLOCATE|[177]|Bytes:5
09:42:52.127 (129600790)|STATEMENT_EXECUTE|[176]
09:42:52.127 (129601963)|STATEMENT_EXECUTE|[177]
09:42:52.127 (129606624)|VARIABLE_SCOPE_BEGIN|[177]|hasAccess|Boolean|false|false
09:42:52.127 (129609833)|HEAP_ALLOCATE|[177]|Bytes:5
09:42:52.127 (129614678)|VARIABLE_ASSIGNMENT|[177]|hasAccess|true
09:42:52.127 (129621661)|ENTERING_MANAGED_PKG|
09:42:52.127 (129631799)|STATEMENT_EXECUTE|[180]
09:42:52.127 (129633112)|STATEMENT_EXECUTE|[181]
09:42:52.127 (129644860)|ENTERING_MANAGED_PKG|
09:42:52.127 (129659636)|HEAP_ALLOCATE|[181]|Bytes:88
09:42:52.127 (129669674)|HEAP_ALLOCATE|[181]|Bytes:105
09:42:52.127 (129676506)|ENTERING_MANAGED_PKG|
09:42:52.127 (129682620)|USER_DEBUG|[181]|DEBUG|######## theMap: {testautonumdata__Referral__c={Id, OwnerId, createddate, testautonumdata__Candidate__c}}
09:42:52.127 (129691531)|HEAP_ALLOCATE|[182]|Bytes:4
09:42:52.127 (129700137)|ENTERING_MANAGED_PKG|
09:42:52.127 (129707473)|ENTERING_MANAGED_PKG|
09:42:52.127 (129721168)|HEAP_ALLOCATE|[182]|Bytes:36
09:42:52.127 (129729225)|ENTERING_MANAGED_PKG|
09:42:52.127 (129734658)|HEAP_ALLOCATE|[182]|Bytes:4
09:42:52.127 (129739984)|ENTERING_MANAGED_PKG|
09:42:52.127 (129759088)|HEAP_ALLOCATE|[182]|Bytes:5
09:42:52.127 (129774048)|VARIABLE_SCOPE_BEGIN|[182]|objectName|String|false|false
09:42:52.127 (129782240)|VARIABLE_ASSIGNMENT|[182]|objectName|"testautonumdata__Ref (8 more) ..."
09:42:52.127 (129785620)|STATEMENT_EXECUTE|[183]
09:42:52.127 (129786658)|STATEMENT_EXECUTE|[184]
09:42:52.127 (129792376)|HEAP_ALLOCATE|[184]|Bytes:49
09:42:52.127 (129799249)|ENTERING_MANAGED_PKG|
09:42:52.127 (129805214)|USER_DEBUG|[184]|DEBUG|######## objectName: testautonumdata__Referral__c
09:42:52.127 (129810109)|STATEMENT_EXECUTE|[185]
09:42:52.127 (129815039)|ENTERING_MANAGED_PKG|
09:42:52.127 (135064142)|HEAP_ALLOCATE|[185]|Bytes:1648
09:42:52.127 (135089907)|ENTERING_MANAGED_PKG|
09:42:52.127 (135188952)|HEAP_ALLOCATE|[185]|Bytes:4
09:42:52.127 (135199505)|VARIABLE_SCOPE_BEGIN|[185]|sObj|SObject|true|false
09:42:52.127 (135219409)|VARIABLE_ASSIGNMENT|[185]|sObj|{}|0x5c4ea6bb
09:42:52.127 (135223295)|STATEMENT_EXECUTE|[186]
09:42:52.127 (135241236)|ENTERING_MANAGED_PKG|
09:42:52.127 (135493982)|HEAP_ALLOCATE|[186]|Bytes:4
09:42:52.127 (136744282)|HEAP_ALLOCATE|[186]|Bytes:60
09:42:52.127 (136755979)|VARIABLE_SCOPE_BEGIN|[186]|m|Map<String,Schema.SObjectField>|true|false
09:42:52.127 (137035597)|VARIABLE_ASSIGNMENT|[186]|m|"{createdbyid=CreatedById, createddate=CreatedDate, id=Id, isdeleted=IsDeleted, lastactivitydate=LastActivityDate, lastmodifiedbyid=LastModifiedById, lastmodifieddate=LastModifiedDate, lastreferenceddate=LastReferencedDate, lastvieweddate=LastViewedDate, name=Name, ...}"|0x32c8b54d
09:42:52.127 (137043354)|STATEMENT_EXECUTE|[187]
09:42:52.127 (137056390)|ENTERING_MANAGED_PKG|
09:42:52.127 (137071436)|VARIABLE_SCOPE_BEGIN|[187]|objectFieldSet|Set<String>|true|false
09:42:52.127 (137095206)|VARIABLE_ASSIGNMENT|[187]|objectFieldSet|{"s":1,"v":["Id","OwnerId","createddate","testautonumdata__Can (9 more) ..."]}|0x11f4d950
09:42:52.127 (137105053)|HEAP_ALLOCATE|[189]|Bytes:4
09:42:52.127 (137117063)|ENTERING_MANAGED_PKG|
09:42:52.127 (137126567)|ENTERING_MANAGED_PKG|
09:42:52.127 (137132150)|HEAP_ALLOCATE|[189]|Bytes:16
09:42:52.127 (137138351)|ENTERING_MANAGED_PKG|
09:42:52.127 (137159775)|HEAP_ALLOCATE|[189]|Bytes:5
09:42:52.127 (137175306)|VARIABLE_SCOPE_BEGIN|[189]|fieldToCheck|String|false|false
09:42:52.127 (137182189)|VARIABLE_ASSIGNMENT|[189]|fieldToCheck|"Id"
09:42:52.127 (137185435)|STATEMENT_EXECUTE|[189]
09:42:52.127 (137186646)|STATEMENT_EXECUTE|[190]
09:42:52.127 (137194395)|HEAP_ALLOCATE|[190]|Bytes:25
09:42:52.127 (137204522)|ENTERING_MANAGED_PKG|
09:42:52.127 (137214299)|USER_DEBUG|[190]|DEBUG|######## fieldToCheck: Id
09:42:52.127 (137223876)|ENTERING_MANAGED_PKG|
09:42:52.127 (137766822)|HEAP_ALLOCATE|[192]|Bytes:8
09:42:52.127 (137785971)|STATEMENT_EXECUTE|[192]
09:42:52.127 (137788193)|STATEMENT_EXECUTE|[199]
09:42:52.127 (137794702)|HEAP_ALLOCATE|[199]|Bytes:37
09:42:52.127 (137802414)|ENTERING_MANAGED_PKG|
09:42:52.127 (137809497)|USER_DEBUG|[199]|DEBUG|######## User has access to field: Id
09:42:52.127 (137822858)|HEAP_ALLOCATE|[189]|Bytes:5
09:42:52.127 (137834336)|VARIABLE_SCOPE_BEGIN|[189]|fieldToCheck|String|false|false
09:42:52.127 (137842149)|VARIABLE_ASSIGNMENT|[189]|fieldToCheck|"OwnerId"
09:42:52.127 (137845110)|STATEMENT_EXECUTE|[189]
09:42:52.127 (137846296)|STATEMENT_EXECUTE|[190]
09:42:52.127 (137851251)|HEAP_ALLOCATE|[190]|Bytes:30
09:42:52.127 (137857398)|ENTERING_MANAGED_PKG|
09:42:52.127 (137862902)|USER_DEBUG|[190]|DEBUG|######## fieldToCheck: OwnerId
09:42:52.127 (137870630)|ENTERING_MANAGED_PKG|
09:42:52.127 (138054332)|HEAP_ALLOCATE|[192]|Bytes:8
09:42:52.127 (138068939)|STATEMENT_EXECUTE|[192]
09:42:52.127 (138070995)|STATEMENT_EXECUTE|[199]
09:42:52.127 (138076468)|HEAP_ALLOCATE|[199]|Bytes:42
09:42:52.127 (138083321)|ENTERING_MANAGED_PKG|
09:42:52.127 (138090020)|USER_DEBUG|[199]|DEBUG|######## User has access to field: OwnerId
09:42:52.127 (138102404)|HEAP_ALLOCATE|[189]|Bytes:5
09:42:52.127 (138113202)|VARIABLE_SCOPE_BEGIN|[189]|fieldToCheck|String|false|false
09:42:52.127 (138120679)|VARIABLE_ASSIGNMENT|[189]|fieldToCheck|"createddate"
09:42:52.127 (138123478)|STATEMENT_EXECUTE|[189]
09:42:52.127 (138124525)|STATEMENT_EXECUTE|[190]
09:42:52.127 (138129267)|HEAP_ALLOCATE|[190]|Bytes:34
09:42:52.127 (138135285)|ENTERING_MANAGED_PKG|
09:42:52.127 (138140695)|USER_DEBUG|[190]|DEBUG|######## fieldToCheck: createddate
09:42:52.127 (138148192)|ENTERING_MANAGED_PKG|
09:42:52.127 (138303121)|HEAP_ALLOCATE|[192]|Bytes:8
09:42:52.127 (138316726)|STATEMENT_EXECUTE|[192]
09:42:52.127 (138318653)|STATEMENT_EXECUTE|[199]
09:42:52.127 (138324357)|HEAP_ALLOCATE|[199]|Bytes:46
09:42:52.127 (138331085)|ENTERING_MANAGED_PKG|
09:42:52.127 (138337688)|USER_DEBUG|[199]|DEBUG|######## User has access to field: createddate
09:42:52.127 (138349951)|HEAP_ALLOCATE|[189]|Bytes:5
09:42:52.127 (138360781)|VARIABLE_SCOPE_BEGIN|[189]|fieldToCheck|String|false|false
09:42:52.127 (138369904)|VARIABLE_ASSIGNMENT|[189]|fieldToCheck|"testautonumdata__Can (9 more) ..."
09:42:52.127 (138372910)|STATEMENT_EXECUTE|[189]
09:42:52.127 (138373999)|STATEMENT_EXECUTE|[190]
09:42:52.127 (138378750)|HEAP_ALLOCATE|[190]|Bytes:52
09:42:52.127 (138384949)|ENTERING_MANAGED_PKG|
09:42:52.127 (138390452)|USER_DEBUG|[190]|DEBUG|######## fieldToCheck: testautonumdata__Candidate__c
09:42:52.127 (138397921)|ENTERING_MANAGED_PKG|
09:42:52.127 (146692426)|HEAP_ALLOCATE|[192]|Bytes:8
09:42:52.127 (146708431)|STATEMENT_EXECUTE|[192]
09:42:52.127 (146710732)|STATEMENT_EXECUTE|[199]
09:42:52.127 (146716462)|HEAP_ALLOCATE|[199]|Bytes:64
09:42:52.127 (146724295)|ENTERING_MANAGED_PKG|
09:42:52.127 (146731656)|USER_DEBUG|[199]|DEBUG|######## User has access to field: testautonumdata__Candidate__c
09:42:52.127 (146747803)|HEAP_ALLOCATE|[189]|Bytes:5
09:42:52.127 (146768026)|VARIABLE_ASSIGNMENT|[189]|fieldToCheck|null
09:42:52.127 (146785387)|HEAP_ALLOCATE|[182]|Bytes:5
09:42:52.127 (146801126)|VARIABLE_ASSIGNMENT|[182]|objectName|null
09:42:52.127 (146805941)|STATEMENT_EXECUTE|[206]
09:42:52.127 (146810152)|HEAP_ALLOCATE|[206]|Bytes:5
09:42:52.127 (146828223)|METHOD_EXIT|[79]|01pB0000000ljzx|testautonumdata.Sparkle_Helper.UserHasAccessToObjectsAndFields(Map<String,Set<String>>)
09:42:52.127 (146833099)|STATEMENT_EXECUTE|[80]
09:42:52.127 (146834496)|STATEMENT_EXECUTE|[82]
09:42:52.127 (146848828)|ENTERING_MANAGED_PKG|
09:42:52.127 (147394448)|SOQL_EXECUTE_BEGIN|[82]|Aggregations:0|Select id, OwnerId, Owner.Name, createddate FROM testautonumdata__Referral__c where testautonumdata__Candidate__c = 'a0MB0000000cQdIMAU' limit 8
09:42:52.127 (154660309)|SOQL_EXECUTE_END|[82]|Rows:1
09:42:52.127 (154696035)|HEAP_ALLOCATE|[82]|Bytes:8
09:42:52.127 (154725994)|HEAP_ALLOCATE|[82]|Bytes:138
09:42:52.127 (154807382)|HEAP_ALLOCATE|[82]|Bytes:8
09:42:52.127 (154824105)|VARIABLE_SCOPE_BEGIN|[82]|lstQueriedRecords|List<SObject>|true|false
09:42:52.127 (154894430)|VARIABLE_ASSIGNMENT|[82]|lstQueriedRecords|{"s":1,"v":[{"s":2,"v":{"Id":"a0TB0000000Z3R2MAK","OwnerId":"005B0000001VpZRIA0","CreatedDate":"2016-06-22T19:32:16.000Z","Owner":{"s":3,"v":{"Name":"Rodrigo Reboucas","Id":"005B0000001VpZRIA0"}}}}]}|0x4c8e1f95
09:42:52.127 (154900433)|STATEMENT_EXECUTE|[84]
09:42:52.127 (154906637)|HEAP_ALLOCATE|[84]|Bytes:28
09:42:52.127 (154930002)|ENTERING_MANAGED_PKG|
09:42:52.127 (155012160)|HEAP_ALLOCATE|[84]|Bytes:115
09:42:52.127 (155036426)|HEAP_ALLOCATE|[84]|Bytes:143
09:42:52.127 (155048598)|ENTERING_MANAGED_PKG|
09:42:52.127 (155056647)|USER_DEBUG|[84]|DEBUG|######## lstQueriedRecords: (testautonumdata__Referral__c:{Id=a0TB0000000Z3R2MAK, OwnerId=005B0000001VpZRIA0, CreatedDate=2016-06-22 19:32:16})
09:42:52.127 (155135067)|ENTERING_MANAGED_PKG|
09:42:52.127 (155320864)|HEAP_ALLOCATE|[88]|Bytes:5
09:42:52.127 (155360801)|HEAP_ALLOCATE|[88]|Bytes:20
09:42:52.127 (155378627)|VARIABLE_SCOPE_BEGIN|[88]|e|SObject|true|false
09:42:52.127 (155405366)|VARIABLE_ASSIGNMENT|[88]|e|{"s":1,"v":{"Id":"a0TB0000000Z3R2MAK","OwnerId":"005B0000001VpZRIA0","CreatedDate":"2016-06-22T19:32:16.000Z","Owner":{"s":2,"v":{"Name":"Rodrigo Reboucas","Id":"005B0000001VpZRIA0"}}}}|0x222ea5ba
09:42:52.127 (155410691)|STATEMENT_EXECUTE|[89]
09:42:52.127 (155412120)|STATEMENT_EXECUTE|[90]
09:42:52.127 (155416240)|HEAP_ALLOCATE|[90]|Bytes:12
09:42:52.127 (155431721)|ENTERING_MANAGED_PKG|
09:42:52.127 (155489314)|HEAP_ALLOCATE|[90]|Bytes:113
09:42:52.127 (155505352)|HEAP_ALLOCATE|[90]|Bytes:125
09:42:52.127 (155514272)|ENTERING_MANAGED_PKG|
09:42:52.127 (155520753)|USER_DEBUG|[90]|DEBUG|######## e: testautonumdata__Referral__c:{Id=a0TB0000000Z3R2MAK, OwnerId=005B0000001VpZRIA0, CreatedDate=2016-06-22 19:32:16}
09:42:52.127 (155527070)|STATEMENT_EXECUTE|[91]
09:42:52.127 (155551233)|HEAP_ALLOCATE|[91]|Bytes:32
09:42:52.127 (155573609)|CONSTRUCTOR_ENTRY|[91]|01pB0000000lc8w|<init>()
09:42:52.127 (155614717)|VARIABLE_SCOPE_BEGIN|[1]|this|testautonumdata.RelatedListServerController|true|false
09:42:52.127 (155693561)|VARIABLE_ASSIGNMENT|[1]|this|{}|0x63586a0a
09:42:52.127 (155704068)|HEAP_ALLOCATE|[EXTERNAL]|Bytes:5
09:42:52.127 (155730211)|STATEMENT_EXECUTE|[1]
09:42:52.127 (155734299)|HEAP_ALLOCATE|[EXTERNAL]|Bytes:5
09:42:52.127 (155736863)|STATEMENT_EXECUTE|[6]
09:42:52.127 (155738333)|STATEMENT_EXECUTE|[8]
09:42:52.127 (155739239)|STATEMENT_EXECUTE|[10]
09:42:52.127 (155740319)|STATEMENT_EXECUTE|[12]
09:42:52.127 (155741330)|STATEMENT_EXECUTE|[14]
09:42:52.127 (155742289)|STATEMENT_EXECUTE|[16]
09:42:52.127 (155743170)|STATEMENT_EXECUTE|[18]
09:42:52.127 (155751660)|CONSTRUCTOR_EXIT|[91]|01pB0000000lc8w|<init>()
09:42:52.127 (155755610)|VARIABLE_SCOPE_BEGIN|[91]|i|testautonumdata.RelatedListServerController|true|false
09:42:52.127 (155776053)|VARIABLE_ASSIGNMENT|[91]|i|{}|0x63586a0a
09:42:52.127 (155778544)|STATEMENT_EXECUTE|[93]
09:42:52.127 (155790861)|METHOD_ENTRY|[93]|01pB0000000ljzx|testautonumdata.Sparkle_Helper.GetSobjectField(SObject, String)
09:42:52.127 (155806087)|VARIABLE_SCOPE_BEGIN|[78]|e|SObject|true|false
09:42:52.127 (155828753)|VARIABLE_ASSIGNMENT|[78]|e|{"s":1,"v":{"Id":"a0TB0000000Z3R2MAK","OwnerId":"005B0000001VpZRIA0","CreatedDate":"2016-06-22T19:32:16.000Z","Owner":{"s":2,"v":{"Name":"Rodrigo Reboucas","Id":"005B0000001VpZRIA0"}}}}|0x222ea5ba
09:42:52.127 (155832600)|VARIABLE_SCOPE_BEGIN|[78]|lcfield|String|false|false
09:42:52.127 (155836779)|VARIABLE_ASSIGNMENT|[78]|lcfield|"id"
09:42:52.127 (155846543)|HEAP_ALLOCATE|[81]|Bytes:5
09:42:52.127 (155851371)|STATEMENT_EXECUTE|[79]
09:42:52.127 (155852441)|STATEMENT_EXECUTE|[81]
09:42:52.127 (155856701)|VARIABLE_SCOPE_BEGIN|[81]|returnValue|String|false|false
09:42:52.127 (155861746)|VARIABLE_ASSIGNMENT|[81]|returnValue|""
09:42:52.127 (155876151)|ENTERING_MANAGED_PKG|
09:42:52.127 (155886995)|STATEMENT_EXECUTE|[98]
09:42:52.127 (155895989)|ENTERING_MANAGED_PKG|
09:42:52.127 (155925271)|HEAP_ALLOCATE|[98]|Bytes:4
09:42:52.127 (155939703)|ENTERING_MANAGED_PKG|
09:42:52.127 (155943095)|HEAP_ALLOCATE|[98]|Bytes:18
09:42:52.127 (155954443)|VARIABLE_ASSIGNMENT|[98]|returnValue|"a0TB0000000Z3R2MAK"
09:42:52.127 (155957592)|STATEMENT_EXECUTE|[100]
09:42:52.127 (155966111)|METHOD_EXIT|[93]|01pB0000000ljzx|testautonumdata.Sparkle_Helper.GetSobjectField(SObject, String)
09:42:52.127 (156005986)|VARIABLE_ASSIGNMENT|[EXTERNAL]|this|{}|0x63586a0a
09:42:52.127 (156018996)|VARIABLE_ASSIGNMENT|[EXTERNAL]|value|"a0TB0000000Z3R2MAK"
09:42:52.127 (156033497)|VARIABLE_ASSIGNMENT|[6]|this.recordID|"a0TB0000000Z3R2MAK"|0x63586a0a
09:42:52.127 (156040969)|STATEMENT_EXECUTE|[96]
09:42:52.127 (156042598)|STATEMENT_EXECUTE|[97]
09:42:52.127 (156049078)|METHOD_ENTRY|[97]|01pB0000000ljzx|testautonumdata.Sparkle_Helper.GetSobjectField(SObject, String)
09:42:52.127 (156062272)|VARIABLE_SCOPE_BEGIN|[78]|e|SObject|true|false
09:42:52.127 (156084170)|VARIABLE_ASSIGNMENT|[78]|e|{"s":1,"v":{"Id":"a0TB0000000Z3R2MAK","OwnerId":"005B0000001VpZRIA0","CreatedDate":"2016-06-22T19:32:16.000Z","Owner":{"s":2,"v":{"Name":"Rodrigo Reboucas","Id":"005B0000001VpZRIA0"}}}}|0x222ea5ba
09:42:52.127 (156087728)|VARIABLE_SCOPE_BEGIN|[78]|lcfield|String|false|false
09:42:52.127 (156091248)|VARIABLE_ASSIGNMENT|[78]|lcfield|"OwnerId"
09:42:52.127 (156099209)|HEAP_ALLOCATE|[81]|Bytes:5
09:42:52.127 (156103224)|STATEMENT_EXECUTE|[79]
09:42:52.127 (156104269)|STATEMENT_EXECUTE|[81]
09:42:52.127 (156108140)|VARIABLE_SCOPE_BEGIN|[81]|returnValue|String|false|false
09:42:52.127 (156112240)|VARIABLE_ASSIGNMENT|[81]|returnValue|""
09:42:52.127 (156124220)|ENTERING_MANAGED_PKG|
09:42:52.127 (156132577)|STATEMENT_EXECUTE|[98]
09:42:52.127 (156139384)|ENTERING_MANAGED_PKG|
09:42:52.127 (156159394)|HEAP_ALLOCATE|[98]|Bytes:4
09:42:52.127 (156173263)|ENTERING_MANAGED_PKG|
09:42:52.127 (156176631)|HEAP_ALLOCATE|[98]|Bytes:18
09:42:52.127 (156187716)|VARIABLE_ASSIGNMENT|[98]|returnValue|"005B0000001VpZRIA0"
09:42:52.127 (156190671)|STATEMENT_EXECUTE|[100]
09:42:52.127 (156198077)|METHOD_EXIT|[97]|01pB0000000ljzx|testautonumdata.Sparkle_Helper.GetSobjectField(SObject, String)
09:42:52.127 (156241148)|VARIABLE_ASSIGNMENT|[EXTERNAL]|this|{"recordID":"a0TB0000000Z3R2MAK"}|0x63586a0a
09:42:52.127 (156248465)|VARIABLE_ASSIGNMENT|[EXTERNAL]|value|"005B0000001VpZRIA0"
09:42:52.127 (156257056)|VARIABLE_ASSIGNMENT|[10]|this.OwnerID|"005B0000001VpZRIA0"|0x63586a0a
09:42:52.127 (156263121)|STATEMENT_EXECUTE|[99]
09:42:52.127 (156306871)|VARIABLE_ASSIGNMENT|[EXTERNAL]|this|{"OwnerID":"005B0000001VpZRIA0","recordID":"a0TB0000000Z3R2MAK"}|0x63586a0a
09:42:52.127 (156393148)|HEAP_ALLOCATE|[99]|Bytes:133
09:42:52.127 (156428132)|SYSTEM_METHOD_ENTRY|[5]|ChatterUsers.ChatterUsers()
09:42:52.127 (156431220)|STATEMENT_EXECUTE|[5]
09:42:52.127 (156443030)|SYSTEM_METHOD_EXIT|[5]|ChatterUsers
09:42:52.127 (156465411)|METHOD_ENTRY|[99]||ConnectApi.ChatterUsers.getPhoto(String, String)
09:42:52.127 (176135131)|SYSTEM_METHOD_EXIT|[5]|Photo
09:42:52.127 (176151108)|HEAP_ALLOCATE|[38]|Bytes:68
09:42:52.127 (176159310)|HEAP_ALLOCATE|[38]|Bytes:12
09:42:52.127 (176165017)|HEAP_ALLOCATE|[38]|Bytes:8
09:42:52.127 (176171873)|VARIABLE_SCOPE_BEGIN|[36]|this|ConnectApi.Photo|true|false
09:42:52.127 (176243862)|VARIABLE_ASSIGNMENT|[36]|this|{}|0x3fdf60f9
09:42:52.127 (176250114)|VARIABLE_SCOPE_BEGIN|[36]|versionIn|Double|false|false
09:42:52.127 (176259913)|VARIABLE_ASSIGNMENT|[36]|versionIn|34.0
09:42:52.127 (176263273)|VARIABLE_SCOPE_BEGIN|[36]|javaObj|java:sfdc.chatter.connect.api.output.photo.PhotoRepresentation|true|false
09:42:52.127 (176394519)|VARIABLE_ASSIGNMENT|[36]|javaObj|"sfdc.chatter.connect.api.output.photo.PhotoRepresentation@9cd8a4f"|0x9cd8a4f
09:42:52.127 (176743827)|METHOD_EXIT|[99]||ConnectApi.ChatterUsers.getPhoto(String, String)
09:42:52.127 (176752600)|VARIABLE_SCOPE_BEGIN|[99]|userPhoto|ConnectApi.Photo|true|false
09:42:52.127 (176794437)|VARIABLE_ASSIGNMENT|[99]|userPhoto|{}|0x3fdf60f9
09:42:52.127 (176803619)|STATEMENT_EXECUTE|[101]
09:42:52.127 (177096081)|VARIABLE_ASSIGNMENT|[EXTERNAL]|this|{"OwnerID":"005B0000001VpZRIA0","recordID":"a0TB0000000Z3R2MAK"}|0x63586a0a
09:42:52.127 (177113444)|VARIABLE_ASSIGNMENT|[EXTERNAL]|value|"https://rrlightningo (65 more) ..."
09:42:52.127 (177130120)|VARIABLE_ASSIGNMENT|[18]|this.iconUrl|"https://rrlightningo (65 more) ..."|0x63586a0a
09:42:52.127 (177143034)|STATEMENT_EXECUTE|[107]
09:42:52.127 (177145765)|STATEMENT_EXECUTE|[108]
09:42:52.127 (177159652)|METHOD_ENTRY|[108]|01pB0000000ljzx|testautonumdata.Sparkle_Helper.GetSobjectField(SObject, String)
09:42:52.127 (177182754)|VARIABLE_SCOPE_BEGIN|[78]|e|SObject|true|false
09:42:52.127 (177238076)|VARIABLE_ASSIGNMENT|[78]|e|{"s":1,"v":{"Id":"a0TB0000000Z3R2MAK","OwnerId":"005B0000001VpZRIA0","CreatedDate":"2016-06-22T19:32:16.000Z","Owner":{"s":2,"v":{"Name":"Rodrigo Reboucas","Id":"005B0000001VpZRIA0"}}}}|0x222ea5ba
09:42:52.127 (177243837)|VARIABLE_SCOPE_BEGIN|[78]|lcfield|String|false|false
09:42:52.127 (177250279)|VARIABLE_ASSIGNMENT|[78]|lcfield|"Owner.Name"
09:42:52.127 (177261906)|HEAP_ALLOCATE|[81]|Bytes:5
09:42:52.127 (177267771)|STATEMENT_EXECUTE|[79]
09:42:52.127 (177269593)|STATEMENT_EXECUTE|[81]
09:42:52.127 (177275014)|VARIABLE_SCOPE_BEGIN|[81]|returnValue|String|false|false
09:42:52.127 (177282836)|VARIABLE_ASSIGNMENT|[81]|returnValue|""
09:42:52.127 (177304329)|ENTERING_MANAGED_PKG|
09:42:52.127 (177319398)|STATEMENT_EXECUTE|[84]
09:42:52.127 (177321434)|STATEMENT_EXECUTE|[85]
09:42:52.127 (177341948)|ENTERING_MANAGED_PKG|
09:42:52.127 (177370117)|HEAP_ALLOCATE|[85]|Bytes:5
09:42:52.127 (177386005)|VARIABLE_SCOPE_BEGIN|[85]|relName|String|false|false
09:42:52.127 (177395497)|VARIABLE_ASSIGNMENT|[85]|relName|"Owner"
09:42:52.127 (177399926)|STATEMENT_EXECUTE|[86]
09:42:52.127 (177417524)|ENTERING_MANAGED_PKG|
09:42:52.127 (177440728)|HEAP_ALLOCATE|[86]|Bytes:4
09:42:52.127 (177455435)|VARIABLE_SCOPE_BEGIN|[86]|relField|String|false|false
09:42:52.127 (177464606)|VARIABLE_ASSIGNMENT|[86]|relField|"Name"
09:42:52.127 (177478536)|ENTERING_MANAGED_PKG|
09:42:52.127 (177511657)|STATEMENT_EXECUTE|[94]
09:42:52.127 (177531741)|ENTERING_MANAGED_PKG|
09:42:52.127 (177641286)|HEAP_ALLOCATE|[94]|Bytes:12
09:42:52.127 (177667764)|ENTERING_MANAGED_PKG|
09:42:52.127 (177703177)|HEAP_ALLOCATE|[94]|Bytes:16
09:42:52.127 (177727120)|ENTERING_MANAGED_PKG|
09:42:52.127 (177732445)|HEAP_ALLOCATE|[94]|Bytes:16
09:42:52.127 (177749608)|VARIABLE_ASSIGNMENT|[94]|returnValue|"Rodrigo Reboucas"
09:42:52.127 (177754088)|STATEMENT_EXECUTE|[100]
09:42:52.127 (177766709)|METHOD_EXIT|[108]|01pB0000000ljzx|testautonumdata.Sparkle_Helper.GetSobjectField(SObject, String)
09:42:52.127 (177831857)|VARIABLE_ASSIGNMENT|[EXTERNAL]|this|{"iconUrl":"https://rrlightningo (65 more) ...","OwnerID":"005B0000001VpZRIA0","recordID":"a0TB0000000Z3R2MAK"}|0x63586a0a
09:42:52.127 (177845271)|VARIABLE_ASSIGNMENT|[EXTERNAL]|value|"Rodrigo Reboucas"
09:42:52.127 (177860013)|VARIABLE_ASSIGNMENT|[8]|this.OwnerName|"Rodrigo Reboucas"|0x63586a0a
09:42:52.127 (177872338)|STATEMENT_EXECUTE|[112]
09:42:52.127 (177875001)|STATEMENT_EXECUTE|[113]
09:42:52.127 (177885300)|METHOD_ENTRY|[113]|01pB0000000ljzx|testautonumdata.Sparkle_Helper.GetSobjectField(SObject, String)
09:42:52.127 (177903607)|VARIABLE_SCOPE_BEGIN|[78]|e|SObject|true|false
09:42:52.127 (177936955)|VARIABLE_ASSIGNMENT|[78]|e|{"s":1,"v":{"Id":"a0TB0000000Z3R2MAK","OwnerId":"005B0000001VpZRIA0","CreatedDate":"2016-06-22T19:32:16.000Z","Owner":{"s":2,"v":{"Name":"Rodrigo Reboucas","Id":"005B0000001VpZRIA0"}}}}|0x222ea5ba
09:42:52.127 (177942975)|VARIABLE_SCOPE_BEGIN|[78]|lcfield|String|false|false
09:42:52.127 (177949387)|VARIABLE_ASSIGNMENT|[78]|lcfield|"createddate"
09:42:52.127 (177960317)|HEAP_ALLOCATE|[81]|Bytes:5
09:42:52.127 (177967060)|STATEMENT_EXECUTE|[79]
09:42:52.127 (177969307)|STATEMENT_EXECUTE|[81]
09:42:52.127 (177975947)|VARIABLE_SCOPE_BEGIN|[81]|returnValue|String|false|false
09:42:52.127 (177984662)|VARIABLE_ASSIGNMENT|[81]|returnValue|""
09:42:52.127 (178003494)|ENTERING_MANAGED_PKG|
09:42:52.127 (178021605)|STATEMENT_EXECUTE|[98]
09:42:52.127 (178035457)|ENTERING_MANAGED_PKG|
09:42:52.127 (178069632)|HEAP_ALLOCATE|[98]|Bytes:56
09:42:52.127 (178096308)|ENTERING_MANAGED_PKG|
09:42:52.127 (178111551)|HEAP_ALLOCATE|[98]|Bytes:19
09:42:52.127 (178132609)|VARIABLE_ASSIGNMENT|[98]|returnValue|"2016-06-22 19:32:16"
09:42:52.127 (178137352)|STATEMENT_EXECUTE|[100]
09:42:52.127 (178149358)|METHOD_EXIT|[113]|01pB0000000ljzx|testautonumdata.Sparkle_Helper.GetSobjectField(SObject, String)
09:42:52.127 (178219275)|VARIABLE_ASSIGNMENT|[EXTERNAL]|this|{"iconUrl":"https://rrlightningo (65 more) ...","OwnerID":"005B0000001VpZRIA0","OwnerName":"Rodrigo Reboucas","recordID":"a0TB0000000Z3R2MAK"}|0x63586a0a
09:42:52.127 (178238786)|VARIABLE_ASSIGNMENT|[EXTERNAL]|value|"2016-06-22 19:32:16"
09:42:52.127 (178253710)|VARIABLE_ASSIGNMENT|[12]|this.column2|"2016-06-22 19:32:16"|0x63586a0a
09:42:52.127 (178265261)|STATEMENT_EXECUTE|[118]
09:42:52.127 (178283677)|ENTERING_MANAGED_PKG|
09:42:52.127 (178335346)|HEAP_ALLOCATE|[EXTERNAL]|Bytes:4
09:42:52.127 (178351110)|STATEMENT_EXECUTE|[120]
09:42:52.127 (178357661)|HEAP_ALLOCATE|[120]|Bytes:12
09:42:52.127 (178379006)|ENTERING_MANAGED_PKG|
09:42:52.127 (178479746)|HEAP_ALLOCATE|[120]|Bytes:385
09:42:52.127 (178508047)|HEAP_ALLOCATE|[120]|Bytes:397
09:42:52.127 (178527244)|ENTERING_MANAGED_PKG|
09:42:52.127 (178540080)|USER_DEBUG|[120]|DEBUG|######## i: RelatedListServerController:[OwnerID=005B0000001VpZRIA0, OwnerName=Rodrigo Reboucas, ReferralDate=null, ReferralMessage=null, column2=2016-06-22 19:32:16, iconUrl=https://rrlightningout-dev-ed--c.gus.content.force.com/profilephoto/729B00000000GJc/T, mapObjectsFields={testautonumdata__Referral__c={Id, OwnerId, createddate, testautonumdata__Candidate__c}}, recordID=a0TB0000000Z3R2MAK]
09:42:52.127 (178570926)|HEAP_ALLOCATE|[88]|Bytes:5
09:42:52.127 (178593608)|VARIABLE_ASSIGNMENT|[88]|e|null|
09:42:52.127 (178600322)|STATEMENT_EXECUTE|[125]
09:42:52.127 (178605880)|HEAP_ALLOCATE|[125]|Bytes:27
09:42:52.127 (178625385)|ENTERING_MANAGED_PKG|
09:42:52.127 (178712036)|HEAP_ALLOCATE|[125]|Bytes:387
09:42:52.127 (178737709)|HEAP_ALLOCATE|[125]|Bytes:414
09:42:52.127 (178751752)|ENTERING_MANAGED_PKG|
09:42:52.127 (178761061)|USER_DEBUG|[125]|DEBUG|######## lstReturnRecords: (RelatedListServerController:[OwnerID=005B0000001VpZRIA0, OwnerName=Rodrigo Reboucas, ReferralDate=null, ReferralMessage=null, column2=2016-06-22 19:32:16, iconUrl=https://rrlightningout-dev-ed--c.gus.content.force.com/profilephoto/729B00000000GJc/T, mapObjectsFields={testautonumdata__Referral__c={Id, OwnerId, createddate, testautonumdata__Candidate__c}}, recordID=a0TB0000000Z3R2MAK])
09:42:52.127 (178774538)|STATEMENT_EXECUTE|[127]
09:42:52.127 (178793457)|SYSTEM_MODE_EXIT|false
09:42:52.178 (178840739)|CUMULATIVE_LIMIT_USAGE
09:42:52.178 (178840739)|LIMIT_USAGE_FOR_NS|(default)|
  Number of SOQL queries: 0 out of 100
  Number of query rows: 0 out of 50000
  Number of SOSL queries: 0 out of 20
  Number of DML statements: 0 out of 150
  Number of DML rows: 0 out of 10000
  Maximum CPU time: 0 out of 10000
  Maximum heap size: 0 out of 6000000
  Number of callouts: 0 out of 100
  Number of Email Invocations: 0 out of 10
  Number of future calls: 0 out of 50
  Number of queueable jobs added to the queue: 0 out of 50
  Number of Mobile Apex push calls: 0 out of 10

09:42:52.178 (178840739)|LIMIT_USAGE_FOR_NS|testautonumdata|
  Number of SOQL queries: 2 out of 100
  Number of query rows: 2 out of 50000
  Number of SOSL queries: 0 out of 20
  Number of DML statements: 0 out of 150
  Number of DML rows: 0 out of 10000
  Maximum CPU time: 0 out of 10000
  Maximum heap size: 0 out of 6000000
  Number of callouts: 0 out of 100
  Number of Email Invocations: 0 out of 10
  Number of future calls: 0 out of 50
  Number of queueable jobs added to the queue: 0 out of 50
  Number of Mobile Apex push calls: 0 out of 10

09:42:52.178 (178840739)|CUMULATIVE_LIMIT_USAGE_END

09:42:52.180 (180323135)|CODE_UNIT_STARTED|[EXTERNAL]|Aura
