38.0 APEX_CODE,FINEST;APEX_PROFILING,INFO;CALLOUT,INFO;DB,INFO;SYSTEM,DEBUG;VALIDATION,INFO;VISUALFORCE,INFO;WORKFLOW,INFO
12:55:45.0 (105940)|USER_INFO|[EXTERNAL]|005B0000001VpZR|rreboucas-yi5c@force.com|Pacific Standard Time|GMT-07:00
12:55:45.1 (1834396)|CODE_UNIT_STARTED|[EXTERNAL]|01pB0000000rehC|FilesViewerServerController.getListRecords
12:55:45.1 (1895461)|VARIABLE_SCOPE_BEGIN|[3]|FilesViewerServerController.mapObjectsFields|Map<String,Set<String>>|true|true
12:55:45.1 (1956333)|HEAP_ALLOCATE|[EXTERNAL]|Bytes:172
12:55:45.1 (1963865)|HEAP_ALLOCATE|[EXTERNAL]|Bytes:15
12:55:45.1 (1966302)|HEAP_ALLOCATE|[EXTERNAL]|Bytes:20
12:55:45.1 (1984851)|METHOD_ENTRY|[1]|01pB0000000rehC|FilesViewerServerController.FilesViewerServerController()
12:55:45.1 (1989158)|STATEMENT_EXECUTE|[1]
12:55:45.1 (1996282)|STATEMENT_EXECUTE|[1]
12:55:45.1 (2036208)|HEAP_ALLOCATE|[50]|Bytes:5
12:55:45.1 (2062360)|HEAP_ALLOCATE|[56]|Bytes:5
12:55:45.1 (2070854)|HEAP_ALLOCATE|[64]|Bytes:7
12:55:45.1 (2095751)|SYSTEM_MODE_ENTER|false
12:55:45.1 (2115803)|HEAP_ALLOCATE|[3]|Bytes:5
12:55:45.1 (2120003)|STATEMENT_EXECUTE|[3]
12:55:45.1 (2151346)|VARIABLE_ASSIGNMENT|[3]|FilesViewerServerController.mapObjectsFields|null|
12:55:45.1 (2158218)|SYSTEM_MODE_EXIT|false
12:55:45.1 (2171683)|METHOD_EXIT|[1]|FilesViewerServerController
12:55:45.1 (2177318)|HEAP_ALLOCATE|[EXTERNAL]|Bytes:15
12:55:45.1 (2179356)|HEAP_ALLOCATE|[EXTERNAL]|Bytes:1
12:55:45.1 (2184882)|SYSTEM_MODE_ENTER|false
12:55:45.1 (2189723)|VARIABLE_SCOPE_BEGIN|[18]|recordID|String|false|false
12:55:45.1 (2199690)|VARIABLE_ASSIGNMENT|[18]|recordID|"a0MB0000000cQXF"
12:55:45.1 (2202048)|VARIABLE_SCOPE_BEGIN|[18]|rowsLimit|String|false|false
12:55:45.1 (2204893)|VARIABLE_ASSIGNMENT|[18]|rowsLimit|"8"
12:55:45.1 (2218619)|HEAP_ALLOCATE|[20]|Bytes:5
12:55:45.1 (2222485)|STATEMENT_EXECUTE|[18]
12:55:45.1 (2223718)|STATEMENT_EXECUTE|[20]
12:55:45.1 (2226483)|HEAP_ALLOCATE|[20]|Bytes:49
12:55:45.1 (2239278)|HEAP_ALLOCATE|[20]|Bytes:50
12:55:45.1 (2266059)|ENTERING_MANAGED_PKG|
12:55:45.1 (2298183)|USER_DEBUG|[20]|DEBUG|######## FilesViewerServerController: rowsLimit: 8
12:55:45.1 (2306640)|STATEMENT_EXECUTE|[23]
12:55:45.1 (2312743)|HEAP_ALLOCATE|[23]|Bytes:4
12:55:45.1 (2347535)|VARIABLE_ASSIGNMENT|[23]|FilesViewerServerController.mapObjectsFields|{"s":1,"v":{}}|0x2ca39fc3
12:55:45.1 (2350474)|STATEMENT_EXECUTE|[25]
12:55:45.1 (2353887)|HEAP_ALLOCATE|[25]|Bytes:2
12:55:45.1 (2357017)|HEAP_ALLOCATE|[25]|Bytes:19
12:55:45.1 (2456444)|HEAP_ALLOCATE|[25]|Bytes:19
12:55:45.1 (2462086)|HEAP_ALLOCATE|[25]|Bytes:28
12:55:45.1 (2474005)|METHOD_ENTRY|[1]|01pB0000000ljzx|Sparkle_Helper.Sparkle_Helper()
12:55:45.1 (2476743)|STATEMENT_EXECUTE|[1]
12:55:45.1 (2480799)|STATEMENT_EXECUTE|[1]
12:55:45.1 (2486980)|HEAP_ALLOCATE|[25]|Bytes:5
12:55:45.1 (2497427)|METHOD_EXIT|[1]|Sparkle_Helper
12:55:45.1 (2514573)|METHOD_ENTRY|[25]|01pB0000000ljzx|testautonumdata.Sparkle_Helper.AddFieldToObjectsMap(String, String, Map<String,Set<String>>)
12:55:45.1 (2531072)|VARIABLE_SCOPE_BEGIN|[107]|fieldName|String|false|false
12:55:45.1 (2538614)|VARIABLE_ASSIGNMENT|[107]|fieldName|"Id"
12:55:45.1 (2540897)|VARIABLE_SCOPE_BEGIN|[107]|initialObjectName|String|false|false
12:55:45.1 (2544645)|VARIABLE_ASSIGNMENT|[107]|initialObjectName|"ContentDocumentLink"
12:55:45.1 (2546452)|VARIABLE_SCOPE_BEGIN|[107]|theMap|Map<String,Set<String>>|true|false
12:55:45.1 (2558828)|VARIABLE_ASSIGNMENT|[107]|theMap|{"s":1,"v":{}}|0x2ca39fc3
12:55:45.1 (2567021)|HEAP_ALLOCATE|[109]|Bytes:5
12:55:45.1 (2571443)|STATEMENT_EXECUTE|[108]
12:55:45.1 (2574106)|HEAP_ALLOCATE|[109]|Bytes:1
12:55:45.1 (2591924)|ENTERING_MANAGED_PKG|
12:55:45.1 (2634627)|STATEMENT_EXECUTE|[150]
12:55:45.1 (2644832)|METHOD_ENTRY|[150]|01pB0000000ljzx|testautonumdata.Sparkle_Helper.AddFieldToMap(String, String, Map<String,Set<String>>)
12:55:45.1 (2658396)|VARIABLE_SCOPE_BEGIN|[157]|fieldName|String|false|false
12:55:45.1 (2664423)|VARIABLE_ASSIGNMENT|[157]|fieldName|"Id"
12:55:45.1 (2666297)|VARIABLE_SCOPE_BEGIN|[157]|ObjectName|String|false|false
12:55:45.1 (2670219)|VARIABLE_ASSIGNMENT|[157]|ObjectName|"ContentDocumentLink"
12:55:45.1 (2671831)|VARIABLE_SCOPE_BEGIN|[157]|theMap|Map<String,Set<String>>|true|false
12:55:45.1 (2683508)|VARIABLE_ASSIGNMENT|[157]|theMap|{"s":1,"v":{}}|0x2ca39fc3
12:55:45.1 (2691792)|HEAP_ALLOCATE|[160]|Bytes:5
12:55:45.1 (2695912)|STATEMENT_EXECUTE|[158]
12:55:45.1 (2708931)|ENTERING_MANAGED_PKG|
12:55:45.1 (2739380)|STATEMENT_EXECUTE|[167]
12:55:45.1 (2741290)|STATEMENT_EXECUTE|[168]
12:55:45.1 (2781501)|HEAP_ALLOCATE|[168]|Bytes:4
12:55:45.1 (2805890)|ENTERING_MANAGED_PKG|
12:55:45.1 (2832980)|VARIABLE_SCOPE_BEGIN|[168]|newFieldSet|Set<String>|true|false
12:55:45.1 (2867862)|VARIABLE_ASSIGNMENT|[168]|newFieldSet|{"s":1,"v":[]}|0x16f1146d
12:55:45.1 (2871783)|STATEMENT_EXECUTE|[169]
12:55:45.1 (2884114)|ENTERING_MANAGED_PKG|
12:55:45.1 (2910215)|HEAP_ALLOCATE|[EXTERNAL]|Bytes:4
12:55:45.1 (2919532)|STATEMENT_EXECUTE|[170]
12:55:45.1 (2927605)|ENTERING_MANAGED_PKG|
12:55:45.1 (2956200)|HEAP_ALLOCATE|[EXTERNAL]|Bytes:-4
12:55:45.1 (2969987)|METHOD_EXIT|[150]|01pB0000000ljzx|testautonumdata.Sparkle_Helper.AddFieldToMap(String, String, Map<String,Set<String>>)
12:55:45.1 (2976865)|METHOD_EXIT|[25]|01pB0000000ljzx|testautonumdata.Sparkle_Helper.AddFieldToObjectsMap(String, String, Map<String,Set<String>>)
12:55:45.1 (2979746)|STATEMENT_EXECUTE|[27]
12:55:45.1 (3006267)|HEAP_ALLOCATE|[27]|Bytes:4
12:55:45.1 (3080764)|ENTERING_MANAGED_PKG|
12:55:45.1 (3100405)|VARIABLE_SCOPE_BEGIN|[27]|lstReturnRecords|List<testautonumdata.FilesViewerServerController>|true|false
12:55:45.1 (3126468)|HEAP_ALLOCATE|[EXTERNAL]|Bytes:4
12:55:45.1 (3140603)|VARIABLE_ASSIGNMENT|[27]|lstReturnRecords|{"s":1,"v":[]}|0x48bcce8b
12:55:45.1 (3157928)|ENTERING_MANAGED_PKG|
12:55:45.1 (3187278)|STATEMENT_EXECUTE|[29]
12:55:45.1 (3189451)|STATEMENT_EXECUTE|[30]
12:55:45.1 (3207994)|ENTERING_MANAGED_PKG|
12:55:45.1 (3235548)|VARIABLE_SCOPE_BEGIN|[30]|rLimit|Integer|false|false
12:55:45.1 (3240224)|HEAP_ALLOCATE|[30]|Bytes:4
12:55:45.1 (3246873)|VARIABLE_ASSIGNMENT|[30]|rLimit|8
12:55:45.1 (3249305)|STATEMENT_EXECUTE|[31]
12:55:45.1 (3252570)|HEAP_ALLOCATE|[31]|Bytes:46
12:55:45.1 (3266368)|ENTERING_MANAGED_PKG|
12:55:45.1 (3286492)|HEAP_ALLOCATE|[31]|Bytes:1
12:55:45.1 (3299985)|HEAP_ALLOCATE|[31]|Bytes:47
12:55:45.1 (3308887)|ENTERING_MANAGED_PKG|
12:55:45.1 (3315013)|USER_DEBUG|[31]|DEBUG|######## FilesViewerServerController: rLimit: 8
12:55:45.1 (3320746)|STATEMENT_EXECUTE|[35]
12:55:45.1 (3323492)|HEAP_ALLOCATE|[35]|Bytes:252
12:55:45.1 (3327417)|VARIABLE_SCOPE_BEGIN|[35]|soql|String|false|false
12:55:45.1 (3336555)|VARIABLE_ASSIGNMENT|[35]|soql|"select ContentDocume (232 more) ..."
12:55:45.1 (3338465)|STATEMENT_EXECUTE|[38]
12:55:45.1 (3340874)|HEAP_ALLOCATE|[38]|Bytes:26
12:55:45.1 (3354644)|ENTERING_MANAGED_PKG|
12:55:45.1 (3372282)|HEAP_ALLOCATE|[38]|Bytes:15
12:55:45.1 (3382603)|HEAP_ALLOCATE|[38]|Bytes:78
12:55:45.1 (3390211)|HEAP_ALLOCATE|[38]|Bytes:119
12:55:45.1 (3395013)|HEAP_ALLOCATE|[38]|Bytes:371
12:55:45.1 (3402473)|VARIABLE_ASSIGNMENT|[38]|soql|"select ContentDocume (351 more) ..."
12:55:45.1 (3404858)|STATEMENT_EXECUTE|[42]
12:55:45.1 (3407199)|HEAP_ALLOCATE|[42]|Bytes:42
12:55:45.1 (3411577)|HEAP_ALLOCATE|[42]|Bytes:413
12:55:45.1 (3417075)|VARIABLE_ASSIGNMENT|[42]|soql|"select ContentDocume (393 more) ..."
12:55:45.1 (3419368)|STATEMENT_EXECUTE|[45]
12:55:45.1 (3422157)|HEAP_ALLOCATE|[45]|Bytes:7
12:55:45.1 (3431577)|ENTERING_MANAGED_PKG|
12:55:45.1 (3446981)|HEAP_ALLOCATE|[45]|Bytes:1
12:55:45.1 (3459255)|HEAP_ALLOCATE|[45]|Bytes:8
12:55:45.1 (3463923)|HEAP_ALLOCATE|[45]|Bytes:421
12:55:45.1 (3470832)|VARIABLE_ASSIGNMENT|[45]|soql|"select ContentDocume (401 more) ..."
12:55:45.1 (3473015)|STATEMENT_EXECUTE|[47]
12:55:45.1 (3475400)|HEAP_ALLOCATE|[47]|Bytes:17
12:55:45.1 (3483981)|METHOD_ENTRY|[47]|01pB0000000ljzx|testautonumdata.Sparkle_Helper.AddFieldToObjectsMap(String, String, Map<String,Set<String>>)
12:55:45.1 (3496556)|VARIABLE_SCOPE_BEGIN|[107]|fieldName|String|false|false
12:55:45.1 (3501553)|VARIABLE_ASSIGNMENT|[107]|fieldName|"ContentDocumentId"
12:55:45.1 (3503241)|VARIABLE_SCOPE_BEGIN|[107]|initialObjectName|String|false|false
12:55:45.1 (3506121)|VARIABLE_ASSIGNMENT|[107]|initialObjectName|"ContentDocumentLink"
12:55:45.1 (3507772)|VARIABLE_SCOPE_BEGIN|[107]|theMap|Map<String,Set<String>>|true|false
12:55:45.1 (3524781)|VARIABLE_ASSIGNMENT|[107]|theMap|{"s":1,"v":{"ContentDocumentLink":{"s":2,"v":["Id"]}}}|0x2ca39fc3
12:55:45.1 (3533172)|HEAP_ALLOCATE|[109]|Bytes:5
12:55:45.1 (3537439)|STATEMENT_EXECUTE|[108]
12:55:45.1 (3549887)|ENTERING_MANAGED_PKG|
12:55:45.1 (3558017)|STATEMENT_EXECUTE|[150]
12:55:45.1 (3563207)|METHOD_ENTRY|[150]|01pB0000000ljzx|testautonumdata.Sparkle_Helper.AddFieldToMap(String, String, Map<String,Set<String>>)
12:55:45.1 (3566970)|VARIABLE_SCOPE_BEGIN|[157]|fieldName|String|false|false
12:55:45.1 (3572180)|VARIABLE_ASSIGNMENT|[157]|fieldName|"ContentDocumentId"
12:55:45.1 (3573711)|VARIABLE_SCOPE_BEGIN|[157]|ObjectName|String|false|false
12:55:45.1 (3576424)|VARIABLE_ASSIGNMENT|[157]|ObjectName|"ContentDocumentLink"
12:55:45.1 (3577791)|VARIABLE_SCOPE_BEGIN|[157]|theMap|Map<String,Set<String>>|true|false
12:55:45.1 (3592253)|VARIABLE_ASSIGNMENT|[157]|theMap|{"s":1,"v":{"ContentDocumentLink":{"s":2,"v":["Id"]}}}|0x2ca39fc3
12:55:45.1 (3599662)|HEAP_ALLOCATE|[160]|Bytes:5
12:55:45.1 (3603169)|STATEMENT_EXECUTE|[158]
12:55:45.1 (3609579)|ENTERING_MANAGED_PKG|
12:55:45.1 (3615914)|STATEMENT_EXECUTE|[161]
12:55:45.1 (3617397)|STATEMENT_EXECUTE|[162]
12:55:45.1 (3622942)|ENTERING_MANAGED_PKG|
12:55:45.1 (3654891)|VARIABLE_SCOPE_BEGIN|[162]|existingFieldSet|Set<String>|true|false
12:55:45.1 (3669699)|VARIABLE_ASSIGNMENT|[162]|existingFieldSet|{"s":1,"v":["Id"]}|0x16f1146d
12:55:45.1 (3672822)|STATEMENT_EXECUTE|[163]
12:55:45.1 (3680053)|ENTERING_MANAGED_PKG|
12:55:45.1 (3705725)|HEAP_ALLOCATE|[EXTERNAL]|Bytes:4
12:55:45.1 (3714469)|STATEMENT_EXECUTE|[164]
12:55:45.1 (3721373)|ENTERING_MANAGED_PKG|
12:55:45.1 (3758062)|METHOD_EXIT|[150]|01pB0000000ljzx|testautonumdata.Sparkle_Helper.AddFieldToMap(String, String, Map<String,Set<String>>)
12:55:45.1 (3764598)|METHOD_EXIT|[47]|01pB0000000ljzx|testautonumdata.Sparkle_Helper.AddFieldToObjectsMap(String, String, Map<String,Set<String>>)
12:55:45.1 (3767418)|STATEMENT_EXECUTE|[48]
12:55:45.1 (3770962)|HEAP_ALLOCATE|[48]|Bytes:21
12:55:45.1 (3779214)|METHOD_ENTRY|[48]|01pB0000000ljzx|testautonumdata.Sparkle_Helper.AddFieldToObjectsMap(String, String, Map<String,Set<String>>)
12:55:45.1 (3791445)|VARIABLE_SCOPE_BEGIN|[107]|fieldName|String|false|false
12:55:45.1 (3798571)|VARIABLE_ASSIGNMENT|[107]|fieldName|"contentdocument.titl (1 more) ..."
12:55:45.1 (3804297)|VARIABLE_SCOPE_BEGIN|[107]|initialObjectName|String|false|false
12:55:45.1 (3807336)|VARIABLE_ASSIGNMENT|[107]|initialObjectName|"ContentDocumentLink"
12:55:45.1 (3808857)|VARIABLE_SCOPE_BEGIN|[107]|theMap|Map<String,Set<String>>|true|false
12:55:45.1 (3825602)|VARIABLE_ASSIGNMENT|[107]|theMap|{"s":1,"v":{"ContentDocumentLink":{"s":2,"v":["Id","ContentDocumentId"]}}}|0x2ca39fc3
12:55:45.1 (3834491)|HEAP_ALLOCATE|[109]|Bytes:5
12:55:45.1 (3838405)|STATEMENT_EXECUTE|[108]
12:55:45.1 (3851129)|ENTERING_MANAGED_PKG|
12:55:45.1 (3859054)|STATEMENT_EXECUTE|[110]
12:55:45.1 (3860424)|STATEMENT_EXECUTE|[111]
12:55:45.1 (3871330)|ENTERING_MANAGED_PKG|
12:55:45.1 (3896466)|HEAP_ALLOCATE|[111]|Bytes:15
12:55:45.1 (3908234)|VARIABLE_SCOPE_BEGIN|[111]|relName1|String|false|false
12:55:45.1 (3915433)|VARIABLE_ASSIGNMENT|[111]|relName1|"contentdocument"
12:55:45.1 (3918149)|STATEMENT_EXECUTE|[112]
12:55:45.1 (3929943)|ENTERING_MANAGED_PKG|
12:55:45.1 (3951699)|HEAP_ALLOCATE|[112]|Bytes:5
12:55:45.1 (3963030)|VARIABLE_SCOPE_BEGIN|[112]|relField1|String|false|false
12:55:45.1 (3969792)|VARIABLE_ASSIGNMENT|[112]|relField1|"title"
12:55:45.1 (3979369)|ENTERING_MANAGED_PKG|
12:55:45.1 (4006468)|STATEMENT_EXECUTE|[132]
12:55:45.1 (4012502)|HEAP_ALLOCATE|[134]|Bytes:3
12:55:45.1 (4025974)|ENTERING_MANAGED_PKG|
12:55:45.1 (4053951)|STATEMENT_EXECUTE|[141]
12:55:45.1 (4062875)|METHOD_EXIT|[48]|01pB0000000ljzx|testautonumdata.Sparkle_Helper.AddFieldToObjectsMap(String, String, Map<String,Set<String>>)
12:55:45.1 (4065751)|STATEMENT_EXECUTE|[49]
12:55:45.1 (4068889)|HEAP_ALLOCATE|[49]|Bytes:24
12:55:45.1 (4076783)|METHOD_ENTRY|[49]|01pB0000000ljzx|testautonumdata.Sparkle_Helper.AddFieldToObjectsMap(String, String, Map<String,Set<String>>)
12:55:45.1 (4088448)|VARIABLE_SCOPE_BEGIN|[107]|fieldName|String|false|false
12:55:45.1 (4095278)|VARIABLE_ASSIGNMENT|[107]|fieldName|"contentdocument.file (4 more) ..."
12:55:45.1 (4097021)|VARIABLE_SCOPE_BEGIN|[107]|initialObjectName|String|false|false
12:55:45.1 (4099819)|VARIABLE_ASSIGNMENT|[107]|initialObjectName|"ContentDocumentLink"
12:55:45.1 (4101152)|VARIABLE_SCOPE_BEGIN|[107]|theMap|Map<String,Set<String>>|true|false
12:55:45.1 (4117875)|VARIABLE_ASSIGNMENT|[107]|theMap|{"s":1,"v":{"ContentDocumentLink":{"s":2,"v":["Id","ContentDocumentId"]}}}|0x2ca39fc3
12:55:45.1 (4125994)|HEAP_ALLOCATE|[109]|Bytes:5
12:55:45.1 (4129695)|STATEMENT_EXECUTE|[108]
12:55:45.1 (4141705)|ENTERING_MANAGED_PKG|
12:55:45.1 (4149150)|STATEMENT_EXECUTE|[110]
12:55:45.1 (4150431)|STATEMENT_EXECUTE|[111]
12:55:45.1 (4156756)|ENTERING_MANAGED_PKG|
12:55:45.1 (4159813)|HEAP_ALLOCATE|[111]|Bytes:15
12:55:45.1 (4167518)|VARIABLE_SCOPE_BEGIN|[111]|relName1|String|false|false
12:55:45.1 (4173461)|VARIABLE_ASSIGNMENT|[111]|relName1|"contentdocument"
12:55:45.1 (4175977)|STATEMENT_EXECUTE|[112]
12:55:45.1 (4183525)|ENTERING_MANAGED_PKG|
12:55:45.1 (4186713)|HEAP_ALLOCATE|[112]|Bytes:8
12:55:45.1 (4194038)|VARIABLE_SCOPE_BEGIN|[112]|relField1|String|false|false
12:55:45.1 (4198555)|VARIABLE_ASSIGNMENT|[112]|relField1|"filetype"
12:55:45.1 (4205614)|ENTERING_MANAGED_PKG|
12:55:45.1 (4212304)|STATEMENT_EXECUTE|[132]
12:55:45.1 (4218437)|ENTERING_MANAGED_PKG|
12:55:45.1 (4224428)|STATEMENT_EXECUTE|[141]
12:55:45.1 (4231593)|METHOD_EXIT|[49]|01pB0000000ljzx|testautonumdata.Sparkle_Helper.AddFieldToObjectsMap(String, String, Map<String,Set<String>>)
12:55:45.1 (4233958)|STATEMENT_EXECUTE|[50]
12:55:45.1 (4236496)|HEAP_ALLOCATE|[50]|Bytes:27
12:55:45.1 (4243357)|METHOD_ENTRY|[50]|01pB0000000ljzx|testautonumdata.Sparkle_Helper.AddFieldToObjectsMap(String, String, Map<String,Set<String>>)
12:55:45.1 (4255183)|VARIABLE_SCOPE_BEGIN|[107]|fieldName|String|false|false
12:55:45.1 (4261428)|VARIABLE_ASSIGNMENT|[107]|fieldName|"contentdocument.crea (7 more) ..."
12:55:45.1 (4263175)|VARIABLE_SCOPE_BEGIN|[107]|initialObjectName|String|false|false
12:55:45.1 (4266069)|VARIABLE_ASSIGNMENT|[107]|initialObjectName|"ContentDocumentLink"
12:55:45.1 (4267438)|VARIABLE_SCOPE_BEGIN|[107]|theMap|Map<String,Set<String>>|true|false
12:55:45.1 (4283758)|VARIABLE_ASSIGNMENT|[107]|theMap|{"s":1,"v":{"ContentDocumentLink":{"s":2,"v":["Id","ContentDocumentId"]}}}|0x2ca39fc3
12:55:45.1 (4291318)|HEAP_ALLOCATE|[109]|Bytes:5
12:55:45.1 (4294777)|STATEMENT_EXECUTE|[108]
12:55:45.1 (4306548)|ENTERING_MANAGED_PKG|
12:55:45.1 (4314079)|STATEMENT_EXECUTE|[110]
12:55:45.1 (4315341)|STATEMENT_EXECUTE|[111]
12:55:45.1 (4321605)|ENTERING_MANAGED_PKG|
12:55:45.1 (4324602)|HEAP_ALLOCATE|[111]|Bytes:15
12:55:45.1 (4332196)|VARIABLE_SCOPE_BEGIN|[111]|relName1|String|false|false
12:55:45.1 (4338067)|VARIABLE_ASSIGNMENT|[111]|relName1|"contentdocument"
12:55:45.1 (4340203)|STATEMENT_EXECUTE|[112]
12:55:45.1 (4347376)|ENTERING_MANAGED_PKG|
12:55:45.1 (4350398)|HEAP_ALLOCATE|[112]|Bytes:11
12:55:45.1 (4357393)|VARIABLE_SCOPE_BEGIN|[112]|relField1|String|false|false
12:55:45.1 (4361996)|VARIABLE_ASSIGNMENT|[112]|relField1|"createddate"
12:55:45.1 (4369010)|ENTERING_MANAGED_PKG|
12:55:45.1 (4375683)|STATEMENT_EXECUTE|[132]
12:55:45.1 (4381771)|ENTERING_MANAGED_PKG|
12:55:45.1 (4388017)|STATEMENT_EXECUTE|[141]
12:55:45.1 (4395003)|METHOD_EXIT|[50]|01pB0000000ljzx|testautonumdata.Sparkle_Helper.AddFieldToObjectsMap(String, String, Map<String,Set<String>>)
12:55:45.1 (4397672)|STATEMENT_EXECUTE|[51]
12:55:45.1 (4400272)|HEAP_ALLOCATE|[51]|Bytes:29
12:55:45.1 (4407076)|METHOD_ENTRY|[51]|01pB0000000ljzx|testautonumdata.Sparkle_Helper.AddFieldToObjectsMap(String, String, Map<String,Set<String>>)
12:55:45.1 (4419153)|VARIABLE_SCOPE_BEGIN|[107]|fieldName|String|false|false
12:55:45.1 (4425281)|VARIABLE_ASSIGNMENT|[107]|fieldName|"contentdocument.file (9 more) ..."
12:55:45.1 (4426932)|VARIABLE_SCOPE_BEGIN|[107]|initialObjectName|String|false|false
12:55:45.1 (4429789)|VARIABLE_ASSIGNMENT|[107]|initialObjectName|"ContentDocumentLink"
12:55:45.1 (4431121)|VARIABLE_SCOPE_BEGIN|[107]|theMap|Map<String,Set<String>>|true|false
12:55:45.1 (4446265)|VARIABLE_ASSIGNMENT|[107]|theMap|{"s":1,"v":{"ContentDocumentLink":{"s":2,"v":["Id","ContentDocumentId"]}}}|0x2ca39fc3
12:55:45.1 (4454059)|HEAP_ALLOCATE|[109]|Bytes:5
12:55:45.1 (4457704)|STATEMENT_EXECUTE|[108]
12:55:45.1 (4469662)|ENTERING_MANAGED_PKG|
12:55:45.1 (4477140)|STATEMENT_EXECUTE|[110]
12:55:45.1 (4478423)|STATEMENT_EXECUTE|[111]
12:55:45.1 (4484681)|ENTERING_MANAGED_PKG|
12:55:45.1 (4487746)|HEAP_ALLOCATE|[111]|Bytes:15
12:55:45.1 (4495515)|VARIABLE_SCOPE_BEGIN|[111]|relName1|String|false|false
12:55:45.1 (4501596)|VARIABLE_ASSIGNMENT|[111]|relName1|"contentdocument"
12:55:45.1 (4503710)|STATEMENT_EXECUTE|[112]
12:55:45.1 (4514604)|ENTERING_MANAGED_PKG|
12:55:45.1 (4517909)|HEAP_ALLOCATE|[112]|Bytes:13
12:55:45.1 (4525145)|VARIABLE_SCOPE_BEGIN|[112]|relField1|String|false|false
12:55:45.1 (4529914)|VARIABLE_ASSIGNMENT|[112]|relField1|"fileextension"
12:55:45.1 (4536851)|ENTERING_MANAGED_PKG|
12:55:45.1 (4543754)|STATEMENT_EXECUTE|[132]
12:55:45.1 (4549678)|ENTERING_MANAGED_PKG|
12:55:45.1 (4555563)|STATEMENT_EXECUTE|[141]
12:55:45.1 (4562630)|METHOD_EXIT|[51]|01pB0000000ljzx|testautonumdata.Sparkle_Helper.AddFieldToObjectsMap(String, String, Map<String,Set<String>>)
12:55:45.1 (4565293)|STATEMENT_EXECUTE|[52]
12:55:45.1 (4567914)|HEAP_ALLOCATE|[52]|Bytes:27
12:55:45.1 (4574733)|METHOD_ENTRY|[52]|01pB0000000ljzx|testautonumdata.Sparkle_Helper.AddFieldToObjectsMap(String, String, Map<String,Set<String>>)
12:55:45.1 (4586749)|VARIABLE_SCOPE_BEGIN|[107]|fieldName|String|false|false
12:55:45.1 (4592852)|VARIABLE_ASSIGNMENT|[107]|fieldName|"contentdocument.cont (7 more) ..."
12:55:45.1 (4594577)|VARIABLE_SCOPE_BEGIN|[107]|initialObjectName|String|false|false
12:55:45.1 (4597269)|VARIABLE_ASSIGNMENT|[107]|initialObjectName|"ContentDocumentLink"
12:55:45.1 (4598770)|VARIABLE_SCOPE_BEGIN|[107]|theMap|Map<String,Set<String>>|true|false
12:55:45.1 (4614074)|VARIABLE_ASSIGNMENT|[107]|theMap|{"s":1,"v":{"ContentDocumentLink":{"s":2,"v":["Id","ContentDocumentId"]}}}|0x2ca39fc3
12:55:45.1 (4621733)|HEAP_ALLOCATE|[109]|Bytes:5
12:55:45.1 (4625272)|STATEMENT_EXECUTE|[108]
12:55:45.1 (4637193)|ENTERING_MANAGED_PKG|
12:55:45.1 (4644648)|STATEMENT_EXECUTE|[110]
12:55:45.1 (4646006)|STATEMENT_EXECUTE|[111]
12:55:45.1 (4652152)|ENTERING_MANAGED_PKG|
12:55:45.1 (4655154)|HEAP_ALLOCATE|[111]|Bytes:15
12:55:45.1 (4662857)|VARIABLE_SCOPE_BEGIN|[111]|relName1|String|false|false
12:55:45.1 (4668808)|VARIABLE_ASSIGNMENT|[111]|relName1|"contentdocument"
12:55:45.1 (4671047)|STATEMENT_EXECUTE|[112]
12:55:45.1 (4678246)|ENTERING_MANAGED_PKG|
12:55:45.1 (4681247)|HEAP_ALLOCATE|[112]|Bytes:11
12:55:45.1 (4688399)|VARIABLE_SCOPE_BEGIN|[112]|relField1|String|false|false
12:55:45.1 (4692879)|VARIABLE_ASSIGNMENT|[112]|relField1|"contentsize"
12:55:45.1 (4700234)|ENTERING_MANAGED_PKG|
12:55:45.1 (4706898)|STATEMENT_EXECUTE|[132]
12:55:45.1 (4712729)|ENTERING_MANAGED_PKG|
12:55:45.1 (4718809)|STATEMENT_EXECUTE|[141]
12:55:45.1 (4725761)|METHOD_EXIT|[52]|01pB0000000ljzx|testautonumdata.Sparkle_Helper.AddFieldToObjectsMap(String, String, Map<String,Set<String>>)
12:55:45.1 (4728708)|STATEMENT_EXECUTE|[53]
12:55:45.1 (4731540)|HEAP_ALLOCATE|[53]|Bytes:9
12:55:45.1 (4738243)|METHOD_ENTRY|[53]|01pB0000000ljzx|testautonumdata.Sparkle_Helper.AddFieldToObjectsMap(String, String, Map<String,Set<String>>)
12:55:45.1 (4750020)|VARIABLE_SCOPE_BEGIN|[107]|fieldName|String|false|false
12:55:45.1 (4755133)|VARIABLE_ASSIGNMENT|[107]|fieldName|"IsDeleted"
12:55:45.1 (4756818)|VARIABLE_SCOPE_BEGIN|[107]|initialObjectName|String|false|false
12:55:45.1 (4759420)|VARIABLE_ASSIGNMENT|[107]|initialObjectName|"ContentDocumentLink"
12:55:45.1 (4760751)|VARIABLE_SCOPE_BEGIN|[107]|theMap|Map<String,Set<String>>|true|false
12:55:45.1 (4776040)|VARIABLE_ASSIGNMENT|[107]|theMap|{"s":1,"v":{"ContentDocumentLink":{"s":2,"v":["Id","ContentDocumentId"]}}}|0x2ca39fc3
12:55:45.1 (4783624)|HEAP_ALLOCATE|[109]|Bytes:5
12:55:45.1 (4787061)|STATEMENT_EXECUTE|[108]
12:55:45.1 (4798921)|ENTERING_MANAGED_PKG|
12:55:45.1 (4811096)|STATEMENT_EXECUTE|[150]
12:55:45.1 (4816252)|METHOD_ENTRY|[150]|01pB0000000ljzx|testautonumdata.Sparkle_Helper.AddFieldToMap(String, String, Map<String,Set<String>>)
12:55:45.1 (4819904)|VARIABLE_SCOPE_BEGIN|[157]|fieldName|String|false|false
12:55:45.1 (4825264)|VARIABLE_ASSIGNMENT|[157]|fieldName|"IsDeleted"
12:55:45.1 (4826825)|VARIABLE_SCOPE_BEGIN|[157]|ObjectName|String|false|false
12:55:45.1 (4829572)|VARIABLE_ASSIGNMENT|[157]|ObjectName|"ContentDocumentLink"
12:55:45.1 (4831016)|VARIABLE_SCOPE_BEGIN|[157]|theMap|Map<String,Set<String>>|true|false
12:55:45.1 (4846145)|VARIABLE_ASSIGNMENT|[157]|theMap|{"s":1,"v":{"ContentDocumentLink":{"s":2,"v":["Id","ContentDocumentId"]}}}|0x2ca39fc3
12:55:45.1 (4853580)|HEAP_ALLOCATE|[160]|Bytes:5
12:55:45.1 (4857185)|STATEMENT_EXECUTE|[158]
12:55:45.1 (4863755)|ENTERING_MANAGED_PKG|
12:55:45.1 (4869920)|STATEMENT_EXECUTE|[161]
12:55:45.1 (4871055)|STATEMENT_EXECUTE|[162]
12:55:45.1 (4874387)|ENTERING_MANAGED_PKG|
12:55:45.1 (4884048)|VARIABLE_SCOPE_BEGIN|[162]|existingFieldSet|Set<String>|true|false
12:55:45.1 (4896326)|VARIABLE_ASSIGNMENT|[162]|existingFieldSet|{"s":1,"v":["Id","ContentDocumentId"]}|0x16f1146d
12:55:45.1 (4899089)|STATEMENT_EXECUTE|[163]
12:55:45.1 (4904423)|ENTERING_MANAGED_PKG|
12:55:45.1 (4910502)|HEAP_ALLOCATE|[EXTERNAL]|Bytes:4
12:55:45.1 (4916720)|STATEMENT_EXECUTE|[164]
12:55:45.1 (4920742)|ENTERING_MANAGED_PKG|
12:55:45.1 (4938092)|METHOD_EXIT|[150]|01pB0000000ljzx|testautonumdata.Sparkle_Helper.AddFieldToMap(String, String, Map<String,Set<String>>)
12:55:45.1 (4943668)|METHOD_EXIT|[53]|01pB0000000ljzx|testautonumdata.Sparkle_Helper.AddFieldToObjectsMap(String, String, Map<String,Set<String>>)
12:55:45.1 (4946220)|STATEMENT_EXECUTE|[54]
12:55:45.1 (4949415)|HEAP_ALLOCATE|[54]|Bytes:14
12:55:45.1 (4956735)|METHOD_ENTRY|[54]|01pB0000000ljzx|testautonumdata.Sparkle_Helper.AddFieldToObjectsMap(String, String, Map<String,Set<String>>)
12:55:45.1 (4968627)|VARIABLE_SCOPE_BEGIN|[107]|fieldName|String|false|false
12:55:45.1 (4974455)|VARIABLE_ASSIGNMENT|[107]|fieldName|"LinkedEntityId"
12:55:45.1 (4976119)|VARIABLE_SCOPE_BEGIN|[107]|initialObjectName|String|false|false
12:55:45.1 (4978986)|VARIABLE_ASSIGNMENT|[107]|initialObjectName|"ContentDocumentLink"
12:55:45.1 (4980373)|VARIABLE_SCOPE_BEGIN|[107]|theMap|Map<String,Set<String>>|true|false
12:55:45.1 (4996406)|VARIABLE_ASSIGNMENT|[107]|theMap|{"s":1,"v":{"ContentDocumentLink":{"s":2,"v":["Id","ContentDocumentId","IsDeleted"]}}}|0x2ca39fc3
12:55:45.1 (5004267)|HEAP_ALLOCATE|[109]|Bytes:5
12:55:45.1 (5008847)|STATEMENT_EXECUTE|[108]
12:55:45.1 (5022910)|ENTERING_MANAGED_PKG|
12:55:45.1 (5031142)|STATEMENT_EXECUTE|[150]
12:55:45.1 (5036563)|METHOD_ENTRY|[150]|01pB0000000ljzx|testautonumdata.Sparkle_Helper.AddFieldToMap(String, String, Map<String,Set<String>>)
12:55:45.1 (5040020)|VARIABLE_SCOPE_BEGIN|[157]|fieldName|String|false|false
12:55:45.1 (5045284)|VARIABLE_ASSIGNMENT|[157]|fieldName|"LinkedEntityId"
12:55:45.1 (5046820)|VARIABLE_SCOPE_BEGIN|[157]|ObjectName|String|false|false
12:55:45.1 (5049601)|VARIABLE_ASSIGNMENT|[157]|ObjectName|"ContentDocumentLink"
12:55:45.1 (5050987)|VARIABLE_SCOPE_BEGIN|[157]|theMap|Map<String,Set<String>>|true|false
12:55:45.1 (5066331)|VARIABLE_ASSIGNMENT|[157]|theMap|{"s":1,"v":{"ContentDocumentLink":{"s":2,"v":["Id","ContentDocumentId","IsDeleted"]}}}|0x2ca39fc3
12:55:45.1 (5073790)|HEAP_ALLOCATE|[160]|Bytes:5
12:55:45.1 (5077330)|STATEMENT_EXECUTE|[158]
12:55:45.1 (5083322)|ENTERING_MANAGED_PKG|
12:55:45.1 (5089288)|STATEMENT_EXECUTE|[161]
12:55:45.1 (5090384)|STATEMENT_EXECUTE|[162]
12:55:45.1 (5093613)|ENTERING_MANAGED_PKG|
12:55:45.1 (5102773)|VARIABLE_SCOPE_BEGIN|[162]|existingFieldSet|Set<String>|true|false
12:55:45.1 (5114845)|VARIABLE_ASSIGNMENT|[162]|existingFieldSet|{"s":1,"v":["Id","ContentDocumentId","IsDeleted"]}|0x16f1146d
12:55:45.1 (5117885)|STATEMENT_EXECUTE|[163]
12:55:45.1 (5122890)|ENTERING_MANAGED_PKG|
12:55:45.1 (5128510)|HEAP_ALLOCATE|[EXTERNAL]|Bytes:4
12:55:45.1 (5134854)|STATEMENT_EXECUTE|[164]
12:55:45.1 (5138663)|ENTERING_MANAGED_PKG|
12:55:45.1 (5155983)|METHOD_EXIT|[150]|01pB0000000ljzx|testautonumdata.Sparkle_Helper.AddFieldToMap(String, String, Map<String,Set<String>>)
12:55:45.1 (5161488)|METHOD_EXIT|[54]|01pB0000000ljzx|testautonumdata.Sparkle_Helper.AddFieldToObjectsMap(String, String, Map<String,Set<String>>)
12:55:45.1 (5164050)|STATEMENT_EXECUTE|[55]
12:55:45.1 (5167276)|HEAP_ALLOCATE|[55]|Bytes:9
12:55:45.1 (5174537)|METHOD_ENTRY|[55]|01pB0000000ljzx|testautonumdata.Sparkle_Helper.AddFieldToObjectsMap(String, String, Map<String,Set<String>>)
12:55:45.1 (5186294)|VARIABLE_SCOPE_BEGIN|[107]|fieldName|String|false|false
12:55:45.1 (5192055)|VARIABLE_ASSIGNMENT|[107]|fieldName|"ShareType"
12:55:45.1 (5193654)|VARIABLE_SCOPE_BEGIN|[107]|initialObjectName|String|false|false
12:55:45.1 (5196385)|VARIABLE_ASSIGNMENT|[107]|initialObjectName|"ContentDocumentLink"
12:55:45.1 (5197820)|VARIABLE_SCOPE_BEGIN|[107]|theMap|Map<String,Set<String>>|true|false
12:55:45.1 (5214196)|VARIABLE_ASSIGNMENT|[107]|theMap|{"s":1,"v":{"ContentDocumentLink":{"s":2,"v":["Id","ContentDocumentId","IsDeleted","LinkedEntityId"]}}}|0x2ca39fc3
12:55:45.1 (5222093)|HEAP_ALLOCATE|[109]|Bytes:5
12:55:45.1 (5225689)|STATEMENT_EXECUTE|[108]
12:55:45.1 (5237809)|ENTERING_MANAGED_PKG|
12:55:45.1 (5245901)|STATEMENT_EXECUTE|[150]
12:55:45.1 (5250491)|METHOD_ENTRY|[150]|01pB0000000ljzx|testautonumdata.Sparkle_Helper.AddFieldToMap(String, String, Map<String,Set<String>>)
12:55:45.1 (5253692)|VARIABLE_SCOPE_BEGIN|[157]|fieldName|String|false|false
12:55:45.1 (5258542)|VARIABLE_ASSIGNMENT|[157]|fieldName|"ShareType"
12:55:45.1 (5260071)|VARIABLE_SCOPE_BEGIN|[157]|ObjectName|String|false|false
12:55:45.1 (5262686)|VARIABLE_ASSIGNMENT|[157]|ObjectName|"ContentDocumentLink"
12:55:45.1 (5264021)|VARIABLE_SCOPE_BEGIN|[157]|theMap|Map<String,Set<String>>|true|false
12:55:45.1 (5279014)|VARIABLE_ASSIGNMENT|[157]|theMap|{"s":1,"v":{"ContentDocumentLink":{"s":2,"v":["Id","ContentDocumentId","IsDeleted","LinkedEntityId"]}}}|0x2ca39fc3
12:55:45.1 (5286069)|HEAP_ALLOCATE|[160]|Bytes:5
12:55:45.1 (5289398)|STATEMENT_EXECUTE|[158]
12:55:45.1 (5295105)|ENTERING_MANAGED_PKG|
12:55:45.1 (5300855)|STATEMENT_EXECUTE|[161]
12:55:45.1 (5302048)|STATEMENT_EXECUTE|[162]
12:55:45.1 (5305303)|ENTERING_MANAGED_PKG|
12:55:45.1 (5314173)|VARIABLE_SCOPE_BEGIN|[162]|existingFieldSet|Set<String>|true|false
12:55:45.1 (5326608)|VARIABLE_ASSIGNMENT|[162]|existingFieldSet|{"s":1,"v":["Id","ContentDocumentId","IsDeleted","LinkedEntityId"]}|0x16f1146d
12:55:45.1 (5330026)|STATEMENT_EXECUTE|[163]
12:55:45.1 (5335023)|ENTERING_MANAGED_PKG|
12:55:45.1 (5340608)|HEAP_ALLOCATE|[EXTERNAL]|Bytes:4
12:55:45.1 (5346577)|STATEMENT_EXECUTE|[164]
12:55:45.1 (5350437)|ENTERING_MANAGED_PKG|
12:55:45.1 (5367034)|METHOD_EXIT|[150]|01pB0000000ljzx|testautonumdata.Sparkle_Helper.AddFieldToMap(String, String, Map<String,Set<String>>)
12:55:45.1 (5372715)|METHOD_EXIT|[55]|01pB0000000ljzx|testautonumdata.Sparkle_Helper.AddFieldToObjectsMap(String, String, Map<String,Set<String>>)
12:55:45.1 (5375498)|STATEMENT_EXECUTE|[56]
12:55:45.1 (5378851)|HEAP_ALLOCATE|[56]|Bytes:14
12:55:45.1 (5385911)|METHOD_ENTRY|[56]|01pB0000000ljzx|testautonumdata.Sparkle_Helper.AddFieldToObjectsMap(String, String, Map<String,Set<String>>)
12:55:45.1 (5398371)|VARIABLE_SCOPE_BEGIN|[107]|fieldName|String|false|false
12:55:45.1 (5404322)|VARIABLE_ASSIGNMENT|[107]|fieldName|"SystemModstamp"
12:55:45.1 (5405951)|VARIABLE_SCOPE_BEGIN|[107]|initialObjectName|String|false|false
12:55:45.1 (5408699)|VARIABLE_ASSIGNMENT|[107]|initialObjectName|"ContentDocumentLink"
12:55:45.1 (5410175)|VARIABLE_SCOPE_BEGIN|[107]|theMap|Map<String,Set<String>>|true|false
12:55:45.1 (5426893)|VARIABLE_ASSIGNMENT|[107]|theMap|{"s":1,"v":{"ContentDocumentLink":{"s":2,"v":["Id","ContentDocumentId","IsDeleted","LinkedEntityId","ShareType"]}}}|0x2ca39fc3
12:55:45.1 (5435072)|HEAP_ALLOCATE|[109]|Bytes:5
12:55:45.1 (5438499)|STATEMENT_EXECUTE|[108]
12:55:45.1 (5450593)|ENTERING_MANAGED_PKG|
12:55:45.1 (5458158)|STATEMENT_EXECUTE|[150]
12:55:45.1 (5463054)|METHOD_ENTRY|[150]|01pB0000000ljzx|testautonumdata.Sparkle_Helper.AddFieldToMap(String, String, Map<String,Set<String>>)
12:55:45.1 (5466152)|VARIABLE_SCOPE_BEGIN|[157]|fieldName|String|false|false
12:55:45.1 (5471114)|VARIABLE_ASSIGNMENT|[157]|fieldName|"SystemModstamp"
12:55:45.1 (5472644)|VARIABLE_SCOPE_BEGIN|[157]|ObjectName|String|false|false
12:55:45.1 (5475316)|VARIABLE_ASSIGNMENT|[157]|ObjectName|"ContentDocumentLink"
12:55:45.1 (5476859)|VARIABLE_SCOPE_BEGIN|[157]|theMap|Map<String,Set<String>>|true|false
12:55:45.1 (5492217)|VARIABLE_ASSIGNMENT|[157]|theMap|{"s":1,"v":{"ContentDocumentLink":{"s":2,"v":["Id","ContentDocumentId","IsDeleted","LinkedEntityId","ShareType"]}}}|0x2ca39fc3
12:55:45.1 (5499432)|HEAP_ALLOCATE|[160]|Bytes:5
12:55:45.1 (5502739)|STATEMENT_EXECUTE|[158]
12:55:45.1 (5508659)|ENTERING_MANAGED_PKG|
12:55:45.1 (5514379)|STATEMENT_EXECUTE|[161]
12:55:45.1 (5515473)|STATEMENT_EXECUTE|[162]
12:55:45.1 (5518665)|ENTERING_MANAGED_PKG|
12:55:45.1 (5527948)|VARIABLE_SCOPE_BEGIN|[162]|existingFieldSet|Set<String>|true|false
12:55:45.1 (5540635)|VARIABLE_ASSIGNMENT|[162]|existingFieldSet|{"s":1,"v":["Id","ContentDocumentId","IsDeleted","LinkedEntityId","ShareType"]}|0x16f1146d
12:55:45.1 (5543785)|STATEMENT_EXECUTE|[163]
12:55:45.1 (5548685)|ENTERING_MANAGED_PKG|
12:55:45.1 (5554082)|HEAP_ALLOCATE|[EXTERNAL]|Bytes:4
12:55:45.1 (5559829)|STATEMENT_EXECUTE|[164]
12:55:45.1 (5563785)|ENTERING_MANAGED_PKG|
12:55:45.1 (5580299)|METHOD_EXIT|[150]|01pB0000000ljzx|testautonumdata.Sparkle_Helper.AddFieldToMap(String, String, Map<String,Set<String>>)
12:55:45.1 (5585780)|METHOD_EXIT|[56]|01pB0000000ljzx|testautonumdata.Sparkle_Helper.AddFieldToObjectsMap(String, String, Map<String,Set<String>>)
12:55:45.1 (5588510)|STATEMENT_EXECUTE|[57]
12:55:45.1 (5591515)|HEAP_ALLOCATE|[57]|Bytes:10
12:55:45.1 (5598897)|METHOD_ENTRY|[57]|01pB0000000ljzx|testautonumdata.Sparkle_Helper.AddFieldToObjectsMap(String, String, Map<String,Set<String>>)
12:55:45.1 (5610730)|VARIABLE_SCOPE_BEGIN|[107]|fieldName|String|false|false
12:55:45.1 (5616483)|VARIABLE_ASSIGNMENT|[107]|fieldName|"Visibility"
12:55:45.1 (5618197)|VARIABLE_SCOPE_BEGIN|[107]|initialObjectName|String|false|false
12:55:45.1 (5620886)|VARIABLE_ASSIGNMENT|[107]|initialObjectName|"ContentDocumentLink"
12:55:45.1 (5622250)|VARIABLE_SCOPE_BEGIN|[107]|theMap|Map<String,Set<String>>|true|false
12:55:45.1 (5640069)|VARIABLE_ASSIGNMENT|[107]|theMap|{"s":1,"v":{"ContentDocumentLink":{"s":2,"v":"List of size 6 too large to display"}}}|0x2ca39fc3
12:55:45.1 (5648044)|HEAP_ALLOCATE|[109]|Bytes:5
12:55:45.1 (5651527)|STATEMENT_EXECUTE|[108]
12:55:45.1 (5663725)|ENTERING_MANAGED_PKG|
12:55:45.1 (5671230)|STATEMENT_EXECUTE|[150]
12:55:45.1 (5675950)|METHOD_ENTRY|[150]|01pB0000000ljzx|testautonumdata.Sparkle_Helper.AddFieldToMap(String, String, Map<String,Set<String>>)
12:55:45.1 (5679427)|VARIABLE_SCOPE_BEGIN|[157]|fieldName|String|false|false
12:55:45.1 (5684241)|VARIABLE_ASSIGNMENT|[157]|fieldName|"Visibility"
12:55:45.1 (5685674)|VARIABLE_SCOPE_BEGIN|[157]|ObjectName|String|false|false
12:55:45.1 (5688251)|VARIABLE_ASSIGNMENT|[157]|ObjectName|"ContentDocumentLink"
12:55:45.1 (5689500)|VARIABLE_SCOPE_BEGIN|[157]|theMap|Map<String,Set<String>>|true|false
12:55:45.1 (5704830)|VARIABLE_ASSIGNMENT|[157]|theMap|{"s":1,"v":{"ContentDocumentLink":{"s":2,"v":"List of size 6 too large to display"}}}|0x2ca39fc3
12:55:45.1 (5711801)|HEAP_ALLOCATE|[160]|Bytes:5
12:55:45.1 (5715152)|STATEMENT_EXECUTE|[158]
12:55:45.1 (5721261)|ENTERING_MANAGED_PKG|
12:55:45.1 (5726949)|STATEMENT_EXECUTE|[161]
12:55:45.1 (5728390)|STATEMENT_EXECUTE|[162]
12:55:45.1 (5731740)|ENTERING_MANAGED_PKG|
12:55:45.1 (5740551)|VARIABLE_SCOPE_BEGIN|[162]|existingFieldSet|Set<String>|true|false
12:55:45.1 (5752213)|VARIABLE_ASSIGNMENT|[162]|existingFieldSet|{"s":1,"v":"List of size 6 too large to display"}|0x16f1146d
12:55:45.1 (5755083)|STATEMENT_EXECUTE|[163]
12:55:45.1 (5760045)|ENTERING_MANAGED_PKG|
12:55:45.1 (5765193)|HEAP_ALLOCATE|[EXTERNAL]|Bytes:4
12:55:45.1 (5771274)|STATEMENT_EXECUTE|[164]
12:55:45.1 (5775362)|ENTERING_MANAGED_PKG|
12:55:45.1 (5791932)|METHOD_EXIT|[150]|01pB0000000ljzx|testautonumdata.Sparkle_Helper.AddFieldToMap(String, String, Map<String,Set<String>>)
12:55:45.1 (5797682)|METHOD_EXIT|[57]|01pB0000000ljzx|testautonumdata.Sparkle_Helper.AddFieldToObjectsMap(String, String, Map<String,Set<String>>)
12:55:45.1 (5804063)|STATEMENT_EXECUTE|[58]
12:55:45.1 (5807527)|HEAP_ALLOCATE|[58]|Bytes:26
12:55:45.1 (5815332)|METHOD_ENTRY|[58]|01pB0000000ljzx|testautonumdata.Sparkle_Helper.AddFieldToObjectsMap(String, String, Map<String,Set<String>>)
12:55:45.1 (5827240)|VARIABLE_SCOPE_BEGIN|[107]|fieldName|String|false|false
12:55:45.1 (5834026)|VARIABLE_ASSIGNMENT|[107]|fieldName|"contentdocument.isAr (6 more) ..."
12:55:45.1 (5835731)|VARIABLE_SCOPE_BEGIN|[107]|initialObjectName|String|false|false
12:55:45.1 (5838490)|VARIABLE_ASSIGNMENT|[107]|initialObjectName|"ContentDocumentLink"
12:55:45.1 (5840044)|VARIABLE_SCOPE_BEGIN|[107]|theMap|Map<String,Set<String>>|true|false
12:55:45.1 (5856309)|VARIABLE_ASSIGNMENT|[107]|theMap|{"s":1,"v":{"ContentDocumentLink":{"s":2,"v":"List of size 7 too large to display"}}}|0x2ca39fc3
12:55:45.1 (5863839)|HEAP_ALLOCATE|[109]|Bytes:5
12:55:45.1 (5867505)|STATEMENT_EXECUTE|[108]
12:55:45.1 (5879833)|ENTERING_MANAGED_PKG|
12:55:45.1 (5887272)|STATEMENT_EXECUTE|[110]
12:55:45.1 (5888579)|STATEMENT_EXECUTE|[111]
12:55:45.1 (5894818)|ENTERING_MANAGED_PKG|
12:55:45.1 (5897867)|HEAP_ALLOCATE|[111]|Bytes:15
12:55:45.1 (5905320)|VARIABLE_SCOPE_BEGIN|[111]|relName1|String|false|false
12:55:45.1 (5911193)|VARIABLE_ASSIGNMENT|[111]|relName1|"contentdocument"
12:55:45.1 (5913324)|STATEMENT_EXECUTE|[112]
12:55:45.1 (5920556)|ENTERING_MANAGED_PKG|
12:55:45.1 (5923591)|HEAP_ALLOCATE|[112]|Bytes:10
12:55:45.1 (5930714)|VARIABLE_SCOPE_BEGIN|[112]|relField1|String|false|false
12:55:45.1 (5935247)|VARIABLE_ASSIGNMENT|[112]|relField1|"isArchived"
12:55:45.1 (5942084)|ENTERING_MANAGED_PKG|
12:55:45.1 (5948763)|STATEMENT_EXECUTE|[132]
12:55:45.1 (5955081)|ENTERING_MANAGED_PKG|
12:55:45.1 (5961044)|STATEMENT_EXECUTE|[141]
12:55:45.1 (5967948)|METHOD_EXIT|[58]|01pB0000000ljzx|testautonumdata.Sparkle_Helper.AddFieldToObjectsMap(String, String, Map<String,Set<String>>)
12:55:45.1 (5970617)|STATEMENT_EXECUTE|[59]
12:55:45.1 (5973209)|HEAP_ALLOCATE|[59]|Bytes:25
12:55:45.1 (5980118)|METHOD_ENTRY|[59]|01pB0000000ljzx|testautonumdata.Sparkle_Helper.AddFieldToObjectsMap(String, String, Map<String,Set<String>>)
12:55:45.1 (5991698)|VARIABLE_SCOPE_BEGIN|[107]|fieldName|String|false|false
12:55:45.1 (5997896)|VARIABLE_ASSIGNMENT|[107]|fieldName|"contentdocument.isDe (5 more) ..."
12:55:45.1 (5999579)|VARIABLE_SCOPE_BEGIN|[107]|initialObjectName|String|false|false
12:55:45.1 (6002230)|VARIABLE_ASSIGNMENT|[107]|initialObjectName|"ContentDocumentLink"
12:55:45.1 (6004382)|VARIABLE_SCOPE_BEGIN|[107]|theMap|Map<String,Set<String>>|true|false
12:55:45.1 (6023349)|VARIABLE_ASSIGNMENT|[107]|theMap|{"s":1,"v":{"ContentDocumentLink":{"s":2,"v":"List of size 7 too large to display"}}}|0x2ca39fc3
12:55:45.1 (6031410)|HEAP_ALLOCATE|[109]|Bytes:5
12:55:45.1 (6034995)|STATEMENT_EXECUTE|[108]
12:55:45.1 (6047299)|ENTERING_MANAGED_PKG|
12:55:45.1 (6054732)|STATEMENT_EXECUTE|[110]
12:55:45.1 (6056075)|STATEMENT_EXECUTE|[111]
12:55:45.1 (6062239)|ENTERING_MANAGED_PKG|
12:55:45.1 (6065608)|HEAP_ALLOCATE|[111]|Bytes:15
12:55:45.1 (6073142)|VARIABLE_SCOPE_BEGIN|[111]|relName1|String|false|false
12:55:45.1 (6079122)|VARIABLE_ASSIGNMENT|[111]|relName1|"contentdocument"
12:55:45.1 (6081296)|STATEMENT_EXECUTE|[112]
12:55:45.1 (6088474)|ENTERING_MANAGED_PKG|
12:55:45.1 (6091534)|HEAP_ALLOCATE|[112]|Bytes:9
12:55:45.1 (6098714)|VARIABLE_SCOPE_BEGIN|[112]|relField1|String|false|false
12:55:45.1 (6103246)|VARIABLE_ASSIGNMENT|[112]|relField1|"isDeleted"
12:55:45.1 (6110087)|ENTERING_MANAGED_PKG|
12:55:45.1 (6116785)|STATEMENT_EXECUTE|[132]
12:55:45.1 (6122755)|ENTERING_MANAGED_PKG|
12:55:45.1 (6128721)|STATEMENT_EXECUTE|[141]
12:55:45.1 (6135600)|METHOD_EXIT|[59]|01pB0000000ljzx|testautonumdata.Sparkle_Helper.AddFieldToObjectsMap(String, String, Map<String,Set<String>>)
12:55:45.1 (6137985)|STATEMENT_EXECUTE|[66]
12:55:45.1 (6140425)|HEAP_ALLOCATE|[66]|Bytes:45
12:55:45.1 (6146249)|HEAP_ALLOCATE|[66]|Bytes:466
12:55:45.1 (6154126)|ENTERING_MANAGED_PKG|
12:55:45.1 (6171414)|USER_DEBUG|[66]|DEBUG|######## FilesViewerServerController - soql: select ContentDocumentId, contentdocument.title, contentdocument.filetype, contentdocument.createddate, contentdocument.fileextension, contentdocument.contentsize, Id,IsDeleted,LinkedEntityId,ShareType,SystemModstamp,Visibility FROM ContentDocumentLink where LinkedEntityId  = 'a0MB0000000cQXF' and contentdocument.isArchived = false and contentdocument.isDeleted = false order by contentdocument.createddate desc limit 8
12:55:45.1 (6180942)|STATEMENT_EXECUTE|[68]
12:55:45.1 (6199766)|ENTERING_MANAGED_PKG|
12:55:45.1 (6219180)|HEAP_ALLOCATE|[68]|Bytes:4
12:55:45.1 (17734513)|SOQL_EXECUTE_BEGIN|[68]|Aggregations:0|select ContentDocumentId, contentdocument.title, contentdocument.filetype, contentdocument.createddate, contentdocument.fileextension, contentdocument.contentsize, Id,IsDeleted,LinkedEntityId,ShareType,SystemModstamp,Visibility FROM ContentDocumentLink where LinkedEntityId  = 'a0MB0000000cQXF' and contentdocument.isArchived = false and contentdocument.isDeleted = false order by contentdocument.createddate desc limit 8
12:55:45.1 (27786471)|SOQL_EXECUTE_END|[68]|Rows:2
12:55:45.1 (27824284)|HEAP_ALLOCATE|[68]|Bytes:12
12:55:45.1 (27852590)|HEAP_ALLOCATE|[68]|Bytes:735
12:55:45.1 (27950904)|HEAP_ALLOCATE|[68]|Bytes:12
12:55:45.1 (27976500)|VARIABLE_SCOPE_BEGIN|[68]|lstQueriedRecords|List<SObject>|true|false
12:55:45.1 (28206564)|VARIABLE_ASSIGNMENT|[68]|lstQueriedRecords|{"s":1,"v":[{"s":2,"v":{"ContentDocumentId":"069B0000000zbmmIAA","Id":"06AB0000000xmryMAA","IsDeleted":false,"LinkedEntityId":"a0MB0000000cQXFMA2","ShareType":"V","SystemModstamp":"2016-05-23T15:46:04.000Z","Visibility":"InternalUsers","entityTypeName":"Custom Object Record","ContentDocument":{"s":3,"v":{"Title":"ResumeTemplate 1","FileType":"WORD","CreatedDate":"2016-05-23T15:46:04.000Z","FileExtension":"doc","ContentSize":29696,"Id":"069B0000000zbmmIAA"}}}},{"s":4,"v":{"ContentDocumentId":"069B0000000zbmhIAA","Id":"06AB0000000xmrtMAA","IsDeleted":false,"LinkedEntityId":"a0MB0000000cQXFMA2","ShareType":"V","SystemModstamp":"2016-05-23T15:46:04.000Z","Visibility":"InternalUsers","entityTypeName":"Custom Object Record","ContentDocument":{"s":5,"v":{"Title":"ResumeTemplate 1","FileType":"PDF","CreatedDate":"2016-05-23T15:46:03.000Z","FileExtension":"pdf","ContentSize":48077,"Id":"069B0000000zbmhIAA"}}}}]}|0x49fdceea
12:55:45.1 (28219738)|STATEMENT_EXECUTE|[70]
12:55:45.1 (28227541)|HEAP_ALLOCATE|[70]|Bytes:59
12:55:45.1 (28256414)|ENTERING_MANAGED_PKG|
12:55:45.1 (28394358)|HEAP_ALLOCATE|[70]|Bytes:420
12:55:45.1 (28414542)|HEAP_ALLOCATE|[70]|Bytes:479
12:55:45.1 (28429562)|ENTERING_MANAGED_PKG|
12:55:45.1 (28439719)|USER_DEBUG|[70]|DEBUG|######## FilesViewerServerController -  lstQueriedRecords: (ContentDocumentLink:{ContentDocumentId=069B0000000zbmmIAA, Id=06AB0000000xmryMAA, IsDeleted=false, LinkedEntityId=a0MB0000000cQXFMA2, ShareType=V, SystemModstamp=2016-05-23 15:46:04, Visibility=InternalUsers}, ContentDocumentLink:{ContentDocumentId=069B0000000zbmhIAA, Id=06AB0000000xmrtMAA, IsDeleted=false, LinkedEntityId=a0MB0000000cQXFMA2, ShareType=V, SystemModstamp=2016-05-23 15:46:04, Visibility=InternalUsers})
12:55:45.1 (28464242)|METHOD_ENTRY|[74]|01pB0000000ljzx|testautonumdata.Sparkle_Helper.UserHasAccessToObjectsAndFields(Map<String,Set<String>>)
12:55:45.1 (28488745)|VARIABLE_SCOPE_BEGIN|[175]|theMap|Map<String,Set<String>>|true|false
12:55:45.1 (28517957)|VARIABLE_ASSIGNMENT|[175]|theMap|{"s":1,"v":{"ContentDocumentLink":{"s":2,"v":"List of size 7 too large to display"}}}|0x2ca39fc3
12:55:45.1 (28534626)|HEAP_ALLOCATE|[177]|Bytes:5
12:55:45.1 (28539277)|STATEMENT_EXECUTE|[176]
12:55:45.1 (28540895)|STATEMENT_EXECUTE|[177]
12:55:45.1 (28546090)|VARIABLE_SCOPE_BEGIN|[177]|hasAccess|Boolean|false|false
12:55:45.1 (28549674)|HEAP_ALLOCATE|[177]|Bytes:5
12:55:45.1 (28554919)|VARIABLE_ASSIGNMENT|[177]|hasAccess|true
12:55:45.1 (28567535)|ENTERING_MANAGED_PKG|
12:55:45.1 (28596559)|STATEMENT_EXECUTE|[180]
12:55:45.1 (28598353)|STATEMENT_EXECUTE|[181]
12:55:45.1 (28601848)|HEAP_ALLOCATE|[181]|Bytes:17
12:55:45.1 (28617550)|ENTERING_MANAGED_PKG|
12:55:45.1 (28651008)|HEAP_ALLOCATE|[181]|Bytes:111
12:55:45.1 (28665471)|HEAP_ALLOCATE|[181]|Bytes:128
12:55:45.1 (28674138)|ENTERING_MANAGED_PKG|
12:55:45.1 (28680576)|USER_DEBUG|[181]|DEBUG|######## theMap: {ContentDocumentLink={ContentDocumentId, Id, IsDeleted, LinkedEntityId, ShareType, SystemModstamp, Visibility}}
12:55:45.1 (28695294)|HEAP_ALLOCATE|[182]|Bytes:4
12:55:45.1 (28712381)|ENTERING_MANAGED_PKG|
12:55:45.1 (28738099)|ENTERING_MANAGED_PKG|
12:55:45.1 (28754415)|HEAP_ALLOCATE|[182]|Bytes:27
12:55:45.1 (28772723)|ENTERING_MANAGED_PKG|
12:55:45.1 (28778204)|HEAP_ALLOCATE|[182]|Bytes:4
12:55:45.1 (28785941)|ENTERING_MANAGED_PKG|
12:55:45.1 (28882548)|HEAP_ALLOCATE|[182]|Bytes:5
12:55:45.1 (28901534)|VARIABLE_SCOPE_BEGIN|[182]|objectName|String|false|false
12:55:45.1 (28910402)|VARIABLE_ASSIGNMENT|[182]|objectName|"ContentDocumentLink"
12:55:45.1 (28913907)|STATEMENT_EXECUTE|[183]
12:55:45.1 (28915144)|STATEMENT_EXECUTE|[184]
12:55:45.1 (28918335)|HEAP_ALLOCATE|[184]|Bytes:21
12:55:45.1 (28925107)|HEAP_ALLOCATE|[184]|Bytes:40
12:55:45.1 (28933923)|ENTERING_MANAGED_PKG|
12:55:45.1 (28954501)|USER_DEBUG|[184]|DEBUG|######## objectName: ContentDocumentLink
12:55:45.1 (28961384)|STATEMENT_EXECUTE|[185]
12:55:45.1 (28977659)|ENTERING_MANAGED_PKG|
12:55:45.1 (42895528)|HEAP_ALLOCATE|[185]|Bytes:1648
12:55:45.1 (42927097)|ENTERING_MANAGED_PKG|
12:55:45.1 (42989136)|HEAP_ALLOCATE|[185]|Bytes:4
12:55:45.1 (42999181)|VARIABLE_SCOPE_BEGIN|[185]|sObj|SObject|true|false
12:55:45.1 (43018631)|VARIABLE_ASSIGNMENT|[185]|sObj|{}|0x26a82ae9
12:55:45.1 (43024427)|STATEMENT_EXECUTE|[186]
12:55:45.1 (43054073)|ENTERING_MANAGED_PKG|
12:55:45.1 (43331072)|HEAP_ALLOCATE|[186]|Bytes:4
12:55:45.1 (43595826)|HEAP_ALLOCATE|[186]|Bytes:32
12:55:45.1 (43605795)|VARIABLE_SCOPE_BEGIN|[186]|m|Map<String,Schema.SObjectField>|true|false
12:55:45.1 (43834138)|VARIABLE_ASSIGNMENT|[186]|m|"{contentdocumentid=ContentDocumentId, id=Id, isdeleted=IsDeleted, linkedentityid=LinkedEntityId, sharetype=ShareType, systemmodstamp=SystemModstamp, visibility=Visibility}"|0x6f03074c
12:55:45.1 (43840112)|STATEMENT_EXECUTE|[187]
12:55:45.1 (43851608)|ENTERING_MANAGED_PKG|
12:55:45.1 (43890402)|VARIABLE_SCOPE_BEGIN|[187]|objectFieldSet|Set<String>|true|false
12:55:45.1 (43911955)|VARIABLE_ASSIGNMENT|[187]|objectFieldSet|{"s":1,"v":"List of size 7 too large to display"}|0x16f1146d
12:55:45.1 (43920912)|HEAP_ALLOCATE|[189]|Bytes:4
12:55:45.1 (43934539)|ENTERING_MANAGED_PKG|
12:55:45.1 (43957736)|ENTERING_MANAGED_PKG|
12:55:45.1 (43965287)|HEAP_ALLOCATE|[189]|Bytes:28
12:55:45.1 (43972699)|ENTERING_MANAGED_PKG|
12:55:45.1 (43989958)|HEAP_ALLOCATE|[189]|Bytes:5
12:55:45.1 (44005604)|VARIABLE_SCOPE_BEGIN|[189]|fieldToCheck|String|false|false
12:55:45.1 (44015819)|VARIABLE_ASSIGNMENT|[189]|fieldToCheck|"Id"
12:55:45.1 (44019824)|STATEMENT_EXECUTE|[189]
12:55:45.1 (44021372)|STATEMENT_EXECUTE|[190]
12:55:45.1 (44025085)|HEAP_ALLOCATE|[190]|Bytes:23
12:55:45.1 (44032851)|HEAP_ALLOCATE|[190]|Bytes:25
12:55:45.1 (44043139)|ENTERING_MANAGED_PKG|
12:55:45.1 (44062978)|USER_DEBUG|[190]|DEBUG|######## fieldToCheck: Id
12:55:45.1 (44077799)|ENTERING_MANAGED_PKG|
12:55:45.1 (44330068)|HEAP_ALLOCATE|[192]|Bytes:8
12:55:45.1 (44356369)|STATEMENT_EXECUTE|[192]
12:55:45.1 (44358596)|STATEMENT_EXECUTE|[199]
12:55:45.1 (44361710)|HEAP_ALLOCATE|[199]|Bytes:35
12:55:45.1 (44369176)|HEAP_ALLOCATE|[199]|Bytes:37
12:55:45.1 (44378317)|ENTERING_MANAGED_PKG|
12:55:45.1 (44395687)|USER_DEBUG|[199]|DEBUG|######## User has access to field: Id
12:55:45.1 (44411755)|HEAP_ALLOCATE|[189]|Bytes:5
12:55:45.1 (44423815)|VARIABLE_SCOPE_BEGIN|[189]|fieldToCheck|String|false|false
12:55:45.1 (44431987)|VARIABLE_ASSIGNMENT|[189]|fieldToCheck|"ContentDocumentId"
12:55:45.1 (44435089)|STATEMENT_EXECUTE|[189]
12:55:45.1 (44436213)|STATEMENT_EXECUTE|[190]
12:55:45.1 (44442031)|HEAP_ALLOCATE|[190]|Bytes:40
12:55:45.1 (44448943)|ENTERING_MANAGED_PKG|
12:55:45.1 (44454669)|USER_DEBUG|[190]|DEBUG|######## fieldToCheck: ContentDocumentId
12:55:45.1 (44462827)|ENTERING_MANAGED_PKG|
12:55:45.1 (44625913)|HEAP_ALLOCATE|[192]|Bytes:8
12:55:45.1 (44640481)|STATEMENT_EXECUTE|[192]
12:55:45.1 (44642303)|STATEMENT_EXECUTE|[199]
12:55:45.1 (44648042)|HEAP_ALLOCATE|[199]|Bytes:52
12:55:45.1 (44655584)|ENTERING_MANAGED_PKG|
12:55:45.1 (44662178)|USER_DEBUG|[199]|DEBUG|######## User has access to field: ContentDocumentId
12:55:45.1 (44675376)|HEAP_ALLOCATE|[189]|Bytes:5
12:55:45.1 (44686601)|VARIABLE_SCOPE_BEGIN|[189]|fieldToCheck|String|false|false
12:55:45.1 (44694345)|VARIABLE_ASSIGNMENT|[189]|fieldToCheck|"IsDeleted"
12:55:45.1 (44697266)|STATEMENT_EXECUTE|[189]
12:55:45.1 (44698326)|STATEMENT_EXECUTE|[190]
12:55:45.1 (44703176)|HEAP_ALLOCATE|[190]|Bytes:32
12:55:45.1 (44709393)|ENTERING_MANAGED_PKG|
12:55:45.1 (44714864)|USER_DEBUG|[190]|DEBUG|######## fieldToCheck: IsDeleted
12:55:45.1 (44723163)|ENTERING_MANAGED_PKG|
12:55:45.1 (44836435)|HEAP_ALLOCATE|[192]|Bytes:8
12:55:45.1 (44850582)|STATEMENT_EXECUTE|[192]
12:55:45.1 (44852510)|STATEMENT_EXECUTE|[199]
12:55:45.1 (44858102)|HEAP_ALLOCATE|[199]|Bytes:44
12:55:45.1 (44866213)|ENTERING_MANAGED_PKG|
12:55:45.1 (44873067)|USER_DEBUG|[199]|DEBUG|######## User has access to field: IsDeleted
12:55:45.1 (44886547)|HEAP_ALLOCATE|[189]|Bytes:5
12:55:45.1 (44897446)|VARIABLE_SCOPE_BEGIN|[189]|fieldToCheck|String|false|false
12:55:45.1 (44905513)|VARIABLE_ASSIGNMENT|[189]|fieldToCheck|"LinkedEntityId"
12:55:45.1 (44908412)|STATEMENT_EXECUTE|[189]
12:55:45.1 (44909428)|STATEMENT_EXECUTE|[190]
12:55:45.1 (44914194)|HEAP_ALLOCATE|[190]|Bytes:37
12:55:45.1 (44920399)|ENTERING_MANAGED_PKG|
12:55:45.1 (44925746)|USER_DEBUG|[190]|DEBUG|######## fieldToCheck: LinkedEntityId
12:55:45.1 (44933562)|ENTERING_MANAGED_PKG|
12:55:45.1 (47634155)|HEAP_ALLOCATE|[192]|Bytes:8
12:55:45.1 (47650800)|STATEMENT_EXECUTE|[192]
12:55:45.1 (47652847)|STATEMENT_EXECUTE|[199]
12:55:45.1 (47659322)|HEAP_ALLOCATE|[199]|Bytes:49
12:55:45.1 (47667594)|ENTERING_MANAGED_PKG|
12:55:45.1 (47674372)|USER_DEBUG|[199]|DEBUG|######## User has access to field: LinkedEntityId
12:55:45.1 (47688352)|HEAP_ALLOCATE|[189]|Bytes:5
12:55:45.1 (47700298)|VARIABLE_SCOPE_BEGIN|[189]|fieldToCheck|String|false|false
12:55:45.1 (47708644)|VARIABLE_ASSIGNMENT|[189]|fieldToCheck|"ShareType"
12:55:45.1 (47711741)|STATEMENT_EXECUTE|[189]
12:55:45.1 (47712839)|STATEMENT_EXECUTE|[190]
12:55:45.1 (47717838)|HEAP_ALLOCATE|[190]|Bytes:32
12:55:45.1 (47724537)|ENTERING_MANAGED_PKG|
12:55:45.1 (47730040)|USER_DEBUG|[190]|DEBUG|######## fieldToCheck: ShareType
12:55:45.1 (47738126)|ENTERING_MANAGED_PKG|
12:55:45.1 (47857899)|HEAP_ALLOCATE|[192]|Bytes:8
12:55:45.1 (47872467)|STATEMENT_EXECUTE|[192]
12:55:45.1 (47874228)|STATEMENT_EXECUTE|[199]
12:55:45.1 (47879785)|HEAP_ALLOCATE|[199]|Bytes:44
12:55:45.1 (47886944)|ENTERING_MANAGED_PKG|
12:55:45.1 (47893410)|USER_DEBUG|[199]|DEBUG|######## User has access to field: ShareType
12:55:45.1 (47907133)|HEAP_ALLOCATE|[189]|Bytes:5
12:55:45.1 (47918118)|VARIABLE_SCOPE_BEGIN|[189]|fieldToCheck|String|false|false
12:55:45.1 (47925988)|VARIABLE_ASSIGNMENT|[189]|fieldToCheck|"SystemModstamp"
12:55:45.1 (47928990)|STATEMENT_EXECUTE|[189]
12:55:45.1 (47930043)|STATEMENT_EXECUTE|[190]
12:55:45.1 (47934872)|HEAP_ALLOCATE|[190]|Bytes:37
12:55:45.1 (47941342)|ENTERING_MANAGED_PKG|
12:55:45.1 (47946728)|USER_DEBUG|[190]|DEBUG|######## fieldToCheck: SystemModstamp
12:55:45.1 (47954711)|ENTERING_MANAGED_PKG|
12:55:45.1 (48065246)|HEAP_ALLOCATE|[192]|Bytes:8
12:55:45.1 (48079897)|STATEMENT_EXECUTE|[192]
12:55:45.1 (48081744)|STATEMENT_EXECUTE|[199]
12:55:45.1 (48087227)|HEAP_ALLOCATE|[199]|Bytes:49
12:55:45.1 (48094329)|ENTERING_MANAGED_PKG|
12:55:45.1 (48100581)|USER_DEBUG|[199]|DEBUG|######## User has access to field: SystemModstamp
12:55:45.1 (48113286)|HEAP_ALLOCATE|[189]|Bytes:5
12:55:45.1 (48124455)|VARIABLE_SCOPE_BEGIN|[189]|fieldToCheck|String|false|false
12:55:45.1 (48132459)|VARIABLE_ASSIGNMENT|[189]|fieldToCheck|"Visibility"
12:55:45.1 (48135452)|STATEMENT_EXECUTE|[189]
12:55:45.1 (48136517)|STATEMENT_EXECUTE|[190]
12:55:45.1 (48141190)|HEAP_ALLOCATE|[190]|Bytes:33
12:55:45.1 (48147451)|ENTERING_MANAGED_PKG|
12:55:45.1 (48152661)|USER_DEBUG|[190]|DEBUG|######## fieldToCheck: Visibility
12:55:45.1 (48160387)|ENTERING_MANAGED_PKG|
12:55:45.1 (48268777)|HEAP_ALLOCATE|[192]|Bytes:8
12:55:45.1 (48282520)|STATEMENT_EXECUTE|[192]
12:55:45.1 (48284320)|STATEMENT_EXECUTE|[199]
12:55:45.1 (48289677)|HEAP_ALLOCATE|[199]|Bytes:45
12:55:45.1 (48296503)|ENTERING_MANAGED_PKG|
12:55:45.1 (48302795)|USER_DEBUG|[199]|DEBUG|######## User has access to field: Visibility
12:55:45.1 (48315872)|HEAP_ALLOCATE|[189]|Bytes:5
12:55:45.1 (48327667)|VARIABLE_ASSIGNMENT|[189]|fieldToCheck|null
12:55:45.1 (48336299)|HEAP_ALLOCATE|[182]|Bytes:5
12:55:45.1 (48344543)|VARIABLE_ASSIGNMENT|[182]|objectName|null
12:55:45.1 (48348097)|STATEMENT_EXECUTE|[206]
12:55:45.1 (48351021)|HEAP_ALLOCATE|[206]|Bytes:5
12:55:45.1 (48364844)|METHOD_EXIT|[74]|01pB0000000ljzx|testautonumdata.Sparkle_Helper.UserHasAccessToObjectsAndFields(Map<String,Set<String>>)
12:55:45.1 (48369504)|STATEMENT_EXECUTE|[75]
12:55:45.1 (48436461)|ENTERING_MANAGED_PKG|
12:55:45.1 (48562929)|HEAP_ALLOCATE|[77]|Bytes:5
12:55:45.1 (48594027)|HEAP_ALLOCATE|[77]|Bytes:40
12:55:45.1 (48612363)|VARIABLE_SCOPE_BEGIN|[77]|e|SObject|true|false
12:55:45.1 (48747473)|VARIABLE_ASSIGNMENT|[77]|e|{"s":1,"v":{"ContentDocumentId":"069B0000000zbmmIAA","Id":"06AB0000000xmryMAA","IsDeleted":false,"LinkedEntityId":"a0MB0000000cQXFMA2","ShareType":"V","SystemModstamp":"2016-05-23T15:46:04.000Z","Visibility":"InternalUsers","entityTypeName":"Custom Object Record","ContentDocument":{"s":2,"v":{"Title":"ResumeTemplate 1","FileType":"WORD","CreatedDate":"2016-05-23T15:46:04.000Z","FileExtension":"doc","ContentSize":29696,"Id":"069B0000000zbmmIAA"}}}}|0x6827a953
12:55:45.1 (48754333)|STATEMENT_EXECUTE|[78]
12:55:45.1 (48755775)|STATEMENT_EXECUTE|[79]
12:55:45.1 (48760031)|HEAP_ALLOCATE|[79]|Bytes:12
12:55:45.1 (48778854)|ENTERING_MANAGED_PKG|
12:55:45.1 (48870036)|HEAP_ALLOCATE|[79]|Bytes:208
12:55:45.1 (48887981)|HEAP_ALLOCATE|[79]|Bytes:220
12:55:45.1 (48897563)|ENTERING_MANAGED_PKG|
12:55:45.1 (48903996)|USER_DEBUG|[79]|DEBUG|######## e: ContentDocumentLink:{ContentDocumentId=069B0000000zbmmIAA, Id=06AB0000000xmryMAA, IsDeleted=false, LinkedEntityId=a0MB0000000cQXFMA2, ShareType=V, SystemModstamp=2016-05-23 15:46:04, Visibility=InternalUsers}
12:55:45.1 (48910334)|STATEMENT_EXECUTE|[80]
12:55:45.1 (48917875)|HEAP_ALLOCATE|[80]|Bytes:24
12:55:45.1 (48934541)|CONSTRUCTOR_ENTRY|[80]|01pB0000000rehC|<init>()
12:55:45.1 (48952234)|VARIABLE_SCOPE_BEGIN|[1]|this|testautonumdata.FilesViewerServerController|true|false
12:55:45.1 (48987864)|VARIABLE_ASSIGNMENT|[1]|this|{}|0x5425e8c1
12:55:45.1 (48996920)|HEAP_ALLOCATE|[EXTERNAL]|Bytes:5
12:55:45.1 (49011526)|HEAP_ALLOCATE|[EXTERNAL]|Bytes:6
12:55:45.1 (49047281)|STATEMENT_EXECUTE|[1]
12:55:45.1 (49052136)|HEAP_ALLOCATE|[EXTERNAL]|Bytes:5
12:55:45.1 (49054539)|STATEMENT_EXECUTE|[6]
12:55:45.1 (49055765)|STATEMENT_EXECUTE|[8]
12:55:45.1 (49056700)|STATEMENT_EXECUTE|[10]
12:55:45.1 (49057741)|STATEMENT_EXECUTE|[12]
12:55:45.1 (49058586)|STATEMENT_EXECUTE|[14]
12:55:45.1 (49068779)|CONSTRUCTOR_EXIT|[80]|01pB0000000rehC|<init>()
12:55:45.1 (49072875)|VARIABLE_SCOPE_BEGIN|[80]|i|testautonumdata.FilesViewerServerController|true|false
12:55:45.1 (49091614)|VARIABLE_ASSIGNMENT|[80]|i|{}|0x5425e8c1
12:55:45.1 (49094226)|STATEMENT_EXECUTE|[83]
12:55:45.1 (49106810)|METHOD_ENTRY|[83]|01pB0000000ljzx|testautonumdata.Sparkle_Helper.GetSobjectField(SObject, String)
12:55:45.1 (49121241)|VARIABLE_SCOPE_BEGIN|[78]|e|SObject|true|false
12:55:45.1 (49217121)|VARIABLE_ASSIGNMENT|[78]|e|{"s":1,"v":{"ContentDocumentId":"069B0000000zbmmIAA","Id":"06AB0000000xmryMAA","IsDeleted":false,"LinkedEntityId":"a0MB0000000cQXFMA2","ShareType":"V","SystemModstamp":"2016-05-23T15:46:04.000Z","Visibility":"InternalUsers","entityTypeName":"Custom Object Record","ContentDocument":{"s":2,"v":{"Title":"ResumeTemplate 1","FileType":"WORD","CreatedDate":"2016-05-23T15:46:04.000Z","FileExtension":"doc","ContentSize":29696,"Id":"069B0000000zbmmIAA"}}}}|0x6827a953
12:55:45.1 (49222841)|VARIABLE_SCOPE_BEGIN|[78]|lcfield|String|false|false
12:55:45.1 (49227694)|VARIABLE_ASSIGNMENT|[78]|lcfield|"ContentDocumentId"
12:55:45.1 (49237762)|HEAP_ALLOCATE|[81]|Bytes:5
12:55:45.1 (49242810)|STATEMENT_EXECUTE|[79]
12:55:45.1 (49244073)|STATEMENT_EXECUTE|[81]
12:55:45.1 (49249187)|VARIABLE_SCOPE_BEGIN|[81]|returnValue|String|false|false
12:55:45.1 (49253985)|VARIABLE_ASSIGNMENT|[81]|returnValue|""
12:55:45.1 (49269843)|ENTERING_MANAGED_PKG|
12:55:45.1 (49307166)|STATEMENT_EXECUTE|[98]
12:55:45.1 (49320410)|ENTERING_MANAGED_PKG|
12:55:45.1 (49370964)|HEAP_ALLOCATE|[98]|Bytes:4
12:55:45.1 (49389968)|ENTERING_MANAGED_PKG|
12:55:45.1 (49394330)|HEAP_ALLOCATE|[98]|Bytes:18
12:55:45.1 (49406358)|VARIABLE_ASSIGNMENT|[98]|returnValue|"069B0000000zbmmIAA"
12:55:45.1 (49409613)|STATEMENT_EXECUTE|[100]
12:55:45.1 (49417490)|METHOD_EXIT|[83]|01pB0000000ljzx|testautonumdata.Sparkle_Helper.GetSobjectField(SObject, String)
12:55:45.1 (49445052)|VARIABLE_ASSIGNMENT|[EXTERNAL]|this|{}|0x5425e8c1
12:55:45.1 (49450756)|VARIABLE_ASSIGNMENT|[EXTERNAL]|value|"069B0000000zbmmIAA"
12:55:45.1 (49460182)|VARIABLE_ASSIGNMENT|[6]|this.fileID|"069B0000000zbmmIAA"|0x5425e8c1
12:55:45.1 (49465948)|STATEMENT_EXECUTE|[84]
12:55:45.1 (49469625)|HEAP_ALLOCATE|[84]|Bytes:21
12:55:45.1 (49476890)|METHOD_ENTRY|[84]|01pB0000000ljzx|testautonumdata.Sparkle_Helper.GetSobjectField(SObject, String)
12:55:45.1 (49490373)|VARIABLE_SCOPE_BEGIN|[78]|e|SObject|true|false
12:55:45.1 (49593272)|VARIABLE_ASSIGNMENT|[78]|e|{"s":1,"v":{"ContentDocumentId":"069B0000000zbmmIAA","Id":"06AB0000000xmryMAA","IsDeleted":false,"LinkedEntityId":"a0MB0000000cQXFMA2","ShareType":"V","SystemModstamp":"2016-05-23T15:46:04.000Z","Visibility":"InternalUsers","entityTypeName":"Custom Object Record","ContentDocument":{"s":2,"v":{"Title":"ResumeTemplate 1","FileType":"WORD","CreatedDate":"2016-05-23T15:46:04.000Z","FileExtension":"doc","ContentSize":29696,"Id":"069B0000000zbmmIAA"}}}}|0x6827a953
12:55:45.1 (49601592)|VARIABLE_SCOPE_BEGIN|[78]|lcfield|String|false|false
12:55:45.1 (49611923)|VARIABLE_ASSIGNMENT|[78]|lcfield|"ContentDocument.Titl (1 more) ..."
12:55:45.1 (49623111)|HEAP_ALLOCATE|[81]|Bytes:5
12:55:45.1 (49629936)|STATEMENT_EXECUTE|[79]
12:55:45.1 (49632096)|STATEMENT_EXECUTE|[81]
12:55:45.1 (49637945)|VARIABLE_SCOPE_BEGIN|[81]|returnValue|String|false|false
12:55:45.1 (49646234)|VARIABLE_ASSIGNMENT|[81]|returnValue|""
12:55:45.1 (49665414)|ENTERING_MANAGED_PKG|
12:55:45.1 (49679104)|STATEMENT_EXECUTE|[84]
12:55:45.1 (49681120)|STATEMENT_EXECUTE|[85]
12:55:45.1 (49690735)|ENTERING_MANAGED_PKG|
12:55:45.1 (49717287)|HEAP_ALLOCATE|[85]|Bytes:15
12:55:45.1 (49729384)|VARIABLE_SCOPE_BEGIN|[85]|relName|String|false|false
12:55:45.1 (49737274)|VARIABLE_ASSIGNMENT|[85]|relName|"ContentDocument"
12:55:45.1 (49740026)|STATEMENT_EXECUTE|[86]
12:55:45.1 (49750378)|ENTERING_MANAGED_PKG|
12:55:45.1 (49772180)|HEAP_ALLOCATE|[86]|Bytes:5
12:55:45.1 (49783782)|VARIABLE_SCOPE_BEGIN|[86]|relField|String|false|false
12:55:45.1 (49790270)|VARIABLE_ASSIGNMENT|[86]|relField|"Title"
12:55:45.1 (49804551)|ENTERING_MANAGED_PKG|
12:55:45.1 (49833761)|STATEMENT_EXECUTE|[94]
12:55:45.1 (49846106)|ENTERING_MANAGED_PKG|
12:55:45.1 (49919126)|HEAP_ALLOCATE|[94]|Bytes:28
12:55:45.1 (49938971)|ENTERING_MANAGED_PKG|
12:55:45.1 (49964974)|HEAP_ALLOCATE|[94]|Bytes:16
12:55:45.1 (49980909)|ENTERING_MANAGED_PKG|
12:55:45.1 (49984088)|HEAP_ALLOCATE|[94]|Bytes:16
12:55:45.1 (49995947)|VARIABLE_ASSIGNMENT|[94]|returnValue|"ResumeTemplate 1"
12:55:45.1 (49999552)|STATEMENT_EXECUTE|[100]
12:55:45.1 (50007592)|METHOD_EXIT|[84]|01pB0000000ljzx|testautonumdata.Sparkle_Helper.GetSobjectField(SObject, String)
12:55:45.1 (50042226)|VARIABLE_ASSIGNMENT|[EXTERNAL]|this|{"fileID":"069B0000000zbmmIAA"}|0x5425e8c1
12:55:45.1 (50047488)|VARIABLE_ASSIGNMENT|[EXTERNAL]|value|"ResumeTemplate 1"
12:55:45.1 (50055178)|VARIABLE_ASSIGNMENT|[8]|this.fileName|"ResumeTemplate 1"|0x5425e8c1
12:55:45.1 (50060857)|STATEMENT_EXECUTE|[85]
12:55:45.1 (50064579)|HEAP_ALLOCATE|[85]|Bytes:27
12:55:45.1 (50074696)|METHOD_ENTRY|[85]|01pB0000000ljzx|testautonumdata.Sparkle_Helper.GetSobjectField(SObject, String)
12:55:45.1 (50088137)|VARIABLE_SCOPE_BEGIN|[78]|e|SObject|true|false
12:55:45.1 (50180451)|VARIABLE_ASSIGNMENT|[78]|e|{"s":1,"v":{"ContentDocumentId":"069B0000000zbmmIAA","Id":"06AB0000000xmryMAA","IsDeleted":false,"LinkedEntityId":"a0MB0000000cQXFMA2","ShareType":"V","SystemModstamp":"2016-05-23T15:46:04.000Z","Visibility":"InternalUsers","entityTypeName":"Custom Object Record","ContentDocument":{"s":2,"v":{"Title":"ResumeTemplate 1","FileType":"WORD","CreatedDate":"2016-05-23T15:46:04.000Z","FileExtension":"doc","ContentSize":29696,"Id":"069B0000000zbmmIAA"}}}}|0x6827a953
12:55:45.1 (50186380)|VARIABLE_SCOPE_BEGIN|[78]|lcfield|String|false|false
12:55:45.1 (50191930)|VARIABLE_ASSIGNMENT|[78]|lcfield|"ContentDocument.Crea (7 more) ..."
12:55:45.1 (50200461)|HEAP_ALLOCATE|[81]|Bytes:5
12:55:45.1 (50204688)|STATEMENT_EXECUTE|[79]
12:55:45.1 (50205860)|STATEMENT_EXECUTE|[81]
12:55:45.1 (50209771)|VARIABLE_SCOPE_BEGIN|[81]|returnValue|String|false|false
12:55:45.1 (50214056)|VARIABLE_ASSIGNMENT|[81]|returnValue|""
12:55:45.1 (50227364)|ENTERING_MANAGED_PKG|
12:55:45.1 (50235676)|STATEMENT_EXECUTE|[84]
12:55:45.1 (50237052)|STATEMENT_EXECUTE|[85]
12:55:45.1 (50243515)|ENTERING_MANAGED_PKG|
12:55:45.1 (50246767)|HEAP_ALLOCATE|[85]|Bytes:15
12:55:45.1 (50254018)|VARIABLE_SCOPE_BEGIN|[85]|relName|String|false|false
12:55:45.1 (50259237)|VARIABLE_ASSIGNMENT|[85]|relName|"ContentDocument"
12:55:45.1 (50261372)|STATEMENT_EXECUTE|[86]
12:55:45.1 (50268851)|ENTERING_MANAGED_PKG|
12:55:45.1 (50272015)|HEAP_ALLOCATE|[86]|Bytes:11
12:55:45.1 (50279224)|VARIABLE_SCOPE_BEGIN|[86]|relField|String|false|false
12:55:45.1 (50284283)|VARIABLE_ASSIGNMENT|[86]|relField|"CreatedDate"
12:55:45.1 (50291538)|ENTERING_MANAGED_PKG|
12:55:45.1 (50298244)|STATEMENT_EXECUTE|[94]
12:55:45.1 (50304642)|ENTERING_MANAGED_PKG|
12:55:45.1 (50330053)|HEAP_ALLOCATE|[94]|Bytes:28
12:55:45.1 (50345734)|ENTERING_MANAGED_PKG|
12:55:45.1 (50369521)|HEAP_ALLOCATE|[94]|Bytes:56
12:55:45.1 (50383665)|ENTERING_MANAGED_PKG|
12:55:45.1 (50390886)|HEAP_ALLOCATE|[94]|Bytes:19
12:55:45.1 (50403452)|VARIABLE_ASSIGNMENT|[94]|returnValue|"2016-05-23 15:46:04"
12:55:45.1 (50406652)|STATEMENT_EXECUTE|[100]
12:55:45.1 (50414532)|METHOD_EXIT|[85]|01pB0000000ljzx|testautonumdata.Sparkle_Helper.GetSobjectField(SObject, String)
12:55:45.1 (50449022)|VARIABLE_ASSIGNMENT|[EXTERNAL]|this|{"fileID":"069B0000000zbmmIAA","fileName":"ResumeTemplate 1"}|0x5425e8c1
12:55:45.1 (50454440)|VARIABLE_ASSIGNMENT|[EXTERNAL]|value|"2016-05-23 15:46:04"
12:55:45.1 (50461925)|VARIABLE_ASSIGNMENT|[10]|this.fileCreatedDate|"2016-05-23 15:46:04"|0x5425e8c1
12:55:45.1 (50469990)|STATEMENT_EXECUTE|[86]
12:55:45.1 (50473805)|HEAP_ALLOCATE|[86]|Bytes:29
12:55:45.1 (50480928)|METHOD_ENTRY|[86]|01pB0000000ljzx|testautonumdata.Sparkle_Helper.GetSobjectField(SObject, String)
12:55:45.1 (50494415)|VARIABLE_SCOPE_BEGIN|[78]|e|SObject|true|false
12:55:45.1 (50586492)|VARIABLE_ASSIGNMENT|[78]|e|{"s":1,"v":{"ContentDocumentId":"069B0000000zbmmIAA","Id":"06AB0000000xmryMAA","IsDeleted":false,"LinkedEntityId":"a0MB0000000cQXFMA2","ShareType":"V","SystemModstamp":"2016-05-23T15:46:04.000Z","Visibility":"InternalUsers","entityTypeName":"Custom Object Record","ContentDocument":{"s":2,"v":{"Title":"ResumeTemplate 1","FileType":"WORD","CreatedDate":"2016-05-23T15:46:04.000Z","FileExtension":"doc","ContentSize":29696,"Id":"069B0000000zbmmIAA"}}}}|0x6827a953
12:55:45.1 (50592267)|VARIABLE_SCOPE_BEGIN|[78]|lcfield|String|false|false
12:55:45.1 (50597577)|VARIABLE_ASSIGNMENT|[78]|lcfield|"ContentDocument.File (9 more) ..."
12:55:45.1 (50606056)|HEAP_ALLOCATE|[81]|Bytes:5
12:55:45.1 (50610258)|STATEMENT_EXECUTE|[79]
12:55:45.1 (50611368)|STATEMENT_EXECUTE|[81]
12:55:45.1 (50615227)|VARIABLE_SCOPE_BEGIN|[81]|returnValue|String|false|false
12:55:45.1 (50619453)|VARIABLE_ASSIGNMENT|[81]|returnValue|""
12:55:45.1 (50632516)|ENTERING_MANAGED_PKG|
12:55:45.1 (50640953)|STATEMENT_EXECUTE|[84]
12:55:45.1 (50642195)|STATEMENT_EXECUTE|[85]
12:55:45.1 (50648325)|ENTERING_MANAGED_PKG|
12:55:45.1 (50651581)|HEAP_ALLOCATE|[85]|Bytes:15
12:55:45.1 (50658665)|VARIABLE_SCOPE_BEGIN|[85]|relName|String|false|false
12:55:45.1 (50663726)|VARIABLE_ASSIGNMENT|[85]|relName|"ContentDocument"
12:55:45.1 (50665848)|STATEMENT_EXECUTE|[86]
12:55:45.1 (50673309)|ENTERING_MANAGED_PKG|
12:55:45.1 (50676425)|HEAP_ALLOCATE|[86]|Bytes:13
12:55:45.1 (50683770)|VARIABLE_SCOPE_BEGIN|[86]|relField|String|false|false
12:55:45.1 (50688595)|VARIABLE_ASSIGNMENT|[86]|relField|"FileExtension"
12:55:45.1 (50695552)|ENTERING_MANAGED_PKG|
12:55:45.1 (50702130)|STATEMENT_EXECUTE|[94]
12:55:45.1 (50708411)|ENTERING_MANAGED_PKG|
12:55:45.1 (50733460)|HEAP_ALLOCATE|[94]|Bytes:28
12:55:45.1 (50748993)|ENTERING_MANAGED_PKG|
12:55:45.1 (50767794)|HEAP_ALLOCATE|[94]|Bytes:3
12:55:45.1 (50781442)|ENTERING_MANAGED_PKG|
12:55:45.1 (50784439)|HEAP_ALLOCATE|[94]|Bytes:3
12:55:45.1 (50827520)|VARIABLE_ASSIGNMENT|[94]|returnValue|"doc"
12:55:45.1 (50833831)|STATEMENT_EXECUTE|[100]
12:55:45.1 (50843837)|METHOD_EXIT|[86]|01pB0000000ljzx|testautonumdata.Sparkle_Helper.GetSobjectField(SObject, String)
12:55:45.1 (50877215)|VARIABLE_ASSIGNMENT|[EXTERNAL]|this|{"fileCreatedDate":"2016-05-23 15:46:04","fileID":"069B0000000zbmmIAA","fileName":"ResumeTemplate 1"}|0x5425e8c1
12:55:45.1 (50882806)|VARIABLE_ASSIGNMENT|[EXTERNAL]|value|"doc"
12:55:45.1 (50889802)|VARIABLE_ASSIGNMENT|[12]|this.fileExtension|"doc"|0x5425e8c1
12:55:45.1 (50927911)|VARIABLE_ASSIGNMENT|[EXTERNAL]|this|{"fileCreatedDate":"2016-05-23 15:46:04","fileExtension":"doc","fileID":"069B0000000zbmmIAA","fileName":"ResumeTemplate 1"}|0x5425e8c1
12:55:45.1 (50938908)|HEAP_ALLOCATE|[87]|Bytes:3
12:55:45.1 (50956144)|ENTERING_MANAGED_PKG|
12:55:45.1 (50965112)|STATEMENT_EXECUTE|[88]
12:55:45.1 (50967871)|HEAP_ALLOCATE|[88]|Bytes:4
12:55:45.1 (51002820)|VARIABLE_ASSIGNMENT|[EXTERNAL]|this|{"fileCreatedDate":"2016-05-23 15:46:04","fileExtension":"doc","fileID":"069B0000000zbmmIAA","fileName":"ResumeTemplate 1"}|0x5425e8c1
12:55:45.1 (51009756)|VARIABLE_ASSIGNMENT|[EXTERNAL]|value|"word"
12:55:45.1 (51019067)|VARIABLE_ASSIGNMENT|[12]|this.fileExtension|"word"|0x5425e8c1
12:55:45.1 (51026004)|STATEMENT_EXECUTE|[89]
12:55:45.1 (51029425)|HEAP_ALLOCATE|[89]|Bytes:27
12:55:45.1 (51036673)|METHOD_ENTRY|[89]|01pB0000000ljzx|testautonumdata.Sparkle_Helper.GetSobjectField(SObject, String)
12:55:45.1 (51048630)|VARIABLE_SCOPE_BEGIN|[78]|e|SObject|true|false
12:55:45.1 (51140003)|VARIABLE_ASSIGNMENT|[78]|e|{"s":1,"v":{"ContentDocumentId":"069B0000000zbmmIAA","Id":"06AB0000000xmryMAA","IsDeleted":false,"LinkedEntityId":"a0MB0000000cQXFMA2","ShareType":"V","SystemModstamp":"2016-05-23T15:46:04.000Z","Visibility":"InternalUsers","entityTypeName":"Custom Object Record","ContentDocument":{"s":2,"v":{"Title":"ResumeTemplate 1","FileType":"WORD","CreatedDate":"2016-05-23T15:46:04.000Z","FileExtension":"doc","ContentSize":29696,"Id":"069B0000000zbmmIAA"}}}}|0x6827a953
12:55:45.1 (51146247)|VARIABLE_SCOPE_BEGIN|[78]|lcfield|String|false|false
12:55:45.1 (51151559)|VARIABLE_ASSIGNMENT|[78]|lcfield|"ContentDocument.Cont (7 more) ..."
12:55:45.1 (51160092)|HEAP_ALLOCATE|[81]|Bytes:5
12:55:45.1 (51167469)|STATEMENT_EXECUTE|[79]
12:55:45.1 (51168888)|STATEMENT_EXECUTE|[81]
12:55:45.1 (51172905)|VARIABLE_SCOPE_BEGIN|[81]|returnValue|String|false|false
12:55:45.1 (51177311)|VARIABLE_ASSIGNMENT|[81]|returnValue|""
12:55:45.1 (51190584)|ENTERING_MANAGED_PKG|
12:55:45.1 (51198916)|STATEMENT_EXECUTE|[84]
12:55:45.1 (51200188)|STATEMENT_EXECUTE|[85]
12:55:45.1 (51206286)|ENTERING_MANAGED_PKG|
12:55:45.1 (51209636)|HEAP_ALLOCATE|[85]|Bytes:15
12:55:45.1 (51216933)|VARIABLE_SCOPE_BEGIN|[85]|relName|String|false|false
12:55:45.1 (51222102)|VARIABLE_ASSIGNMENT|[85]|relName|"ContentDocument"
12:55:45.1 (51224193)|STATEMENT_EXECUTE|[86]
12:55:45.1 (51231595)|ENTERING_MANAGED_PKG|
12:55:45.1 (51234675)|HEAP_ALLOCATE|[86]|Bytes:11
12:55:45.1 (51241759)|VARIABLE_SCOPE_BEGIN|[86]|relField|String|false|false
12:55:45.1 (51246547)|VARIABLE_ASSIGNMENT|[86]|relField|"ContentSize"
12:55:45.1 (51253652)|ENTERING_MANAGED_PKG|
12:55:45.1 (51260518)|STATEMENT_EXECUTE|[94]
12:55:45.1 (51266804)|ENTERING_MANAGED_PKG|
12:55:45.1 (51292707)|HEAP_ALLOCATE|[94]|Bytes:28
12:55:45.1 (51308699)|ENTERING_MANAGED_PKG|
12:55:45.1 (51337856)|ENTERING_MANAGED_PKG|
12:55:45.1 (51342254)|HEAP_ALLOCATE|[94]|Bytes:5
12:55:45.1 (51353914)|VARIABLE_ASSIGNMENT|[94]|returnValue|"29696"
12:55:45.1 (51357001)|STATEMENT_EXECUTE|[100]
12:55:45.1 (51364436)|METHOD_EXIT|[89]|01pB0000000ljzx|testautonumdata.Sparkle_Helper.GetSobjectField(SObject, String)
12:55:45.1 (51395179)|VARIABLE_ASSIGNMENT|[EXTERNAL]|this|{"fileCreatedDate":"2016-05-23 15:46:04","fileExtension":"word","fileID":"069B0000000zbmmIAA","fileName":"ResumeTemplate 1"}|0x5425e8c1
12:55:45.1 (51400487)|VARIABLE_ASSIGNMENT|[EXTERNAL]|value|"29696"
12:55:45.1 (51407433)|VARIABLE_ASSIGNMENT|[14]|this.fileSize|"29696"|0x5425e8c1
12:55:45.1 (51413033)|STATEMENT_EXECUTE|[92]
12:55:45.1 (51424928)|ENTERING_MANAGED_PKG|
12:55:45.1 (51458409)|HEAP_ALLOCATE|[EXTERNAL]|Bytes:4
12:55:45.1 (51467933)|STATEMENT_EXECUTE|[94]
12:55:45.1 (51471178)|HEAP_ALLOCATE|[94]|Bytes:12
12:55:45.1 (51484553)|ENTERING_MANAGED_PKG|
12:55:45.1 (51555758)|HEAP_ALLOCATE|[94]|Bytes:285
12:55:45.1 (51574075)|HEAP_ALLOCATE|[94]|Bytes:297
12:55:45.1 (51583237)|ENTERING_MANAGED_PKG|
12:55:45.1 (51590226)|USER_DEBUG|[94]|DEBUG|######## i: FilesViewerServerController:[fileCreatedDate=2016-05-23 15:46:04, fileExtension=word, fileID=069B0000000zbmmIAA, fileName=ResumeTemplate 1, fileSize=29696, mapObjectsFields={ContentDocumentLink={ContentDocumentId, Id, IsDeleted, LinkedEntityId, ShareType, SystemModstamp, Visibility}}]
12:55:45.1 (51605411)|HEAP_ALLOCATE|[77]|Bytes:5
12:55:45.1 (51630635)|HEAP_ALLOCATE|[77]|Bytes:40
12:55:45.1 (51645254)|VARIABLE_SCOPE_BEGIN|[77]|e|SObject|true|false
12:55:45.1 (51739869)|VARIABLE_ASSIGNMENT|[77]|e|{"s":1,"v":{"ContentDocumentId":"069B0000000zbmhIAA","Id":"06AB0000000xmrtMAA","IsDeleted":false,"LinkedEntityId":"a0MB0000000cQXFMA2","ShareType":"V","SystemModstamp":"2016-05-23T15:46:04.000Z","Visibility":"InternalUsers","entityTypeName":"Custom Object Record","ContentDocument":{"s":2,"v":{"Title":"ResumeTemplate 1","FileType":"PDF","CreatedDate":"2016-05-23T15:46:03.000Z","FileExtension":"pdf","ContentSize":48077,"Id":"069B0000000zbmhIAA"}}}}|0x1ca909dc
12:55:45.1 (51746550)|STATEMENT_EXECUTE|[78]
12:55:45.1 (51747778)|STATEMENT_EXECUTE|[79]
12:55:45.1 (51762648)|ENTERING_MANAGED_PKG|
12:55:45.1 (51826138)|HEAP_ALLOCATE|[79]|Bytes:208
12:55:45.1 (51841595)|HEAP_ALLOCATE|[79]|Bytes:220
12:55:45.1 (51848212)|ENTERING_MANAGED_PKG|
12:55:45.1 (51854668)|USER_DEBUG|[79]|DEBUG|######## e: ContentDocumentLink:{ContentDocumentId=069B0000000zbmhIAA, Id=06AB0000000xmrtMAA, IsDeleted=false, LinkedEntityId=a0MB0000000cQXFMA2, ShareType=V, SystemModstamp=2016-05-23 15:46:04, Visibility=InternalUsers}
12:55:45.1 (51861032)|STATEMENT_EXECUTE|[80]
12:55:45.1 (51865556)|HEAP_ALLOCATE|[80]|Bytes:24
12:55:45.1 (51874819)|CONSTRUCTOR_ENTRY|[80]|01pB0000000rehC|<init>()
12:55:45.1 (51878971)|VARIABLE_SCOPE_BEGIN|[1]|this|testautonumdata.FilesViewerServerController|true|false
12:55:45.1 (51899146)|VARIABLE_ASSIGNMENT|[1]|this|{}|0x6e6d7a72
12:55:45.1 (51906448)|HEAP_ALLOCATE|[EXTERNAL]|Bytes:5
12:55:45.1 (51921137)|STATEMENT_EXECUTE|[1]
12:55:45.1 (51924703)|HEAP_ALLOCATE|[EXTERNAL]|Bytes:5
12:55:45.1 (51926635)|STATEMENT_EXECUTE|[6]
12:55:45.1 (51927782)|STATEMENT_EXECUTE|[8]
12:55:45.1 (51928971)|STATEMENT_EXECUTE|[10]
12:55:45.1 (51930092)|STATEMENT_EXECUTE|[12]
12:55:45.1 (51930903)|STATEMENT_EXECUTE|[14]
12:55:45.1 (51940105)|CONSTRUCTOR_EXIT|[80]|01pB0000000rehC|<init>()
12:55:45.1 (51944172)|VARIABLE_SCOPE_BEGIN|[80]|i|testautonumdata.FilesViewerServerController|true|false
12:55:45.1 (51961016)|VARIABLE_ASSIGNMENT|[80]|i|{}|0x6e6d7a72
12:55:45.1 (51963412)|STATEMENT_EXECUTE|[83]
12:55:45.1 (51970703)|METHOD_ENTRY|[83]|01pB0000000ljzx|testautonumdata.Sparkle_Helper.GetSobjectField(SObject, String)
12:55:45.1 (51974588)|VARIABLE_SCOPE_BEGIN|[78]|e|SObject|true|false
12:55:45.1 (52068642)|VARIABLE_ASSIGNMENT|[78]|e|{"s":1,"v":{"ContentDocumentId":"069B0000000zbmhIAA","Id":"06AB0000000xmrtMAA","IsDeleted":false,"LinkedEntityId":"a0MB0000000cQXFMA2","ShareType":"V","SystemModstamp":"2016-05-23T15:46:04.000Z","Visibility":"InternalUsers","entityTypeName":"Custom Object Record","ContentDocument":{"s":2,"v":{"Title":"ResumeTemplate 1","FileType":"PDF","CreatedDate":"2016-05-23T15:46:03.000Z","FileExtension":"pdf","ContentSize":48077,"Id":"069B0000000zbmhIAA"}}}}|0x1ca909dc
12:55:45.1 (52075856)|VARIABLE_SCOPE_BEGIN|[78]|lcfield|String|false|false
12:55:45.1 (52080834)|VARIABLE_ASSIGNMENT|[78]|lcfield|"ContentDocumentId"
12:55:45.1 (52089110)|HEAP_ALLOCATE|[81]|Bytes:5
12:55:45.1 (52093438)|STATEMENT_EXECUTE|[79]
12:55:45.1 (52094559)|STATEMENT_EXECUTE|[81]
12:55:45.1 (52098363)|VARIABLE_SCOPE_BEGIN|[81]|returnValue|String|false|false
12:55:45.1 (52102641)|VARIABLE_ASSIGNMENT|[81]|returnValue|""
12:55:45.1 (52115532)|ENTERING_MANAGED_PKG|
12:55:45.1 (52123876)|STATEMENT_EXECUTE|[98]
12:55:45.1 (52130423)|ENTERING_MANAGED_PKG|
12:55:45.1 (52154263)|HEAP_ALLOCATE|[98]|Bytes:4
12:55:45.1 (52169263)|ENTERING_MANAGED_PKG|
12:55:45.1 (52173133)|HEAP_ALLOCATE|[98]|Bytes:18
12:55:45.1 (52184681)|VARIABLE_ASSIGNMENT|[98]|returnValue|"069B0000000zbmhIAA"
12:55:45.1 (52187647)|STATEMENT_EXECUTE|[100]
12:55:45.1 (52195145)|METHOD_EXIT|[83]|01pB0000000ljzx|testautonumdata.Sparkle_Helper.GetSobjectField(SObject, String)
12:55:45.1 (52224030)|VARIABLE_ASSIGNMENT|[EXTERNAL]|this|{}|0x6e6d7a72
12:55:45.1 (52229440)|VARIABLE_ASSIGNMENT|[EXTERNAL]|value|"069B0000000zbmhIAA"
12:55:45.1 (52235825)|VARIABLE_ASSIGNMENT|[6]|this.fileID|"069B0000000zbmhIAA"|0x6e6d7a72
12:55:45.1 (52241460)|STATEMENT_EXECUTE|[84]
12:55:45.1 (52246866)|METHOD_ENTRY|[84]|01pB0000000ljzx|testautonumdata.Sparkle_Helper.GetSobjectField(SObject, String)
12:55:45.1 (52250187)|VARIABLE_SCOPE_BEGIN|[78]|e|SObject|true|false
12:55:45.1 (52337703)|VARIABLE_ASSIGNMENT|[78]|e|{"s":1,"v":{"ContentDocumentId":"069B0000000zbmhIAA","Id":"06AB0000000xmrtMAA","IsDeleted":false,"LinkedEntityId":"a0MB0000000cQXFMA2","ShareType":"V","SystemModstamp":"2016-05-23T15:46:04.000Z","Visibility":"InternalUsers","entityTypeName":"Custom Object Record","ContentDocument":{"s":2,"v":{"Title":"ResumeTemplate 1","FileType":"PDF","CreatedDate":"2016-05-23T15:46:03.000Z","FileExtension":"pdf","ContentSize":48077,"Id":"069B0000000zbmhIAA"}}}}|0x1ca909dc
12:55:45.1 (52343582)|VARIABLE_SCOPE_BEGIN|[78]|lcfield|String|false|false
12:55:45.1 (52348833)|VARIABLE_ASSIGNMENT|[78]|lcfield|"ContentDocument.Titl (1 more) ..."
12:55:45.1 (52357227)|HEAP_ALLOCATE|[81]|Bytes:5
12:55:45.1 (52361381)|STATEMENT_EXECUTE|[79]
12:55:45.1 (52362525)|STATEMENT_EXECUTE|[81]
12:55:45.1 (52366273)|VARIABLE_SCOPE_BEGIN|[81]|returnValue|String|false|false
12:55:45.1 (52370322)|VARIABLE_ASSIGNMENT|[81]|returnValue|""
12:55:45.1 (52383523)|ENTERING_MANAGED_PKG|
12:55:45.1 (52395044)|STATEMENT_EXECUTE|[84]
12:55:45.1 (52396421)|STATEMENT_EXECUTE|[85]
12:55:45.1 (52403342)|ENTERING_MANAGED_PKG|
12:55:45.1 (52406630)|HEAP_ALLOCATE|[85]|Bytes:15
12:55:45.1 (52414130)|VARIABLE_SCOPE_BEGIN|[85]|relName|String|false|false
12:55:45.1 (52419431)|VARIABLE_ASSIGNMENT|[85]|relName|"ContentDocument"
12:55:45.1 (52421649)|STATEMENT_EXECUTE|[86]
12:55:45.1 (52429165)|ENTERING_MANAGED_PKG|
12:55:45.1 (52432288)|HEAP_ALLOCATE|[86]|Bytes:5
12:55:45.1 (52439622)|VARIABLE_SCOPE_BEGIN|[86]|relField|String|false|false
12:55:45.1 (52444210)|VARIABLE_ASSIGNMENT|[86]|relField|"Title"
12:55:45.1 (52451405)|ENTERING_MANAGED_PKG|
12:55:45.1 (52458202)|STATEMENT_EXECUTE|[94]
12:55:45.1 (52464734)|ENTERING_MANAGED_PKG|
12:55:45.1 (52497201)|HEAP_ALLOCATE|[94]|Bytes:28
12:55:45.1 (52513601)|ENTERING_MANAGED_PKG|
12:55:45.1 (52534564)|HEAP_ALLOCATE|[94]|Bytes:16
12:55:45.1 (52548600)|ENTERING_MANAGED_PKG|
12:55:45.1 (52551628)|HEAP_ALLOCATE|[94]|Bytes:16
12:55:45.1 (52563359)|VARIABLE_ASSIGNMENT|[94]|returnValue|"ResumeTemplate 1"
12:55:45.1 (52566594)|STATEMENT_EXECUTE|[100]
12:55:45.1 (52574072)|METHOD_EXIT|[84]|01pB0000000ljzx|testautonumdata.Sparkle_Helper.GetSobjectField(SObject, String)
12:55:45.1 (52597833)|VARIABLE_ASSIGNMENT|[EXTERNAL]|this|{"fileID":"069B0000000zbmhIAA"}|0x6e6d7a72
12:55:45.1 (52602470)|VARIABLE_ASSIGNMENT|[EXTERNAL]|value|"ResumeTemplate 1"
12:55:45.1 (52608820)|VARIABLE_ASSIGNMENT|[8]|this.fileName|"ResumeTemplate 1"|0x6e6d7a72
12:55:45.1 (52614318)|STATEMENT_EXECUTE|[85]
12:55:45.1 (52619213)|METHOD_ENTRY|[85]|01pB0000000ljzx|testautonumdata.Sparkle_Helper.GetSobjectField(SObject, String)
12:55:45.1 (52622446)|VARIABLE_SCOPE_BEGIN|[78]|e|SObject|true|false
12:55:45.1 (52710255)|VARIABLE_ASSIGNMENT|[78]|e|{"s":1,"v":{"ContentDocumentId":"069B0000000zbmhIAA","Id":"06AB0000000xmrtMAA","IsDeleted":false,"LinkedEntityId":"a0MB0000000cQXFMA2","ShareType":"V","SystemModstamp":"2016-05-23T15:46:04.000Z","Visibility":"InternalUsers","entityTypeName":"Custom Object Record","ContentDocument":{"s":2,"v":{"Title":"ResumeTemplate 1","FileType":"PDF","CreatedDate":"2016-05-23T15:46:03.000Z","FileExtension":"pdf","ContentSize":48077,"Id":"069B0000000zbmhIAA"}}}}|0x1ca909dc
12:55:45.1 (52716162)|VARIABLE_SCOPE_BEGIN|[78]|lcfield|String|false|false
12:55:45.1 (52721223)|VARIABLE_ASSIGNMENT|[78]|lcfield|"ContentDocument.Crea (7 more) ..."
12:55:45.1 (52729352)|HEAP_ALLOCATE|[81]|Bytes:5
12:55:45.1 (52733604)|STATEMENT_EXECUTE|[79]
12:55:45.1 (52734717)|STATEMENT_EXECUTE|[81]
12:55:45.1 (52738423)|VARIABLE_SCOPE_BEGIN|[81]|returnValue|String|false|false
12:55:45.1 (52742435)|VARIABLE_ASSIGNMENT|[81]|returnValue|""
12:55:45.1 (52755064)|ENTERING_MANAGED_PKG|
12:55:45.1 (52762884)|STATEMENT_EXECUTE|[84]
12:55:45.1 (52764164)|STATEMENT_EXECUTE|[85]
12:55:45.1 (52770759)|ENTERING_MANAGED_PKG|
12:55:45.1 (52773924)|HEAP_ALLOCATE|[85]|Bytes:15
12:55:45.1 (52781131)|VARIABLE_SCOPE_BEGIN|[85]|relName|String|false|false
12:55:45.1 (52785889)|VARIABLE_ASSIGNMENT|[85]|relName|"ContentDocument"
12:55:45.1 (52788007)|STATEMENT_EXECUTE|[86]
12:55:45.1 (52795408)|ENTERING_MANAGED_PKG|
12:55:45.1 (52798459)|HEAP_ALLOCATE|[86]|Bytes:11
12:55:45.1 (52810371)|VARIABLE_SCOPE_BEGIN|[86]|relField|String|false|false
12:55:45.1 (52815860)|VARIABLE_ASSIGNMENT|[86]|relField|"CreatedDate"
12:55:45.1 (52823338)|ENTERING_MANAGED_PKG|
12:55:45.1 (52830267)|STATEMENT_EXECUTE|[94]
12:55:45.1 (52836660)|ENTERING_MANAGED_PKG|
12:55:45.1 (52861306)|HEAP_ALLOCATE|[94]|Bytes:28
12:55:45.1 (52876899)|ENTERING_MANAGED_PKG|
12:55:45.1 (52896941)|HEAP_ALLOCATE|[94]|Bytes:56
12:55:45.1 (52911400)|ENTERING_MANAGED_PKG|
12:55:45.1 (52919493)|HEAP_ALLOCATE|[94]|Bytes:19
12:55:45.1 (52931971)|VARIABLE_ASSIGNMENT|[94]|returnValue|"2016-05-23 15:46:03"
12:55:45.1 (52935221)|STATEMENT_EXECUTE|[100]
12:55:45.1 (52942504)|METHOD_EXIT|[85]|01pB0000000ljzx|testautonumdata.Sparkle_Helper.GetSobjectField(SObject, String)
12:55:45.1 (52967535)|VARIABLE_ASSIGNMENT|[EXTERNAL]|this|{"fileID":"069B0000000zbmhIAA","fileName":"ResumeTemplate 1"}|0x6e6d7a72
12:55:45.1 (52972508)|VARIABLE_ASSIGNMENT|[EXTERNAL]|value|"2016-05-23 15:46:03"
12:55:45.1 (52978672)|VARIABLE_ASSIGNMENT|[10]|this.fileCreatedDate|"2016-05-23 15:46:03"|0x6e6d7a72
12:55:45.1 (52984218)|STATEMENT_EXECUTE|[86]
12:55:45.1 (52989012)|METHOD_ENTRY|[86]|01pB0000000ljzx|testautonumdata.Sparkle_Helper.GetSobjectField(SObject, String)
12:55:45.1 (52992063)|VARIABLE_SCOPE_BEGIN|[78]|e|SObject|true|false
12:55:45.1 (53082723)|VARIABLE_ASSIGNMENT|[78]|e|{"s":1,"v":{"ContentDocumentId":"069B0000000zbmhIAA","Id":"06AB0000000xmrtMAA","IsDeleted":false,"LinkedEntityId":"a0MB0000000cQXFMA2","ShareType":"V","SystemModstamp":"2016-05-23T15:46:04.000Z","Visibility":"InternalUsers","entityTypeName":"Custom Object Record","ContentDocument":{"s":2,"v":{"Title":"ResumeTemplate 1","FileType":"PDF","CreatedDate":"2016-05-23T15:46:03.000Z","FileExtension":"pdf","ContentSize":48077,"Id":"069B0000000zbmhIAA"}}}}|0x1ca909dc
12:55:45.1 (53089665)|VARIABLE_SCOPE_BEGIN|[78]|lcfield|String|false|false
12:55:45.1 (53094930)|VARIABLE_ASSIGNMENT|[78]|lcfield|"ContentDocument.File (9 more) ..."
12:55:45.1 (53103091)|HEAP_ALLOCATE|[81]|Bytes:5
12:55:45.1 (53107296)|STATEMENT_EXECUTE|[79]
12:55:45.1 (53108452)|STATEMENT_EXECUTE|[81]
12:55:45.1 (53112191)|VARIABLE_SCOPE_BEGIN|[81]|returnValue|String|false|false
12:55:45.1 (53116261)|VARIABLE_ASSIGNMENT|[81]|returnValue|""
12:55:45.1 (53128888)|ENTERING_MANAGED_PKG|
12:55:45.1 (53136746)|STATEMENT_EXECUTE|[84]
12:55:45.1 (53138235)|STATEMENT_EXECUTE|[85]
12:55:45.1 (53144647)|ENTERING_MANAGED_PKG|
12:55:45.1 (53147820)|HEAP_ALLOCATE|[85]|Bytes:15
12:55:45.1 (53155037)|VARIABLE_SCOPE_BEGIN|[85]|relName|String|false|false
12:55:45.1 (53160124)|VARIABLE_ASSIGNMENT|[85]|relName|"ContentDocument"
12:55:45.1 (53162192)|STATEMENT_EXECUTE|[86]
12:55:45.1 (53169460)|ENTERING_MANAGED_PKG|
12:55:45.1 (53172547)|HEAP_ALLOCATE|[86]|Bytes:13
12:55:45.1 (53179701)|VARIABLE_SCOPE_BEGIN|[86]|relField|String|false|false
12:55:45.1 (53184332)|VARIABLE_ASSIGNMENT|[86]|relField|"FileExtension"
12:55:45.1 (53191501)|ENTERING_MANAGED_PKG|
12:55:45.1 (53198171)|STATEMENT_EXECUTE|[94]
12:55:45.1 (53204518)|ENTERING_MANAGED_PKG|
12:55:45.1 (53229036)|HEAP_ALLOCATE|[94]|Bytes:28
12:55:45.1 (53244660)|ENTERING_MANAGED_PKG|
12:55:45.1 (53260810)|HEAP_ALLOCATE|[94]|Bytes:3
12:55:45.1 (53274035)|ENTERING_MANAGED_PKG|
12:55:45.1 (53276969)|HEAP_ALLOCATE|[94]|Bytes:3
12:55:45.1 (53287655)|VARIABLE_ASSIGNMENT|[94]|returnValue|"pdf"
12:55:45.1 (53291094)|STATEMENT_EXECUTE|[100]
12:55:45.1 (53298356)|METHOD_EXIT|[86]|01pB0000000ljzx|testautonumdata.Sparkle_Helper.GetSobjectField(SObject, String)
12:55:45.1 (53323779)|VARIABLE_ASSIGNMENT|[EXTERNAL]|this|{"fileCreatedDate":"2016-05-23 15:46:03","fileID":"069B0000000zbmhIAA","fileName":"ResumeTemplate 1"}|0x6e6d7a72
12:55:45.1 (53328708)|VARIABLE_ASSIGNMENT|[EXTERNAL]|value|"pdf"
12:55:45.1 (53334429)|VARIABLE_ASSIGNMENT|[12]|this.fileExtension|"pdf"|0x6e6d7a72
12:55:45.1 (53357068)|VARIABLE_ASSIGNMENT|[EXTERNAL]|this|{"fileCreatedDate":"2016-05-23 15:46:03","fileExtension":"pdf","fileID":"069B0000000zbmhIAA","fileName":"ResumeTemplate 1"}|0x6e6d7a72
12:55:45.1 (53372393)|ENTERING_MANAGED_PKG|
12:55:45.1 (53383829)|STATEMENT_EXECUTE|[87]
12:55:45.1 (53385355)|STATEMENT_EXECUTE|[89]
12:55:45.1 (53389814)|METHOD_ENTRY|[89]|01pB0000000ljzx|testautonumdata.Sparkle_Helper.GetSobjectField(SObject, String)
12:55:45.1 (53393214)|VARIABLE_SCOPE_BEGIN|[78]|e|SObject|true|false
12:55:45.1 (53484454)|VARIABLE_ASSIGNMENT|[78]|e|{"s":1,"v":{"ContentDocumentId":"069B0000000zbmhIAA","Id":"06AB0000000xmrtMAA","IsDeleted":false,"LinkedEntityId":"a0MB0000000cQXFMA2","ShareType":"V","SystemModstamp":"2016-05-23T15:46:04.000Z","Visibility":"InternalUsers","entityTypeName":"Custom Object Record","ContentDocument":{"s":2,"v":{"Title":"ResumeTemplate 1","FileType":"PDF","CreatedDate":"2016-05-23T15:46:03.000Z","FileExtension":"pdf","ContentSize":48077,"Id":"069B0000000zbmhIAA"}}}}|0x1ca909dc
12:55:45.1 (53490352)|VARIABLE_SCOPE_BEGIN|[78]|lcfield|String|false|false
12:55:45.1 (53495355)|VARIABLE_ASSIGNMENT|[78]|lcfield|"ContentDocument.Cont (7 more) ..."
12:55:45.1 (53503360)|HEAP_ALLOCATE|[81]|Bytes:5
12:55:45.1 (53507420)|STATEMENT_EXECUTE|[79]
12:55:45.1 (53508457)|STATEMENT_EXECUTE|[81]
12:55:45.1 (53512193)|VARIABLE_SCOPE_BEGIN|[81]|returnValue|String|false|false
12:55:45.1 (53516125)|VARIABLE_ASSIGNMENT|[81]|returnValue|""
12:55:45.1 (53528592)|ENTERING_MANAGED_PKG|
12:55:45.1 (53536503)|STATEMENT_EXECUTE|[84]
12:55:45.1 (53537818)|STATEMENT_EXECUTE|[85]
12:55:45.1 (53543956)|ENTERING_MANAGED_PKG|
12:55:45.1 (53547056)|HEAP_ALLOCATE|[85]|Bytes:15
12:55:45.1 (53554139)|VARIABLE_SCOPE_BEGIN|[85]|relName|String|false|false
12:55:45.1 (53559338)|VARIABLE_ASSIGNMENT|[85]|relName|"ContentDocument"
12:55:45.1 (53561381)|STATEMENT_EXECUTE|[86]
12:55:45.1 (53568639)|ENTERING_MANAGED_PKG|
12:55:45.1 (53571768)|HEAP_ALLOCATE|[86]|Bytes:11
12:55:45.1 (53579128)|VARIABLE_SCOPE_BEGIN|[86]|relField|String|false|false
12:55:45.1 (53583798)|VARIABLE_ASSIGNMENT|[86]|relField|"ContentSize"
12:55:45.1 (53590825)|ENTERING_MANAGED_PKG|
12:55:45.1 (53597438)|STATEMENT_EXECUTE|[94]
12:55:45.1 (53603808)|ENTERING_MANAGED_PKG|
12:55:45.1 (53628111)|HEAP_ALLOCATE|[94]|Bytes:28
12:55:45.1 (53643489)|ENTERING_MANAGED_PKG|
12:55:45.1 (53668451)|ENTERING_MANAGED_PKG|
12:55:45.1 (53672621)|HEAP_ALLOCATE|[94]|Bytes:5
12:55:45.1 (53683850)|VARIABLE_ASSIGNMENT|[94]|returnValue|"48077"
12:55:45.1 (53686893)|STATEMENT_EXECUTE|[100]
12:55:45.1 (53693923)|METHOD_EXIT|[89]|01pB0000000ljzx|testautonumdata.Sparkle_Helper.GetSobjectField(SObject, String)
12:55:45.1 (53720368)|VARIABLE_ASSIGNMENT|[EXTERNAL]|this|{"fileCreatedDate":"2016-05-23 15:46:03","fileExtension":"pdf","fileID":"069B0000000zbmhIAA","fileName":"ResumeTemplate 1"}|0x6e6d7a72
12:55:45.1 (53725522)|VARIABLE_ASSIGNMENT|[EXTERNAL]|value|"48077"
12:55:45.1 (53731953)|VARIABLE_ASSIGNMENT|[14]|this.fileSize|"48077"|0x6e6d7a72
12:55:45.1 (53737359)|STATEMENT_EXECUTE|[92]
12:55:45.1 (53742662)|ENTERING_MANAGED_PKG|
12:55:45.1 (53750728)|HEAP_ALLOCATE|[EXTERNAL]|Bytes:4
12:55:45.1 (53757027)|STATEMENT_EXECUTE|[94]
12:55:45.1 (53768009)|ENTERING_MANAGED_PKG|
12:55:45.1 (53809494)|HEAP_ALLOCATE|[94]|Bytes:284
12:55:45.1 (53824953)|HEAP_ALLOCATE|[94]|Bytes:296
12:55:45.1 (53832166)|ENTERING_MANAGED_PKG|
12:55:45.1 (53838712)|USER_DEBUG|[94]|DEBUG|######## i: FilesViewerServerController:[fileCreatedDate=2016-05-23 15:46:03, fileExtension=pdf, fileID=069B0000000zbmhIAA, fileName=ResumeTemplate 1, fileSize=48077, mapObjectsFields={ContentDocumentLink={ContentDocumentId, Id, IsDeleted, LinkedEntityId, ShareType, SystemModstamp, Visibility}}]
12:55:45.1 (53853807)|HEAP_ALLOCATE|[77]|Bytes:5
12:55:45.1 (53866147)|VARIABLE_ASSIGNMENT|[77]|e|null|
12:55:45.1 (53869606)|STATEMENT_EXECUTE|[99]
12:55:45.1 (53872631)|HEAP_ALLOCATE|[99]|Bytes:57
12:55:45.1 (53885638)|ENTERING_MANAGED_PKG|
12:55:45.1 (53961143)|HEAP_ALLOCATE|[99]|Bytes:478
12:55:45.1 (53978314)|HEAP_ALLOCATE|[99]|Bytes:535
12:55:45.1 (53986955)|ENTERING_MANAGED_PKG|
12:55:45.1 (53992957)|USER_DEBUG|[99]|DEBUG|######## FilesViewerServerController - lstReturnRecords: (FilesViewerServerController:[fileCreatedDate=2016-05-23 15:46:04, fileExtension=word, fileID=069B0000000zbmmIAA, fileName=ResumeTemplate 1, fileSize=29696, mapObjectsFields={ContentDocumentLink={ContentDocumentId, Id, IsDeleted, LinkedEntityId, ShareType, SystemModstamp, Visibility}}], FilesViewerServerController:[fileCreatedDate=2016-05-23 15:46:03, fileExtension=pdf, fileID=069B0000000zbmhIAA, fileName=ResumeTemplate 1, fileSize=48077, mapObjectsFields=(already output)])
12:55:45.1 (54001899)|STATEMENT_EXECUTE|[101]
12:55:45.1 (54013523)|SYSTEM_MODE_EXIT|false
12:55:45.54 (54066644)|CUMULATIVE_LIMIT_USAGE
12:55:45.54 (54066644)|LIMIT_USAGE_FOR_NS|(default)|
  Number of SOQL queries: 0 out of 100
  Number of query rows: 0 out of 50000
  Number of SOSL queries: 0 out of 20
  Number of DML statements: 0 out of 150
  Number of DML rows: 0 out of 10000
  Maximum CPU time: 0 out of 10000
  Maximum heap size: 0 out of 6000000
  Number of callouts: 0 out of 100
  Number of Email Invocations: 0 out of 10
  Number of future calls: 0 out of 50
  Number of queueable jobs added to the queue: 0 out of 50
  Number of Mobile Apex push calls: 0 out of 10

12:55:45.54 (54066644)|LIMIT_USAGE_FOR_NS|testautonumdata|
  Number of SOQL queries: 1 out of 100
  Number of query rows: 2 out of 50000
  Number of SOSL queries: 0 out of 20
  Number of DML statements: 0 out of 150
  Number of DML rows: 0 out of 10000
  Maximum CPU time: 0 out of 10000
  Maximum heap size: 0 out of 6000000
  Number of callouts: 0 out of 100
  Number of Email Invocations: 0 out of 10
  Number of future calls: 0 out of 50
  Number of queueable jobs added to the queue: 0 out of 50
  Number of Mobile Apex push calls: 0 out of 10

12:55:45.54 (54066644)|CUMULATIVE_LIMIT_USAGE_END

12:55:45.55 (55940038)|CODE_UNIT_STARTED|[EXTERNAL]|Aura
12:55:45.57 (57006076)|CODE_UNIT_STARTED|[EXTERNAL]|Aura
