37.0 APEX_CODE,FINEST;APEX_PROFILING,INFO;CALLOUT,INFO;DB,INFO;SYSTEM,DEBUG;VALIDATION,INFO;VISUALFORCE,INFO;WORKFLOW,INFO
12:13:17.0 (140054)|USER_INFO|[EXTERNAL]|005B0000001VpZR|rreboucas-yi5c@force.com|Pacific Standard Time|GMT-07:00
12:13:17.0 (805039)|HEAP_ALLOCATE|[72]|Bytes:3
12:13:17.0 (870100)|HEAP_ALLOCATE|[77]|Bytes:152
12:13:17.0 (904807)|HEAP_ALLOCATE|[342]|Bytes:408
12:13:17.0 (945773)|HEAP_ALLOCATE|[355]|Bytes:408
12:13:17.0 (986681)|HEAP_ALLOCATE|[467]|Bytes:48
12:13:17.3 (3529394)|USER_INFO|[EXTERNAL]|005B0000001VpZR|rreboucas-yi5c@force.com|Pacific Standard Time|GMT-07:00
12:13:17.3 (3979624)|STATEMENT_EXECUTE|[1]
12:13:17.3 (4032861)|HEAP_ALLOCATE|[50]|Bytes:5
12:13:17.3 (4072303)|HEAP_ALLOCATE|[56]|Bytes:5
12:13:17.3 (4091216)|HEAP_ALLOCATE|[64]|Bytes:7
12:13:17.3 (4134105)|SYSTEM_MODE_ENTER|false
12:13:17.3 (4158972)|HEAP_ALLOCATE|[EXTERNAL]|Bytes:5
12:13:17.3 (4174407)|SYSTEM_MODE_EXIT|false
12:13:17.3 (4195380)|METHOD_EXIT|[1]|InterviewsLCServerController
12:13:17.3 (4204334)|HEAP_ALLOCATE|[EXTERNAL]|Bytes:1
12:13:17.3 (4207946)|HEAP_ALLOCATE|[EXTERNAL]|Bytes:12
12:13:17.3 (4210805)|HEAP_ALLOCATE|[EXTERNAL]|Bytes:9
12:13:17.3 (4213431)|HEAP_ALLOCATE|[EXTERNAL]|Bytes:7
12:13:17.3 (4215900)|HEAP_ALLOCATE|[EXTERNAL]|Bytes:12
12:13:17.3 (4218350)|HEAP_ALLOCATE|[EXTERNAL]|Bytes:25
12:13:17.3 (4220969)|HEAP_ALLOCATE|[EXTERNAL]|Bytes:29
12:13:17.3 (4223255)|HEAP_ALLOCATE|[EXTERNAL]|Bytes:7
12:13:17.3 (4226039)|HEAP_ALLOCATE|[EXTERNAL]|Bytes:17
12:13:17.3 (4241472)|SYSTEM_MODE_ENTER|false
12:13:17.3 (4259271)|VARIABLE_SCOPE_BEGIN|[19]|rowsLimit|String|false|false
12:13:17.3 (4298500)|VARIABLE_ASSIGNMENT|[19]|rowsLimit|"8"
12:13:17.3 (4309710)|VARIABLE_SCOPE_BEGIN|[19]|objectApiName|String|false|false
12:13:17.3 (4318777)|VARIABLE_ASSIGNMENT|[19]|objectApiName|"Interview__c"
12:13:17.3 (4325893)|VARIABLE_SCOPE_BEGIN|[19]|filter1Field|String|false|false
12:13:17.3 (4332626)|VARIABLE_ASSIGNMENT|[19]|filter1Field|"Status__c"
12:13:17.3 (4339736)|VARIABLE_SCOPE_BEGIN|[19]|filter1Value|String|false|false
12:13:17.3 (4354369)|VARIABLE_ASSIGNMENT|[19]|filter1Value|"Pending"
12:13:17.3 (4362053)|VARIABLE_SCOPE_BEGIN|[19]|eventField|String|false|false
12:13:17.3 (4369025)|VARIABLE_ASSIGNMENT|[19]|eventField|"Candidate__c"
12:13:17.3 (4375421)|VARIABLE_SCOPE_BEGIN|[19]|column1|String|false|false
12:13:17.3 (4385116)|VARIABLE_ASSIGNMENT|[19]|column1|"Candidate__r.Full_Na (5 more) ..."
12:13:17.3 (4392502)|VARIABLE_SCOPE_BEGIN|[19]|column2|String|false|false
12:13:17.3 (4400947)|VARIABLE_ASSIGNMENT|[19]|column2|"Candidate__r.Positio (9 more) ..."
12:13:17.3 (4407854)|VARIABLE_SCOPE_BEGIN|[19]|column3|String|false|false
12:13:17.3 (4414327)|VARIABLE_ASSIGNMENT|[19]|column3|"Date__c"
12:13:17.3 (4421007)|VARIABLE_SCOPE_BEGIN|[19]|column4|String|false|false
12:13:17.3 (4427845)|VARIABLE_ASSIGNMENT|[19]|column4|"Interview_Type__c"
12:13:17.3 (4449237)|HEAP_ALLOCATE|[21]|Bytes:5
12:13:17.3 (4457189)|STATEMENT_EXECUTE|[19]
12:13:17.3 (4459648)|STATEMENT_EXECUTE|[21]
12:13:17.3 (4466019)|HEAP_ALLOCATE|[21]|Bytes:20
12:13:17.3 (4485988)|HEAP_ALLOCATE|[21]|Bytes:21
12:13:17.3 (4527737)|ENTERING_MANAGED_PKG|
12:13:17.3 (4570891)|USER_DEBUG|[21]|DEBUG|######## rowsLimit: 8
12:13:17.3 (4586217)|STATEMENT_EXECUTE|[22]
12:13:17.3 (4592346)|HEAP_ALLOCATE|[22]|Bytes:24
12:13:17.3 (4603481)|HEAP_ALLOCATE|[22]|Bytes:36
12:13:17.3 (4625562)|ENTERING_MANAGED_PKG|
12:13:17.3 (4654622)|USER_DEBUG|[22]|DEBUG|######## objectApiName: Interview__c
12:13:17.3 (4666784)|STATEMENT_EXECUTE|[24]
12:13:17.3 (4675300)|HEAP_ALLOCATE|[24]|Bytes:4
12:13:17.3 (4792281)|ENTERING_MANAGED_PKG|
12:13:17.3 (4833415)|VARIABLE_SCOPE_BEGIN|[24]|lstReturnRecords|List<testautonumdata.InterviewsLCServerController>|true|false
12:13:17.3 (4872339)|HEAP_ALLOCATE|[EXTERNAL]|Bytes:4
12:13:17.3 (4905391)|VARIABLE_ASSIGNMENT|[24]|lstReturnRecords|{"s":1,"v":[]}|0x7f38300d
12:13:17.3 (4912036)|STATEMENT_EXECUTE|[26]
12:13:17.3 (4953381)|ENTERING_MANAGED_PKG|
12:13:17.3 (5009728)|VARIABLE_SCOPE_BEGIN|[26]|rLimit|Integer|false|false
12:13:17.3 (5019229)|HEAP_ALLOCATE|[26]|Bytes:4
12:13:17.3 (5030965)|VARIABLE_ASSIGNMENT|[26]|rLimit|8
12:13:17.3 (5035319)|STATEMENT_EXECUTE|[27]
12:13:17.3 (5040827)|HEAP_ALLOCATE|[27]|Bytes:17
12:13:17.3 (5074254)|ENTERING_MANAGED_PKG|
12:13:17.3 (5117976)|HEAP_ALLOCATE|[27]|Bytes:1
12:13:17.3 (5144778)|HEAP_ALLOCATE|[27]|Bytes:18
12:13:17.3 (5169448)|ENTERING_MANAGED_PKG|
12:13:17.3 (5178134)|USER_DEBUG|[27]|DEBUG|######## rLimit: 8
12:13:17.3 (5188929)|STATEMENT_EXECUTE|[29]
12:13:17.3 (5195813)|HEAP_ALLOCATE|[29]|Bytes:9
12:13:17.3 (5205284)|VARIABLE_SCOPE_BEGIN|[29]|soql|String|false|false
12:13:17.3 (5216813)|VARIABLE_ASSIGNMENT|[29]|soql|"Select id"
12:13:17.3 (5221556)|STATEMENT_EXECUTE|[32]
12:13:17.3 (5226711)|HEAP_ALLOCATE|[32]|Bytes:2
12:13:17.3 (5237770)|HEAP_ALLOCATE|[32]|Bytes:14
12:13:17.3 (5246740)|HEAP_ALLOCATE|[32]|Bytes:23
12:13:17.3 (5262165)|VARIABLE_ASSIGNMENT|[32]|soql|"Select id, Candidate (3 more) ..."
12:13:17.3 (5268438)|STATEMENT_EXECUTE|[35]
12:13:17.3 (5277893)|HEAP_ALLOCATE|[35]|Bytes:27
12:13:17.3 (5286455)|HEAP_ALLOCATE|[35]|Bytes:50
12:13:17.3 (5301086)|VARIABLE_ASSIGNMENT|[35]|soql|"Select id, Candidate (30 more) ..."
12:13:17.3 (5306976)|STATEMENT_EXECUTE|[38]
12:13:17.3 (5316631)|HEAP_ALLOCATE|[38]|Bytes:31
12:13:17.3 (5325577)|HEAP_ALLOCATE|[38]|Bytes:81
12:13:17.3 (5339223)|VARIABLE_ASSIGNMENT|[38]|soql|"Select id, Candidate (61 more) ..."
12:13:17.3 (5349993)|STATEMENT_EXECUTE|[41]
12:13:17.3 (5360327)|HEAP_ALLOCATE|[41]|Bytes:9
12:13:17.3 (5370273)|HEAP_ALLOCATE|[41]|Bytes:90
12:13:17.3 (5385450)|VARIABLE_ASSIGNMENT|[41]|soql|"Select id, Candidate (70 more) ..."
12:13:17.3 (5391023)|STATEMENT_EXECUTE|[44]
12:13:17.3 (5400082)|HEAP_ALLOCATE|[44]|Bytes:19
12:13:17.3 (5409892)|HEAP_ALLOCATE|[44]|Bytes:109
12:13:17.3 (5425619)|VARIABLE_ASSIGNMENT|[44]|soql|"Select id, Candidate (89 more) ..."
12:13:17.3 (5430774)|STATEMENT_EXECUTE|[47]
12:13:17.3 (5436335)|HEAP_ALLOCATE|[47]|Bytes:6
12:13:17.3 (5445736)|HEAP_ALLOCATE|[47]|Bytes:18
12:13:17.3 (5453343)|HEAP_ALLOCATE|[47]|Bytes:127
12:13:17.3 (5467572)|VARIABLE_ASSIGNMENT|[47]|soql|"Select id, Candidate (107 more) ..."
12:13:17.3 (5479422)|STATEMENT_EXECUTE|[51]
12:13:17.3 (5486094)|HEAP_ALLOCATE|[51]|Bytes:7
12:13:17.3 (5491915)|HEAP_ALLOCATE|[51]|Bytes:4
12:13:17.3 (5496035)|HEAP_ALLOCATE|[51]|Bytes:1
12:13:17.3 (5516980)|HEAP_ALLOCATE|[51]|Bytes:28
12:13:17.3 (5527686)|HEAP_ALLOCATE|[51]|Bytes:155
12:13:17.3 (5543144)|VARIABLE_ASSIGNMENT|[51]|soql|"Select id, Candidate (135 more) ..."
12:13:17.3 (5548864)|STATEMENT_EXECUTE|[54]
12:13:17.3 (5554823)|HEAP_ALLOCATE|[54]|Bytes:7
12:13:17.3 (5564099)|HEAP_ALLOCATE|[54]|Bytes:8
12:13:17.3 (5572056)|HEAP_ALLOCATE|[54]|Bytes:163
12:13:17.3 (5586788)|VARIABLE_ASSIGNMENT|[54]|soql|"Select id, Candidate (143 more) ..."
12:13:17.3 (5592057)|STATEMENT_EXECUTE|[58]
12:13:17.3 (5597342)|HEAP_ALLOCATE|[58]|Bytes:15
12:13:17.3 (5608019)|HEAP_ALLOCATE|[58]|Bytes:178
12:13:17.3 (5631148)|ENTERING_MANAGED_PKG|
12:13:17.3 (5663040)|USER_DEBUG|[58]|DEBUG|######## soql: Select id, Candidate__c, Candidate__r.Full_Name__c, Candidate__r.Position__r.Name, Date__c, Interview_Type__c FROM Interview__c where Status__c = 'Pending' limit 8
12:13:17.3 (5676625)|STATEMENT_EXECUTE|[60]
12:13:17.3 (5713248)|ENTERING_MANAGED_PKG|
12:13:17.3 (5736905)|HEAP_ALLOCATE|[60]|Bytes:4
12:13:17.3 (9938584)|SOQL_EXECUTE_BEGIN|[60]|Aggregations:0|Select id, Candidate__c, Candidate__r.Full_Name__c, Candidate__r.Position__r.Name, Date__c, Interview_Type__c FROM Interview__c where Status__c = 'Pending' limit 8
12:13:17.3 (29501907)|SOQL_EXECUTE_END|[60]|Rows:2
12:13:17.3 (29536333)|HEAP_ALLOCATE|[60]|Bytes:12
12:13:17.3 (29566187)|HEAP_ALLOCATE|[60]|Bytes:840
12:13:17.3 (29665810)|HEAP_ALLOCATE|[60]|Bytes:12
12:13:17.3 (29689377)|VARIABLE_SCOPE_BEGIN|[60]|lstQueriedRecords|List<SObject>|true|false
12:13:17.3 (29762438)|VARIABLE_ASSIGNMENT|[60]|lstQueriedRecords|{"s":1,"v":[{"s":2,"v":{"Id":"a0NB0000000TaTOMA0","testautonumdata__Can (9 more) ...":"a0MB0000000cQXFMA2","testautonumdata__Dat (4 more) ...":"11/9/2016","testautonumdata__Int (14 more) ...":"Technical Interview","testautonumdata__Can (9 more) ...":{"s":3,"v":{"testautonumdata__Ful (9 more) ...":"Rodrigo Reboucas","testautonumdata__Pos (8 more) ...":"a0LB0000000seqpMAA","Id":"a0MB0000000cQXFMA2","testautonumdata__Pos (8 more) ...":{"s":4,"v":{"Name":"Architect - Force.co (1 more) ...","Id":"a0LB0000000seqpMAA"}}}}}},{"s":5,"v":{"Id":"a0NB0000000RasPMAS","testautonumdata__Can (9 more) ...":"a0MB0000000cQdIMAU","testautonumdata__Dat (4 more) ...":"10/26/2016","testautonumdata__Int (14 more) ...":"Recruiter Interview","testautonumdata__Can (9 more) ...":{"s":6,"v":{"testautonumdata__Ful (9 more) ...":"Lizz Brooks","testautonumdata__Pos (8 more) ...":"a0LB0000000sexWMAQ","Id":"a0MB0000000cQdIMAU","testautonumdata__Pos (8 more) ...":{"s":7,"v":{"Name":"Project Coordinator","Id":"a0LB0000000sexWMAQ"}}}}}}]}|0x1fa3c7c0
12:13:17.3 (29774765)|STATEMENT_EXECUTE|[62]
12:13:17.3 (29780749)|HEAP_ALLOCATE|[62]|Bytes:28
12:13:17.3 (29810570)|ENTERING_MANAGED_PKG|
12:13:17.3 (29932769)|HEAP_ALLOCATE|[62]|Bytes:395
12:13:17.3 (29953644)|HEAP_ALLOCATE|[62]|Bytes:423
12:13:17.3 (29970895)|ENTERING_MANAGED_PKG|
12:13:17.3 (29978567)|USER_DEBUG|[62]|DEBUG|######## lstQueriedRecords: (testautonumdata__Interview__c:{Id=a0NB0000000TaTOMA0, testautonumdata__Candidate__c=a0MB0000000cQXFMA2, testautonumdata__Date__c=11/9/2016, testautonumdata__Interview_Type__c=Technical Interview}, testautonumdata__Interview__c:{Id=a0NB0000000RasPMAS, testautonumdata__Candidate__c=a0MB0000000cQdIMAU, testautonumdata__Date__c=10/26/2016, testautonumdata__Interview_Type__c=Recruiter Interview})
12:13:17.3 (30060728)|ENTERING_MANAGED_PKG|
12:13:17.3 (30361821)|HEAP_ALLOCATE|[66]|Bytes:5
12:13:17.3 (30407364)|HEAP_ALLOCATE|[66]|Bytes:24
12:13:17.3 (30428935)|VARIABLE_SCOPE_BEGIN|[66]|e|SObject|true|false
12:13:17.3 (30462505)|VARIABLE_ASSIGNMENT|[66]|e|{"s":1,"v":{"Id":"a0NB0000000TaTOMA0","testautonumdata__Can (9 more) ...":"a0MB0000000cQXFMA2","testautonumdata__Dat (4 more) ...":"11/9/2016","testautonumdata__Int (14 more) ...":"Technical Interview","testautonumdata__Can (9 more) ...":{"s":2,"v":{"testautonumdata__Ful (9 more) ...":"Rodrigo Reboucas","testautonumdata__Pos (8 more) ...":"a0LB0000000seqpMAA","Id":"a0MB0000000cQXFMA2","testautonumdata__Pos (8 more) ...":{"s":3,"v":{"Name":"Architect - Force.co (1 more) ...","Id":"a0LB0000000seqpMAA"}}}}}}|0x6b75b7f4
12:13:17.3 (30469767)|STATEMENT_EXECUTE|[67]
12:13:17.3 (30471388)|STATEMENT_EXECUTE|[68]
12:13:17.3 (30475456)|HEAP_ALLOCATE|[68]|Bytes:12
12:13:17.3 (30500101)|ENTERING_MANAGED_PKG|
12:13:17.3 (30571834)|HEAP_ALLOCATE|[68]|Bytes:195
12:13:17.3 (30589592)|HEAP_ALLOCATE|[68]|Bytes:207
12:13:17.3 (30603550)|ENTERING_MANAGED_PKG|
12:13:17.3 (30608381)|USER_DEBUG|[68]|DEBUG|######## e: testautonumdata__Interview__c:{Id=a0NB0000000TaTOMA0, testautonumdata__Candidate__c=a0MB0000000cQXFMA2, testautonumdata__Date__c=11/9/2016, testautonumdata__Interview_Type__c=Technical Interview}
12:13:17.3 (30615672)|STATEMENT_EXECUTE|[69]
12:13:17.3 (30637988)|HEAP_ALLOCATE|[69]|Bytes:28
12:13:17.3 (30661734)|CONSTRUCTOR_ENTRY|[69]|01pB0000000lA1s|<init>()
12:13:17.3 (30704192)|VARIABLE_SCOPE_BEGIN|[1]|this|testautonumdata.InterviewsLCServerController|true|false
12:13:17.3 (30772670)|VARIABLE_ASSIGNMENT|[1]|this|{}|0x6792f62b
12:13:17.3 (30781411)|HEAP_ALLOCATE|[EXTERNAL]|Bytes:5
12:13:17.3 (30792316)|HEAP_ALLOCATE|[EXTERNAL]|Bytes:6
12:13:17.3 (30827721)|STATEMENT_EXECUTE|[1]
12:13:17.3 (30832654)|HEAP_ALLOCATE|[EXTERNAL]|Bytes:5
12:13:17.3 (30835542)|STATEMENT_EXECUTE|[4]
12:13:17.3 (30836999)|STATEMENT_EXECUTE|[6]
12:13:17.3 (30838181)|STATEMENT_EXECUTE|[8]
12:13:17.3 (30839230)|STATEMENT_EXECUTE|[10]
12:13:17.3 (30840355)|STATEMENT_EXECUTE|[12]
12:13:17.3 (30841299)|STATEMENT_EXECUTE|[14]
12:13:17.3 (30851908)|CONSTRUCTOR_EXIT|[69]|01pB0000000lA1s|<init>()
12:13:17.3 (30857133)|VARIABLE_SCOPE_BEGIN|[69]|i|testautonumdata.InterviewsLCServerController|true|false
12:13:17.3 (30877933)|VARIABLE_ASSIGNMENT|[69]|i|{}|0x6792f62b
12:13:17.3 (30880845)|STATEMENT_EXECUTE|[72]
12:13:17.3 (30884907)|HEAP_ALLOCATE|[72]|Bytes:2
12:13:17.3 (30919746)|ENTERING_MANAGED_PKG|
12:13:17.3 (30975702)|HEAP_ALLOCATE|[72]|Bytes:4
12:13:17.3 (30999709)|ENTERING_MANAGED_PKG|
12:13:17.3 (31004882)|HEAP_ALLOCATE|[72]|Bytes:18
12:13:17.3 (31052164)|VARIABLE_ASSIGNMENT|[EXTERNAL]|this|{}|0x6792f62b
12:13:17.3 (31062063)|VARIABLE_ASSIGNMENT|[EXTERNAL]|value|"a0NB0000000TaTOMA0"
12:13:17.3 (31084318)|VARIABLE_ASSIGNMENT|[4]|this.recordID|"a0NB0000000TaTOMA0"|0x6792f62b
12:13:17.3 (31093111)|STATEMENT_EXECUTE|[74]
12:13:17.3 (31094741)|STATEMENT_EXECUTE|[75]
12:13:17.3 (31112960)|METHOD_ENTRY|[75]|01pB0000000lA1s|testautonumdata.InterviewsLCServerController.GetSobjectField(SObject, String)
12:13:17.3 (31143043)|VARIABLE_SCOPE_BEGIN|[111]|e|SObject|true|false
12:13:17.3 (31167037)|VARIABLE_ASSIGNMENT|[111]|e|{"s":1,"v":{"Id":"a0NB0000000TaTOMA0","testautonumdata__Can (9 more) ...":"a0MB0000000cQXFMA2","testautonumdata__Dat (4 more) ...":"11/9/2016","testautonumdata__Int (14 more) ...":"Technical Interview","testautonumdata__Can (9 more) ...":{"s":2,"v":{"testautonumdata__Ful (9 more) ...":"Rodrigo Reboucas","testautonumdata__Pos (8 more) ...":"a0LB0000000seqpMAA","Id":"a0MB0000000cQXFMA2","testautonumdata__Pos (8 more) ...":{"s":3,"v":{"Name":"Architect - Force.co (1 more) ...","Id":"a0LB0000000seqpMAA"}}}}}}|0x6b75b7f4
12:13:17.3 (31175483)|VARIABLE_SCOPE_BEGIN|[111]|lcfield|String|false|false
12:13:17.3 (31180231)|VARIABLE_ASSIGNMENT|[111]|lcfield|"Candidate__c"
12:13:17.3 (31189144)|HEAP_ALLOCATE|[114]|Bytes:5
12:13:17.3 (31193387)|STATEMENT_EXECUTE|[112]
12:13:17.3 (31194905)|STATEMENT_EXECUTE|[114]
12:13:17.3 (31200189)|VARIABLE_SCOPE_BEGIN|[114]|returnValue|String|false|false
12:13:17.3 (31205805)|VARIABLE_ASSIGNMENT|[114]|returnValue|""
12:13:17.3 (31208951)|HEAP_ALLOCATE|[116]|Bytes:1
12:13:17.3 (31233655)|ENTERING_MANAGED_PKG|
12:13:17.3 (31268320)|STATEMENT_EXECUTE|[131]
12:13:17.3 (31282971)|ENTERING_MANAGED_PKG|
12:13:17.3 (31331924)|HEAP_ALLOCATE|[131]|Bytes:4
12:13:17.3 (31355127)|ENTERING_MANAGED_PKG|
12:13:17.3 (31359763)|HEAP_ALLOCATE|[131]|Bytes:18
12:13:17.3 (31374239)|VARIABLE_ASSIGNMENT|[131]|returnValue|"a0MB0000000cQXFMA2"
12:13:17.3 (31377575)|STATEMENT_EXECUTE|[133]
12:13:17.3 (31387106)|METHOD_EXIT|[75]|01pB0000000lA1s|testautonumdata.InterviewsLCServerController.GetSobjectField(SObject, String)
12:13:17.3 (31430835)|VARIABLE_ASSIGNMENT|[EXTERNAL]|this|{"recordID":"a0NB0000000TaTOMA0"}|0x6792f62b
12:13:17.3 (31439471)|VARIABLE_ASSIGNMENT|[EXTERNAL]|value|"a0MB0000000cQXFMA2"
12:13:17.3 (31454942)|VARIABLE_ASSIGNMENT|[6]|this.eventField|"a0MB0000000cQXFMA2"|0x6792f62b
12:13:17.3 (31463933)|STATEMENT_EXECUTE|[78]
12:13:17.3 (31465606)|STATEMENT_EXECUTE|[79]
12:13:17.3 (31471740)|METHOD_ENTRY|[79]|01pB0000000lA1s|testautonumdata.InterviewsLCServerController.GetSobjectField(SObject, String)
12:13:17.3 (31491789)|VARIABLE_SCOPE_BEGIN|[111]|e|SObject|true|false
12:13:17.3 (31514963)|VARIABLE_ASSIGNMENT|[111]|e|{"s":1,"v":{"Id":"a0NB0000000TaTOMA0","testautonumdata__Can (9 more) ...":"a0MB0000000cQXFMA2","testautonumdata__Dat (4 more) ...":"11/9/2016","testautonumdata__Int (14 more) ...":"Technical Interview","testautonumdata__Can (9 more) ...":{"s":2,"v":{"testautonumdata__Ful (9 more) ...":"Rodrigo Reboucas","testautonumdata__Pos (8 more) ...":"a0LB0000000seqpMAA","Id":"a0MB0000000cQXFMA2","testautonumdata__Pos (8 more) ...":{"s":3,"v":{"Name":"Architect - Force.co (1 more) ...","Id":"a0LB0000000seqpMAA"}}}}}}|0x6b75b7f4
12:13:17.3 (31520911)|VARIABLE_SCOPE_BEGIN|[111]|lcfield|String|false|false
12:13:17.3 (31525616)|VARIABLE_ASSIGNMENT|[111]|lcfield|"Candidate__r.Full_Na (5 more) ..."
12:13:17.3 (31533611)|HEAP_ALLOCATE|[114]|Bytes:5
12:13:17.3 (31537334)|STATEMENT_EXECUTE|[112]
12:13:17.3 (31538556)|STATEMENT_EXECUTE|[114]
12:13:17.3 (31543055)|VARIABLE_SCOPE_BEGIN|[114]|returnValue|String|false|false
12:13:17.3 (31547976)|VARIABLE_ASSIGNMENT|[114]|returnValue|""
12:13:17.3 (31565290)|ENTERING_MANAGED_PKG|
12:13:17.3 (31575954)|STATEMENT_EXECUTE|[117]
12:13:17.3 (31577727)|STATEMENT_EXECUTE|[118]
12:13:17.3 (31594243)|ENTERING_MANAGED_PKG|
12:13:17.3 (31618886)|HEAP_ALLOCATE|[118]|Bytes:12
12:13:17.3 (31632257)|VARIABLE_SCOPE_BEGIN|[118]|relName|String|false|false
12:13:17.3 (31640208)|VARIABLE_ASSIGNMENT|[118]|relName|"Candidate__r"
12:13:17.3 (31642783)|STATEMENT_EXECUTE|[119]
12:13:17.3 (31661226)|ENTERING_MANAGED_PKG|
12:13:17.3 (31684046)|HEAP_ALLOCATE|[119]|Bytes:12
12:13:17.3 (31697027)|VARIABLE_SCOPE_BEGIN|[119]|relField|String|false|false
12:13:17.3 (31704934)|VARIABLE_ASSIGNMENT|[119]|relField|"Full_Name__c"
12:13:17.3 (31719747)|ENTERING_MANAGED_PKG|
12:13:17.3 (31748605)|STATEMENT_EXECUTE|[127]
12:13:17.3 (31766977)|ENTERING_MANAGED_PKG|
12:13:17.3 (31855312)|HEAP_ALLOCATE|[127]|Bytes:20
12:13:17.3 (31879682)|ENTERING_MANAGED_PKG|
12:13:17.3 (31907812)|HEAP_ALLOCATE|[127]|Bytes:16
12:13:17.3 (31929043)|ENTERING_MANAGED_PKG|
12:13:17.3 (31933307)|HEAP_ALLOCATE|[127]|Bytes:16
12:13:17.3 (31947459)|VARIABLE_ASSIGNMENT|[127]|returnValue|"Rodrigo Reboucas"
12:13:17.3 (31951236)|STATEMENT_EXECUTE|[133]
12:13:17.3 (31959263)|METHOD_EXIT|[79]|01pB0000000lA1s|testautonumdata.InterviewsLCServerController.GetSobjectField(SObject, String)
12:13:17.3 (32004314)|VARIABLE_ASSIGNMENT|[EXTERNAL]|this|{"eventField":"a0MB0000000cQXFMA2","recordID":"a0NB0000000TaTOMA0"}|0x6792f62b
12:13:17.3 (32014310)|VARIABLE_ASSIGNMENT|[EXTERNAL]|value|"Rodrigo Reboucas"
12:13:17.3 (32029503)|VARIABLE_ASSIGNMENT|[8]|this.column1|"Rodrigo Reboucas"|0x6792f62b
12:13:17.3 (32038578)|STATEMENT_EXECUTE|[82]
12:13:17.3 (32040405)|STATEMENT_EXECUTE|[83]
12:13:17.3 (32046714)|METHOD_ENTRY|[83]|01pB0000000lA1s|testautonumdata.InterviewsLCServerController.GetSobjectField(SObject, String)
12:13:17.3 (32066264)|VARIABLE_SCOPE_BEGIN|[111]|e|SObject|true|false
12:13:17.3 (32089902)|VARIABLE_ASSIGNMENT|[111]|e|{"s":1,"v":{"Id":"a0NB0000000TaTOMA0","testautonumdata__Can (9 more) ...":"a0MB0000000cQXFMA2","testautonumdata__Dat (4 more) ...":"11/9/2016","testautonumdata__Int (14 more) ...":"Technical Interview","testautonumdata__Can (9 more) ...":{"s":2,"v":{"testautonumdata__Ful (9 more) ...":"Rodrigo Reboucas","testautonumdata__Pos (8 more) ...":"a0LB0000000seqpMAA","Id":"a0MB0000000cQXFMA2","testautonumdata__Pos (8 more) ...":{"s":3,"v":{"Name":"Architect - Force.co (1 more) ...","Id":"a0LB0000000seqpMAA"}}}}}}|0x6b75b7f4
12:13:17.3 (32095509)|VARIABLE_SCOPE_BEGIN|[111]|lcfield|String|false|false
12:13:17.3 (32099819)|VARIABLE_ASSIGNMENT|[111]|lcfield|"Candidate__r.Positio (9 more) ..."
12:13:17.3 (32107668)|HEAP_ALLOCATE|[114]|Bytes:5
12:13:17.3 (32111320)|STATEMENT_EXECUTE|[112]
12:13:17.3 (32112941)|STATEMENT_EXECUTE|[114]
12:13:17.3 (32117461)|VARIABLE_SCOPE_BEGIN|[114]|returnValue|String|false|false
12:13:17.3 (32122018)|VARIABLE_ASSIGNMENT|[114]|returnValue|""
12:13:17.3 (32143473)|ENTERING_MANAGED_PKG|
12:13:17.3 (32154614)|STATEMENT_EXECUTE|[117]
12:13:17.3 (32156317)|STATEMENT_EXECUTE|[118]
12:13:17.3 (32165774)|ENTERING_MANAGED_PKG|
12:13:17.3 (32169882)|HEAP_ALLOCATE|[118]|Bytes:12
12:13:17.3 (32179471)|VARIABLE_SCOPE_BEGIN|[118]|relName|String|false|false
12:13:17.3 (32186516)|VARIABLE_ASSIGNMENT|[118]|relName|"Candidate__r"
12:13:17.3 (32189016)|STATEMENT_EXECUTE|[119]
12:13:17.3 (32200279)|ENTERING_MANAGED_PKG|
12:13:17.3 (32204203)|HEAP_ALLOCATE|[119]|Bytes:16
12:13:17.3 (32213617)|VARIABLE_SCOPE_BEGIN|[119]|relField|String|false|false
12:13:17.3 (32220080)|VARIABLE_ASSIGNMENT|[119]|relField|"Position__r.Name"
12:13:17.3 (32231025)|ENTERING_MANAGED_PKG|
12:13:17.3 (32239678)|STATEMENT_EXECUTE|[121]
12:13:17.3 (32241427)|STATEMENT_EXECUTE|[122]
12:13:17.3 (32251397)|ENTERING_MANAGED_PKG|
12:13:17.3 (32274591)|HEAP_ALLOCATE|[122]|Bytes:11
12:13:17.3 (32287385)|VARIABLE_SCOPE_BEGIN|[122]|relName2|String|false|false
12:13:17.3 (32294604)|VARIABLE_ASSIGNMENT|[122]|relName2|"Position__r"
12:13:17.3 (32297293)|STATEMENT_EXECUTE|[123]
12:13:17.3 (32312120)|ENTERING_MANAGED_PKG|
12:13:17.3 (32333442)|HEAP_ALLOCATE|[123]|Bytes:4
12:13:17.3 (32346455)|VARIABLE_SCOPE_BEGIN|[123]|relField2|String|false|false
12:13:17.3 (32353662)|VARIABLE_ASSIGNMENT|[123]|relField2|"Name"
12:13:17.3 (32356294)|STATEMENT_EXECUTE|[124]
12:13:17.3 (32371021)|ENTERING_MANAGED_PKG|
12:13:17.3 (32424796)|HEAP_ALLOCATE|[124]|Bytes:20
12:13:17.3 (32448274)|ENTERING_MANAGED_PKG|
12:13:17.3 (32506210)|HEAP_ALLOCATE|[124]|Bytes:12
12:13:17.3 (32529508)|ENTERING_MANAGED_PKG|
12:13:17.3 (32556019)|HEAP_ALLOCATE|[124]|Bytes:21
12:13:17.3 (32577084)|ENTERING_MANAGED_PKG|
12:13:17.3 (32581477)|HEAP_ALLOCATE|[124]|Bytes:21
12:13:17.3 (32596665)|VARIABLE_ASSIGNMENT|[124]|returnValue|"Architect - Force.co (1 more) ..."
12:13:17.3 (32600611)|STATEMENT_EXECUTE|[133]
12:13:17.3 (32608720)|METHOD_EXIT|[83]|01pB0000000lA1s|testautonumdata.InterviewsLCServerController.GetSobjectField(SObject, String)
12:13:17.3 (32653746)|VARIABLE_ASSIGNMENT|[EXTERNAL]|this|{"column1":"Rodrigo Reboucas","eventField":"a0MB0000000cQXFMA2","recordID":"a0NB0000000TaTOMA0"}|0x6792f62b
12:13:17.3 (32664094)|VARIABLE_ASSIGNMENT|[EXTERNAL]|value|"Architect - Force.co (1 more) ..."
12:13:17.3 (32680103)|VARIABLE_ASSIGNMENT|[10]|this.column2|"Architect - Force.co (1 more) ..."|0x6792f62b
12:13:17.3 (32688874)|STATEMENT_EXECUTE|[87]
12:13:17.3 (32690526)|STATEMENT_EXECUTE|[88]
12:13:17.3 (32696585)|METHOD_ENTRY|[88]|01pB0000000lA1s|testautonumdata.InterviewsLCServerController.GetSobjectField(SObject, String)
12:13:17.3 (32716164)|VARIABLE_SCOPE_BEGIN|[111]|e|SObject|true|false
12:13:17.3 (32739011)|VARIABLE_ASSIGNMENT|[111]|e|{"s":1,"v":{"Id":"a0NB0000000TaTOMA0","testautonumdata__Can (9 more) ...":"a0MB0000000cQXFMA2","testautonumdata__Dat (4 more) ...":"11/9/2016","testautonumdata__Int (14 more) ...":"Technical Interview","testautonumdata__Can (9 more) ...":{"s":2,"v":{"testautonumdata__Ful (9 more) ...":"Rodrigo Reboucas","testautonumdata__Pos (8 more) ...":"a0LB0000000seqpMAA","Id":"a0MB0000000cQXFMA2","testautonumdata__Pos (8 more) ...":{"s":3,"v":{"Name":"Architect - Force.co (1 more) ...","Id":"a0LB0000000seqpMAA"}}}}}}|0x6b75b7f4
12:13:17.3 (32744768)|VARIABLE_SCOPE_BEGIN|[111]|lcfield|String|false|false
12:13:17.3 (32748680)|VARIABLE_ASSIGNMENT|[111]|lcfield|"Date__c"
12:13:17.3 (32756385)|HEAP_ALLOCATE|[114]|Bytes:5
12:13:17.3 (32760068)|STATEMENT_EXECUTE|[112]
12:13:17.3 (32761268)|STATEMENT_EXECUTE|[114]
12:13:17.3 (32765599)|VARIABLE_SCOPE_BEGIN|[114]|returnValue|String|false|false
12:13:17.3 (32770246)|VARIABLE_ASSIGNMENT|[114]|returnValue|""
12:13:17.3 (32787270)|ENTERING_MANAGED_PKG|
12:13:17.3 (32797219)|STATEMENT_EXECUTE|[131]
12:13:17.3 (32806842)|ENTERING_MANAGED_PKG|
12:13:17.3 (32828428)|HEAP_ALLOCATE|[131]|Bytes:9
12:13:17.3 (32847601)|ENTERING_MANAGED_PKG|
12:13:17.3 (32851675)|HEAP_ALLOCATE|[131]|Bytes:9
12:13:17.3 (32864525)|VARIABLE_ASSIGNMENT|[131]|returnValue|"11/9/2016"
12:13:17.3 (32867474)|STATEMENT_EXECUTE|[133]
12:13:17.3 (32875000)|METHOD_EXIT|[88]|01pB0000000lA1s|testautonumdata.InterviewsLCServerController.GetSobjectField(SObject, String)
12:13:17.3 (32920002)|VARIABLE_ASSIGNMENT|[EXTERNAL]|this|{"column1":"Rodrigo Reboucas","column2":"Architect - Force.co (1 more) ...","eventField":"a0MB0000000cQXFMA2","recordID":"a0NB0000000TaTOMA0"}|0x6792f62b
12:13:17.3 (32929038)|VARIABLE_ASSIGNMENT|[EXTERNAL]|value|"11/9/2016"
12:13:17.3 (32943715)|VARIABLE_ASSIGNMENT|[12]|this.column3|"11/9/2016"|0x6792f62b
12:13:17.3 (32952224)|STATEMENT_EXECUTE|[92]
12:13:17.3 (32953857)|STATEMENT_EXECUTE|[93]
12:13:17.3 (32959877)|METHOD_ENTRY|[93]|01pB0000000lA1s|testautonumdata.InterviewsLCServerController.GetSobjectField(SObject, String)
12:13:17.3 (32978794)|VARIABLE_SCOPE_BEGIN|[111]|e|SObject|true|false
12:13:17.3 (33001743)|VARIABLE_ASSIGNMENT|[111]|e|{"s":1,"v":{"Id":"a0NB0000000TaTOMA0","testautonumdata__Can (9 more) ...":"a0MB0000000cQXFMA2","testautonumdata__Dat (4 more) ...":"11/9/2016","testautonumdata__Int (14 more) ...":"Technical Interview","testautonumdata__Can (9 more) ...":{"s":2,"v":{"testautonumdata__Ful (9 more) ...":"Rodrigo Reboucas","testautonumdata__Pos (8 more) ...":"a0LB0000000seqpMAA","Id":"a0MB0000000cQXFMA2","testautonumdata__Pos (8 more) ...":{"s":3,"v":{"Name":"Architect - Force.co (1 more) ...","Id":"a0LB0000000seqpMAA"}}}}}}|0x6b75b7f4
12:13:17.3 (33009037)|VARIABLE_SCOPE_BEGIN|[111]|lcfield|String|false|false
12:13:17.3 (33013174)|VARIABLE_ASSIGNMENT|[111]|lcfield|"Interview_Type__c"
12:13:17.3 (33020995)|HEAP_ALLOCATE|[114]|Bytes:5
12:13:17.3 (33024646)|STATEMENT_EXECUTE|[112]
12:13:17.3 (33025858)|STATEMENT_EXECUTE|[114]
12:13:17.3 (33030316)|VARIABLE_SCOPE_BEGIN|[114]|returnValue|String|false|false
12:13:17.3 (33034773)|VARIABLE_ASSIGNMENT|[114]|returnValue|""
12:13:17.3 (33051635)|ENTERING_MANAGED_PKG|
12:13:17.3 (33061554)|STATEMENT_EXECUTE|[131]
12:13:17.3 (33071226)|ENTERING_MANAGED_PKG|
12:13:17.3 (33092409)|HEAP_ALLOCATE|[131]|Bytes:19
12:13:17.3 (33111315)|ENTERING_MANAGED_PKG|
12:13:17.3 (33115304)|HEAP_ALLOCATE|[131]|Bytes:19
12:13:17.3 (33128682)|VARIABLE_ASSIGNMENT|[131]|returnValue|"Technical Interview"
12:13:17.3 (33131733)|STATEMENT_EXECUTE|[133]
12:13:17.3 (33144241)|METHOD_EXIT|[93]|01pB0000000lA1s|testautonumdata.InterviewsLCServerController.GetSobjectField(SObject, String)
12:13:17.3 (33196053)|VARIABLE_ASSIGNMENT|[EXTERNAL]|this|{"column1":"Rodrigo Reboucas","column2":"Architect - Force.co (1 more) ...","column3":"11/9/2016","eventField":"a0MB0000000cQXFMA2","recordID":"a0NB0000000TaTOMA0"}|0x6792f62b
12:13:17.3 (33207301)|VARIABLE_ASSIGNMENT|[EXTERNAL]|value|"Technical Interview"
12:13:17.3 (33222501)|VARIABLE_ASSIGNMENT|[14]|this.column4|"Technical Interview"|0x6792f62b
12:13:17.3 (33231080)|STATEMENT_EXECUTE|[97]
12:13:17.3 (33248065)|ENTERING_MANAGED_PKG|
12:13:17.3 (33283898)|HEAP_ALLOCATE|[EXTERNAL]|Bytes:4
12:13:17.3 (33293260)|STATEMENT_EXECUTE|[99]
12:13:17.3 (33297738)|HEAP_ALLOCATE|[99]|Bytes:12
12:13:17.3 (33316185)|ENTERING_MANAGED_PKG|
12:13:17.3 (33371483)|HEAP_ALLOCATE|[99]|Bytes:194
12:13:17.3 (33387689)|HEAP_ALLOCATE|[99]|Bytes:206
12:13:17.3 (33402541)|ENTERING_MANAGED_PKG|
12:13:17.3 (33407789)|USER_DEBUG|[99]|DEBUG|######## i: InterviewsLCServerController:[column1=Rodrigo Reboucas, column2=Architect - Force.com, column3=11/9/2016, column4=Technical Interview, eventField=a0MB0000000cQXFMA2, recordID=a0NB0000000TaTOMA0]
12:13:17.3 (33422954)|HEAP_ALLOCATE|[66]|Bytes:5
12:13:17.3 (33449156)|HEAP_ALLOCATE|[66]|Bytes:24
12:13:17.3 (33461306)|VARIABLE_SCOPE_BEGIN|[66]|e|SObject|true|false
12:13:17.3 (33486446)|VARIABLE_ASSIGNMENT|[66]|e|{"s":1,"v":{"Id":"a0NB0000000RasPMAS","testautonumdata__Can (9 more) ...":"a0MB0000000cQdIMAU","testautonumdata__Dat (4 more) ...":"10/26/2016","testautonumdata__Int (14 more) ...":"Recruiter Interview","testautonumdata__Can (9 more) ...":{"s":2,"v":{"testautonumdata__Ful (9 more) ...":"Lizz Brooks","testautonumdata__Pos (8 more) ...":"a0LB0000000sexWMAQ","Id":"a0MB0000000cQdIMAU","testautonumdata__Pos (8 more) ...":{"s":3,"v":{"Name":"Project Coordinator","Id":"a0LB0000000sexWMAQ"}}}}}}|0x6555672
12:13:17.3 (33492326)|STATEMENT_EXECUTE|[67]
12:13:17.3 (33493680)|STATEMENT_EXECUTE|[68]
12:13:17.3 (33510534)|ENTERING_MANAGED_PKG|
12:13:17.3 (33555277)|HEAP_ALLOCATE|[68]|Bytes:196
12:13:17.3 (33571133)|HEAP_ALLOCATE|[68]|Bytes:208
12:13:17.3 (33582241)|ENTERING_MANAGED_PKG|
12:13:17.3 (33586639)|USER_DEBUG|[68]|DEBUG|######## e: testautonumdata__Interview__c:{Id=a0NB0000000RasPMAS, testautonumdata__Candidate__c=a0MB0000000cQdIMAU, testautonumdata__Date__c=10/26/2016, testautonumdata__Interview_Type__c=Recruiter Interview}
12:13:17.3 (33593614)|STATEMENT_EXECUTE|[69]
12:13:17.3 (33598552)|HEAP_ALLOCATE|[69]|Bytes:28
12:13:17.3 (33608389)|CONSTRUCTOR_ENTRY|[69]|01pB0000000lA1s|<init>()
12:13:17.3 (33613538)|VARIABLE_SCOPE_BEGIN|[1]|this|testautonumdata.InterviewsLCServerController|true|false
12:13:17.3 (33633508)|VARIABLE_ASSIGNMENT|[1]|this|{}|0x69f0b33c
12:13:17.3 (33640906)|HEAP_ALLOCATE|[EXTERNAL]|Bytes:5
12:13:17.3 (33656091)|STATEMENT_EXECUTE|[1]
12:13:17.3 (33659957)|HEAP_ALLOCATE|[EXTERNAL]|Bytes:5
12:13:17.3 (33662262)|STATEMENT_EXECUTE|[4]
12:13:17.3 (33663572)|STATEMENT_EXECUTE|[6]
12:13:17.3 (33664502)|STATEMENT_EXECUTE|[8]
12:13:17.3 (33665415)|STATEMENT_EXECUTE|[10]
12:13:17.3 (33666357)|STATEMENT_EXECUTE|[12]
12:13:17.3 (33667276)|STATEMENT_EXECUTE|[14]
12:13:17.3 (33676296)|CONSTRUCTOR_EXIT|[69]|01pB0000000lA1s|<init>()
12:13:17.3 (33680921)|VARIABLE_SCOPE_BEGIN|[69]|i|testautonumdata.InterviewsLCServerController|true|false
12:13:17.3 (33698452)|VARIABLE_ASSIGNMENT|[69]|i|{}|0x69f0b33c
12:13:17.3 (33701161)|STATEMENT_EXECUTE|[72]
12:13:17.3 (33719006)|ENTERING_MANAGED_PKG|
12:13:17.3 (33741087)|HEAP_ALLOCATE|[72]|Bytes:4
12:13:17.3 (33761084)|ENTERING_MANAGED_PKG|
12:13:17.3 (33765358)|HEAP_ALLOCATE|[72]|Bytes:18
12:13:17.3 (33793818)|VARIABLE_ASSIGNMENT|[EXTERNAL]|this|{}|0x69f0b33c
12:13:17.3 (33800604)|VARIABLE_ASSIGNMENT|[EXTERNAL]|value|"a0NB0000000RasPMAS"
12:13:17.3 (33814634)|VARIABLE_ASSIGNMENT|[4]|this.recordID|"a0NB0000000RasPMAS"|0x69f0b33c
12:13:17.3 (33822435)|STATEMENT_EXECUTE|[74]
12:13:17.3 (33824008)|STATEMENT_EXECUTE|[75]
12:13:17.3 (33828915)|METHOD_ENTRY|[75]|01pB0000000lA1s|testautonumdata.InterviewsLCServerController.GetSobjectField(SObject, String)
12:13:17.3 (33833309)|VARIABLE_SCOPE_BEGIN|[111]|e|SObject|true|false
12:13:17.3 (33854730)|VARIABLE_ASSIGNMENT|[111]|e|{"s":1,"v":{"Id":"a0NB0000000RasPMAS","testautonumdata__Can (9 more) ...":"a0MB0000000cQdIMAU","testautonumdata__Dat (4 more) ...":"10/26/2016","testautonumdata__Int (14 more) ...":"Recruiter Interview","testautonumdata__Can (9 more) ...":{"s":2,"v":{"testautonumdata__Ful (9 more) ...":"Lizz Brooks","testautonumdata__Pos (8 more) ...":"a0LB0000000sexWMAQ","Id":"a0MB0000000cQdIMAU","testautonumdata__Pos (8 more) ...":{"s":3,"v":{"Name":"Project Coordinator","Id":"a0LB0000000sexWMAQ"}}}}}}|0x6555672
12:13:17.3 (33859960)|VARIABLE_SCOPE_BEGIN|[111]|lcfield|String|false|false
12:13:17.3 (33863661)|VARIABLE_ASSIGNMENT|[111]|lcfield|"Candidate__c"
12:13:17.3 (33871023)|HEAP_ALLOCATE|[114]|Bytes:5
12:13:17.3 (33874395)|STATEMENT_EXECUTE|[112]
12:13:17.3 (33875582)|STATEMENT_EXECUTE|[114]
12:13:17.3 (33879862)|VARIABLE_SCOPE_BEGIN|[114]|returnValue|String|false|false
12:13:17.3 (33884290)|VARIABLE_ASSIGNMENT|[114]|returnValue|""
12:13:17.3 (33900627)|ENTERING_MANAGED_PKG|
12:13:17.3 (33910040)|STATEMENT_EXECUTE|[131]
12:13:17.3 (33919607)|ENTERING_MANAGED_PKG|
12:13:17.3 (33944339)|HEAP_ALLOCATE|[131]|Bytes:4
12:13:17.3 (33963942)|ENTERING_MANAGED_PKG|
12:13:17.3 (33968238)|HEAP_ALLOCATE|[131]|Bytes:18
12:13:17.3 (33981713)|VARIABLE_ASSIGNMENT|[131]|returnValue|"a0MB0000000cQdIMAU"
12:13:17.3 (33984874)|STATEMENT_EXECUTE|[133]
12:13:17.3 (33992290)|METHOD_EXIT|[75]|01pB0000000lA1s|testautonumdata.InterviewsLCServerController.GetSobjectField(SObject, String)
12:13:17.3 (34017822)|VARIABLE_ASSIGNMENT|[EXTERNAL]|this|{"recordID":"a0NB0000000RasPMAS"}|0x69f0b33c
12:13:17.3 (34024391)|VARIABLE_ASSIGNMENT|[EXTERNAL]|value|"a0MB0000000cQdIMAU"
12:13:17.3 (34038106)|VARIABLE_ASSIGNMENT|[6]|this.eventField|"a0MB0000000cQdIMAU"|0x69f0b33c
12:13:17.3 (34046003)|STATEMENT_EXECUTE|[78]
12:13:17.3 (34047463)|STATEMENT_EXECUTE|[79]
12:13:17.3 (34051970)|METHOD_ENTRY|[79]|01pB0000000lA1s|testautonumdata.InterviewsLCServerController.GetSobjectField(SObject, String)
12:13:17.3 (34055886)|VARIABLE_SCOPE_BEGIN|[111]|e|SObject|true|false
12:13:17.3 (34076799)|VARIABLE_ASSIGNMENT|[111]|e|{"s":1,"v":{"Id":"a0NB0000000RasPMAS","testautonumdata__Can (9 more) ...":"a0MB0000000cQdIMAU","testautonumdata__Dat (4 more) ...":"10/26/2016","testautonumdata__Int (14 more) ...":"Recruiter Interview","testautonumdata__Can (9 more) ...":{"s":2,"v":{"testautonumdata__Ful (9 more) ...":"Lizz Brooks","testautonumdata__Pos (8 more) ...":"a0LB0000000sexWMAQ","Id":"a0MB0000000cQdIMAU","testautonumdata__Pos (8 more) ...":{"s":3,"v":{"Name":"Project Coordinator","Id":"a0LB0000000sexWMAQ"}}}}}}|0x6555672
12:13:17.3 (34082006)|VARIABLE_SCOPE_BEGIN|[111]|lcfield|String|false|false
12:13:17.3 (34086405)|VARIABLE_ASSIGNMENT|[111]|lcfield|"Candidate__r.Full_Na (5 more) ..."
12:13:17.3 (34093928)|HEAP_ALLOCATE|[114]|Bytes:5
12:13:17.3 (34097251)|STATEMENT_EXECUTE|[112]
12:13:17.3 (34098513)|STATEMENT_EXECUTE|[114]
12:13:17.3 (34102777)|VARIABLE_SCOPE_BEGIN|[114]|returnValue|String|false|false
12:13:17.3 (34107257)|VARIABLE_ASSIGNMENT|[114]|returnValue|""
12:13:17.3 (34123643)|ENTERING_MANAGED_PKG|
12:13:17.3 (34133310)|STATEMENT_EXECUTE|[117]
12:13:17.3 (34139337)|STATEMENT_EXECUTE|[118]
12:13:17.3 (34149519)|ENTERING_MANAGED_PKG|
12:13:17.3 (34153710)|HEAP_ALLOCATE|[118]|Bytes:12
12:13:17.3 (34163329)|VARIABLE_SCOPE_BEGIN|[118]|relName|String|false|false
12:13:17.3 (34170115)|VARIABLE_ASSIGNMENT|[118]|relName|"Candidate__r"
12:13:17.3 (34172441)|STATEMENT_EXECUTE|[119]
12:13:17.3 (34183509)|ENTERING_MANAGED_PKG|
12:13:17.3 (34187511)|HEAP_ALLOCATE|[119]|Bytes:12
12:13:17.3 (34196708)|VARIABLE_SCOPE_BEGIN|[119]|relField|String|false|false
12:13:17.3 (34202643)|VARIABLE_ASSIGNMENT|[119]|relField|"Full_Name__c"
12:13:17.3 (34213396)|ENTERING_MANAGED_PKG|
12:13:17.3 (34221950)|STATEMENT_EXECUTE|[127]
12:13:17.3 (34230889)|ENTERING_MANAGED_PKG|
12:13:17.3 (34272862)|HEAP_ALLOCATE|[127]|Bytes:20
12:13:17.3 (34299127)|ENTERING_MANAGED_PKG|
12:13:17.3 (34326002)|HEAP_ALLOCATE|[127]|Bytes:11
12:13:17.3 (34345892)|ENTERING_MANAGED_PKG|
12:13:17.3 (34350019)|HEAP_ALLOCATE|[127]|Bytes:11
12:13:17.3 (34363191)|VARIABLE_ASSIGNMENT|[127]|returnValue|"Lizz Brooks"
12:13:17.3 (34366459)|STATEMENT_EXECUTE|[133]
12:13:17.3 (34373944)|METHOD_EXIT|[79]|01pB0000000lA1s|testautonumdata.InterviewsLCServerController.GetSobjectField(SObject, String)
12:13:17.3 (34400649)|VARIABLE_ASSIGNMENT|[EXTERNAL]|this|{"eventField":"a0MB0000000cQdIMAU","recordID":"a0NB0000000RasPMAS"}|0x69f0b33c
12:13:17.3 (34406115)|VARIABLE_ASSIGNMENT|[EXTERNAL]|value|"Lizz Brooks"
12:13:17.3 (34419576)|VARIABLE_ASSIGNMENT|[8]|this.column1|"Lizz Brooks"|0x69f0b33c
12:13:17.3 (34427453)|STATEMENT_EXECUTE|[82]
12:13:17.3 (34428999)|STATEMENT_EXECUTE|[83]
12:13:17.3 (34433563)|METHOD_ENTRY|[83]|01pB0000000lA1s|testautonumdata.InterviewsLCServerController.GetSobjectField(SObject, String)
12:13:17.3 (34437543)|VARIABLE_SCOPE_BEGIN|[111]|e|SObject|true|false
12:13:17.3 (34458418)|VARIABLE_ASSIGNMENT|[111]|e|{"s":1,"v":{"Id":"a0NB0000000RasPMAS","testautonumdata__Can (9 more) ...":"a0MB0000000cQdIMAU","testautonumdata__Dat (4 more) ...":"10/26/2016","testautonumdata__Int (14 more) ...":"Recruiter Interview","testautonumdata__Can (9 more) ...":{"s":2,"v":{"testautonumdata__Ful (9 more) ...":"Lizz Brooks","testautonumdata__Pos (8 more) ...":"a0LB0000000sexWMAQ","Id":"a0MB0000000cQdIMAU","testautonumdata__Pos (8 more) ...":{"s":3,"v":{"Name":"Project Coordinator","Id":"a0LB0000000sexWMAQ"}}}}}}|0x6555672
12:13:17.3 (34463465)|VARIABLE_SCOPE_BEGIN|[111]|lcfield|String|false|false
12:13:17.3 (34467519)|VARIABLE_ASSIGNMENT|[111]|lcfield|"Candidate__r.Positio (9 more) ..."
12:13:17.3 (34474794)|HEAP_ALLOCATE|[114]|Bytes:5
12:13:17.3 (34478018)|STATEMENT_EXECUTE|[112]
12:13:17.3 (34479183)|STATEMENT_EXECUTE|[114]
12:13:17.3 (34483466)|VARIABLE_SCOPE_BEGIN|[114]|returnValue|String|false|false
12:13:17.3 (34488085)|VARIABLE_ASSIGNMENT|[114]|returnValue|""
12:13:17.3 (34504703)|ENTERING_MANAGED_PKG|
12:13:17.3 (34514662)|STATEMENT_EXECUTE|[117]
12:13:17.3 (34516321)|STATEMENT_EXECUTE|[118]
12:13:17.3 (34525838)|ENTERING_MANAGED_PKG|
12:13:17.3 (34529852)|HEAP_ALLOCATE|[118]|Bytes:12
12:13:17.3 (34539262)|VARIABLE_SCOPE_BEGIN|[118]|relName|String|false|false
12:13:17.3 (34545689)|VARIABLE_ASSIGNMENT|[118]|relName|"Candidate__r"
12:13:17.3 (34547903)|STATEMENT_EXECUTE|[119]
12:13:17.3 (34559023)|ENTERING_MANAGED_PKG|
12:13:17.3 (34562859)|HEAP_ALLOCATE|[119]|Bytes:16
12:13:17.3 (34572176)|VARIABLE_SCOPE_BEGIN|[119]|relField|String|false|false
12:13:17.3 (34578528)|VARIABLE_ASSIGNMENT|[119]|relField|"Position__r.Name"
12:13:17.3 (34589607)|ENTERING_MANAGED_PKG|
12:13:17.3 (34597966)|STATEMENT_EXECUTE|[121]
12:13:17.3 (34599599)|STATEMENT_EXECUTE|[122]
12:13:17.3 (34607989)|ENTERING_MANAGED_PKG|
12:13:17.3 (34611645)|HEAP_ALLOCATE|[122]|Bytes:11
12:13:17.3 (34620701)|VARIABLE_SCOPE_BEGIN|[122]|relName2|String|false|false
12:13:17.3 (34626586)|VARIABLE_ASSIGNMENT|[122]|relName2|"Position__r"
12:13:17.3 (34628774)|STATEMENT_EXECUTE|[123]
12:13:17.3 (34639481)|ENTERING_MANAGED_PKG|
12:13:17.3 (34643375)|HEAP_ALLOCATE|[123]|Bytes:4
12:13:17.3 (34652440)|VARIABLE_SCOPE_BEGIN|[123]|relField2|String|false|false
12:13:17.3 (34658352)|VARIABLE_ASSIGNMENT|[123]|relField2|"Name"
12:13:17.3 (34660533)|STATEMENT_EXECUTE|[124]
12:13:17.3 (34671294)|ENTERING_MANAGED_PKG|
12:13:17.3 (34703883)|HEAP_ALLOCATE|[124]|Bytes:20
12:13:17.3 (34725691)|ENTERING_MANAGED_PKG|
12:13:17.3 (34762485)|HEAP_ALLOCATE|[124]|Bytes:12
12:13:17.3 (34783817)|ENTERING_MANAGED_PKG|
12:13:17.3 (34807768)|HEAP_ALLOCATE|[124]|Bytes:19
12:13:17.3 (34828087)|ENTERING_MANAGED_PKG|
12:13:17.3 (34832228)|HEAP_ALLOCATE|[124]|Bytes:19
12:13:17.3 (34845927)|VARIABLE_ASSIGNMENT|[124]|returnValue|"Project Coordinator"
12:13:17.3 (34849306)|STATEMENT_EXECUTE|[133]
12:13:17.3 (34856702)|METHOD_EXIT|[83]|01pB0000000lA1s|testautonumdata.InterviewsLCServerController.GetSobjectField(SObject, String)
12:13:17.3 (34884669)|VARIABLE_ASSIGNMENT|[EXTERNAL]|this|{"column1":"Lizz Brooks","eventField":"a0MB0000000cQdIMAU","recordID":"a0NB0000000RasPMAS"}|0x69f0b33c
12:13:17.3 (34890114)|VARIABLE_ASSIGNMENT|[EXTERNAL]|value|"Project Coordinator"
12:13:17.3 (34903913)|VARIABLE_ASSIGNMENT|[10]|this.column2|"Project Coordinator"|0x69f0b33c
12:13:17.3 (34912279)|STATEMENT_EXECUTE|[87]
12:13:17.3 (34913828)|STATEMENT_EXECUTE|[88]
12:13:17.3 (34918216)|METHOD_ENTRY|[88]|01pB0000000lA1s|testautonumdata.InterviewsLCServerController.GetSobjectField(SObject, String)
12:13:17.3 (34922247)|VARIABLE_SCOPE_BEGIN|[111]|e|SObject|true|false
12:13:17.3 (34942790)|VARIABLE_ASSIGNMENT|[111]|e|{"s":1,"v":{"Id":"a0NB0000000RasPMAS","testautonumdata__Can (9 more) ...":"a0MB0000000cQdIMAU","testautonumdata__Dat (4 more) ...":"10/26/2016","testautonumdata__Int (14 more) ...":"Recruiter Interview","testautonumdata__Can (9 more) ...":{"s":2,"v":{"testautonumdata__Ful (9 more) ...":"Lizz Brooks","testautonumdata__Pos (8 more) ...":"a0LB0000000sexWMAQ","Id":"a0MB0000000cQdIMAU","testautonumdata__Pos (8 more) ...":{"s":3,"v":{"Name":"Project Coordinator","Id":"a0LB0000000sexWMAQ"}}}}}}|0x6555672
12:13:17.3 (34947714)|VARIABLE_SCOPE_BEGIN|[111]|lcfield|String|false|false
12:13:17.3 (34950981)|VARIABLE_ASSIGNMENT|[111]|lcfield|"Date__c"
12:13:17.3 (34958168)|HEAP_ALLOCATE|[114]|Bytes:5
12:13:17.3 (34961427)|STATEMENT_EXECUTE|[112]
12:13:17.3 (34962889)|STATEMENT_EXECUTE|[114]
12:13:17.3 (34967359)|VARIABLE_SCOPE_BEGIN|[114]|returnValue|String|false|false
12:13:17.3 (34971786)|VARIABLE_ASSIGNMENT|[114]|returnValue|""
12:13:17.3 (34987975)|ENTERING_MANAGED_PKG|
12:13:17.3 (34997809)|STATEMENT_EXECUTE|[131]
12:13:17.3 (35007138)|ENTERING_MANAGED_PKG|
12:13:17.3 (35028884)|HEAP_ALLOCATE|[131]|Bytes:10
12:13:17.3 (35047598)|ENTERING_MANAGED_PKG|
12:13:17.3 (35051741)|HEAP_ALLOCATE|[131]|Bytes:10
12:13:17.3 (35064547)|VARIABLE_ASSIGNMENT|[131]|returnValue|"10/26/2016"
12:13:17.3 (35067479)|STATEMENT_EXECUTE|[133]
12:13:17.3 (35074758)|METHOD_EXIT|[88]|01pB0000000lA1s|testautonumdata.InterviewsLCServerController.GetSobjectField(SObject, String)
12:13:17.3 (35102336)|VARIABLE_ASSIGNMENT|[EXTERNAL]|this|{"column1":"Lizz Brooks","column2":"Project Coordinator","eventField":"a0MB0000000cQdIMAU","recordID":"a0NB0000000RasPMAS"}|0x69f0b33c
12:13:17.3 (35107994)|VARIABLE_ASSIGNMENT|[EXTERNAL]|value|"10/26/2016"
12:13:17.3 (35121320)|VARIABLE_ASSIGNMENT|[12]|this.column3|"10/26/2016"|0x69f0b33c
12:13:17.3 (35129179)|STATEMENT_EXECUTE|[92]
12:13:17.3 (35130631)|STATEMENT_EXECUTE|[93]
12:13:17.3 (35139704)|METHOD_ENTRY|[93]|01pB0000000lA1s|testautonumdata.InterviewsLCServerController.GetSobjectField(SObject, String)
12:13:17.3 (35144071)|VARIABLE_SCOPE_BEGIN|[111]|e|SObject|true|false
12:13:17.3 (35164857)|VARIABLE_ASSIGNMENT|[111]|e|{"s":1,"v":{"Id":"a0NB0000000RasPMAS","testautonumdata__Can (9 more) ...":"a0MB0000000cQdIMAU","testautonumdata__Dat (4 more) ...":"10/26/2016","testautonumdata__Int (14 more) ...":"Recruiter Interview","testautonumdata__Can (9 more) ...":{"s":2,"v":{"testautonumdata__Ful (9 more) ...":"Lizz Brooks","testautonumdata__Pos (8 more) ...":"a0LB0000000sexWMAQ","Id":"a0MB0000000cQdIMAU","testautonumdata__Pos (8 more) ...":{"s":3,"v":{"Name":"Project Coordinator","Id":"a0LB0000000sexWMAQ"}}}}}}|0x6555672
12:13:17.3 (35169912)|VARIABLE_SCOPE_BEGIN|[111]|lcfield|String|false|false
12:13:17.3 (35173421)|VARIABLE_ASSIGNMENT|[111]|lcfield|"Interview_Type__c"
12:13:17.3 (35180468)|HEAP_ALLOCATE|[114]|Bytes:5
12:13:17.3 (35183843)|STATEMENT_EXECUTE|[112]
12:13:17.3 (35185019)|STATEMENT_EXECUTE|[114]
12:13:17.3 (35189424)|VARIABLE_SCOPE_BEGIN|[114]|returnValue|String|false|false
12:13:17.3 (35193835)|VARIABLE_ASSIGNMENT|[114]|returnValue|""
12:13:17.3 (35210588)|ENTERING_MANAGED_PKG|
12:13:17.3 (35220300)|STATEMENT_EXECUTE|[131]
12:13:17.3 (35229869)|ENTERING_MANAGED_PKG|
12:13:17.3 (35250367)|HEAP_ALLOCATE|[131]|Bytes:19
12:13:17.3 (35268986)|ENTERING_MANAGED_PKG|
12:13:17.3 (35273004)|HEAP_ALLOCATE|[131]|Bytes:19
12:13:17.3 (35286083)|VARIABLE_ASSIGNMENT|[131]|returnValue|"Recruiter Interview"
12:13:17.3 (35289077)|STATEMENT_EXECUTE|[133]
12:13:17.3 (35296332)|METHOD_EXIT|[93]|01pB0000000lA1s|testautonumdata.InterviewsLCServerController.GetSobjectField(SObject, String)
12:13:17.3 (35324403)|VARIABLE_ASSIGNMENT|[EXTERNAL]|this|{"column1":"Lizz Brooks","column2":"Project Coordinator","column3":"10/26/2016","eventField":"a0MB0000000cQdIMAU","recordID":"a0NB0000000RasPMAS"}|0x69f0b33c
12:13:17.3 (35330448)|VARIABLE_ASSIGNMENT|[EXTERNAL]|value|"Recruiter Interview"
12:13:17.3 (35343852)|VARIABLE_ASSIGNMENT|[14]|this.column4|"Recruiter Interview"|0x69f0b33c
12:13:17.3 (35351580)|STATEMENT_EXECUTE|[97]
12:13:17.3 (35363201)|ENTERING_MANAGED_PKG|
12:13:17.3 (35371634)|HEAP_ALLOCATE|[EXTERNAL]|Bytes:4
12:13:17.3 (35378528)|STATEMENT_EXECUTE|[99]
12:13:17.3 (35392982)|ENTERING_MANAGED_PKG|
12:13:17.3 (35417959)|HEAP_ALLOCATE|[99]|Bytes:188
12:13:17.3 (35432208)|HEAP_ALLOCATE|[99]|Bytes:200
12:13:17.3 (35444366)|ENTERING_MANAGED_PKG|
12:13:17.3 (35449405)|USER_DEBUG|[99]|DEBUG|######## i: InterviewsLCServerController:[column1=Lizz Brooks, column2=Project Coordinator, column3=10/26/2016, column4=Recruiter Interview, eventField=a0MB0000000cQdIMAU, recordID=a0NB0000000RasPMAS]
12:13:17.3 (35463493)|HEAP_ALLOCATE|[66]|Bytes:5
12:13:17.3 (35477250)|VARIABLE_ASSIGNMENT|[66]|e|null|
12:13:17.3 (35480613)|STATEMENT_EXECUTE|[104]
12:13:17.3 (35484546)|HEAP_ALLOCATE|[104]|Bytes:27
12:13:17.3 (35500454)|ENTERING_MANAGED_PKG|
12:13:17.3 (35569287)|HEAP_ALLOCATE|[104]|Bytes:386
12:13:17.3 (35586153)|HEAP_ALLOCATE|[104]|Bytes:413
12:13:17.3 (35600997)|ENTERING_MANAGED_PKG|
12:13:17.3 (35605817)|USER_DEBUG|[104]|DEBUG|######## lstReturnRecords: (InterviewsLCServerController:[column1=Rodrigo Reboucas, column2=Architect - Force.com, column3=11/9/2016, column4=Technical Interview, eventField=a0MB0000000cQXFMA2, recordID=a0NB0000000TaTOMA0], InterviewsLCServerController:[column1=Lizz Brooks, column2=Project Coordinator, column3=10/26/2016, column4=Recruiter Interview, eventField=a0MB0000000cQdIMAU, recordID=a0NB0000000RasPMAS])
12:13:17.3 (35614479)|STATEMENT_EXECUTE|[106]
12:13:17.3 (35628929)|SYSTEM_MODE_EXIT|false
12:13:17.35 (35670966)|CUMULATIVE_LIMIT_USAGE
12:13:17.35 (35670966)|LIMIT_USAGE_FOR_NS|(default)|
  Number of SOQL queries: 0 out of 100
  Number of query rows: 0 out of 50000
  Number of SOSL queries: 0 out of 20
  Number of DML statements: 0 out of 150
  Number of DML rows: 0 out of 10000
  Maximum CPU time: 0 out of 10000
  Maximum heap size: 0 out of 6000000
  Number of callouts: 0 out of 100
  Number of Email Invocations: 0 out of 10
  Number of future calls: 0 out of 50
  Number of queueable jobs added to the queue: 0 out of 50
  Number of Mobile Apex push calls: 0 out of 10

12:13:17.35 (35670966)|LIMIT_USAGE_FOR_NS|testautonumdata|
  Number of SOQL queries: 1 out of 100
  Number of query rows: 2 out of 50000
  Number of SOSL queries: 0 out of 20
  Number of DML statements: 0 out of 150
  Number of DML rows: 0 out of 10000
  Maximum CPU time: 0 out of 10000
  Maximum heap size: 0 out of 6000000
  Number of callouts: 0 out of 100
  Number of Email Invocations: 0 out of 10
  Number of future calls: 0 out of 50
  Number of queueable jobs added to the queue: 0 out of 50
  Number of Mobile Apex push calls: 0 out of 10

12:13:17.35 (35670966)|CUMULATIVE_LIMIT_USAGE_END

12:13:17.3 (35753293)|CODE_UNIT_FINISHED|InterviewsLCServerController.getListRecords
12:13:17.37 (37776017)|USER_INFO|[EXTERNAL]|005B0000001VpZR|rreboucas-yi5c@force.com|Pacific Standard Time|GMT-07:00
12:13:17.37 (37789245)|CODE_UNIT_STARTED|[EXTERNAL]|Aura
12:13:17.37 (37833143)|CODE_UNIT_FINISHED|Aura
12:13:17.38 (38924038)|USER_INFO|[EXTERNAL]|005B0000001VpZR|rreboucas-yi5c@force.com|Pacific Standard Time|GMT-07:00
12:13:17.38 (38934105)|CODE_UNIT_STARTED|[EXTERNAL]|Aura
12:13:17.38 (38971039)|CODE_UNIT_FINISHED|Aura
12:13:17.0 (105613231)|HEAP_ALLOCATE|[EXTERNAL]|Bytes:28
12:13:17.0 (105642972)|HEAP_ALLOCATE|[EXTERNAL]|Bytes:28
12:13:17.107 (107525290)|USER_INFO|[EXTERNAL]|005B0000001VpZR|rreboucas-yi5c@force.com|Pacific Standard Time|GMT-07:00
12:13:17.107 (107677503)|STATEMENT_EXECUTE|[1]
12:13:17.107 (107694020)|SYSTEM_MODE_ENTER|false
12:13:17.107 (107706501)|HEAP_ALLOCATE|[EXTERNAL]|Bytes:5
12:13:17.107 (107716566)|SYSTEM_MODE_EXIT|false
12:13:17.107 (107729667)|METHOD_EXIT|[1]|ReferralsServerController
12:13:17.107 (107758049)|HEAP_ALLOCATE|[EXTERNAL]|Bytes:28
12:13:17.107 (107761649)|HEAP_ALLOCATE|[EXTERNAL]|Bytes:28
12:13:17.107 (107763297)|HEAP_ALLOCATE|[EXTERNAL]|Bytes:29
12:13:17.107 (107764785)|HEAP_ALLOCATE|[EXTERNAL]|Bytes:7
12:13:17.107 (107766966)|HEAP_ALLOCATE|[EXTERNAL]|Bytes:5
12:13:17.107 (107768309)|HEAP_ALLOCATE|[EXTERNAL]|Bytes:11
12:13:17.107 (107776827)|SYSTEM_MODE_ENTER|false
12:13:17.107 (107786495)|VARIABLE_SCOPE_BEGIN|[20]|rowsLimit|Integer|false|false
12:13:17.107 (107818787)|VARIABLE_ASSIGNMENT|[20]|rowsLimit|8
12:13:17.107 (107823073)|VARIABLE_SCOPE_BEGIN|[20]|recordId|String|false|false
12:13:17.107 (107827707)|VARIABLE_ASSIGNMENT|[20]|recordId|null
12:13:17.107 (107830023)|VARIABLE_SCOPE_BEGIN|[20]|objectApiName|String|false|false
12:13:17.107 (107839654)|VARIABLE_ASSIGNMENT|[20]|objectApiName|"testautonumdata__Ref (8 more) ..."
12:13:17.107 (107842048)|VARIABLE_SCOPE_BEGIN|[20]|ParentObjectFieldName|String|false|false
12:13:17.107 (107846009)|VARIABLE_ASSIGNMENT|[20]|ParentObjectFieldName|"testautonumdata__Can (9 more) ..."
12:13:17.107 (107848113)|VARIABLE_SCOPE_BEGIN|[20]|filter1Field|String|false|false
12:13:17.107 (107851008)|VARIABLE_ASSIGNMENT|[20]|filter1Field|null
12:13:17.107 (107853462)|VARIABLE_SCOPE_BEGIN|[20]|filter1Value|String|false|false
12:13:17.107 (107856181)|VARIABLE_ASSIGNMENT|[20]|filter1Value|null
12:13:17.107 (107858051)|VARIABLE_SCOPE_BEGIN|[20]|column1|String|false|false
12:13:17.107 (107860971)|VARIABLE_ASSIGNMENT|[20]|column1|"OwnerId"
12:13:17.107 (107862765)|VARIABLE_SCOPE_BEGIN|[20]|RelFieldWithName|String|false|false
12:13:17.107 (107865444)|VARIABLE_ASSIGNMENT|[20]|RelFieldWithName|"Owner"
12:13:17.107 (107867491)|VARIABLE_SCOPE_BEGIN|[20]|column2|String|false|false
12:13:17.107 (107870146)|VARIABLE_ASSIGNMENT|[20]|column2|"createddate"
12:13:17.107 (107882953)|HEAP_ALLOCATE|[22]|Bytes:5
12:13:17.107 (107887635)|STATEMENT_EXECUTE|[20]
12:13:17.107 (107889206)|STATEMENT_EXECUTE|[22]
12:13:17.107 (107920110)|ENTERING_MANAGED_PKG|
12:13:17.107 (107958455)|HEAP_ALLOCATE|[22]|Bytes:1
12:13:17.107 (107978757)|HEAP_ALLOCATE|[22]|Bytes:21
12:13:17.107 (108001493)|ENTERING_MANAGED_PKG|
12:13:17.107 (108011624)|USER_DEBUG|[22]|DEBUG|######## rowsLimit: 8
12:13:17.107 (108019757)|STATEMENT_EXECUTE|[23]
12:13:17.107 (108027816)|HEAP_ALLOCATE|[23]|Bytes:52
12:13:17.107 (108039350)|ENTERING_MANAGED_PKG|
12:13:17.107 (108065452)|USER_DEBUG|[23]|DEBUG|######## objectApiName: testautonumdata__Referral__c
12:13:17.107 (108072323)|STATEMENT_EXECUTE|[27]
12:13:17.107 (108122587)|HEAP_ALLOCATE|[27]|Bytes:4
12:13:17.107 (108223356)|ENTERING_MANAGED_PKG|
12:13:17.107 (108257114)|VARIABLE_SCOPE_BEGIN|[27]|lstReturnRecords|List<testautonumdata.ReferralsServerController>|true|false
12:13:17.107 (108292833)|HEAP_ALLOCATE|[EXTERNAL]|Bytes:4
12:13:17.107 (108318870)|VARIABLE_ASSIGNMENT|[27]|lstReturnRecords|{"s":1,"v":[]}|0x50c91c82
12:13:17.107 (108323756)|STATEMENT_EXECUTE|[29]
12:13:17.107 (108325722)|STATEMENT_EXECUTE|[102]
12:13:17.107 (108345258)|ENTERING_MANAGED_PKG|
12:13:17.107 (108377752)|HEAP_ALLOCATE|[102]|Bytes:2
12:13:17.107 (108393035)|HEAP_ALLOCATE|[102]|Bytes:29
12:13:17.107 (108407692)|ENTERING_MANAGED_PKG|
12:13:17.107 (108412586)|USER_DEBUG|[102]|DEBUG|######## lstReturnRecords: ()
12:13:17.107 (108419481)|STATEMENT_EXECUTE|[104]
12:13:17.107 (108434127)|SYSTEM_MODE_EXIT|false
12:13:17.108 (108474907)|CUMULATIVE_LIMIT_USAGE
12:13:17.108 (108474907)|LIMIT_USAGE_FOR_NS|(default)|
  Number of SOQL queries: 0 out of 100
  Number of query rows: 0 out of 50000
  Number of SOSL queries: 0 out of 20
  Number of DML statements: 0 out of 150
  Number of DML rows: 0 out of 10000
  Maximum CPU time: 0 out of 10000
  Maximum heap size: 0 out of 6000000
  Number of callouts: 0 out of 100
  Number of Email Invocations: 0 out of 10
  Number of future calls: 0 out of 50
  Number of queueable jobs added to the queue: 0 out of 50
  Number of Mobile Apex push calls: 0 out of 10

12:13:17.108 (108474907)|LIMIT_USAGE_FOR_NS|testautonumdata|
  Number of SOQL queries: 1 out of 100
  Number of query rows: 2 out of 50000
  Number of SOSL queries: 0 out of 20
  Number of DML statements: 0 out of 150
  Number of DML rows: 0 out of 10000
  Maximum CPU time: 0 out of 10000
  Maximum heap size: 0 out of 6000000
  Number of callouts: 0 out of 100
  Number of Email Invocations: 0 out of 10
  Number of future calls: 0 out of 50
  Number of queueable jobs added to the queue: 0 out of 50
  Number of Mobile Apex push calls: 0 out of 10

12:13:17.108 (108474907)|CUMULATIVE_LIMIT_USAGE_END

12:13:17.107 (108555401)|CODE_UNIT_FINISHED|ReferralsServerController.getListRecords
12:13:17.0 (306838267)|HEAP_ALLOCATE|[EXTERNAL]|Bytes:12
12:13:17.0 (306867847)|HEAP_ALLOCATE|[EXTERNAL]|Bytes:12
12:13:17.308 (308828640)|USER_INFO|[EXTERNAL]|005B0000001VpZR|rreboucas-yi5c@force.com|Pacific Standard Time|GMT-07:00
12:13:17.308 (308961772)|STATEMENT_EXECUTE|[1]
12:13:17.308 (308975766)|SYSTEM_MODE_ENTER|false
12:13:17.308 (308982734)|HEAP_ALLOCATE|[EXTERNAL]|Bytes:5
12:13:17.308 (309002980)|SYSTEM_MODE_EXIT|false
12:13:17.308 (309017706)|METHOD_EXIT|[1]|Twitter_Lightning_Controller
12:13:17.308 (309023625)|HEAP_ALLOCATE|[EXTERNAL]|Bytes:12
12:13:17.308 (309026081)|HEAP_ALLOCATE|[EXTERNAL]|Bytes:13
12:13:17.308 (309027578)|HEAP_ALLOCATE|[EXTERNAL]|Bytes:13
12:13:17.308 (309028990)|HEAP_ALLOCATE|[EXTERNAL]|Bytes:12
12:13:17.308 (309030400)|HEAP_ALLOCATE|[EXTERNAL]|Bytes:10
12:13:17.308 (309031778)|HEAP_ALLOCATE|[EXTERNAL]|Bytes:9
12:13:17.308 (309039310)|SYSTEM_MODE_ENTER|false
12:13:17.308 (309053779)|VARIABLE_SCOPE_BEGIN|[68]|recordID|String|false|false
12:13:17.308 (309082572)|VARIABLE_ASSIGNMENT|[68]|recordID|null
12:13:17.308 (309087949)|VARIABLE_SCOPE_BEGIN|[68]|objectApiName|String|false|false
12:13:17.308 (309096849)|VARIABLE_ASSIGNMENT|[68]|objectApiName|"Candidate__c"
12:13:17.308 (309100251)|VARIABLE_SCOPE_BEGIN|[68]|twitterIDFieldApiName|String|false|false
12:13:17.308 (309104066)|VARIABLE_ASSIGNMENT|[68]|twitterIDFieldApiName|"Twitter_ID__c"
12:13:17.308 (309107087)|VARIABLE_SCOPE_BEGIN|[68]|firstName|String|false|false
12:13:17.308 (309110347)|VARIABLE_ASSIGNMENT|[68]|firstName|"First_Name__c"
12:13:17.308 (309113442)|VARIABLE_SCOPE_BEGIN|[68]|lastName|String|false|false
12:13:17.308 (309116460)|VARIABLE_ASSIGNMENT|[68]|lastName|"Last_Name__c"
12:13:17.308 (309119418)|VARIABLE_SCOPE_BEGIN|[68]|companyName|String|false|false
12:13:17.308 (309122936)|VARIABLE_ASSIGNMENT|[68]|companyName|"Company__c"
12:13:17.308 (309125859)|VARIABLE_SCOPE_BEGIN|[68]|email|String|false|false
12:13:17.308 (309129127)|VARIABLE_ASSIGNMENT|[68]|email|"E_mail__c"
12:13:17.308 (309143013)|HEAP_ALLOCATE|[70]|Bytes:5
12:13:17.308 (309147954)|STATEMENT_EXECUTE|[68]
12:13:17.308 (309149634)|STATEMENT_EXECUTE|[70]
12:13:17.308 (309154744)|VARIABLE_SCOPE_BEGIN|[70]|hasTwitterMemberID|Boolean|false|false
12:13:17.308 (309158141)|HEAP_ALLOCATE|[70]|Bytes:5
12:13:17.308 (309163874)|VARIABLE_ASSIGNMENT|[70]|hasTwitterMemberID|false
12:13:17.308 (309165931)|STATEMENT_EXECUTE|[71]
12:13:17.308 (309171389)|HEAP_ALLOCATE|[71]|Bytes:64
12:13:17.308 (309193395)|CONSTRUCTOR_ENTRY|[71]|01pB0000000r382|<init>()
12:13:17.308 (309219910)|VARIABLE_SCOPE_BEGIN|[1]|this|testautonumdata.Twitter_Lightning_Controller|true|false
12:13:17.308 (309264379)|VARIABLE_ASSIGNMENT|[1]|this|{}|0x5a39d02
12:13:17.308 (309272107)|HEAP_ALLOCATE|[EXTERNAL]|Bytes:5
12:13:17.308 (309296331)|STATEMENT_EXECUTE|[1]
12:13:17.308 (309300440)|HEAP_ALLOCATE|[EXTERNAL]|Bytes:5
12:13:17.308 (309303077)|STATEMENT_EXECUTE|[4]
12:13:17.308 (309304541)|STATEMENT_EXECUTE|[6]
12:13:17.308 (309305608)|STATEMENT_EXECUTE|[8]
12:13:17.308 (309307182)|STATEMENT_EXECUTE|[10]
12:13:17.308 (309308399)|STATEMENT_EXECUTE|[12]
12:13:17.308 (309309415)|STATEMENT_EXECUTE|[14]
12:13:17.308 (309310488)|STATEMENT_EXECUTE|[16]
12:13:17.308 (309311537)|STATEMENT_EXECUTE|[18]
12:13:17.308 (309312574)|STATEMENT_EXECUTE|[20]
12:13:17.308 (309313470)|STATEMENT_EXECUTE|[22]
12:13:17.308 (309314515)|STATEMENT_EXECUTE|[24]
12:13:17.308 (309315542)|STATEMENT_EXECUTE|[26]
12:13:17.308 (309316637)|STATEMENT_EXECUTE|[28]
12:13:17.308 (309317539)|STATEMENT_EXECUTE|[30]
12:13:17.308 (309318596)|STATEMENT_EXECUTE|[32]
12:13:17.308 (309330346)|CONSTRUCTOR_EXIT|[71]|01pB0000000r382|<init>()
12:13:17.308 (309335702)|VARIABLE_SCOPE_BEGIN|[71]|returnRec|testautonumdata.Twitter_Lightning_Controller|true|false
12:13:17.308 (309362214)|VARIABLE_ASSIGNMENT|[71]|returnRec|{}|0x5a39d02
12:13:17.308 (309390089)|ENTERING_MANAGED_PKG|
12:13:17.308 (309428520)|STATEMENT_EXECUTE|[73]
12:13:17.308 (309431190)|STATEMENT_EXECUTE|[143]
12:13:17.308 (309445013)|SYSTEM_MODE_EXIT|false
12:13:17.309 (309486977)|CUMULATIVE_LIMIT_USAGE
12:13:17.309 (309486977)|LIMIT_USAGE_FOR_NS|(default)|
  Number of SOQL queries: 0 out of 100
  Number of query rows: 0 out of 50000
  Number of SOSL queries: 0 out of 20
  Number of DML statements: 0 out of 150
  Number of DML rows: 0 out of 10000
  Maximum CPU time: 0 out of 10000
  Maximum heap size: 0 out of 6000000
  Number of callouts: 0 out of 100
  Number of Email Invocations: 0 out of 10
  Number of future calls: 0 out of 50
  Number of queueable jobs added to the queue: 0 out of 50
  Number of Mobile Apex push calls: 0 out of 10

12:13:17.309 (309486977)|LIMIT_USAGE_FOR_NS|testautonumdata|
  Number of SOQL queries: 1 out of 100
  Number of query rows: 2 out of 50000
  Number of SOSL queries: 0 out of 20
  Number of DML statements: 0 out of 150
  Number of DML rows: 0 out of 10000
  Maximum CPU time: 19 out of 10000
  Maximum heap size: 0 out of 6000000
  Number of callouts: 0 out of 100
  Number of Email Invocations: 0 out of 10
  Number of future calls: 0 out of 50
  Number of queueable jobs added to the queue: 0 out of 50
  Number of Mobile Apex push calls: 0 out of 10

12:13:17.309 (309486977)|CUMULATIVE_LIMIT_USAGE_END

12:13:17.308 (309566694)|CODE_UNIT_FINISHED|Twitter_Lightning_Controller.getRecordDetails
12:13:17.310 (310714813)|USER_INFO|[EXTERNAL]|005B0000001VpZR|rreboucas-yi5c@force.com|Pacific Standard Time|GMT-07:00
12:13:17.310 (310732810)|CODE_UNIT_STARTED|[EXTERNAL]|Aura
12:13:17.310 (310786411)|CODE_UNIT_FINISHED|Aura
12:13:17.0 (435601857)|HEAP_ALLOCATE|[EXTERNAL]|Bytes:1
12:13:17.0 (435630818)|HEAP_ALLOCATE|[EXTERNAL]|Bytes:1
12:13:17.437 (437476578)|USER_INFO|[EXTERNAL]|005B0000001VpZR|rreboucas-yi5c@force.com|Pacific Standard Time|GMT-07:00
12:13:17.437 (437710316)|STATEMENT_EXECUTE|[1]
12:13:17.437 (437725351)|SYSTEM_MODE_ENTER|false
12:13:17.437 (437732793)|HEAP_ALLOCATE|[EXTERNAL]|Bytes:5
12:13:17.437 (437742647)|SYSTEM_MODE_EXIT|false
12:13:17.437 (437755528)|METHOD_EXIT|[1]|FilesViewerServerController
12:13:17.437 (437761208)|HEAP_ALLOCATE|[EXTERNAL]|Bytes:1
12:13:17.437 (437768945)|SYSTEM_MODE_ENTER|false
12:13:17.437 (437782612)|VARIABLE_SCOPE_BEGIN|[16]|recordID|String|false|false
12:13:17.437 (437814089)|VARIABLE_ASSIGNMENT|[16]|recordID|null
12:13:17.437 (437819546)|VARIABLE_SCOPE_BEGIN|[16]|rowsLimit|String|false|false
12:13:17.437 (437827243)|VARIABLE_ASSIGNMENT|[16]|rowsLimit|"8"
12:13:17.437 (437837590)|HEAP_ALLOCATE|[18]|Bytes:5
12:13:17.437 (437841832)|STATEMENT_EXECUTE|[16]
12:13:17.437 (437843352)|STATEMENT_EXECUTE|[18]
12:13:17.437 (437848516)|HEAP_ALLOCATE|[18]|Bytes:49
12:13:17.437 (437861257)|HEAP_ALLOCATE|[18]|Bytes:50
12:13:17.437 (437885776)|ENTERING_MANAGED_PKG|
12:13:17.437 (437921140)|USER_DEBUG|[18]|DEBUG|######## FilesViewerServerController: rowsLimit: 8
12:13:17.437 (437932240)|STATEMENT_EXECUTE|[20]
12:13:17.437 (437939274)|HEAP_ALLOCATE|[20]|Bytes:4
12:13:17.437 (438025731)|ENTERING_MANAGED_PKG|
12:13:17.437 (438055103)|VARIABLE_SCOPE_BEGIN|[20]|lstReturnRecords|List<testautonumdata.FilesViewerServerController>|true|false
12:13:17.437 (438090806)|HEAP_ALLOCATE|[EXTERNAL]|Bytes:4
12:13:17.437 (438116822)|VARIABLE_ASSIGNMENT|[20]|lstReturnRecords|{"s":1,"v":[]}|0x4e9a828c
12:13:17.437 (438136380)|ENTERING_MANAGED_PKG|
12:13:17.437 (438170821)|STATEMENT_EXECUTE|[21]
12:13:17.437 (438173610)|STATEMENT_EXECUTE|[72]
12:13:17.437 (438188082)|SYSTEM_MODE_EXIT|false
12:13:17.438 (438235384)|CUMULATIVE_LIMIT_USAGE
12:13:17.438 (438235384)|LIMIT_USAGE_FOR_NS|(default)|
  Number of SOQL queries: 0 out of 100
  Number of query rows: 0 out of 50000
  Number of SOSL queries: 0 out of 20
  Number of DML statements: 0 out of 150
  Number of DML rows: 0 out of 10000
  Maximum CPU time: 0 out of 10000
  Maximum heap size: 0 out of 6000000
  Number of callouts: 0 out of 100
  Number of Email Invocations: 0 out of 10
  Number of future calls: 0 out of 50
  Number of queueable jobs added to the queue: 0 out of 50
  Number of Mobile Apex push calls: 0 out of 10

12:13:17.438 (438235384)|LIMIT_USAGE_FOR_NS|testautonumdata|
  Number of SOQL queries: 1 out of 100
  Number of query rows: 2 out of 50000
  Number of SOSL queries: 0 out of 20
  Number of DML statements: 0 out of 150
  Number of DML rows: 0 out of 10000
  Maximum CPU time: 19 out of 10000
  Maximum heap size: 0 out of 6000000
  Number of callouts: 0 out of 100
  Number of Email Invocations: 0 out of 10
  Number of future calls: 0 out of 50
  Number of queueable jobs added to the queue: 0 out of 50
  Number of Mobile Apex push calls: 0 out of 10

12:13:17.438 (438235384)|CUMULATIVE_LIMIT_USAGE_END

12:13:17.437 (438315687)|CODE_UNIT_FINISHED|FilesViewerServerController.getListRecords
12:13:17.0 (513510321)|HEAP_ALLOCATE|[EXTERNAL]|Bytes:12
12:13:17.0 (513537638)|HEAP_ALLOCATE|[EXTERNAL]|Bytes:12
12:13:17.515 (515124361)|USER_INFO|[EXTERNAL]|005B0000001VpZR|rreboucas-yi5c@force.com|Pacific Standard Time|GMT-07:00
12:13:17.515 (515254731)|HEAP_ALLOCATE|[151]|Bytes:5
12:13:17.515 (515264366)|STATEMENT_EXECUTE|[149]
12:13:17.515 (515267388)|STATEMENT_EXECUTE|[151]
12:13:17.515 (515272042)|HEAP_ALLOCATE|[151]|Bytes:3
12:13:17.515 (515280129)|VARIABLE_SCOPE_BEGIN|[151]|oauthVersion|String|false|false
12:13:17.515 (515313504)|VARIABLE_ASSIGNMENT|[151]|oauthVersion|"1.0"
12:13:17.515 (515316599)|STATEMENT_EXECUTE|[152]
12:13:17.515 (515320238)|HEAP_ALLOCATE|[152]|Bytes:25
12:13:17.515 (515324834)|VARIABLE_SCOPE_BEGIN|[152]|oauthConsumerKey|String|false|false
12:13:17.515 (515333270)|VARIABLE_ASSIGNMENT|[152]|oauthConsumerKey|"crTSqn98nBWCC8lbj0Ia (5 more) ..."
12:13:17.515 (515335567)|STATEMENT_EXECUTE|[153]
12:13:17.515 (515338392)|HEAP_ALLOCATE|[153]|Bytes:50
12:13:17.515 (515341800)|VARIABLE_SCOPE_BEGIN|[153]|oauthConsumerSecret|String|false|false
12:13:17.515 (515348126)|VARIABLE_ASSIGNMENT|[153]|oauthConsumerSecret|"LETjbmGTLmKF9tBldLY8 (30 more) ..."
12:13:17.515 (515350158)|STATEMENT_EXECUTE|[154]
12:13:17.515 (515352682)|HEAP_ALLOCATE|[154]|Bytes:23
12:13:17.515 (515356149)|VARIABLE_SCOPE_BEGIN|[154]|baseUrl|String|false|false
12:13:17.515 (515362135)|VARIABLE_ASSIGNMENT|[154]|baseUrl|"https://api.twitter. (3 more) ..."
12:13:17.515 (515364083)|STATEMENT_EXECUTE|[155]
12:13:17.515 (515366669)|HEAP_ALLOCATE|[155]|Bytes:9
12:13:17.515 (515370068)|VARIABLE_SCOPE_BEGIN|[155]|oauthSignatureMethod|String|false|false
12:13:17.515 (515374362)|VARIABLE_ASSIGNMENT|[155]|oauthSignatureMethod|"HMAC-SHA1"
12:13:17.515 (515376399)|STATEMENT_EXECUTE|[156]
12:13:17.515 (515379546)|VARIABLE_SCOPE_BEGIN|[156]|strTwitterId|String|false|false
12:13:17.515 (515383606)|VARIABLE_ASSIGNMENT|[156]|strTwitterId|""
12:13:17.515 (515385393)|STATEMENT_EXECUTE|[157]
12:13:17.515 (515387649)|VARIABLE_SCOPE_BEGIN|[157]|pictureURL|String|false|false
12:13:17.515 (515391489)|VARIABLE_ASSIGNMENT|[157]|pictureURL|""
12:13:17.515 (515393162)|STATEMENT_EXECUTE|[158]
12:13:17.515 (515401425)|HEAP_ALLOCATE|[158]|Bytes:64
12:13:17.515 (515424445)|CONSTRUCTOR_ENTRY|[158]|01pB0000000r382|<init>()
12:13:17.515 (515452413)|VARIABLE_SCOPE_BEGIN|[1]|this|testautonumdata.Twitter_Lightning_Controller|true|false
12:13:17.515 (515497362)|VARIABLE_ASSIGNMENT|[1]|this|{}|0x3bb0d0b
12:13:17.515 (515505418)|HEAP_ALLOCATE|[EXTERNAL]|Bytes:5
12:13:17.515 (515533052)|STATEMENT_EXECUTE|[1]
12:13:17.515 (515537000)|HEAP_ALLOCATE|[EXTERNAL]|Bytes:5
12:13:17.515 (515539323)|STATEMENT_EXECUTE|[4]
12:13:17.515 (515540879)|STATEMENT_EXECUTE|[6]
12:13:17.515 (515542109)|STATEMENT_EXECUTE|[8]
12:13:17.515 (515543127)|STATEMENT_EXECUTE|[10]
12:13:17.515 (515544315)|STATEMENT_EXECUTE|[12]
12:13:17.515 (515545231)|STATEMENT_EXECUTE|[14]
12:13:17.515 (515546260)|STATEMENT_EXECUTE|[16]
12:13:17.515 (515547290)|STATEMENT_EXECUTE|[18]
12:13:17.515 (515548322)|STATEMENT_EXECUTE|[20]
12:13:17.515 (515549279)|STATEMENT_EXECUTE|[22]
12:13:17.515 (515550312)|STATEMENT_EXECUTE|[24]
12:13:17.515 (515551342)|STATEMENT_EXECUTE|[26]
12:13:17.515 (515552368)|STATEMENT_EXECUTE|[28]
12:13:17.515 (515553286)|STATEMENT_EXECUTE|[30]
12:13:17.515 (515554333)|STATEMENT_EXECUTE|[32]
12:13:17.515 (515565341)|CONSTRUCTOR_EXIT|[158]|01pB0000000r382|<init>()
12:13:17.515 (515570392)|VARIABLE_SCOPE_BEGIN|[158]|returnRec|testautonumdata.Twitter_Lightning_Controller|true|false
12:13:17.515 (515596610)|VARIABLE_ASSIGNMENT|[158]|returnRec|{}|0x3bb0d0b
12:13:17.515 (515599799)|STATEMENT_EXECUTE|[159]
12:13:17.515 (515603483)|HEAP_ALLOCATE|[159]|Bytes:63
12:13:17.515 (515662767)|VARIABLE_ASSIGNMENT|[EXTERNAL]|this|{}|0x3bb0d0b
12:13:17.515 (515671920)|VARIABLE_ASSIGNMENT|[EXTERNAL]|value|"https://www.lightnin (43 more) ..."
12:13:17.515 (515694596)|VARIABLE_ASSIGNMENT|[6]|this.pictureUrl|"https://www.lightnin (43 more) ..."|0x3bb0d0b
12:13:17.515 (515725457)|ENTERING_MANAGED_PKG|
12:13:17.515 (515762343)|STATEMENT_EXECUTE|[160]
12:13:17.515 (515765252)|STATEMENT_EXECUTE|[284]
12:13:17.515 (515780419)|SYSTEM_MODE_EXIT|false
12:13:17.515 (515823735)|CUMULATIVE_LIMIT_USAGE
12:13:17.515 (515823735)|LIMIT_USAGE_FOR_NS|(default)|
  Number of SOQL queries: 0 out of 100
  Number of query rows: 0 out of 50000
  Number of SOSL queries: 0 out of 20
  Number of DML statements: 0 out of 150
  Number of DML rows: 0 out of 10000
  Maximum CPU time: 0 out of 10000
  Maximum heap size: 0 out of 6000000
  Number of callouts: 0 out of 100
  Number of Email Invocations: 0 out of 10
  Number of future calls: 0 out of 50
  Number of queueable jobs added to the queue: 0 out of 50
  Number of Mobile Apex push calls: 0 out of 10

12:13:17.515 (515823735)|LIMIT_USAGE_FOR_NS|testautonumdata|
  Number of SOQL queries: 1 out of 100
  Number of query rows: 2 out of 50000
  Number of SOSL queries: 0 out of 20
  Number of DML statements: 0 out of 150
  Number of DML rows: 0 out of 10000
  Maximum CPU time: 19 out of 10000
  Maximum heap size: 0 out of 6000000
  Number of callouts: 0 out of 100
  Number of Email Invocations: 0 out of 10
  Number of future calls: 0 out of 50
  Number of queueable jobs added to the queue: 0 out of 50
  Number of Mobile Apex push calls: 0 out of 10

12:13:17.515 (515823735)|CUMULATIVE_LIMIT_USAGE_END

12:13:17.515 (515902199)|CODE_UNIT_FINISHED|Twitter_Lightning_Controller.getTwitterPicture
12:13:17.517 (517489192)|USER_INFO|[EXTERNAL]|005B0000001VpZR|rreboucas-yi5c@force.com|Pacific Standard Time|GMT-07:00
12:13:17.517 (517501268)|CODE_UNIT_STARTED|[EXTERNAL]|Aura
12:13:17.517 (517541629)|CODE_UNIT_FINISHED|Aura
12:13:17.0 (586483658)|HEAP_ALLOCATE|[EXTERNAL]|Bytes:1
12:13:17.0 (586515740)|HEAP_ALLOCATE|[EXTERNAL]|Bytes:1
12:13:17.589 (589451471)|USER_INFO|[EXTERNAL]|005B0000001VpZR|rreboucas-yi5c@force.com|Pacific Standard Time|GMT-07:00
12:13:17.589 (589693517)|STATEMENT_EXECUTE|[1]
12:13:17.589 (589709702)|SYSTEM_MODE_ENTER|false
12:13:17.589 (589721883)|HEAP_ALLOCATE|[EXTERNAL]|Bytes:5
12:13:17.589 (589732808)|SYSTEM_MODE_EXIT|false
12:13:17.589 (589746929)|METHOD_EXIT|[1]|RecordTimelineServerController
12:13:17.589 (589753090)|HEAP_ALLOCATE|[EXTERNAL]|Bytes:1
12:13:17.589 (589755438)|HEAP_ALLOCATE|[EXTERNAL]|Bytes:29
12:13:17.589 (589757105)|HEAP_ALLOCATE|[EXTERNAL]|Bytes:17
12:13:17.589 (589758440)|HEAP_ALLOCATE|[EXTERNAL]|Bytes:7
12:13:17.589 (589759715)|HEAP_ALLOCATE|[EXTERNAL]|Bytes:12
12:13:17.589 (589761025)|HEAP_ALLOCATE|[EXTERNAL]|Bytes:4
12:13:17.589 (589762309)|HEAP_ALLOCATE|[EXTERNAL]|Bytes:9
12:13:17.589 (589763598)|HEAP_ALLOCATE|[EXTERNAL]|Bytes:17
12:13:17.589 (589770489)|SYSTEM_MODE_ENTER|false
12:13:17.589 (589785056)|VARIABLE_SCOPE_BEGIN|[22]|recordID|String|false|false
12:13:17.589 (589815394)|VARIABLE_ASSIGNMENT|[22]|recordID|null
12:13:17.589 (589820892)|VARIABLE_SCOPE_BEGIN|[22]|rowsLimit|String|false|false
12:13:17.589 (589828571)|VARIABLE_ASSIGNMENT|[22]|rowsLimit|"4"
12:13:17.589 (589831881)|VARIABLE_SCOPE_BEGIN|[22]|objectApiName|String|false|false
12:13:17.589 (589838587)|VARIABLE_ASSIGNMENT|[22]|objectApiName|"testautonumdata__Int (9 more) ..."
12:13:17.589 (589842224)|VARIABLE_SCOPE_BEGIN|[22]|filter1Field|String|false|false
12:13:17.589 (589845424)|VARIABLE_ASSIGNMENT|[22]|filter1Field|null
12:13:17.589 (589848386)|VARIABLE_SCOPE_BEGIN|[22]|filter1Value|String|false|false
12:13:17.589 (589851011)|VARIABLE_ASSIGNMENT|[22]|filter1Value|null
12:13:17.589 (589853668)|VARIABLE_SCOPE_BEGIN|[22]|objectDateFieldName|String|false|false
12:13:17.589 (589857528)|VARIABLE_ASSIGNMENT|[22]|objectDateFieldName|"Interview_Date__c"
12:13:17.589 (589860587)|VARIABLE_SCOPE_BEGIN|[22]|objectDisplayDateFieldName|String|false|false
12:13:17.589 (589863904)|VARIABLE_ASSIGNMENT|[22]|objectDisplayDateFieldName|"Date__c"
12:13:17.589 (589866828)|VARIABLE_SCOPE_BEGIN|[22]|parentObjectIDFieldName|String|false|false
12:13:17.589 (589870192)|VARIABLE_ASSIGNMENT|[22]|parentObjectIDFieldName|"Candidate__c"
12:13:17.589 (589873211)|VARIABLE_SCOPE_BEGIN|[22]|detail1FieldAPIName|String|false|false
12:13:17.589 (589876833)|VARIABLE_ASSIGNMENT|[22]|detail1FieldAPIName|"Name"
12:13:17.589 (589879736)|VARIABLE_SCOPE_BEGIN|[22]|detail2FieldAPIName|String|false|false
12:13:17.589 (589887153)|VARIABLE_ASSIGNMENT|[22]|detail2FieldAPIName|"Status__c"
12:13:17.589 (589890811)|VARIABLE_SCOPE_BEGIN|[22]|titleFieldAPIName|String|false|false
12:13:17.589 (589894508)|VARIABLE_ASSIGNMENT|[22]|titleFieldAPIName|"Interview_Type__c"
12:13:17.589 (589897418)|VARIABLE_SCOPE_BEGIN|[22]|subtitleFieldAPIName|String|false|false
12:13:17.589 (589900552)|VARIABLE_ASSIGNMENT|[22]|subtitleFieldAPIName|null
12:13:17.589 (589913970)|HEAP_ALLOCATE|[24]|Bytes:5
12:13:17.589 (589919044)|STATEMENT_EXECUTE|[22]
12:13:17.589 (589920749)|STATEMENT_EXECUTE|[24]
12:13:17.589 (589927148)|HEAP_ALLOCATE|[24]|Bytes:52
12:13:17.589 (589942899)|HEAP_ALLOCATE|[24]|Bytes:53
12:13:17.589 (589972716)|ENTERING_MANAGED_PKG|
12:13:17.589 (590008832)|USER_DEBUG|[24]|DEBUG|######## RecordTimelineServerController: rowsLimit: 4
12:13:17.589 (590021069)|STATEMENT_EXECUTE|[25]
12:13:17.589 (590026412)|HEAP_ALLOCATE|[25]|Bytes:56
12:13:17.589 (590033817)|HEAP_ALLOCATE|[25]|Bytes:85
12:13:17.589 (590046729)|ENTERING_MANAGED_PKG|
12:13:17.589 (590065121)|USER_DEBUG|[25]|DEBUG|######## RecordTimelineServerController: objectApiName: testautonumdata__Interview__c
12:13:17.589 (590072733)|STATEMENT_EXECUTE|[27]
12:13:17.589 (590083562)|HEAP_ALLOCATE|[27]|Bytes:4
12:13:17.589 (590176346)|ENTERING_MANAGED_PKG|
12:13:17.589 (590205063)|VARIABLE_SCOPE_BEGIN|[27]|lstReturnRecords|List<testautonumdata.RecordTimelineServerController>|true|false
12:13:17.589 (590244223)|HEAP_ALLOCATE|[EXTERNAL]|Bytes:4
12:13:17.589 (590270667)|VARIABLE_ASSIGNMENT|[27]|lstReturnRecords|{"s":1,"v":[]}|0x537edcf7
12:13:17.589 (590291416)|ENTERING_MANAGED_PKG|
12:13:17.589 (590327979)|STATEMENT_EXECUTE|[28]
12:13:17.589 (590330871)|STATEMENT_EXECUTE|[118]
12:13:17.589 (590345896)|SYSTEM_MODE_EXIT|false
12:13:17.590 (590388842)|CUMULATIVE_LIMIT_USAGE
12:13:17.590 (590388842)|LIMIT_USAGE_FOR_NS|(default)|
  Number of SOQL queries: 0 out of 100
  Number of query rows: 0 out of 50000
  Number of SOSL queries: 0 out of 20
  Number of DML statements: 0 out of 150
  Number of DML rows: 0 out of 10000
  Maximum CPU time: 0 out of 10000
  Maximum heap size: 0 out of 6000000
  Number of callouts: 0 out of 100
  Number of Email Invocations: 0 out of 10
  Number of future calls: 0 out of 50
  Number of queueable jobs added to the queue: 0 out of 50
  Number of Mobile Apex push calls: 0 out of 10

12:13:17.590 (590388842)|LIMIT_USAGE_FOR_NS|testautonumdata|
  Number of SOQL queries: 1 out of 100
  Number of query rows: 2 out of 50000
  Number of SOSL queries: 0 out of 20
  Number of DML statements: 0 out of 150
  Number of DML rows: 0 out of 10000
  Maximum CPU time: 19 out of 10000
  Maximum heap size: 0 out of 6000000
  Number of callouts: 0 out of 100
  Number of Email Invocations: 0 out of 10
  Number of future calls: 0 out of 50
  Number of queueable jobs added to the queue: 0 out of 50
  Number of Mobile Apex push calls: 0 out of 10

12:13:17.590 (590388842)|CUMULATIVE_LIMIT_USAGE_END

12:13:17.589 (590469505)|CODE_UNIT_FINISHED|RecordTimelineServerController.getListRecords
