38.0 APEX_CODE,FINEST;APEX_PROFILING,INFO;CALLOUT,INFO;DB,INFO;SYSTEM,DEBUG;VALIDATION,INFO;VISUALFORCE,INFO;WORKFLOW,INFO
07:57:35.0 (81017)|USER_INFO|[EXTERNAL]|005B0000001VpZR|rreboucas-yi5c@force.com|Pacific Standard Time|GMT-07:00
07:57:35.2 (2152634)|CODE_UNIT_STARTED|[EXTERNAL]|01pB0000000lc07|ListServerController.getListRecords
07:57:35.2 (2212662)|VARIABLE_SCOPE_BEGIN|[3]|ListServerController.mapObjectsFields|Map<String,Set<String>>|true|true
07:57:35.2 (2282797)|HEAP_ALLOCATE|[EXTERNAL]|Bytes:180
07:57:35.2 (2290572)|HEAP_ALLOCATE|[EXTERNAL]|Bytes:22
07:57:35.2 (2294018)|HEAP_ALLOCATE|[EXTERNAL]|Bytes:27
07:57:35.2 (2314282)|METHOD_ENTRY|[1]|01pB0000000lc07|ListServerController.ListServerController()
07:57:35.2 (2318647)|STATEMENT_EXECUTE|[1]
07:57:35.2 (2325273)|STATEMENT_EXECUTE|[1]
07:57:35.2 (2358370)|HEAP_ALLOCATE|[50]|Bytes:5
07:57:35.2 (2380771)|HEAP_ALLOCATE|[56]|Bytes:5
07:57:35.2 (2392594)|HEAP_ALLOCATE|[64]|Bytes:7
07:57:35.2 (2416572)|SYSTEM_MODE_ENTER|false
07:57:35.2 (2433477)|HEAP_ALLOCATE|[3]|Bytes:5
07:57:35.2 (2438097)|STATEMENT_EXECUTE|[3]
07:57:35.2 (2471456)|VARIABLE_ASSIGNMENT|[3]|ListServerController.mapObjectsFields|null|
07:57:35.2 (2477829)|SYSTEM_MODE_EXIT|false
07:57:35.2 (2491145)|METHOD_EXIT|[1]|ListServerController
07:57:35.2 (2496920)|HEAP_ALLOCATE|[EXTERNAL]|Bytes:1
07:57:35.2 (2499318)|HEAP_ALLOCATE|[EXTERNAL]|Bytes:7
07:57:35.2 (2500894)|HEAP_ALLOCATE|[EXTERNAL]|Bytes:2
07:57:35.2 (2502327)|HEAP_ALLOCATE|[EXTERNAL]|Bytes:4
07:57:35.2 (2503809)|HEAP_ALLOCATE|[EXTERNAL]|Bytes:4
07:57:35.2 (2509680)|SYSTEM_MODE_ENTER|false
07:57:35.2 (2514911)|VARIABLE_SCOPE_BEGIN|[23]|rowsLimit|String|false|false
07:57:35.2 (2522052)|VARIABLE_ASSIGNMENT|[23]|rowsLimit|"8"
07:57:35.2 (2524253)|VARIABLE_SCOPE_BEGIN|[23]|objectApiName|String|false|false
07:57:35.2 (2527559)|VARIABLE_ASSIGNMENT|[23]|objectApiName|"Account"
07:57:35.2 (2529458)|VARIABLE_SCOPE_BEGIN|[23]|filter1Field|String|false|false
07:57:35.2 (2533040)|VARIABLE_ASSIGNMENT|[23]|filter1Field|null
07:57:35.2 (2535445)|VARIABLE_SCOPE_BEGIN|[23]|filter1Value|String|false|false
07:57:35.2 (2537898)|VARIABLE_ASSIGNMENT|[23]|filter1Value|null
07:57:35.2 (2539965)|VARIABLE_SCOPE_BEGIN|[23]|eventField|String|false|false
07:57:35.2 (2542588)|VARIABLE_ASSIGNMENT|[23]|eventField|"Id"
07:57:35.2 (2544495)|VARIABLE_SCOPE_BEGIN|[23]|column1|String|false|false
07:57:35.2 (2547188)|VARIABLE_ASSIGNMENT|[23]|column1|"Name"
07:57:35.2 (2549632)|VARIABLE_SCOPE_BEGIN|[23]|column2|String|false|false
07:57:35.2 (2551990)|VARIABLE_ASSIGNMENT|[23]|column2|null
07:57:35.2 (2554208)|VARIABLE_SCOPE_BEGIN|[23]|column3|String|false|false
07:57:35.2 (2556361)|VARIABLE_ASSIGNMENT|[23]|column3|null
07:57:35.2 (2558648)|VARIABLE_SCOPE_BEGIN|[23]|column4|String|false|false
07:57:35.2 (2560831)|VARIABLE_ASSIGNMENT|[23]|column4|null
07:57:35.2 (2563126)|VARIABLE_SCOPE_BEGIN|[23]|sortField|String|false|false
07:57:35.2 (2565560)|VARIABLE_ASSIGNMENT|[23]|sortField|"Name"
07:57:35.2 (2567753)|VARIABLE_SCOPE_BEGIN|[23]|sortDirection|String|false|false
07:57:35.2 (2570363)|VARIABLE_ASSIGNMENT|[23]|sortDirection|null
07:57:35.2 (2583626)|HEAP_ALLOCATE|[25]|Bytes:5
07:57:35.2 (2587351)|STATEMENT_EXECUTE|[23]
07:57:35.2 (2588779)|STATEMENT_EXECUTE|[25]
07:57:35.2 (2591333)|HEAP_ALLOCATE|[25]|Bytes:20
07:57:35.2 (2601024)|HEAP_ALLOCATE|[25]|Bytes:21
07:57:35.2 (2621311)|ENTERING_MANAGED_PKG|
07:57:35.2 (2651908)|USER_DEBUG|[25]|DEBUG|######## rowsLimit: 8
07:57:35.2 (2659683)|STATEMENT_EXECUTE|[26]
07:57:35.2 (2663894)|HEAP_ALLOCATE|[26]|Bytes:24
07:57:35.2 (2670393)|HEAP_ALLOCATE|[26]|Bytes:31
07:57:35.2 (2677781)|ENTERING_MANAGED_PKG|
07:57:35.2 (2693297)|USER_DEBUG|[26]|DEBUG|######## objectApiName: Account
07:57:35.2 (2699251)|STATEMENT_EXECUTE|[29]
07:57:35.2 (2704315)|HEAP_ALLOCATE|[29]|Bytes:4
07:57:35.2 (2738227)|VARIABLE_ASSIGNMENT|[29]|ListServerController.mapObjectsFields|{"s":1,"v":{}}|0x3fd4871c
07:57:35.2 (2741663)|STATEMENT_EXECUTE|[31]
07:57:35.2 (2745341)|HEAP_ALLOCATE|[31]|Bytes:2
07:57:35.2 (2881498)|HEAP_ALLOCATE|[31]|Bytes:19
07:57:35.2 (2887904)|HEAP_ALLOCATE|[31]|Bytes:28
07:57:35.2 (2900632)|METHOD_ENTRY|[1]|01pB0000000ljzx|Sparkle_Helper.Sparkle_Helper()
07:57:35.2 (2904164)|STATEMENT_EXECUTE|[1]
07:57:35.2 (2908413)|STATEMENT_EXECUTE|[1]
07:57:35.2 (2914931)|HEAP_ALLOCATE|[31]|Bytes:5
07:57:35.2 (2925852)|METHOD_EXIT|[1]|Sparkle_Helper
07:57:35.2 (2940161)|METHOD_ENTRY|[31]|01pB0000000ljzx|testautonumdata.Sparkle_Helper.AddFieldToObjectsMap(String, String, Map<String,Set<String>>)
07:57:35.2 (2958071)|VARIABLE_SCOPE_BEGIN|[107]|fieldName|String|false|false
07:57:35.2 (2965052)|VARIABLE_ASSIGNMENT|[107]|fieldName|"Id"
07:57:35.2 (2967396)|VARIABLE_SCOPE_BEGIN|[107]|initialObjectName|String|false|false
07:57:35.2 (2970423)|VARIABLE_ASSIGNMENT|[107]|initialObjectName|"Account"
07:57:35.2 (2972283)|VARIABLE_SCOPE_BEGIN|[107]|theMap|Map<String,Set<String>>|true|false
07:57:35.2 (2983108)|VARIABLE_ASSIGNMENT|[107]|theMap|{"s":1,"v":{}}|0x3fd4871c
07:57:35.2 (2991551)|HEAP_ALLOCATE|[109]|Bytes:5
07:57:35.2 (2995778)|STATEMENT_EXECUTE|[108]
07:57:35.2 (2998380)|HEAP_ALLOCATE|[109]|Bytes:1
07:57:35.2 (3015567)|ENTERING_MANAGED_PKG|
07:57:35.2 (3062862)|STATEMENT_EXECUTE|[150]
07:57:35.2 (3077824)|METHOD_ENTRY|[150]|01pB0000000ljzx|testautonumdata.Sparkle_Helper.AddFieldToMap(String, String, Map<String,Set<String>>)
07:57:35.2 (3101477)|VARIABLE_SCOPE_BEGIN|[157]|fieldName|String|false|false
07:57:35.2 (3109066)|VARIABLE_ASSIGNMENT|[157]|fieldName|"Id"
07:57:35.2 (3111465)|VARIABLE_SCOPE_BEGIN|[157]|ObjectName|String|false|false
07:57:35.2 (3114521)|VARIABLE_ASSIGNMENT|[157]|ObjectName|"Account"
07:57:35.2 (3116281)|VARIABLE_SCOPE_BEGIN|[157]|theMap|Map<String,Set<String>>|true|false
07:57:35.2 (3126556)|VARIABLE_ASSIGNMENT|[157]|theMap|{"s":1,"v":{}}|0x3fd4871c
07:57:35.2 (3135340)|HEAP_ALLOCATE|[160]|Bytes:5
07:57:35.2 (3139539)|STATEMENT_EXECUTE|[158]
07:57:35.2 (3149145)|ENTERING_MANAGED_PKG|
07:57:35.2 (3179067)|STATEMENT_EXECUTE|[167]
07:57:35.2 (3181038)|STATEMENT_EXECUTE|[168]
07:57:35.2 (3232927)|HEAP_ALLOCATE|[168]|Bytes:4
07:57:35.2 (3252703)|ENTERING_MANAGED_PKG|
07:57:35.2 (3278997)|VARIABLE_SCOPE_BEGIN|[168]|newFieldSet|Set<String>|true|false
07:57:35.2 (3312998)|VARIABLE_ASSIGNMENT|[168]|newFieldSet|{"s":1,"v":[]}|0x1fb17c43
07:57:35.2 (3316711)|STATEMENT_EXECUTE|[169]
07:57:35.2 (3327512)|ENTERING_MANAGED_PKG|
07:57:35.2 (3354320)|HEAP_ALLOCATE|[EXTERNAL]|Bytes:4
07:57:35.2 (3362725)|STATEMENT_EXECUTE|[170]
07:57:35.2 (3369906)|ENTERING_MANAGED_PKG|
07:57:35.2 (3397454)|HEAP_ALLOCATE|[EXTERNAL]|Bytes:-4
07:57:35.2 (3409753)|METHOD_EXIT|[150]|01pB0000000ljzx|testautonumdata.Sparkle_Helper.AddFieldToMap(String, String, Map<String,Set<String>>)
07:57:35.2 (3416347)|METHOD_EXIT|[31]|01pB0000000ljzx|testautonumdata.Sparkle_Helper.AddFieldToObjectsMap(String, String, Map<String,Set<String>>)
07:57:35.2 (3419273)|STATEMENT_EXECUTE|[33]
07:57:35.2 (3440469)|HEAP_ALLOCATE|[33]|Bytes:4
07:57:35.2 (3486833)|ENTERING_MANAGED_PKG|
07:57:35.2 (3505979)|VARIABLE_SCOPE_BEGIN|[33]|lstReturnRecords|List<testautonumdata.ListServerController>|true|false
07:57:35.2 (3524979)|HEAP_ALLOCATE|[EXTERNAL]|Bytes:4
07:57:35.2 (3538075)|VARIABLE_ASSIGNMENT|[33]|lstReturnRecords|{"s":1,"v":[]}|0x42edf53c
07:57:35.2 (3541197)|STATEMENT_EXECUTE|[35]
07:57:35.2 (3561982)|ENTERING_MANAGED_PKG|
07:57:35.2 (3590895)|VARIABLE_SCOPE_BEGIN|[35]|rLimit|Integer|false|false
07:57:35.2 (3595398)|HEAP_ALLOCATE|[35]|Bytes:4
07:57:35.2 (3601886)|VARIABLE_ASSIGNMENT|[35]|rLimit|8
07:57:35.2 (3604177)|STATEMENT_EXECUTE|[36]
07:57:35.2 (3607726)|HEAP_ALLOCATE|[36]|Bytes:17
07:57:35.2 (3621895)|ENTERING_MANAGED_PKG|
07:57:35.2 (3643702)|HEAP_ALLOCATE|[36]|Bytes:1
07:57:35.2 (3656542)|HEAP_ALLOCATE|[36]|Bytes:18
07:57:35.2 (3664905)|ENTERING_MANAGED_PKG|
07:57:35.2 (3671653)|USER_DEBUG|[36]|DEBUG|######## rLimit: 8
07:57:35.2 (3677083)|STATEMENT_EXECUTE|[40]
07:57:35.2 (3680520)|HEAP_ALLOCATE|[40]|Bytes:9
07:57:35.2 (3684818)|VARIABLE_SCOPE_BEGIN|[40]|soql|String|false|false
07:57:35.2 (3692215)|VARIABLE_ASSIGNMENT|[40]|soql|"Select id"
07:57:35.2 (3706183)|ENTERING_MANAGED_PKG|
07:57:35.2 (3741521)|STATEMENT_EXECUTE|[42]
07:57:35.2 (3744819)|STATEMENT_EXECUTE|[49]
07:57:35.2 (3745900)|STATEMENT_EXECUTE|[50]
07:57:35.2 (3749268)|HEAP_ALLOCATE|[50]|Bytes:2
07:57:35.2 (3762551)|ENTERING_MANAGED_PKG|
07:57:35.2 (3780204)|HEAP_ALLOCATE|[50]|Bytes:4
07:57:35.2 (3792832)|HEAP_ALLOCATE|[50]|Bytes:6
07:57:35.2 (3797052)|HEAP_ALLOCATE|[50]|Bytes:15
07:57:35.2 (3804860)|VARIABLE_ASSIGNMENT|[50]|soql|"Select id, Name"
07:57:35.2 (3807256)|STATEMENT_EXECUTE|[51]
07:57:35.2 (3815382)|METHOD_ENTRY|[51]|01pB0000000ljzx|testautonumdata.Sparkle_Helper.AddFieldToObjectsMap(String, String, Map<String,Set<String>>)
07:57:35.2 (3830152)|VARIABLE_SCOPE_BEGIN|[107]|fieldName|String|false|false
07:57:35.2 (3835293)|VARIABLE_ASSIGNMENT|[107]|fieldName|"Name"
07:57:35.2 (3837099)|VARIABLE_SCOPE_BEGIN|[107]|initialObjectName|String|false|false
07:57:35.2 (3839698)|VARIABLE_ASSIGNMENT|[107]|initialObjectName|"Account"
07:57:35.2 (3841263)|VARIABLE_SCOPE_BEGIN|[107]|theMap|Map<String,Set<String>>|true|false
07:57:35.2 (3858055)|VARIABLE_ASSIGNMENT|[107]|theMap|{"s":1,"v":{"Account":{"s":2,"v":["Id"]}}}|0x3fd4871c
07:57:35.2 (3870986)|HEAP_ALLOCATE|[109]|Bytes:5
07:57:35.2 (3874869)|STATEMENT_EXECUTE|[108]
07:57:35.2 (3886747)|ENTERING_MANAGED_PKG|
07:57:35.2 (3894463)|STATEMENT_EXECUTE|[150]
07:57:35.2 (3899940)|METHOD_ENTRY|[150]|01pB0000000ljzx|testautonumdata.Sparkle_Helper.AddFieldToMap(String, String, Map<String,Set<String>>)
07:57:35.2 (3904113)|VARIABLE_SCOPE_BEGIN|[157]|fieldName|String|false|false
07:57:35.2 (3909140)|VARIABLE_ASSIGNMENT|[157]|fieldName|"Name"
07:57:35.2 (3911031)|VARIABLE_SCOPE_BEGIN|[157]|ObjectName|String|false|false
07:57:35.2 (3913613)|VARIABLE_ASSIGNMENT|[157]|ObjectName|"Account"
07:57:35.2 (3915260)|VARIABLE_SCOPE_BEGIN|[157]|theMap|Map<String,Set<String>>|true|false
07:57:35.2 (3928980)|VARIABLE_ASSIGNMENT|[157]|theMap|{"s":1,"v":{"Account":{"s":2,"v":["Id"]}}}|0x3fd4871c
07:57:35.2 (3936296)|HEAP_ALLOCATE|[160]|Bytes:5
07:57:35.2 (3939626)|STATEMENT_EXECUTE|[158]
07:57:35.2 (3945700)|ENTERING_MANAGED_PKG|
07:57:35.2 (3951505)|STATEMENT_EXECUTE|[161]
07:57:35.2 (3952773)|STATEMENT_EXECUTE|[162]
07:57:35.2 (3957714)|ENTERING_MANAGED_PKG|
07:57:35.2 (3989092)|VARIABLE_SCOPE_BEGIN|[162]|existingFieldSet|Set<String>|true|false
07:57:35.2 (4002976)|VARIABLE_ASSIGNMENT|[162]|existingFieldSet|{"s":1,"v":["Id"]}|0x1fb17c43
07:57:35.2 (4006786)|STATEMENT_EXECUTE|[163]
07:57:35.2 (4013742)|ENTERING_MANAGED_PKG|
07:57:35.2 (4036034)|HEAP_ALLOCATE|[EXTERNAL]|Bytes:4
07:57:35.2 (4043903)|STATEMENT_EXECUTE|[164]
07:57:35.2 (4050646)|ENTERING_MANAGED_PKG|
07:57:35.2 (4087498)|METHOD_EXIT|[150]|01pB0000000ljzx|testautonumdata.Sparkle_Helper.AddFieldToMap(String, String, Map<String,Set<String>>)
07:57:35.2 (4094100)|METHOD_EXIT|[51]|01pB0000000ljzx|testautonumdata.Sparkle_Helper.AddFieldToObjectsMap(String, String, Map<String,Set<String>>)
07:57:35.2 (4097602)|STATEMENT_EXECUTE|[53]
07:57:35.2 (4099734)|STATEMENT_EXECUTE|[58]
07:57:35.2 (4101198)|STATEMENT_EXECUTE|[63]
07:57:35.2 (4102225)|STATEMENT_EXECUTE|[69]
07:57:35.2 (4105980)|HEAP_ALLOCATE|[69]|Bytes:6
07:57:35.2 (4118796)|ENTERING_MANAGED_PKG|
07:57:35.2 (4136981)|HEAP_ALLOCATE|[69]|Bytes:7
07:57:35.2 (4149682)|HEAP_ALLOCATE|[69]|Bytes:13
07:57:35.2 (4153990)|HEAP_ALLOCATE|[69]|Bytes:28
07:57:35.2 (4163109)|VARIABLE_ASSIGNMENT|[69]|soql|"Select id, Name FROM (8 more) ..."
07:57:35.2 (4167262)|STATEMENT_EXECUTE|[72]
07:57:35.2 (4169779)|STATEMENT_EXECUTE|[78]
07:57:35.2 (4171090)|STATEMENT_EXECUTE|[84]
07:57:35.2 (4173667)|HEAP_ALLOCATE|[84]|Bytes:7
07:57:35.2 (4183356)|ENTERING_MANAGED_PKG|
07:57:35.2 (4199548)|HEAP_ALLOCATE|[84]|Bytes:1
07:57:35.2 (4211982)|HEAP_ALLOCATE|[84]|Bytes:8
07:57:35.2 (4216227)|HEAP_ALLOCATE|[84]|Bytes:36
07:57:35.2 (4224332)|VARIABLE_ASSIGNMENT|[84]|soql|"Select id, Name FROM (16 more) ..."
07:57:35.2 (4226869)|STATEMENT_EXECUTE|[88]
07:57:35.2 (4229786)|HEAP_ALLOCATE|[88]|Bytes:15
07:57:35.2 (4234403)|HEAP_ALLOCATE|[88]|Bytes:51
07:57:35.2 (4242496)|ENTERING_MANAGED_PKG|
07:57:35.2 (4260383)|USER_DEBUG|[88]|DEBUG|######## soql: Select id, Name FROM Account limit 8
07:57:35.2 (4275243)|METHOD_ENTRY|[95]|01pB0000000ljzx|testautonumdata.Sparkle_Helper.UserHasAccessToObjectsAndFields(Map<String,Set<String>>)
07:57:35.2 (4290243)|VARIABLE_SCOPE_BEGIN|[175]|theMap|Map<String,Set<String>>|true|false
07:57:35.2 (4308677)|VARIABLE_ASSIGNMENT|[175]|theMap|{"s":1,"v":{"Account":{"s":2,"v":["Id","Name"]}}}|0x3fd4871c
07:57:35.2 (4318023)|HEAP_ALLOCATE|[177]|Bytes:5
07:57:35.2 (4322168)|STATEMENT_EXECUTE|[176]
07:57:35.2 (4323383)|STATEMENT_EXECUTE|[177]
07:57:35.2 (4327660)|VARIABLE_SCOPE_BEGIN|[177]|hasAccess|Boolean|false|false
07:57:35.2 (4330880)|HEAP_ALLOCATE|[177]|Bytes:5
07:57:35.2 (4335769)|VARIABLE_ASSIGNMENT|[177]|hasAccess|true
07:57:35.2 (4343557)|ENTERING_MANAGED_PKG|
07:57:35.2 (4364551)|STATEMENT_EXECUTE|[180]
07:57:35.2 (4366232)|STATEMENT_EXECUTE|[181]
07:57:35.2 (4369593)|HEAP_ALLOCATE|[181]|Bytes:17
07:57:35.2 (4383636)|ENTERING_MANAGED_PKG|
07:57:35.2 (4414144)|HEAP_ALLOCATE|[181]|Bytes:20
07:57:35.2 (4427562)|HEAP_ALLOCATE|[181]|Bytes:37
07:57:35.2 (4435580)|ENTERING_MANAGED_PKG|
07:57:35.2 (4441986)|USER_DEBUG|[181]|DEBUG|######## theMap: {Account={Id, Name}}
07:57:35.2 (4453809)|HEAP_ALLOCATE|[182]|Bytes:4
07:57:35.2 (4464957)|ENTERING_MANAGED_PKG|
07:57:35.2 (4484603)|ENTERING_MANAGED_PKG|
07:57:35.2 (4498404)|HEAP_ALLOCATE|[182]|Bytes:15
07:57:35.2 (4508973)|ENTERING_MANAGED_PKG|
07:57:35.2 (4514032)|HEAP_ALLOCATE|[182]|Bytes:4
07:57:35.2 (4520114)|ENTERING_MANAGED_PKG|
07:57:35.2 (4581567)|HEAP_ALLOCATE|[182]|Bytes:5
07:57:35.2 (4597455)|VARIABLE_SCOPE_BEGIN|[182]|objectName|String|false|false
07:57:35.2 (4605052)|VARIABLE_ASSIGNMENT|[182]|objectName|"Account"
07:57:35.2 (4607936)|STATEMENT_EXECUTE|[183]
07:57:35.2 (4609054)|STATEMENT_EXECUTE|[184]
07:57:35.2 (4612455)|HEAP_ALLOCATE|[184]|Bytes:21
07:57:35.2 (4619309)|HEAP_ALLOCATE|[184]|Bytes:28
07:57:35.2 (4627670)|ENTERING_MANAGED_PKG|
07:57:35.2 (4647644)|USER_DEBUG|[184]|DEBUG|######## objectName: Account
07:57:35.2 (4654415)|STATEMENT_EXECUTE|[185]
07:57:35.2 (4668431)|ENTERING_MANAGED_PKG|
07:57:35.2 (19782431)|HEAP_ALLOCATE|[185]|Bytes:1648
07:57:35.2 (19810592)|ENTERING_MANAGED_PKG|
07:57:35.2 (19889335)|HEAP_ALLOCATE|[185]|Bytes:4
07:57:35.2 (19901120)|VARIABLE_SCOPE_BEGIN|[185]|sObj|SObject|true|false
07:57:35.2 (19922040)|VARIABLE_ASSIGNMENT|[185]|sObj|{}|0x3dd2ff6f
07:57:35.2 (19926172)|STATEMENT_EXECUTE|[186]
07:57:35.2 (19951676)|ENTERING_MANAGED_PKG|
07:57:35.2 (20300126)|HEAP_ALLOCATE|[186]|Bytes:4
07:57:35.2 (21285640)|HEAP_ALLOCATE|[186]|Bytes:312
07:57:35.2 (21297742)|VARIABLE_SCOPE_BEGIN|[186]|m|Map<String,Schema.SObjectField>|true|false
07:57:35.2 (21545496)|VARIABLE_ASSIGNMENT|[186]|m|"{accountnumber=AccountNumber, accountsource=AccountSource, annualrevenue=AnnualRevenue, billingaddress=BillingAddress, billingcity=BillingCity, billingcountry=BillingCountry, billingcountrycode=BillingCountryCode, billinglatitude=BillingLatitude, billinglongitude=BillingLongitude, billingpostalcode=BillingPostalCode, ...}"|0x7d4156f2
07:57:35.2 (21553124)|STATEMENT_EXECUTE|[187]
07:57:35.2 (21564801)|ENTERING_MANAGED_PKG|
07:57:35.2 (21606137)|VARIABLE_SCOPE_BEGIN|[187]|objectFieldSet|Set<String>|true|false
07:57:35.2 (21629526)|VARIABLE_ASSIGNMENT|[187]|objectFieldSet|{"s":1,"v":["Id","Name"]}|0x1fb17c43
07:57:35.2 (21637569)|HEAP_ALLOCATE|[189]|Bytes:4
07:57:35.2 (21651558)|ENTERING_MANAGED_PKG|
07:57:35.2 (21676377)|ENTERING_MANAGED_PKG|
07:57:35.2 (21682539)|HEAP_ALLOCATE|[189]|Bytes:8
07:57:35.2 (21689566)|ENTERING_MANAGED_PKG|
07:57:35.2 (21704473)|HEAP_ALLOCATE|[189]|Bytes:5
07:57:35.2 (21719973)|VARIABLE_SCOPE_BEGIN|[189]|fieldToCheck|String|false|false
07:57:35.2 (21727408)|VARIABLE_ASSIGNMENT|[189]|fieldToCheck|"Id"
07:57:35.2 (21730625)|STATEMENT_EXECUTE|[189]
07:57:35.2 (21731938)|STATEMENT_EXECUTE|[190]
07:57:35.2 (21735358)|HEAP_ALLOCATE|[190]|Bytes:23
07:57:35.2 (21745140)|HEAP_ALLOCATE|[190]|Bytes:25
07:57:35.2 (21755173)|ENTERING_MANAGED_PKG|
07:57:35.2 (21780691)|USER_DEBUG|[190]|DEBUG|######## fieldToCheck: Id
07:57:35.2 (21795229)|ENTERING_MANAGED_PKG|
07:57:35.2 (22104205)|HEAP_ALLOCATE|[192]|Bytes:8
07:57:35.2 (22133501)|STATEMENT_EXECUTE|[192]
07:57:35.2 (22136133)|STATEMENT_EXECUTE|[199]
07:57:35.2 (22139560)|HEAP_ALLOCATE|[199]|Bytes:35
07:57:35.2 (22147400)|HEAP_ALLOCATE|[199]|Bytes:37
07:57:35.2 (22156232)|ENTERING_MANAGED_PKG|
07:57:35.2 (22176463)|USER_DEBUG|[199]|DEBUG|######## User has access to field: Id
07:57:35.2 (22191261)|HEAP_ALLOCATE|[189]|Bytes:5
07:57:35.2 (22203451)|VARIABLE_SCOPE_BEGIN|[189]|fieldToCheck|String|false|false
07:57:35.2 (22211084)|VARIABLE_ASSIGNMENT|[189]|fieldToCheck|"Name"
07:57:35.2 (22213753)|STATEMENT_EXECUTE|[189]
07:57:35.2 (22214875)|STATEMENT_EXECUTE|[190]
07:57:35.2 (22220823)|HEAP_ALLOCATE|[190]|Bytes:27
07:57:35.2 (22227588)|ENTERING_MANAGED_PKG|
07:57:35.2 (22233450)|USER_DEBUG|[190]|DEBUG|######## fieldToCheck: Name
07:57:35.2 (22241646)|ENTERING_MANAGED_PKG|
07:57:35.2 (22406954)|HEAP_ALLOCATE|[192]|Bytes:8
07:57:35.2 (22423177)|STATEMENT_EXECUTE|[192]
07:57:35.2 (22426773)|STATEMENT_EXECUTE|[199]
07:57:35.2 (22435639)|HEAP_ALLOCATE|[199]|Bytes:39
07:57:35.2 (22447553)|ENTERING_MANAGED_PKG|
07:57:35.2 (22457174)|USER_DEBUG|[199]|DEBUG|######## User has access to field: Name
07:57:35.2 (22479790)|HEAP_ALLOCATE|[189]|Bytes:5
07:57:35.2 (22498696)|VARIABLE_ASSIGNMENT|[189]|fieldToCheck|null
07:57:35.2 (22513418)|HEAP_ALLOCATE|[182]|Bytes:5
07:57:35.2 (22528651)|VARIABLE_ASSIGNMENT|[182]|objectName|null
07:57:35.2 (22533626)|STATEMENT_EXECUTE|[206]
07:57:35.2 (22538513)|HEAP_ALLOCATE|[206]|Bytes:5
07:57:35.2 (22552485)|METHOD_EXIT|[95]|01pB0000000ljzx|testautonumdata.Sparkle_Helper.UserHasAccessToObjectsAndFields(Map<String,Set<String>>)
07:57:35.2 (22559927)|STATEMENT_EXECUTE|[96]
07:57:35.2 (22561944)|STATEMENT_EXECUTE|[98]
07:57:35.2 (22590243)|ENTERING_MANAGED_PKG|
07:57:35.2 (22622401)|HEAP_ALLOCATE|[98]|Bytes:4
07:57:35.2 (22744933)|SOQL_EXECUTE_BEGIN|[98]|Aggregations:0|Select id, Name FROM Account limit 8
07:57:35.2 (26609523)|SOQL_EXECUTE_END|[98]|Rows:8
07:57:35.2 (26636700)|HEAP_ALLOCATE|[98]|Bytes:36
07:57:35.2 (26666753)|HEAP_ALLOCATE|[98]|Bytes:478
07:57:35.2 (26723017)|HEAP_ALLOCATE|[98]|Bytes:36
07:57:35.2 (26743701)|VARIABLE_SCOPE_BEGIN|[98]|lstQueriedRecords|List<SObject>|true|false
07:57:35.2 (26772943)|VARIABLE_ASSIGNMENT|[98]|lstQueriedRecords|{"s":1,"v":"List of size 8 too large to display"}|0x4af29cdf
07:57:35.2 (26779131)|STATEMENT_EXECUTE|[100]
07:57:35.2 (26785516)|HEAP_ALLOCATE|[100]|Bytes:28
07:57:35.2 (26809316)|ENTERING_MANAGED_PKG|
07:57:35.2 (27043340)|HEAP_ALLOCATE|[100]|Bytes:502
07:57:35.2 (27072600)|HEAP_ALLOCATE|[100]|Bytes:530
07:57:35.2 (27089017)|ENTERING_MANAGED_PKG|
07:57:35.2 (27099986)|USER_DEBUG|[100]|DEBUG|######## lstQueriedRecords: (Account:{Id=001B00000066XxFIAU, Name=GenePoint}, Account:{Id=001B00000066XxDIAU, Name=United Oil & Gas, UK}, Account:{Id=001B00000066XxEIAU, Name=United Oil & Gas, Singapore}, Account:{Id=001B00000066Xx5IAE, Name=Edge Communications}, Account:{Id=001B00000066Xx6IAE, Name=Burlington Textiles Corp of America}, Account:{Id=001B00000066Xx7IAE, Name=Pyramid Construction Inc.}, Account:{Id=001B00000066Xx8IAE, Name=Dickenson plc}, Account:{Id=001B00000066Xx9IAE, Name=Hospital Universitario San Ignacio})
07:57:35.2 (27187314)|ENTERING_MANAGED_PKG|
07:57:35.2 (27328988)|HEAP_ALLOCATE|[104]|Bytes:5
07:57:35.2 (27358617)|HEAP_ALLOCATE|[104]|Bytes:12
07:57:35.2 (27379590)|VARIABLE_SCOPE_BEGIN|[104]|e|SObject|true|false
07:57:35.2 (27400939)|VARIABLE_ASSIGNMENT|[104]|e|{"s":1,"v":{"Id":"001B00000066XxFIAU","Name":"GenePoint"}}|0x2c957f5b
07:57:35.2 (27404524)|STATEMENT_EXECUTE|[105]
07:57:35.2 (27405876)|STATEMENT_EXECUTE|[106]
07:57:35.2 (27409850)|HEAP_ALLOCATE|[106]|Bytes:12
07:57:35.2 (27425235)|ENTERING_MANAGED_PKG|
07:57:35.2 (27473590)|HEAP_ALLOCATE|[106]|Bytes:47
07:57:35.2 (27489953)|HEAP_ALLOCATE|[106]|Bytes:59
07:57:35.2 (27499703)|ENTERING_MANAGED_PKG|
07:57:35.2 (27508055)|USER_DEBUG|[106]|DEBUG|######## e: Account:{Id=001B00000066XxFIAU, Name=GenePoint}
07:57:35.2 (27514727)|STATEMENT_EXECUTE|[107]
07:57:35.2 (27521376)|HEAP_ALLOCATE|[107]|Bytes:28
07:57:35.2 (27538257)|CONSTRUCTOR_ENTRY|[107]|01pB0000000lc07|<init>()
07:57:35.2 (27557785)|VARIABLE_SCOPE_BEGIN|[1]|this|testautonumdata.ListServerController|true|false
07:57:35.2 (27588168)|VARIABLE_ASSIGNMENT|[1]|this|{}|0x6e537bfd
07:57:35.2 (27597281)|HEAP_ALLOCATE|[EXTERNAL]|Bytes:5
07:57:35.2 (27608514)|HEAP_ALLOCATE|[EXTERNAL]|Bytes:6
07:57:35.2 (27641836)|STATEMENT_EXECUTE|[1]
07:57:35.2 (27647118)|HEAP_ALLOCATE|[EXTERNAL]|Bytes:5
07:57:35.2 (27649664)|STATEMENT_EXECUTE|[6]
07:57:35.2 (27651376)|STATEMENT_EXECUTE|[8]
07:57:35.2 (27652529)|STATEMENT_EXECUTE|[10]
07:57:35.2 (27653691)|STATEMENT_EXECUTE|[12]
07:57:35.2 (27654839)|STATEMENT_EXECUTE|[14]
07:57:35.2 (27656669)|STATEMENT_EXECUTE|[16]
07:57:35.2 (27670147)|CONSTRUCTOR_EXIT|[107]|01pB0000000lc07|<init>()
07:57:35.2 (27675720)|VARIABLE_SCOPE_BEGIN|[107]|i|testautonumdata.ListServerController|true|false
07:57:35.2 (27695699)|VARIABLE_ASSIGNMENT|[107]|i|{}|0x6e537bfd
07:57:35.2 (27698363)|STATEMENT_EXECUTE|[110]
07:57:35.2 (27702480)|HEAP_ALLOCATE|[110]|Bytes:2
07:57:35.2 (27720693)|ENTERING_MANAGED_PKG|
07:57:35.2 (27773600)|HEAP_ALLOCATE|[110]|Bytes:4
07:57:35.2 (27791502)|ENTERING_MANAGED_PKG|
07:57:35.2 (27795565)|HEAP_ALLOCATE|[110]|Bytes:18
07:57:35.2 (27827924)|VARIABLE_ASSIGNMENT|[EXTERNAL]|this|{}|0x6e537bfd
07:57:35.2 (27834693)|VARIABLE_ASSIGNMENT|[EXTERNAL]|value|"001B00000066XxFIAU"
07:57:35.2 (27844768)|VARIABLE_ASSIGNMENT|[6]|this.recordID|"001B00000066XxFIAU"|0x6e537bfd
07:57:35.2 (27851831)|STATEMENT_EXECUTE|[112]
07:57:35.2 (27853263)|STATEMENT_EXECUTE|[113]
07:57:35.2 (27868747)|METHOD_ENTRY|[113]|01pB0000000ljzx|testautonumdata.Sparkle_Helper.GetSobjectField(SObject, String)
07:57:35.2 (27887324)|VARIABLE_SCOPE_BEGIN|[78]|e|SObject|true|false
07:57:35.2 (27900687)|VARIABLE_ASSIGNMENT|[78]|e|{"s":1,"v":{"Id":"001B00000066XxFIAU","Name":"GenePoint"}}|0x2c957f5b
07:57:35.2 (27903490)|VARIABLE_SCOPE_BEGIN|[78]|lcfield|String|false|false
07:57:35.2 (27907357)|VARIABLE_ASSIGNMENT|[78]|lcfield|"Id"
07:57:35.2 (27916365)|HEAP_ALLOCATE|[81]|Bytes:5
07:57:35.2 (27920693)|STATEMENT_EXECUTE|[79]
07:57:35.2 (27922235)|STATEMENT_EXECUTE|[81]
07:57:35.2 (27927233)|VARIABLE_SCOPE_BEGIN|[81]|returnValue|String|false|false
07:57:35.2 (27932218)|VARIABLE_ASSIGNMENT|[81]|returnValue|""
07:57:35.2 (27945793)|ENTERING_MANAGED_PKG|
07:57:35.2 (27979233)|STATEMENT_EXECUTE|[98]
07:57:35.2 (27988967)|ENTERING_MANAGED_PKG|
07:57:35.2 (28029527)|HEAP_ALLOCATE|[98]|Bytes:4
07:57:35.2 (28047757)|ENTERING_MANAGED_PKG|
07:57:35.2 (28051592)|HEAP_ALLOCATE|[98]|Bytes:18
07:57:35.2 (28063513)|VARIABLE_ASSIGNMENT|[98]|returnValue|"001B00000066XxFIAU"
07:57:35.2 (28066480)|STATEMENT_EXECUTE|[100]
07:57:35.2 (28073954)|METHOD_EXIT|[113]|01pB0000000ljzx|testautonumdata.Sparkle_Helper.GetSobjectField(SObject, String)
07:57:35.2 (28104123)|VARIABLE_ASSIGNMENT|[EXTERNAL]|this|{"recordID":"001B00000066XxFIAU"}|0x6e537bfd
07:57:35.2 (28109383)|VARIABLE_ASSIGNMENT|[EXTERNAL]|value|"001B00000066XxFIAU"
07:57:35.2 (28116162)|VARIABLE_ASSIGNMENT|[8]|this.eventField|"001B00000066XxFIAU"|0x6e537bfd
07:57:35.2 (28123052)|STATEMENT_EXECUTE|[116]
07:57:35.2 (28124376)|STATEMENT_EXECUTE|[117]
07:57:35.2 (28129552)|METHOD_ENTRY|[117]|01pB0000000ljzx|testautonumdata.Sparkle_Helper.GetSobjectField(SObject, String)
07:57:35.2 (28145175)|VARIABLE_SCOPE_BEGIN|[78]|e|SObject|true|false
07:57:35.2 (28157296)|VARIABLE_ASSIGNMENT|[78]|e|{"s":1,"v":{"Id":"001B00000066XxFIAU","Name":"GenePoint"}}|0x2c957f5b
07:57:35.2 (28159749)|VARIABLE_SCOPE_BEGIN|[78]|lcfield|String|false|false
07:57:35.2 (28162824)|VARIABLE_ASSIGNMENT|[78]|lcfield|"Name"
07:57:35.2 (28170855)|HEAP_ALLOCATE|[81]|Bytes:5
07:57:35.2 (28174555)|STATEMENT_EXECUTE|[79]
07:57:35.2 (28175639)|STATEMENT_EXECUTE|[81]
07:57:35.2 (28179375)|VARIABLE_SCOPE_BEGIN|[81]|returnValue|String|false|false
07:57:35.2 (28183855)|VARIABLE_ASSIGNMENT|[81]|returnValue|""
07:57:35.2 (28195578)|ENTERING_MANAGED_PKG|
07:57:35.2 (28203743)|STATEMENT_EXECUTE|[98]
07:57:35.2 (28210152)|ENTERING_MANAGED_PKG|
07:57:35.2 (28228763)|HEAP_ALLOCATE|[98]|Bytes:9
07:57:35.2 (28242271)|ENTERING_MANAGED_PKG|
07:57:35.2 (28245469)|HEAP_ALLOCATE|[98]|Bytes:9
07:57:35.2 (28256174)|VARIABLE_ASSIGNMENT|[98]|returnValue|"GenePoint"
07:57:35.2 (28258744)|STATEMENT_EXECUTE|[100]
07:57:35.2 (28265746)|METHOD_EXIT|[117]|01pB0000000ljzx|testautonumdata.Sparkle_Helper.GetSobjectField(SObject, String)
07:57:35.2 (28296157)|VARIABLE_ASSIGNMENT|[EXTERNAL]|this|{"eventField":"001B00000066XxFIAU","recordID":"001B00000066XxFIAU"}|0x6e537bfd
07:57:35.2 (28300977)|VARIABLE_ASSIGNMENT|[EXTERNAL]|value|"GenePoint"
07:57:35.2 (28307720)|VARIABLE_ASSIGNMENT|[10]|this.column1|"GenePoint"|0x6e537bfd
07:57:35.2 (28314606)|STATEMENT_EXECUTE|[119]
07:57:35.2 (28316503)|STATEMENT_EXECUTE|[124]
07:57:35.2 (28318003)|STATEMENT_EXECUTE|[129]
07:57:35.2 (28319068)|STATEMENT_EXECUTE|[135]
07:57:35.2 (28327726)|ENTERING_MANAGED_PKG|
07:57:35.2 (28359244)|HEAP_ALLOCATE|[EXTERNAL]|Bytes:4
07:57:35.2 (28367151)|STATEMENT_EXECUTE|[137]
07:57:35.2 (28371267)|HEAP_ALLOCATE|[137]|Bytes:12
07:57:35.2 (28384125)|ENTERING_MANAGED_PKG|
07:57:35.2 (28443566)|HEAP_ALLOCATE|[137]|Bytes:181
07:57:35.2 (28459866)|HEAP_ALLOCATE|[137]|Bytes:193
07:57:35.2 (28468521)|ENTERING_MANAGED_PKG|
07:57:35.2 (28475422)|USER_DEBUG|[137]|DEBUG|######## i: ListServerController:[column1=GenePoint, column2=null, column3=null, column4=null, eventField=001B00000066XxFIAU, mapObjectsFields={Account={Id, Name}}, recordID=001B00000066XxFIAU]
07:57:35.2 (28489295)|HEAP_ALLOCATE|[104]|Bytes:5
07:57:35.2 (28511648)|HEAP_ALLOCATE|[104]|Bytes:12
07:57:35.2 (28525803)|VARIABLE_SCOPE_BEGIN|[104]|e|SObject|true|false
07:57:35.2 (28540755)|VARIABLE_ASSIGNMENT|[104]|e|{"s":1,"v":{"Id":"001B00000066XxDIAU","Name":"United Oil & Gas, UK"}}|0x376fb4ca
07:57:35.2 (28543869)|STATEMENT_EXECUTE|[105]
07:57:35.2 (28544948)|STATEMENT_EXECUTE|[106]
07:57:35.2 (28556989)|ENTERING_MANAGED_PKG|
07:57:35.2 (28583001)|HEAP_ALLOCATE|[106]|Bytes:58
07:57:35.2 (28599039)|HEAP_ALLOCATE|[106]|Bytes:70
07:57:35.2 (28606474)|ENTERING_MANAGED_PKG|
07:57:35.2 (28612887)|USER_DEBUG|[106]|DEBUG|######## e: Account:{Id=001B00000066XxDIAU, Name=United Oil & Gas, UK}
07:57:35.2 (28618131)|STATEMENT_EXECUTE|[107]
07:57:35.2 (28622676)|HEAP_ALLOCATE|[107]|Bytes:28
07:57:35.2 (28632433)|CONSTRUCTOR_ENTRY|[107]|01pB0000000lc07|<init>()
07:57:35.2 (28637178)|VARIABLE_SCOPE_BEGIN|[1]|this|testautonumdata.ListServerController|true|false
07:57:35.2 (28658153)|VARIABLE_ASSIGNMENT|[1]|this|{}|0x64c62ecd
07:57:35.2 (28667133)|HEAP_ALLOCATE|[EXTERNAL]|Bytes:5
07:57:35.2 (28682534)|STATEMENT_EXECUTE|[1]
07:57:35.2 (28686169)|HEAP_ALLOCATE|[EXTERNAL]|Bytes:5
07:57:35.2 (28688211)|STATEMENT_EXECUTE|[6]
07:57:35.2 (28689696)|STATEMENT_EXECUTE|[8]
07:57:35.2 (28690732)|STATEMENT_EXECUTE|[10]
07:57:35.2 (28691748)|STATEMENT_EXECUTE|[12]
07:57:35.2 (28692722)|STATEMENT_EXECUTE|[14]
07:57:35.2 (28693726)|STATEMENT_EXECUTE|[16]
07:57:35.2 (28703593)|CONSTRUCTOR_EXIT|[107]|01pB0000000lc07|<init>()
07:57:35.2 (28707964)|VARIABLE_SCOPE_BEGIN|[107]|i|testautonumdata.ListServerController|true|false
07:57:35.2 (28726404)|VARIABLE_ASSIGNMENT|[107]|i|{}|0x64c62ecd
07:57:35.2 (28728912)|STATEMENT_EXECUTE|[110]
07:57:35.2 (28741432)|ENTERING_MANAGED_PKG|
07:57:35.2 (28763464)|HEAP_ALLOCATE|[110]|Bytes:4
07:57:35.2 (28779294)|ENTERING_MANAGED_PKG|
07:57:35.2 (28782678)|HEAP_ALLOCATE|[110]|Bytes:18
07:57:35.2 (28808923)|VARIABLE_ASSIGNMENT|[EXTERNAL]|this|{}|0x64c62ecd
07:57:35.2 (28814656)|VARIABLE_ASSIGNMENT|[EXTERNAL]|value|"001B00000066XxDIAU"
07:57:35.2 (28821666)|VARIABLE_ASSIGNMENT|[6]|this.recordID|"001B00000066XxDIAU"|0x64c62ecd
07:57:35.2 (28829723)|STATEMENT_EXECUTE|[112]
07:57:35.2 (28831303)|STATEMENT_EXECUTE|[113]
07:57:35.2 (28836755)|METHOD_ENTRY|[113]|01pB0000000ljzx|testautonumdata.Sparkle_Helper.GetSobjectField(SObject, String)
07:57:35.2 (28841225)|VARIABLE_SCOPE_BEGIN|[78]|e|SObject|true|false
07:57:35.2 (28852940)|VARIABLE_ASSIGNMENT|[78]|e|{"s":1,"v":{"Id":"001B00000066XxDIAU","Name":"United Oil & Gas, UK"}}|0x376fb4ca
07:57:35.2 (28855196)|VARIABLE_SCOPE_BEGIN|[78]|lcfield|String|false|false
07:57:35.2 (28858249)|VARIABLE_ASSIGNMENT|[78]|lcfield|"Id"
07:57:35.2 (28869693)|HEAP_ALLOCATE|[81]|Bytes:5
07:57:35.2 (28873541)|STATEMENT_EXECUTE|[79]
07:57:35.2 (28874737)|STATEMENT_EXECUTE|[81]
07:57:35.2 (28878767)|VARIABLE_SCOPE_BEGIN|[81]|returnValue|String|false|false
07:57:35.2 (28883245)|VARIABLE_ASSIGNMENT|[81]|returnValue|""
07:57:35.2 (28894925)|ENTERING_MANAGED_PKG|
07:57:35.2 (28902836)|STATEMENT_EXECUTE|[98]
07:57:35.2 (28909381)|ENTERING_MANAGED_PKG|
07:57:35.2 (28927342)|HEAP_ALLOCATE|[98]|Bytes:4
07:57:35.2 (28940527)|ENTERING_MANAGED_PKG|
07:57:35.2 (28943812)|HEAP_ALLOCATE|[98]|Bytes:18
07:57:35.2 (28954704)|VARIABLE_ASSIGNMENT|[98]|returnValue|"001B00000066XxDIAU"
07:57:35.2 (28957376)|STATEMENT_EXECUTE|[100]
07:57:35.2 (28964441)|METHOD_EXIT|[113]|01pB0000000ljzx|testautonumdata.Sparkle_Helper.GetSobjectField(SObject, String)
07:57:35.2 (28988840)|VARIABLE_ASSIGNMENT|[EXTERNAL]|this|{"recordID":"001B00000066XxDIAU"}|0x64c62ecd
07:57:35.2 (28993598)|VARIABLE_ASSIGNMENT|[EXTERNAL]|value|"001B00000066XxDIAU"
07:57:35.2 (28999511)|VARIABLE_ASSIGNMENT|[8]|this.eventField|"001B00000066XxDIAU"|0x64c62ecd
07:57:35.2 (29005489)|STATEMENT_EXECUTE|[116]
07:57:35.2 (29007640)|STATEMENT_EXECUTE|[117]
07:57:35.2 (29012112)|METHOD_ENTRY|[117]|01pB0000000ljzx|testautonumdata.Sparkle_Helper.GetSobjectField(SObject, String)
07:57:35.2 (29015764)|VARIABLE_SCOPE_BEGIN|[78]|e|SObject|true|false
07:57:35.2 (29026213)|VARIABLE_ASSIGNMENT|[78]|e|{"s":1,"v":{"Id":"001B00000066XxDIAU","Name":"United Oil & Gas, UK"}}|0x376fb4ca
07:57:35.2 (29028400)|VARIABLE_SCOPE_BEGIN|[78]|lcfield|String|false|false
07:57:35.2 (29031305)|VARIABLE_ASSIGNMENT|[78]|lcfield|"Name"
07:57:35.2 (29038319)|HEAP_ALLOCATE|[81]|Bytes:5
07:57:35.2 (29041449)|STATEMENT_EXECUTE|[79]
07:57:35.2 (29042529)|STATEMENT_EXECUTE|[81]
07:57:35.2 (29045895)|VARIABLE_SCOPE_BEGIN|[81]|returnValue|String|false|false
07:57:35.2 (29050013)|VARIABLE_ASSIGNMENT|[81]|returnValue|""
07:57:35.2 (29060972)|ENTERING_MANAGED_PKG|
07:57:35.2 (29068575)|STATEMENT_EXECUTE|[98]
07:57:35.2 (29074868)|ENTERING_MANAGED_PKG|
07:57:35.2 (29092788)|HEAP_ALLOCATE|[98]|Bytes:20
07:57:35.2 (29105895)|ENTERING_MANAGED_PKG|
07:57:35.2 (29109069)|HEAP_ALLOCATE|[98]|Bytes:20
07:57:35.2 (29119971)|VARIABLE_ASSIGNMENT|[98]|returnValue|"United Oil & Gas, UK"
07:57:35.2 (29122666)|STATEMENT_EXECUTE|[100]
07:57:35.2 (29129746)|METHOD_EXIT|[117]|01pB0000000ljzx|testautonumdata.Sparkle_Helper.GetSobjectField(SObject, String)
07:57:35.2 (29154905)|VARIABLE_ASSIGNMENT|[EXTERNAL]|this|{"eventField":"001B00000066XxDIAU","recordID":"001B00000066XxDIAU"}|0x64c62ecd
07:57:35.2 (29159676)|VARIABLE_ASSIGNMENT|[EXTERNAL]|value|"United Oil & Gas, UK"
07:57:35.2 (29165709)|VARIABLE_ASSIGNMENT|[10]|this.column1|"United Oil & Gas, UK"|0x64c62ecd
07:57:35.2 (29171887)|STATEMENT_EXECUTE|[119]
07:57:35.2 (29173536)|STATEMENT_EXECUTE|[124]
07:57:35.2 (29174728)|STATEMENT_EXECUTE|[129]
07:57:35.2 (29175809)|STATEMENT_EXECUTE|[135]
07:57:35.2 (29180432)|ENTERING_MANAGED_PKG|
07:57:35.2 (29188702)|HEAP_ALLOCATE|[EXTERNAL]|Bytes:4
07:57:35.2 (29194154)|STATEMENT_EXECUTE|[137]
07:57:35.2 (29205352)|ENTERING_MANAGED_PKG|
07:57:35.2 (29238432)|HEAP_ALLOCATE|[137]|Bytes:192
07:57:35.2 (29252379)|HEAP_ALLOCATE|[137]|Bytes:204
07:57:35.2 (29259030)|ENTERING_MANAGED_PKG|
07:57:35.2 (29265549)|USER_DEBUG|[137]|DEBUG|######## i: ListServerController:[column1=United Oil & Gas, UK, column2=null, column3=null, column4=null, eventField=001B00000066XxDIAU, mapObjectsFields={Account={Id, Name}}, recordID=001B00000066XxDIAU]
07:57:35.2 (29279215)|HEAP_ALLOCATE|[104]|Bytes:5
07:57:35.2 (29300625)|HEAP_ALLOCATE|[104]|Bytes:12
07:57:35.2 (29314437)|VARIABLE_SCOPE_BEGIN|[104]|e|SObject|true|false
07:57:35.2 (29330072)|VARIABLE_ASSIGNMENT|[104]|e|{"s":1,"v":{"Id":"001B00000066XxEIAU","Name":"United Oil & Gas, Si (7 more) ..."}}|0x22776843
07:57:35.2 (29333142)|STATEMENT_EXECUTE|[105]
07:57:35.2 (29334242)|STATEMENT_EXECUTE|[106]
07:57:35.2 (29346234)|ENTERING_MANAGED_PKG|
07:57:35.2 (29371508)|HEAP_ALLOCATE|[106]|Bytes:65
07:57:35.2 (29384643)|HEAP_ALLOCATE|[106]|Bytes:77
07:57:35.2 (29391083)|ENTERING_MANAGED_PKG|
07:57:35.2 (29397374)|USER_DEBUG|[106]|DEBUG|######## e: Account:{Id=001B00000066XxEIAU, Name=United Oil & Gas, Singapore}
07:57:35.2 (29402714)|STATEMENT_EXECUTE|[107]
07:57:35.2 (29407199)|HEAP_ALLOCATE|[107]|Bytes:28
07:57:35.2 (29416883)|CONSTRUCTOR_ENTRY|[107]|01pB0000000lc07|<init>()
07:57:35.2 (29421394)|VARIABLE_SCOPE_BEGIN|[1]|this|testautonumdata.ListServerController|true|false
07:57:35.2 (29441016)|VARIABLE_ASSIGNMENT|[1]|this|{}|0x3990b0fd
07:57:35.2 (29454054)|HEAP_ALLOCATE|[EXTERNAL]|Bytes:5
07:57:35.2 (29469013)|STATEMENT_EXECUTE|[1]
07:57:35.2 (29472644)|HEAP_ALLOCATE|[EXTERNAL]|Bytes:5
07:57:35.2 (29474658)|STATEMENT_EXECUTE|[6]
07:57:35.2 (29476056)|STATEMENT_EXECUTE|[8]
07:57:35.2 (29477096)|STATEMENT_EXECUTE|[10]
07:57:35.2 (29478071)|STATEMENT_EXECUTE|[12]
07:57:35.2 (29479013)|STATEMENT_EXECUTE|[14]
07:57:35.2 (29479924)|STATEMENT_EXECUTE|[16]
07:57:35.2 (29489672)|CONSTRUCTOR_EXIT|[107]|01pB0000000lc07|<init>()
07:57:35.2 (29493901)|VARIABLE_SCOPE_BEGIN|[107]|i|testautonumdata.ListServerController|true|false
07:57:35.2 (29511993)|VARIABLE_ASSIGNMENT|[107]|i|{}|0x3990b0fd
07:57:35.2 (29514439)|STATEMENT_EXECUTE|[110]
07:57:35.2 (29526867)|ENTERING_MANAGED_PKG|
07:57:35.2 (29547216)|HEAP_ALLOCATE|[110]|Bytes:4
07:57:35.2 (29561559)|ENTERING_MANAGED_PKG|
07:57:35.2 (29564758)|HEAP_ALLOCATE|[110]|Bytes:18
07:57:35.2 (29590560)|VARIABLE_ASSIGNMENT|[EXTERNAL]|this|{}|0x3990b0fd
07:57:35.2 (29596136)|VARIABLE_ASSIGNMENT|[EXTERNAL]|value|"001B00000066XxEIAU"
07:57:35.2 (29602726)|VARIABLE_ASSIGNMENT|[6]|this.recordID|"001B00000066XxEIAU"|0x3990b0fd
07:57:35.2 (29608906)|STATEMENT_EXECUTE|[112]
07:57:35.2 (29610147)|STATEMENT_EXECUTE|[113]
07:57:35.2 (29615120)|METHOD_ENTRY|[113]|01pB0000000ljzx|testautonumdata.Sparkle_Helper.GetSobjectField(SObject, String)
07:57:35.2 (29619042)|VARIABLE_SCOPE_BEGIN|[78]|e|SObject|true|false
07:57:35.2 (29630486)|VARIABLE_ASSIGNMENT|[78]|e|{"s":1,"v":{"Id":"001B00000066XxEIAU","Name":"United Oil & Gas, Si (7 more) ..."}}|0x22776843
07:57:35.2 (29633183)|VARIABLE_SCOPE_BEGIN|[78]|lcfield|String|false|false
07:57:35.2 (29636227)|VARIABLE_ASSIGNMENT|[78]|lcfield|"Id"
07:57:35.2 (29643751)|HEAP_ALLOCATE|[81]|Bytes:5
07:57:35.2 (29647113)|STATEMENT_EXECUTE|[79]
07:57:35.2 (29648291)|STATEMENT_EXECUTE|[81]
07:57:35.2 (29651957)|VARIABLE_SCOPE_BEGIN|[81]|returnValue|String|false|false
07:57:35.2 (29656826)|VARIABLE_ASSIGNMENT|[81]|returnValue|""
07:57:35.2 (29670891)|ENTERING_MANAGED_PKG|
07:57:35.2 (29679554)|STATEMENT_EXECUTE|[98]
07:57:35.2 (29686238)|ENTERING_MANAGED_PKG|
07:57:35.2 (29703958)|HEAP_ALLOCATE|[98]|Bytes:4
07:57:35.2 (29717487)|ENTERING_MANAGED_PKG|
07:57:35.2 (29720665)|HEAP_ALLOCATE|[98]|Bytes:18
07:57:35.2 (29731993)|VARIABLE_ASSIGNMENT|[98]|returnValue|"001B00000066XxEIAU"
07:57:35.2 (29734476)|STATEMENT_EXECUTE|[100]
07:57:35.2 (29741484)|METHOD_EXIT|[113]|01pB0000000ljzx|testautonumdata.Sparkle_Helper.GetSobjectField(SObject, String)
07:57:35.2 (29765391)|VARIABLE_ASSIGNMENT|[EXTERNAL]|this|{"recordID":"001B00000066XxEIAU"}|0x3990b0fd
07:57:35.2 (29770034)|VARIABLE_ASSIGNMENT|[EXTERNAL]|value|"001B00000066XxEIAU"
07:57:35.2 (29775804)|VARIABLE_ASSIGNMENT|[8]|this.eventField|"001B00000066XxEIAU"|0x3990b0fd
07:57:35.2 (29781628)|STATEMENT_EXECUTE|[116]
07:57:35.2 (29782842)|STATEMENT_EXECUTE|[117]
07:57:35.2 (29786805)|METHOD_ENTRY|[117]|01pB0000000ljzx|testautonumdata.Sparkle_Helper.GetSobjectField(SObject, String)
07:57:35.2 (29790217)|VARIABLE_SCOPE_BEGIN|[78]|e|SObject|true|false
07:57:35.2 (29801183)|VARIABLE_ASSIGNMENT|[78]|e|{"s":1,"v":{"Id":"001B00000066XxEIAU","Name":"United Oil & Gas, Si (7 more) ..."}}|0x22776843
07:57:35.2 (29803685)|VARIABLE_SCOPE_BEGIN|[78]|lcfield|String|false|false
07:57:35.2 (29806565)|VARIABLE_ASSIGNMENT|[78]|lcfield|"Name"
07:57:35.2 (29813685)|HEAP_ALLOCATE|[81]|Bytes:5
07:57:35.2 (29816763)|STATEMENT_EXECUTE|[79]
07:57:35.2 (29817854)|STATEMENT_EXECUTE|[81]
07:57:35.2 (29821294)|VARIABLE_SCOPE_BEGIN|[81]|returnValue|String|false|false
07:57:35.2 (29825654)|VARIABLE_ASSIGNMENT|[81]|returnValue|""
07:57:35.2 (29836647)|ENTERING_MANAGED_PKG|
07:57:35.2 (29844365)|STATEMENT_EXECUTE|[98]
07:57:35.2 (29850734)|ENTERING_MANAGED_PKG|
07:57:35.2 (29876487)|HEAP_ALLOCATE|[98]|Bytes:27
07:57:35.2 (29900069)|ENTERING_MANAGED_PKG|
07:57:35.2 (29905571)|HEAP_ALLOCATE|[98]|Bytes:27
07:57:35.2 (29928643)|VARIABLE_ASSIGNMENT|[98]|returnValue|"United Oil & Gas, Si (7 more) ..."
07:57:35.2 (29933299)|STATEMENT_EXECUTE|[100]
07:57:35.2 (29943940)|METHOD_EXIT|[117]|01pB0000000ljzx|testautonumdata.Sparkle_Helper.GetSobjectField(SObject, String)
07:57:35.2 (29981769)|VARIABLE_ASSIGNMENT|[EXTERNAL]|this|{"eventField":"001B00000066XxEIAU","recordID":"001B00000066XxEIAU"}|0x3990b0fd
07:57:35.2 (29988873)|VARIABLE_ASSIGNMENT|[EXTERNAL]|value|"United Oil & Gas, Si (7 more) ..."
07:57:35.2 (29996445)|VARIABLE_ASSIGNMENT|[10]|this.column1|"United Oil & Gas, Si (7 more) ..."|0x3990b0fd
07:57:35.2 (30003249)|STATEMENT_EXECUTE|[119]
07:57:35.2 (30005956)|STATEMENT_EXECUTE|[124]
07:57:35.2 (30007299)|STATEMENT_EXECUTE|[129]
07:57:35.2 (30008655)|STATEMENT_EXECUTE|[135]
07:57:35.2 (30013660)|ENTERING_MANAGED_PKG|
07:57:35.2 (30022197)|HEAP_ALLOCATE|[EXTERNAL]|Bytes:4
07:57:35.2 (30027584)|STATEMENT_EXECUTE|[137]
07:57:35.2 (30039126)|ENTERING_MANAGED_PKG|
07:57:35.2 (30072339)|HEAP_ALLOCATE|[137]|Bytes:199
07:57:35.2 (30086660)|HEAP_ALLOCATE|[137]|Bytes:211
07:57:35.2 (30093244)|ENTERING_MANAGED_PKG|
07:57:35.2 (30099882)|USER_DEBUG|[137]|DEBUG|######## i: ListServerController:[column1=United Oil & Gas, Singapore, column2=null, column3=null, column4=null, eventField=001B00000066XxEIAU, mapObjectsFields={Account={Id, Name}}, recordID=001B00000066XxEIAU]
07:57:35.2 (30113486)|HEAP_ALLOCATE|[104]|Bytes:5
07:57:35.2 (30135182)|HEAP_ALLOCATE|[104]|Bytes:12
07:57:35.2 (30148935)|VARIABLE_SCOPE_BEGIN|[104]|e|SObject|true|false
07:57:35.2 (30163837)|VARIABLE_ASSIGNMENT|[104]|e|{"s":1,"v":{"Id":"001B00000066Xx5IAE","Name":"Edge Communications"}}|0x1766c23
07:57:35.2 (30166854)|STATEMENT_EXECUTE|[105]
07:57:35.2 (30167960)|STATEMENT_EXECUTE|[106]
07:57:35.2 (30180476)|ENTERING_MANAGED_PKG|
07:57:35.2 (30206095)|HEAP_ALLOCATE|[106]|Bytes:57
07:57:35.2 (30219480)|HEAP_ALLOCATE|[106]|Bytes:69
07:57:35.2 (30226042)|ENTERING_MANAGED_PKG|
07:57:35.2 (30232198)|USER_DEBUG|[106]|DEBUG|######## e: Account:{Id=001B00000066Xx5IAE, Name=Edge Communications}
07:57:35.2 (30237483)|STATEMENT_EXECUTE|[107]
07:57:35.2 (30241989)|HEAP_ALLOCATE|[107]|Bytes:28
07:57:35.2 (30251416)|CONSTRUCTOR_ENTRY|[107]|01pB0000000lc07|<init>()
07:57:35.2 (30256203)|VARIABLE_SCOPE_BEGIN|[1]|this|testautonumdata.ListServerController|true|false
07:57:35.2 (30275770)|VARIABLE_ASSIGNMENT|[1]|this|{}|0x4ce9b8a1
07:57:35.2 (30283968)|HEAP_ALLOCATE|[EXTERNAL]|Bytes:5
07:57:35.2 (30300130)|STATEMENT_EXECUTE|[1]
07:57:35.2 (30303943)|HEAP_ALLOCATE|[EXTERNAL]|Bytes:5
07:57:35.2 (30306142)|STATEMENT_EXECUTE|[6]
07:57:35.2 (30307502)|STATEMENT_EXECUTE|[8]
07:57:35.2 (30308535)|STATEMENT_EXECUTE|[10]
07:57:35.2 (30309559)|STATEMENT_EXECUTE|[12]
07:57:35.2 (30310504)|STATEMENT_EXECUTE|[14]
07:57:35.2 (30311432)|STATEMENT_EXECUTE|[16]
07:57:35.2 (30321305)|CONSTRUCTOR_EXIT|[107]|01pB0000000lc07|<init>()
07:57:35.2 (30325586)|VARIABLE_SCOPE_BEGIN|[107]|i|testautonumdata.ListServerController|true|false
07:57:35.2 (30343554)|VARIABLE_ASSIGNMENT|[107]|i|{}|0x4ce9b8a1
07:57:35.2 (30345881)|STATEMENT_EXECUTE|[110]
07:57:35.2 (30358244)|ENTERING_MANAGED_PKG|
07:57:35.2 (30378576)|HEAP_ALLOCATE|[110]|Bytes:4
07:57:35.2 (30392776)|ENTERING_MANAGED_PKG|
07:57:35.2 (30395953)|HEAP_ALLOCATE|[110]|Bytes:18
07:57:35.2 (30421785)|VARIABLE_ASSIGNMENT|[EXTERNAL]|this|{}|0x4ce9b8a1
07:57:35.2 (30427474)|VARIABLE_ASSIGNMENT|[EXTERNAL]|value|"001B00000066Xx5IAE"
07:57:35.2 (30433987)|VARIABLE_ASSIGNMENT|[6]|this.recordID|"001B00000066Xx5IAE"|0x4ce9b8a1
07:57:35.2 (30440050)|STATEMENT_EXECUTE|[112]
07:57:35.2 (30441299)|STATEMENT_EXECUTE|[113]
07:57:35.2 (30446197)|METHOD_ENTRY|[113]|01pB0000000ljzx|testautonumdata.Sparkle_Helper.GetSobjectField(SObject, String)
07:57:35.2 (30450013)|VARIABLE_SCOPE_BEGIN|[78]|e|SObject|true|false
07:57:35.2 (30460669)|VARIABLE_ASSIGNMENT|[78]|e|{"s":1,"v":{"Id":"001B00000066Xx5IAE","Name":"Edge Communications"}}|0x1766c23
07:57:35.2 (30462941)|VARIABLE_SCOPE_BEGIN|[78]|lcfield|String|false|false
07:57:35.2 (30465935)|VARIABLE_ASSIGNMENT|[78]|lcfield|"Id"
07:57:35.2 (30473350)|HEAP_ALLOCATE|[81]|Bytes:5
07:57:35.2 (30476674)|STATEMENT_EXECUTE|[79]
07:57:35.2 (30477868)|STATEMENT_EXECUTE|[81]
07:57:35.2 (30481500)|VARIABLE_SCOPE_BEGIN|[81]|returnValue|String|false|false
07:57:35.2 (30485677)|VARIABLE_ASSIGNMENT|[81]|returnValue|""
07:57:35.2 (30496776)|ENTERING_MANAGED_PKG|
07:57:35.2 (30504434)|STATEMENT_EXECUTE|[98]
07:57:35.2 (30510743)|ENTERING_MANAGED_PKG|
07:57:35.2 (30528134)|HEAP_ALLOCATE|[98]|Bytes:4
07:57:35.2 (30541215)|ENTERING_MANAGED_PKG|
07:57:35.2 (30544439)|HEAP_ALLOCATE|[98]|Bytes:18
07:57:35.2 (30555195)|VARIABLE_ASSIGNMENT|[98]|returnValue|"001B00000066Xx5IAE"
07:57:35.2 (30557815)|STATEMENT_EXECUTE|[100]
07:57:35.2 (30564609)|METHOD_EXIT|[113]|01pB0000000ljzx|testautonumdata.Sparkle_Helper.GetSobjectField(SObject, String)
07:57:35.2 (30588330)|VARIABLE_ASSIGNMENT|[EXTERNAL]|this|{"recordID":"001B00000066Xx5IAE"}|0x4ce9b8a1
07:57:35.2 (30592848)|VARIABLE_ASSIGNMENT|[EXTERNAL]|value|"001B00000066Xx5IAE"
07:57:35.2 (30601394)|VARIABLE_ASSIGNMENT|[8]|this.eventField|"001B00000066Xx5IAE"|0x4ce9b8a1
07:57:35.2 (30607958)|STATEMENT_EXECUTE|[116]
07:57:35.2 (30609470)|STATEMENT_EXECUTE|[117]
07:57:35.2 (30613854)|METHOD_ENTRY|[117]|01pB0000000ljzx|testautonumdata.Sparkle_Helper.GetSobjectField(SObject, String)
07:57:35.2 (30617681)|VARIABLE_SCOPE_BEGIN|[78]|e|SObject|true|false
07:57:35.2 (30628509)|VARIABLE_ASSIGNMENT|[78]|e|{"s":1,"v":{"Id":"001B00000066Xx5IAE","Name":"Edge Communications"}}|0x1766c23
07:57:35.2 (30630717)|VARIABLE_SCOPE_BEGIN|[78]|lcfield|String|false|false
07:57:35.2 (30633597)|VARIABLE_ASSIGNMENT|[78]|lcfield|"Name"
07:57:35.2 (30640720)|HEAP_ALLOCATE|[81]|Bytes:5
07:57:35.2 (30643943)|STATEMENT_EXECUTE|[79]
07:57:35.2 (30645032)|STATEMENT_EXECUTE|[81]
07:57:35.2 (30648476)|VARIABLE_SCOPE_BEGIN|[81]|returnValue|String|false|false
07:57:35.2 (30652557)|VARIABLE_ASSIGNMENT|[81]|returnValue|""
07:57:35.2 (30665186)|ENTERING_MANAGED_PKG|
07:57:35.2 (30673988)|STATEMENT_EXECUTE|[98]
07:57:35.2 (30680636)|ENTERING_MANAGED_PKG|
07:57:35.2 (30704244)|HEAP_ALLOCATE|[98]|Bytes:19
07:57:35.2 (30729260)|ENTERING_MANAGED_PKG|
07:57:35.2 (30735883)|HEAP_ALLOCATE|[98]|Bytes:19
07:57:35.2 (30751515)|VARIABLE_ASSIGNMENT|[98]|returnValue|"Edge Communications"
07:57:35.2 (30754381)|STATEMENT_EXECUTE|[100]
07:57:35.2 (30761866)|METHOD_EXIT|[117]|01pB0000000ljzx|testautonumdata.Sparkle_Helper.GetSobjectField(SObject, String)
07:57:35.2 (30787444)|VARIABLE_ASSIGNMENT|[EXTERNAL]|this|{"eventField":"001B00000066Xx5IAE","recordID":"001B00000066Xx5IAE"}|0x4ce9b8a1
07:57:35.2 (30792437)|VARIABLE_ASSIGNMENT|[EXTERNAL]|value|"Edge Communications"
07:57:35.2 (30798362)|VARIABLE_ASSIGNMENT|[10]|this.column1|"Edge Communications"|0x4ce9b8a1
07:57:35.2 (30804395)|STATEMENT_EXECUTE|[119]
07:57:35.2 (30806118)|STATEMENT_EXECUTE|[124]
07:57:35.2 (30807374)|STATEMENT_EXECUTE|[129]
07:57:35.2 (30808463)|STATEMENT_EXECUTE|[135]
07:57:35.2 (30813239)|ENTERING_MANAGED_PKG|
07:57:35.2 (30821405)|HEAP_ALLOCATE|[EXTERNAL]|Bytes:4
07:57:35.2 (30826677)|STATEMENT_EXECUTE|[137]
07:57:35.2 (30837750)|ENTERING_MANAGED_PKG|
07:57:35.2 (30874769)|HEAP_ALLOCATE|[137]|Bytes:191
07:57:35.2 (30889559)|HEAP_ALLOCATE|[137]|Bytes:203
07:57:35.2 (30896184)|ENTERING_MANAGED_PKG|
07:57:35.2 (30902753)|USER_DEBUG|[137]|DEBUG|######## i: ListServerController:[column1=Edge Communications, column2=null, column3=null, column4=null, eventField=001B00000066Xx5IAE, mapObjectsFields={Account={Id, Name}}, recordID=001B00000066Xx5IAE]
07:57:35.2 (30916313)|HEAP_ALLOCATE|[104]|Bytes:5
07:57:35.2 (30937982)|HEAP_ALLOCATE|[104]|Bytes:12
07:57:35.2 (30951796)|VARIABLE_SCOPE_BEGIN|[104]|e|SObject|true|false
07:57:35.2 (30967557)|VARIABLE_ASSIGNMENT|[104]|e|{"s":1,"v":{"Id":"001B00000066Xx6IAE","Name":"Burlington Textiles  (15 more) ..."}}|0x61ea4f1
07:57:35.2 (30970842)|STATEMENT_EXECUTE|[105]
07:57:35.2 (30971942)|STATEMENT_EXECUTE|[106]
07:57:35.2 (30983852)|ENTERING_MANAGED_PKG|
07:57:35.2 (31009123)|HEAP_ALLOCATE|[106]|Bytes:73
07:57:35.2 (31024569)|HEAP_ALLOCATE|[106]|Bytes:85
07:57:35.2 (31035432)|ENTERING_MANAGED_PKG|
07:57:35.2 (31044557)|USER_DEBUG|[106]|DEBUG|######## e: Account:{Id=001B00000066Xx6IAE, Name=Burlington Textiles Corp of America}
07:57:35.2 (31055069)|STATEMENT_EXECUTE|[107]
07:57:35.2 (31062119)|HEAP_ALLOCATE|[107]|Bytes:28
07:57:35.2 (31076644)|CONSTRUCTOR_ENTRY|[107]|01pB0000000lc07|<init>()
07:57:35.2 (31084497)|VARIABLE_SCOPE_BEGIN|[1]|this|testautonumdata.ListServerController|true|false
07:57:35.2 (31108485)|VARIABLE_ASSIGNMENT|[1]|this|{}|0x343c7ad6
07:57:35.2 (31116609)|HEAP_ALLOCATE|[EXTERNAL]|Bytes:5
07:57:35.2 (31131679)|STATEMENT_EXECUTE|[1]
07:57:35.2 (31135146)|HEAP_ALLOCATE|[EXTERNAL]|Bytes:5
07:57:35.2 (31137209)|STATEMENT_EXECUTE|[6]
07:57:35.2 (31138597)|STATEMENT_EXECUTE|[8]
07:57:35.2 (31139641)|STATEMENT_EXECUTE|[10]
07:57:35.2 (31140649)|STATEMENT_EXECUTE|[12]
07:57:35.2 (31141585)|STATEMENT_EXECUTE|[14]
07:57:35.2 (31142493)|STATEMENT_EXECUTE|[16]
07:57:35.2 (31152563)|CONSTRUCTOR_EXIT|[107]|01pB0000000lc07|<init>()
07:57:35.2 (31156693)|VARIABLE_SCOPE_BEGIN|[107]|i|testautonumdata.ListServerController|true|false
07:57:35.2 (31174268)|VARIABLE_ASSIGNMENT|[107]|i|{}|0x343c7ad6
07:57:35.2 (31176589)|STATEMENT_EXECUTE|[110]
07:57:35.2 (31189159)|ENTERING_MANAGED_PKG|
07:57:35.2 (31209730)|HEAP_ALLOCATE|[110]|Bytes:4
07:57:35.2 (31224116)|ENTERING_MANAGED_PKG|
07:57:35.2 (31227355)|HEAP_ALLOCATE|[110]|Bytes:18
07:57:35.2 (31253073)|VARIABLE_ASSIGNMENT|[EXTERNAL]|this|{}|0x343c7ad6
07:57:35.2 (31258926)|VARIABLE_ASSIGNMENT|[EXTERNAL]|value|"001B00000066Xx6IAE"
07:57:35.2 (31266008)|VARIABLE_ASSIGNMENT|[6]|this.recordID|"001B00000066Xx6IAE"|0x343c7ad6
07:57:35.2 (31271843)|STATEMENT_EXECUTE|[112]
07:57:35.2 (31273055)|STATEMENT_EXECUTE|[113]
07:57:35.2 (31277895)|METHOD_ENTRY|[113]|01pB0000000ljzx|testautonumdata.Sparkle_Helper.GetSobjectField(SObject, String)
07:57:35.2 (31281911)|VARIABLE_SCOPE_BEGIN|[78]|e|SObject|true|false
07:57:35.2 (31293405)|VARIABLE_ASSIGNMENT|[78]|e|{"s":1,"v":{"Id":"001B00000066Xx6IAE","Name":"Burlington Textiles  (15 more) ..."}}|0x61ea4f1
07:57:35.2 (31296009)|VARIABLE_SCOPE_BEGIN|[78]|lcfield|String|false|false
07:57:35.2 (31299015)|VARIABLE_ASSIGNMENT|[78]|lcfield|"Id"
07:57:35.2 (31306355)|HEAP_ALLOCATE|[81]|Bytes:5
07:57:35.2 (31309695)|STATEMENT_EXECUTE|[79]
07:57:35.2 (31310807)|STATEMENT_EXECUTE|[81]
07:57:35.2 (31314440)|VARIABLE_SCOPE_BEGIN|[81]|returnValue|String|false|false
07:57:35.2 (31318688)|VARIABLE_ASSIGNMENT|[81]|returnValue|""
07:57:35.2 (31329691)|ENTERING_MANAGED_PKG|
07:57:35.2 (31337299)|STATEMENT_EXECUTE|[98]
07:57:35.2 (31343568)|ENTERING_MANAGED_PKG|
07:57:35.2 (31361117)|HEAP_ALLOCATE|[98]|Bytes:4
07:57:35.2 (31374197)|ENTERING_MANAGED_PKG|
07:57:35.2 (31377633)|HEAP_ALLOCATE|[98]|Bytes:18
07:57:35.2 (31388583)|VARIABLE_ASSIGNMENT|[98]|returnValue|"001B00000066Xx6IAE"
07:57:35.2 (31391232)|STATEMENT_EXECUTE|[100]
07:57:35.2 (31398114)|METHOD_EXIT|[113]|01pB0000000ljzx|testautonumdata.Sparkle_Helper.GetSobjectField(SObject, String)
07:57:35.2 (31422052)|VARIABLE_ASSIGNMENT|[EXTERNAL]|this|{"recordID":"001B00000066Xx6IAE"}|0x343c7ad6
07:57:35.2 (31426613)|VARIABLE_ASSIGNMENT|[EXTERNAL]|value|"001B00000066Xx6IAE"
07:57:35.2 (31432364)|VARIABLE_ASSIGNMENT|[8]|this.eventField|"001B00000066Xx6IAE"|0x343c7ad6
07:57:35.2 (31438226)|STATEMENT_EXECUTE|[116]
07:57:35.2 (31439443)|STATEMENT_EXECUTE|[117]
07:57:35.2 (31443491)|METHOD_ENTRY|[117]|01pB0000000ljzx|testautonumdata.Sparkle_Helper.GetSobjectField(SObject, String)
07:57:35.2 (31447342)|VARIABLE_SCOPE_BEGIN|[78]|e|SObject|true|false
07:57:35.2 (31457914)|VARIABLE_ASSIGNMENT|[78]|e|{"s":1,"v":{"Id":"001B00000066Xx6IAE","Name":"Burlington Textiles  (15 more) ..."}}|0x61ea4f1
07:57:35.2 (31460212)|VARIABLE_SCOPE_BEGIN|[78]|lcfield|String|false|false
07:57:35.2 (31463322)|VARIABLE_ASSIGNMENT|[78]|lcfield|"Name"
07:57:35.2 (31470328)|HEAP_ALLOCATE|[81]|Bytes:5
07:57:35.2 (31473464)|STATEMENT_EXECUTE|[79]
07:57:35.2 (31474574)|STATEMENT_EXECUTE|[81]
07:57:35.2 (31478294)|VARIABLE_SCOPE_BEGIN|[81]|returnValue|String|false|false
07:57:35.2 (31482359)|VARIABLE_ASSIGNMENT|[81]|returnValue|""
07:57:35.2 (31493167)|ENTERING_MANAGED_PKG|
07:57:35.2 (31500909)|STATEMENT_EXECUTE|[98]
07:57:35.2 (31507204)|ENTERING_MANAGED_PKG|
07:57:35.2 (31524922)|HEAP_ALLOCATE|[98]|Bytes:35
07:57:35.2 (31538169)|ENTERING_MANAGED_PKG|
07:57:35.2 (31541373)|HEAP_ALLOCATE|[98]|Bytes:35
07:57:35.2 (31553066)|VARIABLE_ASSIGNMENT|[98]|returnValue|"Burlington Textiles  (15 more) ..."
07:57:35.2 (31555735)|STATEMENT_EXECUTE|[100]
07:57:35.2 (31564830)|METHOD_EXIT|[117]|01pB0000000ljzx|testautonumdata.Sparkle_Helper.GetSobjectField(SObject, String)
07:57:35.2 (31597095)|VARIABLE_ASSIGNMENT|[EXTERNAL]|this|{"eventField":"001B00000066Xx6IAE","recordID":"001B00000066Xx6IAE"}|0x343c7ad6
07:57:35.2 (31603104)|VARIABLE_ASSIGNMENT|[EXTERNAL]|value|"Burlington Textiles  (15 more) ..."
07:57:35.2 (31609858)|VARIABLE_ASSIGNMENT|[10]|this.column1|"Burlington Textiles  (15 more) ..."|0x343c7ad6
07:57:35.2 (31616273)|STATEMENT_EXECUTE|[119]
07:57:35.2 (31617986)|STATEMENT_EXECUTE|[124]
07:57:35.2 (31619380)|STATEMENT_EXECUTE|[129]
07:57:35.2 (31620389)|STATEMENT_EXECUTE|[135]
07:57:35.2 (31625102)|ENTERING_MANAGED_PKG|
07:57:35.2 (31633409)|HEAP_ALLOCATE|[EXTERNAL]|Bytes:4
07:57:35.2 (31638787)|STATEMENT_EXECUTE|[137]
07:57:35.2 (31650055)|ENTERING_MANAGED_PKG|
07:57:35.2 (31685748)|HEAP_ALLOCATE|[137]|Bytes:207
07:57:35.2 (31700472)|HEAP_ALLOCATE|[137]|Bytes:219
07:57:35.2 (31707084)|ENTERING_MANAGED_PKG|
07:57:35.2 (31713711)|USER_DEBUG|[137]|DEBUG|######## i: ListServerController:[column1=Burlington Textiles Corp of America, column2=null, column3=null, column4=null, eventField=001B00000066Xx6IAE, mapObjectsFields={Account={Id, Name}}, recordID=001B00000066Xx6IAE]
07:57:35.2 (31727353)|HEAP_ALLOCATE|[104]|Bytes:5
07:57:35.2 (31748870)|HEAP_ALLOCATE|[104]|Bytes:12
07:57:35.2 (31762343)|VARIABLE_SCOPE_BEGIN|[104]|e|SObject|true|false
07:57:35.2 (31777498)|VARIABLE_ASSIGNMENT|[104]|e|{"s":1,"v":{"Id":"001B00000066Xx7IAE","Name":"Pyramid Construction (5 more) ..."}}|0x4c1d891c
07:57:35.2 (31780779)|STATEMENT_EXECUTE|[105]
07:57:35.2 (31782098)|STATEMENT_EXECUTE|[106]
07:57:35.2 (31794025)|ENTERING_MANAGED_PKG|
07:57:35.2 (31819492)|HEAP_ALLOCATE|[106]|Bytes:63
07:57:35.2 (31832687)|HEAP_ALLOCATE|[106]|Bytes:75
07:57:35.2 (31839410)|ENTERING_MANAGED_PKG|
07:57:35.2 (31847694)|USER_DEBUG|[106]|DEBUG|######## e: Account:{Id=001B00000066Xx7IAE, Name=Pyramid Construction Inc.}
07:57:35.2 (31857134)|STATEMENT_EXECUTE|[107]
07:57:35.2 (31869052)|HEAP_ALLOCATE|[107]|Bytes:28
07:57:35.2 (31886148)|CONSTRUCTOR_ENTRY|[107]|01pB0000000lc07|<init>()
07:57:35.2 (31894500)|VARIABLE_SCOPE_BEGIN|[1]|this|testautonumdata.ListServerController|true|false
07:57:35.2 (31922748)|VARIABLE_ASSIGNMENT|[1]|this|{}|0x61598ada
07:57:35.2 (31933855)|HEAP_ALLOCATE|[EXTERNAL]|Bytes:5
07:57:35.2 (31957705)|STATEMENT_EXECUTE|[1]
07:57:35.2 (31965717)|HEAP_ALLOCATE|[EXTERNAL]|Bytes:5
07:57:35.2 (31970095)|STATEMENT_EXECUTE|[6]
07:57:35.2 (31972362)|STATEMENT_EXECUTE|[8]
07:57:35.2 (31974116)|STATEMENT_EXECUTE|[10]
07:57:35.2 (31975979)|STATEMENT_EXECUTE|[12]
07:57:35.2 (31977870)|STATEMENT_EXECUTE|[14]
07:57:35.2 (31979703)|STATEMENT_EXECUTE|[16]
07:57:35.2 (31996468)|CONSTRUCTOR_EXIT|[107]|01pB0000000lc07|<init>()
07:57:35.2 (32003959)|VARIABLE_SCOPE_BEGIN|[107]|i|testautonumdata.ListServerController|true|false
07:57:35.2 (32032426)|VARIABLE_ASSIGNMENT|[107]|i|{}|0x61598ada
07:57:35.2 (32036589)|STATEMENT_EXECUTE|[110]
07:57:35.2 (32054856)|ENTERING_MANAGED_PKG|
07:57:35.2 (32082166)|HEAP_ALLOCATE|[110]|Bytes:4
07:57:35.2 (32105473)|ENTERING_MANAGED_PKG|
07:57:35.2 (32111419)|HEAP_ALLOCATE|[110]|Bytes:18
07:57:35.2 (32154702)|VARIABLE_ASSIGNMENT|[EXTERNAL]|this|{}|0x61598ada
07:57:35.2 (32162919)|VARIABLE_ASSIGNMENT|[EXTERNAL]|value|"001B00000066Xx7IAE"
07:57:35.2 (32170857)|VARIABLE_ASSIGNMENT|[6]|this.recordID|"001B00000066Xx7IAE"|0x61598ada
07:57:35.2 (32177588)|STATEMENT_EXECUTE|[112]
07:57:35.2 (32178847)|STATEMENT_EXECUTE|[113]
07:57:35.2 (32184030)|METHOD_ENTRY|[113]|01pB0000000ljzx|testautonumdata.Sparkle_Helper.GetSobjectField(SObject, String)
07:57:35.2 (32188307)|VARIABLE_SCOPE_BEGIN|[78]|e|SObject|true|false
07:57:35.2 (32200411)|VARIABLE_ASSIGNMENT|[78]|e|{"s":1,"v":{"Id":"001B00000066Xx7IAE","Name":"Pyramid Construction (5 more) ..."}}|0x4c1d891c
07:57:35.2 (32202955)|VARIABLE_SCOPE_BEGIN|[78]|lcfield|String|false|false
07:57:35.2 (32206464)|VARIABLE_ASSIGNMENT|[78]|lcfield|"Id"
07:57:35.2 (32214239)|HEAP_ALLOCATE|[81]|Bytes:5
07:57:35.2 (32217641)|STATEMENT_EXECUTE|[79]
07:57:35.2 (32218747)|STATEMENT_EXECUTE|[81]
07:57:35.2 (32222435)|VARIABLE_SCOPE_BEGIN|[81]|returnValue|String|false|false
07:57:35.2 (32226741)|VARIABLE_ASSIGNMENT|[81]|returnValue|""
07:57:35.2 (32238491)|ENTERING_MANAGED_PKG|
07:57:35.2 (32246487)|STATEMENT_EXECUTE|[98]
07:57:35.2 (32253011)|ENTERING_MANAGED_PKG|
07:57:35.2 (32271540)|HEAP_ALLOCATE|[98]|Bytes:4
07:57:35.2 (32284627)|ENTERING_MANAGED_PKG|
07:57:35.2 (32288032)|HEAP_ALLOCATE|[98]|Bytes:18
07:57:35.2 (32298968)|VARIABLE_ASSIGNMENT|[98]|returnValue|"001B00000066Xx7IAE"
07:57:35.2 (32301594)|STATEMENT_EXECUTE|[100]
07:57:35.2 (32308435)|METHOD_EXIT|[113]|01pB0000000ljzx|testautonumdata.Sparkle_Helper.GetSobjectField(SObject, String)
07:57:35.2 (32332601)|VARIABLE_ASSIGNMENT|[EXTERNAL]|this|{"recordID":"001B00000066Xx7IAE"}|0x61598ada
07:57:35.2 (32337125)|VARIABLE_ASSIGNMENT|[EXTERNAL]|value|"001B00000066Xx7IAE"
07:57:35.2 (32342988)|VARIABLE_ASSIGNMENT|[8]|this.eventField|"001B00000066Xx7IAE"|0x61598ada
07:57:35.2 (32349086)|STATEMENT_EXECUTE|[116]
07:57:35.2 (32350312)|STATEMENT_EXECUTE|[117]
07:57:35.2 (32354370)|METHOD_ENTRY|[117]|01pB0000000ljzx|testautonumdata.Sparkle_Helper.GetSobjectField(SObject, String)
07:57:35.2 (32358239)|VARIABLE_SCOPE_BEGIN|[78]|e|SObject|true|false
07:57:35.2 (32374913)|VARIABLE_ASSIGNMENT|[78]|e|{"s":1,"v":{"Id":"001B00000066Xx7IAE","Name":"Pyramid Construction (5 more) ..."}}|0x4c1d891c
07:57:35.2 (32379696)|VARIABLE_SCOPE_BEGIN|[78]|lcfield|String|false|false
07:57:35.2 (32383675)|VARIABLE_ASSIGNMENT|[78]|lcfield|"Name"
07:57:35.2 (32391654)|HEAP_ALLOCATE|[81]|Bytes:5
07:57:35.2 (32395288)|STATEMENT_EXECUTE|[79]
07:57:35.2 (32396404)|STATEMENT_EXECUTE|[81]
07:57:35.2 (32400425)|VARIABLE_SCOPE_BEGIN|[81]|returnValue|String|false|false
07:57:35.2 (32404488)|VARIABLE_ASSIGNMENT|[81]|returnValue|""
07:57:35.2 (32416254)|ENTERING_MANAGED_PKG|
07:57:35.2 (32424040)|STATEMENT_EXECUTE|[98]
07:57:35.2 (32430532)|ENTERING_MANAGED_PKG|
07:57:35.2 (32449074)|HEAP_ALLOCATE|[98]|Bytes:25
07:57:35.2 (32462349)|ENTERING_MANAGED_PKG|
07:57:35.2 (32465512)|HEAP_ALLOCATE|[98]|Bytes:25
07:57:35.2 (32477630)|VARIABLE_ASSIGNMENT|[98]|returnValue|"Pyramid Construction (5 more) ..."
07:57:35.2 (32480369)|STATEMENT_EXECUTE|[100]
07:57:35.2 (32487400)|METHOD_EXIT|[117]|01pB0000000ljzx|testautonumdata.Sparkle_Helper.GetSobjectField(SObject, String)
07:57:35.2 (32512577)|VARIABLE_ASSIGNMENT|[EXTERNAL]|this|{"eventField":"001B00000066Xx7IAE","recordID":"001B00000066Xx7IAE"}|0x61598ada
07:57:35.2 (32518330)|VARIABLE_ASSIGNMENT|[EXTERNAL]|value|"Pyramid Construction (5 more) ..."
07:57:35.2 (32524940)|VARIABLE_ASSIGNMENT|[10]|this.column1|"Pyramid Construction (5 more) ..."|0x61598ada
07:57:35.2 (32531475)|STATEMENT_EXECUTE|[119]
07:57:35.2 (32534260)|STATEMENT_EXECUTE|[124]
07:57:35.2 (32536793)|STATEMENT_EXECUTE|[129]
07:57:35.2 (32538078)|STATEMENT_EXECUTE|[135]
07:57:35.2 (32543491)|ENTERING_MANAGED_PKG|
07:57:35.2 (32552039)|HEAP_ALLOCATE|[EXTERNAL]|Bytes:4
07:57:35.2 (32557580)|STATEMENT_EXECUTE|[137]
07:57:35.2 (32568914)|ENTERING_MANAGED_PKG|
07:57:35.2 (32601289)|HEAP_ALLOCATE|[137]|Bytes:197
07:57:35.2 (32615394)|HEAP_ALLOCATE|[137]|Bytes:209
07:57:35.2 (32621941)|ENTERING_MANAGED_PKG|
07:57:35.2 (32628411)|USER_DEBUG|[137]|DEBUG|######## i: ListServerController:[column1=Pyramid Construction Inc., column2=null, column3=null, column4=null, eventField=001B00000066Xx7IAE, mapObjectsFields={Account={Id, Name}}, recordID=001B00000066Xx7IAE]
07:57:35.2 (32641878)|HEAP_ALLOCATE|[104]|Bytes:5
07:57:35.2 (32666139)|HEAP_ALLOCATE|[104]|Bytes:12
07:57:35.2 (32681340)|VARIABLE_SCOPE_BEGIN|[104]|e|SObject|true|false
07:57:35.2 (32695664)|VARIABLE_ASSIGNMENT|[104]|e|{"s":1,"v":{"Id":"001B00000066Xx8IAE","Name":"Dickenson plc"}}|0x55b1d5ac
07:57:35.2 (32698658)|STATEMENT_EXECUTE|[105]
07:57:35.2 (32699693)|STATEMENT_EXECUTE|[106]
07:57:35.2 (32711468)|ENTERING_MANAGED_PKG|
07:57:35.2 (32737078)|HEAP_ALLOCATE|[106]|Bytes:51
07:57:35.2 (32750440)|HEAP_ALLOCATE|[106]|Bytes:63
07:57:35.2 (32756626)|ENTERING_MANAGED_PKG|
07:57:35.2 (32762744)|USER_DEBUG|[106]|DEBUG|######## e: Account:{Id=001B00000066Xx8IAE, Name=Dickenson plc}
07:57:35.2 (32767889)|STATEMENT_EXECUTE|[107]
07:57:35.2 (32772596)|HEAP_ALLOCATE|[107]|Bytes:28
07:57:35.2 (32782117)|CONSTRUCTOR_ENTRY|[107]|01pB0000000lc07|<init>()
07:57:35.2 (32786690)|VARIABLE_SCOPE_BEGIN|[1]|this|testautonumdata.ListServerController|true|false
07:57:35.2 (32809291)|VARIABLE_ASSIGNMENT|[1]|this|{}|0x5d72d954
07:57:35.2 (32817177)|HEAP_ALLOCATE|[EXTERNAL]|Bytes:5
07:57:35.2 (32832093)|STATEMENT_EXECUTE|[1]
07:57:35.2 (32835510)|HEAP_ALLOCATE|[EXTERNAL]|Bytes:5
07:57:35.2 (32837481)|STATEMENT_EXECUTE|[6]
07:57:35.2 (32838854)|STATEMENT_EXECUTE|[8]
07:57:35.2 (32839842)|STATEMENT_EXECUTE|[10]
07:57:35.2 (32840802)|STATEMENT_EXECUTE|[12]
07:57:35.2 (32841727)|STATEMENT_EXECUTE|[14]
07:57:35.2 (32842660)|STATEMENT_EXECUTE|[16]
07:57:35.2 (32852570)|CONSTRUCTOR_EXIT|[107]|01pB0000000lc07|<init>()
07:57:35.2 (32856829)|VARIABLE_SCOPE_BEGIN|[107]|i|testautonumdata.ListServerController|true|false
07:57:35.2 (32878946)|VARIABLE_ASSIGNMENT|[107]|i|{}|0x5d72d954
07:57:35.2 (32881503)|STATEMENT_EXECUTE|[110]
07:57:35.2 (32893910)|ENTERING_MANAGED_PKG|
07:57:35.2 (32914495)|HEAP_ALLOCATE|[110]|Bytes:4
07:57:35.2 (32929088)|ENTERING_MANAGED_PKG|
07:57:35.2 (32932361)|HEAP_ALLOCATE|[110]|Bytes:18
07:57:35.2 (32958191)|VARIABLE_ASSIGNMENT|[EXTERNAL]|this|{}|0x5d72d954
07:57:35.2 (32964382)|VARIABLE_ASSIGNMENT|[EXTERNAL]|value|"001B00000066Xx8IAE"
07:57:35.2 (32970818)|VARIABLE_ASSIGNMENT|[6]|this.recordID|"001B00000066Xx8IAE"|0x5d72d954
07:57:35.2 (32977014)|STATEMENT_EXECUTE|[112]
07:57:35.2 (32978534)|STATEMENT_EXECUTE|[113]
07:57:35.2 (32983409)|METHOD_ENTRY|[113]|01pB0000000ljzx|testautonumdata.Sparkle_Helper.GetSobjectField(SObject, String)
07:57:35.2 (32987609)|VARIABLE_SCOPE_BEGIN|[78]|e|SObject|true|false
07:57:35.2 (32997997)|VARIABLE_ASSIGNMENT|[78]|e|{"s":1,"v":{"Id":"001B00000066Xx8IAE","Name":"Dickenson plc"}}|0x55b1d5ac
07:57:35.2 (33000338)|VARIABLE_SCOPE_BEGIN|[78]|lcfield|String|false|false
07:57:35.2 (33004050)|VARIABLE_ASSIGNMENT|[78]|lcfield|"Id"
07:57:35.2 (33011573)|HEAP_ALLOCATE|[81]|Bytes:5
07:57:35.2 (33014833)|STATEMENT_EXECUTE|[79]
07:57:35.2 (33015938)|STATEMENT_EXECUTE|[81]
07:57:35.2 (33019541)|VARIABLE_SCOPE_BEGIN|[81]|returnValue|String|false|false
07:57:35.2 (33023765)|VARIABLE_ASSIGNMENT|[81]|returnValue|""
07:57:35.2 (33034899)|ENTERING_MANAGED_PKG|
07:57:35.2 (33042648)|STATEMENT_EXECUTE|[98]
07:57:35.2 (33049069)|ENTERING_MANAGED_PKG|
07:57:35.2 (33066744)|HEAP_ALLOCATE|[98]|Bytes:4
07:57:35.2 (33079897)|ENTERING_MANAGED_PKG|
07:57:35.2 (33083133)|HEAP_ALLOCATE|[98]|Bytes:18
07:57:35.2 (33093966)|VARIABLE_ASSIGNMENT|[98]|returnValue|"001B00000066Xx8IAE"
07:57:35.2 (33096504)|STATEMENT_EXECUTE|[100]
07:57:35.2 (33103334)|METHOD_EXIT|[113]|01pB0000000ljzx|testautonumdata.Sparkle_Helper.GetSobjectField(SObject, String)
07:57:35.2 (33127096)|VARIABLE_ASSIGNMENT|[EXTERNAL]|this|{"recordID":"001B00000066Xx8IAE"}|0x5d72d954
07:57:35.2 (33131850)|VARIABLE_ASSIGNMENT|[EXTERNAL]|value|"001B00000066Xx8IAE"
07:57:35.2 (33137601)|VARIABLE_ASSIGNMENT|[8]|this.eventField|"001B00000066Xx8IAE"|0x5d72d954
07:57:35.2 (33143454)|STATEMENT_EXECUTE|[116]
07:57:35.2 (33144670)|STATEMENT_EXECUTE|[117]
07:57:35.2 (33148796)|METHOD_ENTRY|[117]|01pB0000000ljzx|testautonumdata.Sparkle_Helper.GetSobjectField(SObject, String)
07:57:35.2 (33152510)|VARIABLE_SCOPE_BEGIN|[78]|e|SObject|true|false
07:57:35.2 (33162235)|VARIABLE_ASSIGNMENT|[78]|e|{"s":1,"v":{"Id":"001B00000066Xx8IAE","Name":"Dickenson plc"}}|0x55b1d5ac
07:57:35.2 (33164465)|VARIABLE_SCOPE_BEGIN|[78]|lcfield|String|false|false
07:57:35.2 (33167263)|VARIABLE_ASSIGNMENT|[78]|lcfield|"Name"
07:57:35.2 (33174267)|HEAP_ALLOCATE|[81]|Bytes:5
07:57:35.2 (33177514)|STATEMENT_EXECUTE|[79]
07:57:35.2 (33178706)|STATEMENT_EXECUTE|[81]
07:57:35.2 (33182079)|VARIABLE_SCOPE_BEGIN|[81]|returnValue|String|false|false
07:57:35.2 (33186028)|VARIABLE_ASSIGNMENT|[81]|returnValue|""
07:57:35.2 (33196915)|ENTERING_MANAGED_PKG|
07:57:35.2 (33204471)|STATEMENT_EXECUTE|[98]
07:57:35.2 (33210795)|ENTERING_MANAGED_PKG|
07:57:35.2 (33228636)|HEAP_ALLOCATE|[98]|Bytes:13
07:57:35.2 (33241617)|ENTERING_MANAGED_PKG|
07:57:35.2 (33244755)|HEAP_ALLOCATE|[98]|Bytes:13
07:57:35.2 (33255351)|VARIABLE_ASSIGNMENT|[98]|returnValue|"Dickenson plc"
07:57:35.2 (33258015)|STATEMENT_EXECUTE|[100]
07:57:35.2 (33264919)|METHOD_EXIT|[117]|01pB0000000ljzx|testautonumdata.Sparkle_Helper.GetSobjectField(SObject, String)
07:57:35.2 (33289515)|VARIABLE_ASSIGNMENT|[EXTERNAL]|this|{"eventField":"001B00000066Xx8IAE","recordID":"001B00000066Xx8IAE"}|0x5d72d954
07:57:35.2 (33294303)|VARIABLE_ASSIGNMENT|[EXTERNAL]|value|"Dickenson plc"
07:57:35.2 (33300038)|VARIABLE_ASSIGNMENT|[10]|this.column1|"Dickenson plc"|0x5d72d954
07:57:35.2 (33305941)|STATEMENT_EXECUTE|[119]
07:57:35.2 (33307641)|STATEMENT_EXECUTE|[124]
07:57:35.2 (33309065)|STATEMENT_EXECUTE|[129]
07:57:35.2 (33310104)|STATEMENT_EXECUTE|[135]
07:57:35.2 (33314755)|ENTERING_MANAGED_PKG|
07:57:35.2 (33322759)|HEAP_ALLOCATE|[EXTERNAL]|Bytes:4
07:57:35.2 (33328095)|STATEMENT_EXECUTE|[137]
07:57:35.2 (33339078)|ENTERING_MANAGED_PKG|
07:57:35.2 (33370591)|HEAP_ALLOCATE|[137]|Bytes:185
07:57:35.2 (33384558)|HEAP_ALLOCATE|[137]|Bytes:197
07:57:35.2 (33391087)|ENTERING_MANAGED_PKG|
07:57:35.2 (33397625)|USER_DEBUG|[137]|DEBUG|######## i: ListServerController:[column1=Dickenson plc, column2=null, column3=null, column4=null, eventField=001B00000066Xx8IAE, mapObjectsFields={Account={Id, Name}}, recordID=001B00000066Xx8IAE]
07:57:35.2 (33410599)|HEAP_ALLOCATE|[104]|Bytes:5
07:57:35.2 (33431903)|HEAP_ALLOCATE|[104]|Bytes:12
07:57:35.2 (33445366)|VARIABLE_SCOPE_BEGIN|[104]|e|SObject|true|false
07:57:35.2 (33460638)|VARIABLE_ASSIGNMENT|[104]|e|{"s":1,"v":{"Id":"001B00000066Xx9IAE","Name":"Hospital Universitar (14 more) ..."}}|0x6714bc4d
07:57:35.2 (33463618)|STATEMENT_EXECUTE|[105]
07:57:35.2 (33465009)|STATEMENT_EXECUTE|[106]
07:57:35.2 (33477023)|ENTERING_MANAGED_PKG|
07:57:35.2 (33502151)|HEAP_ALLOCATE|[106]|Bytes:72
07:57:35.2 (33515166)|HEAP_ALLOCATE|[106]|Bytes:84
07:57:35.2 (33521469)|ENTERING_MANAGED_PKG|
07:57:35.2 (33527668)|USER_DEBUG|[106]|DEBUG|######## e: Account:{Id=001B00000066Xx9IAE, Name=Hospital Universitario San Ignacio}
07:57:35.2 (33532953)|STATEMENT_EXECUTE|[107]
07:57:35.2 (33537624)|HEAP_ALLOCATE|[107]|Bytes:28
07:57:35.2 (33547036)|CONSTRUCTOR_ENTRY|[107]|01pB0000000lc07|<init>()
07:57:35.2 (33551547)|VARIABLE_SCOPE_BEGIN|[1]|this|testautonumdata.ListServerController|true|false
07:57:35.2 (33570812)|VARIABLE_ASSIGNMENT|[1]|this|{}|0x5c5f5eeb
07:57:35.2 (33578131)|HEAP_ALLOCATE|[EXTERNAL]|Bytes:5
07:57:35.2 (33592256)|STATEMENT_EXECUTE|[1]
07:57:35.2 (33595586)|HEAP_ALLOCATE|[EXTERNAL]|Bytes:5
07:57:35.2 (33597576)|STATEMENT_EXECUTE|[6]
07:57:35.2 (33598949)|STATEMENT_EXECUTE|[8]
07:57:35.2 (33599964)|STATEMENT_EXECUTE|[10]
07:57:35.2 (33601010)|STATEMENT_EXECUTE|[12]
07:57:35.2 (33601957)|STATEMENT_EXECUTE|[14]
07:57:35.2 (33603074)|STATEMENT_EXECUTE|[16]
07:57:35.2 (33612533)|CONSTRUCTOR_EXIT|[107]|01pB0000000lc07|<init>()
07:57:35.2 (33616730)|VARIABLE_SCOPE_BEGIN|[107]|i|testautonumdata.ListServerController|true|false
07:57:35.2 (33633704)|VARIABLE_ASSIGNMENT|[107]|i|{}|0x5c5f5eeb
07:57:35.2 (33636109)|STATEMENT_EXECUTE|[110]
07:57:35.2 (33648353)|ENTERING_MANAGED_PKG|
07:57:35.2 (33670757)|HEAP_ALLOCATE|[110]|Bytes:4
07:57:35.2 (33686096)|ENTERING_MANAGED_PKG|
07:57:35.2 (33689456)|HEAP_ALLOCATE|[110]|Bytes:18
07:57:35.2 (33715435)|VARIABLE_ASSIGNMENT|[EXTERNAL]|this|{}|0x5c5f5eeb
07:57:35.2 (33721128)|VARIABLE_ASSIGNMENT|[EXTERNAL]|value|"001B00000066Xx9IAE"
07:57:35.2 (33727616)|VARIABLE_ASSIGNMENT|[6]|this.recordID|"001B00000066Xx9IAE"|0x5c5f5eeb
07:57:35.2 (33733493)|STATEMENT_EXECUTE|[112]
07:57:35.2 (33734708)|STATEMENT_EXECUTE|[113]
07:57:35.2 (33739418)|METHOD_ENTRY|[113]|01pB0000000ljzx|testautonumdata.Sparkle_Helper.GetSobjectField(SObject, String)
07:57:35.2 (33743791)|VARIABLE_SCOPE_BEGIN|[78]|e|SObject|true|false
07:57:35.2 (33754836)|VARIABLE_ASSIGNMENT|[78]|e|{"s":1,"v":{"Id":"001B00000066Xx9IAE","Name":"Hospital Universitar (14 more) ..."}}|0x6714bc4d
07:57:35.2 (33757557)|VARIABLE_SCOPE_BEGIN|[78]|lcfield|String|false|false
07:57:35.2 (33760778)|VARIABLE_ASSIGNMENT|[78]|lcfield|"Id"
07:57:35.2 (33768015)|HEAP_ALLOCATE|[81]|Bytes:5
07:57:35.2 (33771293)|STATEMENT_EXECUTE|[79]
07:57:35.2 (33772417)|STATEMENT_EXECUTE|[81]
07:57:35.2 (33775976)|VARIABLE_SCOPE_BEGIN|[81]|returnValue|String|false|false
07:57:35.2 (33780119)|VARIABLE_ASSIGNMENT|[81]|returnValue|""
07:57:35.2 (33791328)|ENTERING_MANAGED_PKG|
07:57:35.2 (33799087)|STATEMENT_EXECUTE|[98]
07:57:35.2 (33805343)|ENTERING_MANAGED_PKG|
07:57:35.2 (33823050)|HEAP_ALLOCATE|[98]|Bytes:4
07:57:35.2 (33836155)|ENTERING_MANAGED_PKG|
07:57:35.2 (33839410)|HEAP_ALLOCATE|[98]|Bytes:18
07:57:35.2 (33850234)|VARIABLE_ASSIGNMENT|[98]|returnValue|"001B00000066Xx9IAE"
07:57:35.2 (33852744)|STATEMENT_EXECUTE|[100]
07:57:35.2 (33859249)|METHOD_EXIT|[113]|01pB0000000ljzx|testautonumdata.Sparkle_Helper.GetSobjectField(SObject, String)
07:57:35.2 (33887744)|VARIABLE_ASSIGNMENT|[EXTERNAL]|this|{"recordID":"001B00000066Xx9IAE"}|0x5c5f5eeb
07:57:35.2 (33892603)|VARIABLE_ASSIGNMENT|[EXTERNAL]|value|"001B00000066Xx9IAE"
07:57:35.2 (33898636)|VARIABLE_ASSIGNMENT|[8]|this.eventField|"001B00000066Xx9IAE"|0x5c5f5eeb
07:57:35.2 (33904756)|STATEMENT_EXECUTE|[116]
07:57:35.2 (33906084)|STATEMENT_EXECUTE|[117]
07:57:35.2 (33910240)|METHOD_ENTRY|[117]|01pB0000000ljzx|testautonumdata.Sparkle_Helper.GetSobjectField(SObject, String)
07:57:35.2 (33913906)|VARIABLE_SCOPE_BEGIN|[78]|e|SObject|true|false
07:57:35.2 (33924822)|VARIABLE_ASSIGNMENT|[78]|e|{"s":1,"v":{"Id":"001B00000066Xx9IAE","Name":"Hospital Universitar (14 more) ..."}}|0x6714bc4d
07:57:35.2 (33928594)|VARIABLE_SCOPE_BEGIN|[78]|lcfield|String|false|false
07:57:35.2 (33933051)|VARIABLE_ASSIGNMENT|[78]|lcfield|"Name"
07:57:35.2 (33940347)|HEAP_ALLOCATE|[81]|Bytes:5
07:57:35.2 (33943775)|STATEMENT_EXECUTE|[79]
07:57:35.2 (33944866)|STATEMENT_EXECUTE|[81]
07:57:35.2 (33948505)|VARIABLE_SCOPE_BEGIN|[81]|returnValue|String|false|false
07:57:35.2 (33952454)|VARIABLE_ASSIGNMENT|[81]|returnValue|""
07:57:35.2 (33963575)|ENTERING_MANAGED_PKG|
07:57:35.2 (33971267)|STATEMENT_EXECUTE|[98]
07:57:35.2 (33977534)|ENTERING_MANAGED_PKG|
07:57:35.2 (33995445)|HEAP_ALLOCATE|[98]|Bytes:34
07:57:35.2 (34008602)|ENTERING_MANAGED_PKG|
07:57:35.2 (34012642)|HEAP_ALLOCATE|[98]|Bytes:34
07:57:35.2 (34024768)|VARIABLE_ASSIGNMENT|[98]|returnValue|"Hospital Universitar (14 more) ..."
07:57:35.2 (34027448)|STATEMENT_EXECUTE|[100]
07:57:35.2 (34034245)|METHOD_EXIT|[117]|01pB0000000ljzx|testautonumdata.Sparkle_Helper.GetSobjectField(SObject, String)
07:57:35.2 (34059373)|VARIABLE_ASSIGNMENT|[EXTERNAL]|this|{"eventField":"001B00000066Xx9IAE","recordID":"001B00000066Xx9IAE"}|0x5c5f5eeb
07:57:35.2 (34065327)|VARIABLE_ASSIGNMENT|[EXTERNAL]|value|"Hospital Universitar (14 more) ..."
07:57:35.2 (34071656)|VARIABLE_ASSIGNMENT|[10]|this.column1|"Hospital Universitar (14 more) ..."|0x5c5f5eeb
07:57:35.2 (34077701)|STATEMENT_EXECUTE|[119]
07:57:35.2 (34079468)|STATEMENT_EXECUTE|[124]
07:57:35.2 (34080657)|STATEMENT_EXECUTE|[129]
07:57:35.2 (34081624)|STATEMENT_EXECUTE|[135]
07:57:35.2 (34086226)|ENTERING_MANAGED_PKG|
07:57:35.2 (34094178)|HEAP_ALLOCATE|[EXTERNAL]|Bytes:4
07:57:35.2 (34099360)|STATEMENT_EXECUTE|[137]
07:57:35.2 (34110112)|ENTERING_MANAGED_PKG|
07:57:35.2 (34141882)|HEAP_ALLOCATE|[137]|Bytes:206
07:57:35.2 (34155914)|HEAP_ALLOCATE|[137]|Bytes:218
07:57:35.2 (34162325)|ENTERING_MANAGED_PKG|
07:57:35.2 (34168945)|USER_DEBUG|[137]|DEBUG|######## i: ListServerController:[column1=Hospital Universitario San Ignacio, column2=null, column3=null, column4=null, eventField=001B00000066Xx9IAE, mapObjectsFields={Account={Id, Name}}, recordID=001B00000066Xx9IAE]
07:57:35.2 (34182075)|HEAP_ALLOCATE|[104]|Bytes:5
07:57:35.2 (34195042)|VARIABLE_ASSIGNMENT|[104]|e|null|
07:57:35.2 (34198537)|STATEMENT_EXECUTE|[142]
07:57:35.2 (34201548)|HEAP_ALLOCATE|[142]|Bytes:27
07:57:35.2 (34214002)|ENTERING_MANAGED_PKG|
07:57:35.2 (34365945)|HEAP_ALLOCATE|[142]|Bytes:1546
07:57:35.2 (34383169)|HEAP_ALLOCATE|[142]|Bytes:1573
07:57:35.2 (34391827)|ENTERING_MANAGED_PKG|
07:57:35.2 (34398318)|USER_DEBUG|[142]|DEBUG|######## lstReturnRecords: (ListServerController:[column1=GenePoint, column2=null, column3=null, column4=null, eventField=001B00000066XxFIAU, mapObjectsFields={Account={Id, Name}}, recordID=001B00000066XxFIAU], ListServerController:[column1=United Oil & Gas, UK, column2=null, column3=null, column4=null, eventField=001B00000066XxDIAU, mapObjectsFields=(already output), recordID=001B00000066XxDIAU], ListServerController:[column1=United Oil & Gas, Singapore, column2=null, column3=null, column4=null, eventField=001B00000066XxEIAU, mapObjectsFields=(already output), recordID=001B00000066XxEIAU], ListServerController:[column1=Edge Communications, column2=null, column3=null, column4=null, eventField=001B00000066Xx5IAE, mapObjectsFields=(already output), recordID=001B00000066Xx5IAE], ListServerController:[column1=Burlington Textiles Corp of America, column2=null, column3=null, column4=null, eventField=001B00000066Xx6IAE, mapObjectsFields=(already output), recordID=001B00000066Xx6IAE], ListServerController:[column1=Pyramid Construction Inc., column2=null, column3=null, column4=null, eventField=001B00000066Xx7IAE, mapObjectsFields=(already output), recordID=001B00000066Xx7IAE], ListServerController:[column1=Dickenson plc, column2=null, column3=null, column4=null, eventField=001B00000066Xx8IAE, mapObjectsFields=(already output), recordID=001B00000066Xx8IAE], ListServerController:[column1=Hospital Universitario San Ignacio, column2=null, column3=null, column4=null, eventField=001B00000066Xx9IAE, mapObjectsFields=(already output), recordID=001B00000066Xx9IAE])
07:57:35.2 (34410735)|STATEMENT_EXECUTE|[144]
07:57:35.2 (34422714)|SYSTEM_MODE_EXIT|false
07:57:35.34 (34469022)|CUMULATIVE_LIMIT_USAGE
07:57:35.34 (34469022)|LIMIT_USAGE_FOR_NS|(default)|
  Number of SOQL queries: 0 out of 100
  Number of query rows: 0 out of 50000
  Number of SOSL queries: 0 out of 20
  Number of DML statements: 0 out of 150
  Number of DML rows: 0 out of 10000
  Maximum CPU time: 0 out of 10000
  Maximum heap size: 0 out of 6000000
  Number of callouts: 0 out of 100
  Number of Email Invocations: 0 out of 10
  Number of future calls: 0 out of 50
  Number of queueable jobs added to the queue: 0 out of 50
  Number of Mobile Apex push calls: 0 out of 10

07:57:35.34 (34469022)|LIMIT_USAGE_FOR_NS|testautonumdata|
  Number of SOQL queries: 1 out of 100
  Number of query rows: 8 out of 50000
  Number of SOSL queries: 0 out of 20
  Number of DML statements: 0 out of 150
  Number of DML rows: 0 out of 10000
  Maximum CPU time: 0 out of 10000
  Maximum heap size: 0 out of 6000000
  Number of callouts: 0 out of 100
  Number of Email Invocations: 0 out of 10
  Number of future calls: 0 out of 50
  Number of queueable jobs added to the queue: 0 out of 50
  Number of Mobile Apex push calls: 0 out of 10

07:57:35.34 (34469022)|CUMULATIVE_LIMIT_USAGE_END

07:57:35.36 (36507889)|CODE_UNIT_STARTED|[EXTERNAL]|Aura
07:57:35.37 (37616431)|CODE_UNIT_STARTED|[EXTERNAL]|Aura
07:57:35.38 (38652611)|CODE_UNIT_STARTED|[EXTERNAL]|Aura
07:57:35.39 (39713353)|CODE_UNIT_STARTED|[EXTERNAL]|Aura
07:57:35.41 (41022788)|CODE_UNIT_STARTED|[EXTERNAL]|Aura
07:57:35.42 (42100803)|CODE_UNIT_STARTED|[EXTERNAL]|Aura
07:57:35.43 (43380198)|CODE_UNIT_STARTED|[EXTERNAL]|Aura
07:57:35.44 (44502993)|CODE_UNIT_STARTED|[EXTERNAL]|Aura
07:57:35.45 (45917031)|CODE_UNIT_STARTED|[EXTERNAL]|01pB0000000lc07|ListServerController.getCurrentUser
07:57:35.45 (45971909)|SYSTEM_MODE_ENTER|false
07:57:35.45 (45993296)|HEAP_ALLOCATE|[151]|Bytes:5
07:57:35.45 (46002490)|STATEMENT_EXECUTE|[150]
07:57:35.45 (46005949)|STATEMENT_EXECUTE|[151]
07:57:35.45 (46012129)|HEAP_ALLOCATE|[151]|Bytes:68
07:57:35.45 (46029192)|HEAP_ALLOCATE|[151]|Bytes:4
07:57:35.45 (46047425)|HEAP_ALLOCATE|[151]|Bytes:7
07:57:35.45 (46156449)|HEAP_ALLOCATE|[151]|Bytes:85
07:57:35.45 (46183446)|SYSTEM_METHOD_ENTRY|[1]|UserInfo.UserInfo()
07:57:35.45 (46189866)|STATEMENT_EXECUTE|[1]
07:57:35.45 (46208183)|SYSTEM_METHOD_EXIT|[1]|UserInfo
07:57:35.45 (46227551)|METHOD_ENTRY|[151]||System.UserInfo.getUserId()
07:57:35.45 (46288139)|METHOD_EXIT|[151]||System.UserInfo.getUserId()
07:57:35.45 (47642949)|SOQL_EXECUTE_BEGIN|[151]|Aggregations:0|SELECT Id, FirstName, LastName FROM User WHERE Id = :tmpVar1 LIMIT 1
07:57:35.45 (55836383)|SOQL_EXECUTE_END|[151]|Rows:1
07:57:35.45 (55873234)|HEAP_ALLOCATE|[151]|Bytes:8
07:57:35.45 (55899234)|HEAP_ALLOCATE|[151]|Bytes:69
07:57:35.45 (55991841)|HEAP_ALLOCATE|[151]|Bytes:8
07:57:35.45 (56007630)|HEAP_ALLOCATE|[151]|Bytes:30
07:57:35.45 (56117645)|HEAP_ALLOCATE|[151]|Bytes:16
07:57:35.45 (56132847)|VARIABLE_SCOPE_BEGIN|[151]|user|User|true|false
07:57:35.45 (56202732)|VARIABLE_ASSIGNMENT|[151]|user|{"s":1,"v":{"Id":"005B0000001VpZRIA0","FirstName":"Rodrigo","LastName":"Reboucas"}}|0x7c16a4d6
07:57:35.45 (56209791)|STATEMENT_EXECUTE|[152]
07:57:35.45 (56226683)|SYSTEM_MODE_EXIT|false
07:57:35.56 (56280763)|CUMULATIVE_LIMIT_USAGE
07:57:35.56 (56280763)|LIMIT_USAGE_FOR_NS|(default)|
  Number of SOQL queries: 0 out of 100
  Number of query rows: 0 out of 50000
  Number of SOSL queries: 0 out of 20
  Number of DML statements: 0 out of 150
  Number of DML rows: 0 out of 10000
  Maximum CPU time: 0 out of 10000
  Maximum heap size: 0 out of 6000000
  Number of callouts: 0 out of 100
  Number of Email Invocations: 0 out of 10
  Number of future calls: 0 out of 50
  Number of queueable jobs added to the queue: 0 out of 50
  Number of Mobile Apex push calls: 0 out of 10

07:57:35.56 (56280763)|LIMIT_USAGE_FOR_NS|testautonumdata|
  Number of SOQL queries: 2 out of 100
  Number of query rows: 9 out of 50000
  Number of SOSL queries: 0 out of 20
  Number of DML statements: 0 out of 150
  Number of DML rows: 0 out of 10000
  Maximum CPU time: 0 out of 10000
  Maximum heap size: 0 out of 6000000
  Number of callouts: 0 out of 100
  Number of Email Invocations: 0 out of 10
  Number of future calls: 0 out of 50
  Number of queueable jobs added to the queue: 0 out of 50
  Number of Mobile Apex push calls: 0 out of 10

07:57:35.56 (56280763)|CUMULATIVE_LIMIT_USAGE_END

