37.0 APEX_CODE,FINEST;APEX_PROFILING,INFO;CALLOUT,INFO;DB,INFO;SYSTEM,DEBUG;VALIDATION,INFO;VISUALFORCE,INFO;WORKFLOW,INFO
12:10:07.0 (105697)|USER_INFO|[EXTERNAL]|005B0000001VpZR|rreboucas-yi5c@force.com|Pacific Standard Time|GMT-07:00
12:10:07.0 (602737)|HEAP_ALLOCATE|[72]|Bytes:3
12:10:07.0 (665632)|HEAP_ALLOCATE|[77]|Bytes:152
12:10:07.0 (686842)|HEAP_ALLOCATE|[342]|Bytes:408
12:10:07.0 (707464)|HEAP_ALLOCATE|[355]|Bytes:408
12:10:07.0 (726874)|HEAP_ALLOCATE|[467]|Bytes:48
12:10:07.2 (2111832)|USER_INFO|[EXTERNAL]|005B0000001VpZR|rreboucas-yi5c@force.com|Pacific Standard Time|GMT-07:00
12:10:07.2 (2286986)|STATEMENT_EXECUTE|[1]
12:10:07.2 (2327983)|HEAP_ALLOCATE|[50]|Bytes:5
12:10:07.2 (2354863)|HEAP_ALLOCATE|[56]|Bytes:5
12:10:07.2 (2364266)|HEAP_ALLOCATE|[64]|Bytes:7
12:10:07.2 (2388335)|SYSTEM_MODE_ENTER|false
12:10:07.2 (2407681)|HEAP_ALLOCATE|[EXTERNAL]|Bytes:5
12:10:07.2 (2415808)|SYSTEM_MODE_EXIT|false
12:10:07.2 (2426182)|METHOD_EXIT|[1]|ReferralsServerController
12:10:07.2 (2452180)|HEAP_ALLOCATE|[EXTERNAL]|Bytes:28
12:10:07.2 (2455217)|HEAP_ALLOCATE|[EXTERNAL]|Bytes:7
12:10:07.2 (2464963)|SYSTEM_MODE_ENTER|false
12:10:07.2 (2472891)|VARIABLE_SCOPE_BEGIN|[20]|rowsLimit|Integer|false|false
12:10:07.2 (2499562)|VARIABLE_ASSIGNMENT|[20]|rowsLimit|8
12:10:07.2 (2503308)|VARIABLE_SCOPE_BEGIN|[20]|recordId|String|false|false
12:10:07.2 (2506914)|VARIABLE_ASSIGNMENT|[20]|recordId|null
12:10:07.2 (2508700)|VARIABLE_SCOPE_BEGIN|[20]|objectApiName|String|false|false
12:10:07.2 (2516807)|VARIABLE_ASSIGNMENT|[20]|objectApiName|"Account"
12:10:07.2 (2518628)|VARIABLE_SCOPE_BEGIN|[20]|ParentObjectFieldName|String|false|false
12:10:07.2 (2521482)|VARIABLE_ASSIGNMENT|[20]|ParentObjectFieldName|null
12:10:07.2 (2523514)|VARIABLE_SCOPE_BEGIN|[20]|filter1Field|String|false|false
12:10:07.2 (2526159)|VARIABLE_ASSIGNMENT|[20]|filter1Field|null
12:10:07.2 (2527907)|VARIABLE_SCOPE_BEGIN|[20]|filter1Value|String|false|false
12:10:07.2 (2530033)|VARIABLE_ASSIGNMENT|[20]|filter1Value|null
12:10:07.2 (2531772)|VARIABLE_SCOPE_BEGIN|[20]|column1|String|false|false
12:10:07.2 (2534119)|VARIABLE_ASSIGNMENT|[20]|column1|null
12:10:07.2 (2535642)|VARIABLE_SCOPE_BEGIN|[20]|RelFieldWithName|String|false|false
12:10:07.2 (2538266)|VARIABLE_ASSIGNMENT|[20]|RelFieldWithName|null
12:10:07.2 (2539960)|VARIABLE_SCOPE_BEGIN|[20]|column2|String|false|false
12:10:07.2 (2542213)|VARIABLE_ASSIGNMENT|[20]|column2|null
12:10:07.2 (2556345)|HEAP_ALLOCATE|[22]|Bytes:5
12:10:07.2 (2561141)|STATEMENT_EXECUTE|[20]
12:10:07.2 (2562951)|STATEMENT_EXECUTE|[22]
12:10:07.2 (2566194)|HEAP_ALLOCATE|[22]|Bytes:20
12:10:07.2 (2592238)|ENTERING_MANAGED_PKG|
12:10:07.2 (2620324)|HEAP_ALLOCATE|[22]|Bytes:1
12:10:07.2 (2639390)|HEAP_ALLOCATE|[22]|Bytes:21
12:10:07.2 (2667303)|ENTERING_MANAGED_PKG|
12:10:07.2 (2675489)|USER_DEBUG|[22]|DEBUG|######## rowsLimit: 8
12:10:07.2 (2682639)|STATEMENT_EXECUTE|[23]
12:10:07.2 (2686395)|HEAP_ALLOCATE|[23]|Bytes:24
12:10:07.2 (2692344)|HEAP_ALLOCATE|[23]|Bytes:31
12:10:07.2 (2700880)|ENTERING_MANAGED_PKG|
12:10:07.2 (2721074)|USER_DEBUG|[23]|DEBUG|######## objectApiName: Account
12:10:07.2 (2727028)|STATEMENT_EXECUTE|[27]
12:10:07.2 (2792605)|HEAP_ALLOCATE|[27]|Bytes:4
12:10:07.2 (2875155)|ENTERING_MANAGED_PKG|
12:10:07.2 (2906456)|VARIABLE_SCOPE_BEGIN|[27]|lstReturnRecords|List<testautonumdata.ReferralsServerController>|true|false
12:10:07.2 (2939101)|HEAP_ALLOCATE|[EXTERNAL]|Bytes:4
12:10:07.2 (2957658)|VARIABLE_ASSIGNMENT|[27]|lstReturnRecords|{"s":1,"v":[]}|0x2852059d
12:10:07.2 (2962154)|STATEMENT_EXECUTE|[29]
12:10:07.2 (2964057)|STATEMENT_EXECUTE|[102]
12:10:07.2 (2967611)|HEAP_ALLOCATE|[102]|Bytes:27
12:10:07.2 (2985288)|ENTERING_MANAGED_PKG|
12:10:07.2 (3017369)|HEAP_ALLOCATE|[102]|Bytes:2
12:10:07.2 (3032674)|HEAP_ALLOCATE|[102]|Bytes:29
12:10:07.2 (3045757)|ENTERING_MANAGED_PKG|
12:10:07.2 (3049721)|USER_DEBUG|[102]|DEBUG|######## lstReturnRecords: ()
12:10:07.2 (3055157)|STATEMENT_EXECUTE|[104]
12:10:07.2 (3064899)|SYSTEM_MODE_EXIT|false
12:10:07.3 (3107561)|CUMULATIVE_LIMIT_USAGE
12:10:07.3 (3107561)|LIMIT_USAGE_FOR_NS|(default)|
  Number of SOQL queries: 0 out of 100
  Number of query rows: 0 out of 50000
  Number of SOSL queries: 0 out of 20
  Number of DML statements: 0 out of 150
  Number of DML rows: 0 out of 10000
  Maximum CPU time: 0 out of 10000
  Maximum heap size: 0 out of 6000000
  Number of callouts: 0 out of 100
  Number of Email Invocations: 0 out of 10
  Number of future calls: 0 out of 50
  Number of queueable jobs added to the queue: 0 out of 50
  Number of Mobile Apex push calls: 0 out of 10

12:10:07.3 (3107561)|CUMULATIVE_LIMIT_USAGE_END

12:10:07.2 (3151684)|CODE_UNIT_FINISHED|ReferralsServerController.getListRecords
