38.0 APEX_CODE,FINEST;APEX_PROFILING,INFO;CALLOUT,INFO;DB,INFO;SYSTEM,DEBUG;VALIDATION,INFO;VISUALFORCE,INFO;WORKFLOW,INFO
10:24:30.0 (123957)|USER_INFO|[EXTERNAL]|005B0000001VpZR|rreboucas-yi5c@force.com|Pacific Standard Time|GMT-07:00
10:24:30.2 (2524009)|CODE_UNIT_STARTED|[EXTERNAL]|01pB0000000rR5G|RecordTimelineServerController.getListRecords
10:24:30.2 (2589740)|VARIABLE_SCOPE_BEGIN|[3]|RecordTimelineServerController.mapObjectsFields|Map<String,Set<String>>|true|true
10:24:30.2 (2658472)|HEAP_ALLOCATE|[EXTERNAL]|Bytes:208
10:24:30.2 (2666715)|HEAP_ALLOCATE|[EXTERNAL]|Bytes:21
10:24:30.2 (2669589)|HEAP_ALLOCATE|[EXTERNAL]|Bytes:27
10:24:30.2 (2692889)|METHOD_ENTRY|[1]|01pB0000000rR5G|RecordTimelineServerController.RecordTimelineServerController()
10:24:30.2 (2698280)|STATEMENT_EXECUTE|[1]
10:24:30.2 (2705032)|STATEMENT_EXECUTE|[1]
10:24:30.2 (2744531)|HEAP_ALLOCATE|[50]|Bytes:5
10:24:30.2 (2771361)|HEAP_ALLOCATE|[56]|Bytes:5
10:24:30.2 (2780522)|HEAP_ALLOCATE|[64]|Bytes:7
10:24:30.2 (2808950)|SYSTEM_MODE_ENTER|false
10:24:30.2 (2837031)|HEAP_ALLOCATE|[3]|Bytes:5
10:24:30.2 (2842107)|STATEMENT_EXECUTE|[3]
10:24:30.2 (2878094)|VARIABLE_ASSIGNMENT|[3]|RecordTimelineServerController.mapObjectsFields|null|
10:24:30.2 (2886056)|SYSTEM_MODE_EXIT|false
10:24:30.2 (2902362)|METHOD_EXIT|[1]|RecordTimelineServerController
10:24:30.2 (2908255)|HEAP_ALLOCATE|[EXTERNAL]|Bytes:18
10:24:30.2 (2910426)|HEAP_ALLOCATE|[EXTERNAL]|Bytes:1
10:24:30.2 (2911684)|HEAP_ALLOCATE|[EXTERNAL]|Bytes:29
10:24:30.2 (2912908)|HEAP_ALLOCATE|[EXTERNAL]|Bytes:34
10:24:30.2 (2914026)|HEAP_ALLOCATE|[EXTERNAL]|Bytes:7
10:24:30.2 (2915753)|HEAP_ALLOCATE|[EXTERNAL]|Bytes:29
10:24:30.2 (2916868)|HEAP_ALLOCATE|[EXTERNAL]|Bytes:4
10:24:30.2 (2917984)|HEAP_ALLOCATE|[EXTERNAL]|Bytes:9
10:24:30.2 (2919125)|HEAP_ALLOCATE|[EXTERNAL]|Bytes:17
10:24:30.2 (2925060)|SYSTEM_MODE_ENTER|false
10:24:30.2 (2931659)|VARIABLE_SCOPE_BEGIN|[24]|recordID|String|false|false
10:24:30.2 (2942816)|VARIABLE_ASSIGNMENT|[24]|recordID|"a0MB0000000cQdIMAU"
10:24:30.2 (2945319)|VARIABLE_SCOPE_BEGIN|[24]|rowsLimit|String|false|false
10:24:30.2 (2947948)|VARIABLE_ASSIGNMENT|[24]|rowsLimit|"8"
10:24:30.2 (2949644)|VARIABLE_SCOPE_BEGIN|[24]|objectApiName|String|false|false
10:24:30.2 (2954743)|VARIABLE_ASSIGNMENT|[24]|objectApiName|"testautonumdata__Int (9 more) ..."
10:24:30.2 (2956673)|VARIABLE_SCOPE_BEGIN|[24]|filter1Field|String|false|false
10:24:30.2 (2959267)|VARIABLE_ASSIGNMENT|[24]|filter1Field|null
10:24:30.2 (2960890)|VARIABLE_SCOPE_BEGIN|[24]|filter1Value|String|false|false
10:24:30.2 (2963004)|VARIABLE_ASSIGNMENT|[24]|filter1Value|null
10:24:30.2 (2964838)|VARIABLE_SCOPE_BEGIN|[24]|objectDateFieldName|String|false|false
10:24:30.2 (2968596)|VARIABLE_ASSIGNMENT|[24]|objectDateFieldName|"testautonumdata__Int (14 more) ..."
10:24:30.2 (2970563)|VARIABLE_SCOPE_BEGIN|[24]|objectDisplayDateFieldName|String|false|false
10:24:30.2 (2973243)|VARIABLE_ASSIGNMENT|[24]|objectDisplayDateFieldName|"Date__c"
10:24:30.2 (2974908)|VARIABLE_SCOPE_BEGIN|[24]|parentObjectIDFieldName|String|false|false
10:24:30.2 (2978187)|VARIABLE_ASSIGNMENT|[24]|parentObjectIDFieldName|"testautonumdata__Can (9 more) ..."
10:24:30.2 (2980155)|VARIABLE_SCOPE_BEGIN|[24]|detail1FieldAPIName|String|false|false
10:24:30.2 (2982648)|VARIABLE_ASSIGNMENT|[24]|detail1FieldAPIName|"Name"
10:24:30.2 (2984438)|VARIABLE_SCOPE_BEGIN|[24]|detail2FieldAPIName|String|false|false
10:24:30.2 (2987088)|VARIABLE_ASSIGNMENT|[24]|detail2FieldAPIName|"Status__c"
10:24:30.2 (2988754)|VARIABLE_SCOPE_BEGIN|[24]|titleFieldAPIName|String|false|false
10:24:30.2 (2991674)|VARIABLE_ASSIGNMENT|[24]|titleFieldAPIName|"Interview_Type__c"
10:24:30.2 (2993419)|VARIABLE_SCOPE_BEGIN|[24]|subtitleFieldAPIName|String|false|false
10:24:30.2 (2995779)|VARIABLE_ASSIGNMENT|[24]|subtitleFieldAPIName|null
10:24:30.2 (3009821)|HEAP_ALLOCATE|[26]|Bytes:5
10:24:30.2 (3015046)|STATEMENT_EXECUTE|[24]
10:24:30.2 (3016450)|STATEMENT_EXECUTE|[26]
10:24:30.2 (3019178)|HEAP_ALLOCATE|[26]|Bytes:52
10:24:30.2 (3032860)|HEAP_ALLOCATE|[26]|Bytes:53
10:24:30.2 (3061132)|ENTERING_MANAGED_PKG|
10:24:30.2 (3099942)|USER_DEBUG|[26]|DEBUG|######## RecordTimelineServerController: rowsLimit: 8
10:24:30.2 (3109221)|STATEMENT_EXECUTE|[27]
10:24:30.2 (3112919)|HEAP_ALLOCATE|[27]|Bytes:56
10:24:30.2 (3118879)|HEAP_ALLOCATE|[27]|Bytes:85
10:24:30.2 (3126086)|ENTERING_MANAGED_PKG|
10:24:30.2 (3139933)|USER_DEBUG|[27]|DEBUG|######## RecordTimelineServerController: objectApiName: testautonumdata__Interview__c
10:24:30.2 (3146734)|STATEMENT_EXECUTE|[30]
10:24:30.2 (3154045)|HEAP_ALLOCATE|[30]|Bytes:4
10:24:30.2 (3191264)|VARIABLE_ASSIGNMENT|[30]|RecordTimelineServerController.mapObjectsFields|{"s":1,"v":{}}|0x431240cc
10:24:30.2 (3194841)|STATEMENT_EXECUTE|[32]
10:24:30.2 (3198144)|HEAP_ALLOCATE|[32]|Bytes:2
10:24:30.2 (3308757)|HEAP_ALLOCATE|[32]|Bytes:19
10:24:30.2 (3317880)|HEAP_ALLOCATE|[32]|Bytes:28
10:24:30.2 (3337953)|METHOD_ENTRY|[1]|01pB0000000ljzx|Sparkle_Helper.Sparkle_Helper()
10:24:30.2 (3342518)|STATEMENT_EXECUTE|[1]
10:24:30.2 (3346981)|STATEMENT_EXECUTE|[1]
10:24:30.2 (3353722)|HEAP_ALLOCATE|[32]|Bytes:5
10:24:30.2 (3366326)|METHOD_EXIT|[1]|Sparkle_Helper
10:24:30.2 (3384020)|METHOD_ENTRY|[32]|01pB0000000ljzx|testautonumdata.Sparkle_Helper.AddFieldToObjectsMap(String, String, Map<String,Set<String>>)
10:24:30.2 (3401076)|VARIABLE_SCOPE_BEGIN|[107]|fieldName|String|false|false
10:24:30.2 (3409330)|VARIABLE_ASSIGNMENT|[107]|fieldName|"Id"
10:24:30.2 (3411453)|VARIABLE_SCOPE_BEGIN|[107]|initialObjectName|String|false|false
10:24:30.2 (3416196)|VARIABLE_ASSIGNMENT|[107]|initialObjectName|"testautonumdata__Int (9 more) ..."
10:24:30.2 (3418051)|VARIABLE_SCOPE_BEGIN|[107]|theMap|Map<String,Set<String>>|true|false
10:24:30.2 (3427990)|VARIABLE_ASSIGNMENT|[107]|theMap|{"s":1,"v":{}}|0x431240cc
10:24:30.2 (3437300)|HEAP_ALLOCATE|[109]|Bytes:5
10:24:30.2 (3441704)|STATEMENT_EXECUTE|[108]
10:24:30.2 (3444411)|HEAP_ALLOCATE|[109]|Bytes:1
10:24:30.2 (3463196)|ENTERING_MANAGED_PKG|
10:24:30.2 (3499559)|STATEMENT_EXECUTE|[150]
10:24:30.2 (3509976)|METHOD_ENTRY|[150]|01pB0000000ljzx|testautonumdata.Sparkle_Helper.AddFieldToMap(String, String, Map<String,Set<String>>)
10:24:30.2 (3523652)|VARIABLE_SCOPE_BEGIN|[157]|fieldName|String|false|false
10:24:30.2 (3529685)|VARIABLE_ASSIGNMENT|[157]|fieldName|"Id"
10:24:30.2 (3531887)|VARIABLE_SCOPE_BEGIN|[157]|ObjectName|String|false|false
10:24:30.2 (3536542)|VARIABLE_ASSIGNMENT|[157]|ObjectName|"testautonumdata__Int (9 more) ..."
10:24:30.2 (3538411)|VARIABLE_SCOPE_BEGIN|[157]|theMap|Map<String,Set<String>>|true|false
10:24:30.2 (3547174)|VARIABLE_ASSIGNMENT|[157]|theMap|{"s":1,"v":{}}|0x431240cc
10:24:30.2 (3555375)|HEAP_ALLOCATE|[160]|Bytes:5
10:24:30.2 (3559666)|STATEMENT_EXECUTE|[158]
10:24:30.2 (3572813)|ENTERING_MANAGED_PKG|
10:24:30.2 (3610309)|STATEMENT_EXECUTE|[167]
10:24:30.2 (3612437)|STATEMENT_EXECUTE|[168]
10:24:30.2 (3655671)|HEAP_ALLOCATE|[168]|Bytes:4
10:24:30.2 (3676264)|ENTERING_MANAGED_PKG|
10:24:30.2 (3711452)|VARIABLE_SCOPE_BEGIN|[168]|newFieldSet|Set<String>|true|false
10:24:30.2 (3753847)|VARIABLE_ASSIGNMENT|[168]|newFieldSet|{"s":1,"v":[]}|0x24943581
10:24:30.2 (3757888)|STATEMENT_EXECUTE|[169]
10:24:30.2 (3772050)|ENTERING_MANAGED_PKG|
10:24:30.2 (3809473)|HEAP_ALLOCATE|[EXTERNAL]|Bytes:4
10:24:30.2 (3821857)|STATEMENT_EXECUTE|[170]
10:24:30.2 (3829966)|ENTERING_MANAGED_PKG|
10:24:30.2 (3860057)|HEAP_ALLOCATE|[EXTERNAL]|Bytes:-4
10:24:30.2 (3874815)|METHOD_EXIT|[150]|01pB0000000ljzx|testautonumdata.Sparkle_Helper.AddFieldToMap(String, String, Map<String,Set<String>>)
10:24:30.2 (3882246)|METHOD_EXIT|[32]|01pB0000000ljzx|testautonumdata.Sparkle_Helper.AddFieldToObjectsMap(String, String, Map<String,Set<String>>)
10:24:30.2 (3885430)|STATEMENT_EXECUTE|[34]
10:24:30.2 (3914053)|HEAP_ALLOCATE|[34]|Bytes:4
10:24:30.2 (3989347)|ENTERING_MANAGED_PKG|
10:24:30.2 (4012983)|VARIABLE_SCOPE_BEGIN|[34]|lstReturnRecords|List<testautonumdata.RecordTimelineServerController>|true|false
10:24:30.2 (4040506)|HEAP_ALLOCATE|[EXTERNAL]|Bytes:4
10:24:30.2 (4056980)|VARIABLE_ASSIGNMENT|[34]|lstReturnRecords|{"s":1,"v":[]}|0x280ea8a0
10:24:30.2 (4075118)|ENTERING_MANAGED_PKG|
10:24:30.2 (4105709)|STATEMENT_EXECUTE|[36]
10:24:30.2 (4107772)|STATEMENT_EXECUTE|[37]
10:24:30.2 (4127100)|ENTERING_MANAGED_PKG|
10:24:30.2 (4159533)|VARIABLE_SCOPE_BEGIN|[37]|rLimit|Integer|false|false
10:24:30.2 (4164957)|HEAP_ALLOCATE|[37]|Bytes:4
10:24:30.2 (4173139)|VARIABLE_ASSIGNMENT|[37]|rLimit|8
10:24:30.2 (4175626)|STATEMENT_EXECUTE|[38]
10:24:30.2 (4178708)|HEAP_ALLOCATE|[38]|Bytes:49
10:24:30.2 (4194017)|ENTERING_MANAGED_PKG|
10:24:30.2 (4215001)|HEAP_ALLOCATE|[38]|Bytes:1
10:24:30.2 (4228406)|HEAP_ALLOCATE|[38]|Bytes:50
10:24:30.2 (4237254)|ENTERING_MANAGED_PKG|
10:24:30.2 (4243385)|USER_DEBUG|[38]|DEBUG|######## RecordTimelineServerController: rLimit: 8
10:24:30.2 (4249268)|STATEMENT_EXECUTE|[40]
10:24:30.2 (4252384)|HEAP_ALLOCATE|[40]|Bytes:9
10:24:30.2 (4259359)|VARIABLE_SCOPE_BEGIN|[40]|soql|String|false|false
10:24:30.2 (4267304)|VARIABLE_ASSIGNMENT|[40]|soql|"Select id"
10:24:30.2 (4270127)|STATEMENT_EXECUTE|[42]
10:24:30.2 (4271190)|STATEMENT_EXECUTE|[43]
10:24:30.2 (4273548)|HEAP_ALLOCATE|[43]|Bytes:2
10:24:30.2 (4288354)|ENTERING_MANAGED_PKG|
10:24:30.2 (4305744)|HEAP_ALLOCATE|[43]|Bytes:7
10:24:30.2 (4318970)|HEAP_ALLOCATE|[43]|Bytes:9
10:24:30.2 (4322970)|HEAP_ALLOCATE|[43]|Bytes:18
10:24:30.2 (4330833)|VARIABLE_ASSIGNMENT|[43]|soql|"Select id, Date__c"
10:24:30.2 (4333538)|STATEMENT_EXECUTE|[44]
10:24:30.2 (4342237)|METHOD_ENTRY|[44]|01pB0000000ljzx|testautonumdata.Sparkle_Helper.AddFieldToObjectsMap(String, String, Map<String,Set<String>>)
10:24:30.2 (4359361)|VARIABLE_SCOPE_BEGIN|[107]|fieldName|String|false|false
10:24:30.2 (4367965)|VARIABLE_ASSIGNMENT|[107]|fieldName|"Date__c"
10:24:30.2 (4370925)|VARIABLE_SCOPE_BEGIN|[107]|initialObjectName|String|false|false
10:24:30.2 (4377365)|VARIABLE_ASSIGNMENT|[107]|initialObjectName|"testautonumdata__Int (9 more) ..."
10:24:30.2 (4380441)|VARIABLE_SCOPE_BEGIN|[107]|theMap|Map<String,Set<String>>|true|false
10:24:30.2 (4405242)|VARIABLE_ASSIGNMENT|[107]|theMap|{"s":1,"v":{"testautonumdata__Int (9 more) ...":{"s":2,"v":["Id"]}}}|0x431240cc
10:24:30.2 (4418270)|HEAP_ALLOCATE|[109]|Bytes:5
10:24:30.2 (4425011)|STATEMENT_EXECUTE|[108]
10:24:30.2 (4445171)|ENTERING_MANAGED_PKG|
10:24:30.2 (4461380)|STATEMENT_EXECUTE|[150]
10:24:30.2 (4470881)|METHOD_ENTRY|[150]|01pB0000000ljzx|testautonumdata.Sparkle_Helper.AddFieldToMap(String, String, Map<String,Set<String>>)
10:24:30.2 (4477403)|VARIABLE_SCOPE_BEGIN|[157]|fieldName|String|false|false
10:24:30.2 (4485690)|VARIABLE_ASSIGNMENT|[157]|fieldName|"Date__c"
10:24:30.2 (4488398)|VARIABLE_SCOPE_BEGIN|[157]|ObjectName|String|false|false
10:24:30.2 (4495119)|VARIABLE_ASSIGNMENT|[157]|ObjectName|"testautonumdata__Int (9 more) ..."
10:24:30.2 (4497884)|VARIABLE_SCOPE_BEGIN|[157]|theMap|Map<String,Set<String>>|true|false
10:24:30.2 (4520669)|VARIABLE_ASSIGNMENT|[157]|theMap|{"s":1,"v":{"testautonumdata__Int (9 more) ...":{"s":2,"v":["Id"]}}}|0x431240cc
10:24:30.2 (4532721)|HEAP_ALLOCATE|[160]|Bytes:5
10:24:30.2 (4538896)|STATEMENT_EXECUTE|[158]
10:24:30.2 (4549118)|ENTERING_MANAGED_PKG|
10:24:30.2 (4560237)|STATEMENT_EXECUTE|[161]
10:24:30.2 (4562630)|STATEMENT_EXECUTE|[162]
10:24:30.2 (4571850)|ENTERING_MANAGED_PKG|
10:24:30.2 (4630611)|VARIABLE_SCOPE_BEGIN|[162]|existingFieldSet|Set<String>|true|false
10:24:30.2 (4652519)|VARIABLE_ASSIGNMENT|[162]|existingFieldSet|{"s":1,"v":["Id"]}|0x24943581
10:24:30.2 (4657959)|STATEMENT_EXECUTE|[163]
10:24:30.2 (4670587)|ENTERING_MANAGED_PKG|
10:24:30.2 (4703720)|HEAP_ALLOCATE|[EXTERNAL]|Bytes:4
10:24:30.2 (4719281)|STATEMENT_EXECUTE|[164]
10:24:30.2 (4730878)|ENTERING_MANAGED_PKG|
10:24:30.2 (4790485)|METHOD_EXIT|[150]|01pB0000000ljzx|testautonumdata.Sparkle_Helper.AddFieldToMap(String, String, Map<String,Set<String>>)
10:24:30.2 (4803617)|METHOD_EXIT|[44]|01pB0000000ljzx|testautonumdata.Sparkle_Helper.AddFieldToObjectsMap(String, String, Map<String,Set<String>>)
10:24:30.2 (4810633)|STATEMENT_EXECUTE|[47]
10:24:30.2 (4812940)|STATEMENT_EXECUTE|[48]
10:24:30.2 (4824232)|HEAP_ALLOCATE|[48]|Bytes:6
10:24:30.2 (4833954)|HEAP_ALLOCATE|[48]|Bytes:24
10:24:30.2 (4849952)|VARIABLE_ASSIGNMENT|[48]|soql|"Select id, Date__c,  (4 more) ..."
10:24:30.2 (4854396)|STATEMENT_EXECUTE|[49]
10:24:30.2 (4867253)|METHOD_ENTRY|[49]|01pB0000000ljzx|testautonumdata.Sparkle_Helper.AddFieldToObjectsMap(String, String, Map<String,Set<String>>)
10:24:30.2 (4887716)|VARIABLE_SCOPE_BEGIN|[107]|fieldName|String|false|false
10:24:30.2 (4895926)|VARIABLE_ASSIGNMENT|[107]|fieldName|"Name"
10:24:30.2 (4898464)|VARIABLE_SCOPE_BEGIN|[107]|initialObjectName|String|false|false
10:24:30.2 (4904707)|VARIABLE_ASSIGNMENT|[107]|initialObjectName|"testautonumdata__Int (9 more) ..."
10:24:30.2 (4907890)|VARIABLE_SCOPE_BEGIN|[107]|theMap|Map<String,Set<String>>|true|false
10:24:30.2 (4932089)|VARIABLE_ASSIGNMENT|[107]|theMap|{"s":1,"v":{"testautonumdata__Int (9 more) ...":{"s":2,"v":["Id","Date__c"]}}}|0x431240cc
10:24:30.2 (4945500)|HEAP_ALLOCATE|[109]|Bytes:5
10:24:30.2 (4951825)|STATEMENT_EXECUTE|[108]
10:24:30.2 (4971465)|ENTERING_MANAGED_PKG|
10:24:30.2 (4989614)|STATEMENT_EXECUTE|[150]
10:24:30.2 (4999529)|METHOD_ENTRY|[150]|01pB0000000ljzx|testautonumdata.Sparkle_Helper.AddFieldToMap(String, String, Map<String,Set<String>>)
10:24:30.2 (5006419)|VARIABLE_SCOPE_BEGIN|[157]|fieldName|String|false|false
10:24:30.2 (5014098)|VARIABLE_ASSIGNMENT|[157]|fieldName|"Name"
10:24:30.2 (5015790)|VARIABLE_SCOPE_BEGIN|[157]|ObjectName|String|false|false
10:24:30.2 (5019656)|VARIABLE_ASSIGNMENT|[157]|ObjectName|"testautonumdata__Int (9 more) ..."
10:24:30.2 (5021230)|VARIABLE_SCOPE_BEGIN|[157]|theMap|Map<String,Set<String>>|true|false
10:24:30.2 (5038650)|VARIABLE_ASSIGNMENT|[157]|theMap|{"s":1,"v":{"testautonumdata__Int (9 more) ...":{"s":2,"v":["Id","Date__c"]}}}|0x431240cc
10:24:30.2 (5046962)|HEAP_ALLOCATE|[160]|Bytes:5
10:24:30.2 (5052561)|STATEMENT_EXECUTE|[158]
10:24:30.2 (5063006)|ENTERING_MANAGED_PKG|
10:24:30.2 (5074122)|STATEMENT_EXECUTE|[161]
10:24:30.2 (5076351)|STATEMENT_EXECUTE|[162]
10:24:30.2 (5083369)|ENTERING_MANAGED_PKG|
10:24:30.2 (5106290)|VARIABLE_SCOPE_BEGIN|[162]|existingFieldSet|Set<String>|true|false
10:24:30.2 (5128986)|VARIABLE_ASSIGNMENT|[162]|existingFieldSet|{"s":1,"v":["Id","Date__c"]}|0x24943581
10:24:30.2 (5135300)|STATEMENT_EXECUTE|[163]
10:24:30.2 (5146218)|ENTERING_MANAGED_PKG|
10:24:30.2 (5154904)|HEAP_ALLOCATE|[EXTERNAL]|Bytes:4
10:24:30.2 (5167388)|STATEMENT_EXECUTE|[164]
10:24:30.2 (5175631)|ENTERING_MANAGED_PKG|
10:24:30.2 (5205083)|METHOD_EXIT|[150]|01pB0000000ljzx|testautonumdata.Sparkle_Helper.AddFieldToMap(String, String, Map<String,Set<String>>)
10:24:30.2 (5218611)|METHOD_EXIT|[49]|01pB0000000ljzx|testautonumdata.Sparkle_Helper.AddFieldToObjectsMap(String, String, Map<String,Set<String>>)
10:24:30.2 (5224590)|STATEMENT_EXECUTE|[52]
10:24:30.2 (5226865)|STATEMENT_EXECUTE|[53]
10:24:30.2 (5244700)|ENTERING_MANAGED_PKG|
10:24:30.2 (5272873)|HEAP_ALLOCATE|[53]|Bytes:9
10:24:30.2 (5297500)|HEAP_ALLOCATE|[53]|Bytes:11
10:24:30.2 (5306222)|HEAP_ALLOCATE|[53]|Bytes:35
10:24:30.2 (5320972)|VARIABLE_ASSIGNMENT|[53]|soql|"Select id, Date__c,  (15 more) ..."
10:24:30.2 (5325547)|STATEMENT_EXECUTE|[54]
10:24:30.2 (5338487)|METHOD_ENTRY|[54]|01pB0000000ljzx|testautonumdata.Sparkle_Helper.AddFieldToObjectsMap(String, String, Map<String,Set<String>>)
10:24:30.2 (5359953)|VARIABLE_SCOPE_BEGIN|[107]|fieldName|String|false|false
10:24:30.2 (5369247)|VARIABLE_ASSIGNMENT|[107]|fieldName|"Status__c"
10:24:30.2 (5372392)|VARIABLE_SCOPE_BEGIN|[107]|initialObjectName|String|false|false
10:24:30.2 (5378750)|VARIABLE_ASSIGNMENT|[107]|initialObjectName|"testautonumdata__Int (9 more) ..."
10:24:30.2 (5381980)|VARIABLE_SCOPE_BEGIN|[107]|theMap|Map<String,Set<String>>|true|false
10:24:30.2 (5407956)|VARIABLE_ASSIGNMENT|[107]|theMap|{"s":1,"v":{"testautonumdata__Int (9 more) ...":{"s":2,"v":["Id","Date__c","Name"]}}}|0x431240cc
10:24:30.2 (5421850)|HEAP_ALLOCATE|[109]|Bytes:5
10:24:30.2 (5428476)|STATEMENT_EXECUTE|[108]
10:24:30.2 (5447359)|ENTERING_MANAGED_PKG|
10:24:30.2 (5464622)|STATEMENT_EXECUTE|[150]
10:24:30.2 (5474762)|METHOD_ENTRY|[150]|01pB0000000ljzx|testautonumdata.Sparkle_Helper.AddFieldToMap(String, String, Map<String,Set<String>>)
10:24:30.2 (5481515)|VARIABLE_SCOPE_BEGIN|[157]|fieldName|String|false|false
10:24:30.2 (5489644)|VARIABLE_ASSIGNMENT|[157]|fieldName|"Status__c"
10:24:30.2 (5492301)|VARIABLE_SCOPE_BEGIN|[157]|ObjectName|String|false|false
10:24:30.2 (5498583)|VARIABLE_ASSIGNMENT|[157]|ObjectName|"testautonumdata__Int (9 more) ..."
10:24:30.2 (5501385)|VARIABLE_SCOPE_BEGIN|[157]|theMap|Map<String,Set<String>>|true|false
10:24:30.2 (5523600)|VARIABLE_ASSIGNMENT|[157]|theMap|{"s":1,"v":{"testautonumdata__Int (9 more) ...":{"s":2,"v":["Id","Date__c","Name"]}}}|0x431240cc
10:24:30.2 (5535641)|HEAP_ALLOCATE|[160]|Bytes:5
10:24:30.2 (5541443)|STATEMENT_EXECUTE|[158]
10:24:30.2 (5551263)|ENTERING_MANAGED_PKG|
10:24:30.2 (5561018)|STATEMENT_EXECUTE|[161]
10:24:30.2 (5562996)|STATEMENT_EXECUTE|[162]
10:24:30.2 (5569212)|ENTERING_MANAGED_PKG|
10:24:30.2 (5589124)|VARIABLE_SCOPE_BEGIN|[162]|existingFieldSet|Set<String>|true|false
10:24:30.2 (5616159)|VARIABLE_ASSIGNMENT|[162]|existingFieldSet|{"s":1,"v":["Id","Date__c","Name"]}|0x24943581
10:24:30.2 (5621654)|STATEMENT_EXECUTE|[163]
10:24:30.2 (5632284)|ENTERING_MANAGED_PKG|
10:24:30.2 (5641220)|HEAP_ALLOCATE|[EXTERNAL]|Bytes:4
10:24:30.2 (5654681)|STATEMENT_EXECUTE|[164]
10:24:30.2 (5663776)|ENTERING_MANAGED_PKG|
10:24:30.2 (5694228)|METHOD_EXIT|[150]|01pB0000000ljzx|testautonumdata.Sparkle_Helper.AddFieldToMap(String, String, Map<String,Set<String>>)
10:24:30.2 (5710584)|METHOD_EXIT|[54]|01pB0000000ljzx|testautonumdata.Sparkle_Helper.AddFieldToObjectsMap(String, String, Map<String,Set<String>>)
10:24:30.2 (5715383)|STATEMENT_EXECUTE|[57]
10:24:30.2 (5716769)|STATEMENT_EXECUTE|[58]
10:24:30.2 (5733491)|ENTERING_MANAGED_PKG|
10:24:30.2 (5762943)|HEAP_ALLOCATE|[58]|Bytes:17
10:24:30.2 (5787474)|HEAP_ALLOCATE|[58]|Bytes:19
10:24:30.2 (5795624)|HEAP_ALLOCATE|[58]|Bytes:54
10:24:30.2 (5811405)|VARIABLE_ASSIGNMENT|[58]|soql|"Select id, Date__c,  (34 more) ..."
10:24:30.2 (5814921)|STATEMENT_EXECUTE|[59]
10:24:30.2 (5825744)|METHOD_ENTRY|[59]|01pB0000000ljzx|testautonumdata.Sparkle_Helper.AddFieldToObjectsMap(String, String, Map<String,Set<String>>)
10:24:30.2 (5840574)|VARIABLE_SCOPE_BEGIN|[107]|fieldName|String|false|false
10:24:30.2 (5846481)|VARIABLE_ASSIGNMENT|[107]|fieldName|"Interview_Type__c"
10:24:30.2 (5848143)|VARIABLE_SCOPE_BEGIN|[107]|initialObjectName|String|false|false
10:24:30.2 (5851822)|VARIABLE_ASSIGNMENT|[107]|initialObjectName|"testautonumdata__Int (9 more) ..."
10:24:30.2 (5853430)|VARIABLE_SCOPE_BEGIN|[107]|theMap|Map<String,Set<String>>|true|false
10:24:30.2 (5870925)|VARIABLE_ASSIGNMENT|[107]|theMap|{"s":1,"v":{"testautonumdata__Int (9 more) ...":{"s":2,"v":["Id","Date__c","Name","Status__c"]}}}|0x431240cc
10:24:30.2 (5879892)|HEAP_ALLOCATE|[109]|Bytes:5
10:24:30.2 (5883942)|STATEMENT_EXECUTE|[108]
10:24:30.2 (5897153)|ENTERING_MANAGED_PKG|
10:24:30.2 (5905515)|STATEMENT_EXECUTE|[150]
10:24:30.2 (5911590)|METHOD_ENTRY|[150]|01pB0000000ljzx|testautonumdata.Sparkle_Helper.AddFieldToMap(String, String, Map<String,Set<String>>)
10:24:30.2 (5915495)|VARIABLE_SCOPE_BEGIN|[157]|fieldName|String|false|false
10:24:30.2 (5920824)|VARIABLE_ASSIGNMENT|[157]|fieldName|"Interview_Type__c"
10:24:30.2 (5922467)|VARIABLE_SCOPE_BEGIN|[157]|ObjectName|String|false|false
10:24:30.2 (5926153)|VARIABLE_ASSIGNMENT|[157]|ObjectName|"testautonumdata__Int (9 more) ..."
10:24:30.2 (5927753)|VARIABLE_SCOPE_BEGIN|[157]|theMap|Map<String,Set<String>>|true|false
10:24:30.2 (5942871)|VARIABLE_ASSIGNMENT|[157]|theMap|{"s":1,"v":{"testautonumdata__Int (9 more) ...":{"s":2,"v":["Id","Date__c","Name","Status__c"]}}}|0x431240cc
10:24:30.2 (5950413)|HEAP_ALLOCATE|[160]|Bytes:5
10:24:30.2 (5953883)|STATEMENT_EXECUTE|[158]
10:24:30.2 (5960157)|ENTERING_MANAGED_PKG|
10:24:30.2 (5966170)|STATEMENT_EXECUTE|[161]
10:24:30.2 (5967367)|STATEMENT_EXECUTE|[162]
10:24:30.2 (5970868)|ENTERING_MANAGED_PKG|
10:24:30.2 (5984808)|VARIABLE_SCOPE_BEGIN|[162]|existingFieldSet|Set<String>|true|false
10:24:30.2 (5999354)|VARIABLE_ASSIGNMENT|[162]|existingFieldSet|{"s":1,"v":["Id","Date__c","Name","Status__c"]}|0x24943581
10:24:30.2 (6002475)|STATEMENT_EXECUTE|[163]
10:24:30.2 (6009441)|ENTERING_MANAGED_PKG|
10:24:30.2 (6014853)|HEAP_ALLOCATE|[EXTERNAL]|Bytes:4
10:24:30.2 (6021658)|STATEMENT_EXECUTE|[164]
10:24:30.2 (6025989)|ENTERING_MANAGED_PKG|
10:24:30.2 (6044110)|METHOD_EXIT|[150]|01pB0000000ljzx|testautonumdata.Sparkle_Helper.AddFieldToMap(String, String, Map<String,Set<String>>)
10:24:30.2 (6050164)|METHOD_EXIT|[59]|01pB0000000ljzx|testautonumdata.Sparkle_Helper.AddFieldToObjectsMap(String, String, Map<String,Set<String>>)
10:24:30.2 (6053536)|STATEMENT_EXECUTE|[62]
10:24:30.2 (6054959)|STATEMENT_EXECUTE|[68]
10:24:30.2 (6058157)|HEAP_ALLOCATE|[68]|Bytes:6
10:24:30.2 (6071610)|ENTERING_MANAGED_PKG|
10:24:30.2 (6090041)|HEAP_ALLOCATE|[68]|Bytes:29
10:24:30.2 (6103712)|HEAP_ALLOCATE|[68]|Bytes:35
10:24:30.2 (6107571)|HEAP_ALLOCATE|[68]|Bytes:89
10:24:30.2 (6117294)|VARIABLE_ASSIGNMENT|[68]|soql|"Select id, Date__c,  (69 more) ..."
10:24:30.2 (6121729)|STATEMENT_EXECUTE|[71]
10:24:30.2 (6122875)|STATEMENT_EXECUTE|[72]
10:24:30.2 (6125642)|HEAP_ALLOCATE|[72]|Bytes:7
10:24:30.2 (6136034)|ENTERING_MANAGED_PKG|
10:24:30.2 (6151645)|HEAP_ALLOCATE|[72]|Bytes:29
10:24:30.2 (6162406)|HEAP_ALLOCATE|[72]|Bytes:4
10:24:30.2 (6171326)|ENTERING_MANAGED_PKG|
10:24:30.2 (6173913)|HEAP_ALLOCATE|[72]|Bytes:18
10:24:30.2 (6180759)|HEAP_ALLOCATE|[72]|Bytes:1
10:24:30.2 (6190824)|HEAP_ALLOCATE|[72]|Bytes:59
10:24:30.2 (6195169)|HEAP_ALLOCATE|[72]|Bytes:148
10:24:30.2 (6204236)|VARIABLE_ASSIGNMENT|[72]|soql|"Select id, Date__c,  (128 more) ..."
10:24:30.2 (6207203)|STATEMENT_EXECUTE|[73]
10:24:30.2 (6215465)|METHOD_ENTRY|[73]|01pB0000000ljzx|testautonumdata.Sparkle_Helper.AddFieldToObjectsMap(String, String, Map<String,Set<String>>)
10:24:30.2 (6228037)|VARIABLE_SCOPE_BEGIN|[107]|fieldName|String|false|false
10:24:30.2 (6234000)|VARIABLE_ASSIGNMENT|[107]|fieldName|"testautonumdata__Can (9 more) ..."
10:24:30.2 (6235768)|VARIABLE_SCOPE_BEGIN|[107]|initialObjectName|String|false|false
10:24:30.2 (6238762)|VARIABLE_ASSIGNMENT|[107]|initialObjectName|"testautonumdata__Int (9 more) ..."
10:24:30.2 (6240423)|VARIABLE_SCOPE_BEGIN|[107]|theMap|Map<String,Set<String>>|true|false
10:24:30.2 (6257728)|VARIABLE_ASSIGNMENT|[107]|theMap|{"s":1,"v":{"testautonumdata__Int (9 more) ...":{"s":2,"v":["Id","Date__c","Name","Status__c","Interview_Type__c"]}}}|0x431240cc
10:24:30.2 (6266262)|HEAP_ALLOCATE|[109]|Bytes:5
10:24:30.2 (6270130)|STATEMENT_EXECUTE|[108]
10:24:30.2 (6282805)|ENTERING_MANAGED_PKG|
10:24:30.2 (6290860)|STATEMENT_EXECUTE|[150]
10:24:30.2 (6296685)|METHOD_ENTRY|[150]|01pB0000000ljzx|testautonumdata.Sparkle_Helper.AddFieldToMap(String, String, Map<String,Set<String>>)
10:24:30.2 (6300145)|VARIABLE_SCOPE_BEGIN|[157]|fieldName|String|false|false
10:24:30.2 (6306199)|VARIABLE_ASSIGNMENT|[157]|fieldName|"testautonumdata__Can (9 more) ..."
10:24:30.2 (6307988)|VARIABLE_SCOPE_BEGIN|[157]|ObjectName|String|false|false
10:24:30.2 (6311126)|VARIABLE_ASSIGNMENT|[157]|ObjectName|"testautonumdata__Int (9 more) ..."
10:24:30.2 (6312560)|VARIABLE_SCOPE_BEGIN|[157]|theMap|Map<String,Set<String>>|true|false
10:24:30.2 (6327883)|VARIABLE_ASSIGNMENT|[157]|theMap|{"s":1,"v":{"testautonumdata__Int (9 more) ...":{"s":2,"v":["Id","Date__c","Name","Status__c","Interview_Type__c"]}}}|0x431240cc
10:24:30.2 (6335036)|HEAP_ALLOCATE|[160]|Bytes:5
10:24:30.2 (6338704)|STATEMENT_EXECUTE|[158]
10:24:30.2 (6344905)|ENTERING_MANAGED_PKG|
10:24:30.2 (6350837)|STATEMENT_EXECUTE|[161]
10:24:30.2 (6352041)|STATEMENT_EXECUTE|[162]
10:24:30.2 (6355404)|ENTERING_MANAGED_PKG|
10:24:30.2 (6369081)|VARIABLE_SCOPE_BEGIN|[162]|existingFieldSet|Set<String>|true|false
10:24:30.2 (6383670)|VARIABLE_ASSIGNMENT|[162]|existingFieldSet|{"s":1,"v":["Id","Date__c","Name","Status__c","Interview_Type__c"]}|0x24943581
10:24:30.2 (6387625)|STATEMENT_EXECUTE|[163]
10:24:30.2 (6393850)|ENTERING_MANAGED_PKG|
10:24:30.2 (6399040)|HEAP_ALLOCATE|[EXTERNAL]|Bytes:4
10:24:30.2 (6406217)|STATEMENT_EXECUTE|[164]
10:24:30.2 (6410598)|ENTERING_MANAGED_PKG|
10:24:30.2 (6427768)|METHOD_EXIT|[150]|01pB0000000ljzx|testautonumdata.Sparkle_Helper.AddFieldToMap(String, String, Map<String,Set<String>>)
10:24:30.2 (6433899)|METHOD_EXIT|[73]|01pB0000000ljzx|testautonumdata.Sparkle_Helper.AddFieldToObjectsMap(String, String, Map<String,Set<String>>)
10:24:30.2 (6438224)|STATEMENT_EXECUTE|[76]
10:24:30.2 (6440147)|STATEMENT_EXECUTE|[83]
10:24:30.2 (6441135)|STATEMENT_EXECUTE|[84]
10:24:30.2 (6444100)|HEAP_ALLOCATE|[84]|Bytes:10
10:24:30.2 (6457129)|ENTERING_MANAGED_PKG|
10:24:30.2 (6475103)|HEAP_ALLOCATE|[84]|Bytes:34
10:24:30.2 (6486084)|HEAP_ALLOCATE|[84]|Bytes:5
10:24:30.2 (6495982)|HEAP_ALLOCATE|[84]|Bytes:49
10:24:30.2 (6500041)|HEAP_ALLOCATE|[84]|Bytes:197
10:24:30.2 (6509817)|VARIABLE_ASSIGNMENT|[84]|soql|"Select id, Date__c,  (177 more) ..."
10:24:30.2 (6512522)|STATEMENT_EXECUTE|[85]
10:24:30.2 (6520695)|METHOD_ENTRY|[85]|01pB0000000ljzx|testautonumdata.Sparkle_Helper.AddFieldToObjectsMap(String, String, Map<String,Set<String>>)
10:24:30.2 (6533089)|VARIABLE_SCOPE_BEGIN|[107]|fieldName|String|false|false
10:24:30.2 (6539296)|VARIABLE_ASSIGNMENT|[107]|fieldName|"testautonumdata__Int (14 more) ..."
10:24:30.2 (6540939)|VARIABLE_SCOPE_BEGIN|[107]|initialObjectName|String|false|false
10:24:30.2 (6543973)|VARIABLE_ASSIGNMENT|[107]|initialObjectName|"testautonumdata__Int (9 more) ..."
10:24:30.2 (6546014)|VARIABLE_SCOPE_BEGIN|[107]|theMap|Map<String,Set<String>>|true|false
10:24:30.2 (6563468)|VARIABLE_ASSIGNMENT|[107]|theMap|{"s":1,"v":{"testautonumdata__Int (9 more) ...":{"s":2,"v":"List of size 6 too large to display"}}}|0x431240cc
10:24:30.2 (6571594)|HEAP_ALLOCATE|[109]|Bytes:5
10:24:30.2 (6575628)|STATEMENT_EXECUTE|[108]
10:24:30.2 (6587968)|ENTERING_MANAGED_PKG|
10:24:30.2 (6609424)|STATEMENT_EXECUTE|[150]
10:24:30.2 (6615644)|METHOD_ENTRY|[150]|01pB0000000ljzx|testautonumdata.Sparkle_Helper.AddFieldToMap(String, String, Map<String,Set<String>>)
10:24:30.2 (6619569)|VARIABLE_SCOPE_BEGIN|[157]|fieldName|String|false|false
10:24:30.2 (6626018)|VARIABLE_ASSIGNMENT|[157]|fieldName|"testautonumdata__Int (14 more) ..."
10:24:30.2 (6627770)|VARIABLE_SCOPE_BEGIN|[157]|ObjectName|String|false|false
10:24:30.2 (6630975)|VARIABLE_ASSIGNMENT|[157]|ObjectName|"testautonumdata__Int (9 more) ..."
10:24:30.2 (6632449)|VARIABLE_SCOPE_BEGIN|[157]|theMap|Map<String,Set<String>>|true|false
10:24:30.2 (6647303)|VARIABLE_ASSIGNMENT|[157]|theMap|{"s":1,"v":{"testautonumdata__Int (9 more) ...":{"s":2,"v":"List of size 6 too large to display"}}}|0x431240cc
10:24:30.2 (6655178)|HEAP_ALLOCATE|[160]|Bytes:5
10:24:30.2 (6658771)|STATEMENT_EXECUTE|[158]
10:24:30.2 (6664980)|ENTERING_MANAGED_PKG|
10:24:30.2 (6671303)|STATEMENT_EXECUTE|[161]
10:24:30.2 (6672493)|STATEMENT_EXECUTE|[162]
10:24:30.2 (6675855)|ENTERING_MANAGED_PKG|
10:24:30.2 (6694662)|VARIABLE_SCOPE_BEGIN|[162]|existingFieldSet|Set<String>|true|false
10:24:30.2 (6716105)|VARIABLE_ASSIGNMENT|[162]|existingFieldSet|{"s":1,"v":"List of size 6 too large to display"}|0x24943581
10:24:30.2 (6721719)|STATEMENT_EXECUTE|[163]
10:24:30.2 (6731155)|ENTERING_MANAGED_PKG|
10:24:30.2 (6737838)|HEAP_ALLOCATE|[EXTERNAL]|Bytes:4
10:24:30.2 (6745410)|STATEMENT_EXECUTE|[164]
10:24:30.2 (6749961)|ENTERING_MANAGED_PKG|
10:24:30.2 (6767821)|METHOD_EXIT|[150]|01pB0000000ljzx|testautonumdata.Sparkle_Helper.AddFieldToMap(String, String, Map<String,Set<String>>)
10:24:30.2 (6774293)|METHOD_EXIT|[85]|01pB0000000ljzx|testautonumdata.Sparkle_Helper.AddFieldToObjectsMap(String, String, Map<String,Set<String>>)
10:24:30.2 (6777471)|STATEMENT_EXECUTE|[89]
10:24:30.2 (6781076)|HEAP_ALLOCATE|[89]|Bytes:7
10:24:30.2 (6794529)|ENTERING_MANAGED_PKG|
10:24:30.2 (6816079)|HEAP_ALLOCATE|[89]|Bytes:1
10:24:30.2 (6837554)|HEAP_ALLOCATE|[89]|Bytes:8
10:24:30.2 (6845499)|HEAP_ALLOCATE|[89]|Bytes:205
10:24:30.2 (6859858)|VARIABLE_ASSIGNMENT|[89]|soql|"Select id, Date__c,  (185 more) ..."
10:24:30.2 (6864252)|STATEMENT_EXECUTE|[93]
10:24:30.2 (6868505)|HEAP_ALLOCATE|[93]|Bytes:48
10:24:30.2 (6875938)|HEAP_ALLOCATE|[93]|Bytes:253
10:24:30.2 (6890188)|ENTERING_MANAGED_PKG|
10:24:30.2 (6911645)|USER_DEBUG|[93]|DEBUG|######## RecordTimelineServerController - soql: Select id, Date__c, Name, Status__c, Interview_Type__c FROM testautonumdata__Interview__c where testautonumdata__Candidate__c = 'a0MB0000000cQdIMAU' ORDER BY testautonumdata__Interview_Date__c DESC limit 8
10:24:30.2 (6928981)|METHOD_ENTRY|[97]|01pB0000000ljzx|testautonumdata.Sparkle_Helper.UserHasAccessToObjectsAndFields(Map<String,Set<String>>)
10:24:30.2 (6941575)|VARIABLE_SCOPE_BEGIN|[175]|theMap|Map<String,Set<String>>|true|false
10:24:30.2 (6961189)|VARIABLE_ASSIGNMENT|[175]|theMap|{"s":1,"v":{"testautonumdata__Int (9 more) ...":{"s":2,"v":"List of size 7 too large to display"}}}|0x431240cc
10:24:30.2 (6971000)|HEAP_ALLOCATE|[177]|Bytes:5
10:24:30.2 (6975273)|STATEMENT_EXECUTE|[176]
10:24:30.2 (6976425)|STATEMENT_EXECUTE|[177]
10:24:30.2 (6984241)|VARIABLE_SCOPE_BEGIN|[177]|hasAccess|Boolean|false|false
10:24:30.2 (6988218)|HEAP_ALLOCATE|[177]|Bytes:5
10:24:30.2 (6993874)|VARIABLE_ASSIGNMENT|[177]|hasAccess|true
10:24:30.2 (7002342)|ENTERING_MANAGED_PKG|
10:24:30.2 (7024596)|STATEMENT_EXECUTE|[180]
10:24:30.2 (7026380)|STATEMENT_EXECUTE|[181]
10:24:30.2 (7029476)|HEAP_ALLOCATE|[181]|Bytes:17
10:24:30.2 (7044023)|ENTERING_MANAGED_PKG|
10:24:30.2 (7075482)|HEAP_ALLOCATE|[181]|Bytes:148
10:24:30.2 (7089858)|HEAP_ALLOCATE|[181]|Bytes:165
10:24:30.2 (7098508)|ENTERING_MANAGED_PKG|
10:24:30.2 (7104868)|USER_DEBUG|[181]|DEBUG|######## theMap: {testautonumdata__Interview__c={Date__c, Id, Interview_Type__c, Name, Status__c, testautonumdata__Candidate__c, testautonumdata__Interview_Date__c}}
10:24:30.2 (7118954)|HEAP_ALLOCATE|[182]|Bytes:4
10:24:30.2 (7130474)|ENTERING_MANAGED_PKG|
10:24:30.2 (7151363)|ENTERING_MANAGED_PKG|
10:24:30.2 (7166747)|HEAP_ALLOCATE|[182]|Bytes:37
10:24:30.2 (7180001)|ENTERING_MANAGED_PKG|
10:24:30.2 (7184994)|HEAP_ALLOCATE|[182]|Bytes:4
10:24:30.2 (7192341)|ENTERING_MANAGED_PKG|
10:24:30.2 (7252882)|HEAP_ALLOCATE|[182]|Bytes:5
10:24:30.2 (7274528)|VARIABLE_SCOPE_BEGIN|[182]|objectName|String|false|false
10:24:30.2 (7284344)|VARIABLE_ASSIGNMENT|[182]|objectName|"testautonumdata__Int (9 more) ..."
10:24:30.2 (7287682)|STATEMENT_EXECUTE|[183]
10:24:30.2 (7288757)|STATEMENT_EXECUTE|[184]
10:24:30.2 (7291915)|HEAP_ALLOCATE|[184]|Bytes:21
10:24:30.2 (7298440)|HEAP_ALLOCATE|[184]|Bytes:50
10:24:30.2 (7307288)|ENTERING_MANAGED_PKG|
10:24:30.2 (7325235)|USER_DEBUG|[184]|DEBUG|######## objectName: testautonumdata__Interview__c
10:24:30.2 (7332304)|STATEMENT_EXECUTE|[185]
10:24:30.2 (7347961)|ENTERING_MANAGED_PKG|
10:24:30.2 (22836882)|HEAP_ALLOCATE|[185]|Bytes:1648
10:24:30.2 (22875840)|ENTERING_MANAGED_PKG|
10:24:30.2 (23031348)|HEAP_ALLOCATE|[185]|Bytes:4
10:24:30.2 (23048574)|VARIABLE_SCOPE_BEGIN|[185]|sObj|SObject|true|false
10:24:30.2 (23068903)|VARIABLE_ASSIGNMENT|[185]|sObj|{}|0x72dbf690
10:24:30.2 (23074274)|STATEMENT_EXECUTE|[186]
10:24:30.2 (23103750)|ENTERING_MANAGED_PKG|
10:24:30.2 (23485263)|HEAP_ALLOCATE|[186]|Bytes:4
10:24:30.2 (23928813)|HEAP_ALLOCATE|[186]|Bytes:80
10:24:30.2 (23943458)|VARIABLE_SCOPE_BEGIN|[186]|m|Map<String,Schema.SObjectField>|true|false
10:24:30.2 (24222577)|VARIABLE_ASSIGNMENT|[186]|m|"{createdbyid=CreatedById, createddate=CreatedDate, id=Id, isdeleted=IsDeleted, lastactivitydate=LastActivityDate, lastmodifiedbyid=LastModifiedById, lastmodifieddate=LastModifiedDate, lastreferenceddate=LastReferencedDate, lastvieweddate=LastViewedDate, name=Name, ...}"|0xed6165a
10:24:30.2 (24229958)|STATEMENT_EXECUTE|[187]
10:24:30.2 (24241786)|ENTERING_MANAGED_PKG|
10:24:30.2 (24284604)|VARIABLE_SCOPE_BEGIN|[187]|objectFieldSet|Set<String>|true|false
10:24:30.2 (24306667)|VARIABLE_ASSIGNMENT|[187]|objectFieldSet|{"s":1,"v":"List of size 7 too large to display"}|0x24943581
10:24:30.2 (24316721)|HEAP_ALLOCATE|[189]|Bytes:4
10:24:30.2 (24331169)|ENTERING_MANAGED_PKG|
10:24:30.2 (24357117)|ENTERING_MANAGED_PKG|
10:24:30.2 (24364938)|HEAP_ALLOCATE|[189]|Bytes:28
10:24:30.2 (24373456)|ENTERING_MANAGED_PKG|
10:24:30.2 (24393500)|HEAP_ALLOCATE|[189]|Bytes:5
10:24:30.2 (24415179)|VARIABLE_SCOPE_BEGIN|[189]|fieldToCheck|String|false|false
10:24:30.2 (24424180)|VARIABLE_ASSIGNMENT|[189]|fieldToCheck|"Id"
10:24:30.2 (24427616)|STATEMENT_EXECUTE|[189]
10:24:30.2 (24428867)|STATEMENT_EXECUTE|[190]
10:24:30.2 (24432587)|HEAP_ALLOCATE|[190]|Bytes:23
10:24:30.2 (24440961)|HEAP_ALLOCATE|[190]|Bytes:25
10:24:30.2 (24453201)|ENTERING_MANAGED_PKG|
10:24:30.2 (24476013)|USER_DEBUG|[190]|DEBUG|######## fieldToCheck: Id
10:24:30.2 (24490727)|ENTERING_MANAGED_PKG|
10:24:30.2 (24777427)|HEAP_ALLOCATE|[192]|Bytes:8
10:24:30.2 (24804571)|STATEMENT_EXECUTE|[192]
10:24:30.2 (24806998)|STATEMENT_EXECUTE|[199]
10:24:30.2 (24810291)|HEAP_ALLOCATE|[199]|Bytes:35
10:24:30.2 (24817594)|HEAP_ALLOCATE|[199]|Bytes:37
10:24:30.2 (24826761)|ENTERING_MANAGED_PKG|
10:24:30.2 (24844974)|USER_DEBUG|[199]|DEBUG|######## User has access to field: Id
10:24:30.2 (24860645)|HEAP_ALLOCATE|[189]|Bytes:5
10:24:30.2 (24877295)|VARIABLE_SCOPE_BEGIN|[189]|fieldToCheck|String|false|false
10:24:30.2 (24886453)|VARIABLE_ASSIGNMENT|[189]|fieldToCheck|"Date__c"
10:24:30.2 (24890948)|STATEMENT_EXECUTE|[189]
10:24:30.2 (24892886)|STATEMENT_EXECUTE|[190]
10:24:30.2 (24901254)|HEAP_ALLOCATE|[190]|Bytes:30
10:24:30.2 (24914073)|ENTERING_MANAGED_PKG|
10:24:30.2 (24922827)|USER_DEBUG|[190]|DEBUG|######## fieldToCheck: Date__c
10:24:30.2 (24939029)|ENTERING_MANAGED_PKG|
10:24:30.2 (25027082)|HEAP_ALLOCATE|[192]|Bytes:41
10:24:30.2 (25057929)|METHOD_EXIT|[97]|01pB0000000ljzx|testautonumdata.Sparkle_Helper.UserHasAccessToObjectsAndFields(Map<String,Set<String>>)
10:24:30.2 (25143691)|FATAL_ERROR|System.NullPointerException: Attempt to de-reference a null object

Class.testautonumdata.Sparkle_Helper.UserHasAccessToObjectsAndFields: line 192, column 1
Class.testautonumdata.RecordTimelineServerController.getListRecords: line 97, column 1
10:24:30.2 (25157114)|FATAL_ERROR|System.NullPointerException: Attempt to de-reference a null object

Class.testautonumdata.Sparkle_Helper.UserHasAccessToObjectsAndFields: line 192, column 1
Class.testautonumdata.RecordTimelineServerController.getListRecords: line 97, column 1
10:24:30.25 (25168064)|CUMULATIVE_LIMIT_USAGE
10:24:30.25 (25168064)|LIMIT_USAGE_FOR_NS|(default)|
  Number of SOQL queries: 0 out of 100
  Number of query rows: 0 out of 50000
  Number of SOSL queries: 0 out of 20
  Number of DML statements: 0 out of 150
  Number of DML rows: 0 out of 10000
  Maximum CPU time: 0 out of 10000
  Maximum heap size: 0 out of 6000000
  Number of callouts: 0 out of 100
  Number of Email Invocations: 0 out of 10
  Number of future calls: 0 out of 50
  Number of queueable jobs added to the queue: 0 out of 50
  Number of Mobile Apex push calls: 0 out of 10

10:24:30.25 (25168064)|LIMIT_USAGE_FOR_NS|testautonumdata|
  Number of SOQL queries: 0 out of 100
  Number of query rows: 0 out of 50000
  Number of SOSL queries: 0 out of 20
  Number of DML statements: 0 out of 150
  Number of DML rows: 0 out of 10000
  Maximum CPU time: 0 out of 10000
  Maximum heap size: 0 out of 6000000
  Number of callouts: 0 out of 100
  Number of Email Invocations: 0 out of 10
  Number of future calls: 0 out of 50
  Number of queueable jobs added to the queue: 0 out of 50
  Number of Mobile Apex push calls: 0 out of 10

10:24:30.25 (25168064)|CUMULATIVE_LIMIT_USAGE_END

