37.0 APEX_CODE,FINEST;APEX_PROFILING,INFO;CALLOUT,INFO;DB,INFO;SYSTEM,DEBUG;VALIDATION,INFO;VISUALFORCE,INFO;WORKFLOW,INFO
08:24:13.0 (131422)|USER_INFO|[EXTERNAL]|005B0000001VpZR|rreboucas-yi5c@force.com|Pacific Standard Time|GMT-07:00
08:24:13.0 (705270)|HEAP_ALLOCATE|[72]|Bytes:3
08:24:13.0 (781819)|HEAP_ALLOCATE|[77]|Bytes:152
08:24:13.0 (805959)|HEAP_ALLOCATE|[342]|Bytes:408
08:24:13.0 (827714)|HEAP_ALLOCATE|[355]|Bytes:408
08:24:13.0 (847997)|HEAP_ALLOCATE|[467]|Bytes:48
08:24:13.3 (3469595)|USER_INFO|[EXTERNAL]|005B0000001VpZR|rreboucas-yi5c@force.com|Pacific Standard Time|GMT-07:00
08:24:13.3 (3721015)|STATEMENT_EXECUTE|[1]
08:24:13.3 (3768754)|HEAP_ALLOCATE|[50]|Bytes:5
08:24:13.3 (3802950)|HEAP_ALLOCATE|[56]|Bytes:5
08:24:13.3 (3815970)|HEAP_ALLOCATE|[64]|Bytes:7
08:24:13.3 (3862219)|SYSTEM_MODE_ENTER|false
08:24:13.3 (3885711)|HEAP_ALLOCATE|[EXTERNAL]|Bytes:5
08:24:13.3 (3896510)|SYSTEM_MODE_EXIT|false
08:24:13.3 (3911527)|METHOD_EXIT|[1]|InterviewsLCServerController
08:24:13.3 (3917121)|HEAP_ALLOCATE|[EXTERNAL]|Bytes:1
08:24:13.3 (3919255)|HEAP_ALLOCATE|[EXTERNAL]|Bytes:12
08:24:13.3 (3920850)|HEAP_ALLOCATE|[EXTERNAL]|Bytes:12
08:24:13.3 (3922290)|HEAP_ALLOCATE|[EXTERNAL]|Bytes:17
08:24:13.3 (3923800)|HEAP_ALLOCATE|[EXTERNAL]|Bytes:29
08:24:13.3 (3925185)|HEAP_ALLOCATE|[EXTERNAL]|Bytes:9
08:24:13.3 (3926624)|HEAP_ALLOCATE|[EXTERNAL]|Bytes:17
08:24:13.3 (3934017)|SYSTEM_MODE_ENTER|false
08:24:13.3 (3941818)|VARIABLE_SCOPE_BEGIN|[19]|rowsLimit|String|false|false
08:24:13.3 (3973120)|VARIABLE_ASSIGNMENT|[19]|rowsLimit|"8"
08:24:13.3 (3977817)|VARIABLE_SCOPE_BEGIN|[19]|objectApiName|String|false|false
08:24:13.3 (3984844)|VARIABLE_ASSIGNMENT|[19]|objectApiName|"Interview__c"
08:24:13.3 (3988888)|VARIABLE_SCOPE_BEGIN|[19]|eventField|String|false|false
08:24:13.3 (3994614)|VARIABLE_ASSIGNMENT|[19]|eventField|"Candidate__c"
08:24:13.3 (3998239)|VARIABLE_SCOPE_BEGIN|[19]|column1|String|false|false
08:24:13.3 (4003403)|VARIABLE_ASSIGNMENT|[19]|column1|"Candidate__r.Name"
08:24:13.3 (4008294)|VARIABLE_SCOPE_BEGIN|[19]|column2|String|false|false
08:24:13.3 (4016340)|VARIABLE_ASSIGNMENT|[19]|column2|"Candidate__r.Positio (9 more) ..."
08:24:13.3 (4019973)|VARIABLE_SCOPE_BEGIN|[19]|column3|String|false|false
08:24:13.3 (4024408)|VARIABLE_ASSIGNMENT|[19]|column3|"Status__c"
08:24:13.3 (4027881)|VARIABLE_SCOPE_BEGIN|[19]|column4|String|false|false
08:24:13.3 (4033055)|VARIABLE_ASSIGNMENT|[19]|column4|"Interview_Type__c"
08:24:13.3 (4057360)|HEAP_ALLOCATE|[21]|Bytes:5
08:24:13.3 (4064733)|STATEMENT_EXECUTE|[19]
08:24:13.3 (4067117)|STATEMENT_EXECUTE|[21]
08:24:13.3 (4073482)|HEAP_ALLOCATE|[21]|Bytes:20
08:24:13.3 (4094701)|HEAP_ALLOCATE|[21]|Bytes:21
08:24:13.3 (4171833)|ENTERING_MANAGED_PKG|
08:24:13.3 (4233723)|USER_DEBUG|[21]|DEBUG|######## rowsLimit: 8
08:24:13.3 (4248031)|STATEMENT_EXECUTE|[22]
08:24:13.3 (4252221)|HEAP_ALLOCATE|[22]|Bytes:24
08:24:13.3 (4260216)|HEAP_ALLOCATE|[22]|Bytes:36
08:24:13.3 (4282224)|ENTERING_MANAGED_PKG|
08:24:13.3 (4307612)|USER_DEBUG|[22]|DEBUG|######## objectApiName: Interview__c
08:24:13.3 (4316931)|STATEMENT_EXECUTE|[24]
08:24:13.3 (4430540)|HEAP_ALLOCATE|[24]|Bytes:4
08:24:13.3 (4565597)|ENTERING_MANAGED_PKG|
08:24:13.3 (4638906)|VARIABLE_SCOPE_BEGIN|[24]|lstReturnRecords|List<testautonumdata.InterviewsLCServerController>|true|false
08:24:13.3 (4677349)|HEAP_ALLOCATE|[EXTERNAL]|Bytes:4
08:24:13.3 (4702516)|VARIABLE_ASSIGNMENT|[24]|lstReturnRecords|{"s":1,"v":[]}|0x6f54f60c
08:24:13.3 (4706005)|STATEMENT_EXECUTE|[26]
08:24:13.3 (4740377)|ENTERING_MANAGED_PKG|
08:24:13.3 (4785161)|VARIABLE_SCOPE_BEGIN|[26]|rLimit|Integer|false|false
08:24:13.3 (4790889)|HEAP_ALLOCATE|[26]|Bytes:4
08:24:13.3 (4809036)|VARIABLE_ASSIGNMENT|[26]|rLimit|8
08:24:13.3 (4813946)|STATEMENT_EXECUTE|[27]
08:24:13.3 (4819244)|HEAP_ALLOCATE|[27]|Bytes:17
08:24:13.3 (4855457)|ENTERING_MANAGED_PKG|
08:24:13.3 (4891115)|HEAP_ALLOCATE|[27]|Bytes:1
08:24:13.3 (4909238)|HEAP_ALLOCATE|[27]|Bytes:18
08:24:13.3 (4931651)|ENTERING_MANAGED_PKG|
08:24:13.3 (4937733)|USER_DEBUG|[27]|DEBUG|######## rLimit: 8
08:24:13.3 (4945500)|STATEMENT_EXECUTE|[29]
08:24:13.3 (4949289)|HEAP_ALLOCATE|[29]|Bytes:9
08:24:13.3 (4954171)|VARIABLE_SCOPE_BEGIN|[29]|soql|String|false|false
08:24:13.3 (4961855)|VARIABLE_ASSIGNMENT|[29]|soql|"Select id"
08:24:13.3 (4964581)|STATEMENT_EXECUTE|[32]
08:24:13.3 (4966864)|HEAP_ALLOCATE|[32]|Bytes:2
08:24:13.3 (4973169)|HEAP_ALLOCATE|[32]|Bytes:14
08:24:13.3 (4977180)|HEAP_ALLOCATE|[32]|Bytes:23
08:24:13.3 (4983697)|VARIABLE_ASSIGNMENT|[32]|soql|"Select id, Candidate (3 more) ..."
08:24:13.3 (4987102)|STATEMENT_EXECUTE|[35]
08:24:13.3 (4991153)|HEAP_ALLOCATE|[35]|Bytes:19
08:24:13.3 (4995078)|HEAP_ALLOCATE|[35]|Bytes:42
08:24:13.3 (5000793)|VARIABLE_ASSIGNMENT|[35]|soql|"Select id, Candidate (22 more) ..."
08:24:13.3 (5004362)|STATEMENT_EXECUTE|[38]
08:24:13.3 (5008317)|HEAP_ALLOCATE|[38]|Bytes:31
08:24:13.3 (5012340)|HEAP_ALLOCATE|[38]|Bytes:73
08:24:13.3 (5017801)|VARIABLE_ASSIGNMENT|[38]|soql|"Select id, Candidate (53 more) ..."
08:24:13.3 (5020006)|STATEMENT_EXECUTE|[41]
08:24:13.3 (5023698)|HEAP_ALLOCATE|[41]|Bytes:11
08:24:13.3 (5027540)|HEAP_ALLOCATE|[41]|Bytes:84
08:24:13.3 (5032689)|VARIABLE_ASSIGNMENT|[41]|soql|"Select id, Candidate (64 more) ..."
08:24:13.3 (5034855)|STATEMENT_EXECUTE|[44]
08:24:13.3 (5038627)|HEAP_ALLOCATE|[44]|Bytes:19
08:24:13.3 (5042449)|HEAP_ALLOCATE|[44]|Bytes:103
08:24:13.3 (5047801)|VARIABLE_ASSIGNMENT|[44]|soql|"Select id, Candidate (83 more) ..."
08:24:13.3 (5049810)|STATEMENT_EXECUTE|[47]
08:24:13.3 (5052662)|HEAP_ALLOCATE|[47]|Bytes:6
08:24:13.3 (5057010)|HEAP_ALLOCATE|[47]|Bytes:18
08:24:13.3 (5060906)|HEAP_ALLOCATE|[47]|Bytes:121
08:24:13.3 (5066478)|VARIABLE_ASSIGNMENT|[47]|soql|"Select id, Candidate (101 more) ..."
08:24:13.3 (5068402)|STATEMENT_EXECUTE|[50]
08:24:13.3 (5071102)|HEAP_ALLOCATE|[50]|Bytes:7
08:24:13.3 (5075341)|HEAP_ALLOCATE|[50]|Bytes:8
08:24:13.3 (5079219)|HEAP_ALLOCATE|[50]|Bytes:129
08:24:13.3 (5084798)|VARIABLE_ASSIGNMENT|[50]|soql|"Select id, Candidate (109 more) ..."
08:24:13.3 (5086658)|STATEMENT_EXECUTE|[54]
08:24:13.3 (5088929)|HEAP_ALLOCATE|[54]|Bytes:15
08:24:13.3 (5093078)|HEAP_ALLOCATE|[54]|Bytes:144
08:24:13.3 (5113548)|ENTERING_MANAGED_PKG|
08:24:13.3 (5139066)|USER_DEBUG|[54]|DEBUG|######## soql: Select id, Candidate__c, Candidate__r.Name, Candidate__r.Position__r.Name, Status__c, Interview_Type__c FROM Interview__c limit 8
08:24:13.3 (5149245)|STATEMENT_EXECUTE|[56]
08:24:13.3 (5182286)|ENTERING_MANAGED_PKG|
08:24:13.3 (5207395)|HEAP_ALLOCATE|[56]|Bytes:4
08:24:13.3 (6759386)|SOQL_EXECUTE_BEGIN|[56]|Aggregations:0|Select id, Candidate__c, Candidate__r.Name, Candidate__r.Position__r.Name, Status__c, Interview_Type__c FROM Interview__c limit 8
08:24:13.3 (19507975)|SOQL_EXECUTE_END|[56]|Rows:4
08:24:13.3 (19554427)|HEAP_ALLOCATE|[56]|Bytes:20
08:24:13.3 (19591105)|HEAP_ALLOCATE|[56]|Bytes:1006
08:24:13.3 (19715679)|HEAP_ALLOCATE|[56]|Bytes:20
08:24:13.3 (19742525)|VARIABLE_SCOPE_BEGIN|[56]|lstQueriedRecords|List<SObject>|true|false
08:24:13.3 (19814028)|VARIABLE_ASSIGNMENT|[56]|lstQueriedRecords|{"s":1,"v":[{"s":2,"v":{"Id":"a0NB0000000TaTTMA0","testautonumdata__Can (9 more) ...":"a0MB0000000cQXFMA2","testautonumdata__Int (14 more) ...":"Management Interview","testautonumdata__Can (9 more) ...":{"s":3,"v":{"Name":"John Derk","testautonumdata__Pos (8 more) ...":"a0LB0000000seqpMAA","Id":"a0MB0000000cQXFMA2","testautonumdata__Pos (8 more) ...":{"s":4,"v":{"Name":"Software Engineer -  (9 more) ...","Id":"a0LB0000000seqpMAA"}}}}}},{"s":5,"v":{"Id":"a0NB0000000TaTOMA0","testautonumdata__Can (9 more) ...":"a0MB0000000cQXFMA2","testautonumdata__Int (14 more) ...":"Technical Interview","testautonumdata__Can (9 more) ...":{"r":3}}},{"s":6,"v":{"Id":"a0NB0000000TaTJMA0","testautonumdata__Can (9 more) ...":"a0MB0000000cQXFMA2","testautonumdata__Int (14 more) ...":"Recruiter Interview","testautonumdata__Can (9 more) ...":{"r":3}}},{"s":7,"v":{"Id":"a0NB0000000TajWMAS","testautonumdata__Can (9 more) ...":"a0MB0000000cQXZMA2","testautonumdata__Int (14 more) ...":"Technical Interview","testautonumdata__Can (9 more) ...":{"s":8,"v":{"Name":"Joseph Damascus","testautonumdata__Pos (8 more) ...":"a0LB0000000seqpMAA","Id":"a0MB0000000cQXZMA2","testautonumdata__Pos (8 more) ...":{"r":4}}}}}]}|0x11ab5adc
08:24:13.3 (19825718)|STATEMENT_EXECUTE|[58]
08:24:13.3 (19832305)|HEAP_ALLOCATE|[58]|Bytes:28
08:24:13.3 (19864756)|ENTERING_MANAGED_PKG|
08:24:13.3 (20042964)|HEAP_ALLOCATE|[58]|Bytes:645
08:24:13.3 (20068217)|HEAP_ALLOCATE|[58]|Bytes:673
08:24:13.3 (20097590)|ENTERING_MANAGED_PKG|
08:24:13.3 (20105881)|USER_DEBUG|[58]|DEBUG|######## lstQueriedRecords: (testautonumdata__Interview__c:{Id=a0NB0000000TaTTMA0, testautonumdata__Candidate__c=a0MB0000000cQXFMA2, testautonumdata__Interview_Type__c=Management Interview}, testautonumdata__Interview__c:{Id=a0NB0000000TaTOMA0, testautonumdata__Candidate__c=a0MB0000000cQXFMA2, testautonumdata__Interview_Type__c=Technical Interview}, testautonumdata__Interview__c:{Id=a0NB0000000TaTJMA0, testautonumdata__Candidate__c=a0MB0000000cQXFMA2, testautonumdata__Interview_Type__c=Recruiter Interview}, testautonumdata__Interview__c:{Id=a0NB0000000TajWMAS, testautonumdata__Candidate__c=a0MB0000000cQXZMA2, testautonumdata__Interview_Type__c=Technical Interview})
08:24:13.3 (20202998)|ENTERING_MANAGED_PKG|
08:24:13.3 (20555428)|HEAP_ALLOCATE|[62]|Bytes:5
08:24:13.3 (20611484)|HEAP_ALLOCATE|[62]|Bytes:20
08:24:13.3 (20641761)|VARIABLE_SCOPE_BEGIN|[62]|e|SObject|true|false
08:24:13.3 (20671302)|VARIABLE_ASSIGNMENT|[62]|e|{"s":1,"v":{"Id":"a0NB0000000TaTTMA0","testautonumdata__Can (9 more) ...":"a0MB0000000cQXFMA2","testautonumdata__Int (14 more) ...":"Management Interview","testautonumdata__Can (9 more) ...":{"s":2,"v":{"Name":"John Derk","testautonumdata__Pos (8 more) ...":"a0LB0000000seqpMAA","Id":"a0MB0000000cQXFMA2","testautonumdata__Pos (8 more) ...":{"s":3,"v":{"Name":"Software Engineer -  (9 more) ...","Id":"a0LB0000000seqpMAA"}}}}}}|0xaaf03bd
08:24:13.3 (20678080)|STATEMENT_EXECUTE|[63]
08:24:13.3 (20679635)|STATEMENT_EXECUTE|[64]
08:24:13.3 (20683579)|HEAP_ALLOCATE|[64]|Bytes:12
08:24:13.3 (20709679)|ENTERING_MANAGED_PKG|
08:24:13.3 (20777751)|HEAP_ALLOCATE|[64]|Bytes:160
08:24:13.3 (20798280)|HEAP_ALLOCATE|[64]|Bytes:172
08:24:13.3 (20820222)|ENTERING_MANAGED_PKG|
08:24:13.3 (20826526)|USER_DEBUG|[64]|DEBUG|######## e: testautonumdata__Interview__c:{Id=a0NB0000000TaTTMA0, testautonumdata__Candidate__c=a0MB0000000cQXFMA2, testautonumdata__Interview_Type__c=Management Interview}
08:24:13.3 (20834837)|STATEMENT_EXECUTE|[65]
08:24:13.3 (20843551)|HEAP_ALLOCATE|[65]|Bytes:28
08:24:13.3 (20865880)|CONSTRUCTOR_ENTRY|[65]|01pB0000000lA1s|<init>()
08:24:13.3 (20898109)|VARIABLE_SCOPE_BEGIN|[1]|this|testautonumdata.InterviewsLCServerController|true|false
08:24:13.3 (20956647)|VARIABLE_ASSIGNMENT|[1]|this|{}|0x2bb6e83e
08:24:13.3 (20965651)|HEAP_ALLOCATE|[EXTERNAL]|Bytes:5
08:24:13.3 (20978046)|HEAP_ALLOCATE|[EXTERNAL]|Bytes:6
08:24:13.3 (21022268)|STATEMENT_EXECUTE|[1]
08:24:13.3 (21028271)|HEAP_ALLOCATE|[EXTERNAL]|Bytes:5
08:24:13.3 (21030895)|STATEMENT_EXECUTE|[4]
08:24:13.3 (21032331)|STATEMENT_EXECUTE|[6]
08:24:13.3 (21033229)|STATEMENT_EXECUTE|[8]
08:24:13.3 (21034237)|STATEMENT_EXECUTE|[10]
08:24:13.3 (21035366)|STATEMENT_EXECUTE|[12]
08:24:13.3 (21036269)|STATEMENT_EXECUTE|[14]
08:24:13.3 (21047149)|CONSTRUCTOR_EXIT|[65]|01pB0000000lA1s|<init>()
08:24:13.3 (21052167)|VARIABLE_SCOPE_BEGIN|[65]|i|testautonumdata.InterviewsLCServerController|true|false
08:24:13.3 (21081718)|VARIABLE_ASSIGNMENT|[65]|i|{}|0x2bb6e83e
08:24:13.3 (21085148)|STATEMENT_EXECUTE|[68]
08:24:13.3 (21089014)|HEAP_ALLOCATE|[68]|Bytes:2
08:24:13.3 (21128327)|ENTERING_MANAGED_PKG|
08:24:13.3 (21202526)|HEAP_ALLOCATE|[68]|Bytes:4
08:24:13.3 (21233733)|ENTERING_MANAGED_PKG|
08:24:13.3 (21238612)|HEAP_ALLOCATE|[68]|Bytes:18
08:24:13.3 (21313346)|VARIABLE_ASSIGNMENT|[EXTERNAL]|this|{}|0x2bb6e83e
08:24:13.3 (21325790)|VARIABLE_ASSIGNMENT|[EXTERNAL]|value|"a0NB0000000TaTTMA0"
08:24:13.3 (21350173)|VARIABLE_ASSIGNMENT|[4]|this.recordID|"a0NB0000000TaTTMA0"|0x2bb6e83e
08:24:13.3 (21362121)|STATEMENT_EXECUTE|[70]
08:24:13.3 (21363801)|STATEMENT_EXECUTE|[71]
08:24:13.3 (21379301)|METHOD_ENTRY|[71]|01pB0000000lA1s|testautonumdata.InterviewsLCServerController.GetSobjectField(SObject, String)
08:24:13.3 (21404862)|VARIABLE_SCOPE_BEGIN|[107]|e|SObject|true|false
08:24:13.3 (21428064)|VARIABLE_ASSIGNMENT|[107]|e|{"s":1,"v":{"Id":"a0NB0000000TaTTMA0","testautonumdata__Can (9 more) ...":"a0MB0000000cQXFMA2","testautonumdata__Int (14 more) ...":"Management Interview","testautonumdata__Can (9 more) ...":{"s":2,"v":{"Name":"John Derk","testautonumdata__Pos (8 more) ...":"a0LB0000000seqpMAA","Id":"a0MB0000000cQXFMA2","testautonumdata__Pos (8 more) ...":{"s":3,"v":{"Name":"Software Engineer -  (9 more) ...","Id":"a0LB0000000seqpMAA"}}}}}}|0xaaf03bd
08:24:13.3 (21432618)|VARIABLE_SCOPE_BEGIN|[107]|lcfield|String|false|false
08:24:13.3 (21436539)|VARIABLE_ASSIGNMENT|[107]|lcfield|"Candidate__c"
08:24:13.3 (21447607)|HEAP_ALLOCATE|[110]|Bytes:5
08:24:13.3 (21463589)|STATEMENT_EXECUTE|[108]
08:24:13.3 (21465178)|STATEMENT_EXECUTE|[110]
08:24:13.3 (21471435)|VARIABLE_SCOPE_BEGIN|[110]|returnValue|String|false|false
08:24:13.3 (21477461)|VARIABLE_ASSIGNMENT|[110]|returnValue|""
08:24:13.3 (21480677)|HEAP_ALLOCATE|[112]|Bytes:1
08:24:13.3 (21511068)|ENTERING_MANAGED_PKG|
08:24:13.3 (21551210)|STATEMENT_EXECUTE|[127]
08:24:13.3 (21569748)|ENTERING_MANAGED_PKG|
08:24:13.3 (21622856)|HEAP_ALLOCATE|[127]|Bytes:4
08:24:13.3 (21651295)|ENTERING_MANAGED_PKG|
08:24:13.3 (21655749)|HEAP_ALLOCATE|[127]|Bytes:18
08:24:13.3 (21671201)|VARIABLE_ASSIGNMENT|[127]|returnValue|"a0MB0000000cQXFMA2"
08:24:13.3 (21674469)|STATEMENT_EXECUTE|[129]
08:24:13.3 (21686336)|METHOD_EXIT|[71]|01pB0000000lA1s|testautonumdata.InterviewsLCServerController.GetSobjectField(SObject, String)
08:24:13.3 (21731719)|VARIABLE_ASSIGNMENT|[EXTERNAL]|this|{"recordID":"a0NB0000000TaTTMA0"}|0x2bb6e83e
08:24:13.3 (21737755)|VARIABLE_ASSIGNMENT|[EXTERNAL]|value|"a0MB0000000cQXFMA2"
08:24:13.3 (21748861)|VARIABLE_ASSIGNMENT|[6]|this.eventField|"a0MB0000000cQXFMA2"|0x2bb6e83e
08:24:13.3 (21759082)|STATEMENT_EXECUTE|[74]
08:24:13.3 (21760632)|STATEMENT_EXECUTE|[75]
08:24:13.3 (21770468)|METHOD_ENTRY|[75]|01pB0000000lA1s|testautonumdata.InterviewsLCServerController.GetSobjectField(SObject, String)
08:24:13.3 (21792323)|VARIABLE_SCOPE_BEGIN|[107]|e|SObject|true|false
08:24:13.3 (21815001)|VARIABLE_ASSIGNMENT|[107]|e|{"s":1,"v":{"Id":"a0NB0000000TaTTMA0","testautonumdata__Can (9 more) ...":"a0MB0000000cQXFMA2","testautonumdata__Int (14 more) ...":"Management Interview","testautonumdata__Can (9 more) ...":{"s":2,"v":{"Name":"John Derk","testautonumdata__Pos (8 more) ...":"a0LB0000000seqpMAA","Id":"a0MB0000000cQXFMA2","testautonumdata__Pos (8 more) ...":{"s":3,"v":{"Name":"Software Engineer -  (9 more) ...","Id":"a0LB0000000seqpMAA"}}}}}}|0xaaf03bd
08:24:13.3 (21819059)|VARIABLE_SCOPE_BEGIN|[107]|lcfield|String|false|false
08:24:13.3 (21822633)|VARIABLE_ASSIGNMENT|[107]|lcfield|"Candidate__r.Name"
08:24:13.3 (21830038)|HEAP_ALLOCATE|[110]|Bytes:5
08:24:13.3 (21833648)|STATEMENT_EXECUTE|[108]
08:24:13.3 (21834848)|STATEMENT_EXECUTE|[110]
08:24:13.3 (21839030)|VARIABLE_SCOPE_BEGIN|[110]|returnValue|String|false|false
08:24:13.3 (21843180)|VARIABLE_ASSIGNMENT|[110]|returnValue|""
08:24:13.3 (21864532)|ENTERING_MANAGED_PKG|
08:24:13.3 (21877275)|STATEMENT_EXECUTE|[113]
08:24:13.3 (21879519)|STATEMENT_EXECUTE|[114]
08:24:13.3 (21899262)|ENTERING_MANAGED_PKG|
08:24:13.3 (21932534)|HEAP_ALLOCATE|[114]|Bytes:12
08:24:13.3 (21947631)|VARIABLE_SCOPE_BEGIN|[114]|relName|String|false|false
08:24:13.3 (21955322)|VARIABLE_ASSIGNMENT|[114]|relName|"Candidate__r"
08:24:13.3 (21957710)|STATEMENT_EXECUTE|[115]
08:24:13.3 (21978935)|ENTERING_MANAGED_PKG|
08:24:13.3 (22008288)|HEAP_ALLOCATE|[115]|Bytes:4
08:24:13.3 (22025013)|VARIABLE_SCOPE_BEGIN|[115]|relField|String|false|false
08:24:13.3 (22032907)|VARIABLE_ASSIGNMENT|[115]|relField|"Name"
08:24:13.3 (22051736)|ENTERING_MANAGED_PKG|
08:24:13.3 (22086294)|STATEMENT_EXECUTE|[123]
08:24:13.3 (22108449)|ENTERING_MANAGED_PKG|
08:24:13.3 (22181435)|HEAP_ALLOCATE|[123]|Bytes:20
08:24:13.3 (22211360)|ENTERING_MANAGED_PKG|
08:24:13.3 (22237256)|HEAP_ALLOCATE|[123]|Bytes:9
08:24:13.3 (22263899)|ENTERING_MANAGED_PKG|
08:24:13.3 (22268175)|HEAP_ALLOCATE|[123]|Bytes:9
08:24:13.3 (22283058)|VARIABLE_ASSIGNMENT|[123]|returnValue|"John Derk"
08:24:13.3 (22286420)|STATEMENT_EXECUTE|[129]
08:24:13.3 (22297416)|METHOD_EXIT|[75]|01pB0000000lA1s|testautonumdata.InterviewsLCServerController.GetSobjectField(SObject, String)
08:24:13.3 (22344570)|VARIABLE_ASSIGNMENT|[EXTERNAL]|this|{"eventField":"a0MB0000000cQXFMA2","recordID":"a0NB0000000TaTTMA0"}|0x2bb6e83e
08:24:13.3 (22351283)|VARIABLE_ASSIGNMENT|[EXTERNAL]|value|"John Derk"
08:24:13.3 (22362420)|VARIABLE_ASSIGNMENT|[8]|this.column1|"John Derk"|0x2bb6e83e
08:24:13.3 (22372681)|STATEMENT_EXECUTE|[78]
08:24:13.3 (22374269)|STATEMENT_EXECUTE|[79]
08:24:13.3 (22383920)|METHOD_ENTRY|[79]|01pB0000000lA1s|testautonumdata.InterviewsLCServerController.GetSobjectField(SObject, String)
08:24:13.3 (22405907)|VARIABLE_SCOPE_BEGIN|[107]|e|SObject|true|false
08:24:13.3 (22427830)|VARIABLE_ASSIGNMENT|[107]|e|{"s":1,"v":{"Id":"a0NB0000000TaTTMA0","testautonumdata__Can (9 more) ...":"a0MB0000000cQXFMA2","testautonumdata__Int (14 more) ...":"Management Interview","testautonumdata__Can (9 more) ...":{"s":2,"v":{"Name":"John Derk","testautonumdata__Pos (8 more) ...":"a0LB0000000seqpMAA","Id":"a0MB0000000cQXFMA2","testautonumdata__Pos (8 more) ...":{"s":3,"v":{"Name":"Software Engineer -  (9 more) ...","Id":"a0LB0000000seqpMAA"}}}}}}|0xaaf03bd
08:24:13.3 (22431631)|VARIABLE_SCOPE_BEGIN|[107]|lcfield|String|false|false
08:24:13.3 (22436324)|VARIABLE_ASSIGNMENT|[107]|lcfield|"Candidate__r.Positio (9 more) ..."
08:24:13.3 (22443944)|HEAP_ALLOCATE|[110]|Bytes:5
08:24:13.3 (22447609)|STATEMENT_EXECUTE|[108]
08:24:13.3 (22448787)|STATEMENT_EXECUTE|[110]
08:24:13.3 (22457186)|VARIABLE_SCOPE_BEGIN|[110]|returnValue|String|false|false
08:24:13.3 (22461809)|VARIABLE_ASSIGNMENT|[110]|returnValue|""
08:24:13.3 (22483504)|ENTERING_MANAGED_PKG|
08:24:13.3 (22496013)|STATEMENT_EXECUTE|[113]
08:24:13.3 (22497716)|STATEMENT_EXECUTE|[114]
08:24:13.3 (22509398)|ENTERING_MANAGED_PKG|
08:24:13.3 (22516106)|HEAP_ALLOCATE|[114]|Bytes:12
08:24:13.3 (22527415)|VARIABLE_SCOPE_BEGIN|[114]|relName|String|false|false
08:24:13.3 (22534073)|VARIABLE_ASSIGNMENT|[114]|relName|"Candidate__r"
08:24:13.3 (22536199)|STATEMENT_EXECUTE|[115]
08:24:13.3 (22551208)|ENTERING_MANAGED_PKG|
08:24:13.3 (22557254)|HEAP_ALLOCATE|[115]|Bytes:16
08:24:13.3 (22568783)|VARIABLE_SCOPE_BEGIN|[115]|relField|String|false|false
08:24:13.3 (22575255)|VARIABLE_ASSIGNMENT|[115]|relField|"Position__r.Name"
08:24:13.3 (22590199)|ENTERING_MANAGED_PKG|
08:24:13.3 (22601035)|STATEMENT_EXECUTE|[117]
08:24:13.3 (22602709)|STATEMENT_EXECUTE|[118]
08:24:13.3 (22616015)|ENTERING_MANAGED_PKG|
08:24:13.3 (22644389)|HEAP_ALLOCATE|[118]|Bytes:11
08:24:13.3 (22659403)|VARIABLE_SCOPE_BEGIN|[118]|relName2|String|false|false
08:24:13.3 (22666837)|VARIABLE_ASSIGNMENT|[118]|relName2|"Position__r"
08:24:13.3 (22670321)|STATEMENT_EXECUTE|[119]
08:24:13.3 (22698191)|ENTERING_MANAGED_PKG|
08:24:13.3 (22738996)|HEAP_ALLOCATE|[119]|Bytes:4
08:24:13.3 (22757608)|VARIABLE_SCOPE_BEGIN|[119]|relField2|String|false|false
08:24:13.3 (22767315)|VARIABLE_ASSIGNMENT|[119]|relField2|"Name"
08:24:13.3 (22771507)|STATEMENT_EXECUTE|[120]
08:24:13.3 (22800839)|ENTERING_MANAGED_PKG|
08:24:13.3 (22861862)|HEAP_ALLOCATE|[120]|Bytes:20
08:24:13.3 (22891453)|ENTERING_MANAGED_PKG|
08:24:13.3 (22968610)|HEAP_ALLOCATE|[120]|Bytes:12
08:24:13.3 (23005376)|ENTERING_MANAGED_PKG|
08:24:13.3 (23042507)|HEAP_ALLOCATE|[120]|Bytes:29
08:24:13.3 (23075652)|ENTERING_MANAGED_PKG|
08:24:13.3 (23080454)|HEAP_ALLOCATE|[120]|Bytes:29
08:24:13.3 (23097141)|VARIABLE_ASSIGNMENT|[120]|returnValue|"Software Engineer -  (9 more) ..."
08:24:13.3 (23100979)|STATEMENT_EXECUTE|[129]
08:24:13.3 (23118153)|METHOD_EXIT|[79]|01pB0000000lA1s|testautonumdata.InterviewsLCServerController.GetSobjectField(SObject, String)
08:24:13.3 (23204001)|VARIABLE_ASSIGNMENT|[EXTERNAL]|this|{"column1":"John Derk","eventField":"a0MB0000000cQXFMA2","recordID":"a0NB0000000TaTTMA0"}|0x2bb6e83e
08:24:13.3 (23212920)|VARIABLE_ASSIGNMENT|[EXTERNAL]|value|"Software Engineer -  (9 more) ..."
08:24:13.3 (23226727)|VARIABLE_ASSIGNMENT|[10]|this.column2|"Software Engineer -  (9 more) ..."|0x2bb6e83e
08:24:13.3 (23237814)|STATEMENT_EXECUTE|[83]
08:24:13.3 (23239493)|STATEMENT_EXECUTE|[84]
08:24:13.3 (23249536)|METHOD_ENTRY|[84]|01pB0000000lA1s|testautonumdata.InterviewsLCServerController.GetSobjectField(SObject, String)
08:24:13.3 (23271399)|VARIABLE_SCOPE_BEGIN|[107]|e|SObject|true|false
08:24:13.3 (23293640)|VARIABLE_ASSIGNMENT|[107]|e|{"s":1,"v":{"Id":"a0NB0000000TaTTMA0","testautonumdata__Can (9 more) ...":"a0MB0000000cQXFMA2","testautonumdata__Int (14 more) ...":"Management Interview","testautonumdata__Can (9 more) ...":{"s":2,"v":{"Name":"John Derk","testautonumdata__Pos (8 more) ...":"a0LB0000000seqpMAA","Id":"a0MB0000000cQXFMA2","testautonumdata__Pos (8 more) ...":{"s":3,"v":{"Name":"Software Engineer -  (9 more) ...","Id":"a0LB0000000seqpMAA"}}}}}}|0xaaf03bd
08:24:13.3 (23297828)|VARIABLE_SCOPE_BEGIN|[107]|lcfield|String|false|false
08:24:13.3 (23301125)|VARIABLE_ASSIGNMENT|[107]|lcfield|"Status__c"
08:24:13.3 (23308776)|HEAP_ALLOCATE|[110]|Bytes:5
08:24:13.3 (23312516)|STATEMENT_EXECUTE|[108]
08:24:13.3 (23313701)|STATEMENT_EXECUTE|[110]
08:24:13.3 (23317858)|VARIABLE_SCOPE_BEGIN|[110]|returnValue|String|false|false
08:24:13.3 (23322057)|VARIABLE_ASSIGNMENT|[110]|returnValue|""
08:24:13.3 (23343522)|ENTERING_MANAGED_PKG|
08:24:13.3 (23355575)|STATEMENT_EXECUTE|[127]
08:24:13.3 (23368145)|ENTERING_MANAGED_PKG|
08:24:13.3 (23408723)|ENTERING_MANAGED_PKG|
08:24:13.3 (23423776)|VARIABLE_ASSIGNMENT|[127]|returnValue|null
08:24:13.3 (23426766)|STATEMENT_EXECUTE|[129]
08:24:13.3 (23437043)|METHOD_EXIT|[84]|01pB0000000lA1s|testautonumdata.InterviewsLCServerController.GetSobjectField(SObject, String)
08:24:13.3 (23490695)|VARIABLE_ASSIGNMENT|[EXTERNAL]|this|{"column1":"John Derk","column2":"Software Engineer -  (9 more) ...","eventField":"a0MB0000000cQXFMA2","recordID":"a0NB0000000TaTTMA0"}|0x2bb6e83e
08:24:13.3 (23497788)|VARIABLE_ASSIGNMENT|[EXTERNAL]|value|null
08:24:13.3 (23508517)|VARIABLE_ASSIGNMENT|[12]|this.column3|null|0x2bb6e83e
08:24:13.3 (23518587)|STATEMENT_EXECUTE|[88]
08:24:13.3 (23520045)|STATEMENT_EXECUTE|[89]
08:24:13.3 (23529583)|METHOD_ENTRY|[89]|01pB0000000lA1s|testautonumdata.InterviewsLCServerController.GetSobjectField(SObject, String)
08:24:13.3 (23550635)|VARIABLE_SCOPE_BEGIN|[107]|e|SObject|true|false
08:24:13.3 (23572034)|VARIABLE_ASSIGNMENT|[107]|e|{"s":1,"v":{"Id":"a0NB0000000TaTTMA0","testautonumdata__Can (9 more) ...":"a0MB0000000cQXFMA2","testautonumdata__Int (14 more) ...":"Management Interview","testautonumdata__Can (9 more) ...":{"s":2,"v":{"Name":"John Derk","testautonumdata__Pos (8 more) ...":"a0LB0000000seqpMAA","Id":"a0MB0000000cQXFMA2","testautonumdata__Pos (8 more) ...":{"s":3,"v":{"Name":"Software Engineer -  (9 more) ...","Id":"a0LB0000000seqpMAA"}}}}}}|0xaaf03bd
08:24:13.3 (23576037)|VARIABLE_SCOPE_BEGIN|[107]|lcfield|String|false|false
08:24:13.3 (23579873)|VARIABLE_ASSIGNMENT|[107]|lcfield|"Interview_Type__c"
08:24:13.3 (23587608)|HEAP_ALLOCATE|[110]|Bytes:5
08:24:13.3 (23591148)|STATEMENT_EXECUTE|[108]
08:24:13.3 (23592373)|STATEMENT_EXECUTE|[110]
08:24:13.3 (23596412)|VARIABLE_SCOPE_BEGIN|[110]|returnValue|String|false|false
08:24:13.3 (23600400)|VARIABLE_ASSIGNMENT|[110]|returnValue|""
08:24:13.3 (23621452)|ENTERING_MANAGED_PKG|
08:24:13.3 (23633465)|STATEMENT_EXECUTE|[127]
08:24:13.3 (23645913)|ENTERING_MANAGED_PKG|
08:24:13.3 (23667392)|HEAP_ALLOCATE|[127]|Bytes:20
08:24:13.3 (23691098)|ENTERING_MANAGED_PKG|
08:24:13.3 (23695154)|HEAP_ALLOCATE|[127]|Bytes:20
08:24:13.3 (23709924)|VARIABLE_ASSIGNMENT|[127]|returnValue|"Management Interview"
08:24:13.3 (23712748)|STATEMENT_EXECUTE|[129]
08:24:13.3 (23722942)|METHOD_EXIT|[89]|01pB0000000lA1s|testautonumdata.InterviewsLCServerController.GetSobjectField(SObject, String)
08:24:13.3 (23770232)|VARIABLE_ASSIGNMENT|[EXTERNAL]|this|{"column1":"John Derk","column2":"Software Engineer -  (9 more) ...","eventField":"a0MB0000000cQXFMA2","recordID":"a0NB0000000TaTTMA0"}|0x2bb6e83e
08:24:13.3 (23777003)|VARIABLE_ASSIGNMENT|[EXTERNAL]|value|"Management Interview"
08:24:13.3 (23788365)|VARIABLE_ASSIGNMENT|[14]|this.column4|"Management Interview"|0x2bb6e83e
08:24:13.3 (23798353)|STATEMENT_EXECUTE|[93]
08:24:13.3 (23817946)|ENTERING_MANAGED_PKG|
08:24:13.3 (23860079)|HEAP_ALLOCATE|[EXTERNAL]|Bytes:4
08:24:13.3 (23871768)|STATEMENT_EXECUTE|[95]
08:24:13.3 (23875523)|HEAP_ALLOCATE|[95]|Bytes:12
08:24:13.3 (23896049)|ENTERING_MANAGED_PKG|
08:24:13.3 (23949829)|HEAP_ALLOCATE|[95]|Bytes:191
08:24:13.3 (23967833)|HEAP_ALLOCATE|[95]|Bytes:203
08:24:13.3 (23990115)|ENTERING_MANAGED_PKG|
08:24:13.3 (23996628)|USER_DEBUG|[95]|DEBUG|######## i: InterviewsLCServerController:[column1=John Derk, column2=Software Engineer - Force.com, column3=null, column4=Management Interview, eventField=a0MB0000000cQXFMA2, recordID=a0NB0000000TaTTMA0]
08:24:13.3 (24014204)|HEAP_ALLOCATE|[62]|Bytes:5
08:24:13.3 (24044435)|HEAP_ALLOCATE|[62]|Bytes:20
08:24:13.3 (24056248)|VARIABLE_SCOPE_BEGIN|[62]|e|SObject|true|false
08:24:13.3 (24079518)|VARIABLE_ASSIGNMENT|[62]|e|{"s":1,"v":{"Id":"a0NB0000000TaTOMA0","testautonumdata__Can (9 more) ...":"a0MB0000000cQXFMA2","testautonumdata__Int (14 more) ...":"Technical Interview","testautonumdata__Can (9 more) ...":{"s":2,"v":{"Name":"John Derk","testautonumdata__Pos (8 more) ...":"a0LB0000000seqpMAA","Id":"a0MB0000000cQXFMA2","testautonumdata__Pos (8 more) ...":{"s":3,"v":{"Name":"Software Engineer -  (9 more) ...","Id":"a0LB0000000seqpMAA"}}}}}}|0x75e5269
08:24:13.3 (24084482)|STATEMENT_EXECUTE|[63]
08:24:13.3 (24085710)|STATEMENT_EXECUTE|[64]
08:24:13.3 (24106439)|ENTERING_MANAGED_PKG|
08:24:13.3 (24144021)|HEAP_ALLOCATE|[64]|Bytes:159
08:24:13.3 (24161860)|HEAP_ALLOCATE|[64]|Bytes:171
08:24:13.3 (24176007)|ENTERING_MANAGED_PKG|
08:24:13.3 (24181539)|USER_DEBUG|[64]|DEBUG|######## e: testautonumdata__Interview__c:{Id=a0NB0000000TaTOMA0, testautonumdata__Candidate__c=a0MB0000000cQXFMA2, testautonumdata__Interview_Type__c=Technical Interview}
08:24:13.3 (24189559)|STATEMENT_EXECUTE|[65]
08:24:13.3 (24194240)|HEAP_ALLOCATE|[65]|Bytes:28
08:24:13.3 (24204137)|CONSTRUCTOR_ENTRY|[65]|01pB0000000lA1s|<init>()
08:24:13.3 (24208591)|VARIABLE_SCOPE_BEGIN|[1]|this|testautonumdata.InterviewsLCServerController|true|false
08:24:13.3 (24240125)|VARIABLE_ASSIGNMENT|[1]|this|{}|0x75fcbbd5
08:24:13.3 (24247578)|HEAP_ALLOCATE|[EXTERNAL]|Bytes:5
08:24:13.3 (24263662)|STATEMENT_EXECUTE|[1]
08:24:13.3 (24267530)|HEAP_ALLOCATE|[EXTERNAL]|Bytes:5
08:24:13.3 (24269733)|STATEMENT_EXECUTE|[4]
08:24:13.3 (24271016)|STATEMENT_EXECUTE|[6]
08:24:13.3 (24271977)|STATEMENT_EXECUTE|[8]
08:24:13.3 (24272906)|STATEMENT_EXECUTE|[10]
08:24:13.3 (24273929)|STATEMENT_EXECUTE|[12]
08:24:13.3 (24274843)|STATEMENT_EXECUTE|[14]
08:24:13.3 (24284297)|CONSTRUCTOR_EXIT|[65]|01pB0000000lA1s|<init>()
08:24:13.3 (24288697)|VARIABLE_SCOPE_BEGIN|[65]|i|testautonumdata.InterviewsLCServerController|true|false
08:24:13.3 (24316371)|VARIABLE_ASSIGNMENT|[65]|i|{}|0x75fcbbd5
08:24:13.3 (24319771)|STATEMENT_EXECUTE|[68]
08:24:13.3 (24340966)|ENTERING_MANAGED_PKG|
08:24:13.3 (24361509)|HEAP_ALLOCATE|[68]|Bytes:4
08:24:13.3 (24386545)|ENTERING_MANAGED_PKG|
08:24:13.3 (24390742)|HEAP_ALLOCATE|[68]|Bytes:18
08:24:13.3 (24432201)|VARIABLE_ASSIGNMENT|[EXTERNAL]|this|{}|0x75fcbbd5
08:24:13.3 (24439213)|VARIABLE_ASSIGNMENT|[EXTERNAL]|value|"a0NB0000000TaTOMA0"
08:24:13.3 (24448249)|VARIABLE_ASSIGNMENT|[4]|this.recordID|"a0NB0000000TaTOMA0"|0x75fcbbd5
08:24:13.3 (24462427)|STATEMENT_EXECUTE|[70]
08:24:13.3 (24463987)|STATEMENT_EXECUTE|[71]
08:24:13.3 (24472552)|METHOD_ENTRY|[71]|01pB0000000lA1s|testautonumdata.InterviewsLCServerController.GetSobjectField(SObject, String)
08:24:13.3 (24477382)|VARIABLE_SCOPE_BEGIN|[107]|e|SObject|true|false
08:24:13.3 (24498086)|VARIABLE_ASSIGNMENT|[107]|e|{"s":1,"v":{"Id":"a0NB0000000TaTOMA0","testautonumdata__Can (9 more) ...":"a0MB0000000cQXFMA2","testautonumdata__Int (14 more) ...":"Technical Interview","testautonumdata__Can (9 more) ...":{"s":2,"v":{"Name":"John Derk","testautonumdata__Pos (8 more) ...":"a0LB0000000seqpMAA","Id":"a0MB0000000cQXFMA2","testautonumdata__Pos (8 more) ...":{"s":3,"v":{"Name":"Software Engineer -  (9 more) ...","Id":"a0LB0000000seqpMAA"}}}}}}|0x75e5269
08:24:13.3 (24502091)|VARIABLE_SCOPE_BEGIN|[107]|lcfield|String|false|false
08:24:13.3 (24505407)|VARIABLE_ASSIGNMENT|[107]|lcfield|"Candidate__c"
08:24:13.3 (24512407)|HEAP_ALLOCATE|[110]|Bytes:5
08:24:13.3 (24516008)|STATEMENT_EXECUTE|[108]
08:24:13.3 (24517314)|STATEMENT_EXECUTE|[110]
08:24:13.3 (24521334)|VARIABLE_SCOPE_BEGIN|[110]|returnValue|String|false|false
08:24:13.3 (24525437)|VARIABLE_ASSIGNMENT|[110]|returnValue|""
08:24:13.3 (24545636)|ENTERING_MANAGED_PKG|
08:24:13.3 (24557750)|STATEMENT_EXECUTE|[127]
08:24:13.3 (24570222)|ENTERING_MANAGED_PKG|
08:24:13.3 (24595599)|HEAP_ALLOCATE|[127]|Bytes:4
08:24:13.3 (24620502)|ENTERING_MANAGED_PKG|
08:24:13.3 (24624774)|HEAP_ALLOCATE|[127]|Bytes:18
08:24:13.3 (24639307)|VARIABLE_ASSIGNMENT|[127]|returnValue|"a0MB0000000cQXFMA2"
08:24:13.3 (24642334)|STATEMENT_EXECUTE|[129]
08:24:13.3 (24652559)|METHOD_EXIT|[71]|01pB0000000lA1s|testautonumdata.InterviewsLCServerController.GetSobjectField(SObject, String)
08:24:13.3 (24691041)|VARIABLE_ASSIGNMENT|[EXTERNAL]|this|{"recordID":"a0NB0000000TaTOMA0"}|0x75fcbbd5
08:24:13.3 (24696788)|VARIABLE_ASSIGNMENT|[EXTERNAL]|value|"a0MB0000000cQXFMA2"
08:24:13.3 (24705400)|VARIABLE_ASSIGNMENT|[6]|this.eventField|"a0MB0000000cQXFMA2"|0x75fcbbd5
08:24:13.3 (24714638)|STATEMENT_EXECUTE|[74]
08:24:13.3 (24716058)|STATEMENT_EXECUTE|[75]
08:24:13.3 (24724092)|METHOD_ENTRY|[75]|01pB0000000lA1s|testautonumdata.InterviewsLCServerController.GetSobjectField(SObject, String)
08:24:13.3 (24728551)|VARIABLE_SCOPE_BEGIN|[107]|e|SObject|true|false
08:24:13.3 (24748234)|VARIABLE_ASSIGNMENT|[107]|e|{"s":1,"v":{"Id":"a0NB0000000TaTOMA0","testautonumdata__Can (9 more) ...":"a0MB0000000cQXFMA2","testautonumdata__Int (14 more) ...":"Technical Interview","testautonumdata__Can (9 more) ...":{"s":2,"v":{"Name":"John Derk","testautonumdata__Pos (8 more) ...":"a0LB0000000seqpMAA","Id":"a0MB0000000cQXFMA2","testautonumdata__Pos (8 more) ...":{"s":3,"v":{"Name":"Software Engineer -  (9 more) ...","Id":"a0LB0000000seqpMAA"}}}}}}|0x75e5269
08:24:13.3 (24752066)|VARIABLE_SCOPE_BEGIN|[107]|lcfield|String|false|false
08:24:13.3 (24755326)|VARIABLE_ASSIGNMENT|[107]|lcfield|"Candidate__r.Name"
08:24:13.3 (24762433)|HEAP_ALLOCATE|[110]|Bytes:5
08:24:13.3 (24765707)|STATEMENT_EXECUTE|[108]
08:24:13.3 (24766844)|STATEMENT_EXECUTE|[110]
08:24:13.3 (24770743)|VARIABLE_SCOPE_BEGIN|[110]|returnValue|String|false|false
08:24:13.3 (24774751)|VARIABLE_ASSIGNMENT|[110]|returnValue|""
08:24:13.3 (24794356)|ENTERING_MANAGED_PKG|
08:24:13.3 (24806440)|STATEMENT_EXECUTE|[113]
08:24:13.3 (24808150)|STATEMENT_EXECUTE|[114]
08:24:13.3 (24819728)|ENTERING_MANAGED_PKG|
08:24:13.3 (24826465)|HEAP_ALLOCATE|[114]|Bytes:12
08:24:13.3 (24837789)|VARIABLE_SCOPE_BEGIN|[114]|relName|String|false|false
08:24:13.3 (24844344)|VARIABLE_ASSIGNMENT|[114]|relName|"Candidate__r"
08:24:13.3 (24846469)|STATEMENT_EXECUTE|[115]
08:24:13.3 (24861223)|ENTERING_MANAGED_PKG|
08:24:13.3 (24867426)|HEAP_ALLOCATE|[115]|Bytes:4
08:24:13.3 (24878968)|VARIABLE_SCOPE_BEGIN|[115]|relField|String|false|false
08:24:13.3 (24884955)|VARIABLE_ASSIGNMENT|[115]|relField|"Name"
08:24:13.3 (24899742)|ENTERING_MANAGED_PKG|
08:24:13.3 (24910439)|STATEMENT_EXECUTE|[123]
08:24:13.3 (24922652)|ENTERING_MANAGED_PKG|
08:24:13.3 (24953717)|HEAP_ALLOCATE|[123]|Bytes:20
08:24:13.3 (24979413)|ENTERING_MANAGED_PKG|
08:24:13.3 (24997535)|HEAP_ALLOCATE|[123]|Bytes:9
08:24:13.3 (25020890)|ENTERING_MANAGED_PKG|
08:24:13.3 (25026222)|HEAP_ALLOCATE|[123]|Bytes:9
08:24:13.3 (25041029)|VARIABLE_ASSIGNMENT|[123]|returnValue|"John Derk"
08:24:13.3 (25044447)|STATEMENT_EXECUTE|[129]
08:24:13.3 (25054897)|METHOD_EXIT|[75]|01pB0000000lA1s|testautonumdata.InterviewsLCServerController.GetSobjectField(SObject, String)
08:24:13.3 (25094698)|VARIABLE_ASSIGNMENT|[EXTERNAL]|this|{"eventField":"a0MB0000000cQXFMA2","recordID":"a0NB0000000TaTOMA0"}|0x75fcbbd5
08:24:13.3 (25100448)|VARIABLE_ASSIGNMENT|[EXTERNAL]|value|"John Derk"
08:24:13.3 (25109162)|VARIABLE_ASSIGNMENT|[8]|this.column1|"John Derk"|0x75fcbbd5
08:24:13.3 (25118587)|STATEMENT_EXECUTE|[78]
08:24:13.3 (25119992)|STATEMENT_EXECUTE|[79]
08:24:13.3 (25128097)|METHOD_ENTRY|[79]|01pB0000000lA1s|testautonumdata.InterviewsLCServerController.GetSobjectField(SObject, String)
08:24:13.3 (25132487)|VARIABLE_SCOPE_BEGIN|[107]|e|SObject|true|false
08:24:13.3 (25151958)|VARIABLE_ASSIGNMENT|[107]|e|{"s":1,"v":{"Id":"a0NB0000000TaTOMA0","testautonumdata__Can (9 more) ...":"a0MB0000000cQXFMA2","testautonumdata__Int (14 more) ...":"Technical Interview","testautonumdata__Can (9 more) ...":{"s":2,"v":{"Name":"John Derk","testautonumdata__Pos (8 more) ...":"a0LB0000000seqpMAA","Id":"a0MB0000000cQXFMA2","testautonumdata__Pos (8 more) ...":{"s":3,"v":{"Name":"Software Engineer -  (9 more) ...","Id":"a0LB0000000seqpMAA"}}}}}}|0x75e5269
08:24:13.3 (25156132)|VARIABLE_SCOPE_BEGIN|[107]|lcfield|String|false|false
08:24:13.3 (25160241)|VARIABLE_ASSIGNMENT|[107]|lcfield|"Candidate__r.Positio (9 more) ..."
08:24:13.3 (25167314)|HEAP_ALLOCATE|[110]|Bytes:5
08:24:13.3 (25170435)|STATEMENT_EXECUTE|[108]
08:24:13.3 (25171561)|STATEMENT_EXECUTE|[110]
08:24:13.3 (25175445)|VARIABLE_SCOPE_BEGIN|[110]|returnValue|String|false|false
08:24:13.3 (25179598)|VARIABLE_ASSIGNMENT|[110]|returnValue|""
08:24:13.3 (25199400)|ENTERING_MANAGED_PKG|
08:24:13.3 (25211246)|STATEMENT_EXECUTE|[113]
08:24:13.3 (25212903)|STATEMENT_EXECUTE|[114]
08:24:13.3 (25224636)|ENTERING_MANAGED_PKG|
08:24:13.3 (25231253)|HEAP_ALLOCATE|[114]|Bytes:12
08:24:13.3 (25242661)|VARIABLE_SCOPE_BEGIN|[114]|relName|String|false|false
08:24:13.3 (25250574)|VARIABLE_ASSIGNMENT|[114]|relName|"Candidate__r"
08:24:13.3 (25253699)|STATEMENT_EXECUTE|[115]
08:24:13.3 (25280374)|ENTERING_MANAGED_PKG|
08:24:13.3 (25290838)|HEAP_ALLOCATE|[115]|Bytes:16
08:24:13.3 (25306615)|VARIABLE_SCOPE_BEGIN|[115]|relField|String|false|false
08:24:13.3 (25314496)|VARIABLE_ASSIGNMENT|[115]|relField|"Position__r.Name"
08:24:13.3 (25330097)|ENTERING_MANAGED_PKG|
08:24:13.3 (25341547)|STATEMENT_EXECUTE|[117]
08:24:13.3 (25343158)|STATEMENT_EXECUTE|[118]
08:24:13.3 (25354861)|ENTERING_MANAGED_PKG|
08:24:13.3 (25361020)|HEAP_ALLOCATE|[118]|Bytes:11
08:24:13.3 (25372370)|VARIABLE_SCOPE_BEGIN|[118]|relName2|String|false|false
08:24:13.3 (25378449)|VARIABLE_ASSIGNMENT|[118]|relName2|"Position__r"
08:24:13.3 (25380419)|STATEMENT_EXECUTE|[119]
08:24:13.3 (25395076)|ENTERING_MANAGED_PKG|
08:24:13.3 (25400964)|HEAP_ALLOCATE|[119]|Bytes:4
08:24:13.3 (25412859)|VARIABLE_SCOPE_BEGIN|[119]|relField2|String|false|false
08:24:13.3 (25418701)|VARIABLE_ASSIGNMENT|[119]|relField2|"Name"
08:24:13.3 (25420900)|STATEMENT_EXECUTE|[120]
08:24:13.3 (25435264)|ENTERING_MANAGED_PKG|
08:24:13.3 (25470999)|HEAP_ALLOCATE|[120]|Bytes:20
08:24:13.3 (25498050)|ENTERING_MANAGED_PKG|
08:24:13.3 (25525378)|HEAP_ALLOCATE|[120]|Bytes:12
08:24:13.3 (25550286)|ENTERING_MANAGED_PKG|
08:24:13.3 (25568779)|HEAP_ALLOCATE|[120]|Bytes:29
08:24:13.3 (25592182)|ENTERING_MANAGED_PKG|
08:24:13.3 (25596516)|HEAP_ALLOCATE|[120]|Bytes:29
08:24:13.3 (25612446)|VARIABLE_ASSIGNMENT|[120]|returnValue|"Software Engineer -  (9 more) ..."
08:24:13.3 (25615742)|STATEMENT_EXECUTE|[129]
08:24:13.3 (25626227)|METHOD_EXIT|[79]|01pB0000000lA1s|testautonumdata.InterviewsLCServerController.GetSobjectField(SObject, String)
08:24:13.3 (25667303)|VARIABLE_ASSIGNMENT|[EXTERNAL]|this|{"column1":"John Derk","eventField":"a0MB0000000cQXFMA2","recordID":"a0NB0000000TaTOMA0"}|0x75fcbbd5
08:24:13.3 (25674062)|VARIABLE_ASSIGNMENT|[EXTERNAL]|value|"Software Engineer -  (9 more) ..."
08:24:13.3 (25684009)|VARIABLE_ASSIGNMENT|[10]|this.column2|"Software Engineer -  (9 more) ..."|0x75fcbbd5
08:24:13.3 (25693596)|STATEMENT_EXECUTE|[83]
08:24:13.3 (25694984)|STATEMENT_EXECUTE|[84]
08:24:13.3 (25702985)|METHOD_ENTRY|[84]|01pB0000000lA1s|testautonumdata.InterviewsLCServerController.GetSobjectField(SObject, String)
08:24:13.3 (25707351)|VARIABLE_SCOPE_BEGIN|[107]|e|SObject|true|false
08:24:13.3 (25727012)|VARIABLE_ASSIGNMENT|[107]|e|{"s":1,"v":{"Id":"a0NB0000000TaTOMA0","testautonumdata__Can (9 more) ...":"a0MB0000000cQXFMA2","testautonumdata__Int (14 more) ...":"Technical Interview","testautonumdata__Can (9 more) ...":{"s":2,"v":{"Name":"John Derk","testautonumdata__Pos (8 more) ...":"a0LB0000000seqpMAA","Id":"a0MB0000000cQXFMA2","testautonumdata__Pos (8 more) ...":{"s":3,"v":{"Name":"Software Engineer -  (9 more) ...","Id":"a0LB0000000seqpMAA"}}}}}}|0x75e5269
08:24:13.3 (25730660)|VARIABLE_SCOPE_BEGIN|[107]|lcfield|String|false|false
08:24:13.3 (25733903)|VARIABLE_ASSIGNMENT|[107]|lcfield|"Status__c"
08:24:13.3 (25740840)|HEAP_ALLOCATE|[110]|Bytes:5
08:24:13.3 (25744160)|STATEMENT_EXECUTE|[108]
08:24:13.3 (25745294)|STATEMENT_EXECUTE|[110]
08:24:13.3 (25749176)|VARIABLE_SCOPE_BEGIN|[110]|returnValue|String|false|false
08:24:13.3 (25753256)|VARIABLE_ASSIGNMENT|[110]|returnValue|""
08:24:13.3 (25773132)|ENTERING_MANAGED_PKG|
08:24:13.3 (25784747)|STATEMENT_EXECUTE|[127]
08:24:13.3 (25797378)|ENTERING_MANAGED_PKG|
08:24:13.3 (25836221)|ENTERING_MANAGED_PKG|
08:24:13.3 (25850787)|VARIABLE_ASSIGNMENT|[127]|returnValue|null
08:24:13.3 (25853695)|STATEMENT_EXECUTE|[129]
08:24:13.3 (25864102)|METHOD_EXIT|[84]|01pB0000000lA1s|testautonumdata.InterviewsLCServerController.GetSobjectField(SObject, String)
08:24:13.3 (25905405)|VARIABLE_ASSIGNMENT|[EXTERNAL]|this|{"column1":"John Derk","column2":"Software Engineer -  (9 more) ...","eventField":"a0MB0000000cQXFMA2","recordID":"a0NB0000000TaTOMA0"}|0x75fcbbd5
08:24:13.3 (25911472)|VARIABLE_ASSIGNMENT|[EXTERNAL]|value|null
08:24:13.3 (25919830)|VARIABLE_ASSIGNMENT|[12]|this.column3|null|0x75fcbbd5
08:24:13.3 (25929007)|STATEMENT_EXECUTE|[88]
08:24:13.3 (25930441)|STATEMENT_EXECUTE|[89]
08:24:13.3 (25938327)|METHOD_ENTRY|[89]|01pB0000000lA1s|testautonumdata.InterviewsLCServerController.GetSobjectField(SObject, String)
08:24:13.3 (25942638)|VARIABLE_SCOPE_BEGIN|[107]|e|SObject|true|false
08:24:13.3 (25961638)|VARIABLE_ASSIGNMENT|[107]|e|{"s":1,"v":{"Id":"a0NB0000000TaTOMA0","testautonumdata__Can (9 more) ...":"a0MB0000000cQXFMA2","testautonumdata__Int (14 more) ...":"Technical Interview","testautonumdata__Can (9 more) ...":{"s":2,"v":{"Name":"John Derk","testautonumdata__Pos (8 more) ...":"a0LB0000000seqpMAA","Id":"a0MB0000000cQXFMA2","testautonumdata__Pos (8 more) ...":{"s":3,"v":{"Name":"Software Engineer -  (9 more) ...","Id":"a0LB0000000seqpMAA"}}}}}}|0x75e5269
08:24:13.3 (25965446)|VARIABLE_SCOPE_BEGIN|[107]|lcfield|String|false|false
08:24:13.3 (25969315)|VARIABLE_ASSIGNMENT|[107]|lcfield|"Interview_Type__c"
08:24:13.3 (25976150)|HEAP_ALLOCATE|[110]|Bytes:5
08:24:13.3 (25979389)|STATEMENT_EXECUTE|[108]
08:24:13.3 (25980564)|STATEMENT_EXECUTE|[110]
08:24:13.3 (25984477)|VARIABLE_SCOPE_BEGIN|[110]|returnValue|String|false|false
08:24:13.3 (25988436)|VARIABLE_ASSIGNMENT|[110]|returnValue|""
08:24:13.3 (26008454)|ENTERING_MANAGED_PKG|
08:24:13.3 (26021451)|STATEMENT_EXECUTE|[127]
08:24:13.3 (26033967)|ENTERING_MANAGED_PKG|
08:24:13.3 (26054668)|HEAP_ALLOCATE|[127]|Bytes:19
08:24:13.3 (26078453)|ENTERING_MANAGED_PKG|
08:24:13.3 (26082637)|HEAP_ALLOCATE|[127]|Bytes:19
08:24:13.3 (26097004)|VARIABLE_ASSIGNMENT|[127]|returnValue|"Technical Interview"
08:24:13.3 (26099750)|STATEMENT_EXECUTE|[129]
08:24:13.3 (26109854)|METHOD_EXIT|[89]|01pB0000000lA1s|testautonumdata.InterviewsLCServerController.GetSobjectField(SObject, String)
08:24:13.3 (26150810)|VARIABLE_ASSIGNMENT|[EXTERNAL]|this|{"column1":"John Derk","column2":"Software Engineer -  (9 more) ...","eventField":"a0MB0000000cQXFMA2","recordID":"a0NB0000000TaTOMA0"}|0x75fcbbd5
08:24:13.3 (26157198)|VARIABLE_ASSIGNMENT|[EXTERNAL]|value|"Technical Interview"
08:24:13.3 (26166270)|VARIABLE_ASSIGNMENT|[14]|this.column4|"Technical Interview"|0x75fcbbd5
08:24:13.3 (26175149)|STATEMENT_EXECUTE|[93]
08:24:13.3 (26189525)|ENTERING_MANAGED_PKG|
08:24:13.3 (26197499)|HEAP_ALLOCATE|[EXTERNAL]|Bytes:4
08:24:13.3 (26205555)|STATEMENT_EXECUTE|[95]
08:24:13.3 (26221381)|ENTERING_MANAGED_PKG|
08:24:13.3 (26242677)|HEAP_ALLOCATE|[95]|Bytes:190
08:24:13.3 (26258151)|HEAP_ALLOCATE|[95]|Bytes:202
08:24:13.3 (26272851)|ENTERING_MANAGED_PKG|
08:24:13.3 (26278887)|USER_DEBUG|[95]|DEBUG|######## i: InterviewsLCServerController:[column1=John Derk, column2=Software Engineer - Force.com, column3=null, column4=Technical Interview, eventField=a0MB0000000cQXFMA2, recordID=a0NB0000000TaTOMA0]
08:24:13.3 (26295770)|HEAP_ALLOCATE|[62]|Bytes:5
08:24:13.3 (26324653)|HEAP_ALLOCATE|[62]|Bytes:20
08:24:13.3 (26338179)|VARIABLE_SCOPE_BEGIN|[62]|e|SObject|true|false
08:24:13.3 (26374422)|VARIABLE_ASSIGNMENT|[62]|e|{"s":1,"v":{"Id":"a0NB0000000TaTJMA0","testautonumdata__Can (9 more) ...":"a0MB0000000cQXFMA2","testautonumdata__Int (14 more) ...":"Recruiter Interview","testautonumdata__Can (9 more) ...":{"s":2,"v":{"Name":"John Derk","testautonumdata__Pos (8 more) ...":"a0LB0000000seqpMAA","Id":"a0MB0000000cQXFMA2","testautonumdata__Pos (8 more) ...":{"s":3,"v":{"Name":"Software Engineer -  (9 more) ...","Id":"a0LB0000000seqpMAA"}}}}}}|0x5f4053af
08:24:13.3 (26381718)|STATEMENT_EXECUTE|[63]
08:24:13.3 (26383088)|STATEMENT_EXECUTE|[64]
08:24:13.3 (26405853)|ENTERING_MANAGED_PKG|
08:24:13.3 (26443628)|HEAP_ALLOCATE|[64]|Bytes:159
08:24:13.3 (26466175)|HEAP_ALLOCATE|[64]|Bytes:171
08:24:13.3 (26480581)|ENTERING_MANAGED_PKG|
08:24:13.3 (26486183)|USER_DEBUG|[64]|DEBUG|######## e: testautonumdata__Interview__c:{Id=a0NB0000000TaTJMA0, testautonumdata__Candidate__c=a0MB0000000cQXFMA2, testautonumdata__Interview_Type__c=Recruiter Interview}
08:24:13.3 (26493872)|STATEMENT_EXECUTE|[65]
08:24:13.3 (26498507)|HEAP_ALLOCATE|[65]|Bytes:28
08:24:13.3 (26508203)|CONSTRUCTOR_ENTRY|[65]|01pB0000000lA1s|<init>()
08:24:13.3 (26512804)|VARIABLE_SCOPE_BEGIN|[1]|this|testautonumdata.InterviewsLCServerController|true|false
08:24:13.3 (26543815)|VARIABLE_ASSIGNMENT|[1]|this|{}|0x69974a4c
08:24:13.3 (26551419)|HEAP_ALLOCATE|[EXTERNAL]|Bytes:5
08:24:13.3 (26567349)|STATEMENT_EXECUTE|[1]
08:24:13.3 (26571099)|HEAP_ALLOCATE|[EXTERNAL]|Bytes:5
08:24:13.3 (26573341)|STATEMENT_EXECUTE|[4]
08:24:13.3 (26574588)|STATEMENT_EXECUTE|[6]
08:24:13.3 (26575514)|STATEMENT_EXECUTE|[8]
08:24:13.3 (26576413)|STATEMENT_EXECUTE|[10]
08:24:13.3 (26577418)|STATEMENT_EXECUTE|[12]
08:24:13.3 (26578305)|STATEMENT_EXECUTE|[14]
08:24:13.3 (26587858)|CONSTRUCTOR_EXIT|[65]|01pB0000000lA1s|<init>()
08:24:13.3 (26592327)|VARIABLE_SCOPE_BEGIN|[65]|i|testautonumdata.InterviewsLCServerController|true|false
08:24:13.3 (26619984)|VARIABLE_ASSIGNMENT|[65]|i|{}|0x69974a4c
08:24:13.3 (26623396)|STATEMENT_EXECUTE|[68]
08:24:13.3 (26644746)|ENTERING_MANAGED_PKG|
08:24:13.3 (26665353)|HEAP_ALLOCATE|[68]|Bytes:4
08:24:13.3 (26690532)|ENTERING_MANAGED_PKG|
08:24:13.3 (26694736)|HEAP_ALLOCATE|[68]|Bytes:18
08:24:13.3 (26735653)|VARIABLE_ASSIGNMENT|[EXTERNAL]|this|{}|0x69974a4c
08:24:13.3 (26742623)|VARIABLE_ASSIGNMENT|[EXTERNAL]|value|"a0NB0000000TaTJMA0"
08:24:13.3 (26751597)|VARIABLE_ASSIGNMENT|[4]|this.recordID|"a0NB0000000TaTJMA0"|0x69974a4c
08:24:13.3 (26760866)|STATEMENT_EXECUTE|[70]
08:24:13.3 (26762275)|STATEMENT_EXECUTE|[71]
08:24:13.3 (26770392)|METHOD_ENTRY|[71]|01pB0000000lA1s|testautonumdata.InterviewsLCServerController.GetSobjectField(SObject, String)
08:24:13.3 (26774892)|VARIABLE_SCOPE_BEGIN|[107]|e|SObject|true|false
08:24:13.3 (26794695)|VARIABLE_ASSIGNMENT|[107]|e|{"s":1,"v":{"Id":"a0NB0000000TaTJMA0","testautonumdata__Can (9 more) ...":"a0MB0000000cQXFMA2","testautonumdata__Int (14 more) ...":"Recruiter Interview","testautonumdata__Can (9 more) ...":{"s":2,"v":{"Name":"John Derk","testautonumdata__Pos (8 more) ...":"a0LB0000000seqpMAA","Id":"a0MB0000000cQXFMA2","testautonumdata__Pos (8 more) ...":{"s":3,"v":{"Name":"Software Engineer -  (9 more) ...","Id":"a0LB0000000seqpMAA"}}}}}}|0x5f4053af
08:24:13.3 (26798346)|VARIABLE_SCOPE_BEGIN|[107]|lcfield|String|false|false
08:24:13.3 (26801636)|VARIABLE_ASSIGNMENT|[107]|lcfield|"Candidate__c"
08:24:13.3 (26808626)|HEAP_ALLOCATE|[110]|Bytes:5
08:24:13.3 (26812165)|STATEMENT_EXECUTE|[108]
08:24:13.3 (26813403)|STATEMENT_EXECUTE|[110]
08:24:13.3 (26817414)|VARIABLE_SCOPE_BEGIN|[110]|returnValue|String|false|false
08:24:13.3 (26821579)|VARIABLE_ASSIGNMENT|[110]|returnValue|""
08:24:13.3 (26841359)|ENTERING_MANAGED_PKG|
08:24:13.3 (26853315)|STATEMENT_EXECUTE|[127]
08:24:13.3 (26865773)|ENTERING_MANAGED_PKG|
08:24:13.3 (26890821)|HEAP_ALLOCATE|[127]|Bytes:4
08:24:13.3 (26915525)|ENTERING_MANAGED_PKG|
08:24:13.3 (26919856)|HEAP_ALLOCATE|[127]|Bytes:18
08:24:13.3 (26934504)|VARIABLE_ASSIGNMENT|[127]|returnValue|"a0MB0000000cQXFMA2"
08:24:13.3 (26937361)|STATEMENT_EXECUTE|[129]
08:24:13.3 (26947229)|METHOD_EXIT|[71]|01pB0000000lA1s|testautonumdata.InterviewsLCServerController.GetSobjectField(SObject, String)
08:24:13.3 (26985187)|VARIABLE_ASSIGNMENT|[EXTERNAL]|this|{"recordID":"a0NB0000000TaTJMA0"}|0x69974a4c
08:24:13.3 (26991027)|VARIABLE_ASSIGNMENT|[EXTERNAL]|value|"a0MB0000000cQXFMA2"
08:24:13.3 (26999708)|VARIABLE_ASSIGNMENT|[6]|this.eventField|"a0MB0000000cQXFMA2"|0x69974a4c
08:24:13.3 (27008995)|STATEMENT_EXECUTE|[74]
08:24:13.3 (27011371)|STATEMENT_EXECUTE|[75]
08:24:13.3 (27019684)|METHOD_ENTRY|[75]|01pB0000000lA1s|testautonumdata.InterviewsLCServerController.GetSobjectField(SObject, String)
08:24:13.3 (27024229)|VARIABLE_SCOPE_BEGIN|[107]|e|SObject|true|false
08:24:13.3 (27043675)|VARIABLE_ASSIGNMENT|[107]|e|{"s":1,"v":{"Id":"a0NB0000000TaTJMA0","testautonumdata__Can (9 more) ...":"a0MB0000000cQXFMA2","testautonumdata__Int (14 more) ...":"Recruiter Interview","testautonumdata__Can (9 more) ...":{"s":2,"v":{"Name":"John Derk","testautonumdata__Pos (8 more) ...":"a0LB0000000seqpMAA","Id":"a0MB0000000cQXFMA2","testautonumdata__Pos (8 more) ...":{"s":3,"v":{"Name":"Software Engineer -  (9 more) ...","Id":"a0LB0000000seqpMAA"}}}}}}|0x5f4053af
08:24:13.3 (27047565)|VARIABLE_SCOPE_BEGIN|[107]|lcfield|String|false|false
08:24:13.3 (27050725)|VARIABLE_ASSIGNMENT|[107]|lcfield|"Candidate__r.Name"
08:24:13.3 (27057443)|HEAP_ALLOCATE|[110]|Bytes:5
08:24:13.3 (27060542)|STATEMENT_EXECUTE|[108]
08:24:13.3 (27061688)|STATEMENT_EXECUTE|[110]
08:24:13.3 (27065622)|VARIABLE_SCOPE_BEGIN|[110]|returnValue|String|false|false
08:24:13.3 (27069593)|VARIABLE_ASSIGNMENT|[110]|returnValue|""
08:24:13.3 (27089530)|ENTERING_MANAGED_PKG|
08:24:13.3 (27101648)|STATEMENT_EXECUTE|[113]
08:24:13.3 (27103286)|STATEMENT_EXECUTE|[114]
08:24:13.3 (27114965)|ENTERING_MANAGED_PKG|
08:24:13.3 (27121607)|HEAP_ALLOCATE|[114]|Bytes:12
08:24:13.3 (27132890)|VARIABLE_SCOPE_BEGIN|[114]|relName|String|false|false
08:24:13.3 (27139307)|VARIABLE_ASSIGNMENT|[114]|relName|"Candidate__r"
08:24:13.3 (27141432)|STATEMENT_EXECUTE|[115]
08:24:13.3 (27156428)|ENTERING_MANAGED_PKG|
08:24:13.3 (27162544)|HEAP_ALLOCATE|[115]|Bytes:4
08:24:13.3 (27174074)|VARIABLE_SCOPE_BEGIN|[115]|relField|String|false|false
08:24:13.3 (27180209)|VARIABLE_ASSIGNMENT|[115]|relField|"Name"
08:24:13.3 (27194492)|ENTERING_MANAGED_PKG|
08:24:13.3 (27204913)|STATEMENT_EXECUTE|[123]
08:24:13.3 (27216628)|ENTERING_MANAGED_PKG|
08:24:13.3 (27246935)|HEAP_ALLOCATE|[123]|Bytes:20
08:24:13.3 (27272591)|ENTERING_MANAGED_PKG|
08:24:13.3 (27290441)|HEAP_ALLOCATE|[123]|Bytes:9
08:24:13.3 (27313411)|ENTERING_MANAGED_PKG|
08:24:13.3 (27317725)|HEAP_ALLOCATE|[123]|Bytes:9
08:24:13.3 (27332025)|VARIABLE_ASSIGNMENT|[123]|returnValue|"John Derk"
08:24:13.3 (27335329)|STATEMENT_EXECUTE|[129]
08:24:13.3 (27345528)|METHOD_EXIT|[75]|01pB0000000lA1s|testautonumdata.InterviewsLCServerController.GetSobjectField(SObject, String)
08:24:13.3 (27385210)|VARIABLE_ASSIGNMENT|[EXTERNAL]|this|{"eventField":"a0MB0000000cQXFMA2","recordID":"a0NB0000000TaTJMA0"}|0x69974a4c
08:24:13.3 (27391084)|VARIABLE_ASSIGNMENT|[EXTERNAL]|value|"John Derk"
08:24:13.3 (27399724)|VARIABLE_ASSIGNMENT|[8]|this.column1|"John Derk"|0x69974a4c
08:24:13.3 (27408903)|STATEMENT_EXECUTE|[78]
08:24:13.3 (27410333)|STATEMENT_EXECUTE|[79]
08:24:13.3 (27418160)|METHOD_ENTRY|[79]|01pB0000000lA1s|testautonumdata.InterviewsLCServerController.GetSobjectField(SObject, String)
08:24:13.3 (27422462)|VARIABLE_SCOPE_BEGIN|[107]|e|SObject|true|false
08:24:13.3 (27441465)|VARIABLE_ASSIGNMENT|[107]|e|{"s":1,"v":{"Id":"a0NB0000000TaTJMA0","testautonumdata__Can (9 more) ...":"a0MB0000000cQXFMA2","testautonumdata__Int (14 more) ...":"Recruiter Interview","testautonumdata__Can (9 more) ...":{"s":2,"v":{"Name":"John Derk","testautonumdata__Pos (8 more) ...":"a0LB0000000seqpMAA","Id":"a0MB0000000cQXFMA2","testautonumdata__Pos (8 more) ...":{"s":3,"v":{"Name":"Software Engineer -  (9 more) ...","Id":"a0LB0000000seqpMAA"}}}}}}|0x5f4053af
08:24:13.3 (27445448)|VARIABLE_SCOPE_BEGIN|[107]|lcfield|String|false|false
08:24:13.3 (27449349)|VARIABLE_ASSIGNMENT|[107]|lcfield|"Candidate__r.Positio (9 more) ..."
08:24:13.3 (27460568)|HEAP_ALLOCATE|[110]|Bytes:5
08:24:13.3 (27463962)|STATEMENT_EXECUTE|[108]
08:24:13.3 (27465184)|STATEMENT_EXECUTE|[110]
08:24:13.3 (27469295)|VARIABLE_SCOPE_BEGIN|[110]|returnValue|String|false|false
08:24:13.3 (27473468)|VARIABLE_ASSIGNMENT|[110]|returnValue|""
08:24:13.3 (27493897)|ENTERING_MANAGED_PKG|
08:24:13.3 (27505998)|STATEMENT_EXECUTE|[113]
08:24:13.3 (27507617)|STATEMENT_EXECUTE|[114]
08:24:13.3 (27519640)|ENTERING_MANAGED_PKG|
08:24:13.3 (27526104)|HEAP_ALLOCATE|[114]|Bytes:12
08:24:13.3 (27537685)|VARIABLE_SCOPE_BEGIN|[114]|relName|String|false|false
08:24:13.3 (27544021)|VARIABLE_ASSIGNMENT|[114]|relName|"Candidate__r"
08:24:13.3 (27546079)|STATEMENT_EXECUTE|[115]
08:24:13.3 (27560740)|ENTERING_MANAGED_PKG|
08:24:13.3 (27566868)|HEAP_ALLOCATE|[115]|Bytes:16
08:24:13.3 (27578173)|VARIABLE_SCOPE_BEGIN|[115]|relField|String|false|false
08:24:13.3 (27584814)|VARIABLE_ASSIGNMENT|[115]|relField|"Position__r.Name"
08:24:13.3 (27599035)|ENTERING_MANAGED_PKG|
08:24:13.3 (27609327)|STATEMENT_EXECUTE|[117]
08:24:13.3 (27610909)|STATEMENT_EXECUTE|[118]
08:24:13.3 (27622300)|ENTERING_MANAGED_PKG|
08:24:13.3 (27628063)|HEAP_ALLOCATE|[118]|Bytes:11
08:24:13.3 (27639157)|VARIABLE_SCOPE_BEGIN|[118]|relName2|String|false|false
08:24:13.3 (27645203)|VARIABLE_ASSIGNMENT|[118]|relName2|"Position__r"
08:24:13.3 (27647226)|STATEMENT_EXECUTE|[119]
08:24:13.3 (27661453)|ENTERING_MANAGED_PKG|
08:24:13.3 (27667331)|HEAP_ALLOCATE|[119]|Bytes:4
08:24:13.3 (27678516)|VARIABLE_SCOPE_BEGIN|[119]|relField2|String|false|false
08:24:13.3 (27684273)|VARIABLE_ASSIGNMENT|[119]|relField2|"Name"
08:24:13.3 (27686340)|STATEMENT_EXECUTE|[120]
08:24:13.3 (27700519)|ENTERING_MANAGED_PKG|
08:24:13.3 (27730589)|HEAP_ALLOCATE|[120]|Bytes:20
08:24:13.3 (27756189)|ENTERING_MANAGED_PKG|
08:24:13.3 (27783008)|HEAP_ALLOCATE|[120]|Bytes:12
08:24:13.3 (27807583)|ENTERING_MANAGED_PKG|
08:24:13.3 (27825866)|HEAP_ALLOCATE|[120]|Bytes:29
08:24:13.3 (27848875)|ENTERING_MANAGED_PKG|
08:24:13.3 (27853146)|HEAP_ALLOCATE|[120]|Bytes:29
08:24:13.3 (27868951)|VARIABLE_ASSIGNMENT|[120]|returnValue|"Software Engineer -  (9 more) ..."
08:24:13.3 (27872226)|STATEMENT_EXECUTE|[129]
08:24:13.3 (27882456)|METHOD_EXIT|[79]|01pB0000000lA1s|testautonumdata.InterviewsLCServerController.GetSobjectField(SObject, String)
08:24:13.3 (27923124)|VARIABLE_ASSIGNMENT|[EXTERNAL]|this|{"column1":"John Derk","eventField":"a0MB0000000cQXFMA2","recordID":"a0NB0000000TaTJMA0"}|0x69974a4c
08:24:13.3 (27929961)|VARIABLE_ASSIGNMENT|[EXTERNAL]|value|"Software Engineer -  (9 more) ..."
08:24:13.3 (27939628)|VARIABLE_ASSIGNMENT|[10]|this.column2|"Software Engineer -  (9 more) ..."|0x69974a4c
08:24:13.3 (27948799)|STATEMENT_EXECUTE|[83]
08:24:13.3 (27950187)|STATEMENT_EXECUTE|[84]
08:24:13.3 (27958118)|METHOD_ENTRY|[84]|01pB0000000lA1s|testautonumdata.InterviewsLCServerController.GetSobjectField(SObject, String)
08:24:13.3 (27962476)|VARIABLE_SCOPE_BEGIN|[107]|e|SObject|true|false
08:24:13.3 (27982073)|VARIABLE_ASSIGNMENT|[107]|e|{"s":1,"v":{"Id":"a0NB0000000TaTJMA0","testautonumdata__Can (9 more) ...":"a0MB0000000cQXFMA2","testautonumdata__Int (14 more) ...":"Recruiter Interview","testautonumdata__Can (9 more) ...":{"s":2,"v":{"Name":"John Derk","testautonumdata__Pos (8 more) ...":"a0LB0000000seqpMAA","Id":"a0MB0000000cQXFMA2","testautonumdata__Pos (8 more) ...":{"s":3,"v":{"Name":"Software Engineer -  (9 more) ...","Id":"a0LB0000000seqpMAA"}}}}}}|0x5f4053af
08:24:13.3 (27985959)|VARIABLE_SCOPE_BEGIN|[107]|lcfield|String|false|false
08:24:13.3 (27989105)|VARIABLE_ASSIGNMENT|[107]|lcfield|"Status__c"
08:24:13.3 (27995917)|HEAP_ALLOCATE|[110]|Bytes:5
08:24:13.3 (27999178)|STATEMENT_EXECUTE|[108]
08:24:13.3 (28000345)|STATEMENT_EXECUTE|[110]
08:24:13.3 (28005342)|VARIABLE_SCOPE_BEGIN|[110]|returnValue|String|false|false
08:24:13.3 (28009398)|VARIABLE_ASSIGNMENT|[110]|returnValue|""
08:24:13.3 (28029499)|ENTERING_MANAGED_PKG|
08:24:13.3 (28041280)|STATEMENT_EXECUTE|[127]
08:24:13.3 (28053661)|ENTERING_MANAGED_PKG|
08:24:13.3 (28091868)|ENTERING_MANAGED_PKG|
08:24:13.3 (28106386)|VARIABLE_ASSIGNMENT|[127]|returnValue|null
08:24:13.3 (28109425)|STATEMENT_EXECUTE|[129]
08:24:13.3 (28119451)|METHOD_EXIT|[84]|01pB0000000lA1s|testautonumdata.InterviewsLCServerController.GetSobjectField(SObject, String)
08:24:13.3 (28160869)|VARIABLE_ASSIGNMENT|[EXTERNAL]|this|{"column1":"John Derk","column2":"Software Engineer -  (9 more) ...","eventField":"a0MB0000000cQXFMA2","recordID":"a0NB0000000TaTJMA0"}|0x69974a4c
08:24:13.3 (28167095)|VARIABLE_ASSIGNMENT|[EXTERNAL]|value|null
08:24:13.3 (28175572)|VARIABLE_ASSIGNMENT|[12]|this.column3|null|0x69974a4c
08:24:13.3 (28184693)|STATEMENT_EXECUTE|[88]
08:24:13.3 (28186071)|STATEMENT_EXECUTE|[89]
08:24:13.3 (28194070)|METHOD_ENTRY|[89]|01pB0000000lA1s|testautonumdata.InterviewsLCServerController.GetSobjectField(SObject, String)
08:24:13.3 (28198538)|VARIABLE_SCOPE_BEGIN|[107]|e|SObject|true|false
08:24:13.3 (28217933)|VARIABLE_ASSIGNMENT|[107]|e|{"s":1,"v":{"Id":"a0NB0000000TaTJMA0","testautonumdata__Can (9 more) ...":"a0MB0000000cQXFMA2","testautonumdata__Int (14 more) ...":"Recruiter Interview","testautonumdata__Can (9 more) ...":{"s":2,"v":{"Name":"John Derk","testautonumdata__Pos (8 more) ...":"a0LB0000000seqpMAA","Id":"a0MB0000000cQXFMA2","testautonumdata__Pos (8 more) ...":{"s":3,"v":{"Name":"Software Engineer -  (9 more) ...","Id":"a0LB0000000seqpMAA"}}}}}}|0x5f4053af
08:24:13.3 (28221723)|VARIABLE_SCOPE_BEGIN|[107]|lcfield|String|false|false
08:24:13.3 (28225399)|VARIABLE_ASSIGNMENT|[107]|lcfield|"Interview_Type__c"
08:24:13.3 (28232228)|HEAP_ALLOCATE|[110]|Bytes:5
08:24:13.3 (28235307)|STATEMENT_EXECUTE|[108]
08:24:13.3 (28236436)|STATEMENT_EXECUTE|[110]
08:24:13.3 (28240409)|VARIABLE_SCOPE_BEGIN|[110]|returnValue|String|false|false
08:24:13.3 (28244387)|VARIABLE_ASSIGNMENT|[110]|returnValue|""
08:24:13.3 (28264307)|ENTERING_MANAGED_PKG|
08:24:13.3 (28276007)|STATEMENT_EXECUTE|[127]
08:24:13.3 (28288280)|ENTERING_MANAGED_PKG|
08:24:13.3 (28308768)|HEAP_ALLOCATE|[127]|Bytes:19
08:24:13.3 (28332619)|ENTERING_MANAGED_PKG|
08:24:13.3 (28336790)|HEAP_ALLOCATE|[127]|Bytes:19
08:24:13.3 (28351408)|VARIABLE_ASSIGNMENT|[127]|returnValue|"Recruiter Interview"
08:24:13.3 (28354178)|STATEMENT_EXECUTE|[129]
08:24:13.3 (28364065)|METHOD_EXIT|[89]|01pB0000000lA1s|testautonumdata.InterviewsLCServerController.GetSobjectField(SObject, String)
08:24:13.3 (28405319)|VARIABLE_ASSIGNMENT|[EXTERNAL]|this|{"column1":"John Derk","column2":"Software Engineer -  (9 more) ...","eventField":"a0MB0000000cQXFMA2","recordID":"a0NB0000000TaTJMA0"}|0x69974a4c
08:24:13.3 (28412041)|VARIABLE_ASSIGNMENT|[EXTERNAL]|value|"Recruiter Interview"
08:24:13.3 (28420843)|VARIABLE_ASSIGNMENT|[14]|this.column4|"Recruiter Interview"|0x69974a4c
08:24:13.3 (28429879)|STATEMENT_EXECUTE|[93]
08:24:13.3 (28444052)|ENTERING_MANAGED_PKG|
08:24:13.3 (28455982)|HEAP_ALLOCATE|[EXTERNAL]|Bytes:4
08:24:13.3 (28464957)|STATEMENT_EXECUTE|[95]
08:24:13.3 (28481545)|ENTERING_MANAGED_PKG|
08:24:13.3 (28503107)|HEAP_ALLOCATE|[95]|Bytes:190
08:24:13.3 (28518463)|HEAP_ALLOCATE|[95]|Bytes:202
08:24:13.3 (28533141)|ENTERING_MANAGED_PKG|
08:24:13.3 (28539139)|USER_DEBUG|[95]|DEBUG|######## i: InterviewsLCServerController:[column1=John Derk, column2=Software Engineer - Force.com, column3=null, column4=Recruiter Interview, eventField=a0MB0000000cQXFMA2, recordID=a0NB0000000TaTJMA0]
08:24:13.3 (28556006)|HEAP_ALLOCATE|[62]|Bytes:5
08:24:13.3 (28584845)|HEAP_ALLOCATE|[62]|Bytes:20
08:24:13.3 (28596050)|VARIABLE_SCOPE_BEGIN|[62]|e|SObject|true|false
08:24:13.3 (28619050)|VARIABLE_ASSIGNMENT|[62]|e|{"s":1,"v":{"Id":"a0NB0000000TajWMAS","testautonumdata__Can (9 more) ...":"a0MB0000000cQXZMA2","testautonumdata__Int (14 more) ...":"Technical Interview","testautonumdata__Can (9 more) ...":{"s":2,"v":{"Name":"Joseph Damascus","testautonumdata__Pos (8 more) ...":"a0LB0000000seqpMAA","Id":"a0MB0000000cQXZMA2","testautonumdata__Pos (8 more) ...":{"s":3,"v":{"Name":"Software Engineer -  (9 more) ...","Id":"a0LB0000000seqpMAA"}}}}}}|0x3a6361cc
08:24:13.3 (28623922)|STATEMENT_EXECUTE|[63]
08:24:13.3 (28625027)|STATEMENT_EXECUTE|[64]
08:24:13.3 (28645915)|ENTERING_MANAGED_PKG|
08:24:13.3 (28682451)|HEAP_ALLOCATE|[64]|Bytes:159
08:24:13.3 (28700060)|HEAP_ALLOCATE|[64]|Bytes:171
08:24:13.3 (28713913)|ENTERING_MANAGED_PKG|
08:24:13.3 (28719392)|USER_DEBUG|[64]|DEBUG|######## e: testautonumdata__Interview__c:{Id=a0NB0000000TajWMAS, testautonumdata__Candidate__c=a0MB0000000cQXZMA2, testautonumdata__Interview_Type__c=Technical Interview}
08:24:13.3 (28726989)|STATEMENT_EXECUTE|[65]
08:24:13.3 (28731503)|HEAP_ALLOCATE|[65]|Bytes:28
08:24:13.3 (28741424)|CONSTRUCTOR_ENTRY|[65]|01pB0000000lA1s|<init>()
08:24:13.3 (28746260)|VARIABLE_SCOPE_BEGIN|[1]|this|testautonumdata.InterviewsLCServerController|true|false
08:24:13.3 (28776853)|VARIABLE_ASSIGNMENT|[1]|this|{}|0x827cc0a
08:24:13.3 (28784098)|HEAP_ALLOCATE|[EXTERNAL]|Bytes:5
08:24:13.3 (28799842)|STATEMENT_EXECUTE|[1]
08:24:13.3 (28803580)|HEAP_ALLOCATE|[EXTERNAL]|Bytes:5
08:24:13.3 (28805758)|STATEMENT_EXECUTE|[4]
08:24:13.3 (28807027)|STATEMENT_EXECUTE|[6]
08:24:13.3 (28807976)|STATEMENT_EXECUTE|[8]
08:24:13.3 (28808914)|STATEMENT_EXECUTE|[10]
08:24:13.3 (28809883)|STATEMENT_EXECUTE|[12]
08:24:13.3 (28810781)|STATEMENT_EXECUTE|[14]
08:24:13.3 (28820235)|CONSTRUCTOR_EXIT|[65]|01pB0000000lA1s|<init>()
08:24:13.3 (28824499)|VARIABLE_SCOPE_BEGIN|[65]|i|testautonumdata.InterviewsLCServerController|true|false
08:24:13.3 (28851698)|VARIABLE_ASSIGNMENT|[65]|i|{}|0x827cc0a
08:24:13.3 (28855063)|STATEMENT_EXECUTE|[68]
08:24:13.3 (28876427)|ENTERING_MANAGED_PKG|
08:24:13.3 (28896346)|HEAP_ALLOCATE|[68]|Bytes:4
08:24:13.3 (28921351)|ENTERING_MANAGED_PKG|
08:24:13.3 (28925634)|HEAP_ALLOCATE|[68]|Bytes:18
08:24:13.3 (28966634)|VARIABLE_ASSIGNMENT|[EXTERNAL]|this|{}|0x827cc0a
08:24:13.3 (28973848)|VARIABLE_ASSIGNMENT|[EXTERNAL]|value|"a0NB0000000TajWMAS"
08:24:13.3 (28982473)|VARIABLE_ASSIGNMENT|[4]|this.recordID|"a0NB0000000TajWMAS"|0x827cc0a
08:24:13.3 (28991588)|STATEMENT_EXECUTE|[70]
08:24:13.3 (28992995)|STATEMENT_EXECUTE|[71]
08:24:13.3 (29001067)|METHOD_ENTRY|[71]|01pB0000000lA1s|testautonumdata.InterviewsLCServerController.GetSobjectField(SObject, String)
08:24:13.3 (29006385)|VARIABLE_SCOPE_BEGIN|[107]|e|SObject|true|false
08:24:13.3 (29026901)|VARIABLE_ASSIGNMENT|[107]|e|{"s":1,"v":{"Id":"a0NB0000000TajWMAS","testautonumdata__Can (9 more) ...":"a0MB0000000cQXZMA2","testautonumdata__Int (14 more) ...":"Technical Interview","testautonumdata__Can (9 more) ...":{"s":2,"v":{"Name":"Joseph Damascus","testautonumdata__Pos (8 more) ...":"a0LB0000000seqpMAA","Id":"a0MB0000000cQXZMA2","testautonumdata__Pos (8 more) ...":{"s":3,"v":{"Name":"Software Engineer -  (9 more) ...","Id":"a0LB0000000seqpMAA"}}}}}}|0x3a6361cc
08:24:13.3 (29030441)|VARIABLE_SCOPE_BEGIN|[107]|lcfield|String|false|false
08:24:13.3 (29033785)|VARIABLE_ASSIGNMENT|[107]|lcfield|"Candidate__c"
08:24:13.3 (29040607)|HEAP_ALLOCATE|[110]|Bytes:5
08:24:13.3 (29044145)|STATEMENT_EXECUTE|[108]
08:24:13.3 (29045441)|STATEMENT_EXECUTE|[110]
08:24:13.3 (29049447)|VARIABLE_SCOPE_BEGIN|[110]|returnValue|String|false|false
08:24:13.3 (29053383)|VARIABLE_ASSIGNMENT|[110]|returnValue|""
08:24:13.3 (29073120)|ENTERING_MANAGED_PKG|
08:24:13.3 (29084832)|STATEMENT_EXECUTE|[127]
08:24:13.3 (29097368)|ENTERING_MANAGED_PKG|
08:24:13.3 (29122036)|HEAP_ALLOCATE|[127]|Bytes:4
08:24:13.3 (29146393)|ENTERING_MANAGED_PKG|
08:24:13.3 (29150489)|HEAP_ALLOCATE|[127]|Bytes:18
08:24:13.3 (29165033)|VARIABLE_ASSIGNMENT|[127]|returnValue|"a0MB0000000cQXZMA2"
08:24:13.3 (29167783)|STATEMENT_EXECUTE|[129]
08:24:13.3 (29177640)|METHOD_EXIT|[71]|01pB0000000lA1s|testautonumdata.InterviewsLCServerController.GetSobjectField(SObject, String)
08:24:13.3 (29215563)|VARIABLE_ASSIGNMENT|[EXTERNAL]|this|{"recordID":"a0NB0000000TajWMAS"}|0x827cc0a
08:24:13.3 (29221246)|VARIABLE_ASSIGNMENT|[EXTERNAL]|value|"a0MB0000000cQXZMA2"
08:24:13.3 (29229859)|VARIABLE_ASSIGNMENT|[6]|this.eventField|"a0MB0000000cQXZMA2"|0x827cc0a
08:24:13.3 (29239231)|STATEMENT_EXECUTE|[74]
08:24:13.3 (29240635)|STATEMENT_EXECUTE|[75]
08:24:13.3 (29248713)|METHOD_ENTRY|[75]|01pB0000000lA1s|testautonumdata.InterviewsLCServerController.GetSobjectField(SObject, String)
08:24:13.3 (29253120)|VARIABLE_SCOPE_BEGIN|[107]|e|SObject|true|false
08:24:13.3 (29272837)|VARIABLE_ASSIGNMENT|[107]|e|{"s":1,"v":{"Id":"a0NB0000000TajWMAS","testautonumdata__Can (9 more) ...":"a0MB0000000cQXZMA2","testautonumdata__Int (14 more) ...":"Technical Interview","testautonumdata__Can (9 more) ...":{"s":2,"v":{"Name":"Joseph Damascus","testautonumdata__Pos (8 more) ...":"a0LB0000000seqpMAA","Id":"a0MB0000000cQXZMA2","testautonumdata__Pos (8 more) ...":{"s":3,"v":{"Name":"Software Engineer -  (9 more) ...","Id":"a0LB0000000seqpMAA"}}}}}}|0x3a6361cc
08:24:13.3 (29276411)|VARIABLE_SCOPE_BEGIN|[107]|lcfield|String|false|false
08:24:13.3 (29279688)|VARIABLE_ASSIGNMENT|[107]|lcfield|"Candidate__r.Name"
08:24:13.3 (29286151)|HEAP_ALLOCATE|[110]|Bytes:5
08:24:13.3 (29289260)|STATEMENT_EXECUTE|[108]
08:24:13.3 (29290400)|STATEMENT_EXECUTE|[110]
08:24:13.3 (29294419)|VARIABLE_SCOPE_BEGIN|[110]|returnValue|String|false|false
08:24:13.3 (29298401)|VARIABLE_ASSIGNMENT|[110]|returnValue|""
08:24:13.3 (29318316)|ENTERING_MANAGED_PKG|
08:24:13.3 (29330138)|STATEMENT_EXECUTE|[113]
08:24:13.3 (29331795)|STATEMENT_EXECUTE|[114]
08:24:13.3 (29343336)|ENTERING_MANAGED_PKG|
08:24:13.3 (29349971)|HEAP_ALLOCATE|[114]|Bytes:12
08:24:13.3 (29361164)|VARIABLE_SCOPE_BEGIN|[114]|relName|String|false|false
08:24:13.3 (29367650)|VARIABLE_ASSIGNMENT|[114]|relName|"Candidate__r"
08:24:13.3 (29369683)|STATEMENT_EXECUTE|[115]
08:24:13.3 (29383999)|ENTERING_MANAGED_PKG|
08:24:13.3 (29389931)|HEAP_ALLOCATE|[115]|Bytes:4
08:24:13.3 (29401450)|VARIABLE_SCOPE_BEGIN|[115]|relField|String|false|false
08:24:13.3 (29407278)|VARIABLE_ASSIGNMENT|[115]|relField|"Name"
08:24:13.3 (29421527)|ENTERING_MANAGED_PKG|
08:24:13.3 (29432257)|STATEMENT_EXECUTE|[123]
08:24:13.3 (29444236)|ENTERING_MANAGED_PKG|
08:24:13.3 (29486626)|HEAP_ALLOCATE|[123]|Bytes:20
08:24:13.3 (29513991)|ENTERING_MANAGED_PKG|
08:24:13.3 (29537647)|HEAP_ALLOCATE|[123]|Bytes:15
08:24:13.3 (29562399)|ENTERING_MANAGED_PKG|
08:24:13.3 (29566640)|HEAP_ALLOCATE|[123]|Bytes:15
08:24:13.3 (29581902)|VARIABLE_ASSIGNMENT|[123]|returnValue|"Joseph Damascus"
08:24:13.3 (29585058)|STATEMENT_EXECUTE|[129]
08:24:13.3 (29595097)|METHOD_EXIT|[75]|01pB0000000lA1s|testautonumdata.InterviewsLCServerController.GetSobjectField(SObject, String)
08:24:13.3 (29634451)|VARIABLE_ASSIGNMENT|[EXTERNAL]|this|{"eventField":"a0MB0000000cQXZMA2","recordID":"a0NB0000000TajWMAS"}|0x827cc0a
08:24:13.3 (29640419)|VARIABLE_ASSIGNMENT|[EXTERNAL]|value|"Joseph Damascus"
08:24:13.3 (29649035)|VARIABLE_ASSIGNMENT|[8]|this.column1|"Joseph Damascus"|0x827cc0a
08:24:13.3 (29658495)|STATEMENT_EXECUTE|[78]
08:24:13.3 (29659926)|STATEMENT_EXECUTE|[79]
08:24:13.3 (29667869)|METHOD_ENTRY|[79]|01pB0000000lA1s|testautonumdata.InterviewsLCServerController.GetSobjectField(SObject, String)
08:24:13.3 (29672336)|VARIABLE_SCOPE_BEGIN|[107]|e|SObject|true|false
08:24:13.3 (29691942)|VARIABLE_ASSIGNMENT|[107]|e|{"s":1,"v":{"Id":"a0NB0000000TajWMAS","testautonumdata__Can (9 more) ...":"a0MB0000000cQXZMA2","testautonumdata__Int (14 more) ...":"Technical Interview","testautonumdata__Can (9 more) ...":{"s":2,"v":{"Name":"Joseph Damascus","testautonumdata__Pos (8 more) ...":"a0LB0000000seqpMAA","Id":"a0MB0000000cQXZMA2","testautonumdata__Pos (8 more) ...":{"s":3,"v":{"Name":"Software Engineer -  (9 more) ...","Id":"a0LB0000000seqpMAA"}}}}}}|0x3a6361cc
08:24:13.3 (29695873)|VARIABLE_SCOPE_BEGIN|[107]|lcfield|String|false|false
08:24:13.3 (29699737)|VARIABLE_ASSIGNMENT|[107]|lcfield|"Candidate__r.Positio (9 more) ..."
08:24:13.3 (29706421)|HEAP_ALLOCATE|[110]|Bytes:5
08:24:13.3 (29709581)|STATEMENT_EXECUTE|[108]
08:24:13.3 (29710733)|STATEMENT_EXECUTE|[110]
08:24:13.3 (29714576)|VARIABLE_SCOPE_BEGIN|[110]|returnValue|String|false|false
08:24:13.3 (29718567)|VARIABLE_ASSIGNMENT|[110]|returnValue|""
08:24:13.3 (29738333)|ENTERING_MANAGED_PKG|
08:24:13.3 (29750139)|STATEMENT_EXECUTE|[113]
08:24:13.3 (29751707)|STATEMENT_EXECUTE|[114]
08:24:13.3 (29763214)|ENTERING_MANAGED_PKG|
08:24:13.3 (29769712)|HEAP_ALLOCATE|[114]|Bytes:12
08:24:13.3 (29781000)|VARIABLE_SCOPE_BEGIN|[114]|relName|String|false|false
08:24:13.3 (29787308)|VARIABLE_ASSIGNMENT|[114]|relName|"Candidate__r"
08:24:13.3 (29789348)|STATEMENT_EXECUTE|[115]
08:24:13.3 (29803580)|ENTERING_MANAGED_PKG|
08:24:13.3 (29809619)|HEAP_ALLOCATE|[115]|Bytes:16
08:24:13.3 (29821455)|VARIABLE_SCOPE_BEGIN|[115]|relField|String|false|false
08:24:13.3 (29827780)|VARIABLE_ASSIGNMENT|[115]|relField|"Position__r.Name"
08:24:13.3 (29841915)|ENTERING_MANAGED_PKG|
08:24:13.3 (29852754)|STATEMENT_EXECUTE|[117]
08:24:13.3 (29854296)|STATEMENT_EXECUTE|[118]
08:24:13.3 (29865755)|ENTERING_MANAGED_PKG|
08:24:13.3 (29871684)|HEAP_ALLOCATE|[118]|Bytes:11
08:24:13.3 (29882839)|VARIABLE_SCOPE_BEGIN|[118]|relName2|String|false|false
08:24:13.3 (29888873)|VARIABLE_ASSIGNMENT|[118]|relName2|"Position__r"
08:24:13.3 (29890842)|STATEMENT_EXECUTE|[119]
08:24:13.3 (29904845)|ENTERING_MANAGED_PKG|
08:24:13.3 (29910698)|HEAP_ALLOCATE|[119]|Bytes:4
08:24:13.3 (29921664)|VARIABLE_SCOPE_BEGIN|[119]|relField2|String|false|false
08:24:13.3 (29927500)|VARIABLE_ASSIGNMENT|[119]|relField2|"Name"
08:24:13.3 (29929485)|STATEMENT_EXECUTE|[120]
08:24:13.3 (29943383)|ENTERING_MANAGED_PKG|
08:24:13.3 (29973168)|HEAP_ALLOCATE|[120]|Bytes:20
08:24:13.3 (29998737)|ENTERING_MANAGED_PKG|
08:24:13.3 (30025909)|HEAP_ALLOCATE|[120]|Bytes:12
08:24:13.3 (30052346)|ENTERING_MANAGED_PKG|
08:24:13.3 (30070238)|HEAP_ALLOCATE|[120]|Bytes:29
08:24:13.3 (30093448)|ENTERING_MANAGED_PKG|
08:24:13.3 (30097675)|HEAP_ALLOCATE|[120]|Bytes:29
08:24:13.3 (30112803)|VARIABLE_ASSIGNMENT|[120]|returnValue|"Software Engineer -  (9 more) ..."
08:24:13.3 (30116101)|STATEMENT_EXECUTE|[129]
08:24:13.3 (30126254)|METHOD_EXIT|[79]|01pB0000000lA1s|testautonumdata.InterviewsLCServerController.GetSobjectField(SObject, String)
08:24:13.3 (30166289)|VARIABLE_ASSIGNMENT|[EXTERNAL]|this|{"column1":"Joseph Damascus","eventField":"a0MB0000000cQXZMA2","recordID":"a0NB0000000TajWMAS"}|0x827cc0a
08:24:13.3 (30173111)|VARIABLE_ASSIGNMENT|[EXTERNAL]|value|"Software Engineer -  (9 more) ..."
08:24:13.3 (30182496)|VARIABLE_ASSIGNMENT|[10]|this.column2|"Software Engineer -  (9 more) ..."|0x827cc0a
08:24:13.3 (30191927)|STATEMENT_EXECUTE|[83]
08:24:13.3 (30193394)|STATEMENT_EXECUTE|[84]
08:24:13.3 (30201144)|METHOD_ENTRY|[84]|01pB0000000lA1s|testautonumdata.InterviewsLCServerController.GetSobjectField(SObject, String)
08:24:13.3 (30205729)|VARIABLE_SCOPE_BEGIN|[107]|e|SObject|true|false
08:24:13.3 (30224833)|VARIABLE_ASSIGNMENT|[107]|e|{"s":1,"v":{"Id":"a0NB0000000TajWMAS","testautonumdata__Can (9 more) ...":"a0MB0000000cQXZMA2","testautonumdata__Int (14 more) ...":"Technical Interview","testautonumdata__Can (9 more) ...":{"s":2,"v":{"Name":"Joseph Damascus","testautonumdata__Pos (8 more) ...":"a0LB0000000seqpMAA","Id":"a0MB0000000cQXZMA2","testautonumdata__Pos (8 more) ...":{"s":3,"v":{"Name":"Software Engineer -  (9 more) ...","Id":"a0LB0000000seqpMAA"}}}}}}|0x3a6361cc
08:24:13.3 (30228593)|VARIABLE_SCOPE_BEGIN|[107]|lcfield|String|false|false
08:24:13.3 (30231752)|VARIABLE_ASSIGNMENT|[107]|lcfield|"Status__c"
08:24:13.3 (30238369)|HEAP_ALLOCATE|[110]|Bytes:5
08:24:13.3 (30241567)|STATEMENT_EXECUTE|[108]
08:24:13.3 (30242758)|STATEMENT_EXECUTE|[110]
08:24:13.3 (30246618)|VARIABLE_SCOPE_BEGIN|[110]|returnValue|String|false|false
08:24:13.3 (30250574)|VARIABLE_ASSIGNMENT|[110]|returnValue|""
08:24:13.3 (30270316)|ENTERING_MANAGED_PKG|
08:24:13.3 (30281795)|STATEMENT_EXECUTE|[127]
08:24:13.3 (30294148)|ENTERING_MANAGED_PKG|
08:24:13.3 (30332549)|ENTERING_MANAGED_PKG|
08:24:13.3 (30346873)|VARIABLE_ASSIGNMENT|[127]|returnValue|null
08:24:13.3 (30349960)|STATEMENT_EXECUTE|[129]
08:24:13.3 (30359691)|METHOD_EXIT|[84]|01pB0000000lA1s|testautonumdata.InterviewsLCServerController.GetSobjectField(SObject, String)
08:24:13.3 (30400833)|VARIABLE_ASSIGNMENT|[EXTERNAL]|this|{"column1":"Joseph Damascus","column2":"Software Engineer -  (9 more) ...","eventField":"a0MB0000000cQXZMA2","recordID":"a0NB0000000TajWMAS"}|0x827cc0a
08:24:13.3 (30406851)|VARIABLE_ASSIGNMENT|[EXTERNAL]|value|null
08:24:13.3 (30415123)|VARIABLE_ASSIGNMENT|[12]|this.column3|null|0x827cc0a
08:24:13.3 (30424259)|STATEMENT_EXECUTE|[88]
08:24:13.3 (30425635)|STATEMENT_EXECUTE|[89]
08:24:13.3 (30433316)|METHOD_ENTRY|[89]|01pB0000000lA1s|testautonumdata.InterviewsLCServerController.GetSobjectField(SObject, String)
08:24:13.3 (30437624)|VARIABLE_SCOPE_BEGIN|[107]|e|SObject|true|false
08:24:13.3 (30461818)|VARIABLE_ASSIGNMENT|[107]|e|{"s":1,"v":{"Id":"a0NB0000000TajWMAS","testautonumdata__Can (9 more) ...":"a0MB0000000cQXZMA2","testautonumdata__Int (14 more) ...":"Technical Interview","testautonumdata__Can (9 more) ...":{"s":2,"v":{"Name":"Joseph Damascus","testautonumdata__Pos (8 more) ...":"a0LB0000000seqpMAA","Id":"a0MB0000000cQXZMA2","testautonumdata__Pos (8 more) ...":{"s":3,"v":{"Name":"Software Engineer -  (9 more) ...","Id":"a0LB0000000seqpMAA"}}}}}}|0x3a6361cc
08:24:13.3 (30465721)|VARIABLE_SCOPE_BEGIN|[107]|lcfield|String|false|false
08:24:13.3 (30469246)|VARIABLE_ASSIGNMENT|[107]|lcfield|"Interview_Type__c"
08:24:13.3 (30475841)|HEAP_ALLOCATE|[110]|Bytes:5
08:24:13.3 (30479095)|STATEMENT_EXECUTE|[108]
08:24:13.3 (30480223)|STATEMENT_EXECUTE|[110]
08:24:13.3 (30484316)|VARIABLE_SCOPE_BEGIN|[110]|returnValue|String|false|false
08:24:13.3 (30488282)|VARIABLE_ASSIGNMENT|[110]|returnValue|""
08:24:13.3 (30508532)|ENTERING_MANAGED_PKG|
08:24:13.3 (30520228)|STATEMENT_EXECUTE|[127]
08:24:13.3 (30532644)|ENTERING_MANAGED_PKG|
08:24:13.3 (30553098)|HEAP_ALLOCATE|[127]|Bytes:19
08:24:13.3 (30576724)|ENTERING_MANAGED_PKG|
08:24:13.3 (30580905)|HEAP_ALLOCATE|[127]|Bytes:19
08:24:13.3 (30595459)|VARIABLE_ASSIGNMENT|[127]|returnValue|"Technical Interview"
08:24:13.3 (30598186)|STATEMENT_EXECUTE|[129]
08:24:13.3 (30608100)|METHOD_EXIT|[89]|01pB0000000lA1s|testautonumdata.InterviewsLCServerController.GetSobjectField(SObject, String)
08:24:13.3 (30649155)|VARIABLE_ASSIGNMENT|[EXTERNAL]|this|{"column1":"Joseph Damascus","column2":"Software Engineer -  (9 more) ...","eventField":"a0MB0000000cQXZMA2","recordID":"a0NB0000000TajWMAS"}|0x827cc0a
08:24:13.3 (30655779)|VARIABLE_ASSIGNMENT|[EXTERNAL]|value|"Technical Interview"
08:24:13.3 (30664591)|VARIABLE_ASSIGNMENT|[14]|this.column4|"Technical Interview"|0x827cc0a
08:24:13.3 (30673629)|STATEMENT_EXECUTE|[93]
08:24:13.3 (30688050)|ENTERING_MANAGED_PKG|
08:24:13.3 (30695821)|HEAP_ALLOCATE|[EXTERNAL]|Bytes:4
08:24:13.3 (30704094)|STATEMENT_EXECUTE|[95]
08:24:13.3 (30720049)|ENTERING_MANAGED_PKG|
08:24:13.3 (30741317)|HEAP_ALLOCATE|[95]|Bytes:196
08:24:13.3 (30756260)|HEAP_ALLOCATE|[95]|Bytes:208
08:24:13.3 (30771141)|ENTERING_MANAGED_PKG|
08:24:13.3 (30777052)|USER_DEBUG|[95]|DEBUG|######## i: InterviewsLCServerController:[column1=Joseph Damascus, column2=Software Engineer - Force.com, column3=null, column4=Technical Interview, eventField=a0MB0000000cQXZMA2, recordID=a0NB0000000TajWMAS]
08:24:13.3 (30794075)|HEAP_ALLOCATE|[62]|Bytes:5
08:24:13.3 (30808542)|VARIABLE_ASSIGNMENT|[62]|e|null|
08:24:13.3 (30813100)|STATEMENT_EXECUTE|[100]
08:24:13.3 (30816579)|HEAP_ALLOCATE|[100]|Bytes:27
08:24:13.3 (30836104)|ENTERING_MANAGED_PKG|
08:24:13.3 (30919056)|HEAP_ALLOCATE|[100]|Bytes:775
08:24:13.3 (30937863)|HEAP_ALLOCATE|[100]|Bytes:802
08:24:13.3 (30959896)|ENTERING_MANAGED_PKG|
08:24:13.3 (30965841)|USER_DEBUG|[100]|DEBUG|######## lstReturnRecords: (InterviewsLCServerController:[column1=John Derk, column2=Software Engineer - Force.com, column3=null, column4=Management Interview, eventField=a0MB0000000cQXFMA2, recordID=a0NB0000000TaTTMA0], InterviewsLCServerController:[column1=John Derk, column2=Software Engineer - Force.com, column3=null, column4=Technical Interview, eventField=a0MB0000000cQXFMA2, recordID=a0NB0000000TaTOMA0], InterviewsLCServerController:[column1=John Derk, column2=Software Engineer - Force.com, column3=null, column4=Recruiter Interview, eventField=a0MB0000000cQXFMA2, recordID=a0NB0000000TaTJMA0], InterviewsLCServerController:[column1=Joseph Damascus, column2=Software Engineer - Force.com, column3=null, column4=Technical Interview, eventField=a0MB0000000cQXZMA2, recordID=a0NB0000000TajWMAS])
08:24:13.3 (30976534)|STATEMENT_EXECUTE|[102]
08:24:13.3 (30991196)|SYSTEM_MODE_EXIT|false
08:24:13.31 (31044956)|CUMULATIVE_LIMIT_USAGE
08:24:13.31 (31044956)|LIMIT_USAGE_FOR_NS|(default)|
  Number of SOQL queries: 0 out of 100
  Number of query rows: 0 out of 50000
  Number of SOSL queries: 0 out of 20
  Number of DML statements: 0 out of 150
  Number of DML rows: 0 out of 10000
  Maximum CPU time: 0 out of 10000
  Maximum heap size: 0 out of 6000000
  Number of callouts: 0 out of 100
  Number of Email Invocations: 0 out of 10
  Number of future calls: 0 out of 50
  Number of queueable jobs added to the queue: 0 out of 50
  Number of Mobile Apex push calls: 0 out of 10

08:24:13.31 (31044956)|LIMIT_USAGE_FOR_NS|testautonumdata|
  Number of SOQL queries: 1 out of 100
  Number of query rows: 4 out of 50000
  Number of SOSL queries: 0 out of 20
  Number of DML statements: 0 out of 150
  Number of DML rows: 0 out of 10000
  Maximum CPU time: 0 out of 10000
  Maximum heap size: 0 out of 6000000
  Number of callouts: 0 out of 100
  Number of Email Invocations: 0 out of 10
  Number of future calls: 0 out of 50
  Number of queueable jobs added to the queue: 0 out of 50
  Number of Mobile Apex push calls: 0 out of 10

08:24:13.31 (31044956)|CUMULATIVE_LIMIT_USAGE_END

08:24:13.3 (31126083)|CODE_UNIT_FINISHED|InterviewsLCServerController.getListRecords
08:24:13.33 (33948062)|USER_INFO|[EXTERNAL]|005B0000001VpZR|rreboucas-yi5c@force.com|Pacific Standard Time|GMT-07:00
08:24:13.33 (33960538)|CODE_UNIT_STARTED|[EXTERNAL]|Aura
08:24:13.33 (34019583)|CODE_UNIT_FINISHED|Aura
08:24:13.35 (35770844)|USER_INFO|[EXTERNAL]|005B0000001VpZR|rreboucas-yi5c@force.com|Pacific Standard Time|GMT-07:00
08:24:13.35 (35786620)|CODE_UNIT_STARTED|[EXTERNAL]|Aura
08:24:13.35 (35867523)|CODE_UNIT_FINISHED|Aura
08:24:13.37 (37511920)|USER_INFO|[EXTERNAL]|005B0000001VpZR|rreboucas-yi5c@force.com|Pacific Standard Time|GMT-07:00
08:24:13.37 (37537240)|CODE_UNIT_STARTED|[EXTERNAL]|Aura
08:24:13.37 (37628376)|CODE_UNIT_FINISHED|Aura
08:24:13.39 (39317152)|USER_INFO|[EXTERNAL]|005B0000001VpZR|rreboucas-yi5c@force.com|Pacific Standard Time|GMT-07:00
08:24:13.39 (39331545)|CODE_UNIT_STARTED|[EXTERNAL]|Aura
08:24:13.39 (39414318)|CODE_UNIT_FINISHED|Aura
08:24:13.41 (41824927)|USER_INFO|[EXTERNAL]|005B0000001VpZR|rreboucas-yi5c@force.com|Pacific Standard Time|GMT-07:00
08:24:13.41 (41841256)|CODE_UNIT_STARTED|[EXTERNAL]|01pB0000000qaYT|ReferralsServerController.getReferralsForCandidate
08:24:13.41 (41966482)|HEAP_ALLOCATE|[EXTERNAL]|Bytes:196
08:24:13.41 (41980928)|HEAP_ALLOCATE|[EXTERNAL]|Bytes:17
08:24:13.41 (41986998)|HEAP_ALLOCATE|[EXTERNAL]|Bytes:17
08:24:13.41 (42014117)|METHOD_ENTRY|[1]|01pB0000000qaYT|ReferralsServerController.ReferralsServerController()
08:24:13.41 (42023483)|STATEMENT_EXECUTE|[1]
08:24:13.41 (42034019)|STATEMENT_EXECUTE|[1]
08:24:13.41 (42049561)|SYSTEM_MODE_ENTER|false
08:24:13.41 (42058928)|HEAP_ALLOCATE|[EXTERNAL]|Bytes:5
08:24:13.41 (42070851)|SYSTEM_MODE_EXIT|false
08:24:13.41 (42096101)|METHOD_EXIT|[1]|ReferralsServerController
08:24:13.41 (42145872)|HEAP_ALLOCATE|[EXTERNAL]|Bytes:28
08:24:13.41 (42162874)|SYSTEM_MODE_ENTER|false
08:24:13.41 (42172294)|VARIABLE_SCOPE_BEGIN|[18]|rowsLimit|Integer|false|false
08:24:13.41 (42208735)|VARIABLE_ASSIGNMENT|[18]|rowsLimit|8
08:24:13.41 (42216202)|VARIABLE_SCOPE_BEGIN|[18]|recordId|String|false|false
08:24:13.41 (42223257)|VARIABLE_ASSIGNMENT|[18]|recordId|null
08:24:13.41 (42239683)|HEAP_ALLOCATE|[20]|Bytes:5
08:24:13.41 (42247577)|STATEMENT_EXECUTE|[18]
08:24:13.41 (42249991)|STATEMENT_EXECUTE|[20]
08:24:13.41 (42310792)|HEAP_ALLOCATE|[20]|Bytes:4
08:24:13.41 (42439659)|ENTERING_MANAGED_PKG|
08:24:13.41 (42496225)|VARIABLE_SCOPE_BEGIN|[20]|lstReturnRecords|List<testautonumdata.ReferralsServerController>|true|false
08:24:13.41 (42543022)|HEAP_ALLOCATE|[EXTERNAL]|Bytes:4
08:24:13.41 (42565207)|VARIABLE_ASSIGNMENT|[20]|lstReturnRecords|{"s":1,"v":[]}|0xa863978
08:24:13.41 (42572064)|STATEMENT_EXECUTE|[22]
08:24:13.41 (42607713)|ENTERING_MANAGED_PKG|
08:24:13.41 (42667525)|HEAP_ALLOCATE|[22]|Bytes:1
08:24:13.41 (42700160)|HEAP_ALLOCATE|[22]|Bytes:21
08:24:13.41 (42740356)|ENTERING_MANAGED_PKG|
08:24:13.41 (42752045)|USER_DEBUG|[22]|DEBUG|######## rowsLimit: 8
08:24:13.41 (42768522)|STATEMENT_EXECUTE|[24]
08:24:13.41 (42808179)|ENTERING_MANAGED_PKG|
08:24:13.41 (42876890)|VARIABLE_SCOPE_BEGIN|[24]|rLimit|Integer|false|false
08:24:13.41 (42885404)|HEAP_ALLOCATE|[24]|Bytes:4
08:24:13.41 (42895817)|VARIABLE_ASSIGNMENT|[24]|rLimit|8
08:24:13.41 (42900382)|STATEMENT_EXECUTE|[25]
08:24:13.41 (42934798)|ENTERING_MANAGED_PKG|
08:24:13.41 (42984277)|HEAP_ALLOCATE|[25]|Bytes:1
08:24:13.41 (43015154)|HEAP_ALLOCATE|[25]|Bytes:18
08:24:13.41 (43054212)|ENTERING_MANAGED_PKG|
08:24:13.41 (43064800)|USER_DEBUG|[25]|DEBUG|######## rLimit: 8
08:24:13.41 (43080209)|STATEMENT_EXECUTE|[27]
08:24:13.41 (43086518)|HEAP_ALLOCATE|[27]|Bytes:177
08:24:13.41 (43106596)|HEAP_ALLOCATE|[27]|Bytes:4
08:24:13.41 (43127564)|HEAP_ALLOCATE|[27]|Bytes:7
08:24:13.41 (43156398)|HEAP_ALLOCATE|[27]|Bytes:7
08:24:13.41 (43169881)|HEAP_ALLOCATE|[27]|Bytes:4
08:24:13.41 (44411751)|SOQL_EXECUTE_BEGIN|[27]|Aggregations:0|SELECT Id, OwnerId, Owner.Name, testautonumdata__Referral_Message__c, createddate FROM testautonumdata__Referral__c WHERE testautonumdata__Candidate__c = :tmpVar1 LIMIT :tmpVar2
08:24:13.41 (52159198)|SOQL_EXECUTE_END|[27]|Rows:0
08:24:13.41 (52210680)|HEAP_ALLOCATE|[27]|Bytes:4
08:24:13.41 (52231874)|HEAP_ALLOCATE|[27]|Bytes:0
08:24:13.41 (52347461)|HEAP_ALLOCATE|[27]|Bytes:4
08:24:13.41 (52364931)|VARIABLE_SCOPE_BEGIN|[27]|referralsList|List<testautonumdata__Referral__c>|true|false
08:24:13.41 (52388828)|VARIABLE_ASSIGNMENT|[27]|referralsList|{"s":1,"v":[]}|0x57c23b82
08:24:13.41 (52485546)|ENTERING_MANAGED_PKG|
08:24:13.41 (52547213)|STATEMENT_EXECUTE|[34]
08:24:13.41 (52552056)|STATEMENT_EXECUTE|[67]
08:24:13.41 (52557181)|HEAP_ALLOCATE|[67]|Bytes:16
08:24:13.41 (52591046)|ENTERING_MANAGED_PKG|
08:24:13.41 (52648722)|HEAP_ALLOCATE|[67]|Bytes:2
08:24:13.41 (52677156)|HEAP_ALLOCATE|[67]|Bytes:18
08:24:13.41 (52713579)|ENTERING_MANAGED_PKG|
08:24:13.41 (52723521)|USER_DEBUG|[67]|DEBUG|lstReturnRecords()
08:24:13.41 (52737392)|STATEMENT_EXECUTE|[71]
08:24:13.41 (52756160)|SYSTEM_MODE_EXIT|false
08:24:13.52 (52811942)|CUMULATIVE_LIMIT_USAGE
08:24:13.52 (52811942)|LIMIT_USAGE_FOR_NS|(default)|
  Number of SOQL queries: 0 out of 100
  Number of query rows: 0 out of 50000
  Number of SOSL queries: 0 out of 20
  Number of DML statements: 0 out of 150
  Number of DML rows: 0 out of 10000
  Maximum CPU time: 0 out of 10000
  Maximum heap size: 0 out of 6000000
  Number of callouts: 0 out of 100
  Number of Email Invocations: 0 out of 10
  Number of future calls: 0 out of 50
  Number of queueable jobs added to the queue: 0 out of 50
  Number of Mobile Apex push calls: 0 out of 10

08:24:13.52 (52811942)|LIMIT_USAGE_FOR_NS|testautonumdata|
  Number of SOQL queries: 2 out of 100
  Number of query rows: 4 out of 50000
  Number of SOSL queries: 0 out of 20
  Number of DML statements: 0 out of 150
  Number of DML rows: 0 out of 10000
  Maximum CPU time: 0 out of 10000
  Maximum heap size: 0 out of 6000000
  Number of callouts: 0 out of 100
  Number of Email Invocations: 0 out of 10
  Number of future calls: 0 out of 50
  Number of queueable jobs added to the queue: 0 out of 50
  Number of Mobile Apex push calls: 0 out of 10

08:24:13.52 (52811942)|CUMULATIVE_LIMIT_USAGE_END

08:24:13.41 (52916552)|CODE_UNIT_FINISHED|ReferralsServerController.getReferralsForCandidate
08:24:13.0 (53255088)|HEAP_ALLOCATE|[EXTERNAL]|Bytes:12
08:24:13.0 (53281479)|HEAP_ALLOCATE|[EXTERNAL]|Bytes:12
08:24:13.56 (56219966)|USER_INFO|[EXTERNAL]|005B0000001VpZR|rreboucas-yi5c@force.com|Pacific Standard Time|GMT-07:00
08:24:13.56 (56342922)|STATEMENT_EXECUTE|[1]
08:24:13.56 (56357088)|SYSTEM_MODE_ENTER|false
08:24:13.56 (56365407)|HEAP_ALLOCATE|[EXTERNAL]|Bytes:5
08:24:13.56 (56374404)|SYSTEM_MODE_EXIT|false
08:24:13.56 (56391697)|METHOD_EXIT|[1]|Twitter_Lightning_Controller
08:24:13.56 (56398594)|HEAP_ALLOCATE|[EXTERNAL]|Bytes:12
08:24:13.56 (56401787)|HEAP_ALLOCATE|[EXTERNAL]|Bytes:13
08:24:13.56 (56411757)|SYSTEM_MODE_ENTER|false
08:24:13.56 (56419601)|VARIABLE_SCOPE_BEGIN|[6]|recordID|String|false|false
08:24:13.56 (56447627)|VARIABLE_ASSIGNMENT|[6]|recordID|null
08:24:13.56 (56452733)|VARIABLE_SCOPE_BEGIN|[6]|objectApiName|String|false|false
08:24:13.56 (56479800)|VARIABLE_ASSIGNMENT|[6]|objectApiName|"Candidate__c"
08:24:13.56 (56486939)|VARIABLE_SCOPE_BEGIN|[6]|twitterIDFieldApiName|String|false|false
08:24:13.56 (56492169)|VARIABLE_ASSIGNMENT|[6]|twitterIDFieldApiName|"Twitter_ID__c"
08:24:13.56 (56507843)|HEAP_ALLOCATE|[8]|Bytes:5
08:24:13.56 (56513754)|STATEMENT_EXECUTE|[6]
08:24:13.56 (56515412)|STATEMENT_EXECUTE|[8]
08:24:13.56 (56518700)|HEAP_ALLOCATE|[8]|Bytes:3
08:24:13.56 (56523593)|VARIABLE_SCOPE_BEGIN|[8]|oauthVersion|String|false|false
08:24:13.56 (56529533)|VARIABLE_ASSIGNMENT|[8]|oauthVersion|"1.0"
08:24:13.56 (56531751)|STATEMENT_EXECUTE|[9]
08:24:13.56 (56540462)|HEAP_ALLOCATE|[9]|Bytes:25
08:24:13.56 (56544072)|VARIABLE_SCOPE_BEGIN|[9]|oauthConsumerKey|String|false|false
08:24:13.56 (56551066)|VARIABLE_ASSIGNMENT|[9]|oauthConsumerKey|"crTSqn98nBWCC8lbj0Ia (5 more) ..."
08:24:13.56 (56553012)|STATEMENT_EXECUTE|[10]
08:24:13.56 (56555714)|HEAP_ALLOCATE|[10]|Bytes:50
08:24:13.56 (56558981)|VARIABLE_SCOPE_BEGIN|[10]|oauthConsumerSecret|String|false|false
08:24:13.56 (56564702)|VARIABLE_ASSIGNMENT|[10]|oauthConsumerSecret|"LETjbmGTLmKF9tBldLY8 (30 more) ..."
08:24:13.56 (56566623)|STATEMENT_EXECUTE|[11]
08:24:13.56 (56568971)|HEAP_ALLOCATE|[11]|Bytes:23
08:24:13.56 (56572024)|VARIABLE_SCOPE_BEGIN|[11]|baseUrl|String|false|false
08:24:13.56 (56577473)|VARIABLE_ASSIGNMENT|[11]|baseUrl|"https://api.twitter. (3 more) ..."
08:24:13.56 (56579387)|STATEMENT_EXECUTE|[12]
08:24:13.56 (56581622)|HEAP_ALLOCATE|[12]|Bytes:9
08:24:13.56 (56584636)|VARIABLE_SCOPE_BEGIN|[12]|oauthSignatureMethod|String|false|false
08:24:13.56 (56589531)|VARIABLE_ASSIGNMENT|[12]|oauthSignatureMethod|"HMAC-SHA1"
08:24:13.56 (56591251)|STATEMENT_EXECUTE|[14]
08:24:13.56 (56593613)|VARIABLE_SCOPE_BEGIN|[14]|pictureURL|String|false|false
08:24:13.56 (56597535)|VARIABLE_ASSIGNMENT|[14]|pictureURL|""
08:24:13.56 (56631279)|ENTERING_MANAGED_PKG|
08:24:13.56 (56680310)|STATEMENT_EXECUTE|[137]
08:24:13.56 (56683111)|STATEMENT_EXECUTE|[138]
08:24:13.56 (56686619)|HEAP_ALLOCATE|[138]|Bytes:63
08:24:13.56 (56698977)|VARIABLE_ASSIGNMENT|[138]|pictureURL|"https://www.lightnin (43 more) ..."
08:24:13.56 (56701804)|STATEMENT_EXECUTE|[145]
08:24:13.56 (56715151)|SYSTEM_MODE_EXIT|false
08:24:13.56 (56742531)|CUMULATIVE_LIMIT_USAGE
08:24:13.56 (56742531)|LIMIT_USAGE_FOR_NS|(default)|
  Number of SOQL queries: 0 out of 100
  Number of query rows: 0 out of 50000
  Number of SOSL queries: 0 out of 20
  Number of DML statements: 0 out of 150
  Number of DML rows: 0 out of 10000
  Maximum CPU time: 0 out of 10000
  Maximum heap size: 0 out of 6000000
  Number of callouts: 0 out of 100
  Number of Email Invocations: 0 out of 10
  Number of future calls: 0 out of 50
  Number of queueable jobs added to the queue: 0 out of 50
  Number of Mobile Apex push calls: 0 out of 10

08:24:13.56 (56742531)|LIMIT_USAGE_FOR_NS|testautonumdata|
  Number of SOQL queries: 2 out of 100
  Number of query rows: 4 out of 50000
  Number of SOSL queries: 0 out of 20
  Number of DML statements: 0 out of 150
  Number of DML rows: 0 out of 10000
  Maximum CPU time: 0 out of 10000
  Maximum heap size: 0 out of 6000000
  Number of callouts: 0 out of 100
  Number of Email Invocations: 0 out of 10
  Number of future calls: 0 out of 50
  Number of queueable jobs added to the queue: 0 out of 50
  Number of Mobile Apex push calls: 0 out of 10

08:24:13.56 (56742531)|CUMULATIVE_LIMIT_USAGE_END

08:24:13.56 (56803738)|CODE_UNIT_FINISHED|Twitter_Lightning_Controller.getTwitterPicture
