37.0 APEX_CODE,FINEST;APEX_PROFILING,INFO;CALLOUT,INFO;DB,INFO;SYSTEM,DEBUG;VALIDATION,INFO;VISUALFORCE,INFO;WORKFLOW,INFO
10:49:15.0 (124464)|USER_INFO|[EXTERNAL]|005B00000021dad|elisabeth.brooks@df16recruitment.dev|Pacific Standard Time|GMT-07:00
10:49:15.0 (636628)|HEAP_ALLOCATE|[72]|Bytes:3
10:49:15.0 (686916)|HEAP_ALLOCATE|[77]|Bytes:152
10:49:15.0 (705371)|HEAP_ALLOCATE|[342]|Bytes:408
10:49:15.0 (725949)|HEAP_ALLOCATE|[355]|Bytes:408
10:49:15.0 (744955)|HEAP_ALLOCATE|[467]|Bytes:48
10:49:15.4 (4141665)|USER_INFO|[EXTERNAL]|005B00000021dad|elisabeth.brooks@df16recruitment.dev|Pacific Standard Time|GMT-07:00
10:49:15.4 (4474161)|STATEMENT_EXECUTE|[1]
10:49:15.4 (4510618)|HEAP_ALLOCATE|[50]|Bytes:5
10:49:15.4 (4532463)|HEAP_ALLOCATE|[56]|Bytes:5
10:49:15.4 (4541614)|HEAP_ALLOCATE|[64]|Bytes:7
10:49:15.4 (4568091)|SYSTEM_MODE_ENTER|false
10:49:15.4 (4583200)|HEAP_ALLOCATE|[EXTERNAL]|Bytes:5
10:49:15.4 (4591105)|SYSTEM_MODE_EXIT|false
10:49:15.4 (4603963)|METHOD_EXIT|[1]|ReferralsServerController
10:49:15.4 (4626725)|HEAP_ALLOCATE|[EXTERNAL]|Bytes:28
10:49:15.4 (4629942)|HEAP_ALLOCATE|[EXTERNAL]|Bytes:18
10:49:15.4 (4638326)|SYSTEM_MODE_ENTER|false
10:49:15.4 (4651225)|VARIABLE_SCOPE_BEGIN|[18]|rowsLimit|Integer|false|false
10:49:15.4 (4683689)|VARIABLE_ASSIGNMENT|[18]|rowsLimit|8
10:49:15.4 (4689208)|VARIABLE_SCOPE_BEGIN|[18]|recordId|String|false|false
10:49:15.4 (4697849)|VARIABLE_ASSIGNMENT|[18]|recordId|"a0MB0000000cQdIMAU"
10:49:15.4 (4711900)|HEAP_ALLOCATE|[20]|Bytes:5
10:49:15.4 (4721011)|STATEMENT_EXECUTE|[18]
10:49:15.4 (4723906)|STATEMENT_EXECUTE|[20]
10:49:15.4 (4812914)|HEAP_ALLOCATE|[20]|Bytes:4
10:49:15.4 (4905344)|ENTERING_MANAGED_PKG|
10:49:15.4 (4953907)|VARIABLE_SCOPE_BEGIN|[20]|lstReturnRecords|List<testautonumdata.ReferralsServerController>|true|false
10:49:15.4 (4982941)|HEAP_ALLOCATE|[EXTERNAL]|Bytes:4
10:49:15.4 (5006415)|VARIABLE_ASSIGNMENT|[20]|lstReturnRecords|{"s":1,"v":[]}|0x1aab7ad2
10:49:15.4 (5015060)|STATEMENT_EXECUTE|[22]
10:49:15.4 (5019071)|HEAP_ALLOCATE|[22]|Bytes:20
10:49:15.4 (5045244)|ENTERING_MANAGED_PKG|
10:49:15.4 (5102019)|HEAP_ALLOCATE|[22]|Bytes:1
10:49:15.4 (5136446)|HEAP_ALLOCATE|[22]|Bytes:21
10:49:15.4 (5168484)|ENTERING_MANAGED_PKG|
10:49:15.4 (5179344)|USER_DEBUG|[22]|DEBUG|######## rowsLimit: 8
10:49:15.4 (5189790)|STATEMENT_EXECUTE|[24]
10:49:15.4 (5214196)|ENTERING_MANAGED_PKG|
10:49:15.4 (5259794)|VARIABLE_SCOPE_BEGIN|[24]|rLimit|Integer|false|false
10:49:15.4 (5265050)|HEAP_ALLOCATE|[24]|Bytes:4
10:49:15.4 (5273813)|VARIABLE_ASSIGNMENT|[24]|rLimit|8
10:49:15.4 (5279823)|STATEMENT_EXECUTE|[25]
10:49:15.4 (5283670)|HEAP_ALLOCATE|[25]|Bytes:17
10:49:15.4 (5303250)|ENTERING_MANAGED_PKG|
10:49:15.4 (5338446)|HEAP_ALLOCATE|[25]|Bytes:1
10:49:15.4 (5353137)|HEAP_ALLOCATE|[25]|Bytes:18
10:49:15.4 (5382243)|ENTERING_MANAGED_PKG|
10:49:15.4 (5393055)|USER_DEBUG|[25]|DEBUG|######## rLimit: 8
10:49:15.4 (5409913)|STATEMENT_EXECUTE|[27]
10:49:15.4 (5417255)|HEAP_ALLOCATE|[27]|Bytes:177
10:49:15.4 (5431855)|HEAP_ALLOCATE|[27]|Bytes:4
10:49:15.4 (5451878)|HEAP_ALLOCATE|[27]|Bytes:7
10:49:15.4 (5470011)|HEAP_ALLOCATE|[27]|Bytes:7
10:49:15.4 (5475474)|HEAP_ALLOCATE|[27]|Bytes:4
10:49:15.4 (6377494)|SOQL_EXECUTE_BEGIN|[27]|Aggregations:0|SELECT Id, OwnerId, Owner.Name, testautonumdata__Referral_Message__c, createddate FROM testautonumdata__Referral__c WHERE testautonumdata__Candidate__c = :tmpVar1 LIMIT :tmpVar2
10:49:15.4 (11609047)|SOQL_EXECUTE_END|[27]|Rows:0
10:49:15.4 (11671599)|HEAP_ALLOCATE|[27]|Bytes:4
10:49:15.4 (11691626)|HEAP_ALLOCATE|[27]|Bytes:0
10:49:15.4 (11789970)|HEAP_ALLOCATE|[27]|Bytes:4
10:49:15.4 (11811558)|VARIABLE_SCOPE_BEGIN|[27]|referralsList|List<testautonumdata__Referral__c>|true|false
10:49:15.4 (11838537)|VARIABLE_ASSIGNMENT|[27]|referralsList|{"s":1,"v":[]}|0x2c2d50be
10:49:15.4 (11916391)|ENTERING_MANAGED_PKG|
10:49:15.4 (11975756)|STATEMENT_EXECUTE|[34]
10:49:15.4 (11980589)|STATEMENT_EXECUTE|[67]
10:49:15.4 (11984327)|HEAP_ALLOCATE|[67]|Bytes:16
10:49:15.4 (12008529)|ENTERING_MANAGED_PKG|
10:49:15.4 (12045571)|HEAP_ALLOCATE|[67]|Bytes:2
10:49:15.4 (12060788)|HEAP_ALLOCATE|[67]|Bytes:18
10:49:15.4 (12077548)|ENTERING_MANAGED_PKG|
10:49:15.4 (12083449)|USER_DEBUG|[67]|DEBUG|lstReturnRecords()
10:49:15.4 (12092665)|STATEMENT_EXECUTE|[71]
10:49:15.4 (12104569)|SYSTEM_MODE_EXIT|false
10:49:15.12 (12148509)|CUMULATIVE_LIMIT_USAGE
10:49:15.12 (12148509)|LIMIT_USAGE_FOR_NS|(default)|
  Number of SOQL queries: 0 out of 100
  Number of query rows: 0 out of 50000
  Number of SOSL queries: 0 out of 20
  Number of DML statements: 0 out of 150
  Number of DML rows: 0 out of 10000
  Maximum CPU time: 0 out of 10000
  Maximum heap size: 0 out of 6000000
  Number of callouts: 0 out of 100
  Number of Email Invocations: 0 out of 10
  Number of future calls: 0 out of 50
  Number of queueable jobs added to the queue: 0 out of 50
  Number of Mobile Apex push calls: 0 out of 10

10:49:15.12 (12148509)|LIMIT_USAGE_FOR_NS|testautonumdata|
  Number of SOQL queries: 1 out of 100
  Number of query rows: 0 out of 50000
  Number of SOSL queries: 0 out of 20
  Number of DML statements: 0 out of 150
  Number of DML rows: 0 out of 10000
  Maximum CPU time: 0 out of 10000
  Maximum heap size: 0 out of 6000000
  Number of callouts: 0 out of 100
  Number of Email Invocations: 0 out of 10
  Number of future calls: 0 out of 50
  Number of queueable jobs added to the queue: 0 out of 50
  Number of Mobile Apex push calls: 0 out of 10

10:49:15.12 (12148509)|CUMULATIVE_LIMIT_USAGE_END

10:49:15.4 (12221123)|CODE_UNIT_FINISHED|ReferralsServerController.getReferralsForCandidate
10:49:15.0 (96309019)|HEAP_ALLOCATE|[EXTERNAL]|Bytes:18
10:49:15.0 (96344306)|HEAP_ALLOCATE|[EXTERNAL]|Bytes:18
10:49:15.98 (98361181)|USER_INFO|[EXTERNAL]|005B00000021dad|elisabeth.brooks@df16recruitment.dev|Pacific Standard Time|GMT-07:00
10:49:15.98 (98535284)|STATEMENT_EXECUTE|[1]
10:49:15.98 (98556255)|SYSTEM_MODE_ENTER|false
10:49:15.98 (98569344)|HEAP_ALLOCATE|[EXTERNAL]|Bytes:5
10:49:15.98 (98583199)|SYSTEM_MODE_EXIT|false
10:49:15.98 (98606126)|METHOD_EXIT|[1]|Twitter_Lightning_Controller
10:49:15.98 (98615078)|HEAP_ALLOCATE|[EXTERNAL]|Bytes:18
10:49:15.98 (98619916)|HEAP_ALLOCATE|[EXTERNAL]|Bytes:12
10:49:15.98 (98622682)|HEAP_ALLOCATE|[EXTERNAL]|Bytes:13
10:49:15.98 (98635732)|SYSTEM_MODE_ENTER|false
10:49:15.98 (98654441)|VARIABLE_SCOPE_BEGIN|[10]|recordID|String|false|false
10:49:15.98 (98704910)|VARIABLE_ASSIGNMENT|[10]|recordID|"a0MB0000000cQdIMAU"
10:49:15.98 (98716834)|VARIABLE_SCOPE_BEGIN|[10]|objectApiName|String|false|false
10:49:15.98 (98727080)|VARIABLE_ASSIGNMENT|[10]|objectApiName|"Candidate__c"
10:49:15.98 (98734356)|VARIABLE_SCOPE_BEGIN|[10]|twitterIDFieldApiName|String|false|false
10:49:15.98 (98741683)|VARIABLE_ASSIGNMENT|[10]|twitterIDFieldApiName|"Twitter_ID__c"
10:49:15.98 (98755900)|HEAP_ALLOCATE|[12]|Bytes:5
10:49:15.98 (98769671)|STATEMENT_EXECUTE|[10]
10:49:15.98 (98775523)|STATEMENT_EXECUTE|[12]
10:49:15.98 (98782014)|HEAP_ALLOCATE|[12]|Bytes:3
10:49:15.98 (98795137)|VARIABLE_SCOPE_BEGIN|[12]|oauthVersion|String|false|false
10:49:15.98 (98809102)|VARIABLE_ASSIGNMENT|[12]|oauthVersion|"1.0"
10:49:15.98 (98819487)|STATEMENT_EXECUTE|[13]
10:49:15.98 (98826101)|HEAP_ALLOCATE|[13]|Bytes:25
10:49:15.98 (98836574)|VARIABLE_SCOPE_BEGIN|[13]|oauthConsumerKey|String|false|false
10:49:15.98 (98852345)|VARIABLE_ASSIGNMENT|[13]|oauthConsumerKey|"crTSqn98nBWCC8lbj0Ia (5 more) ..."
10:49:15.98 (98860187)|STATEMENT_EXECUTE|[14]
10:49:15.98 (98865408)|HEAP_ALLOCATE|[14]|Bytes:50
10:49:15.98 (98873746)|VARIABLE_SCOPE_BEGIN|[14]|oauthConsumerSecret|String|false|false
10:49:15.98 (98887731)|VARIABLE_ASSIGNMENT|[14]|oauthConsumerSecret|"LETjbmGTLmKF9tBldLY8 (30 more) ..."
10:49:15.98 (98895370)|STATEMENT_EXECUTE|[15]
10:49:15.98 (98900811)|HEAP_ALLOCATE|[15]|Bytes:23
10:49:15.98 (98911547)|VARIABLE_SCOPE_BEGIN|[15]|baseUrl|String|false|false
10:49:15.98 (98932531)|VARIABLE_ASSIGNMENT|[15]|baseUrl|"https://api.twitter. (3 more) ..."
10:49:15.98 (98940686)|STATEMENT_EXECUTE|[16]
10:49:15.98 (98944704)|HEAP_ALLOCATE|[16]|Bytes:9
10:49:15.98 (98951125)|VARIABLE_SCOPE_BEGIN|[16]|oauthSignatureMethod|String|false|false
10:49:15.98 (98959295)|VARIABLE_ASSIGNMENT|[16]|oauthSignatureMethod|"HMAC-SHA1"
10:49:15.98 (98963414)|STATEMENT_EXECUTE|[17]
10:49:15.98 (98968351)|VARIABLE_SCOPE_BEGIN|[17]|strTwitterId|String|false|false
10:49:15.98 (98976668)|VARIABLE_ASSIGNMENT|[17]|strTwitterId|""
10:49:15.98 (98980801)|STATEMENT_EXECUTE|[18]
10:49:15.98 (98984959)|VARIABLE_SCOPE_BEGIN|[18]|pictureURL|String|false|false
10:49:15.98 (98990826)|VARIABLE_ASSIGNMENT|[18]|pictureURL|""
10:49:15.98 (99026227)|ENTERING_MANAGED_PKG|
10:49:15.98 (99080395)|STATEMENT_EXECUTE|[20]
10:49:15.98 (99084352)|STATEMENT_EXECUTE|[24]
10:49:15.98 (99088188)|HEAP_ALLOCATE|[24]|Bytes:56
10:49:15.98 (99101488)|HEAP_ALLOCATE|[24]|Bytes:68
10:49:15.98 (99124615)|ENTERING_MANAGED_PKG|
10:49:15.98 (99177816)|USER_DEBUG|[24]|DEBUG|######## Twitter_Lightning_Controller -  objectApiName: Candidate__c
10:49:15.98 (99190999)|STATEMENT_EXECUTE|[28]
10:49:15.98 (99358994)|HEAP_ALLOCATE|[28]|Bytes:85
10:49:15.98 (99377642)|SYSTEM_METHOD_ENTRY|[1]|UserInfo.UserInfo()
10:49:15.98 (99384899)|STATEMENT_EXECUTE|[1]
10:49:15.98 (99396337)|SYSTEM_METHOD_EXIT|[1]|UserInfo
10:49:15.98 (99411424)|METHOD_ENTRY|[28]||System.UserInfo.getUserId()
10:49:15.98 (99463584)|METHOD_EXIT|[28]||System.UserInfo.getUserId()
10:49:15.98 (99472897)|VARIABLE_SCOPE_BEGIN|[28]|strUserId|String|false|false
10:49:15.98 (99483192)|VARIABLE_ASSIGNMENT|[28]|strUserId|"005B00000021dadIAA"
10:49:15.98 (99489917)|STATEMENT_EXECUTE|[31]
10:49:15.98 (99804766)|ENTERING_MANAGED_PKG|
10:49:15.98 (100745627)|VARIABLE_SCOPE_BEGIN|[31]|myCS1|testautonumdata__Twitter_User__c|true|false
10:49:15.98 (100761312)|VARIABLE_ASSIGNMENT|[31]|myCS1|null|
10:49:15.98 (100768892)|STATEMENT_EXECUTE|[32]
10:49:15.98 (100812130)|EXCEPTION_THROWN|[32]|System.NullPointerException: Attempt to de-reference a null object
10:49:15.98 (100934824)|HEAP_ALLOCATE|[32]|Bytes:41
10:49:15.98 (101067368)|FATAL_ERROR|System.NullPointerException: Attempt to de-reference a null object

Class.testautonumdata.Twitter_Lightning_Controller.getTwitterPicture: line 32, column 1
10:49:15.98 (101088622)|FATAL_ERROR|System.NullPointerException: Attempt to de-reference a null object

Class.testautonumdata.Twitter_Lightning_Controller.getTwitterPicture: line 32, column 1
10:49:15.101 (101106059)|CUMULATIVE_LIMIT_USAGE
10:49:15.101 (101106059)|LIMIT_USAGE_FOR_NS|(default)|
  Number of SOQL queries: 0 out of 100
  Number of query rows: 0 out of 50000
  Number of SOSL queries: 0 out of 20
  Number of DML statements: 0 out of 150
  Number of DML rows: 0 out of 10000
  Maximum CPU time: 0 out of 10000
  Maximum heap size: 0 out of 6000000
  Number of callouts: 0 out of 100
  Number of Email Invocations: 0 out of 10
  Number of future calls: 0 out of 50
  Number of queueable jobs added to the queue: 0 out of 50
  Number of Mobile Apex push calls: 0 out of 10

10:49:15.101 (101106059)|LIMIT_USAGE_FOR_NS|testautonumdata|
  Number of SOQL queries: 1 out of 100
  Number of query rows: 0 out of 50000
  Number of SOSL queries: 0 out of 20
  Number of DML statements: 0 out of 150
  Number of DML rows: 0 out of 10000
  Maximum CPU time: 0 out of 10000
  Maximum heap size: 0 out of 6000000
  Number of callouts: 0 out of 100
  Number of Email Invocations: 0 out of 10
  Number of future calls: 0 out of 50
  Number of queueable jobs added to the queue: 0 out of 50
  Number of Mobile Apex push calls: 0 out of 10

10:49:15.101 (101106059)|CUMULATIVE_LIMIT_USAGE_END

10:49:15.98 (101186649)|CODE_UNIT_FINISHED|Twitter_Lightning_Controller.getTwitterPicture
10:49:15.0 (107181551)|HEAP_ALLOCATE|[EXTERNAL]|Bytes:18
10:49:15.0 (107199266)|HEAP_ALLOCATE|[EXTERNAL]|Bytes:18
10:49:15.109 (109668504)|USER_INFO|[EXTERNAL]|005B00000021dad|elisabeth.brooks@df16recruitment.dev|Pacific Standard Time|GMT-07:00
10:49:15.109 (109808948)|STATEMENT_EXECUTE|[1]
10:49:15.109 (109821224)|HEAP_ALLOCATE|[EXTERNAL]|Bytes:5
10:49:15.109 (109844370)|METHOD_EXIT|[1]|CandidateController
10:49:15.109 (109853774)|HEAP_ALLOCATE|[EXTERNAL]|Bytes:18
10:49:15.109 (109867647)|VARIABLE_SCOPE_BEGIN|[13]|candidateID|String|false|false
10:49:15.109 (109899998)|VARIABLE_ASSIGNMENT|[13]|candidateID|"a0MB0000000cQdIMAU"
10:49:15.109 (109916451)|HEAP_ALLOCATE|[14]|Bytes:5
10:49:15.109 (109929288)|STATEMENT_EXECUTE|[13]
10:49:15.109 (109935668)|STATEMENT_EXECUTE|[14]
10:49:15.109 (109942009)|HEAP_ALLOCATE|[14]|Bytes:276
10:49:15.109 (109952635)|HEAP_ALLOCATE|[14]|Bytes:4
10:49:15.109 (110911312)|SOQL_EXECUTE_BEGIN|[14]|Aggregations:0|SELECT Id, Name, testautonumdata__Geolocation__Latitude__s, testautonumdata__Geolocation__Longitude__s FROM testautonumdata__Candidate__c WHERE (testautonumdata__Geolocation__Longitude__s != NULL AND testautonumdata__Geolocation__Latitude__s != NULL AND id = :tmpVar1) LIMIT 1
10:49:15.109 (113978004)|SOQL_EXECUTE_END|[14]|Rows:1
10:49:15.109 (114010821)|HEAP_ALLOCATE|[14]|Bytes:8
10:49:15.109 (114027005)|HEAP_ALLOCATE|[14]|Bytes:217
10:49:15.109 (114104154)|HEAP_ALLOCATE|[14]|Bytes:8
10:49:15.114 (114166020)|CUMULATIVE_LIMIT_USAGE
10:49:15.114 (114166020)|LIMIT_USAGE_FOR_NS|(default)|
  Number of SOQL queries: 0 out of 100
  Number of query rows: 0 out of 50000
  Number of SOSL queries: 0 out of 20
  Number of DML statements: 0 out of 150
  Number of DML rows: 0 out of 10000
  Maximum CPU time: 0 out of 10000
  Maximum heap size: 0 out of 6000000
  Number of callouts: 0 out of 100
  Number of Email Invocations: 0 out of 10
  Number of future calls: 0 out of 50
  Number of queueable jobs added to the queue: 0 out of 50
  Number of Mobile Apex push calls: 0 out of 10

10:49:15.114 (114166020)|LIMIT_USAGE_FOR_NS|testautonumdata|
  Number of SOQL queries: 2 out of 100
  Number of query rows: 1 out of 50000
  Number of SOSL queries: 0 out of 20
  Number of DML statements: 0 out of 150
  Number of DML rows: 0 out of 10000
  Maximum CPU time: 0 out of 10000
  Maximum heap size: 0 out of 6000000
  Number of callouts: 0 out of 100
  Number of Email Invocations: 0 out of 10
  Number of future calls: 0 out of 50
  Number of queueable jobs added to the queue: 0 out of 50
  Number of Mobile Apex push calls: 0 out of 10

10:49:15.114 (114166020)|CUMULATIVE_LIMIT_USAGE_END

10:49:15.109 (114236564)|CODE_UNIT_FINISHED|CandidateController.findCandidateByID
