37.0 APEX_CODE,FINEST;APEX_PROFILING,INFO;CALLOUT,INFO;DB,INFO;SYSTEM,DEBUG;VALIDATION,INFO;VISUALFORCE,INFO;WORKFLOW,INFO
12:07:21.0 (124641)|USER_INFO|[EXTERNAL]|005B0000001VpZR|rreboucas-yi5c@force.com|Pacific Standard Time|GMT-07:00
12:07:21.0 (717329)|HEAP_ALLOCATE|[72]|Bytes:3
12:07:21.0 (778580)|HEAP_ALLOCATE|[77]|Bytes:152
12:07:21.0 (803409)|HEAP_ALLOCATE|[342]|Bytes:408
12:07:21.0 (824682)|HEAP_ALLOCATE|[355]|Bytes:408
12:07:21.0 (844534)|HEAP_ALLOCATE|[467]|Bytes:48
12:07:21.3 (3222399)|USER_INFO|[EXTERNAL]|005B0000001VpZR|rreboucas-yi5c@force.com|Pacific Standard Time|GMT-07:00
12:07:21.3 (3438052)|STATEMENT_EXECUTE|[1]
12:07:21.3 (3480866)|HEAP_ALLOCATE|[50]|Bytes:5
12:07:21.3 (3509288)|HEAP_ALLOCATE|[56]|Bytes:5
12:07:21.3 (3519333)|HEAP_ALLOCATE|[64]|Bytes:7
12:07:21.3 (3549366)|SYSTEM_MODE_ENTER|false
12:07:21.3 (3569933)|HEAP_ALLOCATE|[EXTERNAL]|Bytes:5
12:07:21.3 (3579913)|SYSTEM_MODE_EXIT|false
12:07:21.3 (3593473)|METHOD_EXIT|[1]|InterviewsLCServerController
12:07:21.3 (3598838)|HEAP_ALLOCATE|[EXTERNAL]|Bytes:1
12:07:21.3 (3600753)|HEAP_ALLOCATE|[EXTERNAL]|Bytes:4
12:07:21.3 (3602047)|HEAP_ALLOCATE|[EXTERNAL]|Bytes:2
12:07:21.3 (3603203)|HEAP_ALLOCATE|[EXTERNAL]|Bytes:10
12:07:21.3 (3612934)|SYSTEM_MODE_ENTER|false
12:07:21.3 (3621239)|VARIABLE_SCOPE_BEGIN|[19]|rowsLimit|String|false|false
12:07:21.3 (3649179)|VARIABLE_ASSIGNMENT|[19]|rowsLimit|"8"
12:07:21.3 (3652845)|VARIABLE_SCOPE_BEGIN|[19]|objectApiName|String|false|false
12:07:21.3 (3657726)|VARIABLE_ASSIGNMENT|[19]|objectApiName|"Case"
12:07:21.3 (3659914)|VARIABLE_SCOPE_BEGIN|[19]|eventField|String|false|false
12:07:21.3 (3662981)|VARIABLE_ASSIGNMENT|[19]|eventField|"Id"
12:07:21.3 (3665231)|VARIABLE_SCOPE_BEGIN|[19]|column1|String|false|false
12:07:21.3 (3668245)|VARIABLE_ASSIGNMENT|[19]|column1|"CaseNumber"
12:07:21.3 (3670233)|VARIABLE_SCOPE_BEGIN|[19]|column2|String|false|false
12:07:21.3 (3672938)|VARIABLE_ASSIGNMENT|[19]|column2|""
12:07:21.3 (3674737)|VARIABLE_SCOPE_BEGIN|[19]|column3|String|false|false
12:07:21.3 (3677474)|VARIABLE_ASSIGNMENT|[19]|column3|""
12:07:21.3 (3679365)|VARIABLE_SCOPE_BEGIN|[19]|column4|String|false|false
12:07:21.3 (3681952)|VARIABLE_ASSIGNMENT|[19]|column4|""
12:07:21.3 (3695799)|HEAP_ALLOCATE|[21]|Bytes:5
12:07:21.3 (3700198)|STATEMENT_EXECUTE|[19]
12:07:21.3 (3701833)|STATEMENT_EXECUTE|[21]
12:07:21.3 (3705080)|HEAP_ALLOCATE|[21]|Bytes:20
12:07:21.3 (3719716)|HEAP_ALLOCATE|[21]|Bytes:21
12:07:21.3 (3757694)|ENTERING_MANAGED_PKG|
12:07:21.3 (3799562)|USER_DEBUG|[21]|DEBUG|######## rowsLimit: 8
12:07:21.3 (3810064)|STATEMENT_EXECUTE|[22]
12:07:21.3 (3813843)|HEAP_ALLOCATE|[22]|Bytes:24
12:07:21.3 (3820977)|HEAP_ALLOCATE|[22]|Bytes:28
12:07:21.3 (3836632)|ENTERING_MANAGED_PKG|
12:07:21.3 (3862019)|USER_DEBUG|[22]|DEBUG|######## objectApiName: Case
12:07:21.3 (3869288)|STATEMENT_EXECUTE|[24]
12:07:21.3 (3949144)|HEAP_ALLOCATE|[24]|Bytes:4
12:07:21.3 (4022079)|ENTERING_MANAGED_PKG|
12:07:21.3 (4067160)|VARIABLE_SCOPE_BEGIN|[24]|lstReturnRecords|List<testautonumdata.InterviewsLCServerController>|true|false
12:07:21.3 (4100559)|HEAP_ALLOCATE|[EXTERNAL]|Bytes:4
12:07:21.3 (4121911)|VARIABLE_ASSIGNMENT|[24]|lstReturnRecords|{"s":1,"v":[]}|0x15e4a612
12:07:21.3 (4125140)|STATEMENT_EXECUTE|[26]
12:07:21.3 (4154834)|ENTERING_MANAGED_PKG|
12:07:21.3 (4196147)|VARIABLE_SCOPE_BEGIN|[26]|rLimit|Integer|false|false
12:07:21.3 (4201892)|HEAP_ALLOCATE|[26]|Bytes:4
12:07:21.3 (4208112)|VARIABLE_ASSIGNMENT|[26]|rLimit|8
12:07:21.3 (4210648)|STATEMENT_EXECUTE|[27]
12:07:21.3 (4214373)|HEAP_ALLOCATE|[27]|Bytes:17
12:07:21.3 (4235900)|ENTERING_MANAGED_PKG|
12:07:21.3 (4271612)|HEAP_ALLOCATE|[27]|Bytes:1
12:07:21.3 (4285856)|HEAP_ALLOCATE|[27]|Bytes:18
12:07:21.3 (4303275)|ENTERING_MANAGED_PKG|
12:07:21.3 (4309367)|USER_DEBUG|[27]|DEBUG|######## rLimit: 8
12:07:21.3 (4315664)|STATEMENT_EXECUTE|[29]
12:07:21.3 (4319019)|HEAP_ALLOCATE|[29]|Bytes:9
12:07:21.3 (4323878)|VARIABLE_SCOPE_BEGIN|[29]|soql|String|false|false
12:07:21.3 (4331229)|VARIABLE_ASSIGNMENT|[29]|soql|"Select id"
12:07:21.3 (4334011)|STATEMENT_EXECUTE|[32]
12:07:21.3 (4336573)|HEAP_ALLOCATE|[32]|Bytes:2
12:07:21.3 (4342188)|HEAP_ALLOCATE|[32]|Bytes:4
12:07:21.3 (4346325)|HEAP_ALLOCATE|[32]|Bytes:13
12:07:21.3 (4351370)|VARIABLE_ASSIGNMENT|[32]|soql|"Select id, Id"
12:07:21.3 (4353977)|STATEMENT_EXECUTE|[35]
12:07:21.3 (4357975)|HEAP_ALLOCATE|[35]|Bytes:12
12:07:21.3 (4362264)|HEAP_ALLOCATE|[35]|Bytes:25
12:07:21.3 (4369458)|VARIABLE_ASSIGNMENT|[35]|soql|"Select id, Id, CaseN (5 more) ..."
12:07:21.3 (4372579)|STATEMENT_EXECUTE|[38]
12:07:21.3 (4376659)|HEAP_ALLOCATE|[38]|Bytes:2
12:07:21.3 (4380718)|HEAP_ALLOCATE|[38]|Bytes:27
12:07:21.3 (4386271)|VARIABLE_ASSIGNMENT|[38]|soql|"Select id, Id, CaseN (7 more) ..."
12:07:21.3 (4388816)|STATEMENT_EXECUTE|[41]
12:07:21.3 (4392799)|HEAP_ALLOCATE|[41]|Bytes:2
12:07:21.3 (4396680)|HEAP_ALLOCATE|[41]|Bytes:29
12:07:21.3 (4401975)|VARIABLE_ASSIGNMENT|[41]|soql|"Select id, Id, CaseN (9 more) ..."
12:07:21.3 (4404268)|STATEMENT_EXECUTE|[44]
12:07:21.3 (4408174)|HEAP_ALLOCATE|[44]|Bytes:2
12:07:21.3 (4412118)|HEAP_ALLOCATE|[44]|Bytes:31
12:07:21.3 (4417694)|VARIABLE_ASSIGNMENT|[44]|soql|"Select id, Id, CaseN (11 more) ..."
12:07:21.3 (4419950)|STATEMENT_EXECUTE|[47]
12:07:21.3 (4422540)|HEAP_ALLOCATE|[47]|Bytes:6
12:07:21.3 (4426789)|HEAP_ALLOCATE|[47]|Bytes:10
12:07:21.3 (4430237)|HEAP_ALLOCATE|[47]|Bytes:41
12:07:21.3 (4435662)|VARIABLE_ASSIGNMENT|[47]|soql|"Select id, Id, CaseN (21 more) ..."
12:07:21.3 (4437434)|STATEMENT_EXECUTE|[50]
12:07:21.3 (4440016)|HEAP_ALLOCATE|[50]|Bytes:7
12:07:21.3 (4444289)|HEAP_ALLOCATE|[50]|Bytes:8
12:07:21.3 (4447960)|HEAP_ALLOCATE|[50]|Bytes:49
12:07:21.3 (4453393)|VARIABLE_ASSIGNMENT|[50]|soql|"Select id, Id, CaseN (29 more) ..."
12:07:21.3 (4455437)|STATEMENT_EXECUTE|[54]
12:07:21.3 (4457822)|HEAP_ALLOCATE|[54]|Bytes:15
12:07:21.3 (4461751)|HEAP_ALLOCATE|[54]|Bytes:64
12:07:21.3 (4477322)|ENTERING_MANAGED_PKG|
12:07:21.3 (4503333)|USER_DEBUG|[54]|DEBUG|######## soql: Select id, Id, CaseNumber, , ,  FROM Case limit 8
12:07:21.3 (4510758)|STATEMENT_EXECUTE|[56]
12:07:21.3 (4537022)|ENTERING_MANAGED_PKG|
12:07:21.3 (4559357)|HEAP_ALLOCATE|[56]|Bytes:4
12:07:21.3 (4766822)|EXCEPTION_THROWN|[56]|System.QueryException: unexpected token: ','
12:07:21.3 (4854738)|HEAP_ALLOCATE|[56]|Bytes:25
12:07:21.3 (4945653)|FATAL_ERROR|System.QueryException: unexpected token: ','

Class.testautonumdata.InterviewsLCServerController.getListRecords: line 56, column 1
12:07:21.3 (4957180)|FATAL_ERROR|System.QueryException: unexpected token: ','

Class.testautonumdata.InterviewsLCServerController.getListRecords: line 56, column 1
12:07:21.4 (4966471)|CUMULATIVE_LIMIT_USAGE
12:07:21.4 (4966471)|LIMIT_USAGE_FOR_NS|(default)|
  Number of SOQL queries: 0 out of 100
  Number of query rows: 0 out of 50000
  Number of SOSL queries: 0 out of 20
  Number of DML statements: 0 out of 150
  Number of DML rows: 0 out of 10000
  Maximum CPU time: 0 out of 10000
  Maximum heap size: 0 out of 6000000
  Number of callouts: 0 out of 100
  Number of Email Invocations: 0 out of 10
  Number of future calls: 0 out of 50
  Number of queueable jobs added to the queue: 0 out of 50
  Number of Mobile Apex push calls: 0 out of 10

12:07:21.4 (4966471)|CUMULATIVE_LIMIT_USAGE_END

12:07:21.3 (5024287)|CODE_UNIT_FINISHED|InterviewsLCServerController.getListRecords
