37.0 APEX_CODE,FINEST;APEX_PROFILING,INFO;CALLOUT,INFO;DB,INFO;SYSTEM,DEBUG;VALIDATION,INFO;VISUALFORCE,INFO;WORKFLOW,INFO
11:18:44.0 (147727)|USER_INFO|[EXTERNAL]|005B00000021dad|elisabeth.brooks@df16recruitment.dev|Pacific Standard Time|GMT-07:00
11:18:44.0 (187084)|EXECUTION_STARTED
11:18:44.0 (193609)|CODE_UNIT_STARTED|[EXTERNAL]|01pB0000000rC4C|CandidateDropDownController.findAll
11:18:44.0 (423177)|HEAP_ALLOCATE|[72]|Bytes:3
11:18:44.0 (508515)|HEAP_ALLOCATE|[77]|Bytes:152
11:18:44.0 (543702)|HEAP_ALLOCATE|[342]|Bytes:408
11:18:44.0 (581630)|HEAP_ALLOCATE|[355]|Bytes:408
11:18:44.0 (610112)|HEAP_ALLOCATE|[467]|Bytes:48
11:18:44.0 (665422)|HEAP_ALLOCATE|[139]|Bytes:6
11:18:44.0 (827036)|HEAP_ALLOCATE|[EXTERNAL]|Bytes:6
11:18:44.0 (851864)|METHOD_ENTRY|[1]|01pB0000000rC4C|CandidateDropDownController.CandidateDropDownController()
11:18:44.0 (871793)|STATEMENT_EXECUTE|[1]
11:18:44.0 (893776)|STATEMENT_EXECUTE|[1]
11:18:44.0 (944674)|HEAP_ALLOCATE|[50]|Bytes:5
11:18:44.0 (982324)|HEAP_ALLOCATE|[56]|Bytes:5
11:18:44.0 (1000004)|HEAP_ALLOCATE|[64]|Bytes:7
11:18:44.0 (1047746)|SYSTEM_MODE_ENTER|false
11:18:44.0 (1074810)|HEAP_ALLOCATE|[EXTERNAL]|Bytes:5
11:18:44.0 (1089328)|SYSTEM_MODE_EXIT|false
11:18:44.0 (1107573)|METHOD_EXIT|[1]|CandidateDropDownController
11:18:44.0 (1125536)|SYSTEM_MODE_ENTER|false
11:18:44.0 (1135041)|VARIABLE_SCOPE_BEGIN|[4]|objectApiName|String|false|false
11:18:44.0 (1175680)|VARIABLE_ASSIGNMENT|[4]|objectApiName|null
11:18:44.0 (1196434)|HEAP_ALLOCATE|[5]|Bytes:5
11:18:44.0 (1209446)|STATEMENT_EXECUTE|[4]
11:18:44.0 (1215531)|STATEMENT_EXECUTE|[5]
11:18:44.0 (1220748)|HEAP_ALLOCATE|[5]|Bytes:42
11:18:44.0 (1235962)|HEAP_ALLOCATE|[5]|Bytes:4
11:18:44.0 (1935217)|SOQL_EXECUTE_BEGIN|[5]|Aggregations:0|SELECT id, name FROM Candidate__c LIMIT 50
11:18:44.0 (6039508)|SOQL_EXECUTE_END|[5]|Rows:10
11:18:44.0 (6074730)|HEAP_ALLOCATE|[5]|Bytes:44
11:18:44.0 (6105170)|HEAP_ALLOCATE|[5]|Bytes:490
11:18:44.0 (6244374)|HEAP_ALLOCATE|[5]|Bytes:44
11:18:44.0 (6265997)|SYSTEM_MODE_EXIT|false
11:18:44.6 (6309792)|CUMULATIVE_LIMIT_USAGE
11:18:44.6 (6309792)|LIMIT_USAGE_FOR_NS|(default)|
  Number of SOQL queries: 0 out of 100
  Number of query rows: 0 out of 50000
  Number of SOSL queries: 0 out of 20
  Number of DML statements: 0 out of 150
  Number of DML rows: 0 out of 10000
  Maximum CPU time: 0 out of 10000
  Maximum heap size: 0 out of 6000000
  Number of callouts: 0 out of 100
  Number of Email Invocations: 0 out of 10
  Number of future calls: 0 out of 50
  Number of queueable jobs added to the queue: 0 out of 50
  Number of Mobile Apex push calls: 0 out of 10

11:18:44.6 (6309792)|LIMIT_USAGE_FOR_NS|testautonumdata|
  Number of SOQL queries: 1 out of 100
  Number of query rows: 10 out of 50000
  Number of SOSL queries: 0 out of 20
  Number of DML statements: 0 out of 150
  Number of DML rows: 0 out of 10000
  Maximum CPU time: 0 out of 10000
  Maximum heap size: 0 out of 6000000
  Number of callouts: 0 out of 100
  Number of Email Invocations: 0 out of 10
  Number of future calls: 0 out of 50
  Number of queueable jobs added to the queue: 0 out of 50
  Number of Mobile Apex push calls: 0 out of 10

11:18:44.6 (6309792)|CUMULATIVE_LIMIT_USAGE_END

11:18:44.0 (6379081)|CODE_UNIT_FINISHED|CandidateDropDownController.findAll
11:18:44.0 (8611442)|EXECUTION_FINISHED
