35.0 APEX_CODE,FINEST;APEX_PROFILING,INFO;CALLOUT,INFO;DB,INFO;SYSTEM,DEBUG;VALIDATION,INFO;VISUALFORCE,INFO;WORKFLOW,INFO
10:43:23.0 (140107)|USER_INFO|[EXTERNAL]|005B00000021dad|elisabeth.brooks@df16recruitment.dev|Pacific Standard Time|GMT-07:00
10:43:23.0 (178563)|EXECUTION_STARTED
10:43:23.0 (192890)|CODE_UNIT_STARTED|[EXTERNAL]|066B0000000O9qH|VF: /apex/testautonumdata__LightningContainer
10:43:23.0 (3991081)|SYSTEM_MODE_ENTER|true
10:43:23.0 (4518957)|HEAP_ALLOCATE|[72]|Bytes:3
10:43:23.0 (4580470)|HEAP_ALLOCATE|[77]|Bytes:152
10:43:23.0 (4603918)|HEAP_ALLOCATE|[342]|Bytes:408
10:43:23.0 (4625112)|HEAP_ALLOCATE|[355]|Bytes:408
10:43:23.0 (4644855)|HEAP_ALLOCATE|[467]|Bytes:48
10:43:23.0 (4757250)|HEAP_ALLOCATE|[139]|Bytes:6
10:43:23.0 (4936557)|HEAP_ALLOCATE|[EXTERNAL]|Bytes:12
10:43:23.0 (4980690)|METHOD_ENTRY|[1]|01pB0000000dwRE|MyCustomController.MyCustomController()
10:43:23.0 (4996472)|STATEMENT_EXECUTE|[1]
10:43:23.0 (5010519)|STATEMENT_EXECUTE|[1]
10:43:23.0 (5032073)|METHOD_EXIT|[1]|MyCustomController
10:43:23.0 (5042936)|HEAP_ALLOCATE|[EXTERNAL]|Bytes:8
10:43:23.0 (5056460)|VARIABLE_SCOPE_BEGIN|[5]|this|testautonumdata.MyCustomController|true|false
10:43:23.0 (5223955)|VARIABLE_ASSIGNMENT|[5]|this|{}|0x274f3062
10:43:23.0 (5237299)|STATEMENT_EXECUTE|[1]
10:43:23.0 (5240267)|STATEMENT_EXECUTE|[3]
10:43:23.0 (5252639)|HEAP_ALLOCATE|[6]|Bytes:6
10:43:23.0 (5353048)|STATEMENT_EXECUTE|[5]
10:43:23.0 (5356938)|STATEMENT_EXECUTE|[6]
10:43:23.0 (5428668)|HEAP_ALLOCATE|[6]|Bytes:4
10:43:23.0 (5614796)|HEAP_ALLOCATE|[50]|Bytes:5
10:43:23.0 (5637860)|HEAP_ALLOCATE|[56]|Bytes:5
10:43:23.0 (5648557)|HEAP_ALLOCATE|[64]|Bytes:7
10:43:23.0 (5707038)|VARIABLE_ASSIGNMENT|[6]|this.account|{}|0x274f3062
10:43:23.14 (14656930)|CUMULATIVE_LIMIT_USAGE
10:43:23.14 (14656930)|LIMIT_USAGE_FOR_NS|(default)|
  Number of SOQL queries: 0 out of 100
  Number of query rows: 0 out of 50000
  Number of SOSL queries: 0 out of 20
  Number of DML statements: 0 out of 150
  Number of DML rows: 0 out of 10000
  Maximum CPU time: 0 out of 10000
  Maximum heap size: 0 out of 6000000
  Number of callouts: 0 out of 100
  Number of Email Invocations: 0 out of 10
  Number of future calls: 0 out of 50
  Number of queueable jobs added to the queue: 0 out of 50
  Number of Mobile Apex push calls: 0 out of 10

10:43:23.14 (14656930)|CUMULATIVE_LIMIT_USAGE_END

10:43:23.0 (14724689)|CODE_UNIT_FINISHED|VF: /apex/testautonumdata__LightningContainer
10:43:23.0 (16015839)|EXECUTION_FINISHED
