37.0 APEX_CODE,FINEST;APEX_PROFILING,INFO;CALLOUT,INFO;DB,INFO;SYSTEM,DEBUG;VALIDATION,INFO;VISUALFORCE,INFO;WORKFLOW,INFO
11:19:19.0 (123808)|USER_INFO|[EXTERNAL]|005B00000021dad|elisabeth.brooks@df16recruitment.dev|Pacific Standard Time|GMT-07:00
11:19:19.0 (653455)|HEAP_ALLOCATE|[72]|Bytes:3
11:19:19.0 (718877)|HEAP_ALLOCATE|[77]|Bytes:152
11:19:19.0 (741109)|HEAP_ALLOCATE|[342]|Bytes:408
11:19:19.0 (764764)|HEAP_ALLOCATE|[355]|Bytes:408
11:19:19.0 (785834)|HEAP_ALLOCATE|[467]|Bytes:48
11:19:19.2 (2099187)|USER_INFO|[EXTERNAL]|005B00000021dad|elisabeth.brooks@df16recruitment.dev|Pacific Standard Time|GMT-07:00
11:19:19.2 (2248492)|STATEMENT_EXECUTE|[1]
11:19:19.2 (2289619)|HEAP_ALLOCATE|[50]|Bytes:5
11:19:19.2 (2319023)|HEAP_ALLOCATE|[56]|Bytes:5
11:19:19.2 (2329083)|HEAP_ALLOCATE|[64]|Bytes:7
11:19:19.2 (2360618)|SYSTEM_MODE_ENTER|false
11:19:19.2 (2381926)|HEAP_ALLOCATE|[EXTERNAL]|Bytes:5
11:19:19.2 (2393938)|SYSTEM_MODE_EXIT|false
11:19:19.2 (2407696)|METHOD_EXIT|[1]|CandidateDropDownController
11:19:19.2 (2413738)|HEAP_ALLOCATE|[EXTERNAL]|Bytes:1
11:19:19.2 (2422306)|SYSTEM_MODE_ENTER|false
11:19:19.2 (2429580)|VARIABLE_SCOPE_BEGIN|[9]|searchKey|String|false|false
11:19:19.2 (2458106)|VARIABLE_ASSIGNMENT|[9]|searchKey|"j"
11:19:19.2 (2472965)|HEAP_ALLOCATE|[10]|Bytes:5
11:19:19.2 (2480978)|STATEMENT_EXECUTE|[9]
11:19:19.2 (2483960)|STATEMENT_EXECUTE|[10]
11:19:19.2 (2487808)|HEAP_ALLOCATE|[10]|Bytes:1
11:19:19.2 (2503146)|HEAP_ALLOCATE|[10]|Bytes:3
11:19:19.2 (2510402)|VARIABLE_SCOPE_BEGIN|[10]|name|String|false|false
11:19:19.2 (2517193)|VARIABLE_ASSIGNMENT|[10]|name|"%j%"
11:19:19.2 (2522237)|STATEMENT_EXECUTE|[11]
11:19:19.2 (2525218)|HEAP_ALLOCATE|[11]|Bytes:67
11:19:19.2 (2537258)|HEAP_ALLOCATE|[11]|Bytes:4
11:19:19.2 (2549740)|HEAP_ALLOCATE|[11]|Bytes:7
11:19:19.2 (3108934)|SOQL_EXECUTE_BEGIN|[11]|Aggregations:0|SELECT id, name FROM Candidate__c WHERE name LIKE :tmpVar1 LIMIT 50
11:19:19.2 (12586682)|SOQL_EXECUTE_END|[11]|Rows:4
11:19:19.2 (12621825)|HEAP_ALLOCATE|[11]|Bytes:20
11:19:19.2 (12644851)|HEAP_ALLOCATE|[11]|Bytes:203
11:19:19.2 (12740253)|HEAP_ALLOCATE|[11]|Bytes:20
11:19:19.2 (12762860)|SYSTEM_MODE_EXIT|false
11:19:19.12 (12803089)|CUMULATIVE_LIMIT_USAGE
11:19:19.12 (12803089)|LIMIT_USAGE_FOR_NS|(default)|
  Number of SOQL queries: 0 out of 100
  Number of query rows: 0 out of 50000
  Number of SOSL queries: 0 out of 20
  Number of DML statements: 0 out of 150
  Number of DML rows: 0 out of 10000
  Maximum CPU time: 0 out of 10000
  Maximum heap size: 0 out of 6000000
  Number of callouts: 0 out of 100
  Number of Email Invocations: 0 out of 10
  Number of future calls: 0 out of 50
  Number of queueable jobs added to the queue: 0 out of 50
  Number of Mobile Apex push calls: 0 out of 10

11:19:19.12 (12803089)|LIMIT_USAGE_FOR_NS|testautonumdata|
  Number of SOQL queries: 1 out of 100
  Number of query rows: 4 out of 50000
  Number of SOSL queries: 0 out of 20
  Number of DML statements: 0 out of 150
  Number of DML rows: 0 out of 10000
  Maximum CPU time: 0 out of 10000
  Maximum heap size: 0 out of 6000000
  Number of callouts: 0 out of 100
  Number of Email Invocations: 0 out of 10
  Number of future calls: 0 out of 50
  Number of queueable jobs added to the queue: 0 out of 50
  Number of Mobile Apex push calls: 0 out of 10

11:19:19.12 (12803089)|CUMULATIVE_LIMIT_USAGE_END

11:19:19.2 (12879802)|CODE_UNIT_FINISHED|CandidateDropDownController.findByName
11:19:19.0 (13123708)|HEAP_ALLOCATE|[EXTERNAL]|Bytes:1
11:19:19.0 (13137969)|HEAP_ALLOCATE|[EXTERNAL]|Bytes:1
11:19:19.15 (15897774)|USER_INFO|[EXTERNAL]|005B00000021dad|elisabeth.brooks@df16recruitment.dev|Pacific Standard Time|GMT-07:00
11:19:19.15 (15971285)|HEAP_ALLOCATE|[10]|Bytes:5
11:19:19.15 (15980702)|STATEMENT_EXECUTE|[9]
11:19:19.15 (15983579)|STATEMENT_EXECUTE|[10]
11:19:19.15 (15990268)|HEAP_ALLOCATE|[10]|Bytes:3
11:19:19.15 (15995401)|VARIABLE_SCOPE_BEGIN|[10]|name|String|false|false
11:19:19.15 (16016112)|VARIABLE_ASSIGNMENT|[10]|name|"%j%"
11:19:19.15 (16023523)|STATEMENT_EXECUTE|[11]
11:19:19.15 (16028763)|HEAP_ALLOCATE|[11]|Bytes:4
11:19:19.15 (16209513)|SOQL_EXECUTE_BEGIN|[11]|Aggregations:0|SELECT id, name FROM Candidate__c WHERE name LIKE :tmpVar1 LIMIT 50
11:19:19.15 (24579805)|SOQL_EXECUTE_END|[11]|Rows:4
11:19:19.15 (24607589)|HEAP_ALLOCATE|[11]|Bytes:20
11:19:19.15 (24624601)|HEAP_ALLOCATE|[11]|Bytes:203
11:19:19.15 (24639112)|HEAP_ALLOCATE|[11]|Bytes:20
11:19:19.15 (24657035)|SYSTEM_MODE_EXIT|false
11:19:19.24 (24680825)|CUMULATIVE_LIMIT_USAGE
11:19:19.24 (24680825)|LIMIT_USAGE_FOR_NS|(default)|
  Number of SOQL queries: 0 out of 100
  Number of query rows: 0 out of 50000
  Number of SOSL queries: 0 out of 20
  Number of DML statements: 0 out of 150
  Number of DML rows: 0 out of 10000
  Maximum CPU time: 0 out of 10000
  Maximum heap size: 0 out of 6000000
  Number of callouts: 0 out of 100
  Number of Email Invocations: 0 out of 10
  Number of future calls: 0 out of 50
  Number of queueable jobs added to the queue: 0 out of 50
  Number of Mobile Apex push calls: 0 out of 10

11:19:19.24 (24680825)|LIMIT_USAGE_FOR_NS|testautonumdata|
  Number of SOQL queries: 2 out of 100
  Number of query rows: 8 out of 50000
  Number of SOSL queries: 0 out of 20
  Number of DML statements: 0 out of 150
  Number of DML rows: 0 out of 10000
  Maximum CPU time: 0 out of 10000
  Maximum heap size: 0 out of 6000000
  Number of callouts: 0 out of 100
  Number of Email Invocations: 0 out of 10
  Number of future calls: 0 out of 50
  Number of queueable jobs added to the queue: 0 out of 50
  Number of Mobile Apex push calls: 0 out of 10

11:19:19.24 (24680825)|CUMULATIVE_LIMIT_USAGE_END

11:19:19.15 (24745431)|CODE_UNIT_FINISHED|CandidateDropDownController.findByName
