37.0 APEX_CODE,FINEST;APEX_PROFILING,INFO;CALLOUT,INFO;DB,INFO;SYSTEM,DEBUG;VALIDATION,INFO;VISUALFORCE,INFO;WORKFLOW,INFO
11:32:47.0 (680841)|USER_INFO|[EXTERNAL]|005B0000001VpZR|rreboucas-yi5c@force.com|Pacific Standard Time|GMT-07:00
11:32:47.0 (1144161)|HEAP_ALLOCATE|[72]|Bytes:3
11:32:47.0 (1187269)|HEAP_ALLOCATE|[77]|Bytes:152
11:32:47.0 (1204872)|HEAP_ALLOCATE|[342]|Bytes:408
11:32:47.0 (1225078)|HEAP_ALLOCATE|[355]|Bytes:408
11:32:47.0 (1244156)|HEAP_ALLOCATE|[467]|Bytes:48
11:32:47.2 (2840938)|USER_INFO|[EXTERNAL]|005B0000001VpZR|rreboucas-yi5c@force.com|Pacific Standard Time|GMT-07:00
11:32:47.2 (3060697)|STATEMENT_EXECUTE|[1]
11:32:47.2 (3096361)|HEAP_ALLOCATE|[50]|Bytes:5
11:32:47.2 (3116738)|HEAP_ALLOCATE|[56]|Bytes:5
11:32:47.2 (3125869)|HEAP_ALLOCATE|[64]|Bytes:7
11:32:47.2 (3156862)|SYSTEM_MODE_ENTER|false
11:32:47.2 (3172015)|HEAP_ALLOCATE|[EXTERNAL]|Bytes:5
11:32:47.2 (3180281)|SYSTEM_MODE_EXIT|false
11:32:47.2 (3192275)|METHOD_EXIT|[1]|ReferralsServerController
11:32:47.2 (3209806)|HEAP_ALLOCATE|[EXTERNAL]|Bytes:28
11:32:47.2 (3212967)|HEAP_ALLOCATE|[EXTERNAL]|Bytes:18
11:32:47.2 (3214311)|HEAP_ALLOCATE|[EXTERNAL]|Bytes:28
11:32:47.2 (3215581)|HEAP_ALLOCATE|[EXTERNAL]|Bytes:29
11:32:47.2 (3216955)|HEAP_ALLOCATE|[EXTERNAL]|Bytes:7
11:32:47.2 (3218301)|HEAP_ALLOCATE|[EXTERNAL]|Bytes:11
11:32:47.2 (3226937)|SYSTEM_MODE_ENTER|false
11:32:47.2 (3239490)|VARIABLE_SCOPE_BEGIN|[20]|rowsLimit|Integer|false|false
11:32:47.2 (3268064)|VARIABLE_ASSIGNMENT|[20]|rowsLimit|8
11:32:47.2 (3273971)|VARIABLE_SCOPE_BEGIN|[20]|recordId|String|false|false
11:32:47.2 (3280469)|VARIABLE_ASSIGNMENT|[20]|recordId|"a0MB0000000cQXZMA2"
11:32:47.2 (3283817)|VARIABLE_SCOPE_BEGIN|[20]|objectApiName|String|false|false
11:32:47.2 (3289458)|VARIABLE_ASSIGNMENT|[20]|objectApiName|"testautonumdata__Ref (8 more) ..."
11:32:47.2 (3293183)|VARIABLE_SCOPE_BEGIN|[20]|ParentObjectFieldName|String|false|false
11:32:47.2 (3297567)|VARIABLE_ASSIGNMENT|[20]|ParentObjectFieldName|"testautonumdata__Can (9 more) ..."
11:32:47.2 (3301093)|VARIABLE_SCOPE_BEGIN|[20]|filter1Field|String|false|false
11:32:47.2 (3305146)|VARIABLE_ASSIGNMENT|[20]|filter1Field|null
11:32:47.2 (3308014)|VARIABLE_SCOPE_BEGIN|[20]|filter1Value|String|false|false
11:32:47.2 (3310744)|VARIABLE_ASSIGNMENT|[20]|filter1Value|null
11:32:47.2 (3313356)|VARIABLE_SCOPE_BEGIN|[20]|column1|String|false|false
11:32:47.2 (3316885)|VARIABLE_ASSIGNMENT|[20]|column1|"OwnerId"
11:32:47.2 (3319730)|VARIABLE_SCOPE_BEGIN|[20]|column2|String|false|false
11:32:47.2 (3323539)|VARIABLE_ASSIGNMENT|[20]|column2|"createddate"
11:32:47.2 (3336662)|HEAP_ALLOCATE|[22]|Bytes:5
11:32:47.2 (3340797)|STATEMENT_EXECUTE|[20]
11:32:47.2 (3342367)|STATEMENT_EXECUTE|[22]
11:32:47.2 (3387473)|HEAP_ALLOCATE|[22]|Bytes:20
11:32:47.2 (3418380)|ENTERING_MANAGED_PKG|
11:32:47.2 (3451814)|HEAP_ALLOCATE|[22]|Bytes:1
11:32:47.2 (3473072)|HEAP_ALLOCATE|[22]|Bytes:21
11:32:47.2 (3496820)|ENTERING_MANAGED_PKG|
11:32:47.2 (3503542)|USER_DEBUG|[22]|DEBUG|######## rowsLimit: 8
11:32:47.2 (3510363)|STATEMENT_EXECUTE|[23]
11:32:47.2 (3515319)|HEAP_ALLOCATE|[23]|Bytes:24
11:32:47.2 (3522058)|HEAP_ALLOCATE|[23]|Bytes:52
11:32:47.2 (3533059)|ENTERING_MANAGED_PKG|
11:32:47.2 (3556899)|USER_DEBUG|[23]|DEBUG|######## objectApiName: testautonumdata__Referral__c
11:32:47.2 (3563825)|STATEMENT_EXECUTE|[25]
11:32:47.2 (3569244)|HEAP_ALLOCATE|[25]|Bytes:4
11:32:47.2 (3621395)|ENTERING_MANAGED_PKG|
11:32:47.2 (3648796)|VARIABLE_SCOPE_BEGIN|[25]|lstReturnRecords|List<testautonumdata.ReferralsServerController>|true|false
11:32:47.2 (3676963)|HEAP_ALLOCATE|[EXTERNAL]|Bytes:4
11:32:47.2 (3701000)|VARIABLE_ASSIGNMENT|[25]|lstReturnRecords|{"s":1,"v":[]}|0xe8899a6
11:32:47.2 (3705236)|STATEMENT_EXECUTE|[28]
11:32:47.2 (3706753)|STATEMENT_EXECUTE|[29]
11:32:47.2 (3710799)|HEAP_ALLOCATE|[29]|Bytes:9
11:32:47.2 (3716939)|VARIABLE_SCOPE_BEGIN|[29]|soql|String|false|false
11:32:47.2 (3723354)|VARIABLE_ASSIGNMENT|[29]|soql|"Select id"
11:32:47.2 (3725699)|STATEMENT_EXECUTE|[32]
11:32:47.2 (3728304)|HEAP_ALLOCATE|[32]|Bytes:2
11:32:47.2 (3734832)|HEAP_ALLOCATE|[32]|Bytes:9
11:32:47.2 (3739443)|HEAP_ALLOCATE|[32]|Bytes:18
11:32:47.2 (3745842)|VARIABLE_ASSIGNMENT|[32]|soql|"Select id, OwnerId"
11:32:47.2 (3748811)|STATEMENT_EXECUTE|[35]
11:32:47.2 (3753387)|HEAP_ALLOCATE|[35]|Bytes:13
11:32:47.2 (3757609)|HEAP_ALLOCATE|[35]|Bytes:31
11:32:47.2 (3764711)|VARIABLE_ASSIGNMENT|[35]|soql|"Select id, OwnerId,  (11 more) ..."
11:32:47.2 (3767125)|STATEMENT_EXECUTE|[39]
11:32:47.2 (3769639)|HEAP_ALLOCATE|[39]|Bytes:6
11:32:47.2 (3774280)|HEAP_ALLOCATE|[39]|Bytes:34
11:32:47.2 (3778168)|HEAP_ALLOCATE|[39]|Bytes:65
11:32:47.2 (3784532)|VARIABLE_ASSIGNMENT|[39]|soql|"Select id, OwnerId,  (45 more) ..."
11:32:47.2 (3786931)|STATEMENT_EXECUTE|[43]
11:32:47.2 (3789618)|HEAP_ALLOCATE|[43]|Bytes:7
11:32:47.2 (3792319)|HEAP_ALLOCATE|[43]|Bytes:4
11:32:47.2 (3794461)|HEAP_ALLOCATE|[43]|Bytes:1
11:32:47.2 (3806988)|HEAP_ALLOCATE|[43]|Bytes:59
11:32:47.2 (3811878)|HEAP_ALLOCATE|[43]|Bytes:124
11:32:47.2 (3819642)|VARIABLE_ASSIGNMENT|[43]|soql|"Select id, OwnerId,  (104 more) ..."
11:32:47.2 (3826465)|STATEMENT_EXECUTE|[45]
11:32:47.2 (3828167)|STATEMENT_EXECUTE|[49]
11:32:47.2 (3830953)|HEAP_ALLOCATE|[49]|Bytes:7
11:32:47.2 (3850442)|ENTERING_MANAGED_PKG|
11:32:47.2 (3879232)|HEAP_ALLOCATE|[49]|Bytes:1
11:32:47.2 (3895355)|HEAP_ALLOCATE|[49]|Bytes:8
11:32:47.2 (3900005)|HEAP_ALLOCATE|[49]|Bytes:132
11:32:47.2 (3909467)|VARIABLE_ASSIGNMENT|[49]|soql|"Select id, OwnerId,  (112 more) ..."
11:32:47.2 (3912315)|STATEMENT_EXECUTE|[53]
11:32:47.2 (3915836)|HEAP_ALLOCATE|[53]|Bytes:15
11:32:47.2 (3920823)|HEAP_ALLOCATE|[53]|Bytes:147
11:32:47.2 (3935895)|ENTERING_MANAGED_PKG|
11:32:47.2 (3955949)|USER_DEBUG|[53]|DEBUG|######## soql: Select id, OwnerId, createddate FROM testautonumdata__Referral__c where testautonumdata__Candidate__c = 'a0MB0000000cQXZMA2' limit 8
11:32:47.2 (3964249)|STATEMENT_EXECUTE|[55]
11:32:47.2 (3983996)|ENTERING_MANAGED_PKG|
11:32:47.2 (4481744)|SOQL_EXECUTE_BEGIN|[55]|Aggregations:0|Select id, OwnerId, createddate FROM testautonumdata__Referral__c where testautonumdata__Candidate__c = 'a0MB0000000cQXZMA2' limit 8
11:32:47.2 (8395825)|SOQL_EXECUTE_END|[55]|Rows:1
11:32:47.2 (8425066)|HEAP_ALLOCATE|[55]|Bytes:8
11:32:47.2 (8440161)|HEAP_ALLOCATE|[55]|Bytes:77
11:32:47.2 (8510787)|HEAP_ALLOCATE|[55]|Bytes:8
11:32:47.2 (8526457)|VARIABLE_SCOPE_BEGIN|[55]|lstQueriedRecords|List<SObject>|true|false
11:32:47.2 (8607203)|VARIABLE_ASSIGNMENT|[55]|lstQueriedRecords|{"s":1,"v":[{"s":2,"v":{"Id":"a0TB0000000Uip6MAC","OwnerId":"005B0000001VpZRIA0","CreatedDate":"2016-05-12T14:45:09.000Z"}}]}|0x53c4d7ff
11:32:47.2 (8613226)|STATEMENT_EXECUTE|[57]
11:32:47.2 (8618187)|HEAP_ALLOCATE|[57]|Bytes:28
11:32:47.2 (8642169)|ENTERING_MANAGED_PKG|
11:32:47.2 (8722223)|HEAP_ALLOCATE|[57]|Bytes:115
11:32:47.2 (8742814)|HEAP_ALLOCATE|[57]|Bytes:143
11:32:47.2 (8758332)|ENTERING_MANAGED_PKG|
11:32:47.2 (8763656)|USER_DEBUG|[57]|DEBUG|######## lstQueriedRecords: (testautonumdata__Referral__c:{Id=a0TB0000000Uip6MAC, OwnerId=005B0000001VpZRIA0, CreatedDate=2016-05-12 14:45:09})
11:32:47.2 (8815774)|ENTERING_MANAGED_PKG|
11:32:47.2 (9044345)|HEAP_ALLOCATE|[61]|Bytes:5
11:32:47.2 (9085628)|HEAP_ALLOCATE|[61]|Bytes:16
11:32:47.2 (9106339)|VARIABLE_SCOPE_BEGIN|[61]|e|SObject|true|false
11:32:47.2 (9145469)|VARIABLE_ASSIGNMENT|[61]|e|{"s":1,"v":{"Id":"a0TB0000000Uip6MAC","OwnerId":"005B0000001VpZRIA0","CreatedDate":"2016-05-12T14:45:09.000Z"}}|0x586b9bd1
11:32:47.2 (9151553)|STATEMENT_EXECUTE|[62]
11:32:47.2 (9158833)|STATEMENT_EXECUTE|[63]
11:32:47.2 (9163155)|HEAP_ALLOCATE|[63]|Bytes:12
11:32:47.2 (9186502)|ENTERING_MANAGED_PKG|
11:32:47.2 (9250420)|HEAP_ALLOCATE|[63]|Bytes:113
11:32:47.2 (9270264)|HEAP_ALLOCATE|[63]|Bytes:125
11:32:47.2 (9284707)|ENTERING_MANAGED_PKG|
11:32:47.2 (9289866)|USER_DEBUG|[63]|DEBUG|######## e: testautonumdata__Referral__c:{Id=a0TB0000000Uip6MAC, OwnerId=005B0000001VpZRIA0, CreatedDate=2016-05-12 14:45:09}
11:32:47.2 (9296512)|STATEMENT_EXECUTE|[64]
11:32:47.2 (9317540)|HEAP_ALLOCATE|[64]|Bytes:32
11:32:47.2 (9334966)|CONSTRUCTOR_ENTRY|[64]|01pB0000000qaYT|<init>()
11:32:47.2 (9371805)|VARIABLE_SCOPE_BEGIN|[1]|this|testautonumdata.ReferralsServerController|true|false
11:32:47.2 (9440761)|VARIABLE_ASSIGNMENT|[1]|this|{}|0x55c4640f
11:32:47.2 (9449625)|HEAP_ALLOCATE|[EXTERNAL]|Bytes:5
11:32:47.2 (9458697)|HEAP_ALLOCATE|[EXTERNAL]|Bytes:6
11:32:47.2 (9487532)|STATEMENT_EXECUTE|[1]
11:32:47.2 (9492639)|HEAP_ALLOCATE|[EXTERNAL]|Bytes:5
11:32:47.2 (9495545)|STATEMENT_EXECUTE|[4]
11:32:47.2 (9497048)|STATEMENT_EXECUTE|[6]
11:32:47.2 (9498121)|STATEMENT_EXECUTE|[8]
11:32:47.2 (9499233)|STATEMENT_EXECUTE|[10]
11:32:47.2 (9500372)|STATEMENT_EXECUTE|[12]
11:32:47.2 (9501280)|STATEMENT_EXECUTE|[14]
11:32:47.2 (9502307)|STATEMENT_EXECUTE|[16]
11:32:47.2 (9512241)|CONSTRUCTOR_EXIT|[64]|01pB0000000qaYT|<init>()
11:32:47.2 (9517210)|VARIABLE_SCOPE_BEGIN|[64]|i|testautonumdata.ReferralsServerController|true|false
11:32:47.2 (9538567)|VARIABLE_ASSIGNMENT|[64]|i|{}|0x55c4640f
11:32:47.2 (9542075)|STATEMENT_EXECUTE|[69]
11:32:47.2 (9543457)|STATEMENT_EXECUTE|[73]
11:32:47.2 (9562853)|METHOD_ENTRY|[73]|01pB0000000qaYT|testautonumdata.ReferralsServerController.GetSobjectField(SObject, String)
11:32:47.2 (9589048)|VARIABLE_SCOPE_BEGIN|[154]|e|SObject|true|false
11:32:47.2 (9624674)|VARIABLE_ASSIGNMENT|[154]|e|{"s":1,"v":{"Id":"a0TB0000000Uip6MAC","OwnerId":"005B0000001VpZRIA0","CreatedDate":"2016-05-12T14:45:09.000Z"}}|0x586b9bd1
11:32:47.2 (9632967)|VARIABLE_SCOPE_BEGIN|[154]|lcfield|String|false|false
11:32:47.2 (9638471)|VARIABLE_ASSIGNMENT|[154]|lcfield|"OwnerId"
11:32:47.2 (9647710)|HEAP_ALLOCATE|[157]|Bytes:5
11:32:47.2 (9652061)|STATEMENT_EXECUTE|[155]
11:32:47.2 (9653598)|STATEMENT_EXECUTE|[157]
11:32:47.2 (9660164)|VARIABLE_SCOPE_BEGIN|[157]|returnValue|String|false|false
11:32:47.2 (9666052)|VARIABLE_ASSIGNMENT|[157]|returnValue|""
11:32:47.2 (9669069)|HEAP_ALLOCATE|[159]|Bytes:1
11:32:47.2 (9693927)|ENTERING_MANAGED_PKG|
11:32:47.2 (9729880)|STATEMENT_EXECUTE|[174]
11:32:47.2 (9756312)|ENTERING_MANAGED_PKG|
11:32:47.2 (9808697)|HEAP_ALLOCATE|[174]|Bytes:4
11:32:47.2 (9834080)|ENTERING_MANAGED_PKG|
11:32:47.2 (9838688)|HEAP_ALLOCATE|[174]|Bytes:18
11:32:47.2 (9853679)|VARIABLE_ASSIGNMENT|[174]|returnValue|"005B0000001VpZRIA0"
11:32:47.2 (9856928)|STATEMENT_EXECUTE|[176]
11:32:47.2 (9866614)|METHOD_EXIT|[73]|01pB0000000qaYT|testautonumdata.ReferralsServerController.GetSobjectField(SObject, String)
11:32:47.2 (9908784)|VARIABLE_ASSIGNMENT|[EXTERNAL]|this|{}|0x55c4640f
11:32:47.2 (9918283)|VARIABLE_ASSIGNMENT|[EXTERNAL]|value|"005B0000001VpZRIA0"
11:32:47.2 (9937626)|VARIABLE_ASSIGNMENT|[6]|this.OwnerName|"005B0000001VpZRIA0"|0x55c4640f
11:32:47.2 (9946690)|STATEMENT_EXECUTE|[77]
11:32:47.2 (9948303)|STATEMENT_EXECUTE|[78]
11:32:47.2 (9955030)|METHOD_ENTRY|[78]|01pB0000000qaYT|testautonumdata.ReferralsServerController.GetSobjectField(SObject, String)
11:32:47.2 (9975085)|VARIABLE_SCOPE_BEGIN|[154]|e|SObject|true|false
11:32:47.2 (10009710)|VARIABLE_ASSIGNMENT|[154]|e|{"s":1,"v":{"Id":"a0TB0000000Uip6MAC","OwnerId":"005B0000001VpZRIA0","CreatedDate":"2016-05-12T14:45:09.000Z"}}|0x586b9bd1
11:32:47.2 (10015869)|VARIABLE_SCOPE_BEGIN|[154]|lcfield|String|false|false
11:32:47.2 (10020740)|VARIABLE_ASSIGNMENT|[154]|lcfield|"createddate"
11:32:47.2 (10029207)|HEAP_ALLOCATE|[157]|Bytes:5
11:32:47.2 (10033530)|STATEMENT_EXECUTE|[155]
11:32:47.2 (10035054)|STATEMENT_EXECUTE|[157]
11:32:47.2 (10039936)|VARIABLE_SCOPE_BEGIN|[157]|returnValue|String|false|false
11:32:47.2 (10044881)|VARIABLE_ASSIGNMENT|[157]|returnValue|""
11:32:47.2 (10063931)|ENTERING_MANAGED_PKG|
11:32:47.2 (10075793)|STATEMENT_EXECUTE|[174]
11:32:47.2 (10087133)|ENTERING_MANAGED_PKG|
11:32:47.2 (10111937)|HEAP_ALLOCATE|[174]|Bytes:56
11:32:47.2 (10135100)|ENTERING_MANAGED_PKG|
11:32:47.2 (10143859)|HEAP_ALLOCATE|[174]|Bytes:19
11:32:47.2 (10164891)|VARIABLE_ASSIGNMENT|[174]|returnValue|"2016-05-12 14:45:09"
11:32:47.2 (10168171)|STATEMENT_EXECUTE|[176]
11:32:47.2 (10176738)|METHOD_EXIT|[78]|01pB0000000qaYT|testautonumdata.ReferralsServerController.GetSobjectField(SObject, String)
11:32:47.2 (10221766)|VARIABLE_ASSIGNMENT|[EXTERNAL]|this|{"OwnerName":"005B0000001VpZRIA0"}|0x55c4640f
11:32:47.2 (10230816)|VARIABLE_ASSIGNMENT|[EXTERNAL]|value|"2016-05-12 14:45:09"
11:32:47.2 (10246494)|VARIABLE_ASSIGNMENT|[10]|this.column2|"2016-05-12 14:45:09"|0x55c4640f
11:32:47.2 (10255051)|STATEMENT_EXECUTE|[83]
11:32:47.2 (10271009)|ENTERING_MANAGED_PKG|
11:32:47.2 (10308439)|HEAP_ALLOCATE|[EXTERNAL]|Bytes:4
11:32:47.2 (10317784)|STATEMENT_EXECUTE|[85]
11:32:47.2 (10322955)|HEAP_ALLOCATE|[85]|Bytes:12
11:32:47.2 (10343177)|ENTERING_MANAGED_PKG|
11:32:47.2 (10397860)|HEAP_ALLOCATE|[85]|Bytes:169
11:32:47.2 (10415144)|HEAP_ALLOCATE|[85]|Bytes:181
11:32:47.2 (10430283)|ENTERING_MANAGED_PKG|
11:32:47.2 (10435600)|USER_DEBUG|[85]|DEBUG|######## i: ReferralsServerController:[OwnerID=null, OwnerName=005B0000001VpZRIA0, ReferralDate=null, ReferralMessage=null, column2=2016-05-12 14:45:09, iconUrl=null, recordID=null]
11:32:47.2 (10450377)|HEAP_ALLOCATE|[61]|Bytes:5
11:32:47.2 (10463919)|VARIABLE_ASSIGNMENT|[61]|e|null|
11:32:47.2 (10468274)|STATEMENT_EXECUTE|[90]
11:32:47.2 (10472640)|HEAP_ALLOCATE|[90]|Bytes:27
11:32:47.2 (10490385)|ENTERING_MANAGED_PKG|
11:32:47.2 (10540717)|HEAP_ALLOCATE|[90]|Bytes:171
11:32:47.2 (10557997)|HEAP_ALLOCATE|[90]|Bytes:198
11:32:47.2 (10572783)|ENTERING_MANAGED_PKG|
11:32:47.2 (10577595)|USER_DEBUG|[90]|DEBUG|######## lstReturnRecords: (ReferralsServerController:[OwnerID=null, OwnerName=005B0000001VpZRIA0, ReferralDate=null, ReferralMessage=null, column2=2016-05-12 14:45:09, iconUrl=null, recordID=null])
11:32:47.2 (10584165)|STATEMENT_EXECUTE|[92]
11:32:47.2 (10597564)|SYSTEM_MODE_EXIT|false
11:32:47.10 (10638863)|CUMULATIVE_LIMIT_USAGE
11:32:47.10 (10638863)|LIMIT_USAGE_FOR_NS|(default)|
  Number of SOQL queries: 0 out of 100
  Number of query rows: 0 out of 50000
  Number of SOSL queries: 0 out of 20
  Number of DML statements: 0 out of 150
  Number of DML rows: 0 out of 10000
  Maximum CPU time: 0 out of 10000
  Maximum heap size: 0 out of 6000000
  Number of callouts: 0 out of 100
  Number of Email Invocations: 0 out of 10
  Number of future calls: 0 out of 50
  Number of queueable jobs added to the queue: 0 out of 50
  Number of Mobile Apex push calls: 0 out of 10

11:32:47.10 (10638863)|LIMIT_USAGE_FOR_NS|testautonumdata|
  Number of SOQL queries: 1 out of 100
  Number of query rows: 1 out of 50000
  Number of SOSL queries: 0 out of 20
  Number of DML statements: 0 out of 150
  Number of DML rows: 0 out of 10000
  Maximum CPU time: 0 out of 10000
  Maximum heap size: 0 out of 6000000
  Number of callouts: 0 out of 100
  Number of Email Invocations: 0 out of 10
  Number of future calls: 0 out of 50
  Number of queueable jobs added to the queue: 0 out of 50
  Number of Mobile Apex push calls: 0 out of 10

11:32:47.10 (10638863)|CUMULATIVE_LIMIT_USAGE_END

11:32:47.2 (10716604)|CODE_UNIT_FINISHED|ReferralsServerController.getListRecords
11:32:47.12 (12767139)|USER_INFO|[EXTERNAL]|005B0000001VpZR|rreboucas-yi5c@force.com|Pacific Standard Time|GMT-07:00
11:32:47.12 (12778219)|CODE_UNIT_STARTED|[EXTERNAL]|Aura
11:32:47.12 (12827340)|CODE_UNIT_FINISHED|Aura
