37.0 APEX_CODE,FINEST;APEX_PROFILING,INFO;CALLOUT,INFO;DB,INFO;SYSTEM,DEBUG;VALIDATION,INFO;VISUALFORCE,INFO;WORKFLOW,INFO
11:16:37.0 (150798)|USER_INFO|[EXTERNAL]|005B00000021dad|elisabeth.brooks@df16recruitment.dev|Pacific Standard Time|GMT-07:00
11:16:37.0 (770903)|HEAP_ALLOCATE|[72]|Bytes:3
11:16:37.0 (845100)|HEAP_ALLOCATE|[77]|Bytes:152
11:16:37.0 (876652)|HEAP_ALLOCATE|[342]|Bytes:408
11:16:37.0 (910671)|HEAP_ALLOCATE|[355]|Bytes:408
11:16:37.0 (945752)|HEAP_ALLOCATE|[467]|Bytes:48
11:16:37.2 (2938677)|USER_INFO|[EXTERNAL]|005B00000021dad|elisabeth.brooks@df16recruitment.dev|Pacific Standard Time|GMT-07:00
11:16:37.2 (3272977)|STATEMENT_EXECUTE|[1]
11:16:37.2 (3329461)|HEAP_ALLOCATE|[50]|Bytes:5
11:16:37.2 (3368870)|HEAP_ALLOCATE|[56]|Bytes:5
11:16:37.2 (3386950)|HEAP_ALLOCATE|[64]|Bytes:7
11:16:37.2 (3429547)|SYSTEM_MODE_ENTER|false
11:16:37.2 (3453447)|HEAP_ALLOCATE|[EXTERNAL]|Bytes:5
11:16:37.2 (3470220)|SYSTEM_MODE_EXIT|false
11:16:37.2 (3484617)|METHOD_EXIT|[1]|CandidateDropDownController
11:16:37.2 (3501552)|SYSTEM_MODE_ENTER|false
11:16:37.2 (3523712)|VARIABLE_SCOPE_BEGIN|[9]|searchKey|String|false|false
11:16:37.2 (3566445)|VARIABLE_ASSIGNMENT|[9]|searchKey|""
11:16:37.2 (3590262)|HEAP_ALLOCATE|[10]|Bytes:5
11:16:37.2 (3601455)|STATEMENT_EXECUTE|[9]
11:16:37.2 (3607517)|STATEMENT_EXECUTE|[10]
11:16:37.2 (3614140)|HEAP_ALLOCATE|[10]|Bytes:1
11:16:37.2 (3637324)|HEAP_ALLOCATE|[10]|Bytes:2
11:16:37.2 (3646113)|VARIABLE_SCOPE_BEGIN|[10]|name|String|false|false
11:16:37.2 (3662641)|VARIABLE_ASSIGNMENT|[10]|name|"%%"
11:16:37.2 (3671713)|STATEMENT_EXECUTE|[11]
11:16:37.2 (3678427)|HEAP_ALLOCATE|[11]|Bytes:67
11:16:37.2 (3696995)|HEAP_ALLOCATE|[11]|Bytes:4
11:16:37.2 (3718669)|HEAP_ALLOCATE|[11]|Bytes:7
11:16:37.2 (4565154)|SOQL_EXECUTE_BEGIN|[11]|Aggregations:0|SELECT id, name FROM Candidate__c WHERE name LIKE :tmpVar1 LIMIT 50
11:16:37.2 (9701773)|SOQL_EXECUTE_END|[11]|Rows:10
11:16:37.2 (9752150)|HEAP_ALLOCATE|[11]|Bytes:44
11:16:37.2 (9789799)|HEAP_ALLOCATE|[11]|Bytes:490
11:16:37.2 (9837580)|HEAP_ALLOCATE|[11]|Bytes:44
11:16:37.2 (9861017)|SYSTEM_MODE_EXIT|false
11:16:37.9 (9910372)|CUMULATIVE_LIMIT_USAGE
11:16:37.9 (9910372)|LIMIT_USAGE_FOR_NS|(default)|
  Number of SOQL queries: 0 out of 100
  Number of query rows: 0 out of 50000
  Number of SOSL queries: 0 out of 20
  Number of DML statements: 0 out of 150
  Number of DML rows: 0 out of 10000
  Maximum CPU time: 0 out of 10000
  Maximum heap size: 0 out of 6000000
  Number of callouts: 0 out of 100
  Number of Email Invocations: 0 out of 10
  Number of future calls: 0 out of 50
  Number of queueable jobs added to the queue: 0 out of 50
  Number of Mobile Apex push calls: 0 out of 10

11:16:37.9 (9910372)|LIMIT_USAGE_FOR_NS|testautonumdata|
  Number of SOQL queries: 1 out of 100
  Number of query rows: 10 out of 50000
  Number of SOSL queries: 0 out of 20
  Number of DML statements: 0 out of 150
  Number of DML rows: 0 out of 10000
  Maximum CPU time: 0 out of 10000
  Maximum heap size: 0 out of 6000000
  Number of callouts: 0 out of 100
  Number of Email Invocations: 0 out of 10
  Number of future calls: 0 out of 50
  Number of queueable jobs added to the queue: 0 out of 50
  Number of Mobile Apex push calls: 0 out of 10

11:16:37.9 (9910372)|CUMULATIVE_LIMIT_USAGE_END

11:16:37.2 (10004375)|CODE_UNIT_FINISHED|CandidateDropDownController.findByName
