37.0 APEX_CODE,FINEST;APEX_PROFILING,INFO;CALLOUT,INFO;DB,INFO;SYSTEM,DEBUG;VALIDATION,INFO;VISUALFORCE,INFO;WORKFLOW,INFO
11:23:24.0 (105723)|USER_INFO|[EXTERNAL]|005B0000001VpZR|rreboucas-yi5c@force.com|Pacific Standard Time|GMT-07:00
11:23:24.0 (829856)|HEAP_ALLOCATE|[72]|Bytes:3
11:23:24.0 (900427)|HEAP_ALLOCATE|[77]|Bytes:152
11:23:24.0 (922746)|HEAP_ALLOCATE|[342]|Bytes:408
11:23:24.0 (943646)|HEAP_ALLOCATE|[355]|Bytes:408
11:23:24.0 (963316)|HEAP_ALLOCATE|[467]|Bytes:48
11:23:24.2 (2981226)|USER_INFO|[EXTERNAL]|005B0000001VpZR|rreboucas-yi5c@force.com|Pacific Standard Time|GMT-07:00
11:23:24.2 (3352113)|STATEMENT_EXECUTE|[1]
11:23:24.2 (3392837)|HEAP_ALLOCATE|[50]|Bytes:5
11:23:24.2 (3418933)|HEAP_ALLOCATE|[56]|Bytes:5
11:23:24.2 (3427996)|HEAP_ALLOCATE|[64]|Bytes:7
11:23:24.2 (3453369)|SYSTEM_MODE_ENTER|false
11:23:24.2 (3475011)|HEAP_ALLOCATE|[EXTERNAL]|Bytes:5
11:23:24.2 (3483219)|SYSTEM_MODE_EXIT|false
11:23:24.2 (3496527)|METHOD_EXIT|[1]|ReferralsServerController
11:23:24.2 (3519420)|HEAP_ALLOCATE|[EXTERNAL]|Bytes:28
11:23:24.2 (3522320)|HEAP_ALLOCATE|[EXTERNAL]|Bytes:18
11:23:24.2 (3523611)|HEAP_ALLOCATE|[EXTERNAL]|Bytes:28
11:23:24.2 (3534901)|HEAP_ALLOCATE|[EXTERNAL]|Bytes:29
11:23:24.2 (3536503)|HEAP_ALLOCATE|[EXTERNAL]|Bytes:7
11:23:24.2 (3537825)|HEAP_ALLOCATE|[EXTERNAL]|Bytes:5
11:23:24.2 (3539003)|HEAP_ALLOCATE|[EXTERNAL]|Bytes:11
11:23:24.2 (3545228)|SYSTEM_MODE_ENTER|false
11:23:24.2 (3557302)|VARIABLE_SCOPE_BEGIN|[20]|rowsLimit|Integer|false|false
11:23:24.2 (3588879)|VARIABLE_ASSIGNMENT|[20]|rowsLimit|8
11:23:24.2 (3594176)|VARIABLE_SCOPE_BEGIN|[20]|recordId|String|false|false
11:23:24.2 (3601552)|VARIABLE_ASSIGNMENT|[20]|recordId|"a0MB0000000cQXZMA2"
11:23:24.2 (3604280)|VARIABLE_SCOPE_BEGIN|[20]|objectApiName|String|false|false
11:23:24.2 (3609523)|VARIABLE_ASSIGNMENT|[20]|objectApiName|"testautonumdata__Ref (8 more) ..."
11:23:24.2 (3612255)|VARIABLE_SCOPE_BEGIN|[20]|ParentObjectFieldName|String|false|false
11:23:24.2 (3616094)|VARIABLE_ASSIGNMENT|[20]|ParentObjectFieldName|"testautonumdata__Can (9 more) ..."
11:23:24.2 (3618603)|VARIABLE_SCOPE_BEGIN|[20]|filter1Field|String|false|false
11:23:24.2 (3622059)|VARIABLE_ASSIGNMENT|[20]|filter1Field|null
11:23:24.2 (3624360)|VARIABLE_SCOPE_BEGIN|[20]|filter1Value|String|false|false
11:23:24.2 (3626665)|VARIABLE_ASSIGNMENT|[20]|filter1Value|null
11:23:24.2 (3628774)|VARIABLE_SCOPE_BEGIN|[20]|column1|String|false|false
11:23:24.2 (3631579)|VARIABLE_ASSIGNMENT|[20]|column1|"OwnerId"
11:23:24.2 (3634148)|VARIABLE_SCOPE_BEGIN|[20]|RelFieldWithName|String|false|false
11:23:24.2 (3636760)|VARIABLE_ASSIGNMENT|[20]|RelFieldWithName|"Owner"
11:23:24.2 (3639023)|VARIABLE_SCOPE_BEGIN|[20]|column2|String|false|false
11:23:24.2 (3641663)|VARIABLE_ASSIGNMENT|[20]|column2|"createddate"
11:23:24.2 (3656043)|HEAP_ALLOCATE|[22]|Bytes:5
11:23:24.2 (3660426)|STATEMENT_EXECUTE|[20]
11:23:24.2 (3661873)|STATEMENT_EXECUTE|[22]
11:23:24.2 (3665706)|HEAP_ALLOCATE|[22]|Bytes:20
11:23:24.2 (3699085)|ENTERING_MANAGED_PKG|
11:23:24.2 (3731485)|HEAP_ALLOCATE|[22]|Bytes:1
11:23:24.2 (3753233)|HEAP_ALLOCATE|[22]|Bytes:21
11:23:24.2 (3783488)|ENTERING_MANAGED_PKG|
11:23:24.2 (3796852)|USER_DEBUG|[22]|DEBUG|######## rowsLimit: 8
11:23:24.2 (3804547)|STATEMENT_EXECUTE|[23]
11:23:24.2 (3808676)|HEAP_ALLOCATE|[23]|Bytes:24
11:23:24.2 (3814955)|HEAP_ALLOCATE|[23]|Bytes:52
11:23:24.2 (3824670)|ENTERING_MANAGED_PKG|
11:23:24.2 (3846580)|USER_DEBUG|[23]|DEBUG|######## objectApiName: testautonumdata__Referral__c
11:23:24.2 (3853551)|STATEMENT_EXECUTE|[27]
11:23:24.2 (3859791)|HEAP_ALLOCATE|[27]|Bytes:4
11:23:24.2 (3940384)|ENTERING_MANAGED_PKG|
11:23:24.2 (3967686)|VARIABLE_SCOPE_BEGIN|[27]|lstReturnRecords|List<testautonumdata.ReferralsServerController>|true|false
11:23:24.2 (4000288)|HEAP_ALLOCATE|[EXTERNAL]|Bytes:4
11:23:24.2 (4022160)|VARIABLE_ASSIGNMENT|[27]|lstReturnRecords|{"s":1,"v":[]}|0xcbefa93
11:23:24.2 (4026508)|STATEMENT_EXECUTE|[30]
11:23:24.2 (4027874)|STATEMENT_EXECUTE|[31]
11:23:24.2 (4031546)|HEAP_ALLOCATE|[31]|Bytes:5
11:23:24.2 (4038151)|HEAP_ALLOCATE|[31]|Bytes:10
11:23:24.2 (4042945)|VARIABLE_SCOPE_BEGIN|[31]|fullUserRelationship|String|false|false
11:23:24.2 (4048097)|VARIABLE_ASSIGNMENT|[31]|fullUserRelationship|"Owner.Name"
11:23:24.2 (4050137)|STATEMENT_EXECUTE|[32]
11:23:24.2 (4052795)|HEAP_ALLOCATE|[32]|Bytes:9
11:23:24.2 (4055287)|VARIABLE_SCOPE_BEGIN|[32]|soql|String|false|false
11:23:24.2 (4059318)|VARIABLE_ASSIGNMENT|[32]|soql|"Select id"
11:23:24.2 (4061288)|STATEMENT_EXECUTE|[35]
11:23:24.2 (4064328)|HEAP_ALLOCATE|[35]|Bytes:2
11:23:24.2 (4068186)|HEAP_ALLOCATE|[35]|Bytes:9
11:23:24.2 (4071508)|HEAP_ALLOCATE|[35]|Bytes:18
11:23:24.2 (4076325)|VARIABLE_ASSIGNMENT|[35]|soql|"Select id, OwnerId"
11:23:24.2 (4078887)|STATEMENT_EXECUTE|[38]
11:23:24.2 (4082086)|HEAP_ALLOCATE|[38]|Bytes:12
11:23:24.2 (4085632)|HEAP_ALLOCATE|[38]|Bytes:30
11:23:24.2 (4090876)|VARIABLE_ASSIGNMENT|[38]|soql|"Select id, OwnerId,  (10 more) ..."
11:23:24.2 (4093245)|STATEMENT_EXECUTE|[41]
11:23:24.2 (4096327)|HEAP_ALLOCATE|[41]|Bytes:13
11:23:24.2 (4099722)|HEAP_ALLOCATE|[41]|Bytes:43
11:23:24.2 (4104569)|VARIABLE_ASSIGNMENT|[41]|soql|"Select id, OwnerId,  (23 more) ..."
11:23:24.2 (4106476)|STATEMENT_EXECUTE|[45]
11:23:24.2 (4108807)|HEAP_ALLOCATE|[45]|Bytes:6
11:23:24.2 (4112118)|HEAP_ALLOCATE|[45]|Bytes:34
11:23:24.2 (4115193)|HEAP_ALLOCATE|[45]|Bytes:77
11:23:24.2 (4119943)|VARIABLE_ASSIGNMENT|[45]|soql|"Select id, OwnerId,  (57 more) ..."
11:23:24.2 (4122080)|STATEMENT_EXECUTE|[49]
11:23:24.2 (4124237)|HEAP_ALLOCATE|[49]|Bytes:7
11:23:24.2 (4126803)|HEAP_ALLOCATE|[49]|Bytes:4
11:23:24.2 (4128826)|HEAP_ALLOCATE|[49]|Bytes:1
11:23:24.2 (4142425)|HEAP_ALLOCATE|[49]|Bytes:59
11:23:24.2 (4146875)|HEAP_ALLOCATE|[49]|Bytes:136
11:23:24.2 (4153028)|VARIABLE_ASSIGNMENT|[49]|soql|"Select id, OwnerId,  (116 more) ..."
11:23:24.2 (4161679)|STATEMENT_EXECUTE|[51]
11:23:24.2 (4163064)|STATEMENT_EXECUTE|[55]
11:23:24.2 (4165594)|HEAP_ALLOCATE|[55]|Bytes:7
11:23:24.2 (4181772)|ENTERING_MANAGED_PKG|
11:23:24.2 (4207026)|HEAP_ALLOCATE|[55]|Bytes:1
11:23:24.2 (4220706)|HEAP_ALLOCATE|[55]|Bytes:8
11:23:24.2 (4224591)|HEAP_ALLOCATE|[55]|Bytes:144
11:23:24.2 (4232194)|VARIABLE_ASSIGNMENT|[55]|soql|"Select id, OwnerId,  (124 more) ..."
11:23:24.2 (4234723)|STATEMENT_EXECUTE|[59]
11:23:24.2 (4237944)|HEAP_ALLOCATE|[59]|Bytes:15
11:23:24.2 (4242164)|HEAP_ALLOCATE|[59]|Bytes:159
11:23:24.2 (4254936)|ENTERING_MANAGED_PKG|
11:23:24.2 (4271918)|USER_DEBUG|[59]|DEBUG|######## soql: Select id, OwnerId, Owner.Name, createddate FROM testautonumdata__Referral__c where testautonumdata__Candidate__c = 'a0MB0000000cQXZMA2' limit 8
11:23:24.2 (4280328)|STATEMENT_EXECUTE|[61]
11:23:24.2 (4303768)|ENTERING_MANAGED_PKG|
11:23:24.2 (5952838)|SOQL_EXECUTE_BEGIN|[61]|Aggregations:0|Select id, OwnerId, Owner.Name, createddate FROM testautonumdata__Referral__c where testautonumdata__Candidate__c = 'a0MB0000000cQXZMA2' limit 8
11:23:24.2 (12062939)|SOQL_EXECUTE_END|[61]|Rows:1
11:23:24.2 (12100328)|HEAP_ALLOCATE|[61]|Bytes:8
11:23:24.2 (12124077)|HEAP_ALLOCATE|[61]|Bytes:138
11:23:24.2 (12237755)|HEAP_ALLOCATE|[61]|Bytes:8
11:23:24.2 (12274367)|VARIABLE_SCOPE_BEGIN|[61]|lstQueriedRecords|List<SObject>|true|false
11:23:24.2 (12366408)|VARIABLE_ASSIGNMENT|[61]|lstQueriedRecords|{"s":1,"v":[{"s":2,"v":{"Id":"a0TB0000000Uip6MAC","OwnerId":"005B0000001VpZRIA0","CreatedDate":"2016-05-12T14:45:09.000Z","Owner":{"s":3,"v":{"Name":"Rodrigo Reboucas","Id":"005B0000001VpZRIA0"}}}}]}|0x75e059be
11:23:24.2 (12375480)|STATEMENT_EXECUTE|[63]
11:23:24.2 (12382801)|HEAP_ALLOCATE|[63]|Bytes:28
11:23:24.2 (12410439)|ENTERING_MANAGED_PKG|
11:23:24.2 (12492669)|HEAP_ALLOCATE|[63]|Bytes:115
11:23:24.2 (12511879)|HEAP_ALLOCATE|[63]|Bytes:143
11:23:24.2 (12527209)|ENTERING_MANAGED_PKG|
11:23:24.2 (12536568)|USER_DEBUG|[63]|DEBUG|######## lstQueriedRecords: (testautonumdata__Referral__c:{Id=a0TB0000000Uip6MAC, OwnerId=005B0000001VpZRIA0, CreatedDate=2016-05-12 14:45:09})
11:23:24.2 (12610867)|ENTERING_MANAGED_PKG|
11:23:24.2 (12908544)|HEAP_ALLOCATE|[67]|Bytes:5
11:23:24.2 (12957286)|HEAP_ALLOCATE|[67]|Bytes:20
11:23:24.2 (12979928)|VARIABLE_SCOPE_BEGIN|[67]|e|SObject|true|false
11:23:24.2 (13039694)|VARIABLE_ASSIGNMENT|[67]|e|{"s":1,"v":{"Id":"a0TB0000000Uip6MAC","OwnerId":"005B0000001VpZRIA0","CreatedDate":"2016-05-12T14:45:09.000Z","Owner":{"s":2,"v":{"Name":"Rodrigo Reboucas","Id":"005B0000001VpZRIA0"}}}}|0x53e4ff4a
11:23:24.2 (13048410)|STATEMENT_EXECUTE|[68]
11:23:24.2 (13051046)|STATEMENT_EXECUTE|[69]
11:23:24.2 (13057033)|HEAP_ALLOCATE|[69]|Bytes:12
11:23:24.2 (13082634)|ENTERING_MANAGED_PKG|
11:23:24.2 (13143154)|HEAP_ALLOCATE|[69]|Bytes:113
11:23:24.2 (13160624)|HEAP_ALLOCATE|[69]|Bytes:125
11:23:24.2 (13185214)|ENTERING_MANAGED_PKG|
11:23:24.2 (13196119)|USER_DEBUG|[69]|DEBUG|######## e: testautonumdata__Referral__c:{Id=a0TB0000000Uip6MAC, OwnerId=005B0000001VpZRIA0, CreatedDate=2016-05-12 14:45:09}
11:23:24.2 (13209302)|STATEMENT_EXECUTE|[70]
11:23:24.2 (13241432)|HEAP_ALLOCATE|[70]|Bytes:32
11:23:24.2 (13260795)|CONSTRUCTOR_ENTRY|[70]|01pB0000000qaYT|<init>()
11:23:24.2 (13311424)|VARIABLE_SCOPE_BEGIN|[1]|this|testautonumdata.ReferralsServerController|true|false
11:23:24.2 (13424595)|VARIABLE_ASSIGNMENT|[1]|this|{}|0x4bd8039a
11:23:24.2 (13434340)|HEAP_ALLOCATE|[EXTERNAL]|Bytes:5
11:23:24.2 (13445876)|HEAP_ALLOCATE|[EXTERNAL]|Bytes:6
11:23:24.2 (13485611)|STATEMENT_EXECUTE|[1]
11:23:24.2 (13490125)|HEAP_ALLOCATE|[EXTERNAL]|Bytes:5
11:23:24.2 (13492344)|STATEMENT_EXECUTE|[4]
11:23:24.2 (13493661)|STATEMENT_EXECUTE|[6]
11:23:24.2 (13494559)|STATEMENT_EXECUTE|[8]
11:23:24.2 (13495621)|STATEMENT_EXECUTE|[10]
11:23:24.2 (13496647)|STATEMENT_EXECUTE|[12]
11:23:24.2 (13497583)|STATEMENT_EXECUTE|[14]
11:23:24.2 (13498445)|STATEMENT_EXECUTE|[16]
11:23:24.2 (13504247)|CONSTRUCTOR_EXIT|[70]|01pB0000000qaYT|<init>()
11:23:24.2 (13508362)|VARIABLE_SCOPE_BEGIN|[70]|i|testautonumdata.ReferralsServerController|true|false
11:23:24.2 (13528731)|VARIABLE_ASSIGNMENT|[70]|i|{}|0x4bd8039a
11:23:24.2 (13532547)|STATEMENT_EXECUTE|[73]
11:23:24.2 (13533679)|STATEMENT_EXECUTE|[74]
11:23:24.2 (13551108)|METHOD_ENTRY|[74]|01pB0000000qaYT|testautonumdata.ReferralsServerController.GetSobjectField(SObject, String)
11:23:24.2 (13572830)|VARIABLE_SCOPE_BEGIN|[166]|e|SObject|true|false
11:23:24.2 (13601273)|VARIABLE_ASSIGNMENT|[166]|e|{"s":1,"v":{"Id":"a0TB0000000Uip6MAC","OwnerId":"005B0000001VpZRIA0","CreatedDate":"2016-05-12T14:45:09.000Z","Owner":{"s":2,"v":{"Name":"Rodrigo Reboucas","Id":"005B0000001VpZRIA0"}}}}|0x53e4ff4a
11:23:24.2 (13607575)|VARIABLE_SCOPE_BEGIN|[166]|lcfield|String|false|false
11:23:24.2 (13611751)|VARIABLE_ASSIGNMENT|[166]|lcfield|"OwnerId"
11:23:24.2 (13620354)|HEAP_ALLOCATE|[169]|Bytes:5
11:23:24.2 (13624682)|STATEMENT_EXECUTE|[167]
11:23:24.2 (13627010)|STATEMENT_EXECUTE|[169]
11:23:24.2 (13633558)|VARIABLE_SCOPE_BEGIN|[169]|returnValue|String|false|false
11:23:24.2 (13641891)|VARIABLE_ASSIGNMENT|[169]|returnValue|""
11:23:24.2 (13646289)|HEAP_ALLOCATE|[171]|Bytes:1
11:23:24.2 (13687482)|ENTERING_MANAGED_PKG|
11:23:24.2 (13731872)|STATEMENT_EXECUTE|[186]
11:23:24.2 (13770395)|ENTERING_MANAGED_PKG|
11:23:24.2 (13832742)|HEAP_ALLOCATE|[186]|Bytes:4
11:23:24.2 (13867504)|ENTERING_MANAGED_PKG|
11:23:24.2 (13876091)|HEAP_ALLOCATE|[186]|Bytes:18
11:23:24.2 (13898928)|VARIABLE_ASSIGNMENT|[186]|returnValue|"005B0000001VpZRIA0"
11:23:24.2 (13904063)|STATEMENT_EXECUTE|[188]
11:23:24.2 (13918240)|METHOD_EXIT|[74]|01pB0000000qaYT|testautonumdata.ReferralsServerController.GetSobjectField(SObject, String)
11:23:24.2 (13992206)|VARIABLE_ASSIGNMENT|[EXTERNAL]|this|{}|0x4bd8039a
11:23:24.2 (14007130)|VARIABLE_ASSIGNMENT|[EXTERNAL]|value|"005B0000001VpZRIA0"
11:23:24.2 (14027890)|VARIABLE_ASSIGNMENT|[8]|this.OwnerID|"005B0000001VpZRIA0"|0x4bd8039a
11:23:24.2 (14039102)|STATEMENT_EXECUTE|[76]
11:23:24.2 (14103027)|VARIABLE_ASSIGNMENT|[EXTERNAL]|this|{"OwnerID":"005B0000001VpZRIA0"}|0x4bd8039a
11:23:24.2 (14223958)|HEAP_ALLOCATE|[76]|Bytes:133
11:23:24.2 (14254299)|SYSTEM_METHOD_ENTRY|[5]|ChatterUsers.ChatterUsers()
11:23:24.2 (14259052)|STATEMENT_EXECUTE|[5]
11:23:24.2 (14270622)|SYSTEM_METHOD_EXIT|[5]|ChatterUsers
11:23:24.2 (14293422)|METHOD_ENTRY|[76]||ConnectApi.ChatterUsers.getPhoto(String, String)
11:23:24.2 (42383046)|SYSTEM_METHOD_EXIT|[5]|Photo
11:23:24.2 (42397648)|HEAP_ALLOCATE|[38]|Bytes:68
11:23:24.2 (42404671)|HEAP_ALLOCATE|[38]|Bytes:12
11:23:24.2 (42408669)|HEAP_ALLOCATE|[38]|Bytes:8
11:23:24.2 (42416445)|VARIABLE_SCOPE_BEGIN|[35]|this|ConnectApi.Photo|true|false
11:23:24.2 (42645898)|VARIABLE_ASSIGNMENT|[35]|this|{}|0x644aeb70
11:23:24.2 (42654146)|VARIABLE_SCOPE_BEGIN|[35]|versionIn|Double|false|false
11:23:24.2 (42661635)|VARIABLE_ASSIGNMENT|[35]|versionIn|33.0
11:23:24.2 (42666229)|VARIABLE_SCOPE_BEGIN|[35]|javaObj|java:sfdc.chatter.connect.api.output.photo.PhotoRepresentation|true|false
11:23:24.2 (42788632)|VARIABLE_ASSIGNMENT|[35]|javaObj|"sfdc.chatter.connect.api.output.photo.PhotoRepresentation@3c1ffdcf"|0x3c1ffdcf
11:23:24.2 (43080902)|METHOD_EXIT|[76]||ConnectApi.ChatterUsers.getPhoto(String, String)
11:23:24.2 (43090030)|VARIABLE_SCOPE_BEGIN|[76]|userPhoto|ConnectApi.Photo|true|false
11:23:24.2 (43132338)|VARIABLE_ASSIGNMENT|[76]|userPhoto|{}|0x644aeb70
11:23:24.2 (43139263)|STATEMENT_EXECUTE|[78]
11:23:24.2 (43373443)|VARIABLE_ASSIGNMENT|[EXTERNAL]|this|{"OwnerID":"005B0000001VpZRIA0"}|0x4bd8039a
11:23:24.2 (43384842)|VARIABLE_ASSIGNMENT|[EXTERNAL]|value|"https://rrlightningo (65 more) ..."
11:23:24.2 (43397259)|VARIABLE_ASSIGNMENT|[16]|this.iconUrl|"https://rrlightningo (65 more) ..."|0x4bd8039a
11:23:24.2 (43406184)|STATEMENT_EXECUTE|[84]
11:23:24.2 (43407844)|STATEMENT_EXECUTE|[85]
11:23:24.2 (43416049)|METHOD_ENTRY|[85]|01pB0000000qaYT|testautonumdata.ReferralsServerController.GetSobjectField(SObject, String)
11:23:24.2 (43431259)|VARIABLE_SCOPE_BEGIN|[166]|e|SObject|true|false
11:23:24.2 (43484510)|VARIABLE_ASSIGNMENT|[166]|e|{"s":1,"v":{"Id":"a0TB0000000Uip6MAC","OwnerId":"005B0000001VpZRIA0","CreatedDate":"2016-05-12T14:45:09.000Z","Owner":{"s":2,"v":{"Name":"Rodrigo Reboucas","Id":"005B0000001VpZRIA0"}}}}|0x53e4ff4a
11:23:24.2 (43488726)|VARIABLE_SCOPE_BEGIN|[166]|lcfield|String|false|false
11:23:24.2 (43492847)|VARIABLE_ASSIGNMENT|[166]|lcfield|"Owner.Name"
11:23:24.2 (43500811)|HEAP_ALLOCATE|[169]|Bytes:5
11:23:24.2 (43505220)|STATEMENT_EXECUTE|[167]
11:23:24.2 (43506788)|STATEMENT_EXECUTE|[169]
11:23:24.2 (43510984)|VARIABLE_SCOPE_BEGIN|[169]|returnValue|String|false|false
11:23:24.2 (43515208)|VARIABLE_ASSIGNMENT|[169]|returnValue|""
11:23:24.2 (43536463)|ENTERING_MANAGED_PKG|
11:23:24.2 (43547944)|STATEMENT_EXECUTE|[172]
11:23:24.2 (43549864)|STATEMENT_EXECUTE|[173]
11:23:24.2 (43566248)|ENTERING_MANAGED_PKG|
11:23:24.2 (43593571)|HEAP_ALLOCATE|[173]|Bytes:5
11:23:24.2 (43605961)|VARIABLE_SCOPE_BEGIN|[173]|relName|String|false|false
11:23:24.2 (43612920)|VARIABLE_ASSIGNMENT|[173]|relName|"Owner"
11:23:24.2 (43615314)|STATEMENT_EXECUTE|[174]
11:23:24.2 (43632010)|ENTERING_MANAGED_PKG|
11:23:24.2 (43649955)|HEAP_ALLOCATE|[174]|Bytes:4
11:23:24.2 (43661214)|VARIABLE_SCOPE_BEGIN|[174]|relField|String|false|false
11:23:24.2 (43668047)|VARIABLE_ASSIGNMENT|[174]|relField|"Name"
11:23:24.2 (43685221)|ENTERING_MANAGED_PKG|
11:23:24.2 (43709320)|STATEMENT_EXECUTE|[182]
11:23:24.2 (43727927)|ENTERING_MANAGED_PKG|
11:23:24.2 (43795332)|HEAP_ALLOCATE|[182]|Bytes:12
11:23:24.2 (43818777)|ENTERING_MANAGED_PKG|
11:23:24.2 (43844410)|HEAP_ALLOCATE|[182]|Bytes:16
11:23:24.2 (43862555)|ENTERING_MANAGED_PKG|
11:23:24.2 (43866163)|HEAP_ALLOCATE|[182]|Bytes:16
11:23:24.2 (43877847)|VARIABLE_ASSIGNMENT|[182]|returnValue|"Rodrigo Reboucas"
11:23:24.2 (43881463)|STATEMENT_EXECUTE|[188]
11:23:24.2 (43892238)|METHOD_EXIT|[85]|01pB0000000qaYT|testautonumdata.ReferralsServerController.GetSobjectField(SObject, String)
11:23:24.2 (43952780)|VARIABLE_ASSIGNMENT|[EXTERNAL]|this|{"iconUrl":"https://rrlightningo (65 more) ...","OwnerID":"005B0000001VpZRIA0"}|0x4bd8039a
11:23:24.2 (43961694)|VARIABLE_ASSIGNMENT|[EXTERNAL]|value|"Rodrigo Reboucas"
11:23:24.2 (43971017)|VARIABLE_ASSIGNMENT|[6]|this.OwnerName|"Rodrigo Reboucas"|0x4bd8039a
11:23:24.2 (43979170)|STATEMENT_EXECUTE|[89]
11:23:24.2 (43980925)|STATEMENT_EXECUTE|[90]
11:23:24.2 (43988440)|METHOD_ENTRY|[90]|01pB0000000qaYT|testautonumdata.ReferralsServerController.GetSobjectField(SObject, String)
11:23:24.2 (44001964)|VARIABLE_SCOPE_BEGIN|[166]|e|SObject|true|false
11:23:24.2 (44030091)|VARIABLE_ASSIGNMENT|[166]|e|{"s":1,"v":{"Id":"a0TB0000000Uip6MAC","OwnerId":"005B0000001VpZRIA0","CreatedDate":"2016-05-12T14:45:09.000Z","Owner":{"s":2,"v":{"Name":"Rodrigo Reboucas","Id":"005B0000001VpZRIA0"}}}}|0x53e4ff4a
11:23:24.2 (44033982)|VARIABLE_SCOPE_BEGIN|[166]|lcfield|String|false|false
11:23:24.2 (44037692)|VARIABLE_ASSIGNMENT|[166]|lcfield|"createddate"
11:23:24.2 (44044854)|HEAP_ALLOCATE|[169]|Bytes:5
11:23:24.2 (44048442)|STATEMENT_EXECUTE|[167]
11:23:24.2 (44049649)|STATEMENT_EXECUTE|[169]
11:23:24.2 (44053821)|VARIABLE_SCOPE_BEGIN|[169]|returnValue|String|false|false
11:23:24.2 (44057712)|VARIABLE_ASSIGNMENT|[169]|returnValue|""
11:23:24.2 (44073829)|ENTERING_MANAGED_PKG|
11:23:24.2 (44083116)|STATEMENT_EXECUTE|[186]
11:23:24.2 (44091572)|ENTERING_MANAGED_PKG|
11:23:24.2 (44120540)|HEAP_ALLOCATE|[186]|Bytes:56
11:23:24.2 (44138849)|ENTERING_MANAGED_PKG|
11:23:24.2 (44149728)|HEAP_ALLOCATE|[186]|Bytes:19
11:23:24.2 (44162198)|VARIABLE_ASSIGNMENT|[186]|returnValue|"2016-05-12 14:45:09"
11:23:24.2 (44165085)|STATEMENT_EXECUTE|[188]
11:23:24.2 (44172838)|METHOD_EXIT|[90]|01pB0000000qaYT|testautonumdata.ReferralsServerController.GetSobjectField(SObject, String)
11:23:24.2 (44228399)|VARIABLE_ASSIGNMENT|[EXTERNAL]|this|{"iconUrl":"https://rrlightningo (65 more) ...","OwnerID":"005B0000001VpZRIA0","OwnerName":"Rodrigo Reboucas"}|0x4bd8039a
11:23:24.2 (44237210)|VARIABLE_ASSIGNMENT|[EXTERNAL]|value|"2016-05-12 14:45:09"
11:23:24.2 (44246231)|VARIABLE_ASSIGNMENT|[10]|this.column2|"2016-05-12 14:45:09"|0x4bd8039a
11:23:24.2 (44254032)|STATEMENT_EXECUTE|[95]
11:23:24.2 (44268899)|ENTERING_MANAGED_PKG|
11:23:24.2 (44298788)|HEAP_ALLOCATE|[EXTERNAL]|Bytes:4
11:23:24.2 (44307134)|STATEMENT_EXECUTE|[97]
11:23:24.2 (44311443)|HEAP_ALLOCATE|[97]|Bytes:12
11:23:24.2 (44327508)|ENTERING_MANAGED_PKG|
11:23:24.2 (44378195)|HEAP_ALLOCATE|[97]|Bytes:262
11:23:24.2 (44394015)|HEAP_ALLOCATE|[97]|Bytes:274
11:23:24.2 (44410645)|ENTERING_MANAGED_PKG|
11:23:24.2 (44421590)|USER_DEBUG|[97]|DEBUG|######## i: ReferralsServerController:[OwnerID=005B0000001VpZRIA0, OwnerName=Rodrigo Reboucas, ReferralDate=null, ReferralMessage=null, column2=2016-05-12 14:45:09, iconUrl=https://rrlightningout-dev-ed--c.gus.content.force.com/profilephoto/729B00000000GJc/T, recordID=null]
11:23:24.2 (44440191)|HEAP_ALLOCATE|[67]|Bytes:5
11:23:24.2 (44453530)|VARIABLE_ASSIGNMENT|[67]|e|null|
11:23:24.2 (44457952)|STATEMENT_EXECUTE|[102]
11:23:24.2 (44461830)|HEAP_ALLOCATE|[102]|Bytes:27
11:23:24.2 (44477473)|ENTERING_MANAGED_PKG|
11:23:24.2 (44524925)|HEAP_ALLOCATE|[102]|Bytes:264
11:23:24.2 (44540673)|HEAP_ALLOCATE|[102]|Bytes:291
11:23:24.2 (44553270)|ENTERING_MANAGED_PKG|
11:23:24.2 (44560441)|USER_DEBUG|[102]|DEBUG|######## lstReturnRecords: (ReferralsServerController:[OwnerID=005B0000001VpZRIA0, OwnerName=Rodrigo Reboucas, ReferralDate=null, ReferralMessage=null, column2=2016-05-12 14:45:09, iconUrl=https://rrlightningout-dev-ed--c.gus.content.force.com/profilephoto/729B00000000GJc/T, recordID=null])
11:23:24.2 (44568422)|STATEMENT_EXECUTE|[104]
11:23:24.2 (44578360)|SYSTEM_MODE_EXIT|false
11:23:24.44 (44624633)|CUMULATIVE_LIMIT_USAGE
11:23:24.44 (44624633)|LIMIT_USAGE_FOR_NS|(default)|
  Number of SOQL queries: 0 out of 100
  Number of query rows: 0 out of 50000
  Number of SOSL queries: 0 out of 20
  Number of DML statements: 0 out of 150
  Number of DML rows: 0 out of 10000
  Maximum CPU time: 0 out of 10000
  Maximum heap size: 0 out of 6000000
  Number of callouts: 0 out of 100
  Number of Email Invocations: 0 out of 10
  Number of future calls: 0 out of 50
  Number of queueable jobs added to the queue: 0 out of 50
  Number of Mobile Apex push calls: 0 out of 10

11:23:24.44 (44624633)|LIMIT_USAGE_FOR_NS|testautonumdata|
  Number of SOQL queries: 1 out of 100
  Number of query rows: 1 out of 50000
  Number of SOSL queries: 0 out of 20
  Number of DML statements: 0 out of 150
  Number of DML rows: 0 out of 10000
  Maximum CPU time: 0 out of 10000
  Maximum heap size: 0 out of 6000000
  Number of callouts: 0 out of 100
  Number of Email Invocations: 0 out of 10
  Number of future calls: 0 out of 50
  Number of queueable jobs added to the queue: 0 out of 50
  Number of Mobile Apex push calls: 0 out of 10

11:23:24.44 (44624633)|CUMULATIVE_LIMIT_USAGE_END

11:23:24.2 (44672308)|CODE_UNIT_FINISHED|ReferralsServerController.getListRecords
11:23:24.46 (46375987)|USER_INFO|[EXTERNAL]|005B0000001VpZR|rreboucas-yi5c@force.com|Pacific Standard Time|GMT-07:00
11:23:24.46 (46386572)|CODE_UNIT_STARTED|[EXTERNAL]|Aura
11:23:24.46 (46439983)|CODE_UNIT_FINISHED|Aura
