38.0 APEX_CODE,FINEST;APEX_PROFILING,INFO;CALLOUT,INFO;DB,INFO;SYSTEM,DEBUG;VALIDATION,INFO;VISUALFORCE,INFO;WORKFLOW,INFO
13:03:01.0 (457951)|USER_INFO|[EXTERNAL]|005B0000001VpZR|rreboucas-yi5c@force.com|Pacific Standard Time|GMT-07:00
13:03:01.2 (2803889)|CODE_UNIT_STARTED|[EXTERNAL]|01pB0000000rehC|FilesViewerServerController.getListRecords
13:03:01.2 (2868326)|VARIABLE_SCOPE_BEGIN|[3]|FilesViewerServerController.mapObjectsFields|Map<String,Set<String>>|true|true
13:03:01.2 (2947737)|HEAP_ALLOCATE|[EXTERNAL]|Bytes:172
13:03:01.2 (2956641)|HEAP_ALLOCATE|[EXTERNAL]|Bytes:15
13:03:01.2 (2959724)|HEAP_ALLOCATE|[EXTERNAL]|Bytes:20
13:03:01.2 (2984423)|METHOD_ENTRY|[1]|01pB0000000rehC|FilesViewerServerController.FilesViewerServerController()
13:03:01.2 (2991481)|STATEMENT_EXECUTE|[1]
13:03:01.2 (2998123)|STATEMENT_EXECUTE|[1]
13:03:01.2 (3032213)|HEAP_ALLOCATE|[50]|Bytes:5
13:03:01.2 (3056176)|HEAP_ALLOCATE|[56]|Bytes:5
13:03:01.2 (3066029)|HEAP_ALLOCATE|[64]|Bytes:7
13:03:01.2 (3093120)|SYSTEM_MODE_ENTER|false
13:03:01.2 (3110588)|HEAP_ALLOCATE|[3]|Bytes:5
13:03:01.2 (3114926)|STATEMENT_EXECUTE|[3]
13:03:01.2 (3153938)|VARIABLE_ASSIGNMENT|[3]|FilesViewerServerController.mapObjectsFields|null|
13:03:01.2 (3160503)|SYSTEM_MODE_EXIT|false
13:03:01.2 (3175422)|METHOD_EXIT|[1]|FilesViewerServerController
13:03:01.2 (3181331)|HEAP_ALLOCATE|[EXTERNAL]|Bytes:15
13:03:01.2 (3183403)|HEAP_ALLOCATE|[EXTERNAL]|Bytes:1
13:03:01.2 (3189173)|SYSTEM_MODE_ENTER|false
13:03:01.2 (3194258)|VARIABLE_SCOPE_BEGIN|[18]|recordID|String|false|false
13:03:01.2 (3206498)|VARIABLE_ASSIGNMENT|[18]|recordID|"a0MB0000000cQXF"
13:03:01.2 (3209140)|VARIABLE_SCOPE_BEGIN|[18]|rowsLimit|String|false|false
13:03:01.2 (3211939)|VARIABLE_ASSIGNMENT|[18]|rowsLimit|"8"
13:03:01.2 (3226173)|HEAP_ALLOCATE|[20]|Bytes:5
13:03:01.2 (3230718)|STATEMENT_EXECUTE|[18]
13:03:01.2 (3232117)|STATEMENT_EXECUTE|[20]
13:03:01.2 (3234870)|HEAP_ALLOCATE|[20]|Bytes:49
13:03:01.2 (3246691)|HEAP_ALLOCATE|[20]|Bytes:50
13:03:01.2 (3273828)|ENTERING_MANAGED_PKG|
13:03:01.2 (3312939)|USER_DEBUG|[20]|DEBUG|######## FilesViewerServerController: rowsLimit: 8
13:03:01.2 (3322732)|STATEMENT_EXECUTE|[23]
13:03:01.2 (3329030)|HEAP_ALLOCATE|[23]|Bytes:4
13:03:01.2 (3372633)|VARIABLE_ASSIGNMENT|[23]|FilesViewerServerController.mapObjectsFields|{"s":1,"v":{}}|0x6ffa7dfd
13:03:01.2 (3376557)|STATEMENT_EXECUTE|[25]
13:03:01.2 (3380142)|HEAP_ALLOCATE|[25]|Bytes:2
13:03:01.2 (3383622)|HEAP_ALLOCATE|[25]|Bytes:19
13:03:01.2 (4409309)|HEAP_ALLOCATE|[25]|Bytes:19
13:03:01.2 (4416775)|HEAP_ALLOCATE|[25]|Bytes:28
13:03:01.2 (4432554)|METHOD_ENTRY|[1]|01pB0000000ljzx|Sparkle_Helper.Sparkle_Helper()
13:03:01.2 (4436623)|STATEMENT_EXECUTE|[1]
13:03:01.2 (4441214)|STATEMENT_EXECUTE|[1]
13:03:01.2 (4448088)|HEAP_ALLOCATE|[25]|Bytes:5
13:03:01.2 (4460335)|METHOD_EXIT|[1]|Sparkle_Helper
13:03:01.2 (4479022)|METHOD_ENTRY|[25]|01pB0000000ljzx|testautonumdata.Sparkle_Helper.AddFieldToObjectsMap(String, String, Map<String,Set<String>>)
13:03:01.2 (4499635)|VARIABLE_SCOPE_BEGIN|[107]|fieldName|String|false|false
13:03:01.2 (4507204)|VARIABLE_ASSIGNMENT|[107]|fieldName|"Id"
13:03:01.2 (4509524)|VARIABLE_SCOPE_BEGIN|[107]|initialObjectName|String|false|false
13:03:01.2 (4513024)|VARIABLE_ASSIGNMENT|[107]|initialObjectName|"ContentDocumentLink"
13:03:01.2 (4515133)|VARIABLE_SCOPE_BEGIN|[107]|theMap|Map<String,Set<String>>|true|false
13:03:01.2 (4528580)|VARIABLE_ASSIGNMENT|[107]|theMap|{"s":1,"v":{}}|0x6ffa7dfd
13:03:01.2 (4537934)|HEAP_ALLOCATE|[109]|Bytes:5
13:03:01.2 (4542827)|STATEMENT_EXECUTE|[108]
13:03:01.2 (4545822)|HEAP_ALLOCATE|[109]|Bytes:1
13:03:01.2 (4566459)|ENTERING_MANAGED_PKG|
13:03:01.2 (4618701)|STATEMENT_EXECUTE|[150]
13:03:01.2 (4631334)|METHOD_ENTRY|[150]|01pB0000000ljzx|testautonumdata.Sparkle_Helper.AddFieldToMap(String, String, Map<String,Set<String>>)
13:03:01.2 (4646594)|VARIABLE_SCOPE_BEGIN|[157]|fieldName|String|false|false
13:03:01.2 (4653022)|VARIABLE_ASSIGNMENT|[157]|fieldName|"Id"
13:03:01.2 (4655182)|VARIABLE_SCOPE_BEGIN|[157]|ObjectName|String|false|false
13:03:01.2 (4665674)|VARIABLE_ASSIGNMENT|[157]|ObjectName|"ContentDocumentLink"
13:03:01.2 (4668385)|VARIABLE_SCOPE_BEGIN|[157]|theMap|Map<String,Set<String>>|true|false
13:03:01.2 (4680862)|VARIABLE_ASSIGNMENT|[157]|theMap|{"s":1,"v":{}}|0x6ffa7dfd
13:03:01.2 (4690573)|HEAP_ALLOCATE|[160]|Bytes:5
13:03:01.2 (4694985)|STATEMENT_EXECUTE|[158]
13:03:01.2 (4708505)|ENTERING_MANAGED_PKG|
13:03:01.2 (4739426)|STATEMENT_EXECUTE|[167]
13:03:01.2 (4741425)|STATEMENT_EXECUTE|[168]
13:03:01.2 (4797920)|HEAP_ALLOCATE|[168]|Bytes:4
13:03:01.2 (4822189)|ENTERING_MANAGED_PKG|
13:03:01.2 (4856709)|VARIABLE_SCOPE_BEGIN|[168]|newFieldSet|Set<String>|true|false
13:03:01.2 (4896625)|VARIABLE_ASSIGNMENT|[168]|newFieldSet|{"s":1,"v":[]}|0x7c1ed9a3
13:03:01.2 (4900819)|STATEMENT_EXECUTE|[169]
13:03:01.2 (4914067)|ENTERING_MANAGED_PKG|
13:03:01.2 (4936791)|HEAP_ALLOCATE|[EXTERNAL]|Bytes:4
13:03:01.2 (4946429)|STATEMENT_EXECUTE|[170]
13:03:01.2 (4954666)|ENTERING_MANAGED_PKG|
13:03:01.2 (4980026)|HEAP_ALLOCATE|[EXTERNAL]|Bytes:-4
13:03:01.2 (4995426)|METHOD_EXIT|[150]|01pB0000000ljzx|testautonumdata.Sparkle_Helper.AddFieldToMap(String, String, Map<String,Set<String>>)
13:03:01.2 (5002840)|METHOD_EXIT|[25]|01pB0000000ljzx|testautonumdata.Sparkle_Helper.AddFieldToObjectsMap(String, String, Map<String,Set<String>>)
13:03:01.2 (5006942)|STATEMENT_EXECUTE|[27]
13:03:01.2 (5034989)|HEAP_ALLOCATE|[27]|Bytes:4
13:03:01.2 (5116048)|ENTERING_MANAGED_PKG|
13:03:01.2 (5137564)|VARIABLE_SCOPE_BEGIN|[27]|lstReturnRecords|List<testautonumdata.FilesViewerServerController>|true|false
13:03:01.2 (5167313)|HEAP_ALLOCATE|[EXTERNAL]|Bytes:4
13:03:01.2 (5181774)|VARIABLE_ASSIGNMENT|[27]|lstReturnRecords|{"s":1,"v":[]}|0x7f5bcc5b
13:03:01.2 (5201235)|ENTERING_MANAGED_PKG|
13:03:01.2 (5231130)|STATEMENT_EXECUTE|[29]
13:03:01.2 (5233259)|STATEMENT_EXECUTE|[30]
13:03:01.2 (5253757)|ENTERING_MANAGED_PKG|
13:03:01.2 (5282954)|VARIABLE_SCOPE_BEGIN|[30]|rLimit|Integer|false|false
13:03:01.2 (5287724)|HEAP_ALLOCATE|[30]|Bytes:4
13:03:01.2 (5294202)|VARIABLE_ASSIGNMENT|[30]|rLimit|8
13:03:01.2 (5296495)|STATEMENT_EXECUTE|[31]
13:03:01.2 (5299835)|HEAP_ALLOCATE|[31]|Bytes:46
13:03:01.2 (5315244)|ENTERING_MANAGED_PKG|
13:03:01.2 (5335051)|HEAP_ALLOCATE|[31]|Bytes:1
13:03:01.2 (5349539)|HEAP_ALLOCATE|[31]|Bytes:47
13:03:01.2 (5358663)|ENTERING_MANAGED_PKG|
13:03:01.2 (5367243)|USER_DEBUG|[31]|DEBUG|######## FilesViewerServerController: rLimit: 8
13:03:01.2 (5373973)|STATEMENT_EXECUTE|[35]
13:03:01.2 (5377078)|HEAP_ALLOCATE|[35]|Bytes:252
13:03:01.2 (5381178)|VARIABLE_SCOPE_BEGIN|[35]|soql|String|false|false
13:03:01.2 (5390594)|VARIABLE_ASSIGNMENT|[35]|soql|"select ContentDocume (232 more) ..."
13:03:01.2 (5392400)|STATEMENT_EXECUTE|[38]
13:03:01.2 (5395007)|HEAP_ALLOCATE|[38]|Bytes:26
13:03:01.2 (5410897)|ENTERING_MANAGED_PKG|
13:03:01.2 (5428053)|HEAP_ALLOCATE|[38]|Bytes:15
13:03:01.2 (5439318)|HEAP_ALLOCATE|[38]|Bytes:78
13:03:01.2 (5447154)|HEAP_ALLOCATE|[38]|Bytes:119
13:03:01.2 (5451682)|HEAP_ALLOCATE|[38]|Bytes:371
13:03:01.2 (5459609)|VARIABLE_ASSIGNMENT|[38]|soql|"select ContentDocume (351 more) ..."
13:03:01.2 (5461964)|STATEMENT_EXECUTE|[42]
13:03:01.2 (5464555)|HEAP_ALLOCATE|[42]|Bytes:42
13:03:01.2 (5468574)|HEAP_ALLOCATE|[42]|Bytes:413
13:03:01.2 (5474204)|VARIABLE_ASSIGNMENT|[42]|soql|"select ContentDocume (393 more) ..."
13:03:01.2 (5476330)|STATEMENT_EXECUTE|[45]
13:03:01.2 (5478933)|HEAP_ALLOCATE|[45]|Bytes:7
13:03:01.2 (5489658)|ENTERING_MANAGED_PKG|
13:03:01.2 (5504499)|HEAP_ALLOCATE|[45]|Bytes:1
13:03:01.2 (5517768)|HEAP_ALLOCATE|[45]|Bytes:8
13:03:01.2 (5521690)|HEAP_ALLOCATE|[45]|Bytes:421
13:03:01.2 (5529016)|VARIABLE_ASSIGNMENT|[45]|soql|"select ContentDocume (401 more) ..."
13:03:01.2 (5531116)|STATEMENT_EXECUTE|[47]
13:03:01.2 (5534127)|HEAP_ALLOCATE|[47]|Bytes:17
13:03:01.2 (5543784)|METHOD_ENTRY|[47]|01pB0000000ljzx|testautonumdata.Sparkle_Helper.AddFieldToObjectsMap(String, String, Map<String,Set<String>>)
13:03:01.2 (5557426)|VARIABLE_SCOPE_BEGIN|[107]|fieldName|String|false|false
13:03:01.2 (5562884)|VARIABLE_ASSIGNMENT|[107]|fieldName|"ContentDocumentId"
13:03:01.2 (5564730)|VARIABLE_SCOPE_BEGIN|[107]|initialObjectName|String|false|false
13:03:01.2 (5567516)|VARIABLE_ASSIGNMENT|[107]|initialObjectName|"ContentDocumentLink"
13:03:01.2 (5569399)|VARIABLE_SCOPE_BEGIN|[107]|theMap|Map<String,Set<String>>|true|false
13:03:01.2 (5588539)|VARIABLE_ASSIGNMENT|[107]|theMap|{"s":1,"v":{"ContentDocumentLink":{"s":2,"v":["Id"]}}}|0x6ffa7dfd
13:03:01.2 (5602581)|HEAP_ALLOCATE|[109]|Bytes:5
13:03:01.2 (5607248)|STATEMENT_EXECUTE|[108]
13:03:01.2 (5621089)|ENTERING_MANAGED_PKG|
13:03:01.2 (5629899)|STATEMENT_EXECUTE|[150]
13:03:01.2 (5636226)|METHOD_ENTRY|[150]|01pB0000000ljzx|testautonumdata.Sparkle_Helper.AddFieldToMap(String, String, Map<String,Set<String>>)
13:03:01.2 (5641285)|VARIABLE_SCOPE_BEGIN|[157]|fieldName|String|false|false
13:03:01.2 (5646695)|VARIABLE_ASSIGNMENT|[157]|fieldName|"ContentDocumentId"
13:03:01.2 (5648575)|VARIABLE_SCOPE_BEGIN|[157]|ObjectName|String|false|false
13:03:01.2 (5651332)|VARIABLE_ASSIGNMENT|[157]|ObjectName|"ContentDocumentLink"
13:03:01.2 (5653172)|VARIABLE_SCOPE_BEGIN|[157]|theMap|Map<String,Set<String>>|true|false
13:03:01.2 (5668587)|VARIABLE_ASSIGNMENT|[157]|theMap|{"s":1,"v":{"ContentDocumentLink":{"s":2,"v":["Id"]}}}|0x6ffa7dfd
13:03:01.2 (5676872)|HEAP_ALLOCATE|[160]|Bytes:5
13:03:01.2 (5680539)|STATEMENT_EXECUTE|[158]
13:03:01.2 (5687325)|ENTERING_MANAGED_PKG|
13:03:01.2 (5693817)|STATEMENT_EXECUTE|[161]
13:03:01.2 (5694993)|STATEMENT_EXECUTE|[162]
13:03:01.2 (5700656)|ENTERING_MANAGED_PKG|
13:03:01.2 (5731044)|VARIABLE_SCOPE_BEGIN|[162]|existingFieldSet|Set<String>|true|false
13:03:01.2 (5746112)|VARIABLE_ASSIGNMENT|[162]|existingFieldSet|{"s":1,"v":["Id"]}|0x7c1ed9a3
13:03:01.2 (5749431)|STATEMENT_EXECUTE|[163]
13:03:01.2 (5757441)|ENTERING_MANAGED_PKG|
13:03:01.2 (5777017)|HEAP_ALLOCATE|[EXTERNAL]|Bytes:4
13:03:01.2 (5785407)|STATEMENT_EXECUTE|[164]
13:03:01.2 (5792117)|ENTERING_MANAGED_PKG|
13:03:01.2 (5832610)|METHOD_EXIT|[150]|01pB0000000ljzx|testautonumdata.Sparkle_Helper.AddFieldToMap(String, String, Map<String,Set<String>>)
13:03:01.2 (5839766)|METHOD_EXIT|[47]|01pB0000000ljzx|testautonumdata.Sparkle_Helper.AddFieldToObjectsMap(String, String, Map<String,Set<String>>)
13:03:01.2 (5842632)|STATEMENT_EXECUTE|[48]
13:03:01.2 (5846192)|HEAP_ALLOCATE|[48]|Bytes:21
13:03:01.2 (5854500)|METHOD_ENTRY|[48]|01pB0000000ljzx|testautonumdata.Sparkle_Helper.AddFieldToObjectsMap(String, String, Map<String,Set<String>>)
13:03:01.2 (5868113)|VARIABLE_SCOPE_BEGIN|[107]|fieldName|String|false|false
13:03:01.2 (5875685)|VARIABLE_ASSIGNMENT|[107]|fieldName|"contentdocument.titl (1 more) ..."
13:03:01.2 (5877741)|VARIABLE_SCOPE_BEGIN|[107]|initialObjectName|String|false|false
13:03:01.2 (5880470)|VARIABLE_ASSIGNMENT|[107]|initialObjectName|"ContentDocumentLink"
13:03:01.2 (5882222)|VARIABLE_SCOPE_BEGIN|[107]|theMap|Map<String,Set<String>>|true|false
13:03:01.2 (5899727)|VARIABLE_ASSIGNMENT|[107]|theMap|{"s":1,"v":{"ContentDocumentLink":{"s":2,"v":["Id","ContentDocumentId"]}}}|0x6ffa7dfd
13:03:01.2 (5908654)|HEAP_ALLOCATE|[109]|Bytes:5
13:03:01.2 (5912506)|STATEMENT_EXECUTE|[108]
13:03:01.2 (5925675)|ENTERING_MANAGED_PKG|
13:03:01.2 (5934592)|STATEMENT_EXECUTE|[110]
13:03:01.2 (5936104)|STATEMENT_EXECUTE|[111]
13:03:01.2 (5949833)|ENTERING_MANAGED_PKG|
13:03:01.2 (5974620)|HEAP_ALLOCATE|[111]|Bytes:15
13:03:01.2 (5987515)|VARIABLE_SCOPE_BEGIN|[111]|relName1|String|false|false
13:03:01.2 (5994736)|VARIABLE_ASSIGNMENT|[111]|relName1|"contentdocument"
13:03:01.2 (5997321)|STATEMENT_EXECUTE|[112]
13:03:01.2 (6011171)|ENTERING_MANAGED_PKG|
13:03:01.2 (6033370)|HEAP_ALLOCATE|[112]|Bytes:5
13:03:01.2 (6046105)|VARIABLE_SCOPE_BEGIN|[112]|relField1|String|false|false
13:03:01.2 (6052579)|VARIABLE_ASSIGNMENT|[112]|relField1|"title"
13:03:01.2 (6062949)|ENTERING_MANAGED_PKG|
13:03:01.2 (6090345)|STATEMENT_EXECUTE|[132]
13:03:01.2 (6094853)|HEAP_ALLOCATE|[134]|Bytes:3
13:03:01.2 (6106882)|ENTERING_MANAGED_PKG|
13:03:01.2 (6133927)|STATEMENT_EXECUTE|[141]
13:03:01.2 (6143391)|METHOD_EXIT|[48]|01pB0000000ljzx|testautonumdata.Sparkle_Helper.AddFieldToObjectsMap(String, String, Map<String,Set<String>>)
13:03:01.2 (6146999)|STATEMENT_EXECUTE|[49]
13:03:01.2 (6150078)|HEAP_ALLOCATE|[49]|Bytes:24
13:03:01.2 (6158631)|METHOD_ENTRY|[49]|01pB0000000ljzx|testautonumdata.Sparkle_Helper.AddFieldToObjectsMap(String, String, Map<String,Set<String>>)
13:03:01.2 (6171287)|VARIABLE_SCOPE_BEGIN|[107]|fieldName|String|false|false
13:03:01.2 (6178273)|VARIABLE_ASSIGNMENT|[107]|fieldName|"contentdocument.file (4 more) ..."
13:03:01.2 (6180275)|VARIABLE_SCOPE_BEGIN|[107]|initialObjectName|String|false|false
13:03:01.2 (6183067)|VARIABLE_ASSIGNMENT|[107]|initialObjectName|"ContentDocumentLink"
13:03:01.2 (6184794)|VARIABLE_SCOPE_BEGIN|[107]|theMap|Map<String,Set<String>>|true|false
13:03:01.2 (6201602)|VARIABLE_ASSIGNMENT|[107]|theMap|{"s":1,"v":{"ContentDocumentLink":{"s":2,"v":["Id","ContentDocumentId"]}}}|0x6ffa7dfd
13:03:01.2 (6210088)|HEAP_ALLOCATE|[109]|Bytes:5
13:03:01.2 (6213883)|STATEMENT_EXECUTE|[108]
13:03:01.2 (6226868)|ENTERING_MANAGED_PKG|
13:03:01.2 (6235401)|STATEMENT_EXECUTE|[110]
13:03:01.2 (6236761)|STATEMENT_EXECUTE|[111]
13:03:01.2 (6243980)|ENTERING_MANAGED_PKG|
13:03:01.2 (6247476)|HEAP_ALLOCATE|[111]|Bytes:15
13:03:01.2 (6255557)|VARIABLE_SCOPE_BEGIN|[111]|relName1|String|false|false
13:03:01.2 (6261729)|VARIABLE_ASSIGNMENT|[111]|relName1|"contentdocument"
13:03:01.2 (6264024)|STATEMENT_EXECUTE|[112]
13:03:01.2 (6272549)|ENTERING_MANAGED_PKG|
13:03:01.2 (6275907)|HEAP_ALLOCATE|[112]|Bytes:8
13:03:01.2 (6283286)|VARIABLE_SCOPE_BEGIN|[112]|relField1|String|false|false
13:03:01.2 (6288340)|VARIABLE_ASSIGNMENT|[112]|relField1|"filetype"
13:03:01.2 (6296582)|ENTERING_MANAGED_PKG|
13:03:01.2 (6304189)|STATEMENT_EXECUTE|[132]
13:03:01.2 (6311472)|ENTERING_MANAGED_PKG|
13:03:01.2 (6318046)|STATEMENT_EXECUTE|[141]
13:03:01.2 (6325464)|METHOD_EXIT|[49]|01pB0000000ljzx|testautonumdata.Sparkle_Helper.AddFieldToObjectsMap(String, String, Map<String,Set<String>>)
13:03:01.2 (6328331)|STATEMENT_EXECUTE|[50]
13:03:01.2 (6331037)|HEAP_ALLOCATE|[50]|Bytes:27
13:03:01.2 (6338463)|METHOD_ENTRY|[50]|01pB0000000ljzx|testautonumdata.Sparkle_Helper.AddFieldToObjectsMap(String, String, Map<String,Set<String>>)
13:03:01.2 (6351068)|VARIABLE_SCOPE_BEGIN|[107]|fieldName|String|false|false
13:03:01.2 (6357603)|VARIABLE_ASSIGNMENT|[107]|fieldName|"contentdocument.crea (7 more) ..."
13:03:01.2 (6359620)|VARIABLE_SCOPE_BEGIN|[107]|initialObjectName|String|false|false
13:03:01.2 (6362317)|VARIABLE_ASSIGNMENT|[107]|initialObjectName|"ContentDocumentLink"
13:03:01.2 (6364020)|VARIABLE_SCOPE_BEGIN|[107]|theMap|Map<String,Set<String>>|true|false
13:03:01.2 (6380372)|VARIABLE_ASSIGNMENT|[107]|theMap|{"s":1,"v":{"ContentDocumentLink":{"s":2,"v":["Id","ContentDocumentId"]}}}|0x6ffa7dfd
13:03:01.2 (6388632)|HEAP_ALLOCATE|[109]|Bytes:5
13:03:01.2 (6392315)|STATEMENT_EXECUTE|[108]
13:03:01.2 (6404848)|ENTERING_MANAGED_PKG|
13:03:01.2 (6413124)|STATEMENT_EXECUTE|[110]
13:03:01.2 (6414524)|STATEMENT_EXECUTE|[111]
13:03:01.2 (6421885)|ENTERING_MANAGED_PKG|
13:03:01.2 (6425316)|HEAP_ALLOCATE|[111]|Bytes:15
13:03:01.2 (6433440)|VARIABLE_SCOPE_BEGIN|[111]|relName1|String|false|false
13:03:01.2 (6439665)|VARIABLE_ASSIGNMENT|[111]|relName1|"contentdocument"
13:03:01.2 (6441972)|STATEMENT_EXECUTE|[112]
13:03:01.2 (6450365)|ENTERING_MANAGED_PKG|
13:03:01.2 (6453628)|HEAP_ALLOCATE|[112]|Bytes:11
13:03:01.2 (6460874)|VARIABLE_SCOPE_BEGIN|[112]|relField1|String|false|false
13:03:01.2 (6465706)|VARIABLE_ASSIGNMENT|[112]|relField1|"createddate"
13:03:01.2 (6474025)|ENTERING_MANAGED_PKG|
13:03:01.2 (6481518)|STATEMENT_EXECUTE|[132]
13:03:01.2 (6488764)|ENTERING_MANAGED_PKG|
13:03:01.2 (6495635)|STATEMENT_EXECUTE|[141]
13:03:01.2 (6502875)|METHOD_EXIT|[50]|01pB0000000ljzx|testautonumdata.Sparkle_Helper.AddFieldToObjectsMap(String, String, Map<String,Set<String>>)
13:03:01.2 (6505554)|STATEMENT_EXECUTE|[51]
13:03:01.2 (6508144)|HEAP_ALLOCATE|[51]|Bytes:29
13:03:01.2 (6515607)|METHOD_ENTRY|[51]|01pB0000000ljzx|testautonumdata.Sparkle_Helper.AddFieldToObjectsMap(String, String, Map<String,Set<String>>)
13:03:01.2 (6528684)|VARIABLE_SCOPE_BEGIN|[107]|fieldName|String|false|false
13:03:01.2 (6535087)|VARIABLE_ASSIGNMENT|[107]|fieldName|"contentdocument.file (9 more) ..."
13:03:01.2 (6537004)|VARIABLE_SCOPE_BEGIN|[107]|initialObjectName|String|false|false
13:03:01.2 (6539774)|VARIABLE_ASSIGNMENT|[107]|initialObjectName|"ContentDocumentLink"
13:03:01.2 (6541467)|VARIABLE_SCOPE_BEGIN|[107]|theMap|Map<String,Set<String>>|true|false
13:03:01.2 (6557433)|VARIABLE_ASSIGNMENT|[107]|theMap|{"s":1,"v":{"ContentDocumentLink":{"s":2,"v":["Id","ContentDocumentId"]}}}|0x6ffa7dfd
13:03:01.2 (6565405)|HEAP_ALLOCATE|[109]|Bytes:5
13:03:01.2 (6569294)|STATEMENT_EXECUTE|[108]
13:03:01.2 (6582039)|ENTERING_MANAGED_PKG|
13:03:01.2 (6590279)|STATEMENT_EXECUTE|[110]
13:03:01.2 (6591674)|STATEMENT_EXECUTE|[111]
13:03:01.2 (6602598)|ENTERING_MANAGED_PKG|
13:03:01.2 (6606257)|HEAP_ALLOCATE|[111]|Bytes:15
13:03:01.2 (6615021)|VARIABLE_SCOPE_BEGIN|[111]|relName1|String|false|false
13:03:01.2 (6621420)|VARIABLE_ASSIGNMENT|[111]|relName1|"contentdocument"
13:03:01.2 (6623611)|STATEMENT_EXECUTE|[112]
13:03:01.2 (6632079)|ENTERING_MANAGED_PKG|
13:03:01.2 (6635512)|HEAP_ALLOCATE|[112]|Bytes:13
13:03:01.2 (6643161)|VARIABLE_SCOPE_BEGIN|[112]|relField1|String|false|false
13:03:01.2 (6648233)|VARIABLE_ASSIGNMENT|[112]|relField1|"fileextension"
13:03:01.2 (6656519)|ENTERING_MANAGED_PKG|
13:03:01.2 (6664156)|STATEMENT_EXECUTE|[132]
13:03:01.2 (6671395)|ENTERING_MANAGED_PKG|
13:03:01.2 (6677939)|STATEMENT_EXECUTE|[141]
13:03:01.2 (6685197)|METHOD_EXIT|[51]|01pB0000000ljzx|testautonumdata.Sparkle_Helper.AddFieldToObjectsMap(String, String, Map<String,Set<String>>)
13:03:01.2 (6688161)|STATEMENT_EXECUTE|[52]
13:03:01.2 (6690954)|HEAP_ALLOCATE|[52]|Bytes:27
13:03:01.2 (6698632)|METHOD_ENTRY|[52]|01pB0000000ljzx|testautonumdata.Sparkle_Helper.AddFieldToObjectsMap(String, String, Map<String,Set<String>>)
13:03:01.2 (6711329)|VARIABLE_SCOPE_BEGIN|[107]|fieldName|String|false|false
13:03:01.2 (6717704)|VARIABLE_ASSIGNMENT|[107]|fieldName|"contentdocument.cont (7 more) ..."
13:03:01.2 (6719622)|VARIABLE_SCOPE_BEGIN|[107]|initialObjectName|String|false|false
13:03:01.2 (6722281)|VARIABLE_ASSIGNMENT|[107]|initialObjectName|"ContentDocumentLink"
13:03:01.2 (6724215)|VARIABLE_SCOPE_BEGIN|[107]|theMap|Map<String,Set<String>>|true|false
13:03:01.2 (6740314)|VARIABLE_ASSIGNMENT|[107]|theMap|{"s":1,"v":{"ContentDocumentLink":{"s":2,"v":["Id","ContentDocumentId"]}}}|0x6ffa7dfd
13:03:01.2 (6748167)|HEAP_ALLOCATE|[109]|Bytes:5
13:03:01.2 (6751952)|STATEMENT_EXECUTE|[108]
13:03:01.2 (6764466)|ENTERING_MANAGED_PKG|
13:03:01.2 (6772567)|STATEMENT_EXECUTE|[110]
13:03:01.2 (6773922)|STATEMENT_EXECUTE|[111]
13:03:01.2 (6781060)|ENTERING_MANAGED_PKG|
13:03:01.2 (6784426)|HEAP_ALLOCATE|[111]|Bytes:15
13:03:01.2 (6792364)|VARIABLE_SCOPE_BEGIN|[111]|relName1|String|false|false
13:03:01.2 (6798498)|VARIABLE_ASSIGNMENT|[111]|relName1|"contentdocument"
13:03:01.2 (6800624)|STATEMENT_EXECUTE|[112]
13:03:01.2 (6810460)|ENTERING_MANAGED_PKG|
13:03:01.2 (6815129)|HEAP_ALLOCATE|[112]|Bytes:11
13:03:01.2 (6824000)|VARIABLE_SCOPE_BEGIN|[112]|relField1|String|false|false
13:03:01.2 (6829453)|VARIABLE_ASSIGNMENT|[112]|relField1|"contentsize"
13:03:01.2 (6838376)|ENTERING_MANAGED_PKG|
13:03:01.2 (6846248)|STATEMENT_EXECUTE|[132]
13:03:01.2 (6853492)|ENTERING_MANAGED_PKG|
13:03:01.2 (6859945)|STATEMENT_EXECUTE|[141]
13:03:01.2 (6867237)|METHOD_EXIT|[52]|01pB0000000ljzx|testautonumdata.Sparkle_Helper.AddFieldToObjectsMap(String, String, Map<String,Set<String>>)
13:03:01.2 (6870060)|STATEMENT_EXECUTE|[53]
13:03:01.2 (6873105)|HEAP_ALLOCATE|[53]|Bytes:9
13:03:01.2 (6880549)|METHOD_ENTRY|[53]|01pB0000000ljzx|testautonumdata.Sparkle_Helper.AddFieldToObjectsMap(String, String, Map<String,Set<String>>)
13:03:01.2 (6892989)|VARIABLE_SCOPE_BEGIN|[107]|fieldName|String|false|false
13:03:01.2 (6898492)|VARIABLE_ASSIGNMENT|[107]|fieldName|"IsDeleted"
13:03:01.2 (6900405)|VARIABLE_SCOPE_BEGIN|[107]|initialObjectName|String|false|false
13:03:01.2 (6903094)|VARIABLE_ASSIGNMENT|[107]|initialObjectName|"ContentDocumentLink"
13:03:01.2 (6904778)|VARIABLE_SCOPE_BEGIN|[107]|theMap|Map<String,Set<String>>|true|false
13:03:01.2 (6920865)|VARIABLE_ASSIGNMENT|[107]|theMap|{"s":1,"v":{"ContentDocumentLink":{"s":2,"v":["Id","ContentDocumentId"]}}}|0x6ffa7dfd
13:03:01.2 (6928982)|HEAP_ALLOCATE|[109]|Bytes:5
13:03:01.2 (6932666)|STATEMENT_EXECUTE|[108]
13:03:01.2 (6945217)|ENTERING_MANAGED_PKG|
13:03:01.2 (6953558)|STATEMENT_EXECUTE|[150]
13:03:01.2 (6959490)|METHOD_ENTRY|[150]|01pB0000000ljzx|testautonumdata.Sparkle_Helper.AddFieldToMap(String, String, Map<String,Set<String>>)
13:03:01.2 (6964085)|VARIABLE_SCOPE_BEGIN|[157]|fieldName|String|false|false
13:03:01.2 (6969416)|VARIABLE_ASSIGNMENT|[157]|fieldName|"IsDeleted"
13:03:01.2 (6971130)|VARIABLE_SCOPE_BEGIN|[157]|ObjectName|String|false|false
13:03:01.2 (6973901)|VARIABLE_ASSIGNMENT|[157]|ObjectName|"ContentDocumentLink"
13:03:01.2 (6975664)|VARIABLE_SCOPE_BEGIN|[157]|theMap|Map<String,Set<String>>|true|false
13:03:01.2 (6990657)|VARIABLE_ASSIGNMENT|[157]|theMap|{"s":1,"v":{"ContentDocumentLink":{"s":2,"v":["Id","ContentDocumentId"]}}}|0x6ffa7dfd
13:03:01.2 (6998720)|HEAP_ALLOCATE|[160]|Bytes:5
13:03:01.2 (7002298)|STATEMENT_EXECUTE|[158]
13:03:01.2 (7009937)|ENTERING_MANAGED_PKG|
13:03:01.2 (7016427)|STATEMENT_EXECUTE|[161]
13:03:01.2 (7017570)|STATEMENT_EXECUTE|[162]
13:03:01.2 (7020930)|ENTERING_MANAGED_PKG|
13:03:01.2 (7030449)|VARIABLE_SCOPE_BEGIN|[162]|existingFieldSet|Set<String>|true|false
13:03:01.2 (7043819)|VARIABLE_ASSIGNMENT|[162]|existingFieldSet|{"s":1,"v":["Id","ContentDocumentId"]}|0x7c1ed9a3
13:03:01.2 (7046990)|STATEMENT_EXECUTE|[163]
13:03:01.2 (7053395)|ENTERING_MANAGED_PKG|
13:03:01.2 (7056109)|HEAP_ALLOCATE|[EXTERNAL]|Bytes:4
13:03:01.2 (7061904)|STATEMENT_EXECUTE|[164]
13:03:01.2 (7065738)|ENTERING_MANAGED_PKG|
13:03:01.2 (7083903)|METHOD_EXIT|[150]|01pB0000000ljzx|testautonumdata.Sparkle_Helper.AddFieldToMap(String, String, Map<String,Set<String>>)
13:03:01.2 (7089658)|METHOD_EXIT|[53]|01pB0000000ljzx|testautonumdata.Sparkle_Helper.AddFieldToObjectsMap(String, String, Map<String,Set<String>>)
13:03:01.2 (7092286)|STATEMENT_EXECUTE|[54]
13:03:01.2 (7095430)|HEAP_ALLOCATE|[54]|Bytes:14
13:03:01.2 (7103289)|METHOD_ENTRY|[54]|01pB0000000ljzx|testautonumdata.Sparkle_Helper.AddFieldToObjectsMap(String, String, Map<String,Set<String>>)
13:03:01.2 (7116364)|VARIABLE_SCOPE_BEGIN|[107]|fieldName|String|false|false
13:03:01.2 (7122459)|VARIABLE_ASSIGNMENT|[107]|fieldName|"LinkedEntityId"
13:03:01.2 (7124380)|VARIABLE_SCOPE_BEGIN|[107]|initialObjectName|String|false|false
13:03:01.2 (7127189)|VARIABLE_ASSIGNMENT|[107]|initialObjectName|"ContentDocumentLink"
13:03:01.2 (7128814)|VARIABLE_SCOPE_BEGIN|[107]|theMap|Map<String,Set<String>>|true|false
13:03:01.2 (7145570)|VARIABLE_ASSIGNMENT|[107]|theMap|{"s":1,"v":{"ContentDocumentLink":{"s":2,"v":["Id","ContentDocumentId","IsDeleted"]}}}|0x6ffa7dfd
13:03:01.2 (7153769)|HEAP_ALLOCATE|[109]|Bytes:5
13:03:01.2 (7157630)|STATEMENT_EXECUTE|[108]
13:03:01.2 (7170808)|ENTERING_MANAGED_PKG|
13:03:01.2 (7179245)|STATEMENT_EXECUTE|[150]
13:03:01.2 (7185085)|METHOD_ENTRY|[150]|01pB0000000ljzx|testautonumdata.Sparkle_Helper.AddFieldToMap(String, String, Map<String,Set<String>>)
13:03:01.2 (7189782)|VARIABLE_SCOPE_BEGIN|[157]|fieldName|String|false|false
13:03:01.2 (7195037)|VARIABLE_ASSIGNMENT|[157]|fieldName|"LinkedEntityId"
13:03:01.2 (7196778)|VARIABLE_SCOPE_BEGIN|[157]|ObjectName|String|false|false
13:03:01.2 (7199660)|VARIABLE_ASSIGNMENT|[157]|ObjectName|"ContentDocumentLink"
13:03:01.2 (7201414)|VARIABLE_SCOPE_BEGIN|[157]|theMap|Map<String,Set<String>>|true|false
13:03:01.2 (7216976)|VARIABLE_ASSIGNMENT|[157]|theMap|{"s":1,"v":{"ContentDocumentLink":{"s":2,"v":["Id","ContentDocumentId","IsDeleted"]}}}|0x6ffa7dfd
13:03:01.2 (7225034)|HEAP_ALLOCATE|[160]|Bytes:5
13:03:01.2 (7228752)|STATEMENT_EXECUTE|[158]
13:03:01.2 (7235253)|ENTERING_MANAGED_PKG|
13:03:01.2 (7241448)|STATEMENT_EXECUTE|[161]
13:03:01.2 (7242535)|STATEMENT_EXECUTE|[162]
13:03:01.2 (7245958)|ENTERING_MANAGED_PKG|
13:03:01.2 (7254876)|VARIABLE_SCOPE_BEGIN|[162]|existingFieldSet|Set<String>|true|false
13:03:01.2 (7268062)|VARIABLE_ASSIGNMENT|[162]|existingFieldSet|{"s":1,"v":["Id","ContentDocumentId","IsDeleted"]}|0x7c1ed9a3
13:03:01.2 (7271255)|STATEMENT_EXECUTE|[163]
13:03:01.2 (7276942)|ENTERING_MANAGED_PKG|
13:03:01.2 (7279679)|HEAP_ALLOCATE|[EXTERNAL]|Bytes:4
13:03:01.2 (7285224)|STATEMENT_EXECUTE|[164]
13:03:01.2 (7289011)|ENTERING_MANAGED_PKG|
13:03:01.2 (7306641)|METHOD_EXIT|[150]|01pB0000000ljzx|testautonumdata.Sparkle_Helper.AddFieldToMap(String, String, Map<String,Set<String>>)
13:03:01.2 (7312236)|METHOD_EXIT|[54]|01pB0000000ljzx|testautonumdata.Sparkle_Helper.AddFieldToObjectsMap(String, String, Map<String,Set<String>>)
13:03:01.2 (7315150)|STATEMENT_EXECUTE|[55]
13:03:01.2 (7318199)|HEAP_ALLOCATE|[55]|Bytes:9
13:03:01.2 (7326010)|METHOD_ENTRY|[55]|01pB0000000ljzx|testautonumdata.Sparkle_Helper.AddFieldToObjectsMap(String, String, Map<String,Set<String>>)
13:03:01.2 (7338676)|VARIABLE_SCOPE_BEGIN|[107]|fieldName|String|false|false
13:03:01.2 (7344581)|VARIABLE_ASSIGNMENT|[107]|fieldName|"ShareType"
13:03:01.2 (7346644)|VARIABLE_SCOPE_BEGIN|[107]|initialObjectName|String|false|false
13:03:01.2 (7349268)|VARIABLE_ASSIGNMENT|[107]|initialObjectName|"ContentDocumentLink"
13:03:01.2 (7351028)|VARIABLE_SCOPE_BEGIN|[107]|theMap|Map<String,Set<String>>|true|false
13:03:01.2 (7371098)|VARIABLE_ASSIGNMENT|[107]|theMap|{"s":1,"v":{"ContentDocumentLink":{"s":2,"v":["Id","ContentDocumentId","IsDeleted","LinkedEntityId"]}}}|0x6ffa7dfd
13:03:01.2 (7380214)|HEAP_ALLOCATE|[109]|Bytes:5
13:03:01.2 (7384108)|STATEMENT_EXECUTE|[108]
13:03:01.2 (7397424)|ENTERING_MANAGED_PKG|
13:03:01.2 (7406278)|STATEMENT_EXECUTE|[150]
13:03:01.2 (7412917)|METHOD_ENTRY|[150]|01pB0000000ljzx|testautonumdata.Sparkle_Helper.AddFieldToMap(String, String, Map<String,Set<String>>)
13:03:01.2 (7419055)|VARIABLE_SCOPE_BEGIN|[157]|fieldName|String|false|false
13:03:01.2 (7424598)|VARIABLE_ASSIGNMENT|[157]|fieldName|"ShareType"
13:03:01.2 (7426405)|VARIABLE_SCOPE_BEGIN|[157]|ObjectName|String|false|false
13:03:01.2 (7429302)|VARIABLE_ASSIGNMENT|[157]|ObjectName|"ContentDocumentLink"
13:03:01.2 (7431072)|VARIABLE_SCOPE_BEGIN|[157]|theMap|Map<String,Set<String>>|true|false
13:03:01.2 (7447031)|VARIABLE_ASSIGNMENT|[157]|theMap|{"s":1,"v":{"ContentDocumentLink":{"s":2,"v":["Id","ContentDocumentId","IsDeleted","LinkedEntityId"]}}}|0x6ffa7dfd
13:03:01.2 (7454966)|HEAP_ALLOCATE|[160]|Bytes:5
13:03:01.2 (7458736)|STATEMENT_EXECUTE|[158]
13:03:01.2 (7465305)|ENTERING_MANAGED_PKG|
13:03:01.2 (7471744)|STATEMENT_EXECUTE|[161]
13:03:01.2 (7472862)|STATEMENT_EXECUTE|[162]
13:03:01.2 (7476113)|ENTERING_MANAGED_PKG|
13:03:01.2 (7484779)|VARIABLE_SCOPE_BEGIN|[162]|existingFieldSet|Set<String>|true|false
13:03:01.2 (7498190)|VARIABLE_ASSIGNMENT|[162]|existingFieldSet|{"s":1,"v":["Id","ContentDocumentId","IsDeleted","LinkedEntityId"]}|0x7c1ed9a3
13:03:01.2 (7501553)|STATEMENT_EXECUTE|[163]
13:03:01.2 (7507249)|ENTERING_MANAGED_PKG|
13:03:01.2 (7509946)|HEAP_ALLOCATE|[EXTERNAL]|Bytes:4
13:03:01.2 (7515428)|STATEMENT_EXECUTE|[164]
13:03:01.2 (7519257)|ENTERING_MANAGED_PKG|
13:03:01.2 (7536218)|METHOD_EXIT|[150]|01pB0000000ljzx|testautonumdata.Sparkle_Helper.AddFieldToMap(String, String, Map<String,Set<String>>)
13:03:01.2 (7541910)|METHOD_EXIT|[55]|01pB0000000ljzx|testautonumdata.Sparkle_Helper.AddFieldToObjectsMap(String, String, Map<String,Set<String>>)
13:03:01.2 (7544449)|STATEMENT_EXECUTE|[56]
13:03:01.2 (7547634)|HEAP_ALLOCATE|[56]|Bytes:14
13:03:01.2 (7555061)|METHOD_ENTRY|[56]|01pB0000000ljzx|testautonumdata.Sparkle_Helper.AddFieldToObjectsMap(String, String, Map<String,Set<String>>)
13:03:01.2 (7567996)|VARIABLE_SCOPE_BEGIN|[107]|fieldName|String|false|false
13:03:01.2 (7573987)|VARIABLE_ASSIGNMENT|[107]|fieldName|"SystemModstamp"
13:03:01.2 (7575863)|VARIABLE_SCOPE_BEGIN|[107]|initialObjectName|String|false|false
13:03:01.2 (7578461)|VARIABLE_ASSIGNMENT|[107]|initialObjectName|"ContentDocumentLink"
13:03:01.2 (7580221)|VARIABLE_SCOPE_BEGIN|[107]|theMap|Map<String,Set<String>>|true|false
13:03:01.2 (7597201)|VARIABLE_ASSIGNMENT|[107]|theMap|{"s":1,"v":{"ContentDocumentLink":{"s":2,"v":["Id","ContentDocumentId","IsDeleted","LinkedEntityId","ShareType"]}}}|0x6ffa7dfd
13:03:01.2 (7617917)|HEAP_ALLOCATE|[109]|Bytes:5
13:03:01.2 (7621912)|STATEMENT_EXECUTE|[108]
13:03:01.2 (7635354)|ENTERING_MANAGED_PKG|
13:03:01.2 (7643862)|STATEMENT_EXECUTE|[150]
13:03:01.2 (7649526)|METHOD_ENTRY|[150]|01pB0000000ljzx|testautonumdata.Sparkle_Helper.AddFieldToMap(String, String, Map<String,Set<String>>)
13:03:01.2 (7653901)|VARIABLE_SCOPE_BEGIN|[157]|fieldName|String|false|false
13:03:01.2 (7659151)|VARIABLE_ASSIGNMENT|[157]|fieldName|"SystemModstamp"
13:03:01.2 (7660914)|VARIABLE_SCOPE_BEGIN|[157]|ObjectName|String|false|false
13:03:01.2 (7663719)|VARIABLE_ASSIGNMENT|[157]|ObjectName|"ContentDocumentLink"
13:03:01.2 (7665408)|VARIABLE_SCOPE_BEGIN|[157]|theMap|Map<String,Set<String>>|true|false
13:03:01.2 (7681394)|VARIABLE_ASSIGNMENT|[157]|theMap|{"s":1,"v":{"ContentDocumentLink":{"s":2,"v":["Id","ContentDocumentId","IsDeleted","LinkedEntityId","ShareType"]}}}|0x6ffa7dfd
13:03:01.2 (7689398)|HEAP_ALLOCATE|[160]|Bytes:5
13:03:01.2 (7693027)|STATEMENT_EXECUTE|[158]
13:03:01.2 (7699582)|ENTERING_MANAGED_PKG|
13:03:01.2 (7705826)|STATEMENT_EXECUTE|[161]
13:03:01.2 (7706945)|STATEMENT_EXECUTE|[162]
13:03:01.2 (7710213)|ENTERING_MANAGED_PKG|
13:03:01.2 (7719253)|VARIABLE_SCOPE_BEGIN|[162]|existingFieldSet|Set<String>|true|false
13:03:01.2 (7732878)|VARIABLE_ASSIGNMENT|[162]|existingFieldSet|{"s":1,"v":["Id","ContentDocumentId","IsDeleted","LinkedEntityId","ShareType"]}|0x7c1ed9a3
13:03:01.2 (7736106)|STATEMENT_EXECUTE|[163]
13:03:01.2 (7741908)|ENTERING_MANAGED_PKG|
13:03:01.2 (7744682)|HEAP_ALLOCATE|[EXTERNAL]|Bytes:4
13:03:01.2 (7750151)|STATEMENT_EXECUTE|[164]
13:03:01.2 (7753926)|ENTERING_MANAGED_PKG|
13:03:01.2 (7771001)|METHOD_EXIT|[150]|01pB0000000ljzx|testautonumdata.Sparkle_Helper.AddFieldToMap(String, String, Map<String,Set<String>>)
13:03:01.2 (7776457)|METHOD_EXIT|[56]|01pB0000000ljzx|testautonumdata.Sparkle_Helper.AddFieldToObjectsMap(String, String, Map<String,Set<String>>)
13:03:01.2 (7779024)|STATEMENT_EXECUTE|[57]
13:03:01.2 (7782077)|HEAP_ALLOCATE|[57]|Bytes:10
13:03:01.2 (7789777)|METHOD_ENTRY|[57]|01pB0000000ljzx|testautonumdata.Sparkle_Helper.AddFieldToObjectsMap(String, String, Map<String,Set<String>>)
13:03:01.2 (7802708)|VARIABLE_SCOPE_BEGIN|[107]|fieldName|String|false|false
13:03:01.2 (7809411)|VARIABLE_ASSIGNMENT|[107]|fieldName|"Visibility"
13:03:01.2 (7812757)|VARIABLE_SCOPE_BEGIN|[107]|initialObjectName|String|false|false
13:03:01.2 (7817444)|VARIABLE_ASSIGNMENT|[107]|initialObjectName|"ContentDocumentLink"
13:03:01.2 (7819612)|VARIABLE_SCOPE_BEGIN|[107]|theMap|Map<String,Set<String>>|true|false
13:03:01.2 (7838749)|VARIABLE_ASSIGNMENT|[107]|theMap|{"s":1,"v":{"ContentDocumentLink":{"s":2,"v":"List of size 6 too large to display"}}}|0x6ffa7dfd
13:03:01.2 (7847241)|HEAP_ALLOCATE|[109]|Bytes:5
13:03:01.2 (7851189)|STATEMENT_EXECUTE|[108]
13:03:01.2 (7864573)|ENTERING_MANAGED_PKG|
13:03:01.2 (7873018)|STATEMENT_EXECUTE|[150]
13:03:01.2 (7878599)|METHOD_ENTRY|[150]|01pB0000000ljzx|testautonumdata.Sparkle_Helper.AddFieldToMap(String, String, Map<String,Set<String>>)
13:03:01.2 (7883138)|VARIABLE_SCOPE_BEGIN|[157]|fieldName|String|false|false
13:03:01.2 (7888340)|VARIABLE_ASSIGNMENT|[157]|fieldName|"Visibility"
13:03:01.2 (7890081)|VARIABLE_SCOPE_BEGIN|[157]|ObjectName|String|false|false
13:03:01.2 (7892873)|VARIABLE_ASSIGNMENT|[157]|ObjectName|"ContentDocumentLink"
13:03:01.2 (7894566)|VARIABLE_SCOPE_BEGIN|[157]|theMap|Map<String,Set<String>>|true|false
13:03:01.2 (7910042)|VARIABLE_ASSIGNMENT|[157]|theMap|{"s":1,"v":{"ContentDocumentLink":{"s":2,"v":"List of size 6 too large to display"}}}|0x6ffa7dfd
13:03:01.2 (7917772)|HEAP_ALLOCATE|[160]|Bytes:5
13:03:01.2 (7921201)|STATEMENT_EXECUTE|[158]
13:03:01.2 (7927795)|ENTERING_MANAGED_PKG|
13:03:01.2 (7934068)|STATEMENT_EXECUTE|[161]
13:03:01.2 (7935372)|STATEMENT_EXECUTE|[162]
13:03:01.2 (7938724)|ENTERING_MANAGED_PKG|
13:03:01.2 (7947368)|VARIABLE_SCOPE_BEGIN|[162]|existingFieldSet|Set<String>|true|false
13:03:01.2 (7960077)|VARIABLE_ASSIGNMENT|[162]|existingFieldSet|{"s":1,"v":"List of size 6 too large to display"}|0x7c1ed9a3
13:03:01.2 (7963038)|STATEMENT_EXECUTE|[163]
13:03:01.2 (7968690)|ENTERING_MANAGED_PKG|
13:03:01.2 (7971295)|HEAP_ALLOCATE|[EXTERNAL]|Bytes:4
13:03:01.2 (7976621)|STATEMENT_EXECUTE|[164]
13:03:01.2 (7980334)|ENTERING_MANAGED_PKG|
13:03:01.2 (7997061)|METHOD_EXIT|[150]|01pB0000000ljzx|testautonumdata.Sparkle_Helper.AddFieldToMap(String, String, Map<String,Set<String>>)
13:03:01.2 (8002601)|METHOD_EXIT|[57]|01pB0000000ljzx|testautonumdata.Sparkle_Helper.AddFieldToObjectsMap(String, String, Map<String,Set<String>>)
13:03:01.2 (8006338)|STATEMENT_EXECUTE|[58]
13:03:01.2 (8009431)|HEAP_ALLOCATE|[58]|Bytes:26
13:03:01.2 (8016964)|METHOD_ENTRY|[58]|01pB0000000ljzx|testautonumdata.Sparkle_Helper.AddFieldToObjectsMap(String, String, Map<String,Set<String>>)
13:03:01.2 (8029795)|VARIABLE_SCOPE_BEGIN|[107]|fieldName|String|false|false
13:03:01.2 (8037221)|VARIABLE_ASSIGNMENT|[107]|fieldName|"contentdocument.isAr (6 more) ..."
13:03:01.2 (8039260)|VARIABLE_SCOPE_BEGIN|[107]|initialObjectName|String|false|false
13:03:01.2 (8041984)|VARIABLE_ASSIGNMENT|[107]|initialObjectName|"ContentDocumentLink"
13:03:01.2 (8043651)|VARIABLE_SCOPE_BEGIN|[107]|theMap|Map<String,Set<String>>|true|false
13:03:01.2 (8060196)|VARIABLE_ASSIGNMENT|[107]|theMap|{"s":1,"v":{"ContentDocumentLink":{"s":2,"v":"List of size 7 too large to display"}}}|0x6ffa7dfd
13:03:01.2 (8068266)|HEAP_ALLOCATE|[109]|Bytes:5
13:03:01.2 (8071972)|STATEMENT_EXECUTE|[108]
13:03:01.2 (8085056)|ENTERING_MANAGED_PKG|
13:03:01.2 (8093435)|STATEMENT_EXECUTE|[110]
13:03:01.2 (8094798)|STATEMENT_EXECUTE|[111]
13:03:01.2 (8101866)|ENTERING_MANAGED_PKG|
13:03:01.2 (8105297)|HEAP_ALLOCATE|[111]|Bytes:15
13:03:01.2 (8113499)|VARIABLE_SCOPE_BEGIN|[111]|relName1|String|false|false
13:03:01.2 (8119658)|VARIABLE_ASSIGNMENT|[111]|relName1|"contentdocument"
13:03:01.2 (8121784)|STATEMENT_EXECUTE|[112]
13:03:01.2 (8129960)|ENTERING_MANAGED_PKG|
13:03:01.2 (8133303)|HEAP_ALLOCATE|[112]|Bytes:10
13:03:01.2 (8140855)|VARIABLE_SCOPE_BEGIN|[112]|relField1|String|false|false
13:03:01.2 (8145661)|VARIABLE_ASSIGNMENT|[112]|relField1|"isArchived"
13:03:01.2 (8153534)|ENTERING_MANAGED_PKG|
13:03:01.2 (8161419)|STATEMENT_EXECUTE|[132]
13:03:01.2 (8169056)|ENTERING_MANAGED_PKG|
13:03:01.2 (8175562)|STATEMENT_EXECUTE|[141]
13:03:01.2 (8182694)|METHOD_EXIT|[58]|01pB0000000ljzx|testautonumdata.Sparkle_Helper.AddFieldToObjectsMap(String, String, Map<String,Set<String>>)
13:03:01.2 (8185653)|STATEMENT_EXECUTE|[59]
13:03:01.2 (8188373)|HEAP_ALLOCATE|[59]|Bytes:25
13:03:01.2 (8195876)|METHOD_ENTRY|[59]|01pB0000000ljzx|testautonumdata.Sparkle_Helper.AddFieldToObjectsMap(String, String, Map<String,Set<String>>)
13:03:01.2 (8208570)|VARIABLE_SCOPE_BEGIN|[107]|fieldName|String|false|false
13:03:01.2 (8215169)|VARIABLE_ASSIGNMENT|[107]|fieldName|"contentdocument.isDe (5 more) ..."
13:03:01.2 (8217067)|VARIABLE_SCOPE_BEGIN|[107]|initialObjectName|String|false|false
13:03:01.2 (8219681)|VARIABLE_ASSIGNMENT|[107]|initialObjectName|"ContentDocumentLink"
13:03:01.2 (8221279)|VARIABLE_SCOPE_BEGIN|[107]|theMap|Map<String,Set<String>>|true|false
13:03:01.2 (8237280)|VARIABLE_ASSIGNMENT|[107]|theMap|{"s":1,"v":{"ContentDocumentLink":{"s":2,"v":"List of size 7 too large to display"}}}|0x6ffa7dfd
13:03:01.2 (8245171)|HEAP_ALLOCATE|[109]|Bytes:5
13:03:01.2 (8248856)|STATEMENT_EXECUTE|[108]
13:03:01.2 (8261456)|ENTERING_MANAGED_PKG|
13:03:01.2 (8269772)|STATEMENT_EXECUTE|[110]
13:03:01.2 (8271108)|STATEMENT_EXECUTE|[111]
13:03:01.2 (8278184)|ENTERING_MANAGED_PKG|
13:03:01.2 (8281779)|HEAP_ALLOCATE|[111]|Bytes:15
13:03:01.2 (8289781)|VARIABLE_SCOPE_BEGIN|[111]|relName1|String|false|false
13:03:01.2 (8295832)|VARIABLE_ASSIGNMENT|[111]|relName1|"contentdocument"
13:03:01.2 (8297870)|STATEMENT_EXECUTE|[112]
13:03:01.2 (8306133)|ENTERING_MANAGED_PKG|
13:03:01.2 (8309353)|HEAP_ALLOCATE|[112]|Bytes:9
13:03:01.2 (8316765)|VARIABLE_SCOPE_BEGIN|[112]|relField1|String|false|false
13:03:01.2 (8321813)|VARIABLE_ASSIGNMENT|[112]|relField1|"isDeleted"
13:03:01.2 (8329991)|ENTERING_MANAGED_PKG|
13:03:01.2 (8337449)|STATEMENT_EXECUTE|[132]
13:03:01.2 (8344587)|ENTERING_MANAGED_PKG|
13:03:01.2 (8351181)|STATEMENT_EXECUTE|[141]
13:03:01.2 (8358231)|METHOD_EXIT|[59]|01pB0000000ljzx|testautonumdata.Sparkle_Helper.AddFieldToObjectsMap(String, String, Map<String,Set<String>>)
13:03:01.2 (8361234)|STATEMENT_EXECUTE|[66]
13:03:01.2 (8364014)|HEAP_ALLOCATE|[66]|Bytes:45
13:03:01.2 (8370547)|HEAP_ALLOCATE|[66]|Bytes:466
13:03:01.2 (8379025)|ENTERING_MANAGED_PKG|
13:03:01.2 (8399487)|USER_DEBUG|[66]|DEBUG|######## FilesViewerServerController - soql: select ContentDocumentId, contentdocument.title, contentdocument.filetype, contentdocument.createddate, contentdocument.fileextension, contentdocument.contentsize, Id,IsDeleted,LinkedEntityId,ShareType,SystemModstamp,Visibility FROM ContentDocumentLink where LinkedEntityId  = 'a0MB0000000cQXF' and contentdocument.isArchived = false and contentdocument.isDeleted = false order by contentdocument.createddate desc limit 8
13:03:01.2 (8409429)|STATEMENT_EXECUTE|[68]
13:03:01.2 (8430893)|ENTERING_MANAGED_PKG|
13:03:01.2 (8452156)|HEAP_ALLOCATE|[68]|Bytes:4
13:03:01.2 (22374394)|SOQL_EXECUTE_BEGIN|[68]|Aggregations:0|select ContentDocumentId, contentdocument.title, contentdocument.filetype, contentdocument.createddate, contentdocument.fileextension, contentdocument.contentsize, Id,IsDeleted,LinkedEntityId,ShareType,SystemModstamp,Visibility FROM ContentDocumentLink where LinkedEntityId  = 'a0MB0000000cQXF' and contentdocument.isArchived = false and contentdocument.isDeleted = false order by contentdocument.createddate desc limit 8
13:03:01.2 (43423865)|SOQL_EXECUTE_END|[68]|Rows:2
13:03:01.2 (43453913)|HEAP_ALLOCATE|[68]|Bytes:12
13:03:01.2 (43491620)|HEAP_ALLOCATE|[68]|Bytes:735
13:03:01.2 (43577927)|HEAP_ALLOCATE|[68]|Bytes:12
13:03:01.2 (43607598)|VARIABLE_SCOPE_BEGIN|[68]|lstQueriedRecords|List<SObject>|true|false
13:03:01.2 (43865681)|VARIABLE_ASSIGNMENT|[68]|lstQueriedRecords|{"s":1,"v":[{"s":2,"v":{"ContentDocumentId":"069B0000000zbmmIAA","Id":"06AB0000000xmryMAA","IsDeleted":false,"LinkedEntityId":"a0MB0000000cQXFMA2","ShareType":"V","SystemModstamp":"2016-05-23T15:46:04.000Z","Visibility":"InternalUsers","entityTypeName":"Custom Object Record","ContentDocument":{"s":3,"v":{"Title":"ResumeTemplate 1","FileType":"WORD","CreatedDate":"2016-05-23T15:46:04.000Z","FileExtension":"doc","ContentSize":29696,"Id":"069B0000000zbmmIAA"}}}},{"s":4,"v":{"ContentDocumentId":"069B0000000zbmhIAA","Id":"06AB0000000xmrtMAA","IsDeleted":false,"LinkedEntityId":"a0MB0000000cQXFMA2","ShareType":"V","SystemModstamp":"2016-05-23T15:46:04.000Z","Visibility":"InternalUsers","entityTypeName":"Custom Object Record","ContentDocument":{"s":5,"v":{"Title":"ResumeTemplate 1","FileType":"PDF","CreatedDate":"2016-05-23T15:46:03.000Z","FileExtension":"pdf","ContentSize":48077,"Id":"069B0000000zbmhIAA"}}}}]}|0x12b34020
13:03:01.2 (43876488)|STATEMENT_EXECUTE|[70]
13:03:01.2 (43883114)|HEAP_ALLOCATE|[70]|Bytes:59
13:03:01.2 (43910196)|ENTERING_MANAGED_PKG|
13:03:01.2 (44062543)|HEAP_ALLOCATE|[70]|Bytes:420
13:03:01.2 (44084211)|HEAP_ALLOCATE|[70]|Bytes:479
13:03:01.2 (44098186)|ENTERING_MANAGED_PKG|
13:03:01.2 (44110511)|USER_DEBUG|[70]|DEBUG|######## FilesViewerServerController -  lstQueriedRecords: (ContentDocumentLink:{ContentDocumentId=069B0000000zbmmIAA, Id=06AB0000000xmryMAA, IsDeleted=false, LinkedEntityId=a0MB0000000cQXFMA2, ShareType=V, SystemModstamp=2016-05-23 15:46:04, Visibility=InternalUsers}, ContentDocumentLink:{ContentDocumentId=069B0000000zbmhIAA, Id=06AB0000000xmrtMAA, IsDeleted=false, LinkedEntityId=a0MB0000000cQXFMA2, ShareType=V, SystemModstamp=2016-05-23 15:46:04, Visibility=InternalUsers})
13:03:01.2 (44139464)|METHOD_ENTRY|[74]|01pB0000000ljzx|testautonumdata.Sparkle_Helper.UserHasAccessToObjectsAndFields(Map<String,Set<String>>)
13:03:01.2 (44166091)|VARIABLE_SCOPE_BEGIN|[175]|theMap|Map<String,Set<String>>|true|false
13:03:01.2 (44195432)|VARIABLE_ASSIGNMENT|[175]|theMap|{"s":1,"v":{"ContentDocumentLink":{"s":2,"v":"List of size 7 too large to display"}}}|0x6ffa7dfd
13:03:01.2 (44209764)|HEAP_ALLOCATE|[177]|Bytes:5
13:03:01.2 (44214679)|STATEMENT_EXECUTE|[176]
13:03:01.2 (44216106)|STATEMENT_EXECUTE|[177]
13:03:01.2 (44221714)|VARIABLE_SCOPE_BEGIN|[177]|hasAccess|Boolean|false|false
13:03:01.2 (44225188)|HEAP_ALLOCATE|[177]|Bytes:5
13:03:01.2 (44230268)|VARIABLE_ASSIGNMENT|[177]|hasAccess|true
13:03:01.2 (44244098)|ENTERING_MANAGED_PKG|
13:03:01.2 (44275496)|STATEMENT_EXECUTE|[180]
13:03:01.2 (44277618)|STATEMENT_EXECUTE|[181]
13:03:01.2 (44281228)|HEAP_ALLOCATE|[181]|Bytes:17
13:03:01.2 (44297855)|ENTERING_MANAGED_PKG|
13:03:01.2 (44332140)|HEAP_ALLOCATE|[181]|Bytes:111
13:03:01.2 (44347535)|HEAP_ALLOCATE|[181]|Bytes:128
13:03:01.2 (44356432)|ENTERING_MANAGED_PKG|
13:03:01.2 (44364858)|USER_DEBUG|[181]|DEBUG|######## theMap: {ContentDocumentLink={ContentDocumentId, Id, IsDeleted, LinkedEntityId, ShareType, SystemModstamp, Visibility}}
13:03:01.2 (44380061)|HEAP_ALLOCATE|[182]|Bytes:4
13:03:01.2 (44395784)|ENTERING_MANAGED_PKG|
13:03:01.2 (44427856)|ENTERING_MANAGED_PKG|
13:03:01.2 (44442288)|HEAP_ALLOCATE|[182]|Bytes:27
13:03:01.2 (44456176)|ENTERING_MANAGED_PKG|
13:03:01.2 (44460892)|HEAP_ALLOCATE|[182]|Bytes:4
13:03:01.2 (44467875)|ENTERING_MANAGED_PKG|
13:03:01.2 (44588422)|HEAP_ALLOCATE|[182]|Bytes:5
13:03:01.2 (44609358)|VARIABLE_SCOPE_BEGIN|[182]|objectName|String|false|false
13:03:01.2 (44618129)|VARIABLE_ASSIGNMENT|[182]|objectName|"ContentDocumentLink"
13:03:01.2 (44621545)|STATEMENT_EXECUTE|[183]
13:03:01.2 (44622746)|STATEMENT_EXECUTE|[184]
13:03:01.2 (44626041)|HEAP_ALLOCATE|[184]|Bytes:21
13:03:01.2 (44632770)|HEAP_ALLOCATE|[184]|Bytes:40
13:03:01.2 (44642131)|ENTERING_MANAGED_PKG|
13:03:01.2 (44667521)|USER_DEBUG|[184]|DEBUG|######## objectName: ContentDocumentLink
13:03:01.2 (44675314)|STATEMENT_EXECUTE|[185]
13:03:01.2 (44691855)|ENTERING_MANAGED_PKG|
13:03:01.2 (66278269)|HEAP_ALLOCATE|[185]|Bytes:1648
13:03:01.2 (66327130)|ENTERING_MANAGED_PKG|
13:03:01.2 (66412882)|HEAP_ALLOCATE|[185]|Bytes:4
13:03:01.2 (66424049)|VARIABLE_SCOPE_BEGIN|[185]|sObj|SObject|true|false
13:03:01.2 (66450422)|VARIABLE_ASSIGNMENT|[185]|sObj|{}|0x769d9757
13:03:01.2 (66456277)|STATEMENT_EXECUTE|[186]
13:03:01.2 (66491099)|ENTERING_MANAGED_PKG|
13:03:01.2 (66810964)|HEAP_ALLOCATE|[186]|Bytes:4
13:03:01.2 (67137947)|HEAP_ALLOCATE|[186]|Bytes:32
13:03:01.2 (67149756)|VARIABLE_SCOPE_BEGIN|[186]|m|Map<String,Schema.SObjectField>|true|false
13:03:01.2 (67376352)|VARIABLE_ASSIGNMENT|[186]|m|"{contentdocumentid=ContentDocumentId, id=Id, isdeleted=IsDeleted, linkedentityid=LinkedEntityId, sharetype=ShareType, systemmodstamp=SystemModstamp, visibility=Visibility}"|0x7a731bd4
13:03:01.2 (67382170)|STATEMENT_EXECUTE|[187]
13:03:01.2 (67395904)|ENTERING_MANAGED_PKG|
13:03:01.2 (67438292)|VARIABLE_SCOPE_BEGIN|[187]|objectFieldSet|Set<String>|true|false
13:03:01.2 (67465894)|VARIABLE_ASSIGNMENT|[187]|objectFieldSet|{"s":1,"v":"List of size 7 too large to display"}|0x7c1ed9a3
13:03:01.2 (67478108)|HEAP_ALLOCATE|[189]|Bytes:4
13:03:01.2 (67492633)|ENTERING_MANAGED_PKG|
13:03:01.2 (67525391)|ENTERING_MANAGED_PKG|
13:03:01.2 (67535257)|HEAP_ALLOCATE|[189]|Bytes:28
13:03:01.2 (67543208)|ENTERING_MANAGED_PKG|
13:03:01.2 (67567417)|HEAP_ALLOCATE|[189]|Bytes:5
13:03:01.2 (67590673)|VARIABLE_SCOPE_BEGIN|[189]|fieldToCheck|String|false|false
13:03:01.2 (67598370)|VARIABLE_ASSIGNMENT|[189]|fieldToCheck|"Id"
13:03:01.2 (67602134)|STATEMENT_EXECUTE|[189]
13:03:01.2 (67603570)|STATEMENT_EXECUTE|[190]
13:03:01.2 (67607349)|HEAP_ALLOCATE|[190]|Bytes:23
13:03:01.2 (67616922)|HEAP_ALLOCATE|[190]|Bytes:25
13:03:01.2 (67631375)|ENTERING_MANAGED_PKG|
13:03:01.2 (67661129)|USER_DEBUG|[190]|DEBUG|######## fieldToCheck: Id
13:03:01.2 (67676964)|ENTERING_MANAGED_PKG|
13:03:01.2 (68491350)|HEAP_ALLOCATE|[192]|Bytes:8
13:03:01.2 (68522838)|STATEMENT_EXECUTE|[192]
13:03:01.2 (68525168)|STATEMENT_EXECUTE|[199]
13:03:01.2 (68528712)|HEAP_ALLOCATE|[199]|Bytes:35
13:03:01.2 (68536480)|HEAP_ALLOCATE|[199]|Bytes:37
13:03:01.2 (68546738)|ENTERING_MANAGED_PKG|
13:03:01.2 (68566670)|USER_DEBUG|[199]|DEBUG|######## User has access to field: Id
13:03:01.2 (68583252)|HEAP_ALLOCATE|[189]|Bytes:5
13:03:01.2 (68596051)|VARIABLE_SCOPE_BEGIN|[189]|fieldToCheck|String|false|false
13:03:01.2 (68604228)|VARIABLE_ASSIGNMENT|[189]|fieldToCheck|"ContentDocumentId"
13:03:01.2 (68607211)|STATEMENT_EXECUTE|[189]
13:03:01.2 (68608283)|STATEMENT_EXECUTE|[190]
13:03:01.2 (68614158)|HEAP_ALLOCATE|[190]|Bytes:40
13:03:01.2 (68621715)|ENTERING_MANAGED_PKG|
13:03:01.2 (68629048)|USER_DEBUG|[190]|DEBUG|######## fieldToCheck: ContentDocumentId
13:03:01.2 (68638183)|ENTERING_MANAGED_PKG|
13:03:01.2 (68828257)|HEAP_ALLOCATE|[192]|Bytes:8
13:03:01.2 (68843756)|STATEMENT_EXECUTE|[192]
13:03:01.2 (68845632)|STATEMENT_EXECUTE|[199]
13:03:01.2 (68851523)|HEAP_ALLOCATE|[199]|Bytes:52
13:03:01.2 (68859409)|ENTERING_MANAGED_PKG|
13:03:01.2 (68867829)|USER_DEBUG|[199]|DEBUG|######## User has access to field: ContentDocumentId
13:03:01.2 (68881809)|HEAP_ALLOCATE|[189]|Bytes:5
13:03:01.2 (68893868)|VARIABLE_SCOPE_BEGIN|[189]|fieldToCheck|String|false|false
13:03:01.2 (68901486)|VARIABLE_ASSIGNMENT|[189]|fieldToCheck|"IsDeleted"
13:03:01.2 (68904281)|STATEMENT_EXECUTE|[189]
13:03:01.2 (68905278)|STATEMENT_EXECUTE|[190]
13:03:01.2 (68910392)|HEAP_ALLOCATE|[190]|Bytes:32
13:03:01.2 (68917277)|ENTERING_MANAGED_PKG|
13:03:01.2 (68924276)|USER_DEBUG|[190]|DEBUG|######## fieldToCheck: IsDeleted
13:03:01.2 (68933206)|ENTERING_MANAGED_PKG|
13:03:01.2 (69049318)|HEAP_ALLOCATE|[192]|Bytes:8
13:03:01.2 (69064979)|STATEMENT_EXECUTE|[192]
13:03:01.2 (69066804)|STATEMENT_EXECUTE|[199]
13:03:01.2 (69072496)|HEAP_ALLOCATE|[199]|Bytes:44
13:03:01.2 (69080017)|ENTERING_MANAGED_PKG|
13:03:01.2 (69088222)|USER_DEBUG|[199]|DEBUG|######## User has access to field: IsDeleted
13:03:01.2 (69105290)|HEAP_ALLOCATE|[189]|Bytes:5
13:03:01.2 (69117532)|VARIABLE_SCOPE_BEGIN|[189]|fieldToCheck|String|false|false
13:03:01.2 (69125437)|VARIABLE_ASSIGNMENT|[189]|fieldToCheck|"LinkedEntityId"
13:03:01.2 (69128435)|STATEMENT_EXECUTE|[189]
13:03:01.2 (69129410)|STATEMENT_EXECUTE|[190]
13:03:01.2 (69134535)|HEAP_ALLOCATE|[190]|Bytes:37
13:03:01.2 (69141611)|ENTERING_MANAGED_PKG|
13:03:01.2 (69148489)|USER_DEBUG|[190]|DEBUG|######## fieldToCheck: LinkedEntityId
13:03:01.2 (69157126)|ENTERING_MANAGED_PKG|
13:03:01.2 (70889868)|HEAP_ALLOCATE|[192]|Bytes:8
13:03:01.2 (70907081)|STATEMENT_EXECUTE|[192]
13:03:01.2 (70909203)|STATEMENT_EXECUTE|[199]
13:03:01.2 (70915801)|HEAP_ALLOCATE|[199]|Bytes:49
13:03:01.2 (70924459)|ENTERING_MANAGED_PKG|
13:03:01.2 (70933480)|USER_DEBUG|[199]|DEBUG|######## User has access to field: LinkedEntityId
13:03:01.2 (70947952)|HEAP_ALLOCATE|[189]|Bytes:5
13:03:01.2 (70960183)|VARIABLE_SCOPE_BEGIN|[189]|fieldToCheck|String|false|false
13:03:01.2 (70968663)|VARIABLE_ASSIGNMENT|[189]|fieldToCheck|"ShareType"
13:03:01.2 (70971686)|STATEMENT_EXECUTE|[189]
13:03:01.2 (70972834)|STATEMENT_EXECUTE|[190]
13:03:01.2 (70977868)|HEAP_ALLOCATE|[190]|Bytes:32
13:03:01.2 (70985007)|ENTERING_MANAGED_PKG|
13:03:01.2 (70992100)|USER_DEBUG|[190]|DEBUG|######## fieldToCheck: ShareType
13:03:01.2 (71001127)|ENTERING_MANAGED_PKG|
13:03:01.2 (71127860)|HEAP_ALLOCATE|[192]|Bytes:8
13:03:01.2 (71143008)|STATEMENT_EXECUTE|[192]
13:03:01.2 (71144849)|STATEMENT_EXECUTE|[199]
13:03:01.2 (71150499)|HEAP_ALLOCATE|[199]|Bytes:44
13:03:01.2 (71158156)|ENTERING_MANAGED_PKG|
13:03:01.2 (71166146)|USER_DEBUG|[199]|DEBUG|######## User has access to field: ShareType
13:03:01.2 (71179947)|HEAP_ALLOCATE|[189]|Bytes:5
13:03:01.2 (71191482)|VARIABLE_SCOPE_BEGIN|[189]|fieldToCheck|String|false|false
13:03:01.2 (71199383)|VARIABLE_ASSIGNMENT|[189]|fieldToCheck|"SystemModstamp"
13:03:01.2 (71202212)|STATEMENT_EXECUTE|[189]
13:03:01.2 (71203302)|STATEMENT_EXECUTE|[190]
13:03:01.2 (71208331)|HEAP_ALLOCATE|[190]|Bytes:37
13:03:01.2 (71215409)|ENTERING_MANAGED_PKG|
13:03:01.2 (71222318)|USER_DEBUG|[190]|DEBUG|######## fieldToCheck: SystemModstamp
13:03:01.2 (71230840)|ENTERING_MANAGED_PKG|
13:03:01.2 (71345829)|HEAP_ALLOCATE|[192]|Bytes:8
13:03:01.2 (71360704)|STATEMENT_EXECUTE|[192]
13:03:01.2 (71362479)|STATEMENT_EXECUTE|[199]
13:03:01.2 (71368199)|HEAP_ALLOCATE|[199]|Bytes:49
13:03:01.2 (71375758)|ENTERING_MANAGED_PKG|
13:03:01.2 (71383839)|USER_DEBUG|[199]|DEBUG|######## User has access to field: SystemModstamp
13:03:01.2 (71397169)|HEAP_ALLOCATE|[189]|Bytes:5
13:03:01.2 (71408406)|VARIABLE_SCOPE_BEGIN|[189]|fieldToCheck|String|false|false
13:03:01.2 (71416296)|VARIABLE_ASSIGNMENT|[189]|fieldToCheck|"Visibility"
13:03:01.2 (71419018)|STATEMENT_EXECUTE|[189]
13:03:01.2 (71420031)|STATEMENT_EXECUTE|[190]
13:03:01.2 (71425096)|HEAP_ALLOCATE|[190]|Bytes:33
13:03:01.2 (71432129)|ENTERING_MANAGED_PKG|
13:03:01.2 (71438960)|USER_DEBUG|[190]|DEBUG|######## fieldToCheck: Visibility
13:03:01.2 (71447792)|ENTERING_MANAGED_PKG|
13:03:01.2 (71568492)|HEAP_ALLOCATE|[192]|Bytes:8
13:03:01.2 (71583054)|STATEMENT_EXECUTE|[192]
13:03:01.2 (71584862)|STATEMENT_EXECUTE|[199]
13:03:01.2 (71590455)|HEAP_ALLOCATE|[199]|Bytes:45
13:03:01.2 (71597877)|ENTERING_MANAGED_PKG|
13:03:01.2 (71605794)|USER_DEBUG|[199]|DEBUG|######## User has access to field: Visibility
13:03:01.2 (71619044)|HEAP_ALLOCATE|[189]|Bytes:5
13:03:01.2 (71633329)|VARIABLE_ASSIGNMENT|[189]|fieldToCheck|null
13:03:01.2 (71643057)|HEAP_ALLOCATE|[182]|Bytes:5
13:03:01.2 (71652241)|VARIABLE_ASSIGNMENT|[182]|objectName|null
13:03:01.2 (71655584)|STATEMENT_EXECUTE|[206]
13:03:01.2 (71658769)|HEAP_ALLOCATE|[206]|Bytes:5
13:03:01.2 (71677501)|METHOD_EXIT|[74]|01pB0000000ljzx|testautonumdata.Sparkle_Helper.UserHasAccessToObjectsAndFields(Map<String,Set<String>>)
13:03:01.2 (71681795)|STATEMENT_EXECUTE|[75]
13:03:01.2 (71762658)|ENTERING_MANAGED_PKG|
13:03:01.2 (71977085)|HEAP_ALLOCATE|[77]|Bytes:5
13:03:01.2 (72012530)|HEAP_ALLOCATE|[77]|Bytes:40
13:03:01.2 (72037135)|VARIABLE_SCOPE_BEGIN|[77]|e|SObject|true|false
13:03:01.2 (72197798)|VARIABLE_ASSIGNMENT|[77]|e|{"s":1,"v":{"ContentDocumentId":"069B0000000zbmmIAA","Id":"06AB0000000xmryMAA","IsDeleted":false,"LinkedEntityId":"a0MB0000000cQXFMA2","ShareType":"V","SystemModstamp":"2016-05-23T15:46:04.000Z","Visibility":"InternalUsers","entityTypeName":"Custom Object Record","ContentDocument":{"s":2,"v":{"Title":"ResumeTemplate 1","FileType":"WORD","CreatedDate":"2016-05-23T15:46:04.000Z","FileExtension":"doc","ContentSize":29696,"Id":"069B0000000zbmmIAA"}}}}|0x3d86843d
13:03:01.2 (72204347)|STATEMENT_EXECUTE|[78]
13:03:01.2 (72205795)|STATEMENT_EXECUTE|[79]
13:03:01.2 (72210390)|HEAP_ALLOCATE|[79]|Bytes:12
13:03:01.2 (72230788)|ENTERING_MANAGED_PKG|
13:03:01.2 (72324597)|HEAP_ALLOCATE|[79]|Bytes:208
13:03:01.2 (72343002)|HEAP_ALLOCATE|[79]|Bytes:220
13:03:01.2 (72352542)|ENTERING_MANAGED_PKG|
13:03:01.2 (72361084)|USER_DEBUG|[79]|DEBUG|######## e: ContentDocumentLink:{ContentDocumentId=069B0000000zbmmIAA, Id=06AB0000000xmryMAA, IsDeleted=false, LinkedEntityId=a0MB0000000cQXFMA2, ShareType=V, SystemModstamp=2016-05-23 15:46:04, Visibility=InternalUsers}
13:03:01.2 (72368285)|STATEMENT_EXECUTE|[80]
13:03:01.2 (72375448)|HEAP_ALLOCATE|[80]|Bytes:24
13:03:01.2 (72392779)|CONSTRUCTOR_ENTRY|[80]|01pB0000000rehC|<init>()
13:03:01.2 (72413748)|VARIABLE_SCOPE_BEGIN|[1]|this|testautonumdata.FilesViewerServerController|true|false
13:03:01.2 (72451922)|VARIABLE_ASSIGNMENT|[1]|this|{}|0x1a8ccaa0
13:03:01.2 (72461990)|HEAP_ALLOCATE|[EXTERNAL]|Bytes:5
13:03:01.2 (72477398)|HEAP_ALLOCATE|[EXTERNAL]|Bytes:6
13:03:01.2 (72518849)|STATEMENT_EXECUTE|[1]
13:03:01.2 (72524026)|HEAP_ALLOCATE|[EXTERNAL]|Bytes:5
13:03:01.2 (72526408)|STATEMENT_EXECUTE|[6]
13:03:01.2 (72527952)|STATEMENT_EXECUTE|[8]
13:03:01.2 (72528854)|STATEMENT_EXECUTE|[10]
13:03:01.2 (72529880)|STATEMENT_EXECUTE|[12]
13:03:01.2 (72530846)|STATEMENT_EXECUTE|[14]
13:03:01.2 (72542251)|CONSTRUCTOR_EXIT|[80]|01pB0000000rehC|<init>()
13:03:01.2 (72546628)|VARIABLE_SCOPE_BEGIN|[80]|i|testautonumdata.FilesViewerServerController|true|false
13:03:01.2 (72565731)|VARIABLE_ASSIGNMENT|[80]|i|{}|0x1a8ccaa0
13:03:01.2 (72568469)|STATEMENT_EXECUTE|[83]
13:03:01.2 (72582826)|METHOD_ENTRY|[83]|01pB0000000ljzx|testautonumdata.Sparkle_Helper.GetSobjectField(SObject, String)
13:03:01.2 (72600924)|VARIABLE_SCOPE_BEGIN|[78]|e|SObject|true|false
13:03:01.2 (72695133)|VARIABLE_ASSIGNMENT|[78]|e|{"s":1,"v":{"ContentDocumentId":"069B0000000zbmmIAA","Id":"06AB0000000xmryMAA","IsDeleted":false,"LinkedEntityId":"a0MB0000000cQXFMA2","ShareType":"V","SystemModstamp":"2016-05-23T15:46:04.000Z","Visibility":"InternalUsers","entityTypeName":"Custom Object Record","ContentDocument":{"s":2,"v":{"Title":"ResumeTemplate 1","FileType":"WORD","CreatedDate":"2016-05-23T15:46:04.000Z","FileExtension":"doc","ContentSize":29696,"Id":"069B0000000zbmmIAA"}}}}|0x3d86843d
13:03:01.2 (72701593)|VARIABLE_SCOPE_BEGIN|[78]|lcfield|String|false|false
13:03:01.2 (72706479)|VARIABLE_ASSIGNMENT|[78]|lcfield|"ContentDocumentId"
13:03:01.2 (72718058)|HEAP_ALLOCATE|[81]|Bytes:5
13:03:01.2 (72723176)|STATEMENT_EXECUTE|[79]
13:03:01.2 (72724441)|STATEMENT_EXECUTE|[81]
13:03:01.2 (72729763)|VARIABLE_SCOPE_BEGIN|[81]|returnValue|String|false|false
13:03:01.2 (72735074)|VARIABLE_ASSIGNMENT|[81]|returnValue|""
13:03:01.2 (72751939)|ENTERING_MANAGED_PKG|
13:03:01.2 (72789838)|STATEMENT_EXECUTE|[98]
13:03:01.2 (72805407)|ENTERING_MANAGED_PKG|
13:03:01.2 (72879752)|HEAP_ALLOCATE|[98]|Bytes:4
13:03:01.2 (72900185)|ENTERING_MANAGED_PKG|
13:03:01.2 (72904001)|HEAP_ALLOCATE|[98]|Bytes:18
13:03:01.2 (72916619)|VARIABLE_ASSIGNMENT|[98]|returnValue|"069B0000000zbmmIAA"
13:03:01.2 (72919744)|STATEMENT_EXECUTE|[100]
13:03:01.2 (72928433)|METHOD_EXIT|[83]|01pB0000000ljzx|testautonumdata.Sparkle_Helper.GetSobjectField(SObject, String)
13:03:01.2 (72958290)|VARIABLE_ASSIGNMENT|[EXTERNAL]|this|{}|0x1a8ccaa0
13:03:01.2 (72964413)|VARIABLE_ASSIGNMENT|[EXTERNAL]|value|"069B0000000zbmmIAA"
13:03:01.2 (72982702)|VARIABLE_ASSIGNMENT|[6]|this.fileID|"069B0000000zbmmIAA"|0x1a8ccaa0
13:03:01.2 (72990039)|STATEMENT_EXECUTE|[84]
13:03:01.2 (72993743)|HEAP_ALLOCATE|[84]|Bytes:21
13:03:01.2 (73001536)|METHOD_ENTRY|[84]|01pB0000000ljzx|testautonumdata.Sparkle_Helper.GetSobjectField(SObject, String)
13:03:01.2 (73016772)|VARIABLE_SCOPE_BEGIN|[78]|e|SObject|true|false
13:03:01.2 (73108239)|VARIABLE_ASSIGNMENT|[78]|e|{"s":1,"v":{"ContentDocumentId":"069B0000000zbmmIAA","Id":"06AB0000000xmryMAA","IsDeleted":false,"LinkedEntityId":"a0MB0000000cQXFMA2","ShareType":"V","SystemModstamp":"2016-05-23T15:46:04.000Z","Visibility":"InternalUsers","entityTypeName":"Custom Object Record","ContentDocument":{"s":2,"v":{"Title":"ResumeTemplate 1","FileType":"WORD","CreatedDate":"2016-05-23T15:46:04.000Z","FileExtension":"doc","ContentSize":29696,"Id":"069B0000000zbmmIAA"}}}}|0x3d86843d
13:03:01.2 (73114408)|VARIABLE_SCOPE_BEGIN|[78]|lcfield|String|false|false
13:03:01.2 (73120728)|VARIABLE_ASSIGNMENT|[78]|lcfield|"ContentDocument.Titl (1 more) ..."
13:03:01.2 (73129872)|HEAP_ALLOCATE|[81]|Bytes:5
13:03:01.2 (73134431)|STATEMENT_EXECUTE|[79]
13:03:01.2 (73135536)|STATEMENT_EXECUTE|[81]
13:03:01.2 (73139494)|VARIABLE_SCOPE_BEGIN|[81]|returnValue|String|false|false
13:03:01.2 (73143817)|VARIABLE_ASSIGNMENT|[81]|returnValue|""
13:03:01.2 (73158152)|ENTERING_MANAGED_PKG|
13:03:01.2 (73167467)|STATEMENT_EXECUTE|[84]
13:03:01.2 (73169103)|STATEMENT_EXECUTE|[85]
13:03:01.2 (73178606)|ENTERING_MANAGED_PKG|
13:03:01.2 (73203780)|HEAP_ALLOCATE|[85]|Bytes:15
13:03:01.2 (73216822)|VARIABLE_SCOPE_BEGIN|[85]|relName|String|false|false
13:03:01.2 (73224215)|VARIABLE_ASSIGNMENT|[85]|relName|"ContentDocument"
13:03:01.2 (73226844)|STATEMENT_EXECUTE|[86]
13:03:01.2 (73237860)|ENTERING_MANAGED_PKG|
13:03:01.2 (73258820)|HEAP_ALLOCATE|[86]|Bytes:5
13:03:01.2 (73271235)|VARIABLE_SCOPE_BEGIN|[86]|relField|String|false|false
13:03:01.2 (73277977)|VARIABLE_ASSIGNMENT|[86]|relField|"Title"
13:03:01.2 (73288087)|ENTERING_MANAGED_PKG|
13:03:01.2 (73316145)|STATEMENT_EXECUTE|[94]
13:03:01.2 (73330008)|ENTERING_MANAGED_PKG|
13:03:01.2 (73413992)|HEAP_ALLOCATE|[94]|Bytes:28
13:03:01.2 (73435541)|ENTERING_MANAGED_PKG|
13:03:01.2 (73463256)|HEAP_ALLOCATE|[94]|Bytes:16
13:03:01.2 (73480777)|ENTERING_MANAGED_PKG|
13:03:01.2 (73484099)|HEAP_ALLOCATE|[94]|Bytes:16
13:03:01.2 (73496682)|VARIABLE_ASSIGNMENT|[94]|returnValue|"ResumeTemplate 1"
13:03:01.2 (73500321)|STATEMENT_EXECUTE|[100]
13:03:01.2 (73508603)|METHOD_EXIT|[84]|01pB0000000ljzx|testautonumdata.Sparkle_Helper.GetSobjectField(SObject, String)
13:03:01.2 (73539371)|VARIABLE_ASSIGNMENT|[EXTERNAL]|this|{"fileID":"069B0000000zbmmIAA"}|0x1a8ccaa0
13:03:01.2 (73544778)|VARIABLE_ASSIGNMENT|[EXTERNAL]|value|"ResumeTemplate 1"
13:03:01.2 (73558542)|VARIABLE_ASSIGNMENT|[8]|this.fileName|"ResumeTemplate 1"|0x1a8ccaa0
13:03:01.2 (73565957)|STATEMENT_EXECUTE|[85]
13:03:01.2 (73569794)|HEAP_ALLOCATE|[85]|Bytes:27
13:03:01.2 (73581482)|METHOD_ENTRY|[85]|01pB0000000ljzx|testautonumdata.Sparkle_Helper.GetSobjectField(SObject, String)
13:03:01.2 (73595684)|VARIABLE_SCOPE_BEGIN|[78]|e|SObject|true|false
13:03:01.2 (73685680)|VARIABLE_ASSIGNMENT|[78]|e|{"s":1,"v":{"ContentDocumentId":"069B0000000zbmmIAA","Id":"06AB0000000xmryMAA","IsDeleted":false,"LinkedEntityId":"a0MB0000000cQXFMA2","ShareType":"V","SystemModstamp":"2016-05-23T15:46:04.000Z","Visibility":"InternalUsers","entityTypeName":"Custom Object Record","ContentDocument":{"s":2,"v":{"Title":"ResumeTemplate 1","FileType":"WORD","CreatedDate":"2016-05-23T15:46:04.000Z","FileExtension":"doc","ContentSize":29696,"Id":"069B0000000zbmmIAA"}}}}|0x3d86843d
13:03:01.2 (73691870)|VARIABLE_SCOPE_BEGIN|[78]|lcfield|String|false|false
13:03:01.2 (73697410)|VARIABLE_ASSIGNMENT|[78]|lcfield|"ContentDocument.Crea (7 more) ..."
13:03:01.2 (73706284)|HEAP_ALLOCATE|[81]|Bytes:5
13:03:01.2 (73710751)|STATEMENT_EXECUTE|[79]
13:03:01.2 (73711757)|STATEMENT_EXECUTE|[81]
13:03:01.2 (73715554)|VARIABLE_SCOPE_BEGIN|[81]|returnValue|String|false|false
13:03:01.2 (73719770)|VARIABLE_ASSIGNMENT|[81]|returnValue|""
13:03:01.2 (73733897)|ENTERING_MANAGED_PKG|
13:03:01.2 (73742878)|STATEMENT_EXECUTE|[84]
13:03:01.2 (73744301)|STATEMENT_EXECUTE|[85]
13:03:01.2 (73751478)|ENTERING_MANAGED_PKG|
13:03:01.2 (73755170)|HEAP_ALLOCATE|[85]|Bytes:15
13:03:01.2 (73762763)|VARIABLE_SCOPE_BEGIN|[85]|relName|String|false|false
13:03:01.2 (73768584)|VARIABLE_ASSIGNMENT|[85]|relName|"ContentDocument"
13:03:01.2 (73770748)|STATEMENT_EXECUTE|[86]
13:03:01.2 (73779032)|ENTERING_MANAGED_PKG|
13:03:01.2 (73782394)|HEAP_ALLOCATE|[86]|Bytes:11
13:03:01.2 (73789956)|VARIABLE_SCOPE_BEGIN|[86]|relField|String|false|false
13:03:01.2 (73795276)|VARIABLE_ASSIGNMENT|[86]|relField|"CreatedDate"
13:03:01.2 (73803603)|ENTERING_MANAGED_PKG|
13:03:01.2 (73816035)|STATEMENT_EXECUTE|[94]
13:03:01.2 (73824205)|ENTERING_MANAGED_PKG|
13:03:01.2 (73851716)|HEAP_ALLOCATE|[94]|Bytes:28
13:03:01.2 (73868630)|ENTERING_MANAGED_PKG|
13:03:01.2 (73892515)|HEAP_ALLOCATE|[94]|Bytes:56
13:03:01.2 (73908713)|ENTERING_MANAGED_PKG|
13:03:01.2 (73915952)|HEAP_ALLOCATE|[94]|Bytes:19
13:03:01.2 (73929034)|VARIABLE_ASSIGNMENT|[94]|returnValue|"2016-05-23 15:46:04"
13:03:01.2 (73932553)|STATEMENT_EXECUTE|[100]
13:03:01.2 (73940529)|METHOD_EXIT|[85]|01pB0000000ljzx|testautonumdata.Sparkle_Helper.GetSobjectField(SObject, String)
13:03:01.2 (73972387)|VARIABLE_ASSIGNMENT|[EXTERNAL]|this|{"fileID":"069B0000000zbmmIAA","fileName":"ResumeTemplate 1"}|0x1a8ccaa0
13:03:01.2 (73977970)|VARIABLE_ASSIGNMENT|[EXTERNAL]|value|"2016-05-23 15:46:04"
13:03:01.2 (73990678)|VARIABLE_ASSIGNMENT|[10]|this.fileCreatedDate|"2016-05-23 15:46:04"|0x1a8ccaa0
13:03:01.2 (73998006)|STATEMENT_EXECUTE|[86]
13:03:01.2 (74001719)|HEAP_ALLOCATE|[86]|Bytes:29
13:03:01.2 (74010459)|METHOD_ENTRY|[86]|01pB0000000ljzx|testautonumdata.Sparkle_Helper.GetSobjectField(SObject, String)
13:03:01.2 (74024458)|VARIABLE_SCOPE_BEGIN|[78]|e|SObject|true|false
13:03:01.2 (74113688)|VARIABLE_ASSIGNMENT|[78]|e|{"s":1,"v":{"ContentDocumentId":"069B0000000zbmmIAA","Id":"06AB0000000xmryMAA","IsDeleted":false,"LinkedEntityId":"a0MB0000000cQXFMA2","ShareType":"V","SystemModstamp":"2016-05-23T15:46:04.000Z","Visibility":"InternalUsers","entityTypeName":"Custom Object Record","ContentDocument":{"s":2,"v":{"Title":"ResumeTemplate 1","FileType":"WORD","CreatedDate":"2016-05-23T15:46:04.000Z","FileExtension":"doc","ContentSize":29696,"Id":"069B0000000zbmmIAA"}}}}|0x3d86843d
13:03:01.2 (74120010)|VARIABLE_SCOPE_BEGIN|[78]|lcfield|String|false|false
13:03:01.2 (74125470)|VARIABLE_ASSIGNMENT|[78]|lcfield|"ContentDocument.File (9 more) ..."
13:03:01.2 (74134372)|HEAP_ALLOCATE|[81]|Bytes:5
13:03:01.2 (74138757)|STATEMENT_EXECUTE|[79]
13:03:01.2 (74139743)|STATEMENT_EXECUTE|[81]
13:03:01.2 (74143524)|VARIABLE_SCOPE_BEGIN|[81]|returnValue|String|false|false
13:03:01.2 (74147639)|VARIABLE_ASSIGNMENT|[81]|returnValue|""
13:03:01.2 (74161564)|ENTERING_MANAGED_PKG|
13:03:01.2 (74170932)|STATEMENT_EXECUTE|[84]
13:03:01.2 (74172384)|STATEMENT_EXECUTE|[85]
13:03:01.2 (74179731)|ENTERING_MANAGED_PKG|
13:03:01.2 (74183383)|HEAP_ALLOCATE|[85]|Bytes:15
13:03:01.2 (74191117)|VARIABLE_SCOPE_BEGIN|[85]|relName|String|false|false
13:03:01.2 (74196801)|VARIABLE_ASSIGNMENT|[85]|relName|"ContentDocument"
13:03:01.2 (74198904)|STATEMENT_EXECUTE|[86]
13:03:01.2 (74207075)|ENTERING_MANAGED_PKG|
13:03:01.2 (74210320)|HEAP_ALLOCATE|[86]|Bytes:13
13:03:01.2 (74217835)|VARIABLE_SCOPE_BEGIN|[86]|relField|String|false|false
13:03:01.2 (74222857)|VARIABLE_ASSIGNMENT|[86]|relField|"FileExtension"
13:03:01.2 (74230847)|ENTERING_MANAGED_PKG|
13:03:01.2 (74238154)|STATEMENT_EXECUTE|[94]
13:03:01.2 (74245681)|ENTERING_MANAGED_PKG|
13:03:01.2 (74272399)|HEAP_ALLOCATE|[94]|Bytes:28
13:03:01.2 (74289154)|ENTERING_MANAGED_PKG|
13:03:01.2 (74309277)|HEAP_ALLOCATE|[94]|Bytes:3
13:03:01.2 (74324322)|ENTERING_MANAGED_PKG|
13:03:01.2 (74327596)|HEAP_ALLOCATE|[94]|Bytes:3
13:03:01.2 (74339006)|VARIABLE_ASSIGNMENT|[94]|returnValue|"doc"
13:03:01.2 (74342408)|STATEMENT_EXECUTE|[100]
13:03:01.2 (74349998)|METHOD_EXIT|[86]|01pB0000000ljzx|testautonumdata.Sparkle_Helper.GetSobjectField(SObject, String)
13:03:01.2 (74381627)|VARIABLE_ASSIGNMENT|[EXTERNAL]|this|{"fileCreatedDate":"2016-05-23 15:46:04","fileID":"069B0000000zbmmIAA","fileName":"ResumeTemplate 1"}|0x1a8ccaa0
13:03:01.2 (74387189)|VARIABLE_ASSIGNMENT|[EXTERNAL]|value|"doc"
13:03:01.2 (74400054)|VARIABLE_ASSIGNMENT|[12]|this.fileExtension|"doc"|0x1a8ccaa0
13:03:01.2 (74441292)|VARIABLE_ASSIGNMENT|[EXTERNAL]|this|{"fileCreatedDate":"2016-05-23 15:46:04","fileExtension":"doc","fileID":"069B0000000zbmmIAA","fileName":"ResumeTemplate 1"}|0x1a8ccaa0
13:03:01.2 (74454629)|HEAP_ALLOCATE|[87]|Bytes:3
13:03:01.2 (74473774)|ENTERING_MANAGED_PKG|
13:03:01.2 (74483280)|STATEMENT_EXECUTE|[88]
13:03:01.2 (74486707)|HEAP_ALLOCATE|[88]|Bytes:4
13:03:01.2 (74522562)|VARIABLE_ASSIGNMENT|[EXTERNAL]|this|{"fileCreatedDate":"2016-05-23 15:46:04","fileExtension":"doc","fileID":"069B0000000zbmmIAA","fileName":"ResumeTemplate 1"}|0x1a8ccaa0
13:03:01.2 (74527827)|VARIABLE_ASSIGNMENT|[EXTERNAL]|value|"word"
13:03:01.2 (74538874)|VARIABLE_ASSIGNMENT|[12]|this.fileExtension|"word"|0x1a8ccaa0
13:03:01.2 (74546177)|STATEMENT_EXECUTE|[89]
13:03:01.2 (74550145)|HEAP_ALLOCATE|[89]|Bytes:27
13:03:01.2 (74557972)|METHOD_ENTRY|[89]|01pB0000000ljzx|testautonumdata.Sparkle_Helper.GetSobjectField(SObject, String)
13:03:01.2 (74570948)|VARIABLE_SCOPE_BEGIN|[78]|e|SObject|true|false
13:03:01.2 (74658317)|VARIABLE_ASSIGNMENT|[78]|e|{"s":1,"v":{"ContentDocumentId":"069B0000000zbmmIAA","Id":"06AB0000000xmryMAA","IsDeleted":false,"LinkedEntityId":"a0MB0000000cQXFMA2","ShareType":"V","SystemModstamp":"2016-05-23T15:46:04.000Z","Visibility":"InternalUsers","entityTypeName":"Custom Object Record","ContentDocument":{"s":2,"v":{"Title":"ResumeTemplate 1","FileType":"WORD","CreatedDate":"2016-05-23T15:46:04.000Z","FileExtension":"doc","ContentSize":29696,"Id":"069B0000000zbmmIAA"}}}}|0x3d86843d
13:03:01.2 (74664467)|VARIABLE_SCOPE_BEGIN|[78]|lcfield|String|false|false
13:03:01.2 (74669818)|VARIABLE_ASSIGNMENT|[78]|lcfield|"ContentDocument.Cont (7 more) ..."
13:03:01.2 (74678785)|HEAP_ALLOCATE|[81]|Bytes:5
13:03:01.2 (74683302)|STATEMENT_EXECUTE|[79]
13:03:01.2 (74684489)|STATEMENT_EXECUTE|[81]
13:03:01.2 (74688329)|VARIABLE_SCOPE_BEGIN|[81]|returnValue|String|false|false
13:03:01.2 (74692477)|VARIABLE_ASSIGNMENT|[81]|returnValue|""
13:03:01.2 (74706119)|ENTERING_MANAGED_PKG|
13:03:01.2 (74714897)|STATEMENT_EXECUTE|[84]
13:03:01.2 (74716331)|STATEMENT_EXECUTE|[85]
13:03:01.2 (74723673)|ENTERING_MANAGED_PKG|
13:03:01.2 (74727275)|HEAP_ALLOCATE|[85]|Bytes:15
13:03:01.2 (74734943)|VARIABLE_SCOPE_BEGIN|[85]|relName|String|false|false
13:03:01.2 (74740587)|VARIABLE_ASSIGNMENT|[85]|relName|"ContentDocument"
13:03:01.2 (74742748)|STATEMENT_EXECUTE|[86]
13:03:01.2 (74750794)|ENTERING_MANAGED_PKG|
13:03:01.2 (74754236)|HEAP_ALLOCATE|[86]|Bytes:11
13:03:01.2 (74762019)|VARIABLE_SCOPE_BEGIN|[86]|relField|String|false|false
13:03:01.2 (74766942)|VARIABLE_ASSIGNMENT|[86]|relField|"ContentSize"
13:03:01.2 (74775010)|ENTERING_MANAGED_PKG|
13:03:01.2 (74782386)|STATEMENT_EXECUTE|[94]
13:03:01.2 (74789933)|ENTERING_MANAGED_PKG|
13:03:01.2 (74821180)|HEAP_ALLOCATE|[94]|Bytes:28
13:03:01.2 (74838816)|ENTERING_MANAGED_PKG|
13:03:01.2 (74871379)|ENTERING_MANAGED_PKG|
13:03:01.2 (74875952)|HEAP_ALLOCATE|[94]|Bytes:5
13:03:01.2 (74888282)|VARIABLE_ASSIGNMENT|[94]|returnValue|"29696"
13:03:01.2 (74891463)|STATEMENT_EXECUTE|[100]
13:03:01.2 (74899176)|METHOD_EXIT|[89]|01pB0000000ljzx|testautonumdata.Sparkle_Helper.GetSobjectField(SObject, String)
13:03:01.2 (74930582)|VARIABLE_ASSIGNMENT|[EXTERNAL]|this|{"fileCreatedDate":"2016-05-23 15:46:04","fileExtension":"word","fileID":"069B0000000zbmmIAA","fileName":"ResumeTemplate 1"}|0x1a8ccaa0
13:03:01.2 (74936206)|VARIABLE_ASSIGNMENT|[EXTERNAL]|value|"29696"
13:03:01.2 (74948743)|VARIABLE_ASSIGNMENT|[14]|this.fileSize|"29696"|0x1a8ccaa0
13:03:01.2 (74955723)|STATEMENT_EXECUTE|[92]
13:03:01.2 (74966633)|ENTERING_MANAGED_PKG|
13:03:01.2 (74999576)|HEAP_ALLOCATE|[EXTERNAL]|Bytes:4
13:03:01.2 (75009392)|STATEMENT_EXECUTE|[94]
13:03:01.2 (75014336)|HEAP_ALLOCATE|[94]|Bytes:12
13:03:01.2 (75028324)|ENTERING_MANAGED_PKG|
13:03:01.2 (75097766)|HEAP_ALLOCATE|[94]|Bytes:285
13:03:01.2 (75114917)|HEAP_ALLOCATE|[94]|Bytes:297
13:03:01.2 (75124202)|ENTERING_MANAGED_PKG|
13:03:01.2 (75133115)|USER_DEBUG|[94]|DEBUG|######## i: FilesViewerServerController:[fileCreatedDate=2016-05-23 15:46:04, fileExtension=word, fileID=069B0000000zbmmIAA, fileName=ResumeTemplate 1, fileSize=29696, mapObjectsFields={ContentDocumentLink={ContentDocumentId, Id, IsDeleted, LinkedEntityId, ShareType, SystemModstamp, Visibility}}]
13:03:01.2 (75148912)|HEAP_ALLOCATE|[77]|Bytes:5
13:03:01.2 (75175891)|HEAP_ALLOCATE|[77]|Bytes:40
13:03:01.2 (75192276)|VARIABLE_SCOPE_BEGIN|[77]|e|SObject|true|false
13:03:01.2 (75285350)|VARIABLE_ASSIGNMENT|[77]|e|{"s":1,"v":{"ContentDocumentId":"069B0000000zbmhIAA","Id":"06AB0000000xmrtMAA","IsDeleted":false,"LinkedEntityId":"a0MB0000000cQXFMA2","ShareType":"V","SystemModstamp":"2016-05-23T15:46:04.000Z","Visibility":"InternalUsers","entityTypeName":"Custom Object Record","ContentDocument":{"s":2,"v":{"Title":"ResumeTemplate 1","FileType":"PDF","CreatedDate":"2016-05-23T15:46:03.000Z","FileExtension":"pdf","ContentSize":48077,"Id":"069B0000000zbmhIAA"}}}}|0x72f779b8
13:03:01.2 (75291536)|STATEMENT_EXECUTE|[78]
13:03:01.2 (75292563)|STATEMENT_EXECUTE|[79]
13:03:01.2 (75308427)|ENTERING_MANAGED_PKG|
13:03:01.2 (75368570)|HEAP_ALLOCATE|[79]|Bytes:208
13:03:01.2 (75384408)|HEAP_ALLOCATE|[79]|Bytes:220
13:03:01.2 (75391635)|ENTERING_MANAGED_PKG|
13:03:01.2 (75399802)|USER_DEBUG|[79]|DEBUG|######## e: ContentDocumentLink:{ContentDocumentId=069B0000000zbmhIAA, Id=06AB0000000xmrtMAA, IsDeleted=false, LinkedEntityId=a0MB0000000cQXFMA2, ShareType=V, SystemModstamp=2016-05-23 15:46:04, Visibility=InternalUsers}
13:03:01.2 (75406926)|STATEMENT_EXECUTE|[80]
13:03:01.2 (75411358)|HEAP_ALLOCATE|[80]|Bytes:24
13:03:01.2 (75419430)|CONSTRUCTOR_ENTRY|[80]|01pB0000000rehC|<init>()
13:03:01.2 (75423392)|VARIABLE_SCOPE_BEGIN|[1]|this|testautonumdata.FilesViewerServerController|true|false
13:03:01.2 (75443592)|VARIABLE_ASSIGNMENT|[1]|this|{}|0x487dd17
13:03:01.2 (75451924)|HEAP_ALLOCATE|[EXTERNAL]|Bytes:5
13:03:01.2 (75466568)|STATEMENT_EXECUTE|[1]
13:03:01.2 (75470052)|HEAP_ALLOCATE|[EXTERNAL]|Bytes:5
13:03:01.2 (75472074)|STATEMENT_EXECUTE|[6]
13:03:01.2 (75473328)|STATEMENT_EXECUTE|[8]
13:03:01.2 (75474483)|STATEMENT_EXECUTE|[10]
13:03:01.2 (75475413)|STATEMENT_EXECUTE|[12]
13:03:01.2 (75476231)|STATEMENT_EXECUTE|[14]
13:03:01.2 (75486440)|CONSTRUCTOR_EXIT|[80]|01pB0000000rehC|<init>()
13:03:01.2 (75490864)|VARIABLE_SCOPE_BEGIN|[80]|i|testautonumdata.FilesViewerServerController|true|false
13:03:01.2 (75508210)|VARIABLE_ASSIGNMENT|[80]|i|{}|0x487dd17
13:03:01.2 (75510813)|STATEMENT_EXECUTE|[83]
13:03:01.2 (75518813)|METHOD_ENTRY|[83]|01pB0000000ljzx|testautonumdata.Sparkle_Helper.GetSobjectField(SObject, String)
13:03:01.2 (75523780)|VARIABLE_SCOPE_BEGIN|[78]|e|SObject|true|false
13:03:01.2 (75610768)|VARIABLE_ASSIGNMENT|[78]|e|{"s":1,"v":{"ContentDocumentId":"069B0000000zbmhIAA","Id":"06AB0000000xmrtMAA","IsDeleted":false,"LinkedEntityId":"a0MB0000000cQXFMA2","ShareType":"V","SystemModstamp":"2016-05-23T15:46:04.000Z","Visibility":"InternalUsers","entityTypeName":"Custom Object Record","ContentDocument":{"s":2,"v":{"Title":"ResumeTemplate 1","FileType":"PDF","CreatedDate":"2016-05-23T15:46:03.000Z","FileExtension":"pdf","ContentSize":48077,"Id":"069B0000000zbmhIAA"}}}}|0x72f779b8
13:03:01.2 (75617179)|VARIABLE_SCOPE_BEGIN|[78]|lcfield|String|false|false
13:03:01.2 (75621949)|VARIABLE_ASSIGNMENT|[78]|lcfield|"ContentDocumentId"
13:03:01.2 (75630777)|HEAP_ALLOCATE|[81]|Bytes:5
13:03:01.2 (75635179)|STATEMENT_EXECUTE|[79]
13:03:01.2 (75636179)|STATEMENT_EXECUTE|[81]
13:03:01.2 (75639924)|VARIABLE_SCOPE_BEGIN|[81]|returnValue|String|false|false
13:03:01.2 (75644257)|VARIABLE_ASSIGNMENT|[81]|returnValue|""
13:03:01.2 (75658064)|ENTERING_MANAGED_PKG|
13:03:01.2 (75666784)|STATEMENT_EXECUTE|[98]
13:03:01.2 (75674758)|ENTERING_MANAGED_PKG|
13:03:01.2 (75699390)|HEAP_ALLOCATE|[98]|Bytes:4
13:03:01.2 (75715823)|ENTERING_MANAGED_PKG|
13:03:01.2 (75719320)|HEAP_ALLOCATE|[98]|Bytes:18
13:03:01.2 (75730941)|VARIABLE_ASSIGNMENT|[98]|returnValue|"069B0000000zbmhIAA"
13:03:01.2 (75733802)|STATEMENT_EXECUTE|[100]
13:03:01.2 (75741681)|METHOD_EXIT|[83]|01pB0000000ljzx|testautonumdata.Sparkle_Helper.GetSobjectField(SObject, String)
13:03:01.2 (75764531)|VARIABLE_ASSIGNMENT|[EXTERNAL]|this|{}|0x487dd17
13:03:01.2 (75770067)|VARIABLE_ASSIGNMENT|[EXTERNAL]|value|"069B0000000zbmhIAA"
13:03:01.2 (75781767)|VARIABLE_ASSIGNMENT|[6]|this.fileID|"069B0000000zbmhIAA"|0x487dd17
13:03:01.2 (75788892)|STATEMENT_EXECUTE|[84]
13:03:01.2 (75795056)|METHOD_ENTRY|[84]|01pB0000000ljzx|testautonumdata.Sparkle_Helper.GetSobjectField(SObject, String)
13:03:01.2 (75799525)|VARIABLE_SCOPE_BEGIN|[78]|e|SObject|true|false
13:03:01.2 (75889862)|VARIABLE_ASSIGNMENT|[78]|e|{"s":1,"v":{"ContentDocumentId":"069B0000000zbmhIAA","Id":"06AB0000000xmrtMAA","IsDeleted":false,"LinkedEntityId":"a0MB0000000cQXFMA2","ShareType":"V","SystemModstamp":"2016-05-23T15:46:04.000Z","Visibility":"InternalUsers","entityTypeName":"Custom Object Record","ContentDocument":{"s":2,"v":{"Title":"ResumeTemplate 1","FileType":"PDF","CreatedDate":"2016-05-23T15:46:03.000Z","FileExtension":"pdf","ContentSize":48077,"Id":"069B0000000zbmhIAA"}}}}|0x72f779b8
13:03:01.2 (75896074)|VARIABLE_SCOPE_BEGIN|[78]|lcfield|String|false|false
13:03:01.2 (75901437)|VARIABLE_ASSIGNMENT|[78]|lcfield|"ContentDocument.Titl (1 more) ..."
13:03:01.2 (75910124)|HEAP_ALLOCATE|[81]|Bytes:5
13:03:01.2 (75914515)|STATEMENT_EXECUTE|[79]
13:03:01.2 (75915549)|STATEMENT_EXECUTE|[81]
13:03:01.2 (75919356)|VARIABLE_SCOPE_BEGIN|[81]|returnValue|String|false|false
13:03:01.2 (75923612)|VARIABLE_ASSIGNMENT|[81]|returnValue|""
13:03:01.2 (75937868)|ENTERING_MANAGED_PKG|
13:03:01.2 (75946458)|STATEMENT_EXECUTE|[84]
13:03:01.2 (75947828)|STATEMENT_EXECUTE|[85]
13:03:01.2 (75955173)|ENTERING_MANAGED_PKG|
13:03:01.2 (75958868)|HEAP_ALLOCATE|[85]|Bytes:15
13:03:01.2 (75966515)|VARIABLE_SCOPE_BEGIN|[85]|relName|String|false|false
13:03:01.2 (75972111)|VARIABLE_ASSIGNMENT|[85]|relName|"ContentDocument"
13:03:01.2 (75974300)|STATEMENT_EXECUTE|[86]
13:03:01.2 (75982529)|ENTERING_MANAGED_PKG|
13:03:01.2 (75985864)|HEAP_ALLOCATE|[86]|Bytes:5
13:03:01.2 (75993535)|VARIABLE_SCOPE_BEGIN|[86]|relField|String|false|false
13:03:01.2 (75998356)|VARIABLE_ASSIGNMENT|[86]|relField|"Title"
13:03:01.2 (76006617)|ENTERING_MANAGED_PKG|
13:03:01.2 (76015302)|STATEMENT_EXECUTE|[94]
13:03:01.2 (76023067)|ENTERING_MANAGED_PKG|
13:03:01.2 (76055535)|HEAP_ALLOCATE|[94]|Bytes:28
13:03:01.2 (76072933)|ENTERING_MANAGED_PKG|
13:03:01.2 (76095494)|HEAP_ALLOCATE|[94]|Bytes:16
13:03:01.2 (76111258)|ENTERING_MANAGED_PKG|
13:03:01.2 (76114640)|HEAP_ALLOCATE|[94]|Bytes:16
13:03:01.2 (76126654)|VARIABLE_ASSIGNMENT|[94]|returnValue|"ResumeTemplate 1"
13:03:01.2 (76129797)|STATEMENT_EXECUTE|[100]
13:03:01.2 (76137387)|METHOD_EXIT|[84]|01pB0000000ljzx|testautonumdata.Sparkle_Helper.GetSobjectField(SObject, String)
13:03:01.2 (76162365)|VARIABLE_ASSIGNMENT|[EXTERNAL]|this|{"fileID":"069B0000000zbmhIAA"}|0x487dd17
13:03:01.2 (76167346)|VARIABLE_ASSIGNMENT|[EXTERNAL]|value|"ResumeTemplate 1"
13:03:01.2 (76179065)|VARIABLE_ASSIGNMENT|[8]|this.fileName|"ResumeTemplate 1"|0x487dd17
13:03:01.2 (76186172)|STATEMENT_EXECUTE|[85]
13:03:01.2 (76191898)|METHOD_ENTRY|[85]|01pB0000000ljzx|testautonumdata.Sparkle_Helper.GetSobjectField(SObject, String)
13:03:01.2 (76196558)|VARIABLE_SCOPE_BEGIN|[78]|e|SObject|true|false
13:03:01.2 (76282980)|VARIABLE_ASSIGNMENT|[78]|e|{"s":1,"v":{"ContentDocumentId":"069B0000000zbmhIAA","Id":"06AB0000000xmrtMAA","IsDeleted":false,"LinkedEntityId":"a0MB0000000cQXFMA2","ShareType":"V","SystemModstamp":"2016-05-23T15:46:04.000Z","Visibility":"InternalUsers","entityTypeName":"Custom Object Record","ContentDocument":{"s":2,"v":{"Title":"ResumeTemplate 1","FileType":"PDF","CreatedDate":"2016-05-23T15:46:03.000Z","FileExtension":"pdf","ContentSize":48077,"Id":"069B0000000zbmhIAA"}}}}|0x72f779b8
13:03:01.2 (76289508)|VARIABLE_SCOPE_BEGIN|[78]|lcfield|String|false|false
13:03:01.2 (76294630)|VARIABLE_ASSIGNMENT|[78]|lcfield|"ContentDocument.Crea (7 more) ..."
13:03:01.2 (76303303)|HEAP_ALLOCATE|[81]|Bytes:5
13:03:01.2 (76307549)|STATEMENT_EXECUTE|[79]
13:03:01.2 (76308592)|STATEMENT_EXECUTE|[81]
13:03:01.2 (76312343)|VARIABLE_SCOPE_BEGIN|[81]|returnValue|String|false|false
13:03:01.2 (76316514)|VARIABLE_ASSIGNMENT|[81]|returnValue|""
13:03:01.2 (76330065)|ENTERING_MANAGED_PKG|
13:03:01.2 (76338872)|STATEMENT_EXECUTE|[84]
13:03:01.2 (76340275)|STATEMENT_EXECUTE|[85]
13:03:01.2 (76347470)|ENTERING_MANAGED_PKG|
13:03:01.2 (76351150)|HEAP_ALLOCATE|[85]|Bytes:15
13:03:01.2 (76358913)|VARIABLE_SCOPE_BEGIN|[85]|relName|String|false|false
13:03:01.2 (76364561)|VARIABLE_ASSIGNMENT|[85]|relName|"ContentDocument"
13:03:01.2 (76366641)|STATEMENT_EXECUTE|[86]
13:03:01.2 (76374827)|ENTERING_MANAGED_PKG|
13:03:01.2 (76378127)|HEAP_ALLOCATE|[86]|Bytes:11
13:03:01.2 (76385835)|VARIABLE_SCOPE_BEGIN|[86]|relField|String|false|false
13:03:01.2 (76390889)|VARIABLE_ASSIGNMENT|[86]|relField|"CreatedDate"
13:03:01.2 (76399042)|ENTERING_MANAGED_PKG|
13:03:01.2 (76406564)|STATEMENT_EXECUTE|[94]
13:03:01.2 (76414080)|ENTERING_MANAGED_PKG|
13:03:01.2 (76440316)|HEAP_ALLOCATE|[94]|Bytes:28
13:03:01.2 (76456961)|ENTERING_MANAGED_PKG|
13:03:01.2 (76476772)|HEAP_ALLOCATE|[94]|Bytes:56
13:03:01.2 (76492328)|ENTERING_MANAGED_PKG|
13:03:01.2 (76500109)|HEAP_ALLOCATE|[94]|Bytes:19
13:03:01.2 (76513329)|VARIABLE_ASSIGNMENT|[94]|returnValue|"2016-05-23 15:46:03"
13:03:01.2 (76516727)|STATEMENT_EXECUTE|[100]
13:03:01.2 (76524371)|METHOD_EXIT|[85]|01pB0000000ljzx|testautonumdata.Sparkle_Helper.GetSobjectField(SObject, String)
13:03:01.2 (76550363)|VARIABLE_ASSIGNMENT|[EXTERNAL]|this|{"fileID":"069B0000000zbmhIAA","fileName":"ResumeTemplate 1"}|0x487dd17
13:03:01.2 (76555616)|VARIABLE_ASSIGNMENT|[EXTERNAL]|value|"2016-05-23 15:46:03"
13:03:01.2 (76567009)|VARIABLE_ASSIGNMENT|[10]|this.fileCreatedDate|"2016-05-23 15:46:03"|0x487dd17
13:03:01.2 (76573960)|STATEMENT_EXECUTE|[86]
13:03:01.2 (76579744)|METHOD_ENTRY|[86]|01pB0000000ljzx|testautonumdata.Sparkle_Helper.GetSobjectField(SObject, String)
13:03:01.2 (76584104)|VARIABLE_SCOPE_BEGIN|[78]|e|SObject|true|false
13:03:01.2 (76669931)|VARIABLE_ASSIGNMENT|[78]|e|{"s":1,"v":{"ContentDocumentId":"069B0000000zbmhIAA","Id":"06AB0000000xmrtMAA","IsDeleted":false,"LinkedEntityId":"a0MB0000000cQXFMA2","ShareType":"V","SystemModstamp":"2016-05-23T15:46:04.000Z","Visibility":"InternalUsers","entityTypeName":"Custom Object Record","ContentDocument":{"s":2,"v":{"Title":"ResumeTemplate 1","FileType":"PDF","CreatedDate":"2016-05-23T15:46:03.000Z","FileExtension":"pdf","ContentSize":48077,"Id":"069B0000000zbmhIAA"}}}}|0x72f779b8
13:03:01.2 (76675795)|VARIABLE_SCOPE_BEGIN|[78]|lcfield|String|false|false
13:03:01.2 (76680834)|VARIABLE_ASSIGNMENT|[78]|lcfield|"ContentDocument.File (9 more) ..."
13:03:01.2 (76689513)|HEAP_ALLOCATE|[81]|Bytes:5
13:03:01.2 (76693750)|STATEMENT_EXECUTE|[79]
13:03:01.2 (76694721)|STATEMENT_EXECUTE|[81]
13:03:01.2 (76698535)|VARIABLE_SCOPE_BEGIN|[81]|returnValue|String|false|false
13:03:01.2 (76702771)|VARIABLE_ASSIGNMENT|[81]|returnValue|""
13:03:01.2 (76716331)|ENTERING_MANAGED_PKG|
13:03:01.2 (76724878)|STATEMENT_EXECUTE|[84]
13:03:01.2 (76726454)|STATEMENT_EXECUTE|[85]
13:03:01.2 (76733751)|ENTERING_MANAGED_PKG|
13:03:01.2 (76737313)|HEAP_ALLOCATE|[85]|Bytes:15
13:03:01.2 (76744950)|VARIABLE_SCOPE_BEGIN|[85]|relName|String|false|false
13:03:01.2 (76750469)|VARIABLE_ASSIGNMENT|[85]|relName|"ContentDocument"
13:03:01.2 (76752535)|STATEMENT_EXECUTE|[86]
13:03:01.2 (76760884)|ENTERING_MANAGED_PKG|
13:03:01.2 (76764243)|HEAP_ALLOCATE|[86]|Bytes:13
13:03:01.2 (76771976)|VARIABLE_SCOPE_BEGIN|[86]|relField|String|false|false
13:03:01.2 (76776977)|VARIABLE_ASSIGNMENT|[86]|relField|"FileExtension"
13:03:01.2 (76784998)|ENTERING_MANAGED_PKG|
13:03:01.2 (76792319)|STATEMENT_EXECUTE|[94]
13:03:01.2 (76799798)|ENTERING_MANAGED_PKG|
13:03:01.2 (76830524)|HEAP_ALLOCATE|[94]|Bytes:28
13:03:01.2 (76847851)|ENTERING_MANAGED_PKG|
13:03:01.2 (76865196)|HEAP_ALLOCATE|[94]|Bytes:3
13:03:01.2 (76880376)|ENTERING_MANAGED_PKG|
13:03:01.2 (76883603)|HEAP_ALLOCATE|[94]|Bytes:3
13:03:01.2 (76895074)|VARIABLE_ASSIGNMENT|[94]|returnValue|"pdf"
13:03:01.2 (76898374)|STATEMENT_EXECUTE|[100]
13:03:01.2 (76905648)|METHOD_EXIT|[86]|01pB0000000ljzx|testautonumdata.Sparkle_Helper.GetSobjectField(SObject, String)
13:03:01.2 (76932247)|VARIABLE_ASSIGNMENT|[EXTERNAL]|this|{"fileCreatedDate":"2016-05-23 15:46:03","fileID":"069B0000000zbmhIAA","fileName":"ResumeTemplate 1"}|0x487dd17
13:03:01.2 (76937320)|VARIABLE_ASSIGNMENT|[EXTERNAL]|value|"pdf"
13:03:01.2 (76948718)|VARIABLE_ASSIGNMENT|[12]|this.fileExtension|"pdf"|0x487dd17
13:03:01.2 (76974589)|VARIABLE_ASSIGNMENT|[EXTERNAL]|this|{"fileCreatedDate":"2016-05-23 15:46:03","fileExtension":"pdf","fileID":"069B0000000zbmhIAA","fileName":"ResumeTemplate 1"}|0x487dd17
13:03:01.2 (76990764)|ENTERING_MANAGED_PKG|
13:03:01.2 (76999696)|STATEMENT_EXECUTE|[87]
13:03:01.2 (77001426)|STATEMENT_EXECUTE|[89]
13:03:01.2 (77007838)|METHOD_ENTRY|[89]|01pB0000000ljzx|testautonumdata.Sparkle_Helper.GetSobjectField(SObject, String)
13:03:01.2 (77012400)|VARIABLE_SCOPE_BEGIN|[78]|e|SObject|true|false
13:03:01.2 (77099085)|VARIABLE_ASSIGNMENT|[78]|e|{"s":1,"v":{"ContentDocumentId":"069B0000000zbmhIAA","Id":"06AB0000000xmrtMAA","IsDeleted":false,"LinkedEntityId":"a0MB0000000cQXFMA2","ShareType":"V","SystemModstamp":"2016-05-23T15:46:04.000Z","Visibility":"InternalUsers","entityTypeName":"Custom Object Record","ContentDocument":{"s":2,"v":{"Title":"ResumeTemplate 1","FileType":"PDF","CreatedDate":"2016-05-23T15:46:03.000Z","FileExtension":"pdf","ContentSize":48077,"Id":"069B0000000zbmhIAA"}}}}|0x72f779b8
13:03:01.2 (77105377)|VARIABLE_SCOPE_BEGIN|[78]|lcfield|String|false|false
13:03:01.2 (77110521)|VARIABLE_ASSIGNMENT|[78]|lcfield|"ContentDocument.Cont (7 more) ..."
13:03:01.2 (77119179)|HEAP_ALLOCATE|[81]|Bytes:5
13:03:01.2 (77123474)|STATEMENT_EXECUTE|[79]
13:03:01.2 (77124462)|STATEMENT_EXECUTE|[81]
13:03:01.2 (77128300)|VARIABLE_SCOPE_BEGIN|[81]|returnValue|String|false|false
13:03:01.2 (77132486)|VARIABLE_ASSIGNMENT|[81]|returnValue|""
13:03:01.2 (77145965)|ENTERING_MANAGED_PKG|
13:03:01.2 (77154468)|STATEMENT_EXECUTE|[84]
13:03:01.2 (77155826)|STATEMENT_EXECUTE|[85]
13:03:01.2 (77163007)|ENTERING_MANAGED_PKG|
13:03:01.2 (77166548)|HEAP_ALLOCATE|[85]|Bytes:15
13:03:01.2 (77174196)|VARIABLE_SCOPE_BEGIN|[85]|relName|String|false|false
13:03:01.2 (77179749)|VARIABLE_ASSIGNMENT|[85]|relName|"ContentDocument"
13:03:01.2 (77182303)|STATEMENT_EXECUTE|[86]
13:03:01.2 (77190548)|ENTERING_MANAGED_PKG|
13:03:01.2 (77193929)|HEAP_ALLOCATE|[86]|Bytes:11
13:03:01.2 (77201500)|VARIABLE_SCOPE_BEGIN|[86]|relField|String|false|false
13:03:01.2 (77206272)|VARIABLE_ASSIGNMENT|[86]|relField|"ContentSize"
13:03:01.2 (77214501)|ENTERING_MANAGED_PKG|
13:03:01.2 (77221915)|STATEMENT_EXECUTE|[94]
13:03:01.2 (77229511)|ENTERING_MANAGED_PKG|
13:03:01.2 (77255781)|HEAP_ALLOCATE|[94]|Bytes:28
13:03:01.2 (77272258)|ENTERING_MANAGED_PKG|
13:03:01.2 (77299875)|ENTERING_MANAGED_PKG|
13:03:01.2 (77304332)|HEAP_ALLOCATE|[94]|Bytes:5
13:03:01.2 (77316548)|VARIABLE_ASSIGNMENT|[94]|returnValue|"48077"
13:03:01.2 (77319707)|STATEMENT_EXECUTE|[100]
13:03:01.2 (77327167)|METHOD_EXIT|[89]|01pB0000000ljzx|testautonumdata.Sparkle_Helper.GetSobjectField(SObject, String)
13:03:01.2 (77354192)|VARIABLE_ASSIGNMENT|[EXTERNAL]|this|{"fileCreatedDate":"2016-05-23 15:46:03","fileExtension":"pdf","fileID":"069B0000000zbmhIAA","fileName":"ResumeTemplate 1"}|0x487dd17
13:03:01.2 (77359379)|VARIABLE_ASSIGNMENT|[EXTERNAL]|value|"48077"
13:03:01.2 (77370919)|VARIABLE_ASSIGNMENT|[14]|this.fileSize|"48077"|0x487dd17
13:03:01.2 (77377958)|STATEMENT_EXECUTE|[92]
13:03:01.2 (77384077)|ENTERING_MANAGED_PKG|
13:03:01.2 (77391708)|HEAP_ALLOCATE|[EXTERNAL]|Bytes:4
13:03:01.2 (77397758)|STATEMENT_EXECUTE|[94]
13:03:01.2 (77409289)|ENTERING_MANAGED_PKG|
13:03:01.2 (77445114)|HEAP_ALLOCATE|[94]|Bytes:284
13:03:01.2 (77460674)|HEAP_ALLOCATE|[94]|Bytes:296
13:03:01.2 (77468190)|ENTERING_MANAGED_PKG|
13:03:01.2 (77476454)|USER_DEBUG|[94]|DEBUG|######## i: FilesViewerServerController:[fileCreatedDate=2016-05-23 15:46:03, fileExtension=pdf, fileID=069B0000000zbmhIAA, fileName=ResumeTemplate 1, fileSize=48077, mapObjectsFields={ContentDocumentLink={ContentDocumentId, Id, IsDeleted, LinkedEntityId, ShareType, SystemModstamp, Visibility}}]
13:03:01.2 (77491734)|HEAP_ALLOCATE|[77]|Bytes:5
13:03:01.2 (77505215)|VARIABLE_ASSIGNMENT|[77]|e|null|
13:03:01.2 (77508618)|STATEMENT_EXECUTE|[99]
13:03:01.2 (77511710)|HEAP_ALLOCATE|[99]|Bytes:57
13:03:01.2 (77526035)|ENTERING_MANAGED_PKG|
13:03:01.2 (77600233)|HEAP_ALLOCATE|[99]|Bytes:478
13:03:01.2 (77617561)|HEAP_ALLOCATE|[99]|Bytes:535
13:03:01.2 (77626906)|ENTERING_MANAGED_PKG|
13:03:01.2 (77635122)|USER_DEBUG|[99]|DEBUG|######## FilesViewerServerController - lstReturnRecords: (FilesViewerServerController:[fileCreatedDate=2016-05-23 15:46:04, fileExtension=word, fileID=069B0000000zbmmIAA, fileName=ResumeTemplate 1, fileSize=29696, mapObjectsFields={ContentDocumentLink={ContentDocumentId, Id, IsDeleted, LinkedEntityId, ShareType, SystemModstamp, Visibility}}], FilesViewerServerController:[fileCreatedDate=2016-05-23 15:46:03, fileExtension=pdf, fileID=069B0000000zbmhIAA, fileName=ResumeTemplate 1, fileSize=48077, mapObjectsFields=(already output)])
13:03:01.2 (77643543)|STATEMENT_EXECUTE|[101]
13:03:01.2 (77657645)|SYSTEM_MODE_EXIT|false
13:03:01.77 (77703390)|CUMULATIVE_LIMIT_USAGE
13:03:01.77 (77703390)|LIMIT_USAGE_FOR_NS|(default)|
  Number of SOQL queries: 0 out of 100
  Number of query rows: 0 out of 50000
  Number of SOSL queries: 0 out of 20
  Number of DML statements: 0 out of 150
  Number of DML rows: 0 out of 10000
  Maximum CPU time: 0 out of 10000
  Maximum heap size: 0 out of 6000000
  Number of callouts: 0 out of 100
  Number of Email Invocations: 0 out of 10
  Number of future calls: 0 out of 50
  Number of queueable jobs added to the queue: 0 out of 50
  Number of Mobile Apex push calls: 0 out of 10

13:03:01.77 (77703390)|LIMIT_USAGE_FOR_NS|testautonumdata|
  Number of SOQL queries: 1 out of 100
  Number of query rows: 2 out of 50000
  Number of SOSL queries: 0 out of 20
  Number of DML statements: 0 out of 150
  Number of DML rows: 0 out of 10000
  Maximum CPU time: 0 out of 10000
  Maximum heap size: 0 out of 6000000
  Number of callouts: 0 out of 100
  Number of Email Invocations: 0 out of 10
  Number of future calls: 0 out of 50
  Number of queueable jobs added to the queue: 0 out of 50
  Number of Mobile Apex push calls: 0 out of 10

13:03:01.77 (77703390)|CUMULATIVE_LIMIT_USAGE_END

13:03:01.79 (79896989)|CODE_UNIT_STARTED|[EXTERNAL]|Aura
13:03:01.80 (80950988)|CODE_UNIT_STARTED|[EXTERNAL]|Aura
