37.0 APEX_CODE,FINEST;APEX_PROFILING,INFO;CALLOUT,INFO;DB,INFO;SYSTEM,DEBUG;VALIDATION,INFO;VISUALFORCE,INFO;WORKFLOW,INFO
11:14:13.0 (163984)|USER_INFO|[EXTERNAL]|005B00000021dad|elisabeth.brooks@df16recruitment.dev|Pacific Standard Time|GMT-07:00
11:14:13.0 (208386)|EXECUTION_STARTED
11:14:13.0 (220310)|CODE_UNIT_STARTED|[EXTERNAL]|01pB0000000lIqm|CandidateController.findAll
11:14:13.0 (658385)|HEAP_ALLOCATE|[72]|Bytes:3
11:14:13.0 (720713)|HEAP_ALLOCATE|[77]|Bytes:152
11:14:13.0 (754127)|HEAP_ALLOCATE|[342]|Bytes:408
11:14:13.0 (789581)|HEAP_ALLOCATE|[355]|Bytes:408
11:14:13.0 (823992)|HEAP_ALLOCATE|[467]|Bytes:48
11:14:13.0 (883670)|HEAP_ALLOCATE|[139]|Bytes:6
11:14:13.0 (926848)|HEAP_ALLOCATE|[EXTERNAL]|Bytes:4
11:14:13.0 (948218)|METHOD_ENTRY|[1]|01pB0000000lIqm|CandidateController.CandidateController()
11:14:13.0 (964708)|STATEMENT_EXECUTE|[1]
11:14:13.0 (1064627)|STATEMENT_EXECUTE|[1]
11:14:13.0 (1116881)|HEAP_ALLOCATE|[50]|Bytes:5
11:14:13.0 (1148392)|HEAP_ALLOCATE|[56]|Bytes:5
11:14:13.0 (1164478)|HEAP_ALLOCATE|[64]|Bytes:7
11:14:13.0 (1202757)|SYSTEM_MODE_ENTER|false
11:14:13.0 (1223159)|HEAP_ALLOCATE|[EXTERNAL]|Bytes:5
11:14:13.0 (1235761)|SYSTEM_MODE_EXIT|false
11:14:13.0 (1250210)|METHOD_EXIT|[1]|CandidateController
11:14:13.0 (1267565)|SYSTEM_MODE_ENTER|false
11:14:13.0 (1287045)|HEAP_ALLOCATE|[7]|Bytes:5
11:14:13.0 (1344160)|STATEMENT_EXECUTE|[6]
11:14:13.0 (1395251)|STATEMENT_EXECUTE|[7]
11:14:13.0 (1405529)|HEAP_ALLOCATE|[7]|Bytes:259
11:14:13.0 (1418618)|HEAP_ALLOCATE|[7]|Bytes:4
11:14:13.0 (3461965)|SOQL_EXECUTE_BEGIN|[7]|Aggregations:0|SELECT Id, Name, testautonumdata__Geolocation__Latitude__s, testautonumdata__Geolocation__Longitude__s FROM testautonumdata__Candidate__c WHERE (testautonumdata__Geolocation__Longitude__s != NULL AND testautonumdata__Geolocation__Latitude__s != NULL) LIMIT 50
11:14:13.0 (8010387)|SOQL_EXECUTE_END|[7]|Rows:9
11:14:13.0 (8046045)|HEAP_ALLOCATE|[7]|Bytes:40
11:14:13.0 (8092903)|HEAP_ALLOCATE|[7]|Bytes:1915
11:14:13.0 (8137009)|HEAP_ALLOCATE|[7]|Bytes:40
11:14:13.0 (8164997)|SYSTEM_MODE_EXIT|false
11:14:13.8 (8217143)|CUMULATIVE_LIMIT_USAGE
11:14:13.8 (8217143)|LIMIT_USAGE_FOR_NS|(default)|
  Number of SOQL queries: 0 out of 100
  Number of query rows: 0 out of 50000
  Number of SOSL queries: 0 out of 20
  Number of DML statements: 0 out of 150
  Number of DML rows: 0 out of 10000
  Maximum CPU time: 0 out of 10000
  Maximum heap size: 0 out of 6000000
  Number of callouts: 0 out of 100
  Number of Email Invocations: 0 out of 10
  Number of future calls: 0 out of 50
  Number of queueable jobs added to the queue: 0 out of 50
  Number of Mobile Apex push calls: 0 out of 10

11:14:13.8 (8217143)|LIMIT_USAGE_FOR_NS|testautonumdata|
  Number of SOQL queries: 1 out of 100
  Number of query rows: 9 out of 50000
  Number of SOSL queries: 0 out of 20
  Number of DML statements: 0 out of 150
  Number of DML rows: 0 out of 10000
  Maximum CPU time: 0 out of 10000
  Maximum heap size: 0 out of 6000000
  Number of callouts: 0 out of 100
  Number of Email Invocations: 0 out of 10
  Number of future calls: 0 out of 50
  Number of queueable jobs added to the queue: 0 out of 50
  Number of Mobile Apex push calls: 0 out of 10

11:14:13.8 (8217143)|CUMULATIVE_LIMIT_USAGE_END

11:14:13.0 (8317799)|CODE_UNIT_FINISHED|CandidateController.findAll
11:14:13.0 (10455556)|EXECUTION_FINISHED
