35.0 APEX_CODE,FINEST;APEX_PROFILING,INFO;CALLOUT,INFO;DB,INFO;SYSTEM,DEBUG;VALIDATION,INFO;VISUALFORCE,INFO;WORKFLOW,INFO
14:17:37.0 (116576)|USER_INFO|[EXTERNAL]|005B0000001VpZR|rreboucas-yi5c@force.com|Pacific Standard Time|GMT-07:00
14:17:37.0 (172870)|EXECUTION_STARTED
14:17:37.0 (182711)|CODE_UNIT_STARTED|[EXTERNAL]|066B0000000O8VH|VF: /apex/testautonumdata__interviewquestionsLDS
14:17:37.0 (10997595)|SYSTEM_MODE_ENTER|true
14:17:37.0 (11633838)|HEAP_ALLOCATE|[72]|Bytes:3
14:17:37.0 (11697319)|HEAP_ALLOCATE|[77]|Bytes:152
14:17:37.0 (11720585)|HEAP_ALLOCATE|[342]|Bytes:408
14:17:37.0 (11741439)|HEAP_ALLOCATE|[355]|Bytes:408
14:17:37.0 (11761291)|HEAP_ALLOCATE|[467]|Bytes:48
14:17:37.0 (11805980)|HEAP_ALLOCATE|[139]|Bytes:6
14:17:37.0 (11912891)|HEAP_ALLOCATE|[EXTERNAL]|Bytes:7
14:17:37.0 (11934045)|METHOD_ENTRY|[1]|01pB0000000dsBd|myControllerExtension.myControllerExtension()
14:17:37.0 (11940143)|STATEMENT_EXECUTE|[1]
14:17:37.0 (11949245)|STATEMENT_EXECUTE|[1]
14:17:37.0 (11958152)|METHOD_EXIT|[1]|myControllerExtension
14:17:37.0 (11967785)|HEAP_ALLOCATE|[EXTERNAL]|Bytes:8
14:17:37.0 (11985902)|VARIABLE_SCOPE_BEGIN|[8]|this|testautonumdata.myControllerExtension|true|false
14:17:37.0 (12088311)|VARIABLE_ASSIGNMENT|[8]|this|{}|0x1651e411
14:17:37.0 (12094711)|VARIABLE_SCOPE_BEGIN|[8]|stdController|ApexPages.StandardController|true|false
14:17:37.0 (12236164)|VARIABLE_ASSIGNMENT|[8]|stdController|"StandardController [null]"|0x432a46ed
14:17:37.0 (12245660)|STATEMENT_EXECUTE|[1]
14:17:37.0 (12247242)|STATEMENT_EXECUTE|[3]
14:17:37.0 (12258664)|HEAP_ALLOCATE|[9]|Bytes:6
14:17:37.0 (12307638)|STATEMENT_EXECUTE|[8]
14:17:37.0 (12310029)|STATEMENT_EXECUTE|[9]
14:17:37.0 (12538674)|HEAP_ALLOCATE|[9]|Bytes:4
14:17:37.0 (12578117)|HEAP_ALLOCATE|[50]|Bytes:5
14:17:37.0 (12598919)|HEAP_ALLOCATE|[56]|Bytes:5
14:17:37.0 (12607486)|HEAP_ALLOCATE|[64]|Bytes:7
14:17:37.0 (12662962)|VARIABLE_ASSIGNMENT|[9]|this.interviewer|{"s":1,"v":{}}|0x1651e411
14:17:37.12 (12921674)|USER_INFO|[EXTERNAL]|005B0000001VpZR|rreboucas-yi5c@force.com|Pacific Standard Time|GMT-07:00
14:17:37.13 (13203544)|USER_INFO|[EXTERNAL]|005B0000001VpZR|rreboucas-yi5c@force.com|Pacific Standard Time|GMT-07:00
14:17:37.13 (13426997)|USER_INFO|[EXTERNAL]|005B0000001VpZR|rreboucas-yi5c@force.com|Pacific Standard Time|GMT-07:00
14:17:37.13 (13698919)|USER_INFO|[EXTERNAL]|005B0000001VpZR|rreboucas-yi5c@force.com|Pacific Standard Time|GMT-07:00
14:17:37.13 (13930887)|USER_INFO|[EXTERNAL]|005B0000001VpZR|rreboucas-yi5c@force.com|Pacific Standard Time|GMT-07:00
14:17:37.20 (20933024)|USER_INFO|[EXTERNAL]|005B0000001VpZR|rreboucas-yi5c@force.com|Pacific Standard Time|GMT-07:00
14:17:37.26 (26438536)|USER_INFO|[EXTERNAL]|005B0000001VpZR|rreboucas-yi5c@force.com|Pacific Standard Time|GMT-07:00
14:17:37.26 (26730490)|USER_INFO|[EXTERNAL]|005B0000001VpZR|rreboucas-yi5c@force.com|Pacific Standard Time|GMT-07:00
14:17:37.27 (27002358)|USER_INFO|[EXTERNAL]|005B0000001VpZR|rreboucas-yi5c@force.com|Pacific Standard Time|GMT-07:00
14:17:37.28 (28933213)|USER_INFO|[EXTERNAL]|005B0000001VpZR|rreboucas-yi5c@force.com|Pacific Standard Time|GMT-07:00
14:17:37.30 (30932333)|USER_INFO|[EXTERNAL]|005B0000001VpZR|rreboucas-yi5c@force.com|Pacific Standard Time|GMT-07:00
14:17:37.31 (31111600)|USER_INFO|[EXTERNAL]|005B0000001VpZR|rreboucas-yi5c@force.com|Pacific Standard Time|GMT-07:00
14:17:37.0 (32012991)|VF_SERIALIZE_VIEWSTATE_BEGIN|066B0000000O8VH
14:17:37.0 (41261502)|VF_SERIALIZE_VIEWSTATE_END
14:17:37.44 (44082568)|USER_INFO|[EXTERNAL]|005B0000001VpZR|rreboucas-yi5c@force.com|Pacific Standard Time|GMT-07:00
14:17:37.44 (44253657)|USER_INFO|[EXTERNAL]|005B0000001VpZR|rreboucas-yi5c@force.com|Pacific Standard Time|GMT-07:00
14:17:37.48 (48220962)|CUMULATIVE_LIMIT_USAGE
14:17:37.48 (48220962)|LIMIT_USAGE_FOR_NS|(default)|
  Number of SOQL queries: 0 out of 100
  Number of query rows: 0 out of 50000
  Number of SOSL queries: 0 out of 20
  Number of DML statements: 0 out of 150
  Number of DML rows: 0 out of 10000
  Maximum CPU time: 0 out of 10000
  Maximum heap size: 0 out of 6000000
  Number of callouts: 0 out of 100
  Number of Email Invocations: 0 out of 10
  Number of future calls: 0 out of 50
  Number of queueable jobs added to the queue: 0 out of 50
  Number of Mobile Apex push calls: 0 out of 10

14:17:37.48 (48220962)|CUMULATIVE_LIMIT_USAGE_END

14:17:37.0 (48288250)|CODE_UNIT_FINISHED|VF: /apex/testautonumdata__interviewquestionsLDS
14:17:37.0 (49480735)|EXECUTION_FINISHED
