37.0 APEX_CODE,FINEST;APEX_PROFILING,INFO;CALLOUT,INFO;DB,INFO;SYSTEM,DEBUG;VALIDATION,INFO;VISUALFORCE,INFO;WORKFLOW,INFO
14:11:47.0 (146432)|USER_INFO|[EXTERNAL]|005B0000001VpZR|rreboucas-yi5c@force.com|Pacific Standard Time|GMT-07:00
14:11:47.0 (192389)|EXECUTION_STARTED
14:11:47.0 (203069)|CODE_UNIT_STARTED|[EXTERNAL]|01pB0000000r382|Twitter_Lightning_Controller.hasTwitterID
14:11:47.0 (704568)|HEAP_ALLOCATE|[72]|Bytes:3
14:11:47.0 (786831)|HEAP_ALLOCATE|[77]|Bytes:152
14:11:47.0 (821480)|HEAP_ALLOCATE|[342]|Bytes:408
14:11:47.0 (858834)|HEAP_ALLOCATE|[355]|Bytes:408
14:11:47.0 (913117)|HEAP_ALLOCATE|[467]|Bytes:48
14:11:47.0 (978468)|HEAP_ALLOCATE|[139]|Bytes:6
14:11:47.0 (1024447)|HEAP_ALLOCATE|[EXTERNAL]|Bytes:120
14:11:47.0 (1035640)|HEAP_ALLOCATE|[EXTERNAL]|Bytes:13
14:11:47.0 (1041478)|HEAP_ALLOCATE|[EXTERNAL]|Bytes:29
14:11:47.0 (1063221)|METHOD_ENTRY|[1]|01pB0000000r382|Twitter_Lightning_Controller.Twitter_Lightning_Controller()
14:11:47.0 (1070878)|STATEMENT_EXECUTE|[1]
14:11:47.0 (1081621)|STATEMENT_EXECUTE|[1]
14:11:47.0 (1132153)|HEAP_ALLOCATE|[50]|Bytes:5
14:11:47.0 (1173584)|HEAP_ALLOCATE|[56]|Bytes:5
14:11:47.0 (1192991)|HEAP_ALLOCATE|[64]|Bytes:7
14:11:47.0 (1237084)|SYSTEM_MODE_ENTER|false
14:11:47.0 (1264556)|HEAP_ALLOCATE|[EXTERNAL]|Bytes:5
14:11:47.0 (1279467)|SYSTEM_MODE_EXIT|false
14:11:47.0 (1296924)|METHOD_EXIT|[1]|Twitter_Lightning_Controller
14:11:47.0 (1313514)|SYSTEM_MODE_ENTER|false
14:11:47.0 (1332643)|VARIABLE_SCOPE_BEGIN|[10]|recordID|String|false|false
14:11:47.0 (1377486)|VARIABLE_ASSIGNMENT|[10]|recordID|null
14:11:47.0 (1390003)|VARIABLE_SCOPE_BEGIN|[10]|objectApiName|String|false|false
14:11:47.0 (1400541)|VARIABLE_ASSIGNMENT|[10]|objectApiName|null
14:11:47.0 (1409252)|VARIABLE_SCOPE_BEGIN|[10]|twitterIDFieldApiName|String|false|false
14:11:47.0 (1418073)|VARIABLE_ASSIGNMENT|[10]|twitterIDFieldApiName|null
14:11:47.0 (1438496)|HEAP_ALLOCATE|[12]|Bytes:5
14:11:47.0 (1445438)|STATEMENT_EXECUTE|[10]
14:11:47.0 (1448256)|STATEMENT_EXECUTE|[12]
14:11:47.0 (1466431)|VARIABLE_SCOPE_BEGIN|[12]|hasTwitterMemberID|Boolean|false|false
14:11:47.0 (1474990)|HEAP_ALLOCATE|[12]|Bytes:5
14:11:47.0 (1488210)|VARIABLE_ASSIGNMENT|[12]|hasTwitterMemberID|false
14:11:47.0 (1575854)|ENTERING_MANAGED_PKG|
14:11:47.0 (1650820)|STATEMENT_EXECUTE|[14]
14:11:47.0 (1655576)|STATEMENT_EXECUTE|[36]
14:11:47.0 (1662618)|HEAP_ALLOCATE|[36]|Bytes:5
14:11:47.0 (1675407)|HEAP_ALLOCATE|[36]|Bytes:5
14:11:47.0 (1688359)|SYSTEM_MODE_EXIT|false
14:11:47.1 (1750002)|CUMULATIVE_LIMIT_USAGE
14:11:47.1 (1750002)|LIMIT_USAGE_FOR_NS|(default)|
  Number of SOQL queries: 0 out of 100
  Number of query rows: 0 out of 50000
  Number of SOSL queries: 0 out of 20
  Number of DML statements: 0 out of 150
  Number of DML rows: 0 out of 10000
  Maximum CPU time: 0 out of 10000
  Maximum heap size: 0 out of 6000000
  Number of callouts: 0 out of 100
  Number of Email Invocations: 0 out of 10
  Number of future calls: 0 out of 50
  Number of queueable jobs added to the queue: 0 out of 50
  Number of Mobile Apex push calls: 0 out of 10

14:11:47.1 (1750002)|CUMULATIVE_LIMIT_USAGE_END

14:11:47.0 (1815089)|CODE_UNIT_FINISHED|Twitter_Lightning_Controller.hasTwitterID
14:11:47.0 (3373111)|EXECUTION_FINISHED
