37.0 APEX_CODE,FINEST;APEX_PROFILING,INFO;CALLOUT,INFO;DB,INFO;SYSTEM,DEBUG;VALIDATION,INFO;VISUALFORCE,INFO;WORKFLOW,INFO
09:11:37.0 (146603)|USER_INFO|[EXTERNAL]|005B0000001VpZR|rreboucas-yi5c@force.com|Pacific Standard Time|GMT-07:00
09:11:37.0 (838859)|HEAP_ALLOCATE|[72]|Bytes:3
09:11:37.0 (916675)|HEAP_ALLOCATE|[77]|Bytes:152
09:11:37.0 (949601)|HEAP_ALLOCATE|[342]|Bytes:408
09:11:37.0 (984688)|HEAP_ALLOCATE|[355]|Bytes:408
09:11:37.0 (1016659)|HEAP_ALLOCATE|[467]|Bytes:48
09:11:37.3 (3772203)|USER_INFO|[EXTERNAL]|005B0000001VpZR|rreboucas-yi5c@force.com|Pacific Standard Time|GMT-07:00
09:11:37.3 (4105197)|STATEMENT_EXECUTE|[1]
09:11:37.3 (4168068)|HEAP_ALLOCATE|[50]|Bytes:5
09:11:37.3 (4210683)|HEAP_ALLOCATE|[56]|Bytes:5
09:11:37.3 (4221534)|HEAP_ALLOCATE|[64]|Bytes:7
09:11:37.3 (4264704)|SYSTEM_MODE_ENTER|false
09:11:37.3 (4287253)|HEAP_ALLOCATE|[EXTERNAL]|Bytes:5
09:11:37.3 (4298836)|SYSTEM_MODE_EXIT|false
09:11:37.3 (4313854)|METHOD_EXIT|[1]|Twitter_Lightning_Controller
09:11:37.3 (4320644)|HEAP_ALLOCATE|[EXTERNAL]|Bytes:18
09:11:37.3 (4322784)|HEAP_ALLOCATE|[EXTERNAL]|Bytes:12
09:11:37.3 (4324060)|HEAP_ALLOCATE|[EXTERNAL]|Bytes:13
09:11:37.3 (4332441)|SYSTEM_MODE_ENTER|false
09:11:37.3 (4343798)|VARIABLE_SCOPE_BEGIN|[68]|recordID|String|false|false
09:11:37.3 (4383173)|VARIABLE_ASSIGNMENT|[68]|recordID|"a0MB0000000cQXFMA2"
09:11:37.3 (4388495)|VARIABLE_SCOPE_BEGIN|[68]|objectApiName|String|false|false
09:11:37.3 (4393313)|VARIABLE_ASSIGNMENT|[68]|objectApiName|"Candidate__c"
09:11:37.3 (4397194)|VARIABLE_SCOPE_BEGIN|[68]|twitterIDFieldApiName|String|false|false
09:11:37.3 (4400823)|VARIABLE_ASSIGNMENT|[68]|twitterIDFieldApiName|"Twitter_ID__c"
09:11:37.3 (4403585)|VARIABLE_SCOPE_BEGIN|[68]|firstName|String|false|false
09:11:37.3 (4408786)|VARIABLE_ASSIGNMENT|[68]|firstName|null
09:11:37.3 (4411512)|VARIABLE_SCOPE_BEGIN|[68]|lastName|String|false|false
09:11:37.3 (4414233)|VARIABLE_ASSIGNMENT|[68]|lastName|null
09:11:37.3 (4416562)|VARIABLE_SCOPE_BEGIN|[68]|companyName|String|false|false
09:11:37.3 (4419284)|VARIABLE_ASSIGNMENT|[68]|companyName|null
09:11:37.3 (4421841)|VARIABLE_SCOPE_BEGIN|[68]|email|String|false|false
09:11:37.3 (4424323)|VARIABLE_ASSIGNMENT|[68]|email|null
09:11:37.3 (4440674)|HEAP_ALLOCATE|[70]|Bytes:5
09:11:37.3 (4444955)|STATEMENT_EXECUTE|[68]
09:11:37.3 (4446463)|STATEMENT_EXECUTE|[70]
09:11:37.3 (4453113)|VARIABLE_SCOPE_BEGIN|[70]|hasTwitterMemberID|Boolean|false|false
09:11:37.3 (4456394)|HEAP_ALLOCATE|[70]|Bytes:5
09:11:37.3 (4462781)|VARIABLE_ASSIGNMENT|[70]|hasTwitterMemberID|false
09:11:37.3 (4464871)|STATEMENT_EXECUTE|[71]
09:11:37.3 (4489913)|HEAP_ALLOCATE|[71]|Bytes:64
09:11:37.3 (4513395)|CONSTRUCTOR_ENTRY|[71]|01pB0000000r382|<init>()
09:11:37.3 (4564394)|VARIABLE_SCOPE_BEGIN|[1]|this|testautonumdata.Twitter_Lightning_Controller|true|false
09:11:37.3 (4687272)|VARIABLE_ASSIGNMENT|[1]|this|{}|0x624f86d8
09:11:37.3 (4696008)|HEAP_ALLOCATE|[EXTERNAL]|Bytes:5
09:11:37.3 (4704855)|HEAP_ALLOCATE|[EXTERNAL]|Bytes:6
09:11:37.3 (4731665)|STATEMENT_EXECUTE|[1]
09:11:37.3 (4736195)|HEAP_ALLOCATE|[EXTERNAL]|Bytes:5
09:11:37.3 (4738594)|STATEMENT_EXECUTE|[4]
09:11:37.3 (4739968)|STATEMENT_EXECUTE|[6]
09:11:37.3 (4740987)|STATEMENT_EXECUTE|[8]
09:11:37.3 (4741986)|STATEMENT_EXECUTE|[10]
09:11:37.3 (4743190)|STATEMENT_EXECUTE|[12]
09:11:37.3 (4744193)|STATEMENT_EXECUTE|[14]
09:11:37.3 (4745302)|STATEMENT_EXECUTE|[16]
09:11:37.3 (4746466)|STATEMENT_EXECUTE|[18]
09:11:37.3 (4747471)|STATEMENT_EXECUTE|[20]
09:11:37.3 (4748688)|STATEMENT_EXECUTE|[22]
09:11:37.3 (4749691)|STATEMENT_EXECUTE|[24]
09:11:37.3 (4750961)|STATEMENT_EXECUTE|[26]
09:11:37.3 (4751909)|STATEMENT_EXECUTE|[28]
09:11:37.3 (4752915)|STATEMENT_EXECUTE|[30]
09:11:37.3 (4753920)|STATEMENT_EXECUTE|[32]
09:11:37.3 (4767111)|CONSTRUCTOR_EXIT|[71]|01pB0000000r382|<init>()
09:11:37.3 (4772158)|VARIABLE_SCOPE_BEGIN|[71]|returnRec|testautonumdata.Twitter_Lightning_Controller|true|false
09:11:37.3 (4802188)|VARIABLE_ASSIGNMENT|[71]|returnRec|{}|0x624f86d8
09:11:37.3 (4844245)|ENTERING_MANAGED_PKG|
09:11:37.3 (4888208)|STATEMENT_EXECUTE|[74]
09:11:37.3 (4890491)|STATEMENT_EXECUTE|[75]
09:11:37.3 (4894214)|HEAP_ALLOCATE|[75]|Bytes:9
09:11:37.3 (4898840)|VARIABLE_SCOPE_BEGIN|[75]|soql|String|false|false
09:11:37.3 (4906556)|VARIABLE_ASSIGNMENT|[75]|soql|"Select id"
09:11:37.3 (4909827)|STATEMENT_EXECUTE|[78]
09:11:37.3 (4912093)|HEAP_ALLOCATE|[78]|Bytes:2
09:11:37.3 (4924071)|HEAP_ALLOCATE|[78]|Bytes:15
09:11:37.3 (4928740)|HEAP_ALLOCATE|[78]|Bytes:24
09:11:37.3 (4936289)|VARIABLE_ASSIGNMENT|[78]|soql|"Select id, Twitter_I (4 more) ..."
09:11:37.3 (4939500)|STATEMENT_EXECUTE|[80]
09:11:37.3 (4941214)|STATEMENT_EXECUTE|[83]
09:11:37.3 (4943334)|STATEMENT_EXECUTE|[86]
09:11:37.3 (4945120)|STATEMENT_EXECUTE|[89]
09:11:37.3 (4946080)|STATEMENT_EXECUTE|[93]
09:11:37.3 (4948649)|HEAP_ALLOCATE|[93]|Bytes:6
09:11:37.3 (4953454)|HEAP_ALLOCATE|[93]|Bytes:18
09:11:37.3 (4957451)|HEAP_ALLOCATE|[93]|Bytes:42
09:11:37.3 (4963246)|VARIABLE_ASSIGNMENT|[93]|soql|"Select id, Twitter_I (22 more) ..."
09:11:37.3 (4965633)|STATEMENT_EXECUTE|[95]
09:11:37.3 (4967794)|HEAP_ALLOCATE|[95]|Bytes:12
09:11:37.3 (4970259)|HEAP_ALLOCATE|[95]|Bytes:1
09:11:37.3 (4978298)|HEAP_ALLOCATE|[95]|Bytes:31
09:11:37.3 (4982337)|HEAP_ALLOCATE|[95]|Bytes:73
09:11:37.3 (4987797)|VARIABLE_ASSIGNMENT|[95]|soql|"Select id, Twitter_I (53 more) ..."
09:11:37.3 (4990081)|STATEMENT_EXECUTE|[98]
09:11:37.3 (4992690)|HEAP_ALLOCATE|[98]|Bytes:8
09:11:37.3 (4996728)|HEAP_ALLOCATE|[98]|Bytes:81
09:11:37.3 (5002157)|VARIABLE_ASSIGNMENT|[98]|soql|"Select id, Twitter_I (61 more) ..."
09:11:37.3 (5005052)|STATEMENT_EXECUTE|[100]
09:11:37.3 (5007549)|HEAP_ALLOCATE|[100]|Bytes:15
09:11:37.3 (5012412)|HEAP_ALLOCATE|[100]|Bytes:96
09:11:37.3 (5048809)|ENTERING_MANAGED_PKG|
09:11:37.3 (5082251)|USER_DEBUG|[100]|DEBUG|######## soql: Select id, Twitter_ID__c FROM Candidate__c WHERE id ='a0MB0000000cQXFMA2' limit 1
09:11:37.3 (5092191)|STATEMENT_EXECUTE|[102]
09:11:37.3 (5119922)|ENTERING_MANAGED_PKG|
09:11:37.3 (5144579)|HEAP_ALLOCATE|[102]|Bytes:5
09:11:37.3 (5930137)|SOQL_EXECUTE_BEGIN|[102]|Aggregations:0|Select id, Twitter_ID__c FROM Candidate__c WHERE id ='a0MB0000000cQXFMA2' limit 1
09:11:37.3 (9931156)|SOQL_EXECUTE_END|[102]|Rows:1
09:11:37.3 (9988112)|HEAP_ALLOCATE|[102]|Bytes:8
09:11:37.3 (10015617)|HEAP_ALLOCATE|[102]|Bytes:69
09:11:37.3 (10215111)|HEAP_ALLOCATE|[102]|Bytes:8
09:11:37.3 (10240263)|VARIABLE_SCOPE_BEGIN|[102]|lstQueriedRecords|List<SObject>|true|false
09:11:37.3 (10300514)|VARIABLE_ASSIGNMENT|[102]|lstQueriedRecords|{"s":1,"v":[{"s":2,"v":{"Id":"a0MB0000000cQXFMA2","testautonumdata__Twi (10 more) ...":"@roreb"}}]}|0x2c6536ff
09:11:37.3 (10443395)|ENTERING_MANAGED_PKG|
09:11:37.3 (10497631)|STATEMENT_EXECUTE|[104]
09:11:37.3 (10501958)|STATEMENT_EXECUTE|[105]
09:11:37.3 (10639000)|VARIABLE_ASSIGNMENT|[EXTERNAL]|this|{}|0x624f86d8
09:11:37.3 (10657597)|VARIABLE_ASSIGNMENT|[EXTERNAL]|value|true
09:11:37.3 (10667151)|HEAP_ALLOCATE|[10]|Bytes:5
09:11:37.3 (10695155)|VARIABLE_ASSIGNMENT|[10]|this.hasTwitterMemberID|true|0x624f86d8
09:11:37.3 (10707601)|STATEMENT_EXECUTE|[106]
09:11:37.3 (10755292)|HEAP_ALLOCATE|[106]|Bytes:12
09:11:37.3 (10767669)|VARIABLE_SCOPE_BEGIN|[106]|e|SObject|true|false
09:11:37.3 (10789952)|VARIABLE_ASSIGNMENT|[106]|e|{"s":1,"v":{"Id":"a0MB0000000cQXFMA2","testautonumdata__Twi (10 more) ...":"@roreb"}}|0x151f55fd
09:11:37.3 (10796316)|STATEMENT_EXECUTE|[109]
09:11:37.3 (10798595)|STATEMENT_EXECUTE|[110]
09:11:37.3 (10803817)|HEAP_ALLOCATE|[110]|Bytes:2
09:11:37.3 (10828988)|METHOD_ENTRY|[110]|01pB0000000r382|testautonumdata.Twitter_Lightning_Controller.GetSobjectField(SObject, String)
09:11:37.3 (10861710)|VARIABLE_SCOPE_BEGIN|[486]|e|SObject|true|false
09:11:37.3 (10879790)|VARIABLE_ASSIGNMENT|[486]|e|{"s":1,"v":{"Id":"a0MB0000000cQXFMA2","testautonumdata__Twi (10 more) ...":"@roreb"}}|0x151f55fd
09:11:37.3 (10885897)|VARIABLE_SCOPE_BEGIN|[486]|lcfield|String|false|false
09:11:37.3 (10891964)|VARIABLE_ASSIGNMENT|[486]|lcfield|"id"
09:11:37.3 (10904451)|HEAP_ALLOCATE|[489]|Bytes:5
09:11:37.3 (10910599)|STATEMENT_EXECUTE|[487]
09:11:37.3 (10912817)|STATEMENT_EXECUTE|[489]
09:11:37.3 (10918411)|VARIABLE_SCOPE_BEGIN|[489]|returnValue|String|false|false
09:11:37.3 (10925957)|VARIABLE_ASSIGNMENT|[489]|returnValue|""
09:11:37.3 (10930237)|HEAP_ALLOCATE|[491]|Bytes:1
09:11:37.3 (10966358)|ENTERING_MANAGED_PKG|
09:11:37.3 (11010930)|STATEMENT_EXECUTE|[506]
09:11:37.3 (11048406)|ENTERING_MANAGED_PKG|
09:11:37.3 (11117425)|HEAP_ALLOCATE|[506]|Bytes:4
09:11:37.3 (11155660)|ENTERING_MANAGED_PKG|
09:11:37.3 (11163786)|HEAP_ALLOCATE|[506]|Bytes:18
09:11:37.3 (11198529)|VARIABLE_ASSIGNMENT|[506]|returnValue|"a0MB0000000cQXFMA2"
09:11:37.3 (11203815)|STATEMENT_EXECUTE|[508]
09:11:37.3 (11218085)|METHOD_EXIT|[110]|01pB0000000r382|testautonumdata.Twitter_Lightning_Controller.GetSobjectField(SObject, String)
09:11:37.3 (11294475)|VARIABLE_ASSIGNMENT|[EXTERNAL]|this|{"hasTwitterMemberID":true}|0x624f86d8
09:11:37.3 (11307127)|VARIABLE_ASSIGNMENT|[EXTERNAL]|value|"a0MB0000000cQXFMA2"
09:11:37.3 (11329971)|VARIABLE_ASSIGNMENT|[4]|this.salesforceRecordID|"a0MB0000000cQXFMA2"|0x624f86d8
09:11:37.3 (11342762)|STATEMENT_EXECUTE|[112]
09:11:37.3 (11346208)|STATEMENT_EXECUTE|[116]
09:11:37.3 (11348427)|STATEMENT_EXECUTE|[120]
09:11:37.3 (11350811)|STATEMENT_EXECUTE|[125]
09:11:37.3 (11352891)|STATEMENT_EXECUTE|[131]
09:11:37.3 (11354896)|STATEMENT_EXECUTE|[132]
09:11:37.3 (11364510)|METHOD_ENTRY|[132]|01pB0000000r382|testautonumdata.Twitter_Lightning_Controller.GetSobjectField(SObject, String)
09:11:37.3 (11388746)|VARIABLE_SCOPE_BEGIN|[486]|e|SObject|true|false
09:11:37.3 (11407301)|VARIABLE_ASSIGNMENT|[486]|e|{"s":1,"v":{"Id":"a0MB0000000cQXFMA2","testautonumdata__Twi (10 more) ...":"@roreb"}}|0x151f55fd
09:11:37.3 (11410943)|VARIABLE_SCOPE_BEGIN|[486]|lcfield|String|false|false
09:11:37.3 (11416381)|VARIABLE_ASSIGNMENT|[486]|lcfield|"Twitter_ID__c"
09:11:37.3 (11427068)|HEAP_ALLOCATE|[489]|Bytes:5
09:11:37.3 (11432769)|STATEMENT_EXECUTE|[487]
09:11:37.3 (11434793)|STATEMENT_EXECUTE|[489]
09:11:37.3 (11439492)|VARIABLE_SCOPE_BEGIN|[489]|returnValue|String|false|false
09:11:37.3 (11446276)|VARIABLE_ASSIGNMENT|[489]|returnValue|""
09:11:37.3 (11470336)|ENTERING_MANAGED_PKG|
09:11:37.3 (11485140)|STATEMENT_EXECUTE|[506]
09:11:37.3 (11502359)|ENTERING_MANAGED_PKG|
09:11:37.3 (11532345)|HEAP_ALLOCATE|[506]|Bytes:6
09:11:37.3 (11561176)|ENTERING_MANAGED_PKG|
09:11:37.3 (11566740)|HEAP_ALLOCATE|[506]|Bytes:6
09:11:37.3 (11582733)|VARIABLE_ASSIGNMENT|[506]|returnValue|"@roreb"
09:11:37.3 (11586771)|STATEMENT_EXECUTE|[508]
09:11:37.3 (11598022)|METHOD_EXIT|[132]|01pB0000000r382|testautonumdata.Twitter_Lightning_Controller.GetSobjectField(SObject, String)
09:11:37.3 (11673619)|VARIABLE_ASSIGNMENT|[EXTERNAL]|this|{"hasTwitterMemberID":true,"salesforceRecordID":"a0MB0000000cQXFMA2"}|0x624f86d8
09:11:37.3 (11685179)|VARIABLE_ASSIGNMENT|[EXTERNAL]|value|"@roreb"
09:11:37.3 (11706835)|VARIABLE_ASSIGNMENT|[8]|this.twitterName|"@roreb"|0x624f86d8
09:11:37.3 (11720357)|STATEMENT_EXECUTE|[143]
09:11:37.3 (11739856)|SYSTEM_MODE_EXIT|false
09:11:37.11 (11794782)|CUMULATIVE_LIMIT_USAGE
09:11:37.11 (11794782)|LIMIT_USAGE_FOR_NS|(default)|
  Number of SOQL queries: 0 out of 100
  Number of query rows: 0 out of 50000
  Number of SOSL queries: 0 out of 20
  Number of DML statements: 0 out of 150
  Number of DML rows: 0 out of 10000
  Maximum CPU time: 0 out of 10000
  Maximum heap size: 0 out of 6000000
  Number of callouts: 0 out of 100
  Number of Email Invocations: 0 out of 10
  Number of future calls: 0 out of 50
  Number of queueable jobs added to the queue: 0 out of 50
  Number of Mobile Apex push calls: 0 out of 10

09:11:37.11 (11794782)|LIMIT_USAGE_FOR_NS|testautonumdata|
  Number of SOQL queries: 1 out of 100
  Number of query rows: 1 out of 50000
  Number of SOSL queries: 0 out of 20
  Number of DML statements: 0 out of 150
  Number of DML rows: 0 out of 10000
  Maximum CPU time: 0 out of 10000
  Maximum heap size: 0 out of 6000000
  Number of callouts: 0 out of 100
  Number of Email Invocations: 0 out of 10
  Number of future calls: 0 out of 50
  Number of queueable jobs added to the queue: 0 out of 50
  Number of Mobile Apex push calls: 0 out of 10

09:11:37.11 (11794782)|CUMULATIVE_LIMIT_USAGE_END

09:11:37.3 (11894290)|CODE_UNIT_FINISHED|Twitter_Lightning_Controller.getRecordDetails
09:11:37.13 (13916661)|USER_INFO|[EXTERNAL]|005B0000001VpZR|rreboucas-yi5c@force.com|Pacific Standard Time|GMT-07:00
09:11:37.13 (13933044)|CODE_UNIT_STARTED|[EXTERNAL]|Aura
09:11:37.13 (14034159)|CODE_UNIT_FINISHED|Aura
