37.0 APEX_CODE,FINEST;APEX_PROFILING,INFO;CALLOUT,INFO;DB,INFO;SYSTEM,DEBUG;VALIDATION,INFO;VISUALFORCE,INFO;WORKFLOW,INFO
13:20:23.0 (630547)|USER_INFO|[EXTERNAL]|005B0000001VpZR|rreboucas-yi5c@force.com|Pacific Standard Time|GMT-07:00
13:20:23.0 (1277221)|HEAP_ALLOCATE|[72]|Bytes:3
13:20:23.0 (1349900)|HEAP_ALLOCATE|[77]|Bytes:152
13:20:23.0 (1373629)|HEAP_ALLOCATE|[342]|Bytes:408
13:20:23.0 (1393460)|HEAP_ALLOCATE|[355]|Bytes:408
13:20:23.0 (1410974)|HEAP_ALLOCATE|[467]|Bytes:48
13:20:23.3 (3758261)|USER_INFO|[EXTERNAL]|005B0000001VpZR|rreboucas-yi5c@force.com|Pacific Standard Time|GMT-07:00
13:20:23.3 (3996260)|STATEMENT_EXECUTE|[1]
13:20:23.3 (4038655)|HEAP_ALLOCATE|[50]|Bytes:5
13:20:23.3 (4069459)|HEAP_ALLOCATE|[56]|Bytes:5
13:20:23.3 (4078528)|HEAP_ALLOCATE|[64]|Bytes:7
13:20:23.3 (4115311)|SYSTEM_MODE_ENTER|false
13:20:23.3 (4137079)|HEAP_ALLOCATE|[3]|Bytes:5
13:20:23.3 (4155923)|STATEMENT_EXECUTE|[3]
13:20:23.3 (4201673)|VARIABLE_ASSIGNMENT|[3]|InterviewsLCServerController.mapObjectsFields|null|
13:20:23.3 (4213917)|SYSTEM_MODE_EXIT|false
13:20:23.3 (4228872)|METHOD_EXIT|[1]|InterviewsLCServerController
13:20:23.3 (4235046)|HEAP_ALLOCATE|[EXTERNAL]|Bytes:1
13:20:23.3 (4237582)|HEAP_ALLOCATE|[EXTERNAL]|Bytes:29
13:20:23.3 (4238930)|HEAP_ALLOCATE|[EXTERNAL]|Bytes:26
13:20:23.3 (4240143)|HEAP_ALLOCATE|[EXTERNAL]|Bytes:7
13:20:23.3 (4241433)|HEAP_ALLOCATE|[EXTERNAL]|Bytes:29
13:20:23.3 (4242715)|HEAP_ALLOCATE|[EXTERNAL]|Bytes:59
13:20:23.3 (4244313)|HEAP_ALLOCATE|[EXTERNAL]|Bytes:63
13:20:23.3 (4245571)|HEAP_ALLOCATE|[EXTERNAL]|Bytes:24
13:20:23.3 (4246760)|HEAP_ALLOCATE|[EXTERNAL]|Bytes:34
13:20:23.3 (4255196)|SYSTEM_MODE_ENTER|false
13:20:23.3 (4262300)|VARIABLE_SCOPE_BEGIN|[89]|rowsLimit|String|false|false
13:20:23.3 (4273833)|VARIABLE_ASSIGNMENT|[89]|rowsLimit|"8"
13:20:23.3 (4276359)|VARIABLE_SCOPE_BEGIN|[89]|objectApiName|String|false|false
13:20:23.3 (4282007)|VARIABLE_ASSIGNMENT|[89]|objectApiName|"testautonumdata__Int (9 more) ..."
13:20:23.3 (4284117)|VARIABLE_SCOPE_BEGIN|[89]|filter1Field|String|false|false
13:20:23.3 (4287575)|VARIABLE_ASSIGNMENT|[89]|filter1Field|"testautonumdata__Sta (6 more) ..."
13:20:23.3 (4289429)|VARIABLE_SCOPE_BEGIN|[89]|filter1Value|String|false|false
13:20:23.3 (4292114)|VARIABLE_ASSIGNMENT|[89]|filter1Value|"Pending"
13:20:23.3 (4293984)|VARIABLE_SCOPE_BEGIN|[89]|eventField|String|false|false
13:20:23.3 (4297267)|VARIABLE_ASSIGNMENT|[89]|eventField|"testautonumdata__Can (9 more) ..."
13:20:23.3 (4299368)|VARIABLE_SCOPE_BEGIN|[89]|column1|String|false|false
13:20:23.3 (4302691)|VARIABLE_ASSIGNMENT|[89]|column1|"testautonumdata__Can (39 more) ..."
13:20:23.3 (4304426)|VARIABLE_SCOPE_BEGIN|[89]|column2|String|false|false
13:20:23.3 (4307295)|VARIABLE_ASSIGNMENT|[89]|column2|"testautonumdata__Can (43 more) ..."
13:20:23.3 (4308808)|VARIABLE_SCOPE_BEGIN|[89]|column3|String|false|false
13:20:23.3 (4311665)|VARIABLE_ASSIGNMENT|[89]|column3|"testautonumdata__Dat (4 more) ..."
13:20:23.3 (4313481)|VARIABLE_SCOPE_BEGIN|[89]|column4|String|false|false
13:20:23.3 (4316536)|VARIABLE_ASSIGNMENT|[89]|column4|"testautonumdata__Int (14 more) ..."
13:20:23.3 (4331837)|HEAP_ALLOCATE|[91]|Bytes:5
13:20:23.3 (4335962)|STATEMENT_EXECUTE|[89]
13:20:23.3 (4337527)|STATEMENT_EXECUTE|[91]
13:20:23.3 (4340693)|HEAP_ALLOCATE|[91]|Bytes:20
13:20:23.3 (4357967)|HEAP_ALLOCATE|[91]|Bytes:21
13:20:23.3 (4396361)|ENTERING_MANAGED_PKG|
13:20:23.3 (4439071)|USER_DEBUG|[91]|DEBUG|######## rowsLimit: 8
13:20:23.3 (4449006)|STATEMENT_EXECUTE|[92]
13:20:23.3 (4453107)|HEAP_ALLOCATE|[92]|Bytes:24
13:20:23.3 (4459841)|HEAP_ALLOCATE|[92]|Bytes:53
13:20:23.3 (4471549)|ENTERING_MANAGED_PKG|
13:20:23.3 (4490532)|USER_DEBUG|[92]|DEBUG|######## objectApiName: testautonumdata__Interview__c
13:20:23.3 (4498155)|STATEMENT_EXECUTE|[95]
13:20:23.3 (4505935)|HEAP_ALLOCATE|[95]|Bytes:4
13:20:23.3 (4549178)|VARIABLE_ASSIGNMENT|[95]|InterviewsLCServerController.mapObjectsFields|{"s":1,"v":{}}|0x2d3e3ae
13:20:23.3 (4553212)|STATEMENT_EXECUTE|[97]
13:20:23.3 (4556701)|HEAP_ALLOCATE|[97]|Bytes:2
13:20:23.3 (4570262)|METHOD_ENTRY|[97]|01pB0000000lA1s|testautonumdata.InterviewsLCServerController.AddFieldToObjectsMap(String, String)
13:20:23.3 (4589980)|VARIABLE_SCOPE_BEGIN|[21]|fieldName|String|false|false
13:20:23.3 (4596303)|VARIABLE_ASSIGNMENT|[21]|fieldName|"Id"
13:20:23.3 (4598543)|VARIABLE_SCOPE_BEGIN|[21]|initialObjectName|String|false|false
13:20:23.3 (4602782)|VARIABLE_ASSIGNMENT|[21]|initialObjectName|"testautonumdata__Int (9 more) ..."
13:20:23.3 (4610391)|HEAP_ALLOCATE|[23]|Bytes:5
13:20:23.3 (4613791)|STATEMENT_EXECUTE|[22]
13:20:23.3 (4616238)|HEAP_ALLOCATE|[23]|Bytes:1
13:20:23.3 (4639978)|ENTERING_MANAGED_PKG|
13:20:23.3 (4677876)|STATEMENT_EXECUTE|[64]
13:20:23.3 (4688063)|METHOD_ENTRY|[64]|01pB0000000lA1s|testautonumdata.InterviewsLCServerController.AddFieldToMap(String, String)
13:20:23.3 (4704287)|VARIABLE_SCOPE_BEGIN|[68]|fieldName|String|false|false
13:20:23.3 (4710497)|VARIABLE_ASSIGNMENT|[68]|fieldName|"Id"
13:20:23.3 (4712704)|VARIABLE_SCOPE_BEGIN|[68]|ObjectName|String|false|false
13:20:23.3 (4716880)|VARIABLE_ASSIGNMENT|[68]|ObjectName|"testautonumdata__Int (9 more) ..."
13:20:23.3 (4724322)|HEAP_ALLOCATE|[71]|Bytes:5
13:20:23.3 (4727413)|STATEMENT_EXECUTE|[69]
13:20:23.3 (4748693)|ENTERING_MANAGED_PKG|
13:20:23.3 (4787139)|STATEMENT_EXECUTE|[78]
13:20:23.3 (4789206)|STATEMENT_EXECUTE|[79]
13:20:23.3 (4848859)|HEAP_ALLOCATE|[79]|Bytes:4
13:20:23.3 (4876294)|ENTERING_MANAGED_PKG|
13:20:23.3 (4913617)|VARIABLE_SCOPE_BEGIN|[79]|newFieldSet|Set<String>|true|false
13:20:23.3 (4963026)|VARIABLE_ASSIGNMENT|[79]|newFieldSet|{"s":1,"v":[]}|0x54c9a6b
13:20:23.3 (4967053)|STATEMENT_EXECUTE|[80]
13:20:23.3 (4983350)|ENTERING_MANAGED_PKG|
13:20:23.3 (5015386)|HEAP_ALLOCATE|[EXTERNAL]|Bytes:4
13:20:23.3 (5025996)|STATEMENT_EXECUTE|[81]
13:20:23.3 (5041094)|ENTERING_MANAGED_PKG|
13:20:23.3 (5075318)|HEAP_ALLOCATE|[EXTERNAL]|Bytes:-4
13:20:23.3 (5095220)|METHOD_EXIT|[64]|01pB0000000lA1s|testautonumdata.InterviewsLCServerController.AddFieldToMap(String, String)
13:20:23.3 (5102330)|METHOD_EXIT|[97]|01pB0000000lA1s|testautonumdata.InterviewsLCServerController.AddFieldToObjectsMap(String, String)
13:20:23.3 (5105595)|STATEMENT_EXECUTE|[99]
13:20:23.3 (5137981)|HEAP_ALLOCATE|[99]|Bytes:4
13:20:23.3 (5226029)|ENTERING_MANAGED_PKG|
13:20:23.3 (5252478)|VARIABLE_SCOPE_BEGIN|[99]|lstReturnRecords|List<testautonumdata.InterviewsLCServerController>|true|false
13:20:23.3 (5287952)|HEAP_ALLOCATE|[EXTERNAL]|Bytes:4
13:20:23.3 (5303086)|VARIABLE_ASSIGNMENT|[99]|lstReturnRecords|{"s":1,"v":[]}|0x68f2d071
13:20:23.3 (5306643)|STATEMENT_EXECUTE|[101]
13:20:23.3 (5334224)|ENTERING_MANAGED_PKG|
13:20:23.3 (5367043)|VARIABLE_SCOPE_BEGIN|[101]|rLimit|Integer|false|false
13:20:23.3 (5372071)|HEAP_ALLOCATE|[101]|Bytes:4
13:20:23.3 (5378541)|VARIABLE_ASSIGNMENT|[101]|rLimit|8
13:20:23.3 (5380904)|STATEMENT_EXECUTE|[102]
13:20:23.3 (5384463)|HEAP_ALLOCATE|[102]|Bytes:17
13:20:23.3 (5404189)|ENTERING_MANAGED_PKG|
13:20:23.3 (5431063)|HEAP_ALLOCATE|[102]|Bytes:1
13:20:23.3 (5446211)|HEAP_ALLOCATE|[102]|Bytes:18
13:20:23.3 (5459847)|ENTERING_MANAGED_PKG|
13:20:23.3 (5467123)|USER_DEBUG|[102]|DEBUG|######## rLimit: 8
13:20:23.3 (5473410)|STATEMENT_EXECUTE|[106]
13:20:23.3 (5476833)|HEAP_ALLOCATE|[106]|Bytes:9
13:20:23.3 (5481123)|VARIABLE_SCOPE_BEGIN|[106]|soql|String|false|false
13:20:23.3 (5489541)|VARIABLE_ASSIGNMENT|[106]|soql|"Select id"
13:20:23.3 (5493517)|STATEMENT_EXECUTE|[109]
13:20:23.3 (5494625)|STATEMENT_EXECUTE|[110]
13:20:23.3 (5499994)|HEAP_ALLOCATE|[110]|Bytes:2
13:20:23.3 (5520524)|ENTERING_MANAGED_PKG|
13:20:23.3 (5547530)|HEAP_ALLOCATE|[110]|Bytes:29
13:20:23.3 (5563386)|HEAP_ALLOCATE|[110]|Bytes:31
13:20:23.3 (5567558)|HEAP_ALLOCATE|[110]|Bytes:40
13:20:23.3 (5575804)|VARIABLE_ASSIGNMENT|[110]|soql|"Select id, testauton (20 more) ..."
13:20:23.3 (5578335)|STATEMENT_EXECUTE|[111]
13:20:23.3 (5585251)|METHOD_ENTRY|[111]|01pB0000000lA1s|testautonumdata.InterviewsLCServerController.AddFieldToObjectsMap(String, String)
13:20:23.3 (5602556)|VARIABLE_SCOPE_BEGIN|[21]|fieldName|String|false|false
13:20:23.3 (5608872)|VARIABLE_ASSIGNMENT|[21]|fieldName|"testautonumdata__Can (9 more) ..."
13:20:23.3 (5610807)|VARIABLE_SCOPE_BEGIN|[21]|initialObjectName|String|false|false
13:20:23.3 (5614367)|VARIABLE_ASSIGNMENT|[21]|initialObjectName|"testautonumdata__Int (9 more) ..."
13:20:23.3 (5621433)|HEAP_ALLOCATE|[23]|Bytes:5
13:20:23.3 (5624469)|STATEMENT_EXECUTE|[22]
13:20:23.3 (5639324)|ENTERING_MANAGED_PKG|
13:20:23.3 (5648454)|STATEMENT_EXECUTE|[64]
13:20:23.3 (5654118)|METHOD_ENTRY|[64]|01pB0000000lA1s|testautonumdata.InterviewsLCServerController.AddFieldToMap(String, String)
13:20:23.3 (5658174)|VARIABLE_SCOPE_BEGIN|[68]|fieldName|String|false|false
13:20:23.3 (5664251)|VARIABLE_ASSIGNMENT|[68]|fieldName|"testautonumdata__Can (9 more) ..."
13:20:23.3 (5666054)|VARIABLE_SCOPE_BEGIN|[68]|ObjectName|String|false|false
13:20:23.3 (5669188)|VARIABLE_ASSIGNMENT|[68]|ObjectName|"testautonumdata__Int (9 more) ..."
13:20:23.3 (5674472)|HEAP_ALLOCATE|[71]|Bytes:5
13:20:23.3 (5676960)|STATEMENT_EXECUTE|[69]
13:20:23.3 (5686465)|ENTERING_MANAGED_PKG|
13:20:23.3 (5693724)|STATEMENT_EXECUTE|[72]
13:20:23.3 (5695173)|STATEMENT_EXECUTE|[73]
13:20:23.3 (5703760)|ENTERING_MANAGED_PKG|
13:20:23.3 (5754529)|VARIABLE_SCOPE_BEGIN|[73]|existingFieldSet|Set<String>|true|false
13:20:23.3 (5774285)|VARIABLE_ASSIGNMENT|[73]|existingFieldSet|{"s":1,"v":["Id"]}|0x54c9a6b
13:20:23.3 (5778121)|STATEMENT_EXECUTE|[74]
13:20:23.3 (5791772)|ENTERING_MANAGED_PKG|
13:20:23.3 (5820040)|HEAP_ALLOCATE|[EXTERNAL]|Bytes:4
13:20:23.3 (5829079)|STATEMENT_EXECUTE|[75]
13:20:23.3 (5841876)|ENTERING_MANAGED_PKG|
13:20:23.3 (5885379)|METHOD_EXIT|[64]|01pB0000000lA1s|testautonumdata.InterviewsLCServerController.AddFieldToMap(String, String)
13:20:23.3 (5892259)|METHOD_EXIT|[111]|01pB0000000lA1s|testautonumdata.InterviewsLCServerController.AddFieldToObjectsMap(String, String)
13:20:23.3 (5895819)|STATEMENT_EXECUTE|[115]
13:20:23.3 (5897084)|STATEMENT_EXECUTE|[116]
13:20:23.3 (5912826)|ENTERING_MANAGED_PKG|
13:20:23.3 (5936506)|HEAP_ALLOCATE|[116]|Bytes:59
13:20:23.3 (5953122)|HEAP_ALLOCATE|[116]|Bytes:61
13:20:23.3 (5957539)|HEAP_ALLOCATE|[116]|Bytes:101
13:20:23.3 (5966024)|VARIABLE_ASSIGNMENT|[116]|soql|"Select id, testauton (81 more) ..."
13:20:23.3 (5968499)|STATEMENT_EXECUTE|[117]
13:20:23.3 (5974965)|METHOD_ENTRY|[117]|01pB0000000lA1s|testautonumdata.InterviewsLCServerController.AddFieldToObjectsMap(String, String)
13:20:23.3 (5991759)|VARIABLE_SCOPE_BEGIN|[21]|fieldName|String|false|false
13:20:23.3 (5998187)|VARIABLE_ASSIGNMENT|[21]|fieldName|"testautonumdata__Can (39 more) ..."
13:20:23.3 (6000095)|VARIABLE_SCOPE_BEGIN|[21]|initialObjectName|String|false|false
13:20:23.3 (6004389)|VARIABLE_ASSIGNMENT|[21]|initialObjectName|"testautonumdata__Int (9 more) ..."
13:20:23.3 (6011612)|HEAP_ALLOCATE|[23]|Bytes:5
13:20:23.3 (6014624)|STATEMENT_EXECUTE|[22]
13:20:23.3 (6029451)|ENTERING_MANAGED_PKG|
13:20:23.3 (6038676)|STATEMENT_EXECUTE|[24]
13:20:23.3 (6040305)|STATEMENT_EXECUTE|[25]
13:20:23.3 (6055186)|ENTERING_MANAGED_PKG|
13:20:23.3 (6077089)|HEAP_ALLOCATE|[25]|Bytes:29
13:20:23.3 (6094666)|VARIABLE_SCOPE_BEGIN|[25]|relName1|String|false|false
13:20:23.3 (6103134)|VARIABLE_ASSIGNMENT|[25]|relName1|"testautonumdata__Can (9 more) ..."
13:20:23.3 (6105768)|STATEMENT_EXECUTE|[26]
13:20:23.3 (6123494)|ENTERING_MANAGED_PKG|
13:20:23.3 (6144888)|HEAP_ALLOCATE|[26]|Bytes:29
13:20:23.3 (6156985)|VARIABLE_SCOPE_BEGIN|[26]|relField1|String|false|false
13:20:23.3 (6164137)|VARIABLE_ASSIGNMENT|[26]|relField1|"testautonumdata__Ful (9 more) ..."
13:20:23.3 (6177108)|ENTERING_MANAGED_PKG|
13:20:23.3 (6203886)|STATEMENT_EXECUTE|[46]
13:20:23.3 (6208266)|HEAP_ALLOCATE|[48]|Bytes:3
13:20:23.3 (6220829)|ENTERING_MANAGED_PKG|
13:20:23.3 (6247374)|STATEMENT_EXECUTE|[49]
13:20:23.3 (6249585)|STATEMENT_EXECUTE|[51]
13:20:23.3 (6253007)|HEAP_ALLOCATE|[51]|Bytes:3
13:20:23.3 (6270299)|ENTERING_MANAGED_PKG|
13:20:23.3 (6300774)|HEAP_ALLOCATE|[51]|Bytes:29
13:20:23.3 (6313382)|VARIABLE_SCOPE_BEGIN|[51]|objectName1|String|false|false
13:20:23.3 (6321195)|VARIABLE_ASSIGNMENT|[51]|objectName1|"testautonumdata__Can (9 more) ..."
13:20:23.3 (6323639)|STATEMENT_EXECUTE|[52]
13:20:23.3 (6330609)|METHOD_ENTRY|[52]|01pB0000000lA1s|testautonumdata.InterviewsLCServerController.AddFieldToMap(String, String)
13:20:23.3 (6346346)|VARIABLE_SCOPE_BEGIN|[68]|fieldName|String|false|false
13:20:23.3 (6352379)|VARIABLE_ASSIGNMENT|[68]|fieldName|"testautonumdata__Ful (9 more) ..."
13:20:23.3 (6354222)|VARIABLE_SCOPE_BEGIN|[68]|ObjectName|String|false|false
13:20:23.3 (6357352)|VARIABLE_ASSIGNMENT|[68]|ObjectName|"testautonumdata__Can (9 more) ..."
13:20:23.3 (6363953)|HEAP_ALLOCATE|[71]|Bytes:5
13:20:23.3 (6366787)|STATEMENT_EXECUTE|[69]
13:20:23.3 (6377830)|ENTERING_MANAGED_PKG|
13:20:23.3 (6385078)|STATEMENT_EXECUTE|[78]
13:20:23.3 (6386508)|STATEMENT_EXECUTE|[79]
13:20:23.3 (6390349)|HEAP_ALLOCATE|[79]|Bytes:4
13:20:23.3 (6401574)|ENTERING_MANAGED_PKG|
13:20:23.3 (6409032)|VARIABLE_SCOPE_BEGIN|[79]|newFieldSet|Set<String>|true|false
13:20:23.3 (6427708)|VARIABLE_ASSIGNMENT|[79]|newFieldSet|{"s":1,"v":[]}|0xdd72729
13:20:23.3 (6431056)|STATEMENT_EXECUTE|[80]
13:20:23.3 (6440697)|ENTERING_MANAGED_PKG|
13:20:23.3 (6446947)|HEAP_ALLOCATE|[EXTERNAL]|Bytes:4
13:20:23.3 (6453749)|STATEMENT_EXECUTE|[81]
13:20:23.3 (6460961)|ENTERING_MANAGED_PKG|
13:20:23.3 (6468943)|HEAP_ALLOCATE|[EXTERNAL]|Bytes:-4
13:20:23.3 (6480425)|METHOD_EXIT|[52]|01pB0000000lA1s|testautonumdata.InterviewsLCServerController.AddFieldToMap(String, String)
13:20:23.3 (6486904)|METHOD_EXIT|[117]|01pB0000000lA1s|testautonumdata.InterviewsLCServerController.AddFieldToObjectsMap(String, String)
13:20:23.3 (6490458)|STATEMENT_EXECUTE|[120]
13:20:23.3 (6491711)|STATEMENT_EXECUTE|[121]
13:20:23.3 (6505962)|ENTERING_MANAGED_PKG|
13:20:23.3 (6530219)|HEAP_ALLOCATE|[121]|Bytes:63
13:20:23.3 (6545919)|HEAP_ALLOCATE|[121]|Bytes:65
13:20:23.3 (6550428)|HEAP_ALLOCATE|[121]|Bytes:166
13:20:23.3 (6559026)|VARIABLE_ASSIGNMENT|[121]|soql|"Select id, testauton (146 more) ..."
13:20:23.3 (6561705)|STATEMENT_EXECUTE|[122]
13:20:23.3 (6568214)|METHOD_ENTRY|[122]|01pB0000000lA1s|testautonumdata.InterviewsLCServerController.AddFieldToObjectsMap(String, String)
13:20:23.3 (6585018)|VARIABLE_SCOPE_BEGIN|[21]|fieldName|String|false|false
13:20:23.3 (6591494)|VARIABLE_ASSIGNMENT|[21]|fieldName|"testautonumdata__Can (43 more) ..."
13:20:23.3 (6593655)|VARIABLE_SCOPE_BEGIN|[21]|initialObjectName|String|false|false
13:20:23.3 (6596965)|VARIABLE_ASSIGNMENT|[21]|initialObjectName|"testautonumdata__Int (9 more) ..."
13:20:23.3 (6603906)|HEAP_ALLOCATE|[23]|Bytes:5
13:20:23.3 (6606945)|STATEMENT_EXECUTE|[22]
13:20:23.3 (6621544)|ENTERING_MANAGED_PKG|
13:20:23.3 (6630907)|STATEMENT_EXECUTE|[24]
13:20:23.3 (6632429)|STATEMENT_EXECUTE|[25]
13:20:23.3 (6640923)|ENTERING_MANAGED_PKG|
13:20:23.3 (6644597)|HEAP_ALLOCATE|[25]|Bytes:29
13:20:23.3 (6653180)|VARIABLE_SCOPE_BEGIN|[25]|relName1|String|false|false
13:20:23.3 (6659817)|VARIABLE_ASSIGNMENT|[25]|relName1|"testautonumdata__Can (9 more) ..."
13:20:23.3 (6661959)|STATEMENT_EXECUTE|[26]
13:20:23.3 (6671609)|ENTERING_MANAGED_PKG|
13:20:23.3 (6675142)|HEAP_ALLOCATE|[26]|Bytes:33
13:20:23.3 (6683408)|VARIABLE_SCOPE_BEGIN|[26]|relField1|String|false|false
13:20:23.3 (6689298)|VARIABLE_ASSIGNMENT|[26]|relField1|"testautonumdata__Pos (13 more) ..."
13:20:23.3 (6699319)|ENTERING_MANAGED_PKG|
13:20:23.3 (6707436)|STATEMENT_EXECUTE|[28]
13:20:23.3 (6709080)|STATEMENT_EXECUTE|[29]
13:20:23.3 (6718458)|ENTERING_MANAGED_PKG|
13:20:23.3 (6738926)|HEAP_ALLOCATE|[29]|Bytes:28
13:20:23.3 (6750841)|VARIABLE_SCOPE_BEGIN|[29]|relName2|String|false|false
13:20:23.3 (6758072)|VARIABLE_ASSIGNMENT|[29]|relName2|"testautonumdata__Pos (8 more) ..."
13:20:23.3 (6760284)|STATEMENT_EXECUTE|[30]
13:20:23.3 (6773392)|ENTERING_MANAGED_PKG|
13:20:23.3 (6792839)|HEAP_ALLOCATE|[30]|Bytes:4
13:20:23.3 (6804485)|VARIABLE_SCOPE_BEGIN|[30]|relField2|String|false|false
13:20:23.3 (6810573)|VARIABLE_ASSIGNMENT|[30]|relField2|"Name"
13:20:23.3 (6823406)|ENTERING_MANAGED_PKG|
13:20:23.3 (6853454)|STATEMENT_EXECUTE|[34]
13:20:23.3 (6855749)|STATEMENT_EXECUTE|[36]
13:20:23.3 (6868095)|ENTERING_MANAGED_PKG|
13:20:23.3 (6892406)|HEAP_ALLOCATE|[36]|Bytes:28
13:20:23.3 (6904947)|VARIABLE_SCOPE_BEGIN|[36]|objectName2|String|false|false
13:20:23.3 (6912467)|VARIABLE_ASSIGNMENT|[36]|objectName2|"testautonumdata__Pos (8 more) ..."
13:20:23.3 (6915120)|STATEMENT_EXECUTE|[37]
13:20:23.3 (6921955)|METHOD_ENTRY|[37]|01pB0000000lA1s|testautonumdata.InterviewsLCServerController.AddFieldToMap(String, String)
13:20:23.3 (6937562)|VARIABLE_SCOPE_BEGIN|[68]|fieldName|String|false|false
13:20:23.3 (6942538)|VARIABLE_ASSIGNMENT|[68]|fieldName|"Name"
13:20:23.3 (6944359)|VARIABLE_SCOPE_BEGIN|[68]|ObjectName|String|false|false
13:20:23.3 (6947841)|VARIABLE_ASSIGNMENT|[68]|ObjectName|"testautonumdata__Pos (8 more) ..."
13:20:23.3 (6954431)|HEAP_ALLOCATE|[71]|Bytes:5
13:20:23.3 (6957250)|STATEMENT_EXECUTE|[69]
13:20:23.3 (6968188)|ENTERING_MANAGED_PKG|
13:20:23.3 (6975554)|STATEMENT_EXECUTE|[78]
13:20:23.3 (6976949)|STATEMENT_EXECUTE|[79]
13:20:23.3 (6980759)|HEAP_ALLOCATE|[79]|Bytes:4
13:20:23.3 (6991552)|ENTERING_MANAGED_PKG|
13:20:23.3 (6998991)|VARIABLE_SCOPE_BEGIN|[79]|newFieldSet|Set<String>|true|false
13:20:23.3 (7017577)|VARIABLE_ASSIGNMENT|[79]|newFieldSet|{"s":1,"v":[]}|0x6ca96b3a
13:20:23.3 (7021532)|STATEMENT_EXECUTE|[80]
13:20:23.3 (7031072)|ENTERING_MANAGED_PKG|
13:20:23.3 (7037333)|HEAP_ALLOCATE|[EXTERNAL]|Bytes:4
13:20:23.3 (7044536)|STATEMENT_EXECUTE|[81]
13:20:23.3 (7051837)|ENTERING_MANAGED_PKG|
13:20:23.3 (7059899)|HEAP_ALLOCATE|[EXTERNAL]|Bytes:-4
13:20:23.3 (7071095)|METHOD_EXIT|[37]|01pB0000000lA1s|testautonumdata.InterviewsLCServerController.AddFieldToMap(String, String)
13:20:23.3 (7077279)|METHOD_EXIT|[122]|01pB0000000lA1s|testautonumdata.InterviewsLCServerController.AddFieldToObjectsMap(String, String)
13:20:23.3 (7080821)|STATEMENT_EXECUTE|[125]
13:20:23.3 (7082114)|STATEMENT_EXECUTE|[126]
13:20:23.3 (7110058)|ENTERING_MANAGED_PKG|
13:20:23.3 (7134499)|HEAP_ALLOCATE|[126]|Bytes:24
13:20:23.3 (7150204)|HEAP_ALLOCATE|[126]|Bytes:26
13:20:23.3 (7154713)|HEAP_ALLOCATE|[126]|Bytes:192
13:20:23.3 (7163255)|VARIABLE_ASSIGNMENT|[126]|soql|"Select id, testauton (172 more) ..."
13:20:23.3 (7165712)|STATEMENT_EXECUTE|[127]
13:20:23.3 (7172285)|METHOD_ENTRY|[127]|01pB0000000lA1s|testautonumdata.InterviewsLCServerController.AddFieldToObjectsMap(String, String)
13:20:23.3 (7188825)|VARIABLE_SCOPE_BEGIN|[21]|fieldName|String|false|false
13:20:23.3 (7195160)|VARIABLE_ASSIGNMENT|[21]|fieldName|"testautonumdata__Dat (4 more) ..."
13:20:23.3 (7197058)|VARIABLE_SCOPE_BEGIN|[21]|initialObjectName|String|false|false
13:20:23.3 (7200341)|VARIABLE_ASSIGNMENT|[21]|initialObjectName|"testautonumdata__Int (9 more) ..."
13:20:23.3 (7207040)|HEAP_ALLOCATE|[23]|Bytes:5
13:20:23.3 (7210039)|STATEMENT_EXECUTE|[22]
13:20:23.3 (7224648)|ENTERING_MANAGED_PKG|
13:20:23.3 (7233890)|STATEMENT_EXECUTE|[64]
13:20:23.3 (7239651)|METHOD_ENTRY|[64]|01pB0000000lA1s|testautonumdata.InterviewsLCServerController.AddFieldToMap(String, String)
13:20:23.3 (7243200)|VARIABLE_SCOPE_BEGIN|[68]|fieldName|String|false|false
13:20:23.3 (7249125)|VARIABLE_ASSIGNMENT|[68]|fieldName|"testautonumdata__Dat (4 more) ..."
13:20:23.3 (7250757)|VARIABLE_SCOPE_BEGIN|[68]|ObjectName|String|false|false
13:20:23.3 (7253806)|VARIABLE_ASSIGNMENT|[68]|ObjectName|"testautonumdata__Int (9 more) ..."
13:20:23.3 (7259138)|HEAP_ALLOCATE|[71]|Bytes:5
13:20:23.3 (7261578)|STATEMENT_EXECUTE|[69]
13:20:23.3 (7270760)|ENTERING_MANAGED_PKG|
13:20:23.3 (7277704)|STATEMENT_EXECUTE|[72]
13:20:23.3 (7279082)|STATEMENT_EXECUTE|[73]
13:20:23.3 (7284483)|ENTERING_MANAGED_PKG|
13:20:23.3 (7295550)|VARIABLE_SCOPE_BEGIN|[73]|existingFieldSet|Set<String>|true|false
13:20:23.3 (7311406)|VARIABLE_ASSIGNMENT|[73]|existingFieldSet|{"s":1,"v":["Id","testautonumdata__Can (9 more) ..."]}|0x54c9a6b
13:20:23.3 (7314696)|STATEMENT_EXECUTE|[74]
13:20:23.3 (7323478)|ENTERING_MANAGED_PKG|
13:20:23.3 (7329610)|HEAP_ALLOCATE|[EXTERNAL]|Bytes:4
13:20:23.3 (7336630)|STATEMENT_EXECUTE|[75]
13:20:23.3 (7343939)|ENTERING_MANAGED_PKG|
13:20:23.3 (7363488)|METHOD_EXIT|[64]|01pB0000000lA1s|testautonumdata.InterviewsLCServerController.AddFieldToMap(String, String)
13:20:23.3 (7369538)|METHOD_EXIT|[127]|01pB0000000lA1s|testautonumdata.InterviewsLCServerController.AddFieldToObjectsMap(String, String)
13:20:23.3 (7373228)|STATEMENT_EXECUTE|[130]
13:20:23.3 (7374483)|STATEMENT_EXECUTE|[131]
13:20:23.3 (7389099)|ENTERING_MANAGED_PKG|
13:20:23.3 (7412856)|HEAP_ALLOCATE|[131]|Bytes:34
13:20:23.3 (7428683)|HEAP_ALLOCATE|[131]|Bytes:36
13:20:23.3 (7433458)|HEAP_ALLOCATE|[131]|Bytes:228
13:20:23.3 (7441648)|VARIABLE_ASSIGNMENT|[131]|soql|"Select id, testauton (208 more) ..."
13:20:23.3 (7444099)|STATEMENT_EXECUTE|[132]
13:20:23.3 (7450449)|METHOD_ENTRY|[132]|01pB0000000lA1s|testautonumdata.InterviewsLCServerController.AddFieldToObjectsMap(String, String)
13:20:23.3 (7466521)|VARIABLE_SCOPE_BEGIN|[21]|fieldName|String|false|false
13:20:23.3 (7472884)|VARIABLE_ASSIGNMENT|[21]|fieldName|"testautonumdata__Int (14 more) ..."
13:20:23.3 (7474818)|VARIABLE_SCOPE_BEGIN|[21]|initialObjectName|String|false|false
13:20:23.3 (7478024)|VARIABLE_ASSIGNMENT|[21]|initialObjectName|"testautonumdata__Int (9 more) ..."
13:20:23.3 (7484696)|HEAP_ALLOCATE|[23]|Bytes:5
13:20:23.3 (7487570)|STATEMENT_EXECUTE|[22]
13:20:23.3 (7501924)|ENTERING_MANAGED_PKG|
13:20:23.3 (7510989)|STATEMENT_EXECUTE|[64]
13:20:23.3 (7516827)|METHOD_ENTRY|[64]|01pB0000000lA1s|testautonumdata.InterviewsLCServerController.AddFieldToMap(String, String)
13:20:23.3 (7520405)|VARIABLE_SCOPE_BEGIN|[68]|fieldName|String|false|false
13:20:23.3 (7526108)|VARIABLE_ASSIGNMENT|[68]|fieldName|"testautonumdata__Int (14 more) ..."
13:20:23.3 (7527820)|VARIABLE_SCOPE_BEGIN|[68]|ObjectName|String|false|false
13:20:23.3 (7530861)|VARIABLE_ASSIGNMENT|[68]|ObjectName|"testautonumdata__Int (9 more) ..."
13:20:23.3 (7535899)|HEAP_ALLOCATE|[71]|Bytes:5
13:20:23.3 (7538377)|STATEMENT_EXECUTE|[69]
13:20:23.3 (7547313)|ENTERING_MANAGED_PKG|
13:20:23.3 (7554056)|STATEMENT_EXECUTE|[72]
13:20:23.3 (7555429)|STATEMENT_EXECUTE|[73]
13:20:23.3 (7560970)|ENTERING_MANAGED_PKG|
13:20:23.3 (7571316)|VARIABLE_SCOPE_BEGIN|[73]|existingFieldSet|Set<String>|true|false
13:20:23.3 (7587716)|VARIABLE_ASSIGNMENT|[73]|existingFieldSet|{"s":1,"v":["Id","testautonumdata__Can (9 more) ...","testautonumdata__Dat (4 more) ..."]}|0x54c9a6b
13:20:23.3 (7591114)|STATEMENT_EXECUTE|[74]
13:20:23.3 (7599989)|ENTERING_MANAGED_PKG|
13:20:23.3 (7606046)|HEAP_ALLOCATE|[EXTERNAL]|Bytes:4
13:20:23.3 (7612929)|STATEMENT_EXECUTE|[75]
13:20:23.3 (7620217)|ENTERING_MANAGED_PKG|
13:20:23.3 (7639515)|METHOD_EXIT|[64]|01pB0000000lA1s|testautonumdata.InterviewsLCServerController.AddFieldToMap(String, String)
13:20:23.3 (7645415)|METHOD_EXIT|[132]|01pB0000000lA1s|testautonumdata.InterviewsLCServerController.AddFieldToObjectsMap(String, String)
13:20:23.3 (7648595)|STATEMENT_EXECUTE|[135]
13:20:23.3 (7652463)|HEAP_ALLOCATE|[135]|Bytes:6
13:20:23.3 (7667369)|ENTERING_MANAGED_PKG|
13:20:23.3 (7690694)|HEAP_ALLOCATE|[135]|Bytes:29
13:20:23.3 (7706269)|HEAP_ALLOCATE|[135]|Bytes:35
13:20:23.3 (7710450)|HEAP_ALLOCATE|[135]|Bytes:263
13:20:23.3 (7718455)|VARIABLE_ASSIGNMENT|[135]|soql|"Select id, testauton (243 more) ..."
13:20:23.3 (7726263)|STATEMENT_EXECUTE|[139]
13:20:23.3 (7727601)|STATEMENT_EXECUTE|[140]
13:20:23.3 (7730942)|HEAP_ALLOCATE|[140]|Bytes:7
13:20:23.3 (7744956)|ENTERING_MANAGED_PKG|
13:20:23.3 (7767144)|HEAP_ALLOCATE|[140]|Bytes:26
13:20:23.3 (7780061)|HEAP_ALLOCATE|[140]|Bytes:4
13:20:23.3 (7792425)|ENTERING_MANAGED_PKG|
13:20:23.3 (7797945)|HEAP_ALLOCATE|[140]|Bytes:7
13:20:23.3 (7807226)|HEAP_ALLOCATE|[140]|Bytes:1
13:20:23.3 (7820781)|HEAP_ALLOCATE|[140]|Bytes:45
13:20:23.3 (7825396)|HEAP_ALLOCATE|[140]|Bytes:308
13:20:23.3 (7833415)|VARIABLE_ASSIGNMENT|[140]|soql|"Select id, testauton (288 more) ..."
13:20:23.3 (7835958)|STATEMENT_EXECUTE|[141]
13:20:23.3 (7842677)|METHOD_ENTRY|[141]|01pB0000000lA1s|testautonumdata.InterviewsLCServerController.AddFieldToObjectsMap(String, String)
13:20:23.3 (7858765)|VARIABLE_SCOPE_BEGIN|[21]|fieldName|String|false|false
13:20:23.3 (7865214)|VARIABLE_ASSIGNMENT|[21]|fieldName|"testautonumdata__Sta (6 more) ..."
13:20:23.3 (7867126)|VARIABLE_SCOPE_BEGIN|[21]|initialObjectName|String|false|false
13:20:23.3 (7870305)|VARIABLE_ASSIGNMENT|[21]|initialObjectName|"testautonumdata__Int (9 more) ..."
13:20:23.3 (7876505)|HEAP_ALLOCATE|[23]|Bytes:5
13:20:23.3 (7879387)|STATEMENT_EXECUTE|[22]
13:20:23.3 (7896356)|ENTERING_MANAGED_PKG|
13:20:23.3 (7905489)|STATEMENT_EXECUTE|[64]
13:20:23.3 (7911045)|METHOD_ENTRY|[64]|01pB0000000lA1s|testautonumdata.InterviewsLCServerController.AddFieldToMap(String, String)
13:20:23.3 (7914682)|VARIABLE_SCOPE_BEGIN|[68]|fieldName|String|false|false
13:20:23.3 (7920459)|VARIABLE_ASSIGNMENT|[68]|fieldName|"testautonumdata__Sta (6 more) ..."
13:20:23.3 (7922168)|VARIABLE_SCOPE_BEGIN|[68]|ObjectName|String|false|false
13:20:23.3 (7925197)|VARIABLE_ASSIGNMENT|[68]|ObjectName|"testautonumdata__Int (9 more) ..."
13:20:23.3 (7930296)|HEAP_ALLOCATE|[71]|Bytes:5
13:20:23.3 (7932714)|STATEMENT_EXECUTE|[69]
13:20:23.3 (7941992)|ENTERING_MANAGED_PKG|
13:20:23.3 (7948943)|STATEMENT_EXECUTE|[72]
13:20:23.3 (7950279)|STATEMENT_EXECUTE|[73]
13:20:23.3 (7955631)|ENTERING_MANAGED_PKG|
13:20:23.3 (7966028)|VARIABLE_SCOPE_BEGIN|[73]|existingFieldSet|Set<String>|true|false
13:20:23.3 (7982909)|VARIABLE_ASSIGNMENT|[73]|existingFieldSet|{"s":1,"v":["Id","testautonumdata__Can (9 more) ...","testautonumdata__Dat (4 more) ...","testautonumdata__Int (14 more) ..."]}|0x54c9a6b
13:20:23.3 (7986195)|STATEMENT_EXECUTE|[74]
13:20:23.3 (7995027)|ENTERING_MANAGED_PKG|
13:20:23.3 (8001151)|HEAP_ALLOCATE|[EXTERNAL]|Bytes:4
13:20:23.3 (8008869)|STATEMENT_EXECUTE|[75]
13:20:23.3 (8016100)|ENTERING_MANAGED_PKG|
13:20:23.3 (8035763)|METHOD_EXIT|[64]|01pB0000000lA1s|testautonumdata.InterviewsLCServerController.AddFieldToMap(String, String)
13:20:23.3 (8041829)|METHOD_EXIT|[141]|01pB0000000lA1s|testautonumdata.InterviewsLCServerController.AddFieldToObjectsMap(String, String)
13:20:23.3 (8045050)|STATEMENT_EXECUTE|[144]
13:20:23.3 (8049248)|HEAP_ALLOCATE|[144]|Bytes:7
13:20:23.3 (8064181)|ENTERING_MANAGED_PKG|
13:20:23.3 (8092306)|HEAP_ALLOCATE|[144]|Bytes:1
13:20:23.3 (8108809)|HEAP_ALLOCATE|[144]|Bytes:8
13:20:23.3 (8113068)|HEAP_ALLOCATE|[144]|Bytes:316
13:20:23.3 (8121397)|VARIABLE_ASSIGNMENT|[144]|soql|"Select id, testauton (296 more) ..."
13:20:23.3 (8124146)|STATEMENT_EXECUTE|[148]
13:20:23.3 (8126876)|HEAP_ALLOCATE|[148]|Bytes:15
13:20:23.3 (8131552)|HEAP_ALLOCATE|[148]|Bytes:331
13:20:23.3 (8145521)|ENTERING_MANAGED_PKG|
13:20:23.3 (8167216)|USER_DEBUG|[148]|DEBUG|######## soql: Select id, testautonumdata__Candidate__c, testautonumdata__Candidate__r.testautonumdata__Full_Name__c, testautonumdata__Candidate__r.testautonumdata__Position__r.Name, testautonumdata__Date__c, testautonumdata__Interview_Type__c FROM testautonumdata__Interview__c where testautonumdata__Status__c = 'Pending' limit 8
13:20:23.3 (8186338)|ENTERING_MANAGED_PKG|
13:20:23.3 (8216470)|STATEMENT_EXECUTE|[156]
13:20:23.3 (8218452)|STATEMENT_EXECUTE|[157]
13:20:23.3 (8221655)|HEAP_ALLOCATE|[157]|Bytes:27
13:20:23.3 (8239953)|ENTERING_MANAGED_PKG|
13:20:23.3 (8279804)|HEAP_ALLOCATE|[157]|Bytes:257
13:20:23.3 (8295469)|HEAP_ALLOCATE|[157]|Bytes:284
13:20:23.3 (8308205)|ENTERING_MANAGED_PKG|
13:20:23.3 (8314923)|USER_DEBUG|[157]|DEBUG|######## mapObjectsFields: {testautonumdata__Candidate__c={testautonumdata__Full_Name__c}, testautonumdata__Interview__c={Id, testautonumdata__Candidate__c, testautonumdata__Date__c, testautonumdata__Interview_Type__c, testautonumdata__Status__c}, testautonumdata__Position__c={Name}}
13:20:23.3 (8330085)|HEAP_ALLOCATE|[158]|Bytes:4
13:20:23.3 (8345354)|ENTERING_MANAGED_PKG|
13:20:23.3 (8376566)|ENTERING_MANAGED_PKG|
13:20:23.3 (8392715)|HEAP_ALLOCATE|[158]|Bytes:102
13:20:23.3 (8411520)|ENTERING_MANAGED_PKG|
13:20:23.3 (8418167)|HEAP_ALLOCATE|[158]|Bytes:12
13:20:23.3 (8427450)|ENTERING_MANAGED_PKG|
13:20:23.3 (8507360)|HEAP_ALLOCATE|[158]|Bytes:5
13:20:23.3 (8565421)|VARIABLE_SCOPE_BEGIN|[158]|objectName|String|false|false
13:20:23.3 (8575332)|VARIABLE_ASSIGNMENT|[158]|objectName|"testautonumdata__Int (9 more) ..."
13:20:23.3 (8581284)|STATEMENT_EXECUTE|[159]
13:20:23.3 (8582590)|STATEMENT_EXECUTE|[160]
13:20:23.3 (8585935)|HEAP_ALLOCATE|[160]|Bytes:21
13:20:23.3 (8592725)|HEAP_ALLOCATE|[160]|Bytes:50
13:20:23.3 (8606826)|ENTERING_MANAGED_PKG|
13:20:23.3 (8628912)|USER_DEBUG|[160]|DEBUG|######## objectName: testautonumdata__Interview__c
13:20:23.3 (8636583)|STATEMENT_EXECUTE|[161]
13:20:23.3 (8657201)|ENTERING_MANAGED_PKG|
13:20:23.3 (26987459)|HEAP_ALLOCATE|[161]|Bytes:1764
13:20:23.3 (27046774)|ENTERING_MANAGED_PKG|
13:20:23.3 (27224641)|HEAP_ALLOCATE|[161]|Bytes:4
13:20:23.3 (27239459)|VARIABLE_SCOPE_BEGIN|[161]|sObj|SObject|true|false
13:20:23.3 (27266686)|VARIABLE_ASSIGNMENT|[161]|sObj|{}|0x2151c10e
13:20:23.3 (27272663)|STATEMENT_EXECUTE|[162]
13:20:23.3 (27312625)|ENTERING_MANAGED_PKG|
13:20:23.3 (27753059)|HEAP_ALLOCATE|[162]|Bytes:4
13:20:23.3 (29314819)|HEAP_ALLOCATE|[162]|Bytes:80
13:20:23.3 (29327895)|VARIABLE_SCOPE_BEGIN|[162]|m|Map<String,Schema.SObjectField>|true|false
13:20:23.3 (29583745)|VARIABLE_ASSIGNMENT|[162]|m|"{createdbyid=CreatedById, createddate=CreatedDate, id=Id, isdeleted=IsDeleted, lastactivitydate=LastActivityDate, lastmodifiedbyid=LastModifiedById, lastmodifieddate=LastModifiedDate, lastreferenceddate=LastReferencedDate, lastvieweddate=LastViewedDate, name=Name, ...}"|0x35f14d03
13:20:23.3 (29590928)|STATEMENT_EXECUTE|[163]
13:20:23.3 (29613089)|ENTERING_MANAGED_PKG|
13:20:23.3 (29668667)|VARIABLE_SCOPE_BEGIN|[163]|objectFieldSet|Set<String>|true|false
13:20:23.3 (29701779)|VARIABLE_ASSIGNMENT|[163]|objectFieldSet|{"s":1,"v":["Id","testautonumdata__Can (9 more) ...","testautonumdata__Dat (4 more) ...","testautonumdata__Int (14 more) ...","testautonumdata__Sta (6 more) ..."]}|0x54c9a6b
13:20:23.3 (29716250)|HEAP_ALLOCATE|[165]|Bytes:4
13:20:23.3 (29739999)|ENTERING_MANAGED_PKG|
13:20:23.3 (29797160)|ENTERING_MANAGED_PKG|
13:20:23.3 (29806592)|HEAP_ALLOCATE|[165]|Bytes:20
13:20:23.3 (29818143)|ENTERING_MANAGED_PKG|
13:20:23.3 (29847514)|HEAP_ALLOCATE|[165]|Bytes:5
13:20:23.3 (29875284)|VARIABLE_SCOPE_BEGIN|[165]|fieldToCheck|String|false|false
13:20:23.3 (29883258)|VARIABLE_ASSIGNMENT|[165]|fieldToCheck|"Id"
13:20:23.3 (29886658)|STATEMENT_EXECUTE|[165]
13:20:23.3 (29888308)|STATEMENT_EXECUTE|[166]
13:20:23.3 (29892751)|HEAP_ALLOCATE|[166]|Bytes:23
13:20:23.3 (29904377)|HEAP_ALLOCATE|[166]|Bytes:25
13:20:23.3 (29925241)|ENTERING_MANAGED_PKG|
13:20:23.3 (29962348)|USER_DEBUG|[166]|DEBUG|######## fieldToCheck: Id
13:20:23.3 (29999026)|ENTERING_MANAGED_PKG|
13:20:23.3 (30751643)|HEAP_ALLOCATE|[168]|Bytes:8
13:20:23.3 (30787953)|STATEMENT_EXECUTE|[168]
13:20:23.3 (30790820)|STATEMENT_EXECUTE|[176]
13:20:23.3 (30794352)|HEAP_ALLOCATE|[176]|Bytes:35
13:20:23.3 (30802609)|HEAP_ALLOCATE|[176]|Bytes:37
13:20:23.3 (30817753)|ENTERING_MANAGED_PKG|
13:20:23.3 (30841653)|USER_DEBUG|[176]|DEBUG|######## User has access to field: Id
13:20:23.3 (30858719)|HEAP_ALLOCATE|[165]|Bytes:5
13:20:23.3 (30872730)|VARIABLE_SCOPE_BEGIN|[165]|fieldToCheck|String|false|false
13:20:23.3 (30881870)|VARIABLE_ASSIGNMENT|[165]|fieldToCheck|"testautonumdata__Can (9 more) ..."
13:20:23.3 (30884736)|STATEMENT_EXECUTE|[165]
13:20:23.3 (30885892)|STATEMENT_EXECUTE|[166]
13:20:23.3 (30891527)|HEAP_ALLOCATE|[166]|Bytes:52
13:20:23.3 (30903881)|ENTERING_MANAGED_PKG|
13:20:23.3 (30910518)|USER_DEBUG|[166]|DEBUG|######## fieldToCheck: testautonumdata__Candidate__c
13:20:23.3 (30921585)|ENTERING_MANAGED_PKG|
13:20:23.3 (31187851)|HEAP_ALLOCATE|[168]|Bytes:8
13:20:23.3 (31210891)|STATEMENT_EXECUTE|[168]
13:20:23.3 (31212968)|STATEMENT_EXECUTE|[176]
13:20:23.3 (31219031)|HEAP_ALLOCATE|[176]|Bytes:64
13:20:23.3 (31231847)|ENTERING_MANAGED_PKG|
13:20:23.3 (31239579)|USER_DEBUG|[176]|DEBUG|######## User has access to field: testautonumdata__Candidate__c
13:20:23.3 (31254075)|HEAP_ALLOCATE|[165]|Bytes:5
13:20:23.3 (31267371)|VARIABLE_SCOPE_BEGIN|[165]|fieldToCheck|String|false|false
13:20:23.3 (31276566)|VARIABLE_ASSIGNMENT|[165]|fieldToCheck|"testautonumdata__Dat (4 more) ..."
13:20:23.3 (31279279)|STATEMENT_EXECUTE|[165]
13:20:23.3 (31280391)|STATEMENT_EXECUTE|[166]
13:20:23.3 (31285790)|HEAP_ALLOCATE|[166]|Bytes:47
13:20:23.3 (31296715)|ENTERING_MANAGED_PKG|
13:20:23.3 (31302854)|USER_DEBUG|[166]|DEBUG|######## fieldToCheck: testautonumdata__Date__c
13:20:23.3 (31314159)|ENTERING_MANAGED_PKG|
13:20:23.3 (36151408)|HEAP_ALLOCATE|[168]|Bytes:8
13:20:23.3 (36176290)|STATEMENT_EXECUTE|[168]
13:20:23.3 (36179142)|STATEMENT_EXECUTE|[176]
13:20:23.3 (36186983)|HEAP_ALLOCATE|[176]|Bytes:59
13:20:23.3 (36203349)|ENTERING_MANAGED_PKG|
13:20:23.3 (36212266)|USER_DEBUG|[176]|DEBUG|######## User has access to field: testautonumdata__Date__c
13:20:23.3 (36231808)|HEAP_ALLOCATE|[165]|Bytes:5
13:20:23.3 (36247786)|VARIABLE_SCOPE_BEGIN|[165]|fieldToCheck|String|false|false
13:20:23.3 (36260016)|VARIABLE_ASSIGNMENT|[165]|fieldToCheck|"testautonumdata__Int (14 more) ..."
13:20:23.3 (36263097)|STATEMENT_EXECUTE|[165]
13:20:23.3 (36264283)|STATEMENT_EXECUTE|[166]
13:20:23.3 (36270219)|HEAP_ALLOCATE|[166]|Bytes:57
13:20:23.3 (36284861)|ENTERING_MANAGED_PKG|
13:20:23.3 (36292380)|USER_DEBUG|[166]|DEBUG|######## fieldToCheck: testautonumdata__Interview_Type__c
13:20:23.3 (36306639)|ENTERING_MANAGED_PKG|
13:20:23.3 (36521396)|HEAP_ALLOCATE|[168]|Bytes:8
13:20:23.3 (36538493)|STATEMENT_EXECUTE|[168]
13:20:23.3 (36540569)|STATEMENT_EXECUTE|[176]
13:20:23.3 (36546797)|HEAP_ALLOCATE|[176]|Bytes:69
13:20:23.3 (36559504)|ENTERING_MANAGED_PKG|
13:20:23.3 (36567089)|USER_DEBUG|[176]|DEBUG|######## User has access to field: testautonumdata__Interview_Type__c
13:20:23.3 (36581714)|HEAP_ALLOCATE|[165]|Bytes:5
13:20:23.3 (36595136)|VARIABLE_SCOPE_BEGIN|[165]|fieldToCheck|String|false|false
13:20:23.3 (36604610)|VARIABLE_ASSIGNMENT|[165]|fieldToCheck|"testautonumdata__Sta (6 more) ..."
13:20:23.3 (36607480)|STATEMENT_EXECUTE|[165]
13:20:23.3 (36608619)|STATEMENT_EXECUTE|[166]
13:20:23.3 (36613957)|HEAP_ALLOCATE|[166]|Bytes:49
13:20:23.3 (36624899)|ENTERING_MANAGED_PKG|
13:20:23.3 (36631114)|USER_DEBUG|[166]|DEBUG|######## fieldToCheck: testautonumdata__Status__c
13:20:23.3 (36642011)|ENTERING_MANAGED_PKG|
13:20:23.3 (36800859)|HEAP_ALLOCATE|[168]|Bytes:8
13:20:23.3 (36816778)|STATEMENT_EXECUTE|[168]
13:20:23.3 (36818703)|STATEMENT_EXECUTE|[176]
13:20:23.3 (36824681)|HEAP_ALLOCATE|[176]|Bytes:61
13:20:23.3 (36837095)|ENTERING_MANAGED_PKG|
13:20:23.3 (36844299)|USER_DEBUG|[176]|DEBUG|######## User has access to field: testautonumdata__Status__c
13:20:23.3 (36858161)|HEAP_ALLOCATE|[165]|Bytes:5
13:20:23.3 (36872868)|VARIABLE_ASSIGNMENT|[165]|fieldToCheck|null
13:20:23.3 (36883062)|HEAP_ALLOCATE|[158]|Bytes:5
13:20:23.3 (36894400)|VARIABLE_SCOPE_BEGIN|[158]|objectName|String|false|false
13:20:23.3 (36903041)|VARIABLE_ASSIGNMENT|[158]|objectName|"testautonumdata__Can (9 more) ..."
13:20:23.3 (36905863)|STATEMENT_EXECUTE|[159]
13:20:23.3 (36907107)|STATEMENT_EXECUTE|[160]
13:20:23.3 (36912658)|HEAP_ALLOCATE|[160]|Bytes:50
13:20:23.3 (36923928)|ENTERING_MANAGED_PKG|
13:20:23.3 (36930279)|USER_DEBUG|[160]|DEBUG|######## objectName: testautonumdata__Candidate__c
13:20:23.3 (36935792)|STATEMENT_EXECUTE|[161]
13:20:23.3 (36944237)|ENTERING_MANAGED_PKG|
13:20:23.3 (43891630)|HEAP_ALLOCATE|[161]|Bytes:1764
13:20:23.3 (43924174)|ENTERING_MANAGED_PKG|
13:20:23.3 (44021944)|HEAP_ALLOCATE|[161]|Bytes:4
13:20:23.3 (44035818)|VARIABLE_SCOPE_BEGIN|[161]|sObj|SObject|true|false
13:20:23.3 (44057915)|VARIABLE_ASSIGNMENT|[161]|sObj|{}|0x479e3c2
13:20:23.3 (44061562)|STATEMENT_EXECUTE|[162]
13:20:23.3 (44095541)|ENTERING_MANAGED_PKG|
13:20:23.3 (44288370)|HEAP_ALLOCATE|[162]|Bytes:4
13:20:23.3 (44996561)|HEAP_ALLOCATE|[162]|Bytes:136
13:20:23.3 (45008325)|VARIABLE_SCOPE_BEGIN|[162]|m|Map<String,Schema.SObjectField>|true|false
13:20:23.3 (45423654)|VARIABLE_ASSIGNMENT|[162]|m|"{createdbyid=CreatedById, createddate=CreatedDate, id=Id, isdeleted=IsDeleted, lastactivitydate=LastActivityDate, lastmodifiedbyid=LastModifiedById, lastmodifieddate=LastModifiedDate, lastreferenceddate=LastReferencedDate, lastvieweddate=LastViewedDate, name=Name, ...}"|0x4fac4633
13:20:23.3 (45431689)|STATEMENT_EXECUTE|[163]
13:20:23.3 (45455926)|ENTERING_MANAGED_PKG|
13:20:23.3 (45482302)|VARIABLE_SCOPE_BEGIN|[163]|objectFieldSet|Set<String>|true|false
13:20:23.3 (45519089)|VARIABLE_ASSIGNMENT|[163]|objectFieldSet|{"s":1,"v":["testautonumdata__Ful (9 more) ..."]}|0xdd72729
13:20:23.3 (45536149)|HEAP_ALLOCATE|[165]|Bytes:4
13:20:23.3 (45562801)|ENTERING_MANAGED_PKG|
13:20:23.3 (45589816)|ENTERING_MANAGED_PKG|
13:20:23.3 (45598895)|HEAP_ALLOCATE|[165]|Bytes:4
13:20:23.3 (45618122)|ENTERING_MANAGED_PKG|
13:20:23.3 (45646883)|HEAP_ALLOCATE|[165]|Bytes:5
13:20:23.3 (45674551)|VARIABLE_SCOPE_BEGIN|[165]|fieldToCheck|String|false|false
13:20:23.3 (45688350)|VARIABLE_ASSIGNMENT|[165]|fieldToCheck|"testautonumdata__Ful (9 more) ..."
13:20:23.3 (45692390)|STATEMENT_EXECUTE|[165]
13:20:23.3 (45693869)|STATEMENT_EXECUTE|[166]
13:20:23.3 (45702041)|HEAP_ALLOCATE|[166]|Bytes:52
13:20:23.3 (45717351)|ENTERING_MANAGED_PKG|
13:20:23.3 (45726758)|USER_DEBUG|[166]|DEBUG|######## fieldToCheck: testautonumdata__Full_Name__c
13:20:23.3 (45739627)|ENTERING_MANAGED_PKG|
13:20:23.3 (46592663)|HEAP_ALLOCATE|[168]|Bytes:8
13:20:23.3 (46611452)|STATEMENT_EXECUTE|[168]
13:20:23.3 (46614629)|STATEMENT_EXECUTE|[176]
13:20:23.3 (46624222)|HEAP_ALLOCATE|[176]|Bytes:64
13:20:23.3 (46644410)|ENTERING_MANAGED_PKG|
13:20:23.3 (46655671)|USER_DEBUG|[176]|DEBUG|######## User has access to field: testautonumdata__Full_Name__c
13:20:23.3 (46680874)|HEAP_ALLOCATE|[165]|Bytes:5
13:20:23.3 (46704579)|VARIABLE_ASSIGNMENT|[165]|fieldToCheck|null
13:20:23.3 (46722033)|HEAP_ALLOCATE|[158]|Bytes:5
13:20:23.3 (46743319)|VARIABLE_SCOPE_BEGIN|[158]|objectName|String|false|false
13:20:23.3 (46756465)|VARIABLE_ASSIGNMENT|[158]|objectName|"testautonumdata__Pos (8 more) ..."
13:20:23.3 (46760907)|STATEMENT_EXECUTE|[159]
13:20:23.3 (46762901)|STATEMENT_EXECUTE|[160]
13:20:23.3 (46772159)|HEAP_ALLOCATE|[160]|Bytes:49
13:20:23.3 (46792461)|ENTERING_MANAGED_PKG|
13:20:23.3 (46803799)|USER_DEBUG|[160]|DEBUG|######## objectName: testautonumdata__Position__c
13:20:23.3 (46814088)|STATEMENT_EXECUTE|[161]
13:20:23.3 (46826441)|ENTERING_MANAGED_PKG|
13:20:23.3 (54422437)|HEAP_ALLOCATE|[161]|Bytes:1764
13:20:23.3 (54465430)|ENTERING_MANAGED_PKG|
13:20:23.3 (54575024)|HEAP_ALLOCATE|[161]|Bytes:4
13:20:23.3 (54591632)|VARIABLE_SCOPE_BEGIN|[161]|sObj|SObject|true|false
13:20:23.3 (54616813)|VARIABLE_ASSIGNMENT|[161]|sObj|{}|0x1a98f4d1
13:20:23.3 (54621836)|STATEMENT_EXECUTE|[162]
13:20:23.3 (54651024)|ENTERING_MANAGED_PKG|
13:20:23.3 (54898360)|HEAP_ALLOCATE|[162]|Bytes:4
13:20:23.3 (56545377)|HEAP_ALLOCATE|[162]|Bytes:64
13:20:23.3 (56564690)|VARIABLE_SCOPE_BEGIN|[162]|m|Map<String,Schema.SObjectField>|true|false
13:20:23.3 (56814995)|VARIABLE_ASSIGNMENT|[162]|m|"{createdbyid=CreatedById, createddate=CreatedDate, id=Id, isdeleted=IsDeleted, lastactivitydate=LastActivityDate, lastmodifiedbyid=LastModifiedById, lastmodifieddate=LastModifiedDate, lastreferenceddate=LastReferencedDate, lastvieweddate=LastViewedDate, name=Name, ...}"|0x75c0d7d5
13:20:23.3 (56821655)|STATEMENT_EXECUTE|[163]
13:20:23.3 (56840652)|ENTERING_MANAGED_PKG|
13:20:23.3 (56860461)|VARIABLE_SCOPE_BEGIN|[163]|objectFieldSet|Set<String>|true|false
13:20:23.3 (56892796)|VARIABLE_ASSIGNMENT|[163]|objectFieldSet|{"s":1,"v":["Name"]}|0x6ca96b3a
13:20:23.3 (56908128)|HEAP_ALLOCATE|[165]|Bytes:4
13:20:23.3 (56931179)|ENTERING_MANAGED_PKG|
13:20:23.3 (56947066)|ENTERING_MANAGED_PKG|
13:20:23.3 (56954787)|HEAP_ALLOCATE|[165]|Bytes:4
13:20:23.3 (56963943)|ENTERING_MANAGED_PKG|
13:20:23.3 (56990225)|HEAP_ALLOCATE|[165]|Bytes:5
13:20:23.3 (57011320)|VARIABLE_SCOPE_BEGIN|[165]|fieldToCheck|String|false|false
13:20:23.3 (57019731)|VARIABLE_ASSIGNMENT|[165]|fieldToCheck|"Name"
13:20:23.3 (57023072)|STATEMENT_EXECUTE|[165]
13:20:23.3 (57024411)|STATEMENT_EXECUTE|[166]
13:20:23.3 (57034552)|HEAP_ALLOCATE|[166]|Bytes:27
13:20:23.3 (57052133)|ENTERING_MANAGED_PKG|
13:20:23.3 (57063243)|USER_DEBUG|[166]|DEBUG|######## fieldToCheck: Name
13:20:23.3 (57082203)|ENTERING_MANAGED_PKG|
13:20:23.3 (57663736)|HEAP_ALLOCATE|[168]|Bytes:8
13:20:23.3 (57692809)|STATEMENT_EXECUTE|[168]
13:20:23.3 (57696402)|STATEMENT_EXECUTE|[176]
13:20:23.3 (57706691)|HEAP_ALLOCATE|[176]|Bytes:39
13:20:23.3 (57725845)|ENTERING_MANAGED_PKG|
13:20:23.3 (57734353)|USER_DEBUG|[176]|DEBUG|######## User has access to field: Name
13:20:23.3 (57750688)|HEAP_ALLOCATE|[165]|Bytes:5
13:20:23.3 (57765941)|VARIABLE_ASSIGNMENT|[165]|fieldToCheck|null
13:20:23.3 (57776315)|HEAP_ALLOCATE|[158]|Bytes:5
13:20:23.3 (57786294)|VARIABLE_ASSIGNMENT|[158]|objectName|null
13:20:23.3 (57790620)|STATEMENT_EXECUTE|[184]
13:20:23.3 (57828878)|ENTERING_MANAGED_PKG|
13:20:23.3 (57870535)|HEAP_ALLOCATE|[184]|Bytes:4
13:20:23.3 (58534865)|SOQL_EXECUTE_BEGIN|[184]|Aggregations:0|Select id, testautonumdata__Candidate__c, testautonumdata__Candidate__r.testautonumdata__Full_Name__c, testautonumdata__Candidate__r.testautonumdata__Position__r.Name, testautonumdata__Date__c, testautonumdata__Interview_Type__c FROM testautonumdata__Interview__c where testautonumdata__Status__c = 'Pending' limit 8
13:20:23.3 (76168256)|SOQL_EXECUTE_END|[184]|Rows:2
13:20:23.3 (76210303)|HEAP_ALLOCATE|[184]|Bytes:12
13:20:23.3 (76251325)|HEAP_ALLOCATE|[184]|Bytes:840
13:20:23.3 (76381118)|HEAP_ALLOCATE|[184]|Bytes:12
13:20:23.3 (76424226)|VARIABLE_SCOPE_BEGIN|[184]|lstQueriedRecords|List<SObject>|true|false
13:20:23.3 (76516236)|VARIABLE_ASSIGNMENT|[184]|lstQueriedRecords|{"s":1,"v":[{"s":2,"v":{"Id":"a0NB0000000TaTOMA0","testautonumdata__Can (9 more) ...":"a0MB0000000cQXFMA2","testautonumdata__Dat (4 more) ...":"11/9/2016","testautonumdata__Int (14 more) ...":"Technical Interview","testautonumdata__Can (9 more) ...":{"s":3,"v":{"testautonumdata__Ful (9 more) ...":"Rodrigo Reboucas","testautonumdata__Pos (8 more) ...":"a0LB0000000seqpMAA","Id":"a0MB0000000cQXFMA2","testautonumdata__Pos (8 more) ...":{"s":4,"v":{"Name":"Architect - Force.co (1 more) ...","Id":"a0LB0000000seqpMAA"}}}}}},{"s":5,"v":{"Id":"a0NB0000000RasPMAS","testautonumdata__Can (9 more) ...":"a0MB0000000cQdIMAU","testautonumdata__Dat (4 more) ...":"10/26/2016","testautonumdata__Int (14 more) ...":"Recruiter Interview","testautonumdata__Can (9 more) ...":{"s":6,"v":{"testautonumdata__Ful (9 more) ...":"Lizz Brooks","testautonumdata__Pos (8 more) ...":"a0LB0000000sexWMAQ","Id":"a0MB0000000cQdIMAU","testautonumdata__Pos (8 more) ...":{"s":7,"v":{"Name":"Project Coordinator","Id":"a0LB0000000sexWMAQ"}}}}}}]}|0x6bc5132d
13:20:23.3 (76529025)|STATEMENT_EXECUTE|[186]
13:20:23.3 (76538546)|HEAP_ALLOCATE|[186]|Bytes:28
13:20:23.3 (76578828)|ENTERING_MANAGED_PKG|
13:20:23.3 (76790104)|HEAP_ALLOCATE|[186]|Bytes:395
13:20:23.3 (76822884)|HEAP_ALLOCATE|[186]|Bytes:423
13:20:23.3 (76857188)|ENTERING_MANAGED_PKG|
13:20:23.3 (76874846)|USER_DEBUG|[186]|DEBUG|######## lstQueriedRecords: (testautonumdata__Interview__c:{Id=a0NB0000000TaTOMA0, testautonumdata__Candidate__c=a0MB0000000cQXFMA2, testautonumdata__Date__c=11/9/2016, testautonumdata__Interview_Type__c=Technical Interview}, testautonumdata__Interview__c:{Id=a0NB0000000RasPMAS, testautonumdata__Candidate__c=a0MB0000000cQdIMAU, testautonumdata__Date__c=10/26/2016, testautonumdata__Interview_Type__c=Recruiter Interview})
13:20:23.3 (77008376)|ENTERING_MANAGED_PKG|
13:20:23.3 (77199922)|HEAP_ALLOCATE|[190]|Bytes:5
13:20:23.3 (77245277)|HEAP_ALLOCATE|[190]|Bytes:24
13:20:23.3 (77273096)|VARIABLE_SCOPE_BEGIN|[190]|e|SObject|true|false
13:20:23.3 (77302322)|VARIABLE_ASSIGNMENT|[190]|e|{"s":1,"v":{"Id":"a0NB0000000TaTOMA0","testautonumdata__Can (9 more) ...":"a0MB0000000cQXFMA2","testautonumdata__Dat (4 more) ...":"11/9/2016","testautonumdata__Int (14 more) ...":"Technical Interview","testautonumdata__Can (9 more) ...":{"s":2,"v":{"testautonumdata__Ful (9 more) ...":"Rodrigo Reboucas","testautonumdata__Pos (8 more) ...":"a0LB0000000seqpMAA","Id":"a0MB0000000cQXFMA2","testautonumdata__Pos (8 more) ...":{"s":3,"v":{"Name":"Architect - Force.co (1 more) ...","Id":"a0LB0000000seqpMAA"}}}}}}|0x15584f9e
13:20:23.3 (77309109)|STATEMENT_EXECUTE|[191]
13:20:23.3 (77310724)|STATEMENT_EXECUTE|[192]
13:20:23.3 (77314890)|HEAP_ALLOCATE|[192]|Bytes:12
13:20:23.3 (77334452)|ENTERING_MANAGED_PKG|
13:20:23.3 (77424294)|HEAP_ALLOCATE|[192]|Bytes:195
13:20:23.3 (77443750)|HEAP_ALLOCATE|[192]|Bytes:207
13:20:23.3 (77457609)|ENTERING_MANAGED_PKG|
13:20:23.3 (77465417)|USER_DEBUG|[192]|DEBUG|######## e: testautonumdata__Interview__c:{Id=a0NB0000000TaTOMA0, testautonumdata__Candidate__c=a0MB0000000cQXFMA2, testautonumdata__Date__c=11/9/2016, testautonumdata__Interview_Type__c=Technical Interview}
13:20:23.3 (77473013)|STATEMENT_EXECUTE|[193]
13:20:23.3 (77482543)|HEAP_ALLOCATE|[193]|Bytes:28
13:20:23.3 (77506028)|CONSTRUCTOR_ENTRY|[193]|01pB0000000lA1s|<init>()
13:20:23.3 (77537952)|VARIABLE_SCOPE_BEGIN|[1]|this|testautonumdata.InterviewsLCServerController|true|false
13:20:23.3 (77583198)|VARIABLE_ASSIGNMENT|[1]|this|{}|0x6fe3e551
13:20:23.3 (77593116)|HEAP_ALLOCATE|[EXTERNAL]|Bytes:5
13:20:23.3 (77605847)|HEAP_ALLOCATE|[EXTERNAL]|Bytes:6
13:20:23.3 (77651680)|STATEMENT_EXECUTE|[1]
13:20:23.3 (77656424)|HEAP_ALLOCATE|[EXTERNAL]|Bytes:5
13:20:23.3 (77658917)|STATEMENT_EXECUTE|[6]
13:20:23.3 (77660281)|STATEMENT_EXECUTE|[8]
13:20:23.3 (77661180)|STATEMENT_EXECUTE|[10]
13:20:23.3 (77662371)|STATEMENT_EXECUTE|[12]
13:20:23.3 (77663495)|STATEMENT_EXECUTE|[14]
13:20:23.3 (77664363)|STATEMENT_EXECUTE|[16]
13:20:23.3 (77676079)|CONSTRUCTOR_EXIT|[193]|01pB0000000lA1s|<init>()
13:20:23.3 (77681219)|VARIABLE_SCOPE_BEGIN|[193]|i|testautonumdata.InterviewsLCServerController|true|false
13:20:23.3 (77704106)|VARIABLE_ASSIGNMENT|[193]|i|{}|0x6fe3e551
13:20:23.3 (77707644)|STATEMENT_EXECUTE|[196]
13:20:23.3 (77711478)|HEAP_ALLOCATE|[196]|Bytes:2
13:20:23.3 (77740954)|ENTERING_MANAGED_PKG|
13:20:23.3 (77796857)|HEAP_ALLOCATE|[196]|Bytes:4
13:20:23.3 (77819567)|ENTERING_MANAGED_PKG|
13:20:23.3 (77824464)|HEAP_ALLOCATE|[196]|Bytes:18
13:20:23.3 (77863468)|VARIABLE_ASSIGNMENT|[EXTERNAL]|this|{}|0x6fe3e551
13:20:23.3 (77870823)|VARIABLE_ASSIGNMENT|[EXTERNAL]|value|"a0NB0000000TaTOMA0"
13:20:23.3 (77885536)|VARIABLE_ASSIGNMENT|[6]|this.recordID|"a0NB0000000TaTOMA0"|0x6fe3e551
13:20:23.3 (77893798)|STATEMENT_EXECUTE|[198]
13:20:23.3 (77895278)|STATEMENT_EXECUTE|[199]
13:20:23.3 (77907396)|METHOD_ENTRY|[199]|01pB0000000lA1s|testautonumdata.InterviewsLCServerController.GetSobjectField(SObject, String)
13:20:23.3 (77929962)|VARIABLE_SCOPE_BEGIN|[235]|e|SObject|true|false
13:20:23.3 (77955006)|VARIABLE_ASSIGNMENT|[235]|e|{"s":1,"v":{"Id":"a0NB0000000TaTOMA0","testautonumdata__Can (9 more) ...":"a0MB0000000cQXFMA2","testautonumdata__Dat (4 more) ...":"11/9/2016","testautonumdata__Int (14 more) ...":"Technical Interview","testautonumdata__Can (9 more) ...":{"s":2,"v":{"testautonumdata__Ful (9 more) ...":"Rodrigo Reboucas","testautonumdata__Pos (8 more) ...":"a0LB0000000seqpMAA","Id":"a0MB0000000cQXFMA2","testautonumdata__Pos (8 more) ...":{"s":3,"v":{"Name":"Architect - Force.co (1 more) ...","Id":"a0LB0000000seqpMAA"}}}}}}|0x15584f9e
13:20:23.3 (77960008)|VARIABLE_SCOPE_BEGIN|[235]|lcfield|String|false|false
13:20:23.3 (77964871)|VARIABLE_ASSIGNMENT|[235]|lcfield|"testautonumdata__Can (9 more) ..."
13:20:23.3 (77973899)|HEAP_ALLOCATE|[238]|Bytes:5
13:20:23.3 (77977994)|STATEMENT_EXECUTE|[236]
13:20:23.3 (77979277)|STATEMENT_EXECUTE|[238]
13:20:23.3 (77984340)|VARIABLE_SCOPE_BEGIN|[238]|returnValue|String|false|false
13:20:23.3 (78003427)|VARIABLE_ASSIGNMENT|[238]|returnValue|""
13:20:23.3 (78032066)|ENTERING_MANAGED_PKG|
13:20:23.3 (78071082)|STATEMENT_EXECUTE|[255]
13:20:23.3 (78090662)|ENTERING_MANAGED_PKG|
13:20:23.3 (78142207)|HEAP_ALLOCATE|[255]|Bytes:4
13:20:23.3 (78164052)|ENTERING_MANAGED_PKG|
13:20:23.3 (78168252)|HEAP_ALLOCATE|[255]|Bytes:18
13:20:23.3 (78180892)|VARIABLE_ASSIGNMENT|[255]|returnValue|"a0MB0000000cQXFMA2"
13:20:23.3 (78183962)|STATEMENT_EXECUTE|[257]
13:20:23.3 (78192957)|METHOD_EXIT|[199]|01pB0000000lA1s|testautonumdata.InterviewsLCServerController.GetSobjectField(SObject, String)
13:20:23.3 (78227915)|VARIABLE_ASSIGNMENT|[EXTERNAL]|this|{"recordID":"a0NB0000000TaTOMA0"}|0x6fe3e551
13:20:23.3 (78233693)|VARIABLE_ASSIGNMENT|[EXTERNAL]|value|"a0MB0000000cQXFMA2"
13:20:23.3 (78241687)|VARIABLE_ASSIGNMENT|[8]|this.eventField|"a0MB0000000cQXFMA2"|0x6fe3e551
13:20:23.3 (78249483)|STATEMENT_EXECUTE|[202]
13:20:23.3 (78250915)|STATEMENT_EXECUTE|[203]
13:20:23.3 (78257381)|METHOD_ENTRY|[203]|01pB0000000lA1s|testautonumdata.InterviewsLCServerController.GetSobjectField(SObject, String)
13:20:23.3 (78276034)|VARIABLE_SCOPE_BEGIN|[235]|e|SObject|true|false
13:20:23.3 (78300279)|VARIABLE_ASSIGNMENT|[235]|e|{"s":1,"v":{"Id":"a0NB0000000TaTOMA0","testautonumdata__Can (9 more) ...":"a0MB0000000cQXFMA2","testautonumdata__Dat (4 more) ...":"11/9/2016","testautonumdata__Int (14 more) ...":"Technical Interview","testautonumdata__Can (9 more) ...":{"s":2,"v":{"testautonumdata__Ful (9 more) ...":"Rodrigo Reboucas","testautonumdata__Pos (8 more) ...":"a0LB0000000seqpMAA","Id":"a0MB0000000cQXFMA2","testautonumdata__Pos (8 more) ...":{"s":3,"v":{"Name":"Architect - Force.co (1 more) ...","Id":"a0LB0000000seqpMAA"}}}}}}|0x15584f9e
13:20:23.3 (78304762)|VARIABLE_SCOPE_BEGIN|[235]|lcfield|String|false|false
13:20:23.3 (78309078)|VARIABLE_ASSIGNMENT|[235]|lcfield|"testautonumdata__Can (39 more) ..."
13:20:23.3 (78316442)|HEAP_ALLOCATE|[238]|Bytes:5
13:20:23.3 (78319965)|STATEMENT_EXECUTE|[236]
13:20:23.3 (78321327)|STATEMENT_EXECUTE|[238]
13:20:23.3 (78325081)|VARIABLE_SCOPE_BEGIN|[238]|returnValue|String|false|false
13:20:23.3 (78329302)|VARIABLE_ASSIGNMENT|[238]|returnValue|""
13:20:23.3 (78345568)|ENTERING_MANAGED_PKG|
13:20:23.3 (78355310)|STATEMENT_EXECUTE|[241]
13:20:23.3 (78356971)|STATEMENT_EXECUTE|[242]
13:20:23.3 (78367333)|ENTERING_MANAGED_PKG|
13:20:23.3 (78390520)|HEAP_ALLOCATE|[242]|Bytes:29
13:20:23.3 (78402974)|VARIABLE_SCOPE_BEGIN|[242]|relName|String|false|false
13:20:23.3 (78411242)|VARIABLE_ASSIGNMENT|[242]|relName|"testautonumdata__Can (9 more) ..."
13:20:23.3 (78413880)|STATEMENT_EXECUTE|[243]
13:20:23.3 (78427648)|ENTERING_MANAGED_PKG|
13:20:23.3 (78448067)|HEAP_ALLOCATE|[243]|Bytes:29
13:20:23.3 (78460209)|VARIABLE_SCOPE_BEGIN|[243]|relField|String|false|false
13:20:23.3 (78467866)|VARIABLE_ASSIGNMENT|[243]|relField|"testautonumdata__Ful (9 more) ..."
13:20:23.3 (78480915)|ENTERING_MANAGED_PKG|
13:20:23.3 (78508344)|STATEMENT_EXECUTE|[251]
13:20:23.3 (78526307)|ENTERING_MANAGED_PKG|
13:20:23.3 (78596238)|HEAP_ALLOCATE|[251]|Bytes:20
13:20:23.3 (78618860)|ENTERING_MANAGED_PKG|
13:20:23.3 (78647826)|HEAP_ALLOCATE|[251]|Bytes:16
13:20:23.3 (78666966)|ENTERING_MANAGED_PKG|
13:20:23.3 (78670949)|HEAP_ALLOCATE|[251]|Bytes:16
13:20:23.3 (78683498)|VARIABLE_ASSIGNMENT|[251]|returnValue|"Rodrigo Reboucas"
13:20:23.3 (78686810)|STATEMENT_EXECUTE|[257]
13:20:23.3 (78694673)|METHOD_EXIT|[203]|01pB0000000lA1s|testautonumdata.InterviewsLCServerController.GetSobjectField(SObject, String)
13:20:23.3 (78730690)|VARIABLE_ASSIGNMENT|[EXTERNAL]|this|{"eventField":"a0MB0000000cQXFMA2","recordID":"a0NB0000000TaTOMA0"}|0x6fe3e551
13:20:23.3 (78736699)|VARIABLE_ASSIGNMENT|[EXTERNAL]|value|"Rodrigo Reboucas"
13:20:23.3 (78745076)|VARIABLE_ASSIGNMENT|[10]|this.column1|"Rodrigo Reboucas"|0x6fe3e551
13:20:23.3 (78752715)|STATEMENT_EXECUTE|[206]
13:20:23.3 (78754149)|STATEMENT_EXECUTE|[207]
13:20:23.3 (78760422)|METHOD_ENTRY|[207]|01pB0000000lA1s|testautonumdata.InterviewsLCServerController.GetSobjectField(SObject, String)
13:20:23.3 (78778533)|VARIABLE_SCOPE_BEGIN|[235]|e|SObject|true|false
13:20:23.3 (78801471)|VARIABLE_ASSIGNMENT|[235]|e|{"s":1,"v":{"Id":"a0NB0000000TaTOMA0","testautonumdata__Can (9 more) ...":"a0MB0000000cQXFMA2","testautonumdata__Dat (4 more) ...":"11/9/2016","testautonumdata__Int (14 more) ...":"Technical Interview","testautonumdata__Can (9 more) ...":{"s":2,"v":{"testautonumdata__Ful (9 more) ...":"Rodrigo Reboucas","testautonumdata__Pos (8 more) ...":"a0LB0000000seqpMAA","Id":"a0MB0000000cQXFMA2","testautonumdata__Pos (8 more) ...":{"s":3,"v":{"Name":"Architect - Force.co (1 more) ...","Id":"a0LB0000000seqpMAA"}}}}}}|0x15584f9e
13:20:23.3 (78806034)|VARIABLE_SCOPE_BEGIN|[235]|lcfield|String|false|false
13:20:23.3 (78810351)|VARIABLE_ASSIGNMENT|[235]|lcfield|"testautonumdata__Can (43 more) ..."
13:20:23.3 (78817493)|HEAP_ALLOCATE|[238]|Bytes:5
13:20:23.3 (78820964)|STATEMENT_EXECUTE|[236]
13:20:23.3 (78822135)|STATEMENT_EXECUTE|[238]
13:20:23.3 (78825867)|VARIABLE_SCOPE_BEGIN|[238]|returnValue|String|false|false
13:20:23.3 (78830020)|VARIABLE_ASSIGNMENT|[238]|returnValue|""
13:20:23.3 (78845894)|ENTERING_MANAGED_PKG|
13:20:23.3 (78855315)|STATEMENT_EXECUTE|[241]
13:20:23.3 (78856959)|STATEMENT_EXECUTE|[242]
13:20:23.3 (78865231)|ENTERING_MANAGED_PKG|
13:20:23.3 (78869358)|HEAP_ALLOCATE|[242]|Bytes:29
13:20:23.3 (78877897)|VARIABLE_SCOPE_BEGIN|[242]|relName|String|false|false
13:20:23.3 (78884516)|VARIABLE_ASSIGNMENT|[242]|relName|"testautonumdata__Can (9 more) ..."
13:20:23.3 (78886774)|STATEMENT_EXECUTE|[243]
13:20:23.3 (78896599)|ENTERING_MANAGED_PKG|
13:20:23.3 (78900302)|HEAP_ALLOCATE|[243]|Bytes:33
13:20:23.3 (78908498)|VARIABLE_SCOPE_BEGIN|[243]|relField|String|false|false
13:20:23.3 (78914716)|VARIABLE_ASSIGNMENT|[243]|relField|"testautonumdata__Pos (13 more) ..."
13:20:23.3 (78924916)|ENTERING_MANAGED_PKG|
13:20:23.3 (78933131)|STATEMENT_EXECUTE|[245]
13:20:23.3 (78934662)|STATEMENT_EXECUTE|[246]
13:20:23.3 (78944133)|ENTERING_MANAGED_PKG|
13:20:23.3 (78965748)|HEAP_ALLOCATE|[246]|Bytes:28
13:20:23.3 (78978262)|VARIABLE_SCOPE_BEGIN|[246]|relName2|String|false|false
13:20:23.3 (78985661)|VARIABLE_ASSIGNMENT|[246]|relName2|"testautonumdata__Pos (8 more) ..."
13:20:23.3 (78987893)|STATEMENT_EXECUTE|[247]
13:20:23.3 (79001016)|ENTERING_MANAGED_PKG|
13:20:23.3 (79022214)|HEAP_ALLOCATE|[247]|Bytes:4
13:20:23.3 (79034617)|VARIABLE_SCOPE_BEGIN|[247]|relField2|String|false|false
13:20:23.3 (79041334)|VARIABLE_ASSIGNMENT|[247]|relField2|"Name"
13:20:23.3 (79043598)|STATEMENT_EXECUTE|[248]
13:20:23.3 (79056027)|ENTERING_MANAGED_PKG|
13:20:23.3 (79112895)|HEAP_ALLOCATE|[248]|Bytes:20
13:20:23.3 (79135494)|ENTERING_MANAGED_PKG|
13:20:23.3 (79175630)|HEAP_ALLOCATE|[248]|Bytes:12
13:20:23.3 (79196968)|ENTERING_MANAGED_PKG|
13:20:23.3 (79222398)|HEAP_ALLOCATE|[248]|Bytes:21
13:20:23.3 (79241557)|ENTERING_MANAGED_PKG|
13:20:23.3 (79245531)|HEAP_ALLOCATE|[248]|Bytes:21
13:20:23.3 (79259007)|VARIABLE_ASSIGNMENT|[248]|returnValue|"Architect - Force.co (1 more) ..."
13:20:23.3 (79262342)|STATEMENT_EXECUTE|[257]
13:20:23.3 (79270193)|METHOD_EXIT|[207]|01pB0000000lA1s|testautonumdata.InterviewsLCServerController.GetSobjectField(SObject, String)
13:20:23.3 (79329209)|VARIABLE_ASSIGNMENT|[EXTERNAL]|this|{"column1":"Rodrigo Reboucas","eventField":"a0MB0000000cQXFMA2","recordID":"a0NB0000000TaTOMA0"}|0x6fe3e551
13:20:23.3 (79341907)|VARIABLE_ASSIGNMENT|[EXTERNAL]|value|"Architect - Force.co (1 more) ..."
13:20:23.3 (79358555)|VARIABLE_ASSIGNMENT|[12]|this.column2|"Architect - Force.co (1 more) ..."|0x6fe3e551
13:20:23.3 (79371558)|STATEMENT_EXECUTE|[211]
13:20:23.3 (79374242)|STATEMENT_EXECUTE|[212]
13:20:23.3 (79385643)|METHOD_ENTRY|[212]|01pB0000000lA1s|testautonumdata.InterviewsLCServerController.GetSobjectField(SObject, String)
13:20:23.3 (79412408)|VARIABLE_SCOPE_BEGIN|[235]|e|SObject|true|false
13:20:23.3 (79442028)|VARIABLE_ASSIGNMENT|[235]|e|{"s":1,"v":{"Id":"a0NB0000000TaTOMA0","testautonumdata__Can (9 more) ...":"a0MB0000000cQXFMA2","testautonumdata__Dat (4 more) ...":"11/9/2016","testautonumdata__Int (14 more) ...":"Technical Interview","testautonumdata__Can (9 more) ...":{"s":2,"v":{"testautonumdata__Ful (9 more) ...":"Rodrigo Reboucas","testautonumdata__Pos (8 more) ...":"a0LB0000000seqpMAA","Id":"a0MB0000000cQXFMA2","testautonumdata__Pos (8 more) ...":{"s":3,"v":{"Name":"Architect - Force.co (1 more) ...","Id":"a0LB0000000seqpMAA"}}}}}}|0x15584f9e
13:20:23.3 (79447685)|VARIABLE_SCOPE_BEGIN|[235]|lcfield|String|false|false
13:20:23.3 (79452272)|VARIABLE_ASSIGNMENT|[235]|lcfield|"testautonumdata__Dat (4 more) ..."
13:20:23.3 (79460368)|HEAP_ALLOCATE|[238]|Bytes:5
13:20:23.3 (79464284)|STATEMENT_EXECUTE|[236]
13:20:23.3 (79465472)|STATEMENT_EXECUTE|[238]
13:20:23.3 (79469376)|VARIABLE_SCOPE_BEGIN|[238]|returnValue|String|false|false
13:20:23.3 (79473652)|VARIABLE_ASSIGNMENT|[238]|returnValue|""
13:20:23.3 (79490606)|ENTERING_MANAGED_PKG|
13:20:23.3 (79500245)|STATEMENT_EXECUTE|[255]
13:20:23.3 (79509536)|ENTERING_MANAGED_PKG|
13:20:23.3 (79532132)|HEAP_ALLOCATE|[255]|Bytes:9
13:20:23.3 (79549809)|ENTERING_MANAGED_PKG|
13:20:23.3 (79553812)|HEAP_ALLOCATE|[255]|Bytes:9
13:20:23.3 (79565528)|VARIABLE_ASSIGNMENT|[255]|returnValue|"11/9/2016"
13:20:23.3 (79568253)|STATEMENT_EXECUTE|[257]
13:20:23.3 (79576018)|METHOD_EXIT|[212]|01pB0000000lA1s|testautonumdata.InterviewsLCServerController.GetSobjectField(SObject, String)
13:20:23.3 (79614602)|VARIABLE_ASSIGNMENT|[EXTERNAL]|this|{"column1":"Rodrigo Reboucas","column2":"Architect - Force.co (1 more) ...","eventField":"a0MB0000000cQXFMA2","recordID":"a0NB0000000TaTOMA0"}|0x6fe3e551
13:20:23.3 (79620662)|VARIABLE_ASSIGNMENT|[EXTERNAL]|value|"11/9/2016"
13:20:23.3 (79628837)|VARIABLE_ASSIGNMENT|[14]|this.column3|"11/9/2016"|0x6fe3e551
13:20:23.3 (79636600)|STATEMENT_EXECUTE|[216]
13:20:23.3 (79638016)|STATEMENT_EXECUTE|[217]
13:20:23.3 (79644162)|METHOD_ENTRY|[217]|01pB0000000lA1s|testautonumdata.InterviewsLCServerController.GetSobjectField(SObject, String)
13:20:23.3 (79661872)|VARIABLE_SCOPE_BEGIN|[235]|e|SObject|true|false
13:20:23.3 (79683890)|VARIABLE_ASSIGNMENT|[235]|e|{"s":1,"v":{"Id":"a0NB0000000TaTOMA0","testautonumdata__Can (9 more) ...":"a0MB0000000cQXFMA2","testautonumdata__Dat (4 more) ...":"11/9/2016","testautonumdata__Int (14 more) ...":"Technical Interview","testautonumdata__Can (9 more) ...":{"s":2,"v":{"testautonumdata__Ful (9 more) ...":"Rodrigo Reboucas","testautonumdata__Pos (8 more) ...":"a0LB0000000seqpMAA","Id":"a0MB0000000cQXFMA2","testautonumdata__Pos (8 more) ...":{"s":3,"v":{"Name":"Architect - Force.co (1 more) ...","Id":"a0LB0000000seqpMAA"}}}}}}|0x15584f9e
13:20:23.3 (79688289)|VARIABLE_SCOPE_BEGIN|[235]|lcfield|String|false|false
13:20:23.3 (79692315)|VARIABLE_ASSIGNMENT|[235]|lcfield|"testautonumdata__Int (14 more) ..."
13:20:23.3 (79699322)|HEAP_ALLOCATE|[238]|Bytes:5
13:20:23.3 (79702653)|STATEMENT_EXECUTE|[236]
13:20:23.3 (79704052)|STATEMENT_EXECUTE|[238]
13:20:23.3 (79707760)|VARIABLE_SCOPE_BEGIN|[238]|returnValue|String|false|false
13:20:23.3 (79711706)|VARIABLE_ASSIGNMENT|[238]|returnValue|""
13:20:23.3 (79727424)|ENTERING_MANAGED_PKG|
13:20:23.3 (79736885)|STATEMENT_EXECUTE|[255]
13:20:23.3 (79745879)|ENTERING_MANAGED_PKG|
13:20:23.3 (79767688)|HEAP_ALLOCATE|[255]|Bytes:19
13:20:23.3 (79784983)|ENTERING_MANAGED_PKG|
13:20:23.3 (79788906)|HEAP_ALLOCATE|[255]|Bytes:19
13:20:23.3 (79800918)|VARIABLE_ASSIGNMENT|[255]|returnValue|"Technical Interview"
13:20:23.3 (79803814)|STATEMENT_EXECUTE|[257]
13:20:23.3 (79811221)|METHOD_EXIT|[217]|01pB0000000lA1s|testautonumdata.InterviewsLCServerController.GetSobjectField(SObject, String)
13:20:23.3 (79848486)|VARIABLE_ASSIGNMENT|[EXTERNAL]|this|{"column1":"Rodrigo Reboucas","column2":"Architect - Force.co (1 more) ...","column3":"11/9/2016","eventField":"a0MB0000000cQXFMA2","recordID":"a0NB0000000TaTOMA0"}|0x6fe3e551
13:20:23.3 (79854784)|VARIABLE_ASSIGNMENT|[EXTERNAL]|value|"Technical Interview"
13:20:23.3 (79862757)|VARIABLE_ASSIGNMENT|[16]|this.column4|"Technical Interview"|0x6fe3e551
13:20:23.3 (79869932)|STATEMENT_EXECUTE|[221]
13:20:23.3 (79884862)|ENTERING_MANAGED_PKG|
13:20:23.3 (79941897)|HEAP_ALLOCATE|[EXTERNAL]|Bytes:4
13:20:23.3 (79957454)|STATEMENT_EXECUTE|[223]
13:20:23.3 (79964019)|HEAP_ALLOCATE|[223]|Bytes:12
13:20:23.3 (79992222)|ENTERING_MANAGED_PKG|
13:20:23.3 (80111797)|HEAP_ALLOCATE|[223]|Bytes:470
13:20:23.3 (80142050)|HEAP_ALLOCATE|[223]|Bytes:482
13:20:23.3 (80166554)|ENTERING_MANAGED_PKG|
13:20:23.3 (80178271)|USER_DEBUG|[223]|DEBUG|######## i: InterviewsLCServerController:[column1=Rodrigo Reboucas, column2=Architect - Force.com, column3=11/9/2016, column4=Technical Interview, eventField=a0MB0000000cQXFMA2, mapObjectsFields={testautonumdata__Candidate__c={testautonumdata__Full_Name__c}, testautonumdata__Interview__c={Id, testautonumdata__Candidate__c, testautonumdata__Date__c, testautonumdata__Interview_Type__c, testautonumdata__Status__c}, testautonumdata__Position__c={Name}}, recordID=a0NB0000000TaTOMA0]
13:20:23.3 (80206215)|HEAP_ALLOCATE|[190]|Bytes:5
13:20:23.3 (80244930)|HEAP_ALLOCATE|[190]|Bytes:24
13:20:23.3 (80262132)|VARIABLE_SCOPE_BEGIN|[190]|e|SObject|true|false
13:20:23.3 (80289094)|VARIABLE_ASSIGNMENT|[190]|e|{"s":1,"v":{"Id":"a0NB0000000RasPMAS","testautonumdata__Can (9 more) ...":"a0MB0000000cQdIMAU","testautonumdata__Dat (4 more) ...":"10/26/2016","testautonumdata__Int (14 more) ...":"Recruiter Interview","testautonumdata__Can (9 more) ...":{"s":2,"v":{"testautonumdata__Ful (9 more) ...":"Lizz Brooks","testautonumdata__Pos (8 more) ...":"a0LB0000000sexWMAQ","Id":"a0MB0000000cQdIMAU","testautonumdata__Pos (8 more) ...":{"s":3,"v":{"Name":"Project Coordinator","Id":"a0LB0000000sexWMAQ"}}}}}}|0x98f157b
13:20:23.3 (80294236)|STATEMENT_EXECUTE|[191]
13:20:23.3 (80295470)|STATEMENT_EXECUTE|[192]
13:20:23.3 (80312304)|ENTERING_MANAGED_PKG|
13:20:23.3 (80358077)|HEAP_ALLOCATE|[192]|Bytes:196
13:20:23.3 (80373696)|HEAP_ALLOCATE|[192]|Bytes:208
13:20:23.3 (80384167)|ENTERING_MANAGED_PKG|
13:20:23.3 (80391122)|USER_DEBUG|[192]|DEBUG|######## e: testautonumdata__Interview__c:{Id=a0NB0000000RasPMAS, testautonumdata__Candidate__c=a0MB0000000cQdIMAU, testautonumdata__Date__c=10/26/2016, testautonumdata__Interview_Type__c=Recruiter Interview}
13:20:23.3 (80404518)|STATEMENT_EXECUTE|[193]
13:20:23.3 (80409995)|HEAP_ALLOCATE|[193]|Bytes:28
13:20:23.3 (80420951)|CONSTRUCTOR_ENTRY|[193]|01pB0000000lA1s|<init>()
13:20:23.3 (80427033)|VARIABLE_SCOPE_BEGIN|[1]|this|testautonumdata.InterviewsLCServerController|true|false
13:20:23.3 (80462116)|VARIABLE_ASSIGNMENT|[1]|this|{}|0x754123b9
13:20:23.3 (80473305)|HEAP_ALLOCATE|[EXTERNAL]|Bytes:5
13:20:23.3 (80497421)|STATEMENT_EXECUTE|[1]
13:20:23.3 (80503863)|HEAP_ALLOCATE|[EXTERNAL]|Bytes:5
13:20:23.3 (80507829)|STATEMENT_EXECUTE|[6]
13:20:23.3 (80510157)|STATEMENT_EXECUTE|[8]
13:20:23.3 (80511751)|STATEMENT_EXECUTE|[10]
13:20:23.3 (80513634)|STATEMENT_EXECUTE|[12]
13:20:23.3 (80515421)|STATEMENT_EXECUTE|[14]
13:20:23.3 (80517033)|STATEMENT_EXECUTE|[16]
13:20:23.3 (80532863)|CONSTRUCTOR_EXIT|[193]|01pB0000000lA1s|<init>()
13:20:23.3 (80540944)|VARIABLE_SCOPE_BEGIN|[193]|i|testautonumdata.InterviewsLCServerController|true|false
13:20:23.3 (80575452)|VARIABLE_ASSIGNMENT|[193]|i|{}|0x754123b9
13:20:23.3 (80581276)|STATEMENT_EXECUTE|[196]
13:20:23.3 (80606585)|ENTERING_MANAGED_PKG|
13:20:23.3 (80637865)|HEAP_ALLOCATE|[196]|Bytes:4
13:20:23.3 (80670838)|ENTERING_MANAGED_PKG|
13:20:23.3 (80676158)|HEAP_ALLOCATE|[196]|Bytes:18
13:20:23.3 (80710505)|VARIABLE_ASSIGNMENT|[EXTERNAL]|this|{}|0x754123b9
13:20:23.3 (80717373)|VARIABLE_ASSIGNMENT|[EXTERNAL]|value|"a0NB0000000RasPMAS"
13:20:23.3 (80725530)|VARIABLE_ASSIGNMENT|[6]|this.recordID|"a0NB0000000RasPMAS"|0x754123b9
13:20:23.3 (80733049)|STATEMENT_EXECUTE|[198]
13:20:23.3 (80734577)|STATEMENT_EXECUTE|[199]
13:20:23.3 (80740547)|METHOD_ENTRY|[199]|01pB0000000lA1s|testautonumdata.InterviewsLCServerController.GetSobjectField(SObject, String)
13:20:23.3 (80745071)|VARIABLE_SCOPE_BEGIN|[235]|e|SObject|true|false
13:20:23.3 (80767471)|VARIABLE_ASSIGNMENT|[235]|e|{"s":1,"v":{"Id":"a0NB0000000RasPMAS","testautonumdata__Can (9 more) ...":"a0MB0000000cQdIMAU","testautonumdata__Dat (4 more) ...":"10/26/2016","testautonumdata__Int (14 more) ...":"Recruiter Interview","testautonumdata__Can (9 more) ...":{"s":2,"v":{"testautonumdata__Ful (9 more) ...":"Lizz Brooks","testautonumdata__Pos (8 more) ...":"a0LB0000000sexWMAQ","Id":"a0MB0000000cQdIMAU","testautonumdata__Pos (8 more) ...":{"s":3,"v":{"Name":"Project Coordinator","Id":"a0LB0000000sexWMAQ"}}}}}}|0x98f157b
13:20:23.3 (80772074)|VARIABLE_SCOPE_BEGIN|[235]|lcfield|String|false|false
13:20:23.3 (80776127)|VARIABLE_ASSIGNMENT|[235]|lcfield|"testautonumdata__Can (9 more) ..."
13:20:23.3 (80783535)|HEAP_ALLOCATE|[238]|Bytes:5
13:20:23.3 (80786897)|STATEMENT_EXECUTE|[236]
13:20:23.3 (80788034)|STATEMENT_EXECUTE|[238]
13:20:23.3 (80791689)|VARIABLE_SCOPE_BEGIN|[238]|returnValue|String|false|false
13:20:23.3 (80796220)|VARIABLE_ASSIGNMENT|[238]|returnValue|""
13:20:23.3 (80811805)|ENTERING_MANAGED_PKG|
13:20:23.3 (80821299)|STATEMENT_EXECUTE|[255]
13:20:23.3 (80830512)|ENTERING_MANAGED_PKG|
13:20:23.3 (80857109)|HEAP_ALLOCATE|[255]|Bytes:4
13:20:23.3 (80875681)|ENTERING_MANAGED_PKG|
13:20:23.3 (80879692)|HEAP_ALLOCATE|[255]|Bytes:18
13:20:23.3 (80892040)|VARIABLE_ASSIGNMENT|[255]|returnValue|"a0MB0000000cQdIMAU"
13:20:23.3 (80894844)|STATEMENT_EXECUTE|[257]
13:20:23.3 (80905240)|METHOD_EXIT|[199]|01pB0000000lA1s|testautonumdata.InterviewsLCServerController.GetSobjectField(SObject, String)
13:20:23.3 (80949688)|VARIABLE_ASSIGNMENT|[EXTERNAL]|this|{"recordID":"a0NB0000000RasPMAS"}|0x754123b9
13:20:23.3 (80959975)|VARIABLE_ASSIGNMENT|[EXTERNAL]|value|"a0MB0000000cQdIMAU"
13:20:23.3 (80972834)|VARIABLE_ASSIGNMENT|[8]|this.eventField|"a0MB0000000cQdIMAU"|0x754123b9
13:20:23.3 (80985500)|STATEMENT_EXECUTE|[202]
13:20:23.3 (80988022)|STATEMENT_EXECUTE|[203]
13:20:23.3 (80996335)|METHOD_ENTRY|[203]|01pB0000000lA1s|testautonumdata.InterviewsLCServerController.GetSobjectField(SObject, String)
13:20:23.3 (81004339)|VARIABLE_SCOPE_BEGIN|[235]|e|SObject|true|false
13:20:23.3 (81034674)|VARIABLE_ASSIGNMENT|[235]|e|{"s":1,"v":{"Id":"a0NB0000000RasPMAS","testautonumdata__Can (9 more) ...":"a0MB0000000cQdIMAU","testautonumdata__Dat (4 more) ...":"10/26/2016","testautonumdata__Int (14 more) ...":"Recruiter Interview","testautonumdata__Can (9 more) ...":{"s":2,"v":{"testautonumdata__Ful (9 more) ...":"Lizz Brooks","testautonumdata__Pos (8 more) ...":"a0LB0000000sexWMAQ","Id":"a0MB0000000cQdIMAU","testautonumdata__Pos (8 more) ...":{"s":3,"v":{"Name":"Project Coordinator","Id":"a0LB0000000sexWMAQ"}}}}}}|0x98f157b
13:20:23.3 (81040215)|VARIABLE_SCOPE_BEGIN|[235]|lcfield|String|false|false
13:20:23.3 (81045187)|VARIABLE_ASSIGNMENT|[235]|lcfield|"testautonumdata__Can (39 more) ..."
13:20:23.3 (81052778)|HEAP_ALLOCATE|[238]|Bytes:5
13:20:23.3 (81056643)|STATEMENT_EXECUTE|[236]
13:20:23.3 (81057798)|STATEMENT_EXECUTE|[238]
13:20:23.3 (81061599)|VARIABLE_SCOPE_BEGIN|[238]|returnValue|String|false|false
13:20:23.3 (81065835)|VARIABLE_ASSIGNMENT|[238]|returnValue|""
13:20:23.3 (81082574)|ENTERING_MANAGED_PKG|
13:20:23.3 (81100340)|STATEMENT_EXECUTE|[241]
13:20:23.3 (81103430)|STATEMENT_EXECUTE|[242]
13:20:23.3 (81122985)|ENTERING_MANAGED_PKG|
13:20:23.3 (81129870)|HEAP_ALLOCATE|[242]|Bytes:29
13:20:23.3 (81147945)|VARIABLE_SCOPE_BEGIN|[242]|relName|String|false|false
13:20:23.3 (81160125)|VARIABLE_ASSIGNMENT|[242]|relName|"testautonumdata__Can (9 more) ..."
13:20:23.3 (81164363)|STATEMENT_EXECUTE|[243]
13:20:23.3 (81184811)|ENTERING_MANAGED_PKG|
13:20:23.3 (81191953)|HEAP_ALLOCATE|[243]|Bytes:29
13:20:23.3 (81210888)|VARIABLE_SCOPE_BEGIN|[243]|relField|String|false|false
13:20:23.3 (81223105)|VARIABLE_ASSIGNMENT|[243]|relField|"testautonumdata__Ful (9 more) ..."
13:20:23.3 (81245911)|ENTERING_MANAGED_PKG|
13:20:23.3 (81262245)|STATEMENT_EXECUTE|[251]
13:20:23.3 (81276795)|ENTERING_MANAGED_PKG|
13:20:23.3 (81334186)|HEAP_ALLOCATE|[251]|Bytes:20
13:20:23.3 (81363817)|ENTERING_MANAGED_PKG|
13:20:23.3 (81400572)|HEAP_ALLOCATE|[251]|Bytes:11
13:20:23.3 (81429537)|ENTERING_MANAGED_PKG|
13:20:23.3 (81435545)|HEAP_ALLOCATE|[251]|Bytes:11
13:20:23.3 (81453961)|VARIABLE_ASSIGNMENT|[251]|returnValue|"Lizz Brooks"
13:20:23.3 (81458787)|STATEMENT_EXECUTE|[257]
13:20:23.3 (81469758)|METHOD_EXIT|[203]|01pB0000000lA1s|testautonumdata.InterviewsLCServerController.GetSobjectField(SObject, String)
13:20:23.3 (81513398)|VARIABLE_ASSIGNMENT|[EXTERNAL]|this|{"eventField":"a0MB0000000cQdIMAU","recordID":"a0NB0000000RasPMAS"}|0x754123b9
13:20:23.3 (81522304)|VARIABLE_ASSIGNMENT|[EXTERNAL]|value|"Lizz Brooks"
13:20:23.3 (81532379)|VARIABLE_ASSIGNMENT|[10]|this.column1|"Lizz Brooks"|0x754123b9
13:20:23.3 (81543188)|STATEMENT_EXECUTE|[206]
13:20:23.3 (81545595)|STATEMENT_EXECUTE|[207]
13:20:23.3 (81553193)|METHOD_ENTRY|[207]|01pB0000000lA1s|testautonumdata.InterviewsLCServerController.GetSobjectField(SObject, String)
13:20:23.3 (81559475)|VARIABLE_SCOPE_BEGIN|[235]|e|SObject|true|false
13:20:23.3 (81594671)|VARIABLE_ASSIGNMENT|[235]|e|{"s":1,"v":{"Id":"a0NB0000000RasPMAS","testautonumdata__Can (9 more) ...":"a0MB0000000cQdIMAU","testautonumdata__Dat (4 more) ...":"10/26/2016","testautonumdata__Int (14 more) ...":"Recruiter Interview","testautonumdata__Can (9 more) ...":{"s":2,"v":{"testautonumdata__Ful (9 more) ...":"Lizz Brooks","testautonumdata__Pos (8 more) ...":"a0LB0000000sexWMAQ","Id":"a0MB0000000cQdIMAU","testautonumdata__Pos (8 more) ...":{"s":3,"v":{"Name":"Project Coordinator","Id":"a0LB0000000sexWMAQ"}}}}}}|0x98f157b
13:20:23.3 (81601323)|VARIABLE_SCOPE_BEGIN|[235]|lcfield|String|false|false
13:20:23.3 (81607860)|VARIABLE_ASSIGNMENT|[235]|lcfield|"testautonumdata__Can (43 more) ..."
13:20:23.3 (81617395)|HEAP_ALLOCATE|[238]|Bytes:5
13:20:23.3 (81621925)|STATEMENT_EXECUTE|[236]
13:20:23.3 (81623879)|STATEMENT_EXECUTE|[238]
13:20:23.3 (81629106)|VARIABLE_SCOPE_BEGIN|[238]|returnValue|String|false|false
13:20:23.3 (81636304)|VARIABLE_ASSIGNMENT|[238]|returnValue|""
13:20:23.3 (81657175)|ENTERING_MANAGED_PKG|
13:20:23.3 (81671799)|STATEMENT_EXECUTE|[241]
13:20:23.3 (81674297)|STATEMENT_EXECUTE|[242]
13:20:23.3 (81688245)|ENTERING_MANAGED_PKG|
13:20:23.3 (81693875)|HEAP_ALLOCATE|[242]|Bytes:29
13:20:23.3 (81706942)|VARIABLE_SCOPE_BEGIN|[242]|relName|String|false|false
13:20:23.3 (81717329)|VARIABLE_ASSIGNMENT|[242]|relName|"testautonumdata__Can (9 more) ..."
13:20:23.3 (81721003)|STATEMENT_EXECUTE|[243]
13:20:23.3 (81737068)|ENTERING_MANAGED_PKG|
13:20:23.3 (81743486)|HEAP_ALLOCATE|[243]|Bytes:33
13:20:23.3 (81759808)|VARIABLE_SCOPE_BEGIN|[243]|relField|String|false|false
13:20:23.3 (81772630)|VARIABLE_ASSIGNMENT|[243]|relField|"testautonumdata__Pos (13 more) ..."
13:20:23.3 (81795041)|ENTERING_MANAGED_PKG|
13:20:23.3 (81813246)|STATEMENT_EXECUTE|[245]
13:20:23.3 (81816172)|STATEMENT_EXECUTE|[246]
13:20:23.3 (81833927)|ENTERING_MANAGED_PKG|
13:20:23.3 (81840808)|HEAP_ALLOCATE|[246]|Bytes:28
13:20:23.3 (81858680)|VARIABLE_SCOPE_BEGIN|[246]|relName2|String|false|false
13:20:23.3 (81872265)|VARIABLE_ASSIGNMENT|[246]|relName2|"testautonumdata__Pos (8 more) ..."
13:20:23.3 (81876413)|STATEMENT_EXECUTE|[247]
13:20:23.3 (81898571)|ENTERING_MANAGED_PKG|
13:20:23.3 (81906105)|HEAP_ALLOCATE|[247]|Bytes:4
13:20:23.3 (81924685)|VARIABLE_SCOPE_BEGIN|[247]|relField2|String|false|false
13:20:23.3 (81936475)|VARIABLE_ASSIGNMENT|[247]|relField2|"Name"
13:20:23.3 (81940642)|STATEMENT_EXECUTE|[248]
13:20:23.3 (81963109)|ENTERING_MANAGED_PKG|
13:20:23.3 (82013317)|HEAP_ALLOCATE|[248]|Bytes:20
13:20:23.3 (82044829)|ENTERING_MANAGED_PKG|
13:20:23.3 (82104339)|HEAP_ALLOCATE|[248]|Bytes:12
13:20:23.3 (82136280)|ENTERING_MANAGED_PKG|
13:20:23.3 (82175555)|HEAP_ALLOCATE|[248]|Bytes:19
13:20:23.3 (82209689)|ENTERING_MANAGED_PKG|
13:20:23.3 (82217153)|HEAP_ALLOCATE|[248]|Bytes:19
13:20:23.3 (82240448)|VARIABLE_ASSIGNMENT|[248]|returnValue|"Project Coordinator"
13:20:23.3 (82246289)|STATEMENT_EXECUTE|[257]
13:20:23.3 (82259716)|METHOD_EXIT|[207]|01pB0000000lA1s|testautonumdata.InterviewsLCServerController.GetSobjectField(SObject, String)
13:20:23.3 (82311776)|VARIABLE_ASSIGNMENT|[EXTERNAL]|this|{"column1":"Lizz Brooks","eventField":"a0MB0000000cQdIMAU","recordID":"a0NB0000000RasPMAS"}|0x754123b9
13:20:23.3 (82323360)|VARIABLE_ASSIGNMENT|[EXTERNAL]|value|"Project Coordinator"
13:20:23.3 (82337479)|VARIABLE_ASSIGNMENT|[12]|this.column2|"Project Coordinator"|0x754123b9
13:20:23.3 (82350684)|STATEMENT_EXECUTE|[211]
13:20:23.3 (82353647)|STATEMENT_EXECUTE|[212]
13:20:23.3 (82362506)|METHOD_ENTRY|[212]|01pB0000000lA1s|testautonumdata.InterviewsLCServerController.GetSobjectField(SObject, String)
13:20:23.3 (82370091)|VARIABLE_SCOPE_BEGIN|[235]|e|SObject|true|false
13:20:23.3 (82409654)|VARIABLE_ASSIGNMENT|[235]|e|{"s":1,"v":{"Id":"a0NB0000000RasPMAS","testautonumdata__Can (9 more) ...":"a0MB0000000cQdIMAU","testautonumdata__Dat (4 more) ...":"10/26/2016","testautonumdata__Int (14 more) ...":"Recruiter Interview","testautonumdata__Can (9 more) ...":{"s":2,"v":{"testautonumdata__Ful (9 more) ...":"Lizz Brooks","testautonumdata__Pos (8 more) ...":"a0LB0000000sexWMAQ","Id":"a0MB0000000cQdIMAU","testautonumdata__Pos (8 more) ...":{"s":3,"v":{"Name":"Project Coordinator","Id":"a0LB0000000sexWMAQ"}}}}}}|0x98f157b
13:20:23.3 (82417841)|VARIABLE_SCOPE_BEGIN|[235]|lcfield|String|false|false
13:20:23.3 (82427146)|VARIABLE_ASSIGNMENT|[235]|lcfield|"testautonumdata__Dat (4 more) ..."
13:20:23.3 (82438191)|HEAP_ALLOCATE|[238]|Bytes:5
13:20:23.3 (82444080)|STATEMENT_EXECUTE|[236]
13:20:23.3 (82446448)|STATEMENT_EXECUTE|[238]
13:20:23.3 (82452265)|VARIABLE_SCOPE_BEGIN|[238]|returnValue|String|false|false
13:20:23.3 (82459855)|VARIABLE_ASSIGNMENT|[238]|returnValue|""
13:20:23.3 (82484453)|ENTERING_MANAGED_PKG|
13:20:23.3 (82502867)|STATEMENT_EXECUTE|[255]
13:20:23.3 (82521491)|ENTERING_MANAGED_PKG|
13:20:23.3 (82554024)|HEAP_ALLOCATE|[255]|Bytes:10
13:20:23.3 (82583514)|ENTERING_MANAGED_PKG|
13:20:23.3 (82589983)|HEAP_ALLOCATE|[255]|Bytes:10
13:20:23.3 (82608177)|VARIABLE_ASSIGNMENT|[255]|returnValue|"10/26/2016"
13:20:23.3 (82612514)|STATEMENT_EXECUTE|[257]
13:20:23.3 (82622838)|METHOD_EXIT|[212]|01pB0000000lA1s|testautonumdata.InterviewsLCServerController.GetSobjectField(SObject, String)
13:20:23.3 (82668919)|VARIABLE_ASSIGNMENT|[EXTERNAL]|this|{"column1":"Lizz Brooks","column2":"Project Coordinator","eventField":"a0MB0000000cQdIMAU","recordID":"a0NB0000000RasPMAS"}|0x754123b9
13:20:23.3 (82677977)|VARIABLE_ASSIGNMENT|[EXTERNAL]|value|"10/26/2016"
13:20:23.3 (82689569)|VARIABLE_ASSIGNMENT|[14]|this.column3|"10/26/2016"|0x754123b9
13:20:23.3 (82700541)|STATEMENT_EXECUTE|[216]
13:20:23.3 (82702980)|STATEMENT_EXECUTE|[217]
13:20:23.3 (82710815)|METHOD_ENTRY|[217]|01pB0000000lA1s|testautonumdata.InterviewsLCServerController.GetSobjectField(SObject, String)
13:20:23.3 (82717932)|VARIABLE_SCOPE_BEGIN|[235]|e|SObject|true|false
13:20:23.3 (82754265)|VARIABLE_ASSIGNMENT|[235]|e|{"s":1,"v":{"Id":"a0NB0000000RasPMAS","testautonumdata__Can (9 more) ...":"a0MB0000000cQdIMAU","testautonumdata__Dat (4 more) ...":"10/26/2016","testautonumdata__Int (14 more) ...":"Recruiter Interview","testautonumdata__Can (9 more) ...":{"s":2,"v":{"testautonumdata__Ful (9 more) ...":"Lizz Brooks","testautonumdata__Pos (8 more) ...":"a0LB0000000sexWMAQ","Id":"a0MB0000000cQdIMAU","testautonumdata__Pos (8 more) ...":{"s":3,"v":{"Name":"Project Coordinator","Id":"a0LB0000000sexWMAQ"}}}}}}|0x98f157b
13:20:23.3 (82762986)|VARIABLE_SCOPE_BEGIN|[235]|lcfield|String|false|false
13:20:23.3 (82771461)|VARIABLE_ASSIGNMENT|[235]|lcfield|"testautonumdata__Int (14 more) ..."
13:20:23.3 (82781440)|HEAP_ALLOCATE|[238]|Bytes:5
13:20:23.3 (82786736)|STATEMENT_EXECUTE|[236]
13:20:23.3 (82788734)|STATEMENT_EXECUTE|[238]
13:20:23.3 (82793853)|VARIABLE_SCOPE_BEGIN|[238]|returnValue|String|false|false
13:20:23.3 (82801630)|VARIABLE_ASSIGNMENT|[238]|returnValue|""
13:20:23.3 (82823524)|ENTERING_MANAGED_PKG|
13:20:23.3 (82839380)|STATEMENT_EXECUTE|[255]
13:20:23.3 (82857619)|ENTERING_MANAGED_PKG|
13:20:23.3 (82890234)|HEAP_ALLOCATE|[255]|Bytes:19
13:20:23.3 (82923575)|ENTERING_MANAGED_PKG|
13:20:23.3 (82931360)|HEAP_ALLOCATE|[255]|Bytes:19
13:20:23.3 (82947990)|VARIABLE_ASSIGNMENT|[255]|returnValue|"Recruiter Interview"
13:20:23.3 (82951063)|STATEMENT_EXECUTE|[257]
13:20:23.3 (82962477)|METHOD_EXIT|[217]|01pB0000000lA1s|testautonumdata.InterviewsLCServerController.GetSobjectField(SObject, String)
13:20:23.3 (82997905)|VARIABLE_ASSIGNMENT|[EXTERNAL]|this|{"column1":"Lizz Brooks","column2":"Project Coordinator","column3":"10/26/2016","eventField":"a0MB0000000cQdIMAU","recordID":"a0NB0000000RasPMAS"}|0x754123b9
13:20:23.3 (83004480)|VARIABLE_ASSIGNMENT|[EXTERNAL]|value|"Recruiter Interview"
13:20:23.3 (83012923)|VARIABLE_ASSIGNMENT|[16]|this.column4|"Recruiter Interview"|0x754123b9
13:20:23.3 (83020221)|STATEMENT_EXECUTE|[221]
13:20:23.3 (83031130)|ENTERING_MANAGED_PKG|
13:20:23.3 (83040868)|HEAP_ALLOCATE|[EXTERNAL]|Bytes:4
13:20:23.3 (83047842)|STATEMENT_EXECUTE|[223]
13:20:23.3 (83061259)|ENTERING_MANAGED_PKG|
13:20:23.3 (83116803)|HEAP_ALLOCATE|[223]|Bytes:464
13:20:23.3 (83134476)|HEAP_ALLOCATE|[223]|Bytes:476
13:20:23.3 (83146880)|ENTERING_MANAGED_PKG|
13:20:23.3 (83154750)|USER_DEBUG|[223]|DEBUG|######## i: InterviewsLCServerController:[column1=Lizz Brooks, column2=Project Coordinator, column3=10/26/2016, column4=Recruiter Interview, eventField=a0MB0000000cQdIMAU, mapObjectsFields={testautonumdata__Candidate__c={testautonumdata__Full_Name__c}, testautonumdata__Interview__c={Id, testautonumdata__Candidate__c, testautonumdata__Date__c, testautonumdata__Interview_Type__c, testautonumdata__Status__c}, testautonumdata__Position__c={Name}}, recordID=a0NB0000000RasPMAS]
13:20:23.3 (83172215)|HEAP_ALLOCATE|[190]|Bytes:5
13:20:23.3 (83187463)|VARIABLE_ASSIGNMENT|[190]|e|null|
13:20:23.3 (83192352)|STATEMENT_EXECUTE|[228]
13:20:23.3 (83195718)|HEAP_ALLOCATE|[228]|Bytes:27
13:20:23.3 (83221400)|ENTERING_MANAGED_PKG|
13:20:23.3 (83355235)|HEAP_ALLOCATE|[228]|Bytes:697
13:20:23.3 (83383418)|HEAP_ALLOCATE|[228]|Bytes:724
13:20:23.3 (83408199)|ENTERING_MANAGED_PKG|
13:20:23.3 (83419712)|USER_DEBUG|[228]|DEBUG|######## lstReturnRecords: (InterviewsLCServerController:[column1=Rodrigo Reboucas, column2=Architect - Force.com, column3=11/9/2016, column4=Technical Interview, eventField=a0MB0000000cQXFMA2, mapObjectsFields={testautonumdata__Candidate__c={testautonumdata__Full_Name__c}, testautonumdata__Interview__c={Id, testautonumdata__Candidate__c, testautonumdata__Date__c, testautonumdata__Interview_Type__c, testautonumdata__Status__c}, testautonumdata__Position__c={Name}}, recordID=a0NB0000000TaTOMA0], InterviewsLCServerController:[column1=Lizz Brooks, column2=Project Coordinator, column3=10/26/2016, column4=Recruiter Interview, eventField=a0MB0000000cQdIMAU, mapObjectsFields=(already output), recordID=a0NB0000000RasPMAS])
13:20:23.3 (83437012)|STATEMENT_EXECUTE|[230]
13:20:23.3 (83457720)|SYSTEM_MODE_EXIT|false
13:20:23.83 (83516401)|CUMULATIVE_LIMIT_USAGE
13:20:23.83 (83516401)|LIMIT_USAGE_FOR_NS|(default)|
  Number of SOQL queries: 0 out of 100
  Number of query rows: 0 out of 50000
  Number of SOSL queries: 0 out of 20
  Number of DML statements: 0 out of 150
  Number of DML rows: 0 out of 10000
  Maximum CPU time: 0 out of 10000
  Maximum heap size: 0 out of 6000000
  Number of callouts: 0 out of 100
  Number of Email Invocations: 0 out of 10
  Number of future calls: 0 out of 50
  Number of queueable jobs added to the queue: 0 out of 50
  Number of Mobile Apex push calls: 0 out of 10

13:20:23.83 (83516401)|LIMIT_USAGE_FOR_NS|testautonumdata|
  Number of SOQL queries: 1 out of 100
  Number of query rows: 2 out of 50000
  Number of SOSL queries: 0 out of 20
  Number of DML statements: 0 out of 150
  Number of DML rows: 0 out of 10000
  Maximum CPU time: 0 out of 10000
  Maximum heap size: 0 out of 6000000
  Number of callouts: 0 out of 100
  Number of Email Invocations: 0 out of 10
  Number of future calls: 0 out of 50
  Number of queueable jobs added to the queue: 0 out of 50
  Number of Mobile Apex push calls: 0 out of 10

13:20:23.83 (83516401)|CUMULATIVE_LIMIT_USAGE_END

13:20:23.3 (83612789)|CODE_UNIT_FINISHED|InterviewsLCServerController.getListRecords
13:20:23.86 (86387472)|USER_INFO|[EXTERNAL]|005B0000001VpZR|rreboucas-yi5c@force.com|Pacific Standard Time|GMT-07:00
13:20:23.86 (86403832)|CODE_UNIT_STARTED|[EXTERNAL]|Aura
13:20:23.86 (86480265)|CODE_UNIT_FINISHED|Aura
13:20:23.88 (88202185)|USER_INFO|[EXTERNAL]|005B0000001VpZR|rreboucas-yi5c@force.com|Pacific Standard Time|GMT-07:00
13:20:23.88 (88212639)|CODE_UNIT_STARTED|[EXTERNAL]|Aura
13:20:23.88 (88255372)|CODE_UNIT_FINISHED|Aura
