37.0 APEX_CODE,FINEST;APEX_PROFILING,INFO;CALLOUT,INFO;DB,INFO;SYSTEM,DEBUG;VALIDATION,INFO;VISUALFORCE,INFO;WORKFLOW,INFO
12:10:35.0 (112892)|USER_INFO|[EXTERNAL]|005B0000001VpZR|rreboucas-yi5c@force.com|Pacific Standard Time|GMT-07:00
12:10:35.0 (795581)|HEAP_ALLOCATE|[72]|Bytes:3
12:10:35.0 (848477)|HEAP_ALLOCATE|[77]|Bytes:152
12:10:35.0 (867861)|HEAP_ALLOCATE|[342]|Bytes:408
12:10:35.0 (887533)|HEAP_ALLOCATE|[355]|Bytes:408
12:10:35.0 (906685)|HEAP_ALLOCATE|[467]|Bytes:48
12:10:35.2 (2926925)|USER_INFO|[EXTERNAL]|005B0000001VpZR|rreboucas-yi5c@force.com|Pacific Standard Time|GMT-07:00
12:10:35.2 (3102912)|STATEMENT_EXECUTE|[1]
12:10:35.2 (3155066)|HEAP_ALLOCATE|[50]|Bytes:5
12:10:35.2 (3180495)|HEAP_ALLOCATE|[56]|Bytes:5
12:10:35.2 (3189988)|HEAP_ALLOCATE|[64]|Bytes:7
12:10:35.2 (3220186)|SYSTEM_MODE_ENTER|false
12:10:35.2 (3239452)|HEAP_ALLOCATE|[EXTERNAL]|Bytes:5
12:10:35.2 (3247506)|SYSTEM_MODE_EXIT|false
12:10:35.2 (3260153)|METHOD_EXIT|[1]|ReferralsServerController
12:10:35.2 (3282813)|HEAP_ALLOCATE|[EXTERNAL]|Bytes:28
12:10:35.2 (3286282)|HEAP_ALLOCATE|[EXTERNAL]|Bytes:28
12:10:35.2 (3287850)|HEAP_ALLOCATE|[EXTERNAL]|Bytes:29
12:10:35.2 (3296283)|SYSTEM_MODE_ENTER|false
12:10:35.2 (3305114)|VARIABLE_SCOPE_BEGIN|[20]|rowsLimit|Integer|false|false
12:10:35.2 (3344455)|VARIABLE_ASSIGNMENT|[20]|rowsLimit|8
12:10:35.2 (3352026)|VARIABLE_SCOPE_BEGIN|[20]|recordId|String|false|false
12:10:35.2 (3361470)|VARIABLE_ASSIGNMENT|[20]|recordId|null
12:10:35.2 (3366151)|VARIABLE_SCOPE_BEGIN|[20]|objectApiName|String|false|false
12:10:35.2 (3378702)|VARIABLE_ASSIGNMENT|[20]|objectApiName|"testautonumdata__Ref (8 more) ..."
12:10:35.2 (3381467)|VARIABLE_SCOPE_BEGIN|[20]|ParentObjectFieldName|String|false|false
12:10:35.2 (3385300)|VARIABLE_ASSIGNMENT|[20]|ParentObjectFieldName|"testautonumdata__Can (9 more) ..."
12:10:35.2 (3387595)|VARIABLE_SCOPE_BEGIN|[20]|filter1Field|String|false|false
12:10:35.2 (3390786)|VARIABLE_ASSIGNMENT|[20]|filter1Field|null
12:10:35.2 (3393157)|VARIABLE_SCOPE_BEGIN|[20]|filter1Value|String|false|false
12:10:35.2 (3395524)|VARIABLE_ASSIGNMENT|[20]|filter1Value|null
12:10:35.2 (3397533)|VARIABLE_SCOPE_BEGIN|[20]|column1|String|false|false
12:10:35.2 (3400084)|VARIABLE_ASSIGNMENT|[20]|column1|null
12:10:35.2 (3402428)|VARIABLE_SCOPE_BEGIN|[20]|RelFieldWithName|String|false|false
12:10:35.2 (3405063)|VARIABLE_ASSIGNMENT|[20]|RelFieldWithName|null
12:10:35.2 (3407097)|VARIABLE_SCOPE_BEGIN|[20]|column2|String|false|false
12:10:35.2 (3409825)|VARIABLE_ASSIGNMENT|[20]|column2|null
12:10:35.2 (3425504)|HEAP_ALLOCATE|[22]|Bytes:5
12:10:35.2 (3430188)|STATEMENT_EXECUTE|[20]
12:10:35.2 (3431826)|STATEMENT_EXECUTE|[22]
12:10:35.2 (3436428)|HEAP_ALLOCATE|[22]|Bytes:20
12:10:35.2 (3468509)|ENTERING_MANAGED_PKG|
12:10:35.2 (3506836)|HEAP_ALLOCATE|[22]|Bytes:1
12:10:35.2 (3530216)|HEAP_ALLOCATE|[22]|Bytes:21
12:10:35.2 (3560965)|ENTERING_MANAGED_PKG|
12:10:35.2 (3571301)|USER_DEBUG|[22]|DEBUG|######## rowsLimit: 8
12:10:35.2 (3579026)|STATEMENT_EXECUTE|[23]
12:10:35.2 (3583475)|HEAP_ALLOCATE|[23]|Bytes:24
12:10:35.2 (3590318)|HEAP_ALLOCATE|[23]|Bytes:52
12:10:35.2 (3601370)|ENTERING_MANAGED_PKG|
12:10:35.2 (3626781)|USER_DEBUG|[23]|DEBUG|######## objectApiName: testautonumdata__Referral__c
12:10:35.2 (3634118)|STATEMENT_EXECUTE|[27]
12:10:35.2 (3719446)|HEAP_ALLOCATE|[27]|Bytes:4
12:10:35.2 (3813577)|ENTERING_MANAGED_PKG|
12:10:35.2 (3846067)|VARIABLE_SCOPE_BEGIN|[27]|lstReturnRecords|List<testautonumdata.ReferralsServerController>|true|false
12:10:35.2 (3880413)|HEAP_ALLOCATE|[EXTERNAL]|Bytes:4
12:10:35.2 (3907243)|VARIABLE_ASSIGNMENT|[27]|lstReturnRecords|{"s":1,"v":[]}|0x2b4dfece
12:10:35.2 (3911433)|STATEMENT_EXECUTE|[29]
12:10:35.2 (3913328)|STATEMENT_EXECUTE|[102]
12:10:35.2 (3917081)|HEAP_ALLOCATE|[102]|Bytes:27
12:10:35.2 (3936562)|ENTERING_MANAGED_PKG|
12:10:35.2 (3972635)|HEAP_ALLOCATE|[102]|Bytes:2
12:10:35.2 (3988405)|HEAP_ALLOCATE|[102]|Bytes:29
12:10:35.2 (4003115)|ENTERING_MANAGED_PKG|
12:10:35.2 (4008966)|USER_DEBUG|[102]|DEBUG|######## lstReturnRecords: ()
12:10:35.2 (4015407)|STATEMENT_EXECUTE|[104]
12:10:35.2 (4029051)|SYSTEM_MODE_EXIT|false
12:10:35.4 (4068968)|CUMULATIVE_LIMIT_USAGE
12:10:35.4 (4068968)|LIMIT_USAGE_FOR_NS|(default)|
  Number of SOQL queries: 0 out of 100
  Number of query rows: 0 out of 50000
  Number of SOSL queries: 0 out of 20
  Number of DML statements: 0 out of 150
  Number of DML rows: 0 out of 10000
  Maximum CPU time: 0 out of 10000
  Maximum heap size: 0 out of 6000000
  Number of callouts: 0 out of 100
  Number of Email Invocations: 0 out of 10
  Number of future calls: 0 out of 50
  Number of queueable jobs added to the queue: 0 out of 50
  Number of Mobile Apex push calls: 0 out of 10

12:10:35.4 (4068968)|CUMULATIVE_LIMIT_USAGE_END

12:10:35.2 (4128713)|CODE_UNIT_FINISHED|ReferralsServerController.getListRecords
