38.0 APEX_CODE,FINEST;APEX_PROFILING,INFO;CALLOUT,INFO;DB,INFO;SYSTEM,DEBUG;VALIDATION,INFO;VISUALFORCE,INFO;WORKFLOW,INFO
08:03:25.0 (95467)|USER_INFO|[EXTERNAL]|005B0000001VpZR|rreboucas-yi5c@force.com|Pacific Standard Time|GMT-07:00
08:03:25.2 (2626315)|CODE_UNIT_STARTED|[EXTERNAL]|01pB0000000lc07|ListServerController.getListRecords
08:03:25.2 (2692929)|VARIABLE_SCOPE_BEGIN|[3]|ListServerController.mapObjectsFields|Map<String,Set<String>>|true|true
08:03:25.2 (2769899)|HEAP_ALLOCATE|[EXTERNAL]|Bytes:180
08:03:25.2 (2778831)|HEAP_ALLOCATE|[EXTERNAL]|Bytes:22
08:03:25.2 (2782654)|HEAP_ALLOCATE|[EXTERNAL]|Bytes:27
08:03:25.2 (2807256)|METHOD_ENTRY|[1]|01pB0000000lc07|ListServerController.ListServerController()
08:03:25.2 (2812761)|STATEMENT_EXECUTE|[1]
08:03:25.2 (2820497)|STATEMENT_EXECUTE|[1]
08:03:25.2 (2862071)|HEAP_ALLOCATE|[50]|Bytes:5
08:03:25.2 (2889335)|HEAP_ALLOCATE|[56]|Bytes:5
08:03:25.2 (2898935)|HEAP_ALLOCATE|[64]|Bytes:7
08:03:25.2 (2926627)|SYSTEM_MODE_ENTER|false
08:03:25.2 (2948971)|HEAP_ALLOCATE|[3]|Bytes:5
08:03:25.2 (2953677)|STATEMENT_EXECUTE|[3]
08:03:25.2 (2996011)|VARIABLE_ASSIGNMENT|[3]|ListServerController.mapObjectsFields|null|
08:03:25.2 (3004282)|SYSTEM_MODE_EXIT|false
08:03:25.2 (3019807)|METHOD_EXIT|[1]|ListServerController
08:03:25.2 (3026067)|HEAP_ALLOCATE|[EXTERNAL]|Bytes:1
08:03:25.2 (3028536)|HEAP_ALLOCATE|[EXTERNAL]|Bytes:7
08:03:25.2 (3030184)|HEAP_ALLOCATE|[EXTERNAL]|Bytes:2
08:03:25.2 (3031643)|HEAP_ALLOCATE|[EXTERNAL]|Bytes:4
08:03:25.2 (3033144)|HEAP_ALLOCATE|[EXTERNAL]|Bytes:4
08:03:25.2 (3039533)|SYSTEM_MODE_ENTER|false
08:03:25.2 (3045680)|VARIABLE_SCOPE_BEGIN|[23]|rowsLimit|String|false|false
08:03:25.2 (3055747)|VARIABLE_ASSIGNMENT|[23]|rowsLimit|"8"
08:03:25.2 (3058146)|VARIABLE_SCOPE_BEGIN|[23]|objectApiName|String|false|false
08:03:25.2 (3061252)|VARIABLE_ASSIGNMENT|[23]|objectApiName|"Account"
08:03:25.2 (3063377)|VARIABLE_SCOPE_BEGIN|[23]|filter1Field|String|false|false
08:03:25.2 (3066857)|VARIABLE_ASSIGNMENT|[23]|filter1Field|null
08:03:25.2 (3069426)|VARIABLE_SCOPE_BEGIN|[23]|filter1Value|String|false|false
08:03:25.2 (3072088)|VARIABLE_ASSIGNMENT|[23]|filter1Value|null
08:03:25.2 (3074181)|VARIABLE_SCOPE_BEGIN|[23]|eventField|String|false|false
08:03:25.2 (3076776)|VARIABLE_ASSIGNMENT|[23]|eventField|"Id"
08:03:25.2 (3078771)|VARIABLE_SCOPE_BEGIN|[23]|column1|String|false|false
08:03:25.2 (3081377)|VARIABLE_ASSIGNMENT|[23]|column1|"Name"
08:03:25.2 (3083862)|VARIABLE_SCOPE_BEGIN|[23]|column2|String|false|false
08:03:25.2 (3086348)|VARIABLE_ASSIGNMENT|[23]|column2|null
08:03:25.2 (3088539)|VARIABLE_SCOPE_BEGIN|[23]|column3|String|false|false
08:03:25.2 (3090845)|VARIABLE_ASSIGNMENT|[23]|column3|null
08:03:25.2 (3093312)|VARIABLE_SCOPE_BEGIN|[23]|column4|String|false|false
08:03:25.2 (3095710)|VARIABLE_ASSIGNMENT|[23]|column4|null
08:03:25.2 (3098032)|VARIABLE_SCOPE_BEGIN|[23]|sortField|String|false|false
08:03:25.2 (3100472)|VARIABLE_ASSIGNMENT|[23]|sortField|"Name"
08:03:25.2 (3102573)|VARIABLE_SCOPE_BEGIN|[23]|sortDirection|String|false|false
08:03:25.2 (3105215)|VARIABLE_ASSIGNMENT|[23]|sortDirection|null
08:03:25.2 (3120387)|HEAP_ALLOCATE|[25]|Bytes:5
08:03:25.2 (3124250)|STATEMENT_EXECUTE|[23]
08:03:25.2 (3125700)|STATEMENT_EXECUTE|[25]
08:03:25.2 (3128414)|HEAP_ALLOCATE|[25]|Bytes:20
08:03:25.2 (3143287)|HEAP_ALLOCATE|[25]|Bytes:21
08:03:25.2 (3170184)|ENTERING_MANAGED_PKG|
08:03:25.2 (3219649)|USER_DEBUG|[25]|DEBUG|######## rowsLimit: 8
08:03:25.2 (3233909)|STATEMENT_EXECUTE|[26]
08:03:25.2 (3240086)|HEAP_ALLOCATE|[26]|Bytes:24
08:03:25.2 (3250726)|HEAP_ALLOCATE|[26]|Bytes:31
08:03:25.2 (3263931)|ENTERING_MANAGED_PKG|
08:03:25.2 (3290045)|USER_DEBUG|[26]|DEBUG|######## objectApiName: Account
08:03:25.2 (3300588)|STATEMENT_EXECUTE|[29]
08:03:25.2 (3309655)|HEAP_ALLOCATE|[29]|Bytes:4
08:03:25.2 (3360791)|VARIABLE_ASSIGNMENT|[29]|ListServerController.mapObjectsFields|{"s":1,"v":{}}|0x3ea89b86
08:03:25.2 (3366339)|STATEMENT_EXECUTE|[31]
08:03:25.2 (3371620)|HEAP_ALLOCATE|[31]|Bytes:2
08:03:25.2 (3555380)|HEAP_ALLOCATE|[31]|Bytes:19
08:03:25.2 (3564398)|HEAP_ALLOCATE|[31]|Bytes:28
08:03:25.2 (3581844)|METHOD_ENTRY|[1]|01pB0000000ljzx|Sparkle_Helper.Sparkle_Helper()
08:03:25.2 (3592787)|STATEMENT_EXECUTE|[1]
08:03:25.2 (3599241)|STATEMENT_EXECUTE|[1]
08:03:25.2 (3608475)|HEAP_ALLOCATE|[31]|Bytes:5
08:03:25.2 (3626923)|METHOD_EXIT|[1]|Sparkle_Helper
08:03:25.2 (3647785)|METHOD_ENTRY|[31]|01pB0000000ljzx|testautonumdata.Sparkle_Helper.AddFieldToObjectsMap(String, String, Map<String,Set<String>>)
08:03:25.2 (3674664)|VARIABLE_SCOPE_BEGIN|[107]|fieldName|String|false|false
08:03:25.2 (3684395)|VARIABLE_ASSIGNMENT|[107]|fieldName|"Id"
08:03:25.2 (3688058)|VARIABLE_SCOPE_BEGIN|[107]|initialObjectName|String|false|false
08:03:25.2 (3693410)|VARIABLE_ASSIGNMENT|[107]|initialObjectName|"Account"
08:03:25.2 (3696645)|VARIABLE_SCOPE_BEGIN|[107]|theMap|Map<String,Set<String>>|true|false
08:03:25.2 (3711317)|VARIABLE_ASSIGNMENT|[107]|theMap|{"s":1,"v":{}}|0x3ea89b86
08:03:25.2 (3723649)|HEAP_ALLOCATE|[109]|Bytes:5
08:03:25.2 (3730641)|STATEMENT_EXECUTE|[108]
08:03:25.2 (3735530)|HEAP_ALLOCATE|[109]|Bytes:1
08:03:25.2 (3761059)|ENTERING_MANAGED_PKG|
08:03:25.2 (3822214)|STATEMENT_EXECUTE|[150]
08:03:25.2 (3837295)|METHOD_ENTRY|[150]|01pB0000000ljzx|testautonumdata.Sparkle_Helper.AddFieldToMap(String, String, Map<String,Set<String>>)
08:03:25.2 (3860681)|VARIABLE_SCOPE_BEGIN|[157]|fieldName|String|false|false
08:03:25.2 (3869121)|VARIABLE_ASSIGNMENT|[157]|fieldName|"Id"
08:03:25.2 (3872718)|VARIABLE_SCOPE_BEGIN|[157]|ObjectName|String|false|false
08:03:25.2 (3878373)|VARIABLE_ASSIGNMENT|[157]|ObjectName|"Account"
08:03:25.2 (3881359)|VARIABLE_SCOPE_BEGIN|[157]|theMap|Map<String,Set<String>>|true|false
08:03:25.2 (3895251)|VARIABLE_ASSIGNMENT|[157]|theMap|{"s":1,"v":{}}|0x3ea89b86
08:03:25.2 (3907083)|HEAP_ALLOCATE|[160]|Bytes:5
08:03:25.2 (3913249)|STATEMENT_EXECUTE|[158]
08:03:25.2 (3930131)|ENTERING_MANAGED_PKG|
08:03:25.2 (3976310)|STATEMENT_EXECUTE|[167]
08:03:25.2 (3979427)|STATEMENT_EXECUTE|[168]
08:03:25.2 (4049010)|HEAP_ALLOCATE|[168]|Bytes:4
08:03:25.2 (4078332)|ENTERING_MANAGED_PKG|
08:03:25.2 (4117718)|VARIABLE_SCOPE_BEGIN|[168]|newFieldSet|Set<String>|true|false
08:03:25.2 (4170186)|VARIABLE_ASSIGNMENT|[168]|newFieldSet|{"s":1,"v":[]}|0x60d47bb6
08:03:25.2 (4175845)|STATEMENT_EXECUTE|[169]
08:03:25.2 (4190385)|ENTERING_MANAGED_PKG|
08:03:25.2 (4228624)|HEAP_ALLOCATE|[EXTERNAL]|Bytes:4
08:03:25.2 (4242226)|STATEMENT_EXECUTE|[170]
08:03:25.2 (4254529)|ENTERING_MANAGED_PKG|
08:03:25.2 (4287705)|HEAP_ALLOCATE|[EXTERNAL]|Bytes:-4
08:03:25.2 (4301741)|METHOD_EXIT|[150]|01pB0000000ljzx|testautonumdata.Sparkle_Helper.AddFieldToMap(String, String, Map<String,Set<String>>)
08:03:25.2 (4308821)|METHOD_EXIT|[31]|01pB0000000ljzx|testautonumdata.Sparkle_Helper.AddFieldToObjectsMap(String, String, Map<String,Set<String>>)
08:03:25.2 (4312412)|STATEMENT_EXECUTE|[33]
08:03:25.2 (4342912)|HEAP_ALLOCATE|[33]|Bytes:4
08:03:25.2 (4414591)|ENTERING_MANAGED_PKG|
08:03:25.2 (4435641)|VARIABLE_SCOPE_BEGIN|[33]|lstReturnRecords|List<testautonumdata.ListServerController>|true|false
08:03:25.2 (4460461)|HEAP_ALLOCATE|[EXTERNAL]|Bytes:4
08:03:25.2 (4475023)|VARIABLE_ASSIGNMENT|[33]|lstReturnRecords|{"s":1,"v":[]}|0x1673ed17
08:03:25.2 (4478148)|STATEMENT_EXECUTE|[35]
08:03:25.2 (4500178)|ENTERING_MANAGED_PKG|
08:03:25.2 (4529635)|VARIABLE_SCOPE_BEGIN|[35]|rLimit|Integer|false|false
08:03:25.2 (4534575)|HEAP_ALLOCATE|[35]|Bytes:4
08:03:25.2 (4541066)|VARIABLE_ASSIGNMENT|[35]|rLimit|8
08:03:25.2 (4543341)|STATEMENT_EXECUTE|[36]
08:03:25.2 (4546952)|HEAP_ALLOCATE|[36]|Bytes:17
08:03:25.2 (4562396)|ENTERING_MANAGED_PKG|
08:03:25.2 (4588646)|HEAP_ALLOCATE|[36]|Bytes:1
08:03:25.2 (4602935)|HEAP_ALLOCATE|[36]|Bytes:18
08:03:25.2 (4611506)|ENTERING_MANAGED_PKG|
08:03:25.2 (4618198)|USER_DEBUG|[36]|DEBUG|######## rLimit: 8
08:03:25.2 (4623732)|STATEMENT_EXECUTE|[40]
08:03:25.2 (4627382)|HEAP_ALLOCATE|[40]|Bytes:9
08:03:25.2 (4631714)|VARIABLE_SCOPE_BEGIN|[40]|soql|String|false|false
08:03:25.2 (4639257)|VARIABLE_ASSIGNMENT|[40]|soql|"Select id"
08:03:25.2 (4673521)|ENTERING_MANAGED_PKG|
08:03:25.2 (4712753)|STATEMENT_EXECUTE|[42]
08:03:25.2 (4716027)|STATEMENT_EXECUTE|[49]
08:03:25.2 (4717132)|STATEMENT_EXECUTE|[50]
08:03:25.2 (4720881)|HEAP_ALLOCATE|[50]|Bytes:2
08:03:25.2 (4735059)|ENTERING_MANAGED_PKG|
08:03:25.2 (4752693)|HEAP_ALLOCATE|[50]|Bytes:4
08:03:25.2 (4765536)|HEAP_ALLOCATE|[50]|Bytes:6
08:03:25.2 (4770645)|HEAP_ALLOCATE|[50]|Bytes:15
08:03:25.2 (4782974)|VARIABLE_ASSIGNMENT|[50]|soql|"Select id, Name"
08:03:25.2 (4786518)|STATEMENT_EXECUTE|[51]
08:03:25.2 (4798824)|METHOD_ENTRY|[51]|01pB0000000ljzx|testautonumdata.Sparkle_Helper.AddFieldToObjectsMap(String, String, Map<String,Set<String>>)
08:03:25.2 (4821225)|VARIABLE_SCOPE_BEGIN|[107]|fieldName|String|false|false
08:03:25.2 (4830248)|VARIABLE_ASSIGNMENT|[107]|fieldName|"Name"
08:03:25.2 (4833515)|VARIABLE_SCOPE_BEGIN|[107]|initialObjectName|String|false|false
08:03:25.2 (4838356)|VARIABLE_ASSIGNMENT|[107]|initialObjectName|"Account"
08:03:25.2 (4841368)|VARIABLE_SCOPE_BEGIN|[107]|theMap|Map<String,Set<String>>|true|false
08:03:25.2 (4864391)|VARIABLE_ASSIGNMENT|[107]|theMap|{"s":1,"v":{"Account":{"s":2,"v":["Id"]}}}|0x3ea89b86
08:03:25.2 (4877139)|HEAP_ALLOCATE|[109]|Bytes:5
08:03:25.2 (4882795)|STATEMENT_EXECUTE|[108]
08:03:25.2 (4900260)|ENTERING_MANAGED_PKG|
08:03:25.2 (4914290)|STATEMENT_EXECUTE|[150]
08:03:25.2 (4923197)|METHOD_ENTRY|[150]|01pB0000000ljzx|testautonumdata.Sparkle_Helper.AddFieldToMap(String, String, Map<String,Set<String>>)
08:03:25.2 (4929818)|VARIABLE_SCOPE_BEGIN|[157]|fieldName|String|false|false
08:03:25.2 (4937406)|VARIABLE_ASSIGNMENT|[157]|fieldName|"Name"
08:03:25.2 (4940762)|VARIABLE_SCOPE_BEGIN|[157]|ObjectName|String|false|false
08:03:25.2 (4945705)|VARIABLE_ASSIGNMENT|[157]|ObjectName|"Account"
08:03:25.2 (4948284)|VARIABLE_SCOPE_BEGIN|[157]|theMap|Map<String,Set<String>>|true|false
08:03:25.2 (4969399)|VARIABLE_ASSIGNMENT|[157]|theMap|{"s":1,"v":{"Account":{"s":2,"v":["Id"]}}}|0x3ea89b86
08:03:25.2 (4980083)|HEAP_ALLOCATE|[160]|Bytes:5
08:03:25.2 (4986223)|STATEMENT_EXECUTE|[158]
08:03:25.2 (4995973)|ENTERING_MANAGED_PKG|
08:03:25.2 (5006341)|STATEMENT_EXECUTE|[161]
08:03:25.2 (5009504)|STATEMENT_EXECUTE|[162]
08:03:25.2 (5018788)|ENTERING_MANAGED_PKG|
08:03:25.2 (5068072)|VARIABLE_SCOPE_BEGIN|[162]|existingFieldSet|Set<String>|true|false
08:03:25.2 (5087987)|VARIABLE_ASSIGNMENT|[162]|existingFieldSet|{"s":1,"v":["Id"]}|0x60d47bb6
08:03:25.2 (5092832)|STATEMENT_EXECUTE|[163]
08:03:25.2 (5104353)|ENTERING_MANAGED_PKG|
08:03:25.2 (5137116)|HEAP_ALLOCATE|[EXTERNAL]|Bytes:4
08:03:25.2 (5149996)|STATEMENT_EXECUTE|[164]
08:03:25.2 (5161417)|ENTERING_MANAGED_PKG|
08:03:25.2 (5219371)|METHOD_EXIT|[150]|01pB0000000ljzx|testautonumdata.Sparkle_Helper.AddFieldToMap(String, String, Map<String,Set<String>>)
08:03:25.2 (5230612)|METHOD_EXIT|[51]|01pB0000000ljzx|testautonumdata.Sparkle_Helper.AddFieldToObjectsMap(String, String, Map<String,Set<String>>)
08:03:25.2 (5236373)|STATEMENT_EXECUTE|[53]
08:03:25.2 (5239530)|STATEMENT_EXECUTE|[58]
08:03:25.2 (5241798)|STATEMENT_EXECUTE|[63]
08:03:25.2 (5243377)|STATEMENT_EXECUTE|[69]
08:03:25.2 (5248612)|HEAP_ALLOCATE|[69]|Bytes:6
08:03:25.2 (5268034)|ENTERING_MANAGED_PKG|
08:03:25.2 (5294293)|HEAP_ALLOCATE|[69]|Bytes:7
08:03:25.2 (5316850)|HEAP_ALLOCATE|[69]|Bytes:13
08:03:25.2 (5324739)|HEAP_ALLOCATE|[69]|Bytes:28
08:03:25.2 (5338501)|VARIABLE_ASSIGNMENT|[69]|soql|"Select id, Name FROM (8 more) ..."
08:03:25.2 (5344448)|STATEMENT_EXECUTE|[72]
08:03:25.2 (5348514)|STATEMENT_EXECUTE|[78]
08:03:25.2 (5350208)|STATEMENT_EXECUTE|[84]
08:03:25.2 (5354515)|HEAP_ALLOCATE|[84]|Bytes:7
08:03:25.2 (5373442)|ENTERING_MANAGED_PKG|
08:03:25.2 (5399138)|HEAP_ALLOCATE|[84]|Bytes:1
08:03:25.2 (5420592)|HEAP_ALLOCATE|[84]|Bytes:8
08:03:25.2 (5428835)|HEAP_ALLOCATE|[84]|Bytes:36
08:03:25.2 (5442335)|VARIABLE_ASSIGNMENT|[84]|soql|"Select id, Name FROM (16 more) ..."
08:03:25.2 (5446243)|STATEMENT_EXECUTE|[88]
08:03:25.2 (5451410)|HEAP_ALLOCATE|[88]|Bytes:15
08:03:25.2 (5460254)|HEAP_ALLOCATE|[88]|Bytes:51
08:03:25.2 (5474038)|ENTERING_MANAGED_PKG|
08:03:25.2 (5501349)|USER_DEBUG|[88]|DEBUG|######## soql: Select id, Name FROM Account limit 8
08:03:25.2 (5524491)|METHOD_ENTRY|[95]|01pB0000000ljzx|testautonumdata.Sparkle_Helper.UserHasAccessToObjectsAndFields(Map<String,Set<String>>)
08:03:25.2 (5548842)|VARIABLE_SCOPE_BEGIN|[175]|theMap|Map<String,Set<String>>|true|false
08:03:25.2 (5576019)|VARIABLE_ASSIGNMENT|[175]|theMap|{"s":1,"v":{"Account":{"s":2,"v":["Id","Name"]}}}|0x3ea89b86
08:03:25.2 (5593566)|HEAP_ALLOCATE|[177]|Bytes:5
08:03:25.2 (5599589)|STATEMENT_EXECUTE|[176]
08:03:25.2 (5601733)|STATEMENT_EXECUTE|[177]
08:03:25.2 (5608608)|VARIABLE_SCOPE_BEGIN|[177]|hasAccess|Boolean|false|false
08:03:25.2 (5614704)|HEAP_ALLOCATE|[177]|Bytes:5
08:03:25.2 (5624142)|VARIABLE_ASSIGNMENT|[177]|hasAccess|true
08:03:25.2 (5637829)|ENTERING_MANAGED_PKG|
08:03:25.2 (5668788)|STATEMENT_EXECUTE|[180]
08:03:25.2 (5670932)|STATEMENT_EXECUTE|[181]
08:03:25.2 (5675510)|HEAP_ALLOCATE|[181]|Bytes:17
08:03:25.2 (5691046)|ENTERING_MANAGED_PKG|
08:03:25.2 (5722693)|HEAP_ALLOCATE|[181]|Bytes:20
08:03:25.2 (5736501)|HEAP_ALLOCATE|[181]|Bytes:37
08:03:25.2 (5745172)|ENTERING_MANAGED_PKG|
08:03:25.2 (5751786)|USER_DEBUG|[181]|DEBUG|######## theMap: {Account={Id, Name}}
08:03:25.2 (5765175)|HEAP_ALLOCATE|[182]|Bytes:4
08:03:25.2 (5777733)|ENTERING_MANAGED_PKG|
08:03:25.2 (5798702)|ENTERING_MANAGED_PKG|
08:03:25.2 (5813552)|HEAP_ALLOCATE|[182]|Bytes:15
08:03:25.2 (5829071)|ENTERING_MANAGED_PKG|
08:03:25.2 (5837577)|HEAP_ALLOCATE|[182]|Bytes:4
08:03:25.2 (5846240)|ENTERING_MANAGED_PKG|
08:03:25.2 (5915271)|HEAP_ALLOCATE|[182]|Bytes:5
08:03:25.2 (5935101)|VARIABLE_SCOPE_BEGIN|[182]|objectName|String|false|false
08:03:25.2 (5942779)|VARIABLE_ASSIGNMENT|[182]|objectName|"Account"
08:03:25.2 (5945858)|STATEMENT_EXECUTE|[183]
08:03:25.2 (5947012)|STATEMENT_EXECUTE|[184]
08:03:25.2 (5950298)|HEAP_ALLOCATE|[184]|Bytes:21
08:03:25.2 (5956920)|HEAP_ALLOCATE|[184]|Bytes:28
08:03:25.2 (5965479)|ENTERING_MANAGED_PKG|
08:03:25.2 (5985323)|USER_DEBUG|[184]|DEBUG|######## objectName: Account
08:03:25.2 (5992109)|STATEMENT_EXECUTE|[185]
08:03:25.2 (6007595)|ENTERING_MANAGED_PKG|
08:03:25.2 (21841043)|HEAP_ALLOCATE|[185]|Bytes:1648
08:03:25.2 (21884239)|ENTERING_MANAGED_PKG|
08:03:25.2 (21997877)|HEAP_ALLOCATE|[185]|Bytes:4
08:03:25.2 (22011371)|VARIABLE_SCOPE_BEGIN|[185]|sObj|SObject|true|false
08:03:25.2 (22037852)|VARIABLE_ASSIGNMENT|[185]|sObj|{}|0x7f513140
08:03:25.2 (22042904)|STATEMENT_EXECUTE|[186]
08:03:25.2 (22075328)|ENTERING_MANAGED_PKG|
08:03:25.2 (22482745)|HEAP_ALLOCATE|[186]|Bytes:4
08:03:25.2 (23480064)|HEAP_ALLOCATE|[186]|Bytes:312
08:03:25.2 (23492038)|VARIABLE_SCOPE_BEGIN|[186]|m|Map<String,Schema.SObjectField>|true|false
08:03:25.2 (23793661)|VARIABLE_ASSIGNMENT|[186]|m|"{accountnumber=AccountNumber, accountsource=AccountSource, annualrevenue=AnnualRevenue, billingaddress=BillingAddress, billingcity=BillingCity, billingcountry=BillingCountry, billingcountrycode=BillingCountryCode, billinglatitude=BillingLatitude, billinglongitude=BillingLongitude, billingpostalcode=BillingPostalCode, ...}"|0x6f7aa4e9
08:03:25.2 (23801202)|STATEMENT_EXECUTE|[187]
08:03:25.2 (23814325)|ENTERING_MANAGED_PKG|
08:03:25.2 (23857998)|VARIABLE_SCOPE_BEGIN|[187]|objectFieldSet|Set<String>|true|false
08:03:25.2 (23884781)|VARIABLE_ASSIGNMENT|[187]|objectFieldSet|{"s":1,"v":["Id","Name"]}|0x60d47bb6
08:03:25.2 (23898602)|HEAP_ALLOCATE|[189]|Bytes:4
08:03:25.2 (23914358)|ENTERING_MANAGED_PKG|
08:03:25.2 (23942669)|ENTERING_MANAGED_PKG|
08:03:25.2 (23950008)|HEAP_ALLOCATE|[189]|Bytes:8
08:03:25.2 (23957199)|ENTERING_MANAGED_PKG|
08:03:25.2 (23981133)|HEAP_ALLOCATE|[189]|Bytes:5
08:03:25.2 (24003682)|VARIABLE_SCOPE_BEGIN|[189]|fieldToCheck|String|false|false
08:03:25.2 (24012632)|VARIABLE_ASSIGNMENT|[189]|fieldToCheck|"Id"
08:03:25.2 (24016246)|STATEMENT_EXECUTE|[189]
08:03:25.2 (24017511)|STATEMENT_EXECUTE|[190]
08:03:25.2 (24022049)|HEAP_ALLOCATE|[190]|Bytes:23
08:03:25.2 (24035422)|HEAP_ALLOCATE|[190]|Bytes:25
08:03:25.2 (24049516)|ENTERING_MANAGED_PKG|
08:03:25.2 (24076488)|USER_DEBUG|[190]|DEBUG|######## fieldToCheck: Id
08:03:25.2 (24090948)|ENTERING_MANAGED_PKG|
08:03:25.2 (24398202)|HEAP_ALLOCATE|[192]|Bytes:8
08:03:25.2 (24427499)|STATEMENT_EXECUTE|[192]
08:03:25.2 (24430103)|STATEMENT_EXECUTE|[199]
08:03:25.2 (24433371)|HEAP_ALLOCATE|[199]|Bytes:35
08:03:25.2 (24441349)|HEAP_ALLOCATE|[199]|Bytes:37
08:03:25.2 (24450842)|ENTERING_MANAGED_PKG|
08:03:25.2 (24471027)|USER_DEBUG|[199]|DEBUG|######## User has access to field: Id
08:03:25.2 (24486960)|HEAP_ALLOCATE|[189]|Bytes:5
08:03:25.2 (24499101)|VARIABLE_SCOPE_BEGIN|[189]|fieldToCheck|String|false|false
08:03:25.2 (24506949)|VARIABLE_ASSIGNMENT|[189]|fieldToCheck|"Name"
08:03:25.2 (24509865)|STATEMENT_EXECUTE|[189]
08:03:25.2 (24511030)|STATEMENT_EXECUTE|[190]
08:03:25.2 (24516639)|HEAP_ALLOCATE|[190]|Bytes:27
08:03:25.2 (24523500)|ENTERING_MANAGED_PKG|
08:03:25.2 (24529293)|USER_DEBUG|[190]|DEBUG|######## fieldToCheck: Name
08:03:25.2 (24537329)|ENTERING_MANAGED_PKG|
08:03:25.2 (24706727)|HEAP_ALLOCATE|[192]|Bytes:8
08:03:25.2 (24721530)|STATEMENT_EXECUTE|[192]
08:03:25.2 (24723913)|STATEMENT_EXECUTE|[199]
08:03:25.2 (24729927)|HEAP_ALLOCATE|[199]|Bytes:39
08:03:25.2 (24737075)|ENTERING_MANAGED_PKG|
08:03:25.2 (24743876)|USER_DEBUG|[199]|DEBUG|######## User has access to field: Name
08:03:25.2 (24757222)|HEAP_ALLOCATE|[189]|Bytes:5
08:03:25.2 (24770926)|VARIABLE_ASSIGNMENT|[189]|fieldToCheck|null
08:03:25.2 (24780692)|HEAP_ALLOCATE|[182]|Bytes:5
08:03:25.2 (24789275)|VARIABLE_ASSIGNMENT|[182]|objectName|null
08:03:25.2 (24792616)|STATEMENT_EXECUTE|[206]
08:03:25.2 (24795541)|HEAP_ALLOCATE|[206]|Bytes:5
08:03:25.2 (24809351)|METHOD_EXIT|[95]|01pB0000000ljzx|testautonumdata.Sparkle_Helper.UserHasAccessToObjectsAndFields(Map<String,Set<String>>)
08:03:25.2 (24814540)|STATEMENT_EXECUTE|[96]
08:03:25.2 (24816014)|STATEMENT_EXECUTE|[98]
08:03:25.2 (24841493)|ENTERING_MANAGED_PKG|
08:03:25.2 (24872780)|HEAP_ALLOCATE|[98]|Bytes:4
08:03:25.2 (25001147)|SOQL_EXECUTE_BEGIN|[98]|Aggregations:0|Select id, Name FROM Account limit 8
08:03:25.2 (28413590)|SOQL_EXECUTE_END|[98]|Rows:8
08:03:25.2 (28438429)|HEAP_ALLOCATE|[98]|Bytes:36
08:03:25.2 (28464675)|HEAP_ALLOCATE|[98]|Bytes:478
08:03:25.2 (28515179)|HEAP_ALLOCATE|[98]|Bytes:36
08:03:25.2 (28529286)|VARIABLE_SCOPE_BEGIN|[98]|lstQueriedRecords|List<SObject>|true|false
08:03:25.2 (28552251)|VARIABLE_ASSIGNMENT|[98]|lstQueriedRecords|{"s":1,"v":"List of size 8 too large to display"}|0xb8eef82
08:03:25.2 (28556266)|STATEMENT_EXECUTE|[100]
08:03:25.2 (28560791)|HEAP_ALLOCATE|[100]|Bytes:28
08:03:25.2 (28578370)|ENTERING_MANAGED_PKG|
08:03:25.2 (28704997)|HEAP_ALLOCATE|[100]|Bytes:502
08:03:25.2 (28724036)|HEAP_ALLOCATE|[100]|Bytes:530
08:03:25.2 (28733293)|ENTERING_MANAGED_PKG|
08:03:25.2 (28741081)|USER_DEBUG|[100]|DEBUG|######## lstQueriedRecords: (Account:{Id=001B00000066XxFIAU, Name=GenePoint}, Account:{Id=001B00000066XxDIAU, Name=United Oil & Gas, UK}, Account:{Id=001B00000066XxEIAU, Name=United Oil & Gas, Singapore}, Account:{Id=001B00000066Xx5IAE, Name=Edge Communications}, Account:{Id=001B00000066Xx6IAE, Name=Burlington Textiles Corp of America}, Account:{Id=001B00000066Xx7IAE, Name=Pyramid Construction Inc.}, Account:{Id=001B00000066Xx8IAE, Name=Dickenson plc}, Account:{Id=001B00000066Xx9IAE, Name=Hospital Universitario San Ignacio})
08:03:25.2 (28813658)|ENTERING_MANAGED_PKG|
08:03:25.2 (28945165)|HEAP_ALLOCATE|[104]|Bytes:5
08:03:25.2 (28975039)|HEAP_ALLOCATE|[104]|Bytes:12
08:03:25.2 (28996188)|VARIABLE_SCOPE_BEGIN|[104]|e|SObject|true|false
08:03:25.2 (29016872)|VARIABLE_ASSIGNMENT|[104]|e|{"s":1,"v":{"Id":"001B00000066XxFIAU","Name":"GenePoint"}}|0x53e41588
08:03:25.2 (29021221)|STATEMENT_EXECUTE|[105]
08:03:25.2 (29022614)|STATEMENT_EXECUTE|[106]
08:03:25.2 (29026554)|HEAP_ALLOCATE|[106]|Bytes:12
08:03:25.2 (29041665)|ENTERING_MANAGED_PKG|
08:03:25.2 (29089090)|HEAP_ALLOCATE|[106]|Bytes:47
08:03:25.2 (29109657)|HEAP_ALLOCATE|[106]|Bytes:59
08:03:25.2 (29119664)|ENTERING_MANAGED_PKG|
08:03:25.2 (29126869)|USER_DEBUG|[106]|DEBUG|######## e: Account:{Id=001B00000066XxFIAU, Name=GenePoint}
08:03:25.2 (29132760)|STATEMENT_EXECUTE|[107]
08:03:25.2 (29138937)|HEAP_ALLOCATE|[107]|Bytes:28
08:03:25.2 (29158016)|CONSTRUCTOR_ENTRY|[107]|01pB0000000lc07|<init>()
08:03:25.2 (29178257)|VARIABLE_SCOPE_BEGIN|[1]|this|testautonumdata.ListServerController|true|false
08:03:25.2 (29208434)|VARIABLE_ASSIGNMENT|[1]|this|{}|0x723642d4
08:03:25.2 (29216928)|HEAP_ALLOCATE|[EXTERNAL]|Bytes:5
08:03:25.2 (29226818)|HEAP_ALLOCATE|[EXTERNAL]|Bytes:6
08:03:25.2 (29258990)|STATEMENT_EXECUTE|[1]
08:03:25.2 (29264435)|HEAP_ALLOCATE|[EXTERNAL]|Bytes:5
08:03:25.2 (29267123)|STATEMENT_EXECUTE|[6]
08:03:25.2 (29268721)|STATEMENT_EXECUTE|[8]
08:03:25.2 (29269772)|STATEMENT_EXECUTE|[10]
08:03:25.2 (29270972)|STATEMENT_EXECUTE|[12]
08:03:25.2 (29271990)|STATEMENT_EXECUTE|[14]
08:03:25.2 (29272971)|STATEMENT_EXECUTE|[16]
08:03:25.2 (29283370)|CONSTRUCTOR_EXIT|[107]|01pB0000000lc07|<init>()
08:03:25.2 (29288075)|VARIABLE_SCOPE_BEGIN|[107]|i|testautonumdata.ListServerController|true|false
08:03:25.2 (29308222)|VARIABLE_ASSIGNMENT|[107]|i|{}|0x723642d4
08:03:25.2 (29310862)|STATEMENT_EXECUTE|[110]
08:03:25.2 (29314680)|HEAP_ALLOCATE|[110]|Bytes:2
08:03:25.2 (29333556)|ENTERING_MANAGED_PKG|
08:03:25.2 (29388583)|HEAP_ALLOCATE|[110]|Bytes:4
08:03:25.2 (29406808)|ENTERING_MANAGED_PKG|
08:03:25.2 (29410756)|HEAP_ALLOCATE|[110]|Bytes:18
08:03:25.2 (29443995)|VARIABLE_ASSIGNMENT|[EXTERNAL]|this|{}|0x723642d4
08:03:25.2 (29450742)|VARIABLE_ASSIGNMENT|[EXTERNAL]|value|"001B00000066XxFIAU"
08:03:25.2 (29461006)|VARIABLE_ASSIGNMENT|[6]|this.recordID|"001B00000066XxFIAU"|0x723642d4
08:03:25.2 (29467924)|STATEMENT_EXECUTE|[112]
08:03:25.2 (29469400)|STATEMENT_EXECUTE|[113]
08:03:25.2 (29480976)|METHOD_ENTRY|[113]|01pB0000000ljzx|testautonumdata.Sparkle_Helper.GetSobjectField(SObject, String)
08:03:25.2 (29499585)|VARIABLE_SCOPE_BEGIN|[78]|e|SObject|true|false
08:03:25.2 (29512716)|VARIABLE_ASSIGNMENT|[78]|e|{"s":1,"v":{"Id":"001B00000066XxFIAU","Name":"GenePoint"}}|0x53e41588
08:03:25.2 (29515438)|VARIABLE_SCOPE_BEGIN|[78]|lcfield|String|false|false
08:03:25.2 (29519492)|VARIABLE_ASSIGNMENT|[78]|lcfield|"Id"
08:03:25.2 (29528769)|HEAP_ALLOCATE|[81]|Bytes:5
08:03:25.2 (29533191)|STATEMENT_EXECUTE|[79]
08:03:25.2 (29534438)|STATEMENT_EXECUTE|[81]
08:03:25.2 (29539652)|VARIABLE_SCOPE_BEGIN|[81]|returnValue|String|false|false
08:03:25.2 (29544626)|VARIABLE_ASSIGNMENT|[81]|returnValue|""
08:03:25.2 (29558401)|ENTERING_MANAGED_PKG|
08:03:25.2 (29596530)|STATEMENT_EXECUTE|[98]
08:03:25.2 (29606681)|ENTERING_MANAGED_PKG|
08:03:25.2 (29647967)|HEAP_ALLOCATE|[98]|Bytes:4
08:03:25.2 (29665260)|ENTERING_MANAGED_PKG|
08:03:25.2 (29669230)|HEAP_ALLOCATE|[98]|Bytes:18
08:03:25.2 (29681251)|VARIABLE_ASSIGNMENT|[98]|returnValue|"001B00000066XxFIAU"
08:03:25.2 (29684219)|STATEMENT_EXECUTE|[100]
08:03:25.2 (29692086)|METHOD_EXIT|[113]|01pB0000000ljzx|testautonumdata.Sparkle_Helper.GetSobjectField(SObject, String)
08:03:25.2 (29722307)|VARIABLE_ASSIGNMENT|[EXTERNAL]|this|{"recordID":"001B00000066XxFIAU"}|0x723642d4
08:03:25.2 (29727493)|VARIABLE_ASSIGNMENT|[EXTERNAL]|value|"001B00000066XxFIAU"
08:03:25.2 (29734529)|VARIABLE_ASSIGNMENT|[8]|this.eventField|"001B00000066XxFIAU"|0x723642d4
08:03:25.2 (29741472)|STATEMENT_EXECUTE|[116]
08:03:25.2 (29742837)|STATEMENT_EXECUTE|[117]
08:03:25.2 (29748378)|METHOD_ENTRY|[117]|01pB0000000ljzx|testautonumdata.Sparkle_Helper.GetSobjectField(SObject, String)
08:03:25.2 (29763672)|VARIABLE_SCOPE_BEGIN|[78]|e|SObject|true|false
08:03:25.2 (29775688)|VARIABLE_ASSIGNMENT|[78]|e|{"s":1,"v":{"Id":"001B00000066XxFIAU","Name":"GenePoint"}}|0x53e41588
08:03:25.2 (29778105)|VARIABLE_SCOPE_BEGIN|[78]|lcfield|String|false|false
08:03:25.2 (29781226)|VARIABLE_ASSIGNMENT|[78]|lcfield|"Name"
08:03:25.2 (29789215)|HEAP_ALLOCATE|[81]|Bytes:5
08:03:25.2 (29792769)|STATEMENT_EXECUTE|[79]
08:03:25.2 (29793918)|STATEMENT_EXECUTE|[81]
08:03:25.2 (29797907)|VARIABLE_SCOPE_BEGIN|[81]|returnValue|String|false|false
08:03:25.2 (29802631)|VARIABLE_ASSIGNMENT|[81]|returnValue|""
08:03:25.2 (29814648)|ENTERING_MANAGED_PKG|
08:03:25.2 (29822532)|STATEMENT_EXECUTE|[98]
08:03:25.2 (29829020)|ENTERING_MANAGED_PKG|
08:03:25.2 (29847659)|HEAP_ALLOCATE|[98]|Bytes:9
08:03:25.2 (29861258)|ENTERING_MANAGED_PKG|
08:03:25.2 (29864333)|HEAP_ALLOCATE|[98]|Bytes:9
08:03:25.2 (29875081)|VARIABLE_ASSIGNMENT|[98]|returnValue|"GenePoint"
08:03:25.2 (29877688)|STATEMENT_EXECUTE|[100]
08:03:25.2 (29884762)|METHOD_EXIT|[117]|01pB0000000ljzx|testautonumdata.Sparkle_Helper.GetSobjectField(SObject, String)
08:03:25.2 (29915453)|VARIABLE_ASSIGNMENT|[EXTERNAL]|this|{"eventField":"001B00000066XxFIAU","recordID":"001B00000066XxFIAU"}|0x723642d4
08:03:25.2 (29920556)|VARIABLE_ASSIGNMENT|[EXTERNAL]|value|"GenePoint"
08:03:25.2 (29927184)|VARIABLE_ASSIGNMENT|[10]|this.column1|"GenePoint"|0x723642d4
08:03:25.2 (29933955)|STATEMENT_EXECUTE|[119]
08:03:25.2 (29935985)|STATEMENT_EXECUTE|[124]
08:03:25.2 (29937590)|STATEMENT_EXECUTE|[129]
08:03:25.2 (29938680)|STATEMENT_EXECUTE|[135]
08:03:25.2 (29947423)|ENTERING_MANAGED_PKG|
08:03:25.2 (29978141)|HEAP_ALLOCATE|[EXTERNAL]|Bytes:4
08:03:25.2 (29986044)|STATEMENT_EXECUTE|[137]
08:03:25.2 (29990091)|HEAP_ALLOCATE|[137]|Bytes:12
08:03:25.2 (30003033)|ENTERING_MANAGED_PKG|
08:03:25.2 (30062628)|HEAP_ALLOCATE|[137]|Bytes:181
08:03:25.2 (30079141)|HEAP_ALLOCATE|[137]|Bytes:193
08:03:25.2 (30087823)|ENTERING_MANAGED_PKG|
08:03:25.2 (30094910)|USER_DEBUG|[137]|DEBUG|######## i: ListServerController:[column1=GenePoint, column2=null, column3=null, column4=null, eventField=001B00000066XxFIAU, mapObjectsFields={Account={Id, Name}}, recordID=001B00000066XxFIAU]
08:03:25.2 (30109095)|HEAP_ALLOCATE|[104]|Bytes:5
08:03:25.2 (30131588)|HEAP_ALLOCATE|[104]|Bytes:12
08:03:25.2 (30145285)|VARIABLE_SCOPE_BEGIN|[104]|e|SObject|true|false
08:03:25.2 (30160405)|VARIABLE_ASSIGNMENT|[104]|e|{"s":1,"v":{"Id":"001B00000066XxDIAU","Name":"United Oil & Gas, UK"}}|0x37270c5d
08:03:25.2 (30163442)|STATEMENT_EXECUTE|[105]
08:03:25.2 (30164555)|STATEMENT_EXECUTE|[106]
08:03:25.2 (30176560)|ENTERING_MANAGED_PKG|
08:03:25.2 (30202378)|HEAP_ALLOCATE|[106]|Bytes:58
08:03:25.2 (30216353)|HEAP_ALLOCATE|[106]|Bytes:70
08:03:25.2 (30222747)|ENTERING_MANAGED_PKG|
08:03:25.2 (30229186)|USER_DEBUG|[106]|DEBUG|######## e: Account:{Id=001B00000066XxDIAU, Name=United Oil & Gas, UK}
08:03:25.2 (30234805)|STATEMENT_EXECUTE|[107]
08:03:25.2 (30239438)|HEAP_ALLOCATE|[107]|Bytes:28
08:03:25.2 (30248928)|CONSTRUCTOR_ENTRY|[107]|01pB0000000lc07|<init>()
08:03:25.2 (30253626)|VARIABLE_SCOPE_BEGIN|[1]|this|testautonumdata.ListServerController|true|false
08:03:25.2 (30273825)|VARIABLE_ASSIGNMENT|[1]|this|{}|0x53b8d089
08:03:25.2 (30281161)|HEAP_ALLOCATE|[EXTERNAL]|Bytes:5
08:03:25.2 (30295806)|STATEMENT_EXECUTE|[1]
08:03:25.2 (30299615)|HEAP_ALLOCATE|[EXTERNAL]|Bytes:5
08:03:25.2 (30301675)|STATEMENT_EXECUTE|[6]
08:03:25.2 (30303172)|STATEMENT_EXECUTE|[8]
08:03:25.2 (30304203)|STATEMENT_EXECUTE|[10]
08:03:25.2 (30305211)|STATEMENT_EXECUTE|[12]
08:03:25.2 (30306160)|STATEMENT_EXECUTE|[14]
08:03:25.2 (30307074)|STATEMENT_EXECUTE|[16]
08:03:25.2 (30316717)|CONSTRUCTOR_EXIT|[107]|01pB0000000lc07|<init>()
08:03:25.2 (30320929)|VARIABLE_SCOPE_BEGIN|[107]|i|testautonumdata.ListServerController|true|false
08:03:25.2 (30339143)|VARIABLE_ASSIGNMENT|[107]|i|{}|0x53b8d089
08:03:25.2 (30341473)|STATEMENT_EXECUTE|[110]
08:03:25.2 (30353854)|ENTERING_MANAGED_PKG|
08:03:25.2 (30374426)|HEAP_ALLOCATE|[110]|Bytes:4
08:03:25.2 (30388799)|ENTERING_MANAGED_PKG|
08:03:25.2 (30391967)|HEAP_ALLOCATE|[110]|Bytes:18
08:03:25.2 (30417978)|VARIABLE_ASSIGNMENT|[EXTERNAL]|this|{}|0x53b8d089
08:03:25.2 (30423735)|VARIABLE_ASSIGNMENT|[EXTERNAL]|value|"001B00000066XxDIAU"
08:03:25.2 (30430934)|VARIABLE_ASSIGNMENT|[6]|this.recordID|"001B00000066XxDIAU"|0x53b8d089
08:03:25.2 (30437189)|STATEMENT_EXECUTE|[112]
08:03:25.2 (30438448)|STATEMENT_EXECUTE|[113]
08:03:25.2 (30443467)|METHOD_ENTRY|[113]|01pB0000000ljzx|testautonumdata.Sparkle_Helper.GetSobjectField(SObject, String)
08:03:25.2 (30447840)|VARIABLE_SCOPE_BEGIN|[78]|e|SObject|true|false
08:03:25.2 (30459192)|VARIABLE_ASSIGNMENT|[78]|e|{"s":1,"v":{"Id":"001B00000066XxDIAU","Name":"United Oil & Gas, UK"}}|0x37270c5d
08:03:25.2 (30461506)|VARIABLE_SCOPE_BEGIN|[78]|lcfield|String|false|false
08:03:25.2 (30464455)|VARIABLE_ASSIGNMENT|[78]|lcfield|"Id"
08:03:25.2 (30472055)|HEAP_ALLOCATE|[81]|Bytes:5
08:03:25.2 (30475729)|STATEMENT_EXECUTE|[79]
08:03:25.2 (30476996)|STATEMENT_EXECUTE|[81]
08:03:25.2 (30480600)|VARIABLE_SCOPE_BEGIN|[81]|returnValue|String|false|false
08:03:25.2 (30485009)|VARIABLE_ASSIGNMENT|[81]|returnValue|""
08:03:25.2 (30496249)|ENTERING_MANAGED_PKG|
08:03:25.2 (30504069)|STATEMENT_EXECUTE|[98]
08:03:25.2 (30510312)|ENTERING_MANAGED_PKG|
08:03:25.2 (30527981)|HEAP_ALLOCATE|[98]|Bytes:4
08:03:25.2 (30541131)|ENTERING_MANAGED_PKG|
08:03:25.2 (30544319)|HEAP_ALLOCATE|[98]|Bytes:18
08:03:25.2 (30555372)|VARIABLE_ASSIGNMENT|[98]|returnValue|"001B00000066XxDIAU"
08:03:25.2 (30557964)|STATEMENT_EXECUTE|[100]
08:03:25.2 (30565101)|METHOD_EXIT|[113]|01pB0000000ljzx|testautonumdata.Sparkle_Helper.GetSobjectField(SObject, String)
08:03:25.2 (30594181)|VARIABLE_ASSIGNMENT|[EXTERNAL]|this|{"recordID":"001B00000066XxDIAU"}|0x53b8d089
08:03:25.2 (30598997)|VARIABLE_ASSIGNMENT|[EXTERNAL]|value|"001B00000066XxDIAU"
08:03:25.2 (30605621)|VARIABLE_ASSIGNMENT|[8]|this.eventField|"001B00000066XxDIAU"|0x53b8d089
08:03:25.2 (30612063)|STATEMENT_EXECUTE|[116]
08:03:25.2 (30613292)|STATEMENT_EXECUTE|[117]
08:03:25.2 (30618102)|METHOD_ENTRY|[117]|01pB0000000ljzx|testautonumdata.Sparkle_Helper.GetSobjectField(SObject, String)
08:03:25.2 (30622094)|VARIABLE_SCOPE_BEGIN|[78]|e|SObject|true|false
08:03:25.2 (30632642)|VARIABLE_ASSIGNMENT|[78]|e|{"s":1,"v":{"Id":"001B00000066XxDIAU","Name":"United Oil & Gas, UK"}}|0x37270c5d
08:03:25.2 (30635018)|VARIABLE_SCOPE_BEGIN|[78]|lcfield|String|false|false
08:03:25.2 (30637899)|VARIABLE_ASSIGNMENT|[78]|lcfield|"Name"
08:03:25.2 (30645182)|HEAP_ALLOCATE|[81]|Bytes:5
08:03:25.2 (30648408)|STATEMENT_EXECUTE|[79]
08:03:25.2 (30649518)|STATEMENT_EXECUTE|[81]
08:03:25.2 (30653051)|VARIABLE_SCOPE_BEGIN|[81]|returnValue|String|false|false
08:03:25.2 (30657248)|VARIABLE_ASSIGNMENT|[81]|returnValue|""
08:03:25.2 (30668531)|ENTERING_MANAGED_PKG|
08:03:25.2 (30676156)|STATEMENT_EXECUTE|[98]
08:03:25.2 (30682522)|ENTERING_MANAGED_PKG|
08:03:25.2 (30700327)|HEAP_ALLOCATE|[98]|Bytes:20
08:03:25.2 (30713744)|ENTERING_MANAGED_PKG|
08:03:25.2 (30716797)|HEAP_ALLOCATE|[98]|Bytes:20
08:03:25.2 (30727986)|VARIABLE_ASSIGNMENT|[98]|returnValue|"United Oil & Gas, UK"
08:03:25.2 (30730680)|STATEMENT_EXECUTE|[100]
08:03:25.2 (30737902)|METHOD_EXIT|[117]|01pB0000000ljzx|testautonumdata.Sparkle_Helper.GetSobjectField(SObject, String)
08:03:25.2 (30763047)|VARIABLE_ASSIGNMENT|[EXTERNAL]|this|{"eventField":"001B00000066XxDIAU","recordID":"001B00000066XxDIAU"}|0x53b8d089
08:03:25.2 (30768408)|VARIABLE_ASSIGNMENT|[EXTERNAL]|value|"United Oil & Gas, UK"
08:03:25.2 (30774306)|VARIABLE_ASSIGNMENT|[10]|this.column1|"United Oil & Gas, UK"|0x53b8d089
08:03:25.2 (30780564)|STATEMENT_EXECUTE|[119]
08:03:25.2 (30782230)|STATEMENT_EXECUTE|[124]
08:03:25.2 (30783489)|STATEMENT_EXECUTE|[129]
08:03:25.2 (30784465)|STATEMENT_EXECUTE|[135]
08:03:25.2 (30789284)|ENTERING_MANAGED_PKG|
08:03:25.2 (30797333)|HEAP_ALLOCATE|[EXTERNAL]|Bytes:4
08:03:25.2 (30802578)|STATEMENT_EXECUTE|[137]
08:03:25.2 (30813460)|ENTERING_MANAGED_PKG|
08:03:25.2 (30845829)|HEAP_ALLOCATE|[137]|Bytes:192
08:03:25.2 (30860171)|HEAP_ALLOCATE|[137]|Bytes:204
08:03:25.2 (30866701)|ENTERING_MANAGED_PKG|
08:03:25.2 (30873299)|USER_DEBUG|[137]|DEBUG|######## i: ListServerController:[column1=United Oil & Gas, UK, column2=null, column3=null, column4=null, eventField=001B00000066XxDIAU, mapObjectsFields={Account={Id, Name}}, recordID=001B00000066XxDIAU]
08:03:25.2 (30887333)|HEAP_ALLOCATE|[104]|Bytes:5
08:03:25.2 (30908850)|HEAP_ALLOCATE|[104]|Bytes:12
08:03:25.2 (30922461)|VARIABLE_SCOPE_BEGIN|[104]|e|SObject|true|false
08:03:25.2 (30938241)|VARIABLE_ASSIGNMENT|[104]|e|{"s":1,"v":{"Id":"001B00000066XxEIAU","Name":"United Oil & Gas, Si (7 more) ..."}}|0x4f7a7ed3
08:03:25.2 (30941564)|STATEMENT_EXECUTE|[105]
08:03:25.2 (30942669)|STATEMENT_EXECUTE|[106]
08:03:25.2 (30954465)|ENTERING_MANAGED_PKG|
08:03:25.2 (30979550)|HEAP_ALLOCATE|[106]|Bytes:65
08:03:25.2 (30993114)|HEAP_ALLOCATE|[106]|Bytes:77
08:03:25.2 (30999372)|ENTERING_MANAGED_PKG|
08:03:25.2 (31005576)|USER_DEBUG|[106]|DEBUG|######## e: Account:{Id=001B00000066XxEIAU, Name=United Oil & Gas, Singapore}
08:03:25.2 (31011616)|STATEMENT_EXECUTE|[107]
08:03:25.2 (31016371)|HEAP_ALLOCATE|[107]|Bytes:28
08:03:25.2 (31025821)|CONSTRUCTOR_ENTRY|[107]|01pB0000000lc07|<init>()
08:03:25.2 (31030428)|VARIABLE_SCOPE_BEGIN|[1]|this|testautonumdata.ListServerController|true|false
08:03:25.2 (31049965)|VARIABLE_ASSIGNMENT|[1]|this|{}|0x7cd46f49
08:03:25.2 (31057110)|HEAP_ALLOCATE|[EXTERNAL]|Bytes:5
08:03:25.2 (31071369)|STATEMENT_EXECUTE|[1]
08:03:25.2 (31074878)|HEAP_ALLOCATE|[EXTERNAL]|Bytes:5
08:03:25.2 (31076857)|STATEMENT_EXECUTE|[6]
08:03:25.2 (31078270)|STATEMENT_EXECUTE|[8]
08:03:25.2 (31079329)|STATEMENT_EXECUTE|[10]
08:03:25.2 (31080343)|STATEMENT_EXECUTE|[12]
08:03:25.2 (31081332)|STATEMENT_EXECUTE|[14]
08:03:25.2 (31082262)|STATEMENT_EXECUTE|[16]
08:03:25.2 (31091662)|CONSTRUCTOR_EXIT|[107]|01pB0000000lc07|<init>()
08:03:25.2 (31095849)|VARIABLE_SCOPE_BEGIN|[107]|i|testautonumdata.ListServerController|true|false
08:03:25.2 (31114196)|VARIABLE_ASSIGNMENT|[107]|i|{}|0x7cd46f49
08:03:25.2 (31116595)|STATEMENT_EXECUTE|[110]
08:03:25.2 (31129070)|ENTERING_MANAGED_PKG|
08:03:25.2 (31149128)|HEAP_ALLOCATE|[110]|Bytes:4
08:03:25.2 (31163296)|ENTERING_MANAGED_PKG|
08:03:25.2 (31166520)|HEAP_ALLOCATE|[110]|Bytes:18
08:03:25.2 (31192115)|VARIABLE_ASSIGNMENT|[EXTERNAL]|this|{}|0x7cd46f49
08:03:25.2 (31198075)|VARIABLE_ASSIGNMENT|[EXTERNAL]|value|"001B00000066XxEIAU"
08:03:25.2 (31204988)|VARIABLE_ASSIGNMENT|[6]|this.recordID|"001B00000066XxEIAU"|0x7cd46f49
08:03:25.2 (31211081)|STATEMENT_EXECUTE|[112]
08:03:25.2 (31212436)|STATEMENT_EXECUTE|[113]
08:03:25.2 (31217275)|METHOD_ENTRY|[113]|01pB0000000ljzx|testautonumdata.Sparkle_Helper.GetSobjectField(SObject, String)
08:03:25.2 (31221290)|VARIABLE_SCOPE_BEGIN|[78]|e|SObject|true|false
08:03:25.2 (31232653)|VARIABLE_ASSIGNMENT|[78]|e|{"s":1,"v":{"Id":"001B00000066XxEIAU","Name":"United Oil & Gas, Si (7 more) ..."}}|0x4f7a7ed3
08:03:25.2 (31235309)|VARIABLE_SCOPE_BEGIN|[78]|lcfield|String|false|false
08:03:25.2 (31238237)|VARIABLE_ASSIGNMENT|[78]|lcfield|"Id"
08:03:25.2 (31245576)|HEAP_ALLOCATE|[81]|Bytes:5
08:03:25.2 (31248932)|STATEMENT_EXECUTE|[79]
08:03:25.2 (31250027)|STATEMENT_EXECUTE|[81]
08:03:25.2 (31253549)|VARIABLE_SCOPE_BEGIN|[81]|returnValue|String|false|false
08:03:25.2 (31257771)|VARIABLE_ASSIGNMENT|[81]|returnValue|""
08:03:25.2 (31268758)|ENTERING_MANAGED_PKG|
08:03:25.2 (31276340)|STATEMENT_EXECUTE|[98]
08:03:25.2 (31282629)|ENTERING_MANAGED_PKG|
08:03:25.2 (31300071)|HEAP_ALLOCATE|[98]|Bytes:4
08:03:25.2 (31313179)|ENTERING_MANAGED_PKG|
08:03:25.2 (31316338)|HEAP_ALLOCATE|[98]|Bytes:18
08:03:25.2 (31327578)|VARIABLE_ASSIGNMENT|[98]|returnValue|"001B00000066XxEIAU"
08:03:25.2 (31330097)|STATEMENT_EXECUTE|[100]
08:03:25.2 (31336835)|METHOD_EXIT|[113]|01pB0000000ljzx|testautonumdata.Sparkle_Helper.GetSobjectField(SObject, String)
08:03:25.2 (31360911)|VARIABLE_ASSIGNMENT|[EXTERNAL]|this|{"recordID":"001B00000066XxEIAU"}|0x7cd46f49
08:03:25.2 (31365708)|VARIABLE_ASSIGNMENT|[EXTERNAL]|value|"001B00000066XxEIAU"
08:03:25.2 (31371460)|VARIABLE_ASSIGNMENT|[8]|this.eventField|"001B00000066XxEIAU"|0x7cd46f49
08:03:25.2 (31377498)|STATEMENT_EXECUTE|[116]
08:03:25.2 (31378712)|STATEMENT_EXECUTE|[117]
08:03:25.2 (31382682)|METHOD_ENTRY|[117]|01pB0000000ljzx|testautonumdata.Sparkle_Helper.GetSobjectField(SObject, String)
08:03:25.2 (31386386)|VARIABLE_SCOPE_BEGIN|[78]|e|SObject|true|false
08:03:25.2 (31397009)|VARIABLE_ASSIGNMENT|[78]|e|{"s":1,"v":{"Id":"001B00000066XxEIAU","Name":"United Oil & Gas, Si (7 more) ..."}}|0x4f7a7ed3
08:03:25.2 (31399393)|VARIABLE_SCOPE_BEGIN|[78]|lcfield|String|false|false
08:03:25.2 (31402319)|VARIABLE_ASSIGNMENT|[78]|lcfield|"Name"
08:03:25.2 (31409351)|HEAP_ALLOCATE|[81]|Bytes:5
08:03:25.2 (31412483)|STATEMENT_EXECUTE|[79]
08:03:25.2 (31413597)|STATEMENT_EXECUTE|[81]
08:03:25.2 (31416998)|VARIABLE_SCOPE_BEGIN|[81]|returnValue|String|false|false
08:03:25.2 (31421271)|VARIABLE_ASSIGNMENT|[81]|returnValue|""
08:03:25.2 (31432321)|ENTERING_MANAGED_PKG|
08:03:25.2 (31439904)|STATEMENT_EXECUTE|[98]
08:03:25.2 (31446248)|ENTERING_MANAGED_PKG|
08:03:25.2 (31463818)|HEAP_ALLOCATE|[98]|Bytes:27
08:03:25.2 (31477172)|ENTERING_MANAGED_PKG|
08:03:25.2 (31480212)|HEAP_ALLOCATE|[98]|Bytes:27
08:03:25.2 (31491989)|VARIABLE_ASSIGNMENT|[98]|returnValue|"United Oil & Gas, Si (7 more) ..."
08:03:25.2 (31494745)|STATEMENT_EXECUTE|[100]
08:03:25.2 (31501709)|METHOD_EXIT|[117]|01pB0000000ljzx|testautonumdata.Sparkle_Helper.GetSobjectField(SObject, String)
08:03:25.2 (31526844)|VARIABLE_ASSIGNMENT|[EXTERNAL]|this|{"eventField":"001B00000066XxEIAU","recordID":"001B00000066XxEIAU"}|0x7cd46f49
08:03:25.2 (31532573)|VARIABLE_ASSIGNMENT|[EXTERNAL]|value|"United Oil & Gas, Si (7 more) ..."
08:03:25.2 (31539362)|VARIABLE_ASSIGNMENT|[10]|this.column1|"United Oil & Gas, Si (7 more) ..."|0x7cd46f49
08:03:25.2 (31545647)|STATEMENT_EXECUTE|[119]
08:03:25.2 (31547388)|STATEMENT_EXECUTE|[124]
08:03:25.2 (31548622)|STATEMENT_EXECUTE|[129]
08:03:25.2 (31549716)|STATEMENT_EXECUTE|[135]
08:03:25.2 (31554462)|ENTERING_MANAGED_PKG|
08:03:25.2 (31562369)|HEAP_ALLOCATE|[EXTERNAL]|Bytes:4
08:03:25.2 (31567724)|STATEMENT_EXECUTE|[137]
08:03:25.2 (31578707)|ENTERING_MANAGED_PKG|
08:03:25.2 (31615497)|HEAP_ALLOCATE|[137]|Bytes:199
08:03:25.2 (31630230)|HEAP_ALLOCATE|[137]|Bytes:211
08:03:25.2 (31636647)|ENTERING_MANAGED_PKG|
08:03:25.2 (31643145)|USER_DEBUG|[137]|DEBUG|######## i: ListServerController:[column1=United Oil & Gas, Singapore, column2=null, column3=null, column4=null, eventField=001B00000066XxEIAU, mapObjectsFields={Account={Id, Name}}, recordID=001B00000066XxEIAU]
08:03:25.2 (31656758)|HEAP_ALLOCATE|[104]|Bytes:5
08:03:25.2 (31677608)|HEAP_ALLOCATE|[104]|Bytes:12
08:03:25.2 (31691204)|VARIABLE_SCOPE_BEGIN|[104]|e|SObject|true|false
08:03:25.2 (31705604)|VARIABLE_ASSIGNMENT|[104]|e|{"s":1,"v":{"Id":"001B00000066Xx5IAE","Name":"Edge Communications"}}|0x3a2eeadb
08:03:25.2 (31708611)|STATEMENT_EXECUTE|[105]
08:03:25.2 (31709718)|STATEMENT_EXECUTE|[106]
08:03:25.2 (31721894)|ENTERING_MANAGED_PKG|
08:03:25.2 (31746590)|HEAP_ALLOCATE|[106]|Bytes:57
08:03:25.2 (31759764)|HEAP_ALLOCATE|[106]|Bytes:69
08:03:25.2 (31766005)|ENTERING_MANAGED_PKG|
08:03:25.2 (31772281)|USER_DEBUG|[106]|DEBUG|######## e: Account:{Id=001B00000066Xx5IAE, Name=Edge Communications}
08:03:25.2 (31777360)|STATEMENT_EXECUTE|[107]
08:03:25.2 (31781833)|HEAP_ALLOCATE|[107]|Bytes:28
08:03:25.2 (31791112)|CONSTRUCTOR_ENTRY|[107]|01pB0000000lc07|<init>()
08:03:25.2 (31795751)|VARIABLE_SCOPE_BEGIN|[1]|this|testautonumdata.ListServerController|true|false
08:03:25.2 (31815284)|VARIABLE_ASSIGNMENT|[1]|this|{}|0x3cb4b2e5
08:03:25.2 (31822356)|HEAP_ALLOCATE|[EXTERNAL]|Bytes:5
08:03:25.2 (31836492)|STATEMENT_EXECUTE|[1]
08:03:25.2 (31840059)|HEAP_ALLOCATE|[EXTERNAL]|Bytes:5
08:03:25.2 (31842082)|STATEMENT_EXECUTE|[6]
08:03:25.2 (31843539)|STATEMENT_EXECUTE|[8]
08:03:25.2 (31844607)|STATEMENT_EXECUTE|[10]
08:03:25.2 (31845675)|STATEMENT_EXECUTE|[12]
08:03:25.2 (31846594)|STATEMENT_EXECUTE|[14]
08:03:25.2 (31847516)|STATEMENT_EXECUTE|[16]
08:03:25.2 (31857044)|CONSTRUCTOR_EXIT|[107]|01pB0000000lc07|<init>()
08:03:25.2 (31861160)|VARIABLE_SCOPE_BEGIN|[107]|i|testautonumdata.ListServerController|true|false
08:03:25.2 (31878882)|VARIABLE_ASSIGNMENT|[107]|i|{}|0x3cb4b2e5
08:03:25.2 (31881141)|STATEMENT_EXECUTE|[110]
08:03:25.2 (31893367)|ENTERING_MANAGED_PKG|
08:03:25.2 (31913580)|HEAP_ALLOCATE|[110]|Bytes:4
08:03:25.2 (31927736)|ENTERING_MANAGED_PKG|
08:03:25.2 (31930959)|HEAP_ALLOCATE|[110]|Bytes:18
08:03:25.2 (31956907)|VARIABLE_ASSIGNMENT|[EXTERNAL]|this|{}|0x3cb4b2e5
08:03:25.2 (31962644)|VARIABLE_ASSIGNMENT|[EXTERNAL]|value|"001B00000066Xx5IAE"
08:03:25.2 (31969290)|VARIABLE_ASSIGNMENT|[6]|this.recordID|"001B00000066Xx5IAE"|0x3cb4b2e5
08:03:25.2 (31975488)|STATEMENT_EXECUTE|[112]
08:03:25.2 (31976696)|STATEMENT_EXECUTE|[113]
08:03:25.2 (31981521)|METHOD_ENTRY|[113]|01pB0000000ljzx|testautonumdata.Sparkle_Helper.GetSobjectField(SObject, String)
08:03:25.2 (31985565)|VARIABLE_SCOPE_BEGIN|[78]|e|SObject|true|false
08:03:25.2 (31995901)|VARIABLE_ASSIGNMENT|[78]|e|{"s":1,"v":{"Id":"001B00000066Xx5IAE","Name":"Edge Communications"}}|0x3a2eeadb
08:03:25.2 (31998316)|VARIABLE_SCOPE_BEGIN|[78]|lcfield|String|false|false
08:03:25.2 (32001281)|VARIABLE_ASSIGNMENT|[78]|lcfield|"Id"
08:03:25.2 (32009623)|HEAP_ALLOCATE|[81]|Bytes:5
08:03:25.2 (32012941)|STATEMENT_EXECUTE|[79]
08:03:25.2 (32014056)|STATEMENT_EXECUTE|[81]
08:03:25.2 (32017544)|VARIABLE_SCOPE_BEGIN|[81]|returnValue|String|false|false
08:03:25.2 (32021757)|VARIABLE_ASSIGNMENT|[81]|returnValue|""
08:03:25.2 (32033190)|ENTERING_MANAGED_PKG|
08:03:25.2 (32040925)|STATEMENT_EXECUTE|[98]
08:03:25.2 (32047244)|ENTERING_MANAGED_PKG|
08:03:25.2 (32064626)|HEAP_ALLOCATE|[98]|Bytes:4
08:03:25.2 (32077891)|ENTERING_MANAGED_PKG|
08:03:25.2 (32081100)|HEAP_ALLOCATE|[98]|Bytes:18
08:03:25.2 (32091929)|VARIABLE_ASSIGNMENT|[98]|returnValue|"001B00000066Xx5IAE"
08:03:25.2 (32094479)|STATEMENT_EXECUTE|[100]
08:03:25.2 (32101101)|METHOD_EXIT|[113]|01pB0000000ljzx|testautonumdata.Sparkle_Helper.GetSobjectField(SObject, String)
08:03:25.2 (32125371)|VARIABLE_ASSIGNMENT|[EXTERNAL]|this|{"recordID":"001B00000066Xx5IAE"}|0x3cb4b2e5
08:03:25.2 (32129974)|VARIABLE_ASSIGNMENT|[EXTERNAL]|value|"001B00000066Xx5IAE"
08:03:25.2 (32135893)|VARIABLE_ASSIGNMENT|[8]|this.eventField|"001B00000066Xx5IAE"|0x3cb4b2e5
08:03:25.2 (32141928)|STATEMENT_EXECUTE|[116]
08:03:25.2 (32143471)|STATEMENT_EXECUTE|[117]
08:03:25.2 (32147681)|METHOD_ENTRY|[117]|01pB0000000ljzx|testautonumdata.Sparkle_Helper.GetSobjectField(SObject, String)
08:03:25.2 (32151695)|VARIABLE_SCOPE_BEGIN|[78]|e|SObject|true|false
08:03:25.2 (32161446)|VARIABLE_ASSIGNMENT|[78]|e|{"s":1,"v":{"Id":"001B00000066Xx5IAE","Name":"Edge Communications"}}|0x3a2eeadb
08:03:25.2 (32163902)|VARIABLE_SCOPE_BEGIN|[78]|lcfield|String|false|false
08:03:25.2 (32166817)|VARIABLE_ASSIGNMENT|[78]|lcfield|"Name"
08:03:25.2 (32173985)|HEAP_ALLOCATE|[81]|Bytes:5
08:03:25.2 (32177073)|STATEMENT_EXECUTE|[79]
08:03:25.2 (32178293)|STATEMENT_EXECUTE|[81]
08:03:25.2 (32181682)|VARIABLE_SCOPE_BEGIN|[81]|returnValue|String|false|false
08:03:25.2 (32185753)|VARIABLE_ASSIGNMENT|[81]|returnValue|""
08:03:25.2 (32196721)|ENTERING_MANAGED_PKG|
08:03:25.2 (32204395)|STATEMENT_EXECUTE|[98]
08:03:25.2 (32210648)|ENTERING_MANAGED_PKG|
08:03:25.2 (32228331)|HEAP_ALLOCATE|[98]|Bytes:19
08:03:25.2 (32241455)|ENTERING_MANAGED_PKG|
08:03:25.2 (32244515)|HEAP_ALLOCATE|[98]|Bytes:19
08:03:25.2 (32255415)|VARIABLE_ASSIGNMENT|[98]|returnValue|"Edge Communications"
08:03:25.2 (32258010)|STATEMENT_EXECUTE|[100]
08:03:25.2 (32265064)|METHOD_EXIT|[117]|01pB0000000ljzx|testautonumdata.Sparkle_Helper.GetSobjectField(SObject, String)
08:03:25.2 (32289564)|VARIABLE_ASSIGNMENT|[EXTERNAL]|this|{"eventField":"001B00000066Xx5IAE","recordID":"001B00000066Xx5IAE"}|0x3cb4b2e5
08:03:25.2 (32294249)|VARIABLE_ASSIGNMENT|[EXTERNAL]|value|"Edge Communications"
08:03:25.2 (32299986)|VARIABLE_ASSIGNMENT|[10]|this.column1|"Edge Communications"|0x3cb4b2e5
08:03:25.2 (32306215)|STATEMENT_EXECUTE|[119]
08:03:25.2 (32307943)|STATEMENT_EXECUTE|[124]
08:03:25.2 (32309229)|STATEMENT_EXECUTE|[129]
08:03:25.2 (32310260)|STATEMENT_EXECUTE|[135]
08:03:25.2 (32315036)|ENTERING_MANAGED_PKG|
08:03:25.2 (32323100)|HEAP_ALLOCATE|[EXTERNAL]|Bytes:4
08:03:25.2 (32328368)|STATEMENT_EXECUTE|[137]
08:03:25.2 (32339314)|ENTERING_MANAGED_PKG|
08:03:25.2 (32370930)|HEAP_ALLOCATE|[137]|Bytes:191
08:03:25.2 (32384912)|HEAP_ALLOCATE|[137]|Bytes:203
08:03:25.2 (32391270)|ENTERING_MANAGED_PKG|
08:03:25.2 (32397743)|USER_DEBUG|[137]|DEBUG|######## i: ListServerController:[column1=Edge Communications, column2=null, column3=null, column4=null, eventField=001B00000066Xx5IAE, mapObjectsFields={Account={Id, Name}}, recordID=001B00000066Xx5IAE]
08:03:25.2 (32411466)|HEAP_ALLOCATE|[104]|Bytes:5
08:03:25.2 (32432667)|HEAP_ALLOCATE|[104]|Bytes:12
08:03:25.2 (32446257)|VARIABLE_SCOPE_BEGIN|[104]|e|SObject|true|false
08:03:25.2 (32461236)|VARIABLE_ASSIGNMENT|[104]|e|{"s":1,"v":{"Id":"001B00000066Xx6IAE","Name":"Burlington Textiles  (15 more) ..."}}|0x4995f043
08:03:25.2 (32464456)|STATEMENT_EXECUTE|[105]
08:03:25.2 (32465520)|STATEMENT_EXECUTE|[106]
08:03:25.2 (32477212)|ENTERING_MANAGED_PKG|
08:03:25.2 (32501863)|HEAP_ALLOCATE|[106]|Bytes:73
08:03:25.2 (32514955)|HEAP_ALLOCATE|[106]|Bytes:85
08:03:25.2 (32521044)|ENTERING_MANAGED_PKG|
08:03:25.2 (32527265)|USER_DEBUG|[106]|DEBUG|######## e: Account:{Id=001B00000066Xx6IAE, Name=Burlington Textiles Corp of America}
08:03:25.2 (32532393)|STATEMENT_EXECUTE|[107]
08:03:25.2 (32536752)|HEAP_ALLOCATE|[107]|Bytes:28
08:03:25.2 (32545919)|CONSTRUCTOR_ENTRY|[107]|01pB0000000lc07|<init>()
08:03:25.2 (32550356)|VARIABLE_SCOPE_BEGIN|[1]|this|testautonumdata.ListServerController|true|false
08:03:25.2 (32569994)|VARIABLE_ASSIGNMENT|[1]|this|{}|0x70cf3bb5
08:03:25.2 (32576993)|HEAP_ALLOCATE|[EXTERNAL]|Bytes:5
08:03:25.2 (32595310)|STATEMENT_EXECUTE|[1]
08:03:25.2 (32599324)|HEAP_ALLOCATE|[EXTERNAL]|Bytes:5
08:03:25.2 (32601539)|STATEMENT_EXECUTE|[6]
08:03:25.2 (32602963)|STATEMENT_EXECUTE|[8]
08:03:25.2 (32603967)|STATEMENT_EXECUTE|[10]
08:03:25.2 (32604965)|STATEMENT_EXECUTE|[12]
08:03:25.2 (32605928)|STATEMENT_EXECUTE|[14]
08:03:25.2 (32606845)|STATEMENT_EXECUTE|[16]
08:03:25.2 (32616477)|CONSTRUCTOR_EXIT|[107]|01pB0000000lc07|<init>()
08:03:25.2 (32620719)|VARIABLE_SCOPE_BEGIN|[107]|i|testautonumdata.ListServerController|true|false
08:03:25.2 (32638687)|VARIABLE_ASSIGNMENT|[107]|i|{}|0x70cf3bb5
08:03:25.2 (32640969)|STATEMENT_EXECUTE|[110]
08:03:25.2 (32653084)|ENTERING_MANAGED_PKG|
08:03:25.2 (32673580)|HEAP_ALLOCATE|[110]|Bytes:4
08:03:25.2 (32687777)|ENTERING_MANAGED_PKG|
08:03:25.2 (32690943)|HEAP_ALLOCATE|[110]|Bytes:18
08:03:25.2 (32716789)|VARIABLE_ASSIGNMENT|[EXTERNAL]|this|{}|0x70cf3bb5
08:03:25.2 (32722545)|VARIABLE_ASSIGNMENT|[EXTERNAL]|value|"001B00000066Xx6IAE"
08:03:25.2 (32729651)|VARIABLE_ASSIGNMENT|[6]|this.recordID|"001B00000066Xx6IAE"|0x70cf3bb5
08:03:25.2 (32735507)|STATEMENT_EXECUTE|[112]
08:03:25.2 (32736769)|STATEMENT_EXECUTE|[113]
08:03:25.2 (32741320)|METHOD_ENTRY|[113]|01pB0000000ljzx|testautonumdata.Sparkle_Helper.GetSobjectField(SObject, String)
08:03:25.2 (32745322)|VARIABLE_SCOPE_BEGIN|[78]|e|SObject|true|false
08:03:25.2 (32756419)|VARIABLE_ASSIGNMENT|[78]|e|{"s":1,"v":{"Id":"001B00000066Xx6IAE","Name":"Burlington Textiles  (15 more) ..."}}|0x4995f043
08:03:25.2 (32759200)|VARIABLE_SCOPE_BEGIN|[78]|lcfield|String|false|false
08:03:25.2 (32762103)|VARIABLE_ASSIGNMENT|[78]|lcfield|"Id"
08:03:25.2 (32769450)|HEAP_ALLOCATE|[81]|Bytes:5
08:03:25.2 (32772721)|STATEMENT_EXECUTE|[79]
08:03:25.2 (32773797)|STATEMENT_EXECUTE|[81]
08:03:25.2 (32777325)|VARIABLE_SCOPE_BEGIN|[81]|returnValue|String|false|false
08:03:25.2 (32781602)|VARIABLE_ASSIGNMENT|[81]|returnValue|""
08:03:25.2 (32792796)|ENTERING_MANAGED_PKG|
08:03:25.2 (32800661)|STATEMENT_EXECUTE|[98]
08:03:25.2 (32806868)|ENTERING_MANAGED_PKG|
08:03:25.2 (32824253)|HEAP_ALLOCATE|[98]|Bytes:4
08:03:25.2 (32837443)|ENTERING_MANAGED_PKG|
08:03:25.2 (32840962)|HEAP_ALLOCATE|[98]|Bytes:18
08:03:25.2 (32851782)|VARIABLE_ASSIGNMENT|[98]|returnValue|"001B00000066Xx6IAE"
08:03:25.2 (32854363)|STATEMENT_EXECUTE|[100]
08:03:25.2 (32861112)|METHOD_EXIT|[113]|01pB0000000ljzx|testautonumdata.Sparkle_Helper.GetSobjectField(SObject, String)
08:03:25.2 (32885257)|VARIABLE_ASSIGNMENT|[EXTERNAL]|this|{"recordID":"001B00000066Xx6IAE"}|0x70cf3bb5
08:03:25.2 (32889853)|VARIABLE_ASSIGNMENT|[EXTERNAL]|value|"001B00000066Xx6IAE"
08:03:25.2 (32895485)|VARIABLE_ASSIGNMENT|[8]|this.eventField|"001B00000066Xx6IAE"|0x70cf3bb5
08:03:25.2 (32901744)|STATEMENT_EXECUTE|[116]
08:03:25.2 (32902947)|STATEMENT_EXECUTE|[117]
08:03:25.2 (32906837)|METHOD_ENTRY|[117]|01pB0000000ljzx|testautonumdata.Sparkle_Helper.GetSobjectField(SObject, String)
08:03:25.2 (32910686)|VARIABLE_SCOPE_BEGIN|[78]|e|SObject|true|false
08:03:25.2 (32921393)|VARIABLE_ASSIGNMENT|[78]|e|{"s":1,"v":{"Id":"001B00000066Xx6IAE","Name":"Burlington Textiles  (15 more) ..."}}|0x4995f043
08:03:25.2 (32923679)|VARIABLE_SCOPE_BEGIN|[78]|lcfield|String|false|false
08:03:25.2 (32926813)|VARIABLE_ASSIGNMENT|[78]|lcfield|"Name"
08:03:25.2 (32933987)|HEAP_ALLOCATE|[81]|Bytes:5
08:03:25.2 (32937127)|STATEMENT_EXECUTE|[79]
08:03:25.2 (32938244)|STATEMENT_EXECUTE|[81]
08:03:25.2 (32941933)|VARIABLE_SCOPE_BEGIN|[81]|returnValue|String|false|false
08:03:25.2 (32946072)|VARIABLE_ASSIGNMENT|[81]|returnValue|""
08:03:25.2 (32957027)|ENTERING_MANAGED_PKG|
08:03:25.2 (32964606)|STATEMENT_EXECUTE|[98]
08:03:25.2 (32970916)|ENTERING_MANAGED_PKG|
08:03:25.2 (32988431)|HEAP_ALLOCATE|[98]|Bytes:35
08:03:25.2 (33001725)|ENTERING_MANAGED_PKG|
08:03:25.2 (33005604)|HEAP_ALLOCATE|[98]|Bytes:35
08:03:25.2 (33018093)|VARIABLE_ASSIGNMENT|[98]|returnValue|"Burlington Textiles  (15 more) ..."
08:03:25.2 (33020850)|STATEMENT_EXECUTE|[100]
08:03:25.2 (33027485)|METHOD_EXIT|[117]|01pB0000000ljzx|testautonumdata.Sparkle_Helper.GetSobjectField(SObject, String)
08:03:25.2 (33052517)|VARIABLE_ASSIGNMENT|[EXTERNAL]|this|{"eventField":"001B00000066Xx6IAE","recordID":"001B00000066Xx6IAE"}|0x70cf3bb5
08:03:25.2 (33058322)|VARIABLE_ASSIGNMENT|[EXTERNAL]|value|"Burlington Textiles  (15 more) ..."
08:03:25.2 (33064909)|VARIABLE_ASSIGNMENT|[10]|this.column1|"Burlington Textiles  (15 more) ..."|0x70cf3bb5
08:03:25.2 (33071155)|STATEMENT_EXECUTE|[119]
08:03:25.2 (33072881)|STATEMENT_EXECUTE|[124]
08:03:25.2 (33074236)|STATEMENT_EXECUTE|[129]
08:03:25.2 (33075251)|STATEMENT_EXECUTE|[135]
08:03:25.2 (33080018)|ENTERING_MANAGED_PKG|
08:03:25.2 (33087913)|HEAP_ALLOCATE|[EXTERNAL]|Bytes:4
08:03:25.2 (33093087)|STATEMENT_EXECUTE|[137]
08:03:25.2 (33104060)|ENTERING_MANAGED_PKG|
08:03:25.2 (33135860)|HEAP_ALLOCATE|[137]|Bytes:207
08:03:25.2 (33149921)|HEAP_ALLOCATE|[137]|Bytes:219
08:03:25.2 (33156234)|ENTERING_MANAGED_PKG|
08:03:25.2 (33162762)|USER_DEBUG|[137]|DEBUG|######## i: ListServerController:[column1=Burlington Textiles Corp of America, column2=null, column3=null, column4=null, eventField=001B00000066Xx6IAE, mapObjectsFields={Account={Id, Name}}, recordID=001B00000066Xx6IAE]
08:03:25.2 (33175967)|HEAP_ALLOCATE|[104]|Bytes:5
08:03:25.2 (33197158)|HEAP_ALLOCATE|[104]|Bytes:12
08:03:25.2 (33210625)|VARIABLE_SCOPE_BEGIN|[104]|e|SObject|true|false
08:03:25.2 (33225196)|VARIABLE_ASSIGNMENT|[104]|e|{"s":1,"v":{"Id":"001B00000066Xx7IAE","Name":"Pyramid Construction (5 more) ..."}}|0x465f48c8
08:03:25.2 (33228462)|STATEMENT_EXECUTE|[105]
08:03:25.2 (33229836)|STATEMENT_EXECUTE|[106]
08:03:25.2 (33241978)|ENTERING_MANAGED_PKG|
08:03:25.2 (33266485)|HEAP_ALLOCATE|[106]|Bytes:63
08:03:25.2 (33279868)|HEAP_ALLOCATE|[106]|Bytes:75
08:03:25.2 (33286108)|ENTERING_MANAGED_PKG|
08:03:25.2 (33292327)|USER_DEBUG|[106]|DEBUG|######## e: Account:{Id=001B00000066Xx7IAE, Name=Pyramid Construction Inc.}
08:03:25.2 (33297426)|STATEMENT_EXECUTE|[107]
08:03:25.2 (33301824)|HEAP_ALLOCATE|[107]|Bytes:28
08:03:25.2 (33310850)|CONSTRUCTOR_ENTRY|[107]|01pB0000000lc07|<init>()
08:03:25.2 (33315310)|VARIABLE_SCOPE_BEGIN|[1]|this|testautonumdata.ListServerController|true|false
08:03:25.2 (33334511)|VARIABLE_ASSIGNMENT|[1]|this|{}|0x656691bd
08:03:25.2 (33341589)|HEAP_ALLOCATE|[EXTERNAL]|Bytes:5
08:03:25.2 (33355409)|STATEMENT_EXECUTE|[1]
08:03:25.2 (33358886)|HEAP_ALLOCATE|[EXTERNAL]|Bytes:5
08:03:25.2 (33360910)|STATEMENT_EXECUTE|[6]
08:03:25.2 (33362358)|STATEMENT_EXECUTE|[8]
08:03:25.2 (33363445)|STATEMENT_EXECUTE|[10]
08:03:25.2 (33364482)|STATEMENT_EXECUTE|[12]
08:03:25.2 (33365414)|STATEMENT_EXECUTE|[14]
08:03:25.2 (33366511)|STATEMENT_EXECUTE|[16]
08:03:25.2 (33376059)|CONSTRUCTOR_EXIT|[107]|01pB0000000lc07|<init>()
08:03:25.2 (33380052)|VARIABLE_SCOPE_BEGIN|[107]|i|testautonumdata.ListServerController|true|false
08:03:25.2 (33396935)|VARIABLE_ASSIGNMENT|[107]|i|{}|0x656691bd
08:03:25.2 (33399215)|STATEMENT_EXECUTE|[110]
08:03:25.2 (33411483)|ENTERING_MANAGED_PKG|
08:03:25.2 (33431369)|HEAP_ALLOCATE|[110]|Bytes:4
08:03:25.2 (33445527)|ENTERING_MANAGED_PKG|
08:03:25.2 (33448728)|HEAP_ALLOCATE|[110]|Bytes:18
08:03:25.2 (33474491)|VARIABLE_ASSIGNMENT|[EXTERNAL]|this|{}|0x656691bd
08:03:25.2 (33480143)|VARIABLE_ASSIGNMENT|[EXTERNAL]|value|"001B00000066Xx7IAE"
08:03:25.2 (33486622)|VARIABLE_ASSIGNMENT|[6]|this.recordID|"001B00000066Xx7IAE"|0x656691bd
08:03:25.2 (33492616)|STATEMENT_EXECUTE|[112]
08:03:25.2 (33493885)|STATEMENT_EXECUTE|[113]
08:03:25.2 (33498634)|METHOD_ENTRY|[113]|01pB0000000ljzx|testautonumdata.Sparkle_Helper.GetSobjectField(SObject, String)
08:03:25.2 (33502636)|VARIABLE_SCOPE_BEGIN|[78]|e|SObject|true|false
08:03:25.2 (33514018)|VARIABLE_ASSIGNMENT|[78]|e|{"s":1,"v":{"Id":"001B00000066Xx7IAE","Name":"Pyramid Construction (5 more) ..."}}|0x465f48c8
08:03:25.2 (33516536)|VARIABLE_SCOPE_BEGIN|[78]|lcfield|String|false|false
08:03:25.2 (33521084)|VARIABLE_ASSIGNMENT|[78]|lcfield|"Id"
08:03:25.2 (33528569)|HEAP_ALLOCATE|[81]|Bytes:5
08:03:25.2 (33531989)|STATEMENT_EXECUTE|[79]
08:03:25.2 (33533130)|STATEMENT_EXECUTE|[81]
08:03:25.2 (33536505)|VARIABLE_SCOPE_BEGIN|[81]|returnValue|String|false|false
08:03:25.2 (33540613)|VARIABLE_ASSIGNMENT|[81]|returnValue|""
08:03:25.2 (33551730)|ENTERING_MANAGED_PKG|
08:03:25.2 (33559489)|STATEMENT_EXECUTE|[98]
08:03:25.2 (33565726)|ENTERING_MANAGED_PKG|
08:03:25.2 (33583012)|HEAP_ALLOCATE|[98]|Bytes:4
08:03:25.2 (33601036)|ENTERING_MANAGED_PKG|
08:03:25.2 (33604344)|HEAP_ALLOCATE|[98]|Bytes:18
08:03:25.2 (33615587)|VARIABLE_ASSIGNMENT|[98]|returnValue|"001B00000066Xx7IAE"
08:03:25.2 (33618174)|STATEMENT_EXECUTE|[100]
08:03:25.2 (33625007)|METHOD_EXIT|[113]|01pB0000000ljzx|testautonumdata.Sparkle_Helper.GetSobjectField(SObject, String)
08:03:25.2 (33649213)|VARIABLE_ASSIGNMENT|[EXTERNAL]|this|{"recordID":"001B00000066Xx7IAE"}|0x656691bd
08:03:25.2 (33653636)|VARIABLE_ASSIGNMENT|[EXTERNAL]|value|"001B00000066Xx7IAE"
08:03:25.2 (33659413)|VARIABLE_ASSIGNMENT|[8]|this.eventField|"001B00000066Xx7IAE"|0x656691bd
08:03:25.2 (33665460)|STATEMENT_EXECUTE|[116]
08:03:25.2 (33666678)|STATEMENT_EXECUTE|[117]
08:03:25.2 (33670611)|METHOD_ENTRY|[117]|01pB0000000ljzx|testautonumdata.Sparkle_Helper.GetSobjectField(SObject, String)
08:03:25.2 (33674264)|VARIABLE_SCOPE_BEGIN|[78]|e|SObject|true|false
08:03:25.2 (33685082)|VARIABLE_ASSIGNMENT|[78]|e|{"s":1,"v":{"Id":"001B00000066Xx7IAE","Name":"Pyramid Construction (5 more) ..."}}|0x465f48c8
08:03:25.2 (33687610)|VARIABLE_SCOPE_BEGIN|[78]|lcfield|String|false|false
08:03:25.2 (33690515)|VARIABLE_ASSIGNMENT|[78]|lcfield|"Name"
08:03:25.2 (33697660)|HEAP_ALLOCATE|[81]|Bytes:5
08:03:25.2 (33700812)|STATEMENT_EXECUTE|[79]
08:03:25.2 (33701935)|STATEMENT_EXECUTE|[81]
08:03:25.2 (33705360)|VARIABLE_SCOPE_BEGIN|[81]|returnValue|String|false|false
08:03:25.2 (33709475)|VARIABLE_ASSIGNMENT|[81]|returnValue|""
08:03:25.2 (33720641)|ENTERING_MANAGED_PKG|
08:03:25.2 (33728335)|STATEMENT_EXECUTE|[98]
08:03:25.2 (33734694)|ENTERING_MANAGED_PKG|
08:03:25.2 (33752295)|HEAP_ALLOCATE|[98]|Bytes:25
08:03:25.2 (33765439)|ENTERING_MANAGED_PKG|
08:03:25.2 (33768505)|HEAP_ALLOCATE|[98]|Bytes:25
08:03:25.2 (33780916)|VARIABLE_ASSIGNMENT|[98]|returnValue|"Pyramid Construction (5 more) ..."
08:03:25.2 (33783657)|STATEMENT_EXECUTE|[100]
08:03:25.2 (33790388)|METHOD_EXIT|[117]|01pB0000000ljzx|testautonumdata.Sparkle_Helper.GetSobjectField(SObject, String)
08:03:25.2 (33815140)|VARIABLE_ASSIGNMENT|[EXTERNAL]|this|{"eventField":"001B00000066Xx7IAE","recordID":"001B00000066Xx7IAE"}|0x656691bd
08:03:25.2 (33820544)|VARIABLE_ASSIGNMENT|[EXTERNAL]|value|"Pyramid Construction (5 more) ..."
08:03:25.2 (33827068)|VARIABLE_ASSIGNMENT|[10]|this.column1|"Pyramid Construction (5 more) ..."|0x656691bd
08:03:25.2 (33833281)|STATEMENT_EXECUTE|[119]
08:03:25.2 (33834936)|STATEMENT_EXECUTE|[124]
08:03:25.2 (33836134)|STATEMENT_EXECUTE|[129]
08:03:25.2 (33837108)|STATEMENT_EXECUTE|[135]
08:03:25.2 (33841763)|ENTERING_MANAGED_PKG|
08:03:25.2 (33849566)|HEAP_ALLOCATE|[EXTERNAL]|Bytes:4
08:03:25.2 (33854709)|STATEMENT_EXECUTE|[137]
08:03:25.2 (33865715)|ENTERING_MANAGED_PKG|
08:03:25.2 (33896848)|HEAP_ALLOCATE|[137]|Bytes:197
08:03:25.2 (33910927)|HEAP_ALLOCATE|[137]|Bytes:209
08:03:25.2 (33917273)|ENTERING_MANAGED_PKG|
08:03:25.2 (33924000)|USER_DEBUG|[137]|DEBUG|######## i: ListServerController:[column1=Pyramid Construction Inc., column2=null, column3=null, column4=null, eventField=001B00000066Xx7IAE, mapObjectsFields={Account={Id, Name}}, recordID=001B00000066Xx7IAE]
08:03:25.2 (33937025)|HEAP_ALLOCATE|[104]|Bytes:5
08:03:25.2 (33958005)|HEAP_ALLOCATE|[104]|Bytes:12
08:03:25.2 (33971339)|VARIABLE_SCOPE_BEGIN|[104]|e|SObject|true|false
08:03:25.2 (33985183)|VARIABLE_ASSIGNMENT|[104]|e|{"s":1,"v":{"Id":"001B00000066Xx8IAE","Name":"Dickenson plc"}}|0x5acf2a36
08:03:25.2 (33988434)|STATEMENT_EXECUTE|[105]
08:03:25.2 (33989484)|STATEMENT_EXECUTE|[106]
08:03:25.2 (34001158)|ENTERING_MANAGED_PKG|
08:03:25.2 (34026751)|HEAP_ALLOCATE|[106]|Bytes:51
08:03:25.2 (34040160)|HEAP_ALLOCATE|[106]|Bytes:63
08:03:25.2 (34046300)|ENTERING_MANAGED_PKG|
08:03:25.2 (34052571)|USER_DEBUG|[106]|DEBUG|######## e: Account:{Id=001B00000066Xx8IAE, Name=Dickenson plc}
08:03:25.2 (34057505)|STATEMENT_EXECUTE|[107]
08:03:25.2 (34061949)|HEAP_ALLOCATE|[107]|Bytes:28
08:03:25.2 (34071332)|CONSTRUCTOR_ENTRY|[107]|01pB0000000lc07|<init>()
08:03:25.2 (34075685)|VARIABLE_SCOPE_BEGIN|[1]|this|testautonumdata.ListServerController|true|false
08:03:25.2 (34095271)|VARIABLE_ASSIGNMENT|[1]|this|{}|0x3a97047f
08:03:25.2 (34102356)|HEAP_ALLOCATE|[EXTERNAL]|Bytes:5
08:03:25.2 (34116335)|STATEMENT_EXECUTE|[1]
08:03:25.2 (34119804)|HEAP_ALLOCATE|[EXTERNAL]|Bytes:5
08:03:25.2 (34121747)|STATEMENT_EXECUTE|[6]
08:03:25.2 (34123152)|STATEMENT_EXECUTE|[8]
08:03:25.2 (34124159)|STATEMENT_EXECUTE|[10]
08:03:25.2 (34125149)|STATEMENT_EXECUTE|[12]
08:03:25.2 (34126103)|STATEMENT_EXECUTE|[14]
08:03:25.2 (34127035)|STATEMENT_EXECUTE|[16]
08:03:25.2 (34136569)|CONSTRUCTOR_EXIT|[107]|01pB0000000lc07|<init>()
08:03:25.2 (34140567)|VARIABLE_SCOPE_BEGIN|[107]|i|testautonumdata.ListServerController|true|false
08:03:25.2 (34157507)|VARIABLE_ASSIGNMENT|[107]|i|{}|0x3a97047f
08:03:25.2 (34159729)|STATEMENT_EXECUTE|[110]
08:03:25.2 (34171951)|ENTERING_MANAGED_PKG|
08:03:25.2 (34192028)|HEAP_ALLOCATE|[110]|Bytes:4
08:03:25.2 (34206248)|ENTERING_MANAGED_PKG|
08:03:25.2 (34209373)|HEAP_ALLOCATE|[110]|Bytes:18
08:03:25.2 (34236346)|VARIABLE_ASSIGNMENT|[EXTERNAL]|this|{}|0x3a97047f
08:03:25.2 (34242523)|VARIABLE_ASSIGNMENT|[EXTERNAL]|value|"001B00000066Xx8IAE"
08:03:25.2 (34249129)|VARIABLE_ASSIGNMENT|[6]|this.recordID|"001B00000066Xx8IAE"|0x3a97047f
08:03:25.2 (34255087)|STATEMENT_EXECUTE|[112]
08:03:25.2 (34256307)|STATEMENT_EXECUTE|[113]
08:03:25.2 (34261054)|METHOD_ENTRY|[113]|01pB0000000ljzx|testautonumdata.Sparkle_Helper.GetSobjectField(SObject, String)
08:03:25.2 (34265118)|VARIABLE_SCOPE_BEGIN|[78]|e|SObject|true|false
08:03:25.2 (34275250)|VARIABLE_ASSIGNMENT|[78]|e|{"s":1,"v":{"Id":"001B00000066Xx8IAE","Name":"Dickenson plc"}}|0x5acf2a36
08:03:25.2 (34277511)|VARIABLE_SCOPE_BEGIN|[78]|lcfield|String|false|false
08:03:25.2 (34280431)|VARIABLE_ASSIGNMENT|[78]|lcfield|"Id"
08:03:25.2 (34287808)|HEAP_ALLOCATE|[81]|Bytes:5
08:03:25.2 (34291000)|STATEMENT_EXECUTE|[79]
08:03:25.2 (34292110)|STATEMENT_EXECUTE|[81]
08:03:25.2 (34295606)|VARIABLE_SCOPE_BEGIN|[81]|returnValue|String|false|false
08:03:25.2 (34299734)|VARIABLE_ASSIGNMENT|[81]|returnValue|""
08:03:25.2 (34311003)|ENTERING_MANAGED_PKG|
08:03:25.2 (34318482)|STATEMENT_EXECUTE|[98]
08:03:25.2 (34324650)|ENTERING_MANAGED_PKG|
08:03:25.2 (34342594)|HEAP_ALLOCATE|[98]|Bytes:4
08:03:25.2 (34356063)|ENTERING_MANAGED_PKG|
08:03:25.2 (34359335)|HEAP_ALLOCATE|[98]|Bytes:18
08:03:25.2 (34370230)|VARIABLE_ASSIGNMENT|[98]|returnValue|"001B00000066Xx8IAE"
08:03:25.2 (34372775)|STATEMENT_EXECUTE|[100]
08:03:25.2 (34379464)|METHOD_EXIT|[113]|01pB0000000ljzx|testautonumdata.Sparkle_Helper.GetSobjectField(SObject, String)
08:03:25.2 (34403357)|VARIABLE_ASSIGNMENT|[EXTERNAL]|this|{"recordID":"001B00000066Xx8IAE"}|0x3a97047f
08:03:25.2 (34408081)|VARIABLE_ASSIGNMENT|[EXTERNAL]|value|"001B00000066Xx8IAE"
08:03:25.2 (34413676)|VARIABLE_ASSIGNMENT|[8]|this.eventField|"001B00000066Xx8IAE"|0x3a97047f
08:03:25.2 (34419536)|STATEMENT_EXECUTE|[116]
08:03:25.2 (34420752)|STATEMENT_EXECUTE|[117]
08:03:25.2 (34424719)|METHOD_ENTRY|[117]|01pB0000000ljzx|testautonumdata.Sparkle_Helper.GetSobjectField(SObject, String)
08:03:25.2 (34428382)|VARIABLE_SCOPE_BEGIN|[78]|e|SObject|true|false
08:03:25.2 (34438174)|VARIABLE_ASSIGNMENT|[78]|e|{"s":1,"v":{"Id":"001B00000066Xx8IAE","Name":"Dickenson plc"}}|0x5acf2a36
08:03:25.2 (34440401)|VARIABLE_SCOPE_BEGIN|[78]|lcfield|String|false|false
08:03:25.2 (34443242)|VARIABLE_ASSIGNMENT|[78]|lcfield|"Name"
08:03:25.2 (34450207)|HEAP_ALLOCATE|[81]|Bytes:5
08:03:25.2 (34453600)|STATEMENT_EXECUTE|[79]
08:03:25.2 (34454807)|STATEMENT_EXECUTE|[81]
08:03:25.2 (34458241)|VARIABLE_SCOPE_BEGIN|[81]|returnValue|String|false|false
08:03:25.2 (34462279)|VARIABLE_ASSIGNMENT|[81]|returnValue|""
08:03:25.2 (34473281)|ENTERING_MANAGED_PKG|
08:03:25.2 (34480704)|STATEMENT_EXECUTE|[98]
08:03:25.2 (34487100)|ENTERING_MANAGED_PKG|
08:03:25.2 (34504743)|HEAP_ALLOCATE|[98]|Bytes:13
08:03:25.2 (34518024)|ENTERING_MANAGED_PKG|
08:03:25.2 (34521094)|HEAP_ALLOCATE|[98]|Bytes:13
08:03:25.2 (34531857)|VARIABLE_ASSIGNMENT|[98]|returnValue|"Dickenson plc"
08:03:25.2 (34534579)|STATEMENT_EXECUTE|[100]
08:03:25.2 (34541127)|METHOD_EXIT|[117]|01pB0000000ljzx|testautonumdata.Sparkle_Helper.GetSobjectField(SObject, String)
08:03:25.2 (34565925)|VARIABLE_ASSIGNMENT|[EXTERNAL]|this|{"eventField":"001B00000066Xx8IAE","recordID":"001B00000066Xx8IAE"}|0x3a97047f
08:03:25.2 (34570573)|VARIABLE_ASSIGNMENT|[EXTERNAL]|value|"Dickenson plc"
08:03:25.2 (34576418)|VARIABLE_ASSIGNMENT|[10]|this.column1|"Dickenson plc"|0x3a97047f
08:03:25.2 (34582618)|STATEMENT_EXECUTE|[119]
08:03:25.2 (34588327)|STATEMENT_EXECUTE|[124]
08:03:25.2 (34590062)|STATEMENT_EXECUTE|[129]
08:03:25.2 (34591092)|STATEMENT_EXECUTE|[135]
08:03:25.2 (34596170)|ENTERING_MANAGED_PKG|
08:03:25.2 (34604072)|HEAP_ALLOCATE|[EXTERNAL]|Bytes:4
08:03:25.2 (34609305)|STATEMENT_EXECUTE|[137]
08:03:25.2 (34620535)|ENTERING_MANAGED_PKG|
08:03:25.2 (34651502)|HEAP_ALLOCATE|[137]|Bytes:185
08:03:25.2 (34665371)|HEAP_ALLOCATE|[137]|Bytes:197
08:03:25.2 (34671773)|ENTERING_MANAGED_PKG|
08:03:25.2 (34678166)|USER_DEBUG|[137]|DEBUG|######## i: ListServerController:[column1=Dickenson plc, column2=null, column3=null, column4=null, eventField=001B00000066Xx8IAE, mapObjectsFields={Account={Id, Name}}, recordID=001B00000066Xx8IAE]
08:03:25.2 (34691296)|HEAP_ALLOCATE|[104]|Bytes:5
08:03:25.2 (34712347)|HEAP_ALLOCATE|[104]|Bytes:12
08:03:25.2 (34725763)|VARIABLE_SCOPE_BEGIN|[104]|e|SObject|true|false
08:03:25.2 (34740745)|VARIABLE_ASSIGNMENT|[104]|e|{"s":1,"v":{"Id":"001B00000066Xx9IAE","Name":"Hospital Universitar (14 more) ..."}}|0x17fa6b86
08:03:25.2 (34744151)|STATEMENT_EXECUTE|[105]
08:03:25.2 (34745535)|STATEMENT_EXECUTE|[106]
08:03:25.2 (34757468)|ENTERING_MANAGED_PKG|
08:03:25.2 (34782064)|HEAP_ALLOCATE|[106]|Bytes:72
08:03:25.2 (34795268)|HEAP_ALLOCATE|[106]|Bytes:84
08:03:25.2 (34801433)|ENTERING_MANAGED_PKG|
08:03:25.2 (34807652)|USER_DEBUG|[106]|DEBUG|######## e: Account:{Id=001B00000066Xx9IAE, Name=Hospital Universitario San Ignacio}
08:03:25.2 (34812597)|STATEMENT_EXECUTE|[107]
08:03:25.2 (34817053)|HEAP_ALLOCATE|[107]|Bytes:28
08:03:25.2 (34825977)|CONSTRUCTOR_ENTRY|[107]|01pB0000000lc07|<init>()
08:03:25.2 (34830340)|VARIABLE_SCOPE_BEGIN|[1]|this|testautonumdata.ListServerController|true|false
08:03:25.2 (34849555)|VARIABLE_ASSIGNMENT|[1]|this|{}|0x23adaa52
08:03:25.2 (34856545)|HEAP_ALLOCATE|[EXTERNAL]|Bytes:5
08:03:25.2 (34870249)|STATEMENT_EXECUTE|[1]
08:03:25.2 (34873656)|HEAP_ALLOCATE|[EXTERNAL]|Bytes:5
08:03:25.2 (34875693)|STATEMENT_EXECUTE|[6]
08:03:25.2 (34877088)|STATEMENT_EXECUTE|[8]
08:03:25.2 (34878102)|STATEMENT_EXECUTE|[10]
08:03:25.2 (34879114)|STATEMENT_EXECUTE|[12]
08:03:25.2 (34880062)|STATEMENT_EXECUTE|[14]
08:03:25.2 (34881118)|STATEMENT_EXECUTE|[16]
08:03:25.2 (34890389)|CONSTRUCTOR_EXIT|[107]|01pB0000000lc07|<init>()
08:03:25.2 (34894506)|VARIABLE_SCOPE_BEGIN|[107]|i|testautonumdata.ListServerController|true|false
08:03:25.2 (34911414)|VARIABLE_ASSIGNMENT|[107]|i|{}|0x23adaa52
08:03:25.2 (34913582)|STATEMENT_EXECUTE|[110]
08:03:25.2 (34925732)|ENTERING_MANAGED_PKG|
08:03:25.2 (34945860)|HEAP_ALLOCATE|[110]|Bytes:4
08:03:25.2 (34960082)|ENTERING_MANAGED_PKG|
08:03:25.2 (34963219)|HEAP_ALLOCATE|[110]|Bytes:18
08:03:25.2 (34988955)|VARIABLE_ASSIGNMENT|[EXTERNAL]|this|{}|0x23adaa52
08:03:25.2 (34994752)|VARIABLE_ASSIGNMENT|[EXTERNAL]|value|"001B00000066Xx9IAE"
08:03:25.2 (35001380)|VARIABLE_ASSIGNMENT|[6]|this.recordID|"001B00000066Xx9IAE"|0x23adaa52
08:03:25.2 (35008095)|STATEMENT_EXECUTE|[112]
08:03:25.2 (35009309)|STATEMENT_EXECUTE|[113]
08:03:25.2 (35013942)|METHOD_ENTRY|[113]|01pB0000000ljzx|testautonumdata.Sparkle_Helper.GetSobjectField(SObject, String)
08:03:25.2 (35017863)|VARIABLE_SCOPE_BEGIN|[78]|e|SObject|true|false
08:03:25.2 (35029152)|VARIABLE_ASSIGNMENT|[78]|e|{"s":1,"v":{"Id":"001B00000066Xx9IAE","Name":"Hospital Universitar (14 more) ..."}}|0x17fa6b86
08:03:25.2 (35031777)|VARIABLE_SCOPE_BEGIN|[78]|lcfield|String|false|false
08:03:25.2 (35035019)|VARIABLE_ASSIGNMENT|[78]|lcfield|"Id"
08:03:25.2 (35042244)|HEAP_ALLOCATE|[81]|Bytes:5
08:03:25.2 (35045623)|STATEMENT_EXECUTE|[79]
08:03:25.2 (35046747)|STATEMENT_EXECUTE|[81]
08:03:25.2 (35050397)|VARIABLE_SCOPE_BEGIN|[81]|returnValue|String|false|false
08:03:25.2 (35054484)|VARIABLE_ASSIGNMENT|[81]|returnValue|""
08:03:25.2 (35065612)|ENTERING_MANAGED_PKG|
08:03:25.2 (35073319)|STATEMENT_EXECUTE|[98]
08:03:25.2 (35079805)|ENTERING_MANAGED_PKG|
08:03:25.2 (35097188)|HEAP_ALLOCATE|[98]|Bytes:4
08:03:25.2 (35110313)|ENTERING_MANAGED_PKG|
08:03:25.2 (35113429)|HEAP_ALLOCATE|[98]|Bytes:18
08:03:25.2 (35124285)|VARIABLE_ASSIGNMENT|[98]|returnValue|"001B00000066Xx9IAE"
08:03:25.2 (35126906)|STATEMENT_EXECUTE|[100]
08:03:25.2 (35133475)|METHOD_EXIT|[113]|01pB0000000ljzx|testautonumdata.Sparkle_Helper.GetSobjectField(SObject, String)
08:03:25.2 (35157222)|VARIABLE_ASSIGNMENT|[EXTERNAL]|this|{"recordID":"001B00000066Xx9IAE"}|0x23adaa52
08:03:25.2 (35161815)|VARIABLE_ASSIGNMENT|[EXTERNAL]|value|"001B00000066Xx9IAE"
08:03:25.2 (35167431)|VARIABLE_ASSIGNMENT|[8]|this.eventField|"001B00000066Xx9IAE"|0x23adaa52
08:03:25.2 (35173760)|STATEMENT_EXECUTE|[116]
08:03:25.2 (35174995)|STATEMENT_EXECUTE|[117]
08:03:25.2 (35178953)|METHOD_ENTRY|[117]|01pB0000000ljzx|testautonumdata.Sparkle_Helper.GetSobjectField(SObject, String)
08:03:25.2 (35182633)|VARIABLE_SCOPE_BEGIN|[78]|e|SObject|true|false
08:03:25.2 (35193576)|VARIABLE_ASSIGNMENT|[78]|e|{"s":1,"v":{"Id":"001B00000066Xx9IAE","Name":"Hospital Universitar (14 more) ..."}}|0x17fa6b86
08:03:25.2 (35195954)|VARIABLE_SCOPE_BEGIN|[78]|lcfield|String|false|false
08:03:25.2 (35199042)|VARIABLE_ASSIGNMENT|[78]|lcfield|"Name"
08:03:25.2 (35206162)|HEAP_ALLOCATE|[81]|Bytes:5
08:03:25.2 (35209302)|STATEMENT_EXECUTE|[79]
08:03:25.2 (35210386)|STATEMENT_EXECUTE|[81]
08:03:25.2 (35213825)|VARIABLE_SCOPE_BEGIN|[81]|returnValue|String|false|false
08:03:25.2 (35217839)|VARIABLE_ASSIGNMENT|[81]|returnValue|""
08:03:25.2 (35243663)|ENTERING_MANAGED_PKG|
08:03:25.2 (35252651)|STATEMENT_EXECUTE|[98]
08:03:25.2 (35259681)|ENTERING_MANAGED_PKG|
08:03:25.2 (35278083)|HEAP_ALLOCATE|[98]|Bytes:34
08:03:25.2 (35291612)|ENTERING_MANAGED_PKG|
08:03:25.2 (35294759)|HEAP_ALLOCATE|[98]|Bytes:34
08:03:25.2 (35307524)|VARIABLE_ASSIGNMENT|[98]|returnValue|"Hospital Universitar (14 more) ..."
08:03:25.2 (35310274)|STATEMENT_EXECUTE|[100]
08:03:25.2 (35317048)|METHOD_EXIT|[117]|01pB0000000ljzx|testautonumdata.Sparkle_Helper.GetSobjectField(SObject, String)
08:03:25.2 (35342886)|VARIABLE_ASSIGNMENT|[EXTERNAL]|this|{"eventField":"001B00000066Xx9IAE","recordID":"001B00000066Xx9IAE"}|0x23adaa52
08:03:25.2 (35348758)|VARIABLE_ASSIGNMENT|[EXTERNAL]|value|"Hospital Universitar (14 more) ..."
08:03:25.2 (35355487)|VARIABLE_ASSIGNMENT|[10]|this.column1|"Hospital Universitar (14 more) ..."|0x23adaa52
08:03:25.2 (35361746)|STATEMENT_EXECUTE|[119]
08:03:25.2 (35363406)|STATEMENT_EXECUTE|[124]
08:03:25.2 (35364572)|STATEMENT_EXECUTE|[129]
08:03:25.2 (35365637)|STATEMENT_EXECUTE|[135]
08:03:25.2 (35370320)|ENTERING_MANAGED_PKG|
08:03:25.2 (35378208)|HEAP_ALLOCATE|[EXTERNAL]|Bytes:4
08:03:25.2 (35383354)|STATEMENT_EXECUTE|[137]
08:03:25.2 (35394408)|ENTERING_MANAGED_PKG|
08:03:25.2 (35426119)|HEAP_ALLOCATE|[137]|Bytes:206
08:03:25.2 (35440031)|HEAP_ALLOCATE|[137]|Bytes:218
08:03:25.2 (35446349)|ENTERING_MANAGED_PKG|
08:03:25.2 (35452993)|USER_DEBUG|[137]|DEBUG|######## i: ListServerController:[column1=Hospital Universitario San Ignacio, column2=null, column3=null, column4=null, eventField=001B00000066Xx9IAE, mapObjectsFields={Account={Id, Name}}, recordID=001B00000066Xx9IAE]
08:03:25.2 (35466212)|HEAP_ALLOCATE|[104]|Bytes:5
08:03:25.2 (35479594)|VARIABLE_ASSIGNMENT|[104]|e|null|
08:03:25.2 (35483107)|STATEMENT_EXECUTE|[142]
08:03:25.2 (35486249)|HEAP_ALLOCATE|[142]|Bytes:27
08:03:25.2 (35499360)|ENTERING_MANAGED_PKG|
08:03:25.2 (35651974)|HEAP_ALLOCATE|[142]|Bytes:1546
08:03:25.2 (35669186)|HEAP_ALLOCATE|[142]|Bytes:1573
08:03:25.2 (35678013)|ENTERING_MANAGED_PKG|
08:03:25.2 (35684466)|USER_DEBUG|[142]|DEBUG|######## lstReturnRecords: (ListServerController:[column1=GenePoint, column2=null, column3=null, column4=null, eventField=001B00000066XxFIAU, mapObjectsFields={Account={Id, Name}}, recordID=001B00000066XxFIAU], ListServerController:[column1=United Oil & Gas, UK, column2=null, column3=null, column4=null, eventField=001B00000066XxDIAU, mapObjectsFields=(already output), recordID=001B00000066XxDIAU], ListServerController:[column1=United Oil & Gas, Singapore, column2=null, column3=null, column4=null, eventField=001B00000066XxEIAU, mapObjectsFields=(already output), recordID=001B00000066XxEIAU], ListServerController:[column1=Edge Communications, column2=null, column3=null, column4=null, eventField=001B00000066Xx5IAE, mapObjectsFields=(already output), recordID=001B00000066Xx5IAE], ListServerController:[column1=Burlington Textiles Corp of America, column2=null, column3=null, column4=null, eventField=001B00000066Xx6IAE, mapObjectsFields=(already output), recordID=001B00000066Xx6IAE], ListServerController:[column1=Pyramid Construction Inc., column2=null, column3=null, column4=null, eventField=001B00000066Xx7IAE, mapObjectsFields=(already output), recordID=001B00000066Xx7IAE], ListServerController:[column1=Dickenson plc, column2=null, column3=null, column4=null, eventField=001B00000066Xx8IAE, mapObjectsFields=(already output), recordID=001B00000066Xx8IAE], ListServerController:[column1=Hospital Universitario San Ignacio, column2=null, column3=null, column4=null, eventField=001B00000066Xx9IAE, mapObjectsFields=(already output), recordID=001B00000066Xx9IAE])
08:03:25.2 (35698248)|STATEMENT_EXECUTE|[144]
08:03:25.2 (35709679)|SYSTEM_MODE_EXIT|false
08:03:25.35 (35750200)|CUMULATIVE_LIMIT_USAGE
08:03:25.35 (35750200)|LIMIT_USAGE_FOR_NS|(default)|
  Number of SOQL queries: 0 out of 100
  Number of query rows: 0 out of 50000
  Number of SOSL queries: 0 out of 20
  Number of DML statements: 0 out of 150
  Number of DML rows: 0 out of 10000
  Maximum CPU time: 0 out of 10000
  Maximum heap size: 0 out of 6000000
  Number of callouts: 0 out of 100
  Number of Email Invocations: 0 out of 10
  Number of future calls: 0 out of 50
  Number of queueable jobs added to the queue: 0 out of 50
  Number of Mobile Apex push calls: 0 out of 10

08:03:25.35 (35750200)|LIMIT_USAGE_FOR_NS|testautonumdata|
  Number of SOQL queries: 1 out of 100
  Number of query rows: 8 out of 50000
  Number of SOSL queries: 0 out of 20
  Number of DML statements: 0 out of 150
  Number of DML rows: 0 out of 10000
  Maximum CPU time: 0 out of 10000
  Maximum heap size: 0 out of 6000000
  Number of callouts: 0 out of 100
  Number of Email Invocations: 0 out of 10
  Number of future calls: 0 out of 50
  Number of queueable jobs added to the queue: 0 out of 50
  Number of Mobile Apex push calls: 0 out of 10

08:03:25.35 (35750200)|CUMULATIVE_LIMIT_USAGE_END

08:03:25.37 (37666676)|CODE_UNIT_STARTED|[EXTERNAL]|Aura
08:03:25.38 (38636267)|CODE_UNIT_STARTED|[EXTERNAL]|Aura
08:03:25.39 (39643788)|CODE_UNIT_STARTED|[EXTERNAL]|Aura
08:03:25.40 (40631091)|CODE_UNIT_STARTED|[EXTERNAL]|Aura
08:03:25.41 (41618770)|CODE_UNIT_STARTED|[EXTERNAL]|Aura
08:03:25.42 (42544495)|CODE_UNIT_STARTED|[EXTERNAL]|Aura
08:03:25.43 (43534902)|CODE_UNIT_STARTED|[EXTERNAL]|Aura
08:03:25.44 (44472715)|CODE_UNIT_STARTED|[EXTERNAL]|Aura
08:03:25.45 (45650699)|CODE_UNIT_STARTED|[EXTERNAL]|01pB0000000lc07|ListServerController.getCurrentUser
08:03:25.45 (45695290)|SYSTEM_MODE_ENTER|false
08:03:25.45 (45710365)|HEAP_ALLOCATE|[151]|Bytes:5
08:03:25.45 (45715630)|STATEMENT_EXECUTE|[150]
08:03:25.45 (45717101)|STATEMENT_EXECUTE|[151]
08:03:25.45 (45720464)|HEAP_ALLOCATE|[151]|Bytes:68
08:03:25.45 (45732380)|HEAP_ALLOCATE|[151]|Bytes:4
08:03:25.45 (45744359)|HEAP_ALLOCATE|[151]|Bytes:7
08:03:25.45 (45823039)|HEAP_ALLOCATE|[151]|Bytes:85
08:03:25.45 (45843417)|SYSTEM_METHOD_ENTRY|[1]|UserInfo.UserInfo()
08:03:25.45 (45847608)|STATEMENT_EXECUTE|[1]
08:03:25.45 (45859171)|SYSTEM_METHOD_EXIT|[1]|UserInfo
08:03:25.45 (45872609)|METHOD_ENTRY|[151]||System.UserInfo.getUserId()
08:03:25.45 (45915476)|METHOD_EXIT|[151]||System.UserInfo.getUserId()
08:03:25.45 (46863830)|SOQL_EXECUTE_BEGIN|[151]|Aggregations:0|SELECT Id, FirstName, LastName FROM User WHERE Id = :tmpVar1 LIMIT 1
08:03:25.45 (52609775)|SOQL_EXECUTE_END|[151]|Rows:1
08:03:25.45 (52635398)|HEAP_ALLOCATE|[151]|Bytes:8
08:03:25.45 (52653060)|HEAP_ALLOCATE|[151]|Bytes:69
08:03:25.45 (52735164)|HEAP_ALLOCATE|[151]|Bytes:8
08:03:25.45 (52744814)|HEAP_ALLOCATE|[151]|Bytes:30
08:03:25.45 (52831605)|HEAP_ALLOCATE|[151]|Bytes:16
08:03:25.45 (52841880)|VARIABLE_SCOPE_BEGIN|[151]|user|User|true|false
08:03:25.45 (52883500)|VARIABLE_ASSIGNMENT|[151]|user|{"s":1,"v":{"Id":"005B0000001VpZRIA0","FirstName":"Rodrigo","LastName":"Reboucas"}}|0x19795f62
08:03:25.45 (52887957)|STATEMENT_EXECUTE|[152]
08:03:25.45 (52899557)|SYSTEM_MODE_EXIT|false
08:03:25.52 (52931182)|CUMULATIVE_LIMIT_USAGE
08:03:25.52 (52931182)|LIMIT_USAGE_FOR_NS|(default)|
  Number of SOQL queries: 0 out of 100
  Number of query rows: 0 out of 50000
  Number of SOSL queries: 0 out of 20
  Number of DML statements: 0 out of 150
  Number of DML rows: 0 out of 10000
  Maximum CPU time: 0 out of 10000
  Maximum heap size: 0 out of 6000000
  Number of callouts: 0 out of 100
  Number of Email Invocations: 0 out of 10
  Number of future calls: 0 out of 50
  Number of queueable jobs added to the queue: 0 out of 50
  Number of Mobile Apex push calls: 0 out of 10

08:03:25.52 (52931182)|LIMIT_USAGE_FOR_NS|testautonumdata|
  Number of SOQL queries: 2 out of 100
  Number of query rows: 9 out of 50000
  Number of SOSL queries: 0 out of 20
  Number of DML statements: 0 out of 150
  Number of DML rows: 0 out of 10000
  Maximum CPU time: 0 out of 10000
  Maximum heap size: 0 out of 6000000
  Number of callouts: 0 out of 100
  Number of Email Invocations: 0 out of 10
  Number of future calls: 0 out of 50
  Number of queueable jobs added to the queue: 0 out of 50
  Number of Mobile Apex push calls: 0 out of 10

08:03:25.52 (52931182)|CUMULATIVE_LIMIT_USAGE_END

