38.0 APEX_CODE,FINEST;APEX_PROFILING,INFO;CALLOUT,INFO;DB,INFO;SYSTEM,DEBUG;VALIDATION,INFO;VISUALFORCE,INFO;WORKFLOW,INFO
08:15:10.0 (120253)|USER_INFO|[EXTERNAL]|005B0000001VpZR|rreboucas-yi5c@force.com|Pacific Standard Time|GMT-07:00
08:15:10.3 (3147330)|CODE_UNIT_STARTED|[EXTERNAL]|01pB0000000lc07|ListServerController.getListRecords
08:15:10.3 (3223218)|VARIABLE_SCOPE_BEGIN|[3]|ListServerController.mapObjectsFields|Map<String,Set<String>>|true|true
08:15:10.3 (3311338)|HEAP_ALLOCATE|[EXTERNAL]|Bytes:180
08:15:10.3 (3324567)|HEAP_ALLOCATE|[EXTERNAL]|Bytes:22
08:15:10.3 (3338590)|HEAP_ALLOCATE|[EXTERNAL]|Bytes:27
08:15:10.3 (3368826)|METHOD_ENTRY|[1]|01pB0000000lc07|ListServerController.ListServerController()
08:15:10.3 (3377665)|STATEMENT_EXECUTE|[1]
08:15:10.3 (3387644)|STATEMENT_EXECUTE|[1]
08:15:10.3 (3438374)|HEAP_ALLOCATE|[50]|Bytes:5
08:15:10.3 (3473389)|HEAP_ALLOCATE|[56]|Bytes:5
08:15:10.3 (3491857)|HEAP_ALLOCATE|[64]|Bytes:7
08:15:10.3 (3531975)|SYSTEM_MODE_ENTER|false
08:15:10.3 (3556246)|HEAP_ALLOCATE|[3]|Bytes:5
08:15:10.3 (3564419)|STATEMENT_EXECUTE|[3]
08:15:10.3 (3608911)|VARIABLE_ASSIGNMENT|[3]|ListServerController.mapObjectsFields|null|
08:15:10.3 (3619394)|SYSTEM_MODE_EXIT|false
08:15:10.3 (3641613)|METHOD_EXIT|[1]|ListServerController
08:15:10.3 (3650756)|HEAP_ALLOCATE|[EXTERNAL]|Bytes:1
08:15:10.3 (3654711)|HEAP_ALLOCATE|[EXTERNAL]|Bytes:7
08:15:10.3 (3657265)|HEAP_ALLOCATE|[EXTERNAL]|Bytes:2
08:15:10.3 (3659660)|HEAP_ALLOCATE|[EXTERNAL]|Bytes:4
08:15:10.3 (3662408)|HEAP_ALLOCATE|[EXTERNAL]|Bytes:4
08:15:10.3 (3675159)|SYSTEM_MODE_ENTER|false
08:15:10.3 (3684379)|VARIABLE_SCOPE_BEGIN|[23]|rowsLimit|String|false|false
08:15:10.3 (3697461)|VARIABLE_ASSIGNMENT|[23]|rowsLimit|"8"
08:15:10.3 (3702143)|VARIABLE_SCOPE_BEGIN|[23]|objectApiName|String|false|false
08:15:10.3 (3708560)|VARIABLE_ASSIGNMENT|[23]|objectApiName|"Account"
08:15:10.3 (3712153)|VARIABLE_SCOPE_BEGIN|[23]|filter1Field|String|false|false
08:15:10.3 (3717623)|VARIABLE_ASSIGNMENT|[23]|filter1Field|null
08:15:10.3 (3720986)|VARIABLE_SCOPE_BEGIN|[23]|filter1Value|String|false|false
08:15:10.3 (3725742)|VARIABLE_ASSIGNMENT|[23]|filter1Value|null
08:15:10.3 (3728739)|VARIABLE_SCOPE_BEGIN|[23]|eventField|String|false|false
08:15:10.3 (3734523)|VARIABLE_ASSIGNMENT|[23]|eventField|"Id"
08:15:10.3 (3737988)|VARIABLE_SCOPE_BEGIN|[23]|column1|String|false|false
08:15:10.3 (3742912)|VARIABLE_ASSIGNMENT|[23]|column1|"Name"
08:15:10.3 (3746358)|VARIABLE_SCOPE_BEGIN|[23]|column2|String|false|false
08:15:10.3 (3750538)|VARIABLE_ASSIGNMENT|[23]|column2|null
08:15:10.3 (3754100)|VARIABLE_SCOPE_BEGIN|[23]|column3|String|false|false
08:15:10.3 (3758346)|VARIABLE_ASSIGNMENT|[23]|column3|null
08:15:10.3 (3761242)|VARIABLE_SCOPE_BEGIN|[23]|column4|String|false|false
08:15:10.3 (3765719)|VARIABLE_ASSIGNMENT|[23]|column4|null
08:15:10.3 (3769042)|VARIABLE_SCOPE_BEGIN|[23]|sortField|String|false|false
08:15:10.3 (3774452)|VARIABLE_ASSIGNMENT|[23]|sortField|"Name"
08:15:10.3 (3777691)|VARIABLE_SCOPE_BEGIN|[23]|sortDirection|String|false|false
08:15:10.3 (3782413)|VARIABLE_ASSIGNMENT|[23]|sortDirection|null
08:15:10.3 (3802538)|HEAP_ALLOCATE|[25]|Bytes:5
08:15:10.3 (3810162)|STATEMENT_EXECUTE|[23]
08:15:10.3 (3812431)|STATEMENT_EXECUTE|[25]
08:15:10.3 (3817762)|HEAP_ALLOCATE|[25]|Bytes:20
08:15:10.3 (3840076)|HEAP_ALLOCATE|[25]|Bytes:21
08:15:10.3 (3878539)|ENTERING_MANAGED_PKG|
08:15:10.3 (3931073)|USER_DEBUG|[25]|DEBUG|######## rowsLimit: 8
08:15:10.3 (3948049)|STATEMENT_EXECUTE|[26]
08:15:10.3 (3954551)|HEAP_ALLOCATE|[26]|Bytes:24
08:15:10.3 (3966867)|HEAP_ALLOCATE|[26]|Bytes:31
08:15:10.3 (3985058)|ENTERING_MANAGED_PKG|
08:15:10.3 (4013109)|USER_DEBUG|[26]|DEBUG|######## objectApiName: Account
08:15:10.3 (4028358)|STATEMENT_EXECUTE|[29]
08:15:10.3 (4038552)|HEAP_ALLOCATE|[29]|Bytes:4
08:15:10.3 (4086833)|VARIABLE_ASSIGNMENT|[29]|ListServerController.mapObjectsFields|{"s":1,"v":{}}|0xbc4f06e
08:15:10.3 (4093168)|STATEMENT_EXECUTE|[31]
08:15:10.3 (4098876)|HEAP_ALLOCATE|[31]|Bytes:2
08:15:10.3 (4302333)|HEAP_ALLOCATE|[31]|Bytes:19
08:15:10.3 (4312018)|HEAP_ALLOCATE|[31]|Bytes:28
08:15:10.3 (4338500)|METHOD_ENTRY|[1]|01pB0000000ljzx|Sparkle_Helper.Sparkle_Helper()
08:15:10.3 (4345331)|STATEMENT_EXECUTE|[1]
08:15:10.3 (4352441)|STATEMENT_EXECUTE|[1]
08:15:10.3 (4362520)|HEAP_ALLOCATE|[31]|Bytes:5
08:15:10.3 (4384170)|METHOD_EXIT|[1]|Sparkle_Helper
08:15:10.3 (4410813)|METHOD_ENTRY|[31]|01pB0000000ljzx|testautonumdata.Sparkle_Helper.AddFieldToObjectsMap(String, String, Map<String,Set<String>>)
08:15:10.3 (4441840)|VARIABLE_SCOPE_BEGIN|[107]|fieldName|String|false|false
08:15:10.3 (4452272)|VARIABLE_ASSIGNMENT|[107]|fieldName|"Id"
08:15:10.3 (4456298)|VARIABLE_SCOPE_BEGIN|[107]|initialObjectName|String|false|false
08:15:10.3 (4461794)|VARIABLE_ASSIGNMENT|[107]|initialObjectName|"Account"
08:15:10.3 (4465594)|VARIABLE_SCOPE_BEGIN|[107]|theMap|Map<String,Set<String>>|true|false
08:15:10.3 (4482193)|VARIABLE_ASSIGNMENT|[107]|theMap|{"s":1,"v":{}}|0xbc4f06e
08:15:10.3 (4495401)|HEAP_ALLOCATE|[109]|Bytes:5
08:15:10.3 (4503444)|STATEMENT_EXECUTE|[108]
08:15:10.3 (4508960)|HEAP_ALLOCATE|[109]|Bytes:1
08:15:10.3 (4536577)|ENTERING_MANAGED_PKG|
08:15:10.3 (4591865)|STATEMENT_EXECUTE|[150]
08:15:10.3 (4610395)|METHOD_ENTRY|[150]|01pB0000000ljzx|testautonumdata.Sparkle_Helper.AddFieldToMap(String, String, Map<String,Set<String>>)
08:15:10.3 (4637673)|VARIABLE_SCOPE_BEGIN|[157]|fieldName|String|false|false
08:15:10.3 (4647014)|VARIABLE_ASSIGNMENT|[157]|fieldName|"Id"
08:15:10.3 (4651100)|VARIABLE_SCOPE_BEGIN|[157]|ObjectName|String|false|false
08:15:10.3 (4657456)|VARIABLE_ASSIGNMENT|[157]|ObjectName|"Account"
08:15:10.3 (4661082)|VARIABLE_SCOPE_BEGIN|[157]|theMap|Map<String,Set<String>>|true|false
08:15:10.3 (4676707)|VARIABLE_ASSIGNMENT|[157]|theMap|{"s":1,"v":{}}|0xbc4f06e
08:15:10.3 (4690515)|HEAP_ALLOCATE|[160]|Bytes:5
08:15:10.3 (4697845)|STATEMENT_EXECUTE|[158]
08:15:10.3 (4718429)|ENTERING_MANAGED_PKG|
08:15:10.3 (4768589)|STATEMENT_EXECUTE|[167]
08:15:10.3 (4772689)|STATEMENT_EXECUTE|[168]
08:15:10.3 (4846057)|HEAP_ALLOCATE|[168]|Bytes:4
08:15:10.3 (4876016)|ENTERING_MANAGED_PKG|
08:15:10.3 (4918525)|VARIABLE_SCOPE_BEGIN|[168]|newFieldSet|Set<String>|true|false
08:15:10.3 (4971266)|VARIABLE_ASSIGNMENT|[168]|newFieldSet|{"s":1,"v":[]}|0x2815ac4
08:15:10.3 (4977772)|STATEMENT_EXECUTE|[169]
08:15:10.3 (4998771)|ENTERING_MANAGED_PKG|
08:15:10.3 (5041370)|HEAP_ALLOCATE|[EXTERNAL]|Bytes:4
08:15:10.3 (5058822)|STATEMENT_EXECUTE|[170]
08:15:10.3 (5074246)|ENTERING_MANAGED_PKG|
08:15:10.3 (5122995)|HEAP_ALLOCATE|[EXTERNAL]|Bytes:-4
08:15:10.3 (5149307)|METHOD_EXIT|[150]|01pB0000000ljzx|testautonumdata.Sparkle_Helper.AddFieldToMap(String, String, Map<String,Set<String>>)
08:15:10.3 (5166225)|METHOD_EXIT|[31]|01pB0000000ljzx|testautonumdata.Sparkle_Helper.AddFieldToObjectsMap(String, String, Map<String,Set<String>>)
08:15:10.3 (5174488)|STATEMENT_EXECUTE|[33]
08:15:10.3 (5212635)|HEAP_ALLOCATE|[33]|Bytes:4
08:15:10.3 (5318594)|ENTERING_MANAGED_PKG|
08:15:10.3 (5358954)|VARIABLE_SCOPE_BEGIN|[33]|lstReturnRecords|List<testautonumdata.ListServerController>|true|false
08:15:10.3 (5390419)|HEAP_ALLOCATE|[EXTERNAL]|Bytes:4
08:15:10.3 (5412342)|VARIABLE_ASSIGNMENT|[33]|lstReturnRecords|{"s":1,"v":[]}|0x5b1d55f2
08:15:10.3 (5418256)|STATEMENT_EXECUTE|[35]
08:15:10.3 (5453980)|ENTERING_MANAGED_PKG|
08:15:10.3 (5502788)|VARIABLE_SCOPE_BEGIN|[35]|rLimit|Integer|false|false
08:15:10.3 (5509357)|HEAP_ALLOCATE|[35]|Bytes:4
08:15:10.3 (5520069)|VARIABLE_ASSIGNMENT|[35]|rLimit|8
08:15:10.3 (5524829)|STATEMENT_EXECUTE|[36]
08:15:10.3 (5530165)|HEAP_ALLOCATE|[36]|Bytes:17
08:15:10.3 (5557400)|ENTERING_MANAGED_PKG|
08:15:10.3 (5594270)|HEAP_ALLOCATE|[36]|Bytes:1
08:15:10.3 (5618556)|HEAP_ALLOCATE|[36]|Bytes:18
08:15:10.3 (5637648)|ENTERING_MANAGED_PKG|
08:15:10.3 (5647047)|USER_DEBUG|[36]|DEBUG|######## rLimit: 8
08:15:10.3 (5659510)|STATEMENT_EXECUTE|[40]
08:15:10.3 (5665583)|HEAP_ALLOCATE|[40]|Bytes:9
08:15:10.3 (5673126)|VARIABLE_SCOPE_BEGIN|[40]|soql|String|false|false
08:15:10.3 (5683450)|VARIABLE_ASSIGNMENT|[40]|soql|"Select id"
08:15:10.3 (5710361)|ENTERING_MANAGED_PKG|
08:15:10.3 (5761816)|STATEMENT_EXECUTE|[42]
08:15:10.3 (5766959)|STATEMENT_EXECUTE|[49]
08:15:10.3 (5768763)|STATEMENT_EXECUTE|[50]
08:15:10.3 (5773634)|HEAP_ALLOCATE|[50]|Bytes:2
08:15:10.3 (5799806)|ENTERING_MANAGED_PKG|
08:15:10.3 (5831521)|HEAP_ALLOCATE|[50]|Bytes:4
08:15:10.3 (5857266)|HEAP_ALLOCATE|[50]|Bytes:6
08:15:10.3 (5867514)|HEAP_ALLOCATE|[50]|Bytes:15
08:15:10.3 (5881055)|VARIABLE_ASSIGNMENT|[50]|soql|"Select id, Name"
08:15:10.3 (5885960)|STATEMENT_EXECUTE|[51]
08:15:10.3 (5901794)|METHOD_ENTRY|[51]|01pB0000000ljzx|testautonumdata.Sparkle_Helper.AddFieldToObjectsMap(String, String, Map<String,Set<String>>)
08:15:10.3 (5928548)|VARIABLE_SCOPE_BEGIN|[107]|fieldName|String|false|false
08:15:10.3 (5937611)|VARIABLE_ASSIGNMENT|[107]|fieldName|"Name"
08:15:10.3 (5941314)|VARIABLE_SCOPE_BEGIN|[107]|initialObjectName|String|false|false
08:15:10.3 (5947007)|VARIABLE_ASSIGNMENT|[107]|initialObjectName|"Account"
08:15:10.3 (5950572)|VARIABLE_SCOPE_BEGIN|[107]|theMap|Map<String,Set<String>>|true|false
08:15:10.3 (5976120)|VARIABLE_ASSIGNMENT|[107]|theMap|{"s":1,"v":{"Account":{"s":2,"v":["Id"]}}}|0xbc4f06e
08:15:10.3 (5989873)|HEAP_ALLOCATE|[109]|Bytes:5
08:15:10.3 (5996645)|STATEMENT_EXECUTE|[108]
08:15:10.3 (6016057)|ENTERING_MANAGED_PKG|
08:15:10.3 (6035631)|STATEMENT_EXECUTE|[150]
08:15:10.3 (6047401)|METHOD_ENTRY|[150]|01pB0000000ljzx|testautonumdata.Sparkle_Helper.AddFieldToMap(String, String, Map<String,Set<String>>)
08:15:10.3 (6055580)|VARIABLE_SCOPE_BEGIN|[157]|fieldName|String|false|false
08:15:10.3 (6064118)|VARIABLE_ASSIGNMENT|[157]|fieldName|"Name"
08:15:10.3 (6067812)|VARIABLE_SCOPE_BEGIN|[157]|ObjectName|String|false|false
08:15:10.3 (6073005)|VARIABLE_ASSIGNMENT|[157]|ObjectName|"Account"
08:15:10.3 (6076255)|VARIABLE_SCOPE_BEGIN|[157]|theMap|Map<String,Set<String>>|true|false
08:15:10.3 (6100936)|VARIABLE_ASSIGNMENT|[157]|theMap|{"s":1,"v":{"Account":{"s":2,"v":["Id"]}}}|0xbc4f06e
08:15:10.3 (6114368)|HEAP_ALLOCATE|[160]|Bytes:5
08:15:10.3 (6121395)|STATEMENT_EXECUTE|[158]
08:15:10.3 (6133691)|ENTERING_MANAGED_PKG|
08:15:10.3 (6145898)|STATEMENT_EXECUTE|[161]
08:15:10.3 (6148320)|STATEMENT_EXECUTE|[162]
08:15:10.3 (6156181)|ENTERING_MANAGED_PKG|
08:15:10.3 (6195129)|VARIABLE_SCOPE_BEGIN|[162]|existingFieldSet|Set<String>|true|false
08:15:10.3 (6210687)|VARIABLE_ASSIGNMENT|[162]|existingFieldSet|{"s":1,"v":["Id"]}|0x2815ac4
08:15:10.3 (6214053)|STATEMENT_EXECUTE|[163]
08:15:10.3 (6222702)|ENTERING_MANAGED_PKG|
08:15:10.3 (6247099)|HEAP_ALLOCATE|[EXTERNAL]|Bytes:4
08:15:10.3 (6256386)|STATEMENT_EXECUTE|[164]
08:15:10.3 (6264441)|ENTERING_MANAGED_PKG|
08:15:10.3 (6306215)|METHOD_EXIT|[150]|01pB0000000ljzx|testautonumdata.Sparkle_Helper.AddFieldToMap(String, String, Map<String,Set<String>>)
08:15:10.3 (6314400)|METHOD_EXIT|[51]|01pB0000000ljzx|testautonumdata.Sparkle_Helper.AddFieldToObjectsMap(String, String, Map<String,Set<String>>)
08:15:10.3 (6319084)|STATEMENT_EXECUTE|[53]
08:15:10.3 (6320972)|STATEMENT_EXECUTE|[58]
08:15:10.3 (6322442)|STATEMENT_EXECUTE|[63]
08:15:10.3 (6323503)|STATEMENT_EXECUTE|[69]
08:15:10.3 (6331182)|HEAP_ALLOCATE|[69]|Bytes:6
08:15:10.3 (6345490)|ENTERING_MANAGED_PKG|
08:15:10.3 (6365984)|HEAP_ALLOCATE|[69]|Bytes:7
08:15:10.3 (6380358)|HEAP_ALLOCATE|[69]|Bytes:13
08:15:10.3 (6384940)|HEAP_ALLOCATE|[69]|Bytes:28
08:15:10.3 (6394145)|VARIABLE_ASSIGNMENT|[69]|soql|"Select id, Name FROM (8 more) ..."
08:15:10.3 (6398538)|STATEMENT_EXECUTE|[72]
08:15:10.3 (6401009)|STATEMENT_EXECUTE|[78]
08:15:10.3 (6401935)|STATEMENT_EXECUTE|[84]
08:15:10.3 (6404480)|HEAP_ALLOCATE|[84]|Bytes:7
08:15:10.3 (6415324)|ENTERING_MANAGED_PKG|
08:15:10.3 (6433335)|HEAP_ALLOCATE|[84]|Bytes:1
08:15:10.3 (6447246)|HEAP_ALLOCATE|[84]|Bytes:8
08:15:10.3 (6451486)|HEAP_ALLOCATE|[84]|Bytes:36
08:15:10.3 (6459471)|VARIABLE_ASSIGNMENT|[84]|soql|"Select id, Name FROM (16 more) ..."
08:15:10.3 (6462053)|STATEMENT_EXECUTE|[88]
08:15:10.3 (6465470)|HEAP_ALLOCATE|[88]|Bytes:15
08:15:10.3 (6470045)|HEAP_ALLOCATE|[88]|Bytes:51
08:15:10.3 (6479732)|ENTERING_MANAGED_PKG|
08:15:10.3 (6498746)|USER_DEBUG|[88]|DEBUG|######## soql: Select id, Name FROM Account limit 8
08:15:10.3 (6515067)|METHOD_ENTRY|[95]|01pB0000000ljzx|testautonumdata.Sparkle_Helper.UserHasAccessToObjectsAndFields(Map<String,Set<String>>)
08:15:10.3 (6531115)|VARIABLE_SCOPE_BEGIN|[175]|theMap|Map<String,Set<String>>|true|false
08:15:10.3 (6550692)|VARIABLE_ASSIGNMENT|[175]|theMap|{"s":1,"v":{"Account":{"s":2,"v":["Id","Name"]}}}|0xbc4f06e
08:15:10.3 (6560892)|HEAP_ALLOCATE|[177]|Bytes:5
08:15:10.3 (6565496)|STATEMENT_EXECUTE|[176]
08:15:10.3 (6566750)|STATEMENT_EXECUTE|[177]
08:15:10.3 (6571024)|VARIABLE_SCOPE_BEGIN|[177]|hasAccess|Boolean|false|false
08:15:10.3 (6574392)|HEAP_ALLOCATE|[177]|Bytes:5
08:15:10.3 (6578890)|VARIABLE_ASSIGNMENT|[177]|hasAccess|true
08:15:10.3 (6588529)|ENTERING_MANAGED_PKG|
08:15:10.3 (6613898)|STATEMENT_EXECUTE|[180]
08:15:10.3 (6615937)|STATEMENT_EXECUTE|[181]
08:15:10.3 (6619312)|HEAP_ALLOCATE|[181]|Bytes:17
08:15:10.3 (6634668)|ENTERING_MANAGED_PKG|
08:15:10.3 (6664774)|HEAP_ALLOCATE|[181]|Bytes:20
08:15:10.3 (6680054)|HEAP_ALLOCATE|[181]|Bytes:37
08:15:10.3 (6689471)|ENTERING_MANAGED_PKG|
08:15:10.3 (6695370)|USER_DEBUG|[181]|DEBUG|######## theMap: {Account={Id, Name}}
08:15:10.3 (6708673)|HEAP_ALLOCATE|[182]|Bytes:4
08:15:10.3 (6720989)|ENTERING_MANAGED_PKG|
08:15:10.3 (6743474)|ENTERING_MANAGED_PKG|
08:15:10.3 (6757328)|HEAP_ALLOCATE|[182]|Bytes:15
08:15:10.3 (6770890)|ENTERING_MANAGED_PKG|
08:15:10.3 (6776622)|HEAP_ALLOCATE|[182]|Bytes:4
08:15:10.3 (6784632)|ENTERING_MANAGED_PKG|
08:15:10.3 (6856300)|HEAP_ALLOCATE|[182]|Bytes:5
08:15:10.3 (6877361)|VARIABLE_SCOPE_BEGIN|[182]|objectName|String|false|false
08:15:10.3 (6885155)|VARIABLE_ASSIGNMENT|[182]|objectName|"Account"
08:15:10.3 (6888537)|STATEMENT_EXECUTE|[183]
08:15:10.3 (6889702)|STATEMENT_EXECUTE|[184]
08:15:10.3 (6893221)|HEAP_ALLOCATE|[184]|Bytes:21
08:15:10.3 (6899829)|HEAP_ALLOCATE|[184]|Bytes:28
08:15:10.3 (6910033)|ENTERING_MANAGED_PKG|
08:15:10.3 (6930663)|USER_DEBUG|[184]|DEBUG|######## objectName: Account
08:15:10.3 (6938542)|STATEMENT_EXECUTE|[185]
08:15:10.3 (6955998)|ENTERING_MANAGED_PKG|
08:15:10.3 (25454493)|HEAP_ALLOCATE|[185]|Bytes:1648
08:15:10.3 (25496506)|ENTERING_MANAGED_PKG|
08:15:10.3 (25607803)|HEAP_ALLOCATE|[185]|Bytes:4
08:15:10.3 (25619866)|VARIABLE_SCOPE_BEGIN|[185]|sObj|SObject|true|false
08:15:10.3 (25645945)|VARIABLE_ASSIGNMENT|[185]|sObj|{}|0x4820e72d
08:15:10.3 (25650718)|STATEMENT_EXECUTE|[186]
08:15:10.3 (25682861)|ENTERING_MANAGED_PKG|
08:15:10.3 (26186399)|HEAP_ALLOCATE|[186]|Bytes:4
08:15:10.3 (27439906)|HEAP_ALLOCATE|[186]|Bytes:312
08:15:10.3 (27452494)|VARIABLE_SCOPE_BEGIN|[186]|m|Map<String,Schema.SObjectField>|true|false
08:15:10.3 (27736882)|VARIABLE_ASSIGNMENT|[186]|m|"{accountnumber=AccountNumber, accountsource=AccountSource, annualrevenue=AnnualRevenue, billingaddress=BillingAddress, billingcity=BillingCity, billingcountry=BillingCountry, billingcountrycode=BillingCountryCode, billinglatitude=BillingLatitude, billinglongitude=BillingLongitude, billingpostalcode=BillingPostalCode, ...}"|0xf5ef797
08:15:10.3 (27745182)|STATEMENT_EXECUTE|[187]
08:15:10.3 (27760919)|ENTERING_MANAGED_PKG|
08:15:10.3 (27801730)|VARIABLE_SCOPE_BEGIN|[187]|objectFieldSet|Set<String>|true|false
08:15:10.3 (27827695)|VARIABLE_ASSIGNMENT|[187]|objectFieldSet|{"s":1,"v":["Id","Name"]}|0x2815ac4
08:15:10.3 (27838585)|HEAP_ALLOCATE|[189]|Bytes:4
08:15:10.3 (27852048)|ENTERING_MANAGED_PKG|
08:15:10.3 (27880583)|ENTERING_MANAGED_PKG|
08:15:10.3 (27886517)|HEAP_ALLOCATE|[189]|Bytes:8
08:15:10.3 (27895104)|ENTERING_MANAGED_PKG|
08:15:10.3 (27917124)|HEAP_ALLOCATE|[189]|Bytes:5
08:15:10.3 (27938221)|VARIABLE_SCOPE_BEGIN|[189]|fieldToCheck|String|false|false
08:15:10.3 (27946234)|VARIABLE_ASSIGNMENT|[189]|fieldToCheck|"Id"
08:15:10.3 (27949795)|STATEMENT_EXECUTE|[189]
08:15:10.3 (27951145)|STATEMENT_EXECUTE|[190]
08:15:10.3 (27955177)|HEAP_ALLOCATE|[190]|Bytes:23
08:15:10.3 (27968422)|HEAP_ALLOCATE|[190]|Bytes:25
08:15:10.3 (27986268)|ENTERING_MANAGED_PKG|
08:15:10.3 (28016100)|USER_DEBUG|[190]|DEBUG|######## fieldToCheck: Id
08:15:10.3 (28034219)|ENTERING_MANAGED_PKG|
08:15:10.3 (28365250)|HEAP_ALLOCATE|[192]|Bytes:8
08:15:10.3 (28397582)|STATEMENT_EXECUTE|[192]
08:15:10.3 (28401890)|STATEMENT_EXECUTE|[199]
08:15:10.3 (28407314)|HEAP_ALLOCATE|[199]|Bytes:35
08:15:10.3 (28420371)|HEAP_ALLOCATE|[199]|Bytes:37
08:15:10.3 (28439334)|ENTERING_MANAGED_PKG|
08:15:10.3 (28468317)|USER_DEBUG|[199]|DEBUG|######## User has access to field: Id
08:15:10.3 (28495336)|HEAP_ALLOCATE|[189]|Bytes:5
08:15:10.3 (28517506)|VARIABLE_SCOPE_BEGIN|[189]|fieldToCheck|String|false|false
08:15:10.3 (28528665)|VARIABLE_ASSIGNMENT|[189]|fieldToCheck|"Name"
08:15:10.3 (28533514)|STATEMENT_EXECUTE|[189]
08:15:10.3 (28535692)|STATEMENT_EXECUTE|[190]
08:15:10.3 (28544905)|HEAP_ALLOCATE|[190]|Bytes:27
08:15:10.3 (28559534)|ENTERING_MANAGED_PKG|
08:15:10.3 (28567978)|USER_DEBUG|[190]|DEBUG|######## fieldToCheck: Name
08:15:10.3 (28585361)|ENTERING_MANAGED_PKG|
08:15:10.3 (28770376)|HEAP_ALLOCATE|[192]|Bytes:8
08:15:10.3 (28786324)|STATEMENT_EXECUTE|[192]
08:15:10.3 (28788449)|STATEMENT_EXECUTE|[199]
08:15:10.3 (28794122)|HEAP_ALLOCATE|[199]|Bytes:39
08:15:10.3 (28803380)|ENTERING_MANAGED_PKG|
08:15:10.3 (28809888)|USER_DEBUG|[199]|DEBUG|######## User has access to field: Name
08:15:10.3 (28824856)|HEAP_ALLOCATE|[189]|Bytes:5
08:15:10.3 (28838519)|VARIABLE_ASSIGNMENT|[189]|fieldToCheck|null
08:15:10.3 (28848672)|HEAP_ALLOCATE|[182]|Bytes:5
08:15:10.3 (28858378)|VARIABLE_ASSIGNMENT|[182]|objectName|null
08:15:10.3 (28862112)|STATEMENT_EXECUTE|[206]
08:15:10.3 (28865344)|HEAP_ALLOCATE|[206]|Bytes:5
08:15:10.3 (28878911)|METHOD_EXIT|[95]|01pB0000000ljzx|testautonumdata.Sparkle_Helper.UserHasAccessToObjectsAndFields(Map<String,Set<String>>)
08:15:10.3 (28884098)|STATEMENT_EXECUTE|[96]
08:15:10.3 (28885436)|STATEMENT_EXECUTE|[98]
08:15:10.3 (28913662)|ENTERING_MANAGED_PKG|
08:15:10.3 (28947619)|HEAP_ALLOCATE|[98]|Bytes:4
08:15:10.3 (29127884)|SOQL_EXECUTE_BEGIN|[98]|Aggregations:0|Select id, Name FROM Account limit 8
08:15:10.3 (33745206)|SOQL_EXECUTE_END|[98]|Rows:8
08:15:10.3 (33769929)|HEAP_ALLOCATE|[98]|Bytes:36
08:15:10.3 (33796122)|HEAP_ALLOCATE|[98]|Bytes:478
08:15:10.3 (33865516)|HEAP_ALLOCATE|[98]|Bytes:36
08:15:10.3 (33890900)|VARIABLE_SCOPE_BEGIN|[98]|lstQueriedRecords|List<SObject>|true|false
08:15:10.3 (33924389)|VARIABLE_ASSIGNMENT|[98]|lstQueriedRecords|{"s":1,"v":"List of size 8 too large to display"}|0x4b073aa5
08:15:10.3 (33931333)|STATEMENT_EXECUTE|[100]
08:15:10.3 (33938525)|HEAP_ALLOCATE|[100]|Bytes:28
08:15:10.3 (33966241)|ENTERING_MANAGED_PKG|
08:15:10.3 (34092539)|HEAP_ALLOCATE|[100]|Bytes:502
08:15:10.3 (34113438)|HEAP_ALLOCATE|[100]|Bytes:530
08:15:10.3 (34129887)|ENTERING_MANAGED_PKG|
08:15:10.3 (34137165)|USER_DEBUG|[100]|DEBUG|######## lstQueriedRecords: (Account:{Id=001B00000066XxFIAU, Name=GenePoint}, Account:{Id=001B00000066XxDIAU, Name=United Oil & Gas, UK}, Account:{Id=001B00000066XxEIAU, Name=United Oil & Gas, Singapore}, Account:{Id=001B00000066Xx5IAE, Name=Edge Communications}, Account:{Id=001B00000066Xx6IAE, Name=Burlington Textiles Corp of America}, Account:{Id=001B00000066Xx7IAE, Name=Pyramid Construction Inc.}, Account:{Id=001B00000066Xx8IAE, Name=Dickenson plc}, Account:{Id=001B00000066Xx9IAE, Name=Hospital Universitario San Ignacio})
08:15:10.3 (34218447)|ENTERING_MANAGED_PKG|
08:15:10.3 (34413340)|HEAP_ALLOCATE|[104]|Bytes:5
08:15:10.3 (34445208)|HEAP_ALLOCATE|[104]|Bytes:12
08:15:10.3 (34466835)|VARIABLE_SCOPE_BEGIN|[104]|e|SObject|true|false
08:15:10.3 (34488043)|VARIABLE_ASSIGNMENT|[104]|e|{"s":1,"v":{"Id":"001B00000066XxFIAU","Name":"GenePoint"}}|0x19f7e002
08:15:10.3 (34491805)|STATEMENT_EXECUTE|[105]
08:15:10.3 (34493437)|STATEMENT_EXECUTE|[106]
08:15:10.3 (34497946)|HEAP_ALLOCATE|[106]|Bytes:12
08:15:10.3 (34526938)|ENTERING_MANAGED_PKG|
08:15:10.3 (34599587)|HEAP_ALLOCATE|[106]|Bytes:47
08:15:10.3 (34627218)|HEAP_ALLOCATE|[106]|Bytes:59
08:15:10.3 (34639812)|ENTERING_MANAGED_PKG|
08:15:10.3 (34646552)|USER_DEBUG|[106]|DEBUG|######## e: Account:{Id=001B00000066XxFIAU, Name=GenePoint}
08:15:10.3 (34653432)|STATEMENT_EXECUTE|[107]
08:15:10.3 (34661434)|HEAP_ALLOCATE|[107]|Bytes:28
08:15:10.3 (34682479)|CONSTRUCTOR_ENTRY|[107]|01pB0000000lc07|<init>()
08:15:10.3 (34705545)|VARIABLE_SCOPE_BEGIN|[1]|this|testautonumdata.ListServerController|true|false
08:15:10.3 (34740116)|VARIABLE_ASSIGNMENT|[1]|this|{}|0x4c04de87
08:15:10.3 (34750236)|HEAP_ALLOCATE|[EXTERNAL]|Bytes:5
08:15:10.3 (34765015)|HEAP_ALLOCATE|[EXTERNAL]|Bytes:6
08:15:10.3 (34807150)|STATEMENT_EXECUTE|[1]
08:15:10.3 (34813220)|HEAP_ALLOCATE|[EXTERNAL]|Bytes:5
08:15:10.3 (34815988)|STATEMENT_EXECUTE|[6]
08:15:10.3 (34817389)|STATEMENT_EXECUTE|[8]
08:15:10.3 (34818394)|STATEMENT_EXECUTE|[10]
08:15:10.3 (34819461)|STATEMENT_EXECUTE|[12]
08:15:10.3 (34820431)|STATEMENT_EXECUTE|[14]
08:15:10.3 (34821461)|STATEMENT_EXECUTE|[16]
08:15:10.3 (34831616)|CONSTRUCTOR_EXIT|[107]|01pB0000000lc07|<init>()
08:15:10.3 (34836085)|VARIABLE_SCOPE_BEGIN|[107]|i|testautonumdata.ListServerController|true|false
08:15:10.3 (34856389)|VARIABLE_ASSIGNMENT|[107]|i|{}|0x4c04de87
08:15:10.3 (34859526)|STATEMENT_EXECUTE|[110]
08:15:10.3 (34863655)|HEAP_ALLOCATE|[110]|Bytes:2
08:15:10.3 (34885047)|ENTERING_MANAGED_PKG|
08:15:10.3 (34935800)|HEAP_ALLOCATE|[110]|Bytes:4
08:15:10.3 (34956708)|ENTERING_MANAGED_PKG|
08:15:10.3 (34960180)|HEAP_ALLOCATE|[110]|Bytes:18
08:15:10.3 (34994475)|VARIABLE_ASSIGNMENT|[EXTERNAL]|this|{}|0x4c04de87
08:15:10.3 (35001478)|VARIABLE_ASSIGNMENT|[EXTERNAL]|value|"001B00000066XxFIAU"
08:15:10.3 (35016124)|VARIABLE_ASSIGNMENT|[6]|this.recordID|"001B00000066XxFIAU"|0x4c04de87
08:15:10.3 (35024395)|STATEMENT_EXECUTE|[112]
08:15:10.3 (35025787)|STATEMENT_EXECUTE|[113]
08:15:10.3 (35040085)|METHOD_ENTRY|[113]|01pB0000000ljzx|testautonumdata.Sparkle_Helper.GetSobjectField(SObject, String)
08:15:10.3 (35059102)|VARIABLE_SCOPE_BEGIN|[78]|e|SObject|true|false
08:15:10.3 (35072552)|VARIABLE_ASSIGNMENT|[78]|e|{"s":1,"v":{"Id":"001B00000066XxFIAU","Name":"GenePoint"}}|0x19f7e002
08:15:10.3 (35075520)|VARIABLE_SCOPE_BEGIN|[78]|lcfield|String|false|false
08:15:10.3 (35079581)|VARIABLE_ASSIGNMENT|[78]|lcfield|"Id"
08:15:10.3 (35101686)|HEAP_ALLOCATE|[81]|Bytes:5
08:15:10.3 (35110180)|STATEMENT_EXECUTE|[79]
08:15:10.3 (35112450)|STATEMENT_EXECUTE|[81]
08:15:10.3 (35125905)|VARIABLE_SCOPE_BEGIN|[81]|returnValue|String|false|false
08:15:10.3 (35137191)|VARIABLE_ASSIGNMENT|[81]|returnValue|""
08:15:10.3 (35161279)|ENTERING_MANAGED_PKG|
08:15:10.3 (35201485)|STATEMENT_EXECUTE|[98]
08:15:10.3 (35213391)|ENTERING_MANAGED_PKG|
08:15:10.3 (35253251)|HEAP_ALLOCATE|[98]|Bytes:4
08:15:10.3 (35273528)|ENTERING_MANAGED_PKG|
08:15:10.3 (35276929)|HEAP_ALLOCATE|[98]|Bytes:18
08:15:10.3 (35290206)|VARIABLE_ASSIGNMENT|[98]|returnValue|"001B00000066XxFIAU"
08:15:10.3 (35293282)|STATEMENT_EXECUTE|[100]
08:15:10.3 (35301610)|METHOD_EXIT|[113]|01pB0000000ljzx|testautonumdata.Sparkle_Helper.GetSobjectField(SObject, String)
08:15:10.3 (35337927)|VARIABLE_ASSIGNMENT|[EXTERNAL]|this|{"recordID":"001B00000066XxFIAU"}|0x4c04de87
08:15:10.3 (35343693)|VARIABLE_ASSIGNMENT|[EXTERNAL]|value|"001B00000066XxFIAU"
08:15:10.3 (35351755)|VARIABLE_ASSIGNMENT|[8]|this.eventField|"001B00000066XxFIAU"|0x4c04de87
08:15:10.3 (35359680)|STATEMENT_EXECUTE|[116]
08:15:10.3 (35361026)|STATEMENT_EXECUTE|[117]
08:15:10.3 (35368070)|METHOD_ENTRY|[117]|01pB0000000ljzx|testautonumdata.Sparkle_Helper.GetSobjectField(SObject, String)
08:15:10.3 (35384973)|VARIABLE_SCOPE_BEGIN|[78]|e|SObject|true|false
08:15:10.3 (35397973)|VARIABLE_ASSIGNMENT|[78]|e|{"s":1,"v":{"Id":"001B00000066XxFIAU","Name":"GenePoint"}}|0x19f7e002
08:15:10.3 (35400531)|VARIABLE_SCOPE_BEGIN|[78]|lcfield|String|false|false
08:15:10.3 (35403707)|VARIABLE_ASSIGNMENT|[78]|lcfield|"Name"
08:15:10.3 (35412473)|HEAP_ALLOCATE|[81]|Bytes:5
08:15:10.3 (35416375)|STATEMENT_EXECUTE|[79]
08:15:10.3 (35417449)|STATEMENT_EXECUTE|[81]
08:15:10.3 (35421392)|VARIABLE_SCOPE_BEGIN|[81]|returnValue|String|false|false
08:15:10.3 (35425981)|VARIABLE_ASSIGNMENT|[81]|returnValue|""
08:15:10.3 (35438845)|ENTERING_MANAGED_PKG|
08:15:10.3 (35448012)|STATEMENT_EXECUTE|[98]
08:15:10.3 (35455925)|ENTERING_MANAGED_PKG|
08:15:10.3 (35475444)|HEAP_ALLOCATE|[98]|Bytes:9
08:15:10.3 (35491256)|ENTERING_MANAGED_PKG|
08:15:10.3 (35494243)|HEAP_ALLOCATE|[98]|Bytes:9
08:15:10.3 (35505612)|VARIABLE_ASSIGNMENT|[98]|returnValue|"GenePoint"
08:15:10.3 (35508411)|STATEMENT_EXECUTE|[100]
08:15:10.3 (35516179)|METHOD_EXIT|[117]|01pB0000000ljzx|testautonumdata.Sparkle_Helper.GetSobjectField(SObject, String)
08:15:10.3 (35548756)|VARIABLE_ASSIGNMENT|[EXTERNAL]|this|{"eventField":"001B00000066XxFIAU","recordID":"001B00000066XxFIAU"}|0x4c04de87
08:15:10.3 (35554364)|VARIABLE_ASSIGNMENT|[EXTERNAL]|value|"GenePoint"
08:15:10.3 (35561832)|VARIABLE_ASSIGNMENT|[10]|this.column1|"GenePoint"|0x4c04de87
08:15:10.3 (35569396)|STATEMENT_EXECUTE|[119]
08:15:10.3 (35571475)|STATEMENT_EXECUTE|[124]
08:15:10.3 (35572923)|STATEMENT_EXECUTE|[129]
08:15:10.3 (35573934)|STATEMENT_EXECUTE|[135]
08:15:10.3 (35585245)|ENTERING_MANAGED_PKG|
08:15:10.3 (35618793)|HEAP_ALLOCATE|[EXTERNAL]|Bytes:4
08:15:10.3 (35628562)|STATEMENT_EXECUTE|[137]
08:15:10.3 (35632926)|HEAP_ALLOCATE|[137]|Bytes:12
08:15:10.3 (35646903)|ENTERING_MANAGED_PKG|
08:15:10.3 (35710624)|HEAP_ALLOCATE|[137]|Bytes:181
08:15:10.3 (35728212)|HEAP_ALLOCATE|[137]|Bytes:193
08:15:10.3 (35738144)|ENTERING_MANAGED_PKG|
08:15:10.3 (35744801)|USER_DEBUG|[137]|DEBUG|######## i: ListServerController:[column1=GenePoint, column2=null, column3=null, column4=null, eventField=001B00000066XxFIAU, mapObjectsFields={Account={Id, Name}}, recordID=001B00000066XxFIAU]
08:15:10.3 (35760839)|HEAP_ALLOCATE|[104]|Bytes:5
08:15:10.3 (35786130)|HEAP_ALLOCATE|[104]|Bytes:12
08:15:10.3 (35800798)|VARIABLE_SCOPE_BEGIN|[104]|e|SObject|true|false
08:15:10.3 (35816521)|VARIABLE_ASSIGNMENT|[104]|e|{"s":1,"v":{"Id":"001B00000066XxDIAU","Name":"United Oil & Gas, UK"}}|0x70f7c026
08:15:10.3 (35820238)|STATEMENT_EXECUTE|[105]
08:15:10.3 (35821332)|STATEMENT_EXECUTE|[106]
08:15:10.3 (35834451)|ENTERING_MANAGED_PKG|
08:15:10.3 (35860008)|HEAP_ALLOCATE|[106]|Bytes:58
08:15:10.3 (35875009)|HEAP_ALLOCATE|[106]|Bytes:70
08:15:10.3 (35882580)|ENTERING_MANAGED_PKG|
08:15:10.3 (35888413)|USER_DEBUG|[106]|DEBUG|######## e: Account:{Id=001B00000066XxDIAU, Name=United Oil & Gas, UK}
08:15:10.3 (35894564)|STATEMENT_EXECUTE|[107]
08:15:10.3 (35899256)|HEAP_ALLOCATE|[107]|Bytes:28
08:15:10.3 (35907808)|CONSTRUCTOR_ENTRY|[107]|01pB0000000lc07|<init>()
08:15:10.3 (35912230)|VARIABLE_SCOPE_BEGIN|[1]|this|testautonumdata.ListServerController|true|false
08:15:10.3 (35932285)|VARIABLE_ASSIGNMENT|[1]|this|{}|0x3ab8083
08:15:10.3 (35940625)|HEAP_ALLOCATE|[EXTERNAL]|Bytes:5
08:15:10.3 (35955509)|STATEMENT_EXECUTE|[1]
08:15:10.3 (35959502)|HEAP_ALLOCATE|[EXTERNAL]|Bytes:5
08:15:10.3 (35961783)|STATEMENT_EXECUTE|[6]
08:15:10.3 (35962954)|STATEMENT_EXECUTE|[8]
08:15:10.3 (35963842)|STATEMENT_EXECUTE|[10]
08:15:10.3 (35964770)|STATEMENT_EXECUTE|[12]
08:15:10.3 (35965744)|STATEMENT_EXECUTE|[14]
08:15:10.3 (35966744)|STATEMENT_EXECUTE|[16]
08:15:10.3 (35975628)|CONSTRUCTOR_EXIT|[107]|01pB0000000lc07|<init>()
08:15:10.3 (35979857)|VARIABLE_SCOPE_BEGIN|[107]|i|testautonumdata.ListServerController|true|false
08:15:10.3 (35997609)|VARIABLE_ASSIGNMENT|[107]|i|{}|0x3ab8083
08:15:10.3 (36000275)|STATEMENT_EXECUTE|[110]
08:15:10.3 (36014465)|ENTERING_MANAGED_PKG|
08:15:10.3 (36035649)|HEAP_ALLOCATE|[110]|Bytes:4
08:15:10.3 (36052669)|ENTERING_MANAGED_PKG|
08:15:10.3 (36055932)|HEAP_ALLOCATE|[110]|Bytes:18
08:15:10.3 (36083499)|VARIABLE_ASSIGNMENT|[EXTERNAL]|this|{}|0x3ab8083
08:15:10.3 (36089854)|VARIABLE_ASSIGNMENT|[EXTERNAL]|value|"001B00000066XxDIAU"
08:15:10.3 (36098107)|VARIABLE_ASSIGNMENT|[6]|this.recordID|"001B00000066XxDIAU"|0x3ab8083
08:15:10.3 (36105078)|STATEMENT_EXECUTE|[112]
08:15:10.3 (36106354)|STATEMENT_EXECUTE|[113]
08:15:10.3 (36112153)|METHOD_ENTRY|[113]|01pB0000000ljzx|testautonumdata.Sparkle_Helper.GetSobjectField(SObject, String)
08:15:10.3 (36116268)|VARIABLE_SCOPE_BEGIN|[78]|e|SObject|true|false
08:15:10.3 (36132528)|VARIABLE_ASSIGNMENT|[78]|e|{"s":1,"v":{"Id":"001B00000066XxDIAU","Name":"United Oil & Gas, UK"}}|0x70f7c026
08:15:10.3 (36135139)|VARIABLE_SCOPE_BEGIN|[78]|lcfield|String|false|false
08:15:10.3 (36138112)|VARIABLE_ASSIGNMENT|[78]|lcfield|"Id"
08:15:10.3 (36146398)|HEAP_ALLOCATE|[81]|Bytes:5
08:15:10.3 (36150596)|STATEMENT_EXECUTE|[79]
08:15:10.3 (36151797)|STATEMENT_EXECUTE|[81]
08:15:10.3 (36155692)|VARIABLE_SCOPE_BEGIN|[81]|returnValue|String|false|false
08:15:10.3 (36159953)|VARIABLE_ASSIGNMENT|[81]|returnValue|""
08:15:10.3 (36172397)|ENTERING_MANAGED_PKG|
08:15:10.3 (36181513)|STATEMENT_EXECUTE|[98]
08:15:10.3 (36189215)|ENTERING_MANAGED_PKG|
08:15:10.3 (36207490)|HEAP_ALLOCATE|[98]|Bytes:4
08:15:10.3 (36223035)|ENTERING_MANAGED_PKG|
08:15:10.3 (36226154)|HEAP_ALLOCATE|[98]|Bytes:18
08:15:10.3 (36238161)|VARIABLE_ASSIGNMENT|[98]|returnValue|"001B00000066XxDIAU"
08:15:10.3 (36240946)|STATEMENT_EXECUTE|[100]
08:15:10.3 (36248589)|METHOD_EXIT|[113]|01pB0000000ljzx|testautonumdata.Sparkle_Helper.GetSobjectField(SObject, String)
08:15:10.3 (36275173)|VARIABLE_ASSIGNMENT|[EXTERNAL]|this|{"recordID":"001B00000066XxDIAU"}|0x3ab8083
08:15:10.3 (36280496)|VARIABLE_ASSIGNMENT|[EXTERNAL]|value|"001B00000066XxDIAU"
08:15:10.3 (36287291)|VARIABLE_ASSIGNMENT|[8]|this.eventField|"001B00000066XxDIAU"|0x3ab8083
08:15:10.3 (36294310)|STATEMENT_EXECUTE|[116]
08:15:10.3 (36295517)|STATEMENT_EXECUTE|[117]
08:15:10.3 (36300661)|METHOD_ENTRY|[117]|01pB0000000ljzx|testautonumdata.Sparkle_Helper.GetSobjectField(SObject, String)
08:15:10.3 (36304295)|VARIABLE_SCOPE_BEGIN|[78]|e|SObject|true|false
08:15:10.3 (36315342)|VARIABLE_ASSIGNMENT|[78]|e|{"s":1,"v":{"Id":"001B00000066XxDIAU","Name":"United Oil & Gas, UK"}}|0x70f7c026
08:15:10.3 (36318346)|VARIABLE_SCOPE_BEGIN|[78]|lcfield|String|false|false
08:15:10.3 (36321170)|VARIABLE_ASSIGNMENT|[78]|lcfield|"Name"
08:15:10.3 (36328898)|HEAP_ALLOCATE|[81]|Bytes:5
08:15:10.3 (36332452)|STATEMENT_EXECUTE|[79]
08:15:10.3 (36333516)|STATEMENT_EXECUTE|[81]
08:15:10.3 (36336956)|VARIABLE_SCOPE_BEGIN|[81]|returnValue|String|false|false
08:15:10.3 (36340824)|VARIABLE_ASSIGNMENT|[81]|returnValue|""
08:15:10.3 (36352662)|ENTERING_MANAGED_PKG|
08:15:10.3 (36361534)|STATEMENT_EXECUTE|[98]
08:15:10.3 (36368975)|ENTERING_MANAGED_PKG|
08:15:10.3 (36387523)|HEAP_ALLOCATE|[98]|Bytes:20
08:15:10.3 (36403078)|ENTERING_MANAGED_PKG|
08:15:10.3 (36406004)|HEAP_ALLOCATE|[98]|Bytes:20
08:15:10.3 (36417676)|VARIABLE_ASSIGNMENT|[98]|returnValue|"United Oil & Gas, UK"
08:15:10.3 (36420542)|STATEMENT_EXECUTE|[100]
08:15:10.3 (36427945)|METHOD_EXIT|[117]|01pB0000000ljzx|testautonumdata.Sparkle_Helper.GetSobjectField(SObject, String)
08:15:10.3 (36454664)|VARIABLE_ASSIGNMENT|[EXTERNAL]|this|{"eventField":"001B00000066XxDIAU","recordID":"001B00000066XxDIAU"}|0x3ab8083
08:15:10.3 (36460657)|VARIABLE_ASSIGNMENT|[EXTERNAL]|value|"United Oil & Gas, UK"
08:15:10.3 (36467387)|VARIABLE_ASSIGNMENT|[10]|this.column1|"United Oil & Gas, UK"|0x3ab8083
08:15:10.3 (36474624)|STATEMENT_EXECUTE|[119]
08:15:10.3 (36476499)|STATEMENT_EXECUTE|[124]
08:15:10.3 (36477666)|STATEMENT_EXECUTE|[129]
08:15:10.3 (36478589)|STATEMENT_EXECUTE|[135]
08:15:10.3 (36484179)|ENTERING_MANAGED_PKG|
08:15:10.3 (36492520)|HEAP_ALLOCATE|[EXTERNAL]|Bytes:4
08:15:10.3 (36498786)|STATEMENT_EXECUTE|[137]
08:15:10.3 (36510066)|ENTERING_MANAGED_PKG|
08:15:10.3 (36544160)|HEAP_ALLOCATE|[137]|Bytes:192
08:15:10.3 (36559696)|HEAP_ALLOCATE|[137]|Bytes:204
08:15:10.3 (36567518)|ENTERING_MANAGED_PKG|
08:15:10.3 (36573928)|USER_DEBUG|[137]|DEBUG|######## i: ListServerController:[column1=United Oil & Gas, UK, column2=null, column3=null, column4=null, eventField=001B00000066XxDIAU, mapObjectsFields={Account={Id, Name}}, recordID=001B00000066XxDIAU]
08:15:10.3 (36588915)|HEAP_ALLOCATE|[104]|Bytes:5
08:15:10.3 (36612993)|HEAP_ALLOCATE|[104]|Bytes:12
08:15:10.3 (36627598)|VARIABLE_SCOPE_BEGIN|[104]|e|SObject|true|false
08:15:10.3 (36644008)|VARIABLE_ASSIGNMENT|[104]|e|{"s":1,"v":{"Id":"001B00000066XxEIAU","Name":"United Oil & Gas, Si (7 more) ..."}}|0x1b69a21c
08:15:10.3 (36647512)|STATEMENT_EXECUTE|[105]
08:15:10.3 (36648540)|STATEMENT_EXECUTE|[106]
08:15:10.3 (36661644)|ENTERING_MANAGED_PKG|
08:15:10.3 (36686794)|HEAP_ALLOCATE|[106]|Bytes:65
08:15:10.3 (36701422)|HEAP_ALLOCATE|[106]|Bytes:77
08:15:10.3 (36708682)|ENTERING_MANAGED_PKG|
08:15:10.3 (36714398)|USER_DEBUG|[106]|DEBUG|######## e: Account:{Id=001B00000066XxEIAU, Name=United Oil & Gas, Singapore}
08:15:10.3 (36720474)|STATEMENT_EXECUTE|[107]
08:15:10.3 (36725049)|HEAP_ALLOCATE|[107]|Bytes:28
08:15:10.3 (36733286)|CONSTRUCTOR_ENTRY|[107]|01pB0000000lc07|<init>()
08:15:10.3 (36737647)|VARIABLE_SCOPE_BEGIN|[1]|this|testautonumdata.ListServerController|true|false
08:15:10.3 (36757108)|VARIABLE_ASSIGNMENT|[1]|this|{}|0x13ada175
08:15:10.3 (36765118)|HEAP_ALLOCATE|[EXTERNAL]|Bytes:5
08:15:10.3 (36779551)|STATEMENT_EXECUTE|[1]
08:15:10.3 (36783486)|HEAP_ALLOCATE|[EXTERNAL]|Bytes:5
08:15:10.3 (36785669)|STATEMENT_EXECUTE|[6]
08:15:10.3 (36786890)|STATEMENT_EXECUTE|[8]
08:15:10.3 (36787773)|STATEMENT_EXECUTE|[10]
08:15:10.3 (36788727)|STATEMENT_EXECUTE|[12]
08:15:10.3 (36789669)|STATEMENT_EXECUTE|[14]
08:15:10.3 (36790572)|STATEMENT_EXECUTE|[16]
08:15:10.3 (36799483)|CONSTRUCTOR_EXIT|[107]|01pB0000000lc07|<init>()
08:15:10.3 (36803862)|VARIABLE_SCOPE_BEGIN|[107]|i|testautonumdata.ListServerController|true|false
08:15:10.3 (36821561)|VARIABLE_ASSIGNMENT|[107]|i|{}|0x13ada175
08:15:10.3 (36824097)|STATEMENT_EXECUTE|[110]
08:15:10.3 (36837294)|ENTERING_MANAGED_PKG|
08:15:10.3 (36858604)|HEAP_ALLOCATE|[110]|Bytes:4
08:15:10.3 (36875547)|ENTERING_MANAGED_PKG|
08:15:10.3 (36878720)|HEAP_ALLOCATE|[110]|Bytes:18
08:15:10.3 (36905749)|VARIABLE_ASSIGNMENT|[EXTERNAL]|this|{}|0x13ada175
08:15:10.3 (36911996)|VARIABLE_ASSIGNMENT|[EXTERNAL]|value|"001B00000066XxEIAU"
08:15:10.3 (36919573)|VARIABLE_ASSIGNMENT|[6]|this.recordID|"001B00000066XxEIAU"|0x13ada175
08:15:10.3 (36926806)|STATEMENT_EXECUTE|[112]
08:15:10.3 (36928006)|STATEMENT_EXECUTE|[113]
08:15:10.3 (36933687)|METHOD_ENTRY|[113]|01pB0000000ljzx|testautonumdata.Sparkle_Helper.GetSobjectField(SObject, String)
08:15:10.3 (36937241)|VARIABLE_SCOPE_BEGIN|[78]|e|SObject|true|false
08:15:10.3 (36948991)|VARIABLE_ASSIGNMENT|[78]|e|{"s":1,"v":{"Id":"001B00000066XxEIAU","Name":"United Oil & Gas, Si (7 more) ..."}}|0x1b69a21c
08:15:10.3 (36951893)|VARIABLE_SCOPE_BEGIN|[78]|lcfield|String|false|false
08:15:10.3 (36954896)|VARIABLE_ASSIGNMENT|[78]|lcfield|"Id"
08:15:10.3 (36962658)|HEAP_ALLOCATE|[81]|Bytes:5
08:15:10.3 (36966218)|STATEMENT_EXECUTE|[79]
08:15:10.3 (36967293)|STATEMENT_EXECUTE|[81]
08:15:10.3 (36970812)|VARIABLE_SCOPE_BEGIN|[81]|returnValue|String|false|false
08:15:10.3 (36975052)|VARIABLE_ASSIGNMENT|[81]|returnValue|""
08:15:10.3 (36987206)|ENTERING_MANAGED_PKG|
08:15:10.3 (36996163)|STATEMENT_EXECUTE|[98]
08:15:10.3 (37003618)|ENTERING_MANAGED_PKG|
08:15:10.3 (37022440)|HEAP_ALLOCATE|[98]|Bytes:4
08:15:10.3 (37038336)|ENTERING_MANAGED_PKG|
08:15:10.3 (37041491)|HEAP_ALLOCATE|[98]|Bytes:18
08:15:10.3 (37053609)|VARIABLE_ASSIGNMENT|[98]|returnValue|"001B00000066XxEIAU"
08:15:10.3 (37056485)|STATEMENT_EXECUTE|[100]
08:15:10.3 (37063934)|METHOD_EXIT|[113]|01pB0000000ljzx|testautonumdata.Sparkle_Helper.GetSobjectField(SObject, String)
08:15:10.3 (37089803)|VARIABLE_ASSIGNMENT|[EXTERNAL]|this|{"recordID":"001B00000066XxEIAU"}|0x13ada175
08:15:10.3 (37095282)|VARIABLE_ASSIGNMENT|[EXTERNAL]|value|"001B00000066XxEIAU"
08:15:10.3 (37101921)|VARIABLE_ASSIGNMENT|[8]|this.eventField|"001B00000066XxEIAU"|0x13ada175
08:15:10.3 (37108718)|STATEMENT_EXECUTE|[116]
08:15:10.3 (37109939)|STATEMENT_EXECUTE|[117]
08:15:10.3 (37114852)|METHOD_ENTRY|[117]|01pB0000000ljzx|testautonumdata.Sparkle_Helper.GetSobjectField(SObject, String)
08:15:10.3 (37122138)|VARIABLE_SCOPE_BEGIN|[78]|e|SObject|true|false
08:15:10.3 (37133962)|VARIABLE_ASSIGNMENT|[78]|e|{"s":1,"v":{"Id":"001B00000066XxEIAU","Name":"United Oil & Gas, Si (7 more) ..."}}|0x1b69a21c
08:15:10.3 (37136815)|VARIABLE_SCOPE_BEGIN|[78]|lcfield|String|false|false
08:15:10.3 (37139717)|VARIABLE_ASSIGNMENT|[78]|lcfield|"Name"
08:15:10.3 (37147486)|HEAP_ALLOCATE|[81]|Bytes:5
08:15:10.3 (37151075)|STATEMENT_EXECUTE|[79]
08:15:10.3 (37152098)|STATEMENT_EXECUTE|[81]
08:15:10.3 (37155646)|VARIABLE_SCOPE_BEGIN|[81]|returnValue|String|false|false
08:15:10.3 (37160060)|VARIABLE_ASSIGNMENT|[81]|returnValue|""
08:15:10.3 (37172140)|ENTERING_MANAGED_PKG|
08:15:10.3 (37181055)|STATEMENT_EXECUTE|[98]
08:15:10.3 (37188520)|ENTERING_MANAGED_PKG|
08:15:10.3 (37206822)|HEAP_ALLOCATE|[98]|Bytes:27
08:15:10.3 (37222083)|ENTERING_MANAGED_PKG|
08:15:10.3 (37225016)|HEAP_ALLOCATE|[98]|Bytes:27
08:15:10.3 (37237641)|VARIABLE_ASSIGNMENT|[98]|returnValue|"United Oil & Gas, Si (7 more) ..."
08:15:10.3 (37240455)|STATEMENT_EXECUTE|[100]
08:15:10.3 (37247767)|METHOD_EXIT|[117]|01pB0000000ljzx|testautonumdata.Sparkle_Helper.GetSobjectField(SObject, String)
08:15:10.3 (37274496)|VARIABLE_ASSIGNMENT|[EXTERNAL]|this|{"eventField":"001B00000066XxEIAU","recordID":"001B00000066XxEIAU"}|0x13ada175
08:15:10.3 (37280859)|VARIABLE_ASSIGNMENT|[EXTERNAL]|value|"United Oil & Gas, Si (7 more) ..."
08:15:10.3 (37288357)|VARIABLE_ASSIGNMENT|[10]|this.column1|"United Oil & Gas, Si (7 more) ..."|0x13ada175
08:15:10.3 (37295497)|STATEMENT_EXECUTE|[119]
08:15:10.3 (37297362)|STATEMENT_EXECUTE|[124]
08:15:10.3 (37298539)|STATEMENT_EXECUTE|[129]
08:15:10.3 (37299456)|STATEMENT_EXECUTE|[135]
08:15:10.3 (37305218)|ENTERING_MANAGED_PKG|
08:15:10.3 (37313300)|HEAP_ALLOCATE|[EXTERNAL]|Bytes:4
08:15:10.3 (37319548)|STATEMENT_EXECUTE|[137]
08:15:10.3 (37331000)|ENTERING_MANAGED_PKG|
08:15:10.3 (37363740)|HEAP_ALLOCATE|[137]|Bytes:199
08:15:10.3 (37379240)|HEAP_ALLOCATE|[137]|Bytes:211
08:15:10.3 (37387126)|ENTERING_MANAGED_PKG|
08:15:10.3 (37393492)|USER_DEBUG|[137]|DEBUG|######## i: ListServerController:[column1=United Oil & Gas, Singapore, column2=null, column3=null, column4=null, eventField=001B00000066XxEIAU, mapObjectsFields={Account={Id, Name}}, recordID=001B00000066XxEIAU]
08:15:10.3 (37408442)|HEAP_ALLOCATE|[104]|Bytes:5
08:15:10.3 (37432220)|HEAP_ALLOCATE|[104]|Bytes:12
08:15:10.3 (37446655)|VARIABLE_SCOPE_BEGIN|[104]|e|SObject|true|false
08:15:10.3 (37461389)|VARIABLE_ASSIGNMENT|[104]|e|{"s":1,"v":{"Id":"001B00000066Xx5IAE","Name":"Edge Communications"}}|0x77ec1107
08:15:10.3 (37464743)|STATEMENT_EXECUTE|[105]
08:15:10.3 (37465770)|STATEMENT_EXECUTE|[106]
08:15:10.3 (37478577)|ENTERING_MANAGED_PKG|
08:15:10.3 (37503541)|HEAP_ALLOCATE|[106]|Bytes:57
08:15:10.3 (37518228)|HEAP_ALLOCATE|[106]|Bytes:69
08:15:10.3 (37525509)|ENTERING_MANAGED_PKG|
08:15:10.3 (37531139)|USER_DEBUG|[106]|DEBUG|######## e: Account:{Id=001B00000066Xx5IAE, Name=Edge Communications}
08:15:10.3 (37537020)|STATEMENT_EXECUTE|[107]
08:15:10.3 (37541469)|HEAP_ALLOCATE|[107]|Bytes:28
08:15:10.3 (37549832)|CONSTRUCTOR_ENTRY|[107]|01pB0000000lc07|<init>()
08:15:10.3 (37554422)|VARIABLE_SCOPE_BEGIN|[1]|this|testautonumdata.ListServerController|true|false
08:15:10.3 (37574015)|VARIABLE_ASSIGNMENT|[1]|this|{}|0x79b7a561
08:15:10.3 (37581754)|HEAP_ALLOCATE|[EXTERNAL]|Bytes:5
08:15:10.3 (37596187)|STATEMENT_EXECUTE|[1]
08:15:10.3 (37600060)|HEAP_ALLOCATE|[EXTERNAL]|Bytes:5
08:15:10.3 (37602377)|STATEMENT_EXECUTE|[6]
08:15:10.3 (37603627)|STATEMENT_EXECUTE|[8]
08:15:10.3 (37604523)|STATEMENT_EXECUTE|[10]
08:15:10.3 (37605421)|STATEMENT_EXECUTE|[12]
08:15:10.3 (37606307)|STATEMENT_EXECUTE|[14]
08:15:10.3 (37607211)|STATEMENT_EXECUTE|[16]
08:15:10.3 (37616020)|CONSTRUCTOR_EXIT|[107]|01pB0000000lc07|<init>()
08:15:10.3 (37620253)|VARIABLE_SCOPE_BEGIN|[107]|i|testautonumdata.ListServerController|true|false
08:15:10.3 (37638009)|VARIABLE_ASSIGNMENT|[107]|i|{}|0x79b7a561
08:15:10.3 (37640631)|STATEMENT_EXECUTE|[110]
08:15:10.3 (37653705)|ENTERING_MANAGED_PKG|
08:15:10.3 (37674572)|HEAP_ALLOCATE|[110]|Bytes:4
08:15:10.3 (37691530)|ENTERING_MANAGED_PKG|
08:15:10.3 (37694679)|HEAP_ALLOCATE|[110]|Bytes:18
08:15:10.3 (37721973)|VARIABLE_ASSIGNMENT|[EXTERNAL]|this|{}|0x79b7a561
08:15:10.3 (37728259)|VARIABLE_ASSIGNMENT|[EXTERNAL]|value|"001B00000066Xx5IAE"
08:15:10.3 (37735756)|VARIABLE_ASSIGNMENT|[6]|this.recordID|"001B00000066Xx5IAE"|0x79b7a561
08:15:10.3 (37742795)|STATEMENT_EXECUTE|[112]
08:15:10.3 (37744051)|STATEMENT_EXECUTE|[113]
08:15:10.3 (37749788)|METHOD_ENTRY|[113]|01pB0000000ljzx|testautonumdata.Sparkle_Helper.GetSobjectField(SObject, String)
08:15:10.3 (37753626)|VARIABLE_SCOPE_BEGIN|[78]|e|SObject|true|false
08:15:10.3 (37764540)|VARIABLE_ASSIGNMENT|[78]|e|{"s":1,"v":{"Id":"001B00000066Xx5IAE","Name":"Edge Communications"}}|0x77ec1107
08:15:10.3 (37767081)|VARIABLE_SCOPE_BEGIN|[78]|lcfield|String|false|false
08:15:10.3 (37769864)|VARIABLE_ASSIGNMENT|[78]|lcfield|"Id"
08:15:10.3 (37777864)|HEAP_ALLOCATE|[81]|Bytes:5
08:15:10.3 (37781441)|STATEMENT_EXECUTE|[79]
08:15:10.3 (37782538)|STATEMENT_EXECUTE|[81]
08:15:10.3 (37786238)|VARIABLE_SCOPE_BEGIN|[81]|returnValue|String|false|false
08:15:10.3 (37790349)|VARIABLE_ASSIGNMENT|[81]|returnValue|""
08:15:10.3 (37802215)|ENTERING_MANAGED_PKG|
08:15:10.3 (37811070)|STATEMENT_EXECUTE|[98]
08:15:10.3 (37818475)|ENTERING_MANAGED_PKG|
08:15:10.3 (37836089)|HEAP_ALLOCATE|[98]|Bytes:4
08:15:10.3 (37851468)|ENTERING_MANAGED_PKG|
08:15:10.3 (37854539)|HEAP_ALLOCATE|[98]|Bytes:18
08:15:10.3 (37866316)|VARIABLE_ASSIGNMENT|[98]|returnValue|"001B00000066Xx5IAE"
08:15:10.3 (37869148)|STATEMENT_EXECUTE|[100]
08:15:10.3 (37876451)|METHOD_EXIT|[113]|01pB0000000ljzx|testautonumdata.Sparkle_Helper.GetSobjectField(SObject, String)
08:15:10.3 (37901830)|VARIABLE_ASSIGNMENT|[EXTERNAL]|this|{"recordID":"001B00000066Xx5IAE"}|0x79b7a561
08:15:10.3 (37907069)|VARIABLE_ASSIGNMENT|[EXTERNAL]|value|"001B00000066Xx5IAE"
08:15:10.3 (37913942)|VARIABLE_ASSIGNMENT|[8]|this.eventField|"001B00000066Xx5IAE"|0x79b7a561
08:15:10.3 (37920709)|STATEMENT_EXECUTE|[116]
08:15:10.3 (37921971)|STATEMENT_EXECUTE|[117]
08:15:10.3 (37927460)|METHOD_ENTRY|[117]|01pB0000000ljzx|testautonumdata.Sparkle_Helper.GetSobjectField(SObject, String)
08:15:10.3 (37930599)|VARIABLE_SCOPE_BEGIN|[78]|e|SObject|true|false
08:15:10.3 (37940841)|VARIABLE_ASSIGNMENT|[78]|e|{"s":1,"v":{"Id":"001B00000066Xx5IAE","Name":"Edge Communications"}}|0x77ec1107
08:15:10.3 (37943285)|VARIABLE_SCOPE_BEGIN|[78]|lcfield|String|false|false
08:15:10.3 (37946122)|VARIABLE_ASSIGNMENT|[78]|lcfield|"Name"
08:15:10.3 (37953593)|HEAP_ALLOCATE|[81]|Bytes:5
08:15:10.3 (37957103)|STATEMENT_EXECUTE|[79]
08:15:10.3 (37958154)|STATEMENT_EXECUTE|[81]
08:15:10.3 (37961613)|VARIABLE_SCOPE_BEGIN|[81]|returnValue|String|false|false
08:15:10.3 (37965638)|VARIABLE_ASSIGNMENT|[81]|returnValue|""
08:15:10.3 (37977743)|ENTERING_MANAGED_PKG|
08:15:10.3 (37986646)|STATEMENT_EXECUTE|[98]
08:15:10.3 (37994003)|ENTERING_MANAGED_PKG|
08:15:10.3 (38012115)|HEAP_ALLOCATE|[98]|Bytes:19
08:15:10.3 (38028657)|ENTERING_MANAGED_PKG|
08:15:10.3 (38031620)|HEAP_ALLOCATE|[98]|Bytes:19
08:15:10.3 (38043335)|VARIABLE_ASSIGNMENT|[98]|returnValue|"Edge Communications"
08:15:10.3 (38046087)|STATEMENT_EXECUTE|[100]
08:15:10.3 (38054040)|METHOD_EXIT|[117]|01pB0000000ljzx|testautonumdata.Sparkle_Helper.GetSobjectField(SObject, String)
08:15:10.3 (38080501)|VARIABLE_ASSIGNMENT|[EXTERNAL]|this|{"eventField":"001B00000066Xx5IAE","recordID":"001B00000066Xx5IAE"}|0x79b7a561
08:15:10.3 (38086358)|VARIABLE_ASSIGNMENT|[EXTERNAL]|value|"Edge Communications"
08:15:10.3 (38092952)|VARIABLE_ASSIGNMENT|[10]|this.column1|"Edge Communications"|0x79b7a561
08:15:10.3 (38099984)|STATEMENT_EXECUTE|[119]
08:15:10.3 (38101777)|STATEMENT_EXECUTE|[124]
08:15:10.3 (38102926)|STATEMENT_EXECUTE|[129]
08:15:10.3 (38103857)|STATEMENT_EXECUTE|[135]
08:15:10.3 (38109315)|ENTERING_MANAGED_PKG|
08:15:10.3 (38117387)|HEAP_ALLOCATE|[EXTERNAL]|Bytes:4
08:15:10.3 (38128018)|STATEMENT_EXECUTE|[137]
08:15:10.3 (38139831)|ENTERING_MANAGED_PKG|
08:15:10.3 (38173065)|HEAP_ALLOCATE|[137]|Bytes:191
08:15:10.3 (38188524)|HEAP_ALLOCATE|[137]|Bytes:203
08:15:10.3 (38196150)|ENTERING_MANAGED_PKG|
08:15:10.3 (38202422)|USER_DEBUG|[137]|DEBUG|######## i: ListServerController:[column1=Edge Communications, column2=null, column3=null, column4=null, eventField=001B00000066Xx5IAE, mapObjectsFields={Account={Id, Name}}, recordID=001B00000066Xx5IAE]
08:15:10.3 (38218035)|HEAP_ALLOCATE|[104]|Bytes:5
08:15:10.3 (38242010)|HEAP_ALLOCATE|[104]|Bytes:12
08:15:10.3 (38256405)|VARIABLE_SCOPE_BEGIN|[104]|e|SObject|true|false
08:15:10.3 (38272492)|VARIABLE_ASSIGNMENT|[104]|e|{"s":1,"v":{"Id":"001B00000066Xx6IAE","Name":"Burlington Textiles  (15 more) ..."}}|0x513d1808
08:15:10.3 (38275748)|STATEMENT_EXECUTE|[105]
08:15:10.3 (38276785)|STATEMENT_EXECUTE|[106]
08:15:10.3 (38289705)|ENTERING_MANAGED_PKG|
08:15:10.3 (38314352)|HEAP_ALLOCATE|[106]|Bytes:73
08:15:10.3 (38328815)|HEAP_ALLOCATE|[106]|Bytes:85
08:15:10.3 (38336008)|ENTERING_MANAGED_PKG|
08:15:10.3 (38341651)|USER_DEBUG|[106]|DEBUG|######## e: Account:{Id=001B00000066Xx6IAE, Name=Burlington Textiles Corp of America}
08:15:10.3 (38347685)|STATEMENT_EXECUTE|[107]
08:15:10.3 (38352189)|HEAP_ALLOCATE|[107]|Bytes:28
08:15:10.3 (38360552)|CONSTRUCTOR_ENTRY|[107]|01pB0000000lc07|<init>()
08:15:10.3 (38364872)|VARIABLE_SCOPE_BEGIN|[1]|this|testautonumdata.ListServerController|true|false
08:15:10.3 (38384690)|VARIABLE_ASSIGNMENT|[1]|this|{}|0x67b0b460
08:15:10.3 (38392703)|HEAP_ALLOCATE|[EXTERNAL]|Bytes:5
08:15:10.3 (38406872)|STATEMENT_EXECUTE|[1]
08:15:10.3 (38410729)|HEAP_ALLOCATE|[EXTERNAL]|Bytes:5
08:15:10.3 (38412919)|STATEMENT_EXECUTE|[6]
08:15:10.3 (38414084)|STATEMENT_EXECUTE|[8]
08:15:10.3 (38415032)|STATEMENT_EXECUTE|[10]
08:15:10.3 (38415930)|STATEMENT_EXECUTE|[12]
08:15:10.3 (38416828)|STATEMENT_EXECUTE|[14]
08:15:10.3 (38417718)|STATEMENT_EXECUTE|[16]
08:15:10.3 (38426635)|CONSTRUCTOR_EXIT|[107]|01pB0000000lc07|<init>()
08:15:10.3 (38430912)|VARIABLE_SCOPE_BEGIN|[107]|i|testautonumdata.ListServerController|true|false
08:15:10.3 (38448879)|VARIABLE_ASSIGNMENT|[107]|i|{}|0x67b0b460
08:15:10.3 (38451577)|STATEMENT_EXECUTE|[110]
08:15:10.3 (38464953)|ENTERING_MANAGED_PKG|
08:15:10.3 (38485669)|HEAP_ALLOCATE|[110]|Bytes:4
08:15:10.3 (38502656)|ENTERING_MANAGED_PKG|
08:15:10.3 (38505740)|HEAP_ALLOCATE|[110]|Bytes:18
08:15:10.3 (38532630)|VARIABLE_ASSIGNMENT|[EXTERNAL]|this|{}|0x67b0b460
08:15:10.3 (38538924)|VARIABLE_ASSIGNMENT|[EXTERNAL]|value|"001B00000066Xx6IAE"
08:15:10.3 (38546739)|VARIABLE_ASSIGNMENT|[6]|this.recordID|"001B00000066Xx6IAE"|0x67b0b460
08:15:10.3 (38553676)|STATEMENT_EXECUTE|[112]
08:15:10.3 (38554950)|STATEMENT_EXECUTE|[113]
08:15:10.3 (38560436)|METHOD_ENTRY|[113]|01pB0000000ljzx|testautonumdata.Sparkle_Helper.GetSobjectField(SObject, String)
08:15:10.3 (38563927)|VARIABLE_SCOPE_BEGIN|[78]|e|SObject|true|false
08:15:10.3 (38575556)|VARIABLE_ASSIGNMENT|[78]|e|{"s":1,"v":{"Id":"001B00000066Xx6IAE","Name":"Burlington Textiles  (15 more) ..."}}|0x513d1808
08:15:10.3 (38578196)|VARIABLE_SCOPE_BEGIN|[78]|lcfield|String|false|false
08:15:10.3 (38581041)|VARIABLE_ASSIGNMENT|[78]|lcfield|"Id"
08:15:10.3 (38588994)|HEAP_ALLOCATE|[81]|Bytes:5
08:15:10.3 (38592484)|STATEMENT_EXECUTE|[79]
08:15:10.3 (38593560)|STATEMENT_EXECUTE|[81]
08:15:10.3 (38597028)|VARIABLE_SCOPE_BEGIN|[81]|returnValue|String|false|false
08:15:10.3 (38601129)|VARIABLE_ASSIGNMENT|[81]|returnValue|""
08:15:10.3 (38612975)|ENTERING_MANAGED_PKG|
08:15:10.3 (38621894)|STATEMENT_EXECUTE|[98]
08:15:10.3 (38629395)|ENTERING_MANAGED_PKG|
08:15:10.3 (38647245)|HEAP_ALLOCATE|[98]|Bytes:4
08:15:10.3 (38662861)|ENTERING_MANAGED_PKG|
08:15:10.3 (38666646)|HEAP_ALLOCATE|[98]|Bytes:18
08:15:10.3 (38693293)|VARIABLE_ASSIGNMENT|[98]|returnValue|"001B00000066Xx6IAE"
08:15:10.3 (38698340)|STATEMENT_EXECUTE|[100]
08:15:10.3 (38711164)|METHOD_EXIT|[113]|01pB0000000ljzx|testautonumdata.Sparkle_Helper.GetSobjectField(SObject, String)
08:15:10.3 (38754608)|VARIABLE_ASSIGNMENT|[EXTERNAL]|this|{"recordID":"001B00000066Xx6IAE"}|0x67b0b460
08:15:10.3 (38765095)|VARIABLE_ASSIGNMENT|[EXTERNAL]|value|"001B00000066Xx6IAE"
08:15:10.3 (38776930)|VARIABLE_ASSIGNMENT|[8]|this.eventField|"001B00000066Xx6IAE"|0x67b0b460
08:15:10.3 (38786417)|STATEMENT_EXECUTE|[116]
08:15:10.3 (38787721)|STATEMENT_EXECUTE|[117]
08:15:10.3 (38793783)|METHOD_ENTRY|[117]|01pB0000000ljzx|testautonumdata.Sparkle_Helper.GetSobjectField(SObject, String)
08:15:10.3 (38797860)|VARIABLE_SCOPE_BEGIN|[78]|e|SObject|true|false
08:15:10.3 (38810198)|VARIABLE_ASSIGNMENT|[78]|e|{"s":1,"v":{"Id":"001B00000066Xx6IAE","Name":"Burlington Textiles  (15 more) ..."}}|0x513d1808
08:15:10.3 (38812562)|VARIABLE_SCOPE_BEGIN|[78]|lcfield|String|false|false
08:15:10.3 (38815583)|VARIABLE_ASSIGNMENT|[78]|lcfield|"Name"
08:15:10.3 (38823764)|HEAP_ALLOCATE|[81]|Bytes:5
08:15:10.3 (38827422)|STATEMENT_EXECUTE|[79]
08:15:10.3 (38828652)|STATEMENT_EXECUTE|[81]
08:15:10.3 (38832440)|VARIABLE_SCOPE_BEGIN|[81]|returnValue|String|false|false
08:15:10.3 (38836484)|VARIABLE_ASSIGNMENT|[81]|returnValue|""
08:15:10.3 (38848937)|ENTERING_MANAGED_PKG|
08:15:10.3 (38858115)|STATEMENT_EXECUTE|[98]
08:15:10.3 (38865715)|ENTERING_MANAGED_PKG|
08:15:10.3 (38884959)|HEAP_ALLOCATE|[98]|Bytes:35
08:15:10.3 (38900762)|ENTERING_MANAGED_PKG|
08:15:10.3 (38903710)|HEAP_ALLOCATE|[98]|Bytes:35
08:15:10.3 (38916687)|VARIABLE_ASSIGNMENT|[98]|returnValue|"Burlington Textiles  (15 more) ..."
08:15:10.3 (38919582)|STATEMENT_EXECUTE|[100]
08:15:10.3 (38926989)|METHOD_EXIT|[117]|01pB0000000ljzx|testautonumdata.Sparkle_Helper.GetSobjectField(SObject, String)
08:15:10.3 (38953785)|VARIABLE_ASSIGNMENT|[EXTERNAL]|this|{"eventField":"001B00000066Xx6IAE","recordID":"001B00000066Xx6IAE"}|0x67b0b460
08:15:10.3 (38960001)|VARIABLE_ASSIGNMENT|[EXTERNAL]|value|"Burlington Textiles  (15 more) ..."
08:15:10.3 (38967567)|VARIABLE_ASSIGNMENT|[10]|this.column1|"Burlington Textiles  (15 more) ..."|0x67b0b460
08:15:10.3 (38974643)|STATEMENT_EXECUTE|[119]
08:15:10.3 (38976493)|STATEMENT_EXECUTE|[124]
08:15:10.3 (38977653)|STATEMENT_EXECUTE|[129]
08:15:10.3 (38978941)|STATEMENT_EXECUTE|[135]
08:15:10.3 (38984974)|ENTERING_MANAGED_PKG|
08:15:10.3 (38993306)|HEAP_ALLOCATE|[EXTERNAL]|Bytes:4
08:15:10.3 (38999480)|STATEMENT_EXECUTE|[137]
08:15:10.3 (39011013)|ENTERING_MANAGED_PKG|
08:15:10.3 (39045570)|HEAP_ALLOCATE|[137]|Bytes:207
08:15:10.3 (39060847)|HEAP_ALLOCATE|[137]|Bytes:219
08:15:10.3 (39068452)|ENTERING_MANAGED_PKG|
08:15:10.3 (39074708)|USER_DEBUG|[137]|DEBUG|######## i: ListServerController:[column1=Burlington Textiles Corp of America, column2=null, column3=null, column4=null, eventField=001B00000066Xx6IAE, mapObjectsFields={Account={Id, Name}}, recordID=001B00000066Xx6IAE]
08:15:10.3 (39089299)|HEAP_ALLOCATE|[104]|Bytes:5
08:15:10.3 (39113470)|HEAP_ALLOCATE|[104]|Bytes:12
08:15:10.3 (39132715)|VARIABLE_SCOPE_BEGIN|[104]|e|SObject|true|false
08:15:10.3 (39148503)|VARIABLE_ASSIGNMENT|[104]|e|{"s":1,"v":{"Id":"001B00000066Xx7IAE","Name":"Pyramid Construction (5 more) ..."}}|0x1f0514f9
08:15:10.3 (39152224)|STATEMENT_EXECUTE|[105]
08:15:10.3 (39153435)|STATEMENT_EXECUTE|[106]
08:15:10.3 (39166770)|ENTERING_MANAGED_PKG|
08:15:10.3 (39191580)|HEAP_ALLOCATE|[106]|Bytes:63
08:15:10.3 (39206305)|HEAP_ALLOCATE|[106]|Bytes:75
08:15:10.3 (39213515)|ENTERING_MANAGED_PKG|
08:15:10.3 (39219138)|USER_DEBUG|[106]|DEBUG|######## e: Account:{Id=001B00000066Xx7IAE, Name=Pyramid Construction Inc.}
08:15:10.3 (39225173)|STATEMENT_EXECUTE|[107]
08:15:10.3 (39229656)|HEAP_ALLOCATE|[107]|Bytes:28
08:15:10.3 (39238067)|CONSTRUCTOR_ENTRY|[107]|01pB0000000lc07|<init>()
08:15:10.3 (39242381)|VARIABLE_SCOPE_BEGIN|[1]|this|testautonumdata.ListServerController|true|false
08:15:10.3 (39262316)|VARIABLE_ASSIGNMENT|[1]|this|{}|0x38409f8d
08:15:10.3 (39270205)|HEAP_ALLOCATE|[EXTERNAL]|Bytes:5
08:15:10.3 (39284715)|STATEMENT_EXECUTE|[1]
08:15:10.3 (39288635)|HEAP_ALLOCATE|[EXTERNAL]|Bytes:5
08:15:10.3 (39290808)|STATEMENT_EXECUTE|[6]
08:15:10.3 (39291945)|STATEMENT_EXECUTE|[8]
08:15:10.3 (39292874)|STATEMENT_EXECUTE|[10]
08:15:10.3 (39293784)|STATEMENT_EXECUTE|[12]
08:15:10.3 (39294652)|STATEMENT_EXECUTE|[14]
08:15:10.3 (39295528)|STATEMENT_EXECUTE|[16]
08:15:10.3 (39304702)|CONSTRUCTOR_EXIT|[107]|01pB0000000lc07|<init>()
08:15:10.3 (39308996)|VARIABLE_SCOPE_BEGIN|[107]|i|testautonumdata.ListServerController|true|false
08:15:10.3 (39326370)|VARIABLE_ASSIGNMENT|[107]|i|{}|0x38409f8d
08:15:10.3 (39329024)|STATEMENT_EXECUTE|[110]
08:15:10.3 (39342231)|ENTERING_MANAGED_PKG|
08:15:10.3 (39363113)|HEAP_ALLOCATE|[110]|Bytes:4
08:15:10.3 (39380030)|ENTERING_MANAGED_PKG|
08:15:10.3 (39383073)|HEAP_ALLOCATE|[110]|Bytes:18
08:15:10.3 (39426919)|VARIABLE_ASSIGNMENT|[EXTERNAL]|this|{}|0x38409f8d
08:15:10.3 (39434723)|VARIABLE_ASSIGNMENT|[EXTERNAL]|value|"001B00000066Xx7IAE"
08:15:10.3 (39442905)|VARIABLE_ASSIGNMENT|[6]|this.recordID|"001B00000066Xx7IAE"|0x38409f8d
08:15:10.3 (39450626)|STATEMENT_EXECUTE|[112]
08:15:10.3 (39451881)|STATEMENT_EXECUTE|[113]
08:15:10.3 (39458015)|METHOD_ENTRY|[113]|01pB0000000ljzx|testautonumdata.Sparkle_Helper.GetSobjectField(SObject, String)
08:15:10.3 (39461794)|VARIABLE_SCOPE_BEGIN|[78]|e|SObject|true|false
08:15:10.3 (39473877)|VARIABLE_ASSIGNMENT|[78]|e|{"s":1,"v":{"Id":"001B00000066Xx7IAE","Name":"Pyramid Construction (5 more) ..."}}|0x1f0514f9
08:15:10.3 (39476419)|VARIABLE_SCOPE_BEGIN|[78]|lcfield|String|false|false
08:15:10.3 (39480103)|VARIABLE_ASSIGNMENT|[78]|lcfield|"Id"
08:15:10.3 (39488338)|HEAP_ALLOCATE|[81]|Bytes:5
08:15:10.3 (39492013)|STATEMENT_EXECUTE|[79]
08:15:10.3 (39493110)|STATEMENT_EXECUTE|[81]
08:15:10.3 (39496634)|VARIABLE_SCOPE_BEGIN|[81]|returnValue|String|false|false
08:15:10.3 (39500641)|VARIABLE_ASSIGNMENT|[81]|returnValue|""
08:15:10.3 (39512822)|ENTERING_MANAGED_PKG|
08:15:10.3 (39521790)|STATEMENT_EXECUTE|[98]
08:15:10.3 (39529216)|ENTERING_MANAGED_PKG|
08:15:10.3 (39547669)|HEAP_ALLOCATE|[98]|Bytes:4
08:15:10.3 (39563310)|ENTERING_MANAGED_PKG|
08:15:10.3 (39566485)|HEAP_ALLOCATE|[98]|Bytes:18
08:15:10.3 (39578441)|VARIABLE_ASSIGNMENT|[98]|returnValue|"001B00000066Xx7IAE"
08:15:10.3 (39581238)|STATEMENT_EXECUTE|[100]
08:15:10.3 (39588633)|METHOD_EXIT|[113]|01pB0000000ljzx|testautonumdata.Sparkle_Helper.GetSobjectField(SObject, String)
08:15:10.3 (39614621)|VARIABLE_ASSIGNMENT|[EXTERNAL]|this|{"recordID":"001B00000066Xx7IAE"}|0x38409f8d
08:15:10.3 (39619885)|VARIABLE_ASSIGNMENT|[EXTERNAL]|value|"001B00000066Xx7IAE"
08:15:10.3 (39626392)|VARIABLE_ASSIGNMENT|[8]|this.eventField|"001B00000066Xx7IAE"|0x38409f8d
08:15:10.3 (39633313)|STATEMENT_EXECUTE|[116]
08:15:10.3 (39634578)|STATEMENT_EXECUTE|[117]
08:15:10.3 (39639386)|METHOD_ENTRY|[117]|01pB0000000ljzx|testautonumdata.Sparkle_Helper.GetSobjectField(SObject, String)
08:15:10.3 (39642549)|VARIABLE_SCOPE_BEGIN|[78]|e|SObject|true|false
08:15:10.3 (39653748)|VARIABLE_ASSIGNMENT|[78]|e|{"s":1,"v":{"Id":"001B00000066Xx7IAE","Name":"Pyramid Construction (5 more) ..."}}|0x1f0514f9
08:15:10.3 (39656266)|VARIABLE_SCOPE_BEGIN|[78]|lcfield|String|false|false
08:15:10.3 (39659216)|VARIABLE_ASSIGNMENT|[78]|lcfield|"Name"
08:15:10.3 (39666869)|HEAP_ALLOCATE|[81]|Bytes:5
08:15:10.3 (39670366)|STATEMENT_EXECUTE|[79]
08:15:10.3 (39671416)|STATEMENT_EXECUTE|[81]
08:15:10.3 (39674943)|VARIABLE_SCOPE_BEGIN|[81]|returnValue|String|false|false
08:15:10.3 (39678688)|VARIABLE_ASSIGNMENT|[81]|returnValue|""
08:15:10.3 (39710410)|ENTERING_MANAGED_PKG|
08:15:10.3 (39719878)|STATEMENT_EXECUTE|[98]
08:15:10.3 (39727745)|ENTERING_MANAGED_PKG|
08:15:10.3 (39746782)|HEAP_ALLOCATE|[98]|Bytes:25
08:15:10.3 (39762317)|ENTERING_MANAGED_PKG|
08:15:10.3 (39765198)|HEAP_ALLOCATE|[98]|Bytes:25
08:15:10.3 (39779115)|VARIABLE_ASSIGNMENT|[98]|returnValue|"Pyramid Construction (5 more) ..."
08:15:10.3 (39782064)|STATEMENT_EXECUTE|[100]
08:15:10.3 (39789438)|METHOD_EXIT|[117]|01pB0000000ljzx|testautonumdata.Sparkle_Helper.GetSobjectField(SObject, String)
08:15:10.3 (39816562)|VARIABLE_ASSIGNMENT|[EXTERNAL]|this|{"eventField":"001B00000066Xx7IAE","recordID":"001B00000066Xx7IAE"}|0x38409f8d
08:15:10.3 (39823076)|VARIABLE_ASSIGNMENT|[EXTERNAL]|value|"Pyramid Construction (5 more) ..."
08:15:10.3 (39830570)|VARIABLE_ASSIGNMENT|[10]|this.column1|"Pyramid Construction (5 more) ..."|0x38409f8d
08:15:10.3 (39837600)|STATEMENT_EXECUTE|[119]
08:15:10.3 (39839395)|STATEMENT_EXECUTE|[124]
08:15:10.3 (39840531)|STATEMENT_EXECUTE|[129]
08:15:10.3 (39841465)|STATEMENT_EXECUTE|[135]
08:15:10.3 (39847092)|ENTERING_MANAGED_PKG|
08:15:10.3 (39855310)|HEAP_ALLOCATE|[EXTERNAL]|Bytes:4
08:15:10.3 (39861524)|STATEMENT_EXECUTE|[137]
08:15:10.3 (39872882)|ENTERING_MANAGED_PKG|
08:15:10.3 (39905633)|HEAP_ALLOCATE|[137]|Bytes:197
08:15:10.3 (39920731)|HEAP_ALLOCATE|[137]|Bytes:209
08:15:10.3 (39928232)|ENTERING_MANAGED_PKG|
08:15:10.3 (39956277)|USER_DEBUG|[137]|DEBUG|######## i: ListServerController:[column1=Pyramid Construction Inc., column2=null, column3=null, column4=null, eventField=001B00000066Xx7IAE, mapObjectsFields={Account={Id, Name}}, recordID=001B00000066Xx7IAE]
08:15:10.3 (39974330)|HEAP_ALLOCATE|[104]|Bytes:5
08:15:10.3 (39999077)|HEAP_ALLOCATE|[104]|Bytes:12
08:15:10.3 (40013566)|VARIABLE_SCOPE_BEGIN|[104]|e|SObject|true|false
08:15:10.3 (40029283)|VARIABLE_ASSIGNMENT|[104]|e|{"s":1,"v":{"Id":"001B00000066Xx8IAE","Name":"Dickenson plc"}}|0x492a3c47
08:15:10.3 (40032840)|STATEMENT_EXECUTE|[105]
08:15:10.3 (40033992)|STATEMENT_EXECUTE|[106]
08:15:10.3 (40047243)|ENTERING_MANAGED_PKG|
08:15:10.3 (40072376)|HEAP_ALLOCATE|[106]|Bytes:51
08:15:10.3 (40087216)|HEAP_ALLOCATE|[106]|Bytes:63
08:15:10.3 (40094522)|ENTERING_MANAGED_PKG|
08:15:10.3 (40100215)|USER_DEBUG|[106]|DEBUG|######## e: Account:{Id=001B00000066Xx8IAE, Name=Dickenson plc}
08:15:10.3 (40106149)|STATEMENT_EXECUTE|[107]
08:15:10.3 (40110700)|HEAP_ALLOCATE|[107]|Bytes:28
08:15:10.3 (40128336)|CONSTRUCTOR_ENTRY|[107]|01pB0000000lc07|<init>()
08:15:10.3 (40133773)|VARIABLE_SCOPE_BEGIN|[1]|this|testautonumdata.ListServerController|true|false
08:15:10.3 (40154539)|VARIABLE_ASSIGNMENT|[1]|this|{}|0x461827f9
08:15:10.3 (40162669)|HEAP_ALLOCATE|[EXTERNAL]|Bytes:5
08:15:10.3 (40177662)|STATEMENT_EXECUTE|[1]
08:15:10.3 (40181521)|HEAP_ALLOCATE|[EXTERNAL]|Bytes:5
08:15:10.3 (40183809)|STATEMENT_EXECUTE|[6]
08:15:10.3 (40185084)|STATEMENT_EXECUTE|[8]
08:15:10.3 (40186002)|STATEMENT_EXECUTE|[10]
08:15:10.3 (40186922)|STATEMENT_EXECUTE|[12]
08:15:10.3 (40187802)|STATEMENT_EXECUTE|[14]
08:15:10.3 (40188683)|STATEMENT_EXECUTE|[16]
08:15:10.3 (40198932)|CONSTRUCTOR_EXIT|[107]|01pB0000000lc07|<init>()
08:15:10.3 (40203288)|VARIABLE_SCOPE_BEGIN|[107]|i|testautonumdata.ListServerController|true|false
08:15:10.3 (40221341)|VARIABLE_ASSIGNMENT|[107]|i|{}|0x461827f9
08:15:10.3 (40223981)|STATEMENT_EXECUTE|[110]
08:15:10.3 (40237436)|ENTERING_MANAGED_PKG|
08:15:10.3 (40283767)|HEAP_ALLOCATE|[110]|Bytes:4
08:15:10.3 (40303663)|ENTERING_MANAGED_PKG|
08:15:10.3 (40306982)|HEAP_ALLOCATE|[110]|Bytes:18
08:15:10.3 (40335076)|VARIABLE_ASSIGNMENT|[EXTERNAL]|this|{}|0x461827f9
08:15:10.3 (40341824)|VARIABLE_ASSIGNMENT|[EXTERNAL]|value|"001B00000066Xx8IAE"
08:15:10.3 (40349240)|VARIABLE_ASSIGNMENT|[6]|this.recordID|"001B00000066Xx8IAE"|0x461827f9
08:15:10.3 (40356374)|STATEMENT_EXECUTE|[112]
08:15:10.3 (40357617)|STATEMENT_EXECUTE|[113]
08:15:10.3 (40363222)|METHOD_ENTRY|[113]|01pB0000000ljzx|testautonumdata.Sparkle_Helper.GetSobjectField(SObject, String)
08:15:10.3 (40367181)|VARIABLE_SCOPE_BEGIN|[78]|e|SObject|true|false
08:15:10.3 (40378056)|VARIABLE_ASSIGNMENT|[78]|e|{"s":1,"v":{"Id":"001B00000066Xx8IAE","Name":"Dickenson plc"}}|0x492a3c47
08:15:10.3 (40380372)|VARIABLE_SCOPE_BEGIN|[78]|lcfield|String|false|false
08:15:10.3 (40383138)|VARIABLE_ASSIGNMENT|[78]|lcfield|"Id"
08:15:10.3 (40391186)|HEAP_ALLOCATE|[81]|Bytes:5
08:15:10.3 (40394624)|STATEMENT_EXECUTE|[79]
08:15:10.3 (40395659)|STATEMENT_EXECUTE|[81]
08:15:10.3 (40399252)|VARIABLE_SCOPE_BEGIN|[81]|returnValue|String|false|false
08:15:10.3 (40403221)|VARIABLE_ASSIGNMENT|[81]|returnValue|""
08:15:10.3 (40415075)|ENTERING_MANAGED_PKG|
08:15:10.3 (40424141)|STATEMENT_EXECUTE|[98]
08:15:10.3 (40441062)|ENTERING_MANAGED_PKG|
08:15:10.3 (40460485)|HEAP_ALLOCATE|[98]|Bytes:4
08:15:10.3 (40476852)|ENTERING_MANAGED_PKG|
08:15:10.3 (40480087)|HEAP_ALLOCATE|[98]|Bytes:18
08:15:10.3 (40501789)|VARIABLE_ASSIGNMENT|[98]|returnValue|"001B00000066Xx8IAE"
08:15:10.3 (40505245)|STATEMENT_EXECUTE|[100]
08:15:10.3 (40513444)|METHOD_EXIT|[113]|01pB0000000ljzx|testautonumdata.Sparkle_Helper.GetSobjectField(SObject, String)
08:15:10.3 (40540383)|VARIABLE_ASSIGNMENT|[EXTERNAL]|this|{"recordID":"001B00000066Xx8IAE"}|0x461827f9
08:15:10.3 (40545989)|VARIABLE_ASSIGNMENT|[EXTERNAL]|value|"001B00000066Xx8IAE"
08:15:10.3 (40552493)|VARIABLE_ASSIGNMENT|[8]|this.eventField|"001B00000066Xx8IAE"|0x461827f9
08:15:10.3 (40559392)|STATEMENT_EXECUTE|[116]
08:15:10.3 (40560600)|STATEMENT_EXECUTE|[117]
08:15:10.3 (40565495)|METHOD_ENTRY|[117]|01pB0000000ljzx|testautonumdata.Sparkle_Helper.GetSobjectField(SObject, String)
08:15:10.3 (40568808)|VARIABLE_SCOPE_BEGIN|[78]|e|SObject|true|false
08:15:10.3 (40579411)|VARIABLE_ASSIGNMENT|[78]|e|{"s":1,"v":{"Id":"001B00000066Xx8IAE","Name":"Dickenson plc"}}|0x492a3c47
08:15:10.3 (40581788)|VARIABLE_SCOPE_BEGIN|[78]|lcfield|String|false|false
08:15:10.3 (40584704)|VARIABLE_ASSIGNMENT|[78]|lcfield|"Name"
08:15:10.3 (40592410)|HEAP_ALLOCATE|[81]|Bytes:5
08:15:10.3 (40596228)|STATEMENT_EXECUTE|[79]
08:15:10.3 (40597371)|STATEMENT_EXECUTE|[81]
08:15:10.3 (40600989)|VARIABLE_SCOPE_BEGIN|[81]|returnValue|String|false|false
08:15:10.3 (40605067)|VARIABLE_ASSIGNMENT|[81]|returnValue|""
08:15:10.3 (40616927)|ENTERING_MANAGED_PKG|
08:15:10.3 (40625780)|STATEMENT_EXECUTE|[98]
08:15:10.3 (40633370)|ENTERING_MANAGED_PKG|
08:15:10.3 (40651889)|HEAP_ALLOCATE|[98]|Bytes:13
08:15:10.3 (40667570)|ENTERING_MANAGED_PKG|
08:15:10.3 (40670446)|HEAP_ALLOCATE|[98]|Bytes:13
08:15:10.3 (40713566)|VARIABLE_ASSIGNMENT|[98]|returnValue|"Dickenson plc"
08:15:10.3 (40717262)|STATEMENT_EXECUTE|[100]
08:15:10.3 (40724982)|METHOD_EXIT|[117]|01pB0000000ljzx|testautonumdata.Sparkle_Helper.GetSobjectField(SObject, String)
08:15:10.3 (40752572)|VARIABLE_ASSIGNMENT|[EXTERNAL]|this|{"eventField":"001B00000066Xx8IAE","recordID":"001B00000066Xx8IAE"}|0x461827f9
08:15:10.3 (40758391)|VARIABLE_ASSIGNMENT|[EXTERNAL]|value|"Dickenson plc"
08:15:10.3 (40765090)|VARIABLE_ASSIGNMENT|[10]|this.column1|"Dickenson plc"|0x461827f9
08:15:10.3 (40772197)|STATEMENT_EXECUTE|[119]
08:15:10.3 (40774099)|STATEMENT_EXECUTE|[124]
08:15:10.3 (40775297)|STATEMENT_EXECUTE|[129]
08:15:10.3 (40776577)|STATEMENT_EXECUTE|[135]
08:15:10.3 (40782485)|ENTERING_MANAGED_PKG|
08:15:10.3 (40790966)|HEAP_ALLOCATE|[EXTERNAL]|Bytes:4
08:15:10.3 (40797072)|STATEMENT_EXECUTE|[137]
08:15:10.3 (40808653)|ENTERING_MANAGED_PKG|
08:15:10.3 (40841181)|HEAP_ALLOCATE|[137]|Bytes:185
08:15:10.3 (40856636)|HEAP_ALLOCATE|[137]|Bytes:197
08:15:10.3 (40864170)|ENTERING_MANAGED_PKG|
08:15:10.3 (40870346)|USER_DEBUG|[137]|DEBUG|######## i: ListServerController:[column1=Dickenson plc, column2=null, column3=null, column4=null, eventField=001B00000066Xx8IAE, mapObjectsFields={Account={Id, Name}}, recordID=001B00000066Xx8IAE]
08:15:10.3 (40885532)|HEAP_ALLOCATE|[104]|Bytes:5
08:15:10.3 (40909391)|HEAP_ALLOCATE|[104]|Bytes:12
08:15:10.3 (40923908)|VARIABLE_SCOPE_BEGIN|[104]|e|SObject|true|false
08:15:10.3 (40940095)|VARIABLE_ASSIGNMENT|[104]|e|{"s":1,"v":{"Id":"001B00000066Xx9IAE","Name":"Hospital Universitar (14 more) ..."}}|0x5e59684c
08:15:10.3 (40943729)|STATEMENT_EXECUTE|[105]
08:15:10.3 (40945230)|STATEMENT_EXECUTE|[106]
08:15:10.3 (40958258)|ENTERING_MANAGED_PKG|
08:15:10.3 (40983020)|HEAP_ALLOCATE|[106]|Bytes:72
08:15:10.3 (40997819)|HEAP_ALLOCATE|[106]|Bytes:84
08:15:10.3 (41004962)|ENTERING_MANAGED_PKG|
08:15:10.3 (41011397)|USER_DEBUG|[106]|DEBUG|######## e: Account:{Id=001B00000066Xx9IAE, Name=Hospital Universitario San Ignacio}
08:15:10.3 (41017278)|STATEMENT_EXECUTE|[107]
08:15:10.3 (41021839)|HEAP_ALLOCATE|[107]|Bytes:28
08:15:10.3 (41030260)|CONSTRUCTOR_ENTRY|[107]|01pB0000000lc07|<init>()
08:15:10.3 (41034512)|VARIABLE_SCOPE_BEGIN|[1]|this|testautonumdata.ListServerController|true|false
08:15:10.3 (41080953)|VARIABLE_ASSIGNMENT|[1]|this|{}|0x2401ef6
08:15:10.3 (41090083)|HEAP_ALLOCATE|[EXTERNAL]|Bytes:5
08:15:10.3 (41106080)|STATEMENT_EXECUTE|[1]
08:15:10.3 (41109844)|HEAP_ALLOCATE|[EXTERNAL]|Bytes:5
08:15:10.3 (41112101)|STATEMENT_EXECUTE|[6]
08:15:10.3 (41113418)|STATEMENT_EXECUTE|[8]
08:15:10.3 (41114337)|STATEMENT_EXECUTE|[10]
08:15:10.3 (41115262)|STATEMENT_EXECUTE|[12]
08:15:10.3 (41116148)|STATEMENT_EXECUTE|[14]
08:15:10.3 (41117030)|STATEMENT_EXECUTE|[16]
08:15:10.3 (41131179)|CONSTRUCTOR_EXIT|[107]|01pB0000000lc07|<init>()
08:15:10.3 (41135866)|VARIABLE_SCOPE_BEGIN|[107]|i|testautonumdata.ListServerController|true|false
08:15:10.3 (41154786)|VARIABLE_ASSIGNMENT|[107]|i|{}|0x2401ef6
08:15:10.3 (41157466)|STATEMENT_EXECUTE|[110]
08:15:10.3 (41199686)|ENTERING_MANAGED_PKG|
08:15:10.3 (41222169)|HEAP_ALLOCATE|[110]|Bytes:4
08:15:10.3 (41239924)|ENTERING_MANAGED_PKG|
08:15:10.3 (41243157)|HEAP_ALLOCATE|[110]|Bytes:18
08:15:10.3 (41271227)|VARIABLE_ASSIGNMENT|[EXTERNAL]|this|{}|0x2401ef6
08:15:10.3 (41277731)|VARIABLE_ASSIGNMENT|[EXTERNAL]|value|"001B00000066Xx9IAE"
08:15:10.3 (41285245)|VARIABLE_ASSIGNMENT|[6]|this.recordID|"001B00000066Xx9IAE"|0x2401ef6
08:15:10.3 (41292284)|STATEMENT_EXECUTE|[112]
08:15:10.3 (41293606)|STATEMENT_EXECUTE|[113]
08:15:10.3 (41299309)|METHOD_ENTRY|[113]|01pB0000000ljzx|testautonumdata.Sparkle_Helper.GetSobjectField(SObject, String)
08:15:10.3 (41302864)|VARIABLE_SCOPE_BEGIN|[78]|e|SObject|true|false
08:15:10.3 (41314521)|VARIABLE_ASSIGNMENT|[78]|e|{"s":1,"v":{"Id":"001B00000066Xx9IAE","Name":"Hospital Universitar (14 more) ..."}}|0x5e59684c
08:15:10.3 (41317472)|VARIABLE_SCOPE_BEGIN|[78]|lcfield|String|false|false
08:15:10.3 (41320680)|VARIABLE_ASSIGNMENT|[78]|lcfield|"Id"
08:15:10.3 (41328849)|HEAP_ALLOCATE|[81]|Bytes:5
08:15:10.3 (41332322)|STATEMENT_EXECUTE|[79]
08:15:10.3 (41333363)|STATEMENT_EXECUTE|[81]
08:15:10.3 (41336865)|VARIABLE_SCOPE_BEGIN|[81]|returnValue|String|false|false
08:15:10.3 (41340834)|VARIABLE_ASSIGNMENT|[81]|returnValue|""
08:15:10.3 (41352794)|ENTERING_MANAGED_PKG|
08:15:10.3 (41361874)|STATEMENT_EXECUTE|[98]
08:15:10.3 (41369437)|ENTERING_MANAGED_PKG|
08:15:10.3 (41387278)|HEAP_ALLOCATE|[98]|Bytes:4
08:15:10.3 (41402954)|ENTERING_MANAGED_PKG|
08:15:10.3 (41406101)|HEAP_ALLOCATE|[98]|Bytes:18
08:15:10.3 (41417744)|VARIABLE_ASSIGNMENT|[98]|returnValue|"001B00000066Xx9IAE"
08:15:10.3 (41420368)|STATEMENT_EXECUTE|[100]
08:15:10.3 (41427545)|METHOD_EXIT|[113]|01pB0000000ljzx|testautonumdata.Sparkle_Helper.GetSobjectField(SObject, String)
08:15:10.3 (41479903)|VARIABLE_ASSIGNMENT|[EXTERNAL]|this|{"recordID":"001B00000066Xx9IAE"}|0x2401ef6
08:15:10.3 (41485783)|VARIABLE_ASSIGNMENT|[EXTERNAL]|value|"001B00000066Xx9IAE"
08:15:10.3 (41492694)|VARIABLE_ASSIGNMENT|[8]|this.eventField|"001B00000066Xx9IAE"|0x2401ef6
08:15:10.3 (41500480)|STATEMENT_EXECUTE|[116]
08:15:10.3 (41501807)|STATEMENT_EXECUTE|[117]
08:15:10.3 (41507377)|METHOD_ENTRY|[117]|01pB0000000ljzx|testautonumdata.Sparkle_Helper.GetSobjectField(SObject, String)
08:15:10.3 (41510682)|VARIABLE_SCOPE_BEGIN|[78]|e|SObject|true|false
08:15:10.3 (41522194)|VARIABLE_ASSIGNMENT|[78]|e|{"s":1,"v":{"Id":"001B00000066Xx9IAE","Name":"Hospital Universitar (14 more) ..."}}|0x5e59684c
08:15:10.3 (41524570)|VARIABLE_SCOPE_BEGIN|[78]|lcfield|String|false|false
08:15:10.3 (41527800)|VARIABLE_ASSIGNMENT|[78]|lcfield|"Name"
08:15:10.3 (41535631)|HEAP_ALLOCATE|[81]|Bytes:5
08:15:10.3 (41539287)|STATEMENT_EXECUTE|[79]
08:15:10.3 (41540336)|STATEMENT_EXECUTE|[81]
08:15:10.3 (41543915)|VARIABLE_SCOPE_BEGIN|[81]|returnValue|String|false|false
08:15:10.3 (41547761)|VARIABLE_ASSIGNMENT|[81]|returnValue|""
08:15:10.3 (41584807)|ENTERING_MANAGED_PKG|
08:15:10.3 (41596243)|STATEMENT_EXECUTE|[98]
08:15:10.3 (41604656)|ENTERING_MANAGED_PKG|
08:15:10.3 (41624094)|HEAP_ALLOCATE|[98]|Bytes:34
08:15:10.3 (41640018)|ENTERING_MANAGED_PKG|
08:15:10.3 (41642960)|HEAP_ALLOCATE|[98]|Bytes:34
08:15:10.3 (41656312)|VARIABLE_ASSIGNMENT|[98]|returnValue|"Hospital Universitar (14 more) ..."
08:15:10.3 (41659414)|STATEMENT_EXECUTE|[100]
08:15:10.3 (41666806)|METHOD_EXIT|[117]|01pB0000000ljzx|testautonumdata.Sparkle_Helper.GetSobjectField(SObject, String)
08:15:10.3 (41694180)|VARIABLE_ASSIGNMENT|[EXTERNAL]|this|{"eventField":"001B00000066Xx9IAE","recordID":"001B00000066Xx9IAE"}|0x2401ef6
08:15:10.3 (41700615)|VARIABLE_ASSIGNMENT|[EXTERNAL]|value|"Hospital Universitar (14 more) ..."
08:15:10.3 (41707901)|VARIABLE_ASSIGNMENT|[10]|this.column1|"Hospital Universitar (14 more) ..."|0x2401ef6
08:15:10.3 (41714722)|STATEMENT_EXECUTE|[119]
08:15:10.3 (41716559)|STATEMENT_EXECUTE|[124]
08:15:10.3 (41717739)|STATEMENT_EXECUTE|[129]
08:15:10.3 (41718725)|STATEMENT_EXECUTE|[135]
08:15:10.3 (41724413)|ENTERING_MANAGED_PKG|
08:15:10.3 (41732591)|HEAP_ALLOCATE|[EXTERNAL]|Bytes:4
08:15:10.3 (41767354)|STATEMENT_EXECUTE|[137]
08:15:10.3 (41780613)|ENTERING_MANAGED_PKG|
08:15:10.3 (41814537)|HEAP_ALLOCATE|[137]|Bytes:206
08:15:10.3 (41830138)|HEAP_ALLOCATE|[137]|Bytes:218
08:15:10.3 (41837862)|ENTERING_MANAGED_PKG|
08:15:10.3 (41843999)|USER_DEBUG|[137]|DEBUG|######## i: ListServerController:[column1=Hospital Universitario San Ignacio, column2=null, column3=null, column4=null, eventField=001B00000066Xx9IAE, mapObjectsFields={Account={Id, Name}}, recordID=001B00000066Xx9IAE]
08:15:10.3 (41859778)|HEAP_ALLOCATE|[104]|Bytes:5
08:15:10.3 (41873880)|VARIABLE_ASSIGNMENT|[104]|e|null|
08:15:10.3 (41878560)|STATEMENT_EXECUTE|[142]
08:15:10.3 (41882159)|HEAP_ALLOCATE|[142]|Bytes:27
08:15:10.3 (41895625)|ENTERING_MANAGED_PKG|
08:15:10.3 (42080456)|HEAP_ALLOCATE|[142]|Bytes:1546
08:15:10.3 (42100569)|HEAP_ALLOCATE|[142]|Bytes:1573
08:15:10.3 (42110936)|ENTERING_MANAGED_PKG|
08:15:10.3 (42117024)|USER_DEBUG|[142]|DEBUG|######## lstReturnRecords: (ListServerController:[column1=GenePoint, column2=null, column3=null, column4=null, eventField=001B00000066XxFIAU, mapObjectsFields={Account={Id, Name}}, recordID=001B00000066XxFIAU], ListServerController:[column1=United Oil & Gas, UK, column2=null, column3=null, column4=null, eventField=001B00000066XxDIAU, mapObjectsFields=(already output), recordID=001B00000066XxDIAU], ListServerController:[column1=United Oil & Gas, Singapore, column2=null, column3=null, column4=null, eventField=001B00000066XxEIAU, mapObjectsFields=(already output), recordID=001B00000066XxEIAU], ListServerController:[column1=Edge Communications, column2=null, column3=null, column4=null, eventField=001B00000066Xx5IAE, mapObjectsFields=(already output), recordID=001B00000066Xx5IAE], ListServerController:[column1=Burlington Textiles Corp of America, column2=null, column3=null, column4=null, eventField=001B00000066Xx6IAE, mapObjectsFields=(already output), recordID=001B00000066Xx6IAE], ListServerController:[column1=Pyramid Construction Inc., column2=null, column3=null, column4=null, eventField=001B00000066Xx7IAE, mapObjectsFields=(already output), recordID=001B00000066Xx7IAE], ListServerController:[column1=Dickenson plc, column2=null, column3=null, column4=null, eventField=001B00000066Xx8IAE, mapObjectsFields=(already output), recordID=001B00000066Xx8IAE], ListServerController:[column1=Hospital Universitario San Ignacio, column2=null, column3=null, column4=null, eventField=001B00000066Xx9IAE, mapObjectsFields=(already output), recordID=001B00000066Xx9IAE])
08:15:10.3 (42136410)|STATEMENT_EXECUTE|[144]
08:15:10.3 (42149505)|SYSTEM_MODE_EXIT|false
08:15:10.42 (42218844)|CUMULATIVE_LIMIT_USAGE
08:15:10.42 (42218844)|LIMIT_USAGE_FOR_NS|(default)|
  Number of SOQL queries: 0 out of 100
  Number of query rows: 0 out of 50000
  Number of SOSL queries: 0 out of 20
  Number of DML statements: 0 out of 150
  Number of DML rows: 0 out of 10000
  Maximum CPU time: 0 out of 10000
  Maximum heap size: 0 out of 6000000
  Number of callouts: 0 out of 100
  Number of Email Invocations: 0 out of 10
  Number of future calls: 0 out of 50
  Number of queueable jobs added to the queue: 0 out of 50
  Number of Mobile Apex push calls: 0 out of 10

08:15:10.42 (42218844)|LIMIT_USAGE_FOR_NS|testautonumdata|
  Number of SOQL queries: 1 out of 100
  Number of query rows: 8 out of 50000
  Number of SOSL queries: 0 out of 20
  Number of DML statements: 0 out of 150
  Number of DML rows: 0 out of 10000
  Maximum CPU time: 0 out of 10000
  Maximum heap size: 0 out of 6000000
  Number of callouts: 0 out of 100
  Number of Email Invocations: 0 out of 10
  Number of future calls: 0 out of 50
  Number of queueable jobs added to the queue: 0 out of 50
  Number of Mobile Apex push calls: 0 out of 10

08:15:10.42 (42218844)|CUMULATIVE_LIMIT_USAGE_END

08:15:10.44 (44933652)|CODE_UNIT_STARTED|[EXTERNAL]|Aura
08:15:10.46 (46087734)|CODE_UNIT_STARTED|[EXTERNAL]|Aura
08:15:10.47 (47106614)|CODE_UNIT_STARTED|[EXTERNAL]|Aura
08:15:10.48 (48177106)|CODE_UNIT_STARTED|[EXTERNAL]|Aura
08:15:10.49 (49321668)|CODE_UNIT_STARTED|[EXTERNAL]|Aura
08:15:10.50 (50371934)|CODE_UNIT_STARTED|[EXTERNAL]|Aura
08:15:10.51 (51368605)|CODE_UNIT_STARTED|[EXTERNAL]|Aura
08:15:10.52 (52354187)|CODE_UNIT_STARTED|[EXTERNAL]|Aura
08:15:10.53 (53604124)|CODE_UNIT_STARTED|[EXTERNAL]|01pB0000000lc07|ListServerController.getCurrentUser
08:15:10.53 (53657357)|SYSTEM_MODE_ENTER|false
08:15:10.53 (53677979)|HEAP_ALLOCATE|[151]|Bytes:5
08:15:10.53 (53685492)|STATEMENT_EXECUTE|[150]
08:15:10.53 (53687232)|STATEMENT_EXECUTE|[151]
08:15:10.53 (53692027)|HEAP_ALLOCATE|[151]|Bytes:68
08:15:10.53 (53707851)|HEAP_ALLOCATE|[151]|Bytes:4
08:15:10.53 (53723565)|HEAP_ALLOCATE|[151]|Bytes:7
08:15:10.53 (53831917)|HEAP_ALLOCATE|[151]|Bytes:85
08:15:10.53 (53858655)|SYSTEM_METHOD_ENTRY|[1]|UserInfo.UserInfo()
08:15:10.53 (53863412)|STATEMENT_EXECUTE|[1]
08:15:10.53 (53876809)|SYSTEM_METHOD_EXIT|[1]|UserInfo
08:15:10.53 (53898029)|METHOD_ENTRY|[151]||System.UserInfo.getUserId()
08:15:10.53 (53956249)|METHOD_EXIT|[151]||System.UserInfo.getUserId()
08:15:10.53 (55091758)|SOQL_EXECUTE_BEGIN|[151]|Aggregations:0|SELECT Id, FirstName, LastName FROM User WHERE Id = :tmpVar1 LIMIT 1
08:15:10.53 (61886295)|SOQL_EXECUTE_END|[151]|Rows:1
08:15:10.53 (61920394)|HEAP_ALLOCATE|[151]|Bytes:8
08:15:10.53 (61941470)|HEAP_ALLOCATE|[151]|Bytes:69
08:15:10.53 (62040757)|HEAP_ALLOCATE|[151]|Bytes:8
08:15:10.53 (62057467)|HEAP_ALLOCATE|[151]|Bytes:30
08:15:10.53 (62162899)|HEAP_ALLOCATE|[151]|Bytes:16
08:15:10.53 (62175680)|VARIABLE_SCOPE_BEGIN|[151]|user|User|true|false
08:15:10.53 (62236663)|VARIABLE_ASSIGNMENT|[151]|user|{"s":1,"v":{"Id":"005B0000001VpZRIA0","FirstName":"Rodrigo","LastName":"Reboucas"}}|0x31aee834
08:15:10.53 (62243010)|STATEMENT_EXECUTE|[152]
08:15:10.53 (62260278)|SYSTEM_MODE_EXIT|false
08:15:10.62 (62305087)|CUMULATIVE_LIMIT_USAGE
08:15:10.62 (62305087)|LIMIT_USAGE_FOR_NS|(default)|
  Number of SOQL queries: 0 out of 100
  Number of query rows: 0 out of 50000
  Number of SOSL queries: 0 out of 20
  Number of DML statements: 0 out of 150
  Number of DML rows: 0 out of 10000
  Maximum CPU time: 0 out of 10000
  Maximum heap size: 0 out of 6000000
  Number of callouts: 0 out of 100
  Number of Email Invocations: 0 out of 10
  Number of future calls: 0 out of 50
  Number of queueable jobs added to the queue: 0 out of 50
  Number of Mobile Apex push calls: 0 out of 10

08:15:10.62 (62305087)|LIMIT_USAGE_FOR_NS|testautonumdata|
  Number of SOQL queries: 2 out of 100
  Number of query rows: 9 out of 50000
  Number of SOSL queries: 0 out of 20
  Number of DML statements: 0 out of 150
  Number of DML rows: 0 out of 10000
  Maximum CPU time: 0 out of 10000
  Maximum heap size: 0 out of 6000000
  Number of callouts: 0 out of 100
  Number of Email Invocations: 0 out of 10
  Number of future calls: 0 out of 50
  Number of queueable jobs added to the queue: 0 out of 50
  Number of Mobile Apex push calls: 0 out of 10

08:15:10.62 (62305087)|CUMULATIVE_LIMIT_USAGE_END

