37.0 APEX_CODE,FINEST;APEX_PROFILING,INFO;CALLOUT,INFO;DB,INFO;SYSTEM,DEBUG;VALIDATION,INFO;VISUALFORCE,INFO;WORKFLOW,INFO
12:06:14.0 (457898)|USER_INFO|[EXTERNAL]|005B0000001VpZR|rreboucas-yi5c@force.com|Pacific Standard Time|GMT-07:00
12:06:14.0 (932663)|HEAP_ALLOCATE|[72]|Bytes:3
12:06:14.0 (989073)|HEAP_ALLOCATE|[77]|Bytes:152
12:06:14.0 (1012718)|HEAP_ALLOCATE|[342]|Bytes:408
12:06:14.0 (1040907)|HEAP_ALLOCATE|[355]|Bytes:408
12:06:14.0 (1061339)|HEAP_ALLOCATE|[467]|Bytes:48
12:06:14.3 (3297066)|USER_INFO|[EXTERNAL]|005B0000001VpZR|rreboucas-yi5c@force.com|Pacific Standard Time|GMT-07:00
12:06:14.3 (3500799)|STATEMENT_EXECUTE|[1]
12:06:14.3 (3538085)|HEAP_ALLOCATE|[50]|Bytes:5
12:06:14.3 (3563086)|HEAP_ALLOCATE|[56]|Bytes:5
12:06:14.3 (3573222)|HEAP_ALLOCATE|[64]|Bytes:7
12:06:14.3 (3602574)|SYSTEM_MODE_ENTER|false
12:06:14.3 (3620180)|HEAP_ALLOCATE|[EXTERNAL]|Bytes:5
12:06:14.3 (3628475)|SYSTEM_MODE_EXIT|false
12:06:14.3 (3640380)|METHOD_EXIT|[1]|InterviewsLCServerController
12:06:14.3 (3645680)|HEAP_ALLOCATE|[EXTERNAL]|Bytes:1
12:06:14.3 (3647517)|HEAP_ALLOCATE|[EXTERNAL]|Bytes:7
12:06:14.3 (3648728)|HEAP_ALLOCATE|[EXTERNAL]|Bytes:2
12:06:14.3 (3649864)|HEAP_ALLOCATE|[EXTERNAL]|Bytes:4
12:06:14.3 (3658025)|SYSTEM_MODE_ENTER|false
12:06:14.3 (3666081)|VARIABLE_SCOPE_BEGIN|[19]|rowsLimit|String|false|false
12:06:14.3 (3694624)|VARIABLE_ASSIGNMENT|[19]|rowsLimit|"8"
12:06:14.3 (3698166)|VARIABLE_SCOPE_BEGIN|[19]|objectApiName|String|false|false
12:06:14.3 (3703179)|VARIABLE_ASSIGNMENT|[19]|objectApiName|"Account"
12:06:14.3 (3705341)|VARIABLE_SCOPE_BEGIN|[19]|eventField|String|false|false
12:06:14.3 (3708482)|VARIABLE_ASSIGNMENT|[19]|eventField|"Id"
12:06:14.3 (3710848)|VARIABLE_SCOPE_BEGIN|[19]|column1|String|false|false
12:06:14.3 (3713789)|VARIABLE_ASSIGNMENT|[19]|column1|"Name"
12:06:14.3 (3715775)|VARIABLE_SCOPE_BEGIN|[19]|column2|String|false|false
12:06:14.3 (3718547)|VARIABLE_ASSIGNMENT|[19]|column2|""
12:06:14.3 (3720462)|VARIABLE_SCOPE_BEGIN|[19]|column3|String|false|false
12:06:14.3 (3723083)|VARIABLE_ASSIGNMENT|[19]|column3|""
12:06:14.3 (3724880)|VARIABLE_SCOPE_BEGIN|[19]|column4|String|false|false
12:06:14.3 (3727559)|VARIABLE_ASSIGNMENT|[19]|column4|""
12:06:14.3 (3740134)|HEAP_ALLOCATE|[21]|Bytes:5
12:06:14.3 (3744620)|STATEMENT_EXECUTE|[19]
12:06:14.3 (3746219)|STATEMENT_EXECUTE|[21]
12:06:14.3 (3749386)|HEAP_ALLOCATE|[21]|Bytes:20
12:06:14.3 (3762104)|HEAP_ALLOCATE|[21]|Bytes:21
12:06:14.3 (3796600)|ENTERING_MANAGED_PKG|
12:06:14.3 (3844692)|USER_DEBUG|[21]|DEBUG|######## rowsLimit: 8
12:06:14.3 (3855259)|STATEMENT_EXECUTE|[22]
12:06:14.3 (3859138)|HEAP_ALLOCATE|[22]|Bytes:24
12:06:14.3 (3866269)|HEAP_ALLOCATE|[22]|Bytes:31
12:06:14.3 (3882242)|ENTERING_MANAGED_PKG|
12:06:14.3 (3907810)|USER_DEBUG|[22]|DEBUG|######## objectApiName: Account
12:06:14.3 (3915251)|STATEMENT_EXECUTE|[24]
12:06:14.3 (3996754)|HEAP_ALLOCATE|[24]|Bytes:4
12:06:14.3 (4079103)|ENTERING_MANAGED_PKG|
12:06:14.3 (4117778)|VARIABLE_SCOPE_BEGIN|[24]|lstReturnRecords|List<testautonumdata.InterviewsLCServerController>|true|false
12:06:14.3 (4143108)|HEAP_ALLOCATE|[EXTERNAL]|Bytes:4
12:06:14.3 (4164276)|VARIABLE_ASSIGNMENT|[24]|lstReturnRecords|{"s":1,"v":[]}|0x58af522c
12:06:14.3 (4167736)|STATEMENT_EXECUTE|[26]
12:06:14.3 (4197615)|ENTERING_MANAGED_PKG|
12:06:14.3 (4238529)|VARIABLE_SCOPE_BEGIN|[26]|rLimit|Integer|false|false
12:06:14.3 (4244429)|HEAP_ALLOCATE|[26]|Bytes:4
12:06:14.3 (4250560)|VARIABLE_ASSIGNMENT|[26]|rLimit|8
12:06:14.3 (4253040)|STATEMENT_EXECUTE|[27]
12:06:14.3 (4256664)|HEAP_ALLOCATE|[27]|Bytes:17
12:06:14.3 (4278237)|ENTERING_MANAGED_PKG|
12:06:14.3 (4313015)|HEAP_ALLOCATE|[27]|Bytes:1
12:06:14.3 (4327479)|HEAP_ALLOCATE|[27]|Bytes:18
12:06:14.3 (4344917)|ENTERING_MANAGED_PKG|
12:06:14.3 (4351065)|USER_DEBUG|[27]|DEBUG|######## rLimit: 8
12:06:14.3 (4357360)|STATEMENT_EXECUTE|[29]
12:06:14.3 (4360746)|HEAP_ALLOCATE|[29]|Bytes:9
12:06:14.3 (4365463)|VARIABLE_SCOPE_BEGIN|[29]|soql|String|false|false
12:06:14.3 (4372842)|VARIABLE_ASSIGNMENT|[29]|soql|"Select id"
12:06:14.3 (4375425)|STATEMENT_EXECUTE|[32]
12:06:14.3 (4377799)|HEAP_ALLOCATE|[32]|Bytes:2
12:06:14.3 (4383484)|HEAP_ALLOCATE|[32]|Bytes:4
12:06:14.3 (4387309)|HEAP_ALLOCATE|[32]|Bytes:13
12:06:14.3 (4392383)|VARIABLE_ASSIGNMENT|[32]|soql|"Select id, Id"
12:06:14.3 (4395000)|STATEMENT_EXECUTE|[35]
12:06:14.3 (4399176)|HEAP_ALLOCATE|[35]|Bytes:6
12:06:14.3 (4403181)|HEAP_ALLOCATE|[35]|Bytes:19
12:06:14.3 (4408352)|VARIABLE_ASSIGNMENT|[35]|soql|"Select id, Id, Name"
12:06:14.3 (4410774)|STATEMENT_EXECUTE|[38]
12:06:14.3 (4414872)|HEAP_ALLOCATE|[38]|Bytes:2
12:06:14.3 (4418699)|HEAP_ALLOCATE|[38]|Bytes:21
12:06:14.3 (4425602)|VARIABLE_ASSIGNMENT|[38]|soql|"Select id, Id, Name, (1 more) ..."
12:06:14.3 (4428274)|STATEMENT_EXECUTE|[41]
12:06:14.3 (4432270)|HEAP_ALLOCATE|[41]|Bytes:2
12:06:14.3 (4436166)|HEAP_ALLOCATE|[41]|Bytes:23
12:06:14.3 (4441763)|VARIABLE_ASSIGNMENT|[41]|soql|"Select id, Id, Name, (3 more) ..."
12:06:14.3 (4444597)|STATEMENT_EXECUTE|[44]
12:06:14.3 (4448643)|HEAP_ALLOCATE|[44]|Bytes:2
12:06:14.3 (4452472)|HEAP_ALLOCATE|[44]|Bytes:25
12:06:14.3 (4457832)|VARIABLE_ASSIGNMENT|[44]|soql|"Select id, Id, Name, (5 more) ..."
12:06:14.3 (4460043)|STATEMENT_EXECUTE|[47]
12:06:14.3 (4462738)|HEAP_ALLOCATE|[47]|Bytes:6
12:06:14.3 (4466823)|HEAP_ALLOCATE|[47]|Bytes:13
12:06:14.3 (4470302)|HEAP_ALLOCATE|[47]|Bytes:38
12:06:14.3 (4475744)|VARIABLE_ASSIGNMENT|[47]|soql|"Select id, Id, Name, (18 more) ..."
12:06:14.3 (4477668)|STATEMENT_EXECUTE|[50]
12:06:14.3 (4480297)|HEAP_ALLOCATE|[50]|Bytes:7
12:06:14.3 (4484495)|HEAP_ALLOCATE|[50]|Bytes:8
12:06:14.3 (4488017)|HEAP_ALLOCATE|[50]|Bytes:46
12:06:14.3 (4493591)|VARIABLE_ASSIGNMENT|[50]|soql|"Select id, Id, Name, (26 more) ..."
12:06:14.3 (4495710)|STATEMENT_EXECUTE|[54]
12:06:14.3 (4498079)|HEAP_ALLOCATE|[54]|Bytes:15
12:06:14.3 (4501922)|HEAP_ALLOCATE|[54]|Bytes:61
12:06:14.3 (4517321)|ENTERING_MANAGED_PKG|
12:06:14.3 (4543046)|USER_DEBUG|[54]|DEBUG|######## soql: Select id, Id, Name, , ,  FROM Account limit 8
12:06:14.3 (4550545)|STATEMENT_EXECUTE|[56]
12:06:14.3 (4575207)|ENTERING_MANAGED_PKG|
12:06:14.3 (4596589)|HEAP_ALLOCATE|[56]|Bytes:4
12:06:14.3 (4825027)|EXCEPTION_THROWN|[56]|System.QueryException: unexpected token: ','
12:06:14.3 (4910179)|HEAP_ALLOCATE|[56]|Bytes:25
12:06:14.3 (4997098)|FATAL_ERROR|System.QueryException: unexpected token: ','

Class.testautonumdata.InterviewsLCServerController.getListRecords: line 56, column 1
12:06:14.3 (5012525)|FATAL_ERROR|System.QueryException: unexpected token: ','

Class.testautonumdata.InterviewsLCServerController.getListRecords: line 56, column 1
12:06:14.5 (5022536)|CUMULATIVE_LIMIT_USAGE
12:06:14.5 (5022536)|LIMIT_USAGE_FOR_NS|(default)|
  Number of SOQL queries: 0 out of 100
  Number of query rows: 0 out of 50000
  Number of SOSL queries: 0 out of 20
  Number of DML statements: 0 out of 150
  Number of DML rows: 0 out of 10000
  Maximum CPU time: 0 out of 10000
  Maximum heap size: 0 out of 6000000
  Number of callouts: 0 out of 100
  Number of Email Invocations: 0 out of 10
  Number of future calls: 0 out of 50
  Number of queueable jobs added to the queue: 0 out of 50
  Number of Mobile Apex push calls: 0 out of 10

12:06:14.5 (5022536)|CUMULATIVE_LIMIT_USAGE_END

12:06:14.3 (5079607)|CODE_UNIT_FINISHED|InterviewsLCServerController.getListRecords
