38.0 APEX_CODE,FINEST;APEX_PROFILING,INFO;CALLOUT,INFO;DB,INFO;SYSTEM,DEBUG;VALIDATION,INFO;VISUALFORCE,INFO;WORKFLOW,INFO
07:14:22.0 (111302)|USER_INFO|[EXTERNAL]|005B0000001VpZR|rreboucas-yi5c@force.com|Pacific Standard Time|GMT-07:00
07:14:22.2 (2460700)|CODE_UNIT_STARTED|[EXTERNAL]|01pB0000000lc07|ListServerController.getListRecords
07:14:22.2 (2521845)|VARIABLE_SCOPE_BEGIN|[3]|ListServerController.mapObjectsFields|Map<String,Set<String>>|true|true
07:14:22.2 (2607343)|HEAP_ALLOCATE|[EXTERNAL]|Bytes:180
07:14:22.2 (2616621)|HEAP_ALLOCATE|[EXTERNAL]|Bytes:22
07:14:22.2 (2619759)|HEAP_ALLOCATE|[EXTERNAL]|Bytes:27
07:14:22.2 (2638977)|METHOD_ENTRY|[1]|01pB0000000lc07|ListServerController.ListServerController()
07:14:22.2 (2642665)|STATEMENT_EXECUTE|[1]
07:14:22.2 (2649068)|STATEMENT_EXECUTE|[1]
07:14:22.2 (2689191)|HEAP_ALLOCATE|[50]|Bytes:5
07:14:22.2 (2715979)|HEAP_ALLOCATE|[56]|Bytes:5
07:14:22.2 (2729322)|HEAP_ALLOCATE|[64]|Bytes:7
07:14:22.2 (2756082)|SYSTEM_MODE_ENTER|false
07:14:22.2 (2779491)|HEAP_ALLOCATE|[3]|Bytes:5
07:14:22.2 (2783963)|STATEMENT_EXECUTE|[3]
07:14:22.2 (2822731)|VARIABLE_ASSIGNMENT|[3]|ListServerController.mapObjectsFields|null|
07:14:22.2 (2832027)|SYSTEM_MODE_EXIT|false
07:14:22.2 (2847005)|METHOD_EXIT|[1]|ListServerController
07:14:22.2 (2852248)|HEAP_ALLOCATE|[EXTERNAL]|Bytes:1
07:14:22.2 (2854257)|HEAP_ALLOCATE|[EXTERNAL]|Bytes:7
07:14:22.2 (2855610)|HEAP_ALLOCATE|[EXTERNAL]|Bytes:2
07:14:22.2 (2856774)|HEAP_ALLOCATE|[EXTERNAL]|Bytes:4
07:14:22.2 (2858001)|HEAP_ALLOCATE|[EXTERNAL]|Bytes:4
07:14:22.2 (2865055)|SYSTEM_MODE_ENTER|false
07:14:22.2 (2870345)|VARIABLE_SCOPE_BEGIN|[23]|rowsLimit|String|false|false
07:14:22.2 (2880208)|VARIABLE_ASSIGNMENT|[23]|rowsLimit|"8"
07:14:22.2 (2882274)|VARIABLE_SCOPE_BEGIN|[23]|objectApiName|String|false|false
07:14:22.2 (2885187)|VARIABLE_ASSIGNMENT|[23]|objectApiName|"Account"
07:14:22.2 (2887068)|VARIABLE_SCOPE_BEGIN|[23]|filter1Field|String|false|false
07:14:22.2 (2889553)|VARIABLE_ASSIGNMENT|[23]|filter1Field|null
07:14:22.2 (2891128)|VARIABLE_SCOPE_BEGIN|[23]|filter1Value|String|false|false
07:14:22.2 (2893272)|VARIABLE_ASSIGNMENT|[23]|filter1Value|null
07:14:22.2 (2894772)|VARIABLE_SCOPE_BEGIN|[23]|eventField|String|false|false
07:14:22.2 (2897304)|VARIABLE_ASSIGNMENT|[23]|eventField|"Id"
07:14:22.2 (2898915)|VARIABLE_SCOPE_BEGIN|[23]|column1|String|false|false
07:14:22.2 (2901255)|VARIABLE_ASSIGNMENT|[23]|column1|"Name"
07:14:22.2 (2903057)|VARIABLE_SCOPE_BEGIN|[23]|column2|String|false|false
07:14:22.2 (2905025)|VARIABLE_ASSIGNMENT|[23]|column2|null
07:14:22.2 (2906825)|VARIABLE_SCOPE_BEGIN|[23]|column3|String|false|false
07:14:22.2 (2908698)|VARIABLE_ASSIGNMENT|[23]|column3|null
07:14:22.2 (2910267)|VARIABLE_SCOPE_BEGIN|[23]|column4|String|false|false
07:14:22.2 (2912202)|VARIABLE_ASSIGNMENT|[23]|column4|null
07:14:22.2 (2914887)|VARIABLE_SCOPE_BEGIN|[23]|sortField|String|false|false
07:14:22.2 (2918986)|VARIABLE_ASSIGNMENT|[23]|sortField|"Name"
07:14:22.2 (2921738)|VARIABLE_SCOPE_BEGIN|[23]|sortDirection|String|false|false
07:14:22.2 (2924537)|VARIABLE_ASSIGNMENT|[23]|sortDirection|null
07:14:22.2 (2938839)|HEAP_ALLOCATE|[25]|Bytes:5
07:14:22.2 (2943083)|STATEMENT_EXECUTE|[23]
07:14:22.2 (2944512)|STATEMENT_EXECUTE|[25]
07:14:22.2 (2947514)|HEAP_ALLOCATE|[25]|Bytes:20
07:14:22.2 (2963487)|HEAP_ALLOCATE|[25]|Bytes:21
07:14:22.2 (2990470)|ENTERING_MANAGED_PKG|
07:14:22.2 (3028519)|USER_DEBUG|[25]|DEBUG|######## rowsLimit: 8
07:14:22.2 (3038472)|STATEMENT_EXECUTE|[26]
07:14:22.2 (3042093)|HEAP_ALLOCATE|[26]|Bytes:24
07:14:22.2 (3048059)|HEAP_ALLOCATE|[26]|Bytes:31
07:14:22.2 (3055208)|ENTERING_MANAGED_PKG|
07:14:22.2 (3068700)|USER_DEBUG|[26]|DEBUG|######## objectApiName: Account
07:14:22.2 (3074174)|STATEMENT_EXECUTE|[29]
07:14:22.2 (3080792)|HEAP_ALLOCATE|[29]|Bytes:4
07:14:22.2 (3130017)|VARIABLE_ASSIGNMENT|[29]|ListServerController.mapObjectsFields|{"s":1,"v":{}}|0x1ece558f
07:14:22.2 (3134037)|STATEMENT_EXECUTE|[31]
07:14:22.2 (3137293)|HEAP_ALLOCATE|[31]|Bytes:2
07:14:22.2 (3274437)|HEAP_ALLOCATE|[31]|Bytes:19
07:14:22.2 (3280861)|HEAP_ALLOCATE|[31]|Bytes:28
07:14:22.2 (3290982)|METHOD_ENTRY|[1]|01pB0000000ljzx|Sparkle_Helper.Sparkle_Helper()
07:14:22.2 (3293418)|STATEMENT_EXECUTE|[1]
07:14:22.2 (3296547)|STATEMENT_EXECUTE|[1]
07:14:22.2 (3302494)|HEAP_ALLOCATE|[31]|Bytes:5
07:14:22.2 (3312690)|METHOD_EXIT|[1]|Sparkle_Helper
07:14:22.2 (3326776)|METHOD_ENTRY|[31]|01pB0000000ljzx|testautonumdata.Sparkle_Helper.AddFieldToObjectsMap(String, String, Map<String,Set<String>>)
07:14:22.2 (3343323)|VARIABLE_SCOPE_BEGIN|[107]|fieldName|String|false|false
07:14:22.2 (3350443)|VARIABLE_ASSIGNMENT|[107]|fieldName|"Id"
07:14:22.2 (3352534)|VARIABLE_SCOPE_BEGIN|[107]|initialObjectName|String|false|false
07:14:22.2 (3355471)|VARIABLE_ASSIGNMENT|[107]|initialObjectName|"Account"
07:14:22.2 (3357099)|VARIABLE_SCOPE_BEGIN|[107]|theMap|Map<String,Set<String>>|true|false
07:14:22.2 (3369975)|VARIABLE_ASSIGNMENT|[107]|theMap|{"s":1,"v":{}}|0x1ece558f
07:14:22.2 (3378449)|HEAP_ALLOCATE|[109]|Bytes:5
07:14:22.2 (3382964)|STATEMENT_EXECUTE|[108]
07:14:22.2 (3385855)|HEAP_ALLOCATE|[109]|Bytes:1
07:14:22.2 (3403709)|ENTERING_MANAGED_PKG|
07:14:22.2 (3438913)|STATEMENT_EXECUTE|[150]
07:14:22.2 (3449627)|METHOD_ENTRY|[150]|01pB0000000ljzx|testautonumdata.Sparkle_Helper.AddFieldToMap(String, String, Map<String,Set<String>>)
07:14:22.2 (3462322)|VARIABLE_SCOPE_BEGIN|[157]|fieldName|String|false|false
07:14:22.2 (3468312)|VARIABLE_ASSIGNMENT|[157]|fieldName|"Id"
07:14:22.2 (3470188)|VARIABLE_SCOPE_BEGIN|[157]|ObjectName|String|false|false
07:14:22.2 (3473384)|VARIABLE_ASSIGNMENT|[157]|ObjectName|"Account"
07:14:22.2 (3475026)|VARIABLE_SCOPE_BEGIN|[157]|theMap|Map<String,Set<String>>|true|false
07:14:22.2 (3486586)|VARIABLE_ASSIGNMENT|[157]|theMap|{"s":1,"v":{}}|0x1ece558f
07:14:22.2 (3494766)|HEAP_ALLOCATE|[160]|Bytes:5
07:14:22.2 (3498884)|STATEMENT_EXECUTE|[158]
07:14:22.2 (3511294)|ENTERING_MANAGED_PKG|
07:14:22.2 (3540727)|STATEMENT_EXECUTE|[167]
07:14:22.2 (3542577)|STATEMENT_EXECUTE|[168]
07:14:22.2 (3609536)|HEAP_ALLOCATE|[168]|Bytes:4
07:14:22.2 (3633521)|ENTERING_MANAGED_PKG|
07:14:22.2 (3661747)|VARIABLE_SCOPE_BEGIN|[168]|newFieldSet|Set<String>|true|false
07:14:22.2 (3704255)|VARIABLE_ASSIGNMENT|[168]|newFieldSet|{"s":1,"v":[]}|0x483b44ed
07:14:22.2 (3708013)|STATEMENT_EXECUTE|[169]
07:14:22.2 (3719991)|ENTERING_MANAGED_PKG|
07:14:22.2 (3746553)|HEAP_ALLOCATE|[EXTERNAL]|Bytes:4
07:14:22.2 (3755421)|STATEMENT_EXECUTE|[170]
07:14:22.2 (3763805)|ENTERING_MANAGED_PKG|
07:14:22.2 (3794404)|HEAP_ALLOCATE|[EXTERNAL]|Bytes:-4
07:14:22.2 (3808121)|METHOD_EXIT|[150]|01pB0000000ljzx|testautonumdata.Sparkle_Helper.AddFieldToMap(String, String, Map<String,Set<String>>)
07:14:22.2 (3815076)|METHOD_EXIT|[31]|01pB0000000ljzx|testautonumdata.Sparkle_Helper.AddFieldToObjectsMap(String, String, Map<String,Set<String>>)
07:14:22.2 (3818264)|STATEMENT_EXECUTE|[33]
07:14:22.2 (3848475)|HEAP_ALLOCATE|[33]|Bytes:4
07:14:22.2 (3922949)|ENTERING_MANAGED_PKG|
07:14:22.2 (3944829)|VARIABLE_SCOPE_BEGIN|[33]|lstReturnRecords|List<testautonumdata.ListServerController>|true|false
07:14:22.2 (3970475)|HEAP_ALLOCATE|[EXTERNAL]|Bytes:4
07:14:22.2 (3985503)|VARIABLE_ASSIGNMENT|[33]|lstReturnRecords|{"s":1,"v":[]}|0x4d2c00e8
07:14:22.2 (3988919)|STATEMENT_EXECUTE|[35]
07:14:22.2 (4012927)|ENTERING_MANAGED_PKG|
07:14:22.2 (4041358)|VARIABLE_SCOPE_BEGIN|[35]|rLimit|Integer|false|false
07:14:22.2 (4046637)|HEAP_ALLOCATE|[35]|Bytes:4
07:14:22.2 (4053201)|VARIABLE_ASSIGNMENT|[35]|rLimit|8
07:14:22.2 (4055598)|STATEMENT_EXECUTE|[36]
07:14:22.2 (4059022)|HEAP_ALLOCATE|[36]|Bytes:17
07:14:22.2 (4073791)|ENTERING_MANAGED_PKG|
07:14:22.2 (4093440)|HEAP_ALLOCATE|[36]|Bytes:1
07:14:22.2 (4105686)|HEAP_ALLOCATE|[36]|Bytes:18
07:14:22.2 (4113930)|ENTERING_MANAGED_PKG|
07:14:22.2 (4120663)|USER_DEBUG|[36]|DEBUG|######## rLimit: 8
07:14:22.2 (4131522)|STATEMENT_EXECUTE|[40]
07:14:22.2 (4134519)|HEAP_ALLOCATE|[40]|Bytes:9
07:14:22.2 (4138557)|VARIABLE_SCOPE_BEGIN|[40]|soql|String|false|false
07:14:22.2 (4145753)|VARIABLE_ASSIGNMENT|[40]|soql|"Select id"
07:14:22.2 (4161075)|ENTERING_MANAGED_PKG|
07:14:22.2 (4190571)|STATEMENT_EXECUTE|[42]
07:14:22.2 (4193306)|STATEMENT_EXECUTE|[49]
07:14:22.2 (4194285)|STATEMENT_EXECUTE|[50]
07:14:22.2 (4197190)|HEAP_ALLOCATE|[50]|Bytes:2
07:14:22.2 (4210419)|ENTERING_MANAGED_PKG|
07:14:22.2 (4226476)|HEAP_ALLOCATE|[50]|Bytes:4
07:14:22.2 (4238228)|HEAP_ALLOCATE|[50]|Bytes:6
07:14:22.2 (4242045)|HEAP_ALLOCATE|[50]|Bytes:15
07:14:22.2 (4249593)|VARIABLE_ASSIGNMENT|[50]|soql|"Select id, Name"
07:14:22.2 (4252158)|STATEMENT_EXECUTE|[51]
07:14:22.2 (4260125)|METHOD_ENTRY|[51]|01pB0000000ljzx|testautonumdata.Sparkle_Helper.AddFieldToObjectsMap(String, String, Map<String,Set<String>>)
07:14:22.2 (4271956)|VARIABLE_SCOPE_BEGIN|[107]|fieldName|String|false|false
07:14:22.2 (4276459)|VARIABLE_ASSIGNMENT|[107]|fieldName|"Name"
07:14:22.2 (4278070)|VARIABLE_SCOPE_BEGIN|[107]|initialObjectName|String|false|false
07:14:22.2 (4280560)|VARIABLE_ASSIGNMENT|[107]|initialObjectName|"Account"
07:14:22.2 (4281988)|VARIABLE_SCOPE_BEGIN|[107]|theMap|Map<String,Set<String>>|true|false
07:14:22.2 (4299558)|VARIABLE_ASSIGNMENT|[107]|theMap|{"s":1,"v":{"Account":{"s":2,"v":["Id"]}}}|0x1ece558f
07:14:22.2 (4308300)|HEAP_ALLOCATE|[109]|Bytes:5
07:14:22.2 (4312258)|STATEMENT_EXECUTE|[108]
07:14:22.2 (4324077)|ENTERING_MANAGED_PKG|
07:14:22.2 (4331875)|STATEMENT_EXECUTE|[150]
07:14:22.2 (4337890)|METHOD_ENTRY|[150]|01pB0000000ljzx|testautonumdata.Sparkle_Helper.AddFieldToMap(String, String, Map<String,Set<String>>)
07:14:22.2 (4341294)|VARIABLE_SCOPE_BEGIN|[157]|fieldName|String|false|false
07:14:22.2 (4346361)|VARIABLE_ASSIGNMENT|[157]|fieldName|"Name"
07:14:22.2 (4348365)|VARIABLE_SCOPE_BEGIN|[157]|ObjectName|String|false|false
07:14:22.2 (4350918)|VARIABLE_ASSIGNMENT|[157]|ObjectName|"Account"
07:14:22.2 (4352358)|VARIABLE_SCOPE_BEGIN|[157]|theMap|Map<String,Set<String>>|true|false
07:14:22.2 (4367424)|VARIABLE_ASSIGNMENT|[157]|theMap|{"s":1,"v":{"Account":{"s":2,"v":["Id"]}}}|0x1ece558f
07:14:22.2 (4374775)|HEAP_ALLOCATE|[160]|Bytes:5
07:14:22.2 (4378206)|STATEMENT_EXECUTE|[158]
07:14:22.2 (4384273)|ENTERING_MANAGED_PKG|
07:14:22.2 (4390458)|STATEMENT_EXECUTE|[161]
07:14:22.2 (4391727)|STATEMENT_EXECUTE|[162]
07:14:22.2 (4397280)|ENTERING_MANAGED_PKG|
07:14:22.2 (4428161)|VARIABLE_SCOPE_BEGIN|[162]|existingFieldSet|Set<String>|true|false
07:14:22.2 (4442519)|VARIABLE_ASSIGNMENT|[162]|existingFieldSet|{"s":1,"v":["Id"]}|0x483b44ed
07:14:22.2 (4445841)|STATEMENT_EXECUTE|[163]
07:14:22.2 (4452703)|ENTERING_MANAGED_PKG|
07:14:22.2 (4474043)|HEAP_ALLOCATE|[EXTERNAL]|Bytes:4
07:14:22.2 (4482702)|STATEMENT_EXECUTE|[164]
07:14:22.2 (4489745)|ENTERING_MANAGED_PKG|
07:14:22.2 (4525727)|METHOD_EXIT|[150]|01pB0000000ljzx|testautonumdata.Sparkle_Helper.AddFieldToMap(String, String, Map<String,Set<String>>)
07:14:22.2 (4532289)|METHOD_EXIT|[51]|01pB0000000ljzx|testautonumdata.Sparkle_Helper.AddFieldToObjectsMap(String, String, Map<String,Set<String>>)
07:14:22.2 (4536020)|STATEMENT_EXECUTE|[53]
07:14:22.2 (4537843)|STATEMENT_EXECUTE|[58]
07:14:22.2 (4539278)|STATEMENT_EXECUTE|[63]
07:14:22.2 (4540240)|STATEMENT_EXECUTE|[69]
07:14:22.2 (4543727)|HEAP_ALLOCATE|[69]|Bytes:6
07:14:22.2 (4556156)|ENTERING_MANAGED_PKG|
07:14:22.2 (4572007)|HEAP_ALLOCATE|[69]|Bytes:7
07:14:22.2 (4584182)|HEAP_ALLOCATE|[69]|Bytes:13
07:14:22.2 (4587889)|HEAP_ALLOCATE|[69]|Bytes:28
07:14:22.2 (4597739)|VARIABLE_ASSIGNMENT|[69]|soql|"Select id, Name FROM (8 more) ..."
07:14:22.2 (4602005)|STATEMENT_EXECUTE|[72]
07:14:22.2 (4604460)|STATEMENT_EXECUTE|[78]
07:14:22.2 (4605420)|STATEMENT_EXECUTE|[84]
07:14:22.2 (4607695)|HEAP_ALLOCATE|[84]|Bytes:7
07:14:22.2 (4617503)|ENTERING_MANAGED_PKG|
07:14:22.2 (4631689)|HEAP_ALLOCATE|[84]|Bytes:1
07:14:22.2 (4643202)|HEAP_ALLOCATE|[84]|Bytes:8
07:14:22.2 (4646725)|HEAP_ALLOCATE|[84]|Bytes:36
07:14:22.2 (4654930)|VARIABLE_ASSIGNMENT|[84]|soql|"Select id, Name FROM (16 more) ..."
07:14:22.2 (4657468)|STATEMENT_EXECUTE|[88]
07:14:22.2 (4660171)|HEAP_ALLOCATE|[88]|Bytes:15
07:14:22.2 (4664214)|HEAP_ALLOCATE|[88]|Bytes:51
07:14:22.2 (4672227)|ENTERING_MANAGED_PKG|
07:14:22.2 (4688227)|USER_DEBUG|[88]|DEBUG|######## soql: Select id, Name FROM Account limit 8
07:14:22.2 (4702303)|METHOD_ENTRY|[95]|01pB0000000ljzx|testautonumdata.Sparkle_Helper.UserHasAccessToObjectsAndFields(Map<String,Set<String>>)
07:14:22.2 (4715070)|VARIABLE_SCOPE_BEGIN|[175]|theMap|Map<String,Set<String>>|true|false
07:14:22.2 (4734834)|VARIABLE_ASSIGNMENT|[175]|theMap|{"s":1,"v":{"Account":{"s":2,"v":["Id","Name"]}}}|0x1ece558f
07:14:22.2 (4744127)|HEAP_ALLOCATE|[177]|Bytes:5
07:14:22.2 (4748550)|STATEMENT_EXECUTE|[176]
07:14:22.2 (4749821)|STATEMENT_EXECUTE|[177]
07:14:22.2 (4753854)|VARIABLE_SCOPE_BEGIN|[177]|hasAccess|Boolean|false|false
07:14:22.2 (4756954)|HEAP_ALLOCATE|[177]|Bytes:5
07:14:22.2 (4761625)|VARIABLE_ASSIGNMENT|[177]|hasAccess|true
07:14:22.2 (4769649)|ENTERING_MANAGED_PKG|
07:14:22.2 (4791550)|STATEMENT_EXECUTE|[180]
07:14:22.2 (4793707)|STATEMENT_EXECUTE|[181]
07:14:22.2 (4796914)|HEAP_ALLOCATE|[181]|Bytes:17
07:14:22.2 (4810046)|ENTERING_MANAGED_PKG|
07:14:22.2 (4836826)|HEAP_ALLOCATE|[181]|Bytes:20
07:14:22.2 (4848729)|HEAP_ALLOCATE|[181]|Bytes:37
07:14:22.2 (4856368)|ENTERING_MANAGED_PKG|
07:14:22.2 (4862547)|USER_DEBUG|[181]|DEBUG|######## theMap: {Account={Id, Name}}
07:14:22.2 (4874648)|HEAP_ALLOCATE|[182]|Bytes:4
07:14:22.2 (4885950)|ENTERING_MANAGED_PKG|
07:14:22.2 (4904013)|ENTERING_MANAGED_PKG|
07:14:22.2 (4918728)|HEAP_ALLOCATE|[182]|Bytes:15
07:14:22.2 (4930300)|ENTERING_MANAGED_PKG|
07:14:22.2 (4935813)|HEAP_ALLOCATE|[182]|Bytes:4
07:14:22.2 (4942121)|ENTERING_MANAGED_PKG|
07:14:22.2 (5024497)|HEAP_ALLOCATE|[182]|Bytes:5
07:14:22.2 (5044945)|VARIABLE_SCOPE_BEGIN|[182]|objectName|String|false|false
07:14:22.2 (5052853)|VARIABLE_ASSIGNMENT|[182]|objectName|"Account"
07:14:22.2 (5056635)|STATEMENT_EXECUTE|[183]
07:14:22.2 (5057838)|STATEMENT_EXECUTE|[184]
07:14:22.2 (5061321)|HEAP_ALLOCATE|[184]|Bytes:21
07:14:22.2 (5067438)|HEAP_ALLOCATE|[184]|Bytes:28
07:14:22.2 (5075377)|ENTERING_MANAGED_PKG|
07:14:22.2 (5093286)|USER_DEBUG|[184]|DEBUG|######## objectName: Account
07:14:22.2 (5099861)|STATEMENT_EXECUTE|[185]
07:14:22.2 (5113787)|ENTERING_MANAGED_PKG|
07:14:22.2 (19660060)|HEAP_ALLOCATE|[185]|Bytes:1648
07:14:22.2 (19699813)|ENTERING_MANAGED_PKG|
07:14:22.2 (19813969)|HEAP_ALLOCATE|[185]|Bytes:4
07:14:22.2 (19825721)|VARIABLE_SCOPE_BEGIN|[185]|sObj|SObject|true|false
07:14:22.2 (19850760)|VARIABLE_ASSIGNMENT|[185]|sObj|{}|0x28ad37aa
07:14:22.2 (19856106)|STATEMENT_EXECUTE|[186]
07:14:22.2 (19888736)|ENTERING_MANAGED_PKG|
07:14:22.2 (20322820)|HEAP_ALLOCATE|[186]|Bytes:4
07:14:22.2 (21399098)|HEAP_ALLOCATE|[186]|Bytes:312
07:14:22.2 (21410662)|VARIABLE_SCOPE_BEGIN|[186]|m|Map<String,Schema.SObjectField>|true|false
07:14:22.2 (21718853)|VARIABLE_ASSIGNMENT|[186]|m|"{accountnumber=AccountNumber, accountsource=AccountSource, annualrevenue=AnnualRevenue, billingaddress=BillingAddress, billingcity=BillingCity, billingcountry=BillingCountry, billingcountrycode=BillingCountryCode, billinglatitude=BillingLatitude, billinglongitude=BillingLongitude, billingpostalcode=BillingPostalCode, ...}"|0x3106b868
07:14:22.2 (21732005)|STATEMENT_EXECUTE|[187]
07:14:22.2 (21743822)|ENTERING_MANAGED_PKG|
07:14:22.2 (21783151)|VARIABLE_SCOPE_BEGIN|[187]|objectFieldSet|Set<String>|true|false
07:14:22.2 (21810659)|VARIABLE_ASSIGNMENT|[187]|objectFieldSet|{"s":1,"v":["Id","Name"]}|0x483b44ed
07:14:22.2 (21823272)|HEAP_ALLOCATE|[189]|Bytes:4
07:14:22.2 (21837825)|ENTERING_MANAGED_PKG|
07:14:22.2 (21864487)|ENTERING_MANAGED_PKG|
07:14:22.2 (21870909)|HEAP_ALLOCATE|[189]|Bytes:8
07:14:22.2 (21878719)|ENTERING_MANAGED_PKG|
07:14:22.2 (21904757)|HEAP_ALLOCATE|[189]|Bytes:5
07:14:22.2 (21926639)|VARIABLE_SCOPE_BEGIN|[189]|fieldToCheck|String|false|false
07:14:22.2 (21934313)|VARIABLE_ASSIGNMENT|[189]|fieldToCheck|"Id"
07:14:22.2 (21937996)|STATEMENT_EXECUTE|[189]
07:14:22.2 (21939190)|STATEMENT_EXECUTE|[190]
07:14:22.2 (21943593)|HEAP_ALLOCATE|[190]|Bytes:23
07:14:22.2 (21957793)|HEAP_ALLOCATE|[190]|Bytes:25
07:14:22.2 (21971381)|ENTERING_MANAGED_PKG|
07:14:22.2 (21997042)|USER_DEBUG|[190]|DEBUG|######## fieldToCheck: Id
07:14:22.2 (22011337)|ENTERING_MANAGED_PKG|
07:14:22.2 (22329586)|HEAP_ALLOCATE|[192]|Bytes:8
07:14:22.2 (22358863)|STATEMENT_EXECUTE|[192]
07:14:22.2 (22361355)|STATEMENT_EXECUTE|[199]
07:14:22.2 (22364638)|HEAP_ALLOCATE|[199]|Bytes:35
07:14:22.2 (22371729)|HEAP_ALLOCATE|[199]|Bytes:37
07:14:22.2 (22380564)|ENTERING_MANAGED_PKG|
07:14:22.2 (22398733)|USER_DEBUG|[199]|DEBUG|######## User has access to field: Id
07:14:22.2 (22413671)|HEAP_ALLOCATE|[189]|Bytes:5
07:14:22.2 (22425298)|VARIABLE_SCOPE_BEGIN|[189]|fieldToCheck|String|false|false
07:14:22.2 (22432849)|VARIABLE_ASSIGNMENT|[189]|fieldToCheck|"Name"
07:14:22.2 (22435913)|STATEMENT_EXECUTE|[189]
07:14:22.2 (22437042)|STATEMENT_EXECUTE|[190]
07:14:22.2 (22442346)|HEAP_ALLOCATE|[190]|Bytes:27
07:14:22.2 (22448936)|ENTERING_MANAGED_PKG|
07:14:22.2 (22454638)|USER_DEBUG|[190]|DEBUG|######## fieldToCheck: Name
07:14:22.2 (22462287)|ENTERING_MANAGED_PKG|
07:14:22.2 (22634848)|HEAP_ALLOCATE|[192]|Bytes:8
07:14:22.2 (22649903)|STATEMENT_EXECUTE|[192]
07:14:22.2 (22652445)|STATEMENT_EXECUTE|[199]
07:14:22.2 (22658198)|HEAP_ALLOCATE|[199]|Bytes:39
07:14:22.2 (22665156)|ENTERING_MANAGED_PKG|
07:14:22.2 (22671774)|USER_DEBUG|[199]|DEBUG|######## User has access to field: Name
07:14:22.2 (22684781)|HEAP_ALLOCATE|[189]|Bytes:5
07:14:22.2 (22697449)|VARIABLE_ASSIGNMENT|[189]|fieldToCheck|null
07:14:22.2 (22706699)|HEAP_ALLOCATE|[182]|Bytes:5
07:14:22.2 (22714505)|VARIABLE_ASSIGNMENT|[182]|objectName|null
07:14:22.2 (22718360)|STATEMENT_EXECUTE|[206]
07:14:22.2 (22721235)|HEAP_ALLOCATE|[206]|Bytes:5
07:14:22.2 (22734543)|METHOD_EXIT|[95]|01pB0000000ljzx|testautonumdata.Sparkle_Helper.UserHasAccessToObjectsAndFields(Map<String,Set<String>>)
07:14:22.2 (22739076)|STATEMENT_EXECUTE|[96]
07:14:22.2 (22740487)|STATEMENT_EXECUTE|[98]
07:14:22.2 (22764011)|ENTERING_MANAGED_PKG|
07:14:22.2 (22795348)|HEAP_ALLOCATE|[98]|Bytes:4
07:14:22.2 (22980060)|SOQL_EXECUTE_BEGIN|[98]|Aggregations:0|Select id, Name FROM Account limit 8
07:14:22.2 (26852275)|SOQL_EXECUTE_END|[98]|Rows:8
07:14:22.2 (26880333)|HEAP_ALLOCATE|[98]|Bytes:36
07:14:22.2 (26910849)|HEAP_ALLOCATE|[98]|Bytes:478
07:14:22.2 (26963612)|HEAP_ALLOCATE|[98]|Bytes:36
07:14:22.2 (26976694)|VARIABLE_SCOPE_BEGIN|[98]|lstQueriedRecords|List<SObject>|true|false
07:14:22.2 (26999068)|VARIABLE_ASSIGNMENT|[98]|lstQueriedRecords|{"s":1,"v":"List of size 8 too large to display"}|0x2c167c14
07:14:22.2 (27003054)|STATEMENT_EXECUTE|[100]
07:14:22.2 (27008286)|HEAP_ALLOCATE|[100]|Bytes:28
07:14:22.2 (27025587)|ENTERING_MANAGED_PKG|
07:14:22.2 (27148174)|HEAP_ALLOCATE|[100]|Bytes:502
07:14:22.2 (27165695)|HEAP_ALLOCATE|[100]|Bytes:530
07:14:22.2 (27177905)|ENTERING_MANAGED_PKG|
07:14:22.2 (27184911)|USER_DEBUG|[100]|DEBUG|######## lstQueriedRecords: (Account:{Id=001B00000066XxFIAU, Name=GenePoint}, Account:{Id=001B00000066XxDIAU, Name=United Oil & Gas, UK}, Account:{Id=001B00000066XxEIAU, Name=United Oil & Gas, Singapore}, Account:{Id=001B00000066Xx5IAE, Name=Edge Communications}, Account:{Id=001B00000066Xx6IAE, Name=Burlington Textiles Corp of America}, Account:{Id=001B00000066Xx7IAE, Name=Pyramid Construction Inc.}, Account:{Id=001B00000066Xx8IAE, Name=Dickenson plc}, Account:{Id=001B00000066Xx9IAE, Name=Hospital Universitario San Ignacio})
07:14:22.2 (27257180)|ENTERING_MANAGED_PKG|
07:14:22.2 (27435568)|HEAP_ALLOCATE|[104]|Bytes:5
07:14:22.2 (27466945)|HEAP_ALLOCATE|[104]|Bytes:12
07:14:22.2 (27487080)|VARIABLE_SCOPE_BEGIN|[104]|e|SObject|true|false
07:14:22.2 (27506553)|VARIABLE_ASSIGNMENT|[104]|e|{"s":1,"v":{"Id":"001B00000066XxFIAU","Name":"GenePoint"}}|0x6d957074
07:14:22.2 (27510437)|STATEMENT_EXECUTE|[105]
07:14:22.2 (27511903)|STATEMENT_EXECUTE|[106]
07:14:22.2 (27515825)|HEAP_ALLOCATE|[106]|Bytes:12
07:14:22.2 (27530758)|ENTERING_MANAGED_PKG|
07:14:22.2 (27577754)|HEAP_ALLOCATE|[106]|Bytes:47
07:14:22.2 (27593082)|HEAP_ALLOCATE|[106]|Bytes:59
07:14:22.2 (27601588)|ENTERING_MANAGED_PKG|
07:14:22.2 (27608113)|USER_DEBUG|[106]|DEBUG|######## e: Account:{Id=001B00000066XxFIAU, Name=GenePoint}
07:14:22.2 (27613818)|STATEMENT_EXECUTE|[107]
07:14:22.2 (27621447)|HEAP_ALLOCATE|[107]|Bytes:28
07:14:22.2 (27636489)|CONSTRUCTOR_ENTRY|[107]|01pB0000000lc07|<init>()
07:14:22.2 (27656247)|VARIABLE_SCOPE_BEGIN|[1]|this|testautonumdata.ListServerController|true|false
07:14:22.2 (27697518)|VARIABLE_ASSIGNMENT|[1]|this|{}|0x479df3e4
07:14:22.2 (27706684)|HEAP_ALLOCATE|[EXTERNAL]|Bytes:5
07:14:22.2 (27720271)|HEAP_ALLOCATE|[EXTERNAL]|Bytes:6
07:14:22.2 (27757938)|STATEMENT_EXECUTE|[1]
07:14:22.2 (27762812)|HEAP_ALLOCATE|[EXTERNAL]|Bytes:5
07:14:22.2 (27765057)|STATEMENT_EXECUTE|[6]
07:14:22.2 (27766513)|STATEMENT_EXECUTE|[8]
07:14:22.2 (27767523)|STATEMENT_EXECUTE|[10]
07:14:22.2 (27768619)|STATEMENT_EXECUTE|[12]
07:14:22.2 (27769566)|STATEMENT_EXECUTE|[14]
07:14:22.2 (27770493)|STATEMENT_EXECUTE|[16]
07:14:22.2 (27777912)|CONSTRUCTOR_EXIT|[107]|01pB0000000lc07|<init>()
07:14:22.2 (27781754)|VARIABLE_SCOPE_BEGIN|[107]|i|testautonumdata.ListServerController|true|false
07:14:22.2 (27802412)|VARIABLE_ASSIGNMENT|[107]|i|{}|0x479df3e4
07:14:22.2 (27804960)|STATEMENT_EXECUTE|[110]
07:14:22.2 (27808528)|HEAP_ALLOCATE|[110]|Bytes:2
07:14:22.2 (27825810)|ENTERING_MANAGED_PKG|
07:14:22.2 (27873315)|HEAP_ALLOCATE|[110]|Bytes:4
07:14:22.2 (27890481)|ENTERING_MANAGED_PKG|
07:14:22.2 (27894042)|HEAP_ALLOCATE|[110]|Bytes:18
07:14:22.2 (27929035)|VARIABLE_ASSIGNMENT|[EXTERNAL]|this|{}|0x479df3e4
07:14:22.2 (27935518)|VARIABLE_ASSIGNMENT|[EXTERNAL]|value|"001B00000066XxFIAU"
07:14:22.2 (27948484)|VARIABLE_ASSIGNMENT|[6]|this.recordID|"001B00000066XxFIAU"|0x479df3e4
07:14:22.2 (27955161)|STATEMENT_EXECUTE|[112]
07:14:22.2 (27956379)|STATEMENT_EXECUTE|[113]
07:14:22.2 (27969258)|METHOD_ENTRY|[113]|01pB0000000ljzx|testautonumdata.Sparkle_Helper.GetSobjectField(SObject, String)
07:14:22.2 (27984437)|VARIABLE_SCOPE_BEGIN|[78]|e|SObject|true|false
07:14:22.2 (27995814)|VARIABLE_ASSIGNMENT|[78]|e|{"s":1,"v":{"Id":"001B00000066XxFIAU","Name":"GenePoint"}}|0x6d957074
07:14:22.2 (27998326)|VARIABLE_SCOPE_BEGIN|[78]|lcfield|String|false|false
07:14:22.2 (28002411)|VARIABLE_ASSIGNMENT|[78]|lcfield|"Id"
07:14:22.2 (28012651)|HEAP_ALLOCATE|[81]|Bytes:5
07:14:22.2 (28016844)|STATEMENT_EXECUTE|[79]
07:14:22.2 (28017968)|STATEMENT_EXECUTE|[81]
07:14:22.2 (28022983)|VARIABLE_SCOPE_BEGIN|[81]|returnValue|String|false|false
07:14:22.2 (28028169)|VARIABLE_ASSIGNMENT|[81]|returnValue|""
07:14:22.2 (28042137)|ENTERING_MANAGED_PKG|
07:14:22.2 (28068647)|STATEMENT_EXECUTE|[98]
07:14:22.2 (28077747)|ENTERING_MANAGED_PKG|
07:14:22.2 (28111340)|HEAP_ALLOCATE|[98]|Bytes:4
07:14:22.2 (28132591)|ENTERING_MANAGED_PKG|
07:14:22.2 (28136341)|HEAP_ALLOCATE|[98]|Bytes:18
07:14:22.2 (28148352)|VARIABLE_ASSIGNMENT|[98]|returnValue|"001B00000066XxFIAU"
07:14:22.2 (28151452)|STATEMENT_EXECUTE|[100]
07:14:22.2 (28159403)|METHOD_EXIT|[113]|01pB0000000ljzx|testautonumdata.Sparkle_Helper.GetSobjectField(SObject, String)
07:14:22.2 (28191467)|VARIABLE_ASSIGNMENT|[EXTERNAL]|this|{"recordID":"001B00000066XxFIAU"}|0x479df3e4
07:14:22.2 (28196796)|VARIABLE_ASSIGNMENT|[EXTERNAL]|value|"001B00000066XxFIAU"
07:14:22.2 (28204050)|VARIABLE_ASSIGNMENT|[8]|this.eventField|"001B00000066XxFIAU"|0x479df3e4
07:14:22.2 (28211024)|STATEMENT_EXECUTE|[116]
07:14:22.2 (28212222)|STATEMENT_EXECUTE|[117]
07:14:22.2 (28218045)|METHOD_ENTRY|[117]|01pB0000000ljzx|testautonumdata.Sparkle_Helper.GetSobjectField(SObject, String)
07:14:22.2 (28230606)|VARIABLE_SCOPE_BEGIN|[78]|e|SObject|true|false
07:14:22.2 (28241225)|VARIABLE_ASSIGNMENT|[78]|e|{"s":1,"v":{"Id":"001B00000066XxFIAU","Name":"GenePoint"}}|0x6d957074
07:14:22.2 (28243404)|VARIABLE_SCOPE_BEGIN|[78]|lcfield|String|false|false
07:14:22.2 (28246384)|VARIABLE_ASSIGNMENT|[78]|lcfield|"Name"
07:14:22.2 (28253735)|HEAP_ALLOCATE|[81]|Bytes:5
07:14:22.2 (28257344)|STATEMENT_EXECUTE|[79]
07:14:22.2 (28258416)|STATEMENT_EXECUTE|[81]
07:14:22.2 (28262085)|VARIABLE_SCOPE_BEGIN|[81]|returnValue|String|false|false
07:14:22.2 (28266705)|VARIABLE_ASSIGNMENT|[81]|returnValue|""
07:14:22.2 (28278375)|ENTERING_MANAGED_PKG|
07:14:22.2 (28286340)|STATEMENT_EXECUTE|[98]
07:14:22.2 (28293064)|ENTERING_MANAGED_PKG|
07:14:22.2 (28311293)|HEAP_ALLOCATE|[98]|Bytes:9
07:14:22.2 (28324816)|ENTERING_MANAGED_PKG|
07:14:22.2 (28327670)|HEAP_ALLOCATE|[98]|Bytes:9
07:14:22.2 (28338238)|VARIABLE_ASSIGNMENT|[98]|returnValue|"GenePoint"
07:14:22.2 (28340999)|STATEMENT_EXECUTE|[100]
07:14:22.2 (28347794)|METHOD_EXIT|[117]|01pB0000000ljzx|testautonumdata.Sparkle_Helper.GetSobjectField(SObject, String)
07:14:22.2 (28379500)|VARIABLE_ASSIGNMENT|[EXTERNAL]|this|{"eventField":"001B00000066XxFIAU","recordID":"001B00000066XxFIAU"}|0x479df3e4
07:14:22.2 (28384827)|VARIABLE_ASSIGNMENT|[EXTERNAL]|value|"GenePoint"
07:14:22.2 (28391838)|VARIABLE_ASSIGNMENT|[10]|this.column1|"GenePoint"|0x479df3e4
07:14:22.2 (28398701)|STATEMENT_EXECUTE|[119]
07:14:22.2 (28400454)|STATEMENT_EXECUTE|[124]
07:14:22.2 (28401773)|STATEMENT_EXECUTE|[129]
07:14:22.2 (28402814)|STATEMENT_EXECUTE|[135]
07:14:22.2 (28412064)|ENTERING_MANAGED_PKG|
07:14:22.2 (28440833)|HEAP_ALLOCATE|[EXTERNAL]|Bytes:4
07:14:22.2 (28449498)|STATEMENT_EXECUTE|[137]
07:14:22.2 (28453098)|HEAP_ALLOCATE|[137]|Bytes:12
07:14:22.2 (28465542)|ENTERING_MANAGED_PKG|
07:14:22.2 (28526003)|HEAP_ALLOCATE|[137]|Bytes:181
07:14:22.2 (28540977)|HEAP_ALLOCATE|[137]|Bytes:193
07:14:22.2 (28549444)|ENTERING_MANAGED_PKG|
07:14:22.2 (28556030)|USER_DEBUG|[137]|DEBUG|######## i: ListServerController:[column1=GenePoint, column2=null, column3=null, column4=null, eventField=001B00000066XxFIAU, mapObjectsFields={Account={Id, Name}}, recordID=001B00000066XxFIAU]
07:14:22.2 (28570341)|HEAP_ALLOCATE|[104]|Bytes:5
07:14:22.2 (28592719)|HEAP_ALLOCATE|[104]|Bytes:12
07:14:22.2 (28605836)|VARIABLE_SCOPE_BEGIN|[104]|e|SObject|true|false
07:14:22.2 (28619986)|VARIABLE_ASSIGNMENT|[104]|e|{"s":1,"v":{"Id":"001B00000066XxDIAU","Name":"United Oil & Gas, UK"}}|0x67d3e16a
07:14:22.2 (28623604)|STATEMENT_EXECUTE|[105]
07:14:22.2 (28624587)|STATEMENT_EXECUTE|[106]
07:14:22.2 (28636365)|ENTERING_MANAGED_PKG|
07:14:22.2 (28662831)|HEAP_ALLOCATE|[106]|Bytes:58
07:14:22.2 (28675792)|HEAP_ALLOCATE|[106]|Bytes:70
07:14:22.2 (28682161)|ENTERING_MANAGED_PKG|
07:14:22.2 (28688217)|USER_DEBUG|[106]|DEBUG|######## e: Account:{Id=001B00000066XxDIAU, Name=United Oil & Gas, UK}
07:14:22.2 (28693784)|STATEMENT_EXECUTE|[107]
07:14:22.2 (28698206)|HEAP_ALLOCATE|[107]|Bytes:28
07:14:22.2 (28705751)|CONSTRUCTOR_ENTRY|[107]|01pB0000000lc07|<init>()
07:14:22.2 (28709290)|VARIABLE_SCOPE_BEGIN|[1]|this|testautonumdata.ListServerController|true|false
07:14:22.2 (28731622)|VARIABLE_ASSIGNMENT|[1]|this|{}|0x549daceb
07:14:22.2 (28738805)|HEAP_ALLOCATE|[EXTERNAL]|Bytes:5
07:14:22.2 (28753159)|STATEMENT_EXECUTE|[1]
07:14:22.2 (28756663)|HEAP_ALLOCATE|[EXTERNAL]|Bytes:5
07:14:22.2 (28758661)|STATEMENT_EXECUTE|[6]
07:14:22.2 (28759919)|STATEMENT_EXECUTE|[8]
07:14:22.2 (28760781)|STATEMENT_EXECUTE|[10]
07:14:22.2 (28761684)|STATEMENT_EXECUTE|[12]
07:14:22.2 (28762587)|STATEMENT_EXECUTE|[14]
07:14:22.2 (28763467)|STATEMENT_EXECUTE|[16]
07:14:22.2 (28770132)|CONSTRUCTOR_EXIT|[107]|01pB0000000lc07|<init>()
07:14:22.2 (28773551)|VARIABLE_SCOPE_BEGIN|[107]|i|testautonumdata.ListServerController|true|false
07:14:22.2 (28792254)|VARIABLE_ASSIGNMENT|[107]|i|{}|0x549daceb
07:14:22.2 (28794757)|STATEMENT_EXECUTE|[110]
07:14:22.2 (28806872)|ENTERING_MANAGED_PKG|
07:14:22.2 (28827609)|HEAP_ALLOCATE|[110]|Bytes:4
07:14:22.2 (28842005)|ENTERING_MANAGED_PKG|
07:14:22.2 (28844864)|HEAP_ALLOCATE|[110]|Bytes:18
07:14:22.2 (28873567)|VARIABLE_ASSIGNMENT|[EXTERNAL]|this|{}|0x549daceb
07:14:22.2 (28879438)|VARIABLE_ASSIGNMENT|[EXTERNAL]|value|"001B00000066XxDIAU"
07:14:22.2 (28886351)|VARIABLE_ASSIGNMENT|[6]|this.recordID|"001B00000066XxDIAU"|0x549daceb
07:14:22.2 (28892532)|STATEMENT_EXECUTE|[112]
07:14:22.2 (28893732)|STATEMENT_EXECUTE|[113]
07:14:22.2 (28899002)|METHOD_ENTRY|[113]|01pB0000000ljzx|testautonumdata.Sparkle_Helper.GetSobjectField(SObject, String)
07:14:22.2 (28902624)|VARIABLE_SCOPE_BEGIN|[78]|e|SObject|true|false
07:14:22.2 (28913052)|VARIABLE_ASSIGNMENT|[78]|e|{"s":1,"v":{"Id":"001B00000066XxDIAU","Name":"United Oil & Gas, UK"}}|0x67d3e16a
07:14:22.2 (28915286)|VARIABLE_SCOPE_BEGIN|[78]|lcfield|String|false|false
07:14:22.2 (28918411)|VARIABLE_ASSIGNMENT|[78]|lcfield|"Id"
07:14:22.2 (28925625)|HEAP_ALLOCATE|[81]|Bytes:5
07:14:22.2 (28929395)|STATEMENT_EXECUTE|[79]
07:14:22.2 (28930840)|STATEMENT_EXECUTE|[81]
07:14:22.2 (28934372)|VARIABLE_SCOPE_BEGIN|[81]|returnValue|String|false|false
07:14:22.2 (28938670)|VARIABLE_ASSIGNMENT|[81]|returnValue|""
07:14:22.2 (28949748)|ENTERING_MANAGED_PKG|
07:14:22.2 (28957585)|STATEMENT_EXECUTE|[98]
07:14:22.2 (28964200)|ENTERING_MANAGED_PKG|
07:14:22.2 (28981438)|HEAP_ALLOCATE|[98]|Bytes:4
07:14:22.2 (28994779)|ENTERING_MANAGED_PKG|
07:14:22.2 (28997497)|HEAP_ALLOCATE|[98]|Bytes:18
07:14:22.2 (29008553)|VARIABLE_ASSIGNMENT|[98]|returnValue|"001B00000066XxDIAU"
07:14:22.2 (29012336)|STATEMENT_EXECUTE|[100]
07:14:22.2 (29019241)|METHOD_EXIT|[113]|01pB0000000ljzx|testautonumdata.Sparkle_Helper.GetSobjectField(SObject, String)
07:14:22.2 (29045875)|VARIABLE_ASSIGNMENT|[EXTERNAL]|this|{"recordID":"001B00000066XxDIAU"}|0x549daceb
07:14:22.2 (29050801)|VARIABLE_ASSIGNMENT|[EXTERNAL]|value|"001B00000066XxDIAU"
07:14:22.2 (29056991)|VARIABLE_ASSIGNMENT|[8]|this.eventField|"001B00000066XxDIAU"|0x549daceb
07:14:22.2 (29062842)|STATEMENT_EXECUTE|[116]
07:14:22.2 (29064078)|STATEMENT_EXECUTE|[117]
07:14:22.2 (29069141)|METHOD_ENTRY|[117]|01pB0000000ljzx|testautonumdata.Sparkle_Helper.GetSobjectField(SObject, String)
07:14:22.2 (29072211)|VARIABLE_SCOPE_BEGIN|[78]|e|SObject|true|false
07:14:22.2 (29082096)|VARIABLE_ASSIGNMENT|[78]|e|{"s":1,"v":{"Id":"001B00000066XxDIAU","Name":"United Oil & Gas, UK"}}|0x67d3e16a
07:14:22.2 (29084286)|VARIABLE_SCOPE_BEGIN|[78]|lcfield|String|false|false
07:14:22.2 (29086978)|VARIABLE_ASSIGNMENT|[78]|lcfield|"Name"
07:14:22.2 (29093724)|HEAP_ALLOCATE|[81]|Bytes:5
07:14:22.2 (29097082)|STATEMENT_EXECUTE|[79]
07:14:22.2 (29098129)|STATEMENT_EXECUTE|[81]
07:14:22.2 (29101490)|VARIABLE_SCOPE_BEGIN|[81]|returnValue|String|false|false
07:14:22.2 (29105536)|VARIABLE_ASSIGNMENT|[81]|returnValue|""
07:14:22.2 (29116463)|ENTERING_MANAGED_PKG|
07:14:22.2 (29128891)|STATEMENT_EXECUTE|[98]
07:14:22.2 (29135971)|ENTERING_MANAGED_PKG|
07:14:22.2 (29153841)|HEAP_ALLOCATE|[98]|Bytes:20
07:14:22.2 (29167199)|ENTERING_MANAGED_PKG|
07:14:22.2 (29169939)|HEAP_ALLOCATE|[98]|Bytes:20
07:14:22.2 (29180901)|VARIABLE_ASSIGNMENT|[98]|returnValue|"United Oil & Gas, UK"
07:14:22.2 (29183930)|STATEMENT_EXECUTE|[100]
07:14:22.2 (29190961)|METHOD_EXIT|[117]|01pB0000000ljzx|testautonumdata.Sparkle_Helper.GetSobjectField(SObject, String)
07:14:22.2 (29218689)|VARIABLE_ASSIGNMENT|[EXTERNAL]|this|{"eventField":"001B00000066XxDIAU","recordID":"001B00000066XxDIAU"}|0x549daceb
07:14:22.2 (29223997)|VARIABLE_ASSIGNMENT|[EXTERNAL]|value|"United Oil & Gas, UK"
07:14:22.2 (29230264)|VARIABLE_ASSIGNMENT|[10]|this.column1|"United Oil & Gas, UK"|0x549daceb
07:14:22.2 (29236054)|STATEMENT_EXECUTE|[119]
07:14:22.2 (29237658)|STATEMENT_EXECUTE|[124]
07:14:22.2 (29238767)|STATEMENT_EXECUTE|[129]
07:14:22.2 (29239653)|STATEMENT_EXECUTE|[135]
07:14:22.2 (29244425)|ENTERING_MANAGED_PKG|
07:14:22.2 (29250756)|HEAP_ALLOCATE|[EXTERNAL]|Bytes:4
07:14:22.2 (29256295)|STATEMENT_EXECUTE|[137]
07:14:22.2 (29266813)|ENTERING_MANAGED_PKG|
07:14:22.2 (29300189)|HEAP_ALLOCATE|[137]|Bytes:192
07:14:22.2 (29313375)|HEAP_ALLOCATE|[137]|Bytes:204
07:14:22.2 (29320042)|ENTERING_MANAGED_PKG|
07:14:22.2 (29326318)|USER_DEBUG|[137]|DEBUG|######## i: ListServerController:[column1=United Oil & Gas, UK, column2=null, column3=null, column4=null, eventField=001B00000066XxDIAU, mapObjectsFields={Account={Id, Name}}, recordID=001B00000066XxDIAU]
07:14:22.2 (29340176)|HEAP_ALLOCATE|[104]|Bytes:5
07:14:22.2 (29361890)|HEAP_ALLOCATE|[104]|Bytes:12
07:14:22.2 (29374642)|VARIABLE_SCOPE_BEGIN|[104]|e|SObject|true|false
07:14:22.2 (29390384)|VARIABLE_ASSIGNMENT|[104]|e|{"s":1,"v":{"Id":"001B00000066XxEIAU","Name":"United Oil & Gas, Si (7 more) ..."}}|0x425bef1a
07:14:22.2 (29394064)|STATEMENT_EXECUTE|[105]
07:14:22.2 (29395067)|STATEMENT_EXECUTE|[106]
07:14:22.2 (29406471)|ENTERING_MANAGED_PKG|
07:14:22.2 (29432367)|HEAP_ALLOCATE|[106]|Bytes:65
07:14:22.2 (29445023)|HEAP_ALLOCATE|[106]|Bytes:77
07:14:22.2 (29451223)|ENTERING_MANAGED_PKG|
07:14:22.2 (29457370)|USER_DEBUG|[106]|DEBUG|######## e: Account:{Id=001B00000066XxEIAU, Name=United Oil & Gas, Singapore}
07:14:22.2 (29462622)|STATEMENT_EXECUTE|[107]
07:14:22.2 (29466992)|HEAP_ALLOCATE|[107]|Bytes:28
07:14:22.2 (29474309)|CONSTRUCTOR_ENTRY|[107]|01pB0000000lc07|<init>()
07:14:22.2 (29477782)|VARIABLE_SCOPE_BEGIN|[1]|this|testautonumdata.ListServerController|true|false
07:14:22.2 (29499284)|VARIABLE_ASSIGNMENT|[1]|this|{}|0x2f7d6c05
07:14:22.2 (29506812)|HEAP_ALLOCATE|[EXTERNAL]|Bytes:5
07:14:22.2 (29520613)|STATEMENT_EXECUTE|[1]
07:14:22.2 (29523949)|HEAP_ALLOCATE|[EXTERNAL]|Bytes:5
07:14:22.2 (29525901)|STATEMENT_EXECUTE|[6]
07:14:22.2 (29527255)|STATEMENT_EXECUTE|[8]
07:14:22.2 (29528155)|STATEMENT_EXECUTE|[10]
07:14:22.2 (29529132)|STATEMENT_EXECUTE|[12]
07:14:22.2 (29530108)|STATEMENT_EXECUTE|[14]
07:14:22.2 (29531067)|STATEMENT_EXECUTE|[16]
07:14:22.2 (29537603)|CONSTRUCTOR_EXIT|[107]|01pB0000000lc07|<init>()
07:14:22.2 (29541063)|VARIABLE_SCOPE_BEGIN|[107]|i|testautonumdata.ListServerController|true|false
07:14:22.2 (29559764)|VARIABLE_ASSIGNMENT|[107]|i|{}|0x2f7d6c05
07:14:22.2 (29562248)|STATEMENT_EXECUTE|[110]
07:14:22.2 (29574192)|ENTERING_MANAGED_PKG|
07:14:22.2 (29594390)|HEAP_ALLOCATE|[110]|Bytes:4
07:14:22.2 (29608559)|ENTERING_MANAGED_PKG|
07:14:22.2 (29611450)|HEAP_ALLOCATE|[110]|Bytes:18
07:14:22.2 (29639619)|VARIABLE_ASSIGNMENT|[EXTERNAL]|this|{}|0x2f7d6c05
07:14:22.2 (29645302)|VARIABLE_ASSIGNMENT|[EXTERNAL]|value|"001B00000066XxEIAU"
07:14:22.2 (29651866)|VARIABLE_ASSIGNMENT|[6]|this.recordID|"001B00000066XxEIAU"|0x2f7d6c05
07:14:22.2 (29657995)|STATEMENT_EXECUTE|[112]
07:14:22.2 (29659175)|STATEMENT_EXECUTE|[113]
07:14:22.2 (29664118)|METHOD_ENTRY|[113]|01pB0000000ljzx|testautonumdata.Sparkle_Helper.GetSobjectField(SObject, String)
07:14:22.2 (29667258)|VARIABLE_SCOPE_BEGIN|[78]|e|SObject|true|false
07:14:22.2 (29677977)|VARIABLE_ASSIGNMENT|[78]|e|{"s":1,"v":{"Id":"001B00000066XxEIAU","Name":"United Oil & Gas, Si (7 more) ..."}}|0x425bef1a
07:14:22.2 (29680871)|VARIABLE_SCOPE_BEGIN|[78]|lcfield|String|false|false
07:14:22.2 (29683690)|VARIABLE_ASSIGNMENT|[78]|lcfield|"Id"
07:14:22.2 (29690668)|HEAP_ALLOCATE|[81]|Bytes:5
07:14:22.2 (29694149)|STATEMENT_EXECUTE|[79]
07:14:22.2 (29695187)|STATEMENT_EXECUTE|[81]
07:14:22.2 (29698730)|VARIABLE_SCOPE_BEGIN|[81]|returnValue|String|false|false
07:14:22.2 (29702945)|VARIABLE_ASSIGNMENT|[81]|returnValue|""
07:14:22.2 (29713876)|ENTERING_MANAGED_PKG|
07:14:22.2 (29721504)|STATEMENT_EXECUTE|[98]
07:14:22.2 (29728077)|ENTERING_MANAGED_PKG|
07:14:22.2 (29745483)|HEAP_ALLOCATE|[98]|Bytes:4
07:14:22.2 (29758957)|ENTERING_MANAGED_PKG|
07:14:22.2 (29761708)|HEAP_ALLOCATE|[98]|Bytes:18
07:14:22.2 (29773176)|VARIABLE_ASSIGNMENT|[98]|returnValue|"001B00000066XxEIAU"
07:14:22.2 (29775920)|STATEMENT_EXECUTE|[100]
07:14:22.2 (29782495)|METHOD_EXIT|[113]|01pB0000000ljzx|testautonumdata.Sparkle_Helper.GetSobjectField(SObject, String)
07:14:22.2 (29808820)|VARIABLE_ASSIGNMENT|[EXTERNAL]|this|{"recordID":"001B00000066XxEIAU"}|0x2f7d6c05
07:14:22.2 (29813620)|VARIABLE_ASSIGNMENT|[EXTERNAL]|value|"001B00000066XxEIAU"
07:14:22.2 (29819701)|VARIABLE_ASSIGNMENT|[8]|this.eventField|"001B00000066XxEIAU"|0x2f7d6c05
07:14:22.2 (29825512)|STATEMENT_EXECUTE|[116]
07:14:22.2 (29826672)|STATEMENT_EXECUTE|[117]
07:14:22.2 (29831164)|METHOD_ENTRY|[117]|01pB0000000ljzx|testautonumdata.Sparkle_Helper.GetSobjectField(SObject, String)
07:14:22.2 (29834183)|VARIABLE_SCOPE_BEGIN|[78]|e|SObject|true|false
07:14:22.2 (29844773)|VARIABLE_ASSIGNMENT|[78]|e|{"s":1,"v":{"Id":"001B00000066XxEIAU","Name":"United Oil & Gas, Si (7 more) ..."}}|0x425bef1a
07:14:22.2 (29847259)|VARIABLE_SCOPE_BEGIN|[78]|lcfield|String|false|false
07:14:22.2 (29849952)|VARIABLE_ASSIGNMENT|[78]|lcfield|"Name"
07:14:22.2 (29856693)|HEAP_ALLOCATE|[81]|Bytes:5
07:14:22.2 (29859836)|STATEMENT_EXECUTE|[79]
07:14:22.2 (29860841)|STATEMENT_EXECUTE|[81]
07:14:22.2 (29864233)|VARIABLE_SCOPE_BEGIN|[81]|returnValue|String|false|false
07:14:22.2 (29868582)|VARIABLE_ASSIGNMENT|[81]|returnValue|""
07:14:22.2 (29879422)|ENTERING_MANAGED_PKG|
07:14:22.2 (29887005)|STATEMENT_EXECUTE|[98]
07:14:22.2 (29893455)|ENTERING_MANAGED_PKG|
07:14:22.2 (29910592)|HEAP_ALLOCATE|[98]|Bytes:27
07:14:22.2 (29923636)|ENTERING_MANAGED_PKG|
07:14:22.2 (29926306)|HEAP_ALLOCATE|[98]|Bytes:27
07:14:22.2 (29937787)|VARIABLE_ASSIGNMENT|[98]|returnValue|"United Oil & Gas, Si (7 more) ..."
07:14:22.2 (29940700)|STATEMENT_EXECUTE|[100]
07:14:22.2 (29947276)|METHOD_EXIT|[117]|01pB0000000ljzx|testautonumdata.Sparkle_Helper.GetSobjectField(SObject, String)
07:14:22.2 (29974665)|VARIABLE_ASSIGNMENT|[EXTERNAL]|this|{"eventField":"001B00000066XxEIAU","recordID":"001B00000066XxEIAU"}|0x2f7d6c05
07:14:22.2 (29980911)|VARIABLE_ASSIGNMENT|[EXTERNAL]|value|"United Oil & Gas, Si (7 more) ..."
07:14:22.2 (29987960)|VARIABLE_ASSIGNMENT|[10]|this.column1|"United Oil & Gas, Si (7 more) ..."|0x2f7d6c05
07:14:22.2 (29993843)|STATEMENT_EXECUTE|[119]
07:14:22.2 (29995459)|STATEMENT_EXECUTE|[124]
07:14:22.2 (29996563)|STATEMENT_EXECUTE|[129]
07:14:22.2 (29997672)|STATEMENT_EXECUTE|[135]
07:14:22.2 (30002458)|ENTERING_MANAGED_PKG|
07:14:22.2 (30009741)|HEAP_ALLOCATE|[EXTERNAL]|Bytes:4
07:14:22.2 (30015238)|STATEMENT_EXECUTE|[137]
07:14:22.2 (30026258)|ENTERING_MANAGED_PKG|
07:14:22.2 (30059464)|HEAP_ALLOCATE|[137]|Bytes:199
07:14:22.2 (30072549)|HEAP_ALLOCATE|[137]|Bytes:211
07:14:22.2 (30079088)|ENTERING_MANAGED_PKG|
07:14:22.2 (30085292)|USER_DEBUG|[137]|DEBUG|######## i: ListServerController:[column1=United Oil & Gas, Singapore, column2=null, column3=null, column4=null, eventField=001B00000066XxEIAU, mapObjectsFields={Account={Id, Name}}, recordID=001B00000066XxEIAU]
07:14:22.2 (30099269)|HEAP_ALLOCATE|[104]|Bytes:5
07:14:22.2 (30125901)|HEAP_ALLOCATE|[104]|Bytes:12
07:14:22.2 (30139683)|VARIABLE_SCOPE_BEGIN|[104]|e|SObject|true|false
07:14:22.2 (30153169)|VARIABLE_ASSIGNMENT|[104]|e|{"s":1,"v":{"Id":"001B00000066Xx5IAE","Name":"Edge Communications"}}|0x585e8cc4
07:14:22.2 (30156686)|STATEMENT_EXECUTE|[105]
07:14:22.2 (30157674)|STATEMENT_EXECUTE|[106]
07:14:22.2 (30169936)|ENTERING_MANAGED_PKG|
07:14:22.2 (30195584)|HEAP_ALLOCATE|[106]|Bytes:57
07:14:22.2 (30208213)|HEAP_ALLOCATE|[106]|Bytes:69
07:14:22.2 (30214605)|ENTERING_MANAGED_PKG|
07:14:22.2 (30220758)|USER_DEBUG|[106]|DEBUG|######## e: Account:{Id=001B00000066Xx5IAE, Name=Edge Communications}
07:14:22.2 (30226271)|STATEMENT_EXECUTE|[107]
07:14:22.2 (30230494)|HEAP_ALLOCATE|[107]|Bytes:28
07:14:22.2 (30237910)|CONSTRUCTOR_ENTRY|[107]|01pB0000000lc07|<init>()
07:14:22.2 (30241636)|VARIABLE_SCOPE_BEGIN|[1]|this|testautonumdata.ListServerController|true|false
07:14:22.2 (30263554)|VARIABLE_ASSIGNMENT|[1]|this|{}|0x7d7b8dd
07:14:22.2 (30270688)|HEAP_ALLOCATE|[EXTERNAL]|Bytes:5
07:14:22.2 (30284399)|STATEMENT_EXECUTE|[1]
07:14:22.2 (30287846)|HEAP_ALLOCATE|[EXTERNAL]|Bytes:5
07:14:22.2 (30289803)|STATEMENT_EXECUTE|[6]
07:14:22.2 (30291097)|STATEMENT_EXECUTE|[8]
07:14:22.2 (30292011)|STATEMENT_EXECUTE|[10]
07:14:22.2 (30292925)|STATEMENT_EXECUTE|[12]
07:14:22.2 (30293800)|STATEMENT_EXECUTE|[14]
07:14:22.2 (30294677)|STATEMENT_EXECUTE|[16]
07:14:22.2 (30301201)|CONSTRUCTOR_EXIT|[107]|01pB0000000lc07|<init>()
07:14:22.2 (30304546)|VARIABLE_SCOPE_BEGIN|[107]|i|testautonumdata.ListServerController|true|false
07:14:22.2 (30323567)|VARIABLE_ASSIGNMENT|[107]|i|{}|0x7d7b8dd
07:14:22.2 (30326037)|STATEMENT_EXECUTE|[110]
07:14:22.2 (30337918)|ENTERING_MANAGED_PKG|
07:14:22.2 (30357954)|HEAP_ALLOCATE|[110]|Bytes:4
07:14:22.2 (30372156)|ENTERING_MANAGED_PKG|
07:14:22.2 (30374952)|HEAP_ALLOCATE|[110]|Bytes:18
07:14:22.2 (30403112)|VARIABLE_ASSIGNMENT|[EXTERNAL]|this|{}|0x7d7b8dd
07:14:22.2 (30408872)|VARIABLE_ASSIGNMENT|[EXTERNAL]|value|"001B00000066Xx5IAE"
07:14:22.2 (30415519)|VARIABLE_ASSIGNMENT|[6]|this.recordID|"001B00000066Xx5IAE"|0x7d7b8dd
07:14:22.2 (30421355)|STATEMENT_EXECUTE|[112]
07:14:22.2 (30422435)|STATEMENT_EXECUTE|[113]
07:14:22.2 (30427408)|METHOD_ENTRY|[113]|01pB0000000ljzx|testautonumdata.Sparkle_Helper.GetSobjectField(SObject, String)
07:14:22.2 (30430556)|VARIABLE_SCOPE_BEGIN|[78]|e|SObject|true|false
07:14:22.2 (30440581)|VARIABLE_ASSIGNMENT|[78]|e|{"s":1,"v":{"Id":"001B00000066Xx5IAE","Name":"Edge Communications"}}|0x585e8cc4
07:14:22.2 (30442835)|VARIABLE_SCOPE_BEGIN|[78]|lcfield|String|false|false
07:14:22.2 (30445624)|VARIABLE_ASSIGNMENT|[78]|lcfield|"Id"
07:14:22.2 (30452803)|HEAP_ALLOCATE|[81]|Bytes:5
07:14:22.2 (30456156)|STATEMENT_EXECUTE|[79]
07:14:22.2 (30457223)|STATEMENT_EXECUTE|[81]
07:14:22.2 (30460625)|VARIABLE_SCOPE_BEGIN|[81]|returnValue|String|false|false
07:14:22.2 (30464688)|VARIABLE_ASSIGNMENT|[81]|returnValue|""
07:14:22.2 (30475578)|ENTERING_MANAGED_PKG|
07:14:22.2 (30483234)|STATEMENT_EXECUTE|[98]
07:14:22.2 (30489702)|ENTERING_MANAGED_PKG|
07:14:22.2 (30506641)|HEAP_ALLOCATE|[98]|Bytes:4
07:14:22.2 (30520034)|ENTERING_MANAGED_PKG|
07:14:22.2 (30522782)|HEAP_ALLOCATE|[98]|Bytes:18
07:14:22.2 (30533799)|VARIABLE_ASSIGNMENT|[98]|returnValue|"001B00000066Xx5IAE"
07:14:22.2 (30536540)|STATEMENT_EXECUTE|[100]
07:14:22.2 (30543036)|METHOD_EXIT|[113]|01pB0000000ljzx|testautonumdata.Sparkle_Helper.GetSobjectField(SObject, String)
07:14:22.2 (30568894)|VARIABLE_ASSIGNMENT|[EXTERNAL]|this|{"recordID":"001B00000066Xx5IAE"}|0x7d7b8dd
07:14:22.2 (30573602)|VARIABLE_ASSIGNMENT|[EXTERNAL]|value|"001B00000066Xx5IAE"
07:14:22.2 (30579740)|VARIABLE_ASSIGNMENT|[8]|this.eventField|"001B00000066Xx5IAE"|0x7d7b8dd
07:14:22.2 (30585613)|STATEMENT_EXECUTE|[116]
07:14:22.2 (30586825)|STATEMENT_EXECUTE|[117]
07:14:22.2 (30592027)|METHOD_ENTRY|[117]|01pB0000000ljzx|testautonumdata.Sparkle_Helper.GetSobjectField(SObject, String)
07:14:22.2 (30594962)|VARIABLE_SCOPE_BEGIN|[78]|e|SObject|true|false
07:14:22.2 (30604319)|VARIABLE_ASSIGNMENT|[78]|e|{"s":1,"v":{"Id":"001B00000066Xx5IAE","Name":"Edge Communications"}}|0x585e8cc4
07:14:22.2 (30606575)|VARIABLE_SCOPE_BEGIN|[78]|lcfield|String|false|false
07:14:22.2 (30609239)|VARIABLE_ASSIGNMENT|[78]|lcfield|"Name"
07:14:22.2 (30615964)|HEAP_ALLOCATE|[81]|Bytes:5
07:14:22.2 (30619238)|STATEMENT_EXECUTE|[79]
07:14:22.2 (30620281)|STATEMENT_EXECUTE|[81]
07:14:22.2 (30623584)|VARIABLE_SCOPE_BEGIN|[81]|returnValue|String|false|false
07:14:22.2 (30627563)|VARIABLE_ASSIGNMENT|[81]|returnValue|""
07:14:22.2 (30638364)|ENTERING_MANAGED_PKG|
07:14:22.2 (30645930)|STATEMENT_EXECUTE|[98]
07:14:22.2 (30652309)|ENTERING_MANAGED_PKG|
07:14:22.2 (30669365)|HEAP_ALLOCATE|[98]|Bytes:19
07:14:22.2 (30682599)|ENTERING_MANAGED_PKG|
07:14:22.2 (30685186)|HEAP_ALLOCATE|[98]|Bytes:19
07:14:22.2 (30696002)|VARIABLE_ASSIGNMENT|[98]|returnValue|"Edge Communications"
07:14:22.2 (30698788)|STATEMENT_EXECUTE|[100]
07:14:22.2 (30705646)|METHOD_EXIT|[117]|01pB0000000ljzx|testautonumdata.Sparkle_Helper.GetSobjectField(SObject, String)
07:14:22.2 (30732450)|VARIABLE_ASSIGNMENT|[EXTERNAL]|this|{"eventField":"001B00000066Xx5IAE","recordID":"001B00000066Xx5IAE"}|0x7d7b8dd
07:14:22.2 (30737506)|VARIABLE_ASSIGNMENT|[EXTERNAL]|value|"Edge Communications"
07:14:22.2 (30743542)|VARIABLE_ASSIGNMENT|[10]|this.column1|"Edge Communications"|0x7d7b8dd
07:14:22.2 (30749445)|STATEMENT_EXECUTE|[119]
07:14:22.2 (30751033)|STATEMENT_EXECUTE|[124]
07:14:22.2 (30752150)|STATEMENT_EXECUTE|[129]
07:14:22.2 (30753026)|STATEMENT_EXECUTE|[135]
07:14:22.2 (30757772)|ENTERING_MANAGED_PKG|
07:14:22.2 (30764029)|HEAP_ALLOCATE|[EXTERNAL]|Bytes:4
07:14:22.2 (30769338)|STATEMENT_EXECUTE|[137]
07:14:22.2 (30780089)|ENTERING_MANAGED_PKG|
07:14:22.2 (30812660)|HEAP_ALLOCATE|[137]|Bytes:191
07:14:22.2 (30825431)|HEAP_ALLOCATE|[137]|Bytes:203
07:14:22.2 (30832029)|ENTERING_MANAGED_PKG|
07:14:22.2 (30838152)|USER_DEBUG|[137]|DEBUG|######## i: ListServerController:[column1=Edge Communications, column2=null, column3=null, column4=null, eventField=001B00000066Xx5IAE, mapObjectsFields={Account={Id, Name}}, recordID=001B00000066Xx5IAE]
07:14:22.2 (30852151)|HEAP_ALLOCATE|[104]|Bytes:5
07:14:22.2 (30873629)|HEAP_ALLOCATE|[104]|Bytes:12
07:14:22.2 (30885983)|VARIABLE_SCOPE_BEGIN|[104]|e|SObject|true|false
07:14:22.2 (30900086)|VARIABLE_ASSIGNMENT|[104]|e|{"s":1,"v":{"Id":"001B00000066Xx6IAE","Name":"Burlington Textiles  (15 more) ..."}}|0x1e0e416b
07:14:22.2 (30903791)|STATEMENT_EXECUTE|[105]
07:14:22.2 (30904828)|STATEMENT_EXECUTE|[106]
07:14:22.2 (30916337)|ENTERING_MANAGED_PKG|
07:14:22.2 (30941806)|HEAP_ALLOCATE|[106]|Bytes:73
07:14:22.2 (30954455)|HEAP_ALLOCATE|[106]|Bytes:85
07:14:22.2 (30960673)|ENTERING_MANAGED_PKG|
07:14:22.2 (30966671)|USER_DEBUG|[106]|DEBUG|######## e: Account:{Id=001B00000066Xx6IAE, Name=Burlington Textiles Corp of America}
07:14:22.2 (30971847)|STATEMENT_EXECUTE|[107]
07:14:22.2 (30975944)|HEAP_ALLOCATE|[107]|Bytes:28
07:14:22.2 (30982970)|CONSTRUCTOR_ENTRY|[107]|01pB0000000lc07|<init>()
07:14:22.2 (30986368)|VARIABLE_SCOPE_BEGIN|[1]|this|testautonumdata.ListServerController|true|false
07:14:22.2 (31007792)|VARIABLE_ASSIGNMENT|[1]|this|{}|0x79d37bd1
07:14:22.2 (31016075)|HEAP_ALLOCATE|[EXTERNAL]|Bytes:5
07:14:22.2 (31029955)|STATEMENT_EXECUTE|[1]
07:14:22.2 (31033372)|HEAP_ALLOCATE|[EXTERNAL]|Bytes:5
07:14:22.2 (31035350)|STATEMENT_EXECUTE|[6]
07:14:22.2 (31036594)|STATEMENT_EXECUTE|[8]
07:14:22.2 (31037461)|STATEMENT_EXECUTE|[10]
07:14:22.2 (31038410)|STATEMENT_EXECUTE|[12]
07:14:22.2 (31039392)|STATEMENT_EXECUTE|[14]
07:14:22.2 (31040301)|STATEMENT_EXECUTE|[16]
07:14:22.2 (31046758)|CONSTRUCTOR_EXIT|[107]|01pB0000000lc07|<init>()
07:14:22.2 (31050253)|VARIABLE_SCOPE_BEGIN|[107]|i|testautonumdata.ListServerController|true|false
07:14:22.2 (31068833)|VARIABLE_ASSIGNMENT|[107]|i|{}|0x79d37bd1
07:14:22.2 (31071280)|STATEMENT_EXECUTE|[110]
07:14:22.2 (31085540)|ENTERING_MANAGED_PKG|
07:14:22.2 (31108224)|HEAP_ALLOCATE|[110]|Bytes:4
07:14:22.2 (31128099)|ENTERING_MANAGED_PKG|
07:14:22.2 (31131323)|HEAP_ALLOCATE|[110]|Bytes:18
07:14:22.2 (31160934)|VARIABLE_ASSIGNMENT|[EXTERNAL]|this|{}|0x79d37bd1
07:14:22.2 (31166643)|VARIABLE_ASSIGNMENT|[EXTERNAL]|value|"001B00000066Xx6IAE"
07:14:22.2 (31173675)|VARIABLE_ASSIGNMENT|[6]|this.recordID|"001B00000066Xx6IAE"|0x79d37bd1
07:14:22.2 (31179525)|STATEMENT_EXECUTE|[112]
07:14:22.2 (31180703)|STATEMENT_EXECUTE|[113]
07:14:22.2 (31185798)|METHOD_ENTRY|[113]|01pB0000000ljzx|testautonumdata.Sparkle_Helper.GetSobjectField(SObject, String)
07:14:22.2 (31188855)|VARIABLE_SCOPE_BEGIN|[78]|e|SObject|true|false
07:14:22.2 (31199480)|VARIABLE_ASSIGNMENT|[78]|e|{"s":1,"v":{"Id":"001B00000066Xx6IAE","Name":"Burlington Textiles  (15 more) ..."}}|0x1e0e416b
07:14:22.2 (31202268)|VARIABLE_SCOPE_BEGIN|[78]|lcfield|String|false|false
07:14:22.2 (31204948)|VARIABLE_ASSIGNMENT|[78]|lcfield|"Id"
07:14:22.2 (31211848)|HEAP_ALLOCATE|[81]|Bytes:5
07:14:22.2 (31215217)|STATEMENT_EXECUTE|[79]
07:14:22.2 (31216288)|STATEMENT_EXECUTE|[81]
07:14:22.2 (31219910)|VARIABLE_SCOPE_BEGIN|[81]|returnValue|String|false|false
07:14:22.2 (31224363)|VARIABLE_ASSIGNMENT|[81]|returnValue|""
07:14:22.2 (31235440)|ENTERING_MANAGED_PKG|
07:14:22.2 (31243315)|STATEMENT_EXECUTE|[98]
07:14:22.2 (31249724)|ENTERING_MANAGED_PKG|
07:14:22.2 (31266769)|HEAP_ALLOCATE|[98]|Bytes:4
07:14:22.2 (31280108)|ENTERING_MANAGED_PKG|
07:14:22.2 (31283354)|HEAP_ALLOCATE|[98]|Bytes:18
07:14:22.2 (31294479)|VARIABLE_ASSIGNMENT|[98]|returnValue|"001B00000066Xx6IAE"
07:14:22.2 (31297125)|STATEMENT_EXECUTE|[100]
07:14:22.2 (31303690)|METHOD_EXIT|[113]|01pB0000000ljzx|testautonumdata.Sparkle_Helper.GetSobjectField(SObject, String)
07:14:22.2 (31329911)|VARIABLE_ASSIGNMENT|[EXTERNAL]|this|{"recordID":"001B00000066Xx6IAE"}|0x79d37bd1
07:14:22.2 (31334827)|VARIABLE_ASSIGNMENT|[EXTERNAL]|value|"001B00000066Xx6IAE"
07:14:22.2 (31340670)|VARIABLE_ASSIGNMENT|[8]|this.eventField|"001B00000066Xx6IAE"|0x79d37bd1
07:14:22.2 (31346529)|STATEMENT_EXECUTE|[116]
07:14:22.2 (31347703)|STATEMENT_EXECUTE|[117]
07:14:22.2 (31352202)|METHOD_ENTRY|[117]|01pB0000000ljzx|testautonumdata.Sparkle_Helper.GetSobjectField(SObject, String)
07:14:22.2 (31355532)|VARIABLE_SCOPE_BEGIN|[78]|e|SObject|true|false
07:14:22.2 (31365785)|VARIABLE_ASSIGNMENT|[78]|e|{"s":1,"v":{"Id":"001B00000066Xx6IAE","Name":"Burlington Textiles  (15 more) ..."}}|0x1e0e416b
07:14:22.2 (31368105)|VARIABLE_SCOPE_BEGIN|[78]|lcfield|String|false|false
07:14:22.2 (31370799)|VARIABLE_ASSIGNMENT|[78]|lcfield|"Name"
07:14:22.2 (31377423)|HEAP_ALLOCATE|[81]|Bytes:5
07:14:22.2 (31380609)|STATEMENT_EXECUTE|[79]
07:14:22.2 (31381646)|STATEMENT_EXECUTE|[81]
07:14:22.2 (31389128)|VARIABLE_SCOPE_BEGIN|[81]|returnValue|String|false|false
07:14:22.2 (31393549)|VARIABLE_ASSIGNMENT|[81]|returnValue|""
07:14:22.2 (31404706)|ENTERING_MANAGED_PKG|
07:14:22.2 (31412351)|STATEMENT_EXECUTE|[98]
07:14:22.2 (31418796)|ENTERING_MANAGED_PKG|
07:14:22.2 (31436261)|HEAP_ALLOCATE|[98]|Bytes:35
07:14:22.2 (31449319)|ENTERING_MANAGED_PKG|
07:14:22.2 (31451989)|HEAP_ALLOCATE|[98]|Bytes:35
07:14:22.2 (31463675)|VARIABLE_ASSIGNMENT|[98]|returnValue|"Burlington Textiles  (15 more) ..."
07:14:22.2 (31466593)|STATEMENT_EXECUTE|[100]
07:14:22.2 (31473079)|METHOD_EXIT|[117]|01pB0000000ljzx|testautonumdata.Sparkle_Helper.GetSobjectField(SObject, String)
07:14:22.2 (31500034)|VARIABLE_ASSIGNMENT|[EXTERNAL]|this|{"eventField":"001B00000066Xx6IAE","recordID":"001B00000066Xx6IAE"}|0x79d37bd1
07:14:22.2 (31505987)|VARIABLE_ASSIGNMENT|[EXTERNAL]|value|"Burlington Textiles  (15 more) ..."
07:14:22.2 (31512562)|VARIABLE_ASSIGNMENT|[10]|this.column1|"Burlington Textiles  (15 more) ..."|0x79d37bd1
07:14:22.2 (31518514)|STATEMENT_EXECUTE|[119]
07:14:22.2 (31520105)|STATEMENT_EXECUTE|[124]
07:14:22.2 (31521492)|STATEMENT_EXECUTE|[129]
07:14:22.2 (31522514)|STATEMENT_EXECUTE|[135]
07:14:22.2 (31527348)|ENTERING_MANAGED_PKG|
07:14:22.2 (31533648)|HEAP_ALLOCATE|[EXTERNAL]|Bytes:4
07:14:22.2 (31538836)|STATEMENT_EXECUTE|[137]
07:14:22.2 (31549215)|ENTERING_MANAGED_PKG|
07:14:22.2 (31581796)|HEAP_ALLOCATE|[137]|Bytes:207
07:14:22.2 (31594710)|HEAP_ALLOCATE|[137]|Bytes:219
07:14:22.2 (31601099)|ENTERING_MANAGED_PKG|
07:14:22.2 (31607319)|USER_DEBUG|[137]|DEBUG|######## i: ListServerController:[column1=Burlington Textiles Corp of America, column2=null, column3=null, column4=null, eventField=001B00000066Xx6IAE, mapObjectsFields={Account={Id, Name}}, recordID=001B00000066Xx6IAE]
07:14:22.2 (31620511)|HEAP_ALLOCATE|[104]|Bytes:5
07:14:22.2 (31641653)|HEAP_ALLOCATE|[104]|Bytes:12
07:14:22.2 (31657766)|VARIABLE_SCOPE_BEGIN|[104]|e|SObject|true|false
07:14:22.2 (31672045)|VARIABLE_ASSIGNMENT|[104]|e|{"s":1,"v":{"Id":"001B00000066Xx7IAE","Name":"Pyramid Construction (5 more) ..."}}|0x66ae2b71
07:14:22.2 (31676031)|STATEMENT_EXECUTE|[105]
07:14:22.2 (31677418)|STATEMENT_EXECUTE|[106]
07:14:22.2 (31689177)|ENTERING_MANAGED_PKG|
07:14:22.2 (31715073)|HEAP_ALLOCATE|[106]|Bytes:63
07:14:22.2 (31727597)|HEAP_ALLOCATE|[106]|Bytes:75
07:14:22.2 (31733670)|ENTERING_MANAGED_PKG|
07:14:22.2 (31739836)|USER_DEBUG|[106]|DEBUG|######## e: Account:{Id=001B00000066Xx7IAE, Name=Pyramid Construction Inc.}
07:14:22.2 (31744934)|STATEMENT_EXECUTE|[107]
07:14:22.2 (31749036)|HEAP_ALLOCATE|[107]|Bytes:28
07:14:22.2 (31756086)|CONSTRUCTOR_ENTRY|[107]|01pB0000000lc07|<init>()
07:14:22.2 (31759524)|VARIABLE_SCOPE_BEGIN|[1]|this|testautonumdata.ListServerController|true|false
07:14:22.2 (31781202)|VARIABLE_ASSIGNMENT|[1]|this|{}|0x40907af4
07:14:22.2 (31788517)|HEAP_ALLOCATE|[EXTERNAL]|Bytes:5
07:14:22.2 (31805475)|STATEMENT_EXECUTE|[1]
07:14:22.2 (31809235)|HEAP_ALLOCATE|[EXTERNAL]|Bytes:5
07:14:22.2 (31811318)|STATEMENT_EXECUTE|[6]
07:14:22.2 (31812601)|STATEMENT_EXECUTE|[8]
07:14:22.2 (31813493)|STATEMENT_EXECUTE|[10]
07:14:22.2 (31814379)|STATEMENT_EXECUTE|[12]
07:14:22.2 (31815242)|STATEMENT_EXECUTE|[14]
07:14:22.2 (31816420)|STATEMENT_EXECUTE|[16]
07:14:22.2 (31823081)|CONSTRUCTOR_EXIT|[107]|01pB0000000lc07|<init>()
07:14:22.2 (31826780)|VARIABLE_SCOPE_BEGIN|[107]|i|testautonumdata.ListServerController|true|false
07:14:22.2 (31845535)|VARIABLE_ASSIGNMENT|[107]|i|{}|0x40907af4
07:14:22.2 (31847946)|STATEMENT_EXECUTE|[110]
07:14:22.2 (31859722)|ENTERING_MANAGED_PKG|
07:14:22.2 (31879627)|HEAP_ALLOCATE|[110]|Bytes:4
07:14:22.2 (31893729)|ENTERING_MANAGED_PKG|
07:14:22.2 (31896657)|HEAP_ALLOCATE|[110]|Bytes:18
07:14:22.2 (31924642)|VARIABLE_ASSIGNMENT|[EXTERNAL]|this|{}|0x40907af4
07:14:22.2 (31930568)|VARIABLE_ASSIGNMENT|[EXTERNAL]|value|"001B00000066Xx7IAE"
07:14:22.2 (31936973)|VARIABLE_ASSIGNMENT|[6]|this.recordID|"001B00000066Xx7IAE"|0x40907af4
07:14:22.2 (31942784)|STATEMENT_EXECUTE|[112]
07:14:22.2 (31943920)|STATEMENT_EXECUTE|[113]
07:14:22.2 (31948881)|METHOD_ENTRY|[113]|01pB0000000ljzx|testautonumdata.Sparkle_Helper.GetSobjectField(SObject, String)
07:14:22.2 (31951998)|VARIABLE_SCOPE_BEGIN|[78]|e|SObject|true|false
07:14:22.2 (31962495)|VARIABLE_ASSIGNMENT|[78]|e|{"s":1,"v":{"Id":"001B00000066Xx7IAE","Name":"Pyramid Construction (5 more) ..."}}|0x66ae2b71
07:14:22.2 (31964689)|VARIABLE_SCOPE_BEGIN|[78]|lcfield|String|false|false
07:14:22.2 (31967967)|VARIABLE_ASSIGNMENT|[78]|lcfield|"Id"
07:14:22.2 (31974831)|HEAP_ALLOCATE|[81]|Bytes:5
07:14:22.2 (31978132)|STATEMENT_EXECUTE|[79]
07:14:22.2 (31979179)|STATEMENT_EXECUTE|[81]
07:14:22.2 (31982728)|VARIABLE_SCOPE_BEGIN|[81]|returnValue|String|false|false
07:14:22.2 (31986889)|VARIABLE_ASSIGNMENT|[81]|returnValue|""
07:14:22.2 (31997827)|ENTERING_MANAGED_PKG|
07:14:22.2 (32005456)|STATEMENT_EXECUTE|[98]
07:14:22.2 (32013107)|ENTERING_MANAGED_PKG|
07:14:22.2 (32030061)|HEAP_ALLOCATE|[98]|Bytes:4
07:14:22.2 (32043281)|ENTERING_MANAGED_PKG|
07:14:22.2 (32046024)|HEAP_ALLOCATE|[98]|Bytes:18
07:14:22.2 (32056813)|VARIABLE_ASSIGNMENT|[98]|returnValue|"001B00000066Xx7IAE"
07:14:22.2 (32059494)|STATEMENT_EXECUTE|[100]
07:14:22.2 (32066018)|METHOD_EXIT|[113]|01pB0000000ljzx|testautonumdata.Sparkle_Helper.GetSobjectField(SObject, String)
07:14:22.2 (32092803)|VARIABLE_ASSIGNMENT|[EXTERNAL]|this|{"recordID":"001B00000066Xx7IAE"}|0x40907af4
07:14:22.2 (32097822)|VARIABLE_ASSIGNMENT|[EXTERNAL]|value|"001B00000066Xx7IAE"
07:14:22.2 (32103737)|VARIABLE_ASSIGNMENT|[8]|this.eventField|"001B00000066Xx7IAE"|0x40907af4
07:14:22.2 (32109789)|STATEMENT_EXECUTE|[116]
07:14:22.2 (32110975)|STATEMENT_EXECUTE|[117]
07:14:22.2 (32115474)|METHOD_ENTRY|[117]|01pB0000000ljzx|testautonumdata.Sparkle_Helper.GetSobjectField(SObject, String)
07:14:22.2 (32118377)|VARIABLE_SCOPE_BEGIN|[78]|e|SObject|true|false
07:14:22.2 (32133497)|VARIABLE_ASSIGNMENT|[78]|e|{"s":1,"v":{"Id":"001B00000066Xx7IAE","Name":"Pyramid Construction (5 more) ..."}}|0x66ae2b71
07:14:22.2 (32136087)|VARIABLE_SCOPE_BEGIN|[78]|lcfield|String|false|false
07:14:22.2 (32138922)|VARIABLE_ASSIGNMENT|[78]|lcfield|"Name"
07:14:22.2 (32145807)|HEAP_ALLOCATE|[81]|Bytes:5
07:14:22.2 (32149130)|STATEMENT_EXECUTE|[79]
07:14:22.2 (32150208)|STATEMENT_EXECUTE|[81]
07:14:22.2 (32153674)|VARIABLE_SCOPE_BEGIN|[81]|returnValue|String|false|false
07:14:22.2 (32157647)|VARIABLE_ASSIGNMENT|[81]|returnValue|""
07:14:22.2 (32168654)|ENTERING_MANAGED_PKG|
07:14:22.2 (32176300)|STATEMENT_EXECUTE|[98]
07:14:22.2 (32182775)|ENTERING_MANAGED_PKG|
07:14:22.2 (32199868)|HEAP_ALLOCATE|[98]|Bytes:25
07:14:22.2 (32212978)|ENTERING_MANAGED_PKG|
07:14:22.2 (32215663)|HEAP_ALLOCATE|[98]|Bytes:25
07:14:22.2 (32227459)|VARIABLE_ASSIGNMENT|[98]|returnValue|"Pyramid Construction (5 more) ..."
07:14:22.2 (32230368)|STATEMENT_EXECUTE|[100]
07:14:22.2 (32236868)|METHOD_EXIT|[117]|01pB0000000ljzx|testautonumdata.Sparkle_Helper.GetSobjectField(SObject, String)
07:14:22.2 (32263756)|VARIABLE_ASSIGNMENT|[EXTERNAL]|this|{"eventField":"001B00000066Xx7IAE","recordID":"001B00000066Xx7IAE"}|0x40907af4
07:14:22.2 (32269496)|VARIABLE_ASSIGNMENT|[EXTERNAL]|value|"Pyramid Construction (5 more) ..."
07:14:22.2 (32275946)|VARIABLE_ASSIGNMENT|[10]|this.column1|"Pyramid Construction (5 more) ..."|0x40907af4
07:14:22.2 (32281824)|STATEMENT_EXECUTE|[119]
07:14:22.2 (32283396)|STATEMENT_EXECUTE|[124]
07:14:22.2 (32284496)|STATEMENT_EXECUTE|[129]
07:14:22.2 (32285450)|STATEMENT_EXECUTE|[135]
07:14:22.2 (32290241)|ENTERING_MANAGED_PKG|
07:14:22.2 (32296476)|HEAP_ALLOCATE|[EXTERNAL]|Bytes:4
07:14:22.2 (32301783)|STATEMENT_EXECUTE|[137]
07:14:22.2 (32312128)|ENTERING_MANAGED_PKG|
07:14:22.2 (32344397)|HEAP_ALLOCATE|[137]|Bytes:197
07:14:22.2 (32358680)|HEAP_ALLOCATE|[137]|Bytes:209
07:14:22.2 (32368515)|ENTERING_MANAGED_PKG|
07:14:22.2 (32376850)|USER_DEBUG|[137]|DEBUG|######## i: ListServerController:[column1=Pyramid Construction Inc., column2=null, column3=null, column4=null, eventField=001B00000066Xx7IAE, mapObjectsFields={Account={Id, Name}}, recordID=001B00000066Xx7IAE]
07:14:22.2 (32394691)|HEAP_ALLOCATE|[104]|Bytes:5
07:14:22.2 (32416954)|HEAP_ALLOCATE|[104]|Bytes:12
07:14:22.2 (32429460)|VARIABLE_SCOPE_BEGIN|[104]|e|SObject|true|false
07:14:22.2 (32442744)|VARIABLE_ASSIGNMENT|[104]|e|{"s":1,"v":{"Id":"001B00000066Xx8IAE","Name":"Dickenson plc"}}|0x7b903b81
07:14:22.2 (32446239)|STATEMENT_EXECUTE|[105]
07:14:22.2 (32447163)|STATEMENT_EXECUTE|[106]
07:14:22.2 (32458901)|ENTERING_MANAGED_PKG|
07:14:22.2 (32484642)|HEAP_ALLOCATE|[106]|Bytes:51
07:14:22.2 (32497040)|HEAP_ALLOCATE|[106]|Bytes:63
07:14:22.2 (32503161)|ENTERING_MANAGED_PKG|
07:14:22.2 (32509188)|USER_DEBUG|[106]|DEBUG|######## e: Account:{Id=001B00000066Xx8IAE, Name=Dickenson plc}
07:14:22.2 (32514234)|STATEMENT_EXECUTE|[107]
07:14:22.2 (32518399)|HEAP_ALLOCATE|[107]|Bytes:28
07:14:22.2 (32525858)|CONSTRUCTOR_ENTRY|[107]|01pB0000000lc07|<init>()
07:14:22.2 (32529202)|VARIABLE_SCOPE_BEGIN|[1]|this|testautonumdata.ListServerController|true|false
07:14:22.2 (32550595)|VARIABLE_ASSIGNMENT|[1]|this|{}|0x4493ba7
07:14:22.2 (32557672)|HEAP_ALLOCATE|[EXTERNAL]|Bytes:5
07:14:22.2 (32571289)|STATEMENT_EXECUTE|[1]
07:14:22.2 (32574580)|HEAP_ALLOCATE|[EXTERNAL]|Bytes:5
07:14:22.2 (32576536)|STATEMENT_EXECUTE|[6]
07:14:22.2 (32577829)|STATEMENT_EXECUTE|[8]
07:14:22.2 (32578703)|STATEMENT_EXECUTE|[10]
07:14:22.2 (32579601)|STATEMENT_EXECUTE|[12]
07:14:22.2 (32580458)|STATEMENT_EXECUTE|[14]
07:14:22.2 (32581323)|STATEMENT_EXECUTE|[16]
07:14:22.2 (32588075)|CONSTRUCTOR_EXIT|[107]|01pB0000000lc07|<init>()
07:14:22.2 (32591400)|VARIABLE_SCOPE_BEGIN|[107]|i|testautonumdata.ListServerController|true|false
07:14:22.2 (32609484)|VARIABLE_ASSIGNMENT|[107]|i|{}|0x4493ba7
07:14:22.2 (32611970)|STATEMENT_EXECUTE|[110]
07:14:22.2 (32623962)|ENTERING_MANAGED_PKG|
07:14:22.2 (32643757)|HEAP_ALLOCATE|[110]|Bytes:4
07:14:22.2 (32657787)|ENTERING_MANAGED_PKG|
07:14:22.2 (32660569)|HEAP_ALLOCATE|[110]|Bytes:18
07:14:22.2 (32688569)|VARIABLE_ASSIGNMENT|[EXTERNAL]|this|{}|0x4493ba7
07:14:22.2 (32695003)|VARIABLE_ASSIGNMENT|[EXTERNAL]|value|"001B00000066Xx8IAE"
07:14:22.2 (32701627)|VARIABLE_ASSIGNMENT|[6]|this.recordID|"001B00000066Xx8IAE"|0x4493ba7
07:14:22.2 (32707394)|STATEMENT_EXECUTE|[112]
07:14:22.2 (32708532)|STATEMENT_EXECUTE|[113]
07:14:22.2 (32713503)|METHOD_ENTRY|[113]|01pB0000000ljzx|testautonumdata.Sparkle_Helper.GetSobjectField(SObject, String)
07:14:22.2 (32716744)|VARIABLE_SCOPE_BEGIN|[78]|e|SObject|true|false
07:14:22.2 (32726613)|VARIABLE_ASSIGNMENT|[78]|e|{"s":1,"v":{"Id":"001B00000066Xx8IAE","Name":"Dickenson plc"}}|0x7b903b81
07:14:22.2 (32728740)|VARIABLE_SCOPE_BEGIN|[78]|lcfield|String|false|false
07:14:22.2 (32731862)|VARIABLE_ASSIGNMENT|[78]|lcfield|"Id"
07:14:22.2 (32738824)|HEAP_ALLOCATE|[81]|Bytes:5
07:14:22.2 (32742033)|STATEMENT_EXECUTE|[79]
07:14:22.2 (32743044)|STATEMENT_EXECUTE|[81]
07:14:22.2 (32746486)|VARIABLE_SCOPE_BEGIN|[81]|returnValue|String|false|false
07:14:22.2 (32750375)|VARIABLE_ASSIGNMENT|[81]|returnValue|""
07:14:22.2 (32761262)|ENTERING_MANAGED_PKG|
07:14:22.2 (32768896)|STATEMENT_EXECUTE|[98]
07:14:22.2 (32775294)|ENTERING_MANAGED_PKG|
07:14:22.2 (32792441)|HEAP_ALLOCATE|[98]|Bytes:4
07:14:22.2 (32805720)|ENTERING_MANAGED_PKG|
07:14:22.2 (32808411)|HEAP_ALLOCATE|[98]|Bytes:18
07:14:22.2 (32819338)|VARIABLE_ASSIGNMENT|[98]|returnValue|"001B00000066Xx8IAE"
07:14:22.2 (32821898)|STATEMENT_EXECUTE|[100]
07:14:22.2 (32828493)|METHOD_EXIT|[113]|01pB0000000ljzx|testautonumdata.Sparkle_Helper.GetSobjectField(SObject, String)
07:14:22.2 (32854646)|VARIABLE_ASSIGNMENT|[EXTERNAL]|this|{"recordID":"001B00000066Xx8IAE"}|0x4493ba7
07:14:22.2 (32859523)|VARIABLE_ASSIGNMENT|[EXTERNAL]|value|"001B00000066Xx8IAE"
07:14:22.2 (32865578)|VARIABLE_ASSIGNMENT|[8]|this.eventField|"001B00000066Xx8IAE"|0x4493ba7
07:14:22.2 (32871364)|STATEMENT_EXECUTE|[116]
07:14:22.2 (32872496)|STATEMENT_EXECUTE|[117]
07:14:22.2 (32876938)|METHOD_ENTRY|[117]|01pB0000000ljzx|testautonumdata.Sparkle_Helper.GetSobjectField(SObject, String)
07:14:22.2 (32879964)|VARIABLE_SCOPE_BEGIN|[78]|e|SObject|true|false
07:14:22.2 (32889158)|VARIABLE_ASSIGNMENT|[78]|e|{"s":1,"v":{"Id":"001B00000066Xx8IAE","Name":"Dickenson plc"}}|0x7b903b81
07:14:22.2 (32891375)|VARIABLE_SCOPE_BEGIN|[78]|lcfield|String|false|false
07:14:22.2 (32893998)|VARIABLE_ASSIGNMENT|[78]|lcfield|"Name"
07:14:22.2 (32900679)|HEAP_ALLOCATE|[81]|Bytes:5
07:14:22.2 (32904193)|STATEMENT_EXECUTE|[79]
07:14:22.2 (32905366)|STATEMENT_EXECUTE|[81]
07:14:22.2 (32908725)|VARIABLE_SCOPE_BEGIN|[81]|returnValue|String|false|false
07:14:22.2 (32912879)|VARIABLE_ASSIGNMENT|[81]|returnValue|""
07:14:22.2 (32923610)|ENTERING_MANAGED_PKG|
07:14:22.2 (32931568)|STATEMENT_EXECUTE|[98]
07:14:22.2 (32937916)|ENTERING_MANAGED_PKG|
07:14:22.2 (32954889)|HEAP_ALLOCATE|[98]|Bytes:13
07:14:22.2 (32968057)|ENTERING_MANAGED_PKG|
07:14:22.2 (32970721)|HEAP_ALLOCATE|[98]|Bytes:13
07:14:22.2 (32981356)|VARIABLE_ASSIGNMENT|[98]|returnValue|"Dickenson plc"
07:14:22.2 (32984093)|STATEMENT_EXECUTE|[100]
07:14:22.2 (32990592)|METHOD_EXIT|[117]|01pB0000000ljzx|testautonumdata.Sparkle_Helper.GetSobjectField(SObject, String)
07:14:22.2 (33017593)|VARIABLE_ASSIGNMENT|[EXTERNAL]|this|{"eventField":"001B00000066Xx8IAE","recordID":"001B00000066Xx8IAE"}|0x4493ba7
07:14:22.2 (33023502)|VARIABLE_ASSIGNMENT|[EXTERNAL]|value|"Dickenson plc"
07:14:22.2 (33029435)|VARIABLE_ASSIGNMENT|[10]|this.column1|"Dickenson plc"|0x4493ba7
07:14:22.2 (33035382)|STATEMENT_EXECUTE|[119]
07:14:22.2 (33036996)|STATEMENT_EXECUTE|[124]
07:14:22.2 (33038341)|STATEMENT_EXECUTE|[129]
07:14:22.2 (33039221)|STATEMENT_EXECUTE|[135]
07:14:22.2 (33043967)|ENTERING_MANAGED_PKG|
07:14:22.2 (33050249)|HEAP_ALLOCATE|[EXTERNAL]|Bytes:4
07:14:22.2 (33055475)|STATEMENT_EXECUTE|[137]
07:14:22.2 (33065774)|ENTERING_MANAGED_PKG|
07:14:22.2 (33098247)|HEAP_ALLOCATE|[137]|Bytes:185
07:14:22.2 (33111033)|HEAP_ALLOCATE|[137]|Bytes:197
07:14:22.2 (33117306)|ENTERING_MANAGED_PKG|
07:14:22.2 (33127895)|USER_DEBUG|[137]|DEBUG|######## i: ListServerController:[column1=Dickenson plc, column2=null, column3=null, column4=null, eventField=001B00000066Xx8IAE, mapObjectsFields={Account={Id, Name}}, recordID=001B00000066Xx8IAE]
07:14:22.2 (33142134)|HEAP_ALLOCATE|[104]|Bytes:5
07:14:22.2 (33163508)|HEAP_ALLOCATE|[104]|Bytes:12
07:14:22.2 (33175744)|VARIABLE_SCOPE_BEGIN|[104]|e|SObject|true|false
07:14:22.2 (33190044)|VARIABLE_ASSIGNMENT|[104]|e|{"s":1,"v":{"Id":"001B00000066Xx9IAE","Name":"Hospital Universitar (14 more) ..."}}|0x5704a09b
07:14:22.2 (33193509)|STATEMENT_EXECUTE|[105]
07:14:22.2 (33194741)|STATEMENT_EXECUTE|[106]
07:14:22.2 (33206524)|ENTERING_MANAGED_PKG|
07:14:22.2 (33232204)|HEAP_ALLOCATE|[106]|Bytes:72
07:14:22.2 (33244591)|HEAP_ALLOCATE|[106]|Bytes:84
07:14:22.2 (33250628)|ENTERING_MANAGED_PKG|
07:14:22.2 (33256607)|USER_DEBUG|[106]|DEBUG|######## e: Account:{Id=001B00000066Xx9IAE, Name=Hospital Universitario San Ignacio}
07:14:22.2 (33261684)|STATEMENT_EXECUTE|[107]
07:14:22.2 (33265831)|HEAP_ALLOCATE|[107]|Bytes:28
07:14:22.2 (33273016)|CONSTRUCTOR_ENTRY|[107]|01pB0000000lc07|<init>()
07:14:22.2 (33276418)|VARIABLE_SCOPE_BEGIN|[1]|this|testautonumdata.ListServerController|true|false
07:14:22.2 (33297561)|VARIABLE_ASSIGNMENT|[1]|this|{}|0x3e627aa3
07:14:22.2 (33304841)|HEAP_ALLOCATE|[EXTERNAL]|Bytes:5
07:14:22.2 (33318420)|STATEMENT_EXECUTE|[1]
07:14:22.2 (33321865)|HEAP_ALLOCATE|[EXTERNAL]|Bytes:5
07:14:22.2 (33323819)|STATEMENT_EXECUTE|[6]
07:14:22.2 (33325147)|STATEMENT_EXECUTE|[8]
07:14:22.2 (33326059)|STATEMENT_EXECUTE|[10]
07:14:22.2 (33326936)|STATEMENT_EXECUTE|[12]
07:14:22.2 (33327800)|STATEMENT_EXECUTE|[14]
07:14:22.2 (33328653)|STATEMENT_EXECUTE|[16]
07:14:22.2 (33335243)|CONSTRUCTOR_EXIT|[107]|01pB0000000lc07|<init>()
07:14:22.2 (33338576)|VARIABLE_SCOPE_BEGIN|[107]|i|testautonumdata.ListServerController|true|false
07:14:22.2 (33356925)|VARIABLE_ASSIGNMENT|[107]|i|{}|0x3e627aa3
07:14:22.2 (33359323)|STATEMENT_EXECUTE|[110]
07:14:22.2 (33371171)|ENTERING_MANAGED_PKG|
07:14:22.2 (33390823)|HEAP_ALLOCATE|[110]|Bytes:4
07:14:22.2 (33404739)|ENTERING_MANAGED_PKG|
07:14:22.2 (33407590)|HEAP_ALLOCATE|[110]|Bytes:18
07:14:22.2 (33435564)|VARIABLE_ASSIGNMENT|[EXTERNAL]|this|{}|0x3e627aa3
07:14:22.2 (33441272)|VARIABLE_ASSIGNMENT|[EXTERNAL]|value|"001B00000066Xx9IAE"
07:14:22.2 (33447694)|VARIABLE_ASSIGNMENT|[6]|this.recordID|"001B00000066Xx9IAE"|0x3e627aa3
07:14:22.2 (33453417)|STATEMENT_EXECUTE|[112]
07:14:22.2 (33454574)|STATEMENT_EXECUTE|[113]
07:14:22.2 (33459676)|METHOD_ENTRY|[113]|01pB0000000ljzx|testautonumdata.Sparkle_Helper.GetSobjectField(SObject, String)
07:14:22.2 (33462795)|VARIABLE_SCOPE_BEGIN|[78]|e|SObject|true|false
07:14:22.2 (33473249)|VARIABLE_ASSIGNMENT|[78]|e|{"s":1,"v":{"Id":"001B00000066Xx9IAE","Name":"Hospital Universitar (14 more) ..."}}|0x5704a09b
07:14:22.2 (33475702)|VARIABLE_SCOPE_BEGIN|[78]|lcfield|String|false|false
07:14:22.2 (33478711)|VARIABLE_ASSIGNMENT|[78]|lcfield|"Id"
07:14:22.2 (33485598)|HEAP_ALLOCATE|[81]|Bytes:5
07:14:22.2 (33488934)|STATEMENT_EXECUTE|[79]
07:14:22.2 (33489969)|STATEMENT_EXECUTE|[81]
07:14:22.2 (33493411)|VARIABLE_SCOPE_BEGIN|[81]|returnValue|String|false|false
07:14:22.2 (33497265)|VARIABLE_ASSIGNMENT|[81]|returnValue|""
07:14:22.2 (33508108)|ENTERING_MANAGED_PKG|
07:14:22.2 (33515808)|STATEMENT_EXECUTE|[98]
07:14:22.2 (33522250)|ENTERING_MANAGED_PKG|
07:14:22.2 (33538971)|HEAP_ALLOCATE|[98]|Bytes:4
07:14:22.2 (33552113)|ENTERING_MANAGED_PKG|
07:14:22.2 (33554867)|HEAP_ALLOCATE|[98]|Bytes:18
07:14:22.2 (33565717)|VARIABLE_ASSIGNMENT|[98]|returnValue|"001B00000066Xx9IAE"
07:14:22.2 (33568452)|STATEMENT_EXECUTE|[100]
07:14:22.2 (33574898)|METHOD_EXIT|[113]|01pB0000000ljzx|testautonumdata.Sparkle_Helper.GetSobjectField(SObject, String)
07:14:22.2 (33600837)|VARIABLE_ASSIGNMENT|[EXTERNAL]|this|{"recordID":"001B00000066Xx9IAE"}|0x3e627aa3
07:14:22.2 (33605671)|VARIABLE_ASSIGNMENT|[EXTERNAL]|value|"001B00000066Xx9IAE"
07:14:22.2 (33611522)|VARIABLE_ASSIGNMENT|[8]|this.eventField|"001B00000066Xx9IAE"|0x3e627aa3
07:14:22.2 (33617600)|STATEMENT_EXECUTE|[116]
07:14:22.2 (33618811)|STATEMENT_EXECUTE|[117]
07:14:22.2 (33623148)|METHOD_ENTRY|[117]|01pB0000000ljzx|testautonumdata.Sparkle_Helper.GetSobjectField(SObject, String)
07:14:22.2 (33626201)|VARIABLE_SCOPE_BEGIN|[78]|e|SObject|true|false
07:14:22.2 (33636267)|VARIABLE_ASSIGNMENT|[78]|e|{"s":1,"v":{"Id":"001B00000066Xx9IAE","Name":"Hospital Universitar (14 more) ..."}}|0x5704a09b
07:14:22.2 (33638439)|VARIABLE_SCOPE_BEGIN|[78]|lcfield|String|false|false
07:14:22.2 (33641120)|VARIABLE_ASSIGNMENT|[78]|lcfield|"Name"
07:14:22.2 (33647870)|HEAP_ALLOCATE|[81]|Bytes:5
07:14:22.2 (33651051)|STATEMENT_EXECUTE|[79]
07:14:22.2 (33652039)|STATEMENT_EXECUTE|[81]
07:14:22.2 (33655402)|VARIABLE_SCOPE_BEGIN|[81]|returnValue|String|false|false
07:14:22.2 (33659433)|VARIABLE_ASSIGNMENT|[81]|returnValue|""
07:14:22.2 (33670280)|ENTERING_MANAGED_PKG|
07:14:22.2 (33677900)|STATEMENT_EXECUTE|[98]
07:14:22.2 (33684242)|ENTERING_MANAGED_PKG|
07:14:22.2 (33701117)|HEAP_ALLOCATE|[98]|Bytes:34
07:14:22.2 (33714041)|ENTERING_MANAGED_PKG|
07:14:22.2 (33716713)|HEAP_ALLOCATE|[98]|Bytes:34
07:14:22.2 (33728683)|VARIABLE_ASSIGNMENT|[98]|returnValue|"Hospital Universitar (14 more) ..."
07:14:22.2 (33731476)|STATEMENT_EXECUTE|[100]
07:14:22.2 (33737976)|METHOD_EXIT|[117]|01pB0000000ljzx|testautonumdata.Sparkle_Helper.GetSobjectField(SObject, String)
07:14:22.2 (33765103)|VARIABLE_ASSIGNMENT|[EXTERNAL]|this|{"eventField":"001B00000066Xx9IAE","recordID":"001B00000066Xx9IAE"}|0x3e627aa3
07:14:22.2 (33771229)|VARIABLE_ASSIGNMENT|[EXTERNAL]|value|"Hospital Universitar (14 more) ..."
07:14:22.2 (33777847)|VARIABLE_ASSIGNMENT|[10]|this.column1|"Hospital Universitar (14 more) ..."|0x3e627aa3
07:14:22.2 (33783750)|STATEMENT_EXECUTE|[119]
07:14:22.2 (33785340)|STATEMENT_EXECUTE|[124]
07:14:22.2 (33786461)|STATEMENT_EXECUTE|[129]
07:14:22.2 (33787343)|STATEMENT_EXECUTE|[135]
07:14:22.2 (33792119)|ENTERING_MANAGED_PKG|
07:14:22.2 (33798277)|HEAP_ALLOCATE|[EXTERNAL]|Bytes:4
07:14:22.2 (33803433)|STATEMENT_EXECUTE|[137]
07:14:22.2 (33813777)|ENTERING_MANAGED_PKG|
07:14:22.2 (33845767)|HEAP_ALLOCATE|[137]|Bytes:206
07:14:22.2 (33858507)|HEAP_ALLOCATE|[137]|Bytes:218
07:14:22.2 (33865041)|ENTERING_MANAGED_PKG|
07:14:22.2 (33871179)|USER_DEBUG|[137]|DEBUG|######## i: ListServerController:[column1=Hospital Universitario San Ignacio, column2=null, column3=null, column4=null, eventField=001B00000066Xx9IAE, mapObjectsFields={Account={Id, Name}}, recordID=001B00000066Xx9IAE]
07:14:22.2 (33884447)|HEAP_ALLOCATE|[104]|Bytes:5
07:14:22.2 (33896539)|VARIABLE_ASSIGNMENT|[104]|e|null|
07:14:22.2 (33900591)|STATEMENT_EXECUTE|[142]
07:14:22.2 (33903632)|HEAP_ALLOCATE|[142]|Bytes:27
07:14:22.2 (33915865)|ENTERING_MANAGED_PKG|
07:14:22.2 (34069672)|HEAP_ALLOCATE|[142]|Bytes:1546
07:14:22.2 (34086998)|HEAP_ALLOCATE|[142]|Bytes:1573
07:14:22.2 (34095278)|ENTERING_MANAGED_PKG|
07:14:22.2 (34101631)|USER_DEBUG|[142]|DEBUG|######## lstReturnRecords: (ListServerController:[column1=GenePoint, column2=null, column3=null, column4=null, eventField=001B00000066XxFIAU, mapObjectsFields={Account={Id, Name}}, recordID=001B00000066XxFIAU], ListServerController:[column1=United Oil & Gas, UK, column2=null, column3=null, column4=null, eventField=001B00000066XxDIAU, mapObjectsFields=(already output), recordID=001B00000066XxDIAU], ListServerController:[column1=United Oil & Gas, Singapore, column2=null, column3=null, column4=null, eventField=001B00000066XxEIAU, mapObjectsFields=(already output), recordID=001B00000066XxEIAU], ListServerController:[column1=Edge Communications, column2=null, column3=null, column4=null, eventField=001B00000066Xx5IAE, mapObjectsFields=(already output), recordID=001B00000066Xx5IAE], ListServerController:[column1=Burlington Textiles Corp of America, column2=null, column3=null, column4=null, eventField=001B00000066Xx6IAE, mapObjectsFields=(already output), recordID=001B00000066Xx6IAE], ListServerController:[column1=Pyramid Construction Inc., column2=null, column3=null, column4=null, eventField=001B00000066Xx7IAE, mapObjectsFields=(already output), recordID=001B00000066Xx7IAE], ListServerController:[column1=Dickenson plc, column2=null, column3=null, column4=null, eventField=001B00000066Xx8IAE, mapObjectsFields=(already output), recordID=001B00000066Xx8IAE], ListServerController:[column1=Hospital Universitario San Ignacio, column2=null, column3=null, column4=null, eventField=001B00000066Xx9IAE, mapObjectsFields=(already output), recordID=001B00000066Xx9IAE])
07:14:22.2 (34116594)|STATEMENT_EXECUTE|[144]
07:14:22.2 (34135878)|SYSTEM_MODE_EXIT|false
07:14:22.34 (34184120)|CUMULATIVE_LIMIT_USAGE
07:14:22.34 (34184120)|LIMIT_USAGE_FOR_NS|(default)|
  Number of SOQL queries: 0 out of 100
  Number of query rows: 0 out of 50000
  Number of SOSL queries: 0 out of 20
  Number of DML statements: 0 out of 150
  Number of DML rows: 0 out of 10000
  Maximum CPU time: 0 out of 10000
  Maximum heap size: 0 out of 6000000
  Number of callouts: 0 out of 100
  Number of Email Invocations: 0 out of 10
  Number of future calls: 0 out of 50
  Number of queueable jobs added to the queue: 0 out of 50
  Number of Mobile Apex push calls: 0 out of 10

07:14:22.34 (34184120)|LIMIT_USAGE_FOR_NS|testautonumdata|
  Number of SOQL queries: 1 out of 100
  Number of query rows: 8 out of 50000
  Number of SOSL queries: 0 out of 20
  Number of DML statements: 0 out of 150
  Number of DML rows: 0 out of 10000
  Maximum CPU time: 0 out of 10000
  Maximum heap size: 0 out of 6000000
  Number of callouts: 0 out of 100
  Number of Email Invocations: 0 out of 10
  Number of future calls: 0 out of 50
  Number of queueable jobs added to the queue: 0 out of 50
  Number of Mobile Apex push calls: 0 out of 10

07:14:22.34 (34184120)|CUMULATIVE_LIMIT_USAGE_END

07:14:22.36 (36111630)|CODE_UNIT_STARTED|[EXTERNAL]|Aura
07:14:22.37 (37188947)|CODE_UNIT_STARTED|[EXTERNAL]|Aura
07:14:22.38 (38188672)|CODE_UNIT_STARTED|[EXTERNAL]|Aura
07:14:22.39 (39194652)|CODE_UNIT_STARTED|[EXTERNAL]|Aura
07:14:22.40 (40211973)|CODE_UNIT_STARTED|[EXTERNAL]|Aura
07:14:22.41 (41178497)|CODE_UNIT_STARTED|[EXTERNAL]|Aura
07:14:22.42 (42196617)|CODE_UNIT_STARTED|[EXTERNAL]|Aura
07:14:22.43 (43270929)|CODE_UNIT_STARTED|[EXTERNAL]|Aura
07:14:22.44 (44601019)|CODE_UNIT_STARTED|[EXTERNAL]|01pB0000000lc07|ListServerController.getCurrentUser
07:14:22.44 (44650940)|SYSTEM_MODE_ENTER|false
07:14:22.44 (44668920)|HEAP_ALLOCATE|[151]|Bytes:5
07:14:22.44 (44675526)|STATEMENT_EXECUTE|[150]
07:14:22.44 (44676896)|STATEMENT_EXECUTE|[151]
07:14:22.44 (44680650)|HEAP_ALLOCATE|[151]|Bytes:68
07:14:22.44 (44694283)|HEAP_ALLOCATE|[151]|Bytes:4
07:14:22.44 (44709074)|HEAP_ALLOCATE|[151]|Bytes:7
07:14:22.44 (44841563)|HEAP_ALLOCATE|[151]|Bytes:85
07:14:22.44 (44861736)|SYSTEM_METHOD_ENTRY|[1]|UserInfo.UserInfo()
07:14:22.44 (44864702)|STATEMENT_EXECUTE|[1]
07:14:22.44 (44876413)|SYSTEM_METHOD_EXIT|[1]|UserInfo
07:14:22.44 (44890126)|METHOD_ENTRY|[151]||System.UserInfo.getUserId()
07:14:22.44 (44937486)|METHOD_EXIT|[151]||System.UserInfo.getUserId()
07:14:22.44 (46136553)|SOQL_EXECUTE_BEGIN|[151]|Aggregations:0|SELECT Id, FirstName, LastName FROM User WHERE Id = :tmpVar1 LIMIT 1
07:14:22.44 (51982954)|SOQL_EXECUTE_END|[151]|Rows:1
07:14:22.44 (52020365)|HEAP_ALLOCATE|[151]|Bytes:8
07:14:22.44 (52043919)|HEAP_ALLOCATE|[151]|Bytes:69
07:14:22.44 (52147674)|HEAP_ALLOCATE|[151]|Bytes:8
07:14:22.44 (52159365)|HEAP_ALLOCATE|[151]|Bytes:30
07:14:22.44 (52256167)|HEAP_ALLOCATE|[151]|Bytes:16
07:14:22.44 (52266131)|VARIABLE_SCOPE_BEGIN|[151]|user|User|true|false
07:14:22.44 (52315985)|VARIABLE_ASSIGNMENT|[151]|user|{"s":1,"v":{"Id":"005B0000001VpZRIA0","FirstName":"Rodrigo","LastName":"Reboucas"}}|0x209cc0bd
07:14:22.44 (52321397)|STATEMENT_EXECUTE|[152]
07:14:22.44 (52338394)|SYSTEM_MODE_EXIT|false
07:14:22.52 (52381437)|CUMULATIVE_LIMIT_USAGE
07:14:22.52 (52381437)|LIMIT_USAGE_FOR_NS|(default)|
  Number of SOQL queries: 0 out of 100
  Number of query rows: 0 out of 50000
  Number of SOSL queries: 0 out of 20
  Number of DML statements: 0 out of 150
  Number of DML rows: 0 out of 10000
  Maximum CPU time: 0 out of 10000
  Maximum heap size: 0 out of 6000000
  Number of callouts: 0 out of 100
  Number of Email Invocations: 0 out of 10
  Number of future calls: 0 out of 50
  Number of queueable jobs added to the queue: 0 out of 50
  Number of Mobile Apex push calls: 0 out of 10

07:14:22.52 (52381437)|LIMIT_USAGE_FOR_NS|testautonumdata|
  Number of SOQL queries: 2 out of 100
  Number of query rows: 9 out of 50000
  Number of SOSL queries: 0 out of 20
  Number of DML statements: 0 out of 150
  Number of DML rows: 0 out of 10000
  Maximum CPU time: 0 out of 10000
  Maximum heap size: 0 out of 6000000
  Number of callouts: 0 out of 100
  Number of Email Invocations: 0 out of 10
  Number of future calls: 0 out of 50
  Number of queueable jobs added to the queue: 0 out of 50
  Number of Mobile Apex push calls: 0 out of 10

07:14:22.52 (52381437)|CUMULATIVE_LIMIT_USAGE_END

