37.0 APEX_CODE,FINEST;APEX_PROFILING,INFO;CALLOUT,INFO;DB,INFO;SYSTEM,DEBUG;VALIDATION,INFO;VISUALFORCE,INFO;WORKFLOW,INFO
12:26:13.0 (133033)|USER_INFO|[EXTERNAL]|005B0000001VpZR|rreboucas-yi5c@force.com|Pacific Standard Time|GMT-07:00
12:26:13.0 (770855)|HEAP_ALLOCATE|[72]|Bytes:3
12:26:13.0 (838016)|HEAP_ALLOCATE|[77]|Bytes:152
12:26:13.0 (859336)|HEAP_ALLOCATE|[342]|Bytes:408
12:26:13.0 (878780)|HEAP_ALLOCATE|[355]|Bytes:408
12:26:13.0 (896632)|HEAP_ALLOCATE|[467]|Bytes:48
12:26:13.2 (2814992)|USER_INFO|[EXTERNAL]|005B0000001VpZR|rreboucas-yi5c@force.com|Pacific Standard Time|GMT-07:00
12:26:13.2 (3081033)|STATEMENT_EXECUTE|[1]
12:26:13.2 (3124839)|HEAP_ALLOCATE|[50]|Bytes:5
12:26:13.2 (3153654)|HEAP_ALLOCATE|[56]|Bytes:5
12:26:13.2 (3162010)|HEAP_ALLOCATE|[64]|Bytes:7
12:26:13.2 (3191653)|SYSTEM_MODE_ENTER|false
12:26:13.2 (3214354)|HEAP_ALLOCATE|[EXTERNAL]|Bytes:5
12:26:13.2 (3236791)|SYSTEM_MODE_EXIT|false
12:26:13.2 (3253311)|METHOD_EXIT|[1]|ReferralsServerController
12:26:13.2 (3281746)|HEAP_ALLOCATE|[EXTERNAL]|Bytes:28
12:26:13.2 (3284981)|HEAP_ALLOCATE|[EXTERNAL]|Bytes:18
12:26:13.2 (3286305)|HEAP_ALLOCATE|[EXTERNAL]|Bytes:28
12:26:13.2 (3287566)|HEAP_ALLOCATE|[EXTERNAL]|Bytes:29
12:26:13.2 (3288896)|HEAP_ALLOCATE|[EXTERNAL]|Bytes:7
12:26:13.2 (3290257)|HEAP_ALLOCATE|[EXTERNAL]|Bytes:5
12:26:13.2 (3291486)|HEAP_ALLOCATE|[EXTERNAL]|Bytes:11
12:26:13.2 (3297692)|SYSTEM_MODE_ENTER|false
12:26:13.2 (3305924)|VARIABLE_SCOPE_BEGIN|[20]|rowsLimit|Integer|false|false
12:26:13.2 (3338904)|VARIABLE_ASSIGNMENT|[20]|rowsLimit|8
12:26:13.2 (3342771)|VARIABLE_SCOPE_BEGIN|[20]|recordId|String|false|false
12:26:13.2 (3351405)|VARIABLE_ASSIGNMENT|[20]|recordId|"a0MB0000000cQXZMA2"
12:26:13.2 (3353769)|VARIABLE_SCOPE_BEGIN|[20]|objectApiName|String|false|false
12:26:13.2 (3358999)|VARIABLE_ASSIGNMENT|[20]|objectApiName|"testautonumdata__Ref (8 more) ..."
12:26:13.2 (3361597)|VARIABLE_SCOPE_BEGIN|[20]|ParentObjectFieldName|String|false|false
12:26:13.2 (3365358)|VARIABLE_ASSIGNMENT|[20]|ParentObjectFieldName|"testautonumdata__Can (9 more) ..."
12:26:13.2 (3368158)|VARIABLE_SCOPE_BEGIN|[20]|filter1Field|String|false|false
12:26:13.2 (3371558)|VARIABLE_ASSIGNMENT|[20]|filter1Field|null
12:26:13.2 (3374142)|VARIABLE_SCOPE_BEGIN|[20]|filter1Value|String|false|false
12:26:13.2 (3376344)|VARIABLE_ASSIGNMENT|[20]|filter1Value|null
12:26:13.2 (3378181)|VARIABLE_SCOPE_BEGIN|[20]|column1|String|false|false
12:26:13.2 (3381011)|VARIABLE_ASSIGNMENT|[20]|column1|"OwnerId"
12:26:13.2 (3383697)|VARIABLE_SCOPE_BEGIN|[20]|RelFieldWithName|String|false|false
12:26:13.2 (3386656)|VARIABLE_ASSIGNMENT|[20]|RelFieldWithName|"Owner"
12:26:13.2 (3388979)|VARIABLE_SCOPE_BEGIN|[20]|column2|String|false|false
12:26:13.2 (3391615)|VARIABLE_ASSIGNMENT|[20]|column2|"createddate"
12:26:13.2 (3407534)|HEAP_ALLOCATE|[22]|Bytes:5
12:26:13.2 (3411920)|STATEMENT_EXECUTE|[20]
12:26:13.2 (3413540)|STATEMENT_EXECUTE|[22]
12:26:13.2 (3417577)|HEAP_ALLOCATE|[22]|Bytes:20
12:26:13.2 (3448999)|ENTERING_MANAGED_PKG|
12:26:13.2 (3498626)|HEAP_ALLOCATE|[22]|Bytes:1
12:26:13.2 (3522960)|HEAP_ALLOCATE|[22]|Bytes:21
12:26:13.2 (3555699)|ENTERING_MANAGED_PKG|
12:26:13.2 (3568387)|USER_DEBUG|[22]|DEBUG|######## rowsLimit: 8
12:26:13.2 (3576163)|STATEMENT_EXECUTE|[23]
12:26:13.2 (3579816)|HEAP_ALLOCATE|[23]|Bytes:24
12:26:13.2 (3585815)|HEAP_ALLOCATE|[23]|Bytes:52
12:26:13.2 (3595910)|ENTERING_MANAGED_PKG|
12:26:13.2 (3630327)|USER_DEBUG|[23]|DEBUG|######## objectApiName: testautonumdata__Referral__c
12:26:13.2 (3638286)|STATEMENT_EXECUTE|[27]
12:26:13.2 (3738730)|HEAP_ALLOCATE|[27]|Bytes:4
12:26:13.2 (3830860)|ENTERING_MANAGED_PKG|
12:26:13.2 (3869870)|VARIABLE_SCOPE_BEGIN|[27]|lstReturnRecords|List<testautonumdata.ReferralsServerController>|true|false
12:26:13.2 (3906233)|HEAP_ALLOCATE|[EXTERNAL]|Bytes:4
12:26:13.2 (3928546)|VARIABLE_ASSIGNMENT|[27]|lstReturnRecords|{"s":1,"v":[]}|0x5465da38
12:26:13.2 (3932793)|STATEMENT_EXECUTE|[30]
12:26:13.2 (3934202)|STATEMENT_EXECUTE|[31]
12:26:13.2 (3938418)|HEAP_ALLOCATE|[31]|Bytes:5
12:26:13.2 (3945684)|HEAP_ALLOCATE|[31]|Bytes:10
12:26:13.2 (3950801)|VARIABLE_SCOPE_BEGIN|[31]|fullUserRelationship|String|false|false
12:26:13.2 (3957144)|VARIABLE_ASSIGNMENT|[31]|fullUserRelationship|"Owner.Name"
12:26:13.2 (3959244)|STATEMENT_EXECUTE|[32]
12:26:13.2 (3961252)|HEAP_ALLOCATE|[32]|Bytes:9
12:26:13.2 (3964072)|VARIABLE_SCOPE_BEGIN|[32]|soql|String|false|false
12:26:13.2 (3968556)|VARIABLE_ASSIGNMENT|[32]|soql|"Select id"
12:26:13.2 (3970826)|STATEMENT_EXECUTE|[35]
12:26:13.2 (3973474)|HEAP_ALLOCATE|[35]|Bytes:2
12:26:13.2 (3977762)|HEAP_ALLOCATE|[35]|Bytes:9
12:26:13.2 (3981412)|HEAP_ALLOCATE|[35]|Bytes:18
12:26:13.2 (3986546)|VARIABLE_ASSIGNMENT|[35]|soql|"Select id, OwnerId"
12:26:13.2 (3989323)|STATEMENT_EXECUTE|[38]
12:26:13.2 (3993180)|HEAP_ALLOCATE|[38]|Bytes:12
12:26:13.2 (3997016)|HEAP_ALLOCATE|[38]|Bytes:30
12:26:13.2 (4002613)|VARIABLE_ASSIGNMENT|[38]|soql|"Select id, OwnerId,  (10 more) ..."
12:26:13.2 (4005863)|STATEMENT_EXECUTE|[41]
12:26:13.2 (4009705)|HEAP_ALLOCATE|[41]|Bytes:13
12:26:13.2 (4013434)|HEAP_ALLOCATE|[41]|Bytes:43
12:26:13.2 (4018726)|VARIABLE_ASSIGNMENT|[41]|soql|"Select id, OwnerId,  (23 more) ..."
12:26:13.2 (4021116)|STATEMENT_EXECUTE|[45]
12:26:13.2 (4023704)|HEAP_ALLOCATE|[45]|Bytes:6
12:26:13.2 (4027515)|HEAP_ALLOCATE|[45]|Bytes:34
12:26:13.2 (4031016)|HEAP_ALLOCATE|[45]|Bytes:77
12:26:13.2 (4036176)|VARIABLE_ASSIGNMENT|[45]|soql|"Select id, OwnerId,  (57 more) ..."
12:26:13.2 (4038510)|STATEMENT_EXECUTE|[49]
12:26:13.2 (4040792)|HEAP_ALLOCATE|[49]|Bytes:7
12:26:13.2 (4043521)|HEAP_ALLOCATE|[49]|Bytes:4
12:26:13.2 (4045951)|HEAP_ALLOCATE|[49]|Bytes:1
12:26:13.2 (4059905)|HEAP_ALLOCATE|[49]|Bytes:59
12:26:13.2 (4064400)|HEAP_ALLOCATE|[49]|Bytes:136
12:26:13.2 (4071263)|VARIABLE_ASSIGNMENT|[49]|soql|"Select id, OwnerId,  (116 more) ..."
12:26:13.2 (4079885)|STATEMENT_EXECUTE|[51]
12:26:13.2 (4081488)|STATEMENT_EXECUTE|[55]
12:26:13.2 (4083994)|HEAP_ALLOCATE|[55]|Bytes:7
12:26:13.2 (4101382)|ENTERING_MANAGED_PKG|
12:26:13.2 (4134626)|HEAP_ALLOCATE|[55]|Bytes:1
12:26:13.2 (4149000)|HEAP_ALLOCATE|[55]|Bytes:8
12:26:13.2 (4152897)|HEAP_ALLOCATE|[55]|Bytes:144
12:26:13.2 (4161149)|VARIABLE_ASSIGNMENT|[55]|soql|"Select id, OwnerId,  (124 more) ..."
12:26:13.2 (4163865)|STATEMENT_EXECUTE|[59]
12:26:13.2 (4166403)|HEAP_ALLOCATE|[59]|Bytes:15
12:26:13.2 (4170749)|HEAP_ALLOCATE|[59]|Bytes:159
12:26:13.2 (4184621)|ENTERING_MANAGED_PKG|
12:26:13.2 (4212284)|USER_DEBUG|[59]|DEBUG|######## soql: Select id, OwnerId, Owner.Name, createddate FROM testautonumdata__Referral__c where testautonumdata__Candidate__c = 'a0MB0000000cQXZMA2' limit 8
12:26:13.2 (4221400)|STATEMENT_EXECUTE|[61]
12:26:13.2 (4246468)|ENTERING_MANAGED_PKG|
12:26:13.2 (5220252)|SOQL_EXECUTE_BEGIN|[61]|Aggregations:0|Select id, OwnerId, Owner.Name, createddate FROM testautonumdata__Referral__c where testautonumdata__Candidate__c = 'a0MB0000000cQXZMA2' limit 8
12:26:13.2 (12152799)|SOQL_EXECUTE_END|[61]|Rows:1
12:26:13.2 (12193475)|HEAP_ALLOCATE|[61]|Bytes:8
12:26:13.2 (12218025)|HEAP_ALLOCATE|[61]|Bytes:138
12:26:13.2 (12325434)|HEAP_ALLOCATE|[61]|Bytes:8
12:26:13.2 (12350256)|VARIABLE_SCOPE_BEGIN|[61]|lstQueriedRecords|List<SObject>|true|false
12:26:13.2 (12463542)|VARIABLE_ASSIGNMENT|[61]|lstQueriedRecords|{"s":1,"v":[{"s":2,"v":{"Id":"a0TB0000000Uip6MAC","OwnerId":"005B0000001VpZRIA0","CreatedDate":"2016-05-12T14:45:09.000Z","Owner":{"s":3,"v":{"Name":"Rodrigo Reboucas","Id":"005B0000001VpZRIA0"}}}}]}|0x6f57baed
12:26:13.2 (12470844)|STATEMENT_EXECUTE|[63]
12:26:13.2 (12477543)|HEAP_ALLOCATE|[63]|Bytes:28
12:26:13.2 (12506291)|ENTERING_MANAGED_PKG|
12:26:13.2 (12606048)|HEAP_ALLOCATE|[63]|Bytes:115
12:26:13.2 (12625572)|HEAP_ALLOCATE|[63]|Bytes:143
12:26:13.2 (12642936)|ENTERING_MANAGED_PKG|
12:26:13.2 (12652652)|USER_DEBUG|[63]|DEBUG|######## lstQueriedRecords: (testautonumdata__Referral__c:{Id=a0TB0000000Uip6MAC, OwnerId=005B0000001VpZRIA0, CreatedDate=2016-05-12 14:45:09})
12:26:13.2 (12738571)|ENTERING_MANAGED_PKG|
12:26:13.2 (13069079)|HEAP_ALLOCATE|[67]|Bytes:5
12:26:13.2 (13119126)|HEAP_ALLOCATE|[67]|Bytes:20
12:26:13.2 (13142127)|VARIABLE_SCOPE_BEGIN|[67]|e|SObject|true|false
12:26:13.2 (13197405)|VARIABLE_ASSIGNMENT|[67]|e|{"s":1,"v":{"Id":"a0TB0000000Uip6MAC","OwnerId":"005B0000001VpZRIA0","CreatedDate":"2016-05-12T14:45:09.000Z","Owner":{"s":2,"v":{"Name":"Rodrigo Reboucas","Id":"005B0000001VpZRIA0"}}}}|0x2fe93ec8
12:26:13.2 (13203567)|STATEMENT_EXECUTE|[68]
12:26:13.2 (13205086)|STATEMENT_EXECUTE|[69]
12:26:13.2 (13208990)|HEAP_ALLOCATE|[69]|Bytes:12
12:26:13.2 (13231975)|ENTERING_MANAGED_PKG|
12:26:13.2 (13300141)|HEAP_ALLOCATE|[69]|Bytes:113
12:26:13.2 (13317107)|HEAP_ALLOCATE|[69]|Bytes:125
12:26:13.2 (13330204)|ENTERING_MANAGED_PKG|
12:26:13.2 (13337904)|USER_DEBUG|[69]|DEBUG|######## e: testautonumdata__Referral__c:{Id=a0TB0000000Uip6MAC, OwnerId=005B0000001VpZRIA0, CreatedDate=2016-05-12 14:45:09}
12:26:13.2 (13344909)|STATEMENT_EXECUTE|[70]
12:26:13.2 (13353407)|HEAP_ALLOCATE|[70]|Bytes:32
12:26:13.2 (13366288)|CONSTRUCTOR_ENTRY|[70]|01pB0000000qaYT|<init>()
12:26:13.2 (13397751)|VARIABLE_SCOPE_BEGIN|[1]|this|testautonumdata.ReferralsServerController|true|false
12:26:13.2 (13456347)|VARIABLE_ASSIGNMENT|[1]|this|{}|0xa80fedc
12:26:13.2 (13466591)|HEAP_ALLOCATE|[EXTERNAL]|Bytes:5
12:26:13.2 (13480905)|HEAP_ALLOCATE|[EXTERNAL]|Bytes:6
12:26:13.2 (13528834)|STATEMENT_EXECUTE|[1]
12:26:13.2 (13533940)|HEAP_ALLOCATE|[EXTERNAL]|Bytes:5
12:26:13.2 (13536422)|STATEMENT_EXECUTE|[4]
12:26:13.2 (13537873)|STATEMENT_EXECUTE|[6]
12:26:13.2 (13538890)|STATEMENT_EXECUTE|[8]
12:26:13.2 (13539893)|STATEMENT_EXECUTE|[10]
12:26:13.2 (13541262)|STATEMENT_EXECUTE|[12]
12:26:13.2 (13542409)|STATEMENT_EXECUTE|[14]
12:26:13.2 (13543463)|STATEMENT_EXECUTE|[16]
12:26:13.2 (13551477)|CONSTRUCTOR_EXIT|[70]|01pB0000000qaYT|<init>()
12:26:13.2 (13556146)|VARIABLE_SCOPE_BEGIN|[70]|i|testautonumdata.ReferralsServerController|true|false
12:26:13.2 (13589672)|VARIABLE_ASSIGNMENT|[70]|i|{}|0xa80fedc
12:26:13.2 (13594138)|STATEMENT_EXECUTE|[73]
12:26:13.2 (13595392)|STATEMENT_EXECUTE|[74]
12:26:13.2 (13610893)|METHOD_ENTRY|[74]|01pB0000000qaYT|testautonumdata.ReferralsServerController.GetSobjectField(SObject, String)
12:26:13.2 (13637284)|VARIABLE_SCOPE_BEGIN|[166]|e|SObject|true|false
12:26:13.2 (13688855)|VARIABLE_ASSIGNMENT|[166]|e|{"s":1,"v":{"Id":"a0TB0000000Uip6MAC","OwnerId":"005B0000001VpZRIA0","CreatedDate":"2016-05-12T14:45:09.000Z","Owner":{"s":2,"v":{"Name":"Rodrigo Reboucas","Id":"005B0000001VpZRIA0"}}}}|0x2fe93ec8
12:26:13.2 (13695398)|VARIABLE_SCOPE_BEGIN|[166]|lcfield|String|false|false
12:26:13.2 (13705060)|VARIABLE_ASSIGNMENT|[166]|lcfield|"OwnerId"
12:26:13.2 (13715568)|HEAP_ALLOCATE|[169]|Bytes:5
12:26:13.2 (13719942)|STATEMENT_EXECUTE|[167]
12:26:13.2 (13721354)|STATEMENT_EXECUTE|[169]
12:26:13.2 (13726517)|VARIABLE_SCOPE_BEGIN|[169]|returnValue|String|false|false
12:26:13.2 (13731700)|VARIABLE_ASSIGNMENT|[169]|returnValue|""
12:26:13.2 (13734631)|HEAP_ALLOCATE|[171]|Bytes:1
12:26:13.2 (13760261)|ENTERING_MANAGED_PKG|
12:26:13.2 (13800320)|STATEMENT_EXECUTE|[186]
12:26:13.2 (13829783)|ENTERING_MANAGED_PKG|
12:26:13.2 (13888829)|HEAP_ALLOCATE|[186]|Bytes:4
12:26:13.2 (13910814)|ENTERING_MANAGED_PKG|
12:26:13.2 (13915131)|HEAP_ALLOCATE|[186]|Bytes:18
12:26:13.2 (13927383)|VARIABLE_ASSIGNMENT|[186]|returnValue|"005B0000001VpZRIA0"
12:26:13.2 (13930371)|STATEMENT_EXECUTE|[188]
12:26:13.2 (13939787)|METHOD_EXIT|[74]|01pB0000000qaYT|testautonumdata.ReferralsServerController.GetSobjectField(SObject, String)
12:26:13.2 (13984265)|VARIABLE_ASSIGNMENT|[EXTERNAL]|this|{}|0xa80fedc
12:26:13.2 (13994594)|VARIABLE_ASSIGNMENT|[EXTERNAL]|value|"005B0000001VpZRIA0"
12:26:13.2 (14008880)|VARIABLE_ASSIGNMENT|[8]|this.OwnerID|"005B0000001VpZRIA0"|0xa80fedc
12:26:13.2 (14017266)|STATEMENT_EXECUTE|[76]
12:26:13.2 (14080231)|VARIABLE_ASSIGNMENT|[EXTERNAL]|this|{"OwnerID":"005B0000001VpZRIA0"}|0xa80fedc
12:26:13.2 (14173280)|HEAP_ALLOCATE|[76]|Bytes:133
12:26:13.2 (14192020)|SYSTEM_METHOD_ENTRY|[5]|ChatterUsers.ChatterUsers()
12:26:13.2 (14196958)|STATEMENT_EXECUTE|[5]
12:26:13.2 (14209272)|SYSTEM_METHOD_EXIT|[5]|ChatterUsers
12:26:13.2 (14224630)|METHOD_ENTRY|[76]||ConnectApi.ChatterUsers.getPhoto(String, String)
12:26:13.2 (36400325)|SYSTEM_METHOD_EXIT|[5]|Photo
12:26:13.2 (36416313)|HEAP_ALLOCATE|[38]|Bytes:68
12:26:13.2 (36423662)|HEAP_ALLOCATE|[38]|Bytes:12
12:26:13.2 (36429192)|HEAP_ALLOCATE|[38]|Bytes:8
12:26:13.2 (36436776)|VARIABLE_SCOPE_BEGIN|[35]|this|ConnectApi.Photo|true|false
12:26:13.2 (36511050)|VARIABLE_ASSIGNMENT|[35]|this|{}|0x180d5726
12:26:13.2 (36516501)|VARIABLE_SCOPE_BEGIN|[35]|versionIn|Double|false|false
12:26:13.2 (36524105)|VARIABLE_ASSIGNMENT|[35]|versionIn|33.0
12:26:13.2 (36526502)|VARIABLE_SCOPE_BEGIN|[35]|javaObj|java:sfdc.chatter.connect.api.output.photo.PhotoRepresentation|true|false
12:26:13.2 (36653364)|VARIABLE_ASSIGNMENT|[35]|javaObj|"sfdc.chatter.connect.api.output.photo.PhotoRepresentation@42a3f184"|0x42a3f184
12:26:13.2 (36895655)|METHOD_EXIT|[76]||ConnectApi.ChatterUsers.getPhoto(String, String)
12:26:13.2 (36903860)|VARIABLE_SCOPE_BEGIN|[76]|userPhoto|ConnectApi.Photo|true|false
12:26:13.2 (36944464)|VARIABLE_ASSIGNMENT|[76]|userPhoto|{}|0x180d5726
12:26:13.2 (36950704)|STATEMENT_EXECUTE|[78]
12:26:13.2 (37168320)|VARIABLE_ASSIGNMENT|[EXTERNAL]|this|{"OwnerID":"005B0000001VpZRIA0"}|0xa80fedc
12:26:13.2 (37179263)|VARIABLE_ASSIGNMENT|[EXTERNAL]|value|"https://rrlightningo (65 more) ..."
12:26:13.2 (37190140)|VARIABLE_ASSIGNMENT|[16]|this.iconUrl|"https://rrlightningo (65 more) ..."|0xa80fedc
12:26:13.2 (37199300)|STATEMENT_EXECUTE|[84]
12:26:13.2 (37201006)|STATEMENT_EXECUTE|[85]
12:26:13.2 (37210788)|METHOD_ENTRY|[85]|01pB0000000qaYT|testautonumdata.ReferralsServerController.GetSobjectField(SObject, String)
12:26:13.2 (37237498)|VARIABLE_SCOPE_BEGIN|[166]|e|SObject|true|false
12:26:13.2 (37321145)|VARIABLE_ASSIGNMENT|[166]|e|{"s":1,"v":{"Id":"a0TB0000000Uip6MAC","OwnerId":"005B0000001VpZRIA0","CreatedDate":"2016-05-12T14:45:09.000Z","Owner":{"s":2,"v":{"Name":"Rodrigo Reboucas","Id":"005B0000001VpZRIA0"}}}}|0x2fe93ec8
12:26:13.2 (37327390)|VARIABLE_SCOPE_BEGIN|[166]|lcfield|String|false|false
12:26:13.2 (37332271)|VARIABLE_ASSIGNMENT|[166]|lcfield|"Owner.Name"
12:26:13.2 (37342007)|HEAP_ALLOCATE|[169]|Bytes:5
12:26:13.2 (37346512)|STATEMENT_EXECUTE|[167]
12:26:13.2 (37347899)|STATEMENT_EXECUTE|[169]
12:26:13.2 (37352288)|VARIABLE_SCOPE_BEGIN|[169]|returnValue|String|false|false
12:26:13.2 (37357338)|VARIABLE_ASSIGNMENT|[169]|returnValue|""
12:26:13.2 (37383426)|ENTERING_MANAGED_PKG|
12:26:13.2 (37395165)|STATEMENT_EXECUTE|[172]
12:26:13.2 (37396806)|STATEMENT_EXECUTE|[173]
12:26:13.2 (37415488)|ENTERING_MANAGED_PKG|
12:26:13.2 (37449309)|HEAP_ALLOCATE|[173]|Bytes:5
12:26:13.2 (37462053)|VARIABLE_SCOPE_BEGIN|[173]|relName|String|false|false
12:26:13.2 (37469267)|VARIABLE_ASSIGNMENT|[173]|relName|"Owner"
12:26:13.2 (37472068)|STATEMENT_EXECUTE|[174]
12:26:13.2 (37490117)|ENTERING_MANAGED_PKG|
12:26:13.2 (37517022)|HEAP_ALLOCATE|[174]|Bytes:4
12:26:13.2 (37529835)|VARIABLE_SCOPE_BEGIN|[174]|relField|String|false|false
12:26:13.2 (37537383)|VARIABLE_ASSIGNMENT|[174]|relField|"Name"
12:26:13.2 (37551390)|ENTERING_MANAGED_PKG|
12:26:13.2 (37584908)|STATEMENT_EXECUTE|[182]
12:26:13.2 (37606520)|ENTERING_MANAGED_PKG|
12:26:13.2 (37719395)|HEAP_ALLOCATE|[182]|Bytes:12
12:26:13.2 (37743523)|ENTERING_MANAGED_PKG|
12:26:13.2 (37773650)|HEAP_ALLOCATE|[182]|Bytes:16
12:26:13.2 (37792270)|ENTERING_MANAGED_PKG|
12:26:13.2 (37797000)|HEAP_ALLOCATE|[182]|Bytes:16
12:26:13.2 (37809120)|VARIABLE_ASSIGNMENT|[182]|returnValue|"Rodrigo Reboucas"
12:26:13.2 (37812713)|STATEMENT_EXECUTE|[188]
12:26:13.2 (37822593)|METHOD_EXIT|[85]|01pB0000000qaYT|testautonumdata.ReferralsServerController.GetSobjectField(SObject, String)
12:26:13.2 (37874888)|VARIABLE_ASSIGNMENT|[EXTERNAL]|this|{"iconUrl":"https://rrlightningo (65 more) ...","OwnerID":"005B0000001VpZRIA0"}|0xa80fedc
12:26:13.2 (37881818)|VARIABLE_ASSIGNMENT|[EXTERNAL]|value|"Rodrigo Reboucas"
12:26:13.2 (37891153)|VARIABLE_ASSIGNMENT|[6]|this.OwnerName|"Rodrigo Reboucas"|0xa80fedc
12:26:13.2 (37899173)|STATEMENT_EXECUTE|[89]
12:26:13.2 (37900770)|STATEMENT_EXECUTE|[90]
12:26:13.2 (37908192)|METHOD_ENTRY|[90]|01pB0000000qaYT|testautonumdata.ReferralsServerController.GetSobjectField(SObject, String)
12:26:13.2 (37932615)|VARIABLE_SCOPE_BEGIN|[166]|e|SObject|true|false
12:26:13.2 (37984210)|VARIABLE_ASSIGNMENT|[166]|e|{"s":1,"v":{"Id":"a0TB0000000Uip6MAC","OwnerId":"005B0000001VpZRIA0","CreatedDate":"2016-05-12T14:45:09.000Z","Owner":{"s":2,"v":{"Name":"Rodrigo Reboucas","Id":"005B0000001VpZRIA0"}}}}|0x2fe93ec8
12:26:13.2 (37989341)|VARIABLE_SCOPE_BEGIN|[166]|lcfield|String|false|false
12:26:13.2 (37993563)|VARIABLE_ASSIGNMENT|[166]|lcfield|"createddate"
12:26:13.2 (38001741)|HEAP_ALLOCATE|[169]|Bytes:5
12:26:13.2 (38006303)|STATEMENT_EXECUTE|[167]
12:26:13.2 (38007545)|STATEMENT_EXECUTE|[169]
12:26:13.2 (38011624)|VARIABLE_SCOPE_BEGIN|[169]|returnValue|String|false|false
12:26:13.2 (38016090)|VARIABLE_ASSIGNMENT|[169]|returnValue|""
12:26:13.2 (38033175)|ENTERING_MANAGED_PKG|
12:26:13.2 (38042574)|STATEMENT_EXECUTE|[186]
12:26:13.2 (38051611)|ENTERING_MANAGED_PKG|
12:26:13.2 (38078302)|HEAP_ALLOCATE|[186]|Bytes:56
12:26:13.2 (38096160)|ENTERING_MANAGED_PKG|
12:26:13.2 (38108465)|HEAP_ALLOCATE|[186]|Bytes:19
12:26:13.2 (38120808)|VARIABLE_ASSIGNMENT|[186]|returnValue|"2016-05-12 14:45:09"
12:26:13.2 (38123744)|STATEMENT_EXECUTE|[188]
12:26:13.2 (38131500)|METHOD_EXIT|[90]|01pB0000000qaYT|testautonumdata.ReferralsServerController.GetSobjectField(SObject, String)
12:26:13.2 (38180960)|VARIABLE_ASSIGNMENT|[EXTERNAL]|this|{"iconUrl":"https://rrlightningo (65 more) ...","OwnerID":"005B0000001VpZRIA0","OwnerName":"Rodrigo Reboucas"}|0xa80fedc
12:26:13.2 (38188178)|VARIABLE_ASSIGNMENT|[EXTERNAL]|value|"2016-05-12 14:45:09"
12:26:13.2 (38197432)|VARIABLE_ASSIGNMENT|[10]|this.column2|"2016-05-12 14:45:09"|0xa80fedc
12:26:13.2 (38204990)|STATEMENT_EXECUTE|[95]
12:26:13.2 (38224123)|ENTERING_MANAGED_PKG|
12:26:13.2 (38273139)|HEAP_ALLOCATE|[EXTERNAL]|Bytes:4
12:26:13.2 (38283831)|STATEMENT_EXECUTE|[97]
12:26:13.2 (38287617)|HEAP_ALLOCATE|[97]|Bytes:12
12:26:13.2 (38305058)|ENTERING_MANAGED_PKG|
12:26:13.2 (38372105)|HEAP_ALLOCATE|[97]|Bytes:262
12:26:13.2 (38389973)|HEAP_ALLOCATE|[97]|Bytes:274
12:26:13.2 (38408553)|ENTERING_MANAGED_PKG|
12:26:13.2 (38419943)|USER_DEBUG|[97]|DEBUG|######## i: ReferralsServerController:[OwnerID=005B0000001VpZRIA0, OwnerName=Rodrigo Reboucas, ReferralDate=null, ReferralMessage=null, column2=2016-05-12 14:45:09, iconUrl=https://rrlightningout-dev-ed--c.gus.content.force.com/profilephoto/729B00000000GJc/T, recordID=null]
12:26:13.2 (38442041)|HEAP_ALLOCATE|[67]|Bytes:5
12:26:13.2 (38454961)|VARIABLE_ASSIGNMENT|[67]|e|null|
12:26:13.2 (38459357)|STATEMENT_EXECUTE|[102]
12:26:13.2 (38462217)|HEAP_ALLOCATE|[102]|Bytes:27
12:26:13.2 (38477986)|ENTERING_MANAGED_PKG|
12:26:13.2 (38540352)|HEAP_ALLOCATE|[102]|Bytes:264
12:26:13.2 (38556342)|HEAP_ALLOCATE|[102]|Bytes:291
12:26:13.2 (38570325)|ENTERING_MANAGED_PKG|
12:26:13.2 (38577737)|USER_DEBUG|[102]|DEBUG|######## lstReturnRecords: (ReferralsServerController:[OwnerID=005B0000001VpZRIA0, OwnerName=Rodrigo Reboucas, ReferralDate=null, ReferralMessage=null, column2=2016-05-12 14:45:09, iconUrl=https://rrlightningout-dev-ed--c.gus.content.force.com/profilephoto/729B00000000GJc/T, recordID=null])
12:26:13.2 (38585548)|STATEMENT_EXECUTE|[104]
12:26:13.2 (38597492)|SYSTEM_MODE_EXIT|false
12:26:13.38 (38640715)|CUMULATIVE_LIMIT_USAGE
12:26:13.38 (38640715)|LIMIT_USAGE_FOR_NS|(default)|
  Number of SOQL queries: 0 out of 100
  Number of query rows: 0 out of 50000
  Number of SOSL queries: 0 out of 20
  Number of DML statements: 0 out of 150
  Number of DML rows: 0 out of 10000
  Maximum CPU time: 0 out of 10000
  Maximum heap size: 0 out of 6000000
  Number of callouts: 0 out of 100
  Number of Email Invocations: 0 out of 10
  Number of future calls: 0 out of 50
  Number of queueable jobs added to the queue: 0 out of 50
  Number of Mobile Apex push calls: 0 out of 10

12:26:13.38 (38640715)|LIMIT_USAGE_FOR_NS|testautonumdata|
  Number of SOQL queries: 1 out of 100
  Number of query rows: 1 out of 50000
  Number of SOSL queries: 0 out of 20
  Number of DML statements: 0 out of 150
  Number of DML rows: 0 out of 10000
  Maximum CPU time: 0 out of 10000
  Maximum heap size: 0 out of 6000000
  Number of callouts: 0 out of 100
  Number of Email Invocations: 0 out of 10
  Number of future calls: 0 out of 50
  Number of queueable jobs added to the queue: 0 out of 50
  Number of Mobile Apex push calls: 0 out of 10

12:26:13.38 (38640715)|CUMULATIVE_LIMIT_USAGE_END

12:26:13.2 (38719262)|CODE_UNIT_FINISHED|ReferralsServerController.getListRecords
12:26:13.40 (40511233)|USER_INFO|[EXTERNAL]|005B0000001VpZR|rreboucas-yi5c@force.com|Pacific Standard Time|GMT-07:00
12:26:13.40 (40522101)|CODE_UNIT_STARTED|[EXTERNAL]|Aura
12:26:13.40 (40581656)|CODE_UNIT_FINISHED|Aura
