37.0 APEX_CODE,FINEST;APEX_PROFILING,INFO;CALLOUT,INFO;DB,INFO;SYSTEM,DEBUG;VALIDATION,INFO;VISUALFORCE,INFO;WORKFLOW,INFO
07:36:31.0 (135702)|USER_INFO|[EXTERNAL]|005B0000001VpZR|rreboucas-yi5c@force.com|Pacific Standard Time|GMT-07:00
07:36:31.0 (716422)|HEAP_ALLOCATE|[72]|Bytes:3
07:36:31.0 (777362)|HEAP_ALLOCATE|[77]|Bytes:152
07:36:31.0 (798681)|HEAP_ALLOCATE|[342]|Bytes:408
07:36:31.0 (819298)|HEAP_ALLOCATE|[355]|Bytes:408
07:36:31.0 (839407)|HEAP_ALLOCATE|[467]|Bytes:48
07:36:31.2 (2939508)|USER_INFO|[EXTERNAL]|005B0000001VpZR|rreboucas-yi5c@force.com|Pacific Standard Time|GMT-07:00
07:36:31.2 (3200575)|STATEMENT_EXECUTE|[1]
07:36:31.2 (3243933)|HEAP_ALLOCATE|[50]|Bytes:5
07:36:31.2 (3274589)|HEAP_ALLOCATE|[56]|Bytes:5
07:36:31.2 (3284725)|HEAP_ALLOCATE|[64]|Bytes:7
07:36:31.2 (3313769)|SYSTEM_MODE_ENTER|false
07:36:31.2 (3334447)|HEAP_ALLOCATE|[EXTERNAL]|Bytes:5
07:36:31.2 (3345716)|SYSTEM_MODE_EXIT|false
07:36:31.2 (3359477)|METHOD_EXIT|[1]|Twitter_Lightning_Controller
07:36:31.2 (3364863)|HEAP_ALLOCATE|[EXTERNAL]|Bytes:18
07:36:31.2 (3366825)|HEAP_ALLOCATE|[EXTERNAL]|Bytes:12
07:36:31.2 (3368064)|HEAP_ALLOCATE|[EXTERNAL]|Bytes:13
07:36:31.2 (3369247)|HEAP_ALLOCATE|[EXTERNAL]|Bytes:13
07:36:31.2 (3370384)|HEAP_ALLOCATE|[EXTERNAL]|Bytes:12
07:36:31.2 (3371497)|HEAP_ALLOCATE|[EXTERNAL]|Bytes:10
07:36:31.2 (3372607)|HEAP_ALLOCATE|[EXTERNAL]|Bytes:9
07:36:31.2 (3378207)|SYSTEM_MODE_ENTER|false
07:36:31.2 (3388315)|VARIABLE_SCOPE_BEGIN|[68]|recordID|String|false|false
07:36:31.2 (3415158)|VARIABLE_ASSIGNMENT|[68]|recordID|"a0MB0000000cQXFMA2"
07:36:31.2 (3437130)|VARIABLE_SCOPE_BEGIN|[68]|objectApiName|String|false|false
07:36:31.2 (3450077)|VARIABLE_ASSIGNMENT|[68]|objectApiName|"Candidate__c"
07:36:31.2 (3456768)|VARIABLE_SCOPE_BEGIN|[68]|twitterIDFieldApiName|String|false|false
07:36:31.2 (3465448)|VARIABLE_ASSIGNMENT|[68]|twitterIDFieldApiName|"Twitter_ID__c"
07:36:31.2 (3470475)|VARIABLE_SCOPE_BEGIN|[68]|firstName|String|false|false
07:36:31.2 (3475242)|VARIABLE_ASSIGNMENT|[68]|firstName|"First_Name__c"
07:36:31.2 (3478252)|VARIABLE_SCOPE_BEGIN|[68]|lastName|String|false|false
07:36:31.2 (3481968)|VARIABLE_ASSIGNMENT|[68]|lastName|"Last_Name__c"
07:36:31.2 (3484847)|VARIABLE_SCOPE_BEGIN|[68]|companyName|String|false|false
07:36:31.2 (3488704)|VARIABLE_ASSIGNMENT|[68]|companyName|"Company__c"
07:36:31.2 (3491446)|VARIABLE_SCOPE_BEGIN|[68]|email|String|false|false
07:36:31.2 (3495120)|VARIABLE_ASSIGNMENT|[68]|email|"E_mail__c"
07:36:31.2 (3511276)|HEAP_ALLOCATE|[70]|Bytes:5
07:36:31.2 (3516093)|STATEMENT_EXECUTE|[68]
07:36:31.2 (3517792)|STATEMENT_EXECUTE|[70]
07:36:31.2 (3531942)|VARIABLE_SCOPE_BEGIN|[70]|hasTwitterMemberID|Boolean|false|false
07:36:31.2 (3536064)|HEAP_ALLOCATE|[70]|Bytes:5
07:36:31.2 (3544847)|VARIABLE_ASSIGNMENT|[70]|hasTwitterMemberID|false
07:36:31.2 (3546878)|STATEMENT_EXECUTE|[71]
07:36:31.2 (3552422)|HEAP_ALLOCATE|[71]|Bytes:64
07:36:31.2 (3572222)|CONSTRUCTOR_ENTRY|[71]|01pB0000000r382|<init>()
07:36:31.2 (3596606)|VARIABLE_SCOPE_BEGIN|[1]|this|testautonumdata.Twitter_Lightning_Controller|true|false
07:36:31.2 (3639727)|VARIABLE_ASSIGNMENT|[1]|this|{}|0x3a5e31ea
07:36:31.2 (3646977)|HEAP_ALLOCATE|[EXTERNAL]|Bytes:5
07:36:31.2 (3655681)|HEAP_ALLOCATE|[EXTERNAL]|Bytes:6
07:36:31.2 (3683387)|STATEMENT_EXECUTE|[1]
07:36:31.2 (3687915)|HEAP_ALLOCATE|[EXTERNAL]|Bytes:5
07:36:31.2 (3690609)|STATEMENT_EXECUTE|[4]
07:36:31.2 (3691812)|STATEMENT_EXECUTE|[6]
07:36:31.2 (3692726)|STATEMENT_EXECUTE|[8]
07:36:31.2 (3693655)|STATEMENT_EXECUTE|[10]
07:36:31.2 (3694719)|STATEMENT_EXECUTE|[12]
07:36:31.2 (3696185)|STATEMENT_EXECUTE|[14]
07:36:31.2 (3697203)|STATEMENT_EXECUTE|[16]
07:36:31.2 (3698197)|STATEMENT_EXECUTE|[18]
07:36:31.2 (3699230)|STATEMENT_EXECUTE|[20]
07:36:31.2 (3700167)|STATEMENT_EXECUTE|[22]
07:36:31.2 (3701085)|STATEMENT_EXECUTE|[24]
07:36:31.2 (3702026)|STATEMENT_EXECUTE|[26]
07:36:31.2 (3702962)|STATEMENT_EXECUTE|[28]
07:36:31.2 (3704045)|STATEMENT_EXECUTE|[30]
07:36:31.2 (3704910)|STATEMENT_EXECUTE|[32]
07:36:31.2 (3716385)|CONSTRUCTOR_EXIT|[71]|01pB0000000r382|<init>()
07:36:31.2 (3724347)|VARIABLE_SCOPE_BEGIN|[71]|returnRec|testautonumdata.Twitter_Lightning_Controller|true|false
07:36:31.2 (3752678)|VARIABLE_ASSIGNMENT|[71]|returnRec|{}|0x3a5e31ea
07:36:31.2 (3782849)|ENTERING_MANAGED_PKG|
07:36:31.2 (3822972)|STATEMENT_EXECUTE|[74]
07:36:31.2 (3825156)|STATEMENT_EXECUTE|[75]
07:36:31.2 (3828773)|HEAP_ALLOCATE|[75]|Bytes:9
07:36:31.2 (3837650)|VARIABLE_SCOPE_BEGIN|[75]|soql|String|false|false
07:36:31.2 (3847155)|VARIABLE_ASSIGNMENT|[75]|soql|"Select id"
07:36:31.2 (3850262)|STATEMENT_EXECUTE|[78]
07:36:31.2 (3853069)|HEAP_ALLOCATE|[78]|Bytes:2
07:36:31.2 (3863793)|HEAP_ALLOCATE|[78]|Bytes:15
07:36:31.2 (3868325)|HEAP_ALLOCATE|[78]|Bytes:24
07:36:31.2 (3878687)|VARIABLE_ASSIGNMENT|[78]|soql|"Select id, Twitter_I (4 more) ..."
07:36:31.2 (3882167)|STATEMENT_EXECUTE|[81]
07:36:31.2 (3886821)|HEAP_ALLOCATE|[81]|Bytes:15
07:36:31.2 (3890694)|HEAP_ALLOCATE|[81]|Bytes:39
07:36:31.2 (3899510)|VARIABLE_ASSIGNMENT|[81]|soql|"Select id, Twitter_I (19 more) ..."
07:36:31.2 (3902579)|STATEMENT_EXECUTE|[84]
07:36:31.2 (3906756)|HEAP_ALLOCATE|[84]|Bytes:14
07:36:31.2 (3910674)|HEAP_ALLOCATE|[84]|Bytes:53
07:36:31.2 (3919060)|VARIABLE_ASSIGNMENT|[84]|soql|"Select id, Twitter_I (33 more) ..."
07:36:31.2 (3921950)|STATEMENT_EXECUTE|[87]
07:36:31.2 (3926035)|HEAP_ALLOCATE|[87]|Bytes:12
07:36:31.2 (3929859)|HEAP_ALLOCATE|[87]|Bytes:65
07:36:31.2 (3937932)|VARIABLE_ASSIGNMENT|[87]|soql|"Select id, Twitter_I (45 more) ..."
07:36:31.2 (3940941)|STATEMENT_EXECUTE|[90]
07:36:31.2 (3945073)|HEAP_ALLOCATE|[90]|Bytes:11
07:36:31.2 (3948840)|HEAP_ALLOCATE|[90]|Bytes:76
07:36:31.2 (3956980)|VARIABLE_ASSIGNMENT|[90]|soql|"Select id, Twitter_I (56 more) ..."
07:36:31.2 (3959597)|STATEMENT_EXECUTE|[93]
07:36:31.2 (3962519)|HEAP_ALLOCATE|[93]|Bytes:6
07:36:31.2 (3967247)|HEAP_ALLOCATE|[93]|Bytes:18
07:36:31.2 (3970875)|HEAP_ALLOCATE|[93]|Bytes:94
07:36:31.2 (3979054)|VARIABLE_ASSIGNMENT|[93]|soql|"Select id, Twitter_I (74 more) ..."
07:36:31.2 (3981448)|STATEMENT_EXECUTE|[95]
07:36:31.2 (3984086)|HEAP_ALLOCATE|[95]|Bytes:12
07:36:31.2 (3986740)|HEAP_ALLOCATE|[95]|Bytes:1
07:36:31.2 (3994132)|HEAP_ALLOCATE|[95]|Bytes:31
07:36:31.2 (3997981)|HEAP_ALLOCATE|[95]|Bytes:125
07:36:31.2 (4006981)|VARIABLE_ASSIGNMENT|[95]|soql|"Select id, Twitter_I (105 more) ..."
07:36:31.2 (4010438)|STATEMENT_EXECUTE|[98]
07:36:31.2 (4013359)|HEAP_ALLOCATE|[98]|Bytes:8
07:36:31.2 (4017889)|HEAP_ALLOCATE|[98]|Bytes:133
07:36:31.2 (4026421)|VARIABLE_ASSIGNMENT|[98]|soql|"Select id, Twitter_I (113 more) ..."
07:36:31.2 (4028901)|STATEMENT_EXECUTE|[100]
07:36:31.2 (4035905)|HEAP_ALLOCATE|[100]|Bytes:15
07:36:31.2 (4041681)|HEAP_ALLOCATE|[100]|Bytes:148
07:36:31.2 (4076898)|ENTERING_MANAGED_PKG|
07:36:31.2 (4107146)|USER_DEBUG|[100]|DEBUG|######## soql: Select id, Twitter_ID__c, First_Name__c, Last_Name__c, Company__c, E_mail__c FROM Candidate__c WHERE id ='a0MB0000000cQXFMA2' limit 1
07:36:31.2 (4116684)|STATEMENT_EXECUTE|[102]
07:36:31.2 (4143467)|ENTERING_MANAGED_PKG|
07:36:31.2 (4160492)|HEAP_ALLOCATE|[102]|Bytes:5
07:36:31.2 (4858175)|SOQL_EXECUTE_BEGIN|[102]|Aggregations:0|Select id, Twitter_ID__c, First_Name__c, Last_Name__c, Company__c, E_mail__c FROM Candidate__c WHERE id ='a0MB0000000cQXFMA2' limit 1
07:36:31.2 (8002273)|SOQL_EXECUTE_END|[102]|Rows:1
07:36:31.2 (8053329)|HEAP_ALLOCATE|[102]|Bytes:8
07:36:31.2 (8077192)|HEAP_ALLOCATE|[102]|Bytes:250
07:36:31.2 (8237565)|HEAP_ALLOCATE|[102]|Bytes:8
07:36:31.2 (8258068)|VARIABLE_SCOPE_BEGIN|[102]|lstQueriedRecords|List<SObject>|true|false
07:36:31.2 (8302406)|VARIABLE_ASSIGNMENT|[102]|lstQueriedRecords|{"s":1,"v":[{"s":2,"v":{"Id":"a0MB0000000cQXFMA2","testautonumdata__Twi (10 more) ...":"@roreb","testautonumdata__Fir (10 more) ...":"Rodrigo","testautonumdata__Las (9 more) ...":"Reboucas","testautonumdata__Com (7 more) ...":"Salesforce.com","testautonumdata__E_m (6 more) ...":"rreboucas@salesforce (4 more) ..."}}]}|0x3d8a8d13
07:36:31.2 (8433408)|ENTERING_MANAGED_PKG|
07:36:31.2 (8468885)|STATEMENT_EXECUTE|[104]
07:36:31.2 (8471330)|STATEMENT_EXECUTE|[105]
07:36:31.2 (8520308)|VARIABLE_ASSIGNMENT|[EXTERNAL]|this|{}|0x3a5e31ea
07:36:31.2 (8527979)|VARIABLE_ASSIGNMENT|[EXTERNAL]|value|true
07:36:31.2 (8533095)|HEAP_ALLOCATE|[10]|Bytes:5
07:36:31.2 (8556166)|VARIABLE_ASSIGNMENT|[10]|this.hasTwitterMemberID|true|0x3a5e31ea
07:36:31.2 (8564732)|STATEMENT_EXECUTE|[106]
07:36:31.2 (8601207)|HEAP_ALLOCATE|[106]|Bytes:28
07:36:31.2 (8616223)|VARIABLE_SCOPE_BEGIN|[106]|e|SObject|true|false
07:36:31.2 (8639542)|VARIABLE_ASSIGNMENT|[106]|e|{"s":1,"v":{"Id":"a0MB0000000cQXFMA2","testautonumdata__Twi (10 more) ...":"@roreb","testautonumdata__Fir (10 more) ...":"Rodrigo","testautonumdata__Las (9 more) ...":"Reboucas","testautonumdata__Com (7 more) ...":"Salesforce.com","testautonumdata__E_m (6 more) ...":"rreboucas@salesforce (4 more) ..."}}|0x4ffacf71
07:36:31.2 (8644777)|STATEMENT_EXECUTE|[109]
07:36:31.2 (8646303)|STATEMENT_EXECUTE|[110]
07:36:31.2 (8650022)|HEAP_ALLOCATE|[110]|Bytes:2
07:36:31.2 (8663472)|METHOD_ENTRY|[110]|01pB0000000r382|testautonumdata.Twitter_Lightning_Controller.GetSobjectField(SObject, String)
07:36:31.2 (8681075)|VARIABLE_SCOPE_BEGIN|[500]|e|SObject|true|false
07:36:31.2 (8698142)|VARIABLE_ASSIGNMENT|[500]|e|{"s":1,"v":{"Id":"a0MB0000000cQXFMA2","testautonumdata__Twi (10 more) ...":"@roreb","testautonumdata__Fir (10 more) ...":"Rodrigo","testautonumdata__Las (9 more) ...":"Reboucas","testautonumdata__Com (7 more) ...":"Salesforce.com","testautonumdata__E_m (6 more) ...":"rreboucas@salesforce (4 more) ..."}}|0x4ffacf71
07:36:31.2 (8702256)|VARIABLE_SCOPE_BEGIN|[500]|lcfield|String|false|false
07:36:31.2 (8706169)|VARIABLE_ASSIGNMENT|[500]|lcfield|"id"
07:36:31.2 (8713881)|HEAP_ALLOCATE|[503]|Bytes:5
07:36:31.2 (8717903)|STATEMENT_EXECUTE|[501]
07:36:31.2 (8719209)|STATEMENT_EXECUTE|[503]
07:36:31.2 (8728257)|VARIABLE_SCOPE_BEGIN|[503]|returnValue|String|false|false
07:36:31.2 (8736139)|VARIABLE_ASSIGNMENT|[503]|returnValue|""
07:36:31.2 (8739565)|HEAP_ALLOCATE|[505]|Bytes:1
07:36:31.2 (8764185)|ENTERING_MANAGED_PKG|
07:36:31.2 (8824780)|STATEMENT_EXECUTE|[520]
07:36:31.2 (8857701)|ENTERING_MANAGED_PKG|
07:36:31.2 (8910591)|HEAP_ALLOCATE|[520]|Bytes:4
07:36:31.2 (8939172)|ENTERING_MANAGED_PKG|
07:36:31.2 (8945147)|HEAP_ALLOCATE|[520]|Bytes:18
07:36:31.2 (8962945)|VARIABLE_ASSIGNMENT|[520]|returnValue|"a0MB0000000cQXFMA2"
07:36:31.2 (8966640)|STATEMENT_EXECUTE|[522]
07:36:31.2 (8975063)|METHOD_EXIT|[110]|01pB0000000r382|testautonumdata.Twitter_Lightning_Controller.GetSobjectField(SObject, String)
07:36:31.2 (9024702)|VARIABLE_ASSIGNMENT|[EXTERNAL]|this|{"hasTwitterMemberID":true}|0x3a5e31ea
07:36:31.2 (9035683)|VARIABLE_ASSIGNMENT|[EXTERNAL]|value|"a0MB0000000cQXFMA2"
07:36:31.2 (9058073)|VARIABLE_ASSIGNMENT|[4]|this.salesforceRecordID|"a0MB0000000cQXFMA2"|0x3a5e31ea
07:36:31.2 (9067131)|STATEMENT_EXECUTE|[113]
07:36:31.2 (9068716)|STATEMENT_EXECUTE|[114]
07:36:31.2 (9075212)|METHOD_ENTRY|[114]|01pB0000000r382|testautonumdata.Twitter_Lightning_Controller.GetSobjectField(SObject, String)
07:36:31.2 (9091365)|VARIABLE_SCOPE_BEGIN|[500]|e|SObject|true|false
07:36:31.2 (9110043)|VARIABLE_ASSIGNMENT|[500]|e|{"s":1,"v":{"Id":"a0MB0000000cQXFMA2","testautonumdata__Twi (10 more) ...":"@roreb","testautonumdata__Fir (10 more) ...":"Rodrigo","testautonumdata__Las (9 more) ...":"Reboucas","testautonumdata__Com (7 more) ...":"Salesforce.com","testautonumdata__E_m (6 more) ...":"rreboucas@salesforce (4 more) ..."}}|0x4ffacf71
07:36:31.2 (9113997)|VARIABLE_SCOPE_BEGIN|[500]|lcfield|String|false|false
07:36:31.2 (9117715)|VARIABLE_ASSIGNMENT|[500]|lcfield|"First_Name__c"
07:36:31.2 (9125108)|HEAP_ALLOCATE|[503]|Bytes:5
07:36:31.2 (9128690)|STATEMENT_EXECUTE|[501]
07:36:31.2 (9129855)|STATEMENT_EXECUTE|[503]
07:36:31.2 (9138633)|VARIABLE_SCOPE_BEGIN|[503]|returnValue|String|false|false
07:36:31.2 (9145821)|VARIABLE_ASSIGNMENT|[503]|returnValue|""
07:36:31.2 (9165574)|ENTERING_MANAGED_PKG|
07:36:31.2 (9176236)|STATEMENT_EXECUTE|[520]
07:36:31.2 (9187518)|ENTERING_MANAGED_PKG|
07:36:31.2 (9210020)|HEAP_ALLOCATE|[520]|Bytes:7
07:36:31.2 (9230753)|ENTERING_MANAGED_PKG|
07:36:31.2 (9234897)|HEAP_ALLOCATE|[520]|Bytes:7
07:36:31.2 (9251378)|VARIABLE_ASSIGNMENT|[520]|returnValue|"Rodrigo"
07:36:31.2 (9254697)|STATEMENT_EXECUTE|[522]
07:36:31.2 (9261818)|METHOD_EXIT|[114]|01pB0000000r382|testautonumdata.Twitter_Lightning_Controller.GetSobjectField(SObject, String)
07:36:31.2 (9301189)|VARIABLE_ASSIGNMENT|[EXTERNAL]|this|{"hasTwitterMemberID":true,"salesforceRecordID":"a0MB0000000cQXFMA2"}|0x3a5e31ea
07:36:31.2 (9307352)|VARIABLE_ASSIGNMENT|[EXTERNAL]|value|"Rodrigo"
07:36:31.2 (9325959)|VARIABLE_ASSIGNMENT|[12]|this.firstName|"Rodrigo"|0x3a5e31ea
07:36:31.2 (9334110)|STATEMENT_EXECUTE|[117]
07:36:31.2 (9335556)|STATEMENT_EXECUTE|[118]
07:36:31.2 (9341430)|METHOD_ENTRY|[118]|01pB0000000r382|testautonumdata.Twitter_Lightning_Controller.GetSobjectField(SObject, String)
07:36:31.2 (9357170)|VARIABLE_SCOPE_BEGIN|[500]|e|SObject|true|false
07:36:31.2 (9374576)|VARIABLE_ASSIGNMENT|[500]|e|{"s":1,"v":{"Id":"a0MB0000000cQXFMA2","testautonumdata__Twi (10 more) ...":"@roreb","testautonumdata__Fir (10 more) ...":"Rodrigo","testautonumdata__Las (9 more) ...":"Reboucas","testautonumdata__Com (7 more) ...":"Salesforce.com","testautonumdata__E_m (6 more) ...":"rreboucas@salesforce (4 more) ..."}}|0x4ffacf71
07:36:31.2 (9378214)|VARIABLE_SCOPE_BEGIN|[500]|lcfield|String|false|false
07:36:31.2 (9381730)|VARIABLE_ASSIGNMENT|[500]|lcfield|"Last_Name__c"
07:36:31.2 (9388869)|HEAP_ALLOCATE|[503]|Bytes:5
07:36:31.2 (9392397)|STATEMENT_EXECUTE|[501]
07:36:31.2 (9393615)|STATEMENT_EXECUTE|[503]
07:36:31.2 (9401857)|VARIABLE_SCOPE_BEGIN|[503]|returnValue|String|false|false
07:36:31.2 (9409181)|VARIABLE_ASSIGNMENT|[503]|returnValue|""
07:36:31.2 (9428353)|ENTERING_MANAGED_PKG|
07:36:31.2 (9438780)|STATEMENT_EXECUTE|[520]
07:36:31.2 (9450030)|ENTERING_MANAGED_PKG|
07:36:31.2 (9471314)|HEAP_ALLOCATE|[520]|Bytes:8
07:36:31.2 (9491615)|ENTERING_MANAGED_PKG|
07:36:31.2 (9495669)|HEAP_ALLOCATE|[520]|Bytes:8
07:36:31.2 (9511960)|VARIABLE_ASSIGNMENT|[520]|returnValue|"Reboucas"
07:36:31.2 (9515057)|STATEMENT_EXECUTE|[522]
07:36:31.2 (9522068)|METHOD_EXIT|[118]|01pB0000000r382|testautonumdata.Twitter_Lightning_Controller.GetSobjectField(SObject, String)
07:36:31.2 (9576702)|VARIABLE_ASSIGNMENT|[EXTERNAL]|this|{"firstName":"Rodrigo","hasTwitterMemberID":true,"salesforceRecordID":"a0MB0000000cQXFMA2"}|0x3a5e31ea
07:36:31.2 (9587084)|VARIABLE_ASSIGNMENT|[EXTERNAL]|value|"Reboucas"
07:36:31.2 (9616885)|VARIABLE_ASSIGNMENT|[14]|this.lastName|"Reboucas"|0x3a5e31ea
07:36:31.2 (9627089)|STATEMENT_EXECUTE|[121]
07:36:31.2 (9628715)|STATEMENT_EXECUTE|[122]
07:36:31.2 (9635465)|METHOD_ENTRY|[122]|01pB0000000r382|testautonumdata.Twitter_Lightning_Controller.GetSobjectField(SObject, String)
07:36:31.2 (9651704)|VARIABLE_SCOPE_BEGIN|[500]|e|SObject|true|false
07:36:31.2 (9670030)|VARIABLE_ASSIGNMENT|[500]|e|{"s":1,"v":{"Id":"a0MB0000000cQXFMA2","testautonumdata__Twi (10 more) ...":"@roreb","testautonumdata__Fir (10 more) ...":"Rodrigo","testautonumdata__Las (9 more) ...":"Reboucas","testautonumdata__Com (7 more) ...":"Salesforce.com","testautonumdata__E_m (6 more) ...":"rreboucas@salesforce (4 more) ..."}}|0x4ffacf71
07:36:31.2 (9674078)|VARIABLE_SCOPE_BEGIN|[500]|lcfield|String|false|false
07:36:31.2 (9677581)|VARIABLE_ASSIGNMENT|[500]|lcfield|"Company__c"
07:36:31.2 (9684954)|HEAP_ALLOCATE|[503]|Bytes:5
07:36:31.2 (9688500)|STATEMENT_EXECUTE|[501]
07:36:31.2 (9689838)|STATEMENT_EXECUTE|[503]
07:36:31.2 (9698441)|VARIABLE_SCOPE_BEGIN|[503]|returnValue|String|false|false
07:36:31.2 (9705713)|VARIABLE_ASSIGNMENT|[503]|returnValue|""
07:36:31.2 (9725592)|ENTERING_MANAGED_PKG|
07:36:31.2 (9735824)|STATEMENT_EXECUTE|[520]
07:36:31.2 (9747075)|ENTERING_MANAGED_PKG|
07:36:31.2 (9768464)|HEAP_ALLOCATE|[520]|Bytes:14
07:36:31.2 (9789007)|ENTERING_MANAGED_PKG|
07:36:31.2 (9793074)|HEAP_ALLOCATE|[520]|Bytes:14
07:36:31.2 (9809770)|VARIABLE_ASSIGNMENT|[520]|returnValue|"Salesforce.com"
07:36:31.2 (9813266)|STATEMENT_EXECUTE|[522]
07:36:31.2 (9820301)|METHOD_EXIT|[122]|01pB0000000r382|testautonumdata.Twitter_Lightning_Controller.GetSobjectField(SObject, String)
07:36:31.2 (9860090)|VARIABLE_ASSIGNMENT|[EXTERNAL]|this|{"firstName":"Rodrigo","hasTwitterMemberID":true,"lastName":"Reboucas","salesforceRecordID":"a0MB0000000cQXFMA2"}|0x3a5e31ea
07:36:31.2 (9866215)|VARIABLE_ASSIGNMENT|[EXTERNAL]|value|"Salesforce.com"
07:36:31.2 (9884275)|VARIABLE_ASSIGNMENT|[16]|this.companyName|"Salesforce.com"|0x3a5e31ea
07:36:31.2 (9892492)|STATEMENT_EXECUTE|[126]
07:36:31.2 (9894046)|STATEMENT_EXECUTE|[127]
07:36:31.2 (9899947)|METHOD_ENTRY|[127]|01pB0000000r382|testautonumdata.Twitter_Lightning_Controller.GetSobjectField(SObject, String)
07:36:31.2 (9914838)|VARIABLE_SCOPE_BEGIN|[500]|e|SObject|true|false
07:36:31.2 (9931616)|VARIABLE_ASSIGNMENT|[500]|e|{"s":1,"v":{"Id":"a0MB0000000cQXFMA2","testautonumdata__Twi (10 more) ...":"@roreb","testautonumdata__Fir (10 more) ...":"Rodrigo","testautonumdata__Las (9 more) ...":"Reboucas","testautonumdata__Com (7 more) ...":"Salesforce.com","testautonumdata__E_m (6 more) ...":"rreboucas@salesforce (4 more) ..."}}|0x4ffacf71
07:36:31.2 (9935128)|VARIABLE_SCOPE_BEGIN|[500]|lcfield|String|false|false
07:36:31.2 (9939115)|VARIABLE_ASSIGNMENT|[500]|lcfield|"E_mail__c"
07:36:31.2 (9946350)|HEAP_ALLOCATE|[503]|Bytes:5
07:36:31.2 (9949737)|STATEMENT_EXECUTE|[501]
07:36:31.2 (9951004)|STATEMENT_EXECUTE|[503]
07:36:31.2 (9959447)|VARIABLE_SCOPE_BEGIN|[503]|returnValue|String|false|false
07:36:31.2 (9966317)|VARIABLE_ASSIGNMENT|[503]|returnValue|""
07:36:31.2 (9985071)|ENTERING_MANAGED_PKG|
07:36:31.2 (9995510)|STATEMENT_EXECUTE|[520]
07:36:31.2 (10006588)|ENTERING_MANAGED_PKG|
07:36:31.2 (10028629)|HEAP_ALLOCATE|[520]|Bytes:24
07:36:31.2 (10054373)|ENTERING_MANAGED_PKG|
07:36:31.2 (10058758)|HEAP_ALLOCATE|[520]|Bytes:24
07:36:31.2 (10076448)|VARIABLE_ASSIGNMENT|[520]|returnValue|"rreboucas@salesforce (4 more) ..."
07:36:31.2 (10079820)|STATEMENT_EXECUTE|[522]
07:36:31.2 (10087180)|METHOD_EXIT|[127]|01pB0000000r382|testautonumdata.Twitter_Lightning_Controller.GetSobjectField(SObject, String)
07:36:31.2 (10129356)|VARIABLE_ASSIGNMENT|[EXTERNAL]|this|{"companyName":"Salesforce.com","firstName":"Rodrigo","hasTwitterMemberID":true,"lastName":"Reboucas","salesforceRecordID":"a0MB0000000cQXFMA2"}|0x3a5e31ea
07:36:31.2 (10136293)|VARIABLE_ASSIGNMENT|[EXTERNAL]|value|"rreboucas@salesforce (4 more) ..."
07:36:31.2 (10155702)|VARIABLE_ASSIGNMENT|[18]|this.email|"rreboucas@salesforce (4 more) ..."|0x3a5e31ea
07:36:31.2 (10163892)|STATEMENT_EXECUTE|[131]
07:36:31.2 (10165495)|STATEMENT_EXECUTE|[132]
07:36:31.2 (10183153)|METHOD_ENTRY|[132]|01pB0000000r382|testautonumdata.Twitter_Lightning_Controller.GetSobjectField(SObject, String)
07:36:31.2 (10207898)|VARIABLE_SCOPE_BEGIN|[500]|e|SObject|true|false
07:36:31.2 (10233279)|VARIABLE_ASSIGNMENT|[500]|e|{"s":1,"v":{"Id":"a0MB0000000cQXFMA2","testautonumdata__Twi (10 more) ...":"@roreb","testautonumdata__Fir (10 more) ...":"Rodrigo","testautonumdata__Las (9 more) ...":"Reboucas","testautonumdata__Com (7 more) ...":"Salesforce.com","testautonumdata__E_m (6 more) ...":"rreboucas@salesforce (4 more) ..."}}|0x4ffacf71
07:36:31.2 (10238092)|VARIABLE_SCOPE_BEGIN|[500]|lcfield|String|false|false
07:36:31.2 (10242119)|VARIABLE_ASSIGNMENT|[500]|lcfield|"Twitter_ID__c"
07:36:31.2 (10249883)|HEAP_ALLOCATE|[503]|Bytes:5
07:36:31.2 (10253995)|STATEMENT_EXECUTE|[501]
07:36:31.2 (10255320)|STATEMENT_EXECUTE|[503]
07:36:31.2 (10264973)|VARIABLE_SCOPE_BEGIN|[503]|returnValue|String|false|false
07:36:31.2 (10272087)|VARIABLE_ASSIGNMENT|[503]|returnValue|""
07:36:31.2 (10292170)|ENTERING_MANAGED_PKG|
07:36:31.2 (10302755)|STATEMENT_EXECUTE|[520]
07:36:31.2 (10314090)|ENTERING_MANAGED_PKG|
07:36:31.2 (10335626)|HEAP_ALLOCATE|[520]|Bytes:6
07:36:31.2 (10356095)|ENTERING_MANAGED_PKG|
07:36:31.2 (10360213)|HEAP_ALLOCATE|[520]|Bytes:6
07:36:31.2 (10376340)|VARIABLE_ASSIGNMENT|[520]|returnValue|"@roreb"
07:36:31.2 (10379549)|STATEMENT_EXECUTE|[522]
07:36:31.2 (10386628)|METHOD_EXIT|[132]|01pB0000000r382|testautonumdata.Twitter_Lightning_Controller.GetSobjectField(SObject, String)
07:36:31.2 (10440944)|VARIABLE_ASSIGNMENT|[EXTERNAL]|this|{"companyName":"Salesforce.com","email":"rreboucas@salesforce (4 more) ...","firstName":"Rodrigo","hasTwitterMemberID":true,"lastName":"Reboucas","salesforceRecordID":"a0MB0000000cQXFMA2"}|0x3a5e31ea
07:36:31.2 (10447044)|VARIABLE_ASSIGNMENT|[EXTERNAL]|value|"@roreb"
07:36:31.2 (10467101)|VARIABLE_ASSIGNMENT|[8]|this.twitterName|"@roreb"|0x3a5e31ea
07:36:31.2 (10475255)|STATEMENT_EXECUTE|[143]
07:36:31.2 (10488336)|SYSTEM_MODE_EXIT|false
07:36:31.10 (10530887)|CUMULATIVE_LIMIT_USAGE
07:36:31.10 (10530887)|LIMIT_USAGE_FOR_NS|(default)|
  Number of SOQL queries: 0 out of 100
  Number of query rows: 0 out of 50000
  Number of SOSL queries: 0 out of 20
  Number of DML statements: 0 out of 150
  Number of DML rows: 0 out of 10000
  Maximum CPU time: 0 out of 10000
  Maximum heap size: 0 out of 6000000
  Number of callouts: 0 out of 100
  Number of Email Invocations: 0 out of 10
  Number of future calls: 0 out of 50
  Number of queueable jobs added to the queue: 0 out of 50
  Number of Mobile Apex push calls: 0 out of 10

07:36:31.10 (10530887)|LIMIT_USAGE_FOR_NS|testautonumdata|
  Number of SOQL queries: 1 out of 100
  Number of query rows: 1 out of 50000
  Number of SOSL queries: 0 out of 20
  Number of DML statements: 0 out of 150
  Number of DML rows: 0 out of 10000
  Maximum CPU time: 0 out of 10000
  Maximum heap size: 0 out of 6000000
  Number of callouts: 0 out of 100
  Number of Email Invocations: 0 out of 10
  Number of future calls: 0 out of 50
  Number of queueable jobs added to the queue: 0 out of 50
  Number of Mobile Apex push calls: 0 out of 10

07:36:31.10 (10530887)|CUMULATIVE_LIMIT_USAGE_END

07:36:31.2 (10606471)|CODE_UNIT_FINISHED|Twitter_Lightning_Controller.getRecordDetails
07:36:31.12 (12282494)|USER_INFO|[EXTERNAL]|005B0000001VpZR|rreboucas-yi5c@force.com|Pacific Standard Time|GMT-07:00
07:36:31.12 (12292690)|CODE_UNIT_STARTED|[EXTERNAL]|Aura
07:36:31.12 (12387169)|CODE_UNIT_FINISHED|Aura
