37.0 APEX_CODE,FINEST;APEX_PROFILING,INFO;CALLOUT,INFO;DB,INFO;SYSTEM,DEBUG;VALIDATION,INFO;VISUALFORCE,INFO;WORKFLOW,INFO
11:18:50.0 (126715)|USER_INFO|[EXTERNAL]|005B00000021dad|elisabeth.brooks@df16recruitment.dev|Pacific Standard Time|GMT-07:00
11:18:50.0 (179577)|EXECUTION_STARTED
11:18:50.0 (193648)|CODE_UNIT_STARTED|[EXTERNAL]|01pB0000000rC4C|CandidateDropDownController.findAll
11:18:50.0 (403029)|HEAP_ALLOCATE|[72]|Bytes:3
11:18:50.0 (476046)|HEAP_ALLOCATE|[77]|Bytes:152
11:18:50.0 (499093)|HEAP_ALLOCATE|[342]|Bytes:408
11:18:50.0 (521246)|HEAP_ALLOCATE|[355]|Bytes:408
11:18:50.0 (543361)|HEAP_ALLOCATE|[467]|Bytes:48
11:18:50.0 (578904)|HEAP_ALLOCATE|[139]|Bytes:6
11:18:50.0 (692807)|HEAP_ALLOCATE|[EXTERNAL]|Bytes:6
11:18:50.0 (721742)|METHOD_ENTRY|[1]|01pB0000000rC4C|CandidateDropDownController.CandidateDropDownController()
11:18:50.0 (738244)|STATEMENT_EXECUTE|[1]
11:18:50.0 (768703)|STATEMENT_EXECUTE|[1]
11:18:50.0 (825626)|HEAP_ALLOCATE|[50]|Bytes:5
11:18:50.0 (867465)|HEAP_ALLOCATE|[56]|Bytes:5
11:18:50.0 (885188)|HEAP_ALLOCATE|[64]|Bytes:7
11:18:50.0 (931188)|SYSTEM_MODE_ENTER|false
11:18:50.0 (954214)|HEAP_ALLOCATE|[EXTERNAL]|Bytes:5
11:18:50.0 (970957)|SYSTEM_MODE_EXIT|false
11:18:50.0 (985353)|METHOD_EXIT|[1]|CandidateDropDownController
11:18:50.0 (1001140)|SYSTEM_MODE_ENTER|false
11:18:50.0 (1008450)|VARIABLE_SCOPE_BEGIN|[4]|objectApiName|String|false|false
11:18:50.0 (1043811)|VARIABLE_ASSIGNMENT|[4]|objectApiName|null
11:18:50.0 (1060814)|HEAP_ALLOCATE|[5]|Bytes:5
11:18:50.0 (1068072)|STATEMENT_EXECUTE|[4]
11:18:50.0 (1070933)|STATEMENT_EXECUTE|[5]
11:18:50.0 (1075253)|HEAP_ALLOCATE|[5]|Bytes:42
11:18:50.0 (1089456)|HEAP_ALLOCATE|[5]|Bytes:4
11:18:50.0 (1783238)|SOQL_EXECUTE_BEGIN|[5]|Aggregations:0|SELECT id, name FROM Candidate__c LIMIT 50
11:18:50.0 (6422045)|SOQL_EXECUTE_END|[5]|Rows:10
11:18:50.0 (6470343)|HEAP_ALLOCATE|[5]|Bytes:44
11:18:50.0 (6509036)|HEAP_ALLOCATE|[5]|Bytes:490
11:18:50.0 (6628834)|HEAP_ALLOCATE|[5]|Bytes:44
11:18:50.0 (6650057)|SYSTEM_MODE_EXIT|false
11:18:50.6 (6698990)|CUMULATIVE_LIMIT_USAGE
11:18:50.6 (6698990)|LIMIT_USAGE_FOR_NS|(default)|
  Number of SOQL queries: 0 out of 100
  Number of query rows: 0 out of 50000
  Number of SOSL queries: 0 out of 20
  Number of DML statements: 0 out of 150
  Number of DML rows: 0 out of 10000
  Maximum CPU time: 0 out of 10000
  Maximum heap size: 0 out of 6000000
  Number of callouts: 0 out of 100
  Number of Email Invocations: 0 out of 10
  Number of future calls: 0 out of 50
  Number of queueable jobs added to the queue: 0 out of 50
  Number of Mobile Apex push calls: 0 out of 10

11:18:50.6 (6698990)|LIMIT_USAGE_FOR_NS|testautonumdata|
  Number of SOQL queries: 1 out of 100
  Number of query rows: 10 out of 50000
  Number of SOSL queries: 0 out of 20
  Number of DML statements: 0 out of 150
  Number of DML rows: 0 out of 10000
  Maximum CPU time: 0 out of 10000
  Maximum heap size: 0 out of 6000000
  Number of callouts: 0 out of 100
  Number of Email Invocations: 0 out of 10
  Number of future calls: 0 out of 50
  Number of queueable jobs added to the queue: 0 out of 50
  Number of Mobile Apex push calls: 0 out of 10

11:18:50.6 (6698990)|CUMULATIVE_LIMIT_USAGE_END

11:18:50.0 (6880468)|CODE_UNIT_FINISHED|CandidateDropDownController.findAll
11:18:50.0 (10261564)|EXECUTION_FINISHED
