38.0 APEX_CODE,FINEST;APEX_PROFILING,INFO;CALLOUT,INFO;DB,INFO;SYSTEM,DEBUG;VALIDATION,INFO;VISUALFORCE,INFO;WORKFLOW,INFO
09:23:22.0 (85517)|USER_INFO|[EXTERNAL]|005B0000001VpZR|rreboucas-yi5c@force.com|Pacific Standard Time|GMT-07:00
09:23:22.2 (2398242)|CODE_UNIT_STARTED|[EXTERNAL]|01pB0000000r382|Twitter_Lightning_Controller.getRecordDetails
09:23:22.2 (2454536)|VARIABLE_SCOPE_BEGIN|[3]|Twitter_Lightning_Controller.mapObjectsFields|Map<String,Set<String>>|true|true
09:23:22.2 (2526384)|HEAP_ALLOCATE|[EXTERNAL]|Bytes:384
09:23:22.2 (2535241)|HEAP_ALLOCATE|[EXTERNAL]|Bytes:56
09:23:22.2 (2539685)|HEAP_ALLOCATE|[EXTERNAL]|Bytes:114
09:23:22.2 (2565389)|METHOD_ENTRY|[1]|01pB0000000r382|Twitter_Lightning_Controller.Twitter_Lightning_Controller()
09:23:22.2 (2576147)|STATEMENT_EXECUTE|[1]
09:23:22.2 (2584221)|STATEMENT_EXECUTE|[1]
09:23:22.2 (2624776)|HEAP_ALLOCATE|[50]|Bytes:5
09:23:22.2 (2647820)|HEAP_ALLOCATE|[56]|Bytes:5
09:23:22.2 (2656881)|HEAP_ALLOCATE|[64]|Bytes:7
09:23:22.2 (2685443)|SYSTEM_MODE_ENTER|false
09:23:22.2 (2710046)|HEAP_ALLOCATE|[3]|Bytes:5
09:23:22.2 (2717732)|STATEMENT_EXECUTE|[3]
09:23:22.2 (2755795)|VARIABLE_ASSIGNMENT|[3]|Twitter_Lightning_Controller.mapObjectsFields|null|
09:23:22.2 (2763891)|SYSTEM_MODE_EXIT|false
09:23:22.2 (2777862)|METHOD_EXIT|[1]|Twitter_Lightning_Controller
09:23:22.2 (2784852)|HEAP_ALLOCATE|[EXTERNAL]|Bytes:18
09:23:22.2 (2787372)|HEAP_ALLOCATE|[EXTERNAL]|Bytes:29
09:23:22.2 (2788686)|HEAP_ALLOCATE|[EXTERNAL]|Bytes:30
09:23:22.2 (2796128)|SYSTEM_MODE_ENTER|false
09:23:22.2 (2801285)|VARIABLE_SCOPE_BEGIN|[82]|recordID|String|false|false
09:23:22.2 (2811086)|VARIABLE_ASSIGNMENT|[82]|recordID|"a0MB0000000cQXFMA2"
09:23:22.2 (2813654)|VARIABLE_SCOPE_BEGIN|[82]|objectApiName|String|false|false
09:23:22.2 (2818897)|VARIABLE_ASSIGNMENT|[82]|objectApiName|"testautonumdata__Can (9 more) ..."
09:23:22.2 (2821158)|VARIABLE_SCOPE_BEGIN|[82]|twitterIDFieldApiName|String|false|false
09:23:22.2 (2824917)|VARIABLE_ASSIGNMENT|[82]|twitterIDFieldApiName|"testautonumdata__Twi (10 more) ..."
09:23:22.2 (2827249)|VARIABLE_SCOPE_BEGIN|[82]|firstName|String|false|false
09:23:22.2 (2830174)|VARIABLE_ASSIGNMENT|[82]|firstName|null
09:23:22.2 (2832107)|VARIABLE_SCOPE_BEGIN|[82]|lastName|String|false|false
09:23:22.2 (2834510)|VARIABLE_ASSIGNMENT|[82]|lastName|null
09:23:22.2 (2836266)|VARIABLE_SCOPE_BEGIN|[82]|companyName|String|false|false
09:23:22.2 (2842330)|VARIABLE_ASSIGNMENT|[82]|companyName|null
09:23:22.2 (2844574)|VARIABLE_SCOPE_BEGIN|[82]|email|String|false|false
09:23:22.2 (2847149)|VARIABLE_ASSIGNMENT|[82]|email|null
09:23:22.2 (2860618)|HEAP_ALLOCATE|[84]|Bytes:5
09:23:22.2 (2864862)|STATEMENT_EXECUTE|[82]
09:23:22.2 (2866268)|STATEMENT_EXECUTE|[84]
09:23:22.2 (2872824)|VARIABLE_SCOPE_BEGIN|[84]|hasTwitterMemberID|Boolean|false|false
09:23:22.2 (2876239)|HEAP_ALLOCATE|[84]|Bytes:5
09:23:22.2 (2881191)|VARIABLE_ASSIGNMENT|[84]|hasTwitterMemberID|false
09:23:22.2 (2883171)|STATEMENT_EXECUTE|[85]
09:23:22.2 (2890100)|HEAP_ALLOCATE|[85]|Bytes:64
09:23:22.2 (2906879)|CONSTRUCTOR_ENTRY|[85]|01pB0000000r382|<init>()
09:23:22.2 (2938487)|VARIABLE_SCOPE_BEGIN|[1]|this|testautonumdata.Twitter_Lightning_Controller|true|false
09:23:22.2 (3000264)|VARIABLE_ASSIGNMENT|[1]|this|{}|0x3f0fbf24
09:23:22.2 (3011039)|HEAP_ALLOCATE|[EXTERNAL]|Bytes:5
09:23:22.2 (3020586)|HEAP_ALLOCATE|[EXTERNAL]|Bytes:6
09:23:22.2 (3046627)|STATEMENT_EXECUTE|[1]
09:23:22.2 (3051776)|HEAP_ALLOCATE|[EXTERNAL]|Bytes:5
09:23:22.2 (3054228)|STATEMENT_EXECUTE|[6]
09:23:22.2 (3055631)|STATEMENT_EXECUTE|[8]
09:23:22.2 (3056610)|STATEMENT_EXECUTE|[10]
09:23:22.2 (3057573)|STATEMENT_EXECUTE|[12]
09:23:22.2 (3058559)|STATEMENT_EXECUTE|[14]
09:23:22.2 (3059761)|STATEMENT_EXECUTE|[16]
09:23:22.2 (3060811)|STATEMENT_EXECUTE|[18]
09:23:22.2 (3061782)|STATEMENT_EXECUTE|[20]
09:23:22.2 (3062667)|STATEMENT_EXECUTE|[22]
09:23:22.2 (3063772)|STATEMENT_EXECUTE|[24]
09:23:22.2 (3064858)|STATEMENT_EXECUTE|[26]
09:23:22.2 (3065746)|STATEMENT_EXECUTE|[28]
09:23:22.2 (3066624)|STATEMENT_EXECUTE|[30]
09:23:22.2 (3067584)|STATEMENT_EXECUTE|[32]
09:23:22.2 (3068511)|STATEMENT_EXECUTE|[34]
09:23:22.2 (3078632)|CONSTRUCTOR_EXIT|[85]|01pB0000000r382|<init>()
09:23:22.2 (3083589)|VARIABLE_SCOPE_BEGIN|[85]|returnRec|testautonumdata.Twitter_Lightning_Controller|true|false
09:23:22.2 (3110599)|VARIABLE_ASSIGNMENT|[85]|returnRec|{}|0x3f0fbf24
09:23:22.2 (3113141)|STATEMENT_EXECUTE|[88]
09:23:22.2 (3118158)|HEAP_ALLOCATE|[88]|Bytes:4
09:23:22.2 (3146709)|VARIABLE_ASSIGNMENT|[88]|Twitter_Lightning_Controller.mapObjectsFields|{"s":1,"v":{}}|0x78eb8755
09:23:22.2 (3169693)|ENTERING_MANAGED_PKG|
09:23:22.2 (3207606)|STATEMENT_EXECUTE|[91]
09:23:22.2 (3209785)|STATEMENT_EXECUTE|[92]
09:23:22.2 (3213684)|HEAP_ALLOCATE|[92]|Bytes:9
09:23:22.2 (3218996)|VARIABLE_SCOPE_BEGIN|[92]|soql|String|false|false
09:23:22.2 (3226463)|VARIABLE_ASSIGNMENT|[92]|soql|"Select id"
09:23:22.2 (3228322)|STATEMENT_EXECUTE|[93]
09:23:22.2 (3230459)|HEAP_ALLOCATE|[93]|Bytes:2
09:23:22.2 (3369718)|HEAP_ALLOCATE|[93]|Bytes:19
09:23:22.2 (3378362)|HEAP_ALLOCATE|[93]|Bytes:28
09:23:22.2 (3391164)|METHOD_ENTRY|[1]|01pB0000000ljzx|Sparkle_Helper.Sparkle_Helper()
09:23:22.2 (3393810)|STATEMENT_EXECUTE|[1]
09:23:22.2 (3397410)|STATEMENT_EXECUTE|[1]
09:23:22.2 (3403766)|HEAP_ALLOCATE|[93]|Bytes:5
09:23:22.2 (3414186)|METHOD_EXIT|[1]|Sparkle_Helper
09:23:22.2 (3430132)|METHOD_ENTRY|[93]|01pB0000000ljzx|testautonumdata.Sparkle_Helper.AddFieldToObjectsMap(String, String, Map<String,Set<String>>)
09:23:22.2 (3445510)|VARIABLE_SCOPE_BEGIN|[107]|fieldName|String|false|false
09:23:22.2 (3452552)|VARIABLE_ASSIGNMENT|[107]|fieldName|"Id"
09:23:22.2 (3454728)|VARIABLE_SCOPE_BEGIN|[107]|initialObjectName|String|false|false
09:23:22.2 (3459330)|VARIABLE_ASSIGNMENT|[107]|initialObjectName|"testautonumdata__Can (9 more) ..."
09:23:22.2 (3461222)|VARIABLE_SCOPE_BEGIN|[107]|theMap|Map<String,Set<String>>|true|false
09:23:22.2 (3471288)|VARIABLE_ASSIGNMENT|[107]|theMap|{"s":1,"v":{}}|0x78eb8755
09:23:22.2 (3479626)|HEAP_ALLOCATE|[109]|Bytes:5
09:23:22.2 (3484366)|STATEMENT_EXECUTE|[108]
09:23:22.2 (3487395)|HEAP_ALLOCATE|[109]|Bytes:1
09:23:22.2 (3507464)|ENTERING_MANAGED_PKG|
09:23:22.2 (3543472)|STATEMENT_EXECUTE|[150]
09:23:22.2 (3554270)|METHOD_ENTRY|[150]|01pB0000000ljzx|testautonumdata.Sparkle_Helper.AddFieldToMap(String, String, Map<String,Set<String>>)
09:23:22.2 (3581088)|VARIABLE_SCOPE_BEGIN|[157]|fieldName|String|false|false
09:23:22.2 (3587585)|VARIABLE_ASSIGNMENT|[157]|fieldName|"Id"
09:23:22.2 (3589927)|VARIABLE_SCOPE_BEGIN|[157]|ObjectName|String|false|false
09:23:22.2 (3594475)|VARIABLE_ASSIGNMENT|[157]|ObjectName|"testautonumdata__Can (9 more) ..."
09:23:22.2 (3596453)|VARIABLE_SCOPE_BEGIN|[157]|theMap|Map<String,Set<String>>|true|false
09:23:22.2 (3605676)|VARIABLE_ASSIGNMENT|[157]|theMap|{"s":1,"v":{}}|0x78eb8755
09:23:22.2 (3616913)|HEAP_ALLOCATE|[160]|Bytes:5
09:23:22.2 (3621315)|STATEMENT_EXECUTE|[158]
09:23:22.2 (3635389)|ENTERING_MANAGED_PKG|
09:23:22.2 (3666280)|STATEMENT_EXECUTE|[167]
09:23:22.2 (3668441)|STATEMENT_EXECUTE|[168]
09:23:22.2 (3721595)|HEAP_ALLOCATE|[168]|Bytes:4
09:23:22.2 (3739562)|ENTERING_MANAGED_PKG|
09:23:22.2 (3762161)|VARIABLE_SCOPE_BEGIN|[168]|newFieldSet|Set<String>|true|false
09:23:22.2 (3798391)|VARIABLE_ASSIGNMENT|[168]|newFieldSet|{"s":1,"v":[]}|0x5f9ca3a5
09:23:22.2 (3802885)|STATEMENT_EXECUTE|[169]
09:23:22.2 (3816960)|ENTERING_MANAGED_PKG|
09:23:22.2 (3838601)|HEAP_ALLOCATE|[EXTERNAL]|Bytes:4
09:23:22.2 (3849777)|STATEMENT_EXECUTE|[170]
09:23:22.2 (3859696)|ENTERING_MANAGED_PKG|
09:23:22.2 (3886933)|HEAP_ALLOCATE|[EXTERNAL]|Bytes:-4
09:23:22.2 (3902082)|METHOD_EXIT|[150]|01pB0000000ljzx|testautonumdata.Sparkle_Helper.AddFieldToMap(String, String, Map<String,Set<String>>)
09:23:22.2 (3908593)|METHOD_EXIT|[93]|01pB0000000ljzx|testautonumdata.Sparkle_Helper.AddFieldToObjectsMap(String, String, Map<String,Set<String>>)
09:23:22.2 (3912578)|STATEMENT_EXECUTE|[95]
09:23:22.2 (3914096)|STATEMENT_EXECUTE|[96]
09:23:22.2 (3917575)|HEAP_ALLOCATE|[96]|Bytes:2
09:23:22.2 (3935978)|ENTERING_MANAGED_PKG|
09:23:22.2 (3954001)|HEAP_ALLOCATE|[96]|Bytes:30
09:23:22.2 (3971457)|HEAP_ALLOCATE|[96]|Bytes:32
09:23:22.2 (3976237)|HEAP_ALLOCATE|[96]|Bytes:41
09:23:22.2 (3985323)|VARIABLE_ASSIGNMENT|[96]|soql|"Select id, testauton (21 more) ..."
09:23:22.2 (3988060)|STATEMENT_EXECUTE|[97]
09:23:22.2 (3998039)|METHOD_ENTRY|[97]|01pB0000000ljzx|testautonumdata.Sparkle_Helper.AddFieldToObjectsMap(String, String, Map<String,Set<String>>)
09:23:22.2 (4010453)|VARIABLE_SCOPE_BEGIN|[107]|fieldName|String|false|false
09:23:22.2 (4017542)|VARIABLE_ASSIGNMENT|[107]|fieldName|"testautonumdata__Twi (10 more) ..."
09:23:22.2 (4019656)|VARIABLE_SCOPE_BEGIN|[107]|initialObjectName|String|false|false
09:23:22.2 (4023683)|VARIABLE_ASSIGNMENT|[107]|initialObjectName|"testautonumdata__Can (9 more) ..."
09:23:22.2 (4025346)|VARIABLE_SCOPE_BEGIN|[107]|theMap|Map<String,Set<String>>|true|false
09:23:22.2 (4041972)|VARIABLE_ASSIGNMENT|[107]|theMap|{"s":1,"v":{"testautonumdata__Can (9 more) ...":{"s":2,"v":["Id"]}}}|0x78eb8755
09:23:22.2 (4050838)|HEAP_ALLOCATE|[109]|Bytes:5
09:23:22.2 (4054902)|STATEMENT_EXECUTE|[108]
09:23:22.2 (4069441)|ENTERING_MANAGED_PKG|
09:23:22.2 (4081489)|STATEMENT_EXECUTE|[150]
09:23:22.2 (4087606)|METHOD_ENTRY|[150]|01pB0000000ljzx|testautonumdata.Sparkle_Helper.AddFieldToMap(String, String, Map<String,Set<String>>)
09:23:22.2 (4091086)|VARIABLE_SCOPE_BEGIN|[157]|fieldName|String|false|false
09:23:22.2 (4098200)|VARIABLE_ASSIGNMENT|[157]|fieldName|"testautonumdata__Twi (10 more) ..."
09:23:22.2 (4100084)|VARIABLE_SCOPE_BEGIN|[157]|ObjectName|String|false|false
09:23:22.2 (4103664)|VARIABLE_ASSIGNMENT|[157]|ObjectName|"testautonumdata__Can (9 more) ..."
09:23:22.2 (4105295)|VARIABLE_SCOPE_BEGIN|[157]|theMap|Map<String,Set<String>>|true|false
09:23:22.2 (4120311)|VARIABLE_ASSIGNMENT|[157]|theMap|{"s":1,"v":{"testautonumdata__Can (9 more) ...":{"s":2,"v":["Id"]}}}|0x78eb8755
09:23:22.2 (4127816)|HEAP_ALLOCATE|[160]|Bytes:5
09:23:22.2 (4131438)|STATEMENT_EXECUTE|[158]
09:23:22.2 (4139786)|ENTERING_MANAGED_PKG|
09:23:22.2 (4146958)|STATEMENT_EXECUTE|[161]
09:23:22.2 (4148336)|STATEMENT_EXECUTE|[162]
09:23:22.2 (4154788)|ENTERING_MANAGED_PKG|
09:23:22.2 (4184791)|VARIABLE_SCOPE_BEGIN|[162]|existingFieldSet|Set<String>|true|false
09:23:22.2 (4200685)|VARIABLE_ASSIGNMENT|[162]|existingFieldSet|{"s":1,"v":["Id"]}|0x5f9ca3a5
09:23:22.2 (4204764)|STATEMENT_EXECUTE|[163]
09:23:22.2 (4215583)|ENTERING_MANAGED_PKG|
09:23:22.2 (4234802)|HEAP_ALLOCATE|[EXTERNAL]|Bytes:4
09:23:22.2 (4243711)|STATEMENT_EXECUTE|[164]
09:23:22.2 (4252295)|ENTERING_MANAGED_PKG|
09:23:22.2 (4288794)|METHOD_EXIT|[150]|01pB0000000ljzx|testautonumdata.Sparkle_Helper.AddFieldToMap(String, String, Map<String,Set<String>>)
09:23:22.2 (4295691)|METHOD_EXIT|[97]|01pB0000000ljzx|testautonumdata.Sparkle_Helper.AddFieldToObjectsMap(String, String, Map<String,Set<String>>)
09:23:22.2 (4299722)|STATEMENT_EXECUTE|[100]
09:23:22.2 (4302069)|STATEMENT_EXECUTE|[105]
09:23:22.2 (4303550)|STATEMENT_EXECUTE|[110]
09:23:22.2 (4305103)|STATEMENT_EXECUTE|[115]
09:23:22.2 (4306177)|STATEMENT_EXECUTE|[121]
09:23:22.2 (4309949)|HEAP_ALLOCATE|[121]|Bytes:6
09:23:22.2 (4325381)|ENTERING_MANAGED_PKG|
09:23:22.2 (4341726)|HEAP_ALLOCATE|[121]|Bytes:29
09:23:22.2 (4354992)|HEAP_ALLOCATE|[121]|Bytes:35
09:23:22.2 (4358957)|HEAP_ALLOCATE|[121]|Bytes:76
09:23:22.2 (4367713)|VARIABLE_ASSIGNMENT|[121]|soql|"Select id, testauton (56 more) ..."
09:23:22.2 (4370363)|STATEMENT_EXECUTE|[123]
09:23:22.2 (4373707)|HEAP_ALLOCATE|[123]|Bytes:12
09:23:22.2 (4385287)|ENTERING_MANAGED_PKG|
09:23:22.2 (4399152)|HEAP_ALLOCATE|[123]|Bytes:18
09:23:22.2 (4409517)|HEAP_ALLOCATE|[123]|Bytes:1
09:23:22.2 (4417219)|HEAP_ALLOCATE|[123]|Bytes:31
09:23:22.2 (4421252)|HEAP_ALLOCATE|[123]|Bytes:107
09:23:22.2 (4429345)|VARIABLE_ASSIGNMENT|[123]|soql|"Select id, testauton (87 more) ..."
09:23:22.2 (4432016)|STATEMENT_EXECUTE|[126]
09:23:22.2 (4434789)|HEAP_ALLOCATE|[126]|Bytes:8
09:23:22.2 (4439117)|HEAP_ALLOCATE|[126]|Bytes:115
09:23:22.2 (4444898)|VARIABLE_ASSIGNMENT|[126]|soql|"Select id, testauton (95 more) ..."
09:23:22.2 (4446794)|STATEMENT_EXECUTE|[128]
09:23:22.2 (4449501)|HEAP_ALLOCATE|[128]|Bytes:15
09:23:22.2 (4453719)|HEAP_ALLOCATE|[128]|Bytes:130
09:23:22.2 (4473172)|ENTERING_MANAGED_PKG|
09:23:22.2 (4494095)|USER_DEBUG|[128]|DEBUG|######## soql: Select id, testautonumdata__Twitter_ID__c FROM testautonumdata__Candidate__c WHERE id ='a0MB0000000cQXFMA2' limit 1
09:23:22.2 (4511974)|METHOD_ENTRY|[132]|01pB0000000ljzx|testautonumdata.Sparkle_Helper.UserHasAccessToObjectsAndFields(Map<String,Set<String>>)
09:23:22.2 (4524384)|VARIABLE_SCOPE_BEGIN|[175]|theMap|Map<String,Set<String>>|true|false
09:23:22.2 (4544920)|VARIABLE_ASSIGNMENT|[175]|theMap|{"s":1,"v":{"testautonumdata__Can (9 more) ...":{"s":2,"v":["Id","testautonumdata__Twi (10 more) ..."]}}}|0x78eb8755
09:23:22.2 (4555208)|HEAP_ALLOCATE|[177]|Bytes:5
09:23:22.2 (4559593)|STATEMENT_EXECUTE|[176]
09:23:22.2 (4560902)|STATEMENT_EXECUTE|[177]
09:23:22.2 (4565161)|VARIABLE_SCOPE_BEGIN|[177]|hasAccess|Boolean|false|false
09:23:22.2 (4574432)|HEAP_ALLOCATE|[177]|Bytes:5
09:23:22.2 (4579675)|VARIABLE_ASSIGNMENT|[177]|hasAccess|true
09:23:22.2 (4591120)|ENTERING_MANAGED_PKG|
09:23:22.2 (4612349)|STATEMENT_EXECUTE|[180]
09:23:22.2 (4614490)|STATEMENT_EXECUTE|[181]
09:23:22.2 (4618131)|HEAP_ALLOCATE|[181]|Bytes:17
09:23:22.2 (4637032)|ENTERING_MANAGED_PKG|
09:23:22.2 (4671709)|HEAP_ALLOCATE|[181]|Bytes:68
09:23:22.2 (4685878)|HEAP_ALLOCATE|[181]|Bytes:85
09:23:22.2 (4696578)|ENTERING_MANAGED_PKG|
09:23:22.2 (4702795)|USER_DEBUG|[181]|DEBUG|######## theMap: {testautonumdata__Candidate__c={Id, testautonumdata__Twitter_ID__c}}
09:23:22.2 (4715658)|HEAP_ALLOCATE|[182]|Bytes:4
09:23:22.2 (4729598)|ENTERING_MANAGED_PKG|
09:23:22.2 (4753217)|ENTERING_MANAGED_PKG|
09:23:22.2 (4764981)|HEAP_ALLOCATE|[182]|Bytes:37
09:23:22.2 (4781296)|ENTERING_MANAGED_PKG|
09:23:22.2 (4786843)|HEAP_ALLOCATE|[182]|Bytes:4
09:23:22.2 (4796310)|ENTERING_MANAGED_PKG|
09:23:22.2 (4865000)|HEAP_ALLOCATE|[182]|Bytes:5
09:23:22.2 (4880746)|VARIABLE_SCOPE_BEGIN|[182]|objectName|String|false|false
09:23:22.2 (4890265)|VARIABLE_ASSIGNMENT|[182]|objectName|"testautonumdata__Can (9 more) ..."
09:23:22.2 (4893542)|STATEMENT_EXECUTE|[183]
09:23:22.2 (4894660)|STATEMENT_EXECUTE|[184]
09:23:22.2 (4898040)|HEAP_ALLOCATE|[184]|Bytes:21
09:23:22.2 (4904697)|HEAP_ALLOCATE|[184]|Bytes:50
09:23:22.2 (4915900)|ENTERING_MANAGED_PKG|
09:23:22.2 (4933684)|USER_DEBUG|[184]|DEBUG|######## objectName: testautonumdata__Candidate__c
09:23:22.2 (4940716)|STATEMENT_EXECUTE|[185]
09:23:22.2 (4956119)|ENTERING_MANAGED_PKG|
09:23:22.2 (19609623)|HEAP_ALLOCATE|[185]|Bytes:1648
09:23:22.2 (19652387)|ENTERING_MANAGED_PKG|
09:23:22.2 (19779993)|HEAP_ALLOCATE|[185]|Bytes:4
09:23:22.2 (19792635)|VARIABLE_SCOPE_BEGIN|[185]|sObj|SObject|true|false
09:23:22.2 (19816476)|VARIABLE_ASSIGNMENT|[185]|sObj|{}|0x62fde804
09:23:22.2 (19823293)|STATEMENT_EXECUTE|[186]
09:23:22.2 (19861669)|ENTERING_MANAGED_PKG|
09:23:22.2 (20279349)|HEAP_ALLOCATE|[186]|Bytes:4
09:23:22.2 (20964232)|HEAP_ALLOCATE|[186]|Bytes:140
09:23:22.2 (20975616)|VARIABLE_SCOPE_BEGIN|[186]|m|Map<String,Schema.SObjectField>|true|false
09:23:22.2 (21249686)|VARIABLE_ASSIGNMENT|[186]|m|"{createdbyid=CreatedById, createddate=CreatedDate, id=Id, isdeleted=IsDeleted, lastactivitydate=LastActivityDate, lastmodifiedbyid=LastModifiedById, lastmodifieddate=LastModifiedDate, lastreferenceddate=LastReferencedDate, lastvieweddate=LastViewedDate, name=Name, ...}"|0x797a61b5
09:23:22.2 (21257962)|STATEMENT_EXECUTE|[187]
09:23:22.2 (21273648)|ENTERING_MANAGED_PKG|
09:23:22.2 (21313898)|VARIABLE_SCOPE_BEGIN|[187]|objectFieldSet|Set<String>|true|false
09:23:22.2 (21339960)|VARIABLE_ASSIGNMENT|[187]|objectFieldSet|{"s":1,"v":["Id","testautonumdata__Twi (10 more) ..."]}|0x5f9ca3a5
09:23:22.2 (21347910)|HEAP_ALLOCATE|[189]|Bytes:4
09:23:22.2 (21359073)|ENTERING_MANAGED_PKG|
09:23:22.2 (21384456)|ENTERING_MANAGED_PKG|
09:23:22.2 (21389762)|HEAP_ALLOCATE|[189]|Bytes:8
09:23:22.2 (21398847)|ENTERING_MANAGED_PKG|
09:23:22.2 (21415613)|HEAP_ALLOCATE|[189]|Bytes:5
09:23:22.2 (21429292)|VARIABLE_SCOPE_BEGIN|[189]|fieldToCheck|String|false|false
09:23:22.2 (21437088)|VARIABLE_ASSIGNMENT|[189]|fieldToCheck|"Id"
09:23:22.2 (21440143)|STATEMENT_EXECUTE|[189]
09:23:22.2 (21441462)|STATEMENT_EXECUTE|[190]
09:23:22.2 (21445409)|HEAP_ALLOCATE|[190]|Bytes:23
09:23:22.2 (21452530)|HEAP_ALLOCATE|[190]|Bytes:25
09:23:22.2 (21465487)|ENTERING_MANAGED_PKG|
09:23:22.2 (21487645)|USER_DEBUG|[190]|DEBUG|######## fieldToCheck: Id
09:23:22.2 (21506224)|ENTERING_MANAGED_PKG|
09:23:22.2 (21761394)|HEAP_ALLOCATE|[192]|Bytes:8
09:23:22.2 (21786798)|STATEMENT_EXECUTE|[192]
09:23:22.2 (21789493)|STATEMENT_EXECUTE|[199]
09:23:22.2 (21793166)|HEAP_ALLOCATE|[199]|Bytes:35
09:23:22.2 (21802430)|HEAP_ALLOCATE|[199]|Bytes:37
09:23:22.2 (21814936)|ENTERING_MANAGED_PKG|
09:23:22.2 (21832670)|USER_DEBUG|[199]|DEBUG|######## User has access to field: Id
09:23:22.2 (21849395)|HEAP_ALLOCATE|[189]|Bytes:5
09:23:22.2 (21861806)|VARIABLE_SCOPE_BEGIN|[189]|fieldToCheck|String|false|false
09:23:22.2 (21871423)|VARIABLE_ASSIGNMENT|[189]|fieldToCheck|"testautonumdata__Twi (10 more) ..."
09:23:22.2 (21874639)|STATEMENT_EXECUTE|[189]
09:23:22.2 (21875858)|STATEMENT_EXECUTE|[190]
09:23:22.2 (21881386)|HEAP_ALLOCATE|[190]|Bytes:53
09:23:22.2 (21891422)|ENTERING_MANAGED_PKG|
09:23:22.2 (21896815)|USER_DEBUG|[190]|DEBUG|######## fieldToCheck: testautonumdata__Twitter_ID__c
09:23:22.2 (21906781)|ENTERING_MANAGED_PKG|
09:23:22.2 (22339914)|HEAP_ALLOCATE|[192]|Bytes:8
09:23:22.2 (22355996)|STATEMENT_EXECUTE|[192]
09:23:22.2 (22358156)|STATEMENT_EXECUTE|[199]
09:23:22.2 (22364134)|HEAP_ALLOCATE|[199]|Bytes:65
09:23:22.2 (22374795)|ENTERING_MANAGED_PKG|
09:23:22.2 (22381124)|USER_DEBUG|[199]|DEBUG|######## User has access to field: testautonumdata__Twitter_ID__c
09:23:22.2 (22395569)|HEAP_ALLOCATE|[189]|Bytes:5
09:23:22.2 (22409693)|VARIABLE_ASSIGNMENT|[189]|fieldToCheck|null
09:23:22.2 (22419479)|HEAP_ALLOCATE|[182]|Bytes:5
09:23:22.2 (22428873)|VARIABLE_ASSIGNMENT|[182]|objectName|null
09:23:22.2 (22432635)|STATEMENT_EXECUTE|[206]
09:23:22.2 (22435843)|HEAP_ALLOCATE|[206]|Bytes:5
09:23:22.2 (22446655)|METHOD_EXIT|[132]|01pB0000000ljzx|testautonumdata.Sparkle_Helper.UserHasAccessToObjectsAndFields(Map<String,Set<String>>)
09:23:22.2 (22451157)|STATEMENT_EXECUTE|[133]
09:23:22.2 (22452336)|STATEMENT_EXECUTE|[135]
09:23:22.2 (22473490)|ENTERING_MANAGED_PKG|
09:23:22.2 (22499601)|HEAP_ALLOCATE|[135]|Bytes:5
09:23:22.2 (22708966)|SOQL_EXECUTE_BEGIN|[135]|Aggregations:0|Select id, testautonumdata__Twitter_ID__c FROM testautonumdata__Candidate__c WHERE id ='a0MB0000000cQXFMA2' limit 1
09:23:22.2 (25202771)|SOQL_EXECUTE_END|[135]|Rows:1
09:23:22.2 (25226402)|HEAP_ALLOCATE|[135]|Bytes:8
09:23:22.2 (25239631)|HEAP_ALLOCATE|[135]|Bytes:69
09:23:22.2 (25280626)|HEAP_ALLOCATE|[135]|Bytes:8
09:23:22.2 (25296711)|VARIABLE_SCOPE_BEGIN|[135]|lstQueriedRecords|List<SObject>|true|false
09:23:22.2 (25323253)|VARIABLE_ASSIGNMENT|[135]|lstQueriedRecords|{"s":1,"v":[{"s":2,"v":{"Id":"a0MB0000000cQXFMA2","testautonumdata__Twi (10 more) ...":"@roreb"}}]}|0x2d4627b
09:23:22.2 (25371872)|ENTERING_MANAGED_PKG|
09:23:22.2 (25395135)|STATEMENT_EXECUTE|[137]
09:23:22.2 (25397205)|STATEMENT_EXECUTE|[138]
09:23:22.2 (25487202)|VARIABLE_ASSIGNMENT|[EXTERNAL]|this|{}|0x3f0fbf24
09:23:22.2 (25498533)|VARIABLE_ASSIGNMENT|[EXTERNAL]|value|true
09:23:22.2 (25504833)|HEAP_ALLOCATE|[12]|Bytes:5
09:23:22.2 (25514288)|VARIABLE_ASSIGNMENT|[12]|this.hasTwitterMemberID|true|0x3f0fbf24
09:23:22.2 (25521987)|STATEMENT_EXECUTE|[139]
09:23:22.2 (25548116)|HEAP_ALLOCATE|[139]|Bytes:12
09:23:22.2 (25556720)|VARIABLE_SCOPE_BEGIN|[139]|e|SObject|true|false
09:23:22.2 (25577581)|VARIABLE_ASSIGNMENT|[139]|e|{"s":1,"v":{"Id":"a0MB0000000cQXFMA2","testautonumdata__Twi (10 more) ...":"@roreb"}}|0x40baa8bc
09:23:22.2 (25581679)|STATEMENT_EXECUTE|[142]
09:23:22.2 (25582833)|STATEMENT_EXECUTE|[143]
09:23:22.2 (25586366)|HEAP_ALLOCATE|[143]|Bytes:2
09:23:22.2 (25598941)|METHOD_ENTRY|[143]|01pB0000000ljzx|testautonumdata.Sparkle_Helper.GetSobjectField(SObject, String)
09:23:22.2 (25615014)|VARIABLE_SCOPE_BEGIN|[78]|e|SObject|true|false
09:23:22.2 (25626938)|VARIABLE_ASSIGNMENT|[78]|e|{"s":1,"v":{"Id":"a0MB0000000cQXFMA2","testautonumdata__Twi (10 more) ...":"@roreb"}}|0x40baa8bc
09:23:22.2 (25629451)|VARIABLE_SCOPE_BEGIN|[78]|lcfield|String|false|false
09:23:22.2 (25632894)|VARIABLE_ASSIGNMENT|[78]|lcfield|"id"
09:23:22.2 (25640992)|HEAP_ALLOCATE|[81]|Bytes:5
09:23:22.2 (25645071)|STATEMENT_EXECUTE|[79]
09:23:22.2 (25646495)|STATEMENT_EXECUTE|[81]
09:23:22.2 (25650956)|VARIABLE_SCOPE_BEGIN|[81]|returnValue|String|false|false
09:23:22.2 (25655591)|VARIABLE_ASSIGNMENT|[81]|returnValue|""
09:23:22.2 (25673143)|ENTERING_MANAGED_PKG|
09:23:22.2 (25706457)|STATEMENT_EXECUTE|[98]
09:23:22.2 (25721798)|ENTERING_MANAGED_PKG|
09:23:22.2 (25769107)|HEAP_ALLOCATE|[98]|Bytes:4
09:23:22.2 (25795320)|ENTERING_MANAGED_PKG|
09:23:22.2 (25800543)|HEAP_ALLOCATE|[98]|Bytes:18
09:23:22.2 (25814147)|VARIABLE_ASSIGNMENT|[98]|returnValue|"a0MB0000000cQXFMA2"
09:23:22.2 (25817415)|STATEMENT_EXECUTE|[100]
09:23:22.2 (25825009)|METHOD_EXIT|[143]|01pB0000000ljzx|testautonumdata.Sparkle_Helper.GetSobjectField(SObject, String)
09:23:22.2 (25876701)|VARIABLE_ASSIGNMENT|[EXTERNAL]|this|{"hasTwitterMemberID":true}|0x3f0fbf24
09:23:22.2 (25885252)|VARIABLE_ASSIGNMENT|[EXTERNAL]|value|"a0MB0000000cQXFMA2"
09:23:22.2 (25895166)|VARIABLE_ASSIGNMENT|[6]|this.salesforceRecordID|"a0MB0000000cQXFMA2"|0x3f0fbf24
09:23:22.2 (25903139)|STATEMENT_EXECUTE|[145]
09:23:22.2 (25905692)|STATEMENT_EXECUTE|[149]
09:23:22.2 (25906951)|STATEMENT_EXECUTE|[153]
09:23:22.2 (25908391)|STATEMENT_EXECUTE|[158]
09:23:22.2 (25909723)|STATEMENT_EXECUTE|[164]
09:23:22.2 (25910678)|STATEMENT_EXECUTE|[165]
09:23:22.2 (25916719)|METHOD_ENTRY|[165]|01pB0000000ljzx|testautonumdata.Sparkle_Helper.GetSobjectField(SObject, String)
09:23:22.2 (25929762)|VARIABLE_SCOPE_BEGIN|[78]|e|SObject|true|false
09:23:22.2 (25942014)|VARIABLE_ASSIGNMENT|[78]|e|{"s":1,"v":{"Id":"a0MB0000000cQXFMA2","testautonumdata__Twi (10 more) ...":"@roreb"}}|0x40baa8bc
09:23:22.2 (25944783)|VARIABLE_SCOPE_BEGIN|[78]|lcfield|String|false|false
09:23:22.2 (25949044)|VARIABLE_ASSIGNMENT|[78]|lcfield|"testautonumdata__Twi (10 more) ..."
09:23:22.2 (25957309)|HEAP_ALLOCATE|[81]|Bytes:5
09:23:22.2 (25961440)|STATEMENT_EXECUTE|[79]
09:23:22.2 (25962574)|STATEMENT_EXECUTE|[81]
09:23:22.2 (25966325)|VARIABLE_SCOPE_BEGIN|[81]|returnValue|String|false|false
09:23:22.2 (25970909)|VARIABLE_ASSIGNMENT|[81]|returnValue|""
09:23:22.2 (25985808)|ENTERING_MANAGED_PKG|
09:23:22.2 (25994884)|STATEMENT_EXECUTE|[98]
09:23:22.2 (26003492)|ENTERING_MANAGED_PKG|
09:23:22.2 (26029707)|HEAP_ALLOCATE|[98]|Bytes:6
09:23:22.2 (26048073)|ENTERING_MANAGED_PKG|
09:23:22.2 (26051644)|HEAP_ALLOCATE|[98]|Bytes:6
09:23:22.2 (26063694)|VARIABLE_ASSIGNMENT|[98]|returnValue|"@roreb"
09:23:22.2 (26066546)|STATEMENT_EXECUTE|[100]
09:23:22.2 (26073626)|METHOD_EXIT|[165]|01pB0000000ljzx|testautonumdata.Sparkle_Helper.GetSobjectField(SObject, String)
09:23:22.2 (26124019)|VARIABLE_ASSIGNMENT|[EXTERNAL]|this|{"hasTwitterMemberID":true,"salesforceRecordID":"a0MB0000000cQXFMA2"}|0x3f0fbf24
09:23:22.2 (26132647)|VARIABLE_ASSIGNMENT|[EXTERNAL]|value|"@roreb"
09:23:22.2 (26142091)|VARIABLE_ASSIGNMENT|[10]|this.twitterName|"@roreb"|0x3f0fbf24
09:23:22.2 (26149658)|STATEMENT_EXECUTE|[177]
09:23:22.2 (26161188)|SYSTEM_MODE_EXIT|false
09:23:22.26 (26209065)|CUMULATIVE_LIMIT_USAGE
09:23:22.26 (26209065)|LIMIT_USAGE_FOR_NS|(default)|
  Number of SOQL queries: 0 out of 100
  Number of query rows: 0 out of 50000
  Number of SOSL queries: 0 out of 20
  Number of DML statements: 0 out of 150
  Number of DML rows: 0 out of 10000
  Maximum CPU time: 0 out of 10000
  Maximum heap size: 0 out of 6000000
  Number of callouts: 0 out of 100
  Number of Email Invocations: 0 out of 10
  Number of future calls: 0 out of 50
  Number of queueable jobs added to the queue: 0 out of 50
  Number of Mobile Apex push calls: 0 out of 10

09:23:22.26 (26209065)|LIMIT_USAGE_FOR_NS|testautonumdata|
  Number of SOQL queries: 1 out of 100
  Number of query rows: 1 out of 50000
  Number of SOSL queries: 0 out of 20
  Number of DML statements: 0 out of 150
  Number of DML rows: 0 out of 10000
  Maximum CPU time: 0 out of 10000
  Maximum heap size: 0 out of 6000000
  Number of callouts: 0 out of 100
  Number of Email Invocations: 0 out of 10
  Number of future calls: 0 out of 50
  Number of queueable jobs added to the queue: 0 out of 50
  Number of Mobile Apex push calls: 0 out of 10

09:23:22.26 (26209065)|CUMULATIVE_LIMIT_USAGE_END

09:23:22.28 (28374126)|CODE_UNIT_STARTED|[EXTERNAL]|Aura
09:23:22.87 (87279245)|CODE_UNIT_STARTED|[EXTERNAL]|01pB0000000lc8w|RelatedListServerController.getListRecords
09:23:22.87 (87344793)|VARIABLE_SCOPE_BEGIN|[3]|RelatedListServerController.mapObjectsFields|Map<String,Set<String>>|true|true
09:23:22.87 (87357333)|HEAP_ALLOCATE|[EXTERNAL]|Bytes:220
09:23:22.87 (87365846)|HEAP_ALLOCATE|[EXTERNAL]|Bytes:21
09:23:22.87 (87369475)|HEAP_ALLOCATE|[EXTERNAL]|Bytes:22
09:23:22.87 (87389662)|METHOD_ENTRY|[1]|01pB0000000lc8w|RelatedListServerController.RelatedListServerController()
09:23:22.87 (87393319)|STATEMENT_EXECUTE|[1]
09:23:22.87 (87399116)|STATEMENT_EXECUTE|[1]
09:23:22.87 (87408832)|SYSTEM_MODE_ENTER|false
09:23:22.87 (87416562)|HEAP_ALLOCATE|[3]|Bytes:5
09:23:22.87 (87420369)|STATEMENT_EXECUTE|[3]
09:23:22.87 (87454984)|VARIABLE_ASSIGNMENT|[3]|RelatedListServerController.mapObjectsFields|null|
09:23:22.87 (87462336)|SYSTEM_MODE_EXIT|false
09:23:22.87 (87475368)|METHOD_EXIT|[1]|RelatedListServerController
09:23:22.87 (87480718)|HEAP_ALLOCATE|[EXTERNAL]|Bytes:1
09:23:22.87 (87483017)|HEAP_ALLOCATE|[EXTERNAL]|Bytes:18
09:23:22.87 (87484475)|HEAP_ALLOCATE|[EXTERNAL]|Bytes:28
09:23:22.87 (87485665)|HEAP_ALLOCATE|[EXTERNAL]|Bytes:29
09:23:22.87 (87486969)|HEAP_ALLOCATE|[EXTERNAL]|Bytes:7
09:23:22.87 (87488216)|HEAP_ALLOCATE|[EXTERNAL]|Bytes:5
09:23:22.87 (87489416)|HEAP_ALLOCATE|[EXTERNAL]|Bytes:11
09:23:22.87 (87496726)|SYSTEM_MODE_ENTER|false
09:23:22.87 (87502521)|VARIABLE_SCOPE_BEGIN|[22]|rowsLimit|String|false|false
09:23:22.87 (87510650)|VARIABLE_ASSIGNMENT|[22]|rowsLimit|"8"
09:23:22.87 (87512977)|VARIABLE_SCOPE_BEGIN|[22]|recordId|String|false|false
09:23:22.87 (87516333)|VARIABLE_ASSIGNMENT|[22]|recordId|"a0MB0000000cQXFMA2"
09:23:22.87 (87518533)|VARIABLE_SCOPE_BEGIN|[22]|objectApiName|String|false|false
09:23:22.87 (87523457)|VARIABLE_ASSIGNMENT|[22]|objectApiName|"testautonumdata__Ref (8 more) ..."
09:23:22.87 (87525484)|VARIABLE_SCOPE_BEGIN|[22]|ParentObjectFieldName|String|false|false
09:23:22.87 (87529226)|VARIABLE_ASSIGNMENT|[22]|ParentObjectFieldName|"testautonumdata__Can (9 more) ..."
09:23:22.87 (87531514)|VARIABLE_SCOPE_BEGIN|[22]|filter1Field|String|false|false
09:23:22.87 (87534689)|VARIABLE_ASSIGNMENT|[22]|filter1Field|null
09:23:22.87 (87536570)|VARIABLE_SCOPE_BEGIN|[22]|filter1Value|String|false|false
09:23:22.87 (87538846)|VARIABLE_ASSIGNMENT|[22]|filter1Value|null
09:23:22.87 (87540516)|VARIABLE_SCOPE_BEGIN|[22]|column1|String|false|false
09:23:22.87 (87543317)|VARIABLE_ASSIGNMENT|[22]|column1|"OwnerId"
09:23:22.87 (87545130)|VARIABLE_SCOPE_BEGIN|[22]|RelFieldWithName|String|false|false
09:23:22.87 (87547787)|VARIABLE_ASSIGNMENT|[22]|RelFieldWithName|"Owner"
09:23:22.87 (87549713)|VARIABLE_SCOPE_BEGIN|[22]|column2|String|false|false
09:23:22.87 (87552229)|VARIABLE_ASSIGNMENT|[22]|column2|"createddate"
09:23:22.87 (87561281)|HEAP_ALLOCATE|[24]|Bytes:5
09:23:22.87 (87565219)|STATEMENT_EXECUTE|[22]
09:23:22.87 (87571772)|STATEMENT_EXECUTE|[24]
09:23:22.87 (87575950)|HEAP_ALLOCATE|[24]|Bytes:20
09:23:22.87 (87584359)|HEAP_ALLOCATE|[24]|Bytes:21
09:23:22.87 (87602971)|ENTERING_MANAGED_PKG|
09:23:22.87 (87633651)|USER_DEBUG|[24]|DEBUG|######## rowsLimit: 8
09:23:22.87 (87643572)|STATEMENT_EXECUTE|[25]
09:23:22.87 (87647569)|HEAP_ALLOCATE|[25]|Bytes:24
09:23:22.87 (87654200)|HEAP_ALLOCATE|[25]|Bytes:52
09:23:22.87 (87663141)|ENTERING_MANAGED_PKG|
09:23:22.87 (87676444)|USER_DEBUG|[25]|DEBUG|######## objectApiName: testautonumdata__Referral__c
09:23:22.87 (87683015)|STATEMENT_EXECUTE|[28]
09:23:22.87 (87688335)|HEAP_ALLOCATE|[28]|Bytes:4
09:23:22.87 (87715288)|VARIABLE_ASSIGNMENT|[28]|RelatedListServerController.mapObjectsFields|{"s":1,"v":{}}|0x158dfebd
09:23:22.87 (87718643)|STATEMENT_EXECUTE|[30]
09:23:22.87 (87734859)|METHOD_ENTRY|[30]|01pB0000000ljzx|testautonumdata.Sparkle_Helper.AddFieldToObjectsMap(String, String, Map<String,Set<String>>)
09:23:22.87 (87751792)|VARIABLE_SCOPE_BEGIN|[107]|fieldName|String|false|false
09:23:22.87 (87758063)|VARIABLE_ASSIGNMENT|[107]|fieldName|"Id"
09:23:22.87 (87760218)|VARIABLE_SCOPE_BEGIN|[107]|initialObjectName|String|false|false
09:23:22.87 (87764711)|VARIABLE_ASSIGNMENT|[107]|initialObjectName|"testautonumdata__Ref (8 more) ..."
09:23:22.87 (87767015)|VARIABLE_SCOPE_BEGIN|[107]|theMap|Map<String,Set<String>>|true|false
09:23:22.87 (87776013)|VARIABLE_ASSIGNMENT|[107]|theMap|{"s":1,"v":{}}|0x158dfebd
09:23:22.87 (87786405)|HEAP_ALLOCATE|[109]|Bytes:5
09:23:22.87 (87791213)|STATEMENT_EXECUTE|[108]
09:23:22.87 (87809843)|ENTERING_MANAGED_PKG|
09:23:22.87 (87820265)|STATEMENT_EXECUTE|[150]
09:23:22.87 (87828298)|METHOD_ENTRY|[150]|01pB0000000ljzx|testautonumdata.Sparkle_Helper.AddFieldToMap(String, String, Map<String,Set<String>>)
09:23:22.87 (87832081)|VARIABLE_SCOPE_BEGIN|[157]|fieldName|String|false|false
09:23:22.87 (87837539)|VARIABLE_ASSIGNMENT|[157]|fieldName|"Id"
09:23:22.87 (87839715)|VARIABLE_SCOPE_BEGIN|[157]|ObjectName|String|false|false
09:23:22.87 (87844296)|VARIABLE_ASSIGNMENT|[157]|ObjectName|"testautonumdata__Ref (8 more) ..."
09:23:22.87 (87846172)|VARIABLE_SCOPE_BEGIN|[157]|theMap|Map<String,Set<String>>|true|false
09:23:22.87 (87854535)|VARIABLE_ASSIGNMENT|[157]|theMap|{"s":1,"v":{}}|0x158dfebd
09:23:22.87 (87861753)|HEAP_ALLOCATE|[160]|Bytes:5
09:23:22.87 (87865455)|STATEMENT_EXECUTE|[158]
09:23:22.87 (87874940)|ENTERING_MANAGED_PKG|
09:23:22.87 (87883851)|STATEMENT_EXECUTE|[167]
09:23:22.87 (87885365)|STATEMENT_EXECUTE|[168]
09:23:22.87 (87889380)|HEAP_ALLOCATE|[168]|Bytes:4
09:23:22.87 (87898166)|ENTERING_MANAGED_PKG|
09:23:22.87 (87908283)|VARIABLE_SCOPE_BEGIN|[168]|newFieldSet|Set<String>|true|false
09:23:22.87 (87930806)|VARIABLE_ASSIGNMENT|[168]|newFieldSet|{"s":1,"v":[]}|0x83945a5
09:23:22.87 (87934083)|STATEMENT_EXECUTE|[169]
09:23:22.87 (87942734)|ENTERING_MANAGED_PKG|
09:23:22.87 (87946847)|HEAP_ALLOCATE|[EXTERNAL]|Bytes:4
09:23:22.87 (87953537)|STATEMENT_EXECUTE|[170]
09:23:22.87 (87959264)|ENTERING_MANAGED_PKG|
09:23:22.87 (87969507)|HEAP_ALLOCATE|[EXTERNAL]|Bytes:-4
09:23:22.87 (87981664)|METHOD_EXIT|[150]|01pB0000000ljzx|testautonumdata.Sparkle_Helper.AddFieldToMap(String, String, Map<String,Set<String>>)
09:23:22.87 (87988266)|METHOD_EXIT|[30]|01pB0000000ljzx|testautonumdata.Sparkle_Helper.AddFieldToObjectsMap(String, String, Map<String,Set<String>>)
09:23:22.87 (87991573)|STATEMENT_EXECUTE|[34]
09:23:22.87 (88014066)|HEAP_ALLOCATE|[34]|Bytes:4
09:23:22.87 (88063766)|ENTERING_MANAGED_PKG|
09:23:22.87 (88086820)|VARIABLE_SCOPE_BEGIN|[34]|lstReturnRecords|List<testautonumdata.RelatedListServerController>|true|false
09:23:22.87 (88108679)|HEAP_ALLOCATE|[EXTERNAL]|Bytes:4
09:23:22.87 (88123264)|VARIABLE_ASSIGNMENT|[34]|lstReturnRecords|{"s":1,"v":[]}|0x6b0ac70d
09:23:22.87 (88127536)|STATEMENT_EXECUTE|[37]
09:23:22.87 (88128857)|STATEMENT_EXECUTE|[38]
09:23:22.87 (88132934)|HEAP_ALLOCATE|[38]|Bytes:5
09:23:22.87 (88140524)|HEAP_ALLOCATE|[38]|Bytes:10
09:23:22.87 (88145290)|VARIABLE_SCOPE_BEGIN|[38]|fullUserRelationship|String|false|false
09:23:22.87 (88151337)|VARIABLE_ASSIGNMENT|[38]|fullUserRelationship|"Owner.Name"
09:23:22.87 (88153577)|STATEMENT_EXECUTE|[39]
09:23:22.87 (88156423)|VARIABLE_SCOPE_BEGIN|[39]|soql|String|false|false
09:23:22.87 (88160881)|VARIABLE_ASSIGNMENT|[39]|soql|"Select id"
09:23:22.87 (88163028)|STATEMENT_EXECUTE|[41]
09:23:22.87 (88164107)|STATEMENT_EXECUTE|[42]
09:23:22.87 (88180511)|ENTERING_MANAGED_PKG|
09:23:22.87 (88203379)|HEAP_ALLOCATE|[42]|Bytes:7
09:23:22.87 (88217659)|HEAP_ALLOCATE|[42]|Bytes:9
09:23:22.87 (88221863)|HEAP_ALLOCATE|[42]|Bytes:18
09:23:22.87 (88229364)|VARIABLE_ASSIGNMENT|[42]|soql|"Select id, OwnerId"
09:23:22.87 (88232265)|STATEMENT_EXECUTE|[43]
09:23:22.87 (88243344)|METHOD_ENTRY|[43]|01pB0000000ljzx|testautonumdata.Sparkle_Helper.AddFieldToObjectsMap(String, String, Map<String,Set<String>>)
09:23:22.87 (88255946)|VARIABLE_SCOPE_BEGIN|[107]|fieldName|String|false|false
09:23:22.87 (88261187)|VARIABLE_ASSIGNMENT|[107]|fieldName|"OwnerId"
09:23:22.87 (88262981)|VARIABLE_SCOPE_BEGIN|[107]|initialObjectName|String|false|false
09:23:22.87 (88267007)|VARIABLE_ASSIGNMENT|[107]|initialObjectName|"testautonumdata__Ref (8 more) ..."
09:23:22.87 (88268858)|VARIABLE_SCOPE_BEGIN|[107]|theMap|Map<String,Set<String>>|true|false
09:23:22.87 (88284896)|VARIABLE_ASSIGNMENT|[107]|theMap|{"s":1,"v":{"testautonumdata__Ref (8 more) ...":{"s":2,"v":["Id"]}}}|0x158dfebd
09:23:22.87 (88293712)|HEAP_ALLOCATE|[109]|Bytes:5
09:23:22.87 (88297701)|STATEMENT_EXECUTE|[108]
09:23:22.87 (88312431)|ENTERING_MANAGED_PKG|
09:23:22.87 (88321288)|STATEMENT_EXECUTE|[150]
09:23:22.87 (88327127)|METHOD_ENTRY|[150]|01pB0000000ljzx|testautonumdata.Sparkle_Helper.AddFieldToMap(String, String, Map<String,Set<String>>)
09:23:22.87 (88330738)|VARIABLE_SCOPE_BEGIN|[157]|fieldName|String|false|false
09:23:22.87 (88336158)|VARIABLE_ASSIGNMENT|[157]|fieldName|"OwnerId"
09:23:22.87 (88337827)|VARIABLE_SCOPE_BEGIN|[157]|ObjectName|String|false|false
09:23:22.87 (88342261)|VARIABLE_ASSIGNMENT|[157]|ObjectName|"testautonumdata__Ref (8 more) ..."
09:23:22.87 (88343969)|VARIABLE_SCOPE_BEGIN|[157]|theMap|Map<String,Set<String>>|true|false
09:23:22.87 (88357946)|VARIABLE_ASSIGNMENT|[157]|theMap|{"s":1,"v":{"testautonumdata__Ref (8 more) ...":{"s":2,"v":["Id"]}}}|0x158dfebd
09:23:22.87 (88365595)|HEAP_ALLOCATE|[160]|Bytes:5
09:23:22.87 (88369036)|STATEMENT_EXECUTE|[158]
09:23:22.87 (88377229)|ENTERING_MANAGED_PKG|
09:23:22.87 (88397554)|STATEMENT_EXECUTE|[161]
09:23:22.87 (88399434)|STATEMENT_EXECUTE|[162]
09:23:22.87 (88405784)|ENTERING_MANAGED_PKG|
09:23:22.87 (88417640)|VARIABLE_SCOPE_BEGIN|[162]|existingFieldSet|Set<String>|true|false
09:23:22.87 (88430863)|VARIABLE_ASSIGNMENT|[162]|existingFieldSet|{"s":1,"v":["Id"]}|0x83945a5
09:23:22.87 (88433913)|STATEMENT_EXECUTE|[163]
09:23:22.87 (88441520)|ENTERING_MANAGED_PKG|
09:23:22.87 (88444417)|HEAP_ALLOCATE|[EXTERNAL]|Bytes:4
09:23:22.87 (88450634)|STATEMENT_EXECUTE|[164]
09:23:22.87 (88455756)|ENTERING_MANAGED_PKG|
09:23:22.87 (88474377)|METHOD_EXIT|[150]|01pB0000000ljzx|testautonumdata.Sparkle_Helper.AddFieldToMap(String, String, Map<String,Set<String>>)
09:23:22.87 (88480903)|METHOD_EXIT|[43]|01pB0000000ljzx|testautonumdata.Sparkle_Helper.AddFieldToObjectsMap(String, String, Map<String,Set<String>>)
09:23:22.87 (88484449)|STATEMENT_EXECUTE|[46]
09:23:22.87 (88485789)|STATEMENT_EXECUTE|[47]
09:23:22.87 (88500258)|ENTERING_MANAGED_PKG|
09:23:22.87 (88517623)|HEAP_ALLOCATE|[47]|Bytes:10
09:23:22.87 (88531238)|HEAP_ALLOCATE|[47]|Bytes:12
09:23:22.87 (88535466)|HEAP_ALLOCATE|[47]|Bytes:30
09:23:22.87 (88544273)|VARIABLE_ASSIGNMENT|[47]|soql|"Select id, OwnerId,  (10 more) ..."
09:23:22.87 (88547856)|STATEMENT_EXECUTE|[50]
09:23:22.87 (88549105)|STATEMENT_EXECUTE|[51]
09:23:22.87 (88560565)|ENTERING_MANAGED_PKG|
09:23:22.87 (88580225)|HEAP_ALLOCATE|[51]|Bytes:11
09:23:22.87 (88593973)|HEAP_ALLOCATE|[51]|Bytes:13
09:23:22.87 (88598037)|HEAP_ALLOCATE|[51]|Bytes:43
09:23:22.87 (88606216)|VARIABLE_ASSIGNMENT|[51]|soql|"Select id, OwnerId,  (23 more) ..."
09:23:22.87 (88608896)|STATEMENT_EXECUTE|[52]
09:23:22.87 (88618587)|METHOD_ENTRY|[52]|01pB0000000ljzx|testautonumdata.Sparkle_Helper.AddFieldToObjectsMap(String, String, Map<String,Set<String>>)
09:23:22.87 (88631031)|VARIABLE_SCOPE_BEGIN|[107]|fieldName|String|false|false
09:23:22.87 (88636138)|VARIABLE_ASSIGNMENT|[107]|fieldName|"createddate"
09:23:22.87 (88637925)|VARIABLE_SCOPE_BEGIN|[107]|initialObjectName|String|false|false
09:23:22.87 (88641755)|VARIABLE_ASSIGNMENT|[107]|initialObjectName|"testautonumdata__Ref (8 more) ..."
09:23:22.87 (88643440)|VARIABLE_SCOPE_BEGIN|[107]|theMap|Map<String,Set<String>>|true|false
09:23:22.87 (88659298)|VARIABLE_ASSIGNMENT|[107]|theMap|{"s":1,"v":{"testautonumdata__Ref (8 more) ...":{"s":2,"v":["Id","OwnerId"]}}}|0x158dfebd
09:23:22.87 (88668047)|HEAP_ALLOCATE|[109]|Bytes:5
09:23:22.87 (88671925)|STATEMENT_EXECUTE|[108]
09:23:22.87 (88686475)|ENTERING_MANAGED_PKG|
09:23:22.87 (88695182)|STATEMENT_EXECUTE|[150]
09:23:22.87 (88700834)|METHOD_ENTRY|[150]|01pB0000000ljzx|testautonumdata.Sparkle_Helper.AddFieldToMap(String, String, Map<String,Set<String>>)
09:23:22.87 (88704147)|VARIABLE_SCOPE_BEGIN|[157]|fieldName|String|false|false
09:23:22.87 (88709347)|VARIABLE_ASSIGNMENT|[157]|fieldName|"createddate"
09:23:22.87 (88710948)|VARIABLE_SCOPE_BEGIN|[157]|ObjectName|String|false|false
09:23:22.87 (88714801)|VARIABLE_ASSIGNMENT|[157]|ObjectName|"testautonumdata__Ref (8 more) ..."
09:23:22.87 (88716429)|VARIABLE_SCOPE_BEGIN|[157]|theMap|Map<String,Set<String>>|true|false
09:23:22.87 (88730121)|VARIABLE_ASSIGNMENT|[157]|theMap|{"s":1,"v":{"testautonumdata__Ref (8 more) ...":{"s":2,"v":["Id","OwnerId"]}}}|0x158dfebd
09:23:22.87 (88737728)|HEAP_ALLOCATE|[160]|Bytes:5
09:23:22.87 (88741342)|STATEMENT_EXECUTE|[158]
09:23:22.87 (88749184)|ENTERING_MANAGED_PKG|
09:23:22.87 (88755961)|STATEMENT_EXECUTE|[161]
09:23:22.87 (88757338)|STATEMENT_EXECUTE|[162]
09:23:22.87 (88761718)|ENTERING_MANAGED_PKG|
09:23:22.87 (88771594)|VARIABLE_SCOPE_BEGIN|[162]|existingFieldSet|Set<String>|true|false
09:23:22.87 (88786516)|VARIABLE_ASSIGNMENT|[162]|existingFieldSet|{"s":1,"v":["Id","OwnerId"]}|0x83945a5
09:23:22.87 (88789867)|STATEMENT_EXECUTE|[163]
09:23:22.87 (88798045)|ENTERING_MANAGED_PKG|
09:23:22.87 (88800953)|HEAP_ALLOCATE|[EXTERNAL]|Bytes:4
09:23:22.87 (88806965)|STATEMENT_EXECUTE|[164]
09:23:22.87 (88811844)|ENTERING_MANAGED_PKG|
09:23:22.87 (88829284)|METHOD_EXIT|[150]|01pB0000000ljzx|testautonumdata.Sparkle_Helper.AddFieldToMap(String, String, Map<String,Set<String>>)
09:23:22.87 (88835604)|METHOD_EXIT|[52]|01pB0000000ljzx|testautonumdata.Sparkle_Helper.AddFieldToObjectsMap(String, String, Map<String,Set<String>>)
09:23:22.87 (88839205)|STATEMENT_EXECUTE|[57]
09:23:22.87 (88854275)|ENTERING_MANAGED_PKG|
09:23:22.87 (88871324)|HEAP_ALLOCATE|[57]|Bytes:28
09:23:22.87 (88884891)|HEAP_ALLOCATE|[57]|Bytes:34
09:23:22.87 (88889043)|HEAP_ALLOCATE|[57]|Bytes:77
09:23:22.87 (88897968)|VARIABLE_ASSIGNMENT|[57]|soql|"Select id, OwnerId,  (57 more) ..."
09:23:22.87 (88901358)|STATEMENT_EXECUTE|[60]
09:23:22.87 (88902475)|STATEMENT_EXECUTE|[61]
09:23:22.87 (88905308)|HEAP_ALLOCATE|[61]|Bytes:7
09:23:22.87 (88917116)|ENTERING_MANAGED_PKG|
09:23:22.87 (88930945)|HEAP_ALLOCATE|[61]|Bytes:29
09:23:22.87 (88941589)|HEAP_ALLOCATE|[61]|Bytes:4
09:23:22.87 (88951635)|ENTERING_MANAGED_PKG|
09:23:22.87 (88954501)|HEAP_ALLOCATE|[61]|Bytes:18
09:23:22.87 (88973949)|HEAP_ALLOCATE|[61]|Bytes:59
09:23:22.87 (88978944)|HEAP_ALLOCATE|[61]|Bytes:136
09:23:22.87 (88987605)|VARIABLE_ASSIGNMENT|[61]|soql|"Select id, OwnerId,  (116 more) ..."
09:23:22.87 (88990549)|STATEMENT_EXECUTE|[62]
09:23:22.87 (89000372)|METHOD_ENTRY|[62]|01pB0000000ljzx|testautonumdata.Sparkle_Helper.AddFieldToObjectsMap(String, String, Map<String,Set<String>>)
09:23:22.87 (89013985)|VARIABLE_SCOPE_BEGIN|[107]|fieldName|String|false|false
09:23:22.87 (89020050)|VARIABLE_ASSIGNMENT|[107]|fieldName|"testautonumdata__Can (9 more) ..."
09:23:22.87 (89021865)|VARIABLE_SCOPE_BEGIN|[107]|initialObjectName|String|false|false
09:23:22.87 (89025714)|VARIABLE_ASSIGNMENT|[107]|initialObjectName|"testautonumdata__Ref (8 more) ..."
09:23:22.87 (89027550)|VARIABLE_SCOPE_BEGIN|[107]|theMap|Map<String,Set<String>>|true|false
09:23:22.87 (89043284)|VARIABLE_ASSIGNMENT|[107]|theMap|{"s":1,"v":{"testautonumdata__Ref (8 more) ...":{"s":2,"v":["Id","OwnerId","createddate"]}}}|0x158dfebd
09:23:22.87 (89052011)|HEAP_ALLOCATE|[109]|Bytes:5
09:23:22.87 (89055839)|STATEMENT_EXECUTE|[108]
09:23:22.87 (89070304)|ENTERING_MANAGED_PKG|
09:23:22.87 (89078847)|STATEMENT_EXECUTE|[150]
09:23:22.87 (89084588)|METHOD_ENTRY|[150]|01pB0000000ljzx|testautonumdata.Sparkle_Helper.AddFieldToMap(String, String, Map<String,Set<String>>)
09:23:22.87 (89088230)|VARIABLE_SCOPE_BEGIN|[157]|fieldName|String|false|false
09:23:22.87 (89094693)|VARIABLE_ASSIGNMENT|[157]|fieldName|"testautonumdata__Can (9 more) ..."
09:23:22.87 (89096443)|VARIABLE_SCOPE_BEGIN|[157]|ObjectName|String|false|false
09:23:22.87 (89099810)|VARIABLE_ASSIGNMENT|[157]|ObjectName|"testautonumdata__Ref (8 more) ..."
09:23:22.87 (89101445)|VARIABLE_SCOPE_BEGIN|[157]|theMap|Map<String,Set<String>>|true|false
09:23:22.87 (89115595)|VARIABLE_ASSIGNMENT|[157]|theMap|{"s":1,"v":{"testautonumdata__Ref (8 more) ...":{"s":2,"v":["Id","OwnerId","createddate"]}}}|0x158dfebd
09:23:22.87 (89123454)|HEAP_ALLOCATE|[160]|Bytes:5
09:23:22.87 (89127049)|STATEMENT_EXECUTE|[158]
09:23:22.87 (89134978)|ENTERING_MANAGED_PKG|
09:23:22.87 (89141746)|STATEMENT_EXECUTE|[161]
09:23:22.87 (89143130)|STATEMENT_EXECUTE|[162]
09:23:22.87 (89147554)|ENTERING_MANAGED_PKG|
09:23:22.87 (89157177)|VARIABLE_SCOPE_BEGIN|[162]|existingFieldSet|Set<String>|true|false
09:23:22.87 (89169879)|VARIABLE_ASSIGNMENT|[162]|existingFieldSet|{"s":1,"v":["Id","OwnerId","createddate"]}|0x83945a5
09:23:22.87 (89172966)|STATEMENT_EXECUTE|[163]
09:23:22.87 (89179933)|ENTERING_MANAGED_PKG|
09:23:22.87 (89182740)|HEAP_ALLOCATE|[EXTERNAL]|Bytes:4
09:23:22.87 (89188724)|STATEMENT_EXECUTE|[164]
09:23:22.87 (89193594)|ENTERING_MANAGED_PKG|
09:23:22.87 (89210471)|METHOD_EXIT|[150]|01pB0000000ljzx|testautonumdata.Sparkle_Helper.AddFieldToMap(String, String, Map<String,Set<String>>)
09:23:22.87 (89216581)|METHOD_EXIT|[62]|01pB0000000ljzx|testautonumdata.Sparkle_Helper.AddFieldToObjectsMap(String, String, Map<String,Set<String>>)
09:23:22.87 (89221377)|STATEMENT_EXECUTE|[65]
09:23:22.87 (89222948)|STATEMENT_EXECUTE|[71]
09:23:22.87 (89226337)|HEAP_ALLOCATE|[71]|Bytes:7
09:23:22.87 (89241432)|ENTERING_MANAGED_PKG|
09:23:22.87 (89259029)|HEAP_ALLOCATE|[71]|Bytes:1
09:23:22.87 (89272081)|HEAP_ALLOCATE|[71]|Bytes:8
09:23:22.87 (89276050)|HEAP_ALLOCATE|[71]|Bytes:144
09:23:22.87 (89284891)|VARIABLE_ASSIGNMENT|[71]|soql|"Select id, OwnerId,  (124 more) ..."
09:23:22.87 (89287982)|STATEMENT_EXECUTE|[75]
09:23:22.87 (89293152)|HEAP_ALLOCATE|[75]|Bytes:159
09:23:22.87 (89304102)|ENTERING_MANAGED_PKG|
09:23:22.87 (89320292)|USER_DEBUG|[75]|DEBUG|######## soql: Select id, OwnerId, Owner.Name, createddate FROM testautonumdata__Referral__c where testautonumdata__Candidate__c = 'a0MB0000000cQXFMA2' limit 8
09:23:22.87 (89335498)|METHOD_ENTRY|[79]|01pB0000000ljzx|testautonumdata.Sparkle_Helper.UserHasAccessToObjectsAndFields(Map<String,Set<String>>)
09:23:22.87 (89347231)|VARIABLE_SCOPE_BEGIN|[175]|theMap|Map<String,Set<String>>|true|false
09:23:22.87 (89367378)|VARIABLE_ASSIGNMENT|[175]|theMap|{"s":1,"v":{"testautonumdata__Ref (8 more) ...":{"s":2,"v":["Id","OwnerId","createddate","testautonumdata__Can (9 more) ..."]}}}|0x158dfebd
09:23:22.87 (89376891)|HEAP_ALLOCATE|[177]|Bytes:5
09:23:22.87 (89381375)|STATEMENT_EXECUTE|[176]
09:23:22.87 (89382688)|STATEMENT_EXECUTE|[177]
09:23:22.87 (89387520)|VARIABLE_SCOPE_BEGIN|[177]|hasAccess|Boolean|false|false
09:23:22.87 (89390739)|HEAP_ALLOCATE|[177]|Bytes:5
09:23:22.87 (89395653)|VARIABLE_ASSIGNMENT|[177]|hasAccess|true
09:23:22.87 (89405482)|ENTERING_MANAGED_PKG|
09:23:22.87 (89413621)|STATEMENT_EXECUTE|[180]
09:23:22.87 (89415062)|STATEMENT_EXECUTE|[181]
09:23:22.87 (89428721)|ENTERING_MANAGED_PKG|
09:23:22.87 (89443453)|HEAP_ALLOCATE|[181]|Bytes:88
09:23:22.87 (89457720)|HEAP_ALLOCATE|[181]|Bytes:105
09:23:22.87 (89467400)|ENTERING_MANAGED_PKG|
09:23:22.87 (89473022)|USER_DEBUG|[181]|DEBUG|######## theMap: {testautonumdata__Referral__c={Id, OwnerId, createddate, testautonumdata__Candidate__c}}
09:23:22.87 (89481820)|HEAP_ALLOCATE|[182]|Bytes:4
09:23:22.87 (89489179)|ENTERING_MANAGED_PKG|
09:23:22.87 (89498974)|ENTERING_MANAGED_PKG|
09:23:22.87 (89509614)|HEAP_ALLOCATE|[182]|Bytes:36
09:23:22.87 (89520051)|ENTERING_MANAGED_PKG|
09:23:22.87 (89523181)|HEAP_ALLOCATE|[182]|Bytes:4
09:23:22.87 (89529605)|ENTERING_MANAGED_PKG|
09:23:22.87 (89544180)|HEAP_ALLOCATE|[182]|Bytes:5
09:23:22.87 (89556373)|VARIABLE_SCOPE_BEGIN|[182]|objectName|String|false|false
09:23:22.87 (89571537)|VARIABLE_ASSIGNMENT|[182]|objectName|"testautonumdata__Ref (8 more) ..."
09:23:22.87 (89575263)|STATEMENT_EXECUTE|[183]
09:23:22.87 (89576442)|STATEMENT_EXECUTE|[184]
09:23:22.87 (89582844)|HEAP_ALLOCATE|[184]|Bytes:49
09:23:22.87 (89593697)|ENTERING_MANAGED_PKG|
09:23:22.87 (89599127)|USER_DEBUG|[184]|DEBUG|######## objectName: testautonumdata__Referral__c
09:23:22.87 (89604470)|STATEMENT_EXECUTE|[185]
09:23:22.87 (89610990)|ENTERING_MANAGED_PKG|
09:23:22.87 (94500366)|HEAP_ALLOCATE|[185]|Bytes:1648
09:23:22.87 (94521147)|ENTERING_MANAGED_PKG|
09:23:22.87 (94619514)|HEAP_ALLOCATE|[185]|Bytes:4
09:23:22.87 (94630224)|VARIABLE_SCOPE_BEGIN|[185]|sObj|SObject|true|false
09:23:22.87 (94646830)|VARIABLE_ASSIGNMENT|[185]|sObj|{}|0x732a0b3c
09:23:22.87 (94650057)|STATEMENT_EXECUTE|[186]
09:23:22.87 (94667934)|ENTERING_MANAGED_PKG|
09:23:22.87 (94850215)|HEAP_ALLOCATE|[186]|Bytes:4
09:23:22.87 (95888162)|HEAP_ALLOCATE|[186]|Bytes:60
09:23:22.87 (95899832)|VARIABLE_SCOPE_BEGIN|[186]|m|Map<String,Schema.SObjectField>|true|false
09:23:22.87 (96152360)|VARIABLE_ASSIGNMENT|[186]|m|"{createdbyid=CreatedById, createddate=CreatedDate, id=Id, isdeleted=IsDeleted, lastactivitydate=LastActivityDate, lastmodifiedbyid=LastModifiedById, lastmodifieddate=LastModifiedDate, lastreferenceddate=LastReferencedDate, lastvieweddate=LastViewedDate, name=Name, ...}"|0x2adc8bac
09:23:22.87 (96162056)|STATEMENT_EXECUTE|[187]
09:23:22.87 (96179660)|ENTERING_MANAGED_PKG|
09:23:22.87 (96199512)|VARIABLE_SCOPE_BEGIN|[187]|objectFieldSet|Set<String>|true|false
09:23:22.87 (96220705)|VARIABLE_ASSIGNMENT|[187]|objectFieldSet|{"s":1,"v":["Id","OwnerId","createddate","testautonumdata__Can (9 more) ..."]}|0x83945a5
09:23:22.87 (96227598)|HEAP_ALLOCATE|[189]|Bytes:4
09:23:22.87 (96237891)|ENTERING_MANAGED_PKG|
09:23:22.87 (96249156)|ENTERING_MANAGED_PKG|
09:23:22.87 (96253145)|HEAP_ALLOCATE|[189]|Bytes:16
09:23:22.87 (96260803)|ENTERING_MANAGED_PKG|
09:23:22.87 (96274270)|HEAP_ALLOCATE|[189]|Bytes:5
09:23:22.87 (96286799)|VARIABLE_SCOPE_BEGIN|[189]|fieldToCheck|String|false|false
09:23:22.87 (96294141)|VARIABLE_ASSIGNMENT|[189]|fieldToCheck|"Id"
09:23:22.87 (96297121)|STATEMENT_EXECUTE|[189]
09:23:22.87 (96298457)|STATEMENT_EXECUTE|[190]
09:23:22.87 (96304628)|HEAP_ALLOCATE|[190]|Bytes:25
09:23:22.87 (96314920)|ENTERING_MANAGED_PKG|
09:23:22.87 (96321069)|USER_DEBUG|[190]|DEBUG|######## fieldToCheck: Id
09:23:22.87 (96331858)|ENTERING_MANAGED_PKG|
09:23:22.87 (96963487)|HEAP_ALLOCATE|[192]|Bytes:8
09:23:22.87 (96979204)|STATEMENT_EXECUTE|[192]
09:23:22.87 (96981404)|STATEMENT_EXECUTE|[199]
09:23:22.87 (96987882)|HEAP_ALLOCATE|[199]|Bytes:37
09:23:22.87 (96999119)|ENTERING_MANAGED_PKG|
09:23:22.87 (97005380)|USER_DEBUG|[199]|DEBUG|######## User has access to field: Id
09:23:22.87 (97020839)|HEAP_ALLOCATE|[189]|Bytes:5
09:23:22.87 (97033155)|VARIABLE_SCOPE_BEGIN|[189]|fieldToCheck|String|false|false
09:23:22.87 (97041099)|VARIABLE_ASSIGNMENT|[189]|fieldToCheck|"OwnerId"
09:23:22.87 (97044128)|STATEMENT_EXECUTE|[189]
09:23:22.87 (97045329)|STATEMENT_EXECUTE|[190]
09:23:22.87 (97050645)|HEAP_ALLOCATE|[190]|Bytes:30
09:23:22.87 (97059759)|ENTERING_MANAGED_PKG|
09:23:22.87 (97064898)|USER_DEBUG|[190]|DEBUG|######## fieldToCheck: OwnerId
09:23:22.87 (97074528)|ENTERING_MANAGED_PKG|
09:23:22.87 (97244880)|HEAP_ALLOCATE|[192]|Bytes:8
09:23:22.87 (97259059)|STATEMENT_EXECUTE|[192]
09:23:22.87 (97261197)|STATEMENT_EXECUTE|[199]
09:23:22.87 (97266964)|HEAP_ALLOCATE|[199]|Bytes:42
09:23:22.87 (97276929)|ENTERING_MANAGED_PKG|
09:23:22.87 (97282883)|USER_DEBUG|[199]|DEBUG|######## User has access to field: OwnerId
09:23:22.87 (97296448)|HEAP_ALLOCATE|[189]|Bytes:5
09:23:22.87 (97308786)|VARIABLE_SCOPE_BEGIN|[189]|fieldToCheck|String|false|false
09:23:22.87 (97316428)|VARIABLE_ASSIGNMENT|[189]|fieldToCheck|"createddate"
09:23:22.87 (97319165)|STATEMENT_EXECUTE|[189]
09:23:22.87 (97320255)|STATEMENT_EXECUTE|[190]
09:23:22.87 (97325026)|HEAP_ALLOCATE|[190]|Bytes:34
09:23:22.87 (97334177)|ENTERING_MANAGED_PKG|
09:23:22.87 (97339104)|USER_DEBUG|[190]|DEBUG|######## fieldToCheck: createddate
09:23:22.87 (97348503)|ENTERING_MANAGED_PKG|
09:23:22.87 (97497092)|HEAP_ALLOCATE|[192]|Bytes:8
09:23:22.87 (97510906)|STATEMENT_EXECUTE|[192]
09:23:22.87 (97512942)|STATEMENT_EXECUTE|[199]
09:23:22.87 (97518541)|HEAP_ALLOCATE|[199]|Bytes:46
09:23:22.87 (97528384)|ENTERING_MANAGED_PKG|
09:23:22.87 (97534337)|USER_DEBUG|[199]|DEBUG|######## User has access to field: createddate
09:23:22.87 (97547738)|HEAP_ALLOCATE|[189]|Bytes:5
09:23:22.87 (97559051)|VARIABLE_SCOPE_BEGIN|[189]|fieldToCheck|String|false|false
09:23:22.87 (97574224)|VARIABLE_ASSIGNMENT|[189]|fieldToCheck|"testautonumdata__Can (9 more) ..."
09:23:22.87 (97577502)|STATEMENT_EXECUTE|[189]
09:23:22.87 (97578663)|STATEMENT_EXECUTE|[190]
09:23:22.87 (97584217)|HEAP_ALLOCATE|[190]|Bytes:52
09:23:22.87 (97593895)|ENTERING_MANAGED_PKG|
09:23:22.87 (97599117)|USER_DEBUG|[190]|DEBUG|######## fieldToCheck: testautonumdata__Candidate__c
09:23:22.87 (97609330)|ENTERING_MANAGED_PKG|
09:23:22.87 (101647669)|HEAP_ALLOCATE|[192]|Bytes:8
09:23:22.87 (101664132)|STATEMENT_EXECUTE|[192]
09:23:22.87 (101666410)|STATEMENT_EXECUTE|[199]
09:23:22.87 (101672483)|HEAP_ALLOCATE|[199]|Bytes:64
09:23:22.87 (101683717)|ENTERING_MANAGED_PKG|
09:23:22.87 (101690239)|USER_DEBUG|[199]|DEBUG|######## User has access to field: testautonumdata__Candidate__c
09:23:22.87 (101705362)|HEAP_ALLOCATE|[189]|Bytes:5
09:23:22.87 (101718515)|VARIABLE_ASSIGNMENT|[189]|fieldToCheck|null
09:23:22.87 (101727969)|HEAP_ALLOCATE|[182]|Bytes:5
09:23:22.87 (101737294)|VARIABLE_ASSIGNMENT|[182]|objectName|null
09:23:22.87 (101740374)|STATEMENT_EXECUTE|[206]
09:23:22.87 (101743499)|HEAP_ALLOCATE|[206]|Bytes:5
09:23:22.87 (101753642)|METHOD_EXIT|[79]|01pB0000000ljzx|testautonumdata.Sparkle_Helper.UserHasAccessToObjectsAndFields(Map<String,Set<String>>)
09:23:22.87 (101757481)|STATEMENT_EXECUTE|[80]
09:23:22.87 (101758736)|STATEMENT_EXECUTE|[82]
09:23:22.87 (101771422)|ENTERING_MANAGED_PKG|
09:23:22.87 (102174087)|SOQL_EXECUTE_BEGIN|[82]|Aggregations:0|Select id, OwnerId, Owner.Name, createddate FROM testautonumdata__Referral__c where testautonumdata__Candidate__c = 'a0MB0000000cQXFMA2' limit 8
09:23:22.87 (109072099)|SOQL_EXECUTE_END|[82]|Rows:2
09:23:22.87 (109097753)|HEAP_ALLOCATE|[82]|Bytes:12
09:23:22.87 (109120341)|HEAP_ALLOCATE|[82]|Bytes:269
09:23:22.87 (109167449)|HEAP_ALLOCATE|[82]|Bytes:12
09:23:22.87 (109182041)|VARIABLE_SCOPE_BEGIN|[82]|lstQueriedRecords|List<SObject>|true|false
09:23:22.87 (109261574)|VARIABLE_ASSIGNMENT|[82]|lstQueriedRecords|{"s":1,"v":[{"s":2,"v":{"Id":"a0TB0000000YKHIMA4","OwnerId":"005B0000001VpZRIA0","CreatedDate":"2016-05-12T14:31:58.000Z","Owner":{"s":3,"v":{"Name":"Rodrigo Reboucas","Id":"005B0000001VpZRIA0"}}}},{"s":4,"v":{"Id":"a0TB0000000Y9Q9MAK","OwnerId":"005B00000021dadIAA","CreatedDate":"2016-05-09T14:40:41.000Z","Owner":{"s":5,"v":{"Name":"Demo User","Id":"005B00000021dadIAA"}}}}]}|0x38d98a92
09:23:22.87 (109267969)|STATEMENT_EXECUTE|[84]
09:23:22.87 (109273003)|HEAP_ALLOCATE|[84]|Bytes:28
09:23:22.87 (109295353)|ENTERING_MANAGED_PKG|
09:23:22.87 (109384082)|HEAP_ALLOCATE|[84]|Bytes:230
09:23:22.87 (109403353)|HEAP_ALLOCATE|[84]|Bytes:258
09:23:22.87 (109415766)|ENTERING_MANAGED_PKG|
09:23:22.87 (109422482)|USER_DEBUG|[84]|DEBUG|######## lstQueriedRecords: (testautonumdata__Referral__c:{Id=a0TB0000000YKHIMA4, OwnerId=005B0000001VpZRIA0, CreatedDate=2016-05-12 14:31:58}, testautonumdata__Referral__c:{Id=a0TB0000000Y9Q9MAK, OwnerId=005B00000021dadIAA, CreatedDate=2016-05-09 14:40:41})
09:23:22.87 (109486377)|ENTERING_MANAGED_PKG|
09:23:22.87 (109674261)|HEAP_ALLOCATE|[88]|Bytes:5
09:23:22.87 (109709817)|HEAP_ALLOCATE|[88]|Bytes:20
09:23:22.87 (109725135)|VARIABLE_SCOPE_BEGIN|[88]|e|SObject|true|false
09:23:22.87 (109759199)|VARIABLE_ASSIGNMENT|[88]|e|{"s":1,"v":{"Id":"a0TB0000000YKHIMA4","OwnerId":"005B0000001VpZRIA0","CreatedDate":"2016-05-12T14:31:58.000Z","Owner":{"s":2,"v":{"Name":"Rodrigo Reboucas","Id":"005B0000001VpZRIA0"}}}}|0x60b03c9d
09:23:22.87 (109764250)|STATEMENT_EXECUTE|[89]
09:23:22.87 (109765770)|STATEMENT_EXECUTE|[90]
09:23:22.87 (109769800)|HEAP_ALLOCATE|[90]|Bytes:12
09:23:22.87 (109791567)|ENTERING_MANAGED_PKG|
09:23:22.87 (109850970)|HEAP_ALLOCATE|[90]|Bytes:113
09:23:22.87 (109868805)|HEAP_ALLOCATE|[90]|Bytes:125
09:23:22.87 (109880671)|ENTERING_MANAGED_PKG|
09:23:22.87 (109886865)|USER_DEBUG|[90]|DEBUG|######## e: testautonumdata__Referral__c:{Id=a0TB0000000YKHIMA4, OwnerId=005B0000001VpZRIA0, CreatedDate=2016-05-12 14:31:58}
09:23:22.87 (109893617)|STATEMENT_EXECUTE|[91]
09:23:22.87 (109915465)|HEAP_ALLOCATE|[91]|Bytes:32
09:23:22.87 (109928233)|CONSTRUCTOR_ENTRY|[91]|01pB0000000lc8w|<init>()
09:23:22.87 (109962314)|VARIABLE_SCOPE_BEGIN|[1]|this|testautonumdata.RelatedListServerController|true|false
09:23:22.87 (110044575)|VARIABLE_ASSIGNMENT|[1]|this|{}|0x7d71ddcc
09:23:22.87 (110054379)|HEAP_ALLOCATE|[EXTERNAL]|Bytes:5
09:23:22.87 (110076289)|STATEMENT_EXECUTE|[1]
09:23:22.87 (110106318)|HEAP_ALLOCATE|[EXTERNAL]|Bytes:5
09:23:22.87 (110111406)|STATEMENT_EXECUTE|[6]
09:23:22.87 (110113147)|STATEMENT_EXECUTE|[8]
09:23:22.87 (110114196)|STATEMENT_EXECUTE|[10]
09:23:22.87 (110115156)|STATEMENT_EXECUTE|[12]
09:23:22.87 (110116139)|STATEMENT_EXECUTE|[14]
09:23:22.87 (110117159)|STATEMENT_EXECUTE|[16]
09:23:22.87 (110118180)|STATEMENT_EXECUTE|[18]
09:23:22.87 (110129355)|CONSTRUCTOR_EXIT|[91]|01pB0000000lc8w|<init>()
09:23:22.87 (110134582)|VARIABLE_SCOPE_BEGIN|[91]|i|testautonumdata.RelatedListServerController|true|false
09:23:22.87 (110156368)|VARIABLE_ASSIGNMENT|[91]|i|{}|0x7d71ddcc
09:23:22.87 (110159391)|STATEMENT_EXECUTE|[93]
09:23:22.87 (110170677)|METHOD_ENTRY|[93]|01pB0000000ljzx|testautonumdata.Sparkle_Helper.GetSobjectField(SObject, String)
09:23:22.87 (110186093)|VARIABLE_SCOPE_BEGIN|[78]|e|SObject|true|false
09:23:22.87 (110216107)|VARIABLE_ASSIGNMENT|[78]|e|{"s":1,"v":{"Id":"a0TB0000000YKHIMA4","OwnerId":"005B0000001VpZRIA0","CreatedDate":"2016-05-12T14:31:58.000Z","Owner":{"s":2,"v":{"Name":"Rodrigo Reboucas","Id":"005B0000001VpZRIA0"}}}}|0x60b03c9d
09:23:22.87 (110220116)|VARIABLE_SCOPE_BEGIN|[78]|lcfield|String|false|false
09:23:22.87 (110224241)|VARIABLE_ASSIGNMENT|[78]|lcfield|"id"
09:23:22.87 (110233732)|HEAP_ALLOCATE|[81]|Bytes:5
09:23:22.87 (110238624)|STATEMENT_EXECUTE|[79]
09:23:22.87 (110239851)|STATEMENT_EXECUTE|[81]
09:23:22.87 (110244161)|VARIABLE_SCOPE_BEGIN|[81]|returnValue|String|false|false
09:23:22.87 (110249053)|VARIABLE_ASSIGNMENT|[81]|returnValue|""
09:23:22.87 (110266373)|ENTERING_MANAGED_PKG|
09:23:22.87 (110276255)|STATEMENT_EXECUTE|[98]
09:23:22.87 (110286788)|ENTERING_MANAGED_PKG|
09:23:22.87 (110312498)|HEAP_ALLOCATE|[98]|Bytes:4
09:23:22.87 (110331298)|ENTERING_MANAGED_PKG|
09:23:22.87 (110335320)|HEAP_ALLOCATE|[98]|Bytes:18
09:23:22.87 (110347782)|VARIABLE_ASSIGNMENT|[98]|returnValue|"a0TB0000000YKHIMA4"
09:23:22.87 (110350793)|STATEMENT_EXECUTE|[100]
09:23:22.87 (110358483)|METHOD_EXIT|[93]|01pB0000000ljzx|testautonumdata.Sparkle_Helper.GetSobjectField(SObject, String)
09:23:22.87 (110399260)|VARIABLE_ASSIGNMENT|[EXTERNAL]|this|{}|0x7d71ddcc
09:23:22.87 (110407423)|VARIABLE_ASSIGNMENT|[EXTERNAL]|value|"a0TB0000000YKHIMA4"
09:23:22.87 (110419646)|VARIABLE_ASSIGNMENT|[6]|this.recordID|"a0TB0000000YKHIMA4"|0x7d71ddcc
09:23:22.87 (110427587)|STATEMENT_EXECUTE|[96]
09:23:22.87 (110429063)|STATEMENT_EXECUTE|[97]
09:23:22.87 (110435275)|METHOD_ENTRY|[97]|01pB0000000ljzx|testautonumdata.Sparkle_Helper.GetSobjectField(SObject, String)
09:23:22.87 (110448066)|VARIABLE_SCOPE_BEGIN|[78]|e|SObject|true|false
09:23:22.87 (110476981)|VARIABLE_ASSIGNMENT|[78]|e|{"s":1,"v":{"Id":"a0TB0000000YKHIMA4","OwnerId":"005B0000001VpZRIA0","CreatedDate":"2016-05-12T14:31:58.000Z","Owner":{"s":2,"v":{"Name":"Rodrigo Reboucas","Id":"005B0000001VpZRIA0"}}}}|0x60b03c9d
09:23:22.87 (110480939)|VARIABLE_SCOPE_BEGIN|[78]|lcfield|String|false|false
09:23:22.87 (110484829)|VARIABLE_ASSIGNMENT|[78]|lcfield|"OwnerId"
09:23:22.87 (110493670)|HEAP_ALLOCATE|[81]|Bytes:5
09:23:22.87 (110497911)|STATEMENT_EXECUTE|[79]
09:23:22.87 (110499078)|STATEMENT_EXECUTE|[81]
09:23:22.87 (110503083)|VARIABLE_SCOPE_BEGIN|[81]|returnValue|String|false|false
09:23:22.87 (110507597)|VARIABLE_ASSIGNMENT|[81]|returnValue|""
09:23:22.87 (110522755)|ENTERING_MANAGED_PKG|
09:23:22.87 (110531825)|STATEMENT_EXECUTE|[98]
09:23:22.87 (110540519)|ENTERING_MANAGED_PKG|
09:23:22.87 (110561149)|HEAP_ALLOCATE|[98]|Bytes:4
09:23:22.87 (110592323)|ENTERING_MANAGED_PKG|
09:23:22.87 (110597603)|HEAP_ALLOCATE|[98]|Bytes:18
09:23:22.87 (110620152)|VARIABLE_ASSIGNMENT|[98]|returnValue|"005B0000001VpZRIA0"
09:23:22.87 (110625197)|STATEMENT_EXECUTE|[100]
09:23:22.87 (110636941)|METHOD_EXIT|[97]|01pB0000000ljzx|testautonumdata.Sparkle_Helper.GetSobjectField(SObject, String)
09:23:22.87 (110686117)|VARIABLE_ASSIGNMENT|[EXTERNAL]|this|{"recordID":"a0TB0000000YKHIMA4"}|0x7d71ddcc
09:23:22.87 (110694275)|VARIABLE_ASSIGNMENT|[EXTERNAL]|value|"005B0000001VpZRIA0"
09:23:22.87 (110703908)|VARIABLE_ASSIGNMENT|[10]|this.OwnerID|"005B0000001VpZRIA0"|0x7d71ddcc
09:23:22.87 (110710932)|STATEMENT_EXECUTE|[99]
09:23:22.87 (110755235)|VARIABLE_ASSIGNMENT|[EXTERNAL]|this|{"OwnerID":"005B0000001VpZRIA0","recordID":"a0TB0000000YKHIMA4"}|0x7d71ddcc
09:23:22.87 (110872830)|HEAP_ALLOCATE|[99]|Bytes:133
09:23:22.87 (110912132)|SYSTEM_METHOD_ENTRY|[5]|ChatterUsers.ChatterUsers()
09:23:22.87 (110915938)|STATEMENT_EXECUTE|[5]
09:23:22.87 (110927720)|SYSTEM_METHOD_EXIT|[5]|ChatterUsers
09:23:22.87 (110953126)|METHOD_ENTRY|[99]||ConnectApi.ChatterUsers.getPhoto(String, String)
09:23:22.87 (130671301)|SYSTEM_METHOD_EXIT|[5]|Photo
09:23:22.87 (130682018)|HEAP_ALLOCATE|[38]|Bytes:68
09:23:22.87 (130687369)|HEAP_ALLOCATE|[38]|Bytes:12
09:23:22.87 (130691430)|HEAP_ALLOCATE|[38]|Bytes:8
09:23:22.87 (130696275)|VARIABLE_SCOPE_BEGIN|[36]|this|ConnectApi.Photo|true|false
09:23:22.87 (130738007)|VARIABLE_ASSIGNMENT|[36]|this|{}|0x2b2e410c
09:23:22.87 (130742140)|VARIABLE_SCOPE_BEGIN|[36]|versionIn|Double|false|false
09:23:22.87 (130748245)|VARIABLE_ASSIGNMENT|[36]|versionIn|34.0
09:23:22.87 (130750325)|VARIABLE_SCOPE_BEGIN|[36]|javaObj|java:sfdc.chatter.connect.api.output.photo.PhotoRepresentation|true|false
09:23:22.87 (130835328)|VARIABLE_ASSIGNMENT|[36]|javaObj|"sfdc.chatter.connect.api.output.photo.PhotoRepresentation@4c5c3e2c"|0x4c5c3e2c
09:23:22.87 (131049834)|METHOD_EXIT|[99]||ConnectApi.ChatterUsers.getPhoto(String, String)
09:23:22.87 (131057819)|VARIABLE_SCOPE_BEGIN|[99]|userPhoto|ConnectApi.Photo|true|false
09:23:22.87 (131083079)|VARIABLE_ASSIGNMENT|[99]|userPhoto|{}|0x2b2e410c
09:23:22.87 (131087358)|STATEMENT_EXECUTE|[101]
09:23:22.87 (131288922)|VARIABLE_ASSIGNMENT|[EXTERNAL]|this|{"OwnerID":"005B0000001VpZRIA0","recordID":"a0TB0000000YKHIMA4"}|0x7d71ddcc
09:23:22.87 (131300040)|VARIABLE_ASSIGNMENT|[EXTERNAL]|value|"https://rrlightningo (65 more) ..."
09:23:22.87 (131310934)|VARIABLE_ASSIGNMENT|[18]|this.iconUrl|"https://rrlightningo (65 more) ..."|0x7d71ddcc
09:23:22.87 (131318942)|STATEMENT_EXECUTE|[107]
09:23:22.87 (131320536)|STATEMENT_EXECUTE|[108]
09:23:22.87 (131328716)|METHOD_ENTRY|[108]|01pB0000000ljzx|testautonumdata.Sparkle_Helper.GetSobjectField(SObject, String)
09:23:22.87 (131346852)|VARIABLE_SCOPE_BEGIN|[78]|e|SObject|true|false
09:23:22.87 (131392917)|VARIABLE_ASSIGNMENT|[78]|e|{"s":1,"v":{"Id":"a0TB0000000YKHIMA4","OwnerId":"005B0000001VpZRIA0","CreatedDate":"2016-05-12T14:31:58.000Z","Owner":{"s":2,"v":{"Name":"Rodrigo Reboucas","Id":"005B0000001VpZRIA0"}}}}|0x60b03c9d
09:23:22.87 (131397692)|VARIABLE_SCOPE_BEGIN|[78]|lcfield|String|false|false
09:23:22.87 (131402123)|VARIABLE_ASSIGNMENT|[78]|lcfield|"Owner.Name"
09:23:22.87 (131411281)|HEAP_ALLOCATE|[81]|Bytes:5
09:23:22.87 (131416399)|STATEMENT_EXECUTE|[79]
09:23:22.87 (131417723)|STATEMENT_EXECUTE|[81]
09:23:22.87 (131421985)|VARIABLE_SCOPE_BEGIN|[81]|returnValue|String|false|false
09:23:22.87 (131426854)|VARIABLE_ASSIGNMENT|[81]|returnValue|""
09:23:22.87 (131447576)|ENTERING_MANAGED_PKG|
09:23:22.87 (131457669)|STATEMENT_EXECUTE|[84]
09:23:22.87 (131459457)|STATEMENT_EXECUTE|[85]
09:23:22.87 (131475244)|ENTERING_MANAGED_PKG|
09:23:22.87 (131504930)|HEAP_ALLOCATE|[85]|Bytes:5
09:23:22.87 (131518653)|VARIABLE_SCOPE_BEGIN|[85]|relName|String|false|false
09:23:22.87 (131525999)|VARIABLE_ASSIGNMENT|[85]|relName|"Owner"
09:23:22.87 (131528707)|STATEMENT_EXECUTE|[86]
09:23:22.87 (131543928)|ENTERING_MANAGED_PKG|
09:23:22.87 (131565069)|HEAP_ALLOCATE|[86]|Bytes:4
09:23:22.87 (131584451)|VARIABLE_SCOPE_BEGIN|[86]|relField|String|false|false
09:23:22.87 (131592094)|VARIABLE_ASSIGNMENT|[86]|relField|"Name"
09:23:22.87 (131604771)|ENTERING_MANAGED_PKG|
09:23:22.87 (131637054)|STATEMENT_EXECUTE|[94]
09:23:22.87 (131653241)|ENTERING_MANAGED_PKG|
09:23:22.87 (131725923)|HEAP_ALLOCATE|[94]|Bytes:12
09:23:22.87 (131749177)|ENTERING_MANAGED_PKG|
09:23:22.87 (131775066)|HEAP_ALLOCATE|[94]|Bytes:16
09:23:22.87 (131798807)|ENTERING_MANAGED_PKG|
09:23:22.87 (131803514)|HEAP_ALLOCATE|[94]|Bytes:16
09:23:22.87 (131816901)|VARIABLE_ASSIGNMENT|[94]|returnValue|"Rodrigo Reboucas"
09:23:22.87 (131820530)|STATEMENT_EXECUTE|[100]
09:23:22.87 (131828700)|METHOD_EXIT|[108]|01pB0000000ljzx|testautonumdata.Sparkle_Helper.GetSobjectField(SObject, String)
09:23:22.87 (131876612)|VARIABLE_ASSIGNMENT|[EXTERNAL]|this|{"iconUrl":"https://rrlightningo (65 more) ...","OwnerID":"005B0000001VpZRIA0","recordID":"a0TB0000000YKHIMA4"}|0x7d71ddcc
09:23:22.87 (131885178)|VARIABLE_ASSIGNMENT|[EXTERNAL]|value|"Rodrigo Reboucas"
09:23:22.87 (131894859)|VARIABLE_ASSIGNMENT|[8]|this.OwnerName|"Rodrigo Reboucas"|0x7d71ddcc
09:23:22.87 (131903034)|STATEMENT_EXECUTE|[112]
09:23:22.87 (131904615)|STATEMENT_EXECUTE|[113]
09:23:22.87 (131910936)|METHOD_ENTRY|[113]|01pB0000000ljzx|testautonumdata.Sparkle_Helper.GetSobjectField(SObject, String)
09:23:22.87 (131924184)|VARIABLE_SCOPE_BEGIN|[78]|e|SObject|true|false
09:23:22.87 (131954811)|VARIABLE_ASSIGNMENT|[78]|e|{"s":1,"v":{"Id":"a0TB0000000YKHIMA4","OwnerId":"005B0000001VpZRIA0","CreatedDate":"2016-05-12T14:31:58.000Z","Owner":{"s":2,"v":{"Name":"Rodrigo Reboucas","Id":"005B0000001VpZRIA0"}}}}|0x60b03c9d
09:23:22.87 (131958868)|VARIABLE_SCOPE_BEGIN|[78]|lcfield|String|false|false
09:23:22.87 (131963010)|VARIABLE_ASSIGNMENT|[78]|lcfield|"createddate"
09:23:22.87 (131971589)|HEAP_ALLOCATE|[81]|Bytes:5
09:23:22.87 (131975797)|STATEMENT_EXECUTE|[79]
09:23:22.87 (131976911)|STATEMENT_EXECUTE|[81]
09:23:22.87 (131980893)|VARIABLE_SCOPE_BEGIN|[81]|returnValue|String|false|false
09:23:22.87 (131985467)|VARIABLE_ASSIGNMENT|[81]|returnValue|""
09:23:22.87 (132000947)|ENTERING_MANAGED_PKG|
09:23:22.87 (132011334)|STATEMENT_EXECUTE|[98]
09:23:22.87 (132020271)|ENTERING_MANAGED_PKG|
09:23:22.87 (132047315)|HEAP_ALLOCATE|[98]|Bytes:56
09:23:22.87 (132067438)|ENTERING_MANAGED_PKG|
09:23:22.87 (132080562)|HEAP_ALLOCATE|[98]|Bytes:19
09:23:22.87 (132094549)|VARIABLE_ASSIGNMENT|[98]|returnValue|"2016-05-12 14:31:58"
09:23:22.87 (132097806)|STATEMENT_EXECUTE|[100]
09:23:22.87 (132105139)|METHOD_EXIT|[113]|01pB0000000ljzx|testautonumdata.Sparkle_Helper.GetSobjectField(SObject, String)
09:23:22.87 (132151118)|VARIABLE_ASSIGNMENT|[EXTERNAL]|this|{"iconUrl":"https://rrlightningo (65 more) ...","OwnerID":"005B0000001VpZRIA0","OwnerName":"Rodrigo Reboucas","recordID":"a0TB0000000YKHIMA4"}|0x7d71ddcc
09:23:22.87 (132160002)|VARIABLE_ASSIGNMENT|[EXTERNAL]|value|"2016-05-12 14:31:58"
09:23:22.87 (132168782)|VARIABLE_ASSIGNMENT|[12]|this.column2|"2016-05-12 14:31:58"|0x7d71ddcc
09:23:22.87 (132175855)|STATEMENT_EXECUTE|[118]
09:23:22.87 (132189766)|ENTERING_MANAGED_PKG|
09:23:22.87 (132220757)|HEAP_ALLOCATE|[EXTERNAL]|Bytes:4
09:23:22.87 (132231151)|STATEMENT_EXECUTE|[120]
09:23:22.87 (132235116)|HEAP_ALLOCATE|[120]|Bytes:12
09:23:22.87 (132250988)|ENTERING_MANAGED_PKG|
09:23:22.87 (132319904)|HEAP_ALLOCATE|[120]|Bytes:385
09:23:22.87 (132337347)|HEAP_ALLOCATE|[120]|Bytes:397
09:23:22.87 (132350442)|ENTERING_MANAGED_PKG|
09:23:22.87 (132358117)|USER_DEBUG|[120]|DEBUG|######## i: RelatedListServerController:[OwnerID=005B0000001VpZRIA0, OwnerName=Rodrigo Reboucas, ReferralDate=null, ReferralMessage=null, column2=2016-05-12 14:31:58, iconUrl=https://rrlightningout-dev-ed--c.gus.content.force.com/profilephoto/729B00000000GJc/T, mapObjectsFields={testautonumdata__Referral__c={Id, OwnerId, createddate, testautonumdata__Candidate__c}}, recordID=a0TB0000000YKHIMA4]
09:23:22.87 (132377362)|HEAP_ALLOCATE|[88]|Bytes:5
09:23:22.87 (132411395)|HEAP_ALLOCATE|[88]|Bytes:20
09:23:22.87 (132424120)|VARIABLE_SCOPE_BEGIN|[88]|e|SObject|true|false
09:23:22.87 (132458712)|VARIABLE_ASSIGNMENT|[88]|e|{"s":1,"v":{"Id":"a0TB0000000Y9Q9MAK","OwnerId":"005B00000021dadIAA","CreatedDate":"2016-05-09T14:40:41.000Z","Owner":{"s":2,"v":{"Name":"Demo User","Id":"005B00000021dadIAA"}}}}|0xa2abc3f
09:23:22.87 (132463835)|STATEMENT_EXECUTE|[89]
09:23:22.87 (132465151)|STATEMENT_EXECUTE|[90]
09:23:22.87 (132481733)|ENTERING_MANAGED_PKG|
09:23:22.87 (132524481)|HEAP_ALLOCATE|[90]|Bytes:113
09:23:22.87 (132539985)|HEAP_ALLOCATE|[90]|Bytes:125
09:23:22.87 (132549721)|ENTERING_MANAGED_PKG|
09:23:22.87 (132555610)|USER_DEBUG|[90]|DEBUG|######## e: testautonumdata__Referral__c:{Id=a0TB0000000Y9Q9MAK, OwnerId=005B00000021dadIAA, CreatedDate=2016-05-09 14:40:41}
09:23:22.87 (132561719)|STATEMENT_EXECUTE|[91]
09:23:22.87 (132571333)|HEAP_ALLOCATE|[91]|Bytes:32
09:23:22.87 (132579165)|CONSTRUCTOR_ENTRY|[91]|01pB0000000lc8w|<init>()
09:23:22.87 (132583857)|VARIABLE_SCOPE_BEGIN|[1]|this|testautonumdata.RelatedListServerController|true|false
09:23:22.87 (132605989)|VARIABLE_ASSIGNMENT|[1]|this|{}|0x78b04913
09:23:22.87 (132613605)|HEAP_ALLOCATE|[EXTERNAL]|Bytes:5
09:23:22.87 (132629555)|STATEMENT_EXECUTE|[1]
09:23:22.87 (132633364)|HEAP_ALLOCATE|[EXTERNAL]|Bytes:5
09:23:22.87 (132635722)|STATEMENT_EXECUTE|[6]
09:23:22.87 (132637138)|STATEMENT_EXECUTE|[8]
09:23:22.87 (132638174)|STATEMENT_EXECUTE|[10]
09:23:22.87 (132639090)|STATEMENT_EXECUTE|[12]
09:23:22.87 (132640095)|STATEMENT_EXECUTE|[14]
09:23:22.87 (132641528)|STATEMENT_EXECUTE|[16]
09:23:22.87 (132642653)|STATEMENT_EXECUTE|[18]
09:23:22.87 (132651880)|CONSTRUCTOR_EXIT|[91]|01pB0000000lc8w|<init>()
09:23:22.87 (132656642)|VARIABLE_SCOPE_BEGIN|[91]|i|testautonumdata.RelatedListServerController|true|false
09:23:22.87 (132675389)|VARIABLE_ASSIGNMENT|[91]|i|{}|0x78b04913
09:23:22.87 (132677977)|STATEMENT_EXECUTE|[93]
09:23:22.87 (132686094)|METHOD_ENTRY|[93]|01pB0000000ljzx|testautonumdata.Sparkle_Helper.GetSobjectField(SObject, String)
09:23:22.87 (132690015)|VARIABLE_SCOPE_BEGIN|[78]|e|SObject|true|false
09:23:22.87 (132718750)|VARIABLE_ASSIGNMENT|[78]|e|{"s":1,"v":{"Id":"a0TB0000000Y9Q9MAK","OwnerId":"005B00000021dadIAA","CreatedDate":"2016-05-09T14:40:41.000Z","Owner":{"s":2,"v":{"Name":"Demo User","Id":"005B00000021dadIAA"}}}}|0xa2abc3f
09:23:22.87 (132722926)|VARIABLE_SCOPE_BEGIN|[78]|lcfield|String|false|false
09:23:22.87 (132726695)|VARIABLE_ASSIGNMENT|[78]|lcfield|"id"
09:23:22.87 (132734628)|HEAP_ALLOCATE|[81]|Bytes:5
09:23:22.87 (132738956)|STATEMENT_EXECUTE|[79]
09:23:22.87 (132740089)|STATEMENT_EXECUTE|[81]
09:23:22.87 (132744078)|VARIABLE_SCOPE_BEGIN|[81]|returnValue|String|false|false
09:23:22.87 (132749012)|VARIABLE_ASSIGNMENT|[81]|returnValue|""
09:23:22.87 (132767073)|ENTERING_MANAGED_PKG|
09:23:22.87 (132777933)|STATEMENT_EXECUTE|[98]
09:23:22.87 (132791502)|ENTERING_MANAGED_PKG|
09:23:22.87 (132814783)|HEAP_ALLOCATE|[98]|Bytes:4
09:23:22.87 (132833617)|ENTERING_MANAGED_PKG|
09:23:22.87 (132837414)|HEAP_ALLOCATE|[98]|Bytes:18
09:23:22.87 (132850221)|VARIABLE_ASSIGNMENT|[98]|returnValue|"a0TB0000000Y9Q9MAK"
09:23:22.87 (132853128)|STATEMENT_EXECUTE|[100]
09:23:22.87 (132860290)|METHOD_EXIT|[93]|01pB0000000ljzx|testautonumdata.Sparkle_Helper.GetSobjectField(SObject, String)
09:23:22.87 (132885314)|VARIABLE_ASSIGNMENT|[EXTERNAL]|this|{}|0x78b04913
09:23:22.87 (132890859)|VARIABLE_ASSIGNMENT|[EXTERNAL]|value|"a0TB0000000Y9Q9MAK"
09:23:22.87 (132899106)|VARIABLE_ASSIGNMENT|[6]|this.recordID|"a0TB0000000Y9Q9MAK"|0x78b04913
09:23:22.87 (132905944)|STATEMENT_EXECUTE|[96]
09:23:22.87 (132907213)|STATEMENT_EXECUTE|[97]
09:23:22.87 (132912119)|METHOD_ENTRY|[97]|01pB0000000ljzx|testautonumdata.Sparkle_Helper.GetSobjectField(SObject, String)
09:23:22.87 (132915567)|VARIABLE_SCOPE_BEGIN|[78]|e|SObject|true|false
09:23:22.87 (132943865)|VARIABLE_ASSIGNMENT|[78]|e|{"s":1,"v":{"Id":"a0TB0000000Y9Q9MAK","OwnerId":"005B00000021dadIAA","CreatedDate":"2016-05-09T14:40:41.000Z","Owner":{"s":2,"v":{"Name":"Demo User","Id":"005B00000021dadIAA"}}}}|0xa2abc3f
09:23:22.87 (132948294)|VARIABLE_SCOPE_BEGIN|[78]|lcfield|String|false|false
09:23:22.87 (132952054)|VARIABLE_ASSIGNMENT|[78]|lcfield|"OwnerId"
09:23:22.87 (132960056)|HEAP_ALLOCATE|[81]|Bytes:5
09:23:22.87 (132964210)|STATEMENT_EXECUTE|[79]
09:23:22.87 (132965317)|STATEMENT_EXECUTE|[81]
09:23:22.87 (132969065)|VARIABLE_SCOPE_BEGIN|[81]|returnValue|String|false|false
09:23:22.87 (132973357)|VARIABLE_ASSIGNMENT|[81]|returnValue|""
09:23:22.87 (132987984)|ENTERING_MANAGED_PKG|
09:23:22.87 (132997029)|STATEMENT_EXECUTE|[98]
09:23:22.87 (133005647)|ENTERING_MANAGED_PKG|
09:23:22.87 (133037450)|HEAP_ALLOCATE|[98]|Bytes:4
09:23:22.87 (133056762)|ENTERING_MANAGED_PKG|
09:23:22.87 (133060366)|HEAP_ALLOCATE|[98]|Bytes:18
09:23:22.87 (133072768)|VARIABLE_ASSIGNMENT|[98]|returnValue|"005B00000021dadIAA"
09:23:22.87 (133075561)|STATEMENT_EXECUTE|[100]
09:23:22.87 (133082777)|METHOD_EXIT|[97]|01pB0000000ljzx|testautonumdata.Sparkle_Helper.GetSobjectField(SObject, String)
09:23:22.87 (133109729)|VARIABLE_ASSIGNMENT|[EXTERNAL]|this|{"recordID":"a0TB0000000Y9Q9MAK"}|0x78b04913
09:23:22.87 (133115645)|VARIABLE_ASSIGNMENT|[EXTERNAL]|value|"005B00000021dadIAA"
09:23:22.87 (133123544)|VARIABLE_ASSIGNMENT|[10]|this.OwnerID|"005B00000021dadIAA"|0x78b04913
09:23:22.87 (133129645)|STATEMENT_EXECUTE|[99]
09:23:22.87 (133151644)|VARIABLE_ASSIGNMENT|[EXTERNAL]|this|{"OwnerID":"005B00000021dadIAA","recordID":"a0TB0000000Y9Q9MAK"}|0x78b04913
09:23:22.87 (133162023)|METHOD_ENTRY|[99]||ConnectApi.ChatterUsers.getPhoto(String, String)
09:23:22.87 (154935425)|METHOD_EXIT|[99]||ConnectApi.ChatterUsers.getPhoto(String, String)
09:23:22.87 (154948030)|VARIABLE_SCOPE_BEGIN|[99]|userPhoto|ConnectApi.Photo|true|false
09:23:22.87 (154993430)|VARIABLE_ASSIGNMENT|[99]|userPhoto|{}|0x26a4d7ee
09:23:22.87 (154999512)|STATEMENT_EXECUTE|[101]
09:23:22.87 (155112774)|VARIABLE_ASSIGNMENT|[EXTERNAL]|this|{"OwnerID":"005B00000021dadIAA","recordID":"a0TB0000000Y9Q9MAK"}|0x78b04913
09:23:22.87 (155122933)|VARIABLE_ASSIGNMENT|[EXTERNAL]|value|"https://rrlightningo (65 more) ..."
09:23:22.87 (155132144)|VARIABLE_ASSIGNMENT|[18]|this.iconUrl|"https://rrlightningo (65 more) ..."|0x78b04913
09:23:22.87 (155139806)|STATEMENT_EXECUTE|[107]
09:23:22.87 (155141530)|STATEMENT_EXECUTE|[108]
09:23:22.87 (155149965)|METHOD_ENTRY|[108]|01pB0000000ljzx|testautonumdata.Sparkle_Helper.GetSobjectField(SObject, String)
09:23:22.87 (155155076)|VARIABLE_SCOPE_BEGIN|[78]|e|SObject|true|false
09:23:22.87 (155211236)|VARIABLE_ASSIGNMENT|[78]|e|{"s":1,"v":{"Id":"a0TB0000000Y9Q9MAK","OwnerId":"005B00000021dadIAA","CreatedDate":"2016-05-09T14:40:41.000Z","Owner":{"s":2,"v":{"Name":"Demo User","Id":"005B00000021dadIAA"}}}}|0xa2abc3f
09:23:22.87 (155215899)|VARIABLE_SCOPE_BEGIN|[78]|lcfield|String|false|false
09:23:22.87 (155220424)|VARIABLE_ASSIGNMENT|[78]|lcfield|"Owner.Name"
09:23:22.87 (155229541)|HEAP_ALLOCATE|[81]|Bytes:5
09:23:22.87 (155236308)|STATEMENT_EXECUTE|[79]
09:23:22.87 (155237598)|STATEMENT_EXECUTE|[81]
09:23:22.87 (155242067)|VARIABLE_SCOPE_BEGIN|[81]|returnValue|String|false|false
09:23:22.87 (155247037)|VARIABLE_ASSIGNMENT|[81]|returnValue|""
09:23:22.87 (155267398)|ENTERING_MANAGED_PKG|
09:23:22.87 (155277866)|STATEMENT_EXECUTE|[84]
09:23:22.87 (155279478)|STATEMENT_EXECUTE|[85]
09:23:22.87 (155288225)|ENTERING_MANAGED_PKG|
09:23:22.87 (155292979)|HEAP_ALLOCATE|[85]|Bytes:5
09:23:22.87 (155302001)|VARIABLE_SCOPE_BEGIN|[85]|relName|String|false|false
09:23:22.87 (155308892)|VARIABLE_ASSIGNMENT|[85]|relName|"Owner"
09:23:22.87 (155311154)|STATEMENT_EXECUTE|[86]
09:23:22.87 (155321635)|ENTERING_MANAGED_PKG|
09:23:22.87 (155326239)|HEAP_ALLOCATE|[86]|Bytes:4
09:23:22.87 (155334724)|VARIABLE_SCOPE_BEGIN|[86]|relField|String|false|false
09:23:22.87 (155340878)|VARIABLE_ASSIGNMENT|[86]|relField|"Name"
09:23:22.87 (155350339)|ENTERING_MANAGED_PKG|
09:23:22.87 (155358373)|STATEMENT_EXECUTE|[94]
09:23:22.87 (155369577)|ENTERING_MANAGED_PKG|
09:23:22.87 (155411179)|HEAP_ALLOCATE|[94]|Bytes:12
09:23:22.87 (155431577)|ENTERING_MANAGED_PKG|
09:23:22.87 (155458499)|HEAP_ALLOCATE|[94]|Bytes:9
09:23:22.87 (155475543)|ENTERING_MANAGED_PKG|
09:23:22.87 (155479182)|HEAP_ALLOCATE|[94]|Bytes:9
09:23:22.87 (155491515)|VARIABLE_ASSIGNMENT|[94]|returnValue|"Demo User"
09:23:22.87 (155494845)|STATEMENT_EXECUTE|[100]
09:23:22.87 (155502475)|METHOD_EXIT|[108]|01pB0000000ljzx|testautonumdata.Sparkle_Helper.GetSobjectField(SObject, String)
09:23:22.87 (155537138)|VARIABLE_ASSIGNMENT|[EXTERNAL]|this|{"iconUrl":"https://rrlightningo (65 more) ...","OwnerID":"005B00000021dadIAA","recordID":"a0TB0000000Y9Q9MAK"}|0x78b04913
09:23:22.87 (155544122)|VARIABLE_ASSIGNMENT|[EXTERNAL]|value|"Demo User"
09:23:22.87 (155553088)|VARIABLE_ASSIGNMENT|[8]|this.OwnerName|"Demo User"|0x78b04913
09:23:22.87 (155560720)|STATEMENT_EXECUTE|[112]
09:23:22.87 (155562181)|STATEMENT_EXECUTE|[113]
09:23:22.87 (155571825)|METHOD_ENTRY|[113]|01pB0000000ljzx|testautonumdata.Sparkle_Helper.GetSobjectField(SObject, String)
09:23:22.87 (155576004)|VARIABLE_SCOPE_BEGIN|[78]|e|SObject|true|false
09:23:22.87 (155606620)|VARIABLE_ASSIGNMENT|[78]|e|{"s":1,"v":{"Id":"a0TB0000000Y9Q9MAK","OwnerId":"005B00000021dadIAA","CreatedDate":"2016-05-09T14:40:41.000Z","Owner":{"s":2,"v":{"Name":"Demo User","Id":"005B00000021dadIAA"}}}}|0xa2abc3f
09:23:22.87 (155610824)|VARIABLE_SCOPE_BEGIN|[78]|lcfield|String|false|false
09:23:22.87 (155615388)|VARIABLE_ASSIGNMENT|[78]|lcfield|"createddate"
09:23:22.87 (155623805)|HEAP_ALLOCATE|[81]|Bytes:5
09:23:22.87 (155628100)|STATEMENT_EXECUTE|[79]
09:23:22.87 (155629289)|STATEMENT_EXECUTE|[81]
09:23:22.87 (155633403)|VARIABLE_SCOPE_BEGIN|[81]|returnValue|String|false|false
09:23:22.87 (155638049)|VARIABLE_ASSIGNMENT|[81]|returnValue|""
09:23:22.87 (155652917)|ENTERING_MANAGED_PKG|
09:23:22.87 (155662038)|STATEMENT_EXECUTE|[98]
09:23:22.87 (155671568)|ENTERING_MANAGED_PKG|
09:23:22.87 (155699769)|HEAP_ALLOCATE|[98]|Bytes:56
09:23:22.87 (155718310)|ENTERING_MANAGED_PKG|
09:23:22.87 (155729719)|HEAP_ALLOCATE|[98]|Bytes:19
09:23:22.87 (155743922)|VARIABLE_ASSIGNMENT|[98]|returnValue|"2016-05-09 14:40:41"
09:23:22.87 (155746927)|STATEMENT_EXECUTE|[100]
09:23:22.87 (155754507)|METHOD_EXIT|[113]|01pB0000000ljzx|testautonumdata.Sparkle_Helper.GetSobjectField(SObject, String)
09:23:22.87 (155790393)|VARIABLE_ASSIGNMENT|[EXTERNAL]|this|{"iconUrl":"https://rrlightningo (65 more) ...","OwnerID":"005B00000021dadIAA","OwnerName":"Demo User","recordID":"a0TB0000000Y9Q9MAK"}|0x78b04913
09:23:22.87 (155797210)|VARIABLE_ASSIGNMENT|[EXTERNAL]|value|"2016-05-09 14:40:41"
09:23:22.87 (155805143)|VARIABLE_ASSIGNMENT|[12]|this.column2|"2016-05-09 14:40:41"|0x78b04913
09:23:22.87 (155812357)|STATEMENT_EXECUTE|[118]
09:23:22.87 (155823276)|ENTERING_MANAGED_PKG|
09:23:22.87 (155832792)|HEAP_ALLOCATE|[EXTERNAL]|Bytes:4
09:23:22.87 (155841091)|STATEMENT_EXECUTE|[120]
09:23:22.87 (155855187)|ENTERING_MANAGED_PKG|
09:23:22.87 (155906387)|HEAP_ALLOCATE|[120]|Bytes:378
09:23:22.87 (155923014)|HEAP_ALLOCATE|[120]|Bytes:390
09:23:22.87 (155934585)|ENTERING_MANAGED_PKG|
09:23:22.87 (155943805)|USER_DEBUG|[120]|DEBUG|######## i: RelatedListServerController:[OwnerID=005B00000021dadIAA, OwnerName=Demo User, ReferralDate=null, ReferralMessage=null, column2=2016-05-09 14:40:41, iconUrl=https://rrlightningout-dev-ed--c.gus.content.force.com/profilephoto/729B00000000WPI/T, mapObjectsFields={testautonumdata__Referral__c={Id, OwnerId, createddate, testautonumdata__Candidate__c}}, recordID=a0TB0000000Y9Q9MAK]
09:23:22.87 (155963854)|HEAP_ALLOCATE|[88]|Bytes:5
09:23:22.87 (155978880)|VARIABLE_ASSIGNMENT|[88]|e|null|
09:23:22.87 (155982921)|STATEMENT_EXECUTE|[125]
09:23:22.87 (155986352)|HEAP_ALLOCATE|[125]|Bytes:27
09:23:22.87 (156001976)|ENTERING_MANAGED_PKG|
09:23:22.87 (156093934)|HEAP_ALLOCATE|[125]|Bytes:695
09:23:22.87 (156111156)|HEAP_ALLOCATE|[125]|Bytes:722
09:23:22.87 (156123599)|ENTERING_MANAGED_PKG|
09:23:22.87 (156129302)|USER_DEBUG|[125]|DEBUG|######## lstReturnRecords: (RelatedListServerController:[OwnerID=005B0000001VpZRIA0, OwnerName=Rodrigo Reboucas, ReferralDate=null, ReferralMessage=null, column2=2016-05-12 14:31:58, iconUrl=https://rrlightningout-dev-ed--c.gus.content.force.com/profilephoto/729B00000000GJc/T, mapObjectsFields={testautonumdata__Referral__c={Id, OwnerId, createddate, testautonumdata__Candidate__c}}, recordID=a0TB0000000YKHIMA4], RelatedListServerController:[OwnerID=005B00000021dadIAA, OwnerName=Demo User, ReferralDate=null, ReferralMessage=null, column2=2016-05-09 14:40:41, iconUrl=https://rrlightningout-dev-ed--c.gus.content.force.com/profilephoto/729B00000000WPI/T, mapObjectsFields=(already output), recordID=a0TB0000000Y9Q9MAK])
09:23:22.87 (156139712)|STATEMENT_EXECUTE|[127]
09:23:22.87 (156151191)|SYSTEM_MODE_EXIT|false
09:23:22.156 (156197450)|CUMULATIVE_LIMIT_USAGE
09:23:22.156 (156197450)|LIMIT_USAGE_FOR_NS|(default)|
  Number of SOQL queries: 0 out of 100
  Number of query rows: 0 out of 50000
  Number of SOSL queries: 0 out of 20
  Number of DML statements: 0 out of 150
  Number of DML rows: 0 out of 10000
  Maximum CPU time: 0 out of 10000
  Maximum heap size: 0 out of 6000000
  Number of callouts: 0 out of 100
  Number of Email Invocations: 0 out of 10
  Number of future calls: 0 out of 50
  Number of queueable jobs added to the queue: 0 out of 50
  Number of Mobile Apex push calls: 0 out of 10

09:23:22.156 (156197450)|LIMIT_USAGE_FOR_NS|testautonumdata|
  Number of SOQL queries: 2 out of 100
  Number of query rows: 3 out of 50000
  Number of SOSL queries: 0 out of 20
  Number of DML statements: 0 out of 150
  Number of DML rows: 0 out of 10000
  Maximum CPU time: 0 out of 10000
  Maximum heap size: 0 out of 6000000
  Number of callouts: 0 out of 100
  Number of Email Invocations: 0 out of 10
  Number of future calls: 0 out of 50
  Number of queueable jobs added to the queue: 0 out of 50
  Number of Mobile Apex push calls: 0 out of 10

09:23:22.156 (156197450)|CUMULATIVE_LIMIT_USAGE_END

09:23:22.157 (157544975)|CODE_UNIT_STARTED|[EXTERNAL]|Aura
09:23:22.158 (158572785)|CODE_UNIT_STARTED|[EXTERNAL]|Aura
