38.0 APEX_CODE,FINEST;APEX_PROFILING,INFO;CALLOUT,INFO;DB,INFO;SYSTEM,DEBUG;VALIDATION,INFO;VISUALFORCE,INFO;WORKFLOW,INFO
08:30:16.0 (472445)|USER_INFO|[EXTERNAL]|005B0000001VpZR|rreboucas-yi5c@force.com|Pacific Standard Time|GMT-07:00
08:30:16.2 (2513696)|CODE_UNIT_STARTED|[EXTERNAL]|01pB0000000lc07|ListServerController.getListRecords
08:30:16.2 (2572099)|VARIABLE_SCOPE_BEGIN|[3]|ListServerController.mapObjectsFields|Map<String,Set<String>>|true|true
08:30:16.2 (2642359)|HEAP_ALLOCATE|[EXTERNAL]|Bytes:180
08:30:16.2 (2652122)|HEAP_ALLOCATE|[EXTERNAL]|Bytes:22
08:30:16.2 (2655982)|HEAP_ALLOCATE|[EXTERNAL]|Bytes:27
08:30:16.2 (2675767)|METHOD_ENTRY|[1]|01pB0000000lc07|ListServerController.ListServerController()
08:30:16.2 (2681771)|STATEMENT_EXECUTE|[1]
08:30:16.2 (2688159)|STATEMENT_EXECUTE|[1]
08:30:16.2 (2722182)|HEAP_ALLOCATE|[50]|Bytes:5
08:30:16.2 (2743168)|HEAP_ALLOCATE|[56]|Bytes:5
08:30:16.2 (2753751)|HEAP_ALLOCATE|[64]|Bytes:7
08:30:16.2 (2778761)|SYSTEM_MODE_ENTER|false
08:30:16.2 (2796545)|HEAP_ALLOCATE|[3]|Bytes:5
08:30:16.2 (2801492)|STATEMENT_EXECUTE|[3]
08:30:16.2 (2831185)|VARIABLE_ASSIGNMENT|[3]|ListServerController.mapObjectsFields|null|
08:30:16.2 (2837259)|SYSTEM_MODE_EXIT|false
08:30:16.2 (2851688)|METHOD_EXIT|[1]|ListServerController
08:30:16.2 (2857963)|HEAP_ALLOCATE|[EXTERNAL]|Bytes:1
08:30:16.2 (2861055)|HEAP_ALLOCATE|[EXTERNAL]|Bytes:7
08:30:16.2 (2863075)|HEAP_ALLOCATE|[EXTERNAL]|Bytes:2
08:30:16.2 (2864860)|HEAP_ALLOCATE|[EXTERNAL]|Bytes:4
08:30:16.2 (2866692)|HEAP_ALLOCATE|[EXTERNAL]|Bytes:4
08:30:16.2 (2872805)|SYSTEM_MODE_ENTER|false
08:30:16.2 (2879007)|VARIABLE_SCOPE_BEGIN|[23]|rowsLimit|String|false|false
08:30:16.2 (2887723)|VARIABLE_ASSIGNMENT|[23]|rowsLimit|"8"
08:30:16.2 (2889853)|VARIABLE_SCOPE_BEGIN|[23]|objectApiName|String|false|false
08:30:16.2 (2892869)|VARIABLE_ASSIGNMENT|[23]|objectApiName|"Account"
08:30:16.2 (2894986)|VARIABLE_SCOPE_BEGIN|[23]|filter1Field|String|false|false
08:30:16.2 (2897472)|VARIABLE_ASSIGNMENT|[23]|filter1Field|null
08:30:16.2 (2899125)|VARIABLE_SCOPE_BEGIN|[23]|filter1Value|String|false|false
08:30:16.2 (2901143)|VARIABLE_ASSIGNMENT|[23]|filter1Value|null
08:30:16.2 (2902739)|VARIABLE_SCOPE_BEGIN|[23]|eventField|String|false|false
08:30:16.2 (2905302)|VARIABLE_ASSIGNMENT|[23]|eventField|"Id"
08:30:16.2 (2907111)|VARIABLE_SCOPE_BEGIN|[23]|column1|String|false|false
08:30:16.2 (2909711)|VARIABLE_ASSIGNMENT|[23]|column1|"Name"
08:30:16.2 (2911486)|VARIABLE_SCOPE_BEGIN|[23]|column2|String|false|false
08:30:16.2 (2913549)|VARIABLE_ASSIGNMENT|[23]|column2|null
08:30:16.2 (2915691)|VARIABLE_SCOPE_BEGIN|[23]|column3|String|false|false
08:30:16.2 (2917574)|VARIABLE_ASSIGNMENT|[23]|column3|null
08:30:16.2 (2919028)|VARIABLE_SCOPE_BEGIN|[23]|column4|String|false|false
08:30:16.2 (2920822)|VARIABLE_ASSIGNMENT|[23]|column4|null
08:30:16.2 (2922168)|VARIABLE_SCOPE_BEGIN|[23]|sortField|String|false|false
08:30:16.2 (2924416)|VARIABLE_ASSIGNMENT|[23]|sortField|"Name"
08:30:16.2 (2926049)|VARIABLE_SCOPE_BEGIN|[23]|sortDirection|String|false|false
08:30:16.2 (2928377)|VARIABLE_ASSIGNMENT|[23]|sortDirection|null
08:30:16.2 (2940541)|HEAP_ALLOCATE|[25]|Bytes:5
08:30:16.2 (2946097)|STATEMENT_EXECUTE|[23]
08:30:16.2 (2947518)|STATEMENT_EXECUTE|[25]
08:30:16.2 (2950538)|HEAP_ALLOCATE|[25]|Bytes:20
08:30:16.2 (2961331)|HEAP_ALLOCATE|[25]|Bytes:21
08:30:16.2 (2985903)|ENTERING_MANAGED_PKG|
08:30:16.2 (3017578)|USER_DEBUG|[25]|DEBUG|######## rowsLimit: 8
08:30:16.2 (3027943)|STATEMENT_EXECUTE|[26]
08:30:16.2 (3031832)|HEAP_ALLOCATE|[26]|Bytes:24
08:30:16.2 (3039379)|HEAP_ALLOCATE|[26]|Bytes:31
08:30:16.2 (3048060)|ENTERING_MANAGED_PKG|
08:30:16.2 (3063189)|USER_DEBUG|[26]|DEBUG|######## objectApiName: Account
08:30:16.2 (3070553)|STATEMENT_EXECUTE|[29]
08:30:16.2 (3082469)|HEAP_ALLOCATE|[29]|Bytes:4
08:30:16.2 (3118798)|VARIABLE_ASSIGNMENT|[29]|ListServerController.mapObjectsFields|{"s":1,"v":{}}|0x1b18949b
08:30:16.2 (3122464)|STATEMENT_EXECUTE|[31]
08:30:16.2 (3126892)|HEAP_ALLOCATE|[31]|Bytes:2
08:30:16.2 (3885335)|HEAP_ALLOCATE|[31]|Bytes:19
08:30:16.2 (3893052)|HEAP_ALLOCATE|[31]|Bytes:28
08:30:16.2 (3907105)|METHOD_ENTRY|[1]|01pB0000000ljzx|Sparkle_Helper.Sparkle_Helper()
08:30:16.2 (3912181)|STATEMENT_EXECUTE|[1]
08:30:16.2 (3918232)|STATEMENT_EXECUTE|[1]
08:30:16.2 (3927127)|HEAP_ALLOCATE|[31]|Bytes:5
08:30:16.2 (3943856)|METHOD_EXIT|[1]|Sparkle_Helper
08:30:16.2 (3962684)|METHOD_ENTRY|[31]|01pB0000000ljzx|testautonumdata.Sparkle_Helper.AddFieldToObjectsMap(String, String, Map<String,Set<String>>)
08:30:16.2 (3980627)|VARIABLE_SCOPE_BEGIN|[107]|fieldName|String|false|false
08:30:16.2 (3988582)|VARIABLE_ASSIGNMENT|[107]|fieldName|"Id"
08:30:16.2 (3990821)|VARIABLE_SCOPE_BEGIN|[107]|initialObjectName|String|false|false
08:30:16.2 (3993885)|VARIABLE_ASSIGNMENT|[107]|initialObjectName|"Account"
08:30:16.2 (3995780)|VARIABLE_SCOPE_BEGIN|[107]|theMap|Map<String,Set<String>>|true|false
08:30:16.2 (4008997)|VARIABLE_ASSIGNMENT|[107]|theMap|{"s":1,"v":{}}|0x1b18949b
08:30:16.2 (4019003)|HEAP_ALLOCATE|[109]|Bytes:5
08:30:16.2 (4025078)|STATEMENT_EXECUTE|[108]
08:30:16.2 (4028220)|HEAP_ALLOCATE|[109]|Bytes:1
08:30:16.2 (4047660)|ENTERING_MANAGED_PKG|
08:30:16.2 (4089100)|STATEMENT_EXECUTE|[150]
08:30:16.2 (4100984)|METHOD_ENTRY|[150]|01pB0000000ljzx|testautonumdata.Sparkle_Helper.AddFieldToMap(String, String, Map<String,Set<String>>)
08:30:16.2 (4116575)|VARIABLE_SCOPE_BEGIN|[157]|fieldName|String|false|false
08:30:16.2 (4122737)|VARIABLE_ASSIGNMENT|[157]|fieldName|"Id"
08:30:16.2 (4124824)|VARIABLE_SCOPE_BEGIN|[157]|ObjectName|String|false|false
08:30:16.2 (4127925)|VARIABLE_ASSIGNMENT|[157]|ObjectName|"Account"
08:30:16.2 (4129725)|VARIABLE_SCOPE_BEGIN|[157]|theMap|Map<String,Set<String>>|true|false
08:30:16.2 (4138892)|VARIABLE_ASSIGNMENT|[157]|theMap|{"s":1,"v":{}}|0x1b18949b
08:30:16.2 (4147926)|HEAP_ALLOCATE|[160]|Bytes:5
08:30:16.2 (4153272)|STATEMENT_EXECUTE|[158]
08:30:16.2 (4164789)|ENTERING_MANAGED_PKG|
08:30:16.2 (4194230)|STATEMENT_EXECUTE|[167]
08:30:16.2 (4196217)|STATEMENT_EXECUTE|[168]
08:30:16.2 (4257468)|HEAP_ALLOCATE|[168]|Bytes:4
08:30:16.2 (4278930)|ENTERING_MANAGED_PKG|
08:30:16.2 (4311889)|VARIABLE_SCOPE_BEGIN|[168]|newFieldSet|Set<String>|true|false
08:30:16.2 (4349076)|VARIABLE_ASSIGNMENT|[168]|newFieldSet|{"s":1,"v":[]}|0x3845db2a
08:30:16.2 (4353020)|STATEMENT_EXECUTE|[169]
08:30:16.2 (4365370)|ENTERING_MANAGED_PKG|
08:30:16.2 (4392773)|HEAP_ALLOCATE|[EXTERNAL]|Bytes:4
08:30:16.2 (4403916)|STATEMENT_EXECUTE|[170]
08:30:16.2 (4411459)|ENTERING_MANAGED_PKG|
08:30:16.2 (4441321)|HEAP_ALLOCATE|[EXTERNAL]|Bytes:-4
08:30:16.2 (4457197)|METHOD_EXIT|[150]|01pB0000000ljzx|testautonumdata.Sparkle_Helper.AddFieldToMap(String, String, Map<String,Set<String>>)
08:30:16.2 (4465472)|METHOD_EXIT|[31]|01pB0000000ljzx|testautonumdata.Sparkle_Helper.AddFieldToObjectsMap(String, String, Map<String,Set<String>>)
08:30:16.2 (4469435)|STATEMENT_EXECUTE|[33]
08:30:16.2 (4491986)|HEAP_ALLOCATE|[33]|Bytes:4
08:30:16.2 (4543066)|ENTERING_MANAGED_PKG|
08:30:16.2 (4566946)|VARIABLE_SCOPE_BEGIN|[33]|lstReturnRecords|List<testautonumdata.ListServerController>|true|false
08:30:16.2 (4587342)|HEAP_ALLOCATE|[EXTERNAL]|Bytes:4
08:30:16.2 (4602346)|VARIABLE_ASSIGNMENT|[33]|lstReturnRecords|{"s":1,"v":[]}|0x210e7e92
08:30:16.2 (4605587)|STATEMENT_EXECUTE|[35]
08:30:16.2 (4628420)|ENTERING_MANAGED_PKG|
08:30:16.2 (4667751)|VARIABLE_SCOPE_BEGIN|[35]|rLimit|Integer|false|false
08:30:16.2 (4673054)|HEAP_ALLOCATE|[35]|Bytes:4
08:30:16.2 (4681720)|VARIABLE_ASSIGNMENT|[35]|rLimit|8
08:30:16.2 (4684305)|STATEMENT_EXECUTE|[36]
08:30:16.2 (4687919)|HEAP_ALLOCATE|[36]|Bytes:17
08:30:16.2 (4704907)|ENTERING_MANAGED_PKG|
08:30:16.2 (4727047)|HEAP_ALLOCATE|[36]|Bytes:1
08:30:16.2 (4742502)|HEAP_ALLOCATE|[36]|Bytes:18
08:30:16.2 (4752521)|ENTERING_MANAGED_PKG|
08:30:16.2 (4759091)|USER_DEBUG|[36]|DEBUG|######## rLimit: 8
08:30:16.2 (4765354)|STATEMENT_EXECUTE|[40]
08:30:16.2 (4768596)|HEAP_ALLOCATE|[40]|Bytes:9
08:30:16.2 (4776161)|VARIABLE_SCOPE_BEGIN|[40]|soql|String|false|false
08:30:16.2 (4784837)|VARIABLE_ASSIGNMENT|[40]|soql|"Select id"
08:30:16.2 (4800401)|ENTERING_MANAGED_PKG|
08:30:16.2 (4829781)|STATEMENT_EXECUTE|[42]
08:30:16.2 (4832546)|STATEMENT_EXECUTE|[49]
08:30:16.2 (4833554)|STATEMENT_EXECUTE|[50]
08:30:16.2 (4837072)|HEAP_ALLOCATE|[50]|Bytes:2
08:30:16.2 (4851920)|ENTERING_MANAGED_PKG|
08:30:16.2 (4868996)|HEAP_ALLOCATE|[50]|Bytes:4
08:30:16.2 (4883702)|HEAP_ALLOCATE|[50]|Bytes:6
08:30:16.2 (4889155)|HEAP_ALLOCATE|[50]|Bytes:15
08:30:16.2 (4898409)|VARIABLE_ASSIGNMENT|[50]|soql|"Select id, Name"
08:30:16.2 (4900983)|STATEMENT_EXECUTE|[51]
08:30:16.2 (4910072)|METHOD_ENTRY|[51]|01pB0000000ljzx|testautonumdata.Sparkle_Helper.AddFieldToObjectsMap(String, String, Map<String,Set<String>>)
08:30:16.2 (4923030)|VARIABLE_SCOPE_BEGIN|[107]|fieldName|String|false|false
08:30:16.2 (4927849)|VARIABLE_ASSIGNMENT|[107]|fieldName|"Name"
08:30:16.2 (4929567)|VARIABLE_SCOPE_BEGIN|[107]|initialObjectName|String|false|false
08:30:16.2 (4932038)|VARIABLE_ASSIGNMENT|[107]|initialObjectName|"Account"
08:30:16.2 (4933546)|VARIABLE_SCOPE_BEGIN|[107]|theMap|Map<String,Set<String>>|true|false
08:30:16.2 (4950455)|VARIABLE_ASSIGNMENT|[107]|theMap|{"s":1,"v":{"Account":{"s":2,"v":["Id"]}}}|0x1b18949b
08:30:16.2 (4959238)|HEAP_ALLOCATE|[109]|Bytes:5
08:30:16.2 (4964426)|STATEMENT_EXECUTE|[108]
08:30:16.2 (4977967)|ENTERING_MANAGED_PKG|
08:30:16.2 (4987598)|STATEMENT_EXECUTE|[150]
08:30:16.2 (4994304)|METHOD_ENTRY|[150]|01pB0000000ljzx|testautonumdata.Sparkle_Helper.AddFieldToMap(String, String, Map<String,Set<String>>)
08:30:16.2 (4998958)|VARIABLE_SCOPE_BEGIN|[157]|fieldName|String|false|false
08:30:16.2 (5004201)|VARIABLE_ASSIGNMENT|[157]|fieldName|"Name"
08:30:16.2 (5006830)|VARIABLE_SCOPE_BEGIN|[157]|ObjectName|String|false|false
08:30:16.2 (5009387)|VARIABLE_ASSIGNMENT|[157]|ObjectName|"Account"
08:30:16.2 (5010789)|VARIABLE_SCOPE_BEGIN|[157]|theMap|Map<String,Set<String>>|true|false
08:30:16.2 (5023973)|VARIABLE_ASSIGNMENT|[157]|theMap|{"s":1,"v":{"Account":{"s":2,"v":["Id"]}}}|0x1b18949b
08:30:16.2 (5031638)|HEAP_ALLOCATE|[160]|Bytes:5
08:30:16.2 (5036372)|STATEMENT_EXECUTE|[158]
08:30:16.2 (5043353)|ENTERING_MANAGED_PKG|
08:30:16.2 (5050772)|STATEMENT_EXECUTE|[161]
08:30:16.2 (5052161)|STATEMENT_EXECUTE|[162]
08:30:16.2 (5057656)|ENTERING_MANAGED_PKG|
08:30:16.2 (5097516)|VARIABLE_SCOPE_BEGIN|[162]|existingFieldSet|Set<String>|true|false
08:30:16.2 (5112732)|VARIABLE_ASSIGNMENT|[162]|existingFieldSet|{"s":1,"v":["Id"]}|0x3845db2a
08:30:16.2 (5115988)|STATEMENT_EXECUTE|[163]
08:30:16.2 (5124349)|ENTERING_MANAGED_PKG|
08:30:16.2 (5147656)|HEAP_ALLOCATE|[EXTERNAL]|Bytes:4
08:30:16.2 (5158134)|STATEMENT_EXECUTE|[164]
08:30:16.2 (5165401)|ENTERING_MANAGED_PKG|
08:30:16.2 (5204090)|METHOD_EXIT|[150]|01pB0000000ljzx|testautonumdata.Sparkle_Helper.AddFieldToMap(String, String, Map<String,Set<String>>)
08:30:16.2 (5213058)|METHOD_EXIT|[51]|01pB0000000ljzx|testautonumdata.Sparkle_Helper.AddFieldToObjectsMap(String, String, Map<String,Set<String>>)
08:30:16.2 (5217150)|STATEMENT_EXECUTE|[53]
08:30:16.2 (5219153)|STATEMENT_EXECUTE|[58]
08:30:16.2 (5220360)|STATEMENT_EXECUTE|[63]
08:30:16.2 (5221317)|STATEMENT_EXECUTE|[69]
08:30:16.2 (5225139)|HEAP_ALLOCATE|[69]|Bytes:6
08:30:16.2 (5239377)|ENTERING_MANAGED_PKG|
08:30:16.2 (5256582)|HEAP_ALLOCATE|[69]|Bytes:7
08:30:16.2 (5271262)|HEAP_ALLOCATE|[69]|Bytes:13
08:30:16.2 (5276704)|HEAP_ALLOCATE|[69]|Bytes:28
08:30:16.2 (5287565)|VARIABLE_ASSIGNMENT|[69]|soql|"Select id, Name FROM (8 more) ..."
08:30:16.2 (5291496)|STATEMENT_EXECUTE|[72]
08:30:16.2 (5293665)|STATEMENT_EXECUTE|[78]
08:30:16.2 (5294702)|STATEMENT_EXECUTE|[84]
08:30:16.2 (5297596)|HEAP_ALLOCATE|[84]|Bytes:7
08:30:16.2 (5309850)|ENTERING_MANAGED_PKG|
08:30:16.2 (5325458)|HEAP_ALLOCATE|[84]|Bytes:1
08:30:16.2 (5339538)|HEAP_ALLOCATE|[84]|Bytes:8
08:30:16.2 (5344975)|HEAP_ALLOCATE|[84]|Bytes:36
08:30:16.2 (5354955)|VARIABLE_ASSIGNMENT|[84]|soql|"Select id, Name FROM (16 more) ..."
08:30:16.2 (5357697)|STATEMENT_EXECUTE|[88]
08:30:16.2 (5360958)|HEAP_ALLOCATE|[88]|Bytes:15
08:30:16.2 (5367177)|HEAP_ALLOCATE|[88]|Bytes:51
08:30:16.2 (5377259)|ENTERING_MANAGED_PKG|
08:30:16.2 (5395096)|USER_DEBUG|[88]|DEBUG|######## soql: Select id, Name FROM Account limit 8
08:30:16.2 (5413402)|METHOD_ENTRY|[95]|01pB0000000ljzx|testautonumdata.Sparkle_Helper.UserHasAccessToObjectsAndFields(Map<String,Set<String>>)
08:30:16.2 (5427048)|VARIABLE_SCOPE_BEGIN|[175]|theMap|Map<String,Set<String>>|true|false
08:30:16.2 (5445604)|VARIABLE_ASSIGNMENT|[175]|theMap|{"s":1,"v":{"Account":{"s":2,"v":["Id","Name"]}}}|0x1b18949b
08:30:16.2 (5455580)|HEAP_ALLOCATE|[177]|Bytes:5
08:30:16.2 (5461042)|STATEMENT_EXECUTE|[176]
08:30:16.2 (5462380)|STATEMENT_EXECUTE|[177]
08:30:16.2 (5469598)|VARIABLE_SCOPE_BEGIN|[177]|hasAccess|Boolean|false|false
08:30:16.2 (5473577)|HEAP_ALLOCATE|[177]|Bytes:5
08:30:16.2 (5479879)|VARIABLE_ASSIGNMENT|[177]|hasAccess|true
08:30:16.2 (5488471)|ENTERING_MANAGED_PKG|
08:30:16.2 (5509016)|STATEMENT_EXECUTE|[180]
08:30:16.2 (5510736)|STATEMENT_EXECUTE|[181]
08:30:16.2 (5514159)|HEAP_ALLOCATE|[181]|Bytes:17
08:30:16.2 (5529959)|ENTERING_MANAGED_PKG|
08:30:16.2 (5560081)|HEAP_ALLOCATE|[181]|Bytes:20
08:30:16.2 (5575817)|HEAP_ALLOCATE|[181]|Bytes:37
08:30:16.2 (5585582)|ENTERING_MANAGED_PKG|
08:30:16.2 (5591825)|USER_DEBUG|[181]|DEBUG|######## theMap: {Account={Id, Name}}
08:30:16.2 (5604578)|HEAP_ALLOCATE|[182]|Bytes:4
08:30:16.2 (5616098)|ENTERING_MANAGED_PKG|
08:30:16.2 (5637992)|ENTERING_MANAGED_PKG|
08:30:16.2 (5653049)|HEAP_ALLOCATE|[182]|Bytes:15
08:30:16.2 (5666946)|ENTERING_MANAGED_PKG|
08:30:16.2 (5672047)|HEAP_ALLOCATE|[182]|Bytes:4
08:30:16.2 (5680178)|ENTERING_MANAGED_PKG|
08:30:16.2 (5758864)|HEAP_ALLOCATE|[182]|Bytes:5
08:30:16.2 (5782080)|VARIABLE_SCOPE_BEGIN|[182]|objectName|String|false|false
08:30:16.2 (5790505)|VARIABLE_ASSIGNMENT|[182]|objectName|"Account"
08:30:16.2 (5793593)|STATEMENT_EXECUTE|[183]
08:30:16.2 (5794756)|STATEMENT_EXECUTE|[184]
08:30:16.2 (5798434)|HEAP_ALLOCATE|[184]|Bytes:21
08:30:16.2 (5806293)|HEAP_ALLOCATE|[184]|Bytes:28
08:30:16.2 (5816108)|ENTERING_MANAGED_PKG|
08:30:16.2 (5834479)|USER_DEBUG|[184]|DEBUG|######## objectName: Account
08:30:16.2 (5842667)|STATEMENT_EXECUTE|[185]
08:30:16.2 (5857810)|ENTERING_MANAGED_PKG|
08:30:16.2 (31162646)|HEAP_ALLOCATE|[185]|Bytes:1648
08:30:16.2 (31201675)|ENTERING_MANAGED_PKG|
08:30:16.2 (31307176)|HEAP_ALLOCATE|[185]|Bytes:4
08:30:16.2 (31323981)|VARIABLE_SCOPE_BEGIN|[185]|sObj|SObject|true|false
08:30:16.2 (31344563)|VARIABLE_ASSIGNMENT|[185]|sObj|{}|0x323112b6
08:30:16.2 (31349185)|STATEMENT_EXECUTE|[186]
08:30:16.2 (31379179)|ENTERING_MANAGED_PKG|
08:30:16.2 (32170386)|HEAP_ALLOCATE|[186]|Bytes:4
08:30:16.2 (33895233)|HEAP_ALLOCATE|[186]|Bytes:312
08:30:16.2 (33912509)|VARIABLE_SCOPE_BEGIN|[186]|m|Map<String,Schema.SObjectField>|true|false
08:30:16.2 (34172366)|VARIABLE_ASSIGNMENT|[186]|m|"{accountnumber=AccountNumber, accountsource=AccountSource, annualrevenue=AnnualRevenue, billingaddress=BillingAddress, billingcity=BillingCity, billingcountry=BillingCountry, billingcountrycode=BillingCountryCode, billinglatitude=BillingLatitude, billinglongitude=BillingLongitude, billingpostalcode=BillingPostalCode, ...}"|0x792d1cb6
08:30:16.2 (34181547)|STATEMENT_EXECUTE|[187]
08:30:16.2 (34195270)|ENTERING_MANAGED_PKG|
08:30:16.2 (34241226)|VARIABLE_SCOPE_BEGIN|[187]|objectFieldSet|Set<String>|true|false
08:30:16.2 (34264562)|VARIABLE_ASSIGNMENT|[187]|objectFieldSet|{"s":1,"v":["Id","Name"]}|0x3845db2a
08:30:16.2 (34275689)|HEAP_ALLOCATE|[189]|Bytes:4
08:30:16.2 (34290942)|ENTERING_MANAGED_PKG|
08:30:16.2 (34318042)|ENTERING_MANAGED_PKG|
08:30:16.2 (34325112)|HEAP_ALLOCATE|[189]|Bytes:8
08:30:16.2 (34334247)|ENTERING_MANAGED_PKG|
08:30:16.2 (34354422)|HEAP_ALLOCATE|[189]|Bytes:5
08:30:16.2 (34376670)|VARIABLE_SCOPE_BEGIN|[189]|fieldToCheck|String|false|false
08:30:16.2 (34384955)|VARIABLE_ASSIGNMENT|[189]|fieldToCheck|"Id"
08:30:16.2 (34388542)|STATEMENT_EXECUTE|[189]
08:30:16.2 (34389895)|STATEMENT_EXECUTE|[190]
08:30:16.2 (34394496)|HEAP_ALLOCATE|[190]|Bytes:23
08:30:16.2 (34407229)|HEAP_ALLOCATE|[190]|Bytes:25
08:30:16.2 (34420876)|ENTERING_MANAGED_PKG|
08:30:16.2 (34443710)|USER_DEBUG|[190]|DEBUG|######## fieldToCheck: Id
08:30:16.2 (34459612)|ENTERING_MANAGED_PKG|
08:30:16.2 (35069348)|HEAP_ALLOCATE|[192]|Bytes:8
08:30:16.2 (35103607)|STATEMENT_EXECUTE|[192]
08:30:16.2 (35106086)|STATEMENT_EXECUTE|[199]
08:30:16.2 (35109853)|HEAP_ALLOCATE|[199]|Bytes:35
08:30:16.2 (35118680)|HEAP_ALLOCATE|[199]|Bytes:37
08:30:16.2 (35129490)|ENTERING_MANAGED_PKG|
08:30:16.2 (35148589)|USER_DEBUG|[199]|DEBUG|######## User has access to field: Id
08:30:16.2 (35166047)|HEAP_ALLOCATE|[189]|Bytes:5
08:30:16.2 (35183087)|VARIABLE_SCOPE_BEGIN|[189]|fieldToCheck|String|false|false
08:30:16.2 (35191767)|VARIABLE_ASSIGNMENT|[189]|fieldToCheck|"Name"
08:30:16.2 (35195087)|STATEMENT_EXECUTE|[189]
08:30:16.2 (35196280)|STATEMENT_EXECUTE|[190]
08:30:16.2 (35202530)|HEAP_ALLOCATE|[190]|Bytes:27
08:30:16.2 (35211674)|ENTERING_MANAGED_PKG|
08:30:16.2 (35217443)|USER_DEBUG|[190]|DEBUG|######## fieldToCheck: Name
08:30:16.2 (35226912)|ENTERING_MANAGED_PKG|
08:30:16.2 (35403767)|HEAP_ALLOCATE|[192]|Bytes:8
08:30:16.2 (35420477)|STATEMENT_EXECUTE|[192]
08:30:16.2 (35422865)|STATEMENT_EXECUTE|[199]
08:30:16.2 (35429297)|HEAP_ALLOCATE|[199]|Bytes:39
08:30:16.2 (35438448)|ENTERING_MANAGED_PKG|
08:30:16.2 (35445074)|USER_DEBUG|[199]|DEBUG|######## User has access to field: Name
08:30:16.2 (35459998)|HEAP_ALLOCATE|[189]|Bytes:5
08:30:16.2 (35474038)|VARIABLE_ASSIGNMENT|[189]|fieldToCheck|null
08:30:16.2 (35484206)|HEAP_ALLOCATE|[182]|Bytes:5
08:30:16.2 (35494216)|VARIABLE_ASSIGNMENT|[182]|objectName|null
08:30:16.2 (35497836)|STATEMENT_EXECUTE|[206]
08:30:16.2 (35501394)|HEAP_ALLOCATE|[206]|Bytes:5
08:30:16.2 (35512998)|METHOD_EXIT|[95]|01pB0000000ljzx|testautonumdata.Sparkle_Helper.UserHasAccessToObjectsAndFields(Map<String,Set<String>>)
08:30:16.2 (35518245)|STATEMENT_EXECUTE|[96]
08:30:16.2 (35519810)|STATEMENT_EXECUTE|[98]
08:30:16.2 (35544668)|ENTERING_MANAGED_PKG|
08:30:16.2 (35572619)|HEAP_ALLOCATE|[98]|Bytes:4
08:30:16.2 (35744075)|SOQL_EXECUTE_BEGIN|[98]|Aggregations:0|Select id, Name FROM Account limit 8
08:30:16.2 (40272508)|SOQL_EXECUTE_END|[98]|Rows:8
08:30:16.2 (40298481)|HEAP_ALLOCATE|[98]|Bytes:36
08:30:16.2 (40326103)|HEAP_ALLOCATE|[98]|Bytes:478
08:30:16.2 (40381002)|HEAP_ALLOCATE|[98]|Bytes:36
08:30:16.2 (40400514)|VARIABLE_SCOPE_BEGIN|[98]|lstQueriedRecords|List<SObject>|true|false
08:30:16.2 (40423742)|VARIABLE_ASSIGNMENT|[98]|lstQueriedRecords|{"s":1,"v":"List of size 8 too large to display"}|0x231b7c6b
08:30:16.2 (40427851)|STATEMENT_EXECUTE|[100]
08:30:16.2 (40432647)|HEAP_ALLOCATE|[100]|Bytes:28
08:30:16.2 (40452162)|ENTERING_MANAGED_PKG|
08:30:16.2 (40574208)|HEAP_ALLOCATE|[100]|Bytes:502
08:30:16.2 (40594813)|HEAP_ALLOCATE|[100]|Bytes:530
08:30:16.2 (40605715)|ENTERING_MANAGED_PKG|
08:30:16.2 (40612674)|USER_DEBUG|[100]|DEBUG|######## lstQueriedRecords: (Account:{Id=001B00000066XxFIAU, Name=GenePoint}, Account:{Id=001B00000066XxDIAU, Name=United Oil & Gas, UK}, Account:{Id=001B00000066XxEIAU, Name=United Oil & Gas, Singapore}, Account:{Id=001B00000066Xx5IAE, Name=Edge Communications}, Account:{Id=001B00000066Xx6IAE, Name=Burlington Textiles Corp of America}, Account:{Id=001B00000066Xx7IAE, Name=Pyramid Construction Inc.}, Account:{Id=001B00000066Xx8IAE, Name=Dickenson plc}, Account:{Id=001B00000066Xx9IAE, Name=Hospital Universitario San Ignacio})
08:30:16.2 (40686516)|ENTERING_MANAGED_PKG|
08:30:16.2 (40872958)|HEAP_ALLOCATE|[104]|Bytes:5
08:30:16.2 (40906592)|HEAP_ALLOCATE|[104]|Bytes:12
08:30:16.2 (40931500)|VARIABLE_SCOPE_BEGIN|[104]|e|SObject|true|false
08:30:16.2 (40951399)|VARIABLE_ASSIGNMENT|[104]|e|{"s":1,"v":{"Id":"001B00000066XxFIAU","Name":"GenePoint"}}|0x5780d80a
08:30:16.2 (40955196)|STATEMENT_EXECUTE|[105]
08:30:16.2 (40956495)|STATEMENT_EXECUTE|[106]
08:30:16.2 (40960837)|HEAP_ALLOCATE|[106]|Bytes:12
08:30:16.2 (40977601)|ENTERING_MANAGED_PKG|
08:30:16.2 (41025441)|HEAP_ALLOCATE|[106]|Bytes:47
08:30:16.2 (41045250)|HEAP_ALLOCATE|[106]|Bytes:59
08:30:16.2 (41055384)|ENTERING_MANAGED_PKG|
08:30:16.2 (41062173)|USER_DEBUG|[106]|DEBUG|######## e: Account:{Id=001B00000066XxFIAU, Name=GenePoint}
08:30:16.2 (41068699)|STATEMENT_EXECUTE|[107]
08:30:16.2 (41082771)|HEAP_ALLOCATE|[107]|Bytes:28
08:30:16.2 (41101317)|CONSTRUCTOR_ENTRY|[107]|01pB0000000lc07|<init>()
08:30:16.2 (41122216)|VARIABLE_SCOPE_BEGIN|[1]|this|testautonumdata.ListServerController|true|false
08:30:16.2 (41160056)|VARIABLE_ASSIGNMENT|[1]|this|{}|0x76f32631
08:30:16.2 (41169324)|HEAP_ALLOCATE|[EXTERNAL]|Bytes:5
08:30:16.2 (41182829)|HEAP_ALLOCATE|[EXTERNAL]|Bytes:6
08:30:16.2 (41216911)|STATEMENT_EXECUTE|[1]
08:30:16.2 (41222767)|HEAP_ALLOCATE|[EXTERNAL]|Bytes:5
08:30:16.2 (41226813)|STATEMENT_EXECUTE|[6]
08:30:16.2 (41228346)|STATEMENT_EXECUTE|[8]
08:30:16.2 (41229344)|STATEMENT_EXECUTE|[10]
08:30:16.2 (41230461)|STATEMENT_EXECUTE|[12]
08:30:16.2 (41231422)|STATEMENT_EXECUTE|[14]
08:30:16.2 (41232354)|STATEMENT_EXECUTE|[16]
08:30:16.2 (41242541)|CONSTRUCTOR_EXIT|[107]|01pB0000000lc07|<init>()
08:30:16.2 (41250205)|VARIABLE_SCOPE_BEGIN|[107]|i|testautonumdata.ListServerController|true|false
08:30:16.2 (41271095)|VARIABLE_ASSIGNMENT|[107]|i|{}|0x76f32631
08:30:16.2 (41273860)|STATEMENT_EXECUTE|[110]
08:30:16.2 (41278459)|HEAP_ALLOCATE|[110]|Bytes:2
08:30:16.2 (41299155)|ENTERING_MANAGED_PKG|
08:30:16.2 (41346024)|HEAP_ALLOCATE|[110]|Bytes:4
08:30:16.2 (41366382)|ENTERING_MANAGED_PKG|
08:30:16.2 (41371294)|HEAP_ALLOCATE|[110]|Bytes:18
08:30:16.2 (41405915)|VARIABLE_ASSIGNMENT|[EXTERNAL]|this|{}|0x76f32631
08:30:16.2 (41412790)|VARIABLE_ASSIGNMENT|[EXTERNAL]|value|"001B00000066XxFIAU"
08:30:16.2 (41422280)|VARIABLE_ASSIGNMENT|[6]|this.recordID|"001B00000066XxFIAU"|0x76f32631
08:30:16.2 (41429476)|STATEMENT_EXECUTE|[112]
08:30:16.2 (41430753)|STATEMENT_EXECUTE|[113]
08:30:16.2 (41443211)|METHOD_ENTRY|[113]|01pB0000000ljzx|testautonumdata.Sparkle_Helper.GetSobjectField(SObject, String)
08:30:16.2 (41459021)|VARIABLE_SCOPE_BEGIN|[78]|e|SObject|true|false
08:30:16.2 (41471226)|VARIABLE_ASSIGNMENT|[78]|e|{"s":1,"v":{"Id":"001B00000066XxFIAU","Name":"GenePoint"}}|0x5780d80a
08:30:16.2 (41473697)|VARIABLE_SCOPE_BEGIN|[78]|lcfield|String|false|false
08:30:16.2 (41477220)|VARIABLE_ASSIGNMENT|[78]|lcfield|"Id"
08:30:16.2 (41486582)|HEAP_ALLOCATE|[81]|Bytes:5
08:30:16.2 (41492330)|STATEMENT_EXECUTE|[79]
08:30:16.2 (41493547)|STATEMENT_EXECUTE|[81]
08:30:16.2 (41501989)|VARIABLE_SCOPE_BEGIN|[81]|returnValue|String|false|false
08:30:16.2 (41507956)|VARIABLE_ASSIGNMENT|[81]|returnValue|""
08:30:16.2 (41523612)|ENTERING_MANAGED_PKG|
08:30:16.2 (41552114)|STATEMENT_EXECUTE|[98]
08:30:16.2 (41562750)|ENTERING_MANAGED_PKG|
08:30:16.2 (41599979)|HEAP_ALLOCATE|[98]|Bytes:4
08:30:16.2 (41619701)|ENTERING_MANAGED_PKG|
08:30:16.2 (41624321)|HEAP_ALLOCATE|[98]|Bytes:18
08:30:16.2 (41638342)|VARIABLE_ASSIGNMENT|[98]|returnValue|"001B00000066XxFIAU"
08:30:16.2 (41641663)|STATEMENT_EXECUTE|[100]
08:30:16.2 (41649911)|METHOD_EXIT|[113]|01pB0000000ljzx|testautonumdata.Sparkle_Helper.GetSobjectField(SObject, String)
08:30:16.2 (41682443)|VARIABLE_ASSIGNMENT|[EXTERNAL]|this|{"recordID":"001B00000066XxFIAU"}|0x76f32631
08:30:16.2 (41687685)|VARIABLE_ASSIGNMENT|[EXTERNAL]|value|"001B00000066XxFIAU"
08:30:16.2 (41694590)|VARIABLE_ASSIGNMENT|[8]|this.eventField|"001B00000066XxFIAU"|0x76f32631
08:30:16.2 (41701403)|STATEMENT_EXECUTE|[116]
08:30:16.2 (41702876)|STATEMENT_EXECUTE|[117]
08:30:16.2 (41709755)|METHOD_ENTRY|[117]|01pB0000000ljzx|testautonumdata.Sparkle_Helper.GetSobjectField(SObject, String)
08:30:16.2 (41723151)|VARIABLE_SCOPE_BEGIN|[78]|e|SObject|true|false
08:30:16.2 (41735004)|VARIABLE_ASSIGNMENT|[78]|e|{"s":1,"v":{"Id":"001B00000066XxFIAU","Name":"GenePoint"}}|0x5780d80a
08:30:16.2 (41737107)|VARIABLE_SCOPE_BEGIN|[78]|lcfield|String|false|false
08:30:16.2 (41740154)|VARIABLE_ASSIGNMENT|[78]|lcfield|"Name"
08:30:16.2 (41748564)|HEAP_ALLOCATE|[81]|Bytes:5
08:30:16.2 (41753601)|STATEMENT_EXECUTE|[79]
08:30:16.2 (41754779)|STATEMENT_EXECUTE|[81]
08:30:16.2 (41761872)|VARIABLE_SCOPE_BEGIN|[81]|returnValue|String|false|false
08:30:16.2 (41767593)|VARIABLE_ASSIGNMENT|[81]|returnValue|""
08:30:16.2 (41781006)|ENTERING_MANAGED_PKG|
08:30:16.2 (41790998)|STATEMENT_EXECUTE|[98]
08:30:16.2 (41798886)|ENTERING_MANAGED_PKG|
08:30:16.2 (41819666)|HEAP_ALLOCATE|[98]|Bytes:9
08:30:16.2 (41835981)|ENTERING_MANAGED_PKG|
08:30:16.2 (41840074)|HEAP_ALLOCATE|[98]|Bytes:9
08:30:16.2 (41853156)|VARIABLE_ASSIGNMENT|[98]|returnValue|"GenePoint"
08:30:16.2 (41856182)|STATEMENT_EXECUTE|[100]
08:30:16.2 (41863965)|METHOD_EXIT|[117]|01pB0000000ljzx|testautonumdata.Sparkle_Helper.GetSobjectField(SObject, String)
08:30:16.2 (41896790)|VARIABLE_ASSIGNMENT|[EXTERNAL]|this|{"eventField":"001B00000066XxFIAU","recordID":"001B00000066XxFIAU"}|0x76f32631
08:30:16.2 (41902034)|VARIABLE_ASSIGNMENT|[EXTERNAL]|value|"GenePoint"
08:30:16.2 (41908786)|VARIABLE_ASSIGNMENT|[10]|this.column1|"GenePoint"|0x76f32631
08:30:16.2 (41915447)|STATEMENT_EXECUTE|[119]
08:30:16.2 (41917373)|STATEMENT_EXECUTE|[124]
08:30:16.2 (41918567)|STATEMENT_EXECUTE|[129]
08:30:16.2 (41919586)|STATEMENT_EXECUTE|[135]
08:30:16.2 (41930997)|ENTERING_MANAGED_PKG|
08:30:16.2 (41962369)|HEAP_ALLOCATE|[EXTERNAL]|Bytes:4
08:30:16.2 (41972295)|STATEMENT_EXECUTE|[137]
08:30:16.2 (41976385)|HEAP_ALLOCATE|[137]|Bytes:12
08:30:16.2 (42004152)|ENTERING_MANAGED_PKG|
08:30:16.2 (42084429)|HEAP_ALLOCATE|[137]|Bytes:181
08:30:16.2 (42104440)|HEAP_ALLOCATE|[137]|Bytes:193
08:30:16.2 (42114976)|ENTERING_MANAGED_PKG|
08:30:16.2 (42121951)|USER_DEBUG|[137]|DEBUG|######## i: ListServerController:[column1=GenePoint, column2=null, column3=null, column4=null, eventField=001B00000066XxFIAU, mapObjectsFields={Account={Id, Name}}, recordID=001B00000066XxFIAU]
08:30:16.2 (42137895)|HEAP_ALLOCATE|[104]|Bytes:5
08:30:16.2 (42163760)|HEAP_ALLOCATE|[104]|Bytes:12
08:30:16.2 (42183292)|VARIABLE_SCOPE_BEGIN|[104]|e|SObject|true|false
08:30:16.2 (42198339)|VARIABLE_ASSIGNMENT|[104]|e|{"s":1,"v":{"Id":"001B00000066XxDIAU","Name":"United Oil & Gas, UK"}}|0x343d9340
08:30:16.2 (42201623)|STATEMENT_EXECUTE|[105]
08:30:16.2 (42202717)|STATEMENT_EXECUTE|[106]
08:30:16.2 (42215922)|ENTERING_MANAGED_PKG|
08:30:16.2 (42244151)|HEAP_ALLOCATE|[106]|Bytes:58
08:30:16.2 (42260336)|HEAP_ALLOCATE|[106]|Bytes:70
08:30:16.2 (42268475)|ENTERING_MANAGED_PKG|
08:30:16.2 (42274679)|USER_DEBUG|[106]|DEBUG|######## e: Account:{Id=001B00000066XxDIAU, Name=United Oil & Gas, UK}
08:30:16.2 (42280718)|STATEMENT_EXECUTE|[107]
08:30:16.2 (42286171)|HEAP_ALLOCATE|[107]|Bytes:28
08:30:16.2 (42296455)|CONSTRUCTOR_ENTRY|[107]|01pB0000000lc07|<init>()
08:30:16.2 (42301300)|VARIABLE_SCOPE_BEGIN|[1]|this|testautonumdata.ListServerController|true|false
08:30:16.2 (42322944)|VARIABLE_ASSIGNMENT|[1]|this|{}|0x692411c2
08:30:16.2 (42331257)|HEAP_ALLOCATE|[EXTERNAL]|Bytes:5
08:30:16.2 (42347966)|STATEMENT_EXECUTE|[1]
08:30:16.2 (42352420)|HEAP_ALLOCATE|[EXTERNAL]|Bytes:5
08:30:16.2 (42355559)|STATEMENT_EXECUTE|[6]
08:30:16.2 (42356965)|STATEMENT_EXECUTE|[8]
08:30:16.2 (42357958)|STATEMENT_EXECUTE|[10]
08:30:16.2 (42358847)|STATEMENT_EXECUTE|[12]
08:30:16.2 (42359722)|STATEMENT_EXECUTE|[14]
08:30:16.2 (42360612)|STATEMENT_EXECUTE|[16]
08:30:16.2 (42369724)|CONSTRUCTOR_EXIT|[107]|01pB0000000lc07|<init>()
08:30:16.2 (42377249)|VARIABLE_SCOPE_BEGIN|[107]|i|testautonumdata.ListServerController|true|false
08:30:16.2 (42396545)|VARIABLE_ASSIGNMENT|[107]|i|{}|0x692411c2
08:30:16.2 (42399125)|STATEMENT_EXECUTE|[110]
08:30:16.2 (42413004)|ENTERING_MANAGED_PKG|
08:30:16.2 (42436053)|HEAP_ALLOCATE|[110]|Bytes:4
08:30:16.2 (42453650)|ENTERING_MANAGED_PKG|
08:30:16.2 (42457989)|HEAP_ALLOCATE|[110]|Bytes:18
08:30:16.2 (42487549)|VARIABLE_ASSIGNMENT|[EXTERNAL]|this|{}|0x692411c2
08:30:16.2 (42493590)|VARIABLE_ASSIGNMENT|[EXTERNAL]|value|"001B00000066XxDIAU"
08:30:16.2 (42500164)|VARIABLE_ASSIGNMENT|[6]|this.recordID|"001B00000066XxDIAU"|0x692411c2
08:30:16.2 (42506388)|STATEMENT_EXECUTE|[112]
08:30:16.2 (42507567)|STATEMENT_EXECUTE|[113]
08:30:16.2 (42513730)|METHOD_ENTRY|[113]|01pB0000000ljzx|testautonumdata.Sparkle_Helper.GetSobjectField(SObject, String)
08:30:16.2 (42518814)|VARIABLE_SCOPE_BEGIN|[78]|e|SObject|true|false
08:30:16.2 (42529561)|VARIABLE_ASSIGNMENT|[78]|e|{"s":1,"v":{"Id":"001B00000066XxDIAU","Name":"United Oil & Gas, UK"}}|0x343d9340
08:30:16.2 (42532093)|VARIABLE_SCOPE_BEGIN|[78]|lcfield|String|false|false
08:30:16.2 (42534897)|VARIABLE_ASSIGNMENT|[78]|lcfield|"Id"
08:30:16.2 (42542770)|HEAP_ALLOCATE|[81]|Bytes:5
08:30:16.2 (42547792)|STATEMENT_EXECUTE|[79]
08:30:16.2 (42549022)|STATEMENT_EXECUTE|[81]
08:30:16.2 (42555976)|VARIABLE_SCOPE_BEGIN|[81]|returnValue|String|false|false
08:30:16.2 (42561526)|VARIABLE_ASSIGNMENT|[81]|returnValue|""
08:30:16.2 (42574504)|ENTERING_MANAGED_PKG|
08:30:16.2 (42584626)|STATEMENT_EXECUTE|[98]
08:30:16.2 (42592562)|ENTERING_MANAGED_PKG|
08:30:16.2 (42612428)|HEAP_ALLOCATE|[98]|Bytes:4
08:30:16.2 (42628653)|ENTERING_MANAGED_PKG|
08:30:16.2 (42632869)|HEAP_ALLOCATE|[98]|Bytes:18
08:30:16.2 (42646112)|VARIABLE_ASSIGNMENT|[98]|returnValue|"001B00000066XxDIAU"
08:30:16.2 (42649115)|STATEMENT_EXECUTE|[100]
08:30:16.2 (42657030)|METHOD_EXIT|[113]|01pB0000000ljzx|testautonumdata.Sparkle_Helper.GetSobjectField(SObject, String)
08:30:16.2 (42684389)|VARIABLE_ASSIGNMENT|[EXTERNAL]|this|{"recordID":"001B00000066XxDIAU"}|0x692411c2
08:30:16.2 (42689174)|VARIABLE_ASSIGNMENT|[EXTERNAL]|value|"001B00000066XxDIAU"
08:30:16.2 (42695220)|VARIABLE_ASSIGNMENT|[8]|this.eventField|"001B00000066XxDIAU"|0x692411c2
08:30:16.2 (42701550)|STATEMENT_EXECUTE|[116]
08:30:16.2 (42702768)|STATEMENT_EXECUTE|[117]
08:30:16.2 (42708748)|METHOD_ENTRY|[117]|01pB0000000ljzx|testautonumdata.Sparkle_Helper.GetSobjectField(SObject, String)
08:30:16.2 (42713514)|VARIABLE_SCOPE_BEGIN|[78]|e|SObject|true|false
08:30:16.2 (42723566)|VARIABLE_ASSIGNMENT|[78]|e|{"s":1,"v":{"Id":"001B00000066XxDIAU","Name":"United Oil & Gas, UK"}}|0x343d9340
08:30:16.2 (42725829)|VARIABLE_SCOPE_BEGIN|[78]|lcfield|String|false|false
08:30:16.2 (42728445)|VARIABLE_ASSIGNMENT|[78]|lcfield|"Name"
08:30:16.2 (42735896)|HEAP_ALLOCATE|[81]|Bytes:5
08:30:16.2 (42740302)|STATEMENT_EXECUTE|[79]
08:30:16.2 (42741418)|STATEMENT_EXECUTE|[81]
08:30:16.2 (42748093)|VARIABLE_SCOPE_BEGIN|[81]|returnValue|String|false|false
08:30:16.2 (42753128)|VARIABLE_ASSIGNMENT|[81]|returnValue|""
08:30:16.2 (42765820)|ENTERING_MANAGED_PKG|
08:30:16.2 (42775433)|STATEMENT_EXECUTE|[98]
08:30:16.2 (42783200)|ENTERING_MANAGED_PKG|
08:30:16.2 (42802813)|HEAP_ALLOCATE|[98]|Bytes:20
08:30:16.2 (42818895)|ENTERING_MANAGED_PKG|
08:30:16.2 (42822972)|HEAP_ALLOCATE|[98]|Bytes:20
08:30:16.2 (42836162)|VARIABLE_ASSIGNMENT|[98]|returnValue|"United Oil & Gas, UK"
08:30:16.2 (42839173)|STATEMENT_EXECUTE|[100]
08:30:16.2 (42847224)|METHOD_EXIT|[117]|01pB0000000ljzx|testautonumdata.Sparkle_Helper.GetSobjectField(SObject, String)
08:30:16.2 (42875392)|VARIABLE_ASSIGNMENT|[EXTERNAL]|this|{"eventField":"001B00000066XxDIAU","recordID":"001B00000066XxDIAU"}|0x692411c2
08:30:16.2 (42880580)|VARIABLE_ASSIGNMENT|[EXTERNAL]|value|"United Oil & Gas, UK"
08:30:16.2 (42886643)|VARIABLE_ASSIGNMENT|[10]|this.column1|"United Oil & Gas, UK"|0x692411c2
08:30:16.2 (42892944)|STATEMENT_EXECUTE|[119]
08:30:16.2 (42894635)|STATEMENT_EXECUTE|[124]
08:30:16.2 (42895708)|STATEMENT_EXECUTE|[129]
08:30:16.2 (42896599)|STATEMENT_EXECUTE|[135]
08:30:16.2 (42902331)|ENTERING_MANAGED_PKG|
08:30:16.2 (42910196)|HEAP_ALLOCATE|[EXTERNAL]|Bytes:4
08:30:16.2 (42916904)|STATEMENT_EXECUTE|[137]
08:30:16.2 (42928627)|ENTERING_MANAGED_PKG|
08:30:16.2 (42962636)|HEAP_ALLOCATE|[137]|Bytes:192
08:30:16.2 (42979286)|HEAP_ALLOCATE|[137]|Bytes:204
08:30:16.2 (42987677)|ENTERING_MANAGED_PKG|
08:30:16.2 (42994105)|USER_DEBUG|[137]|DEBUG|######## i: ListServerController:[column1=United Oil & Gas, UK, column2=null, column3=null, column4=null, eventField=001B00000066XxDIAU, mapObjectsFields={Account={Id, Name}}, recordID=001B00000066XxDIAU]
08:30:16.2 (43009990)|HEAP_ALLOCATE|[104]|Bytes:5
08:30:16.2 (43036448)|HEAP_ALLOCATE|[104]|Bytes:12
08:30:16.2 (43055205)|VARIABLE_SCOPE_BEGIN|[104]|e|SObject|true|false
08:30:16.2 (43070551)|VARIABLE_ASSIGNMENT|[104]|e|{"s":1,"v":{"Id":"001B00000066XxEIAU","Name":"United Oil & Gas, Si (7 more) ..."}}|0x31ff3be8
08:30:16.2 (43078984)|STATEMENT_EXECUTE|[105]
08:30:16.2 (43080220)|STATEMENT_EXECUTE|[106]
08:30:16.2 (43094241)|ENTERING_MANAGED_PKG|
08:30:16.2 (43121900)|HEAP_ALLOCATE|[106]|Bytes:65
08:30:16.2 (43137683)|HEAP_ALLOCATE|[106]|Bytes:77
08:30:16.2 (43145707)|ENTERING_MANAGED_PKG|
08:30:16.2 (43151755)|USER_DEBUG|[106]|DEBUG|######## e: Account:{Id=001B00000066XxEIAU, Name=United Oil & Gas, Singapore}
08:30:16.2 (43157948)|STATEMENT_EXECUTE|[107]
08:30:16.2 (43163441)|HEAP_ALLOCATE|[107]|Bytes:28
08:30:16.2 (43173380)|CONSTRUCTOR_ENTRY|[107]|01pB0000000lc07|<init>()
08:30:16.2 (43177887)|VARIABLE_SCOPE_BEGIN|[1]|this|testautonumdata.ListServerController|true|false
08:30:16.2 (43199051)|VARIABLE_ASSIGNMENT|[1]|this|{}|0x1c5ff7c6
08:30:16.2 (43207789)|HEAP_ALLOCATE|[EXTERNAL]|Bytes:5
08:30:16.2 (43224167)|STATEMENT_EXECUTE|[1]
08:30:16.2 (43228361)|HEAP_ALLOCATE|[EXTERNAL]|Bytes:5
08:30:16.2 (43231490)|STATEMENT_EXECUTE|[6]
08:30:16.2 (43232945)|STATEMENT_EXECUTE|[8]
08:30:16.2 (43233837)|STATEMENT_EXECUTE|[10]
08:30:16.2 (43234731)|STATEMENT_EXECUTE|[12]
08:30:16.2 (43235611)|STATEMENT_EXECUTE|[14]
08:30:16.2 (43236600)|STATEMENT_EXECUTE|[16]
08:30:16.2 (43245580)|CONSTRUCTOR_EXIT|[107]|01pB0000000lc07|<init>()
08:30:16.2 (43252770)|VARIABLE_SCOPE_BEGIN|[107]|i|testautonumdata.ListServerController|true|false
08:30:16.2 (43284366)|VARIABLE_ASSIGNMENT|[107]|i|{}|0x1c5ff7c6
08:30:16.2 (43289255)|STATEMENT_EXECUTE|[110]
08:30:16.2 (43309713)|ENTERING_MANAGED_PKG|
08:30:16.2 (43336769)|HEAP_ALLOCATE|[110]|Bytes:4
08:30:16.2 (43355466)|ENTERING_MANAGED_PKG|
08:30:16.2 (43359707)|HEAP_ALLOCATE|[110]|Bytes:18
08:30:16.2 (43390436)|VARIABLE_ASSIGNMENT|[EXTERNAL]|this|{}|0x1c5ff7c6
08:30:16.2 (43396845)|VARIABLE_ASSIGNMENT|[EXTERNAL]|value|"001B00000066XxEIAU"
08:30:16.2 (43403416)|VARIABLE_ASSIGNMENT|[6]|this.recordID|"001B00000066XxEIAU"|0x1c5ff7c6
08:30:16.2 (43410042)|STATEMENT_EXECUTE|[112]
08:30:16.2 (43411396)|STATEMENT_EXECUTE|[113]
08:30:16.2 (43417844)|METHOD_ENTRY|[113]|01pB0000000ljzx|testautonumdata.Sparkle_Helper.GetSobjectField(SObject, String)
08:30:16.2 (43422678)|VARIABLE_SCOPE_BEGIN|[78]|e|SObject|true|false
08:30:16.2 (43434349)|VARIABLE_ASSIGNMENT|[78]|e|{"s":1,"v":{"Id":"001B00000066XxEIAU","Name":"United Oil & Gas, Si (7 more) ..."}}|0x31ff3be8
08:30:16.2 (43436790)|VARIABLE_SCOPE_BEGIN|[78]|lcfield|String|false|false
08:30:16.2 (43439550)|VARIABLE_ASSIGNMENT|[78]|lcfield|"Id"
08:30:16.2 (43447564)|HEAP_ALLOCATE|[81]|Bytes:5
08:30:16.2 (43452257)|STATEMENT_EXECUTE|[79]
08:30:16.2 (43453398)|STATEMENT_EXECUTE|[81]
08:30:16.2 (43460319)|VARIABLE_SCOPE_BEGIN|[81]|returnValue|String|false|false
08:30:16.2 (43465614)|VARIABLE_ASSIGNMENT|[81]|returnValue|""
08:30:16.2 (43478475)|ENTERING_MANAGED_PKG|
08:30:16.2 (43488319)|STATEMENT_EXECUTE|[98]
08:30:16.2 (43496255)|ENTERING_MANAGED_PKG|
08:30:16.2 (43515559)|HEAP_ALLOCATE|[98]|Bytes:4
08:30:16.2 (43531767)|ENTERING_MANAGED_PKG|
08:30:16.2 (43535991)|HEAP_ALLOCATE|[98]|Bytes:18
08:30:16.2 (43549756)|VARIABLE_ASSIGNMENT|[98]|returnValue|"001B00000066XxEIAU"
08:30:16.2 (43552872)|STATEMENT_EXECUTE|[100]
08:30:16.2 (43560498)|METHOD_EXIT|[113]|01pB0000000ljzx|testautonumdata.Sparkle_Helper.GetSobjectField(SObject, String)
08:30:16.2 (43587555)|VARIABLE_ASSIGNMENT|[EXTERNAL]|this|{"recordID":"001B00000066XxEIAU"}|0x1c5ff7c6
08:30:16.2 (43592530)|VARIABLE_ASSIGNMENT|[EXTERNAL]|value|"001B00000066XxEIAU"
08:30:16.2 (43598339)|VARIABLE_ASSIGNMENT|[8]|this.eventField|"001B00000066XxEIAU"|0x1c5ff7c6
08:30:16.2 (43604606)|STATEMENT_EXECUTE|[116]
08:30:16.2 (43605830)|STATEMENT_EXECUTE|[117]
08:30:16.2 (43611491)|METHOD_ENTRY|[117]|01pB0000000ljzx|testautonumdata.Sparkle_Helper.GetSobjectField(SObject, String)
08:30:16.2 (43616120)|VARIABLE_SCOPE_BEGIN|[78]|e|SObject|true|false
08:30:16.2 (43626690)|VARIABLE_ASSIGNMENT|[78]|e|{"s":1,"v":{"Id":"001B00000066XxEIAU","Name":"United Oil & Gas, Si (7 more) ..."}}|0x31ff3be8
08:30:16.2 (43628901)|VARIABLE_SCOPE_BEGIN|[78]|lcfield|String|false|false
08:30:16.2 (43631640)|VARIABLE_ASSIGNMENT|[78]|lcfield|"Name"
08:30:16.2 (43639273)|HEAP_ALLOCATE|[81]|Bytes:5
08:30:16.2 (43643851)|STATEMENT_EXECUTE|[79]
08:30:16.2 (43645041)|STATEMENT_EXECUTE|[81]
08:30:16.2 (43651727)|VARIABLE_SCOPE_BEGIN|[81]|returnValue|String|false|false
08:30:16.2 (43657138)|VARIABLE_ASSIGNMENT|[81]|returnValue|""
08:30:16.2 (43670369)|ENTERING_MANAGED_PKG|
08:30:16.2 (43680375)|STATEMENT_EXECUTE|[98]
08:30:16.2 (43688315)|ENTERING_MANAGED_PKG|
08:30:16.2 (43707893)|HEAP_ALLOCATE|[98]|Bytes:27
08:30:16.2 (43723928)|ENTERING_MANAGED_PKG|
08:30:16.2 (43727866)|HEAP_ALLOCATE|[98]|Bytes:27
08:30:16.2 (43741949)|VARIABLE_ASSIGNMENT|[98]|returnValue|"United Oil & Gas, Si (7 more) ..."
08:30:16.2 (43745088)|STATEMENT_EXECUTE|[100]
08:30:16.2 (43752924)|METHOD_EXIT|[117]|01pB0000000ljzx|testautonumdata.Sparkle_Helper.GetSobjectField(SObject, String)
08:30:16.2 (43781493)|VARIABLE_ASSIGNMENT|[EXTERNAL]|this|{"eventField":"001B00000066XxEIAU","recordID":"001B00000066XxEIAU"}|0x1c5ff7c6
08:30:16.2 (43787450)|VARIABLE_ASSIGNMENT|[EXTERNAL]|value|"United Oil & Gas, Si (7 more) ..."
08:30:16.2 (43794132)|VARIABLE_ASSIGNMENT|[10]|this.column1|"United Oil & Gas, Si (7 more) ..."|0x1c5ff7c6
08:30:16.2 (43800485)|STATEMENT_EXECUTE|[119]
08:30:16.2 (43802198)|STATEMENT_EXECUTE|[124]
08:30:16.2 (43803283)|STATEMENT_EXECUTE|[129]
08:30:16.2 (43804412)|STATEMENT_EXECUTE|[135]
08:30:16.2 (43810321)|ENTERING_MANAGED_PKG|
08:30:16.2 (43817966)|HEAP_ALLOCATE|[EXTERNAL]|Bytes:4
08:30:16.2 (43824531)|STATEMENT_EXECUTE|[137]
08:30:16.2 (43836280)|ENTERING_MANAGED_PKG|
08:30:16.2 (43869937)|HEAP_ALLOCATE|[137]|Bytes:199
08:30:16.2 (43886530)|HEAP_ALLOCATE|[137]|Bytes:211
08:30:16.2 (43894739)|ENTERING_MANAGED_PKG|
08:30:16.2 (43901012)|USER_DEBUG|[137]|DEBUG|######## i: ListServerController:[column1=United Oil & Gas, Singapore, column2=null, column3=null, column4=null, eventField=001B00000066XxEIAU, mapObjectsFields={Account={Id, Name}}, recordID=001B00000066XxEIAU]
08:30:16.2 (43916893)|HEAP_ALLOCATE|[104]|Bytes:5
08:30:16.2 (43941991)|HEAP_ALLOCATE|[104]|Bytes:12
08:30:16.2 (43960442)|VARIABLE_SCOPE_BEGIN|[104]|e|SObject|true|false
08:30:16.2 (43974018)|VARIABLE_ASSIGNMENT|[104]|e|{"s":1,"v":{"Id":"001B00000066Xx5IAE","Name":"Edge Communications"}}|0x3f6e175b
08:30:16.2 (43977306)|STATEMENT_EXECUTE|[105]
08:30:16.2 (43978308)|STATEMENT_EXECUTE|[106]
08:30:16.2 (43991915)|ENTERING_MANAGED_PKG|
08:30:16.2 (44018557)|HEAP_ALLOCATE|[106]|Bytes:57
08:30:16.2 (44034894)|HEAP_ALLOCATE|[106]|Bytes:69
08:30:16.2 (44042684)|ENTERING_MANAGED_PKG|
08:30:16.2 (44048771)|USER_DEBUG|[106]|DEBUG|######## e: Account:{Id=001B00000066Xx5IAE, Name=Edge Communications}
08:30:16.2 (44055011)|STATEMENT_EXECUTE|[107]
08:30:16.2 (44060337)|HEAP_ALLOCATE|[107]|Bytes:28
08:30:16.2 (44070114)|CONSTRUCTOR_ENTRY|[107]|01pB0000000lc07|<init>()
08:30:16.2 (44079065)|VARIABLE_SCOPE_BEGIN|[1]|this|testautonumdata.ListServerController|true|false
08:30:16.2 (44100540)|VARIABLE_ASSIGNMENT|[1]|this|{}|0x73f288d2
08:30:16.2 (44108892)|HEAP_ALLOCATE|[EXTERNAL]|Bytes:5
08:30:16.2 (44125247)|STATEMENT_EXECUTE|[1]
08:30:16.2 (44129495)|HEAP_ALLOCATE|[EXTERNAL]|Bytes:5
08:30:16.2 (44132629)|STATEMENT_EXECUTE|[6]
08:30:16.2 (44134010)|STATEMENT_EXECUTE|[8]
08:30:16.2 (44134932)|STATEMENT_EXECUTE|[10]
08:30:16.2 (44135812)|STATEMENT_EXECUTE|[12]
08:30:16.2 (44136766)|STATEMENT_EXECUTE|[14]
08:30:16.2 (44137630)|STATEMENT_EXECUTE|[16]
08:30:16.2 (44146754)|CONSTRUCTOR_EXIT|[107]|01pB0000000lc07|<init>()
08:30:16.2 (44154013)|VARIABLE_SCOPE_BEGIN|[107]|i|testautonumdata.ListServerController|true|false
08:30:16.2 (44172990)|VARIABLE_ASSIGNMENT|[107]|i|{}|0x73f288d2
08:30:16.2 (44175412)|STATEMENT_EXECUTE|[110]
08:30:16.2 (44189209)|ENTERING_MANAGED_PKG|
08:30:16.2 (44211672)|HEAP_ALLOCATE|[110]|Bytes:4
08:30:16.2 (44228900)|ENTERING_MANAGED_PKG|
08:30:16.2 (44233253)|HEAP_ALLOCATE|[110]|Bytes:18
08:30:16.2 (44262760)|VARIABLE_ASSIGNMENT|[EXTERNAL]|this|{}|0x73f288d2
08:30:16.2 (44268938)|VARIABLE_ASSIGNMENT|[EXTERNAL]|value|"001B00000066Xx5IAE"
08:30:16.2 (44275077)|VARIABLE_ASSIGNMENT|[6]|this.recordID|"001B00000066Xx5IAE"|0x73f288d2
08:30:16.2 (44281308)|STATEMENT_EXECUTE|[112]
08:30:16.2 (44282507)|STATEMENT_EXECUTE|[113]
08:30:16.2 (44288504)|METHOD_ENTRY|[113]|01pB0000000ljzx|testautonumdata.Sparkle_Helper.GetSobjectField(SObject, String)
08:30:16.2 (44293222)|VARIABLE_SCOPE_BEGIN|[78]|e|SObject|true|false
08:30:16.2 (44303479)|VARIABLE_ASSIGNMENT|[78]|e|{"s":1,"v":{"Id":"001B00000066Xx5IAE","Name":"Edge Communications"}}|0x3f6e175b
08:30:16.2 (44305788)|VARIABLE_SCOPE_BEGIN|[78]|lcfield|String|false|false
08:30:16.2 (44308458)|VARIABLE_ASSIGNMENT|[78]|lcfield|"Id"
08:30:16.2 (44316577)|HEAP_ALLOCATE|[81]|Bytes:5
08:30:16.2 (44321212)|STATEMENT_EXECUTE|[79]
08:30:16.2 (44322365)|STATEMENT_EXECUTE|[81]
08:30:16.2 (44328991)|VARIABLE_SCOPE_BEGIN|[81]|returnValue|String|false|false
08:30:16.2 (44334225)|VARIABLE_ASSIGNMENT|[81]|returnValue|""
08:30:16.2 (44346980)|ENTERING_MANAGED_PKG|
08:30:16.2 (44356825)|STATEMENT_EXECUTE|[98]
08:30:16.2 (44364547)|ENTERING_MANAGED_PKG|
08:30:16.2 (44383601)|HEAP_ALLOCATE|[98]|Bytes:4
08:30:16.2 (44399601)|ENTERING_MANAGED_PKG|
08:30:16.2 (44403742)|HEAP_ALLOCATE|[98]|Bytes:18
08:30:16.2 (44416923)|VARIABLE_ASSIGNMENT|[98]|returnValue|"001B00000066Xx5IAE"
08:30:16.2 (44419949)|STATEMENT_EXECUTE|[100]
08:30:16.2 (44427745)|METHOD_EXIT|[113]|01pB0000000ljzx|testautonumdata.Sparkle_Helper.GetSobjectField(SObject, String)
08:30:16.2 (44454438)|VARIABLE_ASSIGNMENT|[EXTERNAL]|this|{"recordID":"001B00000066Xx5IAE"}|0x73f288d2
08:30:16.2 (44459297)|VARIABLE_ASSIGNMENT|[EXTERNAL]|value|"001B00000066Xx5IAE"
08:30:16.2 (44465246)|VARIABLE_ASSIGNMENT|[8]|this.eventField|"001B00000066Xx5IAE"|0x73f288d2
08:30:16.2 (44471521)|STATEMENT_EXECUTE|[116]
08:30:16.2 (44472888)|STATEMENT_EXECUTE|[117]
08:30:16.2 (44478546)|METHOD_ENTRY|[117]|01pB0000000ljzx|testautonumdata.Sparkle_Helper.GetSobjectField(SObject, String)
08:30:16.2 (44482955)|VARIABLE_SCOPE_BEGIN|[78]|e|SObject|true|false
08:30:16.2 (44492679)|VARIABLE_ASSIGNMENT|[78]|e|{"s":1,"v":{"Id":"001B00000066Xx5IAE","Name":"Edge Communications"}}|0x3f6e175b
08:30:16.2 (44494740)|VARIABLE_SCOPE_BEGIN|[78]|lcfield|String|false|false
08:30:16.2 (44497322)|VARIABLE_ASSIGNMENT|[78]|lcfield|"Name"
08:30:16.2 (44504609)|HEAP_ALLOCATE|[81]|Bytes:5
08:30:16.2 (44508910)|STATEMENT_EXECUTE|[79]
08:30:16.2 (44509996)|STATEMENT_EXECUTE|[81]
08:30:16.2 (44516474)|VARIABLE_SCOPE_BEGIN|[81]|returnValue|String|false|false
08:30:16.2 (44521545)|VARIABLE_ASSIGNMENT|[81]|returnValue|""
08:30:16.2 (44534202)|ENTERING_MANAGED_PKG|
08:30:16.2 (44543904)|STATEMENT_EXECUTE|[98]
08:30:16.2 (44551618)|ENTERING_MANAGED_PKG|
08:30:16.2 (44570987)|HEAP_ALLOCATE|[98]|Bytes:19
08:30:16.2 (44586902)|ENTERING_MANAGED_PKG|
08:30:16.2 (44590874)|HEAP_ALLOCATE|[98]|Bytes:19
08:30:16.2 (44603965)|VARIABLE_ASSIGNMENT|[98]|returnValue|"Edge Communications"
08:30:16.2 (44607260)|STATEMENT_EXECUTE|[100]
08:30:16.2 (44615006)|METHOD_EXIT|[117]|01pB0000000ljzx|testautonumdata.Sparkle_Helper.GetSobjectField(SObject, String)
08:30:16.2 (44642554)|VARIABLE_ASSIGNMENT|[EXTERNAL]|this|{"eventField":"001B00000066Xx5IAE","recordID":"001B00000066Xx5IAE"}|0x73f288d2
08:30:16.2 (44647781)|VARIABLE_ASSIGNMENT|[EXTERNAL]|value|"Edge Communications"
08:30:16.2 (44653719)|VARIABLE_ASSIGNMENT|[10]|this.column1|"Edge Communications"|0x73f288d2
08:30:16.2 (44659919)|STATEMENT_EXECUTE|[119]
08:30:16.2 (44661586)|STATEMENT_EXECUTE|[124]
08:30:16.2 (44662621)|STATEMENT_EXECUTE|[129]
08:30:16.2 (44663583)|STATEMENT_EXECUTE|[135]
08:30:16.2 (44669295)|ENTERING_MANAGED_PKG|
08:30:16.2 (44676919)|HEAP_ALLOCATE|[EXTERNAL]|Bytes:4
08:30:16.2 (44683469)|STATEMENT_EXECUTE|[137]
08:30:16.2 (44694926)|ENTERING_MANAGED_PKG|
08:30:16.2 (44728162)|HEAP_ALLOCATE|[137]|Bytes:191
08:30:16.2 (44744240)|HEAP_ALLOCATE|[137]|Bytes:203
08:30:16.2 (44752413)|ENTERING_MANAGED_PKG|
08:30:16.2 (44758530)|USER_DEBUG|[137]|DEBUG|######## i: ListServerController:[column1=Edge Communications, column2=null, column3=null, column4=null, eventField=001B00000066Xx5IAE, mapObjectsFields={Account={Id, Name}}, recordID=001B00000066Xx5IAE]
08:30:16.2 (44774218)|HEAP_ALLOCATE|[104]|Bytes:5
08:30:16.2 (44798693)|HEAP_ALLOCATE|[104]|Bytes:12
08:30:16.2 (44817158)|VARIABLE_SCOPE_BEGIN|[104]|e|SObject|true|false
08:30:16.2 (44831978)|VARIABLE_ASSIGNMENT|[104]|e|{"s":1,"v":{"Id":"001B00000066Xx6IAE","Name":"Burlington Textiles  (15 more) ..."}}|0x6e7fc834
08:30:16.2 (44835421)|STATEMENT_EXECUTE|[105]
08:30:16.2 (44836520)|STATEMENT_EXECUTE|[106]
08:30:16.2 (44849429)|ENTERING_MANAGED_PKG|
08:30:16.2 (44875899)|HEAP_ALLOCATE|[106]|Bytes:73
08:30:16.2 (44891281)|HEAP_ALLOCATE|[106]|Bytes:85
08:30:16.2 (44899270)|ENTERING_MANAGED_PKG|
08:30:16.2 (44905114)|USER_DEBUG|[106]|DEBUG|######## e: Account:{Id=001B00000066Xx6IAE, Name=Burlington Textiles Corp of America}
08:30:16.2 (44911432)|STATEMENT_EXECUTE|[107]
08:30:16.2 (44916675)|HEAP_ALLOCATE|[107]|Bytes:28
08:30:16.2 (44926318)|CONSTRUCTOR_ENTRY|[107]|01pB0000000lc07|<init>()
08:30:16.2 (44930761)|VARIABLE_SCOPE_BEGIN|[1]|this|testautonumdata.ListServerController|true|false
08:30:16.2 (44951783)|VARIABLE_ASSIGNMENT|[1]|this|{}|0x62b5a4e8
08:30:16.2 (44959656)|HEAP_ALLOCATE|[EXTERNAL]|Bytes:5
08:30:16.2 (44975352)|STATEMENT_EXECUTE|[1]
08:30:16.2 (44979567)|HEAP_ALLOCATE|[EXTERNAL]|Bytes:5
08:30:16.2 (44982694)|STATEMENT_EXECUTE|[6]
08:30:16.2 (44984053)|STATEMENT_EXECUTE|[8]
08:30:16.2 (44984969)|STATEMENT_EXECUTE|[10]
08:30:16.2 (44985929)|STATEMENT_EXECUTE|[12]
08:30:16.2 (44986874)|STATEMENT_EXECUTE|[14]
08:30:16.2 (44987741)|STATEMENT_EXECUTE|[16]
08:30:16.2 (44996623)|CONSTRUCTOR_EXIT|[107]|01pB0000000lc07|<init>()
08:30:16.2 (45003735)|VARIABLE_SCOPE_BEGIN|[107]|i|testautonumdata.ListServerController|true|false
08:30:16.2 (45022915)|VARIABLE_ASSIGNMENT|[107]|i|{}|0x62b5a4e8
08:30:16.2 (45025354)|STATEMENT_EXECUTE|[110]
08:30:16.2 (45039286)|ENTERING_MANAGED_PKG|
08:30:16.2 (45061524)|HEAP_ALLOCATE|[110]|Bytes:4
08:30:16.2 (45083787)|ENTERING_MANAGED_PKG|
08:30:16.2 (45088863)|HEAP_ALLOCATE|[110]|Bytes:18
08:30:16.2 (45119692)|VARIABLE_ASSIGNMENT|[EXTERNAL]|this|{}|0x62b5a4e8
08:30:16.2 (45125761)|VARIABLE_ASSIGNMENT|[EXTERNAL]|value|"001B00000066Xx6IAE"
08:30:16.2 (45132656)|VARIABLE_ASSIGNMENT|[6]|this.recordID|"001B00000066Xx6IAE"|0x62b5a4e8
08:30:16.2 (45138881)|STATEMENT_EXECUTE|[112]
08:30:16.2 (45140083)|STATEMENT_EXECUTE|[113]
08:30:16.2 (45146302)|METHOD_ENTRY|[113]|01pB0000000ljzx|testautonumdata.Sparkle_Helper.GetSobjectField(SObject, String)
08:30:16.2 (45151006)|VARIABLE_SCOPE_BEGIN|[78]|e|SObject|true|false
08:30:16.2 (45162078)|VARIABLE_ASSIGNMENT|[78]|e|{"s":1,"v":{"Id":"001B00000066Xx6IAE","Name":"Burlington Textiles  (15 more) ..."}}|0x6e7fc834
08:30:16.2 (45164582)|VARIABLE_SCOPE_BEGIN|[78]|lcfield|String|false|false
08:30:16.2 (45167181)|VARIABLE_ASSIGNMENT|[78]|lcfield|"Id"
08:30:16.2 (45174784)|HEAP_ALLOCATE|[81]|Bytes:5
08:30:16.2 (45179503)|STATEMENT_EXECUTE|[79]
08:30:16.2 (45180638)|STATEMENT_EXECUTE|[81]
08:30:16.2 (45187491)|VARIABLE_SCOPE_BEGIN|[81]|returnValue|String|false|false
08:30:16.2 (45192812)|VARIABLE_ASSIGNMENT|[81]|returnValue|""
08:30:16.2 (45205740)|ENTERING_MANAGED_PKG|
08:30:16.2 (45215526)|STATEMENT_EXECUTE|[98]
08:30:16.2 (45223365)|ENTERING_MANAGED_PKG|
08:30:16.2 (45242418)|HEAP_ALLOCATE|[98]|Bytes:4
08:30:16.2 (45258828)|ENTERING_MANAGED_PKG|
08:30:16.2 (45263097)|HEAP_ALLOCATE|[98]|Bytes:18
08:30:16.2 (45276151)|VARIABLE_ASSIGNMENT|[98]|returnValue|"001B00000066Xx6IAE"
08:30:16.2 (45279094)|STATEMENT_EXECUTE|[100]
08:30:16.2 (45286459)|METHOD_EXIT|[113]|01pB0000000ljzx|testautonumdata.Sparkle_Helper.GetSobjectField(SObject, String)
08:30:16.2 (45313061)|VARIABLE_ASSIGNMENT|[EXTERNAL]|this|{"recordID":"001B00000066Xx6IAE"}|0x62b5a4e8
08:30:16.2 (45317924)|VARIABLE_ASSIGNMENT|[EXTERNAL]|value|"001B00000066Xx6IAE"
08:30:16.2 (45323761)|VARIABLE_ASSIGNMENT|[8]|this.eventField|"001B00000066Xx6IAE"|0x62b5a4e8
08:30:16.2 (45329830)|STATEMENT_EXECUTE|[116]
08:30:16.2 (45331087)|STATEMENT_EXECUTE|[117]
08:30:16.2 (45336704)|METHOD_ENTRY|[117]|01pB0000000ljzx|testautonumdata.Sparkle_Helper.GetSobjectField(SObject, String)
08:30:16.2 (45341463)|VARIABLE_SCOPE_BEGIN|[78]|e|SObject|true|false
08:30:16.2 (45352273)|VARIABLE_ASSIGNMENT|[78]|e|{"s":1,"v":{"Id":"001B00000066Xx6IAE","Name":"Burlington Textiles  (15 more) ..."}}|0x6e7fc834
08:30:16.2 (45354352)|VARIABLE_SCOPE_BEGIN|[78]|lcfield|String|false|false
08:30:16.2 (45356933)|VARIABLE_ASSIGNMENT|[78]|lcfield|"Name"
08:30:16.2 (45364334)|HEAP_ALLOCATE|[81]|Bytes:5
08:30:16.2 (45368671)|STATEMENT_EXECUTE|[79]
08:30:16.2 (45369739)|STATEMENT_EXECUTE|[81]
08:30:16.2 (45376819)|VARIABLE_SCOPE_BEGIN|[81]|returnValue|String|false|false
08:30:16.2 (45381864)|VARIABLE_ASSIGNMENT|[81]|returnValue|""
08:30:16.2 (45394493)|ENTERING_MANAGED_PKG|
08:30:16.2 (45404175)|STATEMENT_EXECUTE|[98]
08:30:16.2 (45411945)|ENTERING_MANAGED_PKG|
08:30:16.2 (45431507)|HEAP_ALLOCATE|[98]|Bytes:35
08:30:16.2 (45447533)|ENTERING_MANAGED_PKG|
08:30:16.2 (45451584)|HEAP_ALLOCATE|[98]|Bytes:35
08:30:16.2 (45465701)|VARIABLE_ASSIGNMENT|[98]|returnValue|"Burlington Textiles  (15 more) ..."
08:30:16.2 (45468845)|STATEMENT_EXECUTE|[100]
08:30:16.2 (45476533)|METHOD_EXIT|[117]|01pB0000000ljzx|testautonumdata.Sparkle_Helper.GetSobjectField(SObject, String)
08:30:16.2 (45504314)|VARIABLE_ASSIGNMENT|[EXTERNAL]|this|{"eventField":"001B00000066Xx6IAE","recordID":"001B00000066Xx6IAE"}|0x62b5a4e8
08:30:16.2 (45510211)|VARIABLE_ASSIGNMENT|[EXTERNAL]|value|"Burlington Textiles  (15 more) ..."
08:30:16.2 (45516742)|VARIABLE_ASSIGNMENT|[10]|this.column1|"Burlington Textiles  (15 more) ..."|0x62b5a4e8
08:30:16.2 (45523019)|STATEMENT_EXECUTE|[119]
08:30:16.2 (45524677)|STATEMENT_EXECUTE|[124]
08:30:16.2 (45526173)|STATEMENT_EXECUTE|[129]
08:30:16.2 (45527380)|STATEMENT_EXECUTE|[135]
08:30:16.2 (45533189)|ENTERING_MANAGED_PKG|
08:30:16.2 (45540814)|HEAP_ALLOCATE|[EXTERNAL]|Bytes:4
08:30:16.2 (45547169)|STATEMENT_EXECUTE|[137]
08:30:16.2 (45558913)|ENTERING_MANAGED_PKG|
08:30:16.2 (45592310)|HEAP_ALLOCATE|[137]|Bytes:207
08:30:16.2 (45608463)|HEAP_ALLOCATE|[137]|Bytes:219
08:30:16.2 (45616439)|ENTERING_MANAGED_PKG|
08:30:16.2 (45622657)|USER_DEBUG|[137]|DEBUG|######## i: ListServerController:[column1=Burlington Textiles Corp of America, column2=null, column3=null, column4=null, eventField=001B00000066Xx6IAE, mapObjectsFields={Account={Id, Name}}, recordID=001B00000066Xx6IAE]
08:30:16.2 (45637690)|HEAP_ALLOCATE|[104]|Bytes:5
08:30:16.2 (45662192)|HEAP_ALLOCATE|[104]|Bytes:12
08:30:16.2 (45680572)|VARIABLE_SCOPE_BEGIN|[104]|e|SObject|true|false
08:30:16.2 (45694790)|VARIABLE_ASSIGNMENT|[104]|e|{"s":1,"v":{"Id":"001B00000066Xx7IAE","Name":"Pyramid Construction (5 more) ..."}}|0x3680e128
08:30:16.2 (45698078)|STATEMENT_EXECUTE|[105]
08:30:16.2 (45699462)|STATEMENT_EXECUTE|[106]
08:30:16.2 (45712344)|ENTERING_MANAGED_PKG|
08:30:16.2 (45739031)|HEAP_ALLOCATE|[106]|Bytes:63
08:30:16.2 (45754340)|HEAP_ALLOCATE|[106]|Bytes:75
08:30:16.2 (45762223)|ENTERING_MANAGED_PKG|
08:30:16.2 (45768095)|USER_DEBUG|[106]|DEBUG|######## e: Account:{Id=001B00000066Xx7IAE, Name=Pyramid Construction Inc.}
08:30:16.2 (45774256)|STATEMENT_EXECUTE|[107]
08:30:16.2 (45779620)|HEAP_ALLOCATE|[107]|Bytes:28
08:30:16.2 (45789430)|CONSTRUCTOR_ENTRY|[107]|01pB0000000lc07|<init>()
08:30:16.2 (45793912)|VARIABLE_SCOPE_BEGIN|[1]|this|testautonumdata.ListServerController|true|false
08:30:16.2 (45814781)|VARIABLE_ASSIGNMENT|[1]|this|{}|0x2bd6037d
08:30:16.2 (45822888)|HEAP_ALLOCATE|[EXTERNAL]|Bytes:5
08:30:16.2 (45838398)|STATEMENT_EXECUTE|[1]
08:30:16.2 (45842631)|HEAP_ALLOCATE|[EXTERNAL]|Bytes:5
08:30:16.2 (45845874)|STATEMENT_EXECUTE|[6]
08:30:16.2 (45847226)|STATEMENT_EXECUTE|[8]
08:30:16.2 (45848182)|STATEMENT_EXECUTE|[10]
08:30:16.2 (45849068)|STATEMENT_EXECUTE|[12]
08:30:16.2 (45849966)|STATEMENT_EXECUTE|[14]
08:30:16.2 (45851237)|STATEMENT_EXECUTE|[16]
08:30:16.2 (45860581)|CONSTRUCTOR_EXIT|[107]|01pB0000000lc07|<init>()
08:30:16.2 (45867628)|VARIABLE_SCOPE_BEGIN|[107]|i|testautonumdata.ListServerController|true|false
08:30:16.2 (45885957)|VARIABLE_ASSIGNMENT|[107]|i|{}|0x2bd6037d
08:30:16.2 (45888502)|STATEMENT_EXECUTE|[110]
08:30:16.2 (45902319)|ENTERING_MANAGED_PKG|
08:30:16.2 (45924449)|HEAP_ALLOCATE|[110]|Bytes:4
08:30:16.2 (45941652)|ENTERING_MANAGED_PKG|
08:30:16.2 (45945799)|HEAP_ALLOCATE|[110]|Bytes:18
08:30:16.2 (45975100)|VARIABLE_ASSIGNMENT|[EXTERNAL]|this|{}|0x2bd6037d
08:30:16.2 (45981120)|VARIABLE_ASSIGNMENT|[EXTERNAL]|value|"001B00000066Xx7IAE"
08:30:16.2 (45987354)|VARIABLE_ASSIGNMENT|[6]|this.recordID|"001B00000066Xx7IAE"|0x2bd6037d
08:30:16.2 (45993437)|STATEMENT_EXECUTE|[112]
08:30:16.2 (45994564)|STATEMENT_EXECUTE|[113]
08:30:16.2 (46000434)|METHOD_ENTRY|[113]|01pB0000000ljzx|testautonumdata.Sparkle_Helper.GetSobjectField(SObject, String)
08:30:16.2 (46006071)|VARIABLE_SCOPE_BEGIN|[78]|e|SObject|true|false
08:30:16.2 (46016595)|VARIABLE_ASSIGNMENT|[78]|e|{"s":1,"v":{"Id":"001B00000066Xx7IAE","Name":"Pyramid Construction (5 more) ..."}}|0x3680e128
08:30:16.2 (46018708)|VARIABLE_SCOPE_BEGIN|[78]|lcfield|String|false|false
08:30:16.2 (46021673)|VARIABLE_ASSIGNMENT|[78]|lcfield|"Id"
08:30:16.2 (46029204)|HEAP_ALLOCATE|[81]|Bytes:5
08:30:16.2 (46033924)|STATEMENT_EXECUTE|[79]
08:30:16.2 (46035022)|STATEMENT_EXECUTE|[81]
08:30:16.2 (46041720)|VARIABLE_SCOPE_BEGIN|[81]|returnValue|String|false|false
08:30:16.2 (46046793)|VARIABLE_ASSIGNMENT|[81]|returnValue|""
08:30:16.2 (46059794)|ENTERING_MANAGED_PKG|
08:30:16.2 (46069567)|STATEMENT_EXECUTE|[98]
08:30:16.2 (46082932)|ENTERING_MANAGED_PKG|
08:30:16.2 (46102835)|HEAP_ALLOCATE|[98]|Bytes:4
08:30:16.2 (46119324)|ENTERING_MANAGED_PKG|
08:30:16.2 (46123549)|HEAP_ALLOCATE|[98]|Bytes:18
08:30:16.2 (46136987)|VARIABLE_ASSIGNMENT|[98]|returnValue|"001B00000066Xx7IAE"
08:30:16.2 (46139963)|STATEMENT_EXECUTE|[100]
08:30:16.2 (46147372)|METHOD_EXIT|[113]|01pB0000000ljzx|testautonumdata.Sparkle_Helper.GetSobjectField(SObject, String)
08:30:16.2 (46174159)|VARIABLE_ASSIGNMENT|[EXTERNAL]|this|{"recordID":"001B00000066Xx7IAE"}|0x2bd6037d
08:30:16.2 (46178717)|VARIABLE_ASSIGNMENT|[EXTERNAL]|value|"001B00000066Xx7IAE"
08:30:16.2 (46184675)|VARIABLE_ASSIGNMENT|[8]|this.eventField|"001B00000066Xx7IAE"|0x2bd6037d
08:30:16.2 (46190922)|STATEMENT_EXECUTE|[116]
08:30:16.2 (46192116)|STATEMENT_EXECUTE|[117]
08:30:16.2 (46197520)|METHOD_ENTRY|[117]|01pB0000000ljzx|testautonumdata.Sparkle_Helper.GetSobjectField(SObject, String)
08:30:16.2 (46201934)|VARIABLE_SCOPE_BEGIN|[78]|e|SObject|true|false
08:30:16.2 (46212648)|VARIABLE_ASSIGNMENT|[78]|e|{"s":1,"v":{"Id":"001B00000066Xx7IAE","Name":"Pyramid Construction (5 more) ..."}}|0x3680e128
08:30:16.2 (46215122)|VARIABLE_SCOPE_BEGIN|[78]|lcfield|String|false|false
08:30:16.2 (46217809)|VARIABLE_ASSIGNMENT|[78]|lcfield|"Name"
08:30:16.2 (46225318)|HEAP_ALLOCATE|[81]|Bytes:5
08:30:16.2 (46229741)|STATEMENT_EXECUTE|[79]
08:30:16.2 (46230819)|STATEMENT_EXECUTE|[81]
08:30:16.2 (46237597)|VARIABLE_SCOPE_BEGIN|[81]|returnValue|String|false|false
08:30:16.2 (46242739)|VARIABLE_ASSIGNMENT|[81]|returnValue|""
08:30:16.2 (46255450)|ENTERING_MANAGED_PKG|
08:30:16.2 (46265275)|STATEMENT_EXECUTE|[98]
08:30:16.2 (46272968)|ENTERING_MANAGED_PKG|
08:30:16.2 (46292576)|HEAP_ALLOCATE|[98]|Bytes:25
08:30:16.2 (46308476)|ENTERING_MANAGED_PKG|
08:30:16.2 (46312471)|HEAP_ALLOCATE|[98]|Bytes:25
08:30:16.2 (46326632)|VARIABLE_ASSIGNMENT|[98]|returnValue|"Pyramid Construction (5 more) ..."
08:30:16.2 (46329754)|STATEMENT_EXECUTE|[100]
08:30:16.2 (46337535)|METHOD_EXIT|[117]|01pB0000000ljzx|testautonumdata.Sparkle_Helper.GetSobjectField(SObject, String)
08:30:16.2 (46365217)|VARIABLE_ASSIGNMENT|[EXTERNAL]|this|{"eventField":"001B00000066Xx7IAE","recordID":"001B00000066Xx7IAE"}|0x2bd6037d
08:30:16.2 (46371298)|VARIABLE_ASSIGNMENT|[EXTERNAL]|value|"Pyramid Construction (5 more) ..."
08:30:16.2 (46378345)|VARIABLE_ASSIGNMENT|[10]|this.column1|"Pyramid Construction (5 more) ..."|0x2bd6037d
08:30:16.2 (46384650)|STATEMENT_EXECUTE|[119]
08:30:16.2 (46386353)|STATEMENT_EXECUTE|[124]
08:30:16.2 (46387450)|STATEMENT_EXECUTE|[129]
08:30:16.2 (46388356)|STATEMENT_EXECUTE|[135]
08:30:16.2 (46394042)|ENTERING_MANAGED_PKG|
08:30:16.2 (46401482)|HEAP_ALLOCATE|[EXTERNAL]|Bytes:4
08:30:16.2 (46407719)|STATEMENT_EXECUTE|[137]
08:30:16.2 (46419301)|ENTERING_MANAGED_PKG|
08:30:16.2 (46452226)|HEAP_ALLOCATE|[137]|Bytes:197
08:30:16.2 (46468454)|HEAP_ALLOCATE|[137]|Bytes:209
08:30:16.2 (46476595)|ENTERING_MANAGED_PKG|
08:30:16.2 (46482854)|USER_DEBUG|[137]|DEBUG|######## i: ListServerController:[column1=Pyramid Construction Inc., column2=null, column3=null, column4=null, eventField=001B00000066Xx7IAE, mapObjectsFields={Account={Id, Name}}, recordID=001B00000066Xx7IAE]
08:30:16.2 (46497863)|HEAP_ALLOCATE|[104]|Bytes:5
08:30:16.2 (46522459)|HEAP_ALLOCATE|[104]|Bytes:12
08:30:16.2 (46540573)|VARIABLE_SCOPE_BEGIN|[104]|e|SObject|true|false
08:30:16.2 (46554184)|VARIABLE_ASSIGNMENT|[104]|e|{"s":1,"v":{"Id":"001B00000066Xx8IAE","Name":"Dickenson plc"}}|0x7e68ac6b
08:30:16.2 (46557334)|STATEMENT_EXECUTE|[105]
08:30:16.2 (46558490)|STATEMENT_EXECUTE|[106]
08:30:16.2 (46571211)|ENTERING_MANAGED_PKG|
08:30:16.2 (46597624)|HEAP_ALLOCATE|[106]|Bytes:51
08:30:16.2 (46613480)|HEAP_ALLOCATE|[106]|Bytes:63
08:30:16.2 (46621447)|ENTERING_MANAGED_PKG|
08:30:16.2 (46627209)|USER_DEBUG|[106]|DEBUG|######## e: Account:{Id=001B00000066Xx8IAE, Name=Dickenson plc}
08:30:16.2 (46633033)|STATEMENT_EXECUTE|[107]
08:30:16.2 (46638440)|HEAP_ALLOCATE|[107]|Bytes:28
08:30:16.2 (46648513)|CONSTRUCTOR_ENTRY|[107]|01pB0000000lc07|<init>()
08:30:16.2 (46653016)|VARIABLE_SCOPE_BEGIN|[1]|this|testautonumdata.ListServerController|true|false
08:30:16.2 (46673659)|VARIABLE_ASSIGNMENT|[1]|this|{}|0x48543006
08:30:16.2 (46681741)|HEAP_ALLOCATE|[EXTERNAL]|Bytes:5
08:30:16.2 (46697457)|STATEMENT_EXECUTE|[1]
08:30:16.2 (46701710)|HEAP_ALLOCATE|[EXTERNAL]|Bytes:5
08:30:16.2 (46704831)|STATEMENT_EXECUTE|[6]
08:30:16.2 (46706178)|STATEMENT_EXECUTE|[8]
08:30:16.2 (46707121)|STATEMENT_EXECUTE|[10]
08:30:16.2 (46707984)|STATEMENT_EXECUTE|[12]
08:30:16.2 (46708862)|STATEMENT_EXECUTE|[14]
08:30:16.2 (46709731)|STATEMENT_EXECUTE|[16]
08:30:16.2 (46718784)|CONSTRUCTOR_EXIT|[107]|01pB0000000lc07|<init>()
08:30:16.2 (46725927)|VARIABLE_SCOPE_BEGIN|[107]|i|testautonumdata.ListServerController|true|false
08:30:16.2 (46744326)|VARIABLE_ASSIGNMENT|[107]|i|{}|0x48543006
08:30:16.2 (46746854)|STATEMENT_EXECUTE|[110]
08:30:16.2 (46760623)|ENTERING_MANAGED_PKG|
08:30:16.2 (46782592)|HEAP_ALLOCATE|[110]|Bytes:4
08:30:16.2 (46799652)|ENTERING_MANAGED_PKG|
08:30:16.2 (46803708)|HEAP_ALLOCATE|[110]|Bytes:18
08:30:16.2 (46832687)|VARIABLE_ASSIGNMENT|[EXTERNAL]|this|{}|0x48543006
08:30:16.2 (46839311)|VARIABLE_ASSIGNMENT|[EXTERNAL]|value|"001B00000066Xx8IAE"
08:30:16.2 (46845468)|VARIABLE_ASSIGNMENT|[6]|this.recordID|"001B00000066Xx8IAE"|0x48543006
08:30:16.2 (46851510)|STATEMENT_EXECUTE|[112]
08:30:16.2 (46852707)|STATEMENT_EXECUTE|[113]
08:30:16.2 (46858680)|METHOD_ENTRY|[113]|01pB0000000ljzx|testautonumdata.Sparkle_Helper.GetSobjectField(SObject, String)
08:30:16.2 (46863393)|VARIABLE_SCOPE_BEGIN|[78]|e|SObject|true|false
08:30:16.2 (46872993)|VARIABLE_ASSIGNMENT|[78]|e|{"s":1,"v":{"Id":"001B00000066Xx8IAE","Name":"Dickenson plc"}}|0x7e68ac6b
08:30:16.2 (46875158)|VARIABLE_SCOPE_BEGIN|[78]|lcfield|String|false|false
08:30:16.2 (46877719)|VARIABLE_ASSIGNMENT|[78]|lcfield|"Id"
08:30:16.2 (46885127)|HEAP_ALLOCATE|[81]|Bytes:5
08:30:16.2 (46889735)|STATEMENT_EXECUTE|[79]
08:30:16.2 (46890901)|STATEMENT_EXECUTE|[81]
08:30:16.2 (46897534)|VARIABLE_SCOPE_BEGIN|[81]|returnValue|String|false|false
08:30:16.2 (46902488)|VARIABLE_ASSIGNMENT|[81]|returnValue|""
08:30:16.2 (46915135)|ENTERING_MANAGED_PKG|
08:30:16.2 (46924756)|STATEMENT_EXECUTE|[98]
08:30:16.2 (46932521)|ENTERING_MANAGED_PKG|
08:30:16.2 (46951776)|HEAP_ALLOCATE|[98]|Bytes:4
08:30:16.2 (46967696)|ENTERING_MANAGED_PKG|
08:30:16.2 (46971690)|HEAP_ALLOCATE|[98]|Bytes:18
08:30:16.2 (46984509)|VARIABLE_ASSIGNMENT|[98]|returnValue|"001B00000066Xx8IAE"
08:30:16.2 (46987426)|STATEMENT_EXECUTE|[100]
08:30:16.2 (46994919)|METHOD_EXIT|[113]|01pB0000000ljzx|testautonumdata.Sparkle_Helper.GetSobjectField(SObject, String)
08:30:16.2 (47021319)|VARIABLE_ASSIGNMENT|[EXTERNAL]|this|{"recordID":"001B00000066Xx8IAE"}|0x48543006
08:30:16.2 (47026882)|VARIABLE_ASSIGNMENT|[EXTERNAL]|value|"001B00000066Xx8IAE"
08:30:16.2 (47033022)|VARIABLE_ASSIGNMENT|[8]|this.eventField|"001B00000066Xx8IAE"|0x48543006
08:30:16.2 (47039220)|STATEMENT_EXECUTE|[116]
08:30:16.2 (47040416)|STATEMENT_EXECUTE|[117]
08:30:16.2 (47045819)|METHOD_ENTRY|[117]|01pB0000000ljzx|testautonumdata.Sparkle_Helper.GetSobjectField(SObject, String)
08:30:16.2 (47050541)|VARIABLE_SCOPE_BEGIN|[78]|e|SObject|true|false
08:30:16.2 (47060183)|VARIABLE_ASSIGNMENT|[78]|e|{"s":1,"v":{"Id":"001B00000066Xx8IAE","Name":"Dickenson plc"}}|0x7e68ac6b
08:30:16.2 (47062402)|VARIABLE_SCOPE_BEGIN|[78]|lcfield|String|false|false
08:30:16.2 (47064981)|VARIABLE_ASSIGNMENT|[78]|lcfield|"Name"
08:30:16.2 (47072468)|HEAP_ALLOCATE|[81]|Bytes:5
08:30:16.2 (47081973)|STATEMENT_EXECUTE|[79]
08:30:16.2 (47083414)|STATEMENT_EXECUTE|[81]
08:30:16.2 (47090293)|VARIABLE_SCOPE_BEGIN|[81]|returnValue|String|false|false
08:30:16.2 (47095634)|VARIABLE_ASSIGNMENT|[81]|returnValue|""
08:30:16.2 (47108541)|ENTERING_MANAGED_PKG|
08:30:16.2 (47118472)|STATEMENT_EXECUTE|[98]
08:30:16.2 (47126221)|ENTERING_MANAGED_PKG|
08:30:16.2 (47145608)|HEAP_ALLOCATE|[98]|Bytes:13
08:30:16.2 (47161554)|ENTERING_MANAGED_PKG|
08:30:16.2 (47165608)|HEAP_ALLOCATE|[98]|Bytes:13
08:30:16.2 (47178282)|VARIABLE_ASSIGNMENT|[98]|returnValue|"Dickenson plc"
08:30:16.2 (47181609)|STATEMENT_EXECUTE|[100]
08:30:16.2 (47189184)|METHOD_EXIT|[117]|01pB0000000ljzx|testautonumdata.Sparkle_Helper.GetSobjectField(SObject, String)
08:30:16.2 (47216739)|VARIABLE_ASSIGNMENT|[EXTERNAL]|this|{"eventField":"001B00000066Xx8IAE","recordID":"001B00000066Xx8IAE"}|0x48543006
08:30:16.2 (47221712)|VARIABLE_ASSIGNMENT|[EXTERNAL]|value|"Dickenson plc"
08:30:16.2 (47227877)|VARIABLE_ASSIGNMENT|[10]|this.column1|"Dickenson plc"|0x48543006
08:30:16.2 (47233977)|STATEMENT_EXECUTE|[119]
08:30:16.2 (47235645)|STATEMENT_EXECUTE|[124]
08:30:16.2 (47237011)|STATEMENT_EXECUTE|[129]
08:30:16.2 (47238087)|STATEMENT_EXECUTE|[135]
08:30:16.2 (47243792)|ENTERING_MANAGED_PKG|
08:30:16.2 (47251366)|HEAP_ALLOCATE|[EXTERNAL]|Bytes:4
08:30:16.2 (47257684)|STATEMENT_EXECUTE|[137]
08:30:16.2 (47269161)|ENTERING_MANAGED_PKG|
08:30:16.2 (47301651)|HEAP_ALLOCATE|[137]|Bytes:185
08:30:16.2 (47317627)|HEAP_ALLOCATE|[137]|Bytes:197
08:30:16.2 (47325749)|ENTERING_MANAGED_PKG|
08:30:16.2 (47331763)|USER_DEBUG|[137]|DEBUG|######## i: ListServerController:[column1=Dickenson plc, column2=null, column3=null, column4=null, eventField=001B00000066Xx8IAE, mapObjectsFields={Account={Id, Name}}, recordID=001B00000066Xx8IAE]
08:30:16.2 (47346442)|HEAP_ALLOCATE|[104]|Bytes:5
08:30:16.2 (47370549)|HEAP_ALLOCATE|[104]|Bytes:12
08:30:16.2 (47389208)|VARIABLE_SCOPE_BEGIN|[104]|e|SObject|true|false
08:30:16.2 (47403709)|VARIABLE_ASSIGNMENT|[104]|e|{"s":1,"v":{"Id":"001B00000066Xx9IAE","Name":"Hospital Universitar (14 more) ..."}}|0x3173b832
08:30:16.2 (47407132)|STATEMENT_EXECUTE|[105]
08:30:16.2 (47408611)|STATEMENT_EXECUTE|[106]
08:30:16.2 (47421720)|ENTERING_MANAGED_PKG|
08:30:16.2 (47448414)|HEAP_ALLOCATE|[106]|Bytes:72
08:30:16.2 (47463811)|HEAP_ALLOCATE|[106]|Bytes:84
08:30:16.2 (47471704)|ENTERING_MANAGED_PKG|
08:30:16.2 (47477512)|USER_DEBUG|[106]|DEBUG|######## e: Account:{Id=001B00000066Xx9IAE, Name=Hospital Universitario San Ignacio}
08:30:16.2 (47483652)|STATEMENT_EXECUTE|[107]
08:30:16.2 (47488855)|HEAP_ALLOCATE|[107]|Bytes:28
08:30:16.2 (47498429)|CONSTRUCTOR_ENTRY|[107]|01pB0000000lc07|<init>()
08:30:16.2 (47502875)|VARIABLE_SCOPE_BEGIN|[1]|this|testautonumdata.ListServerController|true|false
08:30:16.2 (47523643)|VARIABLE_ASSIGNMENT|[1]|this|{}|0x2f8785c6
08:30:16.2 (47531751)|HEAP_ALLOCATE|[EXTERNAL]|Bytes:5
08:30:16.2 (47547392)|STATEMENT_EXECUTE|[1]
08:30:16.2 (47551600)|HEAP_ALLOCATE|[EXTERNAL]|Bytes:5
08:30:16.2 (47554757)|STATEMENT_EXECUTE|[6]
08:30:16.2 (47556235)|STATEMENT_EXECUTE|[8]
08:30:16.2 (47557238)|STATEMENT_EXECUTE|[10]
08:30:16.2 (47558115)|STATEMENT_EXECUTE|[12]
08:30:16.2 (47558992)|STATEMENT_EXECUTE|[14]
08:30:16.2 (47560066)|STATEMENT_EXECUTE|[16]
08:30:16.2 (47569085)|CONSTRUCTOR_EXIT|[107]|01pB0000000lc07|<init>()
08:30:16.2 (47576297)|VARIABLE_SCOPE_BEGIN|[107]|i|testautonumdata.ListServerController|true|false
08:30:16.2 (47594925)|VARIABLE_ASSIGNMENT|[107]|i|{}|0x2f8785c6
08:30:16.2 (47597601)|STATEMENT_EXECUTE|[110]
08:30:16.2 (47611235)|ENTERING_MANAGED_PKG|
08:30:16.2 (47633310)|HEAP_ALLOCATE|[110]|Bytes:4
08:30:16.2 (47650363)|ENTERING_MANAGED_PKG|
08:30:16.2 (47654393)|HEAP_ALLOCATE|[110]|Bytes:18
08:30:16.2 (47686815)|VARIABLE_ASSIGNMENT|[EXTERNAL]|this|{}|0x2f8785c6
08:30:16.2 (47693991)|VARIABLE_ASSIGNMENT|[EXTERNAL]|value|"001B00000066Xx9IAE"
08:30:16.2 (47700678)|VARIABLE_ASSIGNMENT|[6]|this.recordID|"001B00000066Xx9IAE"|0x2f8785c6
08:30:16.2 (47707096)|STATEMENT_EXECUTE|[112]
08:30:16.2 (47708326)|STATEMENT_EXECUTE|[113]
08:30:16.2 (47714477)|METHOD_ENTRY|[113]|01pB0000000ljzx|testautonumdata.Sparkle_Helper.GetSobjectField(SObject, String)
08:30:16.2 (47719449)|VARIABLE_SCOPE_BEGIN|[78]|e|SObject|true|false
08:30:16.2 (47730356)|VARIABLE_ASSIGNMENT|[78]|e|{"s":1,"v":{"Id":"001B00000066Xx9IAE","Name":"Hospital Universitar (14 more) ..."}}|0x3173b832
08:30:16.2 (47732732)|VARIABLE_SCOPE_BEGIN|[78]|lcfield|String|false|false
08:30:16.2 (47735888)|VARIABLE_ASSIGNMENT|[78]|lcfield|"Id"
08:30:16.2 (47743736)|HEAP_ALLOCATE|[81]|Bytes:5
08:30:16.2 (47748393)|STATEMENT_EXECUTE|[79]
08:30:16.2 (47749622)|STATEMENT_EXECUTE|[81]
08:30:16.2 (47756601)|VARIABLE_SCOPE_BEGIN|[81]|returnValue|String|false|false
08:30:16.2 (47761746)|VARIABLE_ASSIGNMENT|[81]|returnValue|""
08:30:16.2 (47774620)|ENTERING_MANAGED_PKG|
08:30:16.2 (47784554)|STATEMENT_EXECUTE|[98]
08:30:16.2 (47792403)|ENTERING_MANAGED_PKG|
08:30:16.2 (47811362)|HEAP_ALLOCATE|[98]|Bytes:4
08:30:16.2 (47827291)|ENTERING_MANAGED_PKG|
08:30:16.2 (47831354)|HEAP_ALLOCATE|[98]|Bytes:18
08:30:16.2 (47844335)|VARIABLE_ASSIGNMENT|[98]|returnValue|"001B00000066Xx9IAE"
08:30:16.2 (47847290)|STATEMENT_EXECUTE|[100]
08:30:16.2 (47854735)|METHOD_EXIT|[113]|01pB0000000ljzx|testautonumdata.Sparkle_Helper.GetSobjectField(SObject, String)
08:30:16.2 (47881468)|VARIABLE_ASSIGNMENT|[EXTERNAL]|this|{"recordID":"001B00000066Xx9IAE"}|0x2f8785c6
08:30:16.2 (47886199)|VARIABLE_ASSIGNMENT|[EXTERNAL]|value|"001B00000066Xx9IAE"
08:30:16.2 (47892061)|VARIABLE_ASSIGNMENT|[8]|this.eventField|"001B00000066Xx9IAE"|0x2f8785c6
08:30:16.2 (47898383)|STATEMENT_EXECUTE|[116]
08:30:16.2 (47899564)|STATEMENT_EXECUTE|[117]
08:30:16.2 (47905047)|METHOD_ENTRY|[117]|01pB0000000ljzx|testautonumdata.Sparkle_Helper.GetSobjectField(SObject, String)
08:30:16.2 (47909580)|VARIABLE_SCOPE_BEGIN|[78]|e|SObject|true|false
08:30:16.2 (47920017)|VARIABLE_ASSIGNMENT|[78]|e|{"s":1,"v":{"Id":"001B00000066Xx9IAE","Name":"Hospital Universitar (14 more) ..."}}|0x3173b832
08:30:16.2 (47922109)|VARIABLE_SCOPE_BEGIN|[78]|lcfield|String|false|false
08:30:16.2 (47924720)|VARIABLE_ASSIGNMENT|[78]|lcfield|"Name"
08:30:16.2 (47932129)|HEAP_ALLOCATE|[81]|Bytes:5
08:30:16.2 (47936535)|STATEMENT_EXECUTE|[79]
08:30:16.2 (47937695)|STATEMENT_EXECUTE|[81]
08:30:16.2 (47944261)|VARIABLE_SCOPE_BEGIN|[81]|returnValue|String|false|false
08:30:16.2 (47949134)|VARIABLE_ASSIGNMENT|[81]|returnValue|""
08:30:16.2 (47961737)|ENTERING_MANAGED_PKG|
08:30:16.2 (47971454)|STATEMENT_EXECUTE|[98]
08:30:16.2 (47979022)|ENTERING_MANAGED_PKG|
08:30:16.2 (47998631)|HEAP_ALLOCATE|[98]|Bytes:34
08:30:16.2 (48014880)|ENTERING_MANAGED_PKG|
08:30:16.2 (48019662)|HEAP_ALLOCATE|[98]|Bytes:34
08:30:16.2 (48034580)|VARIABLE_ASSIGNMENT|[98]|returnValue|"Hospital Universitar (14 more) ..."
08:30:16.2 (48037832)|STATEMENT_EXECUTE|[100]
08:30:16.2 (48045321)|METHOD_EXIT|[117]|01pB0000000ljzx|testautonumdata.Sparkle_Helper.GetSobjectField(SObject, String)
08:30:16.2 (48077827)|VARIABLE_ASSIGNMENT|[EXTERNAL]|this|{"eventField":"001B00000066Xx9IAE","recordID":"001B00000066Xx9IAE"}|0x2f8785c6
08:30:16.2 (48084521)|VARIABLE_ASSIGNMENT|[EXTERNAL]|value|"Hospital Universitar (14 more) ..."
08:30:16.2 (48091668)|VARIABLE_ASSIGNMENT|[10]|this.column1|"Hospital Universitar (14 more) ..."|0x2f8785c6
08:30:16.2 (48098674)|STATEMENT_EXECUTE|[119]
08:30:16.2 (48100571)|STATEMENT_EXECUTE|[124]
08:30:16.2 (48101715)|STATEMENT_EXECUTE|[129]
08:30:16.2 (48102650)|STATEMENT_EXECUTE|[135]
08:30:16.2 (48108512)|ENTERING_MANAGED_PKG|
08:30:16.2 (48116210)|HEAP_ALLOCATE|[EXTERNAL]|Bytes:4
08:30:16.2 (48122485)|STATEMENT_EXECUTE|[137]
08:30:16.2 (48134233)|ENTERING_MANAGED_PKG|
08:30:16.2 (48193345)|HEAP_ALLOCATE|[137]|Bytes:206
08:30:16.2 (48212859)|HEAP_ALLOCATE|[137]|Bytes:218
08:30:16.2 (48221216)|ENTERING_MANAGED_PKG|
08:30:16.2 (48227855)|USER_DEBUG|[137]|DEBUG|######## i: ListServerController:[column1=Hospital Universitario San Ignacio, column2=null, column3=null, column4=null, eventField=001B00000066Xx9IAE, mapObjectsFields={Account={Id, Name}}, recordID=001B00000066Xx9IAE]
08:30:16.2 (48243439)|HEAP_ALLOCATE|[104]|Bytes:5
08:30:16.2 (48257475)|VARIABLE_ASSIGNMENT|[104]|e|null|
08:30:16.2 (48261169)|STATEMENT_EXECUTE|[142]
08:30:16.2 (48264818)|HEAP_ALLOCATE|[142]|Bytes:27
08:30:16.2 (48278808)|ENTERING_MANAGED_PKG|
08:30:16.2 (48428063)|HEAP_ALLOCATE|[142]|Bytes:1546
08:30:16.2 (48447833)|HEAP_ALLOCATE|[142]|Bytes:1573
08:30:16.2 (48458037)|ENTERING_MANAGED_PKG|
08:30:16.2 (48464217)|USER_DEBUG|[142]|DEBUG|######## lstReturnRecords: (ListServerController:[column1=GenePoint, column2=null, column3=null, column4=null, eventField=001B00000066XxFIAU, mapObjectsFields={Account={Id, Name}}, recordID=001B00000066XxFIAU], ListServerController:[column1=United Oil & Gas, UK, column2=null, column3=null, column4=null, eventField=001B00000066XxDIAU, mapObjectsFields=(already output), recordID=001B00000066XxDIAU], ListServerController:[column1=United Oil & Gas, Singapore, column2=null, column3=null, column4=null, eventField=001B00000066XxEIAU, mapObjectsFields=(already output), recordID=001B00000066XxEIAU], ListServerController:[column1=Edge Communications, column2=null, column3=null, column4=null, eventField=001B00000066Xx5IAE, mapObjectsFields=(already output), recordID=001B00000066Xx5IAE], ListServerController:[column1=Burlington Textiles Corp of America, column2=null, column3=null, column4=null, eventField=001B00000066Xx6IAE, mapObjectsFields=(already output), recordID=001B00000066Xx6IAE], ListServerController:[column1=Pyramid Construction Inc., column2=null, column3=null, column4=null, eventField=001B00000066Xx7IAE, mapObjectsFields=(already output), recordID=001B00000066Xx7IAE], ListServerController:[column1=Dickenson plc, column2=null, column3=null, column4=null, eventField=001B00000066Xx8IAE, mapObjectsFields=(already output), recordID=001B00000066Xx8IAE], ListServerController:[column1=Hospital Universitario San Ignacio, column2=null, column3=null, column4=null, eventField=001B00000066Xx9IAE, mapObjectsFields=(already output), recordID=001B00000066Xx9IAE])
08:30:16.2 (48479301)|STATEMENT_EXECUTE|[144]
08:30:16.2 (48489026)|SYSTEM_MODE_EXIT|false
08:30:16.48 (48534207)|CUMULATIVE_LIMIT_USAGE
08:30:16.48 (48534207)|LIMIT_USAGE_FOR_NS|(default)|
  Number of SOQL queries: 0 out of 100
  Number of query rows: 0 out of 50000
  Number of SOSL queries: 0 out of 20
  Number of DML statements: 0 out of 150
  Number of DML rows: 0 out of 10000
  Maximum CPU time: 0 out of 10000
  Maximum heap size: 0 out of 6000000
  Number of callouts: 0 out of 100
  Number of Email Invocations: 0 out of 10
  Number of future calls: 0 out of 50
  Number of queueable jobs added to the queue: 0 out of 50
  Number of Mobile Apex push calls: 0 out of 10

08:30:16.48 (48534207)|LIMIT_USAGE_FOR_NS|testautonumdata|
  Number of SOQL queries: 1 out of 100
  Number of query rows: 8 out of 50000
  Number of SOSL queries: 0 out of 20
  Number of DML statements: 0 out of 150
  Number of DML rows: 0 out of 10000
  Maximum CPU time: 0 out of 10000
  Maximum heap size: 0 out of 6000000
  Number of callouts: 0 out of 100
  Number of Email Invocations: 0 out of 10
  Number of future calls: 0 out of 50
  Number of queueable jobs added to the queue: 0 out of 50
  Number of Mobile Apex push calls: 0 out of 10

08:30:16.48 (48534207)|CUMULATIVE_LIMIT_USAGE_END

08:30:16.50 (50611758)|CODE_UNIT_STARTED|[EXTERNAL]|Aura
08:30:16.51 (51697682)|CODE_UNIT_STARTED|[EXTERNAL]|Aura
08:30:16.53 (53122820)|CODE_UNIT_STARTED|[EXTERNAL]|Aura
08:30:16.54 (54519566)|CODE_UNIT_STARTED|[EXTERNAL]|Aura
08:30:16.55 (55845081)|CODE_UNIT_STARTED|[EXTERNAL]|Aura
08:30:16.57 (57039866)|CODE_UNIT_STARTED|[EXTERNAL]|Aura
08:30:16.58 (58519079)|CODE_UNIT_STARTED|[EXTERNAL]|Aura
08:30:16.59 (59544632)|CODE_UNIT_STARTED|[EXTERNAL]|Aura
08:30:16.60 (60857744)|CODE_UNIT_STARTED|[EXTERNAL]|01pB0000000lc07|ListServerController.getCurrentUser
08:30:16.60 (60903402)|SYSTEM_MODE_ENTER|false
08:30:16.60 (60918842)|HEAP_ALLOCATE|[151]|Bytes:5
08:30:16.60 (60926074)|STATEMENT_EXECUTE|[150]
08:30:16.60 (60927770)|STATEMENT_EXECUTE|[151]
08:30:16.60 (60931352)|HEAP_ALLOCATE|[151]|Bytes:68
08:30:16.60 (60943447)|HEAP_ALLOCATE|[151]|Bytes:4
08:30:16.60 (60956149)|HEAP_ALLOCATE|[151]|Bytes:7
08:30:16.60 (61067724)|HEAP_ALLOCATE|[151]|Bytes:85
08:30:16.60 (61095508)|SYSTEM_METHOD_ENTRY|[1]|UserInfo.UserInfo()
08:30:16.60 (61100115)|STATEMENT_EXECUTE|[1]
08:30:16.60 (61112255)|SYSTEM_METHOD_EXIT|[1]|UserInfo
08:30:16.60 (61129281)|METHOD_ENTRY|[151]||System.UserInfo.getUserId()
08:30:16.60 (61171694)|METHOD_EXIT|[151]||System.UserInfo.getUserId()
08:30:16.60 (62919985)|SOQL_EXECUTE_BEGIN|[151]|Aggregations:0|SELECT Id, FirstName, LastName FROM User WHERE Id = :tmpVar1 LIMIT 1
08:30:16.60 (69195182)|SOQL_EXECUTE_END|[151]|Rows:1
08:30:16.60 (69219629)|HEAP_ALLOCATE|[151]|Bytes:8
08:30:16.60 (69237228)|HEAP_ALLOCATE|[151]|Bytes:69
08:30:16.60 (69305850)|HEAP_ALLOCATE|[151]|Bytes:8
08:30:16.60 (69316525)|HEAP_ALLOCATE|[151]|Bytes:30
08:30:16.60 (69396296)|HEAP_ALLOCATE|[151]|Bytes:16
08:30:16.60 (69409976)|VARIABLE_SCOPE_BEGIN|[151]|user|User|true|false
08:30:16.60 (69447427)|VARIABLE_ASSIGNMENT|[151]|user|{"s":1,"v":{"Id":"005B0000001VpZRIA0","FirstName":"Rodrigo","LastName":"Reboucas"}}|0x9d2df6c
08:30:16.60 (69451966)|STATEMENT_EXECUTE|[152]
08:30:16.60 (69460946)|SYSTEM_MODE_EXIT|false
08:30:16.69 (69494727)|CUMULATIVE_LIMIT_USAGE
08:30:16.69 (69494727)|LIMIT_USAGE_FOR_NS|(default)|
  Number of SOQL queries: 0 out of 100
  Number of query rows: 0 out of 50000
  Number of SOSL queries: 0 out of 20
  Number of DML statements: 0 out of 150
  Number of DML rows: 0 out of 10000
  Maximum CPU time: 0 out of 10000
  Maximum heap size: 0 out of 6000000
  Number of callouts: 0 out of 100
  Number of Email Invocations: 0 out of 10
  Number of future calls: 0 out of 50
  Number of queueable jobs added to the queue: 0 out of 50
  Number of Mobile Apex push calls: 0 out of 10

08:30:16.69 (69494727)|LIMIT_USAGE_FOR_NS|testautonumdata|
  Number of SOQL queries: 2 out of 100
  Number of query rows: 9 out of 50000
  Number of SOSL queries: 0 out of 20
  Number of DML statements: 0 out of 150
  Number of DML rows: 0 out of 10000
  Maximum CPU time: 0 out of 10000
  Maximum heap size: 0 out of 6000000
  Number of callouts: 0 out of 100
  Number of Email Invocations: 0 out of 10
  Number of future calls: 0 out of 50
  Number of queueable jobs added to the queue: 0 out of 50
  Number of Mobile Apex push calls: 0 out of 10

08:30:16.69 (69494727)|CUMULATIVE_LIMIT_USAGE_END

