38.0 APEX_CODE,FINEST;APEX_PROFILING,INFO;CALLOUT,INFO;DB,INFO;SYSTEM,DEBUG;VALIDATION,INFO;VISUALFORCE,INFO;WORKFLOW,INFO
13:37:56.0 (545718)|USER_INFO|[EXTERNAL]|005B0000001VpZR|rreboucas-yi5c@force.com|Pacific Standard Time|GMT-07:00
13:37:56.2 (2656333)|CODE_UNIT_STARTED|[EXTERNAL]|01pB0000000r382|Twitter_Lightning_Controller.getRecordDetails
13:37:56.2 (2747909)|VARIABLE_SCOPE_BEGIN|[3]|Twitter_Lightning_Controller.mapObjectsFields|Map<String,Set<String>>|true|true
13:37:56.2 (2821984)|HEAP_ALLOCATE|[EXTERNAL]|Bytes:384
13:37:56.2 (2834694)|HEAP_ALLOCATE|[EXTERNAL]|Bytes:56
13:37:56.2 (2839599)|HEAP_ALLOCATE|[EXTERNAL]|Bytes:114
13:37:56.2 (2859926)|METHOD_ENTRY|[1]|01pB0000000r382|Twitter_Lightning_Controller.Twitter_Lightning_Controller()
13:37:56.2 (2866940)|STATEMENT_EXECUTE|[1]
13:37:56.2 (2875966)|STATEMENT_EXECUTE|[1]
13:37:56.2 (2923431)|HEAP_ALLOCATE|[50]|Bytes:5
13:37:56.2 (2956357)|HEAP_ALLOCATE|[56]|Bytes:5
13:37:56.2 (2969668)|HEAP_ALLOCATE|[64]|Bytes:7
13:37:56.2 (3018742)|SYSTEM_MODE_ENTER|false
13:37:56.2 (3052367)|HEAP_ALLOCATE|[3]|Bytes:5
13:37:56.2 (3064668)|STATEMENT_EXECUTE|[3]
13:37:56.2 (3120588)|VARIABLE_ASSIGNMENT|[3]|Twitter_Lightning_Controller.mapObjectsFields|null|
13:37:56.2 (3132763)|SYSTEM_MODE_EXIT|false
13:37:56.2 (3148681)|METHOD_EXIT|[1]|Twitter_Lightning_Controller
13:37:56.2 (3157045)|HEAP_ALLOCATE|[EXTERNAL]|Bytes:18
13:37:56.2 (3160966)|HEAP_ALLOCATE|[EXTERNAL]|Bytes:29
13:37:56.2 (3163475)|HEAP_ALLOCATE|[EXTERNAL]|Bytes:30
13:37:56.2 (3171522)|SYSTEM_MODE_ENTER|false
13:37:56.2 (3187063)|VARIABLE_SCOPE_BEGIN|[82]|recordID|String|false|false
13:37:56.2 (3208192)|VARIABLE_ASSIGNMENT|[82]|recordID|"a0MB0000000cQXFMA2"
13:37:56.2 (3213871)|VARIABLE_SCOPE_BEGIN|[82]|objectApiName|String|false|false
13:37:56.2 (3227186)|VARIABLE_ASSIGNMENT|[82]|objectApiName|"testautonumdata__Can (9 more) ..."
13:37:56.2 (3232160)|VARIABLE_SCOPE_BEGIN|[82]|twitterIDFieldApiName|String|false|false
13:37:56.2 (3243365)|VARIABLE_ASSIGNMENT|[82]|twitterIDFieldApiName|"testautonumdata__Twi (10 more) ..."
13:37:56.2 (3248190)|VARIABLE_SCOPE_BEGIN|[82]|firstName|String|false|false
13:37:56.2 (3258131)|VARIABLE_ASSIGNMENT|[82]|firstName|null
13:37:56.2 (3262759)|VARIABLE_SCOPE_BEGIN|[82]|lastName|String|false|false
13:37:56.2 (3272122)|VARIABLE_ASSIGNMENT|[82]|lastName|null
13:37:56.2 (3276596)|VARIABLE_SCOPE_BEGIN|[82]|companyName|String|false|false
13:37:56.2 (3285925)|VARIABLE_ASSIGNMENT|[82]|companyName|null
13:37:56.2 (3290519)|VARIABLE_SCOPE_BEGIN|[82]|email|String|false|false
13:37:56.2 (3299766)|VARIABLE_ASSIGNMENT|[82]|email|null
13:37:56.2 (3315897)|HEAP_ALLOCATE|[84]|Bytes:5
13:37:56.2 (3324035)|STATEMENT_EXECUTE|[82]
13:37:56.2 (3326506)|STATEMENT_EXECUTE|[84]
13:37:56.2 (3334802)|VARIABLE_SCOPE_BEGIN|[84]|hasTwitterMemberID|Boolean|false|false
13:37:56.2 (3340591)|HEAP_ALLOCATE|[84]|Bytes:5
13:37:56.2 (3355759)|VARIABLE_ASSIGNMENT|[84]|hasTwitterMemberID|false
13:37:56.2 (3359748)|STATEMENT_EXECUTE|[85]
13:37:56.2 (3366585)|HEAP_ALLOCATE|[85]|Bytes:64
13:37:56.2 (3388171)|CONSTRUCTOR_ENTRY|[85]|01pB0000000r382|<init>()
13:37:56.2 (3430087)|VARIABLE_SCOPE_BEGIN|[1]|this|testautonumdata.Twitter_Lightning_Controller|true|false
13:37:56.2 (3578845)|VARIABLE_ASSIGNMENT|[1]|this|{}|0x2453312a
13:37:56.2 (3589957)|HEAP_ALLOCATE|[EXTERNAL]|Bytes:5
13:37:56.2 (3602123)|HEAP_ALLOCATE|[EXTERNAL]|Bytes:6
13:37:56.2 (3631379)|STATEMENT_EXECUTE|[1]
13:37:56.2 (3638355)|HEAP_ALLOCATE|[EXTERNAL]|Bytes:5
13:37:56.2 (3643432)|STATEMENT_EXECUTE|[6]
13:37:56.2 (3645734)|STATEMENT_EXECUTE|[8]
13:37:56.2 (3647692)|STATEMENT_EXECUTE|[10]
13:37:56.2 (3649597)|STATEMENT_EXECUTE|[12]
13:37:56.2 (3651330)|STATEMENT_EXECUTE|[14]
13:37:56.2 (3653313)|STATEMENT_EXECUTE|[16]
13:37:56.2 (3655152)|STATEMENT_EXECUTE|[18]
13:37:56.2 (3656979)|STATEMENT_EXECUTE|[20]
13:37:56.2 (3658688)|STATEMENT_EXECUTE|[22]
13:37:56.2 (3660482)|STATEMENT_EXECUTE|[24]
13:37:56.2 (3662640)|STATEMENT_EXECUTE|[26]
13:37:56.2 (3664592)|STATEMENT_EXECUTE|[28]
13:37:56.2 (3666415)|STATEMENT_EXECUTE|[30]
13:37:56.2 (3668209)|STATEMENT_EXECUTE|[32]
13:37:56.2 (3669937)|STATEMENT_EXECUTE|[34]
13:37:56.2 (3683570)|CONSTRUCTOR_EXIT|[85]|01pB0000000r382|<init>()
13:37:56.2 (3690297)|VARIABLE_SCOPE_BEGIN|[85]|returnRec|testautonumdata.Twitter_Lightning_Controller|true|false
13:37:56.2 (3737578)|VARIABLE_ASSIGNMENT|[85]|returnRec|{}|0x2453312a
13:37:56.2 (3742386)|STATEMENT_EXECUTE|[88]
13:37:56.2 (3750437)|HEAP_ALLOCATE|[88]|Bytes:4
13:37:56.2 (3804815)|VARIABLE_ASSIGNMENT|[88]|Twitter_Lightning_Controller.mapObjectsFields|{"s":1,"v":{}}|0x31339445
13:37:56.2 (3830479)|ENTERING_MANAGED_PKG|
13:37:56.2 (3879025)|STATEMENT_EXECUTE|[91]
13:37:56.2 (3889334)|STATEMENT_EXECUTE|[92]
13:37:56.2 (3894451)|HEAP_ALLOCATE|[92]|Bytes:9
13:37:56.2 (3903824)|VARIABLE_SCOPE_BEGIN|[92]|soql|String|false|false
13:37:56.2 (3920884)|VARIABLE_ASSIGNMENT|[92]|soql|"Select id"
13:37:56.2 (3924492)|STATEMENT_EXECUTE|[93]
13:37:56.2 (3928462)|HEAP_ALLOCATE|[93]|Bytes:2
13:37:56.2 (4803353)|HEAP_ALLOCATE|[93]|Bytes:19
13:37:56.2 (4815326)|HEAP_ALLOCATE|[93]|Bytes:28
13:37:56.2 (4833187)|METHOD_ENTRY|[1]|01pB0000000ljzx|Sparkle_Helper.Sparkle_Helper()
13:37:56.2 (4839200)|STATEMENT_EXECUTE|[1]
13:37:56.2 (4844604)|STATEMENT_EXECUTE|[1]
13:37:56.2 (4852128)|HEAP_ALLOCATE|[93]|Bytes:5
13:37:56.2 (4866920)|METHOD_EXIT|[1]|Sparkle_Helper
13:37:56.2 (4894951)|METHOD_ENTRY|[93]|01pB0000000ljzx|testautonumdata.Sparkle_Helper.AddFieldToObjectsMap(String, String, Map<String,Set<String>>)
13:37:56.2 (4921883)|VARIABLE_SCOPE_BEGIN|[107]|fieldName|String|false|false
13:37:56.2 (4938637)|VARIABLE_ASSIGNMENT|[107]|fieldName|"Id"
13:37:56.2 (4943978)|VARIABLE_SCOPE_BEGIN|[107]|initialObjectName|String|false|false
13:37:56.2 (4956173)|VARIABLE_ASSIGNMENT|[107]|initialObjectName|"testautonumdata__Can (9 more) ..."
13:37:56.2 (4961474)|VARIABLE_SCOPE_BEGIN|[107]|theMap|Map<String,Set<String>>|true|false
13:37:56.2 (4983362)|VARIABLE_ASSIGNMENT|[107]|theMap|{"s":1,"v":{}}|0x31339445
13:37:56.2 (4994197)|HEAP_ALLOCATE|[109]|Bytes:5
13:37:56.2 (5002747)|STATEMENT_EXECUTE|[108]
13:37:56.2 (5008008)|HEAP_ALLOCATE|[109]|Bytes:1
13:37:56.2 (5029551)|ENTERING_MANAGED_PKG|
13:37:56.2 (5077749)|STATEMENT_EXECUTE|[150]
13:37:56.2 (5095442)|METHOD_ENTRY|[150]|01pB0000000ljzx|testautonumdata.Sparkle_Helper.AddFieldToMap(String, String, Map<String,Set<String>>)
13:37:56.2 (5122142)|VARIABLE_SCOPE_BEGIN|[157]|fieldName|String|false|false
13:37:56.2 (5137922)|VARIABLE_ASSIGNMENT|[157]|fieldName|"Id"
13:37:56.2 (5143172)|VARIABLE_SCOPE_BEGIN|[157]|ObjectName|String|false|false
13:37:56.2 (5155040)|VARIABLE_ASSIGNMENT|[157]|ObjectName|"testautonumdata__Can (9 more) ..."
13:37:56.2 (5160164)|VARIABLE_SCOPE_BEGIN|[157]|theMap|Map<String,Set<String>>|true|false
13:37:56.2 (5180994)|VARIABLE_ASSIGNMENT|[157]|theMap|{"s":1,"v":{}}|0x31339445
13:37:56.2 (5191983)|HEAP_ALLOCATE|[160]|Bytes:5
13:37:56.2 (5199804)|STATEMENT_EXECUTE|[158]
13:37:56.2 (5214996)|ENTERING_MANAGED_PKG|
13:37:56.2 (5255782)|STATEMENT_EXECUTE|[167]
13:37:56.2 (5259677)|STATEMENT_EXECUTE|[168]
13:37:56.2 (5304452)|HEAP_ALLOCATE|[168]|Bytes:4
13:37:56.2 (5326530)|ENTERING_MANAGED_PKG|
13:37:56.2 (5361205)|VARIABLE_SCOPE_BEGIN|[168]|newFieldSet|Set<String>|true|false
13:37:56.2 (5415742)|VARIABLE_ASSIGNMENT|[168]|newFieldSet|{"s":1,"v":[]}|0x52eb4365
13:37:56.2 (5421612)|STATEMENT_EXECUTE|[169]
13:37:56.2 (5435278)|ENTERING_MANAGED_PKG|
13:37:56.2 (5466209)|HEAP_ALLOCATE|[EXTERNAL]|Bytes:4
13:37:56.2 (5477909)|STATEMENT_EXECUTE|[170]
13:37:56.2 (5487981)|ENTERING_MANAGED_PKG|
13:37:56.2 (5526142)|HEAP_ALLOCATE|[EXTERNAL]|Bytes:-4
13:37:56.2 (5545725)|METHOD_EXIT|[150]|01pB0000000ljzx|testautonumdata.Sparkle_Helper.AddFieldToMap(String, String, Map<String,Set<String>>)
13:37:56.2 (5556671)|METHOD_EXIT|[93]|01pB0000000ljzx|testautonumdata.Sparkle_Helper.AddFieldToObjectsMap(String, String, Map<String,Set<String>>)
13:37:56.2 (5562335)|STATEMENT_EXECUTE|[95]
13:37:56.2 (5564927)|STATEMENT_EXECUTE|[96]
13:37:56.2 (5569409)|HEAP_ALLOCATE|[96]|Bytes:2
13:37:56.2 (5589948)|ENTERING_MANAGED_PKG|
13:37:56.2 (5614431)|HEAP_ALLOCATE|[96]|Bytes:30
13:37:56.2 (5639408)|HEAP_ALLOCATE|[96]|Bytes:32
13:37:56.2 (5647828)|HEAP_ALLOCATE|[96]|Bytes:41
13:37:56.2 (5666651)|VARIABLE_ASSIGNMENT|[96]|soql|"Select id, testauton (21 more) ..."
13:37:56.2 (5671247)|STATEMENT_EXECUTE|[97]
13:37:56.2 (5683509)|METHOD_ENTRY|[97]|01pB0000000ljzx|testautonumdata.Sparkle_Helper.AddFieldToObjectsMap(String, String, Map<String,Set<String>>)
13:37:56.2 (5703967)|VARIABLE_SCOPE_BEGIN|[107]|fieldName|String|false|false
13:37:56.2 (5719424)|VARIABLE_ASSIGNMENT|[107]|fieldName|"testautonumdata__Twi (10 more) ..."
13:37:56.2 (5723658)|VARIABLE_SCOPE_BEGIN|[107]|initialObjectName|String|false|false
13:37:56.2 (5734295)|VARIABLE_ASSIGNMENT|[107]|initialObjectName|"testautonumdata__Can (9 more) ..."
13:37:56.2 (5737933)|VARIABLE_SCOPE_BEGIN|[107]|theMap|Map<String,Set<String>>|true|false
13:37:56.2 (5764958)|VARIABLE_ASSIGNMENT|[107]|theMap|{"s":1,"v":{"testautonumdata__Can (9 more) ...":{"s":2,"v":["Id"]}}}|0x31339445
13:37:56.2 (5776188)|HEAP_ALLOCATE|[109]|Bytes:5
13:37:56.2 (5783810)|STATEMENT_EXECUTE|[108]
13:37:56.2 (5798075)|ENTERING_MANAGED_PKG|
13:37:56.2 (5806957)|STATEMENT_EXECUTE|[150]
13:37:56.2 (5817107)|METHOD_ENTRY|[150]|01pB0000000ljzx|testautonumdata.Sparkle_Helper.AddFieldToMap(String, String, Map<String,Set<String>>)
13:37:56.2 (5823968)|VARIABLE_SCOPE_BEGIN|[157]|fieldName|String|false|false
13:37:56.2 (5839122)|VARIABLE_ASSIGNMENT|[157]|fieldName|"testautonumdata__Twi (10 more) ..."
13:37:56.2 (5843073)|VARIABLE_SCOPE_BEGIN|[157]|ObjectName|String|false|false
13:37:56.2 (5853344)|VARIABLE_ASSIGNMENT|[157]|ObjectName|"testautonumdata__Can (9 more) ..."
13:37:56.2 (5857001)|VARIABLE_SCOPE_BEGIN|[157]|theMap|Map<String,Set<String>>|true|false
13:37:56.2 (5886270)|VARIABLE_ASSIGNMENT|[157]|theMap|{"s":1,"v":{"testautonumdata__Can (9 more) ...":{"s":2,"v":["Id"]}}}|0x31339445
13:37:56.2 (5896823)|HEAP_ALLOCATE|[160]|Bytes:5
13:37:56.2 (5904373)|STATEMENT_EXECUTE|[158]
13:37:56.2 (5912684)|ENTERING_MANAGED_PKG|
13:37:56.2 (5920453)|STATEMENT_EXECUTE|[161]
13:37:56.2 (5923224)|STATEMENT_EXECUTE|[162]
13:37:56.2 (5929856)|ENTERING_MANAGED_PKG|
13:37:56.2 (5971074)|VARIABLE_SCOPE_BEGIN|[162]|existingFieldSet|Set<String>|true|false
13:37:56.2 (5997622)|VARIABLE_ASSIGNMENT|[162]|existingFieldSet|{"s":1,"v":["Id"]}|0x52eb4365
13:37:56.2 (6002827)|STATEMENT_EXECUTE|[163]
13:37:56.2 (6012526)|ENTERING_MANAGED_PKG|
13:37:56.2 (6039304)|HEAP_ALLOCATE|[EXTERNAL]|Bytes:4
13:37:56.2 (6050392)|STATEMENT_EXECUTE|[164]
13:37:56.2 (6059164)|ENTERING_MANAGED_PKG|
13:37:56.2 (6108008)|METHOD_EXIT|[150]|01pB0000000ljzx|testautonumdata.Sparkle_Helper.AddFieldToMap(String, String, Map<String,Set<String>>)
13:37:56.2 (6119502)|METHOD_EXIT|[97]|01pB0000000ljzx|testautonumdata.Sparkle_Helper.AddFieldToObjectsMap(String, String, Map<String,Set<String>>)
13:37:56.2 (6125385)|STATEMENT_EXECUTE|[100]
13:37:56.2 (6128437)|STATEMENT_EXECUTE|[105]
13:37:56.2 (6130754)|STATEMENT_EXECUTE|[110]
13:37:56.2 (6133060)|STATEMENT_EXECUTE|[115]
13:37:56.2 (6134963)|STATEMENT_EXECUTE|[121]
13:37:56.2 (6140244)|HEAP_ALLOCATE|[121]|Bytes:6
13:37:56.2 (6157464)|ENTERING_MANAGED_PKG|
13:37:56.2 (6179837)|HEAP_ALLOCATE|[121]|Bytes:29
13:37:56.2 (6199268)|HEAP_ALLOCATE|[121]|Bytes:35
13:37:56.2 (6207073)|HEAP_ALLOCATE|[121]|Bytes:76
13:37:56.2 (6225602)|VARIABLE_ASSIGNMENT|[121]|soql|"Select id, testauton (56 more) ..."
13:37:56.2 (6229904)|STATEMENT_EXECUTE|[123]
13:37:56.2 (6234565)|HEAP_ALLOCATE|[123]|Bytes:12
13:37:56.2 (6249023)|ENTERING_MANAGED_PKG|
13:37:56.2 (6285802)|HEAP_ALLOCATE|[123]|Bytes:18
13:37:56.2 (6313181)|HEAP_ALLOCATE|[123]|Bytes:1
13:37:56.2 (6335429)|HEAP_ALLOCATE|[123]|Bytes:31
13:37:56.2 (6351312)|HEAP_ALLOCATE|[123]|Bytes:107
13:37:56.2 (6382848)|VARIABLE_ASSIGNMENT|[123]|soql|"Select id, testauton (87 more) ..."
13:37:56.2 (6390514)|STATEMENT_EXECUTE|[126]
13:37:56.2 (6398438)|HEAP_ALLOCATE|[126]|Bytes:8
13:37:56.2 (6414654)|HEAP_ALLOCATE|[126]|Bytes:115
13:37:56.2 (6441092)|VARIABLE_ASSIGNMENT|[126]|soql|"Select id, testauton (95 more) ..."
13:37:56.2 (6446114)|STATEMENT_EXECUTE|[128]
13:37:56.2 (6451257)|HEAP_ALLOCATE|[128]|Bytes:15
13:37:56.2 (6461268)|HEAP_ALLOCATE|[128]|Bytes:130
13:37:56.2 (6494206)|ENTERING_MANAGED_PKG|
13:37:56.2 (6532642)|USER_DEBUG|[128]|DEBUG|######## soql: Select id, testautonumdata__Twitter_ID__c FROM testautonumdata__Candidate__c WHERE id ='a0MB0000000cQXFMA2' limit 1
13:37:56.2 (6554560)|METHOD_ENTRY|[132]|01pB0000000ljzx|testautonumdata.Sparkle_Helper.UserHasAccessToObjectsAndFields(Map<String,Set<String>>)
13:37:56.2 (6577855)|VARIABLE_SCOPE_BEGIN|[175]|theMap|Map<String,Set<String>>|true|false
13:37:56.2 (6611531)|VARIABLE_ASSIGNMENT|[175]|theMap|{"s":1,"v":{"testautonumdata__Can (9 more) ...":{"s":2,"v":["Id","testautonumdata__Twi (10 more) ..."]}}}|0x31339445
13:37:56.2 (6623920)|HEAP_ALLOCATE|[177]|Bytes:5
13:37:56.2 (6632328)|STATEMENT_EXECUTE|[176]
13:37:56.2 (6634819)|STATEMENT_EXECUTE|[177]
13:37:56.2 (6639958)|VARIABLE_SCOPE_BEGIN|[177]|hasAccess|Boolean|false|false
13:37:56.2 (6645889)|HEAP_ALLOCATE|[177]|Bytes:5
13:37:56.2 (6660239)|VARIABLE_ASSIGNMENT|[177]|hasAccess|true
13:37:56.2 (6671003)|ENTERING_MANAGED_PKG|
13:37:56.2 (6701556)|STATEMENT_EXECUTE|[180]
13:37:56.2 (6705522)|STATEMENT_EXECUTE|[181]
13:37:56.2 (6709981)|HEAP_ALLOCATE|[181]|Bytes:17
13:37:56.2 (6731454)|ENTERING_MANAGED_PKG|
13:37:56.2 (6769243)|HEAP_ALLOCATE|[181]|Bytes:68
13:37:56.2 (6788372)|HEAP_ALLOCATE|[181]|Bytes:85
13:37:56.2 (6801436)|ENTERING_MANAGED_PKG|
13:37:56.2 (6809772)|USER_DEBUG|[181]|DEBUG|######## theMap: {testautonumdata__Candidate__c={Id, testautonumdata__Twitter_ID__c}}
13:37:56.2 (6827478)|HEAP_ALLOCATE|[182]|Bytes:4
13:37:56.2 (6843125)|ENTERING_MANAGED_PKG|
13:37:56.2 (6873596)|ENTERING_MANAGED_PKG|
13:37:56.2 (6894398)|HEAP_ALLOCATE|[182]|Bytes:37
13:37:56.2 (6914494)|ENTERING_MANAGED_PKG|
13:37:56.2 (6920733)|HEAP_ALLOCATE|[182]|Bytes:4
13:37:56.2 (6935566)|ENTERING_MANAGED_PKG|
13:37:56.2 (6999807)|HEAP_ALLOCATE|[182]|Bytes:5
13:37:56.2 (7024570)|VARIABLE_SCOPE_BEGIN|[182]|objectName|String|false|false
13:37:56.2 (7044083)|VARIABLE_ASSIGNMENT|[182]|objectName|"testautonumdata__Can (9 more) ..."
13:37:56.2 (7050021)|STATEMENT_EXECUTE|[183]
13:37:56.2 (7054233)|STATEMENT_EXECUTE|[184]
13:37:56.2 (7061024)|HEAP_ALLOCATE|[184]|Bytes:21
13:37:56.2 (7076509)|HEAP_ALLOCATE|[184]|Bytes:50
13:37:56.2 (7097033)|ENTERING_MANAGED_PKG|
13:37:56.2 (7126173)|USER_DEBUG|[184]|DEBUG|######## objectName: testautonumdata__Candidate__c
13:37:56.2 (7137092)|STATEMENT_EXECUTE|[185]
13:37:56.2 (7156866)|ENTERING_MANAGED_PKG|
13:37:56.2 (27493706)|HEAP_ALLOCATE|[185]|Bytes:1652
13:37:56.2 (27566245)|ENTERING_MANAGED_PKG|
13:37:56.2 (27751407)|HEAP_ALLOCATE|[185]|Bytes:4
13:37:56.2 (27773555)|VARIABLE_SCOPE_BEGIN|[185]|sObj|SObject|true|false
13:37:56.2 (27824337)|VARIABLE_ASSIGNMENT|[185]|sObj|{}|0x42b0c27b
13:37:56.2 (27832077)|STATEMENT_EXECUTE|[186]
13:37:56.2 (27876785)|ENTERING_MANAGED_PKG|
13:37:56.2 (28366278)|HEAP_ALLOCATE|[186]|Bytes:4
13:37:56.2 (29097381)|HEAP_ALLOCATE|[186]|Bytes:140
13:37:56.2 (29114682)|VARIABLE_SCOPE_BEGIN|[186]|m|Map<String,Schema.SObjectField>|true|false
13:37:56.2 (29487908)|VARIABLE_ASSIGNMENT|[186]|m|"{createdbyid=CreatedById, createddate=CreatedDate, id=Id, isdeleted=IsDeleted, lastactivitydate=LastActivityDate, lastmodifiedbyid=LastModifiedById, lastmodifieddate=LastModifiedDate, lastreferenceddate=LastReferencedDate, lastvieweddate=LastViewedDate, name=Name, ...}"|0x5f5e48b3
13:37:56.2 (29496976)|STATEMENT_EXECUTE|[187]
13:37:56.2 (29512216)|ENTERING_MANAGED_PKG|
13:37:56.2 (29566143)|VARIABLE_SCOPE_BEGIN|[187]|objectFieldSet|Set<String>|true|false
13:37:56.2 (29609783)|VARIABLE_ASSIGNMENT|[187]|objectFieldSet|{"s":1,"v":["Id","testautonumdata__Twi (10 more) ..."]}|0x52eb4365
13:37:56.2 (29624375)|HEAP_ALLOCATE|[189]|Bytes:4
13:37:56.2 (29643251)|ENTERING_MANAGED_PKG|
13:37:56.2 (29694827)|ENTERING_MANAGED_PKG|
13:37:56.2 (29704493)|HEAP_ALLOCATE|[189]|Bytes:8
13:37:56.2 (29718456)|ENTERING_MANAGED_PKG|
13:37:56.2 (29751865)|HEAP_ALLOCATE|[189]|Bytes:5
13:37:56.2 (29780991)|VARIABLE_SCOPE_BEGIN|[189]|fieldToCheck|String|false|false
13:37:56.2 (29799580)|VARIABLE_ASSIGNMENT|[189]|fieldToCheck|"Id"
13:37:56.2 (29804881)|STATEMENT_EXECUTE|[189]
13:37:56.2 (29807378)|STATEMENT_EXECUTE|[190]
13:37:56.2 (29813442)|HEAP_ALLOCATE|[190]|Bytes:23
13:37:56.2 (29828657)|HEAP_ALLOCATE|[190]|Bytes:25
13:37:56.2 (29853791)|ENTERING_MANAGED_PKG|
13:37:56.2 (29893958)|USER_DEBUG|[190]|DEBUG|######## fieldToCheck: Id
13:37:56.2 (29913570)|ENTERING_MANAGED_PKG|
13:37:56.2 (30214079)|HEAP_ALLOCATE|[192]|Bytes:8
13:37:56.2 (30247472)|STATEMENT_EXECUTE|[192]
13:37:56.2 (30251734)|STATEMENT_EXECUTE|[199]
13:37:56.2 (30256174)|HEAP_ALLOCATE|[199]|Bytes:35
13:37:56.2 (30269512)|HEAP_ALLOCATE|[199]|Bytes:37
13:37:56.2 (30282971)|ENTERING_MANAGED_PKG|
13:37:56.2 (30307995)|USER_DEBUG|[199]|DEBUG|######## User has access to field: Id
13:37:56.2 (30327461)|HEAP_ALLOCATE|[189]|Bytes:5
13:37:56.2 (30345520)|VARIABLE_SCOPE_BEGIN|[189]|fieldToCheck|String|false|false
13:37:56.2 (30365373)|VARIABLE_ASSIGNMENT|[189]|fieldToCheck|"testautonumdata__Twi (10 more) ..."
13:37:56.2 (30370398)|STATEMENT_EXECUTE|[189]
13:37:56.2 (30372572)|STATEMENT_EXECUTE|[190]
13:37:56.2 (30379421)|HEAP_ALLOCATE|[190]|Bytes:53
13:37:56.2 (30391952)|ENTERING_MANAGED_PKG|
13:37:56.2 (30399452)|USER_DEBUG|[190]|DEBUG|######## fieldToCheck: testautonumdata__Twitter_ID__c
13:37:56.2 (30410503)|ENTERING_MANAGED_PKG|
13:37:56.2 (30846174)|HEAP_ALLOCATE|[192]|Bytes:8
13:37:56.2 (30874974)|STATEMENT_EXECUTE|[192]
13:37:56.2 (30880784)|STATEMENT_EXECUTE|[199]
13:37:56.2 (30891228)|HEAP_ALLOCATE|[199]|Bytes:65
13:37:56.2 (30910549)|ENTERING_MANAGED_PKG|
13:37:56.2 (30920168)|USER_DEBUG|[199]|DEBUG|######## User has access to field: testautonumdata__Twitter_ID__c
13:37:56.2 (30939300)|HEAP_ALLOCATE|[189]|Bytes:5
13:37:56.2 (30965829)|VARIABLE_ASSIGNMENT|[189]|fieldToCheck|null
13:37:56.2 (30979835)|HEAP_ALLOCATE|[182]|Bytes:5
13:37:56.2 (31001067)|VARIABLE_ASSIGNMENT|[182]|objectName|null
13:37:56.2 (31007711)|STATEMENT_EXECUTE|[206]
13:37:56.2 (31013060)|HEAP_ALLOCATE|[206]|Bytes:5
13:37:56.2 (31037727)|METHOD_EXIT|[132]|01pB0000000ljzx|testautonumdata.Sparkle_Helper.UserHasAccessToObjectsAndFields(Map<String,Set<String>>)
13:37:56.2 (31045185)|STATEMENT_EXECUTE|[133]
13:37:56.2 (31047593)|STATEMENT_EXECUTE|[135]
13:37:56.2 (31072960)|ENTERING_MANAGED_PKG|
13:37:56.2 (31109198)|HEAP_ALLOCATE|[135]|Bytes:5
13:37:56.2 (31442436)|SOQL_EXECUTE_BEGIN|[135]|Aggregations:0|Select id, testautonumdata__Twitter_ID__c FROM testautonumdata__Candidate__c WHERE id ='a0MB0000000cQXFMA2' limit 1
13:37:56.2 (34280846)|SOQL_EXECUTE_END|[135]|Rows:1
13:37:56.2 (34315167)|HEAP_ALLOCATE|[135]|Bytes:8
13:37:56.2 (34335030)|HEAP_ALLOCATE|[135]|Bytes:69
13:37:56.2 (34403514)|HEAP_ALLOCATE|[135]|Bytes:8
13:37:56.2 (34426401)|VARIABLE_SCOPE_BEGIN|[135]|lstQueriedRecords|List<SObject>|true|false
13:37:56.2 (34472483)|VARIABLE_ASSIGNMENT|[135]|lstQueriedRecords|{"s":1,"v":[{"s":2,"v":{"Id":"a0MB0000000cQXFMA2","testautonumdata__Twi (10 more) ...":"@roreb"}}]}|0x439f0468
13:37:56.2 (34548246)|ENTERING_MANAGED_PKG|
13:37:56.2 (34582395)|STATEMENT_EXECUTE|[137]
13:37:56.2 (34586600)|STATEMENT_EXECUTE|[138]
13:37:56.2 (34710476)|VARIABLE_ASSIGNMENT|[EXTERNAL]|this|{}|0x2453312a
13:37:56.2 (34740238)|VARIABLE_ASSIGNMENT|[EXTERNAL]|value|true
13:37:56.2 (34751602)|HEAP_ALLOCATE|[12]|Bytes:5
13:37:56.2 (34780397)|VARIABLE_ASSIGNMENT|[12]|this.hasTwitterMemberID|true|0x2453312a
13:37:56.2 (34791724)|STATEMENT_EXECUTE|[139]
13:37:56.2 (34823421)|HEAP_ALLOCATE|[139]|Bytes:12
13:37:56.2 (34838262)|VARIABLE_SCOPE_BEGIN|[139]|e|SObject|true|false
13:37:56.2 (34867501)|VARIABLE_ASSIGNMENT|[139]|e|{"s":1,"v":{"Id":"a0MB0000000cQXFMA2","testautonumdata__Twi (10 more) ...":"@roreb"}}|0x5814c2e4
13:37:56.2 (34876325)|STATEMENT_EXECUTE|[142]
13:37:56.2 (34880037)|STATEMENT_EXECUTE|[143]
13:37:56.2 (34886922)|HEAP_ALLOCATE|[143]|Bytes:2
13:37:56.2 (34908902)|METHOD_ENTRY|[143]|01pB0000000ljzx|testautonumdata.Sparkle_Helper.GetSobjectField(SObject, String)
13:37:56.2 (34936562)|VARIABLE_SCOPE_BEGIN|[78]|e|SObject|true|false
13:37:56.2 (34962523)|VARIABLE_ASSIGNMENT|[78]|e|{"s":1,"v":{"Id":"a0MB0000000cQXFMA2","testautonumdata__Twi (10 more) ...":"@roreb"}}|0x5814c2e4
13:37:56.2 (34969815)|VARIABLE_SCOPE_BEGIN|[78]|lcfield|String|false|false
13:37:56.2 (34981702)|VARIABLE_ASSIGNMENT|[78]|lcfield|"id"
13:37:56.2 (34994001)|HEAP_ALLOCATE|[81]|Bytes:5
13:37:56.2 (35002299)|STATEMENT_EXECUTE|[79]
13:37:56.2 (35005576)|STATEMENT_EXECUTE|[81]
13:37:56.2 (35012281)|VARIABLE_SCOPE_BEGIN|[81]|returnValue|String|false|false
13:37:56.2 (35026410)|VARIABLE_ASSIGNMENT|[81]|returnValue|""
13:37:56.2 (35044921)|ENTERING_MANAGED_PKG|
13:37:56.2 (35095402)|STATEMENT_EXECUTE|[98]
13:37:56.2 (35113965)|ENTERING_MANAGED_PKG|
13:37:56.2 (35175430)|HEAP_ALLOCATE|[98]|Bytes:4
13:37:56.2 (35200213)|ENTERING_MANAGED_PKG|
13:37:56.2 (35206445)|HEAP_ALLOCATE|[98]|Bytes:18
13:37:56.2 (35231072)|VARIABLE_ASSIGNMENT|[98]|returnValue|"a0MB0000000cQXFMA2"
13:37:56.2 (35236396)|STATEMENT_EXECUTE|[100]
13:37:56.2 (35249268)|METHOD_EXIT|[143]|01pB0000000ljzx|testautonumdata.Sparkle_Helper.GetSobjectField(SObject, String)
13:37:56.2 (35328457)|VARIABLE_ASSIGNMENT|[EXTERNAL]|this|{"hasTwitterMemberID":true}|0x2453312a
13:37:56.2 (35345009)|VARIABLE_ASSIGNMENT|[EXTERNAL]|value|"a0MB0000000cQXFMA2"
13:37:56.2 (35369297)|VARIABLE_ASSIGNMENT|[6]|this.salesforceRecordID|"a0MB0000000cQXFMA2"|0x2453312a
13:37:56.2 (35380578)|STATEMENT_EXECUTE|[145]
13:37:56.2 (35384037)|STATEMENT_EXECUTE|[149]
13:37:56.2 (35386575)|STATEMENT_EXECUTE|[153]
13:37:56.2 (35388815)|STATEMENT_EXECUTE|[158]
13:37:56.2 (35390977)|STATEMENT_EXECUTE|[164]
13:37:56.2 (35392818)|STATEMENT_EXECUTE|[165]
13:37:56.2 (35402953)|METHOD_ENTRY|[165]|01pB0000000ljzx|testautonumdata.Sparkle_Helper.GetSobjectField(SObject, String)
13:37:56.2 (35424398)|VARIABLE_SCOPE_BEGIN|[78]|e|SObject|true|false
13:37:56.2 (35450009)|VARIABLE_ASSIGNMENT|[78]|e|{"s":1,"v":{"Id":"a0MB0000000cQXFMA2","testautonumdata__Twi (10 more) ...":"@roreb"}}|0x5814c2e4
13:37:56.2 (35455478)|VARIABLE_SCOPE_BEGIN|[78]|lcfield|String|false|false
13:37:56.2 (35467777)|VARIABLE_ASSIGNMENT|[78]|lcfield|"testautonumdata__Twi (10 more) ..."
13:37:56.2 (35478842)|HEAP_ALLOCATE|[81]|Bytes:5
13:37:56.2 (35486810)|STATEMENT_EXECUTE|[79]
13:37:56.2 (35489158)|STATEMENT_EXECUTE|[81]
13:37:56.2 (35495346)|VARIABLE_SCOPE_BEGIN|[81]|returnValue|String|false|false
13:37:56.2 (35516985)|VARIABLE_ASSIGNMENT|[81]|returnValue|""
13:37:56.2 (35540425)|ENTERING_MANAGED_PKG|
13:37:56.2 (35555312)|STATEMENT_EXECUTE|[98]
13:37:56.2 (35571080)|ENTERING_MANAGED_PKG|
13:37:56.2 (35605583)|HEAP_ALLOCATE|[98]|Bytes:6
13:37:56.2 (35634479)|ENTERING_MANAGED_PKG|
13:37:56.2 (35639564)|HEAP_ALLOCATE|[98]|Bytes:6
13:37:56.2 (35664583)|VARIABLE_ASSIGNMENT|[98]|returnValue|"@roreb"
13:37:56.2 (35669587)|STATEMENT_EXECUTE|[100]
13:37:56.2 (35681758)|METHOD_EXIT|[165]|01pB0000000ljzx|testautonumdata.Sparkle_Helper.GetSobjectField(SObject, String)
13:37:56.2 (35746675)|VARIABLE_ASSIGNMENT|[EXTERNAL]|this|{"hasTwitterMemberID":true,"salesforceRecordID":"a0MB0000000cQXFMA2"}|0x2453312a
13:37:56.2 (35762928)|VARIABLE_ASSIGNMENT|[EXTERNAL]|value|"@roreb"
13:37:56.2 (35786122)|VARIABLE_ASSIGNMENT|[10]|this.twitterName|"@roreb"|0x2453312a
13:37:56.2 (35796980)|STATEMENT_EXECUTE|[177]
13:37:56.2 (35810354)|SYSTEM_MODE_EXIT|false
13:37:56.35 (35872780)|CUMULATIVE_LIMIT_USAGE
13:37:56.35 (35872780)|LIMIT_USAGE_FOR_NS|(default)|
  Number of SOQL queries: 0 out of 100
  Number of query rows: 0 out of 50000
  Number of SOSL queries: 0 out of 20
  Number of DML statements: 0 out of 150
  Number of DML rows: 0 out of 10000
  Maximum CPU time: 0 out of 10000
  Maximum heap size: 0 out of 6000000
  Number of callouts: 0 out of 100
  Number of Email Invocations: 0 out of 10
  Number of future calls: 0 out of 50
  Number of queueable jobs added to the queue: 0 out of 50
  Number of Mobile Apex push calls: 0 out of 10

13:37:56.35 (35872780)|LIMIT_USAGE_FOR_NS|testautonumdata|
  Number of SOQL queries: 1 out of 100
  Number of query rows: 1 out of 50000
  Number of SOSL queries: 0 out of 20
  Number of DML statements: 0 out of 150
  Number of DML rows: 0 out of 10000
  Maximum CPU time: 0 out of 10000
  Maximum heap size: 0 out of 6000000
  Number of callouts: 0 out of 100
  Number of Email Invocations: 0 out of 10
  Number of future calls: 0 out of 50
  Number of queueable jobs added to the queue: 0 out of 50
  Number of Mobile Apex push calls: 0 out of 10

13:37:56.35 (35872780)|CUMULATIVE_LIMIT_USAGE_END

13:37:56.37 (37906081)|CODE_UNIT_STARTED|[EXTERNAL]|Aura
13:37:56.139 (139205144)|CODE_UNIT_STARTED|[EXTERNAL]|01pB0000000lc8w|RelatedListServerController.getListRecords
13:37:56.139 (139308346)|VARIABLE_SCOPE_BEGIN|[3]|RelatedListServerController.mapObjectsFields|Map<String,Set<String>>|true|true
13:37:56.139 (139330590)|HEAP_ALLOCATE|[EXTERNAL]|Bytes:220
13:37:56.139 (139345323)|HEAP_ALLOCATE|[EXTERNAL]|Bytes:21
13:37:56.139 (139350406)|HEAP_ALLOCATE|[EXTERNAL]|Bytes:22
13:37:56.139 (139377192)|METHOD_ENTRY|[1]|01pB0000000lc8w|RelatedListServerController.RelatedListServerController()
13:37:56.139 (139387743)|STATEMENT_EXECUTE|[1]
13:37:56.139 (139408775)|STATEMENT_EXECUTE|[1]
13:37:56.139 (139423377)|SYSTEM_MODE_ENTER|false
13:37:56.139 (139440235)|HEAP_ALLOCATE|[3]|Bytes:5
13:37:56.139 (139451273)|STATEMENT_EXECUTE|[3]
13:37:56.139 (139510516)|VARIABLE_ASSIGNMENT|[3]|RelatedListServerController.mapObjectsFields|null|
13:37:56.139 (139522384)|SYSTEM_MODE_EXIT|false
13:37:56.139 (139538955)|METHOD_EXIT|[1]|RelatedListServerController
13:37:56.139 (139547657)|HEAP_ALLOCATE|[EXTERNAL]|Bytes:1
13:37:56.139 (139551700)|HEAP_ALLOCATE|[EXTERNAL]|Bytes:18
13:37:56.139 (139554388)|HEAP_ALLOCATE|[EXTERNAL]|Bytes:28
13:37:56.139 (139556831)|HEAP_ALLOCATE|[EXTERNAL]|Bytes:29
13:37:56.139 (139559339)|HEAP_ALLOCATE|[EXTERNAL]|Bytes:7
13:37:56.139 (139561912)|HEAP_ALLOCATE|[EXTERNAL]|Bytes:5
13:37:56.139 (139564255)|HEAP_ALLOCATE|[EXTERNAL]|Bytes:11
13:37:56.139 (139572168)|SYSTEM_MODE_ENTER|false
13:37:56.139 (139589298)|VARIABLE_SCOPE_BEGIN|[22]|rowsLimit|String|false|false
13:37:56.139 (139608038)|VARIABLE_ASSIGNMENT|[22]|rowsLimit|"8"
13:37:56.139 (139613510)|VARIABLE_SCOPE_BEGIN|[22]|recordId|String|false|false
13:37:56.139 (139624422)|VARIABLE_ASSIGNMENT|[22]|recordId|"a0MB0000000cQXFMA2"
13:37:56.139 (139629271)|VARIABLE_SCOPE_BEGIN|[22]|objectApiName|String|false|false
13:37:56.139 (139641212)|VARIABLE_ASSIGNMENT|[22]|objectApiName|"testautonumdata__Ref (8 more) ..."
13:37:56.139 (139646709)|VARIABLE_SCOPE_BEGIN|[22]|ParentObjectFieldName|String|false|false
13:37:56.139 (139657994)|VARIABLE_ASSIGNMENT|[22]|ParentObjectFieldName|"testautonumdata__Can (9 more) ..."
13:37:56.139 (139662854)|VARIABLE_SCOPE_BEGIN|[22]|filter1Field|String|false|false
13:37:56.139 (139672955)|VARIABLE_ASSIGNMENT|[22]|filter1Field|null
13:37:56.139 (139677559)|VARIABLE_SCOPE_BEGIN|[22]|filter1Value|String|false|false
13:37:56.139 (139686742)|VARIABLE_ASSIGNMENT|[22]|filter1Value|null
13:37:56.139 (139691204)|VARIABLE_SCOPE_BEGIN|[22]|column1|String|false|false
13:37:56.139 (139701256)|VARIABLE_ASSIGNMENT|[22]|column1|"OwnerId"
13:37:56.139 (139705747)|VARIABLE_SCOPE_BEGIN|[22]|RelFieldWithName|String|false|false
13:37:56.139 (139715435)|VARIABLE_ASSIGNMENT|[22]|RelFieldWithName|"Owner"
13:37:56.139 (139730228)|VARIABLE_SCOPE_BEGIN|[22]|column2|String|false|false
13:37:56.139 (139750628)|VARIABLE_ASSIGNMENT|[22]|column2|"createddate"
13:37:56.139 (139771023)|HEAP_ALLOCATE|[24]|Bytes:5
13:37:56.139 (139781508)|STATEMENT_EXECUTE|[22]
13:37:56.139 (139784194)|STATEMENT_EXECUTE|[24]
13:37:56.139 (139789214)|HEAP_ALLOCATE|[24]|Bytes:20
13:37:56.139 (139806854)|HEAP_ALLOCATE|[24]|Bytes:21
13:37:56.139 (139834824)|ENTERING_MANAGED_PKG|
13:37:56.139 (139896043)|USER_DEBUG|[24]|DEBUG|######## rowsLimit: 8
13:37:56.139 (139909044)|STATEMENT_EXECUTE|[25]
13:37:56.139 (139914068)|HEAP_ALLOCATE|[25]|Bytes:24
13:37:56.139 (139924720)|HEAP_ALLOCATE|[25]|Bytes:52
13:37:56.139 (139936349)|ENTERING_MANAGED_PKG|
13:37:56.139 (139958139)|USER_DEBUG|[25]|DEBUG|######## objectApiName: testautonumdata__Referral__c
13:37:56.139 (139968034)|STATEMENT_EXECUTE|[28]
13:37:56.139 (139980059)|HEAP_ALLOCATE|[28]|Bytes:4
13:37:56.139 (140034366)|VARIABLE_ASSIGNMENT|[28]|RelatedListServerController.mapObjectsFields|{"s":1,"v":{}}|0x231f20af
13:37:56.139 (140041101)|STATEMENT_EXECUTE|[30]
13:37:56.139 (140064885)|METHOD_ENTRY|[30]|01pB0000000ljzx|testautonumdata.Sparkle_Helper.AddFieldToObjectsMap(String, String, Map<String,Set<String>>)
13:37:56.139 (140091444)|VARIABLE_SCOPE_BEGIN|[107]|fieldName|String|false|false
13:37:56.139 (140106864)|VARIABLE_ASSIGNMENT|[107]|fieldName|"Id"
13:37:56.139 (140111348)|VARIABLE_SCOPE_BEGIN|[107]|initialObjectName|String|false|false
13:37:56.139 (140122918)|VARIABLE_ASSIGNMENT|[107]|initialObjectName|"testautonumdata__Ref (8 more) ..."
13:37:56.139 (140126894)|VARIABLE_SCOPE_BEGIN|[107]|theMap|Map<String,Set<String>>|true|false
13:37:56.139 (140147209)|VARIABLE_ASSIGNMENT|[107]|theMap|{"s":1,"v":{}}|0x231f20af
13:37:56.139 (140157606)|HEAP_ALLOCATE|[109]|Bytes:5
13:37:56.139 (140165693)|STATEMENT_EXECUTE|[108]
13:37:56.139 (140183472)|ENTERING_MANAGED_PKG|
13:37:56.139 (140195471)|STATEMENT_EXECUTE|[150]
13:37:56.139 (140207653)|METHOD_ENTRY|[150]|01pB0000000ljzx|testautonumdata.Sparkle_Helper.AddFieldToMap(String, String, Map<String,Set<String>>)
13:37:56.139 (140214875)|VARIABLE_SCOPE_BEGIN|[157]|fieldName|String|false|false
13:37:56.139 (140228487)|VARIABLE_ASSIGNMENT|[157]|fieldName|"Id"
13:37:56.139 (140232404)|VARIABLE_SCOPE_BEGIN|[157]|ObjectName|String|false|false
13:37:56.139 (140243689)|VARIABLE_ASSIGNMENT|[157]|ObjectName|"testautonumdata__Ref (8 more) ..."
13:37:56.139 (140247786)|VARIABLE_SCOPE_BEGIN|[157]|theMap|Map<String,Set<String>>|true|false
13:37:56.139 (140267195)|VARIABLE_ASSIGNMENT|[157]|theMap|{"s":1,"v":{}}|0x231f20af
13:37:56.139 (140277388)|HEAP_ALLOCATE|[160]|Bytes:5
13:37:56.139 (140285123)|STATEMENT_EXECUTE|[158]
13:37:56.139 (140295348)|ENTERING_MANAGED_PKG|
13:37:56.139 (140306870)|STATEMENT_EXECUTE|[167]
13:37:56.139 (140309476)|STATEMENT_EXECUTE|[168]
13:37:56.139 (140317593)|HEAP_ALLOCATE|[168]|Bytes:4
13:37:56.139 (140333881)|ENTERING_MANAGED_PKG|
13:37:56.139 (140346204)|VARIABLE_SCOPE_BEGIN|[168]|newFieldSet|Set<String>|true|false
13:37:56.139 (140387617)|VARIABLE_ASSIGNMENT|[168]|newFieldSet|{"s":1,"v":[]}|0x7d3d8238
13:37:56.139 (140392702)|STATEMENT_EXECUTE|[169]
13:37:56.139 (140401253)|ENTERING_MANAGED_PKG|
13:37:56.139 (140408806)|HEAP_ALLOCATE|[EXTERNAL]|Bytes:4
13:37:56.139 (140417195)|STATEMENT_EXECUTE|[170]
13:37:56.139 (140423429)|ENTERING_MANAGED_PKG|
13:37:56.139 (140439849)|HEAP_ALLOCATE|[EXTERNAL]|Bytes:-4
13:37:56.139 (140455930)|METHOD_EXIT|[150]|01pB0000000ljzx|testautonumdata.Sparkle_Helper.AddFieldToMap(String, String, Map<String,Set<String>>)
13:37:56.139 (140466685)|METHOD_EXIT|[30]|01pB0000000ljzx|testautonumdata.Sparkle_Helper.AddFieldToObjectsMap(String, String, Map<String,Set<String>>)
13:37:56.139 (140471619)|STATEMENT_EXECUTE|[34]
13:37:56.139 (140507403)|HEAP_ALLOCATE|[34]|Bytes:4
13:37:56.139 (140588884)|ENTERING_MANAGED_PKG|
13:37:56.139 (140626895)|VARIABLE_SCOPE_BEGIN|[34]|lstReturnRecords|List<testautonumdata.RelatedListServerController>|true|false
13:37:56.139 (140660680)|HEAP_ALLOCATE|[EXTERNAL]|Bytes:4
13:37:56.139 (140683490)|VARIABLE_ASSIGNMENT|[34]|lstReturnRecords|{"s":1,"v":[]}|0x250a8df9
13:37:56.139 (140689338)|STATEMENT_EXECUTE|[37]
13:37:56.139 (140691654)|STATEMENT_EXECUTE|[38]
13:37:56.139 (140696596)|HEAP_ALLOCATE|[38]|Bytes:5
13:37:56.139 (140717533)|HEAP_ALLOCATE|[38]|Bytes:10
13:37:56.139 (140727177)|VARIABLE_SCOPE_BEGIN|[38]|fullUserRelationship|String|false|false
13:37:56.139 (140743261)|VARIABLE_ASSIGNMENT|[38]|fullUserRelationship|"Owner.Name"
13:37:56.139 (140747670)|STATEMENT_EXECUTE|[39]
13:37:56.139 (140752734)|VARIABLE_SCOPE_BEGIN|[39]|soql|String|false|false
13:37:56.139 (140765268)|VARIABLE_ASSIGNMENT|[39]|soql|"Select id"
13:37:56.139 (140769060)|STATEMENT_EXECUTE|[41]
13:37:56.139 (140771136)|STATEMENT_EXECUTE|[42]
13:37:56.139 (140785620)|ENTERING_MANAGED_PKG|
13:37:56.139 (140815209)|HEAP_ALLOCATE|[42]|Bytes:7
13:37:56.139 (140835433)|HEAP_ALLOCATE|[42]|Bytes:9
13:37:56.139 (140843487)|HEAP_ALLOCATE|[42]|Bytes:18
13:37:56.139 (140860280)|VARIABLE_ASSIGNMENT|[42]|soql|"Select id, OwnerId"
13:37:56.139 (140864765)|STATEMENT_EXECUTE|[43]
13:37:56.139 (140877335)|METHOD_ENTRY|[43]|01pB0000000ljzx|testautonumdata.Sparkle_Helper.AddFieldToObjectsMap(String, String, Map<String,Set<String>>)
13:37:56.139 (140916386)|VARIABLE_SCOPE_BEGIN|[107]|fieldName|String|false|false
13:37:56.139 (140938387)|VARIABLE_ASSIGNMENT|[107]|fieldName|"OwnerId"
13:37:56.139 (140945420)|VARIABLE_SCOPE_BEGIN|[107]|initialObjectName|String|false|false
13:37:56.139 (140961825)|VARIABLE_ASSIGNMENT|[107]|initialObjectName|"testautonumdata__Ref (8 more) ..."
13:37:56.139 (140967166)|VARIABLE_SCOPE_BEGIN|[107]|theMap|Map<String,Set<String>>|true|false
13:37:56.139 (140999196)|VARIABLE_ASSIGNMENT|[107]|theMap|{"s":1,"v":{"testautonumdata__Ref (8 more) ...":{"s":2,"v":["Id"]}}}|0x231f20af
13:37:56.139 (141011468)|HEAP_ALLOCATE|[109]|Bytes:5
13:37:56.139 (141020198)|STATEMENT_EXECUTE|[108]
13:37:56.139 (141035173)|ENTERING_MANAGED_PKG|
13:37:56.139 (141044080)|STATEMENT_EXECUTE|[150]
13:37:56.139 (141054399)|METHOD_ENTRY|[150]|01pB0000000ljzx|testautonumdata.Sparkle_Helper.AddFieldToMap(String, String, Map<String,Set<String>>)
13:37:56.139 (141061199)|VARIABLE_SCOPE_BEGIN|[157]|fieldName|String|false|false
13:37:56.139 (141075598)|VARIABLE_ASSIGNMENT|[157]|fieldName|"OwnerId"
13:37:56.139 (141079579)|VARIABLE_SCOPE_BEGIN|[157]|ObjectName|String|false|false
13:37:56.139 (141090995)|VARIABLE_ASSIGNMENT|[157]|ObjectName|"testautonumdata__Ref (8 more) ..."
13:37:56.139 (141097450)|VARIABLE_SCOPE_BEGIN|[157]|theMap|Map<String,Set<String>>|true|false
13:37:56.139 (141125048)|VARIABLE_ASSIGNMENT|[157]|theMap|{"s":1,"v":{"testautonumdata__Ref (8 more) ...":{"s":2,"v":["Id"]}}}|0x231f20af
13:37:56.139 (141135897)|HEAP_ALLOCATE|[160]|Bytes:5
13:37:56.139 (141143434)|STATEMENT_EXECUTE|[158]
13:37:56.139 (141151663)|ENTERING_MANAGED_PKG|
13:37:56.139 (141159574)|STATEMENT_EXECUTE|[161]
13:37:56.139 (141162281)|STATEMENT_EXECUTE|[162]
13:37:56.139 (141167002)|ENTERING_MANAGED_PKG|
13:37:56.139 (141183659)|VARIABLE_SCOPE_BEGIN|[162]|existingFieldSet|Set<String>|true|false
13:37:56.139 (141208837)|VARIABLE_ASSIGNMENT|[162]|existingFieldSet|{"s":1,"v":["Id"]}|0x7d3d8238
13:37:56.139 (141214298)|STATEMENT_EXECUTE|[163]
13:37:56.139 (141222375)|ENTERING_MANAGED_PKG|
13:37:56.139 (141226865)|HEAP_ALLOCATE|[EXTERNAL]|Bytes:4
13:37:56.139 (141234923)|STATEMENT_EXECUTE|[164]
13:37:56.139 (141240559)|ENTERING_MANAGED_PKG|
13:37:56.139 (141262954)|METHOD_EXIT|[150]|01pB0000000ljzx|testautonumdata.Sparkle_Helper.AddFieldToMap(String, String, Map<String,Set<String>>)
13:37:56.139 (141273918)|METHOD_EXIT|[43]|01pB0000000ljzx|testautonumdata.Sparkle_Helper.AddFieldToObjectsMap(String, String, Map<String,Set<String>>)
13:37:56.139 (141279230)|STATEMENT_EXECUTE|[46]
13:37:56.139 (141281746)|STATEMENT_EXECUTE|[47]
13:37:56.139 (141295214)|ENTERING_MANAGED_PKG|
13:37:56.139 (141318602)|HEAP_ALLOCATE|[47]|Bytes:10
13:37:56.139 (141338413)|HEAP_ALLOCATE|[47]|Bytes:12
13:37:56.139 (141346246)|HEAP_ALLOCATE|[47]|Bytes:30
13:37:56.139 (141364799)|VARIABLE_ASSIGNMENT|[47]|soql|"Select id, OwnerId,  (10 more) ..."
13:37:56.139 (141370344)|STATEMENT_EXECUTE|[50]
13:37:56.139 (141372704)|STATEMENT_EXECUTE|[51]
13:37:56.139 (141384339)|ENTERING_MANAGED_PKG|
13:37:56.139 (141405470)|HEAP_ALLOCATE|[51]|Bytes:11
13:37:56.139 (141424304)|HEAP_ALLOCATE|[51]|Bytes:13
13:37:56.139 (141431965)|HEAP_ALLOCATE|[51]|Bytes:43
13:37:56.139 (141449858)|VARIABLE_ASSIGNMENT|[51]|soql|"Select id, OwnerId,  (23 more) ..."
13:37:56.139 (141454466)|STATEMENT_EXECUTE|[52]
13:37:56.139 (141466552)|METHOD_ENTRY|[52]|01pB0000000ljzx|testautonumdata.Sparkle_Helper.AddFieldToObjectsMap(String, String, Map<String,Set<String>>)
13:37:56.139 (141486480)|VARIABLE_SCOPE_BEGIN|[107]|fieldName|String|false|false
13:37:56.139 (141500769)|VARIABLE_ASSIGNMENT|[107]|fieldName|"createddate"
13:37:56.139 (141504721)|VARIABLE_SCOPE_BEGIN|[107]|initialObjectName|String|false|false
13:37:56.139 (141515423)|VARIABLE_ASSIGNMENT|[107]|initialObjectName|"testautonumdata__Ref (8 more) ..."
13:37:56.139 (141519081)|VARIABLE_SCOPE_BEGIN|[107]|theMap|Map<String,Set<String>>|true|false
13:37:56.139 (141544692)|VARIABLE_ASSIGNMENT|[107]|theMap|{"s":1,"v":{"testautonumdata__Ref (8 more) ...":{"s":2,"v":["Id","OwnerId"]}}}|0x231f20af
13:37:56.139 (141555801)|HEAP_ALLOCATE|[109]|Bytes:5
13:37:56.139 (141563664)|STATEMENT_EXECUTE|[108]
13:37:56.139 (141577601)|ENTERING_MANAGED_PKG|
13:37:56.139 (141586441)|STATEMENT_EXECUTE|[150]
13:37:56.139 (141596180)|METHOD_ENTRY|[150]|01pB0000000ljzx|testautonumdata.Sparkle_Helper.AddFieldToMap(String, String, Map<String,Set<String>>)
13:37:56.139 (141602824)|VARIABLE_SCOPE_BEGIN|[157]|fieldName|String|false|false
13:37:56.139 (141616710)|VARIABLE_ASSIGNMENT|[157]|fieldName|"createddate"
13:37:56.139 (141620689)|VARIABLE_SCOPE_BEGIN|[157]|ObjectName|String|false|false
13:37:56.139 (141631433)|VARIABLE_ASSIGNMENT|[157]|ObjectName|"testautonumdata__Ref (8 more) ..."
13:37:56.139 (141635055)|VARIABLE_SCOPE_BEGIN|[157]|theMap|Map<String,Set<String>>|true|false
13:37:56.139 (141659606)|VARIABLE_ASSIGNMENT|[157]|theMap|{"s":1,"v":{"testautonumdata__Ref (8 more) ...":{"s":2,"v":["Id","OwnerId"]}}}|0x231f20af
13:37:56.139 (141669804)|HEAP_ALLOCATE|[160]|Bytes:5
13:37:56.139 (141677127)|STATEMENT_EXECUTE|[158]
13:37:56.139 (141685108)|ENTERING_MANAGED_PKG|
13:37:56.139 (141692586)|STATEMENT_EXECUTE|[161]
13:37:56.139 (141695111)|STATEMENT_EXECUTE|[162]
13:37:56.139 (141699559)|ENTERING_MANAGED_PKG|
13:37:56.139 (141710476)|VARIABLE_SCOPE_BEGIN|[162]|existingFieldSet|Set<String>|true|false
13:37:56.139 (141734892)|VARIABLE_ASSIGNMENT|[162]|existingFieldSet|{"s":1,"v":["Id","OwnerId"]}|0x7d3d8238
13:37:56.139 (141739879)|STATEMENT_EXECUTE|[163]
13:37:56.139 (141747289)|ENTERING_MANAGED_PKG|
13:37:56.139 (141751911)|HEAP_ALLOCATE|[EXTERNAL]|Bytes:4
13:37:56.139 (141759754)|STATEMENT_EXECUTE|[164]
13:37:56.139 (141765252)|ENTERING_MANAGED_PKG|
13:37:56.139 (141787295)|METHOD_EXIT|[150]|01pB0000000ljzx|testautonumdata.Sparkle_Helper.AddFieldToMap(String, String, Map<String,Set<String>>)
13:37:56.139 (141797775)|METHOD_EXIT|[52]|01pB0000000ljzx|testautonumdata.Sparkle_Helper.AddFieldToObjectsMap(String, String, Map<String,Set<String>>)
13:37:56.139 (141802735)|STATEMENT_EXECUTE|[57]
13:37:56.139 (141816859)|ENTERING_MANAGED_PKG|
13:37:56.139 (141839645)|HEAP_ALLOCATE|[57]|Bytes:28
13:37:56.139 (141859633)|HEAP_ALLOCATE|[57]|Bytes:34
13:37:56.139 (141867535)|HEAP_ALLOCATE|[57]|Bytes:77
13:37:56.139 (141890602)|VARIABLE_ASSIGNMENT|[57]|soql|"Select id, OwnerId,  (57 more) ..."
13:37:56.139 (141895920)|STATEMENT_EXECUTE|[60]
13:37:56.139 (141898289)|STATEMENT_EXECUTE|[61]
13:37:56.139 (141903012)|HEAP_ALLOCATE|[61]|Bytes:7
13:37:56.139 (141918308)|ENTERING_MANAGED_PKG|
13:37:56.139 (141939671)|HEAP_ALLOCATE|[61]|Bytes:29
13:37:56.139 (141955894)|HEAP_ALLOCATE|[61]|Bytes:4
13:37:56.139 (141968249)|ENTERING_MANAGED_PKG|
13:37:56.139 (141971645)|HEAP_ALLOCATE|[61]|Bytes:18
13:37:56.139 (141996132)|HEAP_ALLOCATE|[61]|Bytes:59
13:37:56.139 (142004793)|HEAP_ALLOCATE|[61]|Bytes:136
13:37:56.139 (142023771)|VARIABLE_ASSIGNMENT|[61]|soql|"Select id, OwnerId,  (116 more) ..."
13:37:56.139 (142028562)|STATEMENT_EXECUTE|[62]
13:37:56.139 (142040865)|METHOD_ENTRY|[62]|01pB0000000ljzx|testautonumdata.Sparkle_Helper.AddFieldToObjectsMap(String, String, Map<String,Set<String>>)
13:37:56.139 (142061017)|VARIABLE_SCOPE_BEGIN|[107]|fieldName|String|false|false
13:37:56.139 (142076319)|VARIABLE_ASSIGNMENT|[107]|fieldName|"testautonumdata__Can (9 more) ..."
13:37:56.139 (142080356)|VARIABLE_SCOPE_BEGIN|[107]|initialObjectName|String|false|false
13:37:56.139 (142091689)|VARIABLE_ASSIGNMENT|[107]|initialObjectName|"testautonumdata__Ref (8 more) ..."
13:37:56.139 (142097254)|VARIABLE_SCOPE_BEGIN|[107]|theMap|Map<String,Set<String>>|true|false
13:37:56.139 (142124890)|VARIABLE_ASSIGNMENT|[107]|theMap|{"s":1,"v":{"testautonumdata__Ref (8 more) ...":{"s":2,"v":["Id","OwnerId","createddate"]}}}|0x231f20af
13:37:56.139 (142136249)|HEAP_ALLOCATE|[109]|Bytes:5
13:37:56.139 (142144055)|STATEMENT_EXECUTE|[108]
13:37:56.139 (142158137)|ENTERING_MANAGED_PKG|
13:37:56.139 (142166999)|STATEMENT_EXECUTE|[150]
13:37:56.139 (142176759)|METHOD_ENTRY|[150]|01pB0000000ljzx|testautonumdata.Sparkle_Helper.AddFieldToMap(String, String, Map<String,Set<String>>)
13:37:56.139 (142182989)|VARIABLE_SCOPE_BEGIN|[157]|fieldName|String|false|false
13:37:56.139 (142198454)|VARIABLE_ASSIGNMENT|[157]|fieldName|"testautonumdata__Can (9 more) ..."
13:37:56.139 (142202377)|VARIABLE_SCOPE_BEGIN|[157]|ObjectName|String|false|false
13:37:56.139 (142212703)|VARIABLE_ASSIGNMENT|[157]|ObjectName|"testautonumdata__Ref (8 more) ..."
13:37:56.139 (142216388)|VARIABLE_SCOPE_BEGIN|[157]|theMap|Map<String,Set<String>>|true|false
13:37:56.139 (142241412)|VARIABLE_ASSIGNMENT|[157]|theMap|{"s":1,"v":{"testautonumdata__Ref (8 more) ...":{"s":2,"v":["Id","OwnerId","createddate"]}}}|0x231f20af
13:37:56.139 (142251623)|HEAP_ALLOCATE|[160]|Bytes:5
13:37:56.139 (142259018)|STATEMENT_EXECUTE|[158]
13:37:56.139 (142267009)|ENTERING_MANAGED_PKG|
13:37:56.139 (142274751)|STATEMENT_EXECUTE|[161]
13:37:56.139 (142279472)|STATEMENT_EXECUTE|[162]
13:37:56.139 (142285619)|ENTERING_MANAGED_PKG|
13:37:56.139 (142297134)|VARIABLE_SCOPE_BEGIN|[162]|existingFieldSet|Set<String>|true|false
13:37:56.139 (142322053)|VARIABLE_ASSIGNMENT|[162]|existingFieldSet|{"s":1,"v":["Id","OwnerId","createddate"]}|0x7d3d8238
13:37:56.139 (142327335)|STATEMENT_EXECUTE|[163]
13:37:56.139 (142334936)|ENTERING_MANAGED_PKG|
13:37:56.139 (142339175)|HEAP_ALLOCATE|[EXTERNAL]|Bytes:4
13:37:56.139 (142346912)|STATEMENT_EXECUTE|[164]
13:37:56.139 (142352493)|ENTERING_MANAGED_PKG|
13:37:56.139 (142374221)|METHOD_EXIT|[150]|01pB0000000ljzx|testautonumdata.Sparkle_Helper.AddFieldToMap(String, String, Map<String,Set<String>>)
13:37:56.139 (142384702)|METHOD_EXIT|[62]|01pB0000000ljzx|testautonumdata.Sparkle_Helper.AddFieldToObjectsMap(String, String, Map<String,Set<String>>)
13:37:56.139 (142391246)|STATEMENT_EXECUTE|[65]
13:37:56.139 (142393808)|STATEMENT_EXECUTE|[71]
13:37:56.139 (142398254)|HEAP_ALLOCATE|[71]|Bytes:7
13:37:56.139 (142414872)|ENTERING_MANAGED_PKG|
13:37:56.139 (142448338)|HEAP_ALLOCATE|[71]|Bytes:1
13:37:56.139 (142469100)|HEAP_ALLOCATE|[71]|Bytes:8
13:37:56.139 (142476912)|HEAP_ALLOCATE|[71]|Bytes:144
13:37:56.139 (142495491)|VARIABLE_ASSIGNMENT|[71]|soql|"Select id, OwnerId,  (124 more) ..."
13:37:56.139 (142500124)|STATEMENT_EXECUTE|[75]
13:37:56.139 (142507410)|HEAP_ALLOCATE|[75]|Bytes:159
13:37:56.139 (142521499)|ENTERING_MANAGED_PKG|
13:37:56.139 (142545239)|USER_DEBUG|[75]|DEBUG|######## soql: Select id, OwnerId, Owner.Name, createddate FROM testautonumdata__Referral__c where testautonumdata__Candidate__c = 'a0MB0000000cQXFMA2' limit 8
13:37:56.139 (142565235)|METHOD_ENTRY|[79]|01pB0000000ljzx|testautonumdata.Sparkle_Helper.UserHasAccessToObjectsAndFields(Map<String,Set<String>>)
13:37:56.139 (142585776)|VARIABLE_SCOPE_BEGIN|[175]|theMap|Map<String,Set<String>>|true|false
13:37:56.139 (142618060)|VARIABLE_ASSIGNMENT|[175]|theMap|{"s":1,"v":{"testautonumdata__Ref (8 more) ...":{"s":2,"v":["Id","OwnerId","createddate","testautonumdata__Can (9 more) ..."]}}}|0x231f20af
13:37:56.139 (142630139)|HEAP_ALLOCATE|[177]|Bytes:5
13:37:56.139 (142638634)|STATEMENT_EXECUTE|[176]
13:37:56.139 (142641017)|STATEMENT_EXECUTE|[177]
13:37:56.139 (142646950)|VARIABLE_SCOPE_BEGIN|[177]|hasAccess|Boolean|false|false
13:37:56.139 (142652634)|HEAP_ALLOCATE|[177]|Bytes:5
13:37:56.139 (142667678)|VARIABLE_ASSIGNMENT|[177]|hasAccess|true
13:37:56.139 (142677135)|ENTERING_MANAGED_PKG|
13:37:56.139 (142688530)|STATEMENT_EXECUTE|[180]
13:37:56.139 (142691320)|STATEMENT_EXECUTE|[181]
13:37:56.139 (142704639)|ENTERING_MANAGED_PKG|
13:37:56.139 (142722716)|HEAP_ALLOCATE|[181]|Bytes:88
13:37:56.139 (142739624)|HEAP_ALLOCATE|[181]|Bytes:105
13:37:56.139 (142750238)|ENTERING_MANAGED_PKG|
13:37:56.139 (142758299)|USER_DEBUG|[181]|DEBUG|######## theMap: {testautonumdata__Referral__c={Id, OwnerId, createddate, testautonumdata__Candidate__c}}
13:37:56.139 (142769684)|HEAP_ALLOCATE|[182]|Bytes:4
13:37:56.139 (142781131)|ENTERING_MANAGED_PKG|
13:37:56.139 (142792078)|ENTERING_MANAGED_PKG|
13:37:56.139 (142805221)|HEAP_ALLOCATE|[182]|Bytes:36
13:37:56.139 (142818212)|ENTERING_MANAGED_PKG|
13:37:56.139 (142823974)|HEAP_ALLOCATE|[182]|Bytes:4
13:37:56.139 (142833676)|ENTERING_MANAGED_PKG|
13:37:56.139 (142855114)|HEAP_ALLOCATE|[182]|Bytes:5
13:37:56.139 (142874985)|VARIABLE_SCOPE_BEGIN|[182]|objectName|String|false|false
13:37:56.139 (142897863)|VARIABLE_ASSIGNMENT|[182]|objectName|"testautonumdata__Ref (8 more) ..."
13:37:56.139 (142903201)|STATEMENT_EXECUTE|[183]
13:37:56.139 (142905585)|STATEMENT_EXECUTE|[184]
13:37:56.139 (142913074)|HEAP_ALLOCATE|[184]|Bytes:49
13:37:56.139 (142925628)|ENTERING_MANAGED_PKG|
13:37:56.139 (142933390)|USER_DEBUG|[184]|DEBUG|######## objectName: testautonumdata__Referral__c
13:37:56.139 (142941231)|STATEMENT_EXECUTE|[185]
13:37:56.139 (142949483)|ENTERING_MANAGED_PKG|
13:37:56.139 (149581430)|HEAP_ALLOCATE|[185]|Bytes:1652
13:37:56.139 (149620723)|ENTERING_MANAGED_PKG|
13:37:56.139 (149726758)|HEAP_ALLOCATE|[185]|Bytes:4
13:37:56.139 (149745302)|VARIABLE_SCOPE_BEGIN|[185]|sObj|SObject|true|false
13:37:56.139 (149777352)|VARIABLE_ASSIGNMENT|[185]|sObj|{}|0x7d7b99fd
13:37:56.139 (149783146)|STATEMENT_EXECUTE|[186]
13:37:56.139 (149803572)|ENTERING_MANAGED_PKG|
13:37:56.139 (149995865)|HEAP_ALLOCATE|[186]|Bytes:4
13:37:56.139 (151103616)|HEAP_ALLOCATE|[186]|Bytes:60
13:37:56.139 (151121326)|VARIABLE_SCOPE_BEGIN|[186]|m|Map<String,Schema.SObjectField>|true|false
13:37:56.139 (151358041)|VARIABLE_ASSIGNMENT|[186]|m|"{createdbyid=CreatedById, createddate=CreatedDate, id=Id, isdeleted=IsDeleted, lastactivitydate=LastActivityDate, lastmodifiedbyid=LastModifiedById, lastmodifieddate=LastModifiedDate, lastreferenceddate=LastReferencedDate, lastvieweddate=LastViewedDate, name=Name, ...}"|0x1580798f
13:37:56.139 (151367238)|STATEMENT_EXECUTE|[187]
13:37:56.139 (151379534)|ENTERING_MANAGED_PKG|
13:37:56.139 (151396607)|VARIABLE_SCOPE_BEGIN|[187]|objectFieldSet|Set<String>|true|false
13:37:56.139 (151431270)|VARIABLE_ASSIGNMENT|[187]|objectFieldSet|{"s":1,"v":["Id","OwnerId","createddate","testautonumdata__Can (9 more) ..."]}|0x7d3d8238
13:37:56.139 (151442414)|HEAP_ALLOCATE|[189]|Bytes:4
13:37:56.139 (151457926)|ENTERING_MANAGED_PKG|
13:37:56.139 (151471871)|ENTERING_MANAGED_PKG|
13:37:56.139 (151477856)|HEAP_ALLOCATE|[189]|Bytes:16
13:37:56.139 (151488319)|ENTERING_MANAGED_PKG|
13:37:56.139 (151510531)|HEAP_ALLOCATE|[189]|Bytes:5
13:37:56.139 (151531566)|VARIABLE_SCOPE_BEGIN|[189]|fieldToCheck|String|false|false
13:37:56.139 (151549280)|VARIABLE_ASSIGNMENT|[189]|fieldToCheck|"Id"
13:37:56.139 (151554295)|STATEMENT_EXECUTE|[189]
13:37:56.139 (151556637)|STATEMENT_EXECUTE|[190]
13:37:56.139 (151566078)|HEAP_ALLOCATE|[190]|Bytes:25
13:37:56.139 (151580526)|ENTERING_MANAGED_PKG|
13:37:56.139 (151591126)|USER_DEBUG|[190]|DEBUG|######## fieldToCheck: Id
13:37:56.139 (151604080)|ENTERING_MANAGED_PKG|
13:37:56.139 (152130407)|HEAP_ALLOCATE|[192]|Bytes:8
13:37:56.139 (152156225)|STATEMENT_EXECUTE|[192]
13:37:56.139 (152159534)|STATEMENT_EXECUTE|[199]
13:37:56.139 (152167299)|HEAP_ALLOCATE|[199]|Bytes:37
13:37:56.139 (152179544)|ENTERING_MANAGED_PKG|
13:37:56.139 (152188105)|USER_DEBUG|[199]|DEBUG|######## User has access to field: Id
13:37:56.139 (152205803)|HEAP_ALLOCATE|[189]|Bytes:5
13:37:56.139 (152223231)|VARIABLE_SCOPE_BEGIN|[189]|fieldToCheck|String|false|false
13:37:56.139 (152241414)|VARIABLE_ASSIGNMENT|[189]|fieldToCheck|"OwnerId"
13:37:56.139 (152246250)|STATEMENT_EXECUTE|[189]
13:37:56.139 (152248489)|STATEMENT_EXECUTE|[190]
13:37:56.139 (152255393)|HEAP_ALLOCATE|[190]|Bytes:30
13:37:56.139 (152267419)|ENTERING_MANAGED_PKG|
13:37:56.139 (152274939)|USER_DEBUG|[190]|DEBUG|######## fieldToCheck: OwnerId
13:37:56.139 (152285869)|ENTERING_MANAGED_PKG|
13:37:56.139 (152461144)|HEAP_ALLOCATE|[192]|Bytes:8
13:37:56.139 (152481112)|STATEMENT_EXECUTE|[192]
13:37:56.139 (152484433)|STATEMENT_EXECUTE|[199]
13:37:56.139 (152491439)|HEAP_ALLOCATE|[199]|Bytes:42
13:37:56.139 (152503101)|ENTERING_MANAGED_PKG|
13:37:56.139 (152511558)|USER_DEBUG|[199]|DEBUG|######## User has access to field: OwnerId
13:37:56.139 (152528654)|HEAP_ALLOCATE|[189]|Bytes:5
13:37:56.139 (152545947)|VARIABLE_SCOPE_BEGIN|[189]|fieldToCheck|String|false|false
13:37:56.139 (152563662)|VARIABLE_ASSIGNMENT|[189]|fieldToCheck|"createddate"
13:37:56.139 (152568304)|STATEMENT_EXECUTE|[189]
13:37:56.139 (152570521)|STATEMENT_EXECUTE|[190]
13:37:56.139 (152577182)|HEAP_ALLOCATE|[190]|Bytes:34
13:37:56.139 (152589136)|ENTERING_MANAGED_PKG|
13:37:56.139 (152596632)|USER_DEBUG|[190]|DEBUG|######## fieldToCheck: createddate
13:37:56.139 (152607558)|ENTERING_MANAGED_PKG|
13:37:56.139 (152762360)|HEAP_ALLOCATE|[192]|Bytes:8
13:37:56.139 (152781539)|STATEMENT_EXECUTE|[192]
13:37:56.139 (152784778)|STATEMENT_EXECUTE|[199]
13:37:56.139 (152791957)|HEAP_ALLOCATE|[199]|Bytes:46
13:37:56.139 (152803365)|ENTERING_MANAGED_PKG|
13:37:56.139 (152811520)|USER_DEBUG|[199]|DEBUG|######## User has access to field: createddate
13:37:56.139 (152828089)|HEAP_ALLOCATE|[189]|Bytes:5
13:37:56.139 (152850475)|VARIABLE_SCOPE_BEGIN|[189]|fieldToCheck|String|false|false
13:37:56.139 (152870266)|VARIABLE_ASSIGNMENT|[189]|fieldToCheck|"testautonumdata__Can (9 more) ..."
13:37:56.139 (152875421)|STATEMENT_EXECUTE|[189]
13:37:56.139 (152877596)|STATEMENT_EXECUTE|[190]
13:37:56.139 (152884357)|HEAP_ALLOCATE|[190]|Bytes:52
13:37:56.139 (152896303)|ENTERING_MANAGED_PKG|
13:37:56.139 (152903702)|USER_DEBUG|[190]|DEBUG|######## fieldToCheck: testautonumdata__Candidate__c
13:37:56.139 (152914517)|ENTERING_MANAGED_PKG|
13:37:56.139 (157490971)|HEAP_ALLOCATE|[192]|Bytes:8
13:37:56.139 (157513798)|STATEMENT_EXECUTE|[192]
13:37:56.139 (157517120)|STATEMENT_EXECUTE|[199]
13:37:56.139 (157524265)|HEAP_ALLOCATE|[199]|Bytes:64
13:37:56.139 (157536558)|ENTERING_MANAGED_PKG|
13:37:56.139 (157545311)|USER_DEBUG|[199]|DEBUG|######## User has access to field: testautonumdata__Candidate__c
13:37:56.139 (157563158)|HEAP_ALLOCATE|[189]|Bytes:5
13:37:56.139 (157589108)|VARIABLE_ASSIGNMENT|[189]|fieldToCheck|null
13:37:56.139 (157603063)|HEAP_ALLOCATE|[182]|Bytes:5
13:37:56.139 (157623427)|VARIABLE_ASSIGNMENT|[182]|objectName|null
13:37:56.139 (157629014)|STATEMENT_EXECUTE|[206]
13:37:56.139 (157633880)|HEAP_ALLOCATE|[206]|Bytes:5
13:37:56.139 (157658841)|METHOD_EXIT|[79]|01pB0000000ljzx|testautonumdata.Sparkle_Helper.UserHasAccessToObjectsAndFields(Map<String,Set<String>>)
13:37:56.139 (157667097)|STATEMENT_EXECUTE|[80]
13:37:56.139 (157669606)|STATEMENT_EXECUTE|[82]
13:37:56.139 (157688212)|ENTERING_MANAGED_PKG|
13:37:56.139 (158146675)|SOQL_EXECUTE_BEGIN|[82]|Aggregations:0|Select id, OwnerId, Owner.Name, createddate FROM testautonumdata__Referral__c where testautonumdata__Candidate__c = 'a0MB0000000cQXFMA2' limit 8
13:37:56.139 (164986308)|SOQL_EXECUTE_END|[82]|Rows:2
13:37:56.139 (165024088)|HEAP_ALLOCATE|[82]|Bytes:12
13:37:56.139 (165057319)|HEAP_ALLOCATE|[82]|Bytes:269
13:37:56.139 (165141636)|HEAP_ALLOCATE|[82]|Bytes:12
13:37:56.139 (165164999)|VARIABLE_SCOPE_BEGIN|[82]|lstQueriedRecords|List<SObject>|true|false
13:37:56.139 (165381395)|VARIABLE_ASSIGNMENT|[82]|lstQueriedRecords|{"s":1,"v":[{"s":2,"v":{"Id":"a0TB0000000YKHIMA4","OwnerId":"005B0000001VpZRIA0","CreatedDate":"2016-05-12T14:31:58.000Z","Owner":{"s":3,"v":{"Name":"Rodrigo Reboucas","Id":"005B0000001VpZRIA0"}}}},{"s":4,"v":{"Id":"a0TB0000000Y9Q9MAK","OwnerId":"005B00000021dadIAA","CreatedDate":"2016-05-09T14:40:41.000Z","Owner":{"s":5,"v":{"Name":"Demo User","Id":"005B00000021dadIAA"}}}}]}|0x30b541f4
13:37:56.139 (165390766)|STATEMENT_EXECUTE|[84]
13:37:56.139 (165396936)|HEAP_ALLOCATE|[84]|Bytes:28
13:37:56.139 (165423399)|ENTERING_MANAGED_PKG|
13:37:56.139 (165532526)|HEAP_ALLOCATE|[84]|Bytes:230
13:37:56.139 (165556556)|HEAP_ALLOCATE|[84]|Bytes:258
13:37:56.139 (165573088)|ENTERING_MANAGED_PKG|
13:37:56.139 (165582543)|USER_DEBUG|[84]|DEBUG|######## lstQueriedRecords: (testautonumdata__Referral__c:{Id=a0TB0000000YKHIMA4, OwnerId=005B0000001VpZRIA0, CreatedDate=2016-05-12 14:31:58}, testautonumdata__Referral__c:{Id=a0TB0000000Y9Q9MAK, OwnerId=005B00000021dadIAA, CreatedDate=2016-05-09 14:40:41})
13:37:56.139 (165685728)|ENTERING_MANAGED_PKG|
13:37:56.139 (165890144)|HEAP_ALLOCATE|[88]|Bytes:5
13:37:56.139 (165936767)|HEAP_ALLOCATE|[88]|Bytes:20
13:37:56.139 (165964735)|VARIABLE_SCOPE_BEGIN|[88]|e|SObject|true|false
13:37:56.139 (166038277)|VARIABLE_ASSIGNMENT|[88]|e|{"s":1,"v":{"Id":"a0TB0000000YKHIMA4","OwnerId":"005B0000001VpZRIA0","CreatedDate":"2016-05-12T14:31:58.000Z","Owner":{"s":2,"v":{"Name":"Rodrigo Reboucas","Id":"005B0000001VpZRIA0"}}}}|0x17673556
13:37:56.139 (166046394)|STATEMENT_EXECUTE|[89]
13:37:56.139 (166048972)|STATEMENT_EXECUTE|[90]
13:37:56.139 (166054059)|HEAP_ALLOCATE|[90]|Bytes:12
13:37:56.139 (166074155)|ENTERING_MANAGED_PKG|
13:37:56.139 (166139797)|HEAP_ALLOCATE|[90]|Bytes:113
13:37:56.139 (166162045)|HEAP_ALLOCATE|[90]|Bytes:125
13:37:56.139 (166175526)|ENTERING_MANAGED_PKG|
13:37:56.139 (166183815)|USER_DEBUG|[90]|DEBUG|######## e: testautonumdata__Referral__c:{Id=a0TB0000000YKHIMA4, OwnerId=005B0000001VpZRIA0, CreatedDate=2016-05-12 14:31:58}
13:37:56.139 (166192828)|STATEMENT_EXECUTE|[91]
13:37:56.139 (166204061)|HEAP_ALLOCATE|[91]|Bytes:32
13:37:56.139 (166226162)|CONSTRUCTOR_ENTRY|[91]|01pB0000000lc8w|<init>()
13:37:56.139 (166263763)|VARIABLE_SCOPE_BEGIN|[1]|this|testautonumdata.RelatedListServerController|true|false
13:37:56.139 (166364554)|VARIABLE_ASSIGNMENT|[1]|this|{}|0x5d1e9e78
13:37:56.139 (166376938)|HEAP_ALLOCATE|[EXTERNAL]|Bytes:5
13:37:56.139 (166406315)|STATEMENT_EXECUTE|[1]
13:37:56.139 (166412639)|HEAP_ALLOCATE|[EXTERNAL]|Bytes:5
13:37:56.139 (166417386)|STATEMENT_EXECUTE|[6]
13:37:56.139 (166419752)|STATEMENT_EXECUTE|[8]
13:37:56.139 (166421808)|STATEMENT_EXECUTE|[10]
13:37:56.139 (166423761)|STATEMENT_EXECUTE|[12]
13:37:56.139 (166425480)|STATEMENT_EXECUTE|[14]
13:37:56.139 (166427279)|STATEMENT_EXECUTE|[16]
13:37:56.139 (166429143)|STATEMENT_EXECUTE|[18]
13:37:56.139 (166441916)|CONSTRUCTOR_EXIT|[91]|01pB0000000lc8w|<init>()
13:37:56.139 (166448859)|VARIABLE_SCOPE_BEGIN|[91]|i|testautonumdata.RelatedListServerController|true|false
13:37:56.139 (166486542)|VARIABLE_ASSIGNMENT|[91]|i|{}|0x5d1e9e78
13:37:56.139 (166491411)|STATEMENT_EXECUTE|[93]
13:37:56.139 (166508788)|METHOD_ENTRY|[93]|01pB0000000ljzx|testautonumdata.Sparkle_Helper.GetSobjectField(SObject, String)
13:37:56.139 (166533674)|VARIABLE_SCOPE_BEGIN|[78]|e|SObject|true|false
13:37:56.139 (166616595)|VARIABLE_ASSIGNMENT|[78]|e|{"s":1,"v":{"Id":"a0TB0000000YKHIMA4","OwnerId":"005B0000001VpZRIA0","CreatedDate":"2016-05-12T14:31:58.000Z","Owner":{"s":2,"v":{"Name":"Rodrigo Reboucas","Id":"005B0000001VpZRIA0"}}}}|0x17673556
13:37:56.139 (166624430)|VARIABLE_SCOPE_BEGIN|[78]|lcfield|String|false|false
13:37:56.139 (166637734)|VARIABLE_ASSIGNMENT|[78]|lcfield|"id"
13:37:56.139 (166650235)|HEAP_ALLOCATE|[81]|Bytes:5
13:37:56.139 (166659041)|STATEMENT_EXECUTE|[79]
13:37:56.139 (166661432)|STATEMENT_EXECUTE|[81]
13:37:56.139 (166667119)|VARIABLE_SCOPE_BEGIN|[81]|returnValue|String|false|false
13:37:56.139 (166681173)|VARIABLE_ASSIGNMENT|[81]|returnValue|""
13:37:56.139 (166697154)|ENTERING_MANAGED_PKG|
13:37:56.139 (166707870)|STATEMENT_EXECUTE|[98]
13:37:56.139 (166718346)|ENTERING_MANAGED_PKG|
13:37:56.139 (166748631)|HEAP_ALLOCATE|[98]|Bytes:4
13:37:56.139 (166769536)|ENTERING_MANAGED_PKG|
13:37:56.139 (166774021)|HEAP_ALLOCATE|[98]|Bytes:18
13:37:56.139 (166797720)|VARIABLE_ASSIGNMENT|[98]|returnValue|"a0TB0000000YKHIMA4"
13:37:56.139 (166802788)|STATEMENT_EXECUTE|[100]
13:37:56.139 (166815569)|METHOD_EXIT|[93]|01pB0000000ljzx|testautonumdata.Sparkle_Helper.GetSobjectField(SObject, String)
13:37:56.139 (166873776)|VARIABLE_ASSIGNMENT|[EXTERNAL]|this|{}|0x5d1e9e78
13:37:56.139 (166895805)|VARIABLE_ASSIGNMENT|[EXTERNAL]|value|"a0TB0000000YKHIMA4"
13:37:56.139 (166925453)|VARIABLE_ASSIGNMENT|[6]|this.recordID|"a0TB0000000YKHIMA4"|0x5d1e9e78
13:37:56.139 (166936526)|STATEMENT_EXECUTE|[96]
13:37:56.139 (166939119)|STATEMENT_EXECUTE|[97]
13:37:56.139 (166949737)|METHOD_ENTRY|[97]|01pB0000000ljzx|testautonumdata.Sparkle_Helper.GetSobjectField(SObject, String)
13:37:56.139 (166970702)|VARIABLE_SCOPE_BEGIN|[78]|e|SObject|true|false
13:37:56.139 (167038774)|VARIABLE_ASSIGNMENT|[78]|e|{"s":1,"v":{"Id":"a0TB0000000YKHIMA4","OwnerId":"005B0000001VpZRIA0","CreatedDate":"2016-05-12T14:31:58.000Z","Owner":{"s":2,"v":{"Name":"Rodrigo Reboucas","Id":"005B0000001VpZRIA0"}}}}|0x17673556
13:37:56.139 (167046518)|VARIABLE_SCOPE_BEGIN|[78]|lcfield|String|false|false
13:37:56.139 (167059428)|VARIABLE_ASSIGNMENT|[78]|lcfield|"OwnerId"
13:37:56.139 (167069998)|HEAP_ALLOCATE|[81]|Bytes:5
13:37:56.139 (167089903)|STATEMENT_EXECUTE|[79]
13:37:56.139 (167094332)|STATEMENT_EXECUTE|[81]
13:37:56.139 (167103625)|VARIABLE_SCOPE_BEGIN|[81]|returnValue|String|false|false
13:37:56.139 (167126327)|VARIABLE_ASSIGNMENT|[81]|returnValue|""
13:37:56.139 (167150093)|ENTERING_MANAGED_PKG|
13:37:56.139 (167167055)|STATEMENT_EXECUTE|[98]
13:37:56.139 (167185590)|ENTERING_MANAGED_PKG|
13:37:56.139 (167230211)|HEAP_ALLOCATE|[98]|Bytes:4
13:37:56.139 (167262768)|ENTERING_MANAGED_PKG|
13:37:56.139 (167269604)|HEAP_ALLOCATE|[98]|Bytes:18
13:37:56.139 (167310575)|VARIABLE_ASSIGNMENT|[98]|returnValue|"005B0000001VpZRIA0"
13:37:56.139 (167317266)|STATEMENT_EXECUTE|[100]
13:37:56.139 (167331012)|METHOD_EXIT|[97]|01pB0000000ljzx|testautonumdata.Sparkle_Helper.GetSobjectField(SObject, String)
13:37:56.139 (167395506)|VARIABLE_ASSIGNMENT|[EXTERNAL]|this|{"recordID":"a0TB0000000YKHIMA4"}|0x5d1e9e78
13:37:56.139 (167411391)|VARIABLE_ASSIGNMENT|[EXTERNAL]|value|"005B0000001VpZRIA0"
13:37:56.139 (167433943)|VARIABLE_ASSIGNMENT|[10]|this.OwnerID|"005B0000001VpZRIA0"|0x5d1e9e78
13:37:56.139 (167443998)|STATEMENT_EXECUTE|[99]
13:37:56.139 (167507589)|VARIABLE_ASSIGNMENT|[EXTERNAL]|this|{"OwnerID":"005B0000001VpZRIA0","recordID":"a0TB0000000YKHIMA4"}|0x5d1e9e78
13:37:56.139 (167622783)|HEAP_ALLOCATE|[99]|Bytes:133
13:37:56.139 (167652458)|SYSTEM_METHOD_ENTRY|[5]|ChatterUsers.ChatterUsers()
13:37:56.139 (167659051)|STATEMENT_EXECUTE|[5]
13:37:56.139 (167672237)|SYSTEM_METHOD_EXIT|[5]|ChatterUsers
13:37:56.139 (167701752)|METHOD_ENTRY|[99]||ConnectApi.ChatterUsers.getPhoto(String, String)
13:37:56.139 (186845114)|SYSTEM_METHOD_EXIT|[5]|Photo
13:37:56.139 (186866244)|HEAP_ALLOCATE|[38]|Bytes:68
13:37:56.139 (186877990)|HEAP_ALLOCATE|[38]|Bytes:12
13:37:56.139 (186885824)|HEAP_ALLOCATE|[38]|Bytes:8
13:37:56.139 (186902033)|VARIABLE_SCOPE_BEGIN|[36]|this|ConnectApi.Photo|true|false
13:37:56.139 (187148545)|VARIABLE_ASSIGNMENT|[36]|this|{}|0x21ca7c50
13:37:56.139 (187160032)|VARIABLE_SCOPE_BEGIN|[36]|versionIn|Double|false|false
13:37:56.139 (187178888)|VARIABLE_ASSIGNMENT|[36]|versionIn|34.0
13:37:56.139 (187185882)|VARIABLE_SCOPE_BEGIN|[36]|javaObj|java:sfdc.chatter.connect.api.output.photo.PhotoRepresentation|true|false
13:37:56.139 (187306403)|VARIABLE_ASSIGNMENT|[36]|javaObj|"sfdc.chatter.connect.api.output.photo.PhotoRepresentation@78490f1e"|0x78490f1e
13:37:56.139 (187656516)|METHOD_EXIT|[99]||ConnectApi.ChatterUsers.getPhoto(String, String)
13:37:56.139 (187668333)|VARIABLE_SCOPE_BEGIN|[99]|userPhoto|ConnectApi.Photo|true|false
13:37:56.139 (187723300)|VARIABLE_ASSIGNMENT|[99]|userPhoto|{}|0x21ca7c50
13:37:56.139 (187732266)|STATEMENT_EXECUTE|[101]
13:37:56.139 (187986820)|VARIABLE_ASSIGNMENT|[EXTERNAL]|this|{"OwnerID":"005B0000001VpZRIA0","recordID":"a0TB0000000YKHIMA4"}|0x5d1e9e78
13:37:56.139 (188006000)|VARIABLE_ASSIGNMENT|[EXTERNAL]|value|"https://rrlightningo (65 more) ..."
13:37:56.139 (188030527)|VARIABLE_ASSIGNMENT|[18]|this.iconUrl|"https://rrlightningo (65 more) ..."|0x5d1e9e78
13:37:56.139 (188042231)|STATEMENT_EXECUTE|[107]
13:37:56.139 (188045234)|STATEMENT_EXECUTE|[108]
13:37:56.139 (188060260)|METHOD_ENTRY|[108]|01pB0000000ljzx|testautonumdata.Sparkle_Helper.GetSobjectField(SObject, String)
13:37:56.139 (188095832)|VARIABLE_SCOPE_BEGIN|[78]|e|SObject|true|false
13:37:56.139 (188257879)|VARIABLE_ASSIGNMENT|[78]|e|{"s":1,"v":{"Id":"a0TB0000000YKHIMA4","OwnerId":"005B0000001VpZRIA0","CreatedDate":"2016-05-12T14:31:58.000Z","Owner":{"s":2,"v":{"Name":"Rodrigo Reboucas","Id":"005B0000001VpZRIA0"}}}}|0x17673556
13:37:56.139 (188268478)|VARIABLE_SCOPE_BEGIN|[78]|lcfield|String|false|false
13:37:56.139 (188289874)|VARIABLE_ASSIGNMENT|[78]|lcfield|"Owner.Name"
13:37:56.139 (188308639)|HEAP_ALLOCATE|[81]|Bytes:5
13:37:56.139 (188322283)|STATEMENT_EXECUTE|[79]
13:37:56.139 (188326943)|STATEMENT_EXECUTE|[81]
13:37:56.139 (188336226)|VARIABLE_SCOPE_BEGIN|[81]|returnValue|String|false|false
13:37:56.139 (188361053)|VARIABLE_ASSIGNMENT|[81]|returnValue|""
13:37:56.139 (188393645)|ENTERING_MANAGED_PKG|
13:37:56.139 (188417093)|STATEMENT_EXECUTE|[84]
13:37:56.139 (188422913)|STATEMENT_EXECUTE|[85]
13:37:56.139 (188452040)|ENTERING_MANAGED_PKG|
13:37:56.139 (188512754)|HEAP_ALLOCATE|[85]|Bytes:5
13:37:56.139 (188543399)|VARIABLE_SCOPE_BEGIN|[85]|relName|String|false|false
13:37:56.139 (188569882)|VARIABLE_ASSIGNMENT|[85]|relName|"Owner"
13:37:56.139 (188577459)|STATEMENT_EXECUTE|[86]
13:37:56.139 (188603523)|ENTERING_MANAGED_PKG|
13:37:56.139 (188648456)|HEAP_ALLOCATE|[86]|Bytes:4
13:37:56.139 (188677535)|VARIABLE_SCOPE_BEGIN|[86]|relField|String|false|false
13:37:56.139 (188705031)|VARIABLE_ASSIGNMENT|[86]|relField|"Name"
13:37:56.139 (188728817)|ENTERING_MANAGED_PKG|
13:37:56.139 (188790403)|STATEMENT_EXECUTE|[94]
13:37:56.139 (188819648)|ENTERING_MANAGED_PKG|
13:37:56.139 (188971672)|HEAP_ALLOCATE|[94]|Bytes:12
13:37:56.139 (189009522)|ENTERING_MANAGED_PKG|
13:37:56.139 (189050452)|HEAP_ALLOCATE|[94]|Bytes:16
13:37:56.139 (189087017)|ENTERING_MANAGED_PKG|
13:37:56.139 (189101475)|HEAP_ALLOCATE|[94]|Bytes:16
13:37:56.139 (189142885)|VARIABLE_ASSIGNMENT|[94]|returnValue|"Rodrigo Reboucas"
13:37:56.139 (189151587)|STATEMENT_EXECUTE|[100]
13:37:56.139 (189171347)|METHOD_EXIT|[108]|01pB0000000ljzx|testautonumdata.Sparkle_Helper.GetSobjectField(SObject, String)
13:37:56.139 (189277086)|VARIABLE_ASSIGNMENT|[EXTERNAL]|this|{"iconUrl":"https://rrlightningo (65 more) ...","OwnerID":"005B0000001VpZRIA0","recordID":"a0TB0000000YKHIMA4"}|0x5d1e9e78
13:37:56.139 (189302693)|VARIABLE_ASSIGNMENT|[EXTERNAL]|value|"Rodrigo Reboucas"
13:37:56.139 (189338590)|VARIABLE_ASSIGNMENT|[8]|this.OwnerName|"Rodrigo Reboucas"|0x5d1e9e78
13:37:56.139 (189354956)|STATEMENT_EXECUTE|[112]
13:37:56.139 (189359433)|STATEMENT_EXECUTE|[113]
13:37:56.139 (189374371)|METHOD_ENTRY|[113]|01pB0000000ljzx|testautonumdata.Sparkle_Helper.GetSobjectField(SObject, String)
13:37:56.139 (189409068)|VARIABLE_SCOPE_BEGIN|[78]|e|SObject|true|false
13:37:56.139 (189505775)|VARIABLE_ASSIGNMENT|[78]|e|{"s":1,"v":{"Id":"a0TB0000000YKHIMA4","OwnerId":"005B0000001VpZRIA0","CreatedDate":"2016-05-12T14:31:58.000Z","Owner":{"s":2,"v":{"Name":"Rodrigo Reboucas","Id":"005B0000001VpZRIA0"}}}}|0x17673556
13:37:56.139 (189516780)|VARIABLE_SCOPE_BEGIN|[78]|lcfield|String|false|false
13:37:56.139 (189536601)|VARIABLE_ASSIGNMENT|[78]|lcfield|"createddate"
13:37:56.139 (189553133)|HEAP_ALLOCATE|[81]|Bytes:5
13:37:56.139 (189565796)|STATEMENT_EXECUTE|[79]
13:37:56.139 (189569864)|STATEMENT_EXECUTE|[81]
13:37:56.139 (189578421)|VARIABLE_SCOPE_BEGIN|[81]|returnValue|String|false|false
13:37:56.139 (189603078)|VARIABLE_ASSIGNMENT|[81]|returnValue|""
13:37:56.139 (189626152)|ENTERING_MANAGED_PKG|
13:37:56.139 (189643688)|STATEMENT_EXECUTE|[98]
13:37:56.139 (189662957)|ENTERING_MANAGED_PKG|
13:37:56.139 (189703003)|HEAP_ALLOCATE|[98]|Bytes:56
13:37:56.139 (189738004)|ENTERING_MANAGED_PKG|
13:37:56.139 (189757430)|HEAP_ALLOCATE|[98]|Bytes:19
13:37:56.139 (189801093)|VARIABLE_ASSIGNMENT|[98]|returnValue|"2016-05-12 14:31:58"
13:37:56.139 (189810077)|STATEMENT_EXECUTE|[100]
13:37:56.139 (189829721)|METHOD_EXIT|[113]|01pB0000000ljzx|testautonumdata.Sparkle_Helper.GetSobjectField(SObject, String)
13:37:56.139 (189945524)|VARIABLE_ASSIGNMENT|[EXTERNAL]|this|{"iconUrl":"https://rrlightningo (65 more) ...","OwnerID":"005B0000001VpZRIA0","OwnerName":"Rodrigo Reboucas","recordID":"a0TB0000000YKHIMA4"}|0x5d1e9e78
13:37:56.139 (189974522)|VARIABLE_ASSIGNMENT|[EXTERNAL]|value|"2016-05-12 14:31:58"
13:37:56.139 (190014082)|VARIABLE_ASSIGNMENT|[12]|this.column2|"2016-05-12 14:31:58"|0x5d1e9e78
13:37:56.139 (190032603)|STATEMENT_EXECUTE|[118]
13:37:56.139 (190058752)|ENTERING_MANAGED_PKG|
13:37:56.139 (190126212)|HEAP_ALLOCATE|[EXTERNAL]|Bytes:4
13:37:56.139 (190146555)|STATEMENT_EXECUTE|[120]
13:37:56.139 (190155694)|HEAP_ALLOCATE|[120]|Bytes:12
13:37:56.139 (190184414)|ENTERING_MANAGED_PKG|
13:37:56.139 (190305025)|HEAP_ALLOCATE|[120]|Bytes:385
13:37:56.139 (190342874)|HEAP_ALLOCATE|[120]|Bytes:397
13:37:56.139 (190374076)|ENTERING_MANAGED_PKG|
13:37:56.139 (190394842)|USER_DEBUG|[120]|DEBUG|######## i: RelatedListServerController:[OwnerID=005B0000001VpZRIA0, OwnerName=Rodrigo Reboucas, ReferralDate=null, ReferralMessage=null, column2=2016-05-12 14:31:58, iconUrl=https://rrlightningout-dev-ed--c.gus.content.force.com/profilephoto/729B00000000GJc/T, mapObjectsFields={testautonumdata__Referral__c={Id, OwnerId, createddate, testautonumdata__Candidate__c}}, recordID=a0TB0000000YKHIMA4]
13:37:56.139 (190433940)|HEAP_ALLOCATE|[88]|Bytes:5
13:37:56.139 (190499780)|HEAP_ALLOCATE|[88]|Bytes:20
13:37:56.139 (190533090)|VARIABLE_SCOPE_BEGIN|[88]|e|SObject|true|false
13:37:56.139 (190640889)|VARIABLE_ASSIGNMENT|[88]|e|{"s":1,"v":{"Id":"a0TB0000000Y9Q9MAK","OwnerId":"005B00000021dadIAA","CreatedDate":"2016-05-09T14:40:41.000Z","Owner":{"s":2,"v":{"Name":"Demo User","Id":"005B00000021dadIAA"}}}}|0xd811bfe
13:37:56.139 (190651874)|STATEMENT_EXECUTE|[89]
13:37:56.139 (190655983)|STATEMENT_EXECUTE|[90]
13:37:56.139 (190678208)|ENTERING_MANAGED_PKG|
13:37:56.139 (190752565)|HEAP_ALLOCATE|[90]|Bytes:113
13:37:56.139 (190785940)|HEAP_ALLOCATE|[90]|Bytes:125
13:37:56.139 (190808415)|ENTERING_MANAGED_PKG|
13:37:56.139 (190820424)|USER_DEBUG|[90]|DEBUG|######## e: testautonumdata__Referral__c:{Id=a0TB0000000Y9Q9MAK, OwnerId=005B00000021dadIAA, CreatedDate=2016-05-09 14:40:41}
13:37:56.139 (190837350)|STATEMENT_EXECUTE|[91]
13:37:56.139 (190849381)|HEAP_ALLOCATE|[91]|Bytes:32
13:37:56.139 (190873497)|CONSTRUCTOR_ENTRY|[91]|01pB0000000lc8w|<init>()
13:37:56.139 (190886352)|VARIABLE_SCOPE_BEGIN|[1]|this|testautonumdata.RelatedListServerController|true|false
13:37:56.139 (190954426)|VARIABLE_ASSIGNMENT|[1]|this|{}|0x67891a47
13:37:56.139 (190971154)|HEAP_ALLOCATE|[EXTERNAL]|Bytes:5
13:37:56.139 (191003571)|STATEMENT_EXECUTE|[1]
13:37:56.139 (191016132)|HEAP_ALLOCATE|[EXTERNAL]|Bytes:5
13:37:56.139 (191025551)|STATEMENT_EXECUTE|[6]
13:37:56.139 (191030142)|STATEMENT_EXECUTE|[8]
13:37:56.139 (191033541)|STATEMENT_EXECUTE|[10]
13:37:56.139 (191036796)|STATEMENT_EXECUTE|[12]
13:37:56.139 (191039741)|STATEMENT_EXECUTE|[14]
13:37:56.139 (191042672)|STATEMENT_EXECUTE|[16]
13:37:56.139 (191046084)|STATEMENT_EXECUTE|[18]
13:37:56.139 (191068028)|CONSTRUCTOR_EXIT|[91]|01pB0000000lc8w|<init>()
13:37:56.139 (191079393)|VARIABLE_SCOPE_BEGIN|[91]|i|testautonumdata.RelatedListServerController|true|false
13:37:56.139 (191152999)|VARIABLE_ASSIGNMENT|[91]|i|{}|0x67891a47
13:37:56.139 (191161261)|STATEMENT_EXECUTE|[93]
13:37:56.139 (191180327)|METHOD_ENTRY|[93]|01pB0000000ljzx|testautonumdata.Sparkle_Helper.GetSobjectField(SObject, String)
13:37:56.139 (191193077)|VARIABLE_SCOPE_BEGIN|[78]|e|SObject|true|false
13:37:56.139 (191292077)|VARIABLE_ASSIGNMENT|[78]|e|{"s":1,"v":{"Id":"a0TB0000000Y9Q9MAK","OwnerId":"005B00000021dadIAA","CreatedDate":"2016-05-09T14:40:41.000Z","Owner":{"s":2,"v":{"Name":"Demo User","Id":"005B00000021dadIAA"}}}}|0xd811bfe
13:37:56.139 (191302943)|VARIABLE_SCOPE_BEGIN|[78]|lcfield|String|false|false
13:37:56.139 (191325035)|VARIABLE_ASSIGNMENT|[78]|lcfield|"id"
13:37:56.139 (191340452)|HEAP_ALLOCATE|[81]|Bytes:5
13:37:56.139 (191352983)|STATEMENT_EXECUTE|[79]
13:37:56.139 (191357451)|STATEMENT_EXECUTE|[81]
13:37:56.139 (191366323)|VARIABLE_SCOPE_BEGIN|[81]|returnValue|String|false|false
13:37:56.139 (191390823)|VARIABLE_ASSIGNMENT|[81]|returnValue|""
13:37:56.139 (191415104)|ENTERING_MANAGED_PKG|
13:37:56.139 (191434623)|STATEMENT_EXECUTE|[98]
13:37:56.139 (191455369)|ENTERING_MANAGED_PKG|
13:37:56.139 (191489977)|HEAP_ALLOCATE|[98]|Bytes:4
13:37:56.139 (191525709)|ENTERING_MANAGED_PKG|
13:37:56.139 (191533716)|HEAP_ALLOCATE|[98]|Bytes:18
13:37:56.139 (191576642)|VARIABLE_ASSIGNMENT|[98]|returnValue|"a0TB0000000Y9Q9MAK"
13:37:56.139 (191585561)|STATEMENT_EXECUTE|[100]
13:37:56.139 (191605451)|METHOD_EXIT|[93]|01pB0000000ljzx|testautonumdata.Sparkle_Helper.GetSobjectField(SObject, String)
13:37:56.139 (191684398)|VARIABLE_ASSIGNMENT|[EXTERNAL]|this|{}|0x67891a47
13:37:56.139 (191708164)|VARIABLE_ASSIGNMENT|[EXTERNAL]|value|"a0TB0000000Y9Q9MAK"
13:37:56.139 (191747403)|VARIABLE_ASSIGNMENT|[6]|this.recordID|"a0TB0000000Y9Q9MAK"|0x67891a47
13:37:56.139 (191765382)|STATEMENT_EXECUTE|[96]
13:37:56.139 (191769997)|STATEMENT_EXECUTE|[97]
13:37:56.139 (191784895)|METHOD_ENTRY|[97]|01pB0000000ljzx|testautonumdata.Sparkle_Helper.GetSobjectField(SObject, String)
13:37:56.139 (191797276)|VARIABLE_SCOPE_BEGIN|[78]|e|SObject|true|false
13:37:56.139 (191896741)|VARIABLE_ASSIGNMENT|[78]|e|{"s":1,"v":{"Id":"a0TB0000000Y9Q9MAK","OwnerId":"005B00000021dadIAA","CreatedDate":"2016-05-09T14:40:41.000Z","Owner":{"s":2,"v":{"Name":"Demo User","Id":"005B00000021dadIAA"}}}}|0xd811bfe
13:37:56.139 (191907416)|VARIABLE_SCOPE_BEGIN|[78]|lcfield|String|false|false
13:37:56.139 (191929690)|VARIABLE_ASSIGNMENT|[78]|lcfield|"OwnerId"
13:37:56.139 (191945919)|HEAP_ALLOCATE|[81]|Bytes:5
13:37:56.139 (191958325)|STATEMENT_EXECUTE|[79]
13:37:56.139 (191962545)|STATEMENT_EXECUTE|[81]
13:37:56.139 (191971549)|VARIABLE_SCOPE_BEGIN|[81]|returnValue|String|false|false
13:37:56.139 (191995483)|VARIABLE_ASSIGNMENT|[81]|returnValue|""
13:37:56.139 (192018788)|ENTERING_MANAGED_PKG|
13:37:56.139 (192038895)|STATEMENT_EXECUTE|[98]
13:37:56.139 (192059402)|ENTERING_MANAGED_PKG|
13:37:56.139 (192095029)|HEAP_ALLOCATE|[98]|Bytes:4
13:37:56.139 (192131820)|ENTERING_MANAGED_PKG|
13:37:56.139 (192140240)|HEAP_ALLOCATE|[98]|Bytes:18
13:37:56.139 (192183219)|VARIABLE_ASSIGNMENT|[98]|returnValue|"005B00000021dadIAA"
13:37:56.139 (192191872)|STATEMENT_EXECUTE|[100]
13:37:56.139 (192211581)|METHOD_EXIT|[97]|01pB0000000ljzx|testautonumdata.Sparkle_Helper.GetSobjectField(SObject, String)
13:37:56.139 (192296276)|VARIABLE_ASSIGNMENT|[EXTERNAL]|this|{"recordID":"a0TB0000000Y9Q9MAK"}|0x67891a47
13:37:56.139 (192320234)|VARIABLE_ASSIGNMENT|[EXTERNAL]|value|"005B00000021dadIAA"
13:37:56.139 (192358719)|VARIABLE_ASSIGNMENT|[10]|this.OwnerID|"005B00000021dadIAA"|0x67891a47
13:37:56.139 (192375812)|STATEMENT_EXECUTE|[99]
13:37:56.139 (192454889)|VARIABLE_ASSIGNMENT|[EXTERNAL]|this|{"OwnerID":"005B00000021dadIAA","recordID":"a0TB0000000Y9Q9MAK"}|0x67891a47
13:37:56.139 (192481571)|METHOD_ENTRY|[99]||ConnectApi.ChatterUsers.getPhoto(String, String)
13:37:56.139 (209800131)|METHOD_EXIT|[99]||ConnectApi.ChatterUsers.getPhoto(String, String)
13:37:56.139 (209824245)|VARIABLE_SCOPE_BEGIN|[99]|userPhoto|ConnectApi.Photo|true|false
13:37:56.139 (209916884)|VARIABLE_ASSIGNMENT|[99]|userPhoto|{}|0x42aedabd
13:37:56.139 (209926115)|STATEMENT_EXECUTE|[101]
13:37:56.139 (210083339)|VARIABLE_ASSIGNMENT|[EXTERNAL]|this|{"OwnerID":"005B00000021dadIAA","recordID":"a0TB0000000Y9Q9MAK"}|0x67891a47
13:37:56.139 (210113059)|VARIABLE_ASSIGNMENT|[EXTERNAL]|value|"https://rrlightningo (65 more) ..."
13:37:56.139 (210154337)|VARIABLE_ASSIGNMENT|[18]|this.iconUrl|"https://rrlightningo (65 more) ..."|0x67891a47
13:37:56.139 (210173121)|STATEMENT_EXECUTE|[107]
13:37:56.139 (210178175)|STATEMENT_EXECUTE|[108]
13:37:56.139 (210196080)|METHOD_ENTRY|[108]|01pB0000000ljzx|testautonumdata.Sparkle_Helper.GetSobjectField(SObject, String)
13:37:56.139 (210209768)|VARIABLE_SCOPE_BEGIN|[78]|e|SObject|true|false
13:37:56.139 (210360362)|VARIABLE_ASSIGNMENT|[78]|e|{"s":1,"v":{"Id":"a0TB0000000Y9Q9MAK","OwnerId":"005B00000021dadIAA","CreatedDate":"2016-05-09T14:40:41.000Z","Owner":{"s":2,"v":{"Name":"Demo User","Id":"005B00000021dadIAA"}}}}|0xd811bfe
13:37:56.139 (210371190)|VARIABLE_SCOPE_BEGIN|[78]|lcfield|String|false|false
13:37:56.139 (210393065)|VARIABLE_ASSIGNMENT|[78]|lcfield|"Owner.Name"
13:37:56.139 (210410551)|HEAP_ALLOCATE|[81]|Bytes:5
13:37:56.139 (210425993)|STATEMENT_EXECUTE|[79]
13:37:56.139 (210431085)|STATEMENT_EXECUTE|[81]
13:37:56.139 (210441091)|VARIABLE_SCOPE_BEGIN|[81]|returnValue|String|false|false
13:37:56.139 (210465271)|VARIABLE_ASSIGNMENT|[81]|returnValue|""
13:37:56.139 (210496770)|ENTERING_MANAGED_PKG|
13:37:56.139 (210518259)|STATEMENT_EXECUTE|[84]
13:37:56.139 (210524259)|STATEMENT_EXECUTE|[85]
13:37:56.139 (210542910)|ENTERING_MANAGED_PKG|
13:37:56.139 (210552253)|HEAP_ALLOCATE|[85]|Bytes:5
13:37:56.139 (210578248)|VARIABLE_SCOPE_BEGIN|[85]|relName|String|false|false
13:37:56.139 (210602835)|VARIABLE_ASSIGNMENT|[85]|relName|"Owner"
13:37:56.139 (210609989)|STATEMENT_EXECUTE|[86]
13:37:56.139 (210629036)|ENTERING_MANAGED_PKG|
13:37:56.139 (210636814)|HEAP_ALLOCATE|[86]|Bytes:4
13:37:56.139 (210659462)|VARIABLE_SCOPE_BEGIN|[86]|relField|String|false|false
13:37:56.139 (210682461)|VARIABLE_ASSIGNMENT|[86]|relField|"Name"
13:37:56.139 (210700225)|ENTERING_MANAGED_PKG|
13:37:56.139 (210713941)|STATEMENT_EXECUTE|[94]
13:37:56.139 (210730429)|ENTERING_MANAGED_PKG|
13:37:56.139 (210785262)|HEAP_ALLOCATE|[94]|Bytes:12
13:37:56.139 (210815915)|ENTERING_MANAGED_PKG|
13:37:56.139 (210858813)|HEAP_ALLOCATE|[94]|Bytes:9
13:37:56.139 (210889510)|ENTERING_MANAGED_PKG|
13:37:56.139 (210896235)|HEAP_ALLOCATE|[94]|Bytes:9
13:37:56.139 (210933322)|VARIABLE_ASSIGNMENT|[94]|returnValue|"Demo User"
13:37:56.139 (210942936)|STATEMENT_EXECUTE|[100]
13:37:56.139 (210964198)|METHOD_EXIT|[108]|01pB0000000ljzx|testautonumdata.Sparkle_Helper.GetSobjectField(SObject, String)
13:37:56.139 (211054080)|VARIABLE_ASSIGNMENT|[EXTERNAL]|this|{"iconUrl":"https://rrlightningo (65 more) ...","OwnerID":"005B00000021dadIAA","recordID":"a0TB0000000Y9Q9MAK"}|0x67891a47
13:37:56.139 (211079436)|VARIABLE_ASSIGNMENT|[EXTERNAL]|value|"Demo User"
13:37:56.139 (211115551)|VARIABLE_ASSIGNMENT|[8]|this.OwnerName|"Demo User"|0x67891a47
13:37:56.139 (211133101)|STATEMENT_EXECUTE|[112]
13:37:56.139 (211138225)|STATEMENT_EXECUTE|[113]
13:37:56.139 (211152438)|METHOD_ENTRY|[113]|01pB0000000ljzx|testautonumdata.Sparkle_Helper.GetSobjectField(SObject, String)
13:37:56.139 (211163650)|VARIABLE_SCOPE_BEGIN|[78]|e|SObject|true|false
13:37:56.139 (211260015)|VARIABLE_ASSIGNMENT|[78]|e|{"s":1,"v":{"Id":"a0TB0000000Y9Q9MAK","OwnerId":"005B00000021dadIAA","CreatedDate":"2016-05-09T14:40:41.000Z","Owner":{"s":2,"v":{"Name":"Demo User","Id":"005B00000021dadIAA"}}}}|0xd811bfe
13:37:56.139 (211270142)|VARIABLE_SCOPE_BEGIN|[78]|lcfield|String|false|false
13:37:56.139 (211289961)|VARIABLE_ASSIGNMENT|[78]|lcfield|"createddate"
13:37:56.139 (211303655)|HEAP_ALLOCATE|[81]|Bytes:5
13:37:56.139 (211314664)|STATEMENT_EXECUTE|[79]
13:37:56.139 (211318528)|STATEMENT_EXECUTE|[81]
13:37:56.139 (211326025)|VARIABLE_SCOPE_BEGIN|[81]|returnValue|String|false|false
13:37:56.139 (211345926)|VARIABLE_ASSIGNMENT|[81]|returnValue|""
13:37:56.139 (211368151)|ENTERING_MANAGED_PKG|
13:37:56.139 (211385788)|STATEMENT_EXECUTE|[98]
13:37:56.139 (211405215)|ENTERING_MANAGED_PKG|
13:37:56.139 (211441284)|HEAP_ALLOCATE|[98]|Bytes:56
13:37:56.139 (211476039)|ENTERING_MANAGED_PKG|
13:37:56.139 (211489216)|HEAP_ALLOCATE|[98]|Bytes:19
13:37:56.139 (211530676)|VARIABLE_ASSIGNMENT|[98]|returnValue|"2016-05-09 14:40:41"
13:37:56.139 (211538458)|STATEMENT_EXECUTE|[100]
13:37:56.139 (211557135)|METHOD_EXIT|[113]|01pB0000000ljzx|testautonumdata.Sparkle_Helper.GetSobjectField(SObject, String)
13:37:56.139 (211645423)|VARIABLE_ASSIGNMENT|[EXTERNAL]|this|{"iconUrl":"https://rrlightningo (65 more) ...","OwnerID":"005B00000021dadIAA","OwnerName":"Demo User","recordID":"a0TB0000000Y9Q9MAK"}|0x67891a47
13:37:56.139 (211670645)|VARIABLE_ASSIGNMENT|[EXTERNAL]|value|"2016-05-09 14:40:41"
13:37:56.139 (211705502)|VARIABLE_ASSIGNMENT|[12]|this.column2|"2016-05-09 14:40:41"|0x67891a47
13:37:56.139 (211721607)|STATEMENT_EXECUTE|[118]
13:37:56.139 (211737849)|ENTERING_MANAGED_PKG|
13:37:56.139 (211755815)|HEAP_ALLOCATE|[EXTERNAL]|Bytes:4
13:37:56.139 (211773358)|STATEMENT_EXECUTE|[120]
13:37:56.139 (211795516)|ENTERING_MANAGED_PKG|
13:37:56.139 (211885663)|HEAP_ALLOCATE|[120]|Bytes:378
13:37:56.139 (211918816)|HEAP_ALLOCATE|[120]|Bytes:390
13:37:56.139 (211944415)|ENTERING_MANAGED_PKG|
13:37:56.139 (211962721)|USER_DEBUG|[120]|DEBUG|######## i: RelatedListServerController:[OwnerID=005B00000021dadIAA, OwnerName=Demo User, ReferralDate=null, ReferralMessage=null, column2=2016-05-09 14:40:41, iconUrl=https://rrlightningout-dev-ed--c.gus.content.force.com/profilephoto/729B00000000WPI/T, mapObjectsFields={testautonumdata__Referral__c={Id, OwnerId, createddate, testautonumdata__Candidate__c}}, recordID=a0TB0000000Y9Q9MAK]
13:37:56.139 (211998205)|HEAP_ALLOCATE|[88]|Bytes:5
13:37:56.139 (212040091)|VARIABLE_ASSIGNMENT|[88]|e|null|
13:37:56.139 (212051804)|STATEMENT_EXECUTE|[125]
13:37:56.139 (212060527)|HEAP_ALLOCATE|[125]|Bytes:27
13:37:56.139 (212088972)|ENTERING_MANAGED_PKG|
13:37:56.139 (212247060)|HEAP_ALLOCATE|[125]|Bytes:695
13:37:56.139 (212281134)|HEAP_ALLOCATE|[125]|Bytes:722
13:37:56.139 (212307748)|ENTERING_MANAGED_PKG|
13:37:56.139 (212320377)|USER_DEBUG|[125]|DEBUG|######## lstReturnRecords: (RelatedListServerController:[OwnerID=005B0000001VpZRIA0, OwnerName=Rodrigo Reboucas, ReferralDate=null, ReferralMessage=null, column2=2016-05-12 14:31:58, iconUrl=https://rrlightningout-dev-ed--c.gus.content.force.com/profilephoto/729B00000000GJc/T, mapObjectsFields={testautonumdata__Referral__c={Id, OwnerId, createddate, testautonumdata__Candidate__c}}, recordID=a0TB0000000YKHIMA4], RelatedListServerController:[OwnerID=005B00000021dadIAA, OwnerName=Demo User, ReferralDate=null, ReferralMessage=null, column2=2016-05-09 14:40:41, iconUrl=https://rrlightningout-dev-ed--c.gus.content.force.com/profilephoto/729B00000000WPI/T, mapObjectsFields=(already output), recordID=a0TB0000000Y9Q9MAK])
13:37:56.139 (212341577)|STATEMENT_EXECUTE|[127]
13:37:56.139 (212363431)|SYSTEM_MODE_EXIT|false
13:37:56.212 (212430242)|CUMULATIVE_LIMIT_USAGE
13:37:56.212 (212430242)|LIMIT_USAGE_FOR_NS|(default)|
  Number of SOQL queries: 0 out of 100
  Number of query rows: 0 out of 50000
  Number of SOSL queries: 0 out of 20
  Number of DML statements: 0 out of 150
  Number of DML rows: 0 out of 10000
  Maximum CPU time: 0 out of 10000
  Maximum heap size: 0 out of 6000000
  Number of callouts: 0 out of 100
  Number of Email Invocations: 0 out of 10
  Number of future calls: 0 out of 50
  Number of queueable jobs added to the queue: 0 out of 50
  Number of Mobile Apex push calls: 0 out of 10

13:37:56.212 (212430242)|LIMIT_USAGE_FOR_NS|testautonumdata|
  Number of SOQL queries: 2 out of 100
  Number of query rows: 3 out of 50000
  Number of SOSL queries: 0 out of 20
  Number of DML statements: 0 out of 150
  Number of DML rows: 0 out of 10000
  Maximum CPU time: 0 out of 10000
  Maximum heap size: 0 out of 6000000
  Number of callouts: 0 out of 100
  Number of Email Invocations: 0 out of 10
  Number of future calls: 0 out of 50
  Number of queueable jobs added to the queue: 0 out of 50
  Number of Mobile Apex push calls: 0 out of 10

13:37:56.212 (212430242)|CUMULATIVE_LIMIT_USAGE_END

13:37:56.213 (213785590)|CODE_UNIT_STARTED|[EXTERNAL]|Aura
13:37:56.214 (214904084)|CODE_UNIT_STARTED|[EXTERNAL]|Aura
