37.0 APEX_CODE,FINEST;APEX_PROFILING,INFO;CALLOUT,INFO;DB,INFO;SYSTEM,DEBUG;VALIDATION,INFO;VISUALFORCE,INFO;WORKFLOW,INFO
07:28:33.0 (536102)|USER_INFO|[EXTERNAL]|005B0000001VpZR|rreboucas-yi5c@force.com|Pacific Standard Time|GMT-07:00
07:28:33.0 (1199764)|HEAP_ALLOCATE|[72]|Bytes:3
07:28:33.0 (1268887)|HEAP_ALLOCATE|[77]|Bytes:152
07:28:33.0 (1290369)|HEAP_ALLOCATE|[342]|Bytes:408
07:28:33.0 (1311393)|HEAP_ALLOCATE|[355]|Bytes:408
07:28:33.0 (1330813)|HEAP_ALLOCATE|[467]|Bytes:48
07:28:33.3 (3546946)|USER_INFO|[EXTERNAL]|005B0000001VpZR|rreboucas-yi5c@force.com|Pacific Standard Time|GMT-07:00
07:28:33.3 (3819884)|STATEMENT_EXECUTE|[1]
07:28:33.3 (3860083)|HEAP_ALLOCATE|[50]|Bytes:5
07:28:33.3 (3894609)|HEAP_ALLOCATE|[56]|Bytes:5
07:28:33.3 (3914649)|HEAP_ALLOCATE|[64]|Bytes:7
07:28:33.3 (3960829)|SYSTEM_MODE_ENTER|false
07:28:33.3 (3989555)|HEAP_ALLOCATE|[EXTERNAL]|Bytes:5
07:28:33.3 (4006519)|SYSTEM_MODE_EXIT|false
07:28:33.3 (4024879)|METHOD_EXIT|[1]|Twitter_Lightning_Controller
07:28:33.3 (4031168)|HEAP_ALLOCATE|[EXTERNAL]|Bytes:18
07:28:33.3 (4033477)|HEAP_ALLOCATE|[EXTERNAL]|Bytes:12
07:28:33.3 (4034767)|HEAP_ALLOCATE|[EXTERNAL]|Bytes:13
07:28:33.3 (4035916)|HEAP_ALLOCATE|[EXTERNAL]|Bytes:13
07:28:33.3 (4037121)|HEAP_ALLOCATE|[EXTERNAL]|Bytes:12
07:28:33.3 (4038262)|HEAP_ALLOCATE|[EXTERNAL]|Bytes:10
07:28:33.3 (4039401)|HEAP_ALLOCATE|[EXTERNAL]|Bytes:9
07:28:33.3 (4047556)|SYSTEM_MODE_ENTER|false
07:28:33.3 (4053994)|VARIABLE_SCOPE_BEGIN|[68]|recordID|String|false|false
07:28:33.3 (4082365)|VARIABLE_ASSIGNMENT|[68]|recordID|"a0MB0000000cQXFMA2"
07:28:33.3 (4086510)|VARIABLE_SCOPE_BEGIN|[68]|objectApiName|String|false|false
07:28:33.3 (4090192)|VARIABLE_ASSIGNMENT|[68]|objectApiName|"Candidate__c"
07:28:33.3 (4092351)|VARIABLE_SCOPE_BEGIN|[68]|twitterIDFieldApiName|String|false|false
07:28:33.3 (4095198)|VARIABLE_ASSIGNMENT|[68]|twitterIDFieldApiName|"Twitter_ID__c"
07:28:33.3 (4096994)|VARIABLE_SCOPE_BEGIN|[68]|firstName|String|false|false
07:28:33.3 (4099735)|VARIABLE_ASSIGNMENT|[68]|firstName|"First_Name__c"
07:28:33.3 (4101467)|VARIABLE_SCOPE_BEGIN|[68]|lastName|String|false|false
07:28:33.3 (4104094)|VARIABLE_ASSIGNMENT|[68]|lastName|"Last_Name__c"
07:28:33.3 (4106075)|VARIABLE_SCOPE_BEGIN|[68]|companyName|String|false|false
07:28:33.3 (4108807)|VARIABLE_ASSIGNMENT|[68]|companyName|"Company__c"
07:28:33.3 (4110576)|VARIABLE_SCOPE_BEGIN|[68]|email|String|false|false
07:28:33.3 (4113235)|VARIABLE_ASSIGNMENT|[68]|email|"E_mail__c"
07:28:33.3 (4128845)|HEAP_ALLOCATE|[70]|Bytes:5
07:28:33.3 (4133564)|STATEMENT_EXECUTE|[68]
07:28:33.3 (4135169)|STATEMENT_EXECUTE|[70]
07:28:33.3 (4143891)|VARIABLE_SCOPE_BEGIN|[70]|hasTwitterMemberID|Boolean|false|false
07:28:33.3 (4147619)|HEAP_ALLOCATE|[70]|Bytes:5
07:28:33.3 (4153255)|VARIABLE_ASSIGNMENT|[70]|hasTwitterMemberID|false
07:28:33.3 (4155148)|STATEMENT_EXECUTE|[71]
07:28:33.3 (4160314)|HEAP_ALLOCATE|[71]|Bytes:64
07:28:33.3 (4180432)|CONSTRUCTOR_ENTRY|[71]|01pB0000000r382|<init>()
07:28:33.3 (4205612)|VARIABLE_SCOPE_BEGIN|[1]|this|testautonumdata.Twitter_Lightning_Controller|true|false
07:28:33.3 (4250204)|VARIABLE_ASSIGNMENT|[1]|this|{}|0x24b8fa71
07:28:33.3 (4257975)|HEAP_ALLOCATE|[EXTERNAL]|Bytes:5
07:28:33.3 (4267141)|HEAP_ALLOCATE|[EXTERNAL]|Bytes:6
07:28:33.3 (4293802)|STATEMENT_EXECUTE|[1]
07:28:33.3 (4298560)|HEAP_ALLOCATE|[EXTERNAL]|Bytes:5
07:28:33.3 (4301539)|STATEMENT_EXECUTE|[4]
07:28:33.3 (4303006)|STATEMENT_EXECUTE|[6]
07:28:33.3 (4304012)|STATEMENT_EXECUTE|[8]
07:28:33.3 (4305124)|STATEMENT_EXECUTE|[10]
07:28:33.3 (4306238)|STATEMENT_EXECUTE|[12]
07:28:33.3 (4307580)|STATEMENT_EXECUTE|[14]
07:28:33.3 (4308834)|STATEMENT_EXECUTE|[16]
07:28:33.3 (4309799)|STATEMENT_EXECUTE|[18]
07:28:33.3 (4310758)|STATEMENT_EXECUTE|[20]
07:28:33.3 (4311593)|STATEMENT_EXECUTE|[22]
07:28:33.3 (4312557)|STATEMENT_EXECUTE|[24]
07:28:33.3 (4313521)|STATEMENT_EXECUTE|[26]
07:28:33.3 (4314482)|STATEMENT_EXECUTE|[28]
07:28:33.3 (4315327)|STATEMENT_EXECUTE|[30]
07:28:33.3 (4316296)|STATEMENT_EXECUTE|[32]
07:28:33.3 (4330753)|CONSTRUCTOR_EXIT|[71]|01pB0000000r382|<init>()
07:28:33.3 (4336018)|VARIABLE_SCOPE_BEGIN|[71]|returnRec|testautonumdata.Twitter_Lightning_Controller|true|false
07:28:33.3 (4363961)|VARIABLE_ASSIGNMENT|[71]|returnRec|{}|0x24b8fa71
07:28:33.3 (4395214)|ENTERING_MANAGED_PKG|
07:28:33.3 (4434944)|STATEMENT_EXECUTE|[74]
07:28:33.3 (4437226)|STATEMENT_EXECUTE|[75]
07:28:33.3 (4441367)|HEAP_ALLOCATE|[75]|Bytes:9
07:28:33.3 (4446665)|VARIABLE_SCOPE_BEGIN|[75]|soql|String|false|false
07:28:33.3 (4453964)|VARIABLE_ASSIGNMENT|[75]|soql|"Select id"
07:28:33.3 (4456771)|STATEMENT_EXECUTE|[78]
07:28:33.3 (4459497)|HEAP_ALLOCATE|[78]|Bytes:2
07:28:33.3 (4475051)|HEAP_ALLOCATE|[78]|Bytes:15
07:28:33.3 (4480705)|HEAP_ALLOCATE|[78]|Bytes:24
07:28:33.3 (4489075)|VARIABLE_ASSIGNMENT|[78]|soql|"Select id, Twitter_I (4 more) ..."
07:28:33.3 (4492303)|STATEMENT_EXECUTE|[81]
07:28:33.3 (4496530)|HEAP_ALLOCATE|[81]|Bytes:15
07:28:33.3 (4500586)|HEAP_ALLOCATE|[81]|Bytes:39
07:28:33.3 (4505882)|VARIABLE_ASSIGNMENT|[81]|soql|"Select id, Twitter_I (19 more) ..."
07:28:33.3 (4508398)|STATEMENT_EXECUTE|[84]
07:28:33.3 (4512006)|HEAP_ALLOCATE|[84]|Bytes:14
07:28:33.3 (4515763)|HEAP_ALLOCATE|[84]|Bytes:53
07:28:33.3 (4520703)|VARIABLE_ASSIGNMENT|[84]|soql|"Select id, Twitter_I (33 more) ..."
07:28:33.3 (4523056)|STATEMENT_EXECUTE|[87]
07:28:33.3 (4526761)|HEAP_ALLOCATE|[87]|Bytes:12
07:28:33.3 (4530629)|HEAP_ALLOCATE|[87]|Bytes:65
07:28:33.3 (4535522)|VARIABLE_ASSIGNMENT|[87]|soql|"Select id, Twitter_I (45 more) ..."
07:28:33.3 (4537843)|STATEMENT_EXECUTE|[90]
07:28:33.3 (4541602)|HEAP_ALLOCATE|[90]|Bytes:11
07:28:33.3 (4545391)|HEAP_ALLOCATE|[90]|Bytes:76
07:28:33.3 (4550677)|VARIABLE_ASSIGNMENT|[90]|soql|"Select id, Twitter_I (56 more) ..."
07:28:33.3 (4552867)|STATEMENT_EXECUTE|[93]
07:28:33.3 (4555406)|HEAP_ALLOCATE|[93]|Bytes:6
07:28:33.3 (4559483)|HEAP_ALLOCATE|[93]|Bytes:18
07:28:33.3 (4563174)|HEAP_ALLOCATE|[93]|Bytes:94
07:28:33.3 (4568251)|VARIABLE_ASSIGNMENT|[93]|soql|"Select id, Twitter_I (74 more) ..."
07:28:33.3 (4570199)|STATEMENT_EXECUTE|[95]
07:28:33.3 (4572304)|HEAP_ALLOCATE|[95]|Bytes:12
07:28:33.3 (4574778)|HEAP_ALLOCATE|[95]|Bytes:1
07:28:33.3 (4582336)|HEAP_ALLOCATE|[95]|Bytes:31
07:28:33.3 (4586385)|HEAP_ALLOCATE|[95]|Bytes:125
07:28:33.3 (4592055)|VARIABLE_ASSIGNMENT|[95]|soql|"Select id, Twitter_I (105 more) ..."
07:28:33.3 (4594308)|STATEMENT_EXECUTE|[98]
07:28:33.3 (4596974)|HEAP_ALLOCATE|[98]|Bytes:8
07:28:33.3 (4600783)|HEAP_ALLOCATE|[98]|Bytes:133
07:28:33.3 (4606022)|VARIABLE_ASSIGNMENT|[98]|soql|"Select id, Twitter_I (113 more) ..."
07:28:33.3 (4607933)|STATEMENT_EXECUTE|[100]
07:28:33.3 (4610249)|HEAP_ALLOCATE|[100]|Bytes:15
07:28:33.3 (4614486)|HEAP_ALLOCATE|[100]|Bytes:148
07:28:33.3 (4649368)|ENTERING_MANAGED_PKG|
07:28:33.3 (4686501)|USER_DEBUG|[100]|DEBUG|######## soql: Select id, Twitter_ID__c, First_Name__c, Last_Name__c, Company__c, E_mail__c FROM Candidate__c WHERE id ='a0MB0000000cQXFMA2' limit 1
07:28:33.3 (4696801)|STATEMENT_EXECUTE|[102]
07:28:33.3 (4725665)|ENTERING_MANAGED_PKG|
07:28:33.3 (4744810)|HEAP_ALLOCATE|[102]|Bytes:5
07:28:33.3 (5465948)|SOQL_EXECUTE_BEGIN|[102]|Aggregations:0|Select id, Twitter_ID__c, First_Name__c, Last_Name__c, Company__c, E_mail__c FROM Candidate__c WHERE id ='a0MB0000000cQXFMA2' limit 1
07:28:33.3 (9154124)|SOQL_EXECUTE_END|[102]|Rows:1
07:28:33.3 (9192543)|HEAP_ALLOCATE|[102]|Bytes:8
07:28:33.3 (9212480)|HEAP_ALLOCATE|[102]|Bytes:250
07:28:33.3 (9389768)|HEAP_ALLOCATE|[102]|Bytes:8
07:28:33.3 (9406350)|VARIABLE_SCOPE_BEGIN|[102]|lstQueriedRecords|List<SObject>|true|false
07:28:33.3 (9451193)|VARIABLE_ASSIGNMENT|[102]|lstQueriedRecords|{"s":1,"v":[{"s":2,"v":{"Id":"a0MB0000000cQXFMA2","testautonumdata__Twi (10 more) ...":"@roreb","testautonumdata__Fir (10 more) ...":"Rodrigo","testautonumdata__Las (9 more) ...":"Reboucas","testautonumdata__Com (7 more) ...":"Salesforce.com","testautonumdata__E_m (6 more) ...":"rreboucas@salesforce (4 more) ..."}}]}|0x75e4cea0
07:28:33.3 (9542349)|ENTERING_MANAGED_PKG|
07:28:33.3 (9576110)|STATEMENT_EXECUTE|[104]
07:28:33.3 (9578556)|STATEMENT_EXECUTE|[105]
07:28:33.3 (9630239)|VARIABLE_ASSIGNMENT|[EXTERNAL]|this|{}|0x24b8fa71
07:28:33.3 (9637872)|VARIABLE_ASSIGNMENT|[EXTERNAL]|value|true
07:28:33.3 (9643690)|HEAP_ALLOCATE|[10]|Bytes:5
07:28:33.3 (9674838)|VARIABLE_ASSIGNMENT|[10]|this.hasTwitterMemberID|true|0x24b8fa71
07:28:33.3 (9685137)|STATEMENT_EXECUTE|[106]
07:28:33.3 (9721965)|HEAP_ALLOCATE|[106]|Bytes:28
07:28:33.3 (9733135)|VARIABLE_SCOPE_BEGIN|[106]|e|SObject|true|false
07:28:33.3 (9753679)|VARIABLE_ASSIGNMENT|[106]|e|{"s":1,"v":{"Id":"a0MB0000000cQXFMA2","testautonumdata__Twi (10 more) ...":"@roreb","testautonumdata__Fir (10 more) ...":"Rodrigo","testautonumdata__Las (9 more) ...":"Reboucas","testautonumdata__Com (7 more) ...":"Salesforce.com","testautonumdata__E_m (6 more) ...":"rreboucas@salesforce (4 more) ..."}}|0x7fe575e4
07:28:33.3 (9758378)|STATEMENT_EXECUTE|[109]
07:28:33.3 (9759761)|STATEMENT_EXECUTE|[110]
07:28:33.3 (9763287)|HEAP_ALLOCATE|[110]|Bytes:2
07:28:33.3 (9776287)|METHOD_ENTRY|[110]|01pB0000000r382|testautonumdata.Twitter_Lightning_Controller.GetSobjectField(SObject, String)
07:28:33.3 (9794485)|VARIABLE_SCOPE_BEGIN|[500]|e|SObject|true|false
07:28:33.3 (9810771)|VARIABLE_ASSIGNMENT|[500]|e|{"s":1,"v":{"Id":"a0MB0000000cQXFMA2","testautonumdata__Twi (10 more) ...":"@roreb","testautonumdata__Fir (10 more) ...":"Rodrigo","testautonumdata__Las (9 more) ...":"Reboucas","testautonumdata__Com (7 more) ...":"Salesforce.com","testautonumdata__E_m (6 more) ...":"rreboucas@salesforce (4 more) ..."}}|0x7fe575e4
07:28:33.3 (9814765)|VARIABLE_SCOPE_BEGIN|[500]|lcfield|String|false|false
07:28:33.3 (9818610)|VARIABLE_ASSIGNMENT|[500]|lcfield|"id"
07:28:33.3 (9826808)|HEAP_ALLOCATE|[503]|Bytes:5
07:28:33.3 (9830914)|STATEMENT_EXECUTE|[501]
07:28:33.3 (9832224)|STATEMENT_EXECUTE|[503]
07:28:33.3 (9837352)|VARIABLE_SCOPE_BEGIN|[503]|returnValue|String|false|false
07:28:33.3 (9842435)|VARIABLE_ASSIGNMENT|[503]|returnValue|""
07:28:33.3 (9845063)|HEAP_ALLOCATE|[505]|Bytes:1
07:28:33.3 (9869782)|ENTERING_MANAGED_PKG|
07:28:33.3 (9901106)|STATEMENT_EXECUTE|[520]
07:28:33.3 (9930135)|ENTERING_MANAGED_PKG|
07:28:33.3 (9982836)|HEAP_ALLOCATE|[520]|Bytes:4
07:28:33.3 (10011093)|ENTERING_MANAGED_PKG|
07:28:33.3 (10018243)|HEAP_ALLOCATE|[520]|Bytes:18
07:28:33.3 (10031397)|VARIABLE_ASSIGNMENT|[520]|returnValue|"a0MB0000000cQXFMA2"
07:28:33.3 (10034658)|STATEMENT_EXECUTE|[522]
07:28:33.3 (10043407)|METHOD_EXIT|[110]|01pB0000000r382|testautonumdata.Twitter_Lightning_Controller.GetSobjectField(SObject, String)
07:28:33.3 (10083199)|VARIABLE_ASSIGNMENT|[EXTERNAL]|this|{"hasTwitterMemberID":true}|0x24b8fa71
07:28:33.3 (10088328)|VARIABLE_ASSIGNMENT|[EXTERNAL]|value|"a0MB0000000cQXFMA2"
07:28:33.3 (10114645)|VARIABLE_ASSIGNMENT|[4]|this.salesforceRecordID|"a0MB0000000cQXFMA2"|0x24b8fa71
07:28:33.3 (10124525)|STATEMENT_EXECUTE|[113]
07:28:33.3 (10126206)|STATEMENT_EXECUTE|[114]
07:28:33.3 (10132248)|METHOD_ENTRY|[114]|01pB0000000r382|testautonumdata.Twitter_Lightning_Controller.GetSobjectField(SObject, String)
07:28:33.3 (10147832)|VARIABLE_SCOPE_BEGIN|[500]|e|SObject|true|false
07:28:33.3 (10165686)|VARIABLE_ASSIGNMENT|[500]|e|{"s":1,"v":{"Id":"a0MB0000000cQXFMA2","testautonumdata__Twi (10 more) ...":"@roreb","testautonumdata__Fir (10 more) ...":"Rodrigo","testautonumdata__Las (9 more) ...":"Reboucas","testautonumdata__Com (7 more) ...":"Salesforce.com","testautonumdata__E_m (6 more) ...":"rreboucas@salesforce (4 more) ..."}}|0x7fe575e4
07:28:33.3 (10169853)|VARIABLE_SCOPE_BEGIN|[500]|lcfield|String|false|false
07:28:33.3 (10173776)|VARIABLE_ASSIGNMENT|[500]|lcfield|"First_Name__c"
07:28:33.3 (10181428)|HEAP_ALLOCATE|[503]|Bytes:5
07:28:33.3 (10185323)|STATEMENT_EXECUTE|[501]
07:28:33.3 (10186503)|STATEMENT_EXECUTE|[503]
07:28:33.3 (10190672)|VARIABLE_SCOPE_BEGIN|[503]|returnValue|String|false|false
07:28:33.3 (10195174)|VARIABLE_ASSIGNMENT|[503]|returnValue|""
07:28:33.3 (10213950)|ENTERING_MANAGED_PKG|
07:28:33.3 (10224339)|STATEMENT_EXECUTE|[520]
07:28:33.3 (10237734)|ENTERING_MANAGED_PKG|
07:28:33.3 (10261664)|HEAP_ALLOCATE|[520]|Bytes:7
07:28:33.3 (10281860)|ENTERING_MANAGED_PKG|
07:28:33.3 (10286072)|HEAP_ALLOCATE|[520]|Bytes:7
07:28:33.3 (10297557)|VARIABLE_ASSIGNMENT|[520]|returnValue|"Rodrigo"
07:28:33.3 (10300357)|STATEMENT_EXECUTE|[522]
07:28:33.3 (10307513)|METHOD_EXIT|[114]|01pB0000000r382|testautonumdata.Twitter_Lightning_Controller.GetSobjectField(SObject, String)
07:28:33.3 (10347291)|VARIABLE_ASSIGNMENT|[EXTERNAL]|this|{"hasTwitterMemberID":true,"salesforceRecordID":"a0MB0000000cQXFMA2"}|0x24b8fa71
07:28:33.3 (10352733)|VARIABLE_ASSIGNMENT|[EXTERNAL]|value|"Rodrigo"
07:28:33.3 (10373142)|VARIABLE_ASSIGNMENT|[12]|this.firstName|"Rodrigo"|0x24b8fa71
07:28:33.3 (10382546)|STATEMENT_EXECUTE|[117]
07:28:33.3 (10384196)|STATEMENT_EXECUTE|[118]
07:28:33.3 (10390182)|METHOD_ENTRY|[118]|01pB0000000r382|testautonumdata.Twitter_Lightning_Controller.GetSobjectField(SObject, String)
07:28:33.3 (10405360)|VARIABLE_SCOPE_BEGIN|[500]|e|SObject|true|false
07:28:33.3 (10422734)|VARIABLE_ASSIGNMENT|[500]|e|{"s":1,"v":{"Id":"a0MB0000000cQXFMA2","testautonumdata__Twi (10 more) ...":"@roreb","testautonumdata__Fir (10 more) ...":"Rodrigo","testautonumdata__Las (9 more) ...":"Reboucas","testautonumdata__Com (7 more) ...":"Salesforce.com","testautonumdata__E_m (6 more) ...":"rreboucas@salesforce (4 more) ..."}}|0x7fe575e4
07:28:33.3 (10426475)|VARIABLE_SCOPE_BEGIN|[500]|lcfield|String|false|false
07:28:33.3 (10430336)|VARIABLE_ASSIGNMENT|[500]|lcfield|"Last_Name__c"
07:28:33.3 (10437693)|HEAP_ALLOCATE|[503]|Bytes:5
07:28:33.3 (10441441)|STATEMENT_EXECUTE|[501]
07:28:33.3 (10442610)|STATEMENT_EXECUTE|[503]
07:28:33.3 (10446982)|VARIABLE_SCOPE_BEGIN|[503]|returnValue|String|false|false
07:28:33.3 (10451511)|VARIABLE_ASSIGNMENT|[503]|returnValue|""
07:28:33.3 (10472579)|ENTERING_MANAGED_PKG|
07:28:33.3 (10484221)|STATEMENT_EXECUTE|[520]
07:28:33.3 (10495213)|ENTERING_MANAGED_PKG|
07:28:33.3 (10517639)|HEAP_ALLOCATE|[520]|Bytes:8
07:28:33.3 (10537302)|ENTERING_MANAGED_PKG|
07:28:33.3 (10541405)|HEAP_ALLOCATE|[520]|Bytes:8
07:28:33.3 (10554374)|VARIABLE_ASSIGNMENT|[520]|returnValue|"Reboucas"
07:28:33.3 (10558670)|STATEMENT_EXECUTE|[522]
07:28:33.3 (10570172)|METHOD_EXIT|[118]|01pB0000000r382|testautonumdata.Twitter_Lightning_Controller.GetSobjectField(SObject, String)
07:28:33.3 (10631144)|VARIABLE_ASSIGNMENT|[EXTERNAL]|this|{"firstName":"Rodrigo","hasTwitterMemberID":true,"salesforceRecordID":"a0MB0000000cQXFMA2"}|0x24b8fa71
07:28:33.3 (10641403)|VARIABLE_ASSIGNMENT|[EXTERNAL]|value|"Reboucas"
07:28:33.3 (10673959)|VARIABLE_ASSIGNMENT|[14]|this.lastName|"Reboucas"|0x24b8fa71
07:28:33.3 (10685022)|STATEMENT_EXECUTE|[121]
07:28:33.3 (10686902)|STATEMENT_EXECUTE|[122]
07:28:33.3 (10693312)|METHOD_ENTRY|[122]|01pB0000000r382|testautonumdata.Twitter_Lightning_Controller.GetSobjectField(SObject, String)
07:28:33.3 (10709713)|VARIABLE_SCOPE_BEGIN|[500]|e|SObject|true|false
07:28:33.3 (10728106)|VARIABLE_ASSIGNMENT|[500]|e|{"s":1,"v":{"Id":"a0MB0000000cQXFMA2","testautonumdata__Twi (10 more) ...":"@roreb","testautonumdata__Fir (10 more) ...":"Rodrigo","testautonumdata__Las (9 more) ...":"Reboucas","testautonumdata__Com (7 more) ...":"Salesforce.com","testautonumdata__E_m (6 more) ...":"rreboucas@salesforce (4 more) ..."}}|0x7fe575e4
07:28:33.3 (10731871)|VARIABLE_SCOPE_BEGIN|[500]|lcfield|String|false|false
07:28:33.3 (10735530)|VARIABLE_ASSIGNMENT|[500]|lcfield|"Company__c"
07:28:33.3 (10743062)|HEAP_ALLOCATE|[503]|Bytes:5
07:28:33.3 (10746950)|STATEMENT_EXECUTE|[501]
07:28:33.3 (10748203)|STATEMENT_EXECUTE|[503]
07:28:33.3 (10752257)|VARIABLE_SCOPE_BEGIN|[503]|returnValue|String|false|false
07:28:33.3 (10756676)|VARIABLE_ASSIGNMENT|[503]|returnValue|""
07:28:33.3 (10775282)|ENTERING_MANAGED_PKG|
07:28:33.3 (10785517)|STATEMENT_EXECUTE|[520]
07:28:33.3 (10795913)|ENTERING_MANAGED_PKG|
07:28:33.3 (10818677)|HEAP_ALLOCATE|[520]|Bytes:14
07:28:33.3 (10838121)|ENTERING_MANAGED_PKG|
07:28:33.3 (10842540)|HEAP_ALLOCATE|[520]|Bytes:14
07:28:33.3 (10861368)|VARIABLE_ASSIGNMENT|[520]|returnValue|"Salesforce.com"
07:28:33.3 (10864701)|STATEMENT_EXECUTE|[522]
07:28:33.3 (10871997)|METHOD_EXIT|[122]|01pB0000000r382|testautonumdata.Twitter_Lightning_Controller.GetSobjectField(SObject, String)
07:28:33.3 (10915080)|VARIABLE_ASSIGNMENT|[EXTERNAL]|this|{"firstName":"Rodrigo","hasTwitterMemberID":true,"lastName":"Reboucas","salesforceRecordID":"a0MB0000000cQXFMA2"}|0x24b8fa71
07:28:33.3 (10920433)|VARIABLE_ASSIGNMENT|[EXTERNAL]|value|"Salesforce.com"
07:28:33.3 (10940433)|VARIABLE_ASSIGNMENT|[16]|this.companyName|"Salesforce.com"|0x24b8fa71
07:28:33.3 (10949467)|STATEMENT_EXECUTE|[126]
07:28:33.3 (10951031)|STATEMENT_EXECUTE|[127]
07:28:33.3 (10957128)|METHOD_ENTRY|[127]|01pB0000000r382|testautonumdata.Twitter_Lightning_Controller.GetSobjectField(SObject, String)
07:28:33.3 (10971829)|VARIABLE_SCOPE_BEGIN|[500]|e|SObject|true|false
07:28:33.3 (10988450)|VARIABLE_ASSIGNMENT|[500]|e|{"s":1,"v":{"Id":"a0MB0000000cQXFMA2","testautonumdata__Twi (10 more) ...":"@roreb","testautonumdata__Fir (10 more) ...":"Rodrigo","testautonumdata__Las (9 more) ...":"Reboucas","testautonumdata__Com (7 more) ...":"Salesforce.com","testautonumdata__E_m (6 more) ...":"rreboucas@salesforce (4 more) ..."}}|0x7fe575e4
07:28:33.3 (10992325)|VARIABLE_SCOPE_BEGIN|[500]|lcfield|String|false|false
07:28:33.3 (10995878)|VARIABLE_ASSIGNMENT|[500]|lcfield|"E_mail__c"
07:28:33.3 (11003255)|HEAP_ALLOCATE|[503]|Bytes:5
07:28:33.3 (11007747)|STATEMENT_EXECUTE|[501]
07:28:33.3 (11008916)|STATEMENT_EXECUTE|[503]
07:28:33.3 (11012801)|VARIABLE_SCOPE_BEGIN|[503]|returnValue|String|false|false
07:28:33.3 (11017167)|VARIABLE_ASSIGNMENT|[503]|returnValue|""
07:28:33.3 (11034939)|ENTERING_MANAGED_PKG|
07:28:33.3 (11044689)|STATEMENT_EXECUTE|[520]
07:28:33.3 (11054827)|ENTERING_MANAGED_PKG|
07:28:33.3 (11076456)|HEAP_ALLOCATE|[520]|Bytes:24
07:28:33.3 (11095606)|ENTERING_MANAGED_PKG|
07:28:33.3 (11099707)|HEAP_ALLOCATE|[520]|Bytes:24
07:28:33.3 (11112125)|VARIABLE_ASSIGNMENT|[520]|returnValue|"rreboucas@salesforce (4 more) ..."
07:28:33.3 (11115051)|STATEMENT_EXECUTE|[522]
07:28:33.3 (11121977)|METHOD_EXIT|[127]|01pB0000000r382|testautonumdata.Twitter_Lightning_Controller.GetSobjectField(SObject, String)
07:28:33.3 (11164255)|VARIABLE_ASSIGNMENT|[EXTERNAL]|this|{"companyName":"Salesforce.com","firstName":"Rodrigo","hasTwitterMemberID":true,"lastName":"Reboucas","salesforceRecordID":"a0MB0000000cQXFMA2"}|0x24b8fa71
07:28:33.3 (11170775)|VARIABLE_ASSIGNMENT|[EXTERNAL]|value|"rreboucas@salesforce (4 more) ..."
07:28:33.3 (11194863)|VARIABLE_ASSIGNMENT|[18]|this.email|"rreboucas@salesforce (4 more) ..."|0x24b8fa71
07:28:33.3 (11204124)|STATEMENT_EXECUTE|[131]
07:28:33.3 (11205580)|STATEMENT_EXECUTE|[132]
07:28:33.3 (11211438)|METHOD_ENTRY|[132]|01pB0000000r382|testautonumdata.Twitter_Lightning_Controller.GetSobjectField(SObject, String)
07:28:33.3 (11226052)|VARIABLE_SCOPE_BEGIN|[500]|e|SObject|true|false
07:28:33.3 (11242890)|VARIABLE_ASSIGNMENT|[500]|e|{"s":1,"v":{"Id":"a0MB0000000cQXFMA2","testautonumdata__Twi (10 more) ...":"@roreb","testautonumdata__Fir (10 more) ...":"Rodrigo","testautonumdata__Las (9 more) ...":"Reboucas","testautonumdata__Com (7 more) ...":"Salesforce.com","testautonumdata__E_m (6 more) ...":"rreboucas@salesforce (4 more) ..."}}|0x7fe575e4
07:28:33.3 (11246577)|VARIABLE_SCOPE_BEGIN|[500]|lcfield|String|false|false
07:28:33.3 (11250120)|VARIABLE_ASSIGNMENT|[500]|lcfield|"Twitter_ID__c"
07:28:33.3 (11257323)|HEAP_ALLOCATE|[503]|Bytes:5
07:28:33.3 (11261242)|STATEMENT_EXECUTE|[501]
07:28:33.3 (11262498)|STATEMENT_EXECUTE|[503]
07:28:33.3 (11266354)|VARIABLE_SCOPE_BEGIN|[503]|returnValue|String|false|false
07:28:33.3 (11270726)|VARIABLE_ASSIGNMENT|[503]|returnValue|""
07:28:33.3 (11288211)|ENTERING_MANAGED_PKG|
07:28:33.3 (11297892)|STATEMENT_EXECUTE|[520]
07:28:33.3 (11307904)|ENTERING_MANAGED_PKG|
07:28:33.3 (11329461)|HEAP_ALLOCATE|[520]|Bytes:6
07:28:33.3 (11348467)|ENTERING_MANAGED_PKG|
07:28:33.3 (11352594)|HEAP_ALLOCATE|[520]|Bytes:6
07:28:33.3 (11363800)|VARIABLE_ASSIGNMENT|[520]|returnValue|"@roreb"
07:28:33.3 (11366558)|STATEMENT_EXECUTE|[522]
07:28:33.3 (11373008)|METHOD_EXIT|[132]|01pB0000000r382|testautonumdata.Twitter_Lightning_Controller.GetSobjectField(SObject, String)
07:28:33.3 (11415579)|VARIABLE_ASSIGNMENT|[EXTERNAL]|this|{"companyName":"Salesforce.com","email":"rreboucas@salesforce (4 more) ...","firstName":"Rodrigo","hasTwitterMemberID":true,"lastName":"Reboucas","salesforceRecordID":"a0MB0000000cQXFMA2"}|0x24b8fa71
07:28:33.3 (11421442)|VARIABLE_ASSIGNMENT|[EXTERNAL]|value|"@roreb"
07:28:33.3 (11442457)|VARIABLE_ASSIGNMENT|[8]|this.twitterName|"@roreb"|0x24b8fa71
07:28:33.3 (11451221)|STATEMENT_EXECUTE|[143]
07:28:33.3 (11463828)|SYSTEM_MODE_EXIT|false
07:28:33.11 (11508390)|CUMULATIVE_LIMIT_USAGE
07:28:33.11 (11508390)|LIMIT_USAGE_FOR_NS|(default)|
  Number of SOQL queries: 0 out of 100
  Number of query rows: 0 out of 50000
  Number of SOSL queries: 0 out of 20
  Number of DML statements: 0 out of 150
  Number of DML rows: 0 out of 10000
  Maximum CPU time: 0 out of 10000
  Maximum heap size: 0 out of 6000000
  Number of callouts: 0 out of 100
  Number of Email Invocations: 0 out of 10
  Number of future calls: 0 out of 50
  Number of queueable jobs added to the queue: 0 out of 50
  Number of Mobile Apex push calls: 0 out of 10

07:28:33.11 (11508390)|LIMIT_USAGE_FOR_NS|testautonumdata|
  Number of SOQL queries: 1 out of 100
  Number of query rows: 1 out of 50000
  Number of SOSL queries: 0 out of 20
  Number of DML statements: 0 out of 150
  Number of DML rows: 0 out of 10000
  Maximum CPU time: 0 out of 10000
  Maximum heap size: 0 out of 6000000
  Number of callouts: 0 out of 100
  Number of Email Invocations: 0 out of 10
  Number of future calls: 0 out of 50
  Number of queueable jobs added to the queue: 0 out of 50
  Number of Mobile Apex push calls: 0 out of 10

07:28:33.11 (11508390)|CUMULATIVE_LIMIT_USAGE_END

07:28:33.3 (11584771)|CODE_UNIT_FINISHED|Twitter_Lightning_Controller.getRecordDetails
07:28:33.13 (13925288)|USER_INFO|[EXTERNAL]|005B0000001VpZR|rreboucas-yi5c@force.com|Pacific Standard Time|GMT-07:00
07:28:33.13 (13936738)|CODE_UNIT_STARTED|[EXTERNAL]|Aura
07:28:33.13 (14023072)|CODE_UNIT_FINISHED|Aura
