37.0 APEX_CODE,FINEST;APEX_PROFILING,INFO;CALLOUT,INFO;DB,INFO;SYSTEM,DEBUG;VALIDATION,INFO;VISUALFORCE,INFO;WORKFLOW,INFO
12:12:58.0 (108265)|USER_INFO|[EXTERNAL]|005B0000001VpZR|rreboucas-yi5c@force.com|Pacific Standard Time|GMT-07:00
12:12:58.0 (610121)|HEAP_ALLOCATE|[72]|Bytes:3
12:12:58.0 (676578)|HEAP_ALLOCATE|[77]|Bytes:152
12:12:58.0 (701122)|HEAP_ALLOCATE|[342]|Bytes:408
12:12:58.0 (724357)|HEAP_ALLOCATE|[355]|Bytes:408
12:12:58.0 (746008)|HEAP_ALLOCATE|[467]|Bytes:48
12:12:58.2 (2477766)|USER_INFO|[EXTERNAL]|005B0000001VpZR|rreboucas-yi5c@force.com|Pacific Standard Time|GMT-07:00
12:12:58.2 (2659818)|STATEMENT_EXECUTE|[1]
12:12:58.2 (2701390)|HEAP_ALLOCATE|[50]|Bytes:5
12:12:58.2 (2732910)|HEAP_ALLOCATE|[56]|Bytes:5
12:12:58.2 (2743098)|HEAP_ALLOCATE|[64]|Bytes:7
12:12:58.2 (2769344)|SYSTEM_MODE_ENTER|false
12:12:58.2 (2789215)|HEAP_ALLOCATE|[EXTERNAL]|Bytes:5
12:12:58.2 (2797373)|SYSTEM_MODE_EXIT|false
12:12:58.2 (2812262)|METHOD_EXIT|[1]|InterviewsLCServerController
12:12:58.2 (2818110)|HEAP_ALLOCATE|[EXTERNAL]|Bytes:1
12:12:58.2 (2819847)|HEAP_ALLOCATE|[EXTERNAL]|Bytes:12
12:12:58.2 (2821182)|HEAP_ALLOCATE|[EXTERNAL]|Bytes:9
12:12:58.2 (2822764)|HEAP_ALLOCATE|[EXTERNAL]|Bytes:7
12:12:58.2 (2823896)|HEAP_ALLOCATE|[EXTERNAL]|Bytes:12
12:12:58.2 (2825090)|HEAP_ALLOCATE|[EXTERNAL]|Bytes:25
12:12:58.2 (2826349)|HEAP_ALLOCATE|[EXTERNAL]|Bytes:29
12:12:58.2 (2827664)|HEAP_ALLOCATE|[EXTERNAL]|Bytes:7
12:12:58.2 (2828784)|HEAP_ALLOCATE|[EXTERNAL]|Bytes:17
12:12:58.2 (2833850)|SYSTEM_MODE_ENTER|false
12:12:58.2 (2841630)|VARIABLE_SCOPE_BEGIN|[19]|rowsLimit|String|false|false
12:12:58.2 (2868307)|VARIABLE_ASSIGNMENT|[19]|rowsLimit|"8"
12:12:58.2 (2872013)|VARIABLE_SCOPE_BEGIN|[19]|objectApiName|String|false|false
12:12:58.2 (2876224)|VARIABLE_ASSIGNMENT|[19]|objectApiName|"Interview__c"
12:12:58.2 (2878203)|VARIABLE_SCOPE_BEGIN|[19]|filter1Field|String|false|false
12:12:58.2 (2880943)|VARIABLE_ASSIGNMENT|[19]|filter1Field|"Status__c"
12:12:58.2 (2882937)|VARIABLE_SCOPE_BEGIN|[19]|filter1Value|String|false|false
12:12:58.2 (2885447)|VARIABLE_ASSIGNMENT|[19]|filter1Value|"Pending"
12:12:58.2 (2887404)|VARIABLE_SCOPE_BEGIN|[19]|eventField|String|false|false
12:12:58.2 (2889936)|VARIABLE_ASSIGNMENT|[19]|eventField|"Candidate__c"
12:12:58.2 (2891825)|VARIABLE_SCOPE_BEGIN|[19]|column1|String|false|false
12:12:58.2 (2896702)|VARIABLE_ASSIGNMENT|[19]|column1|"Candidate__r.Full_Na (5 more) ..."
12:12:58.2 (2898884)|VARIABLE_SCOPE_BEGIN|[19]|column2|String|false|false
12:12:58.2 (2902346)|VARIABLE_ASSIGNMENT|[19]|column2|"Candidate__r.Positio (9 more) ..."
12:12:58.2 (2904176)|VARIABLE_SCOPE_BEGIN|[19]|column3|String|false|false
12:12:58.2 (2906586)|VARIABLE_ASSIGNMENT|[19]|column3|"Date__c"
12:12:58.2 (2908354)|VARIABLE_SCOPE_BEGIN|[19]|column4|String|false|false
12:12:58.2 (2910860)|VARIABLE_ASSIGNMENT|[19]|column4|"Interview_Type__c"
12:12:58.2 (2924938)|HEAP_ALLOCATE|[21]|Bytes:5
12:12:58.2 (2929514)|STATEMENT_EXECUTE|[19]
12:12:58.2 (2931052)|STATEMENT_EXECUTE|[21]
12:12:58.2 (2933943)|HEAP_ALLOCATE|[21]|Bytes:20
12:12:58.2 (2949381)|HEAP_ALLOCATE|[21]|Bytes:21
12:12:58.2 (2982392)|ENTERING_MANAGED_PKG|
12:12:58.2 (3017198)|USER_DEBUG|[21]|DEBUG|######## rowsLimit: 8
12:12:58.2 (3027108)|STATEMENT_EXECUTE|[22]
12:12:58.2 (3031289)|HEAP_ALLOCATE|[22]|Bytes:24
12:12:58.2 (3038294)|HEAP_ALLOCATE|[22]|Bytes:36
12:12:58.2 (3048733)|ENTERING_MANAGED_PKG|
12:12:58.2 (3065385)|USER_DEBUG|[22]|DEBUG|######## objectApiName: Interview__c
12:12:58.2 (3075075)|STATEMENT_EXECUTE|[24]
12:12:58.2 (3152060)|HEAP_ALLOCATE|[24]|Bytes:4
12:12:58.2 (3247880)|ENTERING_MANAGED_PKG|
12:12:58.2 (3281797)|VARIABLE_SCOPE_BEGIN|[24]|lstReturnRecords|List<testautonumdata.InterviewsLCServerController>|true|false
12:12:58.2 (3317006)|HEAP_ALLOCATE|[EXTERNAL]|Bytes:4
12:12:58.2 (3334435)|VARIABLE_ASSIGNMENT|[24]|lstReturnRecords|{"s":1,"v":[]}|0x58387a45
12:12:58.2 (3338113)|STATEMENT_EXECUTE|[26]
12:12:58.2 (3363691)|ENTERING_MANAGED_PKG|
12:12:58.2 (3396627)|VARIABLE_SCOPE_BEGIN|[26]|rLimit|Integer|false|false
12:12:58.2 (3402313)|HEAP_ALLOCATE|[26]|Bytes:4
12:12:58.2 (3408860)|VARIABLE_ASSIGNMENT|[26]|rLimit|8
12:12:58.2 (3411387)|STATEMENT_EXECUTE|[27]
12:12:58.2 (3414791)|HEAP_ALLOCATE|[27]|Bytes:17
12:12:58.2 (3432910)|ENTERING_MANAGED_PKG|
12:12:58.2 (3459346)|HEAP_ALLOCATE|[27]|Bytes:1
12:12:58.2 (3473834)|HEAP_ALLOCATE|[27]|Bytes:18
12:12:58.2 (3485862)|ENTERING_MANAGED_PKG|
12:12:58.2 (3489253)|USER_DEBUG|[27]|DEBUG|######## rLimit: 8
12:12:58.2 (3494226)|STATEMENT_EXECUTE|[29]
12:12:58.2 (3497673)|HEAP_ALLOCATE|[29]|Bytes:9
12:12:58.2 (3501533)|VARIABLE_SCOPE_BEGIN|[29]|soql|String|false|false
12:12:58.2 (3508849)|VARIABLE_ASSIGNMENT|[29]|soql|"Select id"
12:12:58.2 (3511395)|STATEMENT_EXECUTE|[32]
12:12:58.2 (3514063)|HEAP_ALLOCATE|[32]|Bytes:2
12:12:58.2 (3519361)|HEAP_ALLOCATE|[32]|Bytes:14
12:12:58.2 (3523200)|HEAP_ALLOCATE|[32]|Bytes:23
12:12:58.2 (3529971)|VARIABLE_ASSIGNMENT|[32]|soql|"Select id, Candidate (3 more) ..."
12:12:58.2 (3533330)|STATEMENT_EXECUTE|[35]
12:12:58.2 (3537275)|HEAP_ALLOCATE|[35]|Bytes:27
12:12:58.2 (3541165)|HEAP_ALLOCATE|[35]|Bytes:50
12:12:58.2 (3546886)|VARIABLE_ASSIGNMENT|[35]|soql|"Select id, Candidate (30 more) ..."
12:12:58.2 (3549517)|STATEMENT_EXECUTE|[38]
12:12:58.2 (3553242)|HEAP_ALLOCATE|[38]|Bytes:31
12:12:58.2 (3556913)|HEAP_ALLOCATE|[38]|Bytes:81
12:12:58.2 (3562117)|VARIABLE_ASSIGNMENT|[38]|soql|"Select id, Candidate (61 more) ..."
12:12:58.2 (3564759)|STATEMENT_EXECUTE|[41]
12:12:58.2 (3568439)|HEAP_ALLOCATE|[41]|Bytes:9
12:12:58.2 (3572523)|HEAP_ALLOCATE|[41]|Bytes:90
12:12:58.2 (3577805)|VARIABLE_ASSIGNMENT|[41]|soql|"Select id, Candidate (70 more) ..."
12:12:58.2 (3580245)|STATEMENT_EXECUTE|[44]
12:12:58.2 (3583975)|HEAP_ALLOCATE|[44]|Bytes:19
12:12:58.2 (3587908)|HEAP_ALLOCATE|[44]|Bytes:109
12:12:58.2 (3593650)|VARIABLE_ASSIGNMENT|[44]|soql|"Select id, Candidate (89 more) ..."
12:12:58.2 (3595930)|STATEMENT_EXECUTE|[47]
12:12:58.2 (3598553)|HEAP_ALLOCATE|[47]|Bytes:6
12:12:58.2 (3602600)|HEAP_ALLOCATE|[47]|Bytes:18
12:12:58.2 (3606117)|HEAP_ALLOCATE|[47]|Bytes:127
12:12:58.2 (3611976)|VARIABLE_ASSIGNMENT|[47]|soql|"Select id, Candidate (107 more) ..."
12:12:58.2 (3620444)|STATEMENT_EXECUTE|[51]
12:12:58.2 (3623314)|HEAP_ALLOCATE|[51]|Bytes:7
12:12:58.2 (3625889)|HEAP_ALLOCATE|[51]|Bytes:4
12:12:58.2 (3628123)|HEAP_ALLOCATE|[51]|Bytes:1
12:12:58.2 (3637236)|HEAP_ALLOCATE|[51]|Bytes:28
12:12:58.2 (3641501)|HEAP_ALLOCATE|[51]|Bytes:155
12:12:58.2 (3647820)|VARIABLE_ASSIGNMENT|[51]|soql|"Select id, Candidate (135 more) ..."
12:12:58.2 (3650636)|STATEMENT_EXECUTE|[54]
12:12:58.2 (3653467)|HEAP_ALLOCATE|[54]|Bytes:7
12:12:58.2 (3657648)|HEAP_ALLOCATE|[54]|Bytes:8
12:12:58.2 (3661296)|HEAP_ALLOCATE|[54]|Bytes:163
12:12:58.2 (3666775)|VARIABLE_ASSIGNMENT|[54]|soql|"Select id, Candidate (143 more) ..."
12:12:58.2 (3668828)|STATEMENT_EXECUTE|[58]
12:12:58.2 (3671012)|HEAP_ALLOCATE|[58]|Bytes:15
12:12:58.2 (3675069)|HEAP_ALLOCATE|[58]|Bytes:178
12:12:58.2 (3686319)|ENTERING_MANAGED_PKG|
12:12:58.2 (3704557)|USER_DEBUG|[58]|DEBUG|######## soql: Select id, Candidate__c, Candidate__r.Full_Name__c, Candidate__r.Position__r.Name, Date__c, Interview_Type__c FROM Interview__c where Status__c = 'Pending' limit 8
12:12:58.2 (3712590)|STATEMENT_EXECUTE|[60]
12:12:58.2 (3734852)|ENTERING_MANAGED_PKG|
12:12:58.2 (3755319)|HEAP_ALLOCATE|[60]|Bytes:4
12:12:58.2 (4890687)|SOQL_EXECUTE_BEGIN|[60]|Aggregations:0|Select id, Candidate__c, Candidate__r.Full_Name__c, Candidate__r.Position__r.Name, Date__c, Interview_Type__c FROM Interview__c where Status__c = 'Pending' limit 8
12:12:58.2 (23041388)|SOQL_EXECUTE_END|[60]|Rows:2
12:12:58.2 (23079650)|HEAP_ALLOCATE|[60]|Bytes:12
12:12:58.2 (23119933)|HEAP_ALLOCATE|[60]|Bytes:840
12:12:58.2 (23210133)|HEAP_ALLOCATE|[60]|Bytes:12
12:12:58.2 (23229947)|VARIABLE_SCOPE_BEGIN|[60]|lstQueriedRecords|List<SObject>|true|false
12:12:58.2 (23291331)|VARIABLE_ASSIGNMENT|[60]|lstQueriedRecords|{"s":1,"v":[{"s":2,"v":{"Id":"a0NB0000000TaTOMA0","testautonumdata__Can (9 more) ...":"a0MB0000000cQXFMA2","testautonumdata__Dat (4 more) ...":"11/9/2016","testautonumdata__Int (14 more) ...":"Technical Interview","testautonumdata__Can (9 more) ...":{"s":3,"v":{"testautonumdata__Ful (9 more) ...":"Rodrigo Reboucas","testautonumdata__Pos (8 more) ...":"a0LB0000000seqpMAA","Id":"a0MB0000000cQXFMA2","testautonumdata__Pos (8 more) ...":{"s":4,"v":{"Name":"Architect - Force.co (1 more) ...","Id":"a0LB0000000seqpMAA"}}}}}},{"s":5,"v":{"Id":"a0NB0000000RasPMAS","testautonumdata__Can (9 more) ...":"a0MB0000000cQdIMAU","testautonumdata__Dat (4 more) ...":"10/26/2016","testautonumdata__Int (14 more) ...":"Recruiter Interview","testautonumdata__Can (9 more) ...":{"s":6,"v":{"testautonumdata__Ful (9 more) ...":"Lizz Brooks","testautonumdata__Pos (8 more) ...":"a0LB0000000sexWMAQ","Id":"a0MB0000000cQdIMAU","testautonumdata__Pos (8 more) ...":{"s":7,"v":{"Name":"Project Coordinator","Id":"a0LB0000000sexWMAQ"}}}}}}]}|0x4f591bd8
12:12:58.2 (23302863)|STATEMENT_EXECUTE|[62]
12:12:58.2 (23308284)|HEAP_ALLOCATE|[62]|Bytes:28
12:12:58.2 (23331907)|ENTERING_MANAGED_PKG|
12:12:58.2 (23441908)|HEAP_ALLOCATE|[62]|Bytes:395
12:12:58.2 (23461488)|HEAP_ALLOCATE|[62]|Bytes:423
12:12:58.2 (23476607)|ENTERING_MANAGED_PKG|
12:12:58.2 (23480965)|USER_DEBUG|[62]|DEBUG|######## lstQueriedRecords: (testautonumdata__Interview__c:{Id=a0NB0000000TaTOMA0, testautonumdata__Candidate__c=a0MB0000000cQXFMA2, testautonumdata__Date__c=11/9/2016, testautonumdata__Interview_Type__c=Technical Interview}, testautonumdata__Interview__c:{Id=a0NB0000000RasPMAS, testautonumdata__Candidate__c=a0MB0000000cQdIMAU, testautonumdata__Date__c=10/26/2016, testautonumdata__Interview_Type__c=Recruiter Interview})
12:12:58.2 (23560012)|ENTERING_MANAGED_PKG|
12:12:58.2 (23819809)|HEAP_ALLOCATE|[66]|Bytes:5
12:12:58.2 (23866011)|HEAP_ALLOCATE|[66]|Bytes:24
12:12:58.2 (23888275)|VARIABLE_SCOPE_BEGIN|[66]|e|SObject|true|false
12:12:58.2 (23916745)|VARIABLE_ASSIGNMENT|[66]|e|{"s":1,"v":{"Id":"a0NB0000000TaTOMA0","testautonumdata__Can (9 more) ...":"a0MB0000000cQXFMA2","testautonumdata__Dat (4 more) ...":"11/9/2016","testautonumdata__Int (14 more) ...":"Technical Interview","testautonumdata__Can (9 more) ...":{"s":2,"v":{"testautonumdata__Ful (9 more) ...":"Rodrigo Reboucas","testautonumdata__Pos (8 more) ...":"a0LB0000000seqpMAA","Id":"a0MB0000000cQXFMA2","testautonumdata__Pos (8 more) ...":{"s":3,"v":{"Name":"Architect - Force.co (1 more) ...","Id":"a0LB0000000seqpMAA"}}}}}}|0x6c5f1f11
12:12:58.2 (23923756)|STATEMENT_EXECUTE|[67]
12:12:58.2 (23925311)|STATEMENT_EXECUTE|[68]
12:12:58.2 (23929179)|HEAP_ALLOCATE|[68]|Bytes:12
12:12:58.2 (23950632)|ENTERING_MANAGED_PKG|
12:12:58.2 (24019119)|HEAP_ALLOCATE|[68]|Bytes:195
12:12:58.2 (24038322)|HEAP_ALLOCATE|[68]|Bytes:207
12:12:58.2 (24050786)|ENTERING_MANAGED_PKG|
12:12:58.2 (24054148)|USER_DEBUG|[68]|DEBUG|######## e: testautonumdata__Interview__c:{Id=a0NB0000000TaTOMA0, testautonumdata__Candidate__c=a0MB0000000cQXFMA2, testautonumdata__Date__c=11/9/2016, testautonumdata__Interview_Type__c=Technical Interview}
12:12:58.2 (24061339)|STATEMENT_EXECUTE|[69]
12:12:58.2 (24068331)|HEAP_ALLOCATE|[69]|Bytes:28
12:12:58.2 (24086996)|CONSTRUCTOR_ENTRY|[69]|01pB0000000lA1s|<init>()
12:12:58.2 (24116122)|VARIABLE_SCOPE_BEGIN|[1]|this|testautonumdata.InterviewsLCServerController|true|false
12:12:58.2 (24168024)|VARIABLE_ASSIGNMENT|[1]|this|{}|0x3639eff2
12:12:58.2 (24177083)|HEAP_ALLOCATE|[EXTERNAL]|Bytes:5
12:12:58.2 (24187383)|HEAP_ALLOCATE|[EXTERNAL]|Bytes:6
12:12:58.2 (24222647)|STATEMENT_EXECUTE|[1]
12:12:58.2 (24228033)|HEAP_ALLOCATE|[EXTERNAL]|Bytes:5
12:12:58.2 (24230570)|STATEMENT_EXECUTE|[4]
12:12:58.2 (24232121)|STATEMENT_EXECUTE|[6]
12:12:58.2 (24233048)|STATEMENT_EXECUTE|[8]
12:12:58.2 (24234047)|STATEMENT_EXECUTE|[10]
12:12:58.2 (24235179)|STATEMENT_EXECUTE|[12]
12:12:58.2 (24236189)|STATEMENT_EXECUTE|[14]
12:12:58.2 (24247555)|CONSTRUCTOR_EXIT|[69]|01pB0000000lA1s|<init>()
12:12:58.2 (24252492)|VARIABLE_SCOPE_BEGIN|[69]|i|testautonumdata.InterviewsLCServerController|true|false
12:12:58.2 (24272790)|VARIABLE_ASSIGNMENT|[69]|i|{}|0x3639eff2
12:12:58.2 (24275541)|STATEMENT_EXECUTE|[72]
12:12:58.2 (24279432)|HEAP_ALLOCATE|[72]|Bytes:2
12:12:58.2 (24309860)|ENTERING_MANAGED_PKG|
12:12:58.2 (24367249)|HEAP_ALLOCATE|[72]|Bytes:4
12:12:58.2 (24389872)|ENTERING_MANAGED_PKG|
12:12:58.2 (24394237)|HEAP_ALLOCATE|[72]|Bytes:18
12:12:58.2 (24428814)|VARIABLE_ASSIGNMENT|[EXTERNAL]|this|{}|0x3639eff2
12:12:58.2 (24436087)|VARIABLE_ASSIGNMENT|[EXTERNAL]|value|"a0NB0000000TaTOMA0"
12:12:58.2 (24449695)|VARIABLE_ASSIGNMENT|[4]|this.recordID|"a0NB0000000TaTOMA0"|0x3639eff2
12:12:58.2 (24457380)|STATEMENT_EXECUTE|[74]
12:12:58.2 (24461761)|STATEMENT_EXECUTE|[75]
12:12:58.2 (24473302)|METHOD_ENTRY|[75]|01pB0000000lA1s|testautonumdata.InterviewsLCServerController.GetSobjectField(SObject, String)
12:12:58.2 (24493942)|VARIABLE_SCOPE_BEGIN|[111]|e|SObject|true|false
12:12:58.2 (24519358)|VARIABLE_ASSIGNMENT|[111]|e|{"s":1,"v":{"Id":"a0NB0000000TaTOMA0","testautonumdata__Can (9 more) ...":"a0MB0000000cQXFMA2","testautonumdata__Dat (4 more) ...":"11/9/2016","testautonumdata__Int (14 more) ...":"Technical Interview","testautonumdata__Can (9 more) ...":{"s":2,"v":{"testautonumdata__Ful (9 more) ...":"Rodrigo Reboucas","testautonumdata__Pos (8 more) ...":"a0LB0000000seqpMAA","Id":"a0MB0000000cQXFMA2","testautonumdata__Pos (8 more) ...":{"s":3,"v":{"Name":"Architect - Force.co (1 more) ...","Id":"a0LB0000000seqpMAA"}}}}}}|0x6c5f1f11
12:12:58.2 (24525263)|VARIABLE_SCOPE_BEGIN|[111]|lcfield|String|false|false
12:12:58.2 (24530014)|VARIABLE_ASSIGNMENT|[111]|lcfield|"Candidate__c"
12:12:58.2 (24538855)|HEAP_ALLOCATE|[114]|Bytes:5
12:12:58.2 (24542641)|STATEMENT_EXECUTE|[112]
12:12:58.2 (24544098)|STATEMENT_EXECUTE|[114]
12:12:58.2 (24549054)|VARIABLE_SCOPE_BEGIN|[114]|returnValue|String|false|false
12:12:58.2 (24554197)|VARIABLE_ASSIGNMENT|[114]|returnValue|""
12:12:58.2 (24557107)|HEAP_ALLOCATE|[116]|Bytes:1
12:12:58.2 (24577669)|ENTERING_MANAGED_PKG|
12:12:58.2 (24610024)|STATEMENT_EXECUTE|[131]
12:12:58.2 (24622943)|ENTERING_MANAGED_PKG|
12:12:58.2 (24669028)|HEAP_ALLOCATE|[131]|Bytes:4
12:12:58.2 (24690404)|ENTERING_MANAGED_PKG|
12:12:58.2 (24694424)|HEAP_ALLOCATE|[131]|Bytes:18
12:12:58.2 (24707001)|VARIABLE_ASSIGNMENT|[131]|returnValue|"a0MB0000000cQXFMA2"
12:12:58.2 (24710364)|STATEMENT_EXECUTE|[133]
12:12:58.2 (24719231)|METHOD_EXIT|[75]|01pB0000000lA1s|testautonumdata.InterviewsLCServerController.GetSobjectField(SObject, String)
12:12:58.2 (24750183)|VARIABLE_ASSIGNMENT|[EXTERNAL]|this|{"recordID":"a0NB0000000TaTOMA0"}|0x3639eff2
12:12:58.2 (24755685)|VARIABLE_ASSIGNMENT|[EXTERNAL]|value|"a0MB0000000cQXFMA2"
12:12:58.2 (24765091)|VARIABLE_ASSIGNMENT|[6]|this.eventField|"a0MB0000000cQXFMA2"|0x3639eff2
12:12:58.2 (24772862)|STATEMENT_EXECUTE|[78]
12:12:58.2 (24774274)|STATEMENT_EXECUTE|[79]
12:12:58.2 (24780445)|METHOD_ENTRY|[79]|01pB0000000lA1s|testautonumdata.InterviewsLCServerController.GetSobjectField(SObject, String)
12:12:58.2 (24798843)|VARIABLE_SCOPE_BEGIN|[111]|e|SObject|true|false
12:12:58.2 (24823204)|VARIABLE_ASSIGNMENT|[111]|e|{"s":1,"v":{"Id":"a0NB0000000TaTOMA0","testautonumdata__Can (9 more) ...":"a0MB0000000cQXFMA2","testautonumdata__Dat (4 more) ...":"11/9/2016","testautonumdata__Int (14 more) ...":"Technical Interview","testautonumdata__Can (9 more) ...":{"s":2,"v":{"testautonumdata__Ful (9 more) ...":"Rodrigo Reboucas","testautonumdata__Pos (8 more) ...":"a0LB0000000seqpMAA","Id":"a0MB0000000cQXFMA2","testautonumdata__Pos (8 more) ...":{"s":3,"v":{"Name":"Architect - Force.co (1 more) ...","Id":"a0LB0000000seqpMAA"}}}}}}|0x6c5f1f11
12:12:58.2 (24828797)|VARIABLE_SCOPE_BEGIN|[111]|lcfield|String|false|false
12:12:58.2 (24833634)|VARIABLE_ASSIGNMENT|[111]|lcfield|"Candidate__r.Full_Na (5 more) ..."
12:12:58.2 (24841014)|HEAP_ALLOCATE|[114]|Bytes:5
12:12:58.2 (24844548)|STATEMENT_EXECUTE|[112]
12:12:58.2 (24845670)|STATEMENT_EXECUTE|[114]
12:12:58.2 (24849193)|VARIABLE_SCOPE_BEGIN|[114]|returnValue|String|false|false
12:12:58.2 (24853465)|VARIABLE_ASSIGNMENT|[114]|returnValue|""
12:12:58.2 (24868591)|ENTERING_MANAGED_PKG|
12:12:58.2 (24878729)|STATEMENT_EXECUTE|[117]
12:12:58.2 (24880296)|STATEMENT_EXECUTE|[118]
12:12:58.2 (24895384)|ENTERING_MANAGED_PKG|
12:12:58.2 (24919332)|HEAP_ALLOCATE|[118]|Bytes:12
12:12:58.2 (24931273)|VARIABLE_SCOPE_BEGIN|[118]|relName|String|false|false
12:12:58.2 (24938881)|VARIABLE_ASSIGNMENT|[118]|relName|"Candidate__r"
12:12:58.2 (24941363)|STATEMENT_EXECUTE|[119]
12:12:58.2 (24957707)|ENTERING_MANAGED_PKG|
12:12:58.2 (24979777)|HEAP_ALLOCATE|[119]|Bytes:12
12:12:58.2 (24991469)|VARIABLE_SCOPE_BEGIN|[119]|relField|String|false|false
12:12:58.2 (24998857)|VARIABLE_ASSIGNMENT|[119]|relField|"Full_Name__c"
12:12:58.2 (25011688)|ENTERING_MANAGED_PKG|
12:12:58.2 (25040415)|STATEMENT_EXECUTE|[127]
12:12:58.2 (25056857)|ENTERING_MANAGED_PKG|
12:12:58.2 (25126839)|HEAP_ALLOCATE|[127]|Bytes:20
12:12:58.2 (25150663)|ENTERING_MANAGED_PKG|
12:12:58.2 (25176934)|HEAP_ALLOCATE|[127]|Bytes:16
12:12:58.2 (25196369)|ENTERING_MANAGED_PKG|
12:12:58.2 (25200058)|HEAP_ALLOCATE|[127]|Bytes:16
12:12:58.2 (25212219)|VARIABLE_ASSIGNMENT|[127]|returnValue|"Rodrigo Reboucas"
12:12:58.2 (25215742)|STATEMENT_EXECUTE|[133]
12:12:58.2 (25223625)|METHOD_EXIT|[79]|01pB0000000lA1s|testautonumdata.InterviewsLCServerController.GetSobjectField(SObject, String)
12:12:58.2 (25256161)|VARIABLE_ASSIGNMENT|[EXTERNAL]|this|{"eventField":"a0MB0000000cQXFMA2","recordID":"a0NB0000000TaTOMA0"}|0x3639eff2
12:12:58.2 (25262343)|VARIABLE_ASSIGNMENT|[EXTERNAL]|value|"Rodrigo Reboucas"
12:12:58.2 (25271770)|VARIABLE_ASSIGNMENT|[8]|this.column1|"Rodrigo Reboucas"|0x3639eff2
12:12:58.2 (25279604)|STATEMENT_EXECUTE|[82]
12:12:58.2 (25281023)|STATEMENT_EXECUTE|[83]
12:12:58.2 (25287084)|METHOD_ENTRY|[83]|01pB0000000lA1s|testautonumdata.InterviewsLCServerController.GetSobjectField(SObject, String)
12:12:58.2 (25305464)|VARIABLE_SCOPE_BEGIN|[111]|e|SObject|true|false
12:12:58.2 (25329444)|VARIABLE_ASSIGNMENT|[111]|e|{"s":1,"v":{"Id":"a0NB0000000TaTOMA0","testautonumdata__Can (9 more) ...":"a0MB0000000cQXFMA2","testautonumdata__Dat (4 more) ...":"11/9/2016","testautonumdata__Int (14 more) ...":"Technical Interview","testautonumdata__Can (9 more) ...":{"s":2,"v":{"testautonumdata__Ful (9 more) ...":"Rodrigo Reboucas","testautonumdata__Pos (8 more) ...":"a0LB0000000seqpMAA","Id":"a0MB0000000cQXFMA2","testautonumdata__Pos (8 more) ...":{"s":3,"v":{"Name":"Architect - Force.co (1 more) ...","Id":"a0LB0000000seqpMAA"}}}}}}|0x6c5f1f11
12:12:58.2 (25334784)|VARIABLE_SCOPE_BEGIN|[111]|lcfield|String|false|false
12:12:58.2 (25339338)|VARIABLE_ASSIGNMENT|[111]|lcfield|"Candidate__r.Positio (9 more) ..."
12:12:58.2 (25346806)|HEAP_ALLOCATE|[114]|Bytes:5
12:12:58.2 (25350403)|STATEMENT_EXECUTE|[112]
12:12:58.2 (25351806)|STATEMENT_EXECUTE|[114]
12:12:58.2 (25355566)|VARIABLE_SCOPE_BEGIN|[114]|returnValue|String|false|false
12:12:58.2 (25359919)|VARIABLE_ASSIGNMENT|[114]|returnValue|""
12:12:58.2 (25375015)|ENTERING_MANAGED_PKG|
12:12:58.2 (25384485)|STATEMENT_EXECUTE|[117]
12:12:58.2 (25385984)|STATEMENT_EXECUTE|[118]
12:12:58.2 (25394342)|ENTERING_MANAGED_PKG|
12:12:58.2 (25398442)|HEAP_ALLOCATE|[118]|Bytes:12
12:12:58.2 (25406133)|VARIABLE_SCOPE_BEGIN|[118]|relName|String|false|false
12:12:58.2 (25412184)|VARIABLE_ASSIGNMENT|[118]|relName|"Candidate__r"
12:12:58.2 (25414282)|STATEMENT_EXECUTE|[119]
12:12:58.2 (25423313)|ENTERING_MANAGED_PKG|
12:12:58.2 (25426973)|HEAP_ALLOCATE|[119]|Bytes:16
12:12:58.2 (25434655)|VARIABLE_SCOPE_BEGIN|[119]|relField|String|false|false
12:12:58.2 (25440446)|VARIABLE_ASSIGNMENT|[119]|relField|"Position__r.Name"
12:12:58.2 (25449712)|ENTERING_MANAGED_PKG|
12:12:58.2 (25457551)|STATEMENT_EXECUTE|[121]
12:12:58.2 (25459132)|STATEMENT_EXECUTE|[122]
12:12:58.2 (25468223)|ENTERING_MANAGED_PKG|
12:12:58.2 (25490572)|HEAP_ALLOCATE|[122]|Bytes:11
12:12:58.2 (25502221)|VARIABLE_SCOPE_BEGIN|[122]|relName2|String|false|false
12:12:58.2 (25509030)|VARIABLE_ASSIGNMENT|[122]|relName2|"Position__r"
12:12:58.2 (25511496)|STATEMENT_EXECUTE|[123]
12:12:58.2 (25524115)|ENTERING_MANAGED_PKG|
12:12:58.2 (25544420)|HEAP_ALLOCATE|[123]|Bytes:4
12:12:58.2 (25555900)|VARIABLE_SCOPE_BEGIN|[123]|relField2|String|false|false
12:12:58.2 (25563109)|VARIABLE_ASSIGNMENT|[123]|relField2|"Name"
12:12:58.2 (25565614)|STATEMENT_EXECUTE|[124]
12:12:58.2 (25578246)|ENTERING_MANAGED_PKG|
12:12:58.2 (25628635)|HEAP_ALLOCATE|[124]|Bytes:20
12:12:58.2 (25651089)|ENTERING_MANAGED_PKG|
12:12:58.2 (25704622)|HEAP_ALLOCATE|[124]|Bytes:12
12:12:58.2 (25727596)|ENTERING_MANAGED_PKG|
12:12:58.2 (25751987)|HEAP_ALLOCATE|[124]|Bytes:21
12:12:58.2 (25770823)|ENTERING_MANAGED_PKG|
12:12:58.2 (25774522)|HEAP_ALLOCATE|[124]|Bytes:21
12:12:58.2 (25787673)|VARIABLE_ASSIGNMENT|[124]|returnValue|"Architect - Force.co (1 more) ..."
12:12:58.2 (25791596)|STATEMENT_EXECUTE|[133]
12:12:58.2 (25799477)|METHOD_EXIT|[83]|01pB0000000lA1s|testautonumdata.InterviewsLCServerController.GetSobjectField(SObject, String)
12:12:58.2 (25832284)|VARIABLE_ASSIGNMENT|[EXTERNAL]|this|{"column1":"Rodrigo Reboucas","eventField":"a0MB0000000cQXFMA2","recordID":"a0NB0000000TaTOMA0"}|0x3639eff2
12:12:58.2 (25839472)|VARIABLE_ASSIGNMENT|[EXTERNAL]|value|"Architect - Force.co (1 more) ..."
12:12:58.2 (25849597)|VARIABLE_ASSIGNMENT|[10]|this.column2|"Architect - Force.co (1 more) ..."|0x3639eff2
12:12:58.2 (25856933)|STATEMENT_EXECUTE|[87]
12:12:58.2 (25858280)|STATEMENT_EXECUTE|[88]
12:12:58.2 (25864424)|METHOD_ENTRY|[88]|01pB0000000lA1s|testautonumdata.InterviewsLCServerController.GetSobjectField(SObject, String)
12:12:58.2 (25882702)|VARIABLE_SCOPE_BEGIN|[111]|e|SObject|true|false
12:12:58.2 (25906567)|VARIABLE_ASSIGNMENT|[111]|e|{"s":1,"v":{"Id":"a0NB0000000TaTOMA0","testautonumdata__Can (9 more) ...":"a0MB0000000cQXFMA2","testautonumdata__Dat (4 more) ...":"11/9/2016","testautonumdata__Int (14 more) ...":"Technical Interview","testautonumdata__Can (9 more) ...":{"s":2,"v":{"testautonumdata__Ful (9 more) ...":"Rodrigo Reboucas","testautonumdata__Pos (8 more) ...":"a0LB0000000seqpMAA","Id":"a0MB0000000cQXFMA2","testautonumdata__Pos (8 more) ...":{"s":3,"v":{"Name":"Architect - Force.co (1 more) ...","Id":"a0LB0000000seqpMAA"}}}}}}|0x6c5f1f11
12:12:58.2 (25912705)|VARIABLE_SCOPE_BEGIN|[111]|lcfield|String|false|false
12:12:58.2 (25916558)|VARIABLE_ASSIGNMENT|[111]|lcfield|"Date__c"
12:12:58.2 (25923969)|HEAP_ALLOCATE|[114]|Bytes:5
12:12:58.2 (25927587)|STATEMENT_EXECUTE|[112]
12:12:58.2 (25928649)|STATEMENT_EXECUTE|[114]
12:12:58.2 (25932112)|VARIABLE_SCOPE_BEGIN|[114]|returnValue|String|false|false
12:12:58.2 (25936557)|VARIABLE_ASSIGNMENT|[114]|returnValue|""
12:12:58.2 (25951519)|ENTERING_MANAGED_PKG|
12:12:58.2 (25960912)|STATEMENT_EXECUTE|[131]
12:12:58.2 (25969438)|ENTERING_MANAGED_PKG|
12:12:58.2 (25990281)|HEAP_ALLOCATE|[131]|Bytes:9
12:12:58.2 (26007609)|ENTERING_MANAGED_PKG|
12:12:58.2 (26012354)|HEAP_ALLOCATE|[131]|Bytes:9
12:12:58.2 (26024302)|VARIABLE_ASSIGNMENT|[131]|returnValue|"11/9/2016"
12:12:58.2 (26027303)|STATEMENT_EXECUTE|[133]
12:12:58.2 (26035204)|METHOD_EXIT|[88]|01pB0000000lA1s|testautonumdata.InterviewsLCServerController.GetSobjectField(SObject, String)
12:12:58.2 (26066821)|VARIABLE_ASSIGNMENT|[EXTERNAL]|this|{"column1":"Rodrigo Reboucas","column2":"Architect - Force.co (1 more) ...","eventField":"a0MB0000000cQXFMA2","recordID":"a0NB0000000TaTOMA0"}|0x3639eff2
12:12:58.2 (26073166)|VARIABLE_ASSIGNMENT|[EXTERNAL]|value|"11/9/2016"
12:12:58.2 (26082153)|VARIABLE_ASSIGNMENT|[12]|this.column3|"11/9/2016"|0x3639eff2
12:12:58.2 (26089343)|STATEMENT_EXECUTE|[92]
12:12:58.2 (26090765)|STATEMENT_EXECUTE|[93]
12:12:58.2 (26096760)|METHOD_ENTRY|[93]|01pB0000000lA1s|testautonumdata.InterviewsLCServerController.GetSobjectField(SObject, String)
12:12:58.2 (26118864)|VARIABLE_SCOPE_BEGIN|[111]|e|SObject|true|false
12:12:58.2 (26143171)|VARIABLE_ASSIGNMENT|[111]|e|{"s":1,"v":{"Id":"a0NB0000000TaTOMA0","testautonumdata__Can (9 more) ...":"a0MB0000000cQXFMA2","testautonumdata__Dat (4 more) ...":"11/9/2016","testautonumdata__Int (14 more) ...":"Technical Interview","testautonumdata__Can (9 more) ...":{"s":2,"v":{"testautonumdata__Ful (9 more) ...":"Rodrigo Reboucas","testautonumdata__Pos (8 more) ...":"a0LB0000000seqpMAA","Id":"a0MB0000000cQXFMA2","testautonumdata__Pos (8 more) ...":{"s":3,"v":{"Name":"Architect - Force.co (1 more) ...","Id":"a0LB0000000seqpMAA"}}}}}}|0x6c5f1f11
12:12:58.2 (26148088)|VARIABLE_SCOPE_BEGIN|[111]|lcfield|String|false|false
12:12:58.2 (26152434)|VARIABLE_ASSIGNMENT|[111]|lcfield|"Interview_Type__c"
12:12:58.2 (26159521)|HEAP_ALLOCATE|[114]|Bytes:5
12:12:58.2 (26162948)|STATEMENT_EXECUTE|[112]
12:12:58.2 (26164130)|STATEMENT_EXECUTE|[114]
12:12:58.2 (26167640)|VARIABLE_SCOPE_BEGIN|[114]|returnValue|String|false|false
12:12:58.2 (26171763)|VARIABLE_ASSIGNMENT|[114]|returnValue|""
12:12:58.2 (26186671)|ENTERING_MANAGED_PKG|
12:12:58.2 (26196024)|STATEMENT_EXECUTE|[131]
12:12:58.2 (26204557)|ENTERING_MANAGED_PKG|
12:12:58.2 (26224950)|HEAP_ALLOCATE|[131]|Bytes:19
12:12:58.2 (26242278)|ENTERING_MANAGED_PKG|
12:12:58.2 (26245835)|HEAP_ALLOCATE|[131]|Bytes:19
12:12:58.2 (26257472)|VARIABLE_ASSIGNMENT|[131]|returnValue|"Technical Interview"
12:12:58.2 (26260633)|STATEMENT_EXECUTE|[133]
12:12:58.2 (26267980)|METHOD_EXIT|[93]|01pB0000000lA1s|testautonumdata.InterviewsLCServerController.GetSobjectField(SObject, String)
12:12:58.2 (26300956)|VARIABLE_ASSIGNMENT|[EXTERNAL]|this|{"column1":"Rodrigo Reboucas","column2":"Architect - Force.co (1 more) ...","column3":"11/9/2016","eventField":"a0MB0000000cQXFMA2","recordID":"a0NB0000000TaTOMA0"}|0x3639eff2
12:12:58.2 (26307854)|VARIABLE_ASSIGNMENT|[EXTERNAL]|value|"Technical Interview"
12:12:58.2 (26316963)|VARIABLE_ASSIGNMENT|[14]|this.column4|"Technical Interview"|0x3639eff2
12:12:58.2 (26324042)|STATEMENT_EXECUTE|[97]
12:12:58.2 (26336932)|ENTERING_MANAGED_PKG|
12:12:58.2 (26370964)|HEAP_ALLOCATE|[EXTERNAL]|Bytes:4
12:12:58.2 (26380116)|STATEMENT_EXECUTE|[99]
12:12:58.2 (26384205)|HEAP_ALLOCATE|[99]|Bytes:12
12:12:58.2 (26400202)|ENTERING_MANAGED_PKG|
12:12:58.2 (26453345)|HEAP_ALLOCATE|[99]|Bytes:194
12:12:58.2 (26470376)|HEAP_ALLOCATE|[99]|Bytes:206
12:12:58.2 (26483545)|ENTERING_MANAGED_PKG|
12:12:58.2 (26487157)|USER_DEBUG|[99]|DEBUG|######## i: InterviewsLCServerController:[column1=Rodrigo Reboucas, column2=Architect - Force.com, column3=11/9/2016, column4=Technical Interview, eventField=a0MB0000000cQXFMA2, recordID=a0NB0000000TaTOMA0]
12:12:58.2 (26501187)|HEAP_ALLOCATE|[66]|Bytes:5
12:12:58.2 (26526889)|HEAP_ALLOCATE|[66]|Bytes:24
12:12:58.2 (26538373)|VARIABLE_SCOPE_BEGIN|[66]|e|SObject|true|false
12:12:58.2 (26565086)|VARIABLE_ASSIGNMENT|[66]|e|{"s":1,"v":{"Id":"a0NB0000000RasPMAS","testautonumdata__Can (9 more) ...":"a0MB0000000cQdIMAU","testautonumdata__Dat (4 more) ...":"10/26/2016","testautonumdata__Int (14 more) ...":"Recruiter Interview","testautonumdata__Can (9 more) ...":{"s":2,"v":{"testautonumdata__Ful (9 more) ...":"Lizz Brooks","testautonumdata__Pos (8 more) ...":"a0LB0000000sexWMAQ","Id":"a0MB0000000cQdIMAU","testautonumdata__Pos (8 more) ...":{"s":3,"v":{"Name":"Project Coordinator","Id":"a0LB0000000sexWMAQ"}}}}}}|0x5bebfac5
12:12:58.2 (26570682)|STATEMENT_EXECUTE|[67]
12:12:58.2 (26571917)|STATEMENT_EXECUTE|[68]
12:12:58.2 (26587240)|ENTERING_MANAGED_PKG|
12:12:58.2 (26631146)|HEAP_ALLOCATE|[68]|Bytes:196
12:12:58.2 (26646530)|HEAP_ALLOCATE|[68]|Bytes:208
12:12:58.2 (26656202)|ENTERING_MANAGED_PKG|
12:12:58.2 (26659060)|USER_DEBUG|[68]|DEBUG|######## e: testautonumdata__Interview__c:{Id=a0NB0000000RasPMAS, testautonumdata__Candidate__c=a0MB0000000cQdIMAU, testautonumdata__Date__c=10/26/2016, testautonumdata__Interview_Type__c=Recruiter Interview}
12:12:58.2 (26665667)|STATEMENT_EXECUTE|[69]
12:12:58.2 (26670202)|HEAP_ALLOCATE|[69]|Bytes:28
12:12:58.2 (26680713)|CONSTRUCTOR_ENTRY|[69]|01pB0000000lA1s|<init>()
12:12:58.2 (26685368)|VARIABLE_SCOPE_BEGIN|[1]|this|testautonumdata.InterviewsLCServerController|true|false
12:12:58.2 (26705867)|VARIABLE_ASSIGNMENT|[1]|this|{}|0x9acc396
12:12:58.2 (26713058)|HEAP_ALLOCATE|[EXTERNAL]|Bytes:5
12:12:58.2 (26728386)|STATEMENT_EXECUTE|[1]
12:12:58.2 (26731962)|HEAP_ALLOCATE|[EXTERNAL]|Bytes:5
12:12:58.2 (26734034)|STATEMENT_EXECUTE|[4]
12:12:58.2 (26735351)|STATEMENT_EXECUTE|[6]
12:12:58.2 (26736311)|STATEMENT_EXECUTE|[8]
12:12:58.2 (26737233)|STATEMENT_EXECUTE|[10]
12:12:58.2 (26738246)|STATEMENT_EXECUTE|[12]
12:12:58.2 (26739181)|STATEMENT_EXECUTE|[14]
12:12:58.2 (26748026)|CONSTRUCTOR_EXIT|[69]|01pB0000000lA1s|<init>()
12:12:58.2 (26752502)|VARIABLE_SCOPE_BEGIN|[69]|i|testautonumdata.InterviewsLCServerController|true|false
12:12:58.2 (26770073)|VARIABLE_ASSIGNMENT|[69]|i|{}|0x9acc396
12:12:58.2 (26772668)|STATEMENT_EXECUTE|[72]
12:12:58.2 (26788328)|ENTERING_MANAGED_PKG|
12:12:58.2 (26809973)|HEAP_ALLOCATE|[72]|Bytes:4
12:12:58.2 (26828338)|ENTERING_MANAGED_PKG|
12:12:58.2 (26832056)|HEAP_ALLOCATE|[72]|Bytes:18
12:12:58.2 (26858315)|VARIABLE_ASSIGNMENT|[EXTERNAL]|this|{}|0x9acc396
12:12:58.2 (26864959)|VARIABLE_ASSIGNMENT|[EXTERNAL]|value|"a0NB0000000RasPMAS"
12:12:58.2 (26872231)|VARIABLE_ASSIGNMENT|[4]|this.recordID|"a0NB0000000RasPMAS"|0x9acc396
12:12:58.2 (26878968)|STATEMENT_EXECUTE|[74]
12:12:58.2 (26880288)|STATEMENT_EXECUTE|[75]
12:12:58.2 (26885533)|METHOD_ENTRY|[75]|01pB0000000lA1s|testautonumdata.InterviewsLCServerController.GetSobjectField(SObject, String)
12:12:58.2 (26889160)|VARIABLE_SCOPE_BEGIN|[111]|e|SObject|true|false
12:12:58.2 (26911747)|VARIABLE_ASSIGNMENT|[111]|e|{"s":1,"v":{"Id":"a0NB0000000RasPMAS","testautonumdata__Can (9 more) ...":"a0MB0000000cQdIMAU","testautonumdata__Dat (4 more) ...":"10/26/2016","testautonumdata__Int (14 more) ...":"Recruiter Interview","testautonumdata__Can (9 more) ...":{"s":2,"v":{"testautonumdata__Ful (9 more) ...":"Lizz Brooks","testautonumdata__Pos (8 more) ...":"a0LB0000000sexWMAQ","Id":"a0MB0000000cQdIMAU","testautonumdata__Pos (8 more) ...":{"s":3,"v":{"Name":"Project Coordinator","Id":"a0LB0000000sexWMAQ"}}}}}}|0x5bebfac5
12:12:58.2 (26917192)|VARIABLE_SCOPE_BEGIN|[111]|lcfield|String|false|false
12:12:58.2 (26920903)|VARIABLE_ASSIGNMENT|[111]|lcfield|"Candidate__c"
12:12:58.2 (26927828)|HEAP_ALLOCATE|[114]|Bytes:5
12:12:58.2 (26931062)|STATEMENT_EXECUTE|[112]
12:12:58.2 (26932148)|STATEMENT_EXECUTE|[114]
12:12:58.2 (26935472)|VARIABLE_SCOPE_BEGIN|[114]|returnValue|String|false|false
12:12:58.2 (26939711)|VARIABLE_ASSIGNMENT|[114]|returnValue|""
12:12:58.2 (26953688)|ENTERING_MANAGED_PKG|
12:12:58.2 (26962916)|STATEMENT_EXECUTE|[131]
12:12:58.2 (26971494)|ENTERING_MANAGED_PKG|
12:12:58.2 (26995155)|HEAP_ALLOCATE|[131]|Bytes:4
12:12:58.2 (27013014)|ENTERING_MANAGED_PKG|
12:12:58.2 (27017840)|HEAP_ALLOCATE|[131]|Bytes:18
12:12:58.2 (27029764)|VARIABLE_ASSIGNMENT|[131]|returnValue|"a0MB0000000cQdIMAU"
12:12:58.2 (27032851)|STATEMENT_EXECUTE|[133]
12:12:58.2 (27040362)|METHOD_EXIT|[75]|01pB0000000lA1s|testautonumdata.InterviewsLCServerController.GetSobjectField(SObject, String)
12:12:58.2 (27065084)|VARIABLE_ASSIGNMENT|[EXTERNAL]|this|{"recordID":"a0NB0000000RasPMAS"}|0x9acc396
12:12:58.2 (27070397)|VARIABLE_ASSIGNMENT|[EXTERNAL]|value|"a0MB0000000cQdIMAU"
12:12:58.2 (27077308)|VARIABLE_ASSIGNMENT|[6]|this.eventField|"a0MB0000000cQdIMAU"|0x9acc396
12:12:58.2 (27083987)|STATEMENT_EXECUTE|[78]
12:12:58.2 (27085261)|STATEMENT_EXECUTE|[79]
12:12:58.2 (27089709)|METHOD_ENTRY|[79]|01pB0000000lA1s|testautonumdata.InterviewsLCServerController.GetSobjectField(SObject, String)
12:12:58.2 (27093139)|VARIABLE_SCOPE_BEGIN|[111]|e|SObject|true|false
12:12:58.2 (27119137)|VARIABLE_ASSIGNMENT|[111]|e|{"s":1,"v":{"Id":"a0NB0000000RasPMAS","testautonumdata__Can (9 more) ...":"a0MB0000000cQdIMAU","testautonumdata__Dat (4 more) ...":"10/26/2016","testautonumdata__Int (14 more) ...":"Recruiter Interview","testautonumdata__Can (9 more) ...":{"s":2,"v":{"testautonumdata__Ful (9 more) ...":"Lizz Brooks","testautonumdata__Pos (8 more) ...":"a0LB0000000sexWMAQ","Id":"a0MB0000000cQdIMAU","testautonumdata__Pos (8 more) ...":{"s":3,"v":{"Name":"Project Coordinator","Id":"a0LB0000000sexWMAQ"}}}}}}|0x5bebfac5
12:12:58.2 (27123747)|VARIABLE_SCOPE_BEGIN|[111]|lcfield|String|false|false
12:12:58.2 (27128158)|VARIABLE_ASSIGNMENT|[111]|lcfield|"Candidate__r.Full_Na (5 more) ..."
12:12:58.2 (27135374)|HEAP_ALLOCATE|[114]|Bytes:5
12:12:58.2 (27138860)|STATEMENT_EXECUTE|[112]
12:12:58.2 (27139990)|STATEMENT_EXECUTE|[114]
12:12:58.2 (27143179)|VARIABLE_SCOPE_BEGIN|[114]|returnValue|String|false|false
12:12:58.2 (27147740)|VARIABLE_ASSIGNMENT|[114]|returnValue|""
12:12:58.2 (27165351)|ENTERING_MANAGED_PKG|
12:12:58.2 (27175194)|STATEMENT_EXECUTE|[117]
12:12:58.2 (27176742)|STATEMENT_EXECUTE|[118]
12:12:58.2 (27184992)|ENTERING_MANAGED_PKG|
12:12:58.2 (27188831)|HEAP_ALLOCATE|[118]|Bytes:12
12:12:58.2 (27196607)|VARIABLE_SCOPE_BEGIN|[118]|relName|String|false|false
12:12:58.2 (27202867)|VARIABLE_ASSIGNMENT|[118]|relName|"Candidate__r"
12:12:58.2 (27205001)|STATEMENT_EXECUTE|[119]
12:12:58.2 (27217105)|ENTERING_MANAGED_PKG|
12:12:58.2 (27221145)|HEAP_ALLOCATE|[119]|Bytes:12
12:12:58.2 (27229018)|VARIABLE_SCOPE_BEGIN|[119]|relField|String|false|false
12:12:58.2 (27235036)|VARIABLE_ASSIGNMENT|[119]|relField|"Full_Name__c"
12:12:58.2 (27244445)|ENTERING_MANAGED_PKG|
12:12:58.2 (27252819)|STATEMENT_EXECUTE|[127]
12:12:58.2 (27261158)|ENTERING_MANAGED_PKG|
12:12:58.2 (27299473)|HEAP_ALLOCATE|[127]|Bytes:20
12:12:58.2 (27320221)|ENTERING_MANAGED_PKG|
12:12:58.2 (27344580)|HEAP_ALLOCATE|[127]|Bytes:11
12:12:58.2 (27362641)|ENTERING_MANAGED_PKG|
12:12:58.2 (27366238)|HEAP_ALLOCATE|[127]|Bytes:11
12:12:58.2 (27378280)|VARIABLE_ASSIGNMENT|[127]|returnValue|"Lizz Brooks"
12:12:58.2 (27381524)|STATEMENT_EXECUTE|[133]
12:12:58.2 (27388991)|METHOD_EXIT|[79]|01pB0000000lA1s|testautonumdata.InterviewsLCServerController.GetSobjectField(SObject, String)
12:12:58.2 (27415335)|VARIABLE_ASSIGNMENT|[EXTERNAL]|this|{"eventField":"a0MB0000000cQdIMAU","recordID":"a0NB0000000RasPMAS"}|0x9acc396
12:12:58.2 (27420834)|VARIABLE_ASSIGNMENT|[EXTERNAL]|value|"Lizz Brooks"
12:12:58.2 (27427577)|VARIABLE_ASSIGNMENT|[8]|this.column1|"Lizz Brooks"|0x9acc396
12:12:58.2 (27434328)|STATEMENT_EXECUTE|[82]
12:12:58.2 (27435646)|STATEMENT_EXECUTE|[83]
12:12:58.2 (27440347)|METHOD_ENTRY|[83]|01pB0000000lA1s|testautonumdata.InterviewsLCServerController.GetSobjectField(SObject, String)
12:12:58.2 (27443907)|VARIABLE_SCOPE_BEGIN|[111]|e|SObject|true|false
12:12:58.2 (27464589)|VARIABLE_ASSIGNMENT|[111]|e|{"s":1,"v":{"Id":"a0NB0000000RasPMAS","testautonumdata__Can (9 more) ...":"a0MB0000000cQdIMAU","testautonumdata__Dat (4 more) ...":"10/26/2016","testautonumdata__Int (14 more) ...":"Recruiter Interview","testautonumdata__Can (9 more) ...":{"s":2,"v":{"testautonumdata__Ful (9 more) ...":"Lizz Brooks","testautonumdata__Pos (8 more) ...":"a0LB0000000sexWMAQ","Id":"a0MB0000000cQdIMAU","testautonumdata__Pos (8 more) ...":{"s":3,"v":{"Name":"Project Coordinator","Id":"a0LB0000000sexWMAQ"}}}}}}|0x5bebfac5
12:12:58.2 (27469645)|VARIABLE_SCOPE_BEGIN|[111]|lcfield|String|false|false
12:12:58.2 (27473948)|VARIABLE_ASSIGNMENT|[111]|lcfield|"Candidate__r.Positio (9 more) ..."
12:12:58.2 (27480879)|HEAP_ALLOCATE|[114]|Bytes:5
12:12:58.2 (27484077)|STATEMENT_EXECUTE|[112]
12:12:58.2 (27485186)|STATEMENT_EXECUTE|[114]
12:12:58.2 (27488436)|VARIABLE_SCOPE_BEGIN|[114]|returnValue|String|false|false
12:12:58.2 (27493078)|VARIABLE_ASSIGNMENT|[114]|returnValue|""
12:12:58.2 (27507246)|ENTERING_MANAGED_PKG|
12:12:58.2 (27516357)|STATEMENT_EXECUTE|[117]
12:12:58.2 (27517915)|STATEMENT_EXECUTE|[118]
12:12:58.2 (27526147)|ENTERING_MANAGED_PKG|
12:12:58.2 (27529953)|HEAP_ALLOCATE|[118]|Bytes:12
12:12:58.2 (27537632)|VARIABLE_SCOPE_BEGIN|[118]|relName|String|false|false
12:12:58.2 (27543433)|VARIABLE_ASSIGNMENT|[118]|relName|"Candidate__r"
12:12:58.2 (27545410)|STATEMENT_EXECUTE|[119]
12:12:58.2 (27554565)|ENTERING_MANAGED_PKG|
12:12:58.2 (27558194)|HEAP_ALLOCATE|[119]|Bytes:16
12:12:58.2 (27565728)|VARIABLE_SCOPE_BEGIN|[119]|relField|String|false|false
12:12:58.2 (27571672)|VARIABLE_ASSIGNMENT|[119]|relField|"Position__r.Name"
12:12:58.2 (27580835)|ENTERING_MANAGED_PKG|
12:12:58.2 (27588818)|STATEMENT_EXECUTE|[121]
12:12:58.2 (27590411)|STATEMENT_EXECUTE|[122]
12:12:58.2 (27597898)|ENTERING_MANAGED_PKG|
12:12:58.2 (27601051)|HEAP_ALLOCATE|[122]|Bytes:11
12:12:58.2 (27608637)|VARIABLE_SCOPE_BEGIN|[122]|relName2|String|false|false
12:12:58.2 (27614084)|VARIABLE_ASSIGNMENT|[122]|relName2|"Position__r"
12:12:58.2 (27616157)|STATEMENT_EXECUTE|[123]
12:12:58.2 (27624970)|ENTERING_MANAGED_PKG|
12:12:58.2 (27628549)|HEAP_ALLOCATE|[123]|Bytes:4
12:12:58.2 (27636117)|VARIABLE_SCOPE_BEGIN|[123]|relField2|String|false|false
12:12:58.2 (27641567)|VARIABLE_ASSIGNMENT|[123]|relField2|"Name"
12:12:58.2 (27643736)|STATEMENT_EXECUTE|[124]
12:12:58.2 (27652775)|ENTERING_MANAGED_PKG|
12:12:58.2 (27683207)|HEAP_ALLOCATE|[124]|Bytes:20
12:12:58.2 (27703065)|ENTERING_MANAGED_PKG|
12:12:58.2 (27736144)|HEAP_ALLOCATE|[124]|Bytes:12
12:12:58.2 (27756428)|ENTERING_MANAGED_PKG|
12:12:58.2 (27779544)|HEAP_ALLOCATE|[124]|Bytes:19
12:12:58.2 (27797524)|ENTERING_MANAGED_PKG|
12:12:58.2 (27801215)|HEAP_ALLOCATE|[124]|Bytes:19
12:12:58.2 (27813278)|VARIABLE_ASSIGNMENT|[124]|returnValue|"Project Coordinator"
12:12:58.2 (27816842)|STATEMENT_EXECUTE|[133]
12:12:58.2 (27824263)|METHOD_EXIT|[83]|01pB0000000lA1s|testautonumdata.InterviewsLCServerController.GetSobjectField(SObject, String)
12:12:58.2 (27855287)|VARIABLE_ASSIGNMENT|[EXTERNAL]|this|{"column1":"Lizz Brooks","eventField":"a0MB0000000cQdIMAU","recordID":"a0NB0000000RasPMAS"}|0x9acc396
12:12:58.2 (27861294)|VARIABLE_ASSIGNMENT|[EXTERNAL]|value|"Project Coordinator"
12:12:58.2 (27868423)|VARIABLE_ASSIGNMENT|[10]|this.column2|"Project Coordinator"|0x9acc396
12:12:58.2 (27875452)|STATEMENT_EXECUTE|[87]
12:12:58.2 (27876815)|STATEMENT_EXECUTE|[88]
12:12:58.2 (27881481)|METHOD_ENTRY|[88]|01pB0000000lA1s|testautonumdata.InterviewsLCServerController.GetSobjectField(SObject, String)
12:12:58.2 (27885265)|VARIABLE_SCOPE_BEGIN|[111]|e|SObject|true|false
12:12:58.2 (27906545)|VARIABLE_ASSIGNMENT|[111]|e|{"s":1,"v":{"Id":"a0NB0000000RasPMAS","testautonumdata__Can (9 more) ...":"a0MB0000000cQdIMAU","testautonumdata__Dat (4 more) ...":"10/26/2016","testautonumdata__Int (14 more) ...":"Recruiter Interview","testautonumdata__Can (9 more) ...":{"s":2,"v":{"testautonumdata__Ful (9 more) ...":"Lizz Brooks","testautonumdata__Pos (8 more) ...":"a0LB0000000sexWMAQ","Id":"a0MB0000000cQdIMAU","testautonumdata__Pos (8 more) ...":{"s":3,"v":{"Name":"Project Coordinator","Id":"a0LB0000000sexWMAQ"}}}}}}|0x5bebfac5
12:12:58.2 (27911233)|VARIABLE_SCOPE_BEGIN|[111]|lcfield|String|false|false
12:12:58.2 (27914685)|VARIABLE_ASSIGNMENT|[111]|lcfield|"Date__c"
12:12:58.2 (27921499)|HEAP_ALLOCATE|[114]|Bytes:5
12:12:58.2 (27924803)|STATEMENT_EXECUTE|[112]
12:12:58.2 (27925950)|STATEMENT_EXECUTE|[114]
12:12:58.2 (27929480)|VARIABLE_SCOPE_BEGIN|[114]|returnValue|String|false|false
12:12:58.2 (27933709)|VARIABLE_ASSIGNMENT|[114]|returnValue|""
12:12:58.2 (27948113)|ENTERING_MANAGED_PKG|
12:12:58.2 (27957370)|STATEMENT_EXECUTE|[131]
12:12:58.2 (27965713)|ENTERING_MANAGED_PKG|
12:12:58.2 (27986055)|HEAP_ALLOCATE|[131]|Bytes:10
12:12:58.2 (28003348)|ENTERING_MANAGED_PKG|
12:12:58.2 (28007726)|HEAP_ALLOCATE|[131]|Bytes:10
12:12:58.2 (28019465)|VARIABLE_ASSIGNMENT|[131]|returnValue|"10/26/2016"
12:12:58.2 (28022384)|STATEMENT_EXECUTE|[133]
12:12:58.2 (28029610)|METHOD_EXIT|[88]|01pB0000000lA1s|testautonumdata.InterviewsLCServerController.GetSobjectField(SObject, String)
12:12:58.2 (28056058)|VARIABLE_ASSIGNMENT|[EXTERNAL]|this|{"column1":"Lizz Brooks","column2":"Project Coordinator","eventField":"a0MB0000000cQdIMAU","recordID":"a0NB0000000RasPMAS"}|0x9acc396
12:12:58.2 (28061610)|VARIABLE_ASSIGNMENT|[EXTERNAL]|value|"10/26/2016"
12:12:58.2 (28068393)|VARIABLE_ASSIGNMENT|[12]|this.column3|"10/26/2016"|0x9acc396
12:12:58.2 (28074887)|STATEMENT_EXECUTE|[92]
12:12:58.2 (28076194)|STATEMENT_EXECUTE|[93]
12:12:58.2 (28080551)|METHOD_ENTRY|[93]|01pB0000000lA1s|testautonumdata.InterviewsLCServerController.GetSobjectField(SObject, String)
12:12:58.2 (28083913)|VARIABLE_SCOPE_BEGIN|[111]|e|SObject|true|false
12:12:58.2 (28109715)|VARIABLE_ASSIGNMENT|[111]|e|{"s":1,"v":{"Id":"a0NB0000000RasPMAS","testautonumdata__Can (9 more) ...":"a0MB0000000cQdIMAU","testautonumdata__Dat (4 more) ...":"10/26/2016","testautonumdata__Int (14 more) ...":"Recruiter Interview","testautonumdata__Can (9 more) ...":{"s":2,"v":{"testautonumdata__Ful (9 more) ...":"Lizz Brooks","testautonumdata__Pos (8 more) ...":"a0LB0000000sexWMAQ","Id":"a0MB0000000cQdIMAU","testautonumdata__Pos (8 more) ...":{"s":3,"v":{"Name":"Project Coordinator","Id":"a0LB0000000sexWMAQ"}}}}}}|0x5bebfac5
12:12:58.2 (28114749)|VARIABLE_SCOPE_BEGIN|[111]|lcfield|String|false|false
12:12:58.2 (28118513)|VARIABLE_ASSIGNMENT|[111]|lcfield|"Interview_Type__c"
12:12:58.2 (28125534)|HEAP_ALLOCATE|[114]|Bytes:5
12:12:58.2 (28128753)|STATEMENT_EXECUTE|[112]
12:12:58.2 (28129837)|STATEMENT_EXECUTE|[114]
12:12:58.2 (28133013)|VARIABLE_SCOPE_BEGIN|[114]|returnValue|String|false|false
12:12:58.2 (28137435)|VARIABLE_ASSIGNMENT|[114]|returnValue|""
12:12:58.2 (28152128)|ENTERING_MANAGED_PKG|
12:12:58.2 (28161398)|STATEMENT_EXECUTE|[131]
12:12:58.2 (28169796)|ENTERING_MANAGED_PKG|
12:12:58.2 (28192867)|HEAP_ALLOCATE|[131]|Bytes:19
12:12:58.2 (28211022)|ENTERING_MANAGED_PKG|
12:12:58.2 (28214502)|HEAP_ALLOCATE|[131]|Bytes:19
12:12:58.2 (28226387)|VARIABLE_ASSIGNMENT|[131]|returnValue|"Recruiter Interview"
12:12:58.2 (28229553)|STATEMENT_EXECUTE|[133]
12:12:58.2 (28236842)|METHOD_EXIT|[93]|01pB0000000lA1s|testautonumdata.InterviewsLCServerController.GetSobjectField(SObject, String)
12:12:58.2 (28264384)|VARIABLE_ASSIGNMENT|[EXTERNAL]|this|{"column1":"Lizz Brooks","column2":"Project Coordinator","column3":"10/26/2016","eventField":"a0MB0000000cQdIMAU","recordID":"a0NB0000000RasPMAS"}|0x9acc396
12:12:58.2 (28270170)|VARIABLE_ASSIGNMENT|[EXTERNAL]|value|"Recruiter Interview"
12:12:58.2 (28277280)|VARIABLE_ASSIGNMENT|[14]|this.column4|"Recruiter Interview"|0x9acc396
12:12:58.2 (28283546)|STATEMENT_EXECUTE|[97]
12:12:58.2 (28292757)|ENTERING_MANAGED_PKG|
12:12:58.2 (28299123)|HEAP_ALLOCATE|[EXTERNAL]|Bytes:4
12:12:58.2 (28305435)|STATEMENT_EXECUTE|[99]
12:12:58.2 (28317694)|ENTERING_MANAGED_PKG|
12:12:58.2 (28345466)|HEAP_ALLOCATE|[99]|Bytes:188
12:12:58.2 (28360118)|HEAP_ALLOCATE|[99]|Bytes:200
12:12:58.2 (28370817)|ENTERING_MANAGED_PKG|
12:12:58.2 (28374041)|USER_DEBUG|[99]|DEBUG|######## i: InterviewsLCServerController:[column1=Lizz Brooks, column2=Project Coordinator, column3=10/26/2016, column4=Recruiter Interview, eventField=a0MB0000000cQdIMAU, recordID=a0NB0000000RasPMAS]
12:12:58.2 (28387472)|HEAP_ALLOCATE|[66]|Bytes:5
12:12:58.2 (28400512)|VARIABLE_ASSIGNMENT|[66]|e|null|
12:12:58.2 (28404447)|STATEMENT_EXECUTE|[104]
12:12:58.2 (28407560)|HEAP_ALLOCATE|[104]|Bytes:27
12:12:58.2 (28421759)|ENTERING_MANAGED_PKG|
12:12:58.2 (28492427)|HEAP_ALLOCATE|[104]|Bytes:386
12:12:58.2 (28510194)|HEAP_ALLOCATE|[104]|Bytes:413
12:12:58.2 (28523071)|ENTERING_MANAGED_PKG|
12:12:58.2 (28526225)|USER_DEBUG|[104]|DEBUG|######## lstReturnRecords: (InterviewsLCServerController:[column1=Rodrigo Reboucas, column2=Architect - Force.com, column3=11/9/2016, column4=Technical Interview, eventField=a0MB0000000cQXFMA2, recordID=a0NB0000000TaTOMA0], InterviewsLCServerController:[column1=Lizz Brooks, column2=Project Coordinator, column3=10/26/2016, column4=Recruiter Interview, eventField=a0MB0000000cQdIMAU, recordID=a0NB0000000RasPMAS])
12:12:58.2 (28534396)|STATEMENT_EXECUTE|[106]
12:12:58.2 (28543129)|SYSTEM_MODE_EXIT|false
12:12:58.28 (28586307)|CUMULATIVE_LIMIT_USAGE
12:12:58.28 (28586307)|LIMIT_USAGE_FOR_NS|(default)|
  Number of SOQL queries: 0 out of 100
  Number of query rows: 0 out of 50000
  Number of SOSL queries: 0 out of 20
  Number of DML statements: 0 out of 150
  Number of DML rows: 0 out of 10000
  Maximum CPU time: 0 out of 10000
  Maximum heap size: 0 out of 6000000
  Number of callouts: 0 out of 100
  Number of Email Invocations: 0 out of 10
  Number of future calls: 0 out of 50
  Number of queueable jobs added to the queue: 0 out of 50
  Number of Mobile Apex push calls: 0 out of 10

12:12:58.28 (28586307)|LIMIT_USAGE_FOR_NS|testautonumdata|
  Number of SOQL queries: 1 out of 100
  Number of query rows: 2 out of 50000
  Number of SOSL queries: 0 out of 20
  Number of DML statements: 0 out of 150
  Number of DML rows: 0 out of 10000
  Maximum CPU time: 0 out of 10000
  Maximum heap size: 0 out of 6000000
  Number of callouts: 0 out of 100
  Number of Email Invocations: 0 out of 10
  Number of future calls: 0 out of 50
  Number of queueable jobs added to the queue: 0 out of 50
  Number of Mobile Apex push calls: 0 out of 10

12:12:58.28 (28586307)|CUMULATIVE_LIMIT_USAGE_END

12:12:58.2 (28644201)|CODE_UNIT_FINISHED|InterviewsLCServerController.getListRecords
12:12:58.30 (30510764)|USER_INFO|[EXTERNAL]|005B0000001VpZR|rreboucas-yi5c@force.com|Pacific Standard Time|GMT-07:00
12:12:58.30 (30522384)|CODE_UNIT_STARTED|[EXTERNAL]|Aura
12:12:58.30 (30575302)|CODE_UNIT_FINISHED|Aura
12:12:58.31 (31984273)|USER_INFO|[EXTERNAL]|005B0000001VpZR|rreboucas-yi5c@force.com|Pacific Standard Time|GMT-07:00
12:12:58.31 (31998047)|CODE_UNIT_STARTED|[EXTERNAL]|Aura
12:12:58.31 (32044021)|CODE_UNIT_FINISHED|Aura
12:12:58.0 (32382484)|HEAP_ALLOCATE|[EXTERNAL]|Bytes:28
12:12:58.0 (32399149)|HEAP_ALLOCATE|[EXTERNAL]|Bytes:28
12:12:58.33 (33998356)|USER_INFO|[EXTERNAL]|005B0000001VpZR|rreboucas-yi5c@force.com|Pacific Standard Time|GMT-07:00
12:12:58.33 (34088969)|STATEMENT_EXECUTE|[1]
12:12:58.33 (34097474)|SYSTEM_MODE_ENTER|false
12:12:58.33 (34106806)|HEAP_ALLOCATE|[EXTERNAL]|Bytes:5
12:12:58.33 (34112284)|SYSTEM_MODE_EXIT|false
12:12:58.33 (34125081)|METHOD_EXIT|[1]|ReferralsServerController
12:12:58.33 (34152736)|HEAP_ALLOCATE|[EXTERNAL]|Bytes:28
12:12:58.33 (34155909)|HEAP_ALLOCATE|[EXTERNAL]|Bytes:28
12:12:58.33 (34157142)|HEAP_ALLOCATE|[EXTERNAL]|Bytes:29
12:12:58.33 (34158377)|HEAP_ALLOCATE|[EXTERNAL]|Bytes:7
12:12:58.33 (34160296)|HEAP_ALLOCATE|[EXTERNAL]|Bytes:5
12:12:58.33 (34161578)|HEAP_ALLOCATE|[EXTERNAL]|Bytes:11
12:12:58.33 (34167024)|SYSTEM_MODE_ENTER|false
12:12:58.33 (34172556)|VARIABLE_SCOPE_BEGIN|[20]|rowsLimit|Integer|false|false
12:12:58.33 (34199014)|VARIABLE_ASSIGNMENT|[20]|rowsLimit|8
12:12:58.33 (34202736)|VARIABLE_SCOPE_BEGIN|[20]|recordId|String|false|false
12:12:58.33 (34206070)|VARIABLE_ASSIGNMENT|[20]|recordId|null
12:12:58.33 (34207883)|VARIABLE_SCOPE_BEGIN|[20]|objectApiName|String|false|false
12:12:58.33 (34213582)|VARIABLE_ASSIGNMENT|[20]|objectApiName|"testautonumdata__Ref (8 more) ..."
12:12:58.33 (34215808)|VARIABLE_SCOPE_BEGIN|[20]|ParentObjectFieldName|String|false|false
12:12:58.33 (34219696)|VARIABLE_ASSIGNMENT|[20]|ParentObjectFieldName|"testautonumdata__Can (9 more) ..."
12:12:58.33 (34221806)|VARIABLE_SCOPE_BEGIN|[20]|filter1Field|String|false|false
12:12:58.33 (34224376)|VARIABLE_ASSIGNMENT|[20]|filter1Field|null
12:12:58.33 (34226519)|VARIABLE_SCOPE_BEGIN|[20]|filter1Value|String|false|false
12:12:58.33 (34229107)|VARIABLE_ASSIGNMENT|[20]|filter1Value|null
12:12:58.33 (34230736)|VARIABLE_SCOPE_BEGIN|[20]|column1|String|false|false
12:12:58.33 (34233575)|VARIABLE_ASSIGNMENT|[20]|column1|"OwnerId"
12:12:58.33 (34235344)|VARIABLE_SCOPE_BEGIN|[20]|RelFieldWithName|String|false|false
12:12:58.33 (34237802)|VARIABLE_ASSIGNMENT|[20]|RelFieldWithName|"Owner"
12:12:58.33 (34239461)|VARIABLE_SCOPE_BEGIN|[20]|column2|String|false|false
12:12:58.33 (34241849)|VARIABLE_ASSIGNMENT|[20]|column2|"createddate"
12:12:58.33 (34251351)|HEAP_ALLOCATE|[22]|Bytes:5
12:12:58.33 (34255865)|STATEMENT_EXECUTE|[20]
12:12:58.33 (34257486)|STATEMENT_EXECUTE|[22]
12:12:58.33 (34276511)|ENTERING_MANAGED_PKG|
12:12:58.33 (34306169)|HEAP_ALLOCATE|[22]|Bytes:1
12:12:58.33 (34322122)|HEAP_ALLOCATE|[22]|Bytes:21
12:12:58.33 (34335327)|ENTERING_MANAGED_PKG|
12:12:58.33 (34339372)|USER_DEBUG|[22]|DEBUG|######## rowsLimit: 8
12:12:58.33 (34344923)|STATEMENT_EXECUTE|[23]
12:12:58.33 (34351028)|HEAP_ALLOCATE|[23]|Bytes:52
12:12:58.33 (34360294)|ENTERING_MANAGED_PKG|
12:12:58.33 (34380382)|USER_DEBUG|[23]|DEBUG|######## objectApiName: testautonumdata__Referral__c
12:12:58.33 (34387420)|STATEMENT_EXECUTE|[27]
12:12:58.33 (34410378)|HEAP_ALLOCATE|[27]|Bytes:4
12:12:58.33 (34473128)|ENTERING_MANAGED_PKG|
12:12:58.33 (34498774)|VARIABLE_SCOPE_BEGIN|[27]|lstReturnRecords|List<testautonumdata.ReferralsServerController>|true|false
12:12:58.33 (34522236)|HEAP_ALLOCATE|[EXTERNAL]|Bytes:4
12:12:58.33 (34534081)|VARIABLE_ASSIGNMENT|[27]|lstReturnRecords|{"s":1,"v":[]}|0x73d11e59
12:12:58.33 (34538756)|STATEMENT_EXECUTE|[29]
12:12:58.33 (34540414)|STATEMENT_EXECUTE|[102]
12:12:58.33 (34557144)|ENTERING_MANAGED_PKG|
12:12:58.33 (34586614)|HEAP_ALLOCATE|[102]|Bytes:2
12:12:58.33 (34602040)|HEAP_ALLOCATE|[102]|Bytes:29
12:12:58.33 (34614699)|ENTERING_MANAGED_PKG|
12:12:58.33 (34618058)|USER_DEBUG|[102]|DEBUG|######## lstReturnRecords: ()
12:12:58.33 (34623629)|STATEMENT_EXECUTE|[104]
12:12:58.33 (34631820)|SYSTEM_MODE_EXIT|false
12:12:58.34 (34654973)|CUMULATIVE_LIMIT_USAGE
12:12:58.34 (34654973)|LIMIT_USAGE_FOR_NS|(default)|
  Number of SOQL queries: 0 out of 100
  Number of query rows: 0 out of 50000
  Number of SOSL queries: 0 out of 20
  Number of DML statements: 0 out of 150
  Number of DML rows: 0 out of 10000
  Maximum CPU time: 0 out of 10000
  Maximum heap size: 0 out of 6000000
  Number of callouts: 0 out of 100
  Number of Email Invocations: 0 out of 10
  Number of future calls: 0 out of 50
  Number of queueable jobs added to the queue: 0 out of 50
  Number of Mobile Apex push calls: 0 out of 10

12:12:58.34 (34654973)|LIMIT_USAGE_FOR_NS|testautonumdata|
  Number of SOQL queries: 1 out of 100
  Number of query rows: 2 out of 50000
  Number of SOSL queries: 0 out of 20
  Number of DML statements: 0 out of 150
  Number of DML rows: 0 out of 10000
  Maximum CPU time: 0 out of 10000
  Maximum heap size: 0 out of 6000000
  Number of callouts: 0 out of 100
  Number of Email Invocations: 0 out of 10
  Number of future calls: 0 out of 50
  Number of queueable jobs added to the queue: 0 out of 50
  Number of Mobile Apex push calls: 0 out of 10

12:12:58.34 (34654973)|CUMULATIVE_LIMIT_USAGE_END

12:12:58.33 (34699670)|CODE_UNIT_FINISHED|ReferralsServerController.getListRecords
12:12:58.0 (34875929)|HEAP_ALLOCATE|[EXTERNAL]|Bytes:12
12:12:58.0 (34889105)|HEAP_ALLOCATE|[EXTERNAL]|Bytes:12
12:12:58.36 (36849217)|USER_INFO|[EXTERNAL]|005B0000001VpZR|rreboucas-yi5c@force.com|Pacific Standard Time|GMT-07:00
12:12:58.36 (36924030)|STATEMENT_EXECUTE|[1]
12:12:58.36 (36931414)|SYSTEM_MODE_ENTER|false
12:12:58.36 (36936111)|HEAP_ALLOCATE|[EXTERNAL]|Bytes:5
12:12:58.36 (36941115)|SYSTEM_MODE_EXIT|false
12:12:58.36 (36952688)|METHOD_EXIT|[1]|Twitter_Lightning_Controller
12:12:58.36 (36958154)|HEAP_ALLOCATE|[EXTERNAL]|Bytes:12
12:12:58.36 (36960072)|HEAP_ALLOCATE|[EXTERNAL]|Bytes:13
12:12:58.36 (36961430)|HEAP_ALLOCATE|[EXTERNAL]|Bytes:13
12:12:58.36 (36962585)|HEAP_ALLOCATE|[EXTERNAL]|Bytes:12
12:12:58.36 (36963799)|HEAP_ALLOCATE|[EXTERNAL]|Bytes:10
12:12:58.36 (36965061)|HEAP_ALLOCATE|[EXTERNAL]|Bytes:9
12:12:58.36 (36969413)|SYSTEM_MODE_ENTER|false
12:12:58.36 (36973795)|VARIABLE_SCOPE_BEGIN|[68]|recordID|String|false|false
12:12:58.36 (36991580)|VARIABLE_ASSIGNMENT|[68]|recordID|null
12:12:58.36 (36995072)|VARIABLE_SCOPE_BEGIN|[68]|objectApiName|String|false|false
12:12:58.36 (37000024)|VARIABLE_ASSIGNMENT|[68]|objectApiName|"Candidate__c"
12:12:58.36 (37003470)|VARIABLE_SCOPE_BEGIN|[68]|twitterIDFieldApiName|String|false|false
12:12:58.36 (37006447)|VARIABLE_ASSIGNMENT|[68]|twitterIDFieldApiName|"Twitter_ID__c"
12:12:58.36 (37008774)|VARIABLE_SCOPE_BEGIN|[68]|firstName|String|false|false
12:12:58.36 (37011317)|VARIABLE_ASSIGNMENT|[68]|firstName|"First_Name__c"
12:12:58.36 (37013050)|VARIABLE_SCOPE_BEGIN|[68]|lastName|String|false|false
12:12:58.36 (37015596)|VARIABLE_ASSIGNMENT|[68]|lastName|"Last_Name__c"
12:12:58.36 (37017679)|VARIABLE_SCOPE_BEGIN|[68]|companyName|String|false|false
12:12:58.36 (37020582)|VARIABLE_ASSIGNMENT|[68]|companyName|"Company__c"
12:12:58.36 (37022521)|VARIABLE_SCOPE_BEGIN|[68]|email|String|false|false
12:12:58.36 (37024970)|VARIABLE_ASSIGNMENT|[68]|email|"E_mail__c"
12:12:58.36 (37033880)|HEAP_ALLOCATE|[70]|Bytes:5
12:12:58.36 (37038271)|STATEMENT_EXECUTE|[68]
12:12:58.36 (37039541)|STATEMENT_EXECUTE|[70]
12:12:58.36 (37044195)|VARIABLE_SCOPE_BEGIN|[70]|hasTwitterMemberID|Boolean|false|false
12:12:58.36 (37046938)|HEAP_ALLOCATE|[70]|Bytes:5
12:12:58.36 (37051773)|VARIABLE_ASSIGNMENT|[70]|hasTwitterMemberID|false
12:12:58.36 (37053502)|STATEMENT_EXECUTE|[71]
12:12:58.36 (37058145)|HEAP_ALLOCATE|[71]|Bytes:64
12:12:58.36 (37085514)|CONSTRUCTOR_ENTRY|[71]|01pB0000000r382|<init>()
12:12:58.36 (37113262)|VARIABLE_SCOPE_BEGIN|[1]|this|testautonumdata.Twitter_Lightning_Controller|true|false
12:12:58.36 (37143691)|VARIABLE_ASSIGNMENT|[1]|this|{}|0x1c0ed3c6
12:12:58.36 (37151313)|HEAP_ALLOCATE|[EXTERNAL]|Bytes:5
12:12:58.36 (37168698)|STATEMENT_EXECUTE|[1]
12:12:58.36 (37172304)|HEAP_ALLOCATE|[EXTERNAL]|Bytes:5
12:12:58.36 (37174364)|STATEMENT_EXECUTE|[4]
12:12:58.36 (37175623)|STATEMENT_EXECUTE|[6]
12:12:58.36 (37176524)|STATEMENT_EXECUTE|[8]
12:12:58.36 (37177436)|STATEMENT_EXECUTE|[10]
12:12:58.36 (37178457)|STATEMENT_EXECUTE|[12]
12:12:58.36 (37179395)|STATEMENT_EXECUTE|[14]
12:12:58.36 (37180283)|STATEMENT_EXECUTE|[16]
12:12:58.36 (37181245)|STATEMENT_EXECUTE|[18]
12:12:58.36 (37182387)|STATEMENT_EXECUTE|[20]
12:12:58.36 (37183336)|STATEMENT_EXECUTE|[22]
12:12:58.36 (37184232)|STATEMENT_EXECUTE|[24]
12:12:58.36 (37185142)|STATEMENT_EXECUTE|[26]
12:12:58.36 (37186061)|STATEMENT_EXECUTE|[28]
12:12:58.36 (37187024)|STATEMENT_EXECUTE|[30]
12:12:58.36 (37187914)|STATEMENT_EXECUTE|[32]
12:12:58.36 (37197843)|CONSTRUCTOR_EXIT|[71]|01pB0000000r382|<init>()
12:12:58.36 (37202464)|VARIABLE_SCOPE_BEGIN|[71]|returnRec|testautonumdata.Twitter_Lightning_Controller|true|false
12:12:58.36 (37228082)|VARIABLE_ASSIGNMENT|[71]|returnRec|{}|0x1c0ed3c6
12:12:58.36 (37250924)|ENTERING_MANAGED_PKG|
12:12:58.36 (37285445)|STATEMENT_EXECUTE|[73]
12:12:58.36 (37288019)|STATEMENT_EXECUTE|[143]
12:12:58.36 (37295926)|SYSTEM_MODE_EXIT|false
12:12:58.37 (37319160)|CUMULATIVE_LIMIT_USAGE
12:12:58.37 (37319160)|LIMIT_USAGE_FOR_NS|(default)|
  Number of SOQL queries: 0 out of 100
  Number of query rows: 0 out of 50000
  Number of SOSL queries: 0 out of 20
  Number of DML statements: 0 out of 150
  Number of DML rows: 0 out of 10000
  Maximum CPU time: 0 out of 10000
  Maximum heap size: 0 out of 6000000
  Number of callouts: 0 out of 100
  Number of Email Invocations: 0 out of 10
  Number of future calls: 0 out of 50
  Number of queueable jobs added to the queue: 0 out of 50
  Number of Mobile Apex push calls: 0 out of 10

12:12:58.37 (37319160)|LIMIT_USAGE_FOR_NS|testautonumdata|
  Number of SOQL queries: 1 out of 100
  Number of query rows: 2 out of 50000
  Number of SOSL queries: 0 out of 20
  Number of DML statements: 0 out of 150
  Number of DML rows: 0 out of 10000
  Maximum CPU time: 0 out of 10000
  Maximum heap size: 0 out of 6000000
  Number of callouts: 0 out of 100
  Number of Email Invocations: 0 out of 10
  Number of future calls: 0 out of 50
  Number of queueable jobs added to the queue: 0 out of 50
  Number of Mobile Apex push calls: 0 out of 10

12:12:58.37 (37319160)|CUMULATIVE_LIMIT_USAGE_END

12:12:58.36 (37360328)|CODE_UNIT_FINISHED|Twitter_Lightning_Controller.getRecordDetails
12:12:58.38 (38777257)|USER_INFO|[EXTERNAL]|005B0000001VpZR|rreboucas-yi5c@force.com|Pacific Standard Time|GMT-07:00
12:12:58.38 (38788444)|CODE_UNIT_STARTED|[EXTERNAL]|Aura
12:12:58.38 (38831358)|CODE_UNIT_FINISHED|Aura
12:12:58.0 (38986076)|HEAP_ALLOCATE|[EXTERNAL]|Bytes:1
12:12:58.0 (38999219)|HEAP_ALLOCATE|[EXTERNAL]|Bytes:1
12:12:58.40 (40506820)|USER_INFO|[EXTERNAL]|005B0000001VpZR|rreboucas-yi5c@force.com|Pacific Standard Time|GMT-07:00
12:12:58.40 (40586000)|STATEMENT_EXECUTE|[1]
12:12:58.40 (40593624)|SYSTEM_MODE_ENTER|false
12:12:58.40 (40598127)|HEAP_ALLOCATE|[EXTERNAL]|Bytes:5
12:12:58.40 (40603136)|SYSTEM_MODE_EXIT|false
12:12:58.40 (40614710)|METHOD_EXIT|[1]|FilesViewerServerController
12:12:58.40 (40620285)|HEAP_ALLOCATE|[EXTERNAL]|Bytes:1
12:12:58.40 (40624930)|SYSTEM_MODE_ENTER|false
12:12:58.40 (40628895)|VARIABLE_SCOPE_BEGIN|[16]|recordID|String|false|false
12:12:58.40 (40646656)|VARIABLE_ASSIGNMENT|[16]|recordID|null
12:12:58.40 (40649790)|VARIABLE_SCOPE_BEGIN|[16]|rowsLimit|String|false|false
12:12:58.40 (40653703)|VARIABLE_ASSIGNMENT|[16]|rowsLimit|"8"
12:12:58.40 (40662130)|HEAP_ALLOCATE|[18]|Bytes:5
12:12:58.40 (40666492)|STATEMENT_EXECUTE|[16]
12:12:58.40 (40667658)|STATEMENT_EXECUTE|[18]
12:12:58.40 (40670402)|HEAP_ALLOCATE|[18]|Bytes:49
12:12:58.40 (40677635)|HEAP_ALLOCATE|[18]|Bytes:50
12:12:58.40 (40691603)|ENTERING_MANAGED_PKG|
12:12:58.40 (40713285)|USER_DEBUG|[18]|DEBUG|######## FilesViewerServerController: rowsLimit: 8
12:12:58.40 (40720864)|STATEMENT_EXECUTE|[20]
12:12:58.40 (40744425)|HEAP_ALLOCATE|[20]|Bytes:4
12:12:58.40 (40805854)|ENTERING_MANAGED_PKG|
12:12:58.40 (40830583)|VARIABLE_SCOPE_BEGIN|[20]|lstReturnRecords|List<testautonumdata.FilesViewerServerController>|true|false
12:12:58.40 (40852460)|HEAP_ALLOCATE|[EXTERNAL]|Bytes:4
12:12:58.40 (40863892)|VARIABLE_ASSIGNMENT|[20]|lstReturnRecords|{"s":1,"v":[]}|0x27e880
12:12:58.40 (40881132)|ENTERING_MANAGED_PKG|
12:12:58.40 (40913613)|STATEMENT_EXECUTE|[21]
12:12:58.40 (40916159)|STATEMENT_EXECUTE|[72]
12:12:58.40 (40924184)|SYSTEM_MODE_EXIT|false
12:12:58.40 (40946275)|CUMULATIVE_LIMIT_USAGE
12:12:58.40 (40946275)|LIMIT_USAGE_FOR_NS|(default)|
  Number of SOQL queries: 0 out of 100
  Number of query rows: 0 out of 50000
  Number of SOSL queries: 0 out of 20
  Number of DML statements: 0 out of 150
  Number of DML rows: 0 out of 10000
  Maximum CPU time: 0 out of 10000
  Maximum heap size: 0 out of 6000000
  Number of callouts: 0 out of 100
  Number of Email Invocations: 0 out of 10
  Number of future calls: 0 out of 50
  Number of queueable jobs added to the queue: 0 out of 50
  Number of Mobile Apex push calls: 0 out of 10

12:12:58.40 (40946275)|LIMIT_USAGE_FOR_NS|testautonumdata|
  Number of SOQL queries: 1 out of 100
  Number of query rows: 2 out of 50000
  Number of SOSL queries: 0 out of 20
  Number of DML statements: 0 out of 150
  Number of DML rows: 0 out of 10000
  Maximum CPU time: 0 out of 10000
  Maximum heap size: 0 out of 6000000
  Number of callouts: 0 out of 100
  Number of Email Invocations: 0 out of 10
  Number of future calls: 0 out of 50
  Number of queueable jobs added to the queue: 0 out of 50
  Number of Mobile Apex push calls: 0 out of 10

12:12:58.40 (40946275)|CUMULATIVE_LIMIT_USAGE_END

12:12:58.40 (40986719)|CODE_UNIT_FINISHED|FilesViewerServerController.getListRecords
12:12:58.0 (41166138)|HEAP_ALLOCATE|[EXTERNAL]|Bytes:12
12:12:58.0 (41179280)|HEAP_ALLOCATE|[EXTERNAL]|Bytes:12
12:12:58.42 (42786324)|USER_INFO|[EXTERNAL]|005B0000001VpZR|rreboucas-yi5c@force.com|Pacific Standard Time|GMT-07:00
12:12:58.42 (42850626)|HEAP_ALLOCATE|[151]|Bytes:5
12:12:58.42 (42856183)|STATEMENT_EXECUTE|[149]
12:12:58.42 (42857754)|STATEMENT_EXECUTE|[151]
12:12:58.42 (42860253)|HEAP_ALLOCATE|[151]|Bytes:3
12:12:58.42 (42864543)|VARIABLE_SCOPE_BEGIN|[151]|oauthVersion|String|false|false
12:12:58.42 (42885056)|VARIABLE_ASSIGNMENT|[151]|oauthVersion|"1.0"
12:12:58.42 (42888127)|STATEMENT_EXECUTE|[152]
12:12:58.42 (42891373)|HEAP_ALLOCATE|[152]|Bytes:25
12:12:58.42 (42895127)|VARIABLE_SCOPE_BEGIN|[152]|oauthConsumerKey|String|false|false
12:12:58.42 (42902378)|VARIABLE_ASSIGNMENT|[152]|oauthConsumerKey|"crTSqn98nBWCC8lbj0Ia (5 more) ..."
12:12:58.42 (42904246)|STATEMENT_EXECUTE|[153]
12:12:58.42 (42926649)|HEAP_ALLOCATE|[153]|Bytes:50
12:12:58.42 (42933304)|VARIABLE_SCOPE_BEGIN|[153]|oauthConsumerSecret|String|false|false
12:12:58.42 (42945284)|VARIABLE_ASSIGNMENT|[153]|oauthConsumerSecret|"LETjbmGTLmKF9tBldLY8 (30 more) ..."
12:12:58.42 (42949943)|STATEMENT_EXECUTE|[154]
12:12:58.42 (42954838)|HEAP_ALLOCATE|[154]|Bytes:23
12:12:58.42 (42960139)|VARIABLE_SCOPE_BEGIN|[154]|baseUrl|String|false|false
12:12:58.42 (42967334)|VARIABLE_ASSIGNMENT|[154]|baseUrl|"https://api.twitter. (3 more) ..."
12:12:58.42 (42969426)|STATEMENT_EXECUTE|[155]
12:12:58.42 (42972446)|HEAP_ALLOCATE|[155]|Bytes:9
12:12:58.42 (42975710)|VARIABLE_SCOPE_BEGIN|[155]|oauthSignatureMethod|String|false|false
12:12:58.42 (42980204)|VARIABLE_ASSIGNMENT|[155]|oauthSignatureMethod|"HMAC-SHA1"
12:12:58.42 (42981959)|STATEMENT_EXECUTE|[156]
12:12:58.42 (42984149)|VARIABLE_SCOPE_BEGIN|[156]|strTwitterId|String|false|false
12:12:58.42 (42987898)|VARIABLE_ASSIGNMENT|[156]|strTwitterId|""
12:12:58.42 (42989702)|STATEMENT_EXECUTE|[157]
12:12:58.42 (42991797)|VARIABLE_SCOPE_BEGIN|[157]|pictureURL|String|false|false
12:12:58.42 (42995417)|VARIABLE_ASSIGNMENT|[157]|pictureURL|""
12:12:58.42 (42996942)|STATEMENT_EXECUTE|[158]
12:12:58.42 (43001568)|HEAP_ALLOCATE|[158]|Bytes:64
12:12:58.42 (43014817)|CONSTRUCTOR_ENTRY|[158]|01pB0000000r382|<init>()
12:12:58.42 (43035186)|VARIABLE_SCOPE_BEGIN|[1]|this|testautonumdata.Twitter_Lightning_Controller|true|false
12:12:58.42 (43064843)|VARIABLE_ASSIGNMENT|[1]|this|{}|0x7bff0d0b
12:12:58.42 (43072569)|HEAP_ALLOCATE|[EXTERNAL]|Bytes:5
12:12:58.42 (43088642)|STATEMENT_EXECUTE|[1]
12:12:58.42 (43091905)|HEAP_ALLOCATE|[EXTERNAL]|Bytes:5
12:12:58.42 (43094126)|STATEMENT_EXECUTE|[4]
12:12:58.42 (43095846)|STATEMENT_EXECUTE|[6]
12:12:58.42 (43096794)|STATEMENT_EXECUTE|[8]
12:12:58.42 (43097781)|STATEMENT_EXECUTE|[10]
12:12:58.42 (43098778)|STATEMENT_EXECUTE|[12]
12:12:58.42 (43099735)|STATEMENT_EXECUTE|[14]
12:12:58.42 (43100649)|STATEMENT_EXECUTE|[16]
12:12:58.42 (43106332)|STATEMENT_EXECUTE|[18]
12:12:58.42 (43107361)|STATEMENT_EXECUTE|[20]
12:12:58.42 (43108250)|STATEMENT_EXECUTE|[22]
12:12:58.42 (43109125)|STATEMENT_EXECUTE|[24]
12:12:58.42 (43110011)|STATEMENT_EXECUTE|[26]
12:12:58.42 (43111032)|STATEMENT_EXECUTE|[28]
12:12:58.42 (43111927)|STATEMENT_EXECUTE|[30]
12:12:58.42 (43112807)|STATEMENT_EXECUTE|[32]
12:12:58.42 (43122624)|CONSTRUCTOR_EXIT|[158]|01pB0000000r382|<init>()
12:12:58.42 (43127185)|VARIABLE_SCOPE_BEGIN|[158]|returnRec|testautonumdata.Twitter_Lightning_Controller|true|false
12:12:58.42 (43153065)|VARIABLE_ASSIGNMENT|[158]|returnRec|{}|0x7bff0d0b
12:12:58.42 (43155812)|STATEMENT_EXECUTE|[159]
12:12:58.42 (43159624)|HEAP_ALLOCATE|[159]|Bytes:63
12:12:58.42 (43216667)|VARIABLE_ASSIGNMENT|[EXTERNAL]|this|{}|0x7bff0d0b
12:12:58.42 (43225931)|VARIABLE_ASSIGNMENT|[EXTERNAL]|value|"https://www.lightnin (43 more) ..."
12:12:58.42 (43237189)|VARIABLE_ASSIGNMENT|[6]|this.pictureUrl|"https://www.lightnin (43 more) ..."|0x7bff0d0b
12:12:58.42 (43259018)|ENTERING_MANAGED_PKG|
12:12:58.42 (43292031)|STATEMENT_EXECUTE|[160]
12:12:58.42 (43294611)|STATEMENT_EXECUTE|[284]
12:12:58.42 (43302741)|SYSTEM_MODE_EXIT|false
12:12:58.43 (43326172)|CUMULATIVE_LIMIT_USAGE
12:12:58.43 (43326172)|LIMIT_USAGE_FOR_NS|(default)|
  Number of SOQL queries: 0 out of 100
  Number of query rows: 0 out of 50000
  Number of SOSL queries: 0 out of 20
  Number of DML statements: 0 out of 150
  Number of DML rows: 0 out of 10000
  Maximum CPU time: 0 out of 10000
  Maximum heap size: 0 out of 6000000
  Number of callouts: 0 out of 100
  Number of Email Invocations: 0 out of 10
  Number of future calls: 0 out of 50
  Number of queueable jobs added to the queue: 0 out of 50
  Number of Mobile Apex push calls: 0 out of 10

12:12:58.43 (43326172)|LIMIT_USAGE_FOR_NS|testautonumdata|
  Number of SOQL queries: 1 out of 100
  Number of query rows: 2 out of 50000
  Number of SOSL queries: 0 out of 20
  Number of DML statements: 0 out of 150
  Number of DML rows: 0 out of 10000
  Maximum CPU time: 0 out of 10000
  Maximum heap size: 0 out of 6000000
  Number of callouts: 0 out of 100
  Number of Email Invocations: 0 out of 10
  Number of future calls: 0 out of 50
  Number of queueable jobs added to the queue: 0 out of 50
  Number of Mobile Apex push calls: 0 out of 10

12:12:58.43 (43326172)|CUMULATIVE_LIMIT_USAGE_END

12:12:58.42 (43366655)|CODE_UNIT_FINISHED|Twitter_Lightning_Controller.getTwitterPicture
12:12:58.46 (46223864)|USER_INFO|[EXTERNAL]|005B0000001VpZR|rreboucas-yi5c@force.com|Pacific Standard Time|GMT-07:00
12:12:58.46 (46234973)|CODE_UNIT_STARTED|[EXTERNAL]|Aura
12:12:58.46 (46283751)|CODE_UNIT_FINISHED|Aura
12:12:58.0 (46451928)|HEAP_ALLOCATE|[EXTERNAL]|Bytes:1
12:12:58.0 (46465242)|HEAP_ALLOCATE|[EXTERNAL]|Bytes:1
12:12:58.48 (48057660)|USER_INFO|[EXTERNAL]|005B0000001VpZR|rreboucas-yi5c@force.com|Pacific Standard Time|GMT-07:00
12:12:58.48 (48143732)|STATEMENT_EXECUTE|[1]
12:12:58.48 (48150977)|SYSTEM_MODE_ENTER|false
12:12:58.48 (48155413)|HEAP_ALLOCATE|[EXTERNAL]|Bytes:5
12:12:58.48 (48160731)|SYSTEM_MODE_EXIT|false
12:12:58.48 (48172745)|METHOD_EXIT|[1]|RecordTimelineServerController
12:12:58.48 (48178304)|HEAP_ALLOCATE|[EXTERNAL]|Bytes:1
12:12:58.48 (48180027)|HEAP_ALLOCATE|[EXTERNAL]|Bytes:29
12:12:58.48 (48181490)|HEAP_ALLOCATE|[EXTERNAL]|Bytes:17
12:12:58.48 (48183208)|HEAP_ALLOCATE|[EXTERNAL]|Bytes:7
12:12:58.48 (48184415)|HEAP_ALLOCATE|[EXTERNAL]|Bytes:12
12:12:58.48 (48185602)|HEAP_ALLOCATE|[EXTERNAL]|Bytes:4
12:12:58.48 (48186769)|HEAP_ALLOCATE|[EXTERNAL]|Bytes:9
12:12:58.48 (48187937)|HEAP_ALLOCATE|[EXTERNAL]|Bytes:17
12:12:58.48 (48192577)|SYSTEM_MODE_ENTER|false
12:12:58.48 (48196511)|VARIABLE_SCOPE_BEGIN|[22]|recordID|String|false|false
12:12:58.48 (48214524)|VARIABLE_ASSIGNMENT|[22]|recordID|null
12:12:58.48 (48217914)|VARIABLE_SCOPE_BEGIN|[22]|rowsLimit|String|false|false
12:12:58.48 (48222101)|VARIABLE_ASSIGNMENT|[22]|rowsLimit|"4"
12:12:58.48 (48223922)|VARIABLE_SCOPE_BEGIN|[22]|objectApiName|String|false|false
12:12:58.48 (48228264)|VARIABLE_ASSIGNMENT|[22]|objectApiName|"testautonumdata__Int (9 more) ..."
12:12:58.48 (48230340)|VARIABLE_SCOPE_BEGIN|[22]|filter1Field|String|false|false
12:12:58.48 (48232650)|VARIABLE_ASSIGNMENT|[22]|filter1Field|null
12:12:58.48 (48234472)|VARIABLE_SCOPE_BEGIN|[22]|filter1Value|String|false|false
12:12:58.48 (48236629)|VARIABLE_ASSIGNMENT|[22]|filter1Value|null
12:12:58.48 (48238501)|VARIABLE_SCOPE_BEGIN|[22]|objectDateFieldName|String|false|false
12:12:58.48 (48241509)|VARIABLE_ASSIGNMENT|[22]|objectDateFieldName|"Interview_Date__c"
12:12:58.48 (48243634)|VARIABLE_SCOPE_BEGIN|[22]|objectDisplayDateFieldName|String|false|false
12:12:58.48 (48246300)|VARIABLE_ASSIGNMENT|[22]|objectDisplayDateFieldName|"Date__c"
12:12:58.48 (48248163)|VARIABLE_SCOPE_BEGIN|[22]|parentObjectIDFieldName|String|false|false
12:12:58.48 (48251051)|VARIABLE_ASSIGNMENT|[22]|parentObjectIDFieldName|"Candidate__c"
12:12:58.48 (48252947)|VARIABLE_SCOPE_BEGIN|[22]|detail1FieldAPIName|String|false|false
12:12:58.48 (48255386)|VARIABLE_ASSIGNMENT|[22]|detail1FieldAPIName|"Name"
12:12:58.48 (48257262)|VARIABLE_SCOPE_BEGIN|[22]|detail2FieldAPIName|String|false|false
12:12:58.48 (48259701)|VARIABLE_ASSIGNMENT|[22]|detail2FieldAPIName|"Status__c"
12:12:58.48 (48261420)|VARIABLE_SCOPE_BEGIN|[22]|titleFieldAPIName|String|false|false
12:12:58.48 (48264315)|VARIABLE_ASSIGNMENT|[22]|titleFieldAPIName|"Interview_Type__c"
12:12:58.48 (48266100)|VARIABLE_SCOPE_BEGIN|[22]|subtitleFieldAPIName|String|false|false
12:12:58.48 (48268416)|VARIABLE_ASSIGNMENT|[22]|subtitleFieldAPIName|null
12:12:58.48 (48277142)|HEAP_ALLOCATE|[24]|Bytes:5
12:12:58.48 (48281809)|STATEMENT_EXECUTE|[22]
12:12:58.48 (48283024)|STATEMENT_EXECUTE|[24]
12:12:58.48 (48285623)|HEAP_ALLOCATE|[24]|Bytes:52
12:12:58.48 (48292855)|HEAP_ALLOCATE|[24]|Bytes:53
12:12:58.48 (48306892)|ENTERING_MANAGED_PKG|
12:12:58.48 (48333487)|USER_DEBUG|[24]|DEBUG|######## RecordTimelineServerController: rowsLimit: 4
12:12:58.48 (48341577)|STATEMENT_EXECUTE|[25]
12:12:58.48 (48345910)|HEAP_ALLOCATE|[25]|Bytes:56
12:12:58.48 (48352732)|HEAP_ALLOCATE|[25]|Bytes:85
12:12:58.48 (48363410)|ENTERING_MANAGED_PKG|
12:12:58.48 (48379784)|USER_DEBUG|[25]|DEBUG|######## RecordTimelineServerController: objectApiName: testautonumdata__Interview__c
12:12:58.48 (48386551)|STATEMENT_EXECUTE|[27]
12:12:58.48 (48408320)|HEAP_ALLOCATE|[27]|Bytes:4
12:12:58.48 (48468231)|ENTERING_MANAGED_PKG|
12:12:58.48 (48492372)|VARIABLE_SCOPE_BEGIN|[27]|lstReturnRecords|List<testautonumdata.RecordTimelineServerController>|true|false
12:12:58.48 (48514091)|HEAP_ALLOCATE|[EXTERNAL]|Bytes:4
12:12:58.48 (48525843)|VARIABLE_ASSIGNMENT|[27]|lstReturnRecords|{"s":1,"v":[]}|0x3e0ed612
12:12:58.48 (48543228)|ENTERING_MANAGED_PKG|
12:12:58.48 (48575280)|STATEMENT_EXECUTE|[28]
12:12:58.48 (48577877)|STATEMENT_EXECUTE|[118]
12:12:58.48 (48586017)|SYSTEM_MODE_EXIT|false
12:12:58.48 (48607839)|CUMULATIVE_LIMIT_USAGE
12:12:58.48 (48607839)|LIMIT_USAGE_FOR_NS|(default)|
  Number of SOQL queries: 0 out of 100
  Number of query rows: 0 out of 50000
  Number of SOSL queries: 0 out of 20
  Number of DML statements: 0 out of 150
  Number of DML rows: 0 out of 10000
  Maximum CPU time: 0 out of 10000
  Maximum heap size: 0 out of 6000000
  Number of callouts: 0 out of 100
  Number of Email Invocations: 0 out of 10
  Number of future calls: 0 out of 50
  Number of queueable jobs added to the queue: 0 out of 50
  Number of Mobile Apex push calls: 0 out of 10

12:12:58.48 (48607839)|LIMIT_USAGE_FOR_NS|testautonumdata|
  Number of SOQL queries: 1 out of 100
  Number of query rows: 2 out of 50000
  Number of SOSL queries: 0 out of 20
  Number of DML statements: 0 out of 150
  Number of DML rows: 0 out of 10000
  Maximum CPU time: 0 out of 10000
  Maximum heap size: 0 out of 6000000
  Number of callouts: 0 out of 100
  Number of Email Invocations: 0 out of 10
  Number of future calls: 0 out of 50
  Number of queueable jobs added to the queue: 0 out of 50
  Number of Mobile Apex push calls: 0 out of 10

12:12:58.48 (48607839)|CUMULATIVE_LIMIT_USAGE_END

12:12:58.48 (48648155)|CODE_UNIT_FINISHED|RecordTimelineServerController.getListRecords
