38.0 APEX_CODE,FINEST;APEX_PROFILING,INFO;CALLOUT,INFO;DB,INFO;SYSTEM,DEBUG;VALIDATION,INFO;VISUALFORCE,INFO;WORKFLOW,INFO
07:33:07.0 (119048)|USER_INFO|[EXTERNAL]|005B0000001VpZR|rreboucas-yi5c@force.com|Pacific Standard Time|GMT-07:00
07:33:07.2 (2919404)|CODE_UNIT_STARTED|[EXTERNAL]|01pB0000000lc07|ListServerController.getListRecords
07:33:07.2 (3006841)|VARIABLE_SCOPE_BEGIN|[3]|ListServerController.mapObjectsFields|Map<String,Set<String>>|true|true
07:33:07.2 (3213218)|HEAP_ALLOCATE|[EXTERNAL]|Bytes:180
07:33:07.2 (3250842)|HEAP_ALLOCATE|[EXTERNAL]|Bytes:22
07:33:07.2 (3254264)|HEAP_ALLOCATE|[EXTERNAL]|Bytes:27
07:33:07.2 (3290132)|METHOD_ENTRY|[1]|01pB0000000lc07|ListServerController.ListServerController()
07:33:07.2 (3294433)|STATEMENT_EXECUTE|[1]
07:33:07.2 (3301418)|STATEMENT_EXECUTE|[1]
07:33:07.2 (3343571)|HEAP_ALLOCATE|[50]|Bytes:5
07:33:07.2 (3383070)|HEAP_ALLOCATE|[56]|Bytes:5
07:33:07.2 (3398912)|HEAP_ALLOCATE|[64]|Bytes:7
07:33:07.2 (3425777)|SYSTEM_MODE_ENTER|false
07:33:07.2 (3450384)|HEAP_ALLOCATE|[3]|Bytes:5
07:33:07.2 (3454809)|STATEMENT_EXECUTE|[3]
07:33:07.2 (3509731)|VARIABLE_ASSIGNMENT|[3]|ListServerController.mapObjectsFields|null|
07:33:07.2 (3519450)|SYSTEM_MODE_EXIT|false
07:33:07.2 (3549665)|METHOD_EXIT|[1]|ListServerController
07:33:07.2 (3555955)|HEAP_ALLOCATE|[EXTERNAL]|Bytes:1
07:33:07.2 (3558300)|HEAP_ALLOCATE|[EXTERNAL]|Bytes:7
07:33:07.2 (3559755)|HEAP_ALLOCATE|[EXTERNAL]|Bytes:2
07:33:07.2 (3560989)|HEAP_ALLOCATE|[EXTERNAL]|Bytes:4
07:33:07.2 (3562247)|HEAP_ALLOCATE|[EXTERNAL]|Bytes:4
07:33:07.2 (3570175)|SYSTEM_MODE_ENTER|false
07:33:07.2 (3576174)|VARIABLE_SCOPE_BEGIN|[23]|rowsLimit|String|false|false
07:33:07.2 (3586026)|VARIABLE_ASSIGNMENT|[23]|rowsLimit|"8"
07:33:07.2 (3588057)|VARIABLE_SCOPE_BEGIN|[23]|objectApiName|String|false|false
07:33:07.2 (3590992)|VARIABLE_ASSIGNMENT|[23]|objectApiName|"Account"
07:33:07.2 (3592875)|VARIABLE_SCOPE_BEGIN|[23]|filter1Field|String|false|false
07:33:07.2 (3595424)|VARIABLE_ASSIGNMENT|[23]|filter1Field|null
07:33:07.2 (3597062)|VARIABLE_SCOPE_BEGIN|[23]|filter1Value|String|false|false
07:33:07.2 (3599250)|VARIABLE_ASSIGNMENT|[23]|filter1Value|null
07:33:07.2 (3600970)|VARIABLE_SCOPE_BEGIN|[23]|eventField|String|false|false
07:33:07.2 (3604827)|VARIABLE_ASSIGNMENT|[23]|eventField|"Id"
07:33:07.2 (3607530)|VARIABLE_SCOPE_BEGIN|[23]|column1|String|false|false
07:33:07.2 (3611898)|VARIABLE_ASSIGNMENT|[23]|column1|"Name"
07:33:07.2 (3613959)|VARIABLE_SCOPE_BEGIN|[23]|column2|String|false|false
07:33:07.2 (3616307)|VARIABLE_ASSIGNMENT|[23]|column2|null
07:33:07.2 (3617981)|VARIABLE_SCOPE_BEGIN|[23]|column3|String|false|false
07:33:07.2 (3620027)|VARIABLE_ASSIGNMENT|[23]|column3|null
07:33:07.2 (3621602)|VARIABLE_SCOPE_BEGIN|[23]|column4|String|false|false
07:33:07.2 (3623598)|VARIABLE_ASSIGNMENT|[23]|column4|null
07:33:07.2 (3625099)|VARIABLE_SCOPE_BEGIN|[23]|sortField|String|false|false
07:33:07.2 (3627391)|VARIABLE_ASSIGNMENT|[23]|sortField|"Name"
07:33:07.2 (3629122)|VARIABLE_SCOPE_BEGIN|[23]|sortDirection|String|false|false
07:33:07.2 (3631453)|VARIABLE_ASSIGNMENT|[23]|sortDirection|null
07:33:07.2 (3647180)|HEAP_ALLOCATE|[25]|Bytes:5
07:33:07.2 (3651574)|STATEMENT_EXECUTE|[23]
07:33:07.2 (3653041)|STATEMENT_EXECUTE|[25]
07:33:07.2 (3655991)|HEAP_ALLOCATE|[25]|Bytes:20
07:33:07.2 (3671538)|HEAP_ALLOCATE|[25]|Bytes:21
07:33:07.2 (3699460)|ENTERING_MANAGED_PKG|
07:33:07.2 (3740636)|USER_DEBUG|[25]|DEBUG|######## rowsLimit: 8
07:33:07.2 (3750044)|STATEMENT_EXECUTE|[26]
07:33:07.2 (3753748)|HEAP_ALLOCATE|[26]|Bytes:24
07:33:07.2 (3759696)|HEAP_ALLOCATE|[26]|Bytes:31
07:33:07.2 (3766987)|ENTERING_MANAGED_PKG|
07:33:07.2 (3780392)|USER_DEBUG|[26]|DEBUG|######## objectApiName: Account
07:33:07.2 (3786165)|STATEMENT_EXECUTE|[29]
07:33:07.2 (3792918)|HEAP_ALLOCATE|[29]|Bytes:4
07:33:07.2 (3837699)|VARIABLE_ASSIGNMENT|[29]|ListServerController.mapObjectsFields|{"s":1,"v":{}}|0x6cf095bf
07:33:07.2 (3841504)|STATEMENT_EXECUTE|[31]
07:33:07.2 (3844904)|HEAP_ALLOCATE|[31]|Bytes:2
07:33:07.2 (3984719)|HEAP_ALLOCATE|[31]|Bytes:19
07:33:07.2 (3990998)|HEAP_ALLOCATE|[31]|Bytes:28
07:33:07.2 (4001402)|METHOD_ENTRY|[1]|01pB0000000ljzx|Sparkle_Helper.Sparkle_Helper()
07:33:07.2 (4004592)|STATEMENT_EXECUTE|[1]
07:33:07.2 (4007906)|STATEMENT_EXECUTE|[1]
07:33:07.2 (4014158)|HEAP_ALLOCATE|[31]|Bytes:5
07:33:07.2 (4024729)|METHOD_EXIT|[1]|Sparkle_Helper
07:33:07.2 (4039409)|METHOD_ENTRY|[31]|01pB0000000ljzx|testautonumdata.Sparkle_Helper.AddFieldToObjectsMap(String, String, Map<String,Set<String>>)
07:33:07.2 (4056296)|VARIABLE_SCOPE_BEGIN|[107]|fieldName|String|false|false
07:33:07.2 (4063804)|VARIABLE_ASSIGNMENT|[107]|fieldName|"Id"
07:33:07.2 (4065891)|VARIABLE_SCOPE_BEGIN|[107]|initialObjectName|String|false|false
07:33:07.2 (4069249)|VARIABLE_ASSIGNMENT|[107]|initialObjectName|"Account"
07:33:07.2 (4070863)|VARIABLE_SCOPE_BEGIN|[107]|theMap|Map<String,Set<String>>|true|false
07:33:07.2 (4084033)|VARIABLE_ASSIGNMENT|[107]|theMap|{"s":1,"v":{}}|0x6cf095bf
07:33:07.2 (4092708)|HEAP_ALLOCATE|[109]|Bytes:5
07:33:07.2 (4097425)|STATEMENT_EXECUTE|[108]
07:33:07.2 (4100375)|HEAP_ALLOCATE|[109]|Bytes:1
07:33:07.2 (4119114)|ENTERING_MANAGED_PKG|
07:33:07.2 (4154754)|STATEMENT_EXECUTE|[150]
07:33:07.2 (4165602)|METHOD_ENTRY|[150]|01pB0000000ljzx|testautonumdata.Sparkle_Helper.AddFieldToMap(String, String, Map<String,Set<String>>)
07:33:07.2 (4178670)|VARIABLE_SCOPE_BEGIN|[157]|fieldName|String|false|false
07:33:07.2 (4184715)|VARIABLE_ASSIGNMENT|[157]|fieldName|"Id"
07:33:07.2 (4186653)|VARIABLE_SCOPE_BEGIN|[157]|ObjectName|String|false|false
07:33:07.2 (4189780)|VARIABLE_ASSIGNMENT|[157]|ObjectName|"Account"
07:33:07.2 (4191403)|VARIABLE_SCOPE_BEGIN|[157]|theMap|Map<String,Set<String>>|true|false
07:33:07.2 (4202908)|VARIABLE_ASSIGNMENT|[157]|theMap|{"s":1,"v":{}}|0x6cf095bf
07:33:07.2 (4211566)|HEAP_ALLOCATE|[160]|Bytes:5
07:33:07.2 (4215738)|STATEMENT_EXECUTE|[158]
07:33:07.2 (4228989)|ENTERING_MANAGED_PKG|
07:33:07.2 (4259701)|STATEMENT_EXECUTE|[167]
07:33:07.2 (4261644)|STATEMENT_EXECUTE|[168]
07:33:07.2 (4341031)|HEAP_ALLOCATE|[168]|Bytes:4
07:33:07.2 (4363331)|ENTERING_MANAGED_PKG|
07:33:07.2 (4391753)|VARIABLE_SCOPE_BEGIN|[168]|newFieldSet|Set<String>|true|false
07:33:07.2 (4440645)|VARIABLE_ASSIGNMENT|[168]|newFieldSet|{"s":1,"v":[]}|0x6710233e
07:33:07.2 (4444828)|STATEMENT_EXECUTE|[169]
07:33:07.2 (4456454)|ENTERING_MANAGED_PKG|
07:33:07.2 (4483639)|HEAP_ALLOCATE|[EXTERNAL]|Bytes:4
07:33:07.2 (4493050)|STATEMENT_EXECUTE|[170]
07:33:07.2 (4501208)|ENTERING_MANAGED_PKG|
07:33:07.2 (4532441)|HEAP_ALLOCATE|[EXTERNAL]|Bytes:-4
07:33:07.2 (4547206)|METHOD_EXIT|[150]|01pB0000000ljzx|testautonumdata.Sparkle_Helper.AddFieldToMap(String, String, Map<String,Set<String>>)
07:33:07.2 (4554199)|METHOD_EXIT|[31]|01pB0000000ljzx|testautonumdata.Sparkle_Helper.AddFieldToObjectsMap(String, String, Map<String,Set<String>>)
07:33:07.2 (4557468)|STATEMENT_EXECUTE|[33]
07:33:07.2 (4588245)|HEAP_ALLOCATE|[33]|Bytes:4
07:33:07.2 (4665581)|ENTERING_MANAGED_PKG|
07:33:07.2 (4685950)|VARIABLE_SCOPE_BEGIN|[33]|lstReturnRecords|List<testautonumdata.ListServerController>|true|false
07:33:07.2 (4712351)|HEAP_ALLOCATE|[EXTERNAL]|Bytes:4
07:33:07.2 (4727055)|VARIABLE_ASSIGNMENT|[33]|lstReturnRecords|{"s":1,"v":[]}|0xf4ae5da
07:33:07.2 (4730603)|STATEMENT_EXECUTE|[35]
07:33:07.2 (4751933)|ENTERING_MANAGED_PKG|
07:33:07.2 (4779532)|VARIABLE_SCOPE_BEGIN|[35]|rLimit|Integer|false|false
07:33:07.2 (4784511)|HEAP_ALLOCATE|[35]|Bytes:4
07:33:07.2 (4791058)|VARIABLE_ASSIGNMENT|[35]|rLimit|8
07:33:07.2 (4793567)|STATEMENT_EXECUTE|[36]
07:33:07.2 (4796965)|HEAP_ALLOCATE|[36]|Bytes:17
07:33:07.2 (4812205)|ENTERING_MANAGED_PKG|
07:33:07.2 (4832668)|HEAP_ALLOCATE|[36]|Bytes:1
07:33:07.2 (4845101)|HEAP_ALLOCATE|[36]|Bytes:18
07:33:07.2 (4853527)|ENTERING_MANAGED_PKG|
07:33:07.2 (4860040)|USER_DEBUG|[36]|DEBUG|######## rLimit: 8
07:33:07.2 (4865545)|STATEMENT_EXECUTE|[40]
07:33:07.2 (4868665)|HEAP_ALLOCATE|[40]|Bytes:9
07:33:07.2 (4872453)|VARIABLE_SCOPE_BEGIN|[40]|soql|String|false|false
07:33:07.2 (4879807)|VARIABLE_ASSIGNMENT|[40]|soql|"Select id"
07:33:07.2 (4894333)|ENTERING_MANAGED_PKG|
07:33:07.2 (4924266)|STATEMENT_EXECUTE|[42]
07:33:07.2 (4927055)|STATEMENT_EXECUTE|[49]
07:33:07.2 (4928001)|STATEMENT_EXECUTE|[50]
07:33:07.2 (4930973)|HEAP_ALLOCATE|[50]|Bytes:2
07:33:07.2 (4944544)|ENTERING_MANAGED_PKG|
07:33:07.2 (4960771)|HEAP_ALLOCATE|[50]|Bytes:4
07:33:07.2 (4973226)|HEAP_ALLOCATE|[50]|Bytes:6
07:33:07.2 (4977119)|HEAP_ALLOCATE|[50]|Bytes:15
07:33:07.2 (4984563)|VARIABLE_ASSIGNMENT|[50]|soql|"Select id, Name"
07:33:07.2 (4987119)|STATEMENT_EXECUTE|[51]
07:33:07.2 (4995457)|METHOD_ENTRY|[51]|01pB0000000ljzx|testautonumdata.Sparkle_Helper.AddFieldToObjectsMap(String, String, Map<String,Set<String>>)
07:33:07.2 (5007651)|VARIABLE_SCOPE_BEGIN|[107]|fieldName|String|false|false
07:33:07.2 (5013217)|VARIABLE_ASSIGNMENT|[107]|fieldName|"Name"
07:33:07.2 (5014831)|VARIABLE_SCOPE_BEGIN|[107]|initialObjectName|String|false|false
07:33:07.2 (5017485)|VARIABLE_ASSIGNMENT|[107]|initialObjectName|"Account"
07:33:07.2 (5018873)|VARIABLE_SCOPE_BEGIN|[107]|theMap|Map<String,Set<String>>|true|false
07:33:07.2 (5036443)|VARIABLE_ASSIGNMENT|[107]|theMap|{"s":1,"v":{"Account":{"s":2,"v":["Id"]}}}|0x6cf095bf
07:33:07.2 (5045601)|HEAP_ALLOCATE|[109]|Bytes:5
07:33:07.2 (5049686)|STATEMENT_EXECUTE|[108]
07:33:07.2 (5061947)|ENTERING_MANAGED_PKG|
07:33:07.2 (5070277)|STATEMENT_EXECUTE|[150]
07:33:07.2 (5076279)|METHOD_ENTRY|[150]|01pB0000000ljzx|testautonumdata.Sparkle_Helper.AddFieldToMap(String, String, Map<String,Set<String>>)
07:33:07.2 (5079676)|VARIABLE_SCOPE_BEGIN|[157]|fieldName|String|false|false
07:33:07.2 (5084742)|VARIABLE_ASSIGNMENT|[157]|fieldName|"Name"
07:33:07.2 (5086494)|VARIABLE_SCOPE_BEGIN|[157]|ObjectName|String|false|false
07:33:07.2 (5089157)|VARIABLE_ASSIGNMENT|[157]|ObjectName|"Account"
07:33:07.2 (5090593)|VARIABLE_SCOPE_BEGIN|[157]|theMap|Map<String,Set<String>>|true|false
07:33:07.2 (5105827)|VARIABLE_ASSIGNMENT|[157]|theMap|{"s":1,"v":{"Account":{"s":2,"v":["Id"]}}}|0x6cf095bf
07:33:07.2 (5113389)|HEAP_ALLOCATE|[160]|Bytes:5
07:33:07.2 (5116825)|STATEMENT_EXECUTE|[158]
07:33:07.2 (5122990)|ENTERING_MANAGED_PKG|
07:33:07.2 (5129541)|STATEMENT_EXECUTE|[161]
07:33:07.2 (5130829)|STATEMENT_EXECUTE|[162]
07:33:07.2 (5136336)|ENTERING_MANAGED_PKG|
07:33:07.2 (5167428)|VARIABLE_SCOPE_BEGIN|[162]|existingFieldSet|Set<String>|true|false
07:33:07.2 (5181673)|VARIABLE_ASSIGNMENT|[162]|existingFieldSet|{"s":1,"v":["Id"]}|0x6710233e
07:33:07.2 (5184970)|STATEMENT_EXECUTE|[163]
07:33:07.2 (5191789)|ENTERING_MANAGED_PKG|
07:33:07.2 (5214239)|HEAP_ALLOCATE|[EXTERNAL]|Bytes:4
07:33:07.2 (5223105)|STATEMENT_EXECUTE|[164]
07:33:07.2 (5230260)|ENTERING_MANAGED_PKG|
07:33:07.2 (5267588)|METHOD_EXIT|[150]|01pB0000000ljzx|testautonumdata.Sparkle_Helper.AddFieldToMap(String, String, Map<String,Set<String>>)
07:33:07.2 (5274114)|METHOD_EXIT|[51]|01pB0000000ljzx|testautonumdata.Sparkle_Helper.AddFieldToObjectsMap(String, String, Map<String,Set<String>>)
07:33:07.2 (5278003)|STATEMENT_EXECUTE|[53]
07:33:07.2 (5279983)|STATEMENT_EXECUTE|[58]
07:33:07.2 (5281501)|STATEMENT_EXECUTE|[63]
07:33:07.2 (5282589)|STATEMENT_EXECUTE|[69]
07:33:07.2 (5286127)|HEAP_ALLOCATE|[69]|Bytes:6
07:33:07.2 (5298663)|ENTERING_MANAGED_PKG|
07:33:07.2 (5314803)|HEAP_ALLOCATE|[69]|Bytes:7
07:33:07.2 (5327229)|HEAP_ALLOCATE|[69]|Bytes:13
07:33:07.2 (5331120)|HEAP_ALLOCATE|[69]|Bytes:28
07:33:07.2 (5340804)|VARIABLE_ASSIGNMENT|[69]|soql|"Select id, Name FROM (8 more) ..."
07:33:07.2 (5344905)|STATEMENT_EXECUTE|[72]
07:33:07.2 (5347369)|STATEMENT_EXECUTE|[78]
07:33:07.2 (5348406)|STATEMENT_EXECUTE|[84]
07:33:07.2 (5350654)|HEAP_ALLOCATE|[84]|Bytes:7
07:33:07.2 (5360594)|ENTERING_MANAGED_PKG|
07:33:07.2 (5375448)|HEAP_ALLOCATE|[84]|Bytes:1
07:33:07.2 (5387872)|HEAP_ALLOCATE|[84]|Bytes:8
07:33:07.2 (5391665)|HEAP_ALLOCATE|[84]|Bytes:36
07:33:07.2 (5403892)|VARIABLE_ASSIGNMENT|[84]|soql|"Select id, Name FROM (16 more) ..."
07:33:07.2 (5406617)|STATEMENT_EXECUTE|[88]
07:33:07.2 (5409827)|HEAP_ALLOCATE|[88]|Bytes:15
07:33:07.2 (5414126)|HEAP_ALLOCATE|[88]|Bytes:51
07:33:07.2 (5422467)|ENTERING_MANAGED_PKG|
07:33:07.2 (5439088)|USER_DEBUG|[88]|DEBUG|######## soql: Select id, Name FROM Account limit 8
07:33:07.2 (5453639)|METHOD_ENTRY|[95]|01pB0000000ljzx|testautonumdata.Sparkle_Helper.UserHasAccessToObjectsAndFields(Map<String,Set<String>>)
07:33:07.2 (5466255)|VARIABLE_SCOPE_BEGIN|[175]|theMap|Map<String,Set<String>>|true|false
07:33:07.2 (5485752)|VARIABLE_ASSIGNMENT|[175]|theMap|{"s":1,"v":{"Account":{"s":2,"v":["Id","Name"]}}}|0x6cf095bf
07:33:07.2 (5495152)|HEAP_ALLOCATE|[177]|Bytes:5
07:33:07.2 (5499613)|STATEMENT_EXECUTE|[176]
07:33:07.2 (5500807)|STATEMENT_EXECUTE|[177]
07:33:07.2 (5504961)|VARIABLE_SCOPE_BEGIN|[177]|hasAccess|Boolean|false|false
07:33:07.2 (5508073)|HEAP_ALLOCATE|[177]|Bytes:5
07:33:07.2 (5512645)|VARIABLE_ASSIGNMENT|[177]|hasAccess|true
07:33:07.2 (5520891)|ENTERING_MANAGED_PKG|
07:33:07.2 (5542446)|STATEMENT_EXECUTE|[180]
07:33:07.2 (5544294)|STATEMENT_EXECUTE|[181]
07:33:07.2 (5547613)|HEAP_ALLOCATE|[181]|Bytes:17
07:33:07.2 (5561324)|ENTERING_MANAGED_PKG|
07:33:07.2 (5590055)|HEAP_ALLOCATE|[181]|Bytes:20
07:33:07.2 (5602684)|HEAP_ALLOCATE|[181]|Bytes:37
07:33:07.2 (5613620)|ENTERING_MANAGED_PKG|
07:33:07.2 (5620282)|USER_DEBUG|[181]|DEBUG|######## theMap: {Account={Id, Name}}
07:33:07.2 (5632833)|HEAP_ALLOCATE|[182]|Bytes:4
07:33:07.2 (5643742)|ENTERING_MANAGED_PKG|
07:33:07.2 (5662447)|ENTERING_MANAGED_PKG|
07:33:07.2 (5676219)|HEAP_ALLOCATE|[182]|Bytes:15
07:33:07.2 (5687621)|ENTERING_MANAGED_PKG|
07:33:07.2 (5693072)|HEAP_ALLOCATE|[182]|Bytes:4
07:33:07.2 (5699736)|ENTERING_MANAGED_PKG|
07:33:07.2 (5783235)|HEAP_ALLOCATE|[182]|Bytes:5
07:33:07.2 (5818364)|VARIABLE_SCOPE_BEGIN|[182]|objectName|String|false|false
07:33:07.2 (5825979)|VARIABLE_ASSIGNMENT|[182]|objectName|"Account"
07:33:07.2 (5829303)|STATEMENT_EXECUTE|[183]
07:33:07.2 (5830439)|STATEMENT_EXECUTE|[184]
07:33:07.2 (5834360)|HEAP_ALLOCATE|[184]|Bytes:21
07:33:07.2 (5840493)|HEAP_ALLOCATE|[184]|Bytes:28
07:33:07.2 (5848839)|ENTERING_MANAGED_PKG|
07:33:07.2 (5866972)|USER_DEBUG|[184]|DEBUG|######## objectName: Account
07:33:07.2 (5873763)|STATEMENT_EXECUTE|[185]
07:33:07.2 (5888293)|ENTERING_MANAGED_PKG|
07:33:07.2 (21131249)|HEAP_ALLOCATE|[185]|Bytes:1648
07:33:07.2 (21165334)|ENTERING_MANAGED_PKG|
07:33:07.2 (21267210)|HEAP_ALLOCATE|[185]|Bytes:4
07:33:07.2 (21278393)|VARIABLE_SCOPE_BEGIN|[185]|sObj|SObject|true|false
07:33:07.2 (21302007)|VARIABLE_ASSIGNMENT|[185]|sObj|{}|0x37a7542e
07:33:07.2 (21307233)|STATEMENT_EXECUTE|[186]
07:33:07.2 (21337685)|ENTERING_MANAGED_PKG|
07:33:07.2 (21748920)|HEAP_ALLOCATE|[186]|Bytes:4
07:33:07.2 (22775174)|HEAP_ALLOCATE|[186]|Bytes:312
07:33:07.2 (22786772)|VARIABLE_SCOPE_BEGIN|[186]|m|Map<String,Schema.SObjectField>|true|false
07:33:07.2 (23091517)|VARIABLE_ASSIGNMENT|[186]|m|"{accountnumber=AccountNumber, accountsource=AccountSource, annualrevenue=AnnualRevenue, billingaddress=BillingAddress, billingcity=BillingCity, billingcountry=BillingCountry, billingcountrycode=BillingCountryCode, billinglatitude=BillingLatitude, billinglongitude=BillingLongitude, billingpostalcode=BillingPostalCode, ...}"|0x572255df
07:33:07.2 (23099982)|STATEMENT_EXECUTE|[187]
07:33:07.2 (23111856)|ENTERING_MANAGED_PKG|
07:33:07.2 (23150552)|VARIABLE_SCOPE_BEGIN|[187]|objectFieldSet|Set<String>|true|false
07:33:07.2 (23176616)|VARIABLE_ASSIGNMENT|[187]|objectFieldSet|{"s":1,"v":["Id","Name"]}|0x6710233e
07:33:07.2 (23187984)|HEAP_ALLOCATE|[189]|Bytes:4
07:33:07.2 (23201097)|ENTERING_MANAGED_PKG|
07:33:07.2 (23226396)|ENTERING_MANAGED_PKG|
07:33:07.2 (23233035)|HEAP_ALLOCATE|[189]|Bytes:8
07:33:07.2 (23240959)|ENTERING_MANAGED_PKG|
07:33:07.2 (23264993)|HEAP_ALLOCATE|[189]|Bytes:5
07:33:07.2 (23284159)|VARIABLE_SCOPE_BEGIN|[189]|fieldToCheck|String|false|false
07:33:07.2 (23291647)|VARIABLE_ASSIGNMENT|[189]|fieldToCheck|"Id"
07:33:07.2 (23295175)|STATEMENT_EXECUTE|[189]
07:33:07.2 (23296427)|STATEMENT_EXECUTE|[190]
07:33:07.2 (23300685)|HEAP_ALLOCATE|[190]|Bytes:23
07:33:07.2 (23313961)|HEAP_ALLOCATE|[190]|Bytes:25
07:33:07.2 (23326630)|ENTERING_MANAGED_PKG|
07:33:07.2 (23350912)|USER_DEBUG|[190]|DEBUG|######## fieldToCheck: Id
07:33:07.2 (23365420)|ENTERING_MANAGED_PKG|
07:33:07.2 (23675189)|HEAP_ALLOCATE|[192]|Bytes:8
07:33:07.2 (23702677)|STATEMENT_EXECUTE|[192]
07:33:07.2 (23705236)|STATEMENT_EXECUTE|[199]
07:33:07.2 (23708597)|HEAP_ALLOCATE|[199]|Bytes:35
07:33:07.2 (23715547)|HEAP_ALLOCATE|[199]|Bytes:37
07:33:07.2 (23724672)|ENTERING_MANAGED_PKG|
07:33:07.2 (23742509)|USER_DEBUG|[199]|DEBUG|######## User has access to field: Id
07:33:07.2 (23757327)|HEAP_ALLOCATE|[189]|Bytes:5
07:33:07.2 (23769496)|VARIABLE_SCOPE_BEGIN|[189]|fieldToCheck|String|false|false
07:33:07.2 (23776831)|VARIABLE_ASSIGNMENT|[189]|fieldToCheck|"Name"
07:33:07.2 (23779817)|STATEMENT_EXECUTE|[189]
07:33:07.2 (23780881)|STATEMENT_EXECUTE|[190]
07:33:07.2 (23786018)|HEAP_ALLOCATE|[190]|Bytes:27
07:33:07.2 (23792711)|ENTERING_MANAGED_PKG|
07:33:07.2 (23798263)|USER_DEBUG|[190]|DEBUG|######## fieldToCheck: Name
07:33:07.2 (23805852)|ENTERING_MANAGED_PKG|
07:33:07.2 (23975463)|HEAP_ALLOCATE|[192]|Bytes:8
07:33:07.2 (23990423)|STATEMENT_EXECUTE|[192]
07:33:07.2 (23992728)|STATEMENT_EXECUTE|[199]
07:33:07.2 (23998419)|HEAP_ALLOCATE|[199]|Bytes:39
07:33:07.2 (24005578)|ENTERING_MANAGED_PKG|
07:33:07.2 (24013180)|USER_DEBUG|[199]|DEBUG|######## User has access to field: Name
07:33:07.2 (24026412)|HEAP_ALLOCATE|[189]|Bytes:5
07:33:07.2 (24038524)|VARIABLE_ASSIGNMENT|[189]|fieldToCheck|null
07:33:07.2 (24047484)|HEAP_ALLOCATE|[182]|Bytes:5
07:33:07.2 (24055654)|VARIABLE_ASSIGNMENT|[182]|objectName|null
07:33:07.2 (24059367)|STATEMENT_EXECUTE|[206]
07:33:07.2 (24062151)|HEAP_ALLOCATE|[206]|Bytes:5
07:33:07.2 (24074986)|METHOD_EXIT|[95]|01pB0000000ljzx|testautonumdata.Sparkle_Helper.UserHasAccessToObjectsAndFields(Map<String,Set<String>>)
07:33:07.2 (24079279)|STATEMENT_EXECUTE|[96]
07:33:07.2 (24080616)|STATEMENT_EXECUTE|[98]
07:33:07.2 (24104950)|ENTERING_MANAGED_PKG|
07:33:07.2 (24136168)|HEAP_ALLOCATE|[98]|Bytes:4
07:33:07.2 (24318288)|SOQL_EXECUTE_BEGIN|[98]|Aggregations:0|Select id, Name FROM Account limit 8
07:33:07.2 (28149915)|SOQL_EXECUTE_END|[98]|Rows:8
07:33:07.2 (28177050)|HEAP_ALLOCATE|[98]|Bytes:36
07:33:07.2 (28207651)|HEAP_ALLOCATE|[98]|Bytes:478
07:33:07.2 (28270528)|HEAP_ALLOCATE|[98]|Bytes:36
07:33:07.2 (28284974)|VARIABLE_SCOPE_BEGIN|[98]|lstQueriedRecords|List<SObject>|true|false
07:33:07.2 (28307370)|VARIABLE_ASSIGNMENT|[98]|lstQueriedRecords|{"s":1,"v":"List of size 8 too large to display"}|0x1daa02e7
07:33:07.2 (28311623)|STATEMENT_EXECUTE|[100]
07:33:07.2 (28316280)|HEAP_ALLOCATE|[100]|Bytes:28
07:33:07.2 (28334648)|ENTERING_MANAGED_PKG|
07:33:07.2 (28448617)|HEAP_ALLOCATE|[100]|Bytes:502
07:33:07.2 (28466455)|HEAP_ALLOCATE|[100]|Bytes:530
07:33:07.2 (28476229)|ENTERING_MANAGED_PKG|
07:33:07.2 (28483110)|USER_DEBUG|[100]|DEBUG|######## lstQueriedRecords: (Account:{Id=001B00000066XxFIAU, Name=GenePoint}, Account:{Id=001B00000066XxDIAU, Name=United Oil & Gas, UK}, Account:{Id=001B00000066XxEIAU, Name=United Oil & Gas, Singapore}, Account:{Id=001B00000066Xx5IAE, Name=Edge Communications}, Account:{Id=001B00000066Xx6IAE, Name=Burlington Textiles Corp of America}, Account:{Id=001B00000066Xx7IAE, Name=Pyramid Construction Inc.}, Account:{Id=001B00000066Xx8IAE, Name=Dickenson plc}, Account:{Id=001B00000066Xx9IAE, Name=Hospital Universitario San Ignacio})
07:33:07.2 (28558105)|ENTERING_MANAGED_PKG|
07:33:07.2 (28736047)|HEAP_ALLOCATE|[104]|Bytes:5
07:33:07.2 (28765559)|HEAP_ALLOCATE|[104]|Bytes:12
07:33:07.2 (28791986)|VARIABLE_SCOPE_BEGIN|[104]|e|SObject|true|false
07:33:07.2 (28819560)|VARIABLE_ASSIGNMENT|[104]|e|{"s":1,"v":{"Id":"001B00000066XxFIAU","Name":"GenePoint"}}|0x7b7f9aec
07:33:07.2 (28826106)|STATEMENT_EXECUTE|[105]
07:33:07.2 (28831641)|STATEMENT_EXECUTE|[106]
07:33:07.2 (28836345)|HEAP_ALLOCATE|[106]|Bytes:12
07:33:07.2 (28852720)|ENTERING_MANAGED_PKG|
07:33:07.2 (28901117)|HEAP_ALLOCATE|[106]|Bytes:47
07:33:07.2 (28917415)|HEAP_ALLOCATE|[106]|Bytes:59
07:33:07.2 (28926240)|ENTERING_MANAGED_PKG|
07:33:07.2 (28932788)|USER_DEBUG|[106]|DEBUG|######## e: Account:{Id=001B00000066XxFIAU, Name=GenePoint}
07:33:07.2 (28938895)|STATEMENT_EXECUTE|[107]
07:33:07.2 (28946408)|HEAP_ALLOCATE|[107]|Bytes:28
07:33:07.2 (28961647)|CONSTRUCTOR_ENTRY|[107]|01pB0000000lc07|<init>()
07:33:07.2 (28981157)|VARIABLE_SCOPE_BEGIN|[1]|this|testautonumdata.ListServerController|true|false
07:33:07.2 (29023228)|VARIABLE_ASSIGNMENT|[1]|this|{}|0x7489f7a1
07:33:07.2 (29033877)|HEAP_ALLOCATE|[EXTERNAL]|Bytes:5
07:33:07.2 (29048462)|HEAP_ALLOCATE|[EXTERNAL]|Bytes:6
07:33:07.2 (29089310)|STATEMENT_EXECUTE|[1]
07:33:07.2 (29094726)|HEAP_ALLOCATE|[EXTERNAL]|Bytes:5
07:33:07.2 (29097138)|STATEMENT_EXECUTE|[6]
07:33:07.2 (29098689)|STATEMENT_EXECUTE|[8]
07:33:07.2 (29099680)|STATEMENT_EXECUTE|[10]
07:33:07.2 (29100840)|STATEMENT_EXECUTE|[12]
07:33:07.2 (29101812)|STATEMENT_EXECUTE|[14]
07:33:07.2 (29102754)|STATEMENT_EXECUTE|[16]
07:33:07.2 (29110370)|CONSTRUCTOR_EXIT|[107]|01pB0000000lc07|<init>()
07:33:07.2 (29114322)|VARIABLE_SCOPE_BEGIN|[107]|i|testautonumdata.ListServerController|true|false
07:33:07.2 (29136417)|VARIABLE_ASSIGNMENT|[107]|i|{}|0x7489f7a1
07:33:07.2 (29139118)|STATEMENT_EXECUTE|[110]
07:33:07.2 (29142874)|HEAP_ALLOCATE|[110]|Bytes:2
07:33:07.2 (29190144)|ENTERING_MANAGED_PKG|
07:33:07.2 (29253480)|HEAP_ALLOCATE|[110]|Bytes:4
07:33:07.2 (29273185)|ENTERING_MANAGED_PKG|
07:33:07.2 (29276934)|HEAP_ALLOCATE|[110]|Bytes:18
07:33:07.2 (29314198)|VARIABLE_ASSIGNMENT|[EXTERNAL]|this|{}|0x7489f7a1
07:33:07.2 (29321187)|VARIABLE_ASSIGNMENT|[EXTERNAL]|value|"001B00000066XxFIAU"
07:33:07.2 (29333807)|VARIABLE_ASSIGNMENT|[6]|this.recordID|"001B00000066XxFIAU"|0x7489f7a1
07:33:07.2 (29341054)|STATEMENT_EXECUTE|[112]
07:33:07.2 (29342369)|STATEMENT_EXECUTE|[113]
07:33:07.2 (29355489)|METHOD_ENTRY|[113]|01pB0000000ljzx|testautonumdata.Sparkle_Helper.GetSobjectField(SObject, String)
07:33:07.2 (29370691)|VARIABLE_SCOPE_BEGIN|[78]|e|SObject|true|false
07:33:07.2 (29382383)|VARIABLE_ASSIGNMENT|[78]|e|{"s":1,"v":{"Id":"001B00000066XxFIAU","Name":"GenePoint"}}|0x7b7f9aec
07:33:07.2 (29385087)|VARIABLE_SCOPE_BEGIN|[78]|lcfield|String|false|false
07:33:07.2 (29388662)|VARIABLE_ASSIGNMENT|[78]|lcfield|"Id"
07:33:07.2 (29402490)|HEAP_ALLOCATE|[81]|Bytes:5
07:33:07.2 (29406946)|STATEMENT_EXECUTE|[79]
07:33:07.2 (29408141)|STATEMENT_EXECUTE|[81]
07:33:07.2 (29413345)|VARIABLE_SCOPE_BEGIN|[81]|returnValue|String|false|false
07:33:07.2 (29418502)|VARIABLE_ASSIGNMENT|[81]|returnValue|""
07:33:07.2 (29432923)|ENTERING_MANAGED_PKG|
07:33:07.2 (29460863)|STATEMENT_EXECUTE|[98]
07:33:07.2 (29470450)|ENTERING_MANAGED_PKG|
07:33:07.2 (29505687)|HEAP_ALLOCATE|[98]|Bytes:4
07:33:07.2 (29522797)|ENTERING_MANAGED_PKG|
07:33:07.2 (29526487)|HEAP_ALLOCATE|[98]|Bytes:18
07:33:07.2 (29538533)|VARIABLE_ASSIGNMENT|[98]|returnValue|"001B00000066XxFIAU"
07:33:07.2 (29541673)|STATEMENT_EXECUTE|[100]
07:33:07.2 (29549470)|METHOD_EXIT|[113]|01pB0000000ljzx|testautonumdata.Sparkle_Helper.GetSobjectField(SObject, String)
07:33:07.2 (29582448)|VARIABLE_ASSIGNMENT|[EXTERNAL]|this|{"recordID":"001B00000066XxFIAU"}|0x7489f7a1
07:33:07.2 (29587766)|VARIABLE_ASSIGNMENT|[EXTERNAL]|value|"001B00000066XxFIAU"
07:33:07.2 (29595013)|VARIABLE_ASSIGNMENT|[8]|this.eventField|"001B00000066XxFIAU"|0x7489f7a1
07:33:07.2 (29602373)|STATEMENT_EXECUTE|[116]
07:33:07.2 (29604514)|STATEMENT_EXECUTE|[117]
07:33:07.2 (29613410)|METHOD_ENTRY|[117]|01pB0000000ljzx|testautonumdata.Sparkle_Helper.GetSobjectField(SObject, String)
07:33:07.2 (29626999)|VARIABLE_SCOPE_BEGIN|[78]|e|SObject|true|false
07:33:07.2 (29638470)|VARIABLE_ASSIGNMENT|[78]|e|{"s":1,"v":{"Id":"001B00000066XxFIAU","Name":"GenePoint"}}|0x7b7f9aec
07:33:07.2 (29640917)|VARIABLE_SCOPE_BEGIN|[78]|lcfield|String|false|false
07:33:07.2 (29644197)|VARIABLE_ASSIGNMENT|[78]|lcfield|"Name"
07:33:07.2 (29652148)|HEAP_ALLOCATE|[81]|Bytes:5
07:33:07.2 (29656101)|STATEMENT_EXECUTE|[79]
07:33:07.2 (29657240)|STATEMENT_EXECUTE|[81]
07:33:07.2 (29661016)|VARIABLE_SCOPE_BEGIN|[81]|returnValue|String|false|false
07:33:07.2 (29665422)|VARIABLE_ASSIGNMENT|[81]|returnValue|""
07:33:07.2 (29677629)|ENTERING_MANAGED_PKG|
07:33:07.2 (29686351)|STATEMENT_EXECUTE|[98]
07:33:07.2 (29693294)|ENTERING_MANAGED_PKG|
07:33:07.2 (29711979)|HEAP_ALLOCATE|[98]|Bytes:9
07:33:07.2 (29725938)|ENTERING_MANAGED_PKG|
07:33:07.2 (29728735)|HEAP_ALLOCATE|[98]|Bytes:9
07:33:07.2 (29739872)|VARIABLE_ASSIGNMENT|[98]|returnValue|"GenePoint"
07:33:07.2 (29742710)|STATEMENT_EXECUTE|[100]
07:33:07.2 (29749777)|METHOD_EXIT|[117]|01pB0000000ljzx|testautonumdata.Sparkle_Helper.GetSobjectField(SObject, String)
07:33:07.2 (29782346)|VARIABLE_ASSIGNMENT|[EXTERNAL]|this|{"eventField":"001B00000066XxFIAU","recordID":"001B00000066XxFIAU"}|0x7489f7a1
07:33:07.2 (29787500)|VARIABLE_ASSIGNMENT|[EXTERNAL]|value|"GenePoint"
07:33:07.2 (29794641)|VARIABLE_ASSIGNMENT|[10]|this.column1|"GenePoint"|0x7489f7a1
07:33:07.2 (29801314)|STATEMENT_EXECUTE|[119]
07:33:07.2 (29803111)|STATEMENT_EXECUTE|[124]
07:33:07.2 (29804440)|STATEMENT_EXECUTE|[129]
07:33:07.2 (29805453)|STATEMENT_EXECUTE|[135]
07:33:07.2 (29815056)|ENTERING_MANAGED_PKG|
07:33:07.2 (29842630)|HEAP_ALLOCATE|[EXTERNAL]|Bytes:4
07:33:07.2 (29851605)|STATEMENT_EXECUTE|[137]
07:33:07.2 (29855527)|HEAP_ALLOCATE|[137]|Bytes:12
07:33:07.2 (29867861)|ENTERING_MANAGED_PKG|
07:33:07.2 (29930666)|HEAP_ALLOCATE|[137]|Bytes:181
07:33:07.2 (29946512)|HEAP_ALLOCATE|[137]|Bytes:193
07:33:07.2 (29955309)|ENTERING_MANAGED_PKG|
07:33:07.2 (29962149)|USER_DEBUG|[137]|DEBUG|######## i: ListServerController:[column1=GenePoint, column2=null, column3=null, column4=null, eventField=001B00000066XxFIAU, mapObjectsFields={Account={Id, Name}}, recordID=001B00000066XxFIAU]
07:33:07.2 (29976200)|HEAP_ALLOCATE|[104]|Bytes:5
07:33:07.2 (29999273)|HEAP_ALLOCATE|[104]|Bytes:12
07:33:07.2 (30012620)|VARIABLE_SCOPE_BEGIN|[104]|e|SObject|true|false
07:33:07.2 (30027730)|VARIABLE_ASSIGNMENT|[104]|e|{"s":1,"v":{"Id":"001B00000066XxDIAU","Name":"United Oil & Gas, UK"}}|0x5df2e605
07:33:07.2 (30031846)|STATEMENT_EXECUTE|[105]
07:33:07.2 (30032864)|STATEMENT_EXECUTE|[106]
07:33:07.2 (30045045)|ENTERING_MANAGED_PKG|
07:33:07.2 (30071609)|HEAP_ALLOCATE|[106]|Bytes:58
07:33:07.2 (30084824)|HEAP_ALLOCATE|[106]|Bytes:70
07:33:07.2 (30091546)|ENTERING_MANAGED_PKG|
07:33:07.2 (30097720)|USER_DEBUG|[106]|DEBUG|######## e: Account:{Id=001B00000066XxDIAU, Name=United Oil & Gas, UK}
07:33:07.2 (30103069)|STATEMENT_EXECUTE|[107]
07:33:07.2 (30107509)|HEAP_ALLOCATE|[107]|Bytes:28
07:33:07.2 (30115127)|CONSTRUCTOR_ENTRY|[107]|01pB0000000lc07|<init>()
07:33:07.2 (30118734)|VARIABLE_SCOPE_BEGIN|[1]|this|testautonumdata.ListServerController|true|false
07:33:07.2 (30141269)|VARIABLE_ASSIGNMENT|[1]|this|{}|0x24678534
07:33:07.2 (30148870)|HEAP_ALLOCATE|[EXTERNAL]|Bytes:5
07:33:07.2 (30163346)|STATEMENT_EXECUTE|[1]
07:33:07.2 (30166838)|HEAP_ALLOCATE|[EXTERNAL]|Bytes:5
07:33:07.2 (30168847)|STATEMENT_EXECUTE|[6]
07:33:07.2 (30170193)|STATEMENT_EXECUTE|[8]
07:33:07.2 (30171112)|STATEMENT_EXECUTE|[10]
07:33:07.2 (30172084)|STATEMENT_EXECUTE|[12]
07:33:07.2 (30173031)|STATEMENT_EXECUTE|[14]
07:33:07.2 (30173893)|STATEMENT_EXECUTE|[16]
07:33:07.2 (30180631)|CONSTRUCTOR_EXIT|[107]|01pB0000000lc07|<init>()
07:33:07.2 (30184104)|VARIABLE_SCOPE_BEGIN|[107]|i|testautonumdata.ListServerController|true|false
07:33:07.2 (30203606)|VARIABLE_ASSIGNMENT|[107]|i|{}|0x24678534
07:33:07.2 (30206239)|STATEMENT_EXECUTE|[110]
07:33:07.2 (30218546)|ENTERING_MANAGED_PKG|
07:33:07.2 (30239191)|HEAP_ALLOCATE|[110]|Bytes:4
07:33:07.2 (30253998)|ENTERING_MANAGED_PKG|
07:33:07.2 (30256987)|HEAP_ALLOCATE|[110]|Bytes:18
07:33:07.2 (30286005)|VARIABLE_ASSIGNMENT|[EXTERNAL]|this|{}|0x24678534
07:33:07.2 (30292039)|VARIABLE_ASSIGNMENT|[EXTERNAL]|value|"001B00000066XxDIAU"
07:33:07.2 (30298871)|VARIABLE_ASSIGNMENT|[6]|this.recordID|"001B00000066XxDIAU"|0x24678534
07:33:07.2 (30305284)|STATEMENT_EXECUTE|[112]
07:33:07.2 (30306468)|STATEMENT_EXECUTE|[113]
07:33:07.2 (30311870)|METHOD_ENTRY|[113]|01pB0000000ljzx|testautonumdata.Sparkle_Helper.GetSobjectField(SObject, String)
07:33:07.2 (30315575)|VARIABLE_SCOPE_BEGIN|[78]|e|SObject|true|false
07:33:07.2 (30326121)|VARIABLE_ASSIGNMENT|[78]|e|{"s":1,"v":{"Id":"001B00000066XxDIAU","Name":"United Oil & Gas, UK"}}|0x5df2e605
07:33:07.2 (30328370)|VARIABLE_SCOPE_BEGIN|[78]|lcfield|String|false|false
07:33:07.2 (30331279)|VARIABLE_ASSIGNMENT|[78]|lcfield|"Id"
07:33:07.2 (30338725)|HEAP_ALLOCATE|[81]|Bytes:5
07:33:07.2 (30342844)|STATEMENT_EXECUTE|[79]
07:33:07.2 (30343996)|STATEMENT_EXECUTE|[81]
07:33:07.2 (30347769)|VARIABLE_SCOPE_BEGIN|[81]|returnValue|String|false|false
07:33:07.2 (30352323)|VARIABLE_ASSIGNMENT|[81]|returnValue|""
07:33:07.2 (30363742)|ENTERING_MANAGED_PKG|
07:33:07.2 (30372132)|STATEMENT_EXECUTE|[98]
07:33:07.2 (30379140)|ENTERING_MANAGED_PKG|
07:33:07.2 (30407326)|HEAP_ALLOCATE|[98]|Bytes:4
07:33:07.2 (30423806)|ENTERING_MANAGED_PKG|
07:33:07.2 (30426897)|HEAP_ALLOCATE|[98]|Bytes:18
07:33:07.2 (30438436)|VARIABLE_ASSIGNMENT|[98]|returnValue|"001B00000066XxDIAU"
07:33:07.2 (30441483)|STATEMENT_EXECUTE|[100]
07:33:07.2 (30448968)|METHOD_EXIT|[113]|01pB0000000ljzx|testautonumdata.Sparkle_Helper.GetSobjectField(SObject, String)
07:33:07.2 (30477137)|VARIABLE_ASSIGNMENT|[EXTERNAL]|this|{"recordID":"001B00000066XxDIAU"}|0x24678534
07:33:07.2 (30482264)|VARIABLE_ASSIGNMENT|[EXTERNAL]|value|"001B00000066XxDIAU"
07:33:07.2 (30488494)|VARIABLE_ASSIGNMENT|[8]|this.eventField|"001B00000066XxDIAU"|0x24678534
07:33:07.2 (30495080)|STATEMENT_EXECUTE|[116]
07:33:07.2 (30496219)|STATEMENT_EXECUTE|[117]
07:33:07.2 (30501254)|METHOD_ENTRY|[117]|01pB0000000ljzx|testautonumdata.Sparkle_Helper.GetSobjectField(SObject, String)
07:33:07.2 (30504321)|VARIABLE_SCOPE_BEGIN|[78]|e|SObject|true|false
07:33:07.2 (30514100)|VARIABLE_ASSIGNMENT|[78]|e|{"s":1,"v":{"Id":"001B00000066XxDIAU","Name":"United Oil & Gas, UK"}}|0x5df2e605
07:33:07.2 (30516180)|VARIABLE_SCOPE_BEGIN|[78]|lcfield|String|false|false
07:33:07.2 (30519138)|VARIABLE_ASSIGNMENT|[78]|lcfield|"Name"
07:33:07.2 (30526293)|HEAP_ALLOCATE|[81]|Bytes:5
07:33:07.2 (30529701)|STATEMENT_EXECUTE|[79]
07:33:07.2 (30530773)|STATEMENT_EXECUTE|[81]
07:33:07.2 (30534207)|VARIABLE_SCOPE_BEGIN|[81]|returnValue|String|false|false
07:33:07.2 (30538286)|VARIABLE_ASSIGNMENT|[81]|returnValue|""
07:33:07.2 (30549070)|ENTERING_MANAGED_PKG|
07:33:07.2 (30557132)|STATEMENT_EXECUTE|[98]
07:33:07.2 (30564161)|ENTERING_MANAGED_PKG|
07:33:07.2 (30582157)|HEAP_ALLOCATE|[98]|Bytes:20
07:33:07.2 (30596253)|ENTERING_MANAGED_PKG|
07:33:07.2 (30598939)|HEAP_ALLOCATE|[98]|Bytes:20
07:33:07.2 (30612879)|VARIABLE_ASSIGNMENT|[98]|returnValue|"United Oil & Gas, UK"
07:33:07.2 (30616149)|STATEMENT_EXECUTE|[100]
07:33:07.2 (30623854)|METHOD_EXIT|[117]|01pB0000000ljzx|testautonumdata.Sparkle_Helper.GetSobjectField(SObject, String)
07:33:07.2 (30652505)|VARIABLE_ASSIGNMENT|[EXTERNAL]|this|{"eventField":"001B00000066XxDIAU","recordID":"001B00000066XxDIAU"}|0x24678534
07:33:07.2 (30657734)|VARIABLE_ASSIGNMENT|[EXTERNAL]|value|"United Oil & Gas, UK"
07:33:07.2 (30664011)|VARIABLE_ASSIGNMENT|[10]|this.column1|"United Oil & Gas, UK"|0x24678534
07:33:07.2 (30670012)|STATEMENT_EXECUTE|[119]
07:33:07.2 (30671690)|STATEMENT_EXECUTE|[124]
07:33:07.2 (30672846)|STATEMENT_EXECUTE|[129]
07:33:07.2 (30673762)|STATEMENT_EXECUTE|[135]
07:33:07.2 (30678659)|ENTERING_MANAGED_PKG|
07:33:07.2 (30685069)|HEAP_ALLOCATE|[EXTERNAL]|Bytes:4
07:33:07.2 (30690564)|STATEMENT_EXECUTE|[137]
07:33:07.2 (30701085)|ENTERING_MANAGED_PKG|
07:33:07.2 (30735144)|HEAP_ALLOCATE|[137]|Bytes:192
07:33:07.2 (30748853)|HEAP_ALLOCATE|[137]|Bytes:204
07:33:07.2 (30755991)|ENTERING_MANAGED_PKG|
07:33:07.2 (30762328)|USER_DEBUG|[137]|DEBUG|######## i: ListServerController:[column1=United Oil & Gas, UK, column2=null, column3=null, column4=null, eventField=001B00000066XxDIAU, mapObjectsFields={Account={Id, Name}}, recordID=001B00000066XxDIAU]
07:33:07.2 (30776227)|HEAP_ALLOCATE|[104]|Bytes:5
07:33:07.2 (30798149)|HEAP_ALLOCATE|[104]|Bytes:12
07:33:07.2 (30811142)|VARIABLE_SCOPE_BEGIN|[104]|e|SObject|true|false
07:33:07.2 (30826446)|VARIABLE_ASSIGNMENT|[104]|e|{"s":1,"v":{"Id":"001B00000066XxEIAU","Name":"United Oil & Gas, Si (7 more) ..."}}|0xd0a05b5
07:33:07.2 (30830340)|STATEMENT_EXECUTE|[105]
07:33:07.2 (30831318)|STATEMENT_EXECUTE|[106]
07:33:07.2 (30842709)|ENTERING_MANAGED_PKG|
07:33:07.2 (30867847)|HEAP_ALLOCATE|[106]|Bytes:65
07:33:07.2 (30880527)|HEAP_ALLOCATE|[106]|Bytes:77
07:33:07.2 (30887155)|ENTERING_MANAGED_PKG|
07:33:07.2 (30893196)|USER_DEBUG|[106]|DEBUG|######## e: Account:{Id=001B00000066XxEIAU, Name=United Oil & Gas, Singapore}
07:33:07.2 (30898595)|STATEMENT_EXECUTE|[107]
07:33:07.2 (30902896)|HEAP_ALLOCATE|[107]|Bytes:28
07:33:07.2 (30910430)|CONSTRUCTOR_ENTRY|[107]|01pB0000000lc07|<init>()
07:33:07.2 (30913875)|VARIABLE_SCOPE_BEGIN|[1]|this|testautonumdata.ListServerController|true|false
07:33:07.2 (30936113)|VARIABLE_ASSIGNMENT|[1]|this|{}|0x2c89826e
07:33:07.2 (30943838)|HEAP_ALLOCATE|[EXTERNAL]|Bytes:5
07:33:07.2 (30957668)|STATEMENT_EXECUTE|[1]
07:33:07.2 (30961072)|HEAP_ALLOCATE|[EXTERNAL]|Bytes:5
07:33:07.2 (30963030)|STATEMENT_EXECUTE|[6]
07:33:07.2 (30964333)|STATEMENT_EXECUTE|[8]
07:33:07.2 (30965239)|STATEMENT_EXECUTE|[10]
07:33:07.2 (30966148)|STATEMENT_EXECUTE|[12]
07:33:07.2 (30967062)|STATEMENT_EXECUTE|[14]
07:33:07.2 (30967961)|STATEMENT_EXECUTE|[16]
07:33:07.2 (30974735)|CONSTRUCTOR_EXIT|[107]|01pB0000000lc07|<init>()
07:33:07.2 (30978090)|VARIABLE_SCOPE_BEGIN|[107]|i|testautonumdata.ListServerController|true|false
07:33:07.2 (30996392)|VARIABLE_ASSIGNMENT|[107]|i|{}|0x2c89826e
07:33:07.2 (30998942)|STATEMENT_EXECUTE|[110]
07:33:07.2 (31010741)|ENTERING_MANAGED_PKG|
07:33:07.2 (31032051)|HEAP_ALLOCATE|[110]|Bytes:4
07:33:07.2 (31046795)|ENTERING_MANAGED_PKG|
07:33:07.2 (31049868)|HEAP_ALLOCATE|[110]|Bytes:18
07:33:07.2 (31078646)|VARIABLE_ASSIGNMENT|[EXTERNAL]|this|{}|0x2c89826e
07:33:07.2 (31084445)|VARIABLE_ASSIGNMENT|[EXTERNAL]|value|"001B00000066XxEIAU"
07:33:07.2 (31091181)|VARIABLE_ASSIGNMENT|[6]|this.recordID|"001B00000066XxEIAU"|0x2c89826e
07:33:07.2 (31097672)|STATEMENT_EXECUTE|[112]
07:33:07.2 (31098816)|STATEMENT_EXECUTE|[113]
07:33:07.2 (31103952)|METHOD_ENTRY|[113]|01pB0000000ljzx|testautonumdata.Sparkle_Helper.GetSobjectField(SObject, String)
07:33:07.2 (31107150)|VARIABLE_SCOPE_BEGIN|[78]|e|SObject|true|false
07:33:07.2 (31117988)|VARIABLE_ASSIGNMENT|[78]|e|{"s":1,"v":{"Id":"001B00000066XxEIAU","Name":"United Oil & Gas, Si (7 more) ..."}}|0xd0a05b5
07:33:07.2 (31120615)|VARIABLE_SCOPE_BEGIN|[78]|lcfield|String|false|false
07:33:07.2 (31123479)|VARIABLE_ASSIGNMENT|[78]|lcfield|"Id"
07:33:07.2 (31130588)|HEAP_ALLOCATE|[81]|Bytes:5
07:33:07.2 (31134096)|STATEMENT_EXECUTE|[79]
07:33:07.2 (31135124)|STATEMENT_EXECUTE|[81]
07:33:07.2 (31138763)|VARIABLE_SCOPE_BEGIN|[81]|returnValue|String|false|false
07:33:07.2 (31142748)|VARIABLE_ASSIGNMENT|[81]|returnValue|""
07:33:07.2 (31154110)|ENTERING_MANAGED_PKG|
07:33:07.2 (31162243)|STATEMENT_EXECUTE|[98]
07:33:07.2 (31168805)|ENTERING_MANAGED_PKG|
07:33:07.2 (31186349)|HEAP_ALLOCATE|[98]|Bytes:4
07:33:07.2 (31200359)|ENTERING_MANAGED_PKG|
07:33:07.2 (31203301)|HEAP_ALLOCATE|[98]|Bytes:18
07:33:07.2 (31215083)|VARIABLE_ASSIGNMENT|[98]|returnValue|"001B00000066XxEIAU"
07:33:07.2 (31217916)|STATEMENT_EXECUTE|[100]
07:33:07.2 (31224741)|METHOD_EXIT|[113]|01pB0000000ljzx|testautonumdata.Sparkle_Helper.GetSobjectField(SObject, String)
07:33:07.2 (31251355)|VARIABLE_ASSIGNMENT|[EXTERNAL]|this|{"recordID":"001B00000066XxEIAU"}|0x2c89826e
07:33:07.2 (31255989)|VARIABLE_ASSIGNMENT|[EXTERNAL]|value|"001B00000066XxEIAU"
07:33:07.2 (31262322)|VARIABLE_ASSIGNMENT|[8]|this.eventField|"001B00000066XxEIAU"|0x2c89826e
07:33:07.2 (31268591)|STATEMENT_EXECUTE|[116]
07:33:07.2 (31269786)|STATEMENT_EXECUTE|[117]
07:33:07.2 (31274383)|METHOD_ENTRY|[117]|01pB0000000ljzx|testautonumdata.Sparkle_Helper.GetSobjectField(SObject, String)
07:33:07.2 (31277367)|VARIABLE_SCOPE_BEGIN|[78]|e|SObject|true|false
07:33:07.2 (31287681)|VARIABLE_ASSIGNMENT|[78]|e|{"s":1,"v":{"Id":"001B00000066XxEIAU","Name":"United Oil & Gas, Si (7 more) ..."}}|0xd0a05b5
07:33:07.2 (31290125)|VARIABLE_SCOPE_BEGIN|[78]|lcfield|String|false|false
07:33:07.2 (31292772)|VARIABLE_ASSIGNMENT|[78]|lcfield|"Name"
07:33:07.2 (31299802)|HEAP_ALLOCATE|[81]|Bytes:5
07:33:07.2 (31303191)|STATEMENT_EXECUTE|[79]
07:33:07.2 (31304265)|STATEMENT_EXECUTE|[81]
07:33:07.2 (31307626)|VARIABLE_SCOPE_BEGIN|[81]|returnValue|String|false|false
07:33:07.2 (31311647)|VARIABLE_ASSIGNMENT|[81]|returnValue|""
07:33:07.2 (31322772)|ENTERING_MANAGED_PKG|
07:33:07.2 (31330852)|STATEMENT_EXECUTE|[98]
07:33:07.2 (31337685)|ENTERING_MANAGED_PKG|
07:33:07.2 (31355265)|HEAP_ALLOCATE|[98]|Bytes:27
07:33:07.2 (31368852)|ENTERING_MANAGED_PKG|
07:33:07.2 (31371401)|HEAP_ALLOCATE|[98]|Bytes:27
07:33:07.2 (31383128)|VARIABLE_ASSIGNMENT|[98]|returnValue|"United Oil & Gas, Si (7 more) ..."
07:33:07.2 (31386190)|STATEMENT_EXECUTE|[100]
07:33:07.2 (31393014)|METHOD_EXIT|[117]|01pB0000000ljzx|testautonumdata.Sparkle_Helper.GetSobjectField(SObject, String)
07:33:07.2 (31424964)|VARIABLE_ASSIGNMENT|[EXTERNAL]|this|{"eventField":"001B00000066XxEIAU","recordID":"001B00000066XxEIAU"}|0x2c89826e
07:33:07.2 (31430946)|VARIABLE_ASSIGNMENT|[EXTERNAL]|value|"United Oil & Gas, Si (7 more) ..."
07:33:07.2 (31437962)|VARIABLE_ASSIGNMENT|[10]|this.column1|"United Oil & Gas, Si (7 more) ..."|0x2c89826e
07:33:07.2 (31444311)|STATEMENT_EXECUTE|[119]
07:33:07.2 (31446048)|STATEMENT_EXECUTE|[124]
07:33:07.2 (31447178)|STATEMENT_EXECUTE|[129]
07:33:07.2 (31448480)|STATEMENT_EXECUTE|[135]
07:33:07.2 (31453547)|ENTERING_MANAGED_PKG|
07:33:07.2 (31459826)|HEAP_ALLOCATE|[EXTERNAL]|Bytes:4
07:33:07.2 (31465450)|STATEMENT_EXECUTE|[137]
07:33:07.2 (31475893)|ENTERING_MANAGED_PKG|
07:33:07.2 (31509608)|HEAP_ALLOCATE|[137]|Bytes:199
07:33:07.2 (31523083)|HEAP_ALLOCATE|[137]|Bytes:211
07:33:07.2 (31529836)|ENTERING_MANAGED_PKG|
07:33:07.2 (31536177)|USER_DEBUG|[137]|DEBUG|######## i: ListServerController:[column1=United Oil & Gas, Singapore, column2=null, column3=null, column4=null, eventField=001B00000066XxEIAU, mapObjectsFields={Account={Id, Name}}, recordID=001B00000066XxEIAU]
07:33:07.2 (31549780)|HEAP_ALLOCATE|[104]|Bytes:5
07:33:07.2 (31571439)|HEAP_ALLOCATE|[104]|Bytes:12
07:33:07.2 (31584258)|VARIABLE_SCOPE_BEGIN|[104]|e|SObject|true|false
07:33:07.2 (31597518)|VARIABLE_ASSIGNMENT|[104]|e|{"s":1,"v":{"Id":"001B00000066Xx5IAE","Name":"Edge Communications"}}|0x64bd19d0
07:33:07.2 (31601712)|STATEMENT_EXECUTE|[105]
07:33:07.2 (31603717)|STATEMENT_EXECUTE|[106]
07:33:07.2 (31618212)|ENTERING_MANAGED_PKG|
07:33:07.2 (31643912)|HEAP_ALLOCATE|[106]|Bytes:57
07:33:07.2 (31657113)|HEAP_ALLOCATE|[106]|Bytes:69
07:33:07.2 (31663404)|ENTERING_MANAGED_PKG|
07:33:07.2 (31669376)|USER_DEBUG|[106]|DEBUG|######## e: Account:{Id=001B00000066Xx5IAE, Name=Edge Communications}
07:33:07.2 (31674403)|STATEMENT_EXECUTE|[107]
07:33:07.2 (31678863)|HEAP_ALLOCATE|[107]|Bytes:28
07:33:07.2 (31686184)|CONSTRUCTOR_ENTRY|[107]|01pB0000000lc07|<init>()
07:33:07.2 (31689911)|VARIABLE_SCOPE_BEGIN|[1]|this|testautonumdata.ListServerController|true|false
07:33:07.2 (31711722)|VARIABLE_ASSIGNMENT|[1]|this|{}|0x17865ca1
07:33:07.2 (31718897)|HEAP_ALLOCATE|[EXTERNAL]|Bytes:5
07:33:07.2 (31732618)|STATEMENT_EXECUTE|[1]
07:33:07.2 (31736113)|HEAP_ALLOCATE|[EXTERNAL]|Bytes:5
07:33:07.2 (31738052)|STATEMENT_EXECUTE|[6]
07:33:07.2 (31739372)|STATEMENT_EXECUTE|[8]
07:33:07.2 (31740253)|STATEMENT_EXECUTE|[10]
07:33:07.2 (31741171)|STATEMENT_EXECUTE|[12]
07:33:07.2 (31742157)|STATEMENT_EXECUTE|[14]
07:33:07.2 (31743050)|STATEMENT_EXECUTE|[16]
07:33:07.2 (31749654)|CONSTRUCTOR_EXIT|[107]|01pB0000000lc07|<init>()
07:33:07.2 (31753002)|VARIABLE_SCOPE_BEGIN|[107]|i|testautonumdata.ListServerController|true|false
07:33:07.2 (31771611)|VARIABLE_ASSIGNMENT|[107]|i|{}|0x17865ca1
07:33:07.2 (31774106)|STATEMENT_EXECUTE|[110]
07:33:07.2 (31786264)|ENTERING_MANAGED_PKG|
07:33:07.2 (31806605)|HEAP_ALLOCATE|[110]|Bytes:4
07:33:07.2 (31821055)|ENTERING_MANAGED_PKG|
07:33:07.2 (31824517)|HEAP_ALLOCATE|[110]|Bytes:18
07:33:07.2 (31870026)|VARIABLE_ASSIGNMENT|[EXTERNAL]|this|{}|0x17865ca1
07:33:07.2 (31878408)|VARIABLE_ASSIGNMENT|[EXTERNAL]|value|"001B00000066Xx5IAE"
07:33:07.2 (31885960)|VARIABLE_ASSIGNMENT|[6]|this.recordID|"001B00000066Xx5IAE"|0x17865ca1
07:33:07.2 (31893469)|STATEMENT_EXECUTE|[112]
07:33:07.2 (31894686)|STATEMENT_EXECUTE|[113]
07:33:07.2 (31900084)|METHOD_ENTRY|[113]|01pB0000000ljzx|testautonumdata.Sparkle_Helper.GetSobjectField(SObject, String)
07:33:07.2 (31903404)|VARIABLE_SCOPE_BEGIN|[78]|e|SObject|true|false
07:33:07.2 (31913683)|VARIABLE_ASSIGNMENT|[78]|e|{"s":1,"v":{"Id":"001B00000066Xx5IAE","Name":"Edge Communications"}}|0x64bd19d0
07:33:07.2 (31915900)|VARIABLE_SCOPE_BEGIN|[78]|lcfield|String|false|false
07:33:07.2 (31918740)|VARIABLE_ASSIGNMENT|[78]|lcfield|"Id"
07:33:07.2 (31926424)|HEAP_ALLOCATE|[81]|Bytes:5
07:33:07.2 (31929858)|STATEMENT_EXECUTE|[79]
07:33:07.2 (31930960)|STATEMENT_EXECUTE|[81]
07:33:07.2 (31934582)|VARIABLE_SCOPE_BEGIN|[81]|returnValue|String|false|false
07:33:07.2 (31938730)|VARIABLE_ASSIGNMENT|[81]|returnValue|""
07:33:07.2 (31950371)|ENTERING_MANAGED_PKG|
07:33:07.2 (31958735)|STATEMENT_EXECUTE|[98]
07:33:07.2 (31965601)|ENTERING_MANAGED_PKG|
07:33:07.2 (31984059)|HEAP_ALLOCATE|[98]|Bytes:4
07:33:07.2 (32062492)|ENTERING_MANAGED_PKG|
07:33:07.2 (32068763)|HEAP_ALLOCATE|[98]|Bytes:18
07:33:07.2 (32083743)|VARIABLE_ASSIGNMENT|[98]|returnValue|"001B00000066Xx5IAE"
07:33:07.2 (32086995)|STATEMENT_EXECUTE|[100]
07:33:07.2 (32094516)|METHOD_EXIT|[113]|01pB0000000ljzx|testautonumdata.Sparkle_Helper.GetSobjectField(SObject, String)
07:33:07.2 (32123357)|VARIABLE_ASSIGNMENT|[EXTERNAL]|this|{"recordID":"001B00000066Xx5IAE"}|0x17865ca1
07:33:07.2 (32128539)|VARIABLE_ASSIGNMENT|[EXTERNAL]|value|"001B00000066Xx5IAE"
07:33:07.2 (32134750)|VARIABLE_ASSIGNMENT|[8]|this.eventField|"001B00000066Xx5IAE"|0x17865ca1
07:33:07.2 (32141297)|STATEMENT_EXECUTE|[116]
07:33:07.2 (32142725)|STATEMENT_EXECUTE|[117]
07:33:07.2 (32147572)|METHOD_ENTRY|[117]|01pB0000000ljzx|testautonumdata.Sparkle_Helper.GetSobjectField(SObject, String)
07:33:07.2 (32150635)|VARIABLE_SCOPE_BEGIN|[78]|e|SObject|true|false
07:33:07.2 (32160813)|VARIABLE_ASSIGNMENT|[78]|e|{"s":1,"v":{"Id":"001B00000066Xx5IAE","Name":"Edge Communications"}}|0x64bd19d0
07:33:07.2 (32163159)|VARIABLE_SCOPE_BEGIN|[78]|lcfield|String|false|false
07:33:07.2 (32166065)|VARIABLE_ASSIGNMENT|[78]|lcfield|"Name"
07:33:07.2 (32173345)|HEAP_ALLOCATE|[81]|Bytes:5
07:33:07.2 (32176731)|STATEMENT_EXECUTE|[79]
07:33:07.2 (32177757)|STATEMENT_EXECUTE|[81]
07:33:07.2 (32181296)|VARIABLE_SCOPE_BEGIN|[81]|returnValue|String|false|false
07:33:07.2 (32185288)|VARIABLE_ASSIGNMENT|[81]|returnValue|""
07:33:07.2 (32196656)|ENTERING_MANAGED_PKG|
07:33:07.2 (32204758)|STATEMENT_EXECUTE|[98]
07:33:07.2 (32211583)|ENTERING_MANAGED_PKG|
07:33:07.2 (32230688)|HEAP_ALLOCATE|[98]|Bytes:19
07:33:07.2 (32244648)|ENTERING_MANAGED_PKG|
07:33:07.2 (32247338)|HEAP_ALLOCATE|[98]|Bytes:19
07:33:07.2 (32258561)|VARIABLE_ASSIGNMENT|[98]|returnValue|"Edge Communications"
07:33:07.2 (32261521)|STATEMENT_EXECUTE|[100]
07:33:07.2 (32268880)|METHOD_EXIT|[117]|01pB0000000ljzx|testautonumdata.Sparkle_Helper.GetSobjectField(SObject, String)
07:33:07.2 (32296493)|VARIABLE_ASSIGNMENT|[EXTERNAL]|this|{"eventField":"001B00000066Xx5IAE","recordID":"001B00000066Xx5IAE"}|0x17865ca1
07:33:07.2 (32301840)|VARIABLE_ASSIGNMENT|[EXTERNAL]|value|"Edge Communications"
07:33:07.2 (32308292)|VARIABLE_ASSIGNMENT|[10]|this.column1|"Edge Communications"|0x17865ca1
07:33:07.2 (32314420)|STATEMENT_EXECUTE|[119]
07:33:07.2 (32316132)|STATEMENT_EXECUTE|[124]
07:33:07.2 (32317243)|STATEMENT_EXECUTE|[129]
07:33:07.2 (32318146)|STATEMENT_EXECUTE|[135]
07:33:07.2 (32322989)|ENTERING_MANAGED_PKG|
07:33:07.2 (32332253)|HEAP_ALLOCATE|[EXTERNAL]|Bytes:4
07:33:07.2 (32338103)|STATEMENT_EXECUTE|[137]
07:33:07.2 (32348995)|ENTERING_MANAGED_PKG|
07:33:07.2 (32383182)|HEAP_ALLOCATE|[137]|Bytes:191
07:33:07.2 (32401442)|HEAP_ALLOCATE|[137]|Bytes:203
07:33:07.2 (32408401)|ENTERING_MANAGED_PKG|
07:33:07.2 (32414981)|USER_DEBUG|[137]|DEBUG|######## i: ListServerController:[column1=Edge Communications, column2=null, column3=null, column4=null, eventField=001B00000066Xx5IAE, mapObjectsFields={Account={Id, Name}}, recordID=001B00000066Xx5IAE]
07:33:07.2 (32429479)|HEAP_ALLOCATE|[104]|Bytes:5
07:33:07.2 (32451777)|HEAP_ALLOCATE|[104]|Bytes:12
07:33:07.2 (32464701)|VARIABLE_SCOPE_BEGIN|[104]|e|SObject|true|false
07:33:07.2 (32479043)|VARIABLE_ASSIGNMENT|[104]|e|{"s":1,"v":{"Id":"001B00000066Xx6IAE","Name":"Burlington Textiles  (15 more) ..."}}|0x63124751
07:33:07.2 (32482955)|STATEMENT_EXECUTE|[105]
07:33:07.2 (32483968)|STATEMENT_EXECUTE|[106]
07:33:07.2 (32495834)|ENTERING_MANAGED_PKG|
07:33:07.2 (32520869)|HEAP_ALLOCATE|[106]|Bytes:73
07:33:07.2 (32533749)|HEAP_ALLOCATE|[106]|Bytes:85
07:33:07.2 (32540044)|ENTERING_MANAGED_PKG|
07:33:07.2 (32546021)|USER_DEBUG|[106]|DEBUG|######## e: Account:{Id=001B00000066Xx6IAE, Name=Burlington Textiles Corp of America}
07:33:07.2 (32551194)|STATEMENT_EXECUTE|[107]
07:33:07.2 (32555566)|HEAP_ALLOCATE|[107]|Bytes:28
07:33:07.2 (32562903)|CONSTRUCTOR_ENTRY|[107]|01pB0000000lc07|<init>()
07:33:07.2 (32566434)|VARIABLE_SCOPE_BEGIN|[1]|this|testautonumdata.ListServerController|true|false
07:33:07.2 (32588771)|VARIABLE_ASSIGNMENT|[1]|this|{}|0x65fad6aa
07:33:07.2 (32596106)|HEAP_ALLOCATE|[EXTERNAL]|Bytes:5
07:33:07.2 (32613160)|STATEMENT_EXECUTE|[1]
07:33:07.2 (32617181)|HEAP_ALLOCATE|[EXTERNAL]|Bytes:5
07:33:07.2 (32619353)|STATEMENT_EXECUTE|[6]
07:33:07.2 (32620610)|STATEMENT_EXECUTE|[8]
07:33:07.2 (32621549)|STATEMENT_EXECUTE|[10]
07:33:07.2 (32622429)|STATEMENT_EXECUTE|[12]
07:33:07.2 (32623325)|STATEMENT_EXECUTE|[14]
07:33:07.2 (32624194)|STATEMENT_EXECUTE|[16]
07:33:07.2 (32631028)|CONSTRUCTOR_EXIT|[107]|01pB0000000lc07|<init>()
07:33:07.2 (32634409)|VARIABLE_SCOPE_BEGIN|[107]|i|testautonumdata.ListServerController|true|false
07:33:07.2 (32653572)|VARIABLE_ASSIGNMENT|[107]|i|{}|0x65fad6aa
07:33:07.2 (32656070)|STATEMENT_EXECUTE|[110]
07:33:07.2 (32670124)|ENTERING_MANAGED_PKG|
07:33:07.2 (32696910)|HEAP_ALLOCATE|[110]|Bytes:4
07:33:07.2 (32713784)|ENTERING_MANAGED_PKG|
07:33:07.2 (32716905)|HEAP_ALLOCATE|[110]|Bytes:18
07:33:07.2 (32746554)|VARIABLE_ASSIGNMENT|[EXTERNAL]|this|{}|0x65fad6aa
07:33:07.2 (32752520)|VARIABLE_ASSIGNMENT|[EXTERNAL]|value|"001B00000066Xx6IAE"
07:33:07.2 (32759376)|VARIABLE_ASSIGNMENT|[6]|this.recordID|"001B00000066Xx6IAE"|0x65fad6aa
07:33:07.2 (32765566)|STATEMENT_EXECUTE|[112]
07:33:07.2 (32766712)|STATEMENT_EXECUTE|[113]
07:33:07.2 (32772187)|METHOD_ENTRY|[113]|01pB0000000ljzx|testautonumdata.Sparkle_Helper.GetSobjectField(SObject, String)
07:33:07.2 (32775549)|VARIABLE_SCOPE_BEGIN|[78]|e|SObject|true|false
07:33:07.2 (32786440)|VARIABLE_ASSIGNMENT|[78]|e|{"s":1,"v":{"Id":"001B00000066Xx6IAE","Name":"Burlington Textiles  (15 more) ..."}}|0x63124751
07:33:07.2 (32788737)|VARIABLE_SCOPE_BEGIN|[78]|lcfield|String|false|false
07:33:07.2 (32791568)|VARIABLE_ASSIGNMENT|[78]|lcfield|"Id"
07:33:07.2 (32798935)|HEAP_ALLOCATE|[81]|Bytes:5
07:33:07.2 (32802327)|STATEMENT_EXECUTE|[79]
07:33:07.2 (32803394)|STATEMENT_EXECUTE|[81]
07:33:07.2 (32807002)|VARIABLE_SCOPE_BEGIN|[81]|returnValue|String|false|false
07:33:07.2 (32811000)|VARIABLE_ASSIGNMENT|[81]|returnValue|""
07:33:07.2 (32822388)|ENTERING_MANAGED_PKG|
07:33:07.2 (32830399)|STATEMENT_EXECUTE|[98]
07:33:07.2 (32837242)|ENTERING_MANAGED_PKG|
07:33:07.2 (32855045)|HEAP_ALLOCATE|[98]|Bytes:4
07:33:07.2 (32868907)|ENTERING_MANAGED_PKG|
07:33:07.2 (32872147)|HEAP_ALLOCATE|[98]|Bytes:18
07:33:07.2 (32883287)|VARIABLE_ASSIGNMENT|[98]|returnValue|"001B00000066Xx6IAE"
07:33:07.2 (32886378)|STATEMENT_EXECUTE|[100]
07:33:07.2 (32893196)|METHOD_EXIT|[113]|01pB0000000ljzx|testautonumdata.Sparkle_Helper.GetSobjectField(SObject, String)
07:33:07.2 (32920198)|VARIABLE_ASSIGNMENT|[EXTERNAL]|this|{"recordID":"001B00000066Xx6IAE"}|0x65fad6aa
07:33:07.2 (32924950)|VARIABLE_ASSIGNMENT|[EXTERNAL]|value|"001B00000066Xx6IAE"
07:33:07.2 (32931053)|VARIABLE_ASSIGNMENT|[8]|this.eventField|"001B00000066Xx6IAE"|0x65fad6aa
07:33:07.2 (32937229)|STATEMENT_EXECUTE|[116]
07:33:07.2 (32938372)|STATEMENT_EXECUTE|[117]
07:33:07.2 (32943290)|METHOD_ENTRY|[117]|01pB0000000ljzx|testautonumdata.Sparkle_Helper.GetSobjectField(SObject, String)
07:33:07.2 (32946417)|VARIABLE_SCOPE_BEGIN|[78]|e|SObject|true|false
07:33:07.2 (32956923)|VARIABLE_ASSIGNMENT|[78]|e|{"s":1,"v":{"Id":"001B00000066Xx6IAE","Name":"Burlington Textiles  (15 more) ..."}}|0x63124751
07:33:07.2 (32959436)|VARIABLE_SCOPE_BEGIN|[78]|lcfield|String|false|false
07:33:07.2 (32962115)|VARIABLE_ASSIGNMENT|[78]|lcfield|"Name"
07:33:07.2 (32969157)|HEAP_ALLOCATE|[81]|Bytes:5
07:33:07.2 (32972448)|STATEMENT_EXECUTE|[79]
07:33:07.2 (32973474)|STATEMENT_EXECUTE|[81]
07:33:07.2 (32977005)|VARIABLE_SCOPE_BEGIN|[81]|returnValue|String|false|false
07:33:07.2 (32980995)|VARIABLE_ASSIGNMENT|[81]|returnValue|""
07:33:07.2 (32992218)|ENTERING_MANAGED_PKG|
07:33:07.2 (33000151)|STATEMENT_EXECUTE|[98]
07:33:07.2 (33007821)|ENTERING_MANAGED_PKG|
07:33:07.2 (33025531)|HEAP_ALLOCATE|[98]|Bytes:35
07:33:07.2 (33039260)|ENTERING_MANAGED_PKG|
07:33:07.2 (33041942)|HEAP_ALLOCATE|[98]|Bytes:35
07:33:07.2 (33053780)|VARIABLE_ASSIGNMENT|[98]|returnValue|"Burlington Textiles  (15 more) ..."
07:33:07.2 (33056604)|STATEMENT_EXECUTE|[100]
07:33:07.2 (33063284)|METHOD_EXIT|[117]|01pB0000000ljzx|testautonumdata.Sparkle_Helper.GetSobjectField(SObject, String)
07:33:07.2 (33090338)|VARIABLE_ASSIGNMENT|[EXTERNAL]|this|{"eventField":"001B00000066Xx6IAE","recordID":"001B00000066Xx6IAE"}|0x65fad6aa
07:33:07.2 (33096372)|VARIABLE_ASSIGNMENT|[EXTERNAL]|value|"Burlington Textiles  (15 more) ..."
07:33:07.2 (33103335)|VARIABLE_ASSIGNMENT|[10]|this.column1|"Burlington Textiles  (15 more) ..."|0x65fad6aa
07:33:07.2 (33109495)|STATEMENT_EXECUTE|[119]
07:33:07.2 (33111140)|STATEMENT_EXECUTE|[124]
07:33:07.2 (33112500)|STATEMENT_EXECUTE|[129]
07:33:07.2 (33113421)|STATEMENT_EXECUTE|[135]
07:33:07.2 (33118415)|ENTERING_MANAGED_PKG|
07:33:07.2 (33124726)|HEAP_ALLOCATE|[EXTERNAL]|Bytes:4
07:33:07.2 (33130537)|STATEMENT_EXECUTE|[137]
07:33:07.2 (33141062)|ENTERING_MANAGED_PKG|
07:33:07.2 (33174763)|HEAP_ALLOCATE|[137]|Bytes:207
07:33:07.2 (33188317)|HEAP_ALLOCATE|[137]|Bytes:219
07:33:07.2 (33194868)|ENTERING_MANAGED_PKG|
07:33:07.2 (33200973)|USER_DEBUG|[137]|DEBUG|######## i: ListServerController:[column1=Burlington Textiles Corp of America, column2=null, column3=null, column4=null, eventField=001B00000066Xx6IAE, mapObjectsFields={Account={Id, Name}}, recordID=001B00000066Xx6IAE]
07:33:07.2 (33214517)|HEAP_ALLOCATE|[104]|Bytes:5
07:33:07.2 (33236343)|HEAP_ALLOCATE|[104]|Bytes:12
07:33:07.2 (33248911)|VARIABLE_SCOPE_BEGIN|[104]|e|SObject|true|false
07:33:07.2 (33262890)|VARIABLE_ASSIGNMENT|[104]|e|{"s":1,"v":{"Id":"001B00000066Xx7IAE","Name":"Pyramid Construction (5 more) ..."}}|0x291a47f8
07:33:07.2 (33266560)|STATEMENT_EXECUTE|[105]
07:33:07.2 (33267983)|STATEMENT_EXECUTE|[106]
07:33:07.2 (33279786)|ENTERING_MANAGED_PKG|
07:33:07.2 (33304615)|HEAP_ALLOCATE|[106]|Bytes:63
07:33:07.2 (33317185)|HEAP_ALLOCATE|[106]|Bytes:75
07:33:07.2 (33323386)|ENTERING_MANAGED_PKG|
07:33:07.2 (33329192)|USER_DEBUG|[106]|DEBUG|######## e: Account:{Id=001B00000066Xx7IAE, Name=Pyramid Construction Inc.}
07:33:07.2 (33334172)|STATEMENT_EXECUTE|[107]
07:33:07.2 (33338462)|HEAP_ALLOCATE|[107]|Bytes:28
07:33:07.2 (33358634)|CONSTRUCTOR_ENTRY|[107]|01pB0000000lc07|<init>()
07:33:07.2 (33362692)|VARIABLE_SCOPE_BEGIN|[1]|this|testautonumdata.ListServerController|true|false
07:33:07.2 (33384939)|VARIABLE_ASSIGNMENT|[1]|this|{}|0x7dacb104
07:33:07.2 (33392269)|HEAP_ALLOCATE|[EXTERNAL]|Bytes:5
07:33:07.2 (33410756)|STATEMENT_EXECUTE|[1]
07:33:07.2 (33414544)|HEAP_ALLOCATE|[EXTERNAL]|Bytes:5
07:33:07.2 (33416575)|STATEMENT_EXECUTE|[6]
07:33:07.2 (33417838)|STATEMENT_EXECUTE|[8]
07:33:07.2 (33418805)|STATEMENT_EXECUTE|[10]
07:33:07.2 (33419732)|STATEMENT_EXECUTE|[12]
07:33:07.2 (33420618)|STATEMENT_EXECUTE|[14]
07:33:07.2 (33421695)|STATEMENT_EXECUTE|[16]
07:33:07.2 (33428511)|CONSTRUCTOR_EXIT|[107]|01pB0000000lc07|<init>()
07:33:07.2 (33432010)|VARIABLE_SCOPE_BEGIN|[107]|i|testautonumdata.ListServerController|true|false
07:33:07.2 (33451197)|VARIABLE_ASSIGNMENT|[107]|i|{}|0x7dacb104
07:33:07.2 (33453709)|STATEMENT_EXECUTE|[110]
07:33:07.2 (33466048)|ENTERING_MANAGED_PKG|
07:33:07.2 (33486463)|HEAP_ALLOCATE|[110]|Bytes:4
07:33:07.2 (33500766)|ENTERING_MANAGED_PKG|
07:33:07.2 (33503668)|HEAP_ALLOCATE|[110]|Bytes:18
07:33:07.2 (33532276)|VARIABLE_ASSIGNMENT|[EXTERNAL]|this|{}|0x7dacb104
07:33:07.2 (33538039)|VARIABLE_ASSIGNMENT|[EXTERNAL]|value|"001B00000066Xx7IAE"
07:33:07.2 (33544617)|VARIABLE_ASSIGNMENT|[6]|this.recordID|"001B00000066Xx7IAE"|0x7dacb104
07:33:07.2 (33550834)|STATEMENT_EXECUTE|[112]
07:33:07.2 (33551993)|STATEMENT_EXECUTE|[113]
07:33:07.2 (33557217)|METHOD_ENTRY|[113]|01pB0000000ljzx|testautonumdata.Sparkle_Helper.GetSobjectField(SObject, String)
07:33:07.2 (33560248)|VARIABLE_SCOPE_BEGIN|[78]|e|SObject|true|false
07:33:07.2 (33570708)|VARIABLE_ASSIGNMENT|[78]|e|{"s":1,"v":{"Id":"001B00000066Xx7IAE","Name":"Pyramid Construction (5 more) ..."}}|0x291a47f8
07:33:07.2 (33573450)|VARIABLE_SCOPE_BEGIN|[78]|lcfield|String|false|false
07:33:07.2 (33576396)|VARIABLE_ASSIGNMENT|[78]|lcfield|"Id"
07:33:07.2 (33583695)|HEAP_ALLOCATE|[81]|Bytes:5
07:33:07.2 (33587062)|STATEMENT_EXECUTE|[79]
07:33:07.2 (33588100)|STATEMENT_EXECUTE|[81]
07:33:07.2 (33591775)|VARIABLE_SCOPE_BEGIN|[81]|returnValue|String|false|false
07:33:07.2 (33595735)|VARIABLE_ASSIGNMENT|[81]|returnValue|""
07:33:07.2 (33609153)|ENTERING_MANAGED_PKG|
07:33:07.2 (33620052)|STATEMENT_EXECUTE|[98]
07:33:07.2 (33627353)|ENTERING_MANAGED_PKG|
07:33:07.2 (33645572)|HEAP_ALLOCATE|[98]|Bytes:4
07:33:07.2 (33659542)|ENTERING_MANAGED_PKG|
07:33:07.2 (33662494)|HEAP_ALLOCATE|[98]|Bytes:18
07:33:07.2 (33673430)|VARIABLE_ASSIGNMENT|[98]|returnValue|"001B00000066Xx7IAE"
07:33:07.2 (33676237)|STATEMENT_EXECUTE|[100]
07:33:07.2 (33682950)|METHOD_EXIT|[113]|01pB0000000ljzx|testautonumdata.Sparkle_Helper.GetSobjectField(SObject, String)
07:33:07.2 (33708953)|VARIABLE_ASSIGNMENT|[EXTERNAL]|this|{"recordID":"001B00000066Xx7IAE"}|0x7dacb104
07:33:07.2 (33713735)|VARIABLE_ASSIGNMENT|[EXTERNAL]|value|"001B00000066Xx7IAE"
07:33:07.2 (33719716)|VARIABLE_ASSIGNMENT|[8]|this.eventField|"001B00000066Xx7IAE"|0x7dacb104
07:33:07.2 (33726241)|STATEMENT_EXECUTE|[116]
07:33:07.2 (33727498)|STATEMENT_EXECUTE|[117]
07:33:07.2 (33732063)|METHOD_ENTRY|[117]|01pB0000000ljzx|testautonumdata.Sparkle_Helper.GetSobjectField(SObject, String)
07:33:07.2 (33735382)|VARIABLE_SCOPE_BEGIN|[78]|e|SObject|true|false
07:33:07.2 (33745514)|VARIABLE_ASSIGNMENT|[78]|e|{"s":1,"v":{"Id":"001B00000066Xx7IAE","Name":"Pyramid Construction (5 more) ..."}}|0x291a47f8
07:33:07.2 (33747974)|VARIABLE_SCOPE_BEGIN|[78]|lcfield|String|false|false
07:33:07.2 (33750725)|VARIABLE_ASSIGNMENT|[78]|lcfield|"Name"
07:33:07.2 (33757644)|HEAP_ALLOCATE|[81]|Bytes:5
07:33:07.2 (33761008)|STATEMENT_EXECUTE|[79]
07:33:07.2 (33762046)|STATEMENT_EXECUTE|[81]
07:33:07.2 (33765447)|VARIABLE_SCOPE_BEGIN|[81]|returnValue|String|false|false
07:33:07.2 (33769282)|VARIABLE_ASSIGNMENT|[81]|returnValue|""
07:33:07.2 (33780315)|ENTERING_MANAGED_PKG|
07:33:07.2 (33788306)|STATEMENT_EXECUTE|[98]
07:33:07.2 (33795031)|ENTERING_MANAGED_PKG|
07:33:07.2 (33812862)|HEAP_ALLOCATE|[98]|Bytes:25
07:33:07.2 (33826639)|ENTERING_MANAGED_PKG|
07:33:07.2 (33829365)|HEAP_ALLOCATE|[98]|Bytes:25
07:33:07.2 (33841754)|VARIABLE_ASSIGNMENT|[98]|returnValue|"Pyramid Construction (5 more) ..."
07:33:07.2 (33844563)|STATEMENT_EXECUTE|[100]
07:33:07.2 (33851341)|METHOD_EXIT|[117]|01pB0000000ljzx|testautonumdata.Sparkle_Helper.GetSobjectField(SObject, String)
07:33:07.2 (33878477)|VARIABLE_ASSIGNMENT|[EXTERNAL]|this|{"eventField":"001B00000066Xx7IAE","recordID":"001B00000066Xx7IAE"}|0x7dacb104
07:33:07.2 (33884108)|VARIABLE_ASSIGNMENT|[EXTERNAL]|value|"Pyramid Construction (5 more) ..."
07:33:07.2 (33890965)|VARIABLE_ASSIGNMENT|[10]|this.column1|"Pyramid Construction (5 more) ..."|0x7dacb104
07:33:07.2 (33897067)|STATEMENT_EXECUTE|[119]
07:33:07.2 (33898829)|STATEMENT_EXECUTE|[124]
07:33:07.2 (33899948)|STATEMENT_EXECUTE|[129]
07:33:07.2 (33900860)|STATEMENT_EXECUTE|[135]
07:33:07.2 (33905769)|ENTERING_MANAGED_PKG|
07:33:07.2 (33911920)|HEAP_ALLOCATE|[EXTERNAL]|Bytes:4
07:33:07.2 (33917281)|STATEMENT_EXECUTE|[137]
07:33:07.2 (33927790)|ENTERING_MANAGED_PKG|
07:33:07.2 (33960794)|HEAP_ALLOCATE|[137]|Bytes:197
07:33:07.2 (33973971)|HEAP_ALLOCATE|[137]|Bytes:209
07:33:07.2 (33980627)|ENTERING_MANAGED_PKG|
07:33:07.2 (33986750)|USER_DEBUG|[137]|DEBUG|######## i: ListServerController:[column1=Pyramid Construction Inc., column2=null, column3=null, column4=null, eventField=001B00000066Xx7IAE, mapObjectsFields={Account={Id, Name}}, recordID=001B00000066Xx7IAE]
07:33:07.2 (34000637)|HEAP_ALLOCATE|[104]|Bytes:5
07:33:07.2 (34023713)|HEAP_ALLOCATE|[104]|Bytes:12
07:33:07.2 (34036305)|VARIABLE_SCOPE_BEGIN|[104]|e|SObject|true|false
07:33:07.2 (34049407)|VARIABLE_ASSIGNMENT|[104]|e|{"s":1,"v":{"Id":"001B00000066Xx8IAE","Name":"Dickenson plc"}}|0x74e0d8c3
07:33:07.2 (34053177)|STATEMENT_EXECUTE|[105]
07:33:07.2 (34054234)|STATEMENT_EXECUTE|[106]
07:33:07.2 (34065743)|ENTERING_MANAGED_PKG|
07:33:07.2 (34090508)|HEAP_ALLOCATE|[106]|Bytes:51
07:33:07.2 (34103201)|HEAP_ALLOCATE|[106]|Bytes:63
07:33:07.2 (34109283)|ENTERING_MANAGED_PKG|
07:33:07.2 (34115251)|USER_DEBUG|[106]|DEBUG|######## e: Account:{Id=001B00000066Xx8IAE, Name=Dickenson plc}
07:33:07.2 (34120558)|STATEMENT_EXECUTE|[107]
07:33:07.2 (34124770)|HEAP_ALLOCATE|[107]|Bytes:28
07:33:07.2 (34132273)|CONSTRUCTOR_ENTRY|[107]|01pB0000000lc07|<init>()
07:33:07.2 (34135845)|VARIABLE_SCOPE_BEGIN|[1]|this|testautonumdata.ListServerController|true|false
07:33:07.2 (34157365)|VARIABLE_ASSIGNMENT|[1]|this|{}|0x1dd6d62d
07:33:07.2 (34164361)|HEAP_ALLOCATE|[EXTERNAL]|Bytes:5
07:33:07.2 (34177836)|STATEMENT_EXECUTE|[1]
07:33:07.2 (34181199)|HEAP_ALLOCATE|[EXTERNAL]|Bytes:5
07:33:07.2 (34183164)|STATEMENT_EXECUTE|[6]
07:33:07.2 (34184441)|STATEMENT_EXECUTE|[8]
07:33:07.2 (34185320)|STATEMENT_EXECUTE|[10]
07:33:07.2 (34186230)|STATEMENT_EXECUTE|[12]
07:33:07.2 (34187113)|STATEMENT_EXECUTE|[14]
07:33:07.2 (34187990)|STATEMENT_EXECUTE|[16]
07:33:07.2 (34194873)|CONSTRUCTOR_EXIT|[107]|01pB0000000lc07|<init>()
07:33:07.2 (34198210)|VARIABLE_SCOPE_BEGIN|[107]|i|testautonumdata.ListServerController|true|false
07:33:07.2 (34216755)|VARIABLE_ASSIGNMENT|[107]|i|{}|0x1dd6d62d
07:33:07.2 (34219324)|STATEMENT_EXECUTE|[110]
07:33:07.2 (34231576)|ENTERING_MANAGED_PKG|
07:33:07.2 (34251442)|HEAP_ALLOCATE|[110]|Bytes:4
07:33:07.2 (34265885)|ENTERING_MANAGED_PKG|
07:33:07.2 (34268770)|HEAP_ALLOCATE|[110]|Bytes:18
07:33:07.2 (34297647)|VARIABLE_ASSIGNMENT|[EXTERNAL]|this|{}|0x1dd6d62d
07:33:07.2 (34303911)|VARIABLE_ASSIGNMENT|[EXTERNAL]|value|"001B00000066Xx8IAE"
07:33:07.2 (34310463)|VARIABLE_ASSIGNMENT|[6]|this.recordID|"001B00000066Xx8IAE"|0x1dd6d62d
07:33:07.2 (34316609)|STATEMENT_EXECUTE|[112]
07:33:07.2 (34317723)|STATEMENT_EXECUTE|[113]
07:33:07.2 (34322924)|METHOD_ENTRY|[113]|01pB0000000ljzx|testautonumdata.Sparkle_Helper.GetSobjectField(SObject, String)
07:33:07.2 (34326183)|VARIABLE_SCOPE_BEGIN|[78]|e|SObject|true|false
07:33:07.2 (34335853)|VARIABLE_ASSIGNMENT|[78]|e|{"s":1,"v":{"Id":"001B00000066Xx8IAE","Name":"Dickenson plc"}}|0x74e0d8c3
07:33:07.2 (34338065)|VARIABLE_SCOPE_BEGIN|[78]|lcfield|String|false|false
07:33:07.2 (34340754)|VARIABLE_ASSIGNMENT|[78]|lcfield|"Id"
07:33:07.2 (34347724)|HEAP_ALLOCATE|[81]|Bytes:5
07:33:07.2 (34350935)|STATEMENT_EXECUTE|[79]
07:33:07.2 (34352002)|STATEMENT_EXECUTE|[81]
07:33:07.2 (34355661)|VARIABLE_SCOPE_BEGIN|[81]|returnValue|String|false|false
07:33:07.2 (34359615)|VARIABLE_ASSIGNMENT|[81]|returnValue|""
07:33:07.2 (34370917)|ENTERING_MANAGED_PKG|
07:33:07.2 (34379104)|STATEMENT_EXECUTE|[98]
07:33:07.2 (34385891)|ENTERING_MANAGED_PKG|
07:33:07.2 (34408148)|HEAP_ALLOCATE|[98]|Bytes:4
07:33:07.2 (34422757)|ENTERING_MANAGED_PKG|
07:33:07.2 (34425693)|HEAP_ALLOCATE|[98]|Bytes:18
07:33:07.2 (34436805)|VARIABLE_ASSIGNMENT|[98]|returnValue|"001B00000066Xx8IAE"
07:33:07.2 (34439583)|STATEMENT_EXECUTE|[100]
07:33:07.2 (34446503)|METHOD_EXIT|[113]|01pB0000000ljzx|testautonumdata.Sparkle_Helper.GetSobjectField(SObject, String)
07:33:07.2 (34473649)|VARIABLE_ASSIGNMENT|[EXTERNAL]|this|{"recordID":"001B00000066Xx8IAE"}|0x1dd6d62d
07:33:07.2 (34478285)|VARIABLE_ASSIGNMENT|[EXTERNAL]|value|"001B00000066Xx8IAE"
07:33:07.2 (34484356)|VARIABLE_ASSIGNMENT|[8]|this.eventField|"001B00000066Xx8IAE"|0x1dd6d62d
07:33:07.2 (34490361)|STATEMENT_EXECUTE|[116]
07:33:07.2 (34491520)|STATEMENT_EXECUTE|[117]
07:33:07.2 (34496178)|METHOD_ENTRY|[117]|01pB0000000ljzx|testautonumdata.Sparkle_Helper.GetSobjectField(SObject, String)
07:33:07.2 (34499269)|VARIABLE_SCOPE_BEGIN|[78]|e|SObject|true|false
07:33:07.2 (34508578)|VARIABLE_ASSIGNMENT|[78]|e|{"s":1,"v":{"Id":"001B00000066Xx8IAE","Name":"Dickenson plc"}}|0x74e0d8c3
07:33:07.2 (34510544)|VARIABLE_SCOPE_BEGIN|[78]|lcfield|String|false|false
07:33:07.2 (34513224)|VARIABLE_ASSIGNMENT|[78]|lcfield|"Name"
07:33:07.2 (34520031)|HEAP_ALLOCATE|[81]|Bytes:5
07:33:07.2 (34523764)|STATEMENT_EXECUTE|[79]
07:33:07.2 (34524869)|STATEMENT_EXECUTE|[81]
07:33:07.2 (34528129)|VARIABLE_SCOPE_BEGIN|[81]|returnValue|String|false|false
07:33:07.2 (34532095)|VARIABLE_ASSIGNMENT|[81]|returnValue|""
07:33:07.2 (34543162)|ENTERING_MANAGED_PKG|
07:33:07.2 (34551361)|STATEMENT_EXECUTE|[98]
07:33:07.2 (34558186)|ENTERING_MANAGED_PKG|
07:33:07.2 (34575815)|HEAP_ALLOCATE|[98]|Bytes:13
07:33:07.2 (34589226)|ENTERING_MANAGED_PKG|
07:33:07.2 (34591846)|HEAP_ALLOCATE|[98]|Bytes:13
07:33:07.2 (34603257)|VARIABLE_ASSIGNMENT|[98]|returnValue|"Dickenson plc"
07:33:07.2 (34607548)|STATEMENT_EXECUTE|[100]
07:33:07.2 (34615673)|METHOD_EXIT|[117]|01pB0000000ljzx|testautonumdata.Sparkle_Helper.GetSobjectField(SObject, String)
07:33:07.2 (34643482)|VARIABLE_ASSIGNMENT|[EXTERNAL]|this|{"eventField":"001B00000066Xx8IAE","recordID":"001B00000066Xx8IAE"}|0x1dd6d62d
07:33:07.2 (34648413)|VARIABLE_ASSIGNMENT|[EXTERNAL]|value|"Dickenson plc"
07:33:07.2 (34654685)|VARIABLE_ASSIGNMENT|[10]|this.column1|"Dickenson plc"|0x1dd6d62d
07:33:07.2 (34660795)|STATEMENT_EXECUTE|[119]
07:33:07.2 (34662482)|STATEMENT_EXECUTE|[124]
07:33:07.2 (34663977)|STATEMENT_EXECUTE|[129]
07:33:07.2 (34665015)|STATEMENT_EXECUTE|[135]
07:33:07.2 (34669793)|ENTERING_MANAGED_PKG|
07:33:07.2 (34675981)|HEAP_ALLOCATE|[EXTERNAL]|Bytes:4
07:33:07.2 (34681447)|STATEMENT_EXECUTE|[137]
07:33:07.2 (34692028)|ENTERING_MANAGED_PKG|
07:33:07.2 (34725262)|HEAP_ALLOCATE|[137]|Bytes:185
07:33:07.2 (34738669)|HEAP_ALLOCATE|[137]|Bytes:197
07:33:07.2 (34745534)|ENTERING_MANAGED_PKG|
07:33:07.2 (34751655)|USER_DEBUG|[137]|DEBUG|######## i: ListServerController:[column1=Dickenson plc, column2=null, column3=null, column4=null, eventField=001B00000066Xx8IAE, mapObjectsFields={Account={Id, Name}}, recordID=001B00000066Xx8IAE]
07:33:07.2 (34764929)|HEAP_ALLOCATE|[104]|Bytes:5
07:33:07.2 (34786436)|HEAP_ALLOCATE|[104]|Bytes:12
07:33:07.2 (34798669)|VARIABLE_SCOPE_BEGIN|[104]|e|SObject|true|false
07:33:07.2 (34812782)|VARIABLE_ASSIGNMENT|[104]|e|{"s":1,"v":{"Id":"001B00000066Xx9IAE","Name":"Hospital Universitar (14 more) ..."}}|0x781f3c16
07:33:07.2 (34816498)|STATEMENT_EXECUTE|[105]
07:33:07.2 (34817829)|STATEMENT_EXECUTE|[106]
07:33:07.2 (34829699)|ENTERING_MANAGED_PKG|
07:33:07.2 (34854341)|HEAP_ALLOCATE|[106]|Bytes:72
07:33:07.2 (34867220)|HEAP_ALLOCATE|[106]|Bytes:84
07:33:07.2 (34873437)|ENTERING_MANAGED_PKG|
07:33:07.2 (34879345)|USER_DEBUG|[106]|DEBUG|######## e: Account:{Id=001B00000066Xx9IAE, Name=Hospital Universitario San Ignacio}
07:33:07.2 (34884791)|STATEMENT_EXECUTE|[107]
07:33:07.2 (34889249)|HEAP_ALLOCATE|[107]|Bytes:28
07:33:07.2 (34896469)|CONSTRUCTOR_ENTRY|[107]|01pB0000000lc07|<init>()
07:33:07.2 (34899961)|VARIABLE_SCOPE_BEGIN|[1]|this|testautonumdata.ListServerController|true|false
07:33:07.2 (34921423)|VARIABLE_ASSIGNMENT|[1]|this|{}|0x3810f262
07:33:07.2 (34928591)|HEAP_ALLOCATE|[EXTERNAL]|Bytes:5
07:33:07.2 (34942234)|STATEMENT_EXECUTE|[1]
07:33:07.2 (34945738)|HEAP_ALLOCATE|[EXTERNAL]|Bytes:5
07:33:07.2 (34947780)|STATEMENT_EXECUTE|[6]
07:33:07.2 (34949065)|STATEMENT_EXECUTE|[8]
07:33:07.2 (34949938)|STATEMENT_EXECUTE|[10]
07:33:07.2 (34950946)|STATEMENT_EXECUTE|[12]
07:33:07.2 (34951843)|STATEMENT_EXECUTE|[14]
07:33:07.2 (34953112)|STATEMENT_EXECUTE|[16]
07:33:07.2 (34959693)|CONSTRUCTOR_EXIT|[107]|01pB0000000lc07|<init>()
07:33:07.2 (34962942)|VARIABLE_SCOPE_BEGIN|[107]|i|testautonumdata.ListServerController|true|false
07:33:07.2 (34981416)|VARIABLE_ASSIGNMENT|[107]|i|{}|0x3810f262
07:33:07.2 (34984078)|STATEMENT_EXECUTE|[110]
07:33:07.2 (34996078)|ENTERING_MANAGED_PKG|
07:33:07.2 (35016155)|HEAP_ALLOCATE|[110]|Bytes:4
07:33:07.2 (35031438)|ENTERING_MANAGED_PKG|
07:33:07.2 (35034392)|HEAP_ALLOCATE|[110]|Bytes:18
07:33:07.2 (35062830)|VARIABLE_ASSIGNMENT|[EXTERNAL]|this|{}|0x3810f262
07:33:07.2 (35068621)|VARIABLE_ASSIGNMENT|[EXTERNAL]|value|"001B00000066Xx9IAE"
07:33:07.2 (35075403)|VARIABLE_ASSIGNMENT|[6]|this.recordID|"001B00000066Xx9IAE"|0x3810f262
07:33:07.2 (35081538)|STATEMENT_EXECUTE|[112]
07:33:07.2 (35082643)|STATEMENT_EXECUTE|[113]
07:33:07.2 (35087913)|METHOD_ENTRY|[113]|01pB0000000ljzx|testautonumdata.Sparkle_Helper.GetSobjectField(SObject, String)
07:33:07.2 (35091027)|VARIABLE_SCOPE_BEGIN|[78]|e|SObject|true|false
07:33:07.2 (35101582)|VARIABLE_ASSIGNMENT|[78]|e|{"s":1,"v":{"Id":"001B00000066Xx9IAE","Name":"Hospital Universitar (14 more) ..."}}|0x781f3c16
07:33:07.2 (35103872)|VARIABLE_SCOPE_BEGIN|[78]|lcfield|String|false|false
07:33:07.2 (35106747)|VARIABLE_ASSIGNMENT|[78]|lcfield|"Id"
07:33:07.2 (35113875)|HEAP_ALLOCATE|[81]|Bytes:5
07:33:07.2 (35117303)|STATEMENT_EXECUTE|[79]
07:33:07.2 (35118328)|STATEMENT_EXECUTE|[81]
07:33:07.2 (35121876)|VARIABLE_SCOPE_BEGIN|[81]|returnValue|String|false|false
07:33:07.2 (35125880)|VARIABLE_ASSIGNMENT|[81]|returnValue|""
07:33:07.2 (35136917)|ENTERING_MANAGED_PKG|
07:33:07.2 (35145005)|STATEMENT_EXECUTE|[98]
07:33:07.2 (35151824)|ENTERING_MANAGED_PKG|
07:33:07.2 (35169348)|HEAP_ALLOCATE|[98]|Bytes:4
07:33:07.2 (35183126)|ENTERING_MANAGED_PKG|
07:33:07.2 (35185997)|HEAP_ALLOCATE|[98]|Bytes:18
07:33:07.2 (35197066)|VARIABLE_ASSIGNMENT|[98]|returnValue|"001B00000066Xx9IAE"
07:33:07.2 (35199819)|STATEMENT_EXECUTE|[100]
07:33:07.2 (35206553)|METHOD_EXIT|[113]|01pB0000000ljzx|testautonumdata.Sparkle_Helper.GetSobjectField(SObject, String)
07:33:07.2 (35246783)|VARIABLE_ASSIGNMENT|[EXTERNAL]|this|{"recordID":"001B00000066Xx9IAE"}|0x3810f262
07:33:07.2 (35251835)|VARIABLE_ASSIGNMENT|[EXTERNAL]|value|"001B00000066Xx9IAE"
07:33:07.2 (35258213)|VARIABLE_ASSIGNMENT|[8]|this.eventField|"001B00000066Xx9IAE"|0x3810f262
07:33:07.2 (35264763)|STATEMENT_EXECUTE|[116]
07:33:07.2 (35266045)|STATEMENT_EXECUTE|[117]
07:33:07.2 (35270838)|METHOD_ENTRY|[117]|01pB0000000ljzx|testautonumdata.Sparkle_Helper.GetSobjectField(SObject, String)
07:33:07.2 (35274120)|VARIABLE_SCOPE_BEGIN|[78]|e|SObject|true|false
07:33:07.2 (35284531)|VARIABLE_ASSIGNMENT|[78]|e|{"s":1,"v":{"Id":"001B00000066Xx9IAE","Name":"Hospital Universitar (14 more) ..."}}|0x781f3c16
07:33:07.2 (35287026)|VARIABLE_SCOPE_BEGIN|[78]|lcfield|String|false|false
07:33:07.2 (35289730)|VARIABLE_ASSIGNMENT|[78]|lcfield|"Name"
07:33:07.2 (35296923)|HEAP_ALLOCATE|[81]|Bytes:5
07:33:07.2 (35300307)|STATEMENT_EXECUTE|[79]
07:33:07.2 (35301334)|STATEMENT_EXECUTE|[81]
07:33:07.2 (35304809)|VARIABLE_SCOPE_BEGIN|[81]|returnValue|String|false|false
07:33:07.2 (35308811)|VARIABLE_ASSIGNMENT|[81]|returnValue|""
07:33:07.2 (35320120)|ENTERING_MANAGED_PKG|
07:33:07.2 (35327995)|STATEMENT_EXECUTE|[98]
07:33:07.2 (35334731)|ENTERING_MANAGED_PKG|
07:33:07.2 (35352752)|HEAP_ALLOCATE|[98]|Bytes:34
07:33:07.2 (35366549)|ENTERING_MANAGED_PKG|
07:33:07.2 (35369135)|HEAP_ALLOCATE|[98]|Bytes:34
07:33:07.2 (35381356)|VARIABLE_ASSIGNMENT|[98]|returnValue|"Hospital Universitar (14 more) ..."
07:33:07.2 (35384244)|STATEMENT_EXECUTE|[100]
07:33:07.2 (35391047)|METHOD_EXIT|[117]|01pB0000000ljzx|testautonumdata.Sparkle_Helper.GetSobjectField(SObject, String)
07:33:07.2 (35423247)|VARIABLE_ASSIGNMENT|[EXTERNAL]|this|{"eventField":"001B00000066Xx9IAE","recordID":"001B00000066Xx9IAE"}|0x3810f262
07:33:07.2 (35429194)|VARIABLE_ASSIGNMENT|[EXTERNAL]|value|"Hospital Universitar (14 more) ..."
07:33:07.2 (35436335)|VARIABLE_ASSIGNMENT|[10]|this.column1|"Hospital Universitar (14 more) ..."|0x3810f262
07:33:07.2 (35442638)|STATEMENT_EXECUTE|[119]
07:33:07.2 (35444236)|STATEMENT_EXECUTE|[124]
07:33:07.2 (35445338)|STATEMENT_EXECUTE|[129]
07:33:07.2 (35446325)|STATEMENT_EXECUTE|[135]
07:33:07.2 (35451370)|ENTERING_MANAGED_PKG|
07:33:07.2 (35457648)|HEAP_ALLOCATE|[EXTERNAL]|Bytes:4
07:33:07.2 (35463060)|STATEMENT_EXECUTE|[137]
07:33:07.2 (35473827)|ENTERING_MANAGED_PKG|
07:33:07.2 (35506854)|HEAP_ALLOCATE|[137]|Bytes:206
07:33:07.2 (35520353)|HEAP_ALLOCATE|[137]|Bytes:218
07:33:07.2 (35527165)|ENTERING_MANAGED_PKG|
07:33:07.2 (35533323)|USER_DEBUG|[137]|DEBUG|######## i: ListServerController:[column1=Hospital Universitario San Ignacio, column2=null, column3=null, column4=null, eventField=001B00000066Xx9IAE, mapObjectsFields={Account={Id, Name}}, recordID=001B00000066Xx9IAE]
07:33:07.2 (35546758)|HEAP_ALLOCATE|[104]|Bytes:5
07:33:07.2 (35559337)|VARIABLE_ASSIGNMENT|[104]|e|null|
07:33:07.2 (35563814)|STATEMENT_EXECUTE|[142]
07:33:07.2 (35566919)|HEAP_ALLOCATE|[142]|Bytes:27
07:33:07.2 (35579456)|ENTERING_MANAGED_PKG|
07:33:07.2 (35739981)|HEAP_ALLOCATE|[142]|Bytes:1546
07:33:07.2 (35756996)|HEAP_ALLOCATE|[142]|Bytes:1573
07:33:07.2 (35765651)|ENTERING_MANAGED_PKG|
07:33:07.2 (35771863)|USER_DEBUG|[142]|DEBUG|######## lstReturnRecords: (ListServerController:[column1=GenePoint, column2=null, column3=null, column4=null, eventField=001B00000066XxFIAU, mapObjectsFields={Account={Id, Name}}, recordID=001B00000066XxFIAU], ListServerController:[column1=United Oil & Gas, UK, column2=null, column3=null, column4=null, eventField=001B00000066XxDIAU, mapObjectsFields=(already output), recordID=001B00000066XxDIAU], ListServerController:[column1=United Oil & Gas, Singapore, column2=null, column3=null, column4=null, eventField=001B00000066XxEIAU, mapObjectsFields=(already output), recordID=001B00000066XxEIAU], ListServerController:[column1=Edge Communications, column2=null, column3=null, column4=null, eventField=001B00000066Xx5IAE, mapObjectsFields=(already output), recordID=001B00000066Xx5IAE], ListServerController:[column1=Burlington Textiles Corp of America, column2=null, column3=null, column4=null, eventField=001B00000066Xx6IAE, mapObjectsFields=(already output), recordID=001B00000066Xx6IAE], ListServerController:[column1=Pyramid Construction Inc., column2=null, column3=null, column4=null, eventField=001B00000066Xx7IAE, mapObjectsFields=(already output), recordID=001B00000066Xx7IAE], ListServerController:[column1=Dickenson plc, column2=null, column3=null, column4=null, eventField=001B00000066Xx8IAE, mapObjectsFields=(already output), recordID=001B00000066Xx8IAE], ListServerController:[column1=Hospital Universitario San Ignacio, column2=null, column3=null, column4=null, eventField=001B00000066Xx9IAE, mapObjectsFields=(already output), recordID=001B00000066Xx9IAE])
07:33:07.2 (35786390)|STATEMENT_EXECUTE|[144]
07:33:07.2 (35800922)|SYSTEM_MODE_EXIT|false
07:33:07.35 (35846447)|CUMULATIVE_LIMIT_USAGE
07:33:07.35 (35846447)|LIMIT_USAGE_FOR_NS|(default)|
  Number of SOQL queries: 0 out of 100
  Number of query rows: 0 out of 50000
  Number of SOSL queries: 0 out of 20
  Number of DML statements: 0 out of 150
  Number of DML rows: 0 out of 10000
  Maximum CPU time: 0 out of 10000
  Maximum heap size: 0 out of 6000000
  Number of callouts: 0 out of 100
  Number of Email Invocations: 0 out of 10
  Number of future calls: 0 out of 50
  Number of queueable jobs added to the queue: 0 out of 50
  Number of Mobile Apex push calls: 0 out of 10

07:33:07.35 (35846447)|LIMIT_USAGE_FOR_NS|testautonumdata|
  Number of SOQL queries: 1 out of 100
  Number of query rows: 8 out of 50000
  Number of SOSL queries: 0 out of 20
  Number of DML statements: 0 out of 150
  Number of DML rows: 0 out of 10000
  Maximum CPU time: 0 out of 10000
  Maximum heap size: 0 out of 6000000
  Number of callouts: 0 out of 100
  Number of Email Invocations: 0 out of 10
  Number of future calls: 0 out of 50
  Number of queueable jobs added to the queue: 0 out of 50
  Number of Mobile Apex push calls: 0 out of 10

07:33:07.35 (35846447)|CUMULATIVE_LIMIT_USAGE_END

07:33:07.38 (38051094)|CODE_UNIT_STARTED|[EXTERNAL]|Aura
07:33:07.39 (39205352)|CODE_UNIT_STARTED|[EXTERNAL]|Aura
07:33:07.40 (40359771)|CODE_UNIT_STARTED|[EXTERNAL]|Aura
07:33:07.41 (41778584)|CODE_UNIT_STARTED|[EXTERNAL]|Aura
07:33:07.43 (43112707)|CODE_UNIT_STARTED|[EXTERNAL]|Aura
07:33:07.44 (44191555)|CODE_UNIT_STARTED|[EXTERNAL]|Aura
07:33:07.45 (45454829)|CODE_UNIT_STARTED|[EXTERNAL]|Aura
07:33:07.46 (46516586)|CODE_UNIT_STARTED|[EXTERNAL]|Aura
07:33:07.47 (47806788)|CODE_UNIT_STARTED|[EXTERNAL]|01pB0000000lc07|ListServerController.getCurrentUser
07:33:07.47 (47848968)|SYSTEM_MODE_ENTER|false
07:33:07.47 (47863812)|HEAP_ALLOCATE|[151]|Bytes:5
07:33:07.47 (47870389)|STATEMENT_EXECUTE|[150]
07:33:07.47 (47871789)|STATEMENT_EXECUTE|[151]
07:33:07.47 (47875679)|HEAP_ALLOCATE|[151]|Bytes:68
07:33:07.47 (47885100)|HEAP_ALLOCATE|[151]|Bytes:4
07:33:07.47 (47896025)|HEAP_ALLOCATE|[151]|Bytes:7
07:33:07.47 (48009653)|HEAP_ALLOCATE|[151]|Bytes:85
07:33:07.47 (48028865)|SYSTEM_METHOD_ENTRY|[1]|UserInfo.UserInfo()
07:33:07.47 (48031895)|STATEMENT_EXECUTE|[1]
07:33:07.47 (48042993)|SYSTEM_METHOD_EXIT|[1]|UserInfo
07:33:07.47 (48055483)|METHOD_ENTRY|[151]||System.UserInfo.getUserId()
07:33:07.47 (48097505)|METHOD_EXIT|[151]||System.UserInfo.getUserId()
07:33:07.47 (49099191)|SOQL_EXECUTE_BEGIN|[151]|Aggregations:0|SELECT Id, FirstName, LastName FROM User WHERE Id = :tmpVar1 LIMIT 1
07:33:07.47 (54382307)|SOQL_EXECUTE_END|[151]|Rows:1
07:33:07.47 (54419200)|HEAP_ALLOCATE|[151]|Bytes:8
07:33:07.47 (54440860)|HEAP_ALLOCATE|[151]|Bytes:69
07:33:07.47 (54526092)|HEAP_ALLOCATE|[151]|Bytes:8
07:33:07.47 (54535706)|HEAP_ALLOCATE|[151]|Bytes:30
07:33:07.47 (54624624)|HEAP_ALLOCATE|[151]|Bytes:16
07:33:07.47 (54633829)|VARIABLE_SCOPE_BEGIN|[151]|user|User|true|false
07:33:07.47 (54681500)|VARIABLE_ASSIGNMENT|[151]|user|{"s":1,"v":{"Id":"005B0000001VpZRIA0","FirstName":"Rodrigo","LastName":"Reboucas"}}|0x4a5248b9
07:33:07.47 (54686907)|STATEMENT_EXECUTE|[152]
07:33:07.47 (54699467)|SYSTEM_MODE_EXIT|false
07:33:07.54 (54738188)|CUMULATIVE_LIMIT_USAGE
07:33:07.54 (54738188)|LIMIT_USAGE_FOR_NS|(default)|
  Number of SOQL queries: 0 out of 100
  Number of query rows: 0 out of 50000
  Number of SOSL queries: 0 out of 20
  Number of DML statements: 0 out of 150
  Number of DML rows: 0 out of 10000
  Maximum CPU time: 0 out of 10000
  Maximum heap size: 0 out of 6000000
  Number of callouts: 0 out of 100
  Number of Email Invocations: 0 out of 10
  Number of future calls: 0 out of 50
  Number of queueable jobs added to the queue: 0 out of 50
  Number of Mobile Apex push calls: 0 out of 10

07:33:07.54 (54738188)|LIMIT_USAGE_FOR_NS|testautonumdata|
  Number of SOQL queries: 2 out of 100
  Number of query rows: 9 out of 50000
  Number of SOSL queries: 0 out of 20
  Number of DML statements: 0 out of 150
  Number of DML rows: 0 out of 10000
  Maximum CPU time: 0 out of 10000
  Maximum heap size: 0 out of 6000000
  Number of callouts: 0 out of 100
  Number of Email Invocations: 0 out of 10
  Number of future calls: 0 out of 50
  Number of queueable jobs added to the queue: 0 out of 50
  Number of Mobile Apex push calls: 0 out of 10

07:33:07.54 (54738188)|CUMULATIVE_LIMIT_USAGE_END

