37.0 APEX_CODE,FINEST;APEX_PROFILING,INFO;CALLOUT,INFO;DB,INFO;SYSTEM,DEBUG;VALIDATION,INFO;VISUALFORCE,INFO;WORKFLOW,INFO
15:08:38.0 (119444)|USER_INFO|[EXTERNAL]|005B0000001VpZR|rreboucas-yi5c@force.com|Pacific Standard Time|GMT-07:00
15:08:38.0 (704742)|HEAP_ALLOCATE|[72]|Bytes:3
15:08:38.0 (794053)|HEAP_ALLOCATE|[77]|Bytes:152
15:08:38.0 (828492)|HEAP_ALLOCATE|[342]|Bytes:408
15:08:38.0 (865505)|HEAP_ALLOCATE|[355]|Bytes:408
15:08:38.0 (899874)|HEAP_ALLOCATE|[467]|Bytes:48
15:08:38.4 (4006025)|USER_INFO|[EXTERNAL]|005B0000001VpZR|rreboucas-yi5c@force.com|Pacific Standard Time|GMT-07:00
15:08:38.4 (4218027)|STATEMENT_EXECUTE|[1]
15:08:38.4 (4262968)|HEAP_ALLOCATE|[50]|Bytes:5
15:08:38.4 (4290900)|HEAP_ALLOCATE|[56]|Bytes:5
15:08:38.4 (4300155)|HEAP_ALLOCATE|[64]|Bytes:7
15:08:38.4 (4329582)|SYSTEM_MODE_ENTER|false
15:08:38.4 (4350287)|HEAP_ALLOCATE|[3]|Bytes:5
15:08:38.4 (4358942)|STATEMENT_EXECUTE|[3]
15:08:38.4 (4399727)|VARIABLE_ASSIGNMENT|[3]|InterviewsLCServerController.mapObjectsFields|null|
15:08:38.4 (4409901)|SYSTEM_MODE_EXIT|false
15:08:38.4 (4424131)|METHOD_EXIT|[1]|InterviewsLCServerController
15:08:38.4 (4430038)|HEAP_ALLOCATE|[EXTERNAL]|Bytes:1
15:08:38.4 (4432814)|HEAP_ALLOCATE|[EXTERNAL]|Bytes:29
15:08:38.4 (4434369)|HEAP_ALLOCATE|[EXTERNAL]|Bytes:26
15:08:38.4 (4435797)|HEAP_ALLOCATE|[EXTERNAL]|Bytes:7
15:08:38.4 (4437165)|HEAP_ALLOCATE|[EXTERNAL]|Bytes:29
15:08:38.4 (4438420)|HEAP_ALLOCATE|[EXTERNAL]|Bytes:59
15:08:38.4 (4440299)|HEAP_ALLOCATE|[EXTERNAL]|Bytes:63
15:08:38.4 (4441578)|HEAP_ALLOCATE|[EXTERNAL]|Bytes:24
15:08:38.4 (4442876)|HEAP_ALLOCATE|[EXTERNAL]|Bytes:34
15:08:38.4 (4444153)|HEAP_ALLOCATE|[EXTERNAL]|Bytes:59
15:08:38.4 (4445383)|HEAP_ALLOCATE|[EXTERNAL]|Bytes:4
15:08:38.4 (4452245)|SYSTEM_MODE_ENTER|false
15:08:38.4 (4459058)|VARIABLE_SCOPE_BEGIN|[89]|rowsLimit|String|false|false
15:08:38.4 (4473842)|VARIABLE_ASSIGNMENT|[89]|rowsLimit|"8"
15:08:38.4 (4476462)|VARIABLE_SCOPE_BEGIN|[89]|objectApiName|String|false|false
15:08:38.4 (4484039)|VARIABLE_ASSIGNMENT|[89]|objectApiName|"testautonumdata__Int (9 more) ..."
15:08:38.4 (4486239)|VARIABLE_SCOPE_BEGIN|[89]|filter1Field|String|false|false
15:08:38.4 (4491679)|VARIABLE_ASSIGNMENT|[89]|filter1Field|"testautonumdata__Sta (6 more) ..."
15:08:38.4 (4493842)|VARIABLE_SCOPE_BEGIN|[89]|filter1Value|String|false|false
15:08:38.4 (4498147)|VARIABLE_ASSIGNMENT|[89]|filter1Value|"Pending"
15:08:38.4 (4500142)|VARIABLE_SCOPE_BEGIN|[89]|eventField|String|false|false
15:08:38.4 (4505638)|VARIABLE_ASSIGNMENT|[89]|eventField|"testautonumdata__Can (9 more) ..."
15:08:38.4 (4507802)|VARIABLE_SCOPE_BEGIN|[89]|column1|String|false|false
15:08:38.4 (4513227)|VARIABLE_ASSIGNMENT|[89]|column1|"testautonumdata__Can (39 more) ..."
15:08:38.4 (4515359)|VARIABLE_SCOPE_BEGIN|[89]|column2|String|false|false
15:08:38.4 (4520467)|VARIABLE_ASSIGNMENT|[89]|column2|"testautonumdata__Can (43 more) ..."
15:08:38.4 (4522464)|VARIABLE_SCOPE_BEGIN|[89]|column3|String|false|false
15:08:38.4 (4527276)|VARIABLE_ASSIGNMENT|[89]|column3|"testautonumdata__Dat (4 more) ..."
15:08:38.4 (4529326)|VARIABLE_SCOPE_BEGIN|[89]|column4|String|false|false
15:08:38.4 (4534275)|VARIABLE_ASSIGNMENT|[89]|column4|"testautonumdata__Int (14 more) ..."
15:08:38.4 (4536226)|VARIABLE_SCOPE_BEGIN|[89]|sortField|String|false|false
15:08:38.4 (4541075)|VARIABLE_ASSIGNMENT|[89]|sortField|"testautonumdata__Can (39 more) ..."
15:08:38.4 (4543116)|VARIABLE_SCOPE_BEGIN|[89]|sortDirection|String|false|false
15:08:38.4 (4547378)|VARIABLE_ASSIGNMENT|[89]|sortDirection|"desc"
15:08:38.4 (4563537)|HEAP_ALLOCATE|[91]|Bytes:5
15:08:38.4 (4567920)|STATEMENT_EXECUTE|[89]
15:08:38.4 (4569398)|STATEMENT_EXECUTE|[91]
15:08:38.4 (4571936)|HEAP_ALLOCATE|[91]|Bytes:20
15:08:38.4 (4589568)|HEAP_ALLOCATE|[91]|Bytes:21
15:08:38.4 (4624661)|ENTERING_MANAGED_PKG|
15:08:38.4 (4657340)|USER_DEBUG|[91]|DEBUG|######## rowsLimit: 8
15:08:38.4 (4666614)|STATEMENT_EXECUTE|[92]
15:08:38.4 (4670494)|HEAP_ALLOCATE|[92]|Bytes:24
15:08:38.4 (4677653)|HEAP_ALLOCATE|[92]|Bytes:53
15:08:38.4 (4688619)|ENTERING_MANAGED_PKG|
15:08:38.4 (4703261)|USER_DEBUG|[92]|DEBUG|######## objectApiName: testautonumdata__Interview__c
15:08:38.4 (4709992)|STATEMENT_EXECUTE|[95]
15:08:38.4 (4717093)|HEAP_ALLOCATE|[95]|Bytes:4
15:08:38.4 (4762386)|VARIABLE_ASSIGNMENT|[95]|InterviewsLCServerController.mapObjectsFields|{"s":1,"v":{}}|0x66d589f6
15:08:38.4 (4766309)|STATEMENT_EXECUTE|[97]
15:08:38.4 (4769827)|HEAP_ALLOCATE|[97]|Bytes:2
15:08:38.4 (4783135)|METHOD_ENTRY|[97]|01pB0000000lA1s|testautonumdata.InterviewsLCServerController.AddFieldToObjectsMap(String, String)
15:08:38.4 (4798540)|VARIABLE_SCOPE_BEGIN|[21]|fieldName|String|false|false
15:08:38.4 (4807553)|VARIABLE_ASSIGNMENT|[21]|fieldName|"Id"
15:08:38.4 (4810007)|VARIABLE_SCOPE_BEGIN|[21]|initialObjectName|String|false|false
15:08:38.4 (4815620)|VARIABLE_ASSIGNMENT|[21]|initialObjectName|"testautonumdata__Int (9 more) ..."
15:08:38.4 (4823234)|HEAP_ALLOCATE|[23]|Bytes:5
15:08:38.4 (4826664)|STATEMENT_EXECUTE|[22]
15:08:38.4 (4829463)|HEAP_ALLOCATE|[23]|Bytes:1
15:08:38.4 (4864671)|ENTERING_MANAGED_PKG|
15:08:38.4 (4911649)|STATEMENT_EXECUTE|[64]
15:08:38.4 (4926879)|METHOD_ENTRY|[64]|01pB0000000lA1s|testautonumdata.InterviewsLCServerController.AddFieldToMap(String, String)
15:08:38.4 (4945468)|VARIABLE_SCOPE_BEGIN|[68]|fieldName|String|false|false
15:08:38.4 (4959329)|VARIABLE_ASSIGNMENT|[68]|fieldName|"Id"
15:08:38.4 (4963206)|VARIABLE_SCOPE_BEGIN|[68]|ObjectName|String|false|false
15:08:38.4 (4973809)|VARIABLE_ASSIGNMENT|[68]|ObjectName|"testautonumdata__Int (9 more) ..."
15:08:38.4 (4985489)|HEAP_ALLOCATE|[71]|Bytes:5
15:08:38.4 (4991395)|STATEMENT_EXECUTE|[69]
15:08:38.4 (5019051)|ENTERING_MANAGED_PKG|
15:08:38.4 (5058746)|STATEMENT_EXECUTE|[78]
15:08:38.4 (5061076)|STATEMENT_EXECUTE|[79]
15:08:38.4 (5121105)|HEAP_ALLOCATE|[79]|Bytes:4
15:08:38.4 (5147032)|ENTERING_MANAGED_PKG|
15:08:38.4 (5176231)|VARIABLE_SCOPE_BEGIN|[79]|newFieldSet|Set<String>|true|false
15:08:38.4 (5226988)|VARIABLE_ASSIGNMENT|[79]|newFieldSet|{"s":1,"v":[]}|0x31f0e7ad
15:08:38.4 (5230987)|STATEMENT_EXECUTE|[80]
15:08:38.4 (5246560)|ENTERING_MANAGED_PKG|
15:08:38.4 (5274495)|HEAP_ALLOCATE|[EXTERNAL]|Bytes:4
15:08:38.4 (5283583)|STATEMENT_EXECUTE|[81]
15:08:38.4 (5297990)|ENTERING_MANAGED_PKG|
15:08:38.4 (5328519)|HEAP_ALLOCATE|[EXTERNAL]|Bytes:-4
15:08:38.4 (5342456)|METHOD_EXIT|[64]|01pB0000000lA1s|testautonumdata.InterviewsLCServerController.AddFieldToMap(String, String)
15:08:38.4 (5349272)|METHOD_EXIT|[97]|01pB0000000lA1s|testautonumdata.InterviewsLCServerController.AddFieldToObjectsMap(String, String)
15:08:38.4 (5352667)|STATEMENT_EXECUTE|[99]
15:08:38.4 (5389993)|HEAP_ALLOCATE|[99]|Bytes:4
15:08:38.4 (5475166)|ENTERING_MANAGED_PKG|
15:08:38.4 (5496684)|VARIABLE_SCOPE_BEGIN|[99]|lstReturnRecords|List<testautonumdata.InterviewsLCServerController>|true|false
15:08:38.4 (5524191)|HEAP_ALLOCATE|[EXTERNAL]|Bytes:4
15:08:38.4 (5541153)|VARIABLE_ASSIGNMENT|[99]|lstReturnRecords|{"s":1,"v":[]}|0x4bbe3e
15:08:38.4 (5544464)|STATEMENT_EXECUTE|[101]
15:08:38.4 (5569877)|ENTERING_MANAGED_PKG|
15:08:38.4 (5597696)|VARIABLE_SCOPE_BEGIN|[101]|rLimit|Integer|false|false
15:08:38.4 (5603074)|HEAP_ALLOCATE|[101]|Bytes:4
15:08:38.4 (5613213)|VARIABLE_ASSIGNMENT|[101]|rLimit|8
15:08:38.4 (5615810)|STATEMENT_EXECUTE|[102]
15:08:38.4 (5619415)|HEAP_ALLOCATE|[102]|Bytes:17
15:08:38.4 (5639608)|ENTERING_MANAGED_PKG|
15:08:38.4 (5661715)|HEAP_ALLOCATE|[102]|Bytes:1
15:08:38.4 (5674898)|HEAP_ALLOCATE|[102]|Bytes:18
15:08:38.4 (5687632)|ENTERING_MANAGED_PKG|
15:08:38.4 (5694974)|USER_DEBUG|[102]|DEBUG|######## rLimit: 8
15:08:38.4 (5701326)|STATEMENT_EXECUTE|[106]
15:08:38.4 (5704959)|HEAP_ALLOCATE|[106]|Bytes:9
15:08:38.4 (5709496)|VARIABLE_SCOPE_BEGIN|[106]|soql|String|false|false
15:08:38.4 (5719617)|VARIABLE_ASSIGNMENT|[106]|soql|"Select id"
15:08:38.4 (5722793)|STATEMENT_EXECUTE|[109]
15:08:38.4 (5724118)|STATEMENT_EXECUTE|[110]
15:08:38.4 (5726590)|HEAP_ALLOCATE|[110]|Bytes:2
15:08:38.4 (5745413)|ENTERING_MANAGED_PKG|
15:08:38.4 (5767365)|HEAP_ALLOCATE|[110]|Bytes:29
15:08:38.4 (5781284)|HEAP_ALLOCATE|[110]|Bytes:31
15:08:38.4 (5785871)|HEAP_ALLOCATE|[110]|Bytes:40
15:08:38.4 (5797282)|VARIABLE_ASSIGNMENT|[110]|soql|"Select id, testauton (20 more) ..."
15:08:38.4 (5800487)|STATEMENT_EXECUTE|[111]
15:08:38.4 (5807810)|METHOD_ENTRY|[111]|01pB0000000lA1s|testautonumdata.InterviewsLCServerController.AddFieldToObjectsMap(String, String)
15:08:38.4 (5820753)|VARIABLE_SCOPE_BEGIN|[21]|fieldName|String|false|false
15:08:38.4 (5829030)|VARIABLE_ASSIGNMENT|[21]|fieldName|"testautonumdata__Can (9 more) ..."
15:08:38.4 (5831440)|VARIABLE_SCOPE_BEGIN|[21]|initialObjectName|String|false|false
15:08:38.4 (5836330)|VARIABLE_ASSIGNMENT|[21]|initialObjectName|"testautonumdata__Int (9 more) ..."
15:08:38.4 (5843937)|HEAP_ALLOCATE|[23]|Bytes:5
15:08:38.4 (5847150)|STATEMENT_EXECUTE|[22]
15:08:38.4 (5861966)|ENTERING_MANAGED_PKG|
15:08:38.4 (5870614)|STATEMENT_EXECUTE|[64]
15:08:38.4 (5875993)|METHOD_ENTRY|[64]|01pB0000000lA1s|testautonumdata.InterviewsLCServerController.AddFieldToMap(String, String)
15:08:38.4 (5879926)|VARIABLE_SCOPE_BEGIN|[68]|fieldName|String|false|false
15:08:38.4 (5889161)|VARIABLE_ASSIGNMENT|[68]|fieldName|"testautonumdata__Can (9 more) ..."
15:08:38.4 (5891325)|VARIABLE_SCOPE_BEGIN|[68]|ObjectName|String|false|false
15:08:38.4 (5895856)|VARIABLE_ASSIGNMENT|[68]|ObjectName|"testautonumdata__Int (9 more) ..."
15:08:38.4 (5902173)|HEAP_ALLOCATE|[71]|Bytes:5
15:08:38.4 (5905136)|STATEMENT_EXECUTE|[69]
15:08:38.4 (5925874)|ENTERING_MANAGED_PKG|
15:08:38.4 (5939298)|STATEMENT_EXECUTE|[72]
15:08:38.4 (5942134)|STATEMENT_EXECUTE|[73]
15:08:38.4 (5958484)|ENTERING_MANAGED_PKG|
15:08:38.4 (6011785)|VARIABLE_SCOPE_BEGIN|[73]|existingFieldSet|Set<String>|true|false
15:08:38.4 (6040698)|VARIABLE_ASSIGNMENT|[73]|existingFieldSet|{"s":1,"v":["Id"]}|0x31f0e7ad
15:08:38.4 (6046078)|STATEMENT_EXECUTE|[74]
15:08:38.4 (6065181)|ENTERING_MANAGED_PKG|
15:08:38.4 (6098229)|HEAP_ALLOCATE|[EXTERNAL]|Bytes:4
15:08:38.4 (6111208)|STATEMENT_EXECUTE|[75]
15:08:38.4 (6130989)|ENTERING_MANAGED_PKG|
15:08:38.4 (6192205)|METHOD_EXIT|[64]|01pB0000000lA1s|testautonumdata.InterviewsLCServerController.AddFieldToMap(String, String)
15:08:38.4 (6202936)|METHOD_EXIT|[111]|01pB0000000lA1s|testautonumdata.InterviewsLCServerController.AddFieldToObjectsMap(String, String)
15:08:38.4 (6208695)|STATEMENT_EXECUTE|[115]
15:08:38.4 (6211090)|STATEMENT_EXECUTE|[116]
15:08:38.4 (6234233)|ENTERING_MANAGED_PKG|
15:08:38.4 (6262960)|HEAP_ALLOCATE|[116]|Bytes:59
15:08:38.4 (6280385)|HEAP_ALLOCATE|[116]|Bytes:61
15:08:38.4 (6284566)|HEAP_ALLOCATE|[116]|Bytes:101
15:08:38.4 (6297776)|VARIABLE_ASSIGNMENT|[116]|soql|"Select id, testauton (81 more) ..."
15:08:38.4 (6301165)|STATEMENT_EXECUTE|[117]
15:08:38.4 (6308354)|METHOD_ENTRY|[117]|01pB0000000lA1s|testautonumdata.InterviewsLCServerController.AddFieldToObjectsMap(String, String)
15:08:38.4 (6321539)|VARIABLE_SCOPE_BEGIN|[21]|fieldName|String|false|false
15:08:38.4 (6329732)|VARIABLE_ASSIGNMENT|[21]|fieldName|"testautonumdata__Can (39 more) ..."
15:08:38.4 (6332367)|VARIABLE_SCOPE_BEGIN|[21]|initialObjectName|String|false|false
15:08:38.4 (6337370)|VARIABLE_ASSIGNMENT|[21]|initialObjectName|"testautonumdata__Int (9 more) ..."
15:08:38.4 (6344589)|HEAP_ALLOCATE|[23]|Bytes:5
15:08:38.4 (6347976)|STATEMENT_EXECUTE|[22]
15:08:38.4 (6367215)|ENTERING_MANAGED_PKG|
15:08:38.4 (6376457)|STATEMENT_EXECUTE|[24]
15:08:38.4 (6378018)|STATEMENT_EXECUTE|[25]
15:08:38.4 (6392370)|ENTERING_MANAGED_PKG|
15:08:38.4 (6410123)|HEAP_ALLOCATE|[25]|Bytes:29
15:08:38.4 (6421691)|VARIABLE_SCOPE_BEGIN|[25]|relName1|String|false|false
15:08:38.4 (6433006)|VARIABLE_ASSIGNMENT|[25]|relName1|"testautonumdata__Can (9 more) ..."
15:08:38.4 (6435832)|STATEMENT_EXECUTE|[26]
15:08:38.4 (6452733)|ENTERING_MANAGED_PKG|
15:08:38.4 (6470688)|HEAP_ALLOCATE|[26]|Bytes:29
15:08:38.4 (6482063)|VARIABLE_SCOPE_BEGIN|[26]|relField1|String|false|false
15:08:38.4 (6492853)|VARIABLE_ASSIGNMENT|[26]|relField1|"testautonumdata__Ful (9 more) ..."
15:08:38.4 (6507306)|ENTERING_MANAGED_PKG|
15:08:38.4 (6529528)|STATEMENT_EXECUTE|[46]
15:08:38.4 (6533606)|HEAP_ALLOCATE|[48]|Bytes:3
15:08:38.4 (6546260)|ENTERING_MANAGED_PKG|
15:08:38.4 (6566737)|STATEMENT_EXECUTE|[49]
15:08:38.4 (6568819)|STATEMENT_EXECUTE|[51]
15:08:38.4 (6572200)|HEAP_ALLOCATE|[51]|Bytes:3
15:08:38.4 (6588985)|ENTERING_MANAGED_PKG|
15:08:38.4 (6615678)|HEAP_ALLOCATE|[51]|Bytes:29
15:08:38.4 (6627269)|VARIABLE_SCOPE_BEGIN|[51]|objectName1|String|false|false
15:08:38.4 (6638678)|VARIABLE_ASSIGNMENT|[51]|objectName1|"testautonumdata__Can (9 more) ..."
15:08:38.4 (6641512)|STATEMENT_EXECUTE|[52]
15:08:38.4 (6648632)|METHOD_ENTRY|[52]|01pB0000000lA1s|testautonumdata.InterviewsLCServerController.AddFieldToMap(String, String)
15:08:38.4 (6660577)|VARIABLE_SCOPE_BEGIN|[68]|fieldName|String|false|false
15:08:38.4 (6667961)|VARIABLE_ASSIGNMENT|[68]|fieldName|"testautonumdata__Ful (9 more) ..."
15:08:38.4 (6670507)|VARIABLE_SCOPE_BEGIN|[68]|ObjectName|String|false|false
15:08:38.4 (6675301)|VARIABLE_ASSIGNMENT|[68]|ObjectName|"testautonumdata__Can (9 more) ..."
15:08:38.4 (6682361)|HEAP_ALLOCATE|[71]|Bytes:5
15:08:38.4 (6685581)|STATEMENT_EXECUTE|[69]
15:08:38.4 (6696465)|ENTERING_MANAGED_PKG|
15:08:38.4 (6703309)|STATEMENT_EXECUTE|[78]
15:08:38.4 (6704603)|STATEMENT_EXECUTE|[79]
15:08:38.4 (6708417)|HEAP_ALLOCATE|[79]|Bytes:4
15:08:38.4 (6720229)|ENTERING_MANAGED_PKG|
15:08:38.4 (6731617)|VARIABLE_SCOPE_BEGIN|[79]|newFieldSet|Set<String>|true|false
15:08:38.4 (6762520)|VARIABLE_ASSIGNMENT|[79]|newFieldSet|{"s":1,"v":[]}|0x35580b7d
15:08:38.4 (6770514)|STATEMENT_EXECUTE|[80]
15:08:38.4 (6786988)|ENTERING_MANAGED_PKG|
15:08:38.4 (6795903)|HEAP_ALLOCATE|[EXTERNAL]|Bytes:4
15:08:38.4 (6805779)|STATEMENT_EXECUTE|[81]
15:08:38.4 (6816484)|ENTERING_MANAGED_PKG|
15:08:38.4 (6826997)|HEAP_ALLOCATE|[EXTERNAL]|Bytes:-4
15:08:38.4 (6842227)|METHOD_EXIT|[52]|01pB0000000lA1s|testautonumdata.InterviewsLCServerController.AddFieldToMap(String, String)
15:08:38.4 (6851498)|METHOD_EXIT|[117]|01pB0000000lA1s|testautonumdata.InterviewsLCServerController.AddFieldToObjectsMap(String, String)
15:08:38.4 (6866860)|STATEMENT_EXECUTE|[120]
15:08:38.4 (6870154)|STATEMENT_EXECUTE|[121]
15:08:38.4 (6891156)|ENTERING_MANAGED_PKG|
15:08:38.4 (6917338)|HEAP_ALLOCATE|[121]|Bytes:63
15:08:38.4 (6937275)|HEAP_ALLOCATE|[121]|Bytes:65
15:08:38.4 (6944389)|HEAP_ALLOCATE|[121]|Bytes:166
15:08:38.4 (6961633)|VARIABLE_ASSIGNMENT|[121]|soql|"Select id, testauton (146 more) ..."
15:08:38.4 (6966007)|STATEMENT_EXECUTE|[122]
15:08:38.4 (6975241)|METHOD_ENTRY|[122]|01pB0000000lA1s|testautonumdata.InterviewsLCServerController.AddFieldToObjectsMap(String, String)
15:08:38.4 (6992785)|VARIABLE_SCOPE_BEGIN|[21]|fieldName|String|false|false
15:08:38.4 (7005436)|VARIABLE_ASSIGNMENT|[21]|fieldName|"testautonumdata__Can (43 more) ..."
15:08:38.4 (7009709)|VARIABLE_SCOPE_BEGIN|[21]|initialObjectName|String|false|false
15:08:38.4 (7017626)|VARIABLE_ASSIGNMENT|[21]|initialObjectName|"testautonumdata__Int (9 more) ..."
15:08:38.4 (7027683)|HEAP_ALLOCATE|[23]|Bytes:5
15:08:38.4 (7032357)|STATEMENT_EXECUTE|[22]
15:08:38.4 (7051581)|ENTERING_MANAGED_PKG|
15:08:38.4 (7064871)|STATEMENT_EXECUTE|[24]
15:08:38.4 (7067160)|STATEMENT_EXECUTE|[25]
15:08:38.4 (7084701)|ENTERING_MANAGED_PKG|
15:08:38.4 (7093368)|HEAP_ALLOCATE|[25]|Bytes:29
15:08:38.4 (7108355)|VARIABLE_SCOPE_BEGIN|[25]|relName1|String|false|false
15:08:38.4 (7123401)|VARIABLE_ASSIGNMENT|[25]|relName1|"testautonumdata__Can (9 more) ..."
15:08:38.4 (7127391)|STATEMENT_EXECUTE|[26]
15:08:38.4 (7144803)|ENTERING_MANAGED_PKG|
15:08:38.4 (7150719)|HEAP_ALLOCATE|[26]|Bytes:33
15:08:38.4 (7164894)|VARIABLE_SCOPE_BEGIN|[26]|relField1|String|false|false
15:08:38.4 (7178868)|VARIABLE_ASSIGNMENT|[26]|relField1|"testautonumdata__Pos (13 more) ..."
15:08:38.4 (7196050)|ENTERING_MANAGED_PKG|
15:08:38.4 (7209068)|STATEMENT_EXECUTE|[28]
15:08:38.4 (7211570)|STATEMENT_EXECUTE|[29]
15:08:38.4 (7225528)|ENTERING_MANAGED_PKG|
15:08:38.4 (7247290)|HEAP_ALLOCATE|[29]|Bytes:28
15:08:38.4 (7262809)|VARIABLE_SCOPE_BEGIN|[29]|relName2|String|false|false
15:08:38.4 (7277636)|VARIABLE_ASSIGNMENT|[29]|relName2|"testautonumdata__Pos (8 more) ..."
15:08:38.4 (7281306)|STATEMENT_EXECUTE|[30]
15:08:38.4 (7300751)|ENTERING_MANAGED_PKG|
15:08:38.4 (7335179)|HEAP_ALLOCATE|[30]|Bytes:4
15:08:38.4 (7370681)|VARIABLE_SCOPE_BEGIN|[30]|relField2|String|false|false
15:08:38.4 (7385910)|VARIABLE_ASSIGNMENT|[30]|relField2|"Name"
15:08:38.4 (7408099)|ENTERING_MANAGED_PKG|
15:08:38.4 (7438877)|STATEMENT_EXECUTE|[34]
15:08:38.4 (7441804)|STATEMENT_EXECUTE|[36]
15:08:38.4 (7459119)|ENTERING_MANAGED_PKG|
15:08:38.4 (7485634)|HEAP_ALLOCATE|[36]|Bytes:28
15:08:38.4 (7501471)|VARIABLE_SCOPE_BEGIN|[36]|objectName2|String|false|false
15:08:38.4 (7516816)|VARIABLE_ASSIGNMENT|[36]|objectName2|"testautonumdata__Pos (8 more) ..."
15:08:38.4 (7520784)|STATEMENT_EXECUTE|[37]
15:08:38.4 (7530369)|METHOD_ENTRY|[37]|01pB0000000lA1s|testautonumdata.InterviewsLCServerController.AddFieldToMap(String, String)
15:08:38.4 (7546698)|VARIABLE_SCOPE_BEGIN|[68]|fieldName|String|false|false
15:08:38.4 (7556617)|VARIABLE_ASSIGNMENT|[68]|fieldName|"Name"
15:08:38.4 (7560117)|VARIABLE_SCOPE_BEGIN|[68]|ObjectName|String|false|false
15:08:38.4 (7568460)|VARIABLE_ASSIGNMENT|[68]|ObjectName|"testautonumdata__Pos (8 more) ..."
15:08:38.4 (7582618)|HEAP_ALLOCATE|[71]|Bytes:5
15:08:38.4 (7591066)|STATEMENT_EXECUTE|[69]
15:08:38.4 (7609481)|ENTERING_MANAGED_PKG|
15:08:38.4 (7622123)|STATEMENT_EXECUTE|[78]
15:08:38.4 (7624645)|STATEMENT_EXECUTE|[79]
15:08:38.4 (7631091)|HEAP_ALLOCATE|[79]|Bytes:4
15:08:38.4 (7647882)|ENTERING_MANAGED_PKG|
15:08:38.4 (7658639)|VARIABLE_SCOPE_BEGIN|[79]|newFieldSet|Set<String>|true|false
15:08:38.4 (7690806)|VARIABLE_ASSIGNMENT|[79]|newFieldSet|{"s":1,"v":[]}|0x3a34ff4
15:08:38.4 (7695893)|STATEMENT_EXECUTE|[80]
15:08:38.4 (7711681)|ENTERING_MANAGED_PKG|
15:08:38.4 (7720404)|HEAP_ALLOCATE|[EXTERNAL]|Bytes:4
15:08:38.4 (7731729)|STATEMENT_EXECUTE|[81]
15:08:38.4 (7746122)|ENTERING_MANAGED_PKG|
15:08:38.4 (7758047)|HEAP_ALLOCATE|[EXTERNAL]|Bytes:-4
15:08:38.4 (7774581)|METHOD_EXIT|[37]|01pB0000000lA1s|testautonumdata.InterviewsLCServerController.AddFieldToMap(String, String)
15:08:38.4 (7784135)|METHOD_EXIT|[122]|01pB0000000lA1s|testautonumdata.InterviewsLCServerController.AddFieldToObjectsMap(String, String)
15:08:38.4 (7789348)|STATEMENT_EXECUTE|[125]
15:08:38.4 (7791625)|STATEMENT_EXECUTE|[126]
15:08:38.4 (7814079)|ENTERING_MANAGED_PKG|
15:08:38.4 (7843109)|HEAP_ALLOCATE|[126]|Bytes:24
15:08:38.4 (7864526)|HEAP_ALLOCATE|[126]|Bytes:26
15:08:38.4 (7871741)|HEAP_ALLOCATE|[126]|Bytes:192
15:08:38.4 (7890093)|VARIABLE_ASSIGNMENT|[126]|soql|"Select id, testauton (172 more) ..."
15:08:38.4 (7895132)|STATEMENT_EXECUTE|[127]
15:08:38.4 (7906502)|METHOD_ENTRY|[127]|01pB0000000lA1s|testautonumdata.InterviewsLCServerController.AddFieldToObjectsMap(String, String)
15:08:38.4 (7924863)|VARIABLE_SCOPE_BEGIN|[21]|fieldName|String|false|false
15:08:38.4 (7938585)|VARIABLE_ASSIGNMENT|[21]|fieldName|"testautonumdata__Dat (4 more) ..."
15:08:38.4 (7942549)|VARIABLE_SCOPE_BEGIN|[21]|initialObjectName|String|false|false
15:08:38.4 (7951684)|VARIABLE_ASSIGNMENT|[21]|initialObjectName|"testautonumdata__Int (9 more) ..."
15:08:38.4 (7962495)|HEAP_ALLOCATE|[23]|Bytes:5
15:08:38.4 (7967756)|STATEMENT_EXECUTE|[22]
15:08:38.4 (7988549)|ENTERING_MANAGED_PKG|
15:08:38.4 (8003155)|STATEMENT_EXECUTE|[64]
15:08:38.4 (8012848)|METHOD_ENTRY|[64]|01pB0000000lA1s|testautonumdata.InterviewsLCServerController.AddFieldToMap(String, String)
15:08:38.4 (8019608)|VARIABLE_SCOPE_BEGIN|[68]|fieldName|String|false|false
15:08:38.4 (8034126)|VARIABLE_ASSIGNMENT|[68]|fieldName|"testautonumdata__Dat (4 more) ..."
15:08:38.4 (8037758)|VARIABLE_SCOPE_BEGIN|[68]|ObjectName|String|false|false
15:08:38.4 (8047293)|VARIABLE_ASSIGNMENT|[68]|ObjectName|"testautonumdata__Int (9 more) ..."
15:08:38.4 (8056738)|HEAP_ALLOCATE|[71]|Bytes:5
15:08:38.4 (8061553)|STATEMENT_EXECUTE|[69]
15:08:38.4 (8075667)|ENTERING_MANAGED_PKG|
15:08:38.4 (8086595)|STATEMENT_EXECUTE|[72]
15:08:38.4 (8089439)|STATEMENT_EXECUTE|[73]
15:08:38.4 (8098941)|ENTERING_MANAGED_PKG|
15:08:38.4 (8117544)|VARIABLE_SCOPE_BEGIN|[73]|existingFieldSet|Set<String>|true|false
15:08:38.4 (8143819)|VARIABLE_ASSIGNMENT|[73]|existingFieldSet|{"s":1,"v":["Id","testautonumdata__Can (9 more) ..."]}|0x31f0e7ad
15:08:38.4 (8148748)|STATEMENT_EXECUTE|[74]
15:08:38.4 (8163424)|ENTERING_MANAGED_PKG|
15:08:38.4 (8172308)|HEAP_ALLOCATE|[EXTERNAL]|Bytes:4
15:08:38.4 (8183137)|STATEMENT_EXECUTE|[75]
15:08:38.4 (8194824)|ENTERING_MANAGED_PKG|
15:08:38.4 (8222475)|METHOD_EXIT|[64]|01pB0000000lA1s|testautonumdata.InterviewsLCServerController.AddFieldToMap(String, String)
15:08:38.4 (8231718)|METHOD_EXIT|[127]|01pB0000000lA1s|testautonumdata.InterviewsLCServerController.AddFieldToObjectsMap(String, String)
15:08:38.4 (8238148)|STATEMENT_EXECUTE|[130]
15:08:38.4 (8240481)|STATEMENT_EXECUTE|[131]
15:08:38.4 (8260171)|ENTERING_MANAGED_PKG|
15:08:38.4 (8287355)|HEAP_ALLOCATE|[131]|Bytes:34
15:08:38.4 (8307788)|HEAP_ALLOCATE|[131]|Bytes:36
15:08:38.4 (8316714)|HEAP_ALLOCATE|[131]|Bytes:228
15:08:38.4 (8335046)|VARIABLE_ASSIGNMENT|[131]|soql|"Select id, testauton (208 more) ..."
15:08:38.4 (8339946)|STATEMENT_EXECUTE|[132]
15:08:38.4 (8349626)|METHOD_ENTRY|[132]|01pB0000000lA1s|testautonumdata.InterviewsLCServerController.AddFieldToObjectsMap(String, String)
15:08:38.4 (8372934)|VARIABLE_SCOPE_BEGIN|[21]|fieldName|String|false|false
15:08:38.4 (8386414)|VARIABLE_ASSIGNMENT|[21]|fieldName|"testautonumdata__Int (14 more) ..."
15:08:38.4 (8390157)|VARIABLE_SCOPE_BEGIN|[21]|initialObjectName|String|false|false
15:08:38.4 (8399245)|VARIABLE_ASSIGNMENT|[21]|initialObjectName|"testautonumdata__Int (9 more) ..."
15:08:38.4 (8408859)|HEAP_ALLOCATE|[23]|Bytes:5
15:08:38.4 (8413905)|STATEMENT_EXECUTE|[22]
15:08:38.4 (8434954)|ENTERING_MANAGED_PKG|
15:08:38.4 (8448927)|STATEMENT_EXECUTE|[64]
15:08:38.4 (8457062)|METHOD_ENTRY|[64]|01pB0000000lA1s|testautonumdata.InterviewsLCServerController.AddFieldToMap(String, String)
15:08:38.4 (8463137)|VARIABLE_SCOPE_BEGIN|[68]|fieldName|String|false|false
15:08:38.4 (8476289)|VARIABLE_ASSIGNMENT|[68]|fieldName|"testautonumdata__Int (14 more) ..."
15:08:38.4 (8479837)|VARIABLE_SCOPE_BEGIN|[68]|ObjectName|String|false|false
15:08:38.4 (8488470)|VARIABLE_ASSIGNMENT|[68]|ObjectName|"testautonumdata__Int (9 more) ..."
15:08:38.4 (8497231)|HEAP_ALLOCATE|[71]|Bytes:5
15:08:38.4 (8502075)|STATEMENT_EXECUTE|[69]
15:08:38.4 (8515315)|ENTERING_MANAGED_PKG|
15:08:38.4 (8525231)|STATEMENT_EXECUTE|[72]
15:08:38.4 (8527473)|STATEMENT_EXECUTE|[73]
15:08:38.4 (8536620)|ENTERING_MANAGED_PKG|
15:08:38.4 (8554952)|VARIABLE_SCOPE_BEGIN|[73]|existingFieldSet|Set<String>|true|false
15:08:38.4 (8582526)|VARIABLE_ASSIGNMENT|[73]|existingFieldSet|{"s":1,"v":["Id","testautonumdata__Can (9 more) ...","testautonumdata__Dat (4 more) ..."]}|0x31f0e7ad
15:08:38.4 (8588273)|STATEMENT_EXECUTE|[74]
15:08:38.4 (8601333)|ENTERING_MANAGED_PKG|
15:08:38.4 (8609984)|HEAP_ALLOCATE|[EXTERNAL]|Bytes:4
15:08:38.4 (8624022)|STATEMENT_EXECUTE|[75]
15:08:38.4 (8635769)|ENTERING_MANAGED_PKG|
15:08:38.4 (8663702)|METHOD_EXIT|[64]|01pB0000000lA1s|testautonumdata.InterviewsLCServerController.AddFieldToMap(String, String)
15:08:38.4 (8673313)|METHOD_EXIT|[132]|01pB0000000lA1s|testautonumdata.InterviewsLCServerController.AddFieldToObjectsMap(String, String)
15:08:38.4 (8678541)|STATEMENT_EXECUTE|[135]
15:08:38.4 (8684519)|HEAP_ALLOCATE|[135]|Bytes:6
15:08:38.4 (8706030)|ENTERING_MANAGED_PKG|
15:08:38.4 (8732324)|HEAP_ALLOCATE|[135]|Bytes:29
15:08:38.4 (8752291)|HEAP_ALLOCATE|[135]|Bytes:35
15:08:38.4 (8759972)|HEAP_ALLOCATE|[135]|Bytes:263
15:08:38.4 (8777596)|VARIABLE_ASSIGNMENT|[135]|soql|"Select id, testauton (243 more) ..."
15:08:38.4 (8788371)|STATEMENT_EXECUTE|[139]
15:08:38.4 (8790917)|STATEMENT_EXECUTE|[140]
15:08:38.4 (8795555)|HEAP_ALLOCATE|[140]|Bytes:7
15:08:38.4 (8817090)|ENTERING_MANAGED_PKG|
15:08:38.4 (8842259)|HEAP_ALLOCATE|[140]|Bytes:26
15:08:38.4 (8858418)|HEAP_ALLOCATE|[140]|Bytes:4
15:08:38.4 (8876734)|ENTERING_MANAGED_PKG|
15:08:38.4 (8884918)|HEAP_ALLOCATE|[140]|Bytes:7
15:08:38.4 (8899228)|HEAP_ALLOCATE|[140]|Bytes:1
15:08:38.4 (8921334)|HEAP_ALLOCATE|[140]|Bytes:45
15:08:38.4 (8929687)|HEAP_ALLOCATE|[140]|Bytes:308
15:08:38.4 (8946569)|VARIABLE_ASSIGNMENT|[140]|soql|"Select id, testauton (288 more) ..."
15:08:38.4 (8951216)|STATEMENT_EXECUTE|[141]
15:08:38.4 (8960639)|METHOD_ENTRY|[141]|01pB0000000lA1s|testautonumdata.InterviewsLCServerController.AddFieldToObjectsMap(String, String)
15:08:38.4 (8978139)|VARIABLE_SCOPE_BEGIN|[21]|fieldName|String|false|false
15:08:38.4 (8990406)|VARIABLE_ASSIGNMENT|[21]|fieldName|"testautonumdata__Sta (6 more) ..."
15:08:38.4 (8994003)|VARIABLE_SCOPE_BEGIN|[21]|initialObjectName|String|false|false
15:08:38.4 (9004001)|VARIABLE_ASSIGNMENT|[21]|initialObjectName|"testautonumdata__Int (9 more) ..."
15:08:38.4 (9014233)|HEAP_ALLOCATE|[23]|Bytes:5
15:08:38.4 (9018928)|STATEMENT_EXECUTE|[22]
15:08:38.4 (9038673)|ENTERING_MANAGED_PKG|
15:08:38.4 (9051856)|STATEMENT_EXECUTE|[64]
15:08:38.4 (9060473)|METHOD_ENTRY|[64]|01pB0000000lA1s|testautonumdata.InterviewsLCServerController.AddFieldToMap(String, String)
15:08:38.4 (9066433)|VARIABLE_SCOPE_BEGIN|[68]|fieldName|String|false|false
15:08:38.4 (9079565)|VARIABLE_ASSIGNMENT|[68]|fieldName|"testautonumdata__Sta (6 more) ..."
15:08:38.4 (9083089)|VARIABLE_SCOPE_BEGIN|[68]|ObjectName|String|false|false
15:08:38.4 (9105814)|VARIABLE_ASSIGNMENT|[68]|ObjectName|"testautonumdata__Int (9 more) ..."
15:08:38.4 (9115483)|HEAP_ALLOCATE|[71]|Bytes:5
15:08:38.4 (9120898)|STATEMENT_EXECUTE|[69]
15:08:38.4 (9135014)|ENTERING_MANAGED_PKG|
15:08:38.4 (9144896)|STATEMENT_EXECUTE|[72]
15:08:38.4 (9147507)|STATEMENT_EXECUTE|[73]
15:08:38.4 (9157611)|ENTERING_MANAGED_PKG|
15:08:38.4 (9176924)|VARIABLE_SCOPE_BEGIN|[73]|existingFieldSet|Set<String>|true|false
15:08:38.4 (9207242)|VARIABLE_ASSIGNMENT|[73]|existingFieldSet|{"s":1,"v":["Id","testautonumdata__Can (9 more) ...","testautonumdata__Dat (4 more) ...","testautonumdata__Int (14 more) ..."]}|0x31f0e7ad
15:08:38.4 (9212374)|STATEMENT_EXECUTE|[74]
15:08:38.4 (9232828)|ENTERING_MANAGED_PKG|
15:08:38.4 (9242215)|HEAP_ALLOCATE|[EXTERNAL]|Bytes:4
15:08:38.4 (9253356)|STATEMENT_EXECUTE|[75]
15:08:38.4 (9265408)|ENTERING_MANAGED_PKG|
15:08:38.4 (9293397)|METHOD_EXIT|[64]|01pB0000000lA1s|testautonumdata.InterviewsLCServerController.AddFieldToMap(String, String)
15:08:38.4 (9302772)|METHOD_EXIT|[141]|01pB0000000lA1s|testautonumdata.InterviewsLCServerController.AddFieldToObjectsMap(String, String)
15:08:38.4 (9310487)|STATEMENT_EXECUTE|[145]
15:08:38.4 (9313246)|STATEMENT_EXECUTE|[146]
15:08:38.4 (9318281)|HEAP_ALLOCATE|[146]|Bytes:10
15:08:38.4 (9339697)|ENTERING_MANAGED_PKG|
15:08:38.4 (9371927)|HEAP_ALLOCATE|[146]|Bytes:59
15:08:38.4 (9388611)|HEAP_ALLOCATE|[146]|Bytes:1
15:08:38.4 (9407591)|ENTERING_MANAGED_PKG|
15:08:38.4 (9415794)|HEAP_ALLOCATE|[146]|Bytes:4
15:08:38.4 (9439169)|HEAP_ALLOCATE|[146]|Bytes:74
15:08:38.4 (9447083)|HEAP_ALLOCATE|[146]|Bytes:382
15:08:38.4 (9464617)|VARIABLE_ASSIGNMENT|[146]|soql|"Select id, testauton (362 more) ..."
15:08:38.4 (9469151)|STATEMENT_EXECUTE|[147]
15:08:38.4 (9478963)|METHOD_ENTRY|[147]|01pB0000000lA1s|testautonumdata.InterviewsLCServerController.AddFieldToObjectsMap(String, String)
15:08:38.4 (9496414)|VARIABLE_SCOPE_BEGIN|[21]|fieldName|String|false|false
15:08:38.4 (9509490)|VARIABLE_ASSIGNMENT|[21]|fieldName|"testautonumdata__Can (39 more) ..."
15:08:38.4 (9513443)|VARIABLE_SCOPE_BEGIN|[21]|initialObjectName|String|false|false
15:08:38.4 (9522427)|VARIABLE_ASSIGNMENT|[21]|initialObjectName|"testautonumdata__Int (9 more) ..."
15:08:38.4 (9532237)|HEAP_ALLOCATE|[23]|Bytes:5
15:08:38.4 (9536911)|STATEMENT_EXECUTE|[22]
15:08:38.4 (9556542)|ENTERING_MANAGED_PKG|
15:08:38.4 (9569675)|STATEMENT_EXECUTE|[24]
15:08:38.4 (9572183)|STATEMENT_EXECUTE|[25]
15:08:38.4 (9585652)|ENTERING_MANAGED_PKG|
15:08:38.4 (9591300)|HEAP_ALLOCATE|[25]|Bytes:29
15:08:38.4 (9605418)|VARIABLE_SCOPE_BEGIN|[25]|relName1|String|false|false
15:08:38.4 (9620556)|VARIABLE_ASSIGNMENT|[25]|relName1|"testautonumdata__Can (9 more) ..."
15:08:38.4 (9624531)|STATEMENT_EXECUTE|[26]
15:08:38.4 (9641773)|ENTERING_MANAGED_PKG|
15:08:38.4 (9647159)|HEAP_ALLOCATE|[26]|Bytes:29
15:08:38.4 (9660977)|VARIABLE_SCOPE_BEGIN|[26]|relField1|String|false|false
15:08:38.4 (9675008)|VARIABLE_ASSIGNMENT|[26]|relField1|"testautonumdata__Ful (9 more) ..."
15:08:38.4 (9691517)|ENTERING_MANAGED_PKG|
15:08:38.4 (9704548)|STATEMENT_EXECUTE|[46]
15:08:38.4 (9717910)|ENTERING_MANAGED_PKG|
15:08:38.4 (9730307)|STATEMENT_EXECUTE|[49]
15:08:38.4 (9733030)|STATEMENT_EXECUTE|[51]
15:08:38.4 (9746774)|ENTERING_MANAGED_PKG|
15:08:38.4 (9757431)|HEAP_ALLOCATE|[51]|Bytes:29
15:08:38.4 (9771919)|VARIABLE_SCOPE_BEGIN|[51]|objectName1|String|false|false
15:08:38.4 (9786587)|VARIABLE_ASSIGNMENT|[51]|objectName1|"testautonumdata__Can (9 more) ..."
15:08:38.4 (9790516)|STATEMENT_EXECUTE|[52]
15:08:38.4 (9798932)|METHOD_ENTRY|[52]|01pB0000000lA1s|testautonumdata.InterviewsLCServerController.AddFieldToMap(String, String)
15:08:38.4 (9805274)|VARIABLE_SCOPE_BEGIN|[68]|fieldName|String|false|false
15:08:38.4 (9815994)|VARIABLE_ASSIGNMENT|[68]|fieldName|"testautonumdata__Ful (9 more) ..."
15:08:38.4 (9819660)|VARIABLE_SCOPE_BEGIN|[68]|ObjectName|String|false|false
15:08:38.4 (9827940)|VARIABLE_ASSIGNMENT|[68]|ObjectName|"testautonumdata__Can (9 more) ..."
15:08:38.4 (9836454)|HEAP_ALLOCATE|[71]|Bytes:5
15:08:38.4 (9840979)|STATEMENT_EXECUTE|[69]
15:08:38.4 (9854222)|ENTERING_MANAGED_PKG|
15:08:38.4 (9864430)|STATEMENT_EXECUTE|[72]
15:08:38.4 (9866719)|STATEMENT_EXECUTE|[73]
15:08:38.4 (9875800)|ENTERING_MANAGED_PKG|
15:08:38.4 (9893819)|VARIABLE_SCOPE_BEGIN|[73]|existingFieldSet|Set<String>|true|false
15:08:38.4 (9919526)|VARIABLE_ASSIGNMENT|[73]|existingFieldSet|{"s":1,"v":["testautonumdata__Ful (9 more) ..."]}|0x35580b7d
15:08:38.4 (9924485)|STATEMENT_EXECUTE|[74]
15:08:38.4 (9937445)|ENTERING_MANAGED_PKG|
15:08:38.4 (9945761)|HEAP_ALLOCATE|[EXTERNAL]|Bytes:4
15:08:38.4 (9956646)|STATEMENT_EXECUTE|[75]
15:08:38.4 (9967315)|ENTERING_MANAGED_PKG|
15:08:38.4 (10009720)|METHOD_EXIT|[52]|01pB0000000lA1s|testautonumdata.InterviewsLCServerController.AddFieldToMap(String, String)
15:08:38.4 (10021216)|METHOD_EXIT|[147]|01pB0000000lA1s|testautonumdata.InterviewsLCServerController.AddFieldToObjectsMap(String, String)
15:08:38.4 (10026567)|STATEMENT_EXECUTE|[150]
15:08:38.4 (10033000)|HEAP_ALLOCATE|[150]|Bytes:7
15:08:38.4 (10054916)|ENTERING_MANAGED_PKG|
15:08:38.4 (10082327)|HEAP_ALLOCATE|[150]|Bytes:1
15:08:38.4 (10113748)|HEAP_ALLOCATE|[150]|Bytes:8
15:08:38.4 (10122981)|HEAP_ALLOCATE|[150]|Bytes:390
15:08:38.4 (10149519)|VARIABLE_ASSIGNMENT|[150]|soql|"Select id, testauton (370 more) ..."
15:08:38.4 (10154956)|STATEMENT_EXECUTE|[154]
15:08:38.4 (10160491)|HEAP_ALLOCATE|[154]|Bytes:15
15:08:38.4 (10170770)|HEAP_ALLOCATE|[154]|Bytes:405
15:08:38.4 (10190911)|ENTERING_MANAGED_PKG|
15:08:38.4 (10214702)|USER_DEBUG|[154]|DEBUG|######## soql: Select id, testautonumdata__Candidate__c, testautonumdata__Candidate__r.testautonumdata__Full_Name__c, testautonumdata__Candidate__r.testautonumdata__Position__r.Name, testautonumdata__Date__c, testautonumdata__Interview_Type__c FROM testautonumdata__Interview__c where testautonumdata__Status__c = 'Pending' order by testautonumdata__Candidate__r.testautonumdata__Full_Name__c desc limit 8
15:08:38.4 (10241507)|ENTERING_MANAGED_PKG|
15:08:38.4 (10275634)|STATEMENT_EXECUTE|[162]
15:08:38.4 (10279065)|STATEMENT_EXECUTE|[163]
15:08:38.4 (10284585)|HEAP_ALLOCATE|[163]|Bytes:27
15:08:38.4 (10309522)|ENTERING_MANAGED_PKG|
15:08:38.4 (10353551)|HEAP_ALLOCATE|[163]|Bytes:257
15:08:38.4 (10379830)|HEAP_ALLOCATE|[163]|Bytes:284
15:08:38.4 (10397945)|ENTERING_MANAGED_PKG|
15:08:38.4 (10407436)|USER_DEBUG|[163]|DEBUG|######## mapObjectsFields: {testautonumdata__Candidate__c={testautonumdata__Full_Name__c}, testautonumdata__Interview__c={Id, testautonumdata__Candidate__c, testautonumdata__Date__c, testautonumdata__Interview_Type__c, testautonumdata__Status__c}, testautonumdata__Position__c={Name}}
15:08:38.4 (10438293)|HEAP_ALLOCATE|[164]|Bytes:4
15:08:38.4 (10475876)|ENTERING_MANAGED_PKG|
15:08:38.4 (10511540)|ENTERING_MANAGED_PKG|
15:08:38.4 (10544671)|HEAP_ALLOCATE|[164]|Bytes:102
15:08:38.4 (10568535)|ENTERING_MANAGED_PKG|
15:08:38.4 (10578710)|HEAP_ALLOCATE|[164]|Bytes:12
15:08:38.4 (10596369)|ENTERING_MANAGED_PKG|
15:08:38.4 (10690739)|HEAP_ALLOCATE|[164]|Bytes:5
15:08:38.4 (10720100)|VARIABLE_SCOPE_BEGIN|[164]|objectName|String|false|false
15:08:38.4 (10738018)|VARIABLE_ASSIGNMENT|[164]|objectName|"testautonumdata__Int (9 more) ..."
15:08:38.4 (10743461)|STATEMENT_EXECUTE|[165]
15:08:38.4 (10758541)|STATEMENT_EXECUTE|[166]
15:08:38.4 (10764963)|HEAP_ALLOCATE|[166]|Bytes:21
15:08:38.4 (10775643)|HEAP_ALLOCATE|[166]|Bytes:50
15:08:38.4 (10793375)|ENTERING_MANAGED_PKG|
15:08:38.4 (10817347)|USER_DEBUG|[166]|DEBUG|######## objectName: testautonumdata__Interview__c
15:08:38.4 (10828322)|STATEMENT_EXECUTE|[167]
15:08:38.4 (10853718)|ENTERING_MANAGED_PKG|
15:08:38.4 (35838266)|HEAP_ALLOCATE|[167]|Bytes:1764
15:08:38.4 (35902490)|ENTERING_MANAGED_PKG|
15:08:38.4 (36041871)|HEAP_ALLOCATE|[167]|Bytes:4
15:08:38.4 (36059491)|VARIABLE_SCOPE_BEGIN|[167]|sObj|SObject|true|false
15:08:38.4 (36099805)|VARIABLE_ASSIGNMENT|[167]|sObj|{}|0x64cc3d54
15:08:38.4 (36105803)|STATEMENT_EXECUTE|[168]
15:08:38.4 (36147634)|ENTERING_MANAGED_PKG|
15:08:38.4 (36544544)|HEAP_ALLOCATE|[168]|Bytes:4
15:08:38.4 (37069200)|HEAP_ALLOCATE|[168]|Bytes:80
15:08:38.4 (37082310)|VARIABLE_SCOPE_BEGIN|[168]|m|Map<String,Schema.SObjectField>|true|false
15:08:38.4 (37336421)|VARIABLE_ASSIGNMENT|[168]|m|"{createdbyid=CreatedById, createddate=CreatedDate, id=Id, isdeleted=IsDeleted, lastactivitydate=LastActivityDate, lastmodifiedbyid=LastModifiedById, lastmodifieddate=LastModifiedDate, lastreferenceddate=LastReferencedDate, lastvieweddate=LastViewedDate, name=Name, ...}"|0x753a1ec9
15:08:38.4 (37343250)|STATEMENT_EXECUTE|[169]
15:08:38.4 (37365872)|ENTERING_MANAGED_PKG|
15:08:38.4 (37414785)|VARIABLE_SCOPE_BEGIN|[169]|objectFieldSet|Set<String>|true|false
15:08:38.4 (37457437)|VARIABLE_ASSIGNMENT|[169]|objectFieldSet|{"s":1,"v":["Id","testautonumdata__Can (9 more) ...","testautonumdata__Dat (4 more) ...","testautonumdata__Int (14 more) ...","testautonumdata__Sta (6 more) ..."]}|0x31f0e7ad
15:08:38.4 (37473710)|HEAP_ALLOCATE|[171]|Bytes:4
15:08:38.4 (37495494)|ENTERING_MANAGED_PKG|
15:08:38.4 (37527659)|ENTERING_MANAGED_PKG|
15:08:38.4 (37538284)|HEAP_ALLOCATE|[171]|Bytes:20
15:08:38.4 (37548787)|ENTERING_MANAGED_PKG|
15:08:38.4 (37575245)|HEAP_ALLOCATE|[171]|Bytes:5
15:08:38.4 (37601008)|VARIABLE_SCOPE_BEGIN|[171]|fieldToCheck|String|false|false
15:08:38.4 (37611910)|VARIABLE_ASSIGNMENT|[171]|fieldToCheck|"Id"
15:08:38.4 (37615532)|STATEMENT_EXECUTE|[171]
15:08:38.4 (37616851)|STATEMENT_EXECUTE|[172]
15:08:38.4 (37621532)|HEAP_ALLOCATE|[172]|Bytes:23
15:08:38.4 (37633836)|HEAP_ALLOCATE|[172]|Bytes:25
15:08:38.4 (37652655)|ENTERING_MANAGED_PKG|
15:08:38.4 (37678354)|USER_DEBUG|[172]|DEBUG|######## fieldToCheck: Id
15:08:38.4 (37696993)|ENTERING_MANAGED_PKG|
15:08:38.4 (37983460)|HEAP_ALLOCATE|[174]|Bytes:8
15:08:38.4 (38015708)|STATEMENT_EXECUTE|[174]
15:08:38.4 (38019521)|STATEMENT_EXECUTE|[182]
15:08:38.4 (38023616)|HEAP_ALLOCATE|[182]|Bytes:35
15:08:38.4 (38032049)|HEAP_ALLOCATE|[182]|Bytes:37
15:08:38.4 (38045843)|ENTERING_MANAGED_PKG|
15:08:38.4 (38064617)|USER_DEBUG|[182]|DEBUG|######## User has access to field: Id
15:08:38.4 (38080865)|HEAP_ALLOCATE|[171]|Bytes:5
15:08:38.4 (38093583)|VARIABLE_SCOPE_BEGIN|[171]|fieldToCheck|String|false|false
15:08:38.4 (38106290)|VARIABLE_ASSIGNMENT|[171]|fieldToCheck|"testautonumdata__Can (9 more) ..."
15:08:38.4 (38109528)|STATEMENT_EXECUTE|[171]
15:08:38.4 (38110658)|STATEMENT_EXECUTE|[172]
15:08:38.4 (38116614)|HEAP_ALLOCATE|[172]|Bytes:52
15:08:38.4 (38127463)|ENTERING_MANAGED_PKG|
15:08:38.4 (38133925)|USER_DEBUG|[172]|DEBUG|######## fieldToCheck: testautonumdata__Candidate__c
15:08:38.4 (38144084)|ENTERING_MANAGED_PKG|
15:08:38.4 (38359457)|HEAP_ALLOCATE|[174]|Bytes:8
15:08:38.4 (38377102)|STATEMENT_EXECUTE|[174]
15:08:38.4 (38379552)|STATEMENT_EXECUTE|[182]
15:08:38.4 (38385552)|HEAP_ALLOCATE|[182]|Bytes:64
15:08:38.4 (38396528)|ENTERING_MANAGED_PKG|
15:08:38.4 (38403575)|USER_DEBUG|[182]|DEBUG|######## User has access to field: testautonumdata__Candidate__c
15:08:38.4 (38417241)|HEAP_ALLOCATE|[171]|Bytes:5
15:08:38.4 (38433095)|VARIABLE_SCOPE_BEGIN|[171]|fieldToCheck|String|false|false
15:08:38.4 (38446080)|VARIABLE_ASSIGNMENT|[171]|fieldToCheck|"testautonumdata__Dat (4 more) ..."
15:08:38.4 (38449268)|STATEMENT_EXECUTE|[171]
15:08:38.4 (38450440)|STATEMENT_EXECUTE|[172]
15:08:38.4 (38456227)|HEAP_ALLOCATE|[172]|Bytes:47
15:08:38.4 (38467132)|ENTERING_MANAGED_PKG|
15:08:38.4 (38473509)|USER_DEBUG|[172]|DEBUG|######## fieldToCheck: testautonumdata__Date__c
15:08:38.4 (38483680)|ENTERING_MANAGED_PKG|
15:08:38.4 (39167696)|HEAP_ALLOCATE|[174]|Bytes:8
15:08:38.4 (39186437)|STATEMENT_EXECUTE|[174]
15:08:38.4 (39188758)|STATEMENT_EXECUTE|[182]
15:08:38.4 (39194988)|HEAP_ALLOCATE|[182]|Bytes:59
15:08:38.4 (39207055)|ENTERING_MANAGED_PKG|
15:08:38.4 (39225240)|USER_DEBUG|[182]|DEBUG|######## User has access to field: testautonumdata__Date__c
15:08:38.4 (39241439)|HEAP_ALLOCATE|[171]|Bytes:5
15:08:38.4 (39254084)|VARIABLE_SCOPE_BEGIN|[171]|fieldToCheck|String|false|false
15:08:38.4 (39267248)|VARIABLE_ASSIGNMENT|[171]|fieldToCheck|"testautonumdata__Int (14 more) ..."
15:08:38.4 (39270435)|STATEMENT_EXECUTE|[171]
15:08:38.4 (39271520)|STATEMENT_EXECUTE|[172]
15:08:38.4 (39277235)|HEAP_ALLOCATE|[172]|Bytes:57
15:08:38.4 (39287879)|ENTERING_MANAGED_PKG|
15:08:38.4 (39294250)|USER_DEBUG|[172]|DEBUG|######## fieldToCheck: testautonumdata__Interview_Type__c
15:08:38.4 (39304420)|ENTERING_MANAGED_PKG|
15:08:38.4 (39472575)|HEAP_ALLOCATE|[174]|Bytes:8
15:08:38.4 (39489901)|STATEMENT_EXECUTE|[174]
15:08:38.4 (39492268)|STATEMENT_EXECUTE|[182]
15:08:38.4 (39498163)|HEAP_ALLOCATE|[182]|Bytes:69
15:08:38.4 (39508703)|ENTERING_MANAGED_PKG|
15:08:38.4 (39515645)|USER_DEBUG|[182]|DEBUG|######## User has access to field: testautonumdata__Interview_Type__c
15:08:38.4 (39529206)|HEAP_ALLOCATE|[171]|Bytes:5
15:08:38.4 (39540757)|VARIABLE_SCOPE_BEGIN|[171]|fieldToCheck|String|false|false
15:08:38.4 (39553447)|VARIABLE_ASSIGNMENT|[171]|fieldToCheck|"testautonumdata__Sta (6 more) ..."
15:08:38.4 (39556381)|STATEMENT_EXECUTE|[171]
15:08:38.4 (39557492)|STATEMENT_EXECUTE|[172]
15:08:38.4 (39562961)|HEAP_ALLOCATE|[172]|Bytes:49
15:08:38.4 (39572763)|ENTERING_MANAGED_PKG|
15:08:38.4 (39578792)|USER_DEBUG|[172]|DEBUG|######## fieldToCheck: testautonumdata__Status__c
15:08:38.4 (39588747)|ENTERING_MANAGED_PKG|
15:08:38.4 (39737660)|HEAP_ALLOCATE|[174]|Bytes:8
15:08:38.4 (39754127)|STATEMENT_EXECUTE|[174]
15:08:38.4 (39756418)|STATEMENT_EXECUTE|[182]
15:08:38.4 (39762177)|HEAP_ALLOCATE|[182]|Bytes:61
15:08:38.4 (39772257)|ENTERING_MANAGED_PKG|
15:08:38.4 (39779021)|USER_DEBUG|[182]|DEBUG|######## User has access to field: testautonumdata__Status__c
15:08:38.4 (39792107)|HEAP_ALLOCATE|[171]|Bytes:5
15:08:38.4 (39808194)|VARIABLE_ASSIGNMENT|[171]|fieldToCheck|null
15:08:38.4 (39818809)|HEAP_ALLOCATE|[164]|Bytes:5
15:08:38.4 (39829649)|VARIABLE_SCOPE_BEGIN|[164]|objectName|String|false|false
15:08:38.4 (39840590)|VARIABLE_ASSIGNMENT|[164]|objectName|"testautonumdata__Can (9 more) ..."
15:08:38.4 (39843646)|STATEMENT_EXECUTE|[165]
15:08:38.4 (39844889)|STATEMENT_EXECUTE|[166]
15:08:38.4 (39851178)|HEAP_ALLOCATE|[166]|Bytes:50
15:08:38.4 (39861253)|ENTERING_MANAGED_PKG|
15:08:38.4 (39867079)|USER_DEBUG|[166]|DEBUG|######## objectName: testautonumdata__Candidate__c
15:08:38.4 (39872341)|STATEMENT_EXECUTE|[167]
15:08:38.4 (39878101)|ENTERING_MANAGED_PKG|
15:08:38.4 (44798720)|HEAP_ALLOCATE|[167]|Bytes:1764
15:08:38.4 (44820353)|ENTERING_MANAGED_PKG|
15:08:38.4 (44870856)|HEAP_ALLOCATE|[167]|Bytes:4
15:08:38.4 (44881537)|VARIABLE_SCOPE_BEGIN|[167]|sObj|SObject|true|false
15:08:38.4 (44900053)|VARIABLE_ASSIGNMENT|[167]|sObj|{}|0x4cbe0bee
15:08:38.4 (44903193)|STATEMENT_EXECUTE|[168]
15:08:38.4 (44920910)|ENTERING_MANAGED_PKG|
15:08:38.4 (45067027)|HEAP_ALLOCATE|[168]|Bytes:4
15:08:38.4 (45597123)|HEAP_ALLOCATE|[168]|Bytes:136
15:08:38.4 (45608457)|VARIABLE_SCOPE_BEGIN|[168]|m|Map<String,Schema.SObjectField>|true|false
15:08:38.4 (45809782)|VARIABLE_ASSIGNMENT|[168]|m|"{createdbyid=CreatedById, createddate=CreatedDate, id=Id, isdeleted=IsDeleted, lastactivitydate=LastActivityDate, lastmodifiedbyid=LastModifiedById, lastmodifieddate=LastModifiedDate, lastreferenceddate=LastReferencedDate, lastvieweddate=LastViewedDate, name=Name, ...}"|0x89e2e53
15:08:38.4 (45815888)|STATEMENT_EXECUTE|[169]
15:08:38.4 (45829967)|ENTERING_MANAGED_PKG|
15:08:38.4 (45848518)|VARIABLE_SCOPE_BEGIN|[169]|objectFieldSet|Set<String>|true|false
15:08:38.4 (45871946)|VARIABLE_ASSIGNMENT|[169]|objectFieldSet|{"s":1,"v":["testautonumdata__Ful (9 more) ..."]}|0x35580b7d
15:08:38.4 (45878971)|HEAP_ALLOCATE|[171]|Bytes:4
15:08:38.4 (45892470)|ENTERING_MANAGED_PKG|
15:08:38.4 (45902284)|ENTERING_MANAGED_PKG|
15:08:38.4 (45907141)|HEAP_ALLOCATE|[171]|Bytes:4
15:08:38.4 (45915441)|ENTERING_MANAGED_PKG|
15:08:38.4 (45928729)|HEAP_ALLOCATE|[171]|Bytes:5
15:08:38.4 (45940932)|VARIABLE_SCOPE_BEGIN|[171]|fieldToCheck|String|false|false
15:08:38.4 (45952592)|VARIABLE_ASSIGNMENT|[171]|fieldToCheck|"testautonumdata__Ful (9 more) ..."
15:08:38.4 (45955793)|STATEMENT_EXECUTE|[171]
15:08:38.4 (45957100)|STATEMENT_EXECUTE|[172]
15:08:38.4 (45963472)|HEAP_ALLOCATE|[172]|Bytes:52
15:08:38.4 (45974811)|ENTERING_MANAGED_PKG|
15:08:38.4 (45982032)|USER_DEBUG|[172]|DEBUG|######## fieldToCheck: testautonumdata__Full_Name__c
15:08:38.4 (45992853)|ENTERING_MANAGED_PKG|
15:08:38.4 (46576428)|HEAP_ALLOCATE|[174]|Bytes:8
15:08:38.4 (46595071)|STATEMENT_EXECUTE|[174]
15:08:38.4 (46597554)|STATEMENT_EXECUTE|[182]
15:08:38.4 (46603829)|HEAP_ALLOCATE|[182]|Bytes:64
15:08:38.4 (46615727)|ENTERING_MANAGED_PKG|
15:08:38.4 (46623144)|USER_DEBUG|[182]|DEBUG|######## User has access to field: testautonumdata__Full_Name__c
15:08:38.4 (46637465)|HEAP_ALLOCATE|[171]|Bytes:5
15:08:38.4 (46653288)|VARIABLE_ASSIGNMENT|[171]|fieldToCheck|null
15:08:38.4 (46663049)|HEAP_ALLOCATE|[164]|Bytes:5
15:08:38.4 (46673949)|VARIABLE_SCOPE_BEGIN|[164]|objectName|String|false|false
15:08:38.4 (46684874)|VARIABLE_ASSIGNMENT|[164]|objectName|"testautonumdata__Pos (8 more) ..."
15:08:38.4 (46687959)|STATEMENT_EXECUTE|[165]
15:08:38.4 (46689145)|STATEMENT_EXECUTE|[166]
15:08:38.4 (46694717)|HEAP_ALLOCATE|[166]|Bytes:49
15:08:38.4 (46705339)|ENTERING_MANAGED_PKG|
15:08:38.4 (46711733)|USER_DEBUG|[166]|DEBUG|######## objectName: testautonumdata__Position__c
15:08:38.4 (46717099)|STATEMENT_EXECUTE|[167]
15:08:38.4 (46722306)|ENTERING_MANAGED_PKG|
15:08:38.4 (50581292)|HEAP_ALLOCATE|[167]|Bytes:1764
15:08:38.4 (50601123)|ENTERING_MANAGED_PKG|
15:08:38.4 (50670586)|HEAP_ALLOCATE|[167]|Bytes:4
15:08:38.4 (50681846)|VARIABLE_SCOPE_BEGIN|[167]|sObj|SObject|true|false
15:08:38.4 (50697262)|VARIABLE_ASSIGNMENT|[167]|sObj|{}|0x2421e511
15:08:38.4 (50700509)|STATEMENT_EXECUTE|[168]
15:08:38.4 (50717021)|ENTERING_MANAGED_PKG|
15:08:38.4 (50857344)|HEAP_ALLOCATE|[168]|Bytes:4
15:08:38.4 (51150980)|HEAP_ALLOCATE|[168]|Bytes:64
15:08:38.4 (51163177)|VARIABLE_SCOPE_BEGIN|[168]|m|Map<String,Schema.SObjectField>|true|false
15:08:38.4 (51330514)|VARIABLE_ASSIGNMENT|[168]|m|"{createdbyid=CreatedById, createddate=CreatedDate, id=Id, isdeleted=IsDeleted, lastactivitydate=LastActivityDate, lastmodifiedbyid=LastModifiedById, lastmodifieddate=LastModifiedDate, lastreferenceddate=LastReferencedDate, lastvieweddate=LastViewedDate, name=Name, ...}"|0x615e8fff
15:08:38.4 (51337169)|STATEMENT_EXECUTE|[169]
15:08:38.4 (51351007)|ENTERING_MANAGED_PKG|
15:08:38.4 (51366766)|VARIABLE_SCOPE_BEGIN|[169]|objectFieldSet|Set<String>|true|false
15:08:38.4 (51386629)|VARIABLE_ASSIGNMENT|[169]|objectFieldSet|{"s":1,"v":["Name"]}|0x3a34ff4
15:08:38.4 (51392651)|HEAP_ALLOCATE|[171]|Bytes:4
15:08:38.4 (51405315)|ENTERING_MANAGED_PKG|
15:08:38.4 (51414971)|ENTERING_MANAGED_PKG|
15:08:38.4 (51419825)|HEAP_ALLOCATE|[171]|Bytes:4
15:08:38.4 (51431011)|ENTERING_MANAGED_PKG|
15:08:38.4 (51443886)|HEAP_ALLOCATE|[171]|Bytes:5
15:08:38.4 (51456044)|VARIABLE_SCOPE_BEGIN|[171]|fieldToCheck|String|false|false
15:08:38.4 (51466873)|VARIABLE_ASSIGNMENT|[171]|fieldToCheck|"Name"
15:08:38.4 (51469943)|STATEMENT_EXECUTE|[171]
15:08:38.4 (51471126)|STATEMENT_EXECUTE|[172]
15:08:38.4 (51477324)|HEAP_ALLOCATE|[172]|Bytes:27
15:08:38.4 (51488330)|ENTERING_MANAGED_PKG|
15:08:38.4 (51495368)|USER_DEBUG|[172]|DEBUG|######## fieldToCheck: Name
15:08:38.4 (51505745)|ENTERING_MANAGED_PKG|
15:08:38.4 (51688995)|HEAP_ALLOCATE|[174]|Bytes:8
15:08:38.4 (51706128)|STATEMENT_EXECUTE|[174]
15:08:38.4 (51708497)|STATEMENT_EXECUTE|[182]
15:08:38.4 (51714670)|HEAP_ALLOCATE|[182]|Bytes:39
15:08:38.4 (51725974)|ENTERING_MANAGED_PKG|
15:08:38.4 (51733148)|USER_DEBUG|[182]|DEBUG|######## User has access to field: Name
15:08:38.4 (51746609)|HEAP_ALLOCATE|[171]|Bytes:5
15:08:38.4 (51761629)|VARIABLE_ASSIGNMENT|[171]|fieldToCheck|null
15:08:38.4 (51771013)|HEAP_ALLOCATE|[164]|Bytes:5
15:08:38.4 (51781758)|VARIABLE_ASSIGNMENT|[164]|objectName|null
15:08:38.4 (51785980)|STATEMENT_EXECUTE|[190]
15:08:38.4 (51813553)|ENTERING_MANAGED_PKG|
15:08:38.4 (51839231)|HEAP_ALLOCATE|[190]|Bytes:4
15:08:38.4 (52457458)|SOQL_EXECUTE_BEGIN|[190]|Aggregations:0|Select id, testautonumdata__Candidate__c, testautonumdata__Candidate__r.testautonumdata__Full_Name__c, testautonumdata__Candidate__r.testautonumdata__Position__r.Name, testautonumdata__Date__c, testautonumdata__Interview_Type__c FROM testautonumdata__Interview__c where testautonumdata__Status__c = 'Pending' order by testautonumdata__Candidate__r.testautonumdata__Full_Name__c desc limit 8
15:08:38.4 (100966952)|SOQL_EXECUTE_END|[190]|Rows:2
15:08:38.4 (101008242)|HEAP_ALLOCATE|[190]|Bytes:12
15:08:38.4 (101049149)|HEAP_ALLOCATE|[190]|Bytes:840
15:08:38.4 (101164125)|HEAP_ALLOCATE|[190]|Bytes:12
15:08:38.4 (101199537)|VARIABLE_SCOPE_BEGIN|[190]|lstQueriedRecords|List<SObject>|true|false
15:08:38.4 (101288830)|VARIABLE_ASSIGNMENT|[190]|lstQueriedRecords|{"s":1,"v":[{"s":2,"v":{"Id":"a0NB0000000TaTOMA0","testautonumdata__Can (9 more) ...":"a0MB0000000cQXFMA2","testautonumdata__Dat (4 more) ...":"11/9/2016","testautonumdata__Int (14 more) ...":"Technical Interview","testautonumdata__Can (9 more) ...":{"s":3,"v":{"testautonumdata__Ful (9 more) ...":"Rodrigo Reboucas","testautonumdata__Pos (8 more) ...":"a0LB0000000seqpMAA","Id":"a0MB0000000cQXFMA2","testautonumdata__Pos (8 more) ...":{"s":4,"v":{"Name":"Architect - Force.co (1 more) ...","Id":"a0LB0000000seqpMAA"}}}}}},{"s":5,"v":{"Id":"a0NB0000000RasPMAS","testautonumdata__Can (9 more) ...":"a0MB0000000cQdIMAU","testautonumdata__Dat (4 more) ...":"10/26/2016","testautonumdata__Int (14 more) ...":"Recruiter Interview","testautonumdata__Can (9 more) ...":{"s":6,"v":{"testautonumdata__Ful (9 more) ...":"Lizz Brooks","testautonumdata__Pos (8 more) ...":"a0LB0000000sexWMAQ","Id":"a0MB0000000cQdIMAU","testautonumdata__Pos (8 more) ...":{"s":7,"v":{"Name":"Project Coordinator","Id":"a0LB0000000sexWMAQ"}}}}}}]}|0x37edad26
15:08:38.4 (101301940)|STATEMENT_EXECUTE|[192]
15:08:38.4 (101310993)|HEAP_ALLOCATE|[192]|Bytes:28
15:08:38.4 (101351356)|ENTERING_MANAGED_PKG|
15:08:38.4 (101486043)|HEAP_ALLOCATE|[192]|Bytes:395
15:08:38.4 (101508205)|HEAP_ALLOCATE|[192]|Bytes:423
15:08:38.4 (101530117)|ENTERING_MANAGED_PKG|
15:08:38.4 (101541105)|USER_DEBUG|[192]|DEBUG|######## lstQueriedRecords: (testautonumdata__Interview__c:{Id=a0NB0000000TaTOMA0, testautonumdata__Candidate__c=a0MB0000000cQXFMA2, testautonumdata__Date__c=11/9/2016, testautonumdata__Interview_Type__c=Technical Interview}, testautonumdata__Interview__c:{Id=a0NB0000000RasPMAS, testautonumdata__Candidate__c=a0MB0000000cQdIMAU, testautonumdata__Date__c=10/26/2016, testautonumdata__Interview_Type__c=Recruiter Interview})
15:08:38.4 (101635453)|ENTERING_MANAGED_PKG|
15:08:38.4 (101790446)|HEAP_ALLOCATE|[196]|Bytes:5
15:08:38.4 (101834447)|HEAP_ALLOCATE|[196]|Bytes:24
15:08:38.4 (101860344)|VARIABLE_SCOPE_BEGIN|[196]|e|SObject|true|false
15:08:38.4 (101893165)|VARIABLE_ASSIGNMENT|[196]|e|{"s":1,"v":{"Id":"a0NB0000000TaTOMA0","testautonumdata__Can (9 more) ...":"a0MB0000000cQXFMA2","testautonumdata__Dat (4 more) ...":"11/9/2016","testautonumdata__Int (14 more) ...":"Technical Interview","testautonumdata__Can (9 more) ...":{"s":2,"v":{"testautonumdata__Ful (9 more) ...":"Rodrigo Reboucas","testautonumdata__Pos (8 more) ...":"a0LB0000000seqpMAA","Id":"a0MB0000000cQXFMA2","testautonumdata__Pos (8 more) ...":{"s":3,"v":{"Name":"Architect - Force.co (1 more) ...","Id":"a0LB0000000seqpMAA"}}}}}}|0x28806635
15:08:38.4 (101900360)|STATEMENT_EXECUTE|[197]
15:08:38.4 (101902126)|STATEMENT_EXECUTE|[198]
15:08:38.4 (101906246)|HEAP_ALLOCATE|[198]|Bytes:12
15:08:38.4 (101925541)|ENTERING_MANAGED_PKG|
15:08:38.4 (101990531)|HEAP_ALLOCATE|[198]|Bytes:195
15:08:38.4 (102007571)|HEAP_ALLOCATE|[198]|Bytes:207
15:08:38.4 (102020988)|ENTERING_MANAGED_PKG|
15:08:38.4 (102028640)|USER_DEBUG|[198]|DEBUG|######## e: testautonumdata__Interview__c:{Id=a0NB0000000TaTOMA0, testautonumdata__Candidate__c=a0MB0000000cQXFMA2, testautonumdata__Date__c=11/9/2016, testautonumdata__Interview_Type__c=Technical Interview}
15:08:38.4 (102036323)|STATEMENT_EXECUTE|[199]
15:08:38.4 (102045424)|HEAP_ALLOCATE|[199]|Bytes:28
15:08:38.4 (102065862)|CONSTRUCTOR_ENTRY|[199]|01pB0000000lA1s|<init>()
15:08:38.4 (102090332)|VARIABLE_SCOPE_BEGIN|[1]|this|testautonumdata.InterviewsLCServerController|true|false
15:08:38.4 (102153474)|VARIABLE_ASSIGNMENT|[1]|this|{}|0x3de61a03
15:08:38.4 (102162906)|HEAP_ALLOCATE|[EXTERNAL]|Bytes:5
15:08:38.4 (102180755)|HEAP_ALLOCATE|[EXTERNAL]|Bytes:6
15:08:38.4 (102228027)|STATEMENT_EXECUTE|[1]
15:08:38.4 (102233261)|HEAP_ALLOCATE|[EXTERNAL]|Bytes:5
15:08:38.4 (102235776)|STATEMENT_EXECUTE|[6]
15:08:38.4 (102237339)|STATEMENT_EXECUTE|[8]
15:08:38.4 (102238513)|STATEMENT_EXECUTE|[10]
15:08:38.4 (102239849)|STATEMENT_EXECUTE|[12]
15:08:38.4 (102240981)|STATEMENT_EXECUTE|[14]
15:08:38.4 (102242109)|STATEMENT_EXECUTE|[16]
15:08:38.4 (102249091)|CONSTRUCTOR_EXIT|[199]|01pB0000000lA1s|<init>()
15:08:38.4 (102253309)|VARIABLE_SCOPE_BEGIN|[199]|i|testautonumdata.InterviewsLCServerController|true|false
15:08:38.4 (102291138)|VARIABLE_ASSIGNMENT|[199]|i|{}|0x3de61a03
15:08:38.4 (102294757)|STATEMENT_EXECUTE|[202]
15:08:38.4 (102298672)|HEAP_ALLOCATE|[202]|Bytes:2
15:08:38.4 (102326639)|ENTERING_MANAGED_PKG|
15:08:38.4 (102381507)|HEAP_ALLOCATE|[202]|Bytes:4
15:08:38.4 (102403897)|ENTERING_MANAGED_PKG|
15:08:38.4 (102408371)|HEAP_ALLOCATE|[202]|Bytes:18
15:08:38.4 (102460758)|VARIABLE_ASSIGNMENT|[EXTERNAL]|this|{}|0x3de61a03
15:08:38.4 (102470360)|VARIABLE_ASSIGNMENT|[EXTERNAL]|value|"a0NB0000000TaTOMA0"
15:08:38.4 (102489872)|VARIABLE_ASSIGNMENT|[6]|this.recordID|"a0NB0000000TaTOMA0"|0x3de61a03
15:08:38.4 (102498732)|STATEMENT_EXECUTE|[204]
15:08:38.4 (102500532)|STATEMENT_EXECUTE|[205]
15:08:38.4 (102511914)|METHOD_ENTRY|[205]|01pB0000000lA1s|testautonumdata.InterviewsLCServerController.GetSobjectField(SObject, String)
15:08:38.4 (102527782)|VARIABLE_SCOPE_BEGIN|[241]|e|SObject|true|false
15:08:38.4 (102555261)|VARIABLE_ASSIGNMENT|[241]|e|{"s":1,"v":{"Id":"a0NB0000000TaTOMA0","testautonumdata__Can (9 more) ...":"a0MB0000000cQXFMA2","testautonumdata__Dat (4 more) ...":"11/9/2016","testautonumdata__Int (14 more) ...":"Technical Interview","testautonumdata__Can (9 more) ...":{"s":2,"v":{"testautonumdata__Ful (9 more) ...":"Rodrigo Reboucas","testautonumdata__Pos (8 more) ...":"a0LB0000000seqpMAA","Id":"a0MB0000000cQXFMA2","testautonumdata__Pos (8 more) ...":{"s":3,"v":{"Name":"Architect - Force.co (1 more) ...","Id":"a0LB0000000seqpMAA"}}}}}}|0x28806635
15:08:38.4 (102561143)|VARIABLE_SCOPE_BEGIN|[241]|lcfield|String|false|false
15:08:38.4 (102568059)|VARIABLE_ASSIGNMENT|[241]|lcfield|"testautonumdata__Can (9 more) ..."
15:08:38.4 (102577479)|HEAP_ALLOCATE|[244]|Bytes:5
15:08:38.4 (102581389)|STATEMENT_EXECUTE|[242]
15:08:38.4 (102583079)|STATEMENT_EXECUTE|[244]
15:08:38.4 (102588384)|VARIABLE_SCOPE_BEGIN|[244]|returnValue|String|false|false
15:08:38.4 (102595642)|VARIABLE_ASSIGNMENT|[244]|returnValue|""
15:08:38.4 (102614506)|ENTERING_MANAGED_PKG|
15:08:38.4 (102643027)|STATEMENT_EXECUTE|[261]
15:08:38.4 (102656144)|ENTERING_MANAGED_PKG|
15:08:38.4 (102699552)|HEAP_ALLOCATE|[261]|Bytes:4
15:08:38.4 (102720746)|ENTERING_MANAGED_PKG|
15:08:38.4 (102724887)|HEAP_ALLOCATE|[261]|Bytes:18
15:08:38.4 (102740701)|VARIABLE_ASSIGNMENT|[261]|returnValue|"a0MB0000000cQXFMA2"
15:08:38.4 (102744182)|STATEMENT_EXECUTE|[263]
15:08:38.4 (102753407)|METHOD_EXIT|[205]|01pB0000000lA1s|testautonumdata.InterviewsLCServerController.GetSobjectField(SObject, String)
15:08:38.4 (102801872)|VARIABLE_ASSIGNMENT|[EXTERNAL]|this|{"recordID":"a0NB0000000TaTOMA0"}|0x3de61a03
15:08:38.4 (102810009)|VARIABLE_ASSIGNMENT|[EXTERNAL]|value|"a0MB0000000cQXFMA2"
15:08:38.4 (102821158)|VARIABLE_ASSIGNMENT|[8]|this.eventField|"a0MB0000000cQXFMA2"|0x3de61a03
15:08:38.4 (102829472)|STATEMENT_EXECUTE|[208]
15:08:38.4 (102830866)|STATEMENT_EXECUTE|[209]
15:08:38.4 (102837299)|METHOD_ENTRY|[209]|01pB0000000lA1s|testautonumdata.InterviewsLCServerController.GetSobjectField(SObject, String)
15:08:38.4 (102853558)|VARIABLE_SCOPE_BEGIN|[241]|e|SObject|true|false
15:08:38.4 (102880489)|VARIABLE_ASSIGNMENT|[241]|e|{"s":1,"v":{"Id":"a0NB0000000TaTOMA0","testautonumdata__Can (9 more) ...":"a0MB0000000cQXFMA2","testautonumdata__Dat (4 more) ...":"11/9/2016","testautonumdata__Int (14 more) ...":"Technical Interview","testautonumdata__Can (9 more) ...":{"s":2,"v":{"testautonumdata__Ful (9 more) ...":"Rodrigo Reboucas","testautonumdata__Pos (8 more) ...":"a0LB0000000seqpMAA","Id":"a0MB0000000cQXFMA2","testautonumdata__Pos (8 more) ...":{"s":3,"v":{"Name":"Architect - Force.co (1 more) ...","Id":"a0LB0000000seqpMAA"}}}}}}|0x28806635
15:08:38.4 (102886477)|VARIABLE_SCOPE_BEGIN|[241]|lcfield|String|false|false
15:08:38.4 (102892967)|VARIABLE_ASSIGNMENT|[241]|lcfield|"testautonumdata__Can (39 more) ..."
15:08:38.4 (102900792)|HEAP_ALLOCATE|[244]|Bytes:5
15:08:38.4 (102904345)|STATEMENT_EXECUTE|[242]
15:08:38.4 (102905466)|STATEMENT_EXECUTE|[244]
15:08:38.4 (102909249)|VARIABLE_SCOPE_BEGIN|[244]|returnValue|String|false|false
15:08:38.4 (102915438)|VARIABLE_ASSIGNMENT|[244]|returnValue|""
15:08:38.4 (102931915)|ENTERING_MANAGED_PKG|
15:08:38.4 (102941061)|STATEMENT_EXECUTE|[247]
15:08:38.4 (102942691)|STATEMENT_EXECUTE|[248]
15:08:38.4 (102952040)|ENTERING_MANAGED_PKG|
15:08:38.4 (102970483)|HEAP_ALLOCATE|[248]|Bytes:29
15:08:38.4 (102981565)|VARIABLE_SCOPE_BEGIN|[248]|relName|String|false|false
15:08:38.4 (102992807)|VARIABLE_ASSIGNMENT|[248]|relName|"testautonumdata__Can (9 more) ..."
15:08:38.4 (102995626)|STATEMENT_EXECUTE|[249]
15:08:38.4 (103010239)|ENTERING_MANAGED_PKG|
15:08:38.4 (103029034)|HEAP_ALLOCATE|[249]|Bytes:29
15:08:38.4 (103040310)|VARIABLE_SCOPE_BEGIN|[249]|relField|String|false|false
15:08:38.4 (103051519)|VARIABLE_ASSIGNMENT|[249]|relField|"testautonumdata__Ful (9 more) ..."
15:08:38.4 (103066315)|ENTERING_MANAGED_PKG|
15:08:38.4 (103088544)|STATEMENT_EXECUTE|[257]
15:08:38.4 (103105359)|ENTERING_MANAGED_PKG|
15:08:38.4 (103166846)|HEAP_ALLOCATE|[257]|Bytes:20
15:08:38.4 (103189021)|ENTERING_MANAGED_PKG|
15:08:38.4 (103215429)|HEAP_ALLOCATE|[257]|Bytes:16
15:08:38.4 (103234807)|ENTERING_MANAGED_PKG|
15:08:38.4 (103238576)|HEAP_ALLOCATE|[257]|Bytes:16
15:08:38.4 (103254085)|VARIABLE_ASSIGNMENT|[257]|returnValue|"Rodrigo Reboucas"
15:08:38.4 (103257536)|STATEMENT_EXECUTE|[263]
15:08:38.4 (103265497)|METHOD_EXIT|[209]|01pB0000000lA1s|testautonumdata.InterviewsLCServerController.GetSobjectField(SObject, String)
15:08:38.4 (103315636)|VARIABLE_ASSIGNMENT|[EXTERNAL]|this|{"eventField":"a0MB0000000cQXFMA2","recordID":"a0NB0000000TaTOMA0"}|0x3de61a03
15:08:38.4 (103323991)|VARIABLE_ASSIGNMENT|[EXTERNAL]|value|"Rodrigo Reboucas"
15:08:38.4 (103335095)|VARIABLE_ASSIGNMENT|[10]|this.column1|"Rodrigo Reboucas"|0x3de61a03
15:08:38.4 (103342914)|STATEMENT_EXECUTE|[212]
15:08:38.4 (103344677)|STATEMENT_EXECUTE|[213]
15:08:38.4 (103350694)|METHOD_ENTRY|[213]|01pB0000000lA1s|testautonumdata.InterviewsLCServerController.GetSobjectField(SObject, String)
15:08:38.4 (103369218)|VARIABLE_SCOPE_BEGIN|[241]|e|SObject|true|false
15:08:38.4 (103395844)|VARIABLE_ASSIGNMENT|[241]|e|{"s":1,"v":{"Id":"a0NB0000000TaTOMA0","testautonumdata__Can (9 more) ...":"a0MB0000000cQXFMA2","testautonumdata__Dat (4 more) ...":"11/9/2016","testautonumdata__Int (14 more) ...":"Technical Interview","testautonumdata__Can (9 more) ...":{"s":2,"v":{"testautonumdata__Ful (9 more) ...":"Rodrigo Reboucas","testautonumdata__Pos (8 more) ...":"a0LB0000000seqpMAA","Id":"a0MB0000000cQXFMA2","testautonumdata__Pos (8 more) ...":{"s":3,"v":{"Name":"Architect - Force.co (1 more) ...","Id":"a0LB0000000seqpMAA"}}}}}}|0x28806635
15:08:38.4 (103402209)|VARIABLE_SCOPE_BEGIN|[241]|lcfield|String|false|false
15:08:38.4 (103408725)|VARIABLE_ASSIGNMENT|[241]|lcfield|"testautonumdata__Can (43 more) ..."
15:08:38.4 (103416624)|HEAP_ALLOCATE|[244]|Bytes:5
15:08:38.4 (103420237)|STATEMENT_EXECUTE|[242]
15:08:38.4 (103421383)|STATEMENT_EXECUTE|[244]
15:08:38.4 (103425123)|VARIABLE_SCOPE_BEGIN|[244]|returnValue|String|false|false
15:08:38.4 (103431326)|VARIABLE_ASSIGNMENT|[244]|returnValue|""
15:08:38.4 (103447460)|ENTERING_MANAGED_PKG|
15:08:38.4 (103456087)|STATEMENT_EXECUTE|[247]
15:08:38.4 (103457541)|STATEMENT_EXECUTE|[248]
15:08:38.4 (103464956)|ENTERING_MANAGED_PKG|
15:08:38.4 (103468533)|HEAP_ALLOCATE|[248]|Bytes:29
15:08:38.4 (103476490)|VARIABLE_SCOPE_BEGIN|[248]|relName|String|false|false
15:08:38.4 (103486637)|VARIABLE_ASSIGNMENT|[248]|relName|"testautonumdata__Can (9 more) ..."
15:08:38.4 (103489217)|STATEMENT_EXECUTE|[249]
15:08:38.4 (103499655)|ENTERING_MANAGED_PKG|
15:08:38.4 (103503287)|HEAP_ALLOCATE|[249]|Bytes:33
15:08:38.4 (103511509)|VARIABLE_SCOPE_BEGIN|[249]|relField|String|false|false
15:08:38.4 (103520405)|VARIABLE_ASSIGNMENT|[249]|relField|"testautonumdata__Pos (13 more) ..."
15:08:38.4 (103531337)|ENTERING_MANAGED_PKG|
15:08:38.4 (103538837)|STATEMENT_EXECUTE|[251]
15:08:38.4 (103540242)|STATEMENT_EXECUTE|[252]
15:08:38.4 (103548508)|ENTERING_MANAGED_PKG|
15:08:38.4 (103564851)|HEAP_ALLOCATE|[252]|Bytes:28
15:08:38.4 (103575486)|VARIABLE_SCOPE_BEGIN|[252]|relName2|String|false|false
15:08:38.4 (103585573)|VARIABLE_ASSIGNMENT|[252]|relName2|"testautonumdata__Pos (8 more) ..."
15:08:38.4 (103588200)|STATEMENT_EXECUTE|[253]
15:08:38.4 (103601938)|ENTERING_MANAGED_PKG|
15:08:38.4 (103617257)|HEAP_ALLOCATE|[253]|Bytes:4
15:08:38.4 (103628099)|VARIABLE_SCOPE_BEGIN|[253]|relField2|String|false|false
15:08:38.4 (103637966)|VARIABLE_ASSIGNMENT|[253]|relField2|"Name"
15:08:38.4 (103640534)|STATEMENT_EXECUTE|[254]
15:08:38.4 (103654082)|ENTERING_MANAGED_PKG|
15:08:38.4 (103698511)|HEAP_ALLOCATE|[254]|Bytes:20
15:08:38.4 (103720489)|ENTERING_MANAGED_PKG|
15:08:38.4 (103757571)|HEAP_ALLOCATE|[254]|Bytes:12
15:08:38.4 (103777815)|ENTERING_MANAGED_PKG|
15:08:38.4 (103801676)|HEAP_ALLOCATE|[254]|Bytes:21
15:08:38.4 (103820659)|ENTERING_MANAGED_PKG|
15:08:38.4 (103824211)|HEAP_ALLOCATE|[254]|Bytes:21
15:08:38.4 (103840501)|VARIABLE_ASSIGNMENT|[254]|returnValue|"Architect - Force.co (1 more) ..."
15:08:38.4 (103843967)|STATEMENT_EXECUTE|[263]
15:08:38.4 (103852046)|METHOD_EXIT|[213]|01pB0000000lA1s|testautonumdata.InterviewsLCServerController.GetSobjectField(SObject, String)
15:08:38.4 (103901670)|VARIABLE_ASSIGNMENT|[EXTERNAL]|this|{"column1":"Rodrigo Reboucas","eventField":"a0MB0000000cQXFMA2","recordID":"a0NB0000000TaTOMA0"}|0x3de61a03
15:08:38.4 (103910786)|VARIABLE_ASSIGNMENT|[EXTERNAL]|value|"Architect - Force.co (1 more) ..."
15:08:38.4 (103922545)|VARIABLE_ASSIGNMENT|[12]|this.column2|"Architect - Force.co (1 more) ..."|0x3de61a03
15:08:38.4 (103930578)|STATEMENT_EXECUTE|[217]
15:08:38.4 (103932218)|STATEMENT_EXECUTE|[218]
15:08:38.4 (103938218)|METHOD_ENTRY|[218]|01pB0000000lA1s|testautonumdata.InterviewsLCServerController.GetSobjectField(SObject, String)
15:08:38.4 (103950993)|VARIABLE_SCOPE_BEGIN|[241]|e|SObject|true|false
15:08:38.4 (103976468)|VARIABLE_ASSIGNMENT|[241]|e|{"s":1,"v":{"Id":"a0NB0000000TaTOMA0","testautonumdata__Can (9 more) ...":"a0MB0000000cQXFMA2","testautonumdata__Dat (4 more) ...":"11/9/2016","testautonumdata__Int (14 more) ...":"Technical Interview","testautonumdata__Can (9 more) ...":{"s":2,"v":{"testautonumdata__Ful (9 more) ...":"Rodrigo Reboucas","testautonumdata__Pos (8 more) ...":"a0LB0000000seqpMAA","Id":"a0MB0000000cQXFMA2","testautonumdata__Pos (8 more) ...":{"s":3,"v":{"Name":"Architect - Force.co (1 more) ...","Id":"a0LB0000000seqpMAA"}}}}}}|0x28806635
15:08:38.4 (103981738)|VARIABLE_SCOPE_BEGIN|[241]|lcfield|String|false|false
15:08:38.4 (103987813)|VARIABLE_ASSIGNMENT|[241]|lcfield|"testautonumdata__Dat (4 more) ..."
15:08:38.4 (103995181)|HEAP_ALLOCATE|[244]|Bytes:5
15:08:38.4 (103998630)|STATEMENT_EXECUTE|[242]
15:08:38.4 (104000530)|STATEMENT_EXECUTE|[244]
15:08:38.4 (104005341)|VARIABLE_SCOPE_BEGIN|[244]|returnValue|String|false|false
15:08:38.4 (104011900)|VARIABLE_ASSIGNMENT|[244]|returnValue|""
15:08:38.4 (104027954)|ENTERING_MANAGED_PKG|
15:08:38.4 (104036704)|STATEMENT_EXECUTE|[261]
15:08:38.4 (104044660)|ENTERING_MANAGED_PKG|
15:08:38.4 (104066174)|HEAP_ALLOCATE|[261]|Bytes:9
15:08:38.4 (104083385)|ENTERING_MANAGED_PKG|
15:08:38.4 (104087231)|HEAP_ALLOCATE|[261]|Bytes:9
15:08:38.4 (104101797)|VARIABLE_ASSIGNMENT|[261]|returnValue|"11/9/2016"
15:08:38.4 (104104717)|STATEMENT_EXECUTE|[263]
15:08:38.4 (104112192)|METHOD_EXIT|[218]|01pB0000000lA1s|testautonumdata.InterviewsLCServerController.GetSobjectField(SObject, String)
15:08:38.4 (104162110)|VARIABLE_ASSIGNMENT|[EXTERNAL]|this|{"column1":"Rodrigo Reboucas","column2":"Architect - Force.co (1 more) ...","eventField":"a0MB0000000cQXFMA2","recordID":"a0NB0000000TaTOMA0"}|0x3de61a03
15:08:38.4 (104170736)|VARIABLE_ASSIGNMENT|[EXTERNAL]|value|"11/9/2016"
15:08:38.4 (104181634)|VARIABLE_ASSIGNMENT|[14]|this.column3|"11/9/2016"|0x3de61a03
15:08:38.4 (104189346)|STATEMENT_EXECUTE|[222]
15:08:38.4 (104191027)|STATEMENT_EXECUTE|[223]
15:08:38.4 (104196912)|METHOD_ENTRY|[223]|01pB0000000lA1s|testautonumdata.InterviewsLCServerController.GetSobjectField(SObject, String)
15:08:38.4 (104209195)|VARIABLE_SCOPE_BEGIN|[241]|e|SObject|true|false
15:08:38.4 (104234578)|VARIABLE_ASSIGNMENT|[241]|e|{"s":1,"v":{"Id":"a0NB0000000TaTOMA0","testautonumdata__Can (9 more) ...":"a0MB0000000cQXFMA2","testautonumdata__Dat (4 more) ...":"11/9/2016","testautonumdata__Int (14 more) ...":"Technical Interview","testautonumdata__Can (9 more) ...":{"s":2,"v":{"testautonumdata__Ful (9 more) ...":"Rodrigo Reboucas","testautonumdata__Pos (8 more) ...":"a0LB0000000seqpMAA","Id":"a0MB0000000cQXFMA2","testautonumdata__Pos (8 more) ...":{"s":3,"v":{"Name":"Architect - Force.co (1 more) ...","Id":"a0LB0000000seqpMAA"}}}}}}|0x28806635
15:08:38.4 (104239961)|VARIABLE_SCOPE_BEGIN|[241]|lcfield|String|false|false
15:08:38.4 (104246224)|VARIABLE_ASSIGNMENT|[241]|lcfield|"testautonumdata__Int (14 more) ..."
15:08:38.4 (104253577)|HEAP_ALLOCATE|[244]|Bytes:5
15:08:38.4 (104256984)|STATEMENT_EXECUTE|[242]
15:08:38.4 (104258135)|STATEMENT_EXECUTE|[244]
15:08:38.4 (104261705)|VARIABLE_SCOPE_BEGIN|[244]|returnValue|String|false|false
15:08:38.4 (104268005)|VARIABLE_ASSIGNMENT|[244]|returnValue|""
15:08:38.4 (104283943)|ENTERING_MANAGED_PKG|
15:08:38.4 (104292397)|STATEMENT_EXECUTE|[261]
15:08:38.4 (104300339)|ENTERING_MANAGED_PKG|
15:08:38.4 (104321354)|HEAP_ALLOCATE|[261]|Bytes:19
15:08:38.4 (104338582)|ENTERING_MANAGED_PKG|
15:08:38.4 (104342378)|HEAP_ALLOCATE|[261]|Bytes:19
15:08:38.4 (104361914)|VARIABLE_ASSIGNMENT|[261]|returnValue|"Technical Interview"
15:08:38.4 (104365244)|STATEMENT_EXECUTE|[263]
15:08:38.4 (104372997)|METHOD_EXIT|[223]|01pB0000000lA1s|testautonumdata.InterviewsLCServerController.GetSobjectField(SObject, String)
15:08:38.4 (104422652)|VARIABLE_ASSIGNMENT|[EXTERNAL]|this|{"column1":"Rodrigo Reboucas","column2":"Architect - Force.co (1 more) ...","column3":"11/9/2016","eventField":"a0MB0000000cQXFMA2","recordID":"a0NB0000000TaTOMA0"}|0x3de61a03
15:08:38.4 (104431639)|VARIABLE_ASSIGNMENT|[EXTERNAL]|value|"Technical Interview"
15:08:38.4 (104442473)|VARIABLE_ASSIGNMENT|[16]|this.column4|"Technical Interview"|0x3de61a03
15:08:38.4 (104450005)|STATEMENT_EXECUTE|[227]
15:08:38.4 (104465717)|ENTERING_MANAGED_PKG|
15:08:38.4 (104489826)|HEAP_ALLOCATE|[EXTERNAL]|Bytes:4
15:08:38.4 (104498065)|STATEMENT_EXECUTE|[229]
15:08:38.4 (104502193)|HEAP_ALLOCATE|[229]|Bytes:12
15:08:38.4 (104517724)|ENTERING_MANAGED_PKG|
15:08:38.4 (104594343)|HEAP_ALLOCATE|[229]|Bytes:470
15:08:38.4 (104610856)|HEAP_ALLOCATE|[229]|Bytes:482
15:08:38.4 (104624413)|ENTERING_MANAGED_PKG|
15:08:38.4 (104632185)|USER_DEBUG|[229]|DEBUG|######## i: InterviewsLCServerController:[column1=Rodrigo Reboucas, column2=Architect - Force.com, column3=11/9/2016, column4=Technical Interview, eventField=a0MB0000000cQXFMA2, mapObjectsFields={testautonumdata__Candidate__c={testautonumdata__Full_Name__c}, testautonumdata__Interview__c={Id, testautonumdata__Candidate__c, testautonumdata__Date__c, testautonumdata__Interview_Type__c, testautonumdata__Status__c}, testautonumdata__Position__c={Name}}, recordID=a0NB0000000TaTOMA0]
15:08:38.4 (104648565)|HEAP_ALLOCATE|[196]|Bytes:5
15:08:38.4 (104675217)|HEAP_ALLOCATE|[196]|Bytes:24
15:08:38.4 (104687491)|VARIABLE_SCOPE_BEGIN|[196]|e|SObject|true|false
15:08:38.4 (104717655)|VARIABLE_ASSIGNMENT|[196]|e|{"s":1,"v":{"Id":"a0NB0000000RasPMAS","testautonumdata__Can (9 more) ...":"a0MB0000000cQdIMAU","testautonumdata__Dat (4 more) ...":"10/26/2016","testautonumdata__Int (14 more) ...":"Recruiter Interview","testautonumdata__Can (9 more) ...":{"s":2,"v":{"testautonumdata__Ful (9 more) ...":"Lizz Brooks","testautonumdata__Pos (8 more) ...":"a0LB0000000sexWMAQ","Id":"a0MB0000000cQdIMAU","testautonumdata__Pos (8 more) ...":{"s":3,"v":{"Name":"Project Coordinator","Id":"a0LB0000000sexWMAQ"}}}}}}|0x90f9803
15:08:38.4 (104723614)|STATEMENT_EXECUTE|[197]
15:08:38.4 (104724751)|STATEMENT_EXECUTE|[198]
15:08:38.4 (104740287)|ENTERING_MANAGED_PKG|
15:08:38.4 (104780788)|HEAP_ALLOCATE|[198]|Bytes:196
15:08:38.4 (104809317)|HEAP_ALLOCATE|[198]|Bytes:208
15:08:38.4 (104819915)|ENTERING_MANAGED_PKG|
15:08:38.4 (104827275)|USER_DEBUG|[198]|DEBUG|######## e: testautonumdata__Interview__c:{Id=a0NB0000000RasPMAS, testautonumdata__Candidate__c=a0MB0000000cQdIMAU, testautonumdata__Date__c=10/26/2016, testautonumdata__Interview_Type__c=Recruiter Interview}
15:08:38.4 (104834575)|STATEMENT_EXECUTE|[199]
15:08:38.4 (104839469)|HEAP_ALLOCATE|[199]|Bytes:28
15:08:38.4 (104847202)|CONSTRUCTOR_ENTRY|[199]|01pB0000000lA1s|<init>()
15:08:38.4 (104851486)|VARIABLE_SCOPE_BEGIN|[1]|this|testautonumdata.InterviewsLCServerController|true|false
15:08:38.4 (104888975)|VARIABLE_ASSIGNMENT|[1]|this|{}|0x792cff10
15:08:38.4 (104896560)|HEAP_ALLOCATE|[EXTERNAL]|Bytes:5
15:08:38.4 (104912446)|STATEMENT_EXECUTE|[1]
15:08:38.4 (104915777)|HEAP_ALLOCATE|[EXTERNAL]|Bytes:5
15:08:38.4 (104917851)|STATEMENT_EXECUTE|[6]
15:08:38.4 (104919181)|STATEMENT_EXECUTE|[8]
15:08:38.4 (104920089)|STATEMENT_EXECUTE|[10]
15:08:38.4 (104921140)|STATEMENT_EXECUTE|[12]
15:08:38.4 (104922051)|STATEMENT_EXECUTE|[14]
15:08:38.4 (104922945)|STATEMENT_EXECUTE|[16]
15:08:38.4 (104927591)|CONSTRUCTOR_EXIT|[199]|01pB0000000lA1s|<init>()
15:08:38.4 (104931378)|VARIABLE_SCOPE_BEGIN|[199]|i|testautonumdata.InterviewsLCServerController|true|false
15:08:38.4 (104965336)|VARIABLE_ASSIGNMENT|[199]|i|{}|0x792cff10
15:08:38.4 (104968764)|STATEMENT_EXECUTE|[202]
15:08:38.4 (104986395)|ENTERING_MANAGED_PKG|
15:08:38.4 (105007143)|HEAP_ALLOCATE|[202]|Bytes:4
15:08:38.4 (105026147)|ENTERING_MANAGED_PKG|
15:08:38.4 (105041177)|HEAP_ALLOCATE|[202]|Bytes:18
15:08:38.4 (105088779)|VARIABLE_ASSIGNMENT|[EXTERNAL]|this|{}|0x792cff10
15:08:38.4 (105097729)|VARIABLE_ASSIGNMENT|[EXTERNAL]|value|"a0NB0000000RasPMAS"
15:08:38.4 (105108677)|VARIABLE_ASSIGNMENT|[6]|this.recordID|"a0NB0000000RasPMAS"|0x792cff10
15:08:38.4 (105116203)|STATEMENT_EXECUTE|[204]
15:08:38.4 (105117611)|STATEMENT_EXECUTE|[205]
15:08:38.4 (105122538)|METHOD_ENTRY|[205]|01pB0000000lA1s|testautonumdata.InterviewsLCServerController.GetSobjectField(SObject, String)
15:08:38.4 (105126726)|VARIABLE_SCOPE_BEGIN|[241]|e|SObject|true|false
15:08:38.4 (105150812)|VARIABLE_ASSIGNMENT|[241]|e|{"s":1,"v":{"Id":"a0NB0000000RasPMAS","testautonumdata__Can (9 more) ...":"a0MB0000000cQdIMAU","testautonumdata__Dat (4 more) ...":"10/26/2016","testautonumdata__Int (14 more) ...":"Recruiter Interview","testautonumdata__Can (9 more) ...":{"s":2,"v":{"testautonumdata__Ful (9 more) ...":"Lizz Brooks","testautonumdata__Pos (8 more) ...":"a0LB0000000sexWMAQ","Id":"a0MB0000000cQdIMAU","testautonumdata__Pos (8 more) ...":{"s":3,"v":{"Name":"Project Coordinator","Id":"a0LB0000000sexWMAQ"}}}}}}|0x90f9803
15:08:38.4 (105156165)|VARIABLE_SCOPE_BEGIN|[241]|lcfield|String|false|false
15:08:38.4 (105161863)|VARIABLE_ASSIGNMENT|[241]|lcfield|"testautonumdata__Can (9 more) ..."
15:08:38.4 (105169132)|HEAP_ALLOCATE|[244]|Bytes:5
15:08:38.4 (105172408)|STATEMENT_EXECUTE|[242]
15:08:38.4 (105173598)|STATEMENT_EXECUTE|[244]
15:08:38.4 (105177042)|VARIABLE_SCOPE_BEGIN|[244]|returnValue|String|false|false
15:08:38.4 (105183231)|VARIABLE_ASSIGNMENT|[244]|returnValue|""
15:08:38.4 (105199164)|ENTERING_MANAGED_PKG|
15:08:38.4 (105207858)|STATEMENT_EXECUTE|[261]
15:08:38.4 (105215823)|ENTERING_MANAGED_PKG|
15:08:38.4 (105241494)|HEAP_ALLOCATE|[261]|Bytes:4
15:08:38.4 (105259351)|ENTERING_MANAGED_PKG|
15:08:38.4 (105263273)|HEAP_ALLOCATE|[261]|Bytes:18
15:08:38.4 (105278528)|VARIABLE_ASSIGNMENT|[261]|returnValue|"a0MB0000000cQdIMAU"
15:08:38.4 (105281537)|STATEMENT_EXECUTE|[263]
15:08:38.4 (105289714)|METHOD_EXIT|[205]|01pB0000000lA1s|testautonumdata.InterviewsLCServerController.GetSobjectField(SObject, String)
15:08:38.4 (105342989)|VARIABLE_ASSIGNMENT|[EXTERNAL]|this|{"recordID":"a0NB0000000RasPMAS"}|0x792cff10
15:08:38.4 (105351191)|VARIABLE_ASSIGNMENT|[EXTERNAL]|value|"a0MB0000000cQdIMAU"
15:08:38.4 (105366306)|VARIABLE_ASSIGNMENT|[8]|this.eventField|"a0MB0000000cQdIMAU"|0x792cff10
15:08:38.4 (105374650)|STATEMENT_EXECUTE|[208]
15:08:38.4 (105376072)|STATEMENT_EXECUTE|[209]
15:08:38.4 (105381369)|METHOD_ENTRY|[209]|01pB0000000lA1s|testautonumdata.InterviewsLCServerController.GetSobjectField(SObject, String)
15:08:38.4 (105386128)|VARIABLE_SCOPE_BEGIN|[241]|e|SObject|true|false
15:08:38.4 (105410767)|VARIABLE_ASSIGNMENT|[241]|e|{"s":1,"v":{"Id":"a0NB0000000RasPMAS","testautonumdata__Can (9 more) ...":"a0MB0000000cQdIMAU","testautonumdata__Dat (4 more) ...":"10/26/2016","testautonumdata__Int (14 more) ...":"Recruiter Interview","testautonumdata__Can (9 more) ...":{"s":2,"v":{"testautonumdata__Ful (9 more) ...":"Lizz Brooks","testautonumdata__Pos (8 more) ...":"a0LB0000000sexWMAQ","Id":"a0MB0000000cQdIMAU","testautonumdata__Pos (8 more) ...":{"s":3,"v":{"Name":"Project Coordinator","Id":"a0LB0000000sexWMAQ"}}}}}}|0x90f9803
15:08:38.4 (105416327)|VARIABLE_SCOPE_BEGIN|[241]|lcfield|String|false|false
15:08:38.4 (105421972)|VARIABLE_ASSIGNMENT|[241]|lcfield|"testautonumdata__Can (39 more) ..."
15:08:38.4 (105429244)|HEAP_ALLOCATE|[244]|Bytes:5
15:08:38.4 (105432433)|STATEMENT_EXECUTE|[242]
15:08:38.4 (105433584)|STATEMENT_EXECUTE|[244]
15:08:38.4 (105437033)|VARIABLE_SCOPE_BEGIN|[244]|returnValue|String|false|false
15:08:38.4 (105443427)|VARIABLE_ASSIGNMENT|[244]|returnValue|""
15:08:38.4 (105459183)|ENTERING_MANAGED_PKG|
15:08:38.4 (105467838)|STATEMENT_EXECUTE|[247]
15:08:38.4 (105469285)|STATEMENT_EXECUTE|[248]
15:08:38.4 (105476607)|ENTERING_MANAGED_PKG|
15:08:38.4 (105480309)|HEAP_ALLOCATE|[248]|Bytes:29
15:08:38.4 (105488384)|VARIABLE_SCOPE_BEGIN|[248]|relName|String|false|false
15:08:38.4 (105498048)|VARIABLE_ASSIGNMENT|[248]|relName|"testautonumdata__Can (9 more) ..."
15:08:38.4 (105500464)|STATEMENT_EXECUTE|[249]
15:08:38.4 (105510909)|ENTERING_MANAGED_PKG|
15:08:38.4 (105514497)|HEAP_ALLOCATE|[249]|Bytes:29
15:08:38.4 (105534393)|VARIABLE_SCOPE_BEGIN|[249]|relField|String|false|false
15:08:38.4 (105545905)|VARIABLE_ASSIGNMENT|[249]|relField|"testautonumdata__Ful (9 more) ..."
15:08:38.4 (105558623)|ENTERING_MANAGED_PKG|
15:08:38.4 (105566580)|STATEMENT_EXECUTE|[257]
15:08:38.4 (105574496)|ENTERING_MANAGED_PKG|
15:08:38.4 (105613736)|HEAP_ALLOCATE|[257]|Bytes:20
15:08:38.4 (105633722)|ENTERING_MANAGED_PKG|
15:08:38.4 (105659151)|HEAP_ALLOCATE|[257]|Bytes:11
15:08:38.4 (105676876)|ENTERING_MANAGED_PKG|
15:08:38.4 (105680604)|HEAP_ALLOCATE|[257]|Bytes:11
15:08:38.4 (105695798)|VARIABLE_ASSIGNMENT|[257]|returnValue|"Lizz Brooks"
15:08:38.4 (105699018)|STATEMENT_EXECUTE|[263]
15:08:38.4 (105706859)|METHOD_EXIT|[209]|01pB0000000lA1s|testautonumdata.InterviewsLCServerController.GetSobjectField(SObject, String)
15:08:38.4 (105947061)|VARIABLE_ASSIGNMENT|[EXTERNAL]|this|{"eventField":"a0MB0000000cQdIMAU","recordID":"a0NB0000000RasPMAS"}|0x792cff10
15:08:38.4 (105956515)|VARIABLE_ASSIGNMENT|[EXTERNAL]|value|"Lizz Brooks"
15:08:38.4 (105967427)|VARIABLE_ASSIGNMENT|[10]|this.column1|"Lizz Brooks"|0x792cff10
15:08:38.4 (105975831)|STATEMENT_EXECUTE|[212]
15:08:38.4 (105977206)|STATEMENT_EXECUTE|[213]
15:08:38.4 (105982548)|METHOD_ENTRY|[213]|01pB0000000lA1s|testautonumdata.InterviewsLCServerController.GetSobjectField(SObject, String)
15:08:38.4 (105986745)|VARIABLE_SCOPE_BEGIN|[241]|e|SObject|true|false
15:08:38.4 (106020822)|VARIABLE_ASSIGNMENT|[241]|e|{"s":1,"v":{"Id":"a0NB0000000RasPMAS","testautonumdata__Can (9 more) ...":"a0MB0000000cQdIMAU","testautonumdata__Dat (4 more) ...":"10/26/2016","testautonumdata__Int (14 more) ...":"Recruiter Interview","testautonumdata__Can (9 more) ...":{"s":2,"v":{"testautonumdata__Ful (9 more) ...":"Lizz Brooks","testautonumdata__Pos (8 more) ...":"a0LB0000000sexWMAQ","Id":"a0MB0000000cQdIMAU","testautonumdata__Pos (8 more) ...":{"s":3,"v":{"Name":"Project Coordinator","Id":"a0LB0000000sexWMAQ"}}}}}}|0x90f9803
15:08:38.4 (106027420)|VARIABLE_SCOPE_BEGIN|[241]|lcfield|String|false|false
15:08:38.4 (106033964)|VARIABLE_ASSIGNMENT|[241]|lcfield|"testautonumdata__Can (43 more) ..."
15:08:38.4 (106041853)|HEAP_ALLOCATE|[244]|Bytes:5
15:08:38.4 (106045473)|STATEMENT_EXECUTE|[242]
15:08:38.4 (106046611)|STATEMENT_EXECUTE|[244]
15:08:38.4 (106050287)|VARIABLE_SCOPE_BEGIN|[244]|returnValue|String|false|false
15:08:38.4 (106056861)|VARIABLE_ASSIGNMENT|[244]|returnValue|""
15:08:38.4 (106073261)|ENTERING_MANAGED_PKG|
15:08:38.4 (106081945)|STATEMENT_EXECUTE|[247]
15:08:38.4 (106083467)|STATEMENT_EXECUTE|[248]
15:08:38.4 (106090851)|ENTERING_MANAGED_PKG|
15:08:38.4 (106094547)|HEAP_ALLOCATE|[248]|Bytes:29
15:08:38.4 (106102447)|VARIABLE_SCOPE_BEGIN|[248]|relName|String|false|false
15:08:38.4 (106112030)|VARIABLE_ASSIGNMENT|[248]|relName|"testautonumdata__Can (9 more) ..."
15:08:38.4 (106114441)|STATEMENT_EXECUTE|[249]
15:08:38.4 (106124877)|ENTERING_MANAGED_PKG|
15:08:38.4 (106128461)|HEAP_ALLOCATE|[249]|Bytes:33
15:08:38.4 (106136358)|VARIABLE_SCOPE_BEGIN|[249]|relField|String|false|false
15:08:38.4 (106145202)|VARIABLE_ASSIGNMENT|[249]|relField|"testautonumdata__Pos (13 more) ..."
15:08:38.4 (106155731)|ENTERING_MANAGED_PKG|
15:08:38.4 (106163120)|STATEMENT_EXECUTE|[251]
15:08:38.4 (106164436)|STATEMENT_EXECUTE|[252]
15:08:38.4 (106171385)|ENTERING_MANAGED_PKG|
15:08:38.4 (106174376)|HEAP_ALLOCATE|[252]|Bytes:28
15:08:38.4 (106182237)|VARIABLE_SCOPE_BEGIN|[252]|relName2|String|false|false
15:08:38.4 (106191131)|VARIABLE_ASSIGNMENT|[252]|relName2|"testautonumdata__Pos (8 more) ..."
15:08:38.4 (106193585)|STATEMENT_EXECUTE|[253]
15:08:38.4 (106203523)|ENTERING_MANAGED_PKG|
15:08:38.4 (106206962)|HEAP_ALLOCATE|[253]|Bytes:4
15:08:38.4 (106214751)|VARIABLE_SCOPE_BEGIN|[253]|relField2|String|false|false
15:08:38.4 (106222338)|VARIABLE_ASSIGNMENT|[253]|relField2|"Name"
15:08:38.4 (106224750)|STATEMENT_EXECUTE|[254]
15:08:38.4 (106234630)|ENTERING_MANAGED_PKG|
15:08:38.4 (106265927)|HEAP_ALLOCATE|[254]|Bytes:20
15:08:38.4 (106285363)|ENTERING_MANAGED_PKG|
15:08:38.4 (106319620)|HEAP_ALLOCATE|[254]|Bytes:12
15:08:38.4 (106338889)|ENTERING_MANAGED_PKG|
15:08:38.4 (106365953)|HEAP_ALLOCATE|[254]|Bytes:19
15:08:38.4 (106384581)|ENTERING_MANAGED_PKG|
15:08:38.4 (106388415)|HEAP_ALLOCATE|[254]|Bytes:19
15:08:38.4 (106404175)|VARIABLE_ASSIGNMENT|[254]|returnValue|"Project Coordinator"
15:08:38.4 (106407500)|STATEMENT_EXECUTE|[263]
15:08:38.4 (106415722)|METHOD_EXIT|[213]|01pB0000000lA1s|testautonumdata.InterviewsLCServerController.GetSobjectField(SObject, String)
15:08:38.4 (106460166)|VARIABLE_ASSIGNMENT|[EXTERNAL]|this|{"column1":"Lizz Brooks","eventField":"a0MB0000000cQdIMAU","recordID":"a0NB0000000RasPMAS"}|0x792cff10
15:08:38.4 (106468297)|VARIABLE_ASSIGNMENT|[EXTERNAL]|value|"Project Coordinator"
15:08:38.4 (106478478)|VARIABLE_ASSIGNMENT|[12]|this.column2|"Project Coordinator"|0x792cff10
15:08:38.4 (106485883)|STATEMENT_EXECUTE|[217]
15:08:38.4 (106487327)|STATEMENT_EXECUTE|[218]
15:08:38.4 (106491985)|METHOD_ENTRY|[218]|01pB0000000lA1s|testautonumdata.InterviewsLCServerController.GetSobjectField(SObject, String)
15:08:38.4 (106496034)|VARIABLE_SCOPE_BEGIN|[241]|e|SObject|true|false
15:08:38.4 (106520438)|VARIABLE_ASSIGNMENT|[241]|e|{"s":1,"v":{"Id":"a0NB0000000RasPMAS","testautonumdata__Can (9 more) ...":"a0MB0000000cQdIMAU","testautonumdata__Dat (4 more) ...":"10/26/2016","testautonumdata__Int (14 more) ...":"Recruiter Interview","testautonumdata__Can (9 more) ...":{"s":2,"v":{"testautonumdata__Ful (9 more) ...":"Lizz Brooks","testautonumdata__Pos (8 more) ...":"a0LB0000000sexWMAQ","Id":"a0MB0000000cQdIMAU","testautonumdata__Pos (8 more) ...":{"s":3,"v":{"Name":"Project Coordinator","Id":"a0LB0000000sexWMAQ"}}}}}}|0x90f9803
15:08:38.4 (106525541)|VARIABLE_SCOPE_BEGIN|[241]|lcfield|String|false|false
15:08:38.4 (106531374)|VARIABLE_ASSIGNMENT|[241]|lcfield|"testautonumdata__Dat (4 more) ..."
15:08:38.4 (106538810)|HEAP_ALLOCATE|[244]|Bytes:5
15:08:38.4 (106542197)|STATEMENT_EXECUTE|[242]
15:08:38.4 (106543328)|STATEMENT_EXECUTE|[244]
15:08:38.4 (106546778)|VARIABLE_SCOPE_BEGIN|[244]|returnValue|String|false|false
15:08:38.4 (106553046)|VARIABLE_ASSIGNMENT|[244]|returnValue|""
15:08:38.4 (106568662)|ENTERING_MANAGED_PKG|
15:08:38.4 (106577258)|STATEMENT_EXECUTE|[261]
15:08:38.4 (106585281)|ENTERING_MANAGED_PKG|
15:08:38.4 (106606458)|HEAP_ALLOCATE|[261]|Bytes:10
15:08:38.4 (106623582)|ENTERING_MANAGED_PKG|
15:08:38.4 (106627329)|HEAP_ALLOCATE|[261]|Bytes:10
15:08:38.4 (106641862)|VARIABLE_ASSIGNMENT|[261]|returnValue|"10/26/2016"
15:08:38.4 (106644922)|STATEMENT_EXECUTE|[263]
15:08:38.4 (106652546)|METHOD_EXIT|[218]|01pB0000000lA1s|testautonumdata.InterviewsLCServerController.GetSobjectField(SObject, String)
15:08:38.4 (106696287)|VARIABLE_ASSIGNMENT|[EXTERNAL]|this|{"column1":"Lizz Brooks","column2":"Project Coordinator","eventField":"a0MB0000000cQdIMAU","recordID":"a0NB0000000RasPMAS"}|0x792cff10
15:08:38.4 (106704973)|VARIABLE_ASSIGNMENT|[EXTERNAL]|value|"10/26/2016"
15:08:38.4 (106714668)|VARIABLE_ASSIGNMENT|[14]|this.column3|"10/26/2016"|0x792cff10
15:08:38.4 (106721830)|STATEMENT_EXECUTE|[222]
15:08:38.4 (106723334)|STATEMENT_EXECUTE|[223]
15:08:38.4 (106727689)|METHOD_ENTRY|[223]|01pB0000000lA1s|testautonumdata.InterviewsLCServerController.GetSobjectField(SObject, String)
15:08:38.4 (106731420)|VARIABLE_SCOPE_BEGIN|[241]|e|SObject|true|false
15:08:38.4 (106754966)|VARIABLE_ASSIGNMENT|[241]|e|{"s":1,"v":{"Id":"a0NB0000000RasPMAS","testautonumdata__Can (9 more) ...":"a0MB0000000cQdIMAU","testautonumdata__Dat (4 more) ...":"10/26/2016","testautonumdata__Int (14 more) ...":"Recruiter Interview","testautonumdata__Can (9 more) ...":{"s":2,"v":{"testautonumdata__Ful (9 more) ...":"Lizz Brooks","testautonumdata__Pos (8 more) ...":"a0LB0000000sexWMAQ","Id":"a0MB0000000cQdIMAU","testautonumdata__Pos (8 more) ...":{"s":3,"v":{"Name":"Project Coordinator","Id":"a0LB0000000sexWMAQ"}}}}}}|0x90f9803
15:08:38.4 (106760371)|VARIABLE_SCOPE_BEGIN|[241]|lcfield|String|false|false
15:08:38.4 (106766648)|VARIABLE_ASSIGNMENT|[241]|lcfield|"testautonumdata__Int (14 more) ..."
15:08:38.4 (106774005)|HEAP_ALLOCATE|[244]|Bytes:5
15:08:38.4 (106777295)|STATEMENT_EXECUTE|[242]
15:08:38.4 (106778407)|STATEMENT_EXECUTE|[244]
15:08:38.4 (106781799)|VARIABLE_SCOPE_BEGIN|[244]|returnValue|String|false|false
15:08:38.4 (106787846)|VARIABLE_ASSIGNMENT|[244]|returnValue|""
15:08:38.4 (106803432)|ENTERING_MANAGED_PKG|
15:08:38.4 (106811865)|STATEMENT_EXECUTE|[261]
15:08:38.4 (106819762)|ENTERING_MANAGED_PKG|
15:08:38.4 (106840417)|HEAP_ALLOCATE|[261]|Bytes:19
15:08:38.4 (106857246)|ENTERING_MANAGED_PKG|
15:08:38.4 (106861001)|HEAP_ALLOCATE|[261]|Bytes:19
15:08:38.4 (106876009)|VARIABLE_ASSIGNMENT|[261]|returnValue|"Recruiter Interview"
15:08:38.4 (106879969)|STATEMENT_EXECUTE|[263]
15:08:38.4 (106891737)|METHOD_EXIT|[223]|01pB0000000lA1s|testautonumdata.InterviewsLCServerController.GetSobjectField(SObject, String)
15:08:38.4 (106961204)|VARIABLE_ASSIGNMENT|[EXTERNAL]|this|{"column1":"Lizz Brooks","column2":"Project Coordinator","column3":"10/26/2016","eventField":"a0MB0000000cQdIMAU","recordID":"a0NB0000000RasPMAS"}|0x792cff10
15:08:38.4 (106974635)|VARIABLE_ASSIGNMENT|[EXTERNAL]|value|"Recruiter Interview"
15:08:38.4 (106991612)|VARIABLE_ASSIGNMENT|[16]|this.column4|"Recruiter Interview"|0x792cff10
15:08:38.4 (107003209)|STATEMENT_EXECUTE|[227]
15:08:38.4 (107022610)|ENTERING_MANAGED_PKG|
15:08:38.4 (107029317)|HEAP_ALLOCATE|[EXTERNAL]|Bytes:4
15:08:38.4 (107037615)|STATEMENT_EXECUTE|[229]
15:08:38.4 (107054629)|ENTERING_MANAGED_PKG|
15:08:38.4 (107110086)|HEAP_ALLOCATE|[229]|Bytes:464
15:08:38.4 (107134395)|HEAP_ALLOCATE|[229]|Bytes:476
15:08:38.4 (107175170)|ENTERING_MANAGED_PKG|
15:08:38.4 (107187034)|USER_DEBUG|[229]|DEBUG|######## i: InterviewsLCServerController:[column1=Lizz Brooks, column2=Project Coordinator, column3=10/26/2016, column4=Recruiter Interview, eventField=a0MB0000000cQdIMAU, mapObjectsFields={testautonumdata__Candidate__c={testautonumdata__Full_Name__c}, testautonumdata__Interview__c={Id, testautonumdata__Candidate__c, testautonumdata__Date__c, testautonumdata__Interview_Type__c, testautonumdata__Status__c}, testautonumdata__Position__c={Name}}, recordID=a0NB0000000RasPMAS]
15:08:38.4 (107212105)|HEAP_ALLOCATE|[196]|Bytes:5
15:08:38.4 (107236635)|VARIABLE_ASSIGNMENT|[196]|e|null|
15:08:38.4 (107243830)|STATEMENT_EXECUTE|[234]
15:08:38.4 (107250243)|HEAP_ALLOCATE|[234]|Bytes:27
15:08:38.4 (107277028)|ENTERING_MANAGED_PKG|
15:08:38.4 (107402297)|HEAP_ALLOCATE|[234]|Bytes:697
15:08:38.4 (107420821)|HEAP_ALLOCATE|[234]|Bytes:724
15:08:38.4 (107434440)|ENTERING_MANAGED_PKG|
15:08:38.4 (107441999)|USER_DEBUG|[234]|DEBUG|######## lstReturnRecords: (InterviewsLCServerController:[column1=Rodrigo Reboucas, column2=Architect - Force.com, column3=11/9/2016, column4=Technical Interview, eventField=a0MB0000000cQXFMA2, mapObjectsFields={testautonumdata__Candidate__c={testautonumdata__Full_Name__c}, testautonumdata__Interview__c={Id, testautonumdata__Candidate__c, testautonumdata__Date__c, testautonumdata__Interview_Type__c, testautonumdata__Status__c}, testautonumdata__Position__c={Name}}, recordID=a0NB0000000TaTOMA0], InterviewsLCServerController:[column1=Lizz Brooks, column2=Project Coordinator, column3=10/26/2016, column4=Recruiter Interview, eventField=a0MB0000000cQdIMAU, mapObjectsFields=(already output), recordID=a0NB0000000RasPMAS])
15:08:38.4 (107452889)|STATEMENT_EXECUTE|[236]
15:08:38.4 (107466068)|SYSTEM_MODE_EXIT|false
15:08:38.107 (107507389)|CUMULATIVE_LIMIT_USAGE
15:08:38.107 (107507389)|LIMIT_USAGE_FOR_NS|(default)|
  Number of SOQL queries: 0 out of 100
  Number of query rows: 0 out of 50000
  Number of SOSL queries: 0 out of 20
  Number of DML statements: 0 out of 150
  Number of DML rows: 0 out of 10000
  Maximum CPU time: 0 out of 10000
  Maximum heap size: 0 out of 6000000
  Number of callouts: 0 out of 100
  Number of Email Invocations: 0 out of 10
  Number of future calls: 0 out of 50
  Number of queueable jobs added to the queue: 0 out of 50
  Number of Mobile Apex push calls: 0 out of 10

15:08:38.107 (107507389)|LIMIT_USAGE_FOR_NS|testautonumdata|
  Number of SOQL queries: 1 out of 100
  Number of query rows: 2 out of 50000
  Number of SOSL queries: 0 out of 20
  Number of DML statements: 0 out of 150
  Number of DML rows: 0 out of 10000
  Maximum CPU time: 0 out of 10000
  Maximum heap size: 0 out of 6000000
  Number of callouts: 0 out of 100
  Number of Email Invocations: 0 out of 10
  Number of future calls: 0 out of 50
  Number of queueable jobs added to the queue: 0 out of 50
  Number of Mobile Apex push calls: 0 out of 10

15:08:38.107 (107507389)|CUMULATIVE_LIMIT_USAGE_END

15:08:38.4 (107605548)|CODE_UNIT_FINISHED|InterviewsLCServerController.getListRecords
15:08:38.110 (110695451)|USER_INFO|[EXTERNAL]|005B0000001VpZR|rreboucas-yi5c@force.com|Pacific Standard Time|GMT-07:00
15:08:38.110 (110709233)|CODE_UNIT_STARTED|[EXTERNAL]|Aura
15:08:38.110 (110771351)|CODE_UNIT_FINISHED|Aura
15:08:38.112 (112211964)|USER_INFO|[EXTERNAL]|005B0000001VpZR|rreboucas-yi5c@force.com|Pacific Standard Time|GMT-07:00
15:08:38.112 (112223385)|CODE_UNIT_STARTED|[EXTERNAL]|Aura
15:08:38.112 (112272438)|CODE_UNIT_FINISHED|Aura
