37.0 APEX_CODE,FINEST;APEX_PROFILING,INFO;CALLOUT,INFO;DB,INFO;SYSTEM,DEBUG;VALIDATION,INFO;VISUALFORCE,INFO;WORKFLOW,INFO
13:52:36.0 (704104)|USER_INFO|[EXTERNAL]|005B0000001VpZR|rreboucas-yi5c@force.com|Pacific Standard Time|GMT-07:00
13:52:36.0 (1214678)|HEAP_ALLOCATE|[72]|Bytes:3
13:52:36.0 (1280407)|HEAP_ALLOCATE|[77]|Bytes:152
13:52:36.0 (1304196)|HEAP_ALLOCATE|[342]|Bytes:408
13:52:36.0 (1327292)|HEAP_ALLOCATE|[355]|Bytes:408
13:52:36.0 (1349431)|HEAP_ALLOCATE|[467]|Bytes:48
13:52:36.3 (3323112)|USER_INFO|[EXTERNAL]|005B0000001VpZR|rreboucas-yi5c@force.com|Pacific Standard Time|GMT-07:00
13:52:36.3 (3562582)|STATEMENT_EXECUTE|[1]
13:52:36.3 (3606331)|HEAP_ALLOCATE|[50]|Bytes:5
13:52:36.3 (3638667)|HEAP_ALLOCATE|[56]|Bytes:5
13:52:36.3 (3648644)|HEAP_ALLOCATE|[64]|Bytes:7
13:52:36.3 (3675233)|SYSTEM_MODE_ENTER|false
13:52:36.3 (3697553)|HEAP_ALLOCATE|[EXTERNAL]|Bytes:5
13:52:36.3 (3706288)|SYSTEM_MODE_EXIT|false
13:52:36.3 (3723637)|METHOD_EXIT|[1]|InterviewsLCServerController
13:52:36.3 (3730295)|HEAP_ALLOCATE|[EXTERNAL]|Bytes:1
13:52:36.3 (3732303)|HEAP_ALLOCATE|[EXTERNAL]|Bytes:12
13:52:36.3 (3733675)|HEAP_ALLOCATE|[EXTERNAL]|Bytes:9
13:52:36.3 (3734855)|HEAP_ALLOCATE|[EXTERNAL]|Bytes:7
13:52:36.3 (3735976)|HEAP_ALLOCATE|[EXTERNAL]|Bytes:12
13:52:36.3 (3737117)|HEAP_ALLOCATE|[EXTERNAL]|Bytes:25
13:52:36.3 (3738249)|HEAP_ALLOCATE|[EXTERNAL]|Bytes:29
13:52:36.3 (3739436)|HEAP_ALLOCATE|[EXTERNAL]|Bytes:7
13:52:36.3 (3740554)|HEAP_ALLOCATE|[EXTERNAL]|Bytes:17
13:52:36.3 (3745916)|SYSTEM_MODE_ENTER|false
13:52:36.3 (3759275)|VARIABLE_SCOPE_BEGIN|[19]|rowsLimit|String|false|false
13:52:36.3 (3792241)|VARIABLE_ASSIGNMENT|[19]|rowsLimit|"8"
13:52:36.3 (3797586)|VARIABLE_SCOPE_BEGIN|[19]|objectApiName|String|false|false
13:52:36.3 (3802666)|VARIABLE_ASSIGNMENT|[19]|objectApiName|"Interview__c"
13:52:36.3 (3805471)|VARIABLE_SCOPE_BEGIN|[19]|filter1Field|String|false|false
13:52:36.3 (3808686)|VARIABLE_ASSIGNMENT|[19]|filter1Field|"Status__c"
13:52:36.3 (3811209)|VARIABLE_SCOPE_BEGIN|[19]|filter1Value|String|false|false
13:52:36.3 (3814175)|VARIABLE_ASSIGNMENT|[19]|filter1Value|"Pending"
13:52:36.3 (3816569)|VARIABLE_SCOPE_BEGIN|[19]|eventField|String|false|false
13:52:36.3 (3819841)|VARIABLE_ASSIGNMENT|[19]|eventField|"Candidate__c"
13:52:36.3 (3822327)|VARIABLE_SCOPE_BEGIN|[19]|column1|String|false|false
13:52:36.3 (3828970)|VARIABLE_ASSIGNMENT|[19]|column1|"Candidate__r.Full_Na (5 more) ..."
13:52:36.3 (3831727)|VARIABLE_SCOPE_BEGIN|[19]|column2|String|false|false
13:52:36.3 (3836187)|VARIABLE_ASSIGNMENT|[19]|column2|"Candidate__r.Positio (9 more) ..."
13:52:36.3 (3838792)|VARIABLE_SCOPE_BEGIN|[19]|column3|String|false|false
13:52:36.3 (3841686)|VARIABLE_ASSIGNMENT|[19]|column3|"Date__c"
13:52:36.3 (3844089)|VARIABLE_SCOPE_BEGIN|[19]|column4|String|false|false
13:52:36.3 (3847416)|VARIABLE_ASSIGNMENT|[19]|column4|"Interview_Type__c"
13:52:36.3 (3861995)|HEAP_ALLOCATE|[21]|Bytes:5
13:52:36.3 (3866110)|STATEMENT_EXECUTE|[19]
13:52:36.3 (3867601)|STATEMENT_EXECUTE|[21]
13:52:36.3 (3870890)|HEAP_ALLOCATE|[21]|Bytes:20
13:52:36.3 (3887856)|HEAP_ALLOCATE|[21]|Bytes:21
13:52:36.3 (3923300)|ENTERING_MANAGED_PKG|
13:52:36.3 (3959079)|USER_DEBUG|[21]|DEBUG|######## rowsLimit: 8
13:52:36.3 (3967481)|STATEMENT_EXECUTE|[22]
13:52:36.3 (3971712)|HEAP_ALLOCATE|[22]|Bytes:24
13:52:36.3 (3978755)|HEAP_ALLOCATE|[22]|Bytes:36
13:52:36.3 (3989287)|ENTERING_MANAGED_PKG|
13:52:36.3 (4005402)|USER_DEBUG|[22]|DEBUG|######## objectApiName: Interview__c
13:52:36.3 (4013010)|STATEMENT_EXECUTE|[25]
13:52:36.3 (4024699)|HEAP_ALLOCATE|[25]|Bytes:4
13:52:36.3 (4044460)|ENTERING_MANAGED_PKG|
13:52:36.3 (4072563)|VARIABLE_SCOPE_BEGIN|[25]|lstObjectFields|List<String>|true|false
13:52:36.3 (4120059)|HEAP_ALLOCATE|[EXTERNAL]|Bytes:4
13:52:36.3 (4141406)|VARIABLE_ASSIGNMENT|[25]|lstObjectFields|{"s":1,"v":[]}|0x6bb96295
13:52:36.3 (4145349)|STATEMENT_EXECUTE|[26]
13:52:36.3 (4151429)|HEAP_ALLOCATE|[26]|Bytes:2
13:52:36.3 (4169495)|ENTERING_MANAGED_PKG|
13:52:36.3 (4204344)|HEAP_ALLOCATE|[EXTERNAL]|Bytes:4
13:52:36.3 (4213492)|STATEMENT_EXECUTE|[28]
13:52:36.3 (4218417)|HEAP_ALLOCATE|[28]|Bytes:4
13:52:36.3 (4307335)|ENTERING_MANAGED_PKG|
13:52:36.3 (4329173)|VARIABLE_SCOPE_BEGIN|[28]|lstReturnRecords|List<testautonumdata.InterviewsLCServerController>|true|false
13:52:36.3 (4351694)|HEAP_ALLOCATE|[EXTERNAL]|Bytes:4
13:52:36.3 (4362791)|VARIABLE_ASSIGNMENT|[28]|lstReturnRecords|{"s":1,"v":[]}|0x7c73c222
13:52:36.3 (4366418)|STATEMENT_EXECUTE|[30]
13:52:36.3 (4391598)|ENTERING_MANAGED_PKG|
13:52:36.3 (4425329)|VARIABLE_SCOPE_BEGIN|[30]|rLimit|Integer|false|false
13:52:36.3 (4431106)|HEAP_ALLOCATE|[30]|Bytes:4
13:52:36.3 (4437357)|VARIABLE_ASSIGNMENT|[30]|rLimit|8
13:52:36.3 (4440013)|STATEMENT_EXECUTE|[31]
13:52:36.3 (4443306)|HEAP_ALLOCATE|[31]|Bytes:17
13:52:36.3 (4461771)|ENTERING_MANAGED_PKG|
13:52:36.3 (4487299)|HEAP_ALLOCATE|[31]|Bytes:1
13:52:36.3 (4506863)|HEAP_ALLOCATE|[31]|Bytes:18
13:52:36.3 (4520370)|ENTERING_MANAGED_PKG|
13:52:36.3 (4523893)|USER_DEBUG|[31]|DEBUG|######## rLimit: 8
13:52:36.3 (4529116)|STATEMENT_EXECUTE|[33]
13:52:36.3 (4532312)|HEAP_ALLOCATE|[33]|Bytes:9
13:52:36.3 (4536354)|VARIABLE_SCOPE_BEGIN|[33]|soql|String|false|false
13:52:36.3 (4543878)|VARIABLE_ASSIGNMENT|[33]|soql|"Select id"
13:52:36.3 (4546611)|STATEMENT_EXECUTE|[36]
13:52:36.3 (4547650)|STATEMENT_EXECUTE|[37]
13:52:36.3 (4550093)|HEAP_ALLOCATE|[37]|Bytes:2
13:52:36.3 (4555674)|HEAP_ALLOCATE|[37]|Bytes:14
13:52:36.3 (4559750)|HEAP_ALLOCATE|[37]|Bytes:23
13:52:36.3 (4566630)|VARIABLE_ASSIGNMENT|[37]|soql|"Select id, Candidate (3 more) ..."
13:52:36.3 (4569420)|STATEMENT_EXECUTE|[38]
13:52:36.3 (4579317)|ENTERING_MANAGED_PKG|
13:52:36.3 (4607558)|HEAP_ALLOCATE|[EXTERNAL]|Bytes:4
13:52:36.3 (4616841)|STATEMENT_EXECUTE|[42]
13:52:36.3 (4618427)|STATEMENT_EXECUTE|[43]
13:52:36.3 (4625398)|HEAP_ALLOCATE|[43]|Bytes:27
13:52:36.3 (4629979)|HEAP_ALLOCATE|[43]|Bytes:50
13:52:36.3 (4638653)|VARIABLE_ASSIGNMENT|[43]|soql|"Select id, Candidate (30 more) ..."
13:52:36.3 (4641397)|STATEMENT_EXECUTE|[44]
13:52:36.3 (4651668)|ENTERING_MANAGED_PKG|
13:52:36.3 (4678017)|HEAP_ALLOCATE|[EXTERNAL]|Bytes:4
13:52:36.3 (4686854)|STATEMENT_EXECUTE|[47]
13:52:36.3 (4688384)|STATEMENT_EXECUTE|[48]
13:52:36.3 (4695116)|HEAP_ALLOCATE|[48]|Bytes:31
13:52:36.3 (4699469)|HEAP_ALLOCATE|[48]|Bytes:81
13:52:36.3 (4707765)|VARIABLE_ASSIGNMENT|[48]|soql|"Select id, Candidate (61 more) ..."
13:52:36.3 (4711660)|STATEMENT_EXECUTE|[49]
13:52:36.3 (4724235)|ENTERING_MANAGED_PKG|
13:52:36.3 (4750637)|HEAP_ALLOCATE|[EXTERNAL]|Bytes:4
13:52:36.3 (4759941)|STATEMENT_EXECUTE|[52]
13:52:36.3 (4761521)|STATEMENT_EXECUTE|[53]
13:52:36.3 (4768325)|HEAP_ALLOCATE|[53]|Bytes:9
13:52:36.3 (4772797)|HEAP_ALLOCATE|[53]|Bytes:90
13:52:36.3 (4780758)|VARIABLE_ASSIGNMENT|[53]|soql|"Select id, Candidate (70 more) ..."
13:52:36.3 (4783073)|STATEMENT_EXECUTE|[54]
13:52:36.3 (4793113)|ENTERING_MANAGED_PKG|
13:52:36.3 (4819039)|HEAP_ALLOCATE|[EXTERNAL]|Bytes:4
13:52:36.3 (4827765)|STATEMENT_EXECUTE|[57]
13:52:36.3 (4829329)|STATEMENT_EXECUTE|[58]
13:52:36.3 (4836138)|HEAP_ALLOCATE|[58]|Bytes:19
13:52:36.3 (4840838)|HEAP_ALLOCATE|[58]|Bytes:109
13:52:36.3 (4849107)|VARIABLE_ASSIGNMENT|[58]|soql|"Select id, Candidate (89 more) ..."
13:52:36.3 (4851433)|STATEMENT_EXECUTE|[59]
13:52:36.3 (4861361)|ENTERING_MANAGED_PKG|
13:52:36.3 (4887643)|HEAP_ALLOCATE|[EXTERNAL]|Bytes:4
13:52:36.3 (4896131)|STATEMENT_EXECUTE|[62]
13:52:36.3 (4900349)|HEAP_ALLOCATE|[62]|Bytes:6
13:52:36.3 (4907045)|HEAP_ALLOCATE|[62]|Bytes:18
13:52:36.3 (4911032)|HEAP_ALLOCATE|[62]|Bytes:127
13:52:36.3 (4919789)|VARIABLE_ASSIGNMENT|[62]|soql|"Select id, Candidate (107 more) ..."
13:52:36.3 (4929068)|STATEMENT_EXECUTE|[66]
13:52:36.3 (4930382)|STATEMENT_EXECUTE|[67]
13:52:36.3 (4933063)|HEAP_ALLOCATE|[67]|Bytes:7
13:52:36.3 (4935787)|HEAP_ALLOCATE|[67]|Bytes:4
13:52:36.3 (4937988)|HEAP_ALLOCATE|[67]|Bytes:1
13:52:36.3 (4947931)|HEAP_ALLOCATE|[67]|Bytes:28
13:52:36.3 (4952426)|HEAP_ALLOCATE|[67]|Bytes:155
13:52:36.3 (4958652)|VARIABLE_ASSIGNMENT|[67]|soql|"Select id, Candidate (135 more) ..."
13:52:36.3 (4960971)|STATEMENT_EXECUTE|[68]
13:52:36.3 (4971508)|ENTERING_MANAGED_PKG|
13:52:36.3 (4997718)|HEAP_ALLOCATE|[EXTERNAL]|Bytes:4
13:52:36.3 (5005868)|STATEMENT_EXECUTE|[71]
13:52:36.3 (5011006)|HEAP_ALLOCATE|[71]|Bytes:7
13:52:36.3 (5017554)|HEAP_ALLOCATE|[71]|Bytes:8
13:52:36.3 (5021523)|HEAP_ALLOCATE|[71]|Bytes:163
13:52:36.3 (5029684)|VARIABLE_ASSIGNMENT|[71]|soql|"Select id, Candidate (143 more) ..."
13:52:36.3 (5032122)|STATEMENT_EXECUTE|[75]
13:52:36.3 (5034429)|HEAP_ALLOCATE|[75]|Bytes:15
13:52:36.3 (5039067)|HEAP_ALLOCATE|[75]|Bytes:178
13:52:36.3 (5051640)|ENTERING_MANAGED_PKG|
13:52:36.3 (5069073)|USER_DEBUG|[75]|DEBUG|######## soql: Select id, Candidate__c, Candidate__r.Full_Name__c, Candidate__r.Position__r.Name, Date__c, Interview_Type__c FROM Interview__c where Status__c = 'Pending' limit 8
13:52:36.3 (5077121)|STATEMENT_EXECUTE|[81]
13:52:36.3 (5096792)|ENTERING_MANAGED_PKG|
13:52:36.3 (28529662)|HEAP_ALLOCATE|[81]|Bytes:1764
13:52:36.3 (28588863)|ENTERING_MANAGED_PKG|
13:52:36.3 (28869132)|HEAP_ALLOCATE|[81]|Bytes:41
13:52:36.3 (29059608)|FATAL_ERROR|System.NullPointerException: Attempt to de-reference a null object

Class.testautonumdata.InterviewsLCServerController.getListRecords: line 81, column 1
13:52:36.3 (29080969)|FATAL_ERROR|System.NullPointerException: Attempt to de-reference a null object

Class.testautonumdata.InterviewsLCServerController.getListRecords: line 81, column 1
13:52:36.29 (29092270)|CUMULATIVE_LIMIT_USAGE
13:52:36.29 (29092270)|LIMIT_USAGE_FOR_NS|(default)|
  Number of SOQL queries: 0 out of 100
  Number of query rows: 0 out of 50000
  Number of SOSL queries: 0 out of 20
  Number of DML statements: 0 out of 150
  Number of DML rows: 0 out of 10000
  Maximum CPU time: 0 out of 10000
  Maximum heap size: 0 out of 6000000
  Number of callouts: 0 out of 100
  Number of Email Invocations: 0 out of 10
  Number of future calls: 0 out of 50
  Number of queueable jobs added to the queue: 0 out of 50
  Number of Mobile Apex push calls: 0 out of 10

13:52:36.29 (29092270)|CUMULATIVE_LIMIT_USAGE_END

13:52:36.3 (29149575)|CODE_UNIT_FINISHED|InterviewsLCServerController.getListRecords
13:52:36.0 (115871308)|HEAP_ALLOCATE|[EXTERNAL]|Bytes:28
13:52:36.0 (115902017)|HEAP_ALLOCATE|[EXTERNAL]|Bytes:28
13:52:36.118 (118815973)|USER_INFO|[EXTERNAL]|005B0000001VpZR|rreboucas-yi5c@force.com|Pacific Standard Time|GMT-07:00
13:52:36.118 (118958475)|STATEMENT_EXECUTE|[1]
13:52:36.118 (118975331)|HEAP_ALLOCATE|[EXTERNAL]|Bytes:5
13:52:36.118 (118998400)|METHOD_EXIT|[1]|ReferralsServerController
13:52:36.118 (119029935)|HEAP_ALLOCATE|[EXTERNAL]|Bytes:28
13:52:36.118 (119033848)|HEAP_ALLOCATE|[EXTERNAL]|Bytes:28
13:52:36.118 (119035263)|HEAP_ALLOCATE|[EXTERNAL]|Bytes:29
13:52:36.118 (119036618)|HEAP_ALLOCATE|[EXTERNAL]|Bytes:7
13:52:36.118 (119038038)|HEAP_ALLOCATE|[EXTERNAL]|Bytes:5
13:52:36.118 (119039475)|HEAP_ALLOCATE|[EXTERNAL]|Bytes:11
13:52:36.118 (119050138)|VARIABLE_SCOPE_BEGIN|[20]|rowsLimit|Integer|false|false
13:52:36.118 (119089039)|VARIABLE_ASSIGNMENT|[20]|rowsLimit|8
13:52:36.118 (119092622)|VARIABLE_SCOPE_BEGIN|[20]|recordId|String|false|false
13:52:36.118 (119096602)|VARIABLE_ASSIGNMENT|[20]|recordId|null
13:52:36.118 (119098856)|VARIABLE_SCOPE_BEGIN|[20]|objectApiName|String|false|false
13:52:36.118 (119109212)|VARIABLE_ASSIGNMENT|[20]|objectApiName|"testautonumdata__Ref (8 more) ..."
13:52:36.118 (119111336)|VARIABLE_SCOPE_BEGIN|[20]|ParentObjectFieldName|String|false|false
13:52:36.118 (119115164)|VARIABLE_ASSIGNMENT|[20]|ParentObjectFieldName|"testautonumdata__Can (9 more) ..."
13:52:36.118 (119117335)|VARIABLE_SCOPE_BEGIN|[20]|filter1Field|String|false|false
13:52:36.118 (119119901)|VARIABLE_ASSIGNMENT|[20]|filter1Field|null
13:52:36.118 (119122058)|VARIABLE_SCOPE_BEGIN|[20]|filter1Value|String|false|false
13:52:36.118 (119124084)|VARIABLE_ASSIGNMENT|[20]|filter1Value|null
13:52:36.118 (119125918)|VARIABLE_SCOPE_BEGIN|[20]|column1|String|false|false
13:52:36.118 (119128558)|VARIABLE_ASSIGNMENT|[20]|column1|"OwnerId"
13:52:36.118 (119130426)|VARIABLE_SCOPE_BEGIN|[20]|RelFieldWithName|String|false|false
13:52:36.118 (119132965)|VARIABLE_ASSIGNMENT|[20]|RelFieldWithName|"Owner"
13:52:36.118 (119134681)|VARIABLE_SCOPE_BEGIN|[20]|column2|String|false|false
13:52:36.118 (119137613)|VARIABLE_ASSIGNMENT|[20]|column2|"createddate"
13:52:36.118 (119149282)|HEAP_ALLOCATE|[22]|Bytes:5
13:52:36.118 (119154012)|STATEMENT_EXECUTE|[20]
13:52:36.118 (119155564)|STATEMENT_EXECUTE|[22]
13:52:36.118 (119183400)|ENTERING_MANAGED_PKG|
13:52:36.118 (119223807)|HEAP_ALLOCATE|[22]|Bytes:1
13:52:36.118 (119243021)|HEAP_ALLOCATE|[22]|Bytes:21
13:52:36.118 (119264622)|ENTERING_MANAGED_PKG|
13:52:36.118 (119272410)|USER_DEBUG|[22]|DEBUG|######## rowsLimit: 8
13:52:36.118 (119279343)|STATEMENT_EXECUTE|[23]
13:52:36.118 (119286105)|HEAP_ALLOCATE|[23]|Bytes:52
13:52:36.118 (119295178)|ENTERING_MANAGED_PKG|
13:52:36.118 (119317276)|USER_DEBUG|[23]|DEBUG|######## objectApiName: testautonumdata__Referral__c
13:52:36.118 (119323855)|STATEMENT_EXECUTE|[27]
13:52:36.118 (119370299)|HEAP_ALLOCATE|[27]|Bytes:4
13:52:36.118 (119465771)|ENTERING_MANAGED_PKG|
13:52:36.118 (119503856)|VARIABLE_SCOPE_BEGIN|[27]|lstReturnRecords|List<testautonumdata.ReferralsServerController>|true|false
13:52:36.118 (119541683)|HEAP_ALLOCATE|[EXTERNAL]|Bytes:4
13:52:36.118 (119563152)|VARIABLE_ASSIGNMENT|[27]|lstReturnRecords|{"s":1,"v":[]}|0x662b0c9f
13:52:36.118 (119568365)|STATEMENT_EXECUTE|[29]
13:52:36.118 (119570101)|STATEMENT_EXECUTE|[102]
13:52:36.118 (119574364)|HEAP_ALLOCATE|[102]|Bytes:27
13:52:36.118 (119596933)|ENTERING_MANAGED_PKG|
13:52:36.118 (119628112)|HEAP_ALLOCATE|[102]|Bytes:2
13:52:36.118 (119643635)|HEAP_ALLOCATE|[102]|Bytes:29
13:52:36.118 (119656476)|ENTERING_MANAGED_PKG|
13:52:36.118 (119659940)|USER_DEBUG|[102]|DEBUG|######## lstReturnRecords: ()
13:52:36.118 (119665465)|STATEMENT_EXECUTE|[104]
13:52:36.119 (119718417)|CUMULATIVE_LIMIT_USAGE
13:52:36.119 (119718417)|LIMIT_USAGE_FOR_NS|(default)|
  Number of SOQL queries: 0 out of 100
  Number of query rows: 0 out of 50000
  Number of SOSL queries: 0 out of 20
  Number of DML statements: 0 out of 150
  Number of DML rows: 0 out of 10000
  Maximum CPU time: 0 out of 10000
  Maximum heap size: 0 out of 6000000
  Number of callouts: 0 out of 100
  Number of Email Invocations: 0 out of 10
  Number of future calls: 0 out of 50
  Number of queueable jobs added to the queue: 0 out of 50
  Number of Mobile Apex push calls: 0 out of 10

13:52:36.119 (119718417)|CUMULATIVE_LIMIT_USAGE_END

13:52:36.118 (119767070)|CODE_UNIT_FINISHED|ReferralsServerController.getListRecords
13:52:36.0 (360549447)|HEAP_ALLOCATE|[EXTERNAL]|Bytes:12
13:52:36.0 (360585502)|HEAP_ALLOCATE|[EXTERNAL]|Bytes:12
13:52:36.362 (362288878)|USER_INFO|[EXTERNAL]|005B0000001VpZR|rreboucas-yi5c@force.com|Pacific Standard Time|GMT-07:00
13:52:36.362 (362423700)|STATEMENT_EXECUTE|[1]
13:52:36.362 (362440829)|HEAP_ALLOCATE|[EXTERNAL]|Bytes:5
13:52:36.362 (362464259)|METHOD_EXIT|[1]|Twitter_Lightning_Controller
13:52:36.362 (362471327)|HEAP_ALLOCATE|[EXTERNAL]|Bytes:12
13:52:36.362 (362473363)|HEAP_ALLOCATE|[EXTERNAL]|Bytes:13
13:52:36.362 (362474811)|HEAP_ALLOCATE|[EXTERNAL]|Bytes:13
13:52:36.362 (362476079)|HEAP_ALLOCATE|[EXTERNAL]|Bytes:12
13:52:36.362 (362477362)|HEAP_ALLOCATE|[EXTERNAL]|Bytes:10
13:52:36.362 (362478646)|HEAP_ALLOCATE|[EXTERNAL]|Bytes:9
13:52:36.362 (362487775)|VARIABLE_SCOPE_BEGIN|[68]|recordID|String|false|false
13:52:36.362 (362527743)|VARIABLE_ASSIGNMENT|[68]|recordID|null
13:52:36.362 (362531938)|VARIABLE_SCOPE_BEGIN|[68]|objectApiName|String|false|false
13:52:36.362 (362541996)|VARIABLE_ASSIGNMENT|[68]|objectApiName|"Candidate__c"
13:52:36.362 (362544284)|VARIABLE_SCOPE_BEGIN|[68]|twitterIDFieldApiName|String|false|false
13:52:36.362 (362547556)|VARIABLE_ASSIGNMENT|[68]|twitterIDFieldApiName|"Twitter_ID__c"
13:52:36.362 (362549942)|VARIABLE_SCOPE_BEGIN|[68]|firstName|String|false|false
13:52:36.362 (362552578)|VARIABLE_ASSIGNMENT|[68]|firstName|"First_Name__c"
13:52:36.362 (362554449)|VARIABLE_SCOPE_BEGIN|[68]|lastName|String|false|false
13:52:36.362 (362556935)|VARIABLE_ASSIGNMENT|[68]|lastName|"Last_Name__c"
13:52:36.362 (362558823)|VARIABLE_SCOPE_BEGIN|[68]|companyName|String|false|false
13:52:36.362 (362561524)|VARIABLE_ASSIGNMENT|[68]|companyName|"Company__c"
13:52:36.362 (362563377)|VARIABLE_SCOPE_BEGIN|[68]|email|String|false|false
13:52:36.362 (362565849)|VARIABLE_ASSIGNMENT|[68]|email|"E_mail__c"
13:52:36.362 (362577222)|HEAP_ALLOCATE|[70]|Bytes:5
13:52:36.362 (362581779)|STATEMENT_EXECUTE|[68]
13:52:36.362 (362583642)|STATEMENT_EXECUTE|[70]
13:52:36.362 (362590676)|VARIABLE_SCOPE_BEGIN|[70]|hasTwitterMemberID|Boolean|false|false
13:52:36.362 (362593731)|HEAP_ALLOCATE|[70]|Bytes:5
13:52:36.362 (362599365)|VARIABLE_ASSIGNMENT|[70]|hasTwitterMemberID|false
13:52:36.362 (362601127)|STATEMENT_EXECUTE|[71]
13:52:36.362 (362611137)|HEAP_ALLOCATE|[71]|Bytes:64
13:52:36.362 (362637479)|CONSTRUCTOR_ENTRY|[71]|01pB0000000r382|<init>()
13:52:36.362 (362671789)|VARIABLE_SCOPE_BEGIN|[1]|this|testautonumdata.Twitter_Lightning_Controller|true|false
13:52:36.362 (362718585)|VARIABLE_ASSIGNMENT|[1]|this|{}|0x64d5e8ca
13:52:36.362 (362726050)|HEAP_ALLOCATE|[EXTERNAL]|Bytes:5
13:52:36.362 (362736125)|HEAP_ALLOCATE|[EXTERNAL]|Bytes:6
13:52:36.362 (362765478)|STATEMENT_EXECUTE|[1]
13:52:36.362 (362769684)|HEAP_ALLOCATE|[EXTERNAL]|Bytes:5
13:52:36.362 (362771970)|STATEMENT_EXECUTE|[4]
13:52:36.362 (362773263)|STATEMENT_EXECUTE|[6]
13:52:36.362 (362774171)|STATEMENT_EXECUTE|[8]
13:52:36.362 (362775169)|STATEMENT_EXECUTE|[10]
13:52:36.362 (362776283)|STATEMENT_EXECUTE|[12]
13:52:36.362 (362777264)|STATEMENT_EXECUTE|[14]
13:52:36.362 (362778430)|STATEMENT_EXECUTE|[16]
13:52:36.362 (362779576)|STATEMENT_EXECUTE|[18]
13:52:36.362 (362780612)|STATEMENT_EXECUTE|[20]
13:52:36.362 (362781607)|STATEMENT_EXECUTE|[22]
13:52:36.362 (362782520)|STATEMENT_EXECUTE|[24]
13:52:36.362 (362783975)|STATEMENT_EXECUTE|[26]
13:52:36.362 (362786297)|STATEMENT_EXECUTE|[28]
13:52:36.362 (362788218)|STATEMENT_EXECUTE|[30]
13:52:36.362 (362790231)|STATEMENT_EXECUTE|[32]
13:52:36.362 (362802975)|CONSTRUCTOR_EXIT|[71]|01pB0000000r382|<init>()
13:52:36.362 (362808192)|VARIABLE_SCOPE_BEGIN|[71]|returnRec|testautonumdata.Twitter_Lightning_Controller|true|false
13:52:36.362 (362835170)|VARIABLE_ASSIGNMENT|[71]|returnRec|{}|0x64d5e8ca
13:52:36.362 (362864768)|ENTERING_MANAGED_PKG|
13:52:36.362 (362904034)|STATEMENT_EXECUTE|[73]
13:52:36.362 (362906738)|STATEMENT_EXECUTE|[143]
13:52:36.362 (362958646)|CUMULATIVE_LIMIT_USAGE
13:52:36.362 (362958646)|LIMIT_USAGE_FOR_NS|(default)|
  Number of SOQL queries: 0 out of 100
  Number of query rows: 0 out of 50000
  Number of SOSL queries: 0 out of 20
  Number of DML statements: 0 out of 150
  Number of DML rows: 0 out of 10000
  Maximum CPU time: 0 out of 10000
  Maximum heap size: 0 out of 6000000
  Number of callouts: 0 out of 100
  Number of Email Invocations: 0 out of 10
  Number of future calls: 0 out of 50
  Number of queueable jobs added to the queue: 0 out of 50
  Number of Mobile Apex push calls: 0 out of 10

13:52:36.362 (362958646)|CUMULATIVE_LIMIT_USAGE_END

13:52:36.362 (363006061)|CODE_UNIT_FINISHED|Twitter_Lightning_Controller.getRecordDetails
13:52:36.364 (364555592)|USER_INFO|[EXTERNAL]|005B0000001VpZR|rreboucas-yi5c@force.com|Pacific Standard Time|GMT-07:00
13:52:36.364 (364568661)|CODE_UNIT_STARTED|[EXTERNAL]|Aura
13:52:36.364 (364650729)|CODE_UNIT_FINISHED|Aura
13:52:36.0 (500995209)|HEAP_ALLOCATE|[EXTERNAL]|Bytes:1
13:52:36.0 (501025077)|HEAP_ALLOCATE|[EXTERNAL]|Bytes:1
13:52:36.502 (502651435)|USER_INFO|[EXTERNAL]|005B0000001VpZR|rreboucas-yi5c@force.com|Pacific Standard Time|GMT-07:00
13:52:36.502 (502795179)|STATEMENT_EXECUTE|[1]
13:52:36.502 (502813461)|HEAP_ALLOCATE|[EXTERNAL]|Bytes:5
13:52:36.502 (502837374)|METHOD_EXIT|[1]|FilesViewerServerController
13:52:36.502 (502843958)|HEAP_ALLOCATE|[EXTERNAL]|Bytes:1
13:52:36.502 (502853178)|VARIABLE_SCOPE_BEGIN|[16]|recordID|String|false|false
13:52:36.502 (502888072)|VARIABLE_ASSIGNMENT|[16]|recordID|null
13:52:36.502 (502891329)|VARIABLE_SCOPE_BEGIN|[16]|rowsLimit|String|false|false
13:52:36.502 (502898932)|VARIABLE_ASSIGNMENT|[16]|rowsLimit|"8"
13:52:36.502 (502910243)|HEAP_ALLOCATE|[18]|Bytes:5
13:52:36.502 (502915215)|STATEMENT_EXECUTE|[16]
13:52:36.502 (502916854)|STATEMENT_EXECUTE|[18]
13:52:36.502 (502920952)|HEAP_ALLOCATE|[18]|Bytes:49
13:52:36.502 (502936979)|HEAP_ALLOCATE|[18]|Bytes:50
13:52:36.502 (502964122)|ENTERING_MANAGED_PKG|
13:52:36.502 (503000209)|USER_DEBUG|[18]|DEBUG|######## FilesViewerServerController: rowsLimit: 8
13:52:36.502 (503010780)|STATEMENT_EXECUTE|[20]
13:52:36.502 (503061498)|HEAP_ALLOCATE|[20]|Bytes:4
13:52:36.502 (503161832)|ENTERING_MANAGED_PKG|
13:52:36.502 (503196441)|VARIABLE_SCOPE_BEGIN|[20]|lstReturnRecords|List<testautonumdata.FilesViewerServerController>|true|false
13:52:36.502 (503235131)|HEAP_ALLOCATE|[EXTERNAL]|Bytes:4
13:52:36.502 (503256523)|VARIABLE_ASSIGNMENT|[20]|lstReturnRecords|{"s":1,"v":[]}|0x4aef4235
13:52:36.502 (503274713)|ENTERING_MANAGED_PKG|
13:52:36.502 (503312113)|STATEMENT_EXECUTE|[21]
13:52:36.502 (503314791)|STATEMENT_EXECUTE|[72]
13:52:36.503 (503363313)|CUMULATIVE_LIMIT_USAGE
13:52:36.503 (503363313)|LIMIT_USAGE_FOR_NS|(default)|
  Number of SOQL queries: 0 out of 100
  Number of query rows: 0 out of 50000
  Number of SOSL queries: 0 out of 20
  Number of DML statements: 0 out of 150
  Number of DML rows: 0 out of 10000
  Maximum CPU time: 0 out of 10000
  Maximum heap size: 0 out of 6000000
  Number of callouts: 0 out of 100
  Number of Email Invocations: 0 out of 10
  Number of future calls: 0 out of 50
  Number of queueable jobs added to the queue: 0 out of 50
  Number of Mobile Apex push calls: 0 out of 10

13:52:36.503 (503363313)|CUMULATIVE_LIMIT_USAGE_END

13:52:36.502 (503412560)|CODE_UNIT_FINISHED|FilesViewerServerController.getListRecords
13:52:36.0 (590207723)|HEAP_ALLOCATE|[EXTERNAL]|Bytes:12
13:52:36.0 (590235687)|HEAP_ALLOCATE|[EXTERNAL]|Bytes:12
13:52:36.592 (592343233)|USER_INFO|[EXTERNAL]|005B0000001VpZR|rreboucas-yi5c@force.com|Pacific Standard Time|GMT-07:00
13:52:36.592 (592448318)|HEAP_ALLOCATE|[151]|Bytes:5
13:52:36.592 (592457860)|STATEMENT_EXECUTE|[149]
13:52:36.592 (592460735)|STATEMENT_EXECUTE|[151]
13:52:36.592 (592464277)|HEAP_ALLOCATE|[151]|Bytes:3
13:52:36.592 (592471100)|VARIABLE_SCOPE_BEGIN|[151]|oauthVersion|String|false|false
13:52:36.592 (592512341)|VARIABLE_ASSIGNMENT|[151]|oauthVersion|"1.0"
13:52:36.592 (592516081)|STATEMENT_EXECUTE|[152]
13:52:36.592 (592520217)|HEAP_ALLOCATE|[152]|Bytes:25
13:52:36.592 (592524460)|VARIABLE_SCOPE_BEGIN|[152]|oauthConsumerKey|String|false|false
13:52:36.592 (592534136)|VARIABLE_ASSIGNMENT|[152]|oauthConsumerKey|"crTSqn98nBWCC8lbj0Ia (5 more) ..."
13:52:36.592 (592536103)|STATEMENT_EXECUTE|[153]
13:52:36.592 (592538417)|HEAP_ALLOCATE|[153]|Bytes:50
13:52:36.592 (592541126)|VARIABLE_SCOPE_BEGIN|[153]|oauthConsumerSecret|String|false|false
13:52:36.592 (592547217)|VARIABLE_ASSIGNMENT|[153]|oauthConsumerSecret|"LETjbmGTLmKF9tBldLY8 (30 more) ..."
13:52:36.592 (592549451)|STATEMENT_EXECUTE|[154]
13:52:36.592 (592551737)|HEAP_ALLOCATE|[154]|Bytes:23
13:52:36.592 (592554257)|VARIABLE_SCOPE_BEGIN|[154]|baseUrl|String|false|false
13:52:36.592 (592559963)|VARIABLE_ASSIGNMENT|[154]|baseUrl|"https://api.twitter. (3 more) ..."
13:52:36.592 (592561873)|STATEMENT_EXECUTE|[155]
13:52:36.592 (592564451)|HEAP_ALLOCATE|[155]|Bytes:9
13:52:36.592 (592567180)|VARIABLE_SCOPE_BEGIN|[155]|oauthSignatureMethod|String|false|false
13:52:36.592 (592571967)|VARIABLE_ASSIGNMENT|[155]|oauthSignatureMethod|"HMAC-SHA1"
13:52:36.592 (592573793)|STATEMENT_EXECUTE|[156]
13:52:36.592 (592576723)|VARIABLE_SCOPE_BEGIN|[156]|strTwitterId|String|false|false
13:52:36.592 (592580863)|VARIABLE_ASSIGNMENT|[156]|strTwitterId|""
13:52:36.592 (592582614)|STATEMENT_EXECUTE|[157]
13:52:36.592 (592584572)|VARIABLE_SCOPE_BEGIN|[157]|pictureURL|String|false|false
13:52:36.592 (592588313)|VARIABLE_ASSIGNMENT|[157]|pictureURL|""
13:52:36.592 (592589881)|STATEMENT_EXECUTE|[158]
13:52:36.592 (592598017)|HEAP_ALLOCATE|[158]|Bytes:64
13:52:36.592 (592618761)|CONSTRUCTOR_ENTRY|[158]|01pB0000000r382|<init>()
13:52:36.592 (592648866)|VARIABLE_SCOPE_BEGIN|[1]|this|testautonumdata.Twitter_Lightning_Controller|true|false
13:52:36.592 (592697820)|VARIABLE_ASSIGNMENT|[1]|this|{}|0x4c9fa9fe
13:52:36.592 (592705790)|HEAP_ALLOCATE|[EXTERNAL]|Bytes:5
13:52:36.592 (592732386)|STATEMENT_EXECUTE|[1]
13:52:36.592 (592736933)|HEAP_ALLOCATE|[EXTERNAL]|Bytes:5
13:52:36.592 (592739619)|STATEMENT_EXECUTE|[4]
13:52:36.592 (592740966)|STATEMENT_EXECUTE|[6]
13:52:36.592 (592742331)|STATEMENT_EXECUTE|[8]
13:52:36.592 (592743435)|STATEMENT_EXECUTE|[10]
13:52:36.592 (592744619)|STATEMENT_EXECUTE|[12]
13:52:36.592 (592745606)|STATEMENT_EXECUTE|[14]
13:52:36.592 (592746554)|STATEMENT_EXECUTE|[16]
13:52:36.592 (592747542)|STATEMENT_EXECUTE|[18]
13:52:36.592 (592748596)|STATEMENT_EXECUTE|[20]
13:52:36.592 (592749726)|STATEMENT_EXECUTE|[22]
13:52:36.592 (592750634)|STATEMENT_EXECUTE|[24]
13:52:36.592 (592751616)|STATEMENT_EXECUTE|[26]
13:52:36.592 (592752815)|STATEMENT_EXECUTE|[28]
13:52:36.592 (592753774)|STATEMENT_EXECUTE|[30]
13:52:36.592 (592754671)|STATEMENT_EXECUTE|[32]
13:52:36.592 (592765959)|CONSTRUCTOR_EXIT|[158]|01pB0000000r382|<init>()
13:52:36.592 (592770699)|VARIABLE_SCOPE_BEGIN|[158]|returnRec|testautonumdata.Twitter_Lightning_Controller|true|false
13:52:36.592 (592797290)|VARIABLE_ASSIGNMENT|[158]|returnRec|{}|0x4c9fa9fe
13:52:36.592 (592800010)|STATEMENT_EXECUTE|[159]
13:52:36.592 (592803905)|HEAP_ALLOCATE|[159]|Bytes:63
13:52:36.592 (592861209)|VARIABLE_ASSIGNMENT|[EXTERNAL]|this|{}|0x4c9fa9fe
13:52:36.592 (592870439)|VARIABLE_ASSIGNMENT|[EXTERNAL]|value|"https://www.lightnin (43 more) ..."
13:52:36.592 (592884869)|VARIABLE_ASSIGNMENT|[6]|this.pictureUrl|"https://www.lightnin (43 more) ..."|0x4c9fa9fe
13:52:36.592 (592910361)|ENTERING_MANAGED_PKG|
13:52:36.592 (592946982)|STATEMENT_EXECUTE|[160]
13:52:36.592 (592949571)|STATEMENT_EXECUTE|[284]
13:52:36.593 (593000433)|CUMULATIVE_LIMIT_USAGE
13:52:36.593 (593000433)|LIMIT_USAGE_FOR_NS|(default)|
  Number of SOQL queries: 0 out of 100
  Number of query rows: 0 out of 50000
  Number of SOSL queries: 0 out of 20
  Number of DML statements: 0 out of 150
  Number of DML rows: 0 out of 10000
  Maximum CPU time: 0 out of 10000
  Maximum heap size: 0 out of 6000000
  Number of callouts: 0 out of 100
  Number of Email Invocations: 0 out of 10
  Number of future calls: 0 out of 50
  Number of queueable jobs added to the queue: 0 out of 50
  Number of Mobile Apex push calls: 0 out of 10

13:52:36.593 (593000433)|CUMULATIVE_LIMIT_USAGE_END

13:52:36.592 (593054138)|CODE_UNIT_FINISHED|Twitter_Lightning_Controller.getTwitterPicture
13:52:36.594 (594790006)|USER_INFO|[EXTERNAL]|005B0000001VpZR|rreboucas-yi5c@force.com|Pacific Standard Time|GMT-07:00
13:52:36.594 (594803012)|CODE_UNIT_STARTED|[EXTERNAL]|Aura
13:52:36.594 (594841916)|CODE_UNIT_FINISHED|Aura
13:52:36.0 (674933032)|HEAP_ALLOCATE|[EXTERNAL]|Bytes:1
13:52:36.0 (674965159)|HEAP_ALLOCATE|[EXTERNAL]|Bytes:1
13:52:36.676 (676922075)|USER_INFO|[EXTERNAL]|005B0000001VpZR|rreboucas-yi5c@force.com|Pacific Standard Time|GMT-07:00
13:52:36.676 (677062515)|STATEMENT_EXECUTE|[1]
13:52:36.676 (677080630)|HEAP_ALLOCATE|[EXTERNAL]|Bytes:5
13:52:36.676 (677103932)|METHOD_EXIT|[1]|RecordTimelineServerController
13:52:36.676 (677110551)|HEAP_ALLOCATE|[EXTERNAL]|Bytes:1
13:52:36.676 (677112201)|HEAP_ALLOCATE|[EXTERNAL]|Bytes:29
13:52:36.676 (677113582)|HEAP_ALLOCATE|[EXTERNAL]|Bytes:17
13:52:36.676 (677114745)|HEAP_ALLOCATE|[EXTERNAL]|Bytes:7
13:52:36.676 (677115960)|HEAP_ALLOCATE|[EXTERNAL]|Bytes:12
13:52:36.676 (677117096)|HEAP_ALLOCATE|[EXTERNAL]|Bytes:4
13:52:36.676 (677118298)|HEAP_ALLOCATE|[EXTERNAL]|Bytes:9
13:52:36.676 (677119462)|HEAP_ALLOCATE|[EXTERNAL]|Bytes:17
13:52:36.676 (677127904)|VARIABLE_SCOPE_BEGIN|[22]|recordID|String|false|false
13:52:36.676 (677162760)|VARIABLE_ASSIGNMENT|[22]|recordID|null
13:52:36.676 (677166326)|VARIABLE_SCOPE_BEGIN|[22]|rowsLimit|String|false|false
13:52:36.676 (677173338)|VARIABLE_ASSIGNMENT|[22]|rowsLimit|"4"
13:52:36.676 (677175188)|VARIABLE_SCOPE_BEGIN|[22]|objectApiName|String|false|false
13:52:36.676 (677182564)|VARIABLE_ASSIGNMENT|[22]|objectApiName|"testautonumdata__Int (9 more) ..."
13:52:36.676 (677184649)|VARIABLE_SCOPE_BEGIN|[22]|filter1Field|String|false|false
13:52:36.676 (677187231)|VARIABLE_ASSIGNMENT|[22]|filter1Field|null
13:52:36.676 (677189084)|VARIABLE_SCOPE_BEGIN|[22]|filter1Value|String|false|false
13:52:36.676 (677191113)|VARIABLE_ASSIGNMENT|[22]|filter1Value|null
13:52:36.676 (677193033)|VARIABLE_SCOPE_BEGIN|[22]|objectDateFieldName|String|false|false
13:52:36.676 (677196206)|VARIABLE_ASSIGNMENT|[22]|objectDateFieldName|"Interview_Date__c"
13:52:36.676 (677198421)|VARIABLE_SCOPE_BEGIN|[22]|objectDisplayDateFieldName|String|false|false
13:52:36.676 (677200962)|VARIABLE_ASSIGNMENT|[22]|objectDisplayDateFieldName|"Date__c"
13:52:36.676 (677202785)|VARIABLE_SCOPE_BEGIN|[22]|parentObjectIDFieldName|String|false|false
13:52:36.676 (677205309)|VARIABLE_ASSIGNMENT|[22]|parentObjectIDFieldName|"Candidate__c"
13:52:36.676 (677207231)|VARIABLE_SCOPE_BEGIN|[22]|detail1FieldAPIName|String|false|false
13:52:36.676 (677210031)|VARIABLE_ASSIGNMENT|[22]|detail1FieldAPIName|"Name"
13:52:36.676 (677211645)|VARIABLE_SCOPE_BEGIN|[22]|detail2FieldAPIName|String|false|false
13:52:36.676 (677214142)|VARIABLE_ASSIGNMENT|[22]|detail2FieldAPIName|"Status__c"
13:52:36.676 (677216181)|VARIABLE_SCOPE_BEGIN|[22]|titleFieldAPIName|String|false|false
13:52:36.676 (677218983)|VARIABLE_ASSIGNMENT|[22]|titleFieldAPIName|"Interview_Type__c"
13:52:36.676 (677220628)|VARIABLE_SCOPE_BEGIN|[22]|subtitleFieldAPIName|String|false|false
13:52:36.676 (677222886)|VARIABLE_ASSIGNMENT|[22]|subtitleFieldAPIName|null
13:52:36.676 (677234614)|HEAP_ALLOCATE|[24]|Bytes:5
13:52:36.676 (677239339)|STATEMENT_EXECUTE|[22]
13:52:36.676 (677240915)|STATEMENT_EXECUTE|[24]
13:52:36.676 (677244982)|HEAP_ALLOCATE|[24]|Bytes:52
13:52:36.676 (677260595)|HEAP_ALLOCATE|[24]|Bytes:53
13:52:36.676 (677289513)|ENTERING_MANAGED_PKG|
13:52:36.676 (677325891)|USER_DEBUG|[24]|DEBUG|######## RecordTimelineServerController: rowsLimit: 4
13:52:36.676 (677335809)|STATEMENT_EXECUTE|[25]
13:52:36.676 (677340218)|HEAP_ALLOCATE|[25]|Bytes:56
13:52:36.676 (677347089)|HEAP_ALLOCATE|[25]|Bytes:85
13:52:36.676 (677357775)|ENTERING_MANAGED_PKG|
13:52:36.676 (677373907)|USER_DEBUG|[25]|DEBUG|######## RecordTimelineServerController: objectApiName: testautonumdata__Interview__c
13:52:36.676 (677380915)|STATEMENT_EXECUTE|[27]
13:52:36.676 (677429228)|HEAP_ALLOCATE|[27]|Bytes:4
13:52:36.676 (677533514)|ENTERING_MANAGED_PKG|
13:52:36.676 (677567317)|VARIABLE_SCOPE_BEGIN|[27]|lstReturnRecords|List<testautonumdata.RecordTimelineServerController>|true|false
13:52:36.676 (677605183)|HEAP_ALLOCATE|[EXTERNAL]|Bytes:4
13:52:36.676 (677627336)|VARIABLE_ASSIGNMENT|[27]|lstReturnRecords|{"s":1,"v":[]}|0x10bf5519
13:52:36.676 (677645380)|ENTERING_MANAGED_PKG|
13:52:36.676 (677682109)|STATEMENT_EXECUTE|[28]
13:52:36.676 (677684757)|STATEMENT_EXECUTE|[118]
13:52:36.677 (677735637)|CUMULATIVE_LIMIT_USAGE
13:52:36.677 (677735637)|LIMIT_USAGE_FOR_NS|(default)|
  Number of SOQL queries: 0 out of 100
  Number of query rows: 0 out of 50000
  Number of SOSL queries: 0 out of 20
  Number of DML statements: 0 out of 150
  Number of DML rows: 0 out of 10000
  Maximum CPU time: 0 out of 10000
  Maximum heap size: 0 out of 6000000
  Number of callouts: 0 out of 100
  Number of Email Invocations: 0 out of 10
  Number of future calls: 0 out of 50
  Number of queueable jobs added to the queue: 0 out of 50
  Number of Mobile Apex push calls: 0 out of 10

13:52:36.677 (677735637)|CUMULATIVE_LIMIT_USAGE_END

13:52:36.676 (677784927)|CODE_UNIT_FINISHED|RecordTimelineServerController.getListRecords
