38.0 APEX_CODE,FINEST;APEX_PROFILING,INFO;CALLOUT,INFO;DB,INFO;SYSTEM,DEBUG;VALIDATION,INFO;VISUALFORCE,INFO;WORKFLOW,INFO
09:54:35.0 (113514)|USER_INFO|[EXTERNAL]|005B0000001VpZR|rreboucas-yi5c@force.com|Pacific Standard Time|GMT-07:00
09:54:35.2 (2692292)|CODE_UNIT_STARTED|[EXTERNAL]|01pB0000000r382|Twitter_Lightning_Controller.getRecordDetails
09:54:35.2 (2767053)|VARIABLE_SCOPE_BEGIN|[3]|Twitter_Lightning_Controller.mapObjectsFields|Map<String,Set<String>>|true|true
09:54:35.2 (2844564)|HEAP_ALLOCATE|[EXTERNAL]|Bytes:384
09:54:35.2 (2899897)|HEAP_ALLOCATE|[EXTERNAL]|Bytes:56
09:54:35.2 (2906800)|HEAP_ALLOCATE|[EXTERNAL]|Bytes:114
09:54:35.2 (2957810)|METHOD_ENTRY|[1]|01pB0000000r382|Twitter_Lightning_Controller.Twitter_Lightning_Controller()
09:54:35.2 (2965772)|STATEMENT_EXECUTE|[1]
09:54:35.2 (2975669)|STATEMENT_EXECUTE|[1]
09:54:35.2 (3030555)|HEAP_ALLOCATE|[50]|Bytes:5
09:54:35.2 (3082464)|HEAP_ALLOCATE|[56]|Bytes:5
09:54:35.2 (3096703)|HEAP_ALLOCATE|[64]|Bytes:7
09:54:35.2 (3135112)|SYSTEM_MODE_ENTER|false
09:54:35.2 (3166047)|HEAP_ALLOCATE|[3]|Bytes:5
09:54:35.2 (3172659)|STATEMENT_EXECUTE|[3]
09:54:35.2 (3230288)|VARIABLE_ASSIGNMENT|[3]|Twitter_Lightning_Controller.mapObjectsFields|null|
09:54:35.2 (3241368)|SYSTEM_MODE_EXIT|false
09:54:35.2 (3279806)|METHOD_EXIT|[1]|Twitter_Lightning_Controller
09:54:35.2 (3289178)|HEAP_ALLOCATE|[EXTERNAL]|Bytes:18
09:54:35.2 (3293027)|HEAP_ALLOCATE|[EXTERNAL]|Bytes:29
09:54:35.2 (3295495)|HEAP_ALLOCATE|[EXTERNAL]|Bytes:30
09:54:35.2 (3312567)|SYSTEM_MODE_ENTER|false
09:54:35.2 (3321569)|VARIABLE_SCOPE_BEGIN|[82]|recordID|String|false|false
09:54:35.2 (3336004)|VARIABLE_ASSIGNMENT|[82]|recordID|"003B0000003yTNaIAM"
09:54:35.2 (3339360)|VARIABLE_SCOPE_BEGIN|[82]|objectApiName|String|false|false
09:54:35.2 (3346707)|VARIABLE_ASSIGNMENT|[82]|objectApiName|"testautonumdata__Can (9 more) ..."
09:54:35.2 (3349729)|VARIABLE_SCOPE_BEGIN|[82]|twitterIDFieldApiName|String|false|false
09:54:35.2 (3355524)|VARIABLE_ASSIGNMENT|[82]|twitterIDFieldApiName|"testautonumdata__Twi (10 more) ..."
09:54:35.2 (3358463)|VARIABLE_SCOPE_BEGIN|[82]|firstName|String|false|false
09:54:35.2 (3363172)|VARIABLE_ASSIGNMENT|[82]|firstName|null
09:54:35.2 (3366417)|VARIABLE_SCOPE_BEGIN|[82]|lastName|String|false|false
09:54:35.2 (3374233)|VARIABLE_ASSIGNMENT|[82]|lastName|null
09:54:35.2 (3377063)|VARIABLE_SCOPE_BEGIN|[82]|companyName|String|false|false
09:54:35.2 (3381019)|VARIABLE_ASSIGNMENT|[82]|companyName|null
09:54:35.2 (3383542)|VARIABLE_SCOPE_BEGIN|[82]|email|String|false|false
09:54:35.2 (3387378)|VARIABLE_ASSIGNMENT|[82]|email|null
09:54:35.2 (3405936)|HEAP_ALLOCATE|[84]|Bytes:5
09:54:35.2 (3412650)|STATEMENT_EXECUTE|[82]
09:54:35.2 (3414781)|STATEMENT_EXECUTE|[84]
09:54:35.2 (3425913)|VARIABLE_SCOPE_BEGIN|[84]|hasTwitterMemberID|Boolean|false|false
09:54:35.2 (3432989)|HEAP_ALLOCATE|[84]|Bytes:5
09:54:35.2 (3441882)|VARIABLE_ASSIGNMENT|[84]|hasTwitterMemberID|false
09:54:35.2 (3445064)|STATEMENT_EXECUTE|[85]
09:54:35.2 (3452444)|HEAP_ALLOCATE|[85]|Bytes:64
09:54:35.2 (3504834)|CONSTRUCTOR_ENTRY|[85]|01pB0000000r382|<init>()
09:54:35.2 (3566353)|VARIABLE_SCOPE_BEGIN|[1]|this|testautonumdata.Twitter_Lightning_Controller|true|false
09:54:35.2 (3627389)|VARIABLE_ASSIGNMENT|[1]|this|{}|0x7181ff46
09:54:35.2 (3636940)|HEAP_ALLOCATE|[EXTERNAL]|Bytes:5
09:54:35.2 (3646950)|HEAP_ALLOCATE|[EXTERNAL]|Bytes:6
09:54:35.2 (3672829)|STATEMENT_EXECUTE|[1]
09:54:35.2 (3677915)|HEAP_ALLOCATE|[EXTERNAL]|Bytes:5
09:54:35.2 (3680410)|STATEMENT_EXECUTE|[6]
09:54:35.2 (3681613)|STATEMENT_EXECUTE|[8]
09:54:35.2 (3682574)|STATEMENT_EXECUTE|[10]
09:54:35.2 (3683655)|STATEMENT_EXECUTE|[12]
09:54:35.2 (3684545)|STATEMENT_EXECUTE|[14]
09:54:35.2 (3685705)|STATEMENT_EXECUTE|[16]
09:54:35.2 (3686931)|STATEMENT_EXECUTE|[18]
09:54:35.2 (3687867)|STATEMENT_EXECUTE|[20]
09:54:35.2 (3688741)|STATEMENT_EXECUTE|[22]
09:54:35.2 (3689716)|STATEMENT_EXECUTE|[24]
09:54:35.2 (3690667)|STATEMENT_EXECUTE|[26]
09:54:35.2 (3691626)|STATEMENT_EXECUTE|[28]
09:54:35.2 (3692505)|STATEMENT_EXECUTE|[30]
09:54:35.2 (3693468)|STATEMENT_EXECUTE|[32]
09:54:35.2 (3694345)|STATEMENT_EXECUTE|[34]
09:54:35.2 (3724434)|CONSTRUCTOR_EXIT|[85]|01pB0000000r382|<init>()
09:54:35.2 (3735876)|VARIABLE_SCOPE_BEGIN|[85]|returnRec|testautonumdata.Twitter_Lightning_Controller|true|false
09:54:35.2 (3776741)|VARIABLE_ASSIGNMENT|[85]|returnRec|{}|0x7181ff46
09:54:35.2 (3780418)|STATEMENT_EXECUTE|[88]
09:54:35.2 (3788765)|HEAP_ALLOCATE|[88]|Bytes:4
09:54:35.2 (3835446)|VARIABLE_ASSIGNMENT|[88]|Twitter_Lightning_Controller.mapObjectsFields|{"s":1,"v":{}}|0x42be16fd
09:54:35.2 (3883543)|ENTERING_MANAGED_PKG|
09:54:35.2 (3958078)|STATEMENT_EXECUTE|[91]
09:54:35.2 (3960770)|STATEMENT_EXECUTE|[92]
09:54:35.2 (3965168)|HEAP_ALLOCATE|[92]|Bytes:9
09:54:35.2 (3970503)|VARIABLE_SCOPE_BEGIN|[92]|soql|String|false|false
09:54:35.2 (3979451)|VARIABLE_ASSIGNMENT|[92]|soql|"Select id"
09:54:35.2 (3982526)|STATEMENT_EXECUTE|[93]
09:54:35.2 (3987299)|HEAP_ALLOCATE|[93]|Bytes:2
09:54:35.2 (4146716)|HEAP_ALLOCATE|[93]|Bytes:19
09:54:35.2 (4156482)|HEAP_ALLOCATE|[93]|Bytes:28
09:54:35.2 (4170588)|METHOD_ENTRY|[1]|01pB0000000ljzx|Sparkle_Helper.Sparkle_Helper()
09:54:35.2 (4174711)|STATEMENT_EXECUTE|[1]
09:54:35.2 (4179175)|STATEMENT_EXECUTE|[1]
09:54:35.2 (4191242)|HEAP_ALLOCATE|[93]|Bytes:5
09:54:35.2 (4203875)|METHOD_EXIT|[1]|Sparkle_Helper
09:54:35.2 (4223032)|METHOD_ENTRY|[93]|01pB0000000ljzx|testautonumdata.Sparkle_Helper.AddFieldToObjectsMap(String, String, Map<String,Set<String>>)
09:54:35.2 (4252217)|VARIABLE_SCOPE_BEGIN|[107]|fieldName|String|false|false
09:54:35.2 (4262909)|VARIABLE_ASSIGNMENT|[107]|fieldName|"Id"
09:54:35.2 (4266038)|VARIABLE_SCOPE_BEGIN|[107]|initialObjectName|String|false|false
09:54:35.2 (4273138)|VARIABLE_ASSIGNMENT|[107]|initialObjectName|"testautonumdata__Can (9 more) ..."
09:54:35.2 (4280476)|VARIABLE_SCOPE_BEGIN|[107]|theMap|Map<String,Set<String>>|true|false
09:54:35.2 (4293377)|VARIABLE_ASSIGNMENT|[107]|theMap|{"s":1,"v":{}}|0x42be16fd
09:54:35.2 (4303886)|HEAP_ALLOCATE|[109]|Bytes:5
09:54:35.2 (4309796)|STATEMENT_EXECUTE|[108]
09:54:35.2 (4314576)|HEAP_ALLOCATE|[109]|Bytes:1
09:54:35.2 (4336730)|ENTERING_MANAGED_PKG|
09:54:35.2 (4393220)|STATEMENT_EXECUTE|[150]
09:54:35.2 (4408806)|METHOD_ENTRY|[150]|01pB0000000ljzx|testautonumdata.Sparkle_Helper.AddFieldToMap(String, String, Map<String,Set<String>>)
09:54:35.2 (4437444)|VARIABLE_SCOPE_BEGIN|[157]|fieldName|String|false|false
09:54:35.2 (4445772)|VARIABLE_ASSIGNMENT|[157]|fieldName|"Id"
09:54:35.2 (4448735)|VARIABLE_SCOPE_BEGIN|[157]|ObjectName|String|false|false
09:54:35.2 (4456115)|VARIABLE_ASSIGNMENT|[157]|ObjectName|"testautonumdata__Can (9 more) ..."
09:54:35.2 (4459395)|VARIABLE_SCOPE_BEGIN|[157]|theMap|Map<String,Set<String>>|true|false
09:54:35.2 (4471035)|VARIABLE_ASSIGNMENT|[157]|theMap|{"s":1,"v":{}}|0x42be16fd
09:54:35.2 (4481718)|HEAP_ALLOCATE|[160]|Bytes:5
09:54:35.2 (4487381)|STATEMENT_EXECUTE|[158]
09:54:35.2 (4520848)|ENTERING_MANAGED_PKG|
09:54:35.2 (4570894)|STATEMENT_EXECUTE|[167]
09:54:35.2 (4573967)|STATEMENT_EXECUTE|[168]
09:54:35.2 (4629790)|HEAP_ALLOCATE|[168]|Bytes:4
09:54:35.2 (4657370)|ENTERING_MANAGED_PKG|
09:54:35.2 (4698898)|VARIABLE_SCOPE_BEGIN|[168]|newFieldSet|Set<String>|true|false
09:54:35.2 (4752564)|VARIABLE_ASSIGNMENT|[168]|newFieldSet|{"s":1,"v":[]}|0x3027f08c
09:54:35.2 (4761335)|STATEMENT_EXECUTE|[169]
09:54:35.2 (4772664)|ENTERING_MANAGED_PKG|
09:54:35.2 (4803433)|HEAP_ALLOCATE|[EXTERNAL]|Bytes:4
09:54:35.2 (4812791)|STATEMENT_EXECUTE|[170]
09:54:35.2 (4821331)|ENTERING_MANAGED_PKG|
09:54:35.2 (4849608)|HEAP_ALLOCATE|[EXTERNAL]|Bytes:-4
09:54:35.2 (4863730)|METHOD_EXIT|[150]|01pB0000000ljzx|testautonumdata.Sparkle_Helper.AddFieldToMap(String, String, Map<String,Set<String>>)
09:54:35.2 (4870754)|METHOD_EXIT|[93]|01pB0000000ljzx|testautonumdata.Sparkle_Helper.AddFieldToObjectsMap(String, String, Map<String,Set<String>>)
09:54:35.2 (4874589)|STATEMENT_EXECUTE|[95]
09:54:35.2 (4876089)|STATEMENT_EXECUTE|[96]
09:54:35.2 (4880028)|HEAP_ALLOCATE|[96]|Bytes:2
09:54:35.2 (4896758)|ENTERING_MANAGED_PKG|
09:54:35.2 (4919999)|HEAP_ALLOCATE|[96]|Bytes:30
09:54:35.2 (4939033)|HEAP_ALLOCATE|[96]|Bytes:32
09:54:35.2 (4945193)|HEAP_ALLOCATE|[96]|Bytes:41
09:54:35.2 (4957757)|VARIABLE_ASSIGNMENT|[96]|soql|"Select id, testauton (21 more) ..."
09:54:35.2 (4961292)|STATEMENT_EXECUTE|[97]
09:54:35.2 (4970637)|METHOD_ENTRY|[97]|01pB0000000ljzx|testautonumdata.Sparkle_Helper.AddFieldToObjectsMap(String, String, Map<String,Set<String>>)
09:54:35.2 (4987715)|VARIABLE_SCOPE_BEGIN|[107]|fieldName|String|false|false
09:54:35.2 (4995705)|VARIABLE_ASSIGNMENT|[107]|fieldName|"testautonumdata__Twi (10 more) ..."
09:54:35.2 (4999381)|VARIABLE_SCOPE_BEGIN|[107]|initialObjectName|String|false|false
09:54:35.2 (5006285)|VARIABLE_ASSIGNMENT|[107]|initialObjectName|"testautonumdata__Can (9 more) ..."
09:54:35.2 (5010019)|VARIABLE_SCOPE_BEGIN|[107]|theMap|Map<String,Set<String>>|true|false
09:54:35.2 (5033555)|VARIABLE_ASSIGNMENT|[107]|theMap|{"s":1,"v":{"testautonumdata__Can (9 more) ...":{"s":2,"v":["Id"]}}}|0x42be16fd
09:54:35.2 (5046350)|HEAP_ALLOCATE|[109]|Bytes:5
09:54:35.2 (5053581)|STATEMENT_EXECUTE|[108]
09:54:35.2 (5070793)|ENTERING_MANAGED_PKG|
09:54:35.2 (5085459)|STATEMENT_EXECUTE|[150]
09:54:35.2 (5095431)|METHOD_ENTRY|[150]|01pB0000000ljzx|testautonumdata.Sparkle_Helper.AddFieldToMap(String, String, Map<String,Set<String>>)
09:54:35.2 (5102316)|VARIABLE_SCOPE_BEGIN|[157]|fieldName|String|false|false
09:54:35.2 (5112672)|VARIABLE_ASSIGNMENT|[157]|fieldName|"testautonumdata__Twi (10 more) ..."
09:54:35.2 (5115559)|VARIABLE_SCOPE_BEGIN|[157]|ObjectName|String|false|false
09:54:35.2 (5121004)|VARIABLE_ASSIGNMENT|[157]|ObjectName|"testautonumdata__Can (9 more) ..."
09:54:35.2 (5123449)|VARIABLE_SCOPE_BEGIN|[157]|theMap|Map<String,Set<String>>|true|false
09:54:35.2 (5149729)|VARIABLE_ASSIGNMENT|[157]|theMap|{"s":1,"v":{"testautonumdata__Can (9 more) ...":{"s":2,"v":["Id"]}}}|0x42be16fd
09:54:35.2 (5160340)|HEAP_ALLOCATE|[160]|Bytes:5
09:54:35.2 (5165986)|STATEMENT_EXECUTE|[158]
09:54:35.2 (5175327)|ENTERING_MANAGED_PKG|
09:54:35.2 (5184729)|STATEMENT_EXECUTE|[161]
09:54:35.2 (5187050)|STATEMENT_EXECUTE|[162]
09:54:35.2 (5195515)|ENTERING_MANAGED_PKG|
09:54:35.2 (5247521)|VARIABLE_SCOPE_BEGIN|[162]|existingFieldSet|Set<String>|true|false
09:54:35.2 (5268591)|VARIABLE_ASSIGNMENT|[162]|existingFieldSet|{"s":1,"v":["Id"]}|0x3027f08c
09:54:35.2 (5273848)|STATEMENT_EXECUTE|[163]
09:54:35.2 (5284647)|ENTERING_MANAGED_PKG|
09:54:35.2 (5320735)|HEAP_ALLOCATE|[EXTERNAL]|Bytes:4
09:54:35.2 (5331634)|STATEMENT_EXECUTE|[164]
09:54:35.2 (5342311)|ENTERING_MANAGED_PKG|
09:54:35.2 (5395639)|METHOD_EXIT|[150]|01pB0000000ljzx|testautonumdata.Sparkle_Helper.AddFieldToMap(String, String, Map<String,Set<String>>)
09:54:35.2 (5406909)|METHOD_EXIT|[97]|01pB0000000ljzx|testautonumdata.Sparkle_Helper.AddFieldToObjectsMap(String, String, Map<String,Set<String>>)
09:54:35.2 (5414018)|STATEMENT_EXECUTE|[100]
09:54:35.2 (5417922)|STATEMENT_EXECUTE|[105]
09:54:35.2 (5420707)|STATEMENT_EXECUTE|[110]
09:54:35.2 (5423069)|STATEMENT_EXECUTE|[115]
09:54:35.2 (5424881)|STATEMENT_EXECUTE|[121]
09:54:35.2 (5430912)|HEAP_ALLOCATE|[121]|Bytes:6
09:54:35.2 (5453802)|ENTERING_MANAGED_PKG|
09:54:35.2 (5483050)|HEAP_ALLOCATE|[121]|Bytes:29
09:54:35.2 (5503597)|HEAP_ALLOCATE|[121]|Bytes:35
09:54:35.2 (5510429)|HEAP_ALLOCATE|[121]|Bytes:76
09:54:35.2 (5526009)|VARIABLE_ASSIGNMENT|[121]|soql|"Select id, testauton (56 more) ..."
09:54:35.2 (5529799)|STATEMENT_EXECUTE|[123]
09:54:35.2 (5534221)|HEAP_ALLOCATE|[123]|Bytes:12
09:54:35.2 (5549333)|ENTERING_MANAGED_PKG|
09:54:35.2 (5577844)|HEAP_ALLOCATE|[123]|Bytes:18
09:54:35.2 (5596012)|HEAP_ALLOCATE|[123]|Bytes:1
09:54:35.2 (5612512)|HEAP_ALLOCATE|[123]|Bytes:31
09:54:35.2 (5619690)|HEAP_ALLOCATE|[123]|Bytes:107
09:54:35.2 (5632495)|VARIABLE_ASSIGNMENT|[123]|soql|"Select id, testauton (87 more) ..."
09:54:35.2 (5636183)|STATEMENT_EXECUTE|[126]
09:54:35.2 (5640674)|HEAP_ALLOCATE|[126]|Bytes:8
09:54:35.2 (5647579)|HEAP_ALLOCATE|[126]|Bytes:115
09:54:35.2 (5656834)|VARIABLE_ASSIGNMENT|[126]|soql|"Select id, testauton (95 more) ..."
09:54:35.2 (5660197)|STATEMENT_EXECUTE|[128]
09:54:35.2 (5664285)|HEAP_ALLOCATE|[128]|Bytes:15
09:54:35.2 (5675557)|HEAP_ALLOCATE|[128]|Bytes:130
09:54:35.2 (5706730)|ENTERING_MANAGED_PKG|
09:54:35.2 (5868777)|USER_DEBUG|[128]|DEBUG|######## soql: Select id, testautonumdata__Twitter_ID__c FROM testautonumdata__Candidate__c WHERE id ='003B0000003yTNaIAM' limit 1
09:54:35.2 (5892810)|METHOD_ENTRY|[132]|01pB0000000ljzx|testautonumdata.Sparkle_Helper.UserHasAccessToObjectsAndFields(Map<String,Set<String>>)
09:54:35.2 (5910922)|VARIABLE_SCOPE_BEGIN|[175]|theMap|Map<String,Set<String>>|true|false
09:54:35.2 (5934492)|VARIABLE_ASSIGNMENT|[175]|theMap|{"s":1,"v":{"testautonumdata__Can (9 more) ...":{"s":2,"v":["Id","testautonumdata__Twi (10 more) ..."]}}}|0x42be16fd
09:54:35.2 (5949056)|HEAP_ALLOCATE|[177]|Bytes:5
09:54:35.2 (5955674)|STATEMENT_EXECUTE|[176]
09:54:35.2 (5957843)|STATEMENT_EXECUTE|[177]
09:54:35.2 (5963029)|VARIABLE_SCOPE_BEGIN|[177]|hasAccess|Boolean|false|false
09:54:35.2 (5967989)|HEAP_ALLOCATE|[177]|Bytes:5
09:54:35.2 (5976311)|VARIABLE_ASSIGNMENT|[177]|hasAccess|true
09:54:35.2 (5989422)|ENTERING_MANAGED_PKG|
09:54:35.2 (6027451)|STATEMENT_EXECUTE|[180]
09:54:35.2 (6032296)|STATEMENT_EXECUTE|[181]
09:54:35.2 (6038318)|HEAP_ALLOCATE|[181]|Bytes:17
09:54:35.2 (6063346)|ENTERING_MANAGED_PKG|
09:54:35.2 (6115448)|HEAP_ALLOCATE|[181]|Bytes:68
09:54:35.2 (6136278)|HEAP_ALLOCATE|[181]|Bytes:85
09:54:35.2 (6152480)|ENTERING_MANAGED_PKG|
09:54:35.2 (6156415)|USER_DEBUG|[181]|DEBUG|######## theMap: {testautonumdata__Candidate__c={Id, testautonumdata__Twitter_ID__c}}
09:54:35.2 (6173439)|HEAP_ALLOCATE|[182]|Bytes:4
09:54:35.2 (6193690)|ENTERING_MANAGED_PKG|
09:54:35.2 (6237708)|ENTERING_MANAGED_PKG|
09:54:35.2 (6256406)|HEAP_ALLOCATE|[182]|Bytes:37
09:54:35.2 (6273347)|ENTERING_MANAGED_PKG|
09:54:35.2 (6281736)|HEAP_ALLOCATE|[182]|Bytes:4
09:54:35.2 (6296418)|ENTERING_MANAGED_PKG|
09:54:35.2 (6369979)|HEAP_ALLOCATE|[182]|Bytes:5
09:54:35.2 (6413799)|VARIABLE_SCOPE_BEGIN|[182]|objectName|String|false|false
09:54:35.2 (6425697)|VARIABLE_ASSIGNMENT|[182]|objectName|"testautonumdata__Can (9 more) ..."
09:54:35.2 (6430484)|STATEMENT_EXECUTE|[183]
09:54:35.2 (6432326)|STATEMENT_EXECUTE|[184]
09:54:35.2 (6437235)|HEAP_ALLOCATE|[184]|Bytes:21
09:54:35.2 (6450018)|HEAP_ALLOCATE|[184]|Bytes:50
09:54:35.2 (6461860)|ENTERING_MANAGED_PKG|
09:54:35.2 (6487062)|USER_DEBUG|[184]|DEBUG|######## objectName: testautonumdata__Candidate__c
09:54:35.2 (6498413)|STATEMENT_EXECUTE|[185]
09:54:35.2 (6516668)|ENTERING_MANAGED_PKG|
09:54:35.2 (25309495)|HEAP_ALLOCATE|[185]|Bytes:1648
09:54:35.2 (25347804)|ENTERING_MANAGED_PKG|
09:54:35.2 (25511615)|HEAP_ALLOCATE|[185]|Bytes:4
09:54:35.2 (25522109)|VARIABLE_SCOPE_BEGIN|[185]|sObj|SObject|true|false
09:54:35.2 (25542444)|VARIABLE_ASSIGNMENT|[185]|sObj|{}|0x22625c5b
09:54:35.2 (25547515)|STATEMENT_EXECUTE|[186]
09:54:35.2 (25579022)|ENTERING_MANAGED_PKG|
09:54:35.2 (26037738)|HEAP_ALLOCATE|[186]|Bytes:4
09:54:35.2 (26876769)|HEAP_ALLOCATE|[186]|Bytes:140
09:54:35.2 (26887738)|VARIABLE_SCOPE_BEGIN|[186]|m|Map<String,Schema.SObjectField>|true|false
09:54:35.2 (27280685)|VARIABLE_ASSIGNMENT|[186]|m|"{createdbyid=CreatedById, createddate=CreatedDate, id=Id, isdeleted=IsDeleted, lastactivitydate=LastActivityDate, lastmodifiedbyid=LastModifiedById, lastmodifieddate=LastModifiedDate, lastreferenceddate=LastReferencedDate, lastvieweddate=LastViewedDate, name=Name, ...}"|0x5c117c01
09:54:35.2 (27290876)|STATEMENT_EXECUTE|[187]
09:54:35.2 (27306734)|ENTERING_MANAGED_PKG|
09:54:35.2 (27365107)|VARIABLE_SCOPE_BEGIN|[187]|objectFieldSet|Set<String>|true|false
09:54:35.2 (27392033)|VARIABLE_ASSIGNMENT|[187]|objectFieldSet|{"s":1,"v":["Id","testautonumdata__Twi (10 more) ..."]}|0x3027f08c
09:54:35.2 (27403551)|HEAP_ALLOCATE|[189]|Bytes:4
09:54:35.2 (27423197)|ENTERING_MANAGED_PKG|
09:54:35.2 (27466661)|ENTERING_MANAGED_PKG|
09:54:35.2 (27475736)|HEAP_ALLOCATE|[189]|Bytes:8
09:54:35.2 (27488826)|ENTERING_MANAGED_PKG|
09:54:35.2 (27518502)|HEAP_ALLOCATE|[189]|Bytes:5
09:54:35.2 (27538662)|VARIABLE_SCOPE_BEGIN|[189]|fieldToCheck|String|false|false
09:54:35.2 (27547786)|VARIABLE_ASSIGNMENT|[189]|fieldToCheck|"Id"
09:54:35.2 (27552918)|STATEMENT_EXECUTE|[189]
09:54:35.2 (27555144)|STATEMENT_EXECUTE|[190]
09:54:35.2 (27561183)|HEAP_ALLOCATE|[190]|Bytes:23
09:54:35.2 (27572535)|HEAP_ALLOCATE|[190]|Bytes:25
09:54:35.2 (27589669)|ENTERING_MANAGED_PKG|
09:54:35.2 (27616401)|USER_DEBUG|[190]|DEBUG|######## fieldToCheck: Id
09:54:35.2 (27636644)|ENTERING_MANAGED_PKG|
09:54:35.2 (28022510)|HEAP_ALLOCATE|[192]|Bytes:8
09:54:35.2 (28056217)|STATEMENT_EXECUTE|[192]
09:54:35.2 (28060131)|STATEMENT_EXECUTE|[199]
09:54:35.2 (28065316)|HEAP_ALLOCATE|[199]|Bytes:35
09:54:35.2 (28080115)|HEAP_ALLOCATE|[199]|Bytes:37
09:54:35.2 (28094074)|ENTERING_MANAGED_PKG|
09:54:35.2 (28121722)|USER_DEBUG|[199]|DEBUG|######## User has access to field: Id
09:54:35.2 (28145062)|HEAP_ALLOCATE|[189]|Bytes:5
09:54:35.2 (28166378)|VARIABLE_SCOPE_BEGIN|[189]|fieldToCheck|String|false|false
09:54:35.2 (28179578)|VARIABLE_ASSIGNMENT|[189]|fieldToCheck|"testautonumdata__Twi (10 more) ..."
09:54:35.2 (28184201)|STATEMENT_EXECUTE|[189]
09:54:35.2 (28186034)|STATEMENT_EXECUTE|[190]
09:54:35.2 (28194003)|HEAP_ALLOCATE|[190]|Bytes:53
09:54:35.2 (28204825)|ENTERING_MANAGED_PKG|
09:54:35.2 (28208677)|USER_DEBUG|[190]|DEBUG|######## fieldToCheck: testautonumdata__Twitter_ID__c
09:54:35.2 (28219665)|ENTERING_MANAGED_PKG|
09:54:35.2 (28858396)|HEAP_ALLOCATE|[192]|Bytes:8
09:54:35.2 (28873863)|STATEMENT_EXECUTE|[192]
09:54:35.2 (28875856)|STATEMENT_EXECUTE|[199]
09:54:35.2 (28881762)|HEAP_ALLOCATE|[199]|Bytes:65
09:54:35.2 (28889285)|ENTERING_MANAGED_PKG|
09:54:35.2 (28892153)|USER_DEBUG|[199]|DEBUG|######## User has access to field: testautonumdata__Twitter_ID__c
09:54:35.2 (28904561)|HEAP_ALLOCATE|[189]|Bytes:5
09:54:35.2 (28917517)|VARIABLE_ASSIGNMENT|[189]|fieldToCheck|null
09:54:35.2 (28928343)|HEAP_ALLOCATE|[182]|Bytes:5
09:54:35.2 (28942261)|VARIABLE_ASSIGNMENT|[182]|objectName|null
09:54:35.2 (28946629)|STATEMENT_EXECUTE|[206]
09:54:35.2 (28950442)|HEAP_ALLOCATE|[206]|Bytes:5
09:54:35.2 (28964226)|METHOD_EXIT|[132]|01pB0000000ljzx|testautonumdata.Sparkle_Helper.UserHasAccessToObjectsAndFields(Map<String,Set<String>>)
09:54:35.2 (28968755)|STATEMENT_EXECUTE|[133]
09:54:35.2 (28970065)|STATEMENT_EXECUTE|[135]
09:54:35.2 (28996392)|ENTERING_MANAGED_PKG|
09:54:35.2 (29038221)|HEAP_ALLOCATE|[135]|Bytes:5
09:54:35.2 (29440395)|SOQL_EXECUTE_BEGIN|[135]|Aggregations:0|Select id, testautonumdata__Twitter_ID__c FROM testautonumdata__Candidate__c WHERE id ='003B0000003yTNaIAM' limit 1
09:54:35.2 (32834165)|SOQL_EXECUTE_END|[135]|Rows:0
09:54:35.2 (32881324)|HEAP_ALLOCATE|[135]|Bytes:4
09:54:35.2 (32899418)|HEAP_ALLOCATE|[135]|Bytes:0
09:54:35.2 (32971144)|HEAP_ALLOCATE|[135]|Bytes:4
09:54:35.2 (32996572)|VARIABLE_SCOPE_BEGIN|[135]|lstQueriedRecords|List<SObject>|true|false
09:54:35.2 (33019894)|VARIABLE_ASSIGNMENT|[135]|lstQueriedRecords|{"s":1,"v":[]}|0x6a7b3b9
09:54:35.2 (33120867)|ENTERING_MANAGED_PKG|
09:54:35.2 (33162583)|STATEMENT_EXECUTE|[136]
09:54:35.2 (33166723)|STATEMENT_EXECUTE|[177]
09:54:35.2 (33183574)|SYSTEM_MODE_EXIT|false
09:54:35.33 (33244103)|CUMULATIVE_LIMIT_USAGE
09:54:35.33 (33244103)|LIMIT_USAGE_FOR_NS|(default)|
  Number of SOQL queries: 0 out of 100
  Number of query rows: 0 out of 50000
  Number of SOSL queries: 0 out of 20
  Number of DML statements: 0 out of 150
  Number of DML rows: 0 out of 10000
  Maximum CPU time: 0 out of 10000
  Maximum heap size: 0 out of 6000000
  Number of callouts: 0 out of 100
  Number of Email Invocations: 0 out of 10
  Number of future calls: 0 out of 50
  Number of queueable jobs added to the queue: 0 out of 50
  Number of Mobile Apex push calls: 0 out of 10

09:54:35.33 (33244103)|LIMIT_USAGE_FOR_NS|testautonumdata|
  Number of SOQL queries: 1 out of 100
  Number of query rows: 0 out of 50000
  Number of SOSL queries: 0 out of 20
  Number of DML statements: 0 out of 150
  Number of DML rows: 0 out of 10000
  Maximum CPU time: 0 out of 10000
  Maximum heap size: 0 out of 6000000
  Number of callouts: 0 out of 100
  Number of Email Invocations: 0 out of 10
  Number of future calls: 0 out of 50
  Number of queueable jobs added to the queue: 0 out of 50
  Number of Mobile Apex push calls: 0 out of 10

09:54:35.33 (33244103)|CUMULATIVE_LIMIT_USAGE_END

09:54:35.35 (35434276)|CODE_UNIT_STARTED|[EXTERNAL]|Aura
09:54:35.131 (131072035)|CODE_UNIT_STARTED|[EXTERNAL]|01pB0000000lc8w|RelatedListServerController.getListRecords
09:54:35.131 (131150277)|VARIABLE_SCOPE_BEGIN|[3]|RelatedListServerController.mapObjectsFields|Map<String,Set<String>>|true|true
09:54:35.131 (131173023)|HEAP_ALLOCATE|[EXTERNAL]|Bytes:220
09:54:35.131 (131182494)|HEAP_ALLOCATE|[EXTERNAL]|Bytes:21
09:54:35.131 (131185514)|HEAP_ALLOCATE|[EXTERNAL]|Bytes:22
09:54:35.131 (131207693)|METHOD_ENTRY|[1]|01pB0000000lc8w|RelatedListServerController.RelatedListServerController()
09:54:35.131 (131212780)|STATEMENT_EXECUTE|[1]
09:54:35.131 (131222029)|STATEMENT_EXECUTE|[1]
09:54:35.131 (131232594)|SYSTEM_MODE_ENTER|false
09:54:35.131 (131246067)|HEAP_ALLOCATE|[3]|Bytes:5
09:54:35.131 (131250218)|STATEMENT_EXECUTE|[3]
09:54:35.131 (131289158)|VARIABLE_ASSIGNMENT|[3]|RelatedListServerController.mapObjectsFields|null|
09:54:35.131 (131297809)|SYSTEM_MODE_EXIT|false
09:54:35.131 (131310777)|METHOD_EXIT|[1]|RelatedListServerController
09:54:35.131 (131317191)|HEAP_ALLOCATE|[EXTERNAL]|Bytes:1
09:54:35.131 (131319359)|HEAP_ALLOCATE|[EXTERNAL]|Bytes:18
09:54:35.131 (131320942)|HEAP_ALLOCATE|[EXTERNAL]|Bytes:28
09:54:35.131 (131322410)|HEAP_ALLOCATE|[EXTERNAL]|Bytes:29
09:54:35.131 (131323871)|HEAP_ALLOCATE|[EXTERNAL]|Bytes:7
09:54:35.131 (131325215)|HEAP_ALLOCATE|[EXTERNAL]|Bytes:5
09:54:35.131 (131326585)|HEAP_ALLOCATE|[EXTERNAL]|Bytes:11
09:54:35.131 (131335473)|SYSTEM_MODE_ENTER|false
09:54:35.131 (131343480)|VARIABLE_SCOPE_BEGIN|[22]|rowsLimit|String|false|false
09:54:35.131 (131352880)|VARIABLE_ASSIGNMENT|[22]|rowsLimit|"8"
09:54:35.131 (131354972)|VARIABLE_SCOPE_BEGIN|[22]|recordId|String|false|false
09:54:35.131 (131358399)|VARIABLE_ASSIGNMENT|[22]|recordId|"003B0000003yTNaIAM"
09:54:35.131 (131360271)|VARIABLE_SCOPE_BEGIN|[22]|objectApiName|String|false|false
09:54:35.131 (131365095)|VARIABLE_ASSIGNMENT|[22]|objectApiName|"testautonumdata__Ref (8 more) ..."
09:54:35.131 (131367081)|VARIABLE_SCOPE_BEGIN|[22]|ParentObjectFieldName|String|false|false
09:54:35.131 (131370604)|VARIABLE_ASSIGNMENT|[22]|ParentObjectFieldName|"testautonumdata__Can (9 more) ..."
09:54:35.131 (131372500)|VARIABLE_SCOPE_BEGIN|[22]|filter1Field|String|false|false
09:54:35.131 (131375898)|VARIABLE_ASSIGNMENT|[22]|filter1Field|null
09:54:35.131 (131377704)|VARIABLE_SCOPE_BEGIN|[22]|filter1Value|String|false|false
09:54:35.131 (131380131)|VARIABLE_ASSIGNMENT|[22]|filter1Value|null
09:54:35.131 (131381667)|VARIABLE_SCOPE_BEGIN|[22]|column1|String|false|false
09:54:35.131 (131384542)|VARIABLE_ASSIGNMENT|[22]|column1|"OwnerId"
09:54:35.131 (131386229)|VARIABLE_SCOPE_BEGIN|[22]|RelFieldWithName|String|false|false
09:54:35.131 (131389679)|VARIABLE_ASSIGNMENT|[22]|RelFieldWithName|"Owner"
09:54:35.131 (131392838)|VARIABLE_SCOPE_BEGIN|[22]|column2|String|false|false
09:54:35.131 (131397455)|VARIABLE_ASSIGNMENT|[22]|column2|"createddate"
09:54:35.131 (131408910)|HEAP_ALLOCATE|[24]|Bytes:5
09:54:35.131 (131417961)|STATEMENT_EXECUTE|[22]
09:54:35.131 (131419515)|STATEMENT_EXECUTE|[24]
09:54:35.131 (131423896)|HEAP_ALLOCATE|[24]|Bytes:20
09:54:35.131 (131439117)|HEAP_ALLOCATE|[24]|Bytes:21
09:54:35.131 (131469519)|ENTERING_MANAGED_PKG|
09:54:35.131 (131515349)|USER_DEBUG|[24]|DEBUG|######## rowsLimit: 8
09:54:35.131 (131525996)|STATEMENT_EXECUTE|[25]
09:54:35.131 (131534284)|HEAP_ALLOCATE|[25]|Bytes:24
09:54:35.131 (131541165)|HEAP_ALLOCATE|[25]|Bytes:52
09:54:35.131 (131550658)|ENTERING_MANAGED_PKG|
09:54:35.131 (131571580)|USER_DEBUG|[25]|DEBUG|######## objectApiName: testautonumdata__Referral__c
09:54:35.131 (131578844)|STATEMENT_EXECUTE|[28]
09:54:35.131 (131594835)|HEAP_ALLOCATE|[28]|Bytes:4
09:54:35.131 (131627021)|VARIABLE_ASSIGNMENT|[28]|RelatedListServerController.mapObjectsFields|{"s":1,"v":{}}|0x70973568
09:54:35.131 (131630485)|STATEMENT_EXECUTE|[30]
09:54:35.131 (131654520)|METHOD_ENTRY|[30]|01pB0000000ljzx|testautonumdata.Sparkle_Helper.AddFieldToObjectsMap(String, String, Map<String,Set<String>>)
09:54:35.131 (131682451)|VARIABLE_SCOPE_BEGIN|[107]|fieldName|String|false|false
09:54:35.131 (131692415)|VARIABLE_ASSIGNMENT|[107]|fieldName|"Id"
09:54:35.131 (131695829)|VARIABLE_SCOPE_BEGIN|[107]|initialObjectName|String|false|false
09:54:35.131 (131700983)|VARIABLE_ASSIGNMENT|[107]|initialObjectName|"testautonumdata__Ref (8 more) ..."
09:54:35.131 (131703411)|VARIABLE_SCOPE_BEGIN|[107]|theMap|Map<String,Set<String>>|true|false
09:54:35.131 (131717517)|VARIABLE_ASSIGNMENT|[107]|theMap|{"s":1,"v":{}}|0x70973568
09:54:35.131 (131726265)|HEAP_ALLOCATE|[109]|Bytes:5
09:54:35.131 (131730775)|STATEMENT_EXECUTE|[108]
09:54:35.131 (131747440)|ENTERING_MANAGED_PKG|
09:54:35.131 (131766052)|STATEMENT_EXECUTE|[150]
09:54:35.131 (131778847)|METHOD_ENTRY|[150]|01pB0000000ljzx|testautonumdata.Sparkle_Helper.AddFieldToMap(String, String, Map<String,Set<String>>)
09:54:35.131 (131784480)|VARIABLE_SCOPE_BEGIN|[157]|fieldName|String|false|false
09:54:35.131 (131789833)|VARIABLE_ASSIGNMENT|[157]|fieldName|"Id"
09:54:35.131 (131791938)|VARIABLE_SCOPE_BEGIN|[157]|ObjectName|String|false|false
09:54:35.131 (131796399)|VARIABLE_ASSIGNMENT|[157]|ObjectName|"testautonumdata__Ref (8 more) ..."
09:54:35.131 (131798361)|VARIABLE_SCOPE_BEGIN|[157]|theMap|Map<String,Set<String>>|true|false
09:54:35.131 (131806134)|VARIABLE_ASSIGNMENT|[157]|theMap|{"s":1,"v":{}}|0x70973568
09:54:35.131 (131814665)|HEAP_ALLOCATE|[160]|Bytes:5
09:54:35.131 (131820299)|STATEMENT_EXECUTE|[158]
09:54:35.131 (131829164)|ENTERING_MANAGED_PKG|
09:54:35.131 (131843212)|STATEMENT_EXECUTE|[167]
09:54:35.131 (131844735)|STATEMENT_EXECUTE|[168]
09:54:35.131 (131851999)|HEAP_ALLOCATE|[168]|Bytes:4
09:54:35.131 (131866267)|ENTERING_MANAGED_PKG|
09:54:35.131 (131875683)|VARIABLE_SCOPE_BEGIN|[168]|newFieldSet|Set<String>|true|false
09:54:35.131 (131903598)|VARIABLE_ASSIGNMENT|[168]|newFieldSet|{"s":1,"v":[]}|0x1cff78a7
09:54:35.131 (131907085)|STATEMENT_EXECUTE|[169]
09:54:35.131 (131914553)|ENTERING_MANAGED_PKG|
09:54:35.131 (131918622)|HEAP_ALLOCATE|[EXTERNAL]|Bytes:4
09:54:35.131 (131924204)|STATEMENT_EXECUTE|[170]
09:54:35.131 (131928749)|ENTERING_MANAGED_PKG|
09:54:35.131 (131934972)|HEAP_ALLOCATE|[EXTERNAL]|Bytes:-4
09:54:35.131 (131945993)|METHOD_EXIT|[150]|01pB0000000ljzx|testautonumdata.Sparkle_Helper.AddFieldToMap(String, String, Map<String,Set<String>>)
09:54:35.131 (131953139)|METHOD_EXIT|[30]|01pB0000000ljzx|testautonumdata.Sparkle_Helper.AddFieldToObjectsMap(String, String, Map<String,Set<String>>)
09:54:35.131 (131956272)|STATEMENT_EXECUTE|[34]
09:54:35.131 (131989263)|HEAP_ALLOCATE|[34]|Bytes:4
09:54:35.131 (132070896)|ENTERING_MANAGED_PKG|
09:54:35.131 (132108568)|VARIABLE_SCOPE_BEGIN|[34]|lstReturnRecords|List<testautonumdata.RelatedListServerController>|true|false
09:54:35.131 (132139516)|HEAP_ALLOCATE|[EXTERNAL]|Bytes:4
09:54:35.131 (132153820)|VARIABLE_ASSIGNMENT|[34]|lstReturnRecords|{"s":1,"v":[]}|0x720b6866
09:54:35.131 (132158476)|STATEMENT_EXECUTE|[37]
09:54:35.131 (132159722)|STATEMENT_EXECUTE|[38]
09:54:35.131 (132164142)|HEAP_ALLOCATE|[38]|Bytes:5
09:54:35.131 (132171781)|HEAP_ALLOCATE|[38]|Bytes:10
09:54:35.131 (132176691)|VARIABLE_SCOPE_BEGIN|[38]|fullUserRelationship|String|false|false
09:54:35.131 (132182483)|VARIABLE_ASSIGNMENT|[38]|fullUserRelationship|"Owner.Name"
09:54:35.131 (132184867)|STATEMENT_EXECUTE|[39]
09:54:35.131 (132187881)|VARIABLE_SCOPE_BEGIN|[39]|soql|String|false|false
09:54:35.131 (132191991)|VARIABLE_ASSIGNMENT|[39]|soql|"Select id"
09:54:35.131 (132193806)|STATEMENT_EXECUTE|[41]
09:54:35.131 (132194857)|STATEMENT_EXECUTE|[42]
09:54:35.131 (132207040)|ENTERING_MANAGED_PKG|
09:54:35.131 (132235619)|HEAP_ALLOCATE|[42]|Bytes:7
09:54:35.131 (132250126)|HEAP_ALLOCATE|[42]|Bytes:9
09:54:35.131 (132254737)|HEAP_ALLOCATE|[42]|Bytes:18
09:54:35.131 (132261859)|VARIABLE_ASSIGNMENT|[42]|soql|"Select id, OwnerId"
09:54:35.131 (132264779)|STATEMENT_EXECUTE|[43]
09:54:35.131 (132273292)|METHOD_ENTRY|[43]|01pB0000000ljzx|testautonumdata.Sparkle_Helper.AddFieldToObjectsMap(String, String, Map<String,Set<String>>)
09:54:35.131 (132289938)|VARIABLE_SCOPE_BEGIN|[107]|fieldName|String|false|false
09:54:35.131 (132295259)|VARIABLE_ASSIGNMENT|[107]|fieldName|"OwnerId"
09:54:35.131 (132297001)|VARIABLE_SCOPE_BEGIN|[107]|initialObjectName|String|false|false
09:54:35.131 (132301473)|VARIABLE_ASSIGNMENT|[107]|initialObjectName|"testautonumdata__Ref (8 more) ..."
09:54:35.131 (132303083)|VARIABLE_SCOPE_BEGIN|[107]|theMap|Map<String,Set<String>>|true|false
09:54:35.131 (132319234)|VARIABLE_ASSIGNMENT|[107]|theMap|{"s":1,"v":{"testautonumdata__Ref (8 more) ...":{"s":2,"v":["Id"]}}}|0x70973568
09:54:35.131 (132328350)|HEAP_ALLOCATE|[109]|Bytes:5
09:54:35.131 (132332469)|STATEMENT_EXECUTE|[108]
09:54:35.131 (132344875)|ENTERING_MANAGED_PKG|
09:54:35.131 (132353370)|STATEMENT_EXECUTE|[150]
09:54:35.131 (132359505)|METHOD_ENTRY|[150]|01pB0000000ljzx|testautonumdata.Sparkle_Helper.AddFieldToMap(String, String, Map<String,Set<String>>)
09:54:35.131 (132363356)|VARIABLE_SCOPE_BEGIN|[157]|fieldName|String|false|false
09:54:35.131 (132368409)|VARIABLE_ASSIGNMENT|[157]|fieldName|"OwnerId"
09:54:35.131 (132369955)|VARIABLE_SCOPE_BEGIN|[157]|ObjectName|String|false|false
09:54:35.131 (132373746)|VARIABLE_ASSIGNMENT|[157]|ObjectName|"testautonumdata__Ref (8 more) ..."
09:54:35.131 (132375422)|VARIABLE_SCOPE_BEGIN|[157]|theMap|Map<String,Set<String>>|true|false
09:54:35.131 (132388669)|VARIABLE_ASSIGNMENT|[157]|theMap|{"s":1,"v":{"testautonumdata__Ref (8 more) ...":{"s":2,"v":["Id"]}}}|0x70973568
09:54:35.131 (132397381)|HEAP_ALLOCATE|[160]|Bytes:5
09:54:35.131 (132402066)|STATEMENT_EXECUTE|[158]
09:54:35.131 (132410901)|ENTERING_MANAGED_PKG|
09:54:35.131 (132429539)|STATEMENT_EXECUTE|[161]
09:54:35.131 (132432812)|STATEMENT_EXECUTE|[162]
09:54:35.131 (132440227)|ENTERING_MANAGED_PKG|
09:54:35.131 (132458889)|VARIABLE_SCOPE_BEGIN|[162]|existingFieldSet|Set<String>|true|false
09:54:35.131 (132477795)|VARIABLE_ASSIGNMENT|[162]|existingFieldSet|{"s":1,"v":["Id"]}|0x1cff78a7
09:54:35.131 (132481262)|STATEMENT_EXECUTE|[163]
09:54:35.131 (132487573)|ENTERING_MANAGED_PKG|
09:54:35.131 (132490488)|HEAP_ALLOCATE|[EXTERNAL]|Bytes:4
09:54:35.131 (132495595)|STATEMENT_EXECUTE|[164]
09:54:35.131 (132499688)|ENTERING_MANAGED_PKG|
09:54:35.131 (132515866)|METHOD_EXIT|[150]|01pB0000000ljzx|testautonumdata.Sparkle_Helper.AddFieldToMap(String, String, Map<String,Set<String>>)
09:54:35.131 (132524057)|METHOD_EXIT|[43]|01pB0000000ljzx|testautonumdata.Sparkle_Helper.AddFieldToObjectsMap(String, String, Map<String,Set<String>>)
09:54:35.131 (132528428)|STATEMENT_EXECUTE|[46]
09:54:35.131 (132535361)|STATEMENT_EXECUTE|[47]
09:54:35.131 (132550146)|ENTERING_MANAGED_PKG|
09:54:35.131 (132576753)|HEAP_ALLOCATE|[47]|Bytes:10
09:54:35.131 (132597760)|HEAP_ALLOCATE|[47]|Bytes:12
09:54:35.131 (132602545)|HEAP_ALLOCATE|[47]|Bytes:30
09:54:35.131 (132611680)|VARIABLE_ASSIGNMENT|[47]|soql|"Select id, OwnerId,  (10 more) ..."
09:54:35.131 (132615660)|STATEMENT_EXECUTE|[50]
09:54:35.131 (132617319)|STATEMENT_EXECUTE|[51]
09:54:35.131 (132627012)|ENTERING_MANAGED_PKG|
09:54:35.131 (132649865)|HEAP_ALLOCATE|[51]|Bytes:11
09:54:35.131 (132668672)|HEAP_ALLOCATE|[51]|Bytes:13
09:54:35.131 (132673416)|HEAP_ALLOCATE|[51]|Bytes:43
09:54:35.131 (132681560)|VARIABLE_ASSIGNMENT|[51]|soql|"Select id, OwnerId,  (23 more) ..."
09:54:35.131 (132685500)|STATEMENT_EXECUTE|[52]
09:54:35.131 (132695616)|METHOD_ENTRY|[52]|01pB0000000ljzx|testautonumdata.Sparkle_Helper.AddFieldToObjectsMap(String, String, Map<String,Set<String>>)
09:54:35.131 (132716828)|VARIABLE_SCOPE_BEGIN|[107]|fieldName|String|false|false
09:54:35.131 (132722509)|VARIABLE_ASSIGNMENT|[107]|fieldName|"createddate"
09:54:35.131 (132724242)|VARIABLE_SCOPE_BEGIN|[107]|initialObjectName|String|false|false
09:54:35.131 (132728055)|VARIABLE_ASSIGNMENT|[107]|initialObjectName|"testautonumdata__Ref (8 more) ..."
09:54:35.131 (132729979)|VARIABLE_SCOPE_BEGIN|[107]|theMap|Map<String,Set<String>>|true|false
09:54:35.131 (132745009)|VARIABLE_ASSIGNMENT|[107]|theMap|{"s":1,"v":{"testautonumdata__Ref (8 more) ...":{"s":2,"v":["Id","OwnerId"]}}}|0x70973568
09:54:35.131 (132759436)|HEAP_ALLOCATE|[109]|Bytes:5
09:54:35.131 (132764425)|STATEMENT_EXECUTE|[108]
09:54:35.131 (132781259)|ENTERING_MANAGED_PKG|
09:54:35.131 (132789646)|STATEMENT_EXECUTE|[150]
09:54:35.131 (132795805)|METHOD_ENTRY|[150]|01pB0000000ljzx|testautonumdata.Sparkle_Helper.AddFieldToMap(String, String, Map<String,Set<String>>)
09:54:35.131 (132799487)|VARIABLE_SCOPE_BEGIN|[157]|fieldName|String|false|false
09:54:35.131 (132806546)|VARIABLE_ASSIGNMENT|[157]|fieldName|"createddate"
09:54:35.131 (132808844)|VARIABLE_SCOPE_BEGIN|[157]|ObjectName|String|false|false
09:54:35.131 (132813219)|VARIABLE_ASSIGNMENT|[157]|ObjectName|"testautonumdata__Ref (8 more) ..."
09:54:35.131 (132814793)|VARIABLE_SCOPE_BEGIN|[157]|theMap|Map<String,Set<String>>|true|false
09:54:35.131 (132833113)|VARIABLE_ASSIGNMENT|[157]|theMap|{"s":1,"v":{"testautonumdata__Ref (8 more) ...":{"s":2,"v":["Id","OwnerId"]}}}|0x70973568
09:54:35.131 (132841435)|HEAP_ALLOCATE|[160]|Bytes:5
09:54:35.131 (132845601)|STATEMENT_EXECUTE|[158]
09:54:35.131 (132852157)|ENTERING_MANAGED_PKG|
09:54:35.131 (132858665)|STATEMENT_EXECUTE|[161]
09:54:35.131 (132859961)|STATEMENT_EXECUTE|[162]
09:54:35.131 (132863407)|ENTERING_MANAGED_PKG|
09:54:35.131 (132873062)|VARIABLE_SCOPE_BEGIN|[162]|existingFieldSet|Set<String>|true|false
09:54:35.131 (132885434)|VARIABLE_ASSIGNMENT|[162]|existingFieldSet|{"s":1,"v":["Id","OwnerId"]}|0x1cff78a7
09:54:35.131 (132888289)|STATEMENT_EXECUTE|[163]
09:54:35.131 (132893450)|ENTERING_MANAGED_PKG|
09:54:35.131 (132896133)|HEAP_ALLOCATE|[EXTERNAL]|Bytes:4
09:54:35.131 (132900694)|STATEMENT_EXECUTE|[164]
09:54:35.131 (132904304)|ENTERING_MANAGED_PKG|
09:54:35.131 (132917652)|METHOD_EXIT|[150]|01pB0000000ljzx|testautonumdata.Sparkle_Helper.AddFieldToMap(String, String, Map<String,Set<String>>)
09:54:35.131 (132924106)|METHOD_EXIT|[52]|01pB0000000ljzx|testautonumdata.Sparkle_Helper.AddFieldToObjectsMap(String, String, Map<String,Set<String>>)
09:54:35.131 (132927330)|STATEMENT_EXECUTE|[57]
09:54:35.131 (132939838)|ENTERING_MANAGED_PKG|
09:54:35.131 (132961334)|HEAP_ALLOCATE|[57]|Bytes:28
09:54:35.131 (132976312)|HEAP_ALLOCATE|[57]|Bytes:34
09:54:35.131 (132980747)|HEAP_ALLOCATE|[57]|Bytes:77
09:54:35.131 (132989085)|VARIABLE_ASSIGNMENT|[57]|soql|"Select id, OwnerId,  (57 more) ..."
09:54:35.131 (132992434)|STATEMENT_EXECUTE|[60]
09:54:35.131 (132993607)|STATEMENT_EXECUTE|[61]
09:54:35.131 (132996669)|HEAP_ALLOCATE|[61]|Bytes:7
09:54:35.131 (133006736)|ENTERING_MANAGED_PKG|
09:54:35.131 (133026518)|HEAP_ALLOCATE|[61]|Bytes:29
09:54:35.131 (133038651)|HEAP_ALLOCATE|[61]|Bytes:4
09:54:35.131 (133047839)|ENTERING_MANAGED_PKG|
09:54:35.131 (133050592)|HEAP_ALLOCATE|[61]|Bytes:18
09:54:35.131 (133069217)|HEAP_ALLOCATE|[61]|Bytes:59
09:54:35.131 (133074312)|HEAP_ALLOCATE|[61]|Bytes:136
09:54:35.131 (133082631)|VARIABLE_ASSIGNMENT|[61]|soql|"Select id, OwnerId,  (116 more) ..."
09:54:35.131 (133086313)|STATEMENT_EXECUTE|[62]
09:54:35.131 (133094482)|METHOD_ENTRY|[62]|01pB0000000ljzx|testautonumdata.Sparkle_Helper.AddFieldToObjectsMap(String, String, Map<String,Set<String>>)
09:54:35.131 (133109936)|VARIABLE_SCOPE_BEGIN|[107]|fieldName|String|false|false
09:54:35.131 (133116119)|VARIABLE_ASSIGNMENT|[107]|fieldName|"testautonumdata__Can (9 more) ..."
09:54:35.131 (133117856)|VARIABLE_SCOPE_BEGIN|[107]|initialObjectName|String|false|false
09:54:35.131 (133121140)|VARIABLE_ASSIGNMENT|[107]|initialObjectName|"testautonumdata__Ref (8 more) ..."
09:54:35.131 (133122643)|VARIABLE_SCOPE_BEGIN|[107]|theMap|Map<String,Set<String>>|true|false
09:54:35.131 (133137917)|VARIABLE_ASSIGNMENT|[107]|theMap|{"s":1,"v":{"testautonumdata__Ref (8 more) ...":{"s":2,"v":["Id","OwnerId","createddate"]}}}|0x70973568
09:54:35.131 (133147059)|HEAP_ALLOCATE|[109]|Bytes:5
09:54:35.131 (133151329)|STATEMENT_EXECUTE|[108]
09:54:35.131 (133163528)|ENTERING_MANAGED_PKG|
09:54:35.131 (133171689)|STATEMENT_EXECUTE|[150]
09:54:35.131 (133177401)|METHOD_ENTRY|[150]|01pB0000000ljzx|testautonumdata.Sparkle_Helper.AddFieldToMap(String, String, Map<String,Set<String>>)
09:54:35.131 (133181069)|VARIABLE_SCOPE_BEGIN|[157]|fieldName|String|false|false
09:54:35.131 (133187205)|VARIABLE_ASSIGNMENT|[157]|fieldName|"testautonumdata__Can (9 more) ..."
09:54:35.131 (133188806)|VARIABLE_SCOPE_BEGIN|[157]|ObjectName|String|false|false
09:54:35.131 (133191935)|VARIABLE_ASSIGNMENT|[157]|ObjectName|"testautonumdata__Ref (8 more) ..."
09:54:35.131 (133193417)|VARIABLE_SCOPE_BEGIN|[157]|theMap|Map<String,Set<String>>|true|false
09:54:35.131 (133207010)|VARIABLE_ASSIGNMENT|[157]|theMap|{"s":1,"v":{"testautonumdata__Ref (8 more) ...":{"s":2,"v":["Id","OwnerId","createddate"]}}}|0x70973568
09:54:35.131 (133214351)|HEAP_ALLOCATE|[160]|Bytes:5
09:54:35.131 (133218122)|STATEMENT_EXECUTE|[158]
09:54:35.131 (133224151)|ENTERING_MANAGED_PKG|
09:54:35.131 (133230378)|STATEMENT_EXECUTE|[161]
09:54:35.131 (133232023)|STATEMENT_EXECUTE|[162]
09:54:35.131 (133235477)|ENTERING_MANAGED_PKG|
09:54:35.131 (133244402)|VARIABLE_SCOPE_BEGIN|[162]|existingFieldSet|Set<String>|true|false
09:54:35.131 (133256697)|VARIABLE_ASSIGNMENT|[162]|existingFieldSet|{"s":1,"v":["Id","OwnerId","createddate"]}|0x1cff78a7
09:54:35.131 (133259604)|STATEMENT_EXECUTE|[163]
09:54:35.131 (133264807)|ENTERING_MANAGED_PKG|
09:54:35.131 (133267455)|HEAP_ALLOCATE|[EXTERNAL]|Bytes:4
09:54:35.131 (133271941)|STATEMENT_EXECUTE|[164]
09:54:35.131 (133275763)|ENTERING_MANAGED_PKG|
09:54:35.131 (133290181)|METHOD_EXIT|[150]|01pB0000000ljzx|testautonumdata.Sparkle_Helper.AddFieldToMap(String, String, Map<String,Set<String>>)
09:54:35.131 (133301529)|METHOD_EXIT|[62]|01pB0000000ljzx|testautonumdata.Sparkle_Helper.AddFieldToObjectsMap(String, String, Map<String,Set<String>>)
09:54:35.131 (133310839)|STATEMENT_EXECUTE|[65]
09:54:35.131 (133313602)|STATEMENT_EXECUTE|[71]
09:54:35.131 (133319129)|HEAP_ALLOCATE|[71]|Bytes:7
09:54:35.131 (133339080)|ENTERING_MANAGED_PKG|
09:54:35.131 (133368398)|HEAP_ALLOCATE|[71]|Bytes:1
09:54:35.131 (133389976)|HEAP_ALLOCATE|[71]|Bytes:8
09:54:35.131 (133394963)|HEAP_ALLOCATE|[71]|Bytes:144
09:54:35.131 (133404452)|VARIABLE_ASSIGNMENT|[71]|soql|"Select id, OwnerId,  (124 more) ..."
09:54:35.131 (133408099)|STATEMENT_EXECUTE|[75]
09:54:35.131 (133415959)|HEAP_ALLOCATE|[75]|Bytes:159
09:54:35.131 (133426253)|ENTERING_MANAGED_PKG|
09:54:35.131 (133449031)|USER_DEBUG|[75]|DEBUG|######## soql: Select id, OwnerId, Owner.Name, createddate FROM testautonumdata__Referral__c where testautonumdata__Candidate__c = '003B0000003yTNaIAM' limit 8
09:54:35.131 (133464417)|METHOD_ENTRY|[79]|01pB0000000ljzx|testautonumdata.Sparkle_Helper.UserHasAccessToObjectsAndFields(Map<String,Set<String>>)
09:54:35.131 (133482326)|VARIABLE_SCOPE_BEGIN|[175]|theMap|Map<String,Set<String>>|true|false
09:54:35.131 (133506833)|VARIABLE_ASSIGNMENT|[175]|theMap|{"s":1,"v":{"testautonumdata__Ref (8 more) ...":{"s":2,"v":["Id","OwnerId","createddate","testautonumdata__Can (9 more) ..."]}}}|0x70973568
09:54:35.131 (133517212)|HEAP_ALLOCATE|[177]|Bytes:5
09:54:35.131 (133522253)|STATEMENT_EXECUTE|[176]
09:54:35.131 (133523634)|STATEMENT_EXECUTE|[177]
09:54:35.131 (133528363)|VARIABLE_SCOPE_BEGIN|[177]|hasAccess|Boolean|false|false
09:54:35.131 (133533546)|HEAP_ALLOCATE|[177]|Bytes:5
09:54:35.131 (133540251)|VARIABLE_ASSIGNMENT|[177]|hasAccess|true
09:54:35.131 (133554229)|ENTERING_MANAGED_PKG|
09:54:35.131 (133565220)|STATEMENT_EXECUTE|[180]
09:54:35.131 (133566727)|STATEMENT_EXECUTE|[181]
09:54:35.131 (133579588)|ENTERING_MANAGED_PKG|
09:54:35.131 (133598713)|HEAP_ALLOCATE|[181]|Bytes:88
09:54:35.131 (133612945)|HEAP_ALLOCATE|[181]|Bytes:105
09:54:35.131 (133624094)|ENTERING_MANAGED_PKG|
09:54:35.131 (133626740)|USER_DEBUG|[181]|DEBUG|######## theMap: {testautonumdata__Referral__c={Id, OwnerId, createddate, testautonumdata__Candidate__c}}
09:54:35.131 (133635167)|HEAP_ALLOCATE|[182]|Bytes:4
09:54:35.131 (133646012)|ENTERING_MANAGED_PKG|
09:54:35.131 (133657661)|ENTERING_MANAGED_PKG|
09:54:35.131 (133679833)|HEAP_ALLOCATE|[182]|Bytes:36
09:54:35.131 (133697290)|ENTERING_MANAGED_PKG|
09:54:35.131 (133705861)|HEAP_ALLOCATE|[182]|Bytes:4
09:54:35.131 (133712570)|ENTERING_MANAGED_PKG|
09:54:35.131 (133740890)|HEAP_ALLOCATE|[182]|Bytes:5
09:54:35.131 (133760815)|VARIABLE_SCOPE_BEGIN|[182]|objectName|String|false|false
09:54:35.131 (133771011)|VARIABLE_ASSIGNMENT|[182]|objectName|"testautonumdata__Ref (8 more) ..."
09:54:35.131 (133775410)|STATEMENT_EXECUTE|[183]
09:54:35.131 (133776682)|STATEMENT_EXECUTE|[184]
09:54:35.131 (133783503)|HEAP_ALLOCATE|[184]|Bytes:49
09:54:35.131 (133795109)|ENTERING_MANAGED_PKG|
09:54:35.131 (133797743)|USER_DEBUG|[184]|DEBUG|######## objectName: testautonumdata__Referral__c
09:54:35.131 (133802872)|STATEMENT_EXECUTE|[185]
09:54:35.131 (133808148)|ENTERING_MANAGED_PKG|
09:54:35.131 (142664029)|HEAP_ALLOCATE|[185]|Bytes:1648
09:54:35.131 (142697747)|ENTERING_MANAGED_PKG|
09:54:35.131 (142822260)|HEAP_ALLOCATE|[185]|Bytes:4
09:54:35.131 (142843141)|VARIABLE_SCOPE_BEGIN|[185]|sObj|SObject|true|false
09:54:35.131 (142864261)|VARIABLE_ASSIGNMENT|[185]|sObj|{}|0x31be3656
09:54:35.131 (142871306)|STATEMENT_EXECUTE|[186]
09:54:35.131 (142897241)|ENTERING_MANAGED_PKG|
09:54:35.131 (143132430)|HEAP_ALLOCATE|[186]|Bytes:4
09:54:35.131 (143513830)|HEAP_ALLOCATE|[186]|Bytes:60
09:54:35.131 (143523892)|VARIABLE_SCOPE_BEGIN|[186]|m|Map<String,Schema.SObjectField>|true|false
09:54:35.131 (143787354)|VARIABLE_ASSIGNMENT|[186]|m|"{createdbyid=CreatedById, createddate=CreatedDate, id=Id, isdeleted=IsDeleted, lastactivitydate=LastActivityDate, lastmodifiedbyid=LastModifiedById, lastmodifieddate=LastModifiedDate, lastreferenceddate=LastReferencedDate, lastvieweddate=LastViewedDate, name=Name, ...}"|0x50096000
09:54:35.131 (143794929)|STATEMENT_EXECUTE|[187]
09:54:35.131 (143806088)|ENTERING_MANAGED_PKG|
09:54:35.131 (143821842)|VARIABLE_SCOPE_BEGIN|[187]|objectFieldSet|Set<String>|true|false
09:54:35.131 (143849940)|VARIABLE_ASSIGNMENT|[187]|objectFieldSet|{"s":1,"v":["Id","OwnerId","createddate","testautonumdata__Can (9 more) ..."]}|0x1cff78a7
09:54:35.131 (143859510)|HEAP_ALLOCATE|[189]|Bytes:4
09:54:35.131 (143875050)|ENTERING_MANAGED_PKG|
09:54:35.131 (143890186)|ENTERING_MANAGED_PKG|
09:54:35.131 (143896511)|HEAP_ALLOCATE|[189]|Bytes:16
09:54:35.131 (143903365)|ENTERING_MANAGED_PKG|
09:54:35.131 (143921917)|HEAP_ALLOCATE|[189]|Bytes:5
09:54:35.131 (143938245)|VARIABLE_SCOPE_BEGIN|[189]|fieldToCheck|String|false|false
09:54:35.131 (143951845)|VARIABLE_ASSIGNMENT|[189]|fieldToCheck|"Id"
09:54:35.131 (143955318)|STATEMENT_EXECUTE|[189]
09:54:35.131 (143956705)|STATEMENT_EXECUTE|[190]
09:54:35.131 (143964151)|HEAP_ALLOCATE|[190]|Bytes:25
09:54:35.131 (143974124)|ENTERING_MANAGED_PKG|
09:54:35.131 (143978647)|USER_DEBUG|[190]|DEBUG|######## fieldToCheck: Id
09:54:35.131 (143990414)|ENTERING_MANAGED_PKG|
09:54:35.131 (144232614)|HEAP_ALLOCATE|[192]|Bytes:8
09:54:35.131 (144258668)|STATEMENT_EXECUTE|[192]
09:54:35.131 (144260746)|STATEMENT_EXECUTE|[199]
09:54:35.131 (144267625)|HEAP_ALLOCATE|[199]|Bytes:37
09:54:35.131 (144277117)|ENTERING_MANAGED_PKG|
09:54:35.131 (144280414)|USER_DEBUG|[199]|DEBUG|######## User has access to field: Id
09:54:35.131 (144297839)|HEAP_ALLOCATE|[189]|Bytes:5
09:54:35.131 (144308997)|VARIABLE_SCOPE_BEGIN|[189]|fieldToCheck|String|false|false
09:54:35.131 (144316876)|VARIABLE_ASSIGNMENT|[189]|fieldToCheck|"OwnerId"
09:54:35.131 (144319962)|STATEMENT_EXECUTE|[189]
09:54:35.131 (144321480)|STATEMENT_EXECUTE|[190]
09:54:35.131 (144326447)|HEAP_ALLOCATE|[190]|Bytes:30
09:54:35.131 (144332953)|ENTERING_MANAGED_PKG|
09:54:35.131 (144335201)|USER_DEBUG|[190]|DEBUG|######## fieldToCheck: OwnerId
09:54:35.131 (144342130)|ENTERING_MANAGED_PKG|
09:54:35.131 (144510121)|HEAP_ALLOCATE|[192]|Bytes:8
09:54:35.131 (144524464)|STATEMENT_EXECUTE|[192]
09:54:35.131 (144526326)|STATEMENT_EXECUTE|[199]
09:54:35.131 (144531854)|HEAP_ALLOCATE|[199]|Bytes:42
09:54:35.131 (144539064)|ENTERING_MANAGED_PKG|
09:54:35.131 (144541727)|USER_DEBUG|[199]|DEBUG|######## User has access to field: OwnerId
09:54:35.131 (144556722)|HEAP_ALLOCATE|[189]|Bytes:5
09:54:35.131 (144567938)|VARIABLE_SCOPE_BEGIN|[189]|fieldToCheck|String|false|false
09:54:35.131 (144575196)|VARIABLE_ASSIGNMENT|[189]|fieldToCheck|"createddate"
09:54:35.131 (144578238)|STATEMENT_EXECUTE|[189]
09:54:35.131 (144579320)|STATEMENT_EXECUTE|[190]
09:54:35.131 (144583977)|HEAP_ALLOCATE|[190]|Bytes:34
09:54:35.131 (144590235)|ENTERING_MANAGED_PKG|
09:54:35.131 (144592755)|USER_DEBUG|[190]|DEBUG|######## fieldToCheck: createddate
09:54:35.131 (144599778)|ENTERING_MANAGED_PKG|
09:54:35.131 (144778924)|HEAP_ALLOCATE|[192]|Bytes:8
09:54:35.131 (144793828)|STATEMENT_EXECUTE|[192]
09:54:35.131 (144795580)|STATEMENT_EXECUTE|[199]
09:54:35.131 (144802102)|HEAP_ALLOCATE|[199]|Bytes:46
09:54:35.131 (144811114)|ENTERING_MANAGED_PKG|
09:54:35.131 (144814003)|USER_DEBUG|[199]|DEBUG|######## User has access to field: createddate
09:54:35.131 (144829967)|HEAP_ALLOCATE|[189]|Bytes:5
09:54:35.131 (144840243)|VARIABLE_SCOPE_BEGIN|[189]|fieldToCheck|String|false|false
09:54:35.131 (144849268)|VARIABLE_ASSIGNMENT|[189]|fieldToCheck|"testautonumdata__Can (9 more) ..."
09:54:35.131 (144852274)|STATEMENT_EXECUTE|[189]
09:54:35.131 (144853418)|STATEMENT_EXECUTE|[190]
09:54:35.131 (144858253)|HEAP_ALLOCATE|[190]|Bytes:52
09:54:35.131 (144865916)|ENTERING_MANAGED_PKG|
09:54:35.131 (144869610)|USER_DEBUG|[190]|DEBUG|######## fieldToCheck: testautonumdata__Candidate__c
09:54:35.131 (144878111)|ENTERING_MANAGED_PKG|
09:54:35.131 (145341427)|HEAP_ALLOCATE|[192]|Bytes:8
09:54:35.131 (145357067)|STATEMENT_EXECUTE|[192]
09:54:35.131 (145358990)|STATEMENT_EXECUTE|[199]
09:54:35.131 (145364679)|HEAP_ALLOCATE|[199]|Bytes:64
09:54:35.131 (145371858)|ENTERING_MANAGED_PKG|
09:54:35.131 (145374630)|USER_DEBUG|[199]|DEBUG|######## User has access to field: testautonumdata__Candidate__c
09:54:35.131 (145387046)|HEAP_ALLOCATE|[189]|Bytes:5
09:54:35.131 (145400241)|VARIABLE_ASSIGNMENT|[189]|fieldToCheck|null
09:54:35.131 (145409424)|HEAP_ALLOCATE|[182]|Bytes:5
09:54:35.131 (145417340)|VARIABLE_ASSIGNMENT|[182]|objectName|null
09:54:35.131 (145420873)|STATEMENT_EXECUTE|[206]
09:54:35.131 (145423860)|HEAP_ALLOCATE|[206]|Bytes:5
09:54:35.131 (145441629)|METHOD_EXIT|[79]|01pB0000000ljzx|testautonumdata.Sparkle_Helper.UserHasAccessToObjectsAndFields(Map<String,Set<String>>)
09:54:35.131 (145449034)|STATEMENT_EXECUTE|[80]
09:54:35.131 (145450912)|STATEMENT_EXECUTE|[82]
09:54:35.131 (145474397)|ENTERING_MANAGED_PKG|
09:54:35.131 (146204338)|SOQL_EXECUTE_BEGIN|[82]|Aggregations:0|Select id, OwnerId, Owner.Name, createddate FROM testautonumdata__Referral__c where testautonumdata__Candidate__c = '003B0000003yTNaIAM' limit 8
09:54:35.131 (152487474)|SOQL_EXECUTE_END|[82]|Rows:0
09:54:35.131 (152518668)|HEAP_ALLOCATE|[82]|Bytes:4
09:54:35.131 (152535327)|HEAP_ALLOCATE|[82]|Bytes:0
09:54:35.131 (152608734)|HEAP_ALLOCATE|[82]|Bytes:4
09:54:35.131 (152622938)|VARIABLE_SCOPE_BEGIN|[82]|lstQueriedRecords|List<SObject>|true|false
09:54:35.131 (152645227)|VARIABLE_ASSIGNMENT|[82]|lstQueriedRecords|{"s":1,"v":[]}|0x12d3145e
09:54:35.131 (152649467)|STATEMENT_EXECUTE|[84]
09:54:35.131 (152654419)|HEAP_ALLOCATE|[84]|Bytes:28
09:54:35.131 (152674550)|ENTERING_MANAGED_PKG|
09:54:35.131 (152718547)|HEAP_ALLOCATE|[84]|Bytes:2
09:54:35.131 (152734709)|HEAP_ALLOCATE|[84]|Bytes:30
09:54:35.131 (152745353)|ENTERING_MANAGED_PKG|
09:54:35.131 (152748686)|USER_DEBUG|[84]|DEBUG|######## lstQueriedRecords: ()
09:54:35.131 (152831354)|ENTERING_MANAGED_PKG|
09:54:35.131 (152993517)|HEAP_ALLOCATE|[88]|Bytes:5
09:54:35.131 (153011929)|VARIABLE_ASSIGNMENT|[88]|e|null|
09:54:35.131 (153017250)|STATEMENT_EXECUTE|[88]
09:54:35.131 (153022634)|STATEMENT_EXECUTE|[125]
09:54:35.131 (153026403)|HEAP_ALLOCATE|[125]|Bytes:27
09:54:35.131 (153043074)|ENTERING_MANAGED_PKG|
09:54:35.131 (153098057)|HEAP_ALLOCATE|[125]|Bytes:2
09:54:35.131 (153128073)|HEAP_ALLOCATE|[125]|Bytes:29
09:54:35.131 (153149311)|ENTERING_MANAGED_PKG|
09:54:35.131 (153154937)|USER_DEBUG|[125]|DEBUG|######## lstReturnRecords: ()
09:54:35.131 (153162445)|STATEMENT_EXECUTE|[127]
09:54:35.131 (153178812)|SYSTEM_MODE_EXIT|false
09:54:35.153 (153232486)|CUMULATIVE_LIMIT_USAGE
09:54:35.153 (153232486)|LIMIT_USAGE_FOR_NS|(default)|
  Number of SOQL queries: 0 out of 100
  Number of query rows: 0 out of 50000
  Number of SOSL queries: 0 out of 20
  Number of DML statements: 0 out of 150
  Number of DML rows: 0 out of 10000
  Maximum CPU time: 0 out of 10000
  Maximum heap size: 0 out of 6000000
  Number of callouts: 0 out of 100
  Number of Email Invocations: 0 out of 10
  Number of future calls: 0 out of 50
  Number of queueable jobs added to the queue: 0 out of 50
  Number of Mobile Apex push calls: 0 out of 10

09:54:35.153 (153232486)|LIMIT_USAGE_FOR_NS|testautonumdata|
  Number of SOQL queries: 2 out of 100
  Number of query rows: 0 out of 50000
  Number of SOSL queries: 0 out of 20
  Number of DML statements: 0 out of 150
  Number of DML rows: 0 out of 10000
  Maximum CPU time: 0 out of 10000
  Maximum heap size: 0 out of 6000000
  Number of callouts: 0 out of 100
  Number of Email Invocations: 0 out of 10
  Number of future calls: 0 out of 50
  Number of queueable jobs added to the queue: 0 out of 50
  Number of Mobile Apex push calls: 0 out of 10

09:54:35.153 (153232486)|CUMULATIVE_LIMIT_USAGE_END

09:54:35.185 (185862807)|ENTERING_MANAGED_PKG|pyandf16
09:54:35.185 (185964749)|ENTERING_MANAGED_PKG|pyandf16
09:54:35.185 (186861077)|SOQL_EXECUTE_BEGIN|[10]|Aggregations:0|SELECT id, name, firstname, lastname, birthdate, mailingstreet, mailingcity, mailingstate, mailingpostalcode FROM Contact WHERE id = :tmpVar1 LIMIT 1
09:54:35.185 (194217946)|SOQL_EXECUTE_END|[10]|Rows:1
