38.0 APEX_CODE,FINEST;APEX_PROFILING,INFO;CALLOUT,INFO;DB,INFO;SYSTEM,DEBUG;VALIDATION,INFO;VISUALFORCE,INFO;WORKFLOW,INFO
12:59:02.0 (120364)|USER_INFO|[EXTERNAL]|005B0000001VpZR|rreboucas-yi5c@force.com|Pacific Standard Time|GMT-07:00
12:59:02.2 (2780285)|CODE_UNIT_STARTED|[EXTERNAL]|01pB0000000rehC|FilesViewerServerController.getListRecords
12:59:02.2 (2848286)|VARIABLE_SCOPE_BEGIN|[3]|FilesViewerServerController.mapObjectsFields|Map<String,Set<String>>|true|true
12:59:02.2 (2919738)|HEAP_ALLOCATE|[EXTERNAL]|Bytes:172
12:59:02.2 (2929307)|HEAP_ALLOCATE|[EXTERNAL]|Bytes:15
12:59:02.2 (2932302)|HEAP_ALLOCATE|[EXTERNAL]|Bytes:20
12:59:02.2 (2953011)|METHOD_ENTRY|[1]|01pB0000000rehC|FilesViewerServerController.FilesViewerServerController()
12:59:02.2 (2957103)|STATEMENT_EXECUTE|[1]
12:59:02.2 (2964812)|STATEMENT_EXECUTE|[1]
12:59:02.2 (3006977)|HEAP_ALLOCATE|[50]|Bytes:5
12:59:02.2 (3042424)|HEAP_ALLOCATE|[56]|Bytes:5
12:59:02.2 (3052975)|HEAP_ALLOCATE|[64]|Bytes:7
12:59:02.2 (3083722)|SYSTEM_MODE_ENTER|false
12:59:02.2 (3107936)|HEAP_ALLOCATE|[3]|Bytes:5
12:59:02.2 (3113038)|STATEMENT_EXECUTE|[3]
12:59:02.2 (3164168)|VARIABLE_ASSIGNMENT|[3]|FilesViewerServerController.mapObjectsFields|null|
12:59:02.2 (3172985)|SYSTEM_MODE_EXIT|false
12:59:02.2 (3185322)|METHOD_EXIT|[1]|FilesViewerServerController
12:59:02.2 (3191441)|HEAP_ALLOCATE|[EXTERNAL]|Bytes:15
12:59:02.2 (3193518)|HEAP_ALLOCATE|[EXTERNAL]|Bytes:1
12:59:02.2 (3199843)|SYSTEM_MODE_ENTER|false
12:59:02.2 (3205365)|VARIABLE_SCOPE_BEGIN|[18]|recordID|String|false|false
12:59:02.2 (3221139)|VARIABLE_ASSIGNMENT|[18]|recordID|"a0MB0000000cQXF"
12:59:02.2 (3223648)|VARIABLE_SCOPE_BEGIN|[18]|rowsLimit|String|false|false
12:59:02.2 (3227910)|VARIABLE_ASSIGNMENT|[18]|rowsLimit|"8"
12:59:02.2 (3244149)|HEAP_ALLOCATE|[20]|Bytes:5
12:59:02.2 (3248661)|STATEMENT_EXECUTE|[18]
12:59:02.2 (3250005)|STATEMENT_EXECUTE|[20]
12:59:02.2 (3252725)|HEAP_ALLOCATE|[20]|Bytes:49
12:59:02.2 (3269577)|HEAP_ALLOCATE|[20]|Bytes:50
12:59:02.2 (3303019)|ENTERING_MANAGED_PKG|
12:59:02.2 (3341751)|USER_DEBUG|[20]|DEBUG|######## FilesViewerServerController: rowsLimit: 8
12:59:02.2 (3351941)|STATEMENT_EXECUTE|[23]
12:59:02.2 (3359190)|HEAP_ALLOCATE|[23]|Bytes:4
12:59:02.2 (3404401)|VARIABLE_ASSIGNMENT|[23]|FilesViewerServerController.mapObjectsFields|{"s":1,"v":{}}|0x262b4181
12:59:02.2 (3408153)|STATEMENT_EXECUTE|[25]
12:59:02.2 (3411362)|HEAP_ALLOCATE|[25]|Bytes:2
12:59:02.2 (3414870)|HEAP_ALLOCATE|[25]|Bytes:19
12:59:02.2 (3537598)|HEAP_ALLOCATE|[25]|Bytes:19
12:59:02.2 (3543865)|HEAP_ALLOCATE|[25]|Bytes:28
12:59:02.2 (3555074)|METHOD_ENTRY|[1]|01pB0000000ljzx|Sparkle_Helper.Sparkle_Helper()
12:59:02.2 (3557892)|STATEMENT_EXECUTE|[1]
12:59:02.2 (3561240)|STATEMENT_EXECUTE|[1]
12:59:02.2 (3567765)|HEAP_ALLOCATE|[25]|Bytes:5
12:59:02.2 (3577908)|METHOD_EXIT|[1]|Sparkle_Helper
12:59:02.2 (3593927)|METHOD_ENTRY|[25]|01pB0000000ljzx|testautonumdata.Sparkle_Helper.AddFieldToObjectsMap(String, String, Map<String,Set<String>>)
12:59:02.2 (3611639)|VARIABLE_SCOPE_BEGIN|[107]|fieldName|String|false|false
12:59:02.2 (3622133)|VARIABLE_ASSIGNMENT|[107]|fieldName|"Id"
12:59:02.2 (3624604)|VARIABLE_SCOPE_BEGIN|[107]|initialObjectName|String|false|false
12:59:02.2 (3629706)|VARIABLE_ASSIGNMENT|[107]|initialObjectName|"ContentDocumentLink"
12:59:02.2 (3631570)|VARIABLE_SCOPE_BEGIN|[107]|theMap|Map<String,Set<String>>|true|false
12:59:02.2 (3645601)|VARIABLE_ASSIGNMENT|[107]|theMap|{"s":1,"v":{}}|0x262b4181
12:59:02.2 (3654536)|HEAP_ALLOCATE|[109]|Bytes:5
12:59:02.2 (3659659)|STATEMENT_EXECUTE|[108]
12:59:02.2 (3662375)|HEAP_ALLOCATE|[109]|Bytes:1
12:59:02.2 (3682095)|ENTERING_MANAGED_PKG|
12:59:02.2 (3728365)|STATEMENT_EXECUTE|[150]
12:59:02.2 (3739523)|METHOD_ENTRY|[150]|01pB0000000ljzx|testautonumdata.Sparkle_Helper.AddFieldToMap(String, String, Map<String,Set<String>>)
12:59:02.2 (3753149)|VARIABLE_SCOPE_BEGIN|[157]|fieldName|String|false|false
12:59:02.2 (3762757)|VARIABLE_ASSIGNMENT|[157]|fieldName|"Id"
12:59:02.2 (3765496)|VARIABLE_SCOPE_BEGIN|[157]|ObjectName|String|false|false
12:59:02.2 (3770656)|VARIABLE_ASSIGNMENT|[157]|ObjectName|"ContentDocumentLink"
12:59:02.2 (3772740)|VARIABLE_SCOPE_BEGIN|[157]|theMap|Map<String,Set<String>>|true|false
12:59:02.2 (3788941)|VARIABLE_ASSIGNMENT|[157]|theMap|{"s":1,"v":{}}|0x262b4181
12:59:02.2 (3798849)|HEAP_ALLOCATE|[160]|Bytes:5
12:59:02.2 (3822283)|STATEMENT_EXECUTE|[158]
12:59:02.2 (3837514)|ENTERING_MANAGED_PKG|
12:59:02.2 (3871972)|STATEMENT_EXECUTE|[167]
12:59:02.2 (3873737)|STATEMENT_EXECUTE|[168]
12:59:02.2 (3918077)|HEAP_ALLOCATE|[168]|Bytes:4
12:59:02.2 (3940343)|ENTERING_MANAGED_PKG|
12:59:02.2 (4005044)|VARIABLE_SCOPE_BEGIN|[168]|newFieldSet|Set<String>|true|false
12:59:02.2 (4052745)|VARIABLE_ASSIGNMENT|[168]|newFieldSet|{"s":1,"v":[]}|0x55d947ba
12:59:02.2 (4056931)|STATEMENT_EXECUTE|[169]
12:59:02.2 (4069377)|ENTERING_MANAGED_PKG|
12:59:02.2 (4095284)|HEAP_ALLOCATE|[EXTERNAL]|Bytes:4
12:59:02.2 (4105412)|STATEMENT_EXECUTE|[170]
12:59:02.2 (4113748)|ENTERING_MANAGED_PKG|
12:59:02.2 (4141408)|HEAP_ALLOCATE|[EXTERNAL]|Bytes:-4
12:59:02.2 (4156894)|METHOD_EXIT|[150]|01pB0000000ljzx|testautonumdata.Sparkle_Helper.AddFieldToMap(String, String, Map<String,Set<String>>)
12:59:02.2 (4164123)|METHOD_EXIT|[25]|01pB0000000ljzx|testautonumdata.Sparkle_Helper.AddFieldToObjectsMap(String, String, Map<String,Set<String>>)
12:59:02.2 (4167027)|STATEMENT_EXECUTE|[27]
12:59:02.2 (4198373)|HEAP_ALLOCATE|[27]|Bytes:4
12:59:02.2 (4282812)|ENTERING_MANAGED_PKG|
12:59:02.2 (4304710)|VARIABLE_SCOPE_BEGIN|[27]|lstReturnRecords|List<testautonumdata.FilesViewerServerController>|true|false
12:59:02.2 (4335658)|HEAP_ALLOCATE|[EXTERNAL]|Bytes:4
12:59:02.2 (4354212)|VARIABLE_ASSIGNMENT|[27]|lstReturnRecords|{"s":1,"v":[]}|0xb900b27
12:59:02.2 (4373215)|ENTERING_MANAGED_PKG|
12:59:02.2 (4403952)|STATEMENT_EXECUTE|[29]
12:59:02.2 (4405980)|STATEMENT_EXECUTE|[30]
12:59:02.2 (4424953)|ENTERING_MANAGED_PKG|
12:59:02.2 (4453433)|VARIABLE_SCOPE_BEGIN|[30]|rLimit|Integer|false|false
12:59:02.2 (4458689)|HEAP_ALLOCATE|[30]|Bytes:4
12:59:02.2 (4469224)|VARIABLE_ASSIGNMENT|[30]|rLimit|8
12:59:02.2 (4471741)|STATEMENT_EXECUTE|[31]
12:59:02.2 (4475217)|HEAP_ALLOCATE|[31]|Bytes:46
12:59:02.2 (4492183)|ENTERING_MANAGED_PKG|
12:59:02.2 (4512633)|HEAP_ALLOCATE|[31]|Bytes:1
12:59:02.2 (4526550)|HEAP_ALLOCATE|[31]|Bytes:47
12:59:02.2 (4536261)|ENTERING_MANAGED_PKG|
12:59:02.2 (4540452)|USER_DEBUG|[31]|DEBUG|######## FilesViewerServerController: rLimit: 8
12:59:02.2 (4545949)|STATEMENT_EXECUTE|[35]
12:59:02.2 (4548860)|HEAP_ALLOCATE|[35]|Bytes:252
12:59:02.2 (4553016)|VARIABLE_SCOPE_BEGIN|[35]|soql|String|false|false
12:59:02.2 (4565549)|VARIABLE_ASSIGNMENT|[35]|soql|"select ContentDocume (232 more) ..."
12:59:02.2 (4567722)|STATEMENT_EXECUTE|[38]
12:59:02.2 (4570253)|HEAP_ALLOCATE|[38]|Bytes:26
12:59:02.2 (4586160)|ENTERING_MANAGED_PKG|
12:59:02.2 (4602855)|HEAP_ALLOCATE|[38]|Bytes:15
12:59:02.2 (4613837)|HEAP_ALLOCATE|[38]|Bytes:78
12:59:02.2 (4623298)|HEAP_ALLOCATE|[38]|Bytes:119
12:59:02.2 (4627877)|HEAP_ALLOCATE|[38]|Bytes:371
12:59:02.2 (4639267)|VARIABLE_ASSIGNMENT|[38]|soql|"select ContentDocume (351 more) ..."
12:59:02.2 (4641938)|STATEMENT_EXECUTE|[42]
12:59:02.2 (4644629)|HEAP_ALLOCATE|[42]|Bytes:42
12:59:02.2 (4650011)|HEAP_ALLOCATE|[42]|Bytes:413
12:59:02.2 (4658304)|VARIABLE_ASSIGNMENT|[42]|soql|"select ContentDocume (393 more) ..."
12:59:02.2 (4660717)|STATEMENT_EXECUTE|[45]
12:59:02.2 (4663717)|HEAP_ALLOCATE|[45]|Bytes:7
12:59:02.2 (4675173)|ENTERING_MANAGED_PKG|
12:59:02.2 (4689801)|HEAP_ALLOCATE|[45]|Bytes:1
12:59:02.2 (4702710)|HEAP_ALLOCATE|[45]|Bytes:8
12:59:02.2 (4707102)|HEAP_ALLOCATE|[45]|Bytes:421
12:59:02.2 (4717945)|VARIABLE_ASSIGNMENT|[45]|soql|"select ContentDocume (401 more) ..."
12:59:02.2 (4720334)|STATEMENT_EXECUTE|[47]
12:59:02.2 (4723574)|HEAP_ALLOCATE|[47]|Bytes:17
12:59:02.2 (4733839)|METHOD_ENTRY|[47]|01pB0000000ljzx|testautonumdata.Sparkle_Helper.AddFieldToObjectsMap(String, String, Map<String,Set<String>>)
12:59:02.2 (4746069)|VARIABLE_SCOPE_BEGIN|[107]|fieldName|String|false|false
12:59:02.2 (4754176)|VARIABLE_ASSIGNMENT|[107]|fieldName|"ContentDocumentId"
12:59:02.2 (4756387)|VARIABLE_SCOPE_BEGIN|[107]|initialObjectName|String|false|false
12:59:02.2 (4760472)|VARIABLE_ASSIGNMENT|[107]|initialObjectName|"ContentDocumentLink"
12:59:02.2 (4762168)|VARIABLE_SCOPE_BEGIN|[107]|theMap|Map<String,Set<String>>|true|false
12:59:02.2 (4783583)|VARIABLE_ASSIGNMENT|[107]|theMap|{"s":1,"v":{"ContentDocumentLink":{"s":2,"v":["Id"]}}}|0x262b4181
12:59:02.2 (4793675)|HEAP_ALLOCATE|[109]|Bytes:5
12:59:02.2 (4798840)|STATEMENT_EXECUTE|[108]
12:59:02.2 (4815057)|ENTERING_MANAGED_PKG|
12:59:02.2 (4824169)|STATEMENT_EXECUTE|[150]
12:59:02.2 (4830119)|METHOD_ENTRY|[150]|01pB0000000ljzx|testautonumdata.Sparkle_Helper.AddFieldToMap(String, String, Map<String,Set<String>>)
12:59:02.2 (4834141)|VARIABLE_SCOPE_BEGIN|[157]|fieldName|String|false|false
12:59:02.2 (4843364)|VARIABLE_ASSIGNMENT|[157]|fieldName|"ContentDocumentId"
12:59:02.2 (4845356)|VARIABLE_SCOPE_BEGIN|[157]|ObjectName|String|false|false
12:59:02.2 (4849488)|VARIABLE_ASSIGNMENT|[157]|ObjectName|"ContentDocumentLink"
12:59:02.2 (4851193)|VARIABLE_SCOPE_BEGIN|[157]|theMap|Map<String,Set<String>>|true|false
12:59:02.2 (4870068)|VARIABLE_ASSIGNMENT|[157]|theMap|{"s":1,"v":{"ContentDocumentLink":{"s":2,"v":["Id"]}}}|0x262b4181
12:59:02.2 (4878024)|HEAP_ALLOCATE|[160]|Bytes:5
12:59:02.2 (4882418)|STATEMENT_EXECUTE|[158]
12:59:02.2 (4889583)|ENTERING_MANAGED_PKG|
12:59:02.2 (4896543)|STATEMENT_EXECUTE|[161]
12:59:02.2 (4897643)|STATEMENT_EXECUTE|[162]
12:59:02.2 (4903290)|ENTERING_MANAGED_PKG|
12:59:02.2 (4935566)|VARIABLE_SCOPE_BEGIN|[162]|existingFieldSet|Set<String>|true|false
12:59:02.2 (4957749)|VARIABLE_ASSIGNMENT|[162]|existingFieldSet|{"s":1,"v":["Id"]}|0x55d947ba
12:59:02.2 (4963603)|STATEMENT_EXECUTE|[163]
12:59:02.2 (4977121)|ENTERING_MANAGED_PKG|
12:59:02.2 (5011597)|HEAP_ALLOCATE|[EXTERNAL]|Bytes:4
12:59:02.2 (5023544)|STATEMENT_EXECUTE|[164]
12:59:02.2 (5031204)|ENTERING_MANAGED_PKG|
12:59:02.2 (5069773)|METHOD_EXIT|[150]|01pB0000000ljzx|testautonumdata.Sparkle_Helper.AddFieldToMap(String, String, Map<String,Set<String>>)
12:59:02.2 (5076954)|METHOD_EXIT|[47]|01pB0000000ljzx|testautonumdata.Sparkle_Helper.AddFieldToObjectsMap(String, String, Map<String,Set<String>>)
12:59:02.2 (5079994)|STATEMENT_EXECUTE|[48]
12:59:02.2 (5083836)|HEAP_ALLOCATE|[48]|Bytes:21
12:59:02.2 (5092834)|METHOD_ENTRY|[48]|01pB0000000ljzx|testautonumdata.Sparkle_Helper.AddFieldToObjectsMap(String, String, Map<String,Set<String>>)
12:59:02.2 (5104905)|VARIABLE_SCOPE_BEGIN|[107]|fieldName|String|false|false
12:59:02.2 (5116144)|VARIABLE_ASSIGNMENT|[107]|fieldName|"contentdocument.titl (1 more) ..."
12:59:02.2 (5118386)|VARIABLE_SCOPE_BEGIN|[107]|initialObjectName|String|false|false
12:59:02.2 (5122763)|VARIABLE_ASSIGNMENT|[107]|initialObjectName|"ContentDocumentLink"
12:59:02.2 (5124434)|VARIABLE_SCOPE_BEGIN|[107]|theMap|Map<String,Set<String>>|true|false
12:59:02.2 (5145004)|VARIABLE_ASSIGNMENT|[107]|theMap|{"s":1,"v":{"ContentDocumentLink":{"s":2,"v":["Id","ContentDocumentId"]}}}|0x262b4181
12:59:02.2 (5157710)|HEAP_ALLOCATE|[109]|Bytes:5
12:59:02.2 (5164870)|STATEMENT_EXECUTE|[108]
12:59:02.2 (5183851)|ENTERING_MANAGED_PKG|
12:59:02.2 (5200111)|STATEMENT_EXECUTE|[110]
12:59:02.2 (5202006)|STATEMENT_EXECUTE|[111]
12:59:02.2 (5215842)|ENTERING_MANAGED_PKG|
12:59:02.2 (5242093)|HEAP_ALLOCATE|[111]|Bytes:15
12:59:02.2 (5255210)|VARIABLE_SCOPE_BEGIN|[111]|relName1|String|false|false
12:59:02.2 (5266327)|VARIABLE_ASSIGNMENT|[111]|relName1|"contentdocument"
12:59:02.2 (5269231)|STATEMENT_EXECUTE|[112]
12:59:02.2 (5283042)|ENTERING_MANAGED_PKG|
12:59:02.2 (5304957)|HEAP_ALLOCATE|[112]|Bytes:5
12:59:02.2 (5317440)|VARIABLE_SCOPE_BEGIN|[112]|relField1|String|false|false
12:59:02.2 (5330318)|VARIABLE_ASSIGNMENT|[112]|relField1|"title"
12:59:02.2 (5349982)|ENTERING_MANAGED_PKG|
12:59:02.2 (5388486)|STATEMENT_EXECUTE|[132]
12:59:02.2 (5393317)|HEAP_ALLOCATE|[134]|Bytes:3
12:59:02.2 (5405871)|ENTERING_MANAGED_PKG|
12:59:02.2 (5432739)|STATEMENT_EXECUTE|[141]
12:59:02.2 (5442528)|METHOD_EXIT|[48]|01pB0000000ljzx|testautonumdata.Sparkle_Helper.AddFieldToObjectsMap(String, String, Map<String,Set<String>>)
12:59:02.2 (5445763)|STATEMENT_EXECUTE|[49]
12:59:02.2 (5448812)|HEAP_ALLOCATE|[49]|Bytes:24
12:59:02.2 (5457193)|METHOD_ENTRY|[49]|01pB0000000ljzx|testautonumdata.Sparkle_Helper.AddFieldToObjectsMap(String, String, Map<String,Set<String>>)
12:59:02.2 (5468903)|VARIABLE_SCOPE_BEGIN|[107]|fieldName|String|false|false
12:59:02.2 (5480376)|VARIABLE_ASSIGNMENT|[107]|fieldName|"contentdocument.file (4 more) ..."
12:59:02.2 (5482570)|VARIABLE_SCOPE_BEGIN|[107]|initialObjectName|String|false|false
12:59:02.2 (5487104)|VARIABLE_ASSIGNMENT|[107]|initialObjectName|"ContentDocumentLink"
12:59:02.2 (5488799)|VARIABLE_SCOPE_BEGIN|[107]|theMap|Map<String,Set<String>>|true|false
12:59:02.2 (5507386)|VARIABLE_ASSIGNMENT|[107]|theMap|{"s":1,"v":{"ContentDocumentLink":{"s":2,"v":["Id","ContentDocumentId"]}}}|0x262b4181
12:59:02.2 (5515979)|HEAP_ALLOCATE|[109]|Bytes:5
12:59:02.2 (5520457)|STATEMENT_EXECUTE|[108]
12:59:02.2 (5533185)|ENTERING_MANAGED_PKG|
12:59:02.2 (5541534)|STATEMENT_EXECUTE|[110]
12:59:02.2 (5542925)|STATEMENT_EXECUTE|[111]
12:59:02.2 (5549442)|ENTERING_MANAGED_PKG|
12:59:02.2 (5552648)|HEAP_ALLOCATE|[111]|Bytes:15
12:59:02.2 (5561246)|VARIABLE_SCOPE_BEGIN|[111]|relName1|String|false|false
12:59:02.2 (5571012)|VARIABLE_ASSIGNMENT|[111]|relName1|"contentdocument"
12:59:02.2 (5573681)|STATEMENT_EXECUTE|[112]
12:59:02.2 (5583018)|ENTERING_MANAGED_PKG|
12:59:02.2 (5586500)|HEAP_ALLOCATE|[112]|Bytes:8
12:59:02.2 (5594797)|VARIABLE_SCOPE_BEGIN|[112]|relField1|String|false|false
12:59:02.2 (5602666)|VARIABLE_ASSIGNMENT|[112]|relField1|"filetype"
12:59:02.2 (5612066)|ENTERING_MANAGED_PKG|
12:59:02.2 (5619851)|STATEMENT_EXECUTE|[132]
12:59:02.2 (5626518)|ENTERING_MANAGED_PKG|
12:59:02.2 (5632972)|STATEMENT_EXECUTE|[141]
12:59:02.2 (5642189)|METHOD_EXIT|[49]|01pB0000000ljzx|testautonumdata.Sparkle_Helper.AddFieldToObjectsMap(String, String, Map<String,Set<String>>)
12:59:02.2 (5647609)|STATEMENT_EXECUTE|[50]
12:59:02.2 (5652397)|HEAP_ALLOCATE|[50]|Bytes:27
12:59:02.2 (5666711)|METHOD_ENTRY|[50]|01pB0000000ljzx|testautonumdata.Sparkle_Helper.AddFieldToObjectsMap(String, String, Map<String,Set<String>>)
12:59:02.2 (5683325)|VARIABLE_SCOPE_BEGIN|[107]|fieldName|String|false|false
12:59:02.2 (5694529)|VARIABLE_ASSIGNMENT|[107]|fieldName|"contentdocument.crea (7 more) ..."
12:59:02.2 (5696570)|VARIABLE_SCOPE_BEGIN|[107]|initialObjectName|String|false|false
12:59:02.2 (5700773)|VARIABLE_ASSIGNMENT|[107]|initialObjectName|"ContentDocumentLink"
12:59:02.2 (5702426)|VARIABLE_SCOPE_BEGIN|[107]|theMap|Map<String,Set<String>>|true|false
12:59:02.2 (5720974)|VARIABLE_ASSIGNMENT|[107]|theMap|{"s":1,"v":{"ContentDocumentLink":{"s":2,"v":["Id","ContentDocumentId"]}}}|0x262b4181
12:59:02.2 (5729665)|HEAP_ALLOCATE|[109]|Bytes:5
12:59:02.2 (5734267)|STATEMENT_EXECUTE|[108]
12:59:02.2 (5747573)|ENTERING_MANAGED_PKG|
12:59:02.2 (5755656)|STATEMENT_EXECUTE|[110]
12:59:02.2 (5757019)|STATEMENT_EXECUTE|[111]
12:59:02.2 (5763646)|ENTERING_MANAGED_PKG|
12:59:02.2 (5766816)|HEAP_ALLOCATE|[111]|Bytes:15
12:59:02.2 (5775348)|VARIABLE_SCOPE_BEGIN|[111]|relName1|String|false|false
12:59:02.2 (5787614)|VARIABLE_ASSIGNMENT|[111]|relName1|"contentdocument"
12:59:02.2 (5790515)|STATEMENT_EXECUTE|[112]
12:59:02.2 (5800764)|ENTERING_MANAGED_PKG|
12:59:02.2 (5804376)|HEAP_ALLOCATE|[112]|Bytes:11
12:59:02.2 (5813002)|VARIABLE_SCOPE_BEGIN|[112]|relField1|String|false|false
12:59:02.2 (5820690)|VARIABLE_ASSIGNMENT|[112]|relField1|"createddate"
12:59:02.2 (5829926)|ENTERING_MANAGED_PKG|
12:59:02.2 (5837794)|STATEMENT_EXECUTE|[132]
12:59:02.2 (5844511)|ENTERING_MANAGED_PKG|
12:59:02.2 (5854822)|STATEMENT_EXECUTE|[141]
12:59:02.2 (5867527)|METHOD_EXIT|[50]|01pB0000000ljzx|testautonumdata.Sparkle_Helper.AddFieldToObjectsMap(String, String, Map<String,Set<String>>)
12:59:02.2 (5872836)|STATEMENT_EXECUTE|[51]
12:59:02.2 (5878298)|HEAP_ALLOCATE|[51]|Bytes:29
12:59:02.2 (5892182)|METHOD_ENTRY|[51]|01pB0000000ljzx|testautonumdata.Sparkle_Helper.AddFieldToObjectsMap(String, String, Map<String,Set<String>>)
12:59:02.2 (5906731)|VARIABLE_SCOPE_BEGIN|[107]|fieldName|String|false|false
12:59:02.2 (5917819)|VARIABLE_ASSIGNMENT|[107]|fieldName|"contentdocument.file (9 more) ..."
12:59:02.2 (5919997)|VARIABLE_SCOPE_BEGIN|[107]|initialObjectName|String|false|false
12:59:02.2 (5924135)|VARIABLE_ASSIGNMENT|[107]|initialObjectName|"ContentDocumentLink"
12:59:02.2 (5925774)|VARIABLE_SCOPE_BEGIN|[107]|theMap|Map<String,Set<String>>|true|false
12:59:02.2 (5943589)|VARIABLE_ASSIGNMENT|[107]|theMap|{"s":1,"v":{"ContentDocumentLink":{"s":2,"v":["Id","ContentDocumentId"]}}}|0x262b4181
12:59:02.2 (5952158)|HEAP_ALLOCATE|[109]|Bytes:5
12:59:02.2 (5956586)|STATEMENT_EXECUTE|[108]
12:59:02.2 (5969541)|ENTERING_MANAGED_PKG|
12:59:02.2 (5977689)|STATEMENT_EXECUTE|[110]
12:59:02.2 (5979026)|STATEMENT_EXECUTE|[111]
12:59:02.2 (5989858)|ENTERING_MANAGED_PKG|
12:59:02.2 (5993297)|HEAP_ALLOCATE|[111]|Bytes:15
12:59:02.2 (6002753)|VARIABLE_SCOPE_BEGIN|[111]|relName1|String|false|false
12:59:02.2 (6013496)|VARIABLE_ASSIGNMENT|[111]|relName1|"contentdocument"
12:59:02.2 (6016087)|STATEMENT_EXECUTE|[112]
12:59:02.2 (6025756)|ENTERING_MANAGED_PKG|
12:59:02.2 (6029133)|HEAP_ALLOCATE|[112]|Bytes:13
12:59:02.2 (6037527)|VARIABLE_SCOPE_BEGIN|[112]|relField1|String|false|false
12:59:02.2 (6045174)|VARIABLE_ASSIGNMENT|[112]|relField1|"fileextension"
12:59:02.2 (6054423)|ENTERING_MANAGED_PKG|
12:59:02.2 (6062268)|STATEMENT_EXECUTE|[132]
12:59:02.2 (6068907)|ENTERING_MANAGED_PKG|
12:59:02.2 (6075304)|STATEMENT_EXECUTE|[141]
12:59:02.2 (6082828)|METHOD_EXIT|[51]|01pB0000000ljzx|testautonumdata.Sparkle_Helper.AddFieldToObjectsMap(String, String, Map<String,Set<String>>)
12:59:02.2 (6085623)|STATEMENT_EXECUTE|[52]
12:59:02.2 (6088397)|HEAP_ALLOCATE|[52]|Bytes:27
12:59:02.2 (6096015)|METHOD_ENTRY|[52]|01pB0000000ljzx|testautonumdata.Sparkle_Helper.AddFieldToObjectsMap(String, String, Map<String,Set<String>>)
12:59:02.2 (6108140)|VARIABLE_SCOPE_BEGIN|[107]|fieldName|String|false|false
12:59:02.2 (6117931)|VARIABLE_ASSIGNMENT|[107]|fieldName|"contentdocument.cont (7 more) ..."
12:59:02.2 (6119897)|VARIABLE_SCOPE_BEGIN|[107]|initialObjectName|String|false|false
12:59:02.2 (6123934)|VARIABLE_ASSIGNMENT|[107]|initialObjectName|"ContentDocumentLink"
12:59:02.2 (6125675)|VARIABLE_SCOPE_BEGIN|[107]|theMap|Map<String,Set<String>>|true|false
12:59:02.2 (6142796)|VARIABLE_ASSIGNMENT|[107]|theMap|{"s":1,"v":{"ContentDocumentLink":{"s":2,"v":["Id","ContentDocumentId"]}}}|0x262b4181
12:59:02.2 (6152279)|HEAP_ALLOCATE|[109]|Bytes:5
12:59:02.2 (6158873)|STATEMENT_EXECUTE|[108]
12:59:02.2 (6177171)|ENTERING_MANAGED_PKG|
12:59:02.2 (6192842)|STATEMENT_EXECUTE|[110]
12:59:02.2 (6194655)|STATEMENT_EXECUTE|[111]
12:59:02.2 (6203176)|ENTERING_MANAGED_PKG|
12:59:02.2 (6206935)|HEAP_ALLOCATE|[111]|Bytes:15
12:59:02.2 (6215750)|VARIABLE_SCOPE_BEGIN|[111]|relName1|String|false|false
12:59:02.2 (6226445)|VARIABLE_ASSIGNMENT|[111]|relName1|"contentdocument"
12:59:02.2 (6228905)|STATEMENT_EXECUTE|[112]
12:59:02.2 (6238085)|ENTERING_MANAGED_PKG|
12:59:02.2 (6241614)|HEAP_ALLOCATE|[112]|Bytes:11
12:59:02.2 (6250060)|VARIABLE_SCOPE_BEGIN|[112]|relField1|String|false|false
12:59:02.2 (6257545)|VARIABLE_ASSIGNMENT|[112]|relField1|"contentsize"
12:59:02.2 (6269871)|ENTERING_MANAGED_PKG|
12:59:02.2 (6284559)|STATEMENT_EXECUTE|[132]
12:59:02.2 (6298334)|ENTERING_MANAGED_PKG|
12:59:02.2 (6311894)|STATEMENT_EXECUTE|[141]
12:59:02.2 (6324104)|METHOD_EXIT|[52]|01pB0000000ljzx|testautonumdata.Sparkle_Helper.AddFieldToObjectsMap(String, String, Map<String,Set<String>>)
12:59:02.2 (6329245)|STATEMENT_EXECUTE|[53]
12:59:02.2 (6334616)|HEAP_ALLOCATE|[53]|Bytes:9
12:59:02.2 (6344529)|METHOD_ENTRY|[53]|01pB0000000ljzx|testautonumdata.Sparkle_Helper.AddFieldToObjectsMap(String, String, Map<String,Set<String>>)
12:59:02.2 (6357217)|VARIABLE_SCOPE_BEGIN|[107]|fieldName|String|false|false
12:59:02.2 (6366780)|VARIABLE_ASSIGNMENT|[107]|fieldName|"IsDeleted"
12:59:02.2 (6368647)|VARIABLE_SCOPE_BEGIN|[107]|initialObjectName|String|false|false
12:59:02.2 (6372769)|VARIABLE_ASSIGNMENT|[107]|initialObjectName|"ContentDocumentLink"
12:59:02.2 (6374424)|VARIABLE_SCOPE_BEGIN|[107]|theMap|Map<String,Set<String>>|true|false
12:59:02.2 (6392524)|VARIABLE_ASSIGNMENT|[107]|theMap|{"s":1,"v":{"ContentDocumentLink":{"s":2,"v":["Id","ContentDocumentId"]}}}|0x262b4181
12:59:02.2 (6400759)|HEAP_ALLOCATE|[109]|Bytes:5
12:59:02.2 (6405071)|STATEMENT_EXECUTE|[108]
12:59:02.2 (6417873)|ENTERING_MANAGED_PKG|
12:59:02.2 (6426002)|STATEMENT_EXECUTE|[150]
12:59:02.2 (6431662)|METHOD_ENTRY|[150]|01pB0000000ljzx|testautonumdata.Sparkle_Helper.AddFieldToMap(String, String, Map<String,Set<String>>)
12:59:02.2 (6435359)|VARIABLE_SCOPE_BEGIN|[157]|fieldName|String|false|false
12:59:02.2 (6444117)|VARIABLE_ASSIGNMENT|[157]|fieldName|"IsDeleted"
12:59:02.2 (6445877)|VARIABLE_SCOPE_BEGIN|[157]|ObjectName|String|false|false
12:59:02.2 (6449963)|VARIABLE_ASSIGNMENT|[157]|ObjectName|"ContentDocumentLink"
12:59:02.2 (6451601)|VARIABLE_SCOPE_BEGIN|[157]|theMap|Map<String,Set<String>>|true|false
12:59:02.2 (6467837)|VARIABLE_ASSIGNMENT|[157]|theMap|{"s":1,"v":{"ContentDocumentLink":{"s":2,"v":["Id","ContentDocumentId"]}}}|0x262b4181
12:59:02.2 (6475196)|HEAP_ALLOCATE|[160]|Bytes:5
12:59:02.2 (6479227)|STATEMENT_EXECUTE|[158]
12:59:02.2 (6486102)|ENTERING_MANAGED_PKG|
12:59:02.2 (6492827)|STATEMENT_EXECUTE|[161]
12:59:02.2 (6493959)|STATEMENT_EXECUTE|[162]
12:59:02.2 (6497626)|ENTERING_MANAGED_PKG|
12:59:02.2 (6507529)|VARIABLE_SCOPE_BEGIN|[162]|existingFieldSet|Set<String>|true|false
12:59:02.2 (6523360)|VARIABLE_ASSIGNMENT|[162]|existingFieldSet|{"s":1,"v":["Id","ContentDocumentId"]}|0x55d947ba
12:59:02.2 (6526527)|STATEMENT_EXECUTE|[163]
12:59:02.2 (6533052)|ENTERING_MANAGED_PKG|
12:59:02.2 (6537322)|HEAP_ALLOCATE|[EXTERNAL]|Bytes:4
12:59:02.2 (6543934)|STATEMENT_EXECUTE|[164]
12:59:02.2 (6548187)|ENTERING_MANAGED_PKG|
12:59:02.2 (6566522)|METHOD_EXIT|[150]|01pB0000000ljzx|testautonumdata.Sparkle_Helper.AddFieldToMap(String, String, Map<String,Set<String>>)
12:59:02.2 (6572872)|METHOD_EXIT|[53]|01pB0000000ljzx|testautonumdata.Sparkle_Helper.AddFieldToObjectsMap(String, String, Map<String,Set<String>>)
12:59:02.2 (6575444)|STATEMENT_EXECUTE|[54]
12:59:02.2 (6579077)|HEAP_ALLOCATE|[54]|Bytes:14
12:59:02.2 (6587076)|METHOD_ENTRY|[54]|01pB0000000ljzx|testautonumdata.Sparkle_Helper.AddFieldToObjectsMap(String, String, Map<String,Set<String>>)
12:59:02.2 (6599204)|VARIABLE_SCOPE_BEGIN|[107]|fieldName|String|false|false
12:59:02.2 (6608440)|VARIABLE_ASSIGNMENT|[107]|fieldName|"LinkedEntityId"
12:59:02.2 (6610446)|VARIABLE_SCOPE_BEGIN|[107]|initialObjectName|String|false|false
12:59:02.2 (6614424)|VARIABLE_ASSIGNMENT|[107]|initialObjectName|"ContentDocumentLink"
12:59:02.2 (6616022)|VARIABLE_SCOPE_BEGIN|[107]|theMap|Map<String,Set<String>>|true|false
12:59:02.2 (6633570)|VARIABLE_ASSIGNMENT|[107]|theMap|{"s":1,"v":{"ContentDocumentLink":{"s":2,"v":["Id","ContentDocumentId","IsDeleted"]}}}|0x262b4181
12:59:02.2 (6641831)|HEAP_ALLOCATE|[109]|Bytes:5
12:59:02.2 (6646231)|STATEMENT_EXECUTE|[108]
12:59:02.2 (6658935)|ENTERING_MANAGED_PKG|
12:59:02.2 (6667204)|STATEMENT_EXECUTE|[150]
12:59:02.2 (6673063)|METHOD_ENTRY|[150]|01pB0000000ljzx|testautonumdata.Sparkle_Helper.AddFieldToMap(String, String, Map<String,Set<String>>)
12:59:02.2 (6676817)|VARIABLE_SCOPE_BEGIN|[157]|fieldName|String|false|false
12:59:02.2 (6685482)|VARIABLE_ASSIGNMENT|[157]|fieldName|"LinkedEntityId"
12:59:02.2 (6687485)|VARIABLE_SCOPE_BEGIN|[157]|ObjectName|String|false|false
12:59:02.2 (6691489)|VARIABLE_ASSIGNMENT|[157]|ObjectName|"ContentDocumentLink"
12:59:02.2 (6693085)|VARIABLE_SCOPE_BEGIN|[157]|theMap|Map<String,Set<String>>|true|false
12:59:02.2 (6709715)|VARIABLE_ASSIGNMENT|[157]|theMap|{"s":1,"v":{"ContentDocumentLink":{"s":2,"v":["Id","ContentDocumentId","IsDeleted"]}}}|0x262b4181
12:59:02.2 (6717553)|HEAP_ALLOCATE|[160]|Bytes:5
12:59:02.2 (6721771)|STATEMENT_EXECUTE|[158]
12:59:02.2 (6728516)|ENTERING_MANAGED_PKG|
12:59:02.2 (6735154)|STATEMENT_EXECUTE|[161]
12:59:02.2 (6736268)|STATEMENT_EXECUTE|[162]
12:59:02.2 (6739894)|ENTERING_MANAGED_PKG|
12:59:02.2 (6749522)|VARIABLE_SCOPE_BEGIN|[162]|existingFieldSet|Set<String>|true|false
12:59:02.2 (6765580)|VARIABLE_ASSIGNMENT|[162]|existingFieldSet|{"s":1,"v":["Id","ContentDocumentId","IsDeleted"]}|0x55d947ba
12:59:02.2 (6769081)|STATEMENT_EXECUTE|[163]
12:59:02.2 (6775294)|ENTERING_MANAGED_PKG|
12:59:02.2 (6781469)|HEAP_ALLOCATE|[EXTERNAL]|Bytes:4
12:59:02.2 (6790735)|STATEMENT_EXECUTE|[164]
12:59:02.2 (6795490)|ENTERING_MANAGED_PKG|
12:59:02.2 (6814010)|METHOD_EXIT|[150]|01pB0000000ljzx|testautonumdata.Sparkle_Helper.AddFieldToMap(String, String, Map<String,Set<String>>)
12:59:02.2 (6820073)|METHOD_EXIT|[54]|01pB0000000ljzx|testautonumdata.Sparkle_Helper.AddFieldToObjectsMap(String, String, Map<String,Set<String>>)
12:59:02.2 (6822659)|STATEMENT_EXECUTE|[55]
12:59:02.2 (6825910)|HEAP_ALLOCATE|[55]|Bytes:9
12:59:02.2 (6833720)|METHOD_ENTRY|[55]|01pB0000000ljzx|testautonumdata.Sparkle_Helper.AddFieldToObjectsMap(String, String, Map<String,Set<String>>)
12:59:02.2 (6845484)|VARIABLE_SCOPE_BEGIN|[107]|fieldName|String|false|false
12:59:02.2 (6854788)|VARIABLE_ASSIGNMENT|[107]|fieldName|"ShareType"
12:59:02.2 (6856690)|VARIABLE_SCOPE_BEGIN|[107]|initialObjectName|String|false|false
12:59:02.2 (6860691)|VARIABLE_ASSIGNMENT|[107]|initialObjectName|"ContentDocumentLink"
12:59:02.2 (6862231)|VARIABLE_SCOPE_BEGIN|[107]|theMap|Map<String,Set<String>>|true|false
12:59:02.2 (6880517)|VARIABLE_ASSIGNMENT|[107]|theMap|{"s":1,"v":{"ContentDocumentLink":{"s":2,"v":["Id","ContentDocumentId","IsDeleted","LinkedEntityId"]}}}|0x262b4181
12:59:02.2 (6889038)|HEAP_ALLOCATE|[109]|Bytes:5
12:59:02.2 (6893408)|STATEMENT_EXECUTE|[108]
12:59:02.2 (6906180)|ENTERING_MANAGED_PKG|
12:59:02.2 (6915062)|STATEMENT_EXECUTE|[150]
12:59:02.2 (6920430)|METHOD_ENTRY|[150]|01pB0000000ljzx|testautonumdata.Sparkle_Helper.AddFieldToMap(String, String, Map<String,Set<String>>)
12:59:02.2 (6923812)|VARIABLE_SCOPE_BEGIN|[157]|fieldName|String|false|false
12:59:02.2 (6932271)|VARIABLE_ASSIGNMENT|[157]|fieldName|"ShareType"
12:59:02.2 (6934113)|VARIABLE_SCOPE_BEGIN|[157]|ObjectName|String|false|false
12:59:02.2 (6938144)|VARIABLE_ASSIGNMENT|[157]|ObjectName|"ContentDocumentLink"
12:59:02.2 (6939765)|VARIABLE_SCOPE_BEGIN|[157]|theMap|Map<String,Set<String>>|true|false
12:59:02.2 (6956770)|VARIABLE_ASSIGNMENT|[157]|theMap|{"s":1,"v":{"ContentDocumentLink":{"s":2,"v":["Id","ContentDocumentId","IsDeleted","LinkedEntityId"]}}}|0x262b4181
12:59:02.2 (6964343)|HEAP_ALLOCATE|[160]|Bytes:5
12:59:02.2 (6968219)|STATEMENT_EXECUTE|[158]
12:59:02.2 (6974721)|ENTERING_MANAGED_PKG|
12:59:02.2 (6980959)|STATEMENT_EXECUTE|[161]
12:59:02.2 (6982088)|STATEMENT_EXECUTE|[162]
12:59:02.2 (6989392)|ENTERING_MANAGED_PKG|
12:59:02.2 (6999222)|VARIABLE_SCOPE_BEGIN|[162]|existingFieldSet|Set<String>|true|false
12:59:02.2 (7015810)|VARIABLE_ASSIGNMENT|[162]|existingFieldSet|{"s":1,"v":["Id","ContentDocumentId","IsDeleted","LinkedEntityId"]}|0x55d947ba
12:59:02.2 (7020368)|STATEMENT_EXECUTE|[163]
12:59:02.2 (7026560)|ENTERING_MANAGED_PKG|
12:59:02.2 (7030846)|HEAP_ALLOCATE|[EXTERNAL]|Bytes:4
12:59:02.2 (7037491)|STATEMENT_EXECUTE|[164]
12:59:02.2 (7041741)|ENTERING_MANAGED_PKG|
12:59:02.2 (7058936)|METHOD_EXIT|[150]|01pB0000000ljzx|testautonumdata.Sparkle_Helper.AddFieldToMap(String, String, Map<String,Set<String>>)
12:59:02.2 (7064834)|METHOD_EXIT|[55]|01pB0000000ljzx|testautonumdata.Sparkle_Helper.AddFieldToObjectsMap(String, String, Map<String,Set<String>>)
12:59:02.2 (7067619)|STATEMENT_EXECUTE|[56]
12:59:02.2 (7071128)|HEAP_ALLOCATE|[56]|Bytes:14
12:59:02.2 (7079078)|METHOD_ENTRY|[56]|01pB0000000ljzx|testautonumdata.Sparkle_Helper.AddFieldToObjectsMap(String, String, Map<String,Set<String>>)
12:59:02.2 (7090653)|VARIABLE_SCOPE_BEGIN|[107]|fieldName|String|false|false
12:59:02.2 (7099707)|VARIABLE_ASSIGNMENT|[107]|fieldName|"SystemModstamp"
12:59:02.2 (7101519)|VARIABLE_SCOPE_BEGIN|[107]|initialObjectName|String|false|false
12:59:02.2 (7105577)|VARIABLE_ASSIGNMENT|[107]|initialObjectName|"ContentDocumentLink"
12:59:02.2 (7107146)|VARIABLE_SCOPE_BEGIN|[107]|theMap|Map<String,Set<String>>|true|false
12:59:02.2 (7125503)|VARIABLE_ASSIGNMENT|[107]|theMap|{"s":1,"v":{"ContentDocumentLink":{"s":2,"v":["Id","ContentDocumentId","IsDeleted","LinkedEntityId","ShareType"]}}}|0x262b4181
12:59:02.2 (7134222)|HEAP_ALLOCATE|[109]|Bytes:5
12:59:02.2 (7138606)|STATEMENT_EXECUTE|[108]
12:59:02.2 (7151257)|ENTERING_MANAGED_PKG|
12:59:02.2 (7159670)|STATEMENT_EXECUTE|[150]
12:59:02.2 (7164929)|METHOD_ENTRY|[150]|01pB0000000ljzx|testautonumdata.Sparkle_Helper.AddFieldToMap(String, String, Map<String,Set<String>>)
12:59:02.2 (7168200)|VARIABLE_SCOPE_BEGIN|[157]|fieldName|String|false|false
12:59:02.2 (7176710)|VARIABLE_ASSIGNMENT|[157]|fieldName|"SystemModstamp"
12:59:02.2 (7178564)|VARIABLE_SCOPE_BEGIN|[157]|ObjectName|String|false|false
12:59:02.2 (7182624)|VARIABLE_ASSIGNMENT|[157]|ObjectName|"ContentDocumentLink"
12:59:02.2 (7184181)|VARIABLE_SCOPE_BEGIN|[157]|theMap|Map<String,Set<String>>|true|false
12:59:02.2 (7201165)|VARIABLE_ASSIGNMENT|[157]|theMap|{"s":1,"v":{"ContentDocumentLink":{"s":2,"v":["Id","ContentDocumentId","IsDeleted","LinkedEntityId","ShareType"]}}}|0x262b4181
12:59:02.2 (7208883)|HEAP_ALLOCATE|[160]|Bytes:5
12:59:02.2 (7212946)|STATEMENT_EXECUTE|[158]
12:59:02.2 (7219471)|ENTERING_MANAGED_PKG|
12:59:02.2 (7225945)|STATEMENT_EXECUTE|[161]
12:59:02.2 (7227089)|STATEMENT_EXECUTE|[162]
12:59:02.2 (7230495)|ENTERING_MANAGED_PKG|
12:59:02.2 (7240200)|VARIABLE_SCOPE_BEGIN|[162]|existingFieldSet|Set<String>|true|false
12:59:02.2 (7256694)|VARIABLE_ASSIGNMENT|[162]|existingFieldSet|{"s":1,"v":["Id","ContentDocumentId","IsDeleted","LinkedEntityId","ShareType"]}|0x55d947ba
12:59:02.2 (7260146)|STATEMENT_EXECUTE|[163]
12:59:02.2 (7266052)|ENTERING_MANAGED_PKG|
12:59:02.2 (7270245)|HEAP_ALLOCATE|[EXTERNAL]|Bytes:4
12:59:02.2 (7276821)|STATEMENT_EXECUTE|[164]
12:59:02.2 (7281053)|ENTERING_MANAGED_PKG|
12:59:02.2 (7298203)|METHOD_EXIT|[150]|01pB0000000ljzx|testautonumdata.Sparkle_Helper.AddFieldToMap(String, String, Map<String,Set<String>>)
12:59:02.2 (7303901)|METHOD_EXIT|[56]|01pB0000000ljzx|testautonumdata.Sparkle_Helper.AddFieldToObjectsMap(String, String, Map<String,Set<String>>)
12:59:02.2 (7306415)|STATEMENT_EXECUTE|[57]
12:59:02.2 (7309575)|HEAP_ALLOCATE|[57]|Bytes:10
12:59:02.2 (7317164)|METHOD_ENTRY|[57]|01pB0000000ljzx|testautonumdata.Sparkle_Helper.AddFieldToObjectsMap(String, String, Map<String,Set<String>>)
12:59:02.2 (7328520)|VARIABLE_SCOPE_BEGIN|[107]|fieldName|String|false|false
12:59:02.2 (7337546)|VARIABLE_ASSIGNMENT|[107]|fieldName|"Visibility"
12:59:02.2 (7339448)|VARIABLE_SCOPE_BEGIN|[107]|initialObjectName|String|false|false
12:59:02.2 (7343428)|VARIABLE_ASSIGNMENT|[107]|initialObjectName|"ContentDocumentLink"
12:59:02.2 (7344905)|VARIABLE_SCOPE_BEGIN|[107]|theMap|Map<String,Set<String>>|true|false
12:59:02.2 (7364525)|VARIABLE_ASSIGNMENT|[107]|theMap|{"s":1,"v":{"ContentDocumentLink":{"s":2,"v":"List of size 6 too large to display"}}}|0x262b4181
12:59:02.2 (7372903)|HEAP_ALLOCATE|[109]|Bytes:5
12:59:02.2 (7377146)|STATEMENT_EXECUTE|[108]
12:59:02.2 (7389769)|ENTERING_MANAGED_PKG|
12:59:02.2 (7397806)|STATEMENT_EXECUTE|[150]
12:59:02.2 (7403009)|METHOD_ENTRY|[150]|01pB0000000ljzx|testautonumdata.Sparkle_Helper.AddFieldToMap(String, String, Map<String,Set<String>>)
12:59:02.2 (7406289)|VARIABLE_SCOPE_BEGIN|[157]|fieldName|String|false|false
12:59:02.2 (7417285)|VARIABLE_ASSIGNMENT|[157]|fieldName|"Visibility"
12:59:02.2 (7420891)|VARIABLE_SCOPE_BEGIN|[157]|ObjectName|String|false|false
12:59:02.2 (7428894)|VARIABLE_ASSIGNMENT|[157]|ObjectName|"ContentDocumentLink"
12:59:02.2 (7432149)|VARIABLE_SCOPE_BEGIN|[157]|theMap|Map<String,Set<String>>|true|false
12:59:02.2 (7459805)|VARIABLE_ASSIGNMENT|[157]|theMap|{"s":1,"v":{"ContentDocumentLink":{"s":2,"v":"List of size 6 too large to display"}}}|0x262b4181
12:59:02.2 (7469989)|HEAP_ALLOCATE|[160]|Bytes:5
12:59:02.2 (7474925)|STATEMENT_EXECUTE|[158]
12:59:02.2 (7482625)|ENTERING_MANAGED_PKG|
12:59:02.2 (7489246)|STATEMENT_EXECUTE|[161]
12:59:02.2 (7490660)|STATEMENT_EXECUTE|[162]
12:59:02.2 (7494156)|ENTERING_MANAGED_PKG|
12:59:02.2 (7503558)|VARIABLE_SCOPE_BEGIN|[162]|existingFieldSet|Set<String>|true|false
12:59:02.2 (7520342)|VARIABLE_ASSIGNMENT|[162]|existingFieldSet|{"s":1,"v":"List of size 6 too large to display"}|0x55d947ba
12:59:02.2 (7523462)|STATEMENT_EXECUTE|[163]
12:59:02.2 (7529552)|ENTERING_MANAGED_PKG|
12:59:02.2 (7533714)|HEAP_ALLOCATE|[EXTERNAL]|Bytes:4
12:59:02.2 (7540232)|STATEMENT_EXECUTE|[164]
12:59:02.2 (7544431)|ENTERING_MANAGED_PKG|
12:59:02.2 (7561954)|METHOD_EXIT|[150]|01pB0000000ljzx|testautonumdata.Sparkle_Helper.AddFieldToMap(String, String, Map<String,Set<String>>)
12:59:02.2 (7567946)|METHOD_EXIT|[57]|01pB0000000ljzx|testautonumdata.Sparkle_Helper.AddFieldToObjectsMap(String, String, Map<String,Set<String>>)
12:59:02.2 (7570704)|STATEMENT_EXECUTE|[58]
12:59:02.2 (7573895)|HEAP_ALLOCATE|[58]|Bytes:26
12:59:02.2 (7581690)|METHOD_ENTRY|[58]|01pB0000000ljzx|testautonumdata.Sparkle_Helper.AddFieldToObjectsMap(String, String, Map<String,Set<String>>)
12:59:02.2 (7598986)|VARIABLE_SCOPE_BEGIN|[107]|fieldName|String|false|false
12:59:02.2 (7614728)|VARIABLE_ASSIGNMENT|[107]|fieldName|"contentdocument.isAr (6 more) ..."
12:59:02.2 (7618897)|VARIABLE_SCOPE_BEGIN|[107]|initialObjectName|String|false|false
12:59:02.2 (7627702)|VARIABLE_ASSIGNMENT|[107]|initialObjectName|"ContentDocumentLink"
12:59:02.2 (7629957)|VARIABLE_SCOPE_BEGIN|[107]|theMap|Map<String,Set<String>>|true|false
12:59:02.2 (7649060)|VARIABLE_ASSIGNMENT|[107]|theMap|{"s":1,"v":{"ContentDocumentLink":{"s":2,"v":"List of size 7 too large to display"}}}|0x262b4181
12:59:02.2 (7657489)|HEAP_ALLOCATE|[109]|Bytes:5
12:59:02.2 (7662369)|STATEMENT_EXECUTE|[108]
12:59:02.2 (7675556)|ENTERING_MANAGED_PKG|
12:59:02.2 (7683987)|STATEMENT_EXECUTE|[110]
12:59:02.2 (7685310)|STATEMENT_EXECUTE|[111]
12:59:02.2 (7691962)|ENTERING_MANAGED_PKG|
12:59:02.2 (7695303)|HEAP_ALLOCATE|[111]|Bytes:15
12:59:02.2 (7703875)|VARIABLE_SCOPE_BEGIN|[111]|relName1|String|false|false
12:59:02.2 (7713614)|VARIABLE_ASSIGNMENT|[111]|relName1|"contentdocument"
12:59:02.2 (7715985)|STATEMENT_EXECUTE|[112]
12:59:02.2 (7725099)|ENTERING_MANAGED_PKG|
12:59:02.2 (7728613)|HEAP_ALLOCATE|[112]|Bytes:10
12:59:02.2 (7737144)|VARIABLE_SCOPE_BEGIN|[112]|relField1|String|false|false
12:59:02.2 (7744931)|VARIABLE_ASSIGNMENT|[112]|relField1|"isArchived"
12:59:02.2 (7754018)|ENTERING_MANAGED_PKG|
12:59:02.2 (7761707)|STATEMENT_EXECUTE|[132]
12:59:02.2 (7768793)|ENTERING_MANAGED_PKG|
12:59:02.2 (7775349)|STATEMENT_EXECUTE|[141]
12:59:02.2 (7785603)|METHOD_EXIT|[58]|01pB0000000ljzx|testautonumdata.Sparkle_Helper.AddFieldToObjectsMap(String, String, Map<String,Set<String>>)
12:59:02.2 (7789037)|STATEMENT_EXECUTE|[59]
12:59:02.2 (7792013)|HEAP_ALLOCATE|[59]|Bytes:25
12:59:02.2 (7799937)|METHOD_ENTRY|[59]|01pB0000000ljzx|testautonumdata.Sparkle_Helper.AddFieldToObjectsMap(String, String, Map<String,Set<String>>)
12:59:02.2 (7811592)|VARIABLE_SCOPE_BEGIN|[107]|fieldName|String|false|false
12:59:02.2 (7821707)|VARIABLE_ASSIGNMENT|[107]|fieldName|"contentdocument.isDe (5 more) ..."
12:59:02.2 (7823817)|VARIABLE_SCOPE_BEGIN|[107]|initialObjectName|String|false|false
12:59:02.2 (7828014)|VARIABLE_ASSIGNMENT|[107]|initialObjectName|"ContentDocumentLink"
12:59:02.2 (7829616)|VARIABLE_SCOPE_BEGIN|[107]|theMap|Map<String,Set<String>>|true|false
12:59:02.2 (7846926)|VARIABLE_ASSIGNMENT|[107]|theMap|{"s":1,"v":{"ContentDocumentLink":{"s":2,"v":"List of size 7 too large to display"}}}|0x262b4181
12:59:02.2 (7854724)|HEAP_ALLOCATE|[109]|Bytes:5
12:59:02.2 (7858997)|STATEMENT_EXECUTE|[108]
12:59:02.2 (7874788)|ENTERING_MANAGED_PKG|
12:59:02.2 (7883949)|STATEMENT_EXECUTE|[110]
12:59:02.2 (7885319)|STATEMENT_EXECUTE|[111]
12:59:02.2 (7892164)|ENTERING_MANAGED_PKG|
12:59:02.2 (7895719)|HEAP_ALLOCATE|[111]|Bytes:15
12:59:02.2 (7904200)|VARIABLE_SCOPE_BEGIN|[111]|relName1|String|false|false
12:59:02.2 (7914055)|VARIABLE_ASSIGNMENT|[111]|relName1|"contentdocument"
12:59:02.2 (7916391)|STATEMENT_EXECUTE|[112]
12:59:02.2 (7925568)|ENTERING_MANAGED_PKG|
12:59:02.2 (7928915)|HEAP_ALLOCATE|[112]|Bytes:9
12:59:02.2 (7937109)|VARIABLE_SCOPE_BEGIN|[112]|relField1|String|false|false
12:59:02.2 (7944511)|VARIABLE_ASSIGNMENT|[112]|relField1|"isDeleted"
12:59:02.2 (7953608)|ENTERING_MANAGED_PKG|
12:59:02.2 (7961106)|STATEMENT_EXECUTE|[132]
12:59:02.2 (7967705)|ENTERING_MANAGED_PKG|
12:59:02.2 (7974103)|STATEMENT_EXECUTE|[141]
12:59:02.2 (7981561)|METHOD_EXIT|[59]|01pB0000000ljzx|testautonumdata.Sparkle_Helper.AddFieldToObjectsMap(String, String, Map<String,Set<String>>)
12:59:02.2 (7988044)|STATEMENT_EXECUTE|[66]
12:59:02.2 (7991151)|HEAP_ALLOCATE|[66]|Bytes:45
12:59:02.2 (7998007)|HEAP_ALLOCATE|[66]|Bytes:466
12:59:02.2 (8008758)|ENTERING_MANAGED_PKG|
12:59:02.2 (8028723)|USER_DEBUG|[66]|DEBUG|######## FilesViewerServerController - soql: select ContentDocumentId, contentdocument.title, contentdocument.filetype, contentdocument.createddate, contentdocument.fileextension, contentdocument.contentsize, Id,IsDeleted,LinkedEntityId,ShareType,SystemModstamp,Visibility FROM ContentDocumentLink where LinkedEntityId  = 'a0MB0000000cQXF' and contentdocument.isArchived = false and contentdocument.isDeleted = false order by contentdocument.createddate desc limit 8
12:59:02.2 (8038275)|STATEMENT_EXECUTE|[68]
12:59:02.2 (8061219)|ENTERING_MANAGED_PKG|
12:59:02.2 (8083475)|HEAP_ALLOCATE|[68]|Bytes:4
12:59:02.2 (21612393)|SOQL_EXECUTE_BEGIN|[68]|Aggregations:0|select ContentDocumentId, contentdocument.title, contentdocument.filetype, contentdocument.createddate, contentdocument.fileextension, contentdocument.contentsize, Id,IsDeleted,LinkedEntityId,ShareType,SystemModstamp,Visibility FROM ContentDocumentLink where LinkedEntityId  = 'a0MB0000000cQXF' and contentdocument.isArchived = false and contentdocument.isDeleted = false order by contentdocument.createddate desc limit 8
12:59:02.2 (33527086)|SOQL_EXECUTE_END|[68]|Rows:2
12:59:02.2 (33575406)|HEAP_ALLOCATE|[68]|Bytes:12
12:59:02.2 (33621787)|HEAP_ALLOCATE|[68]|Bytes:735
12:59:02.2 (33759450)|HEAP_ALLOCATE|[68]|Bytes:12
12:59:02.2 (33798130)|VARIABLE_SCOPE_BEGIN|[68]|lstQueriedRecords|List<SObject>|true|false
12:59:02.2 (34104978)|VARIABLE_ASSIGNMENT|[68]|lstQueriedRecords|{"s":1,"v":[{"s":2,"v":{"ContentDocumentId":"069B0000000zbmmIAA","Id":"06AB0000000xmryMAA","IsDeleted":false,"LinkedEntityId":"a0MB0000000cQXFMA2","ShareType":"V","SystemModstamp":"2016-05-23T15:46:04.000Z","Visibility":"InternalUsers","entityTypeName":"Custom Object Record","ContentDocument":{"s":3,"v":{"Title":"ResumeTemplate 1","FileType":"WORD","CreatedDate":"2016-05-23T15:46:04.000Z","FileExtension":"doc","ContentSize":29696,"Id":"069B0000000zbmmIAA"}}}},{"s":4,"v":{"ContentDocumentId":"069B0000000zbmhIAA","Id":"06AB0000000xmrtMAA","IsDeleted":false,"LinkedEntityId":"a0MB0000000cQXFMA2","ShareType":"V","SystemModstamp":"2016-05-23T15:46:04.000Z","Visibility":"InternalUsers","entityTypeName":"Custom Object Record","ContentDocument":{"s":5,"v":{"Title":"ResumeTemplate 1","FileType":"PDF","CreatedDate":"2016-05-23T15:46:03.000Z","FileExtension":"pdf","ContentSize":48077,"Id":"069B0000000zbmhIAA"}}}}]}|0x103a8b76
12:59:02.2 (34119026)|STATEMENT_EXECUTE|[70]
12:59:02.2 (34127869)|HEAP_ALLOCATE|[70]|Bytes:59
12:59:02.2 (34161991)|ENTERING_MANAGED_PKG|
12:59:02.2 (34319301)|HEAP_ALLOCATE|[70]|Bytes:420
12:59:02.2 (34341926)|HEAP_ALLOCATE|[70]|Bytes:479
12:59:02.2 (34361571)|ENTERING_MANAGED_PKG|
12:59:02.2 (34370559)|USER_DEBUG|[70]|DEBUG|######## FilesViewerServerController -  lstQueriedRecords: (ContentDocumentLink:{ContentDocumentId=069B0000000zbmmIAA, Id=06AB0000000xmryMAA, IsDeleted=false, LinkedEntityId=a0MB0000000cQXFMA2, ShareType=V, SystemModstamp=2016-05-23 15:46:04, Visibility=InternalUsers}, ContentDocumentLink:{ContentDocumentId=069B0000000zbmhIAA, Id=06AB0000000xmrtMAA, IsDeleted=false, LinkedEntityId=a0MB0000000cQXFMA2, ShareType=V, SystemModstamp=2016-05-23 15:46:04, Visibility=InternalUsers})
12:59:02.2 (34399178)|METHOD_ENTRY|[74]|01pB0000000ljzx|testautonumdata.Sparkle_Helper.UserHasAccessToObjectsAndFields(Map<String,Set<String>>)
12:59:02.2 (34424438)|VARIABLE_SCOPE_BEGIN|[175]|theMap|Map<String,Set<String>>|true|false
12:59:02.2 (34463045)|VARIABLE_ASSIGNMENT|[175]|theMap|{"s":1,"v":{"ContentDocumentLink":{"s":2,"v":"List of size 7 too large to display"}}}|0x262b4181
12:59:02.2 (34484045)|HEAP_ALLOCATE|[177]|Bytes:5
12:59:02.2 (34489514)|STATEMENT_EXECUTE|[176]
12:59:02.2 (34490996)|STATEMENT_EXECUTE|[177]
12:59:02.2 (34496894)|VARIABLE_SCOPE_BEGIN|[177]|hasAccess|Boolean|false|false
12:59:02.2 (34500275)|HEAP_ALLOCATE|[177]|Bytes:5
12:59:02.2 (34508799)|VARIABLE_ASSIGNMENT|[177]|hasAccess|true
12:59:02.2 (34524742)|ENTERING_MANAGED_PKG|
12:59:02.2 (34558913)|STATEMENT_EXECUTE|[180]
12:59:02.2 (34560843)|STATEMENT_EXECUTE|[181]
12:59:02.2 (34564673)|HEAP_ALLOCATE|[181]|Bytes:17
12:59:02.2 (34580549)|ENTERING_MANAGED_PKG|
12:59:02.2 (34618837)|HEAP_ALLOCATE|[181]|Bytes:111
12:59:02.2 (34634786)|HEAP_ALLOCATE|[181]|Bytes:128
12:59:02.2 (34644393)|ENTERING_MANAGED_PKG|
12:59:02.2 (34648270)|USER_DEBUG|[181]|DEBUG|######## theMap: {ContentDocumentLink={ContentDocumentId, Id, IsDeleted, LinkedEntityId, ShareType, SystemModstamp, Visibility}}
12:59:02.2 (34664188)|HEAP_ALLOCATE|[182]|Bytes:4
12:59:02.2 (34682641)|ENTERING_MANAGED_PKG|
12:59:02.2 (34714323)|ENTERING_MANAGED_PKG|
12:59:02.2 (34730660)|HEAP_ALLOCATE|[182]|Bytes:27
12:59:02.2 (34744753)|ENTERING_MANAGED_PKG|
12:59:02.2 (34750589)|HEAP_ALLOCATE|[182]|Bytes:4
12:59:02.2 (34758574)|ENTERING_MANAGED_PKG|
12:59:02.2 (34864436)|HEAP_ALLOCATE|[182]|Bytes:5
12:59:02.2 (34887895)|VARIABLE_SCOPE_BEGIN|[182]|objectName|String|false|false
12:59:02.2 (34899776)|VARIABLE_ASSIGNMENT|[182]|objectName|"ContentDocumentLink"
12:59:02.2 (34903758)|STATEMENT_EXECUTE|[183]
12:59:02.2 (34905106)|STATEMENT_EXECUTE|[184]
12:59:02.2 (34908683)|HEAP_ALLOCATE|[184]|Bytes:21
12:59:02.2 (34916117)|HEAP_ALLOCATE|[184]|Bytes:40
12:59:02.2 (34926132)|ENTERING_MANAGED_PKG|
12:59:02.2 (34948217)|USER_DEBUG|[184]|DEBUG|######## objectName: ContentDocumentLink
12:59:02.2 (34954534)|STATEMENT_EXECUTE|[185]
12:59:02.2 (34973820)|ENTERING_MANAGED_PKG|
12:59:02.2 (50506161)|HEAP_ALLOCATE|[185]|Bytes:1648
12:59:02.2 (50566921)|ENTERING_MANAGED_PKG|
12:59:02.2 (50660312)|HEAP_ALLOCATE|[185]|Bytes:4
12:59:02.2 (50674322)|VARIABLE_SCOPE_BEGIN|[185]|sObj|SObject|true|false
12:59:02.2 (50716129)|VARIABLE_ASSIGNMENT|[185]|sObj|{}|0x82add59
12:59:02.2 (50722709)|STATEMENT_EXECUTE|[186]
12:59:02.2 (50758769)|ENTERING_MANAGED_PKG|
12:59:02.2 (51177155)|HEAP_ALLOCATE|[186]|Bytes:4
12:59:02.2 (51492210)|HEAP_ALLOCATE|[186]|Bytes:32
12:59:02.2 (51503587)|VARIABLE_SCOPE_BEGIN|[186]|m|Map<String,Schema.SObjectField>|true|false
12:59:02.2 (51812113)|VARIABLE_ASSIGNMENT|[186]|m|"{contentdocumentid=ContentDocumentId, id=Id, isdeleted=IsDeleted, linkedentityid=LinkedEntityId, sharetype=ShareType, systemmodstamp=SystemModstamp, visibility=Visibility}"|0x4c22e415
12:59:02.2 (51818418)|STATEMENT_EXECUTE|[187]
12:59:02.2 (51832672)|ENTERING_MANAGED_PKG|
12:59:02.2 (51882464)|VARIABLE_SCOPE_BEGIN|[187]|objectFieldSet|Set<String>|true|false
12:59:02.2 (51925729)|VARIABLE_ASSIGNMENT|[187]|objectFieldSet|{"s":1,"v":"List of size 7 too large to display"}|0x55d947ba
12:59:02.2 (51942715)|HEAP_ALLOCATE|[189]|Bytes:4
12:59:02.2 (51966259)|ENTERING_MANAGED_PKG|
12:59:02.2 (52009947)|ENTERING_MANAGED_PKG|
12:59:02.2 (52022463)|HEAP_ALLOCATE|[189]|Bytes:28
12:59:02.2 (52032126)|ENTERING_MANAGED_PKG|
12:59:02.2 (52060004)|HEAP_ALLOCATE|[189]|Bytes:5
12:59:02.2 (52086678)|VARIABLE_SCOPE_BEGIN|[189]|fieldToCheck|String|false|false
12:59:02.2 (52098213)|VARIABLE_ASSIGNMENT|[189]|fieldToCheck|"Id"
12:59:02.2 (52102252)|STATEMENT_EXECUTE|[189]
12:59:02.2 (52103629)|STATEMENT_EXECUTE|[190]
12:59:02.2 (52108361)|HEAP_ALLOCATE|[190]|Bytes:23
12:59:02.2 (52120689)|HEAP_ALLOCATE|[190]|Bytes:25
12:59:02.2 (52137650)|ENTERING_MANAGED_PKG|
12:59:02.2 (52163982)|USER_DEBUG|[190]|DEBUG|######## fieldToCheck: Id
12:59:02.2 (52179007)|ENTERING_MANAGED_PKG|
12:59:02.2 (52509115)|HEAP_ALLOCATE|[192]|Bytes:8
12:59:02.2 (52538856)|STATEMENT_EXECUTE|[192]
12:59:02.2 (52541127)|STATEMENT_EXECUTE|[199]
12:59:02.2 (52544758)|HEAP_ALLOCATE|[199]|Bytes:35
12:59:02.2 (52553111)|HEAP_ALLOCATE|[199]|Bytes:37
12:59:02.2 (52563945)|ENTERING_MANAGED_PKG|
12:59:02.2 (52579129)|USER_DEBUG|[199]|DEBUG|######## User has access to field: Id
12:59:02.2 (52595178)|HEAP_ALLOCATE|[189]|Bytes:5
12:59:02.2 (52607750)|VARIABLE_SCOPE_BEGIN|[189]|fieldToCheck|String|false|false
12:59:02.2 (52619850)|VARIABLE_ASSIGNMENT|[189]|fieldToCheck|"ContentDocumentId"
12:59:02.2 (52622902)|STATEMENT_EXECUTE|[189]
12:59:02.2 (52624010)|STATEMENT_EXECUTE|[190]
12:59:02.2 (52629952)|HEAP_ALLOCATE|[190]|Bytes:40
12:59:02.2 (52638540)|ENTERING_MANAGED_PKG|
12:59:02.2 (52642052)|USER_DEBUG|[190]|DEBUG|######## fieldToCheck: ContentDocumentId
12:59:02.2 (52650254)|ENTERING_MANAGED_PKG|
12:59:02.2 (52835739)|HEAP_ALLOCATE|[192]|Bytes:8
12:59:02.2 (52851347)|STATEMENT_EXECUTE|[192]
12:59:02.2 (52853121)|STATEMENT_EXECUTE|[199]
12:59:02.2 (52859338)|HEAP_ALLOCATE|[199]|Bytes:52
12:59:02.2 (52867662)|ENTERING_MANAGED_PKG|
12:59:02.2 (52871861)|USER_DEBUG|[199]|DEBUG|######## User has access to field: ContentDocumentId
12:59:02.2 (52884765)|HEAP_ALLOCATE|[189]|Bytes:5
12:59:02.2 (52896781)|VARIABLE_SCOPE_BEGIN|[189]|fieldToCheck|String|false|false
12:59:02.2 (52908404)|VARIABLE_ASSIGNMENT|[189]|fieldToCheck|"IsDeleted"
12:59:02.2 (52911299)|STATEMENT_EXECUTE|[189]
12:59:02.2 (52912360)|STATEMENT_EXECUTE|[190]
12:59:02.2 (52917800)|HEAP_ALLOCATE|[190]|Bytes:32
12:59:02.2 (52925603)|ENTERING_MANAGED_PKG|
12:59:02.2 (52928878)|USER_DEBUG|[190]|DEBUG|######## fieldToCheck: IsDeleted
12:59:02.2 (52936874)|ENTERING_MANAGED_PKG|
12:59:02.2 (53057462)|HEAP_ALLOCATE|[192]|Bytes:8
12:59:02.2 (53073361)|STATEMENT_EXECUTE|[192]
12:59:02.2 (53075045)|STATEMENT_EXECUTE|[199]
12:59:02.2 (53080836)|HEAP_ALLOCATE|[199]|Bytes:44
12:59:02.2 (53088759)|ENTERING_MANAGED_PKG|
12:59:02.2 (53092722)|USER_DEBUG|[199]|DEBUG|######## User has access to field: IsDeleted
12:59:02.2 (53106070)|HEAP_ALLOCATE|[189]|Bytes:5
12:59:02.2 (53117663)|VARIABLE_SCOPE_BEGIN|[189]|fieldToCheck|String|false|false
12:59:02.2 (53129211)|VARIABLE_ASSIGNMENT|[189]|fieldToCheck|"LinkedEntityId"
12:59:02.2 (53132116)|STATEMENT_EXECUTE|[189]
12:59:02.2 (53133150)|STATEMENT_EXECUTE|[190]
12:59:02.2 (53138506)|HEAP_ALLOCATE|[190]|Bytes:37
12:59:02.2 (53146202)|ENTERING_MANAGED_PKG|
12:59:02.2 (53149411)|USER_DEBUG|[190]|DEBUG|######## fieldToCheck: LinkedEntityId
12:59:02.2 (53157224)|ENTERING_MANAGED_PKG|
12:59:02.2 (55859196)|HEAP_ALLOCATE|[192]|Bytes:8
12:59:02.2 (55878556)|STATEMENT_EXECUTE|[192]
12:59:02.2 (55880576)|STATEMENT_EXECUTE|[199]
12:59:02.2 (55887951)|HEAP_ALLOCATE|[199]|Bytes:49
12:59:02.2 (55897402)|ENTERING_MANAGED_PKG|
12:59:02.2 (55901952)|USER_DEBUG|[199]|DEBUG|######## User has access to field: LinkedEntityId
12:59:02.2 (55916175)|HEAP_ALLOCATE|[189]|Bytes:5
12:59:02.2 (55928627)|VARIABLE_SCOPE_BEGIN|[189]|fieldToCheck|String|false|false
12:59:02.2 (55940975)|VARIABLE_ASSIGNMENT|[189]|fieldToCheck|"ShareType"
12:59:02.2 (55944100)|STATEMENT_EXECUTE|[189]
12:59:02.2 (55945157)|STATEMENT_EXECUTE|[190]
12:59:02.2 (55950786)|HEAP_ALLOCATE|[190]|Bytes:32
12:59:02.2 (55959168)|ENTERING_MANAGED_PKG|
12:59:02.2 (55962468)|USER_DEBUG|[190]|DEBUG|######## fieldToCheck: ShareType
12:59:02.2 (55970558)|ENTERING_MANAGED_PKG|
12:59:02.2 (56104841)|HEAP_ALLOCATE|[192]|Bytes:8
12:59:02.2 (56121060)|STATEMENT_EXECUTE|[192]
12:59:02.2 (56122690)|STATEMENT_EXECUTE|[199]
12:59:02.2 (56128765)|HEAP_ALLOCATE|[199]|Bytes:44
12:59:02.2 (56136829)|ENTERING_MANAGED_PKG|
12:59:02.2 (56140860)|USER_DEBUG|[199]|DEBUG|######## User has access to field: ShareType
12:59:02.2 (56154132)|HEAP_ALLOCATE|[189]|Bytes:5
12:59:02.2 (56165912)|VARIABLE_SCOPE_BEGIN|[189]|fieldToCheck|String|false|false
12:59:02.2 (56196105)|VARIABLE_ASSIGNMENT|[189]|fieldToCheck|"SystemModstamp"
12:59:02.2 (56199790)|STATEMENT_EXECUTE|[189]
12:59:02.2 (56200888)|STATEMENT_EXECUTE|[190]
12:59:02.2 (56207024)|HEAP_ALLOCATE|[190]|Bytes:37
12:59:02.2 (56215918)|ENTERING_MANAGED_PKG|
12:59:02.2 (56219319)|USER_DEBUG|[190]|DEBUG|######## fieldToCheck: SystemModstamp
12:59:02.2 (56227475)|ENTERING_MANAGED_PKG|
12:59:02.2 (56349994)|HEAP_ALLOCATE|[192]|Bytes:8
12:59:02.2 (56364931)|STATEMENT_EXECUTE|[192]
12:59:02.2 (56366519)|STATEMENT_EXECUTE|[199]
12:59:02.2 (56372460)|HEAP_ALLOCATE|[199]|Bytes:49
12:59:02.2 (56380471)|ENTERING_MANAGED_PKG|
12:59:02.2 (56384387)|USER_DEBUG|[199]|DEBUG|######## User has access to field: SystemModstamp
12:59:02.2 (56397178)|HEAP_ALLOCATE|[189]|Bytes:5
12:59:02.2 (56408602)|VARIABLE_SCOPE_BEGIN|[189]|fieldToCheck|String|false|false
12:59:02.2 (56420356)|VARIABLE_ASSIGNMENT|[189]|fieldToCheck|"Visibility"
12:59:02.2 (56423394)|STATEMENT_EXECUTE|[189]
12:59:02.2 (56424440)|STATEMENT_EXECUTE|[190]
12:59:02.2 (56429818)|HEAP_ALLOCATE|[190]|Bytes:33
12:59:02.2 (56437532)|ENTERING_MANAGED_PKG|
12:59:02.2 (56440640)|USER_DEBUG|[190]|DEBUG|######## fieldToCheck: Visibility
12:59:02.2 (56448308)|ENTERING_MANAGED_PKG|
12:59:02.2 (56568329)|HEAP_ALLOCATE|[192]|Bytes:8
12:59:02.2 (56583362)|STATEMENT_EXECUTE|[192]
12:59:02.2 (56584960)|STATEMENT_EXECUTE|[199]
12:59:02.2 (56590744)|HEAP_ALLOCATE|[199]|Bytes:45
12:59:02.2 (56598380)|ENTERING_MANAGED_PKG|
12:59:02.2 (56602359)|USER_DEBUG|[199]|DEBUG|######## User has access to field: Visibility
12:59:02.2 (56614967)|HEAP_ALLOCATE|[189]|Bytes:5
12:59:02.2 (56631594)|VARIABLE_ASSIGNMENT|[189]|fieldToCheck|null
12:59:02.2 (56642503)|HEAP_ALLOCATE|[182]|Bytes:5
12:59:02.2 (56654317)|VARIABLE_ASSIGNMENT|[182]|objectName|null
12:59:02.2 (56658093)|STATEMENT_EXECUTE|[206]
12:59:02.2 (56661034)|HEAP_ALLOCATE|[206]|Bytes:5
12:59:02.2 (56679736)|METHOD_EXIT|[74]|01pB0000000ljzx|testautonumdata.Sparkle_Helper.UserHasAccessToObjectsAndFields(Map<String,Set<String>>)
12:59:02.2 (56684320)|STATEMENT_EXECUTE|[75]
12:59:02.2 (56769037)|ENTERING_MANAGED_PKG|
12:59:02.2 (56920780)|HEAP_ALLOCATE|[77]|Bytes:5
12:59:02.2 (56955573)|HEAP_ALLOCATE|[77]|Bytes:40
12:59:02.2 (56979665)|VARIABLE_SCOPE_BEGIN|[77]|e|SObject|true|false
12:59:02.2 (57150927)|VARIABLE_ASSIGNMENT|[77]|e|{"s":1,"v":{"ContentDocumentId":"069B0000000zbmmIAA","Id":"06AB0000000xmryMAA","IsDeleted":false,"LinkedEntityId":"a0MB0000000cQXFMA2","ShareType":"V","SystemModstamp":"2016-05-23T15:46:04.000Z","Visibility":"InternalUsers","entityTypeName":"Custom Object Record","ContentDocument":{"s":2,"v":{"Title":"ResumeTemplate 1","FileType":"WORD","CreatedDate":"2016-05-23T15:46:04.000Z","FileExtension":"doc","ContentSize":29696,"Id":"069B0000000zbmmIAA"}}}}|0x59ef8144
12:59:02.2 (57158473)|STATEMENT_EXECUTE|[78]
12:59:02.2 (57160161)|STATEMENT_EXECUTE|[79]
12:59:02.2 (57164957)|HEAP_ALLOCATE|[79]|Bytes:12
12:59:02.2 (57187561)|ENTERING_MANAGED_PKG|
12:59:02.2 (57280986)|HEAP_ALLOCATE|[79]|Bytes:208
12:59:02.2 (57298878)|HEAP_ALLOCATE|[79]|Bytes:220
12:59:02.2 (57309459)|ENTERING_MANAGED_PKG|
12:59:02.2 (57313172)|USER_DEBUG|[79]|DEBUG|######## e: ContentDocumentLink:{ContentDocumentId=069B0000000zbmmIAA, Id=06AB0000000xmryMAA, IsDeleted=false, LinkedEntityId=a0MB0000000cQXFMA2, ShareType=V, SystemModstamp=2016-05-23 15:46:04, Visibility=InternalUsers}
12:59:02.2 (57319394)|STATEMENT_EXECUTE|[80]
12:59:02.2 (57327571)|HEAP_ALLOCATE|[80]|Bytes:24
12:59:02.2 (57345306)|CONSTRUCTOR_ENTRY|[80]|01pB0000000rehC|<init>()
12:59:02.2 (57366188)|VARIABLE_SCOPE_BEGIN|[1]|this|testautonumdata.FilesViewerServerController|true|false
12:59:02.2 (57413668)|VARIABLE_ASSIGNMENT|[1]|this|{}|0x3d3f90f2
12:59:02.2 (57423352)|HEAP_ALLOCATE|[EXTERNAL]|Bytes:5
12:59:02.2 (57440217)|HEAP_ALLOCATE|[EXTERNAL]|Bytes:6
12:59:02.2 (57479632)|STATEMENT_EXECUTE|[1]
12:59:02.2 (57484460)|HEAP_ALLOCATE|[EXTERNAL]|Bytes:5
12:59:02.2 (57487017)|STATEMENT_EXECUTE|[6]
12:59:02.2 (57488257)|STATEMENT_EXECUTE|[8]
12:59:02.2 (57489362)|STATEMENT_EXECUTE|[10]
12:59:02.2 (57490666)|STATEMENT_EXECUTE|[12]
12:59:02.2 (57491510)|STATEMENT_EXECUTE|[14]
12:59:02.2 (57503073)|CONSTRUCTOR_EXIT|[80]|01pB0000000rehC|<init>()
12:59:02.2 (57507841)|VARIABLE_SCOPE_BEGIN|[80]|i|testautonumdata.FilesViewerServerController|true|false
12:59:02.2 (57531147)|VARIABLE_ASSIGNMENT|[80]|i|{}|0x3d3f90f2
12:59:02.2 (57534082)|STATEMENT_EXECUTE|[83]
12:59:02.2 (57548663)|METHOD_ENTRY|[83]|01pB0000000ljzx|testautonumdata.Sparkle_Helper.GetSobjectField(SObject, String)
12:59:02.2 (57564358)|VARIABLE_SCOPE_BEGIN|[78]|e|SObject|true|false
12:59:02.2 (57664180)|VARIABLE_ASSIGNMENT|[78]|e|{"s":1,"v":{"ContentDocumentId":"069B0000000zbmmIAA","Id":"06AB0000000xmryMAA","IsDeleted":false,"LinkedEntityId":"a0MB0000000cQXFMA2","ShareType":"V","SystemModstamp":"2016-05-23T15:46:04.000Z","Visibility":"InternalUsers","entityTypeName":"Custom Object Record","ContentDocument":{"s":2,"v":{"Title":"ResumeTemplate 1","FileType":"WORD","CreatedDate":"2016-05-23T15:46:04.000Z","FileExtension":"doc","ContentSize":29696,"Id":"069B0000000zbmmIAA"}}}}|0x59ef8144
12:59:02.2 (57670400)|VARIABLE_SCOPE_BEGIN|[78]|lcfield|String|false|false
12:59:02.2 (57677838)|VARIABLE_ASSIGNMENT|[78]|lcfield|"ContentDocumentId"
12:59:02.2 (57688122)|HEAP_ALLOCATE|[81]|Bytes:5
12:59:02.2 (57693034)|STATEMENT_EXECUTE|[79]
12:59:02.2 (57694865)|STATEMENT_EXECUTE|[81]
12:59:02.2 (57700230)|VARIABLE_SCOPE_BEGIN|[81]|returnValue|String|false|false
12:59:02.2 (57707975)|VARIABLE_ASSIGNMENT|[81]|returnValue|""
12:59:02.2 (57724192)|ENTERING_MANAGED_PKG|
12:59:02.2 (57762995)|STATEMENT_EXECUTE|[98]
12:59:02.2 (57778520)|ENTERING_MANAGED_PKG|
12:59:02.2 (57831515)|HEAP_ALLOCATE|[98]|Bytes:4
12:59:02.2 (57851359)|ENTERING_MANAGED_PKG|
12:59:02.2 (57855214)|HEAP_ALLOCATE|[98]|Bytes:18
12:59:02.2 (57872160)|VARIABLE_ASSIGNMENT|[98]|returnValue|"069B0000000zbmmIAA"
12:59:02.2 (57875610)|STATEMENT_EXECUTE|[100]
12:59:02.2 (57884513)|METHOD_EXIT|[83]|01pB0000000ljzx|testautonumdata.Sparkle_Helper.GetSobjectField(SObject, String)
12:59:02.2 (57918569)|VARIABLE_ASSIGNMENT|[EXTERNAL]|this|{}|0x3d3f90f2
12:59:02.2 (57926429)|VARIABLE_ASSIGNMENT|[EXTERNAL]|value|"069B0000000zbmmIAA"
12:59:02.2 (57938286)|VARIABLE_ASSIGNMENT|[6]|this.fileID|"069B0000000zbmmIAA"|0x3d3f90f2
12:59:02.2 (57945162)|STATEMENT_EXECUTE|[84]
12:59:02.2 (57948811)|HEAP_ALLOCATE|[84]|Bytes:21
12:59:02.2 (57956789)|METHOD_ENTRY|[84]|01pB0000000ljzx|testautonumdata.Sparkle_Helper.GetSobjectField(SObject, String)
12:59:02.2 (57969408)|VARIABLE_SCOPE_BEGIN|[78]|e|SObject|true|false
12:59:02.2 (58083811)|VARIABLE_ASSIGNMENT|[78]|e|{"s":1,"v":{"ContentDocumentId":"069B0000000zbmmIAA","Id":"06AB0000000xmryMAA","IsDeleted":false,"LinkedEntityId":"a0MB0000000cQXFMA2","ShareType":"V","SystemModstamp":"2016-05-23T15:46:04.000Z","Visibility":"InternalUsers","entityTypeName":"Custom Object Record","ContentDocument":{"s":2,"v":{"Title":"ResumeTemplate 1","FileType":"WORD","CreatedDate":"2016-05-23T15:46:04.000Z","FileExtension":"doc","ContentSize":29696,"Id":"069B0000000zbmmIAA"}}}}|0x59ef8144
12:59:02.2 (58090653)|VARIABLE_SCOPE_BEGIN|[78]|lcfield|String|false|false
12:59:02.2 (58099393)|VARIABLE_ASSIGNMENT|[78]|lcfield|"ContentDocument.Titl (1 more) ..."
12:59:02.2 (58108540)|HEAP_ALLOCATE|[81]|Bytes:5
12:59:02.2 (58113557)|STATEMENT_EXECUTE|[79]
12:59:02.2 (58114888)|STATEMENT_EXECUTE|[81]
12:59:02.2 (58118970)|VARIABLE_SCOPE_BEGIN|[81]|returnValue|String|false|false
12:59:02.2 (58125864)|VARIABLE_ASSIGNMENT|[81]|returnValue|""
12:59:02.2 (58139704)|ENTERING_MANAGED_PKG|
12:59:02.2 (58148935)|STATEMENT_EXECUTE|[84]
12:59:02.2 (58150731)|STATEMENT_EXECUTE|[85]
12:59:02.2 (58159489)|ENTERING_MANAGED_PKG|
12:59:02.2 (58184522)|HEAP_ALLOCATE|[85]|Bytes:15
12:59:02.2 (58197385)|VARIABLE_SCOPE_BEGIN|[85]|relName|String|false|false
12:59:02.2 (58207701)|VARIABLE_ASSIGNMENT|[85]|relName|"ContentDocument"
12:59:02.2 (58210467)|STATEMENT_EXECUTE|[86]
12:59:02.2 (58222355)|ENTERING_MANAGED_PKG|
12:59:02.2 (58243257)|HEAP_ALLOCATE|[86]|Bytes:5
12:59:02.2 (58255743)|VARIABLE_SCOPE_BEGIN|[86]|relField|String|false|false
12:59:02.2 (58265643)|VARIABLE_ASSIGNMENT|[86]|relField|"Title"
12:59:02.2 (58277212)|ENTERING_MANAGED_PKG|
12:59:02.2 (58303942)|STATEMENT_EXECUTE|[94]
12:59:02.2 (58316841)|ENTERING_MANAGED_PKG|
12:59:02.2 (58395092)|HEAP_ALLOCATE|[94]|Bytes:28
12:59:02.2 (58416325)|ENTERING_MANAGED_PKG|
12:59:02.2 (58442107)|HEAP_ALLOCATE|[94]|Bytes:16
12:59:02.2 (58459340)|ENTERING_MANAGED_PKG|
12:59:02.2 (58462699)|HEAP_ALLOCATE|[94]|Bytes:16
12:59:02.2 (58479390)|VARIABLE_ASSIGNMENT|[94]|returnValue|"ResumeTemplate 1"
12:59:02.2 (58483391)|STATEMENT_EXECUTE|[100]
12:59:02.2 (58492060)|METHOD_EXIT|[84]|01pB0000000ljzx|testautonumdata.Sparkle_Helper.GetSobjectField(SObject, String)
12:59:02.2 (58527591)|VARIABLE_ASSIGNMENT|[EXTERNAL]|this|{"fileID":"069B0000000zbmmIAA"}|0x3d3f90f2
12:59:02.2 (58534741)|VARIABLE_ASSIGNMENT|[EXTERNAL]|value|"ResumeTemplate 1"
12:59:02.2 (58544306)|VARIABLE_ASSIGNMENT|[8]|this.fileName|"ResumeTemplate 1"|0x3d3f90f2
12:59:02.2 (58551154)|STATEMENT_EXECUTE|[85]
12:59:02.2 (58554826)|HEAP_ALLOCATE|[85]|Bytes:27
12:59:02.2 (58565529)|METHOD_ENTRY|[85]|01pB0000000ljzx|testautonumdata.Sparkle_Helper.GetSobjectField(SObject, String)
12:59:02.2 (58578188)|VARIABLE_SCOPE_BEGIN|[78]|e|SObject|true|false
12:59:02.2 (58673467)|VARIABLE_ASSIGNMENT|[78]|e|{"s":1,"v":{"ContentDocumentId":"069B0000000zbmmIAA","Id":"06AB0000000xmryMAA","IsDeleted":false,"LinkedEntityId":"a0MB0000000cQXFMA2","ShareType":"V","SystemModstamp":"2016-05-23T15:46:04.000Z","Visibility":"InternalUsers","entityTypeName":"Custom Object Record","ContentDocument":{"s":2,"v":{"Title":"ResumeTemplate 1","FileType":"WORD","CreatedDate":"2016-05-23T15:46:04.000Z","FileExtension":"doc","ContentSize":29696,"Id":"069B0000000zbmmIAA"}}}}|0x59ef8144
12:59:02.2 (58679534)|VARIABLE_SCOPE_BEGIN|[78]|lcfield|String|false|false
12:59:02.2 (58687780)|VARIABLE_ASSIGNMENT|[78]|lcfield|"ContentDocument.Crea (7 more) ..."
12:59:02.2 (58696597)|HEAP_ALLOCATE|[81]|Bytes:5
12:59:02.2 (58701521)|STATEMENT_EXECUTE|[79]
12:59:02.2 (58702727)|STATEMENT_EXECUTE|[81]
12:59:02.2 (58706535)|VARIABLE_SCOPE_BEGIN|[81]|returnValue|String|false|false
12:59:02.2 (58713161)|VARIABLE_ASSIGNMENT|[81]|returnValue|""
12:59:02.2 (58726810)|ENTERING_MANAGED_PKG|
12:59:02.2 (58736092)|STATEMENT_EXECUTE|[84]
12:59:02.2 (58737456)|STATEMENT_EXECUTE|[85]
12:59:02.2 (58744344)|ENTERING_MANAGED_PKG|
12:59:02.2 (58747851)|HEAP_ALLOCATE|[85]|Bytes:15
12:59:02.2 (58756153)|VARIABLE_SCOPE_BEGIN|[85]|relName|String|false|false
12:59:02.2 (58764379)|VARIABLE_ASSIGNMENT|[85]|relName|"ContentDocument"
12:59:02.2 (58766855)|STATEMENT_EXECUTE|[86]
12:59:02.2 (58776083)|ENTERING_MANAGED_PKG|
12:59:02.2 (58779424)|HEAP_ALLOCATE|[86]|Bytes:11
12:59:02.2 (58787943)|VARIABLE_SCOPE_BEGIN|[86]|relField|String|false|false
12:59:02.2 (58796050)|VARIABLE_ASSIGNMENT|[86]|relField|"CreatedDate"
12:59:02.2 (58805314)|ENTERING_MANAGED_PKG|
12:59:02.2 (58813334)|STATEMENT_EXECUTE|[94]
12:59:02.2 (58820438)|ENTERING_MANAGED_PKG|
12:59:02.2 (58846794)|HEAP_ALLOCATE|[94]|Bytes:28
12:59:02.2 (58864106)|ENTERING_MANAGED_PKG|
12:59:02.2 (58888686)|HEAP_ALLOCATE|[94]|Bytes:56
12:59:02.2 (58904347)|ENTERING_MANAGED_PKG|
12:59:02.2 (58911109)|HEAP_ALLOCATE|[94]|Bytes:19
12:59:02.2 (58928033)|VARIABLE_ASSIGNMENT|[94]|returnValue|"2016-05-23 15:46:04"
12:59:02.2 (58931686)|STATEMENT_EXECUTE|[100]
12:59:02.2 (58940231)|METHOD_EXIT|[85]|01pB0000000ljzx|testautonumdata.Sparkle_Helper.GetSobjectField(SObject, String)
12:59:02.2 (58976603)|VARIABLE_ASSIGNMENT|[EXTERNAL]|this|{"fileID":"069B0000000zbmmIAA","fileName":"ResumeTemplate 1"}|0x3d3f90f2
12:59:02.2 (58988079)|VARIABLE_ASSIGNMENT|[EXTERNAL]|value|"2016-05-23 15:46:04"
12:59:02.2 (58998679)|VARIABLE_ASSIGNMENT|[10]|this.fileCreatedDate|"2016-05-23 15:46:04"|0x3d3f90f2
12:59:02.2 (59005445)|STATEMENT_EXECUTE|[86]
12:59:02.2 (59009986)|HEAP_ALLOCATE|[86]|Bytes:29
12:59:02.2 (59017886)|METHOD_ENTRY|[86]|01pB0000000ljzx|testautonumdata.Sparkle_Helper.GetSobjectField(SObject, String)
12:59:02.2 (59030556)|VARIABLE_SCOPE_BEGIN|[78]|e|SObject|true|false
12:59:02.2 (59124521)|VARIABLE_ASSIGNMENT|[78]|e|{"s":1,"v":{"ContentDocumentId":"069B0000000zbmmIAA","Id":"06AB0000000xmryMAA","IsDeleted":false,"LinkedEntityId":"a0MB0000000cQXFMA2","ShareType":"V","SystemModstamp":"2016-05-23T15:46:04.000Z","Visibility":"InternalUsers","entityTypeName":"Custom Object Record","ContentDocument":{"s":2,"v":{"Title":"ResumeTemplate 1","FileType":"WORD","CreatedDate":"2016-05-23T15:46:04.000Z","FileExtension":"doc","ContentSize":29696,"Id":"069B0000000zbmmIAA"}}}}|0x59ef8144
12:59:02.2 (59130610)|VARIABLE_SCOPE_BEGIN|[78]|lcfield|String|false|false
12:59:02.2 (59138387)|VARIABLE_ASSIGNMENT|[78]|lcfield|"ContentDocument.File (9 more) ..."
12:59:02.2 (59147129)|HEAP_ALLOCATE|[81]|Bytes:5
12:59:02.2 (59152037)|STATEMENT_EXECUTE|[79]
12:59:02.2 (59153311)|STATEMENT_EXECUTE|[81]
12:59:02.2 (59157127)|VARIABLE_SCOPE_BEGIN|[81]|returnValue|String|false|false
12:59:02.2 (59163950)|VARIABLE_ASSIGNMENT|[81]|returnValue|""
12:59:02.2 (59177508)|ENTERING_MANAGED_PKG|
12:59:02.2 (59186908)|STATEMENT_EXECUTE|[84]
12:59:02.2 (59188276)|STATEMENT_EXECUTE|[85]
12:59:02.2 (59195043)|ENTERING_MANAGED_PKG|
12:59:02.2 (59198553)|HEAP_ALLOCATE|[85]|Bytes:15
12:59:02.2 (59206642)|VARIABLE_SCOPE_BEGIN|[85]|relName|String|false|false
12:59:02.2 (59214750)|VARIABLE_ASSIGNMENT|[85]|relName|"ContentDocument"
12:59:02.2 (59217195)|STATEMENT_EXECUTE|[86]
12:59:02.2 (59226243)|ENTERING_MANAGED_PKG|
12:59:02.2 (59229595)|HEAP_ALLOCATE|[86]|Bytes:13
12:59:02.2 (59237950)|VARIABLE_SCOPE_BEGIN|[86]|relField|String|false|false
12:59:02.2 (59245556)|VARIABLE_ASSIGNMENT|[86]|relField|"FileExtension"
12:59:02.2 (59254624)|ENTERING_MANAGED_PKG|
12:59:02.2 (59262327)|STATEMENT_EXECUTE|[94]
12:59:02.2 (59269430)|ENTERING_MANAGED_PKG|
12:59:02.2 (59295336)|HEAP_ALLOCATE|[94]|Bytes:28
12:59:02.2 (59312587)|ENTERING_MANAGED_PKG|
12:59:02.2 (59332277)|HEAP_ALLOCATE|[94]|Bytes:3
12:59:02.2 (59346748)|ENTERING_MANAGED_PKG|
12:59:02.2 (59349888)|HEAP_ALLOCATE|[94]|Bytes:3
12:59:02.2 (59365109)|VARIABLE_ASSIGNMENT|[94]|returnValue|"doc"
12:59:02.2 (59368846)|STATEMENT_EXECUTE|[100]
12:59:02.2 (59377056)|METHOD_EXIT|[86]|01pB0000000ljzx|testautonumdata.Sparkle_Helper.GetSobjectField(SObject, String)
12:59:02.2 (59412687)|VARIABLE_ASSIGNMENT|[EXTERNAL]|this|{"fileCreatedDate":"2016-05-23 15:46:04","fileID":"069B0000000zbmmIAA","fileName":"ResumeTemplate 1"}|0x3d3f90f2
12:59:02.2 (59419906)|VARIABLE_ASSIGNMENT|[EXTERNAL]|value|"doc"
12:59:02.2 (59429005)|VARIABLE_ASSIGNMENT|[12]|this.fileExtension|"doc"|0x3d3f90f2
12:59:02.2 (59473467)|VARIABLE_ASSIGNMENT|[EXTERNAL]|this|{"fileCreatedDate":"2016-05-23 15:46:04","fileExtension":"doc","fileID":"069B0000000zbmmIAA","fileName":"ResumeTemplate 1"}|0x3d3f90f2
12:59:02.2 (59485477)|HEAP_ALLOCATE|[87]|Bytes:3
12:59:02.2 (59502875)|ENTERING_MANAGED_PKG|
12:59:02.2 (59512560)|STATEMENT_EXECUTE|[88]
12:59:02.2 (59515336)|HEAP_ALLOCATE|[88]|Bytes:4
12:59:02.2 (59555201)|VARIABLE_ASSIGNMENT|[EXTERNAL]|this|{"fileCreatedDate":"2016-05-23 15:46:04","fileExtension":"doc","fileID":"069B0000000zbmmIAA","fileName":"ResumeTemplate 1"}|0x3d3f90f2
12:59:02.2 (59562274)|VARIABLE_ASSIGNMENT|[EXTERNAL]|value|"word"
12:59:02.2 (59570812)|VARIABLE_ASSIGNMENT|[12]|this.fileExtension|"word"|0x3d3f90f2
12:59:02.2 (59578182)|STATEMENT_EXECUTE|[89]
12:59:02.2 (59581436)|HEAP_ALLOCATE|[89]|Bytes:27
12:59:02.2 (59589212)|METHOD_ENTRY|[89]|01pB0000000ljzx|testautonumdata.Sparkle_Helper.GetSobjectField(SObject, String)
12:59:02.2 (59600671)|VARIABLE_SCOPE_BEGIN|[78]|e|SObject|true|false
12:59:02.2 (59693677)|VARIABLE_ASSIGNMENT|[78]|e|{"s":1,"v":{"ContentDocumentId":"069B0000000zbmmIAA","Id":"06AB0000000xmryMAA","IsDeleted":false,"LinkedEntityId":"a0MB0000000cQXFMA2","ShareType":"V","SystemModstamp":"2016-05-23T15:46:04.000Z","Visibility":"InternalUsers","entityTypeName":"Custom Object Record","ContentDocument":{"s":2,"v":{"Title":"ResumeTemplate 1","FileType":"WORD","CreatedDate":"2016-05-23T15:46:04.000Z","FileExtension":"doc","ContentSize":29696,"Id":"069B0000000zbmmIAA"}}}}|0x59ef8144
12:59:02.2 (59699530)|VARIABLE_SCOPE_BEGIN|[78]|lcfield|String|false|false
12:59:02.2 (59707567)|VARIABLE_ASSIGNMENT|[78]|lcfield|"ContentDocument.Cont (7 more) ..."
12:59:02.2 (59716515)|HEAP_ALLOCATE|[81]|Bytes:5
12:59:02.2 (59721438)|STATEMENT_EXECUTE|[79]
12:59:02.2 (59722881)|STATEMENT_EXECUTE|[81]
12:59:02.2 (59726841)|VARIABLE_SCOPE_BEGIN|[81]|returnValue|String|false|false
12:59:02.2 (59733555)|VARIABLE_ASSIGNMENT|[81]|returnValue|""
12:59:02.2 (59747120)|ENTERING_MANAGED_PKG|
12:59:02.2 (59756046)|STATEMENT_EXECUTE|[84]
12:59:02.2 (59757381)|STATEMENT_EXECUTE|[85]
12:59:02.2 (59764185)|ENTERING_MANAGED_PKG|
12:59:02.2 (59767535)|HEAP_ALLOCATE|[85]|Bytes:15
12:59:02.2 (59775765)|VARIABLE_SCOPE_BEGIN|[85]|relName|String|false|false
12:59:02.2 (59783813)|VARIABLE_ASSIGNMENT|[85]|relName|"ContentDocument"
12:59:02.2 (59786069)|STATEMENT_EXECUTE|[86]
12:59:02.2 (59795240)|ENTERING_MANAGED_PKG|
12:59:02.2 (59798566)|HEAP_ALLOCATE|[86]|Bytes:11
12:59:02.2 (59806968)|VARIABLE_SCOPE_BEGIN|[86]|relField|String|false|false
12:59:02.2 (59814626)|VARIABLE_ASSIGNMENT|[86]|relField|"ContentSize"
12:59:02.2 (59823624)|ENTERING_MANAGED_PKG|
12:59:02.2 (59831568)|STATEMENT_EXECUTE|[94]
12:59:02.2 (59838700)|ENTERING_MANAGED_PKG|
12:59:02.2 (59864403)|HEAP_ALLOCATE|[94]|Bytes:28
12:59:02.2 (59882093)|ENTERING_MANAGED_PKG|
12:59:02.2 (59913126)|ENTERING_MANAGED_PKG|
12:59:02.2 (59917259)|HEAP_ALLOCATE|[94]|Bytes:5
12:59:02.2 (59933179)|VARIABLE_ASSIGNMENT|[94]|returnValue|"29696"
12:59:02.2 (59936618)|STATEMENT_EXECUTE|[100]
12:59:02.2 (59944792)|METHOD_EXIT|[89]|01pB0000000ljzx|testautonumdata.Sparkle_Helper.GetSobjectField(SObject, String)
12:59:02.2 (59980892)|VARIABLE_ASSIGNMENT|[EXTERNAL]|this|{"fileCreatedDate":"2016-05-23 15:46:04","fileExtension":"word","fileID":"069B0000000zbmmIAA","fileName":"ResumeTemplate 1"}|0x3d3f90f2
12:59:02.2 (59993088)|VARIABLE_ASSIGNMENT|[EXTERNAL]|value|"29696"
12:59:02.2 (60002654)|VARIABLE_ASSIGNMENT|[14]|this.fileSize|"29696"|0x3d3f90f2
12:59:02.2 (60010466)|STATEMENT_EXECUTE|[92]
12:59:02.2 (60020803)|ENTERING_MANAGED_PKG|
12:59:02.2 (60052106)|HEAP_ALLOCATE|[EXTERNAL]|Bytes:4
12:59:02.2 (60062756)|STATEMENT_EXECUTE|[94]
12:59:02.2 (60066569)|HEAP_ALLOCATE|[94]|Bytes:12
12:59:02.2 (60079976)|ENTERING_MANAGED_PKG|
12:59:02.2 (60149416)|HEAP_ALLOCATE|[94]|Bytes:285
12:59:02.2 (60166980)|HEAP_ALLOCATE|[94]|Bytes:297
12:59:02.2 (60177006)|ENTERING_MANAGED_PKG|
12:59:02.2 (60181431)|USER_DEBUG|[94]|DEBUG|######## i: FilesViewerServerController:[fileCreatedDate=2016-05-23 15:46:04, fileExtension=word, fileID=069B0000000zbmmIAA, fileName=ResumeTemplate 1, fileSize=29696, mapObjectsFields={ContentDocumentLink={ContentDocumentId, Id, IsDeleted, LinkedEntityId, ShareType, SystemModstamp, Visibility}}]
12:59:02.2 (60196425)|HEAP_ALLOCATE|[77]|Bytes:5
12:59:02.2 (60222557)|HEAP_ALLOCATE|[77]|Bytes:40
12:59:02.2 (60238050)|VARIABLE_SCOPE_BEGIN|[77]|e|SObject|true|false
12:59:02.2 (60336216)|VARIABLE_ASSIGNMENT|[77]|e|{"s":1,"v":{"ContentDocumentId":"069B0000000zbmhIAA","Id":"06AB0000000xmrtMAA","IsDeleted":false,"LinkedEntityId":"a0MB0000000cQXFMA2","ShareType":"V","SystemModstamp":"2016-05-23T15:46:04.000Z","Visibility":"InternalUsers","entityTypeName":"Custom Object Record","ContentDocument":{"s":2,"v":{"Title":"ResumeTemplate 1","FileType":"PDF","CreatedDate":"2016-05-23T15:46:03.000Z","FileExtension":"pdf","ContentSize":48077,"Id":"069B0000000zbmhIAA"}}}}|0x1987680f
12:59:02.2 (60342995)|STATEMENT_EXECUTE|[78]
12:59:02.2 (60344237)|STATEMENT_EXECUTE|[79]
12:59:02.2 (60359491)|ENTERING_MANAGED_PKG|
12:59:02.2 (60416540)|HEAP_ALLOCATE|[79]|Bytes:208
12:59:02.2 (60431840)|HEAP_ALLOCATE|[79]|Bytes:220
12:59:02.2 (60439475)|ENTERING_MANAGED_PKG|
12:59:02.2 (60443078)|USER_DEBUG|[79]|DEBUG|######## e: ContentDocumentLink:{ContentDocumentId=069B0000000zbmhIAA, Id=06AB0000000xmrtMAA, IsDeleted=false, LinkedEntityId=a0MB0000000cQXFMA2, ShareType=V, SystemModstamp=2016-05-23 15:46:04, Visibility=InternalUsers}
12:59:02.2 (60448884)|STATEMENT_EXECUTE|[80]
12:59:02.2 (60452877)|HEAP_ALLOCATE|[80]|Bytes:24
12:59:02.2 (60460818)|CONSTRUCTOR_ENTRY|[80]|01pB0000000rehC|<init>()
12:59:02.2 (60464580)|VARIABLE_SCOPE_BEGIN|[1]|this|testautonumdata.FilesViewerServerController|true|false
12:59:02.2 (60489376)|VARIABLE_ASSIGNMENT|[1]|this|{}|0x4dbc1d6a
12:59:02.2 (60497144)|HEAP_ALLOCATE|[EXTERNAL]|Bytes:5
12:59:02.2 (60513183)|STATEMENT_EXECUTE|[1]
12:59:02.2 (60516815)|HEAP_ALLOCATE|[EXTERNAL]|Bytes:5
12:59:02.2 (60519019)|STATEMENT_EXECUTE|[6]
12:59:02.2 (60520295)|STATEMENT_EXECUTE|[8]
12:59:02.2 (60521533)|STATEMENT_EXECUTE|[10]
12:59:02.2 (60522669)|STATEMENT_EXECUTE|[12]
12:59:02.2 (60523515)|STATEMENT_EXECUTE|[14]
12:59:02.2 (60533281)|CONSTRUCTOR_EXIT|[80]|01pB0000000rehC|<init>()
12:59:02.2 (60537559)|VARIABLE_SCOPE_BEGIN|[80]|i|testautonumdata.FilesViewerServerController|true|false
12:59:02.2 (60558198)|VARIABLE_ASSIGNMENT|[80]|i|{}|0x4dbc1d6a
12:59:02.2 (60560854)|STATEMENT_EXECUTE|[83]
12:59:02.2 (60568741)|METHOD_ENTRY|[83]|01pB0000000ljzx|testautonumdata.Sparkle_Helper.GetSobjectField(SObject, String)
12:59:02.2 (60572864)|VARIABLE_SCOPE_BEGIN|[78]|e|SObject|true|false
12:59:02.2 (60664789)|VARIABLE_ASSIGNMENT|[78]|e|{"s":1,"v":{"ContentDocumentId":"069B0000000zbmhIAA","Id":"06AB0000000xmrtMAA","IsDeleted":false,"LinkedEntityId":"a0MB0000000cQXFMA2","ShareType":"V","SystemModstamp":"2016-05-23T15:46:04.000Z","Visibility":"InternalUsers","entityTypeName":"Custom Object Record","ContentDocument":{"s":2,"v":{"Title":"ResumeTemplate 1","FileType":"PDF","CreatedDate":"2016-05-23T15:46:03.000Z","FileExtension":"pdf","ContentSize":48077,"Id":"069B0000000zbmhIAA"}}}}|0x1987680f
12:59:02.2 (60670953)|VARIABLE_SCOPE_BEGIN|[78]|lcfield|String|false|false
12:59:02.2 (60678000)|VARIABLE_ASSIGNMENT|[78]|lcfield|"ContentDocumentId"
12:59:02.2 (60686707)|HEAP_ALLOCATE|[81]|Bytes:5
12:59:02.2 (60691659)|STATEMENT_EXECUTE|[79]
12:59:02.2 (60692925)|STATEMENT_EXECUTE|[81]
12:59:02.2 (60696819)|VARIABLE_SCOPE_BEGIN|[81]|returnValue|String|false|false
12:59:02.2 (60703524)|VARIABLE_ASSIGNMENT|[81]|returnValue|""
12:59:02.2 (60717078)|ENTERING_MANAGED_PKG|
12:59:02.2 (60726158)|STATEMENT_EXECUTE|[98]
12:59:02.2 (60733852)|ENTERING_MANAGED_PKG|
12:59:02.2 (60758265)|HEAP_ALLOCATE|[98]|Bytes:4
12:59:02.2 (60774492)|ENTERING_MANAGED_PKG|
12:59:02.2 (60777783)|HEAP_ALLOCATE|[98]|Bytes:18
12:59:02.2 (60793239)|VARIABLE_ASSIGNMENT|[98]|returnValue|"069B0000000zbmhIAA"
12:59:02.2 (60796425)|STATEMENT_EXECUTE|[100]
12:59:02.2 (60804695)|METHOD_EXIT|[83]|01pB0000000ljzx|testautonumdata.Sparkle_Helper.GetSobjectField(SObject, String)
12:59:02.2 (60832155)|VARIABLE_ASSIGNMENT|[EXTERNAL]|this|{}|0x4dbc1d6a
12:59:02.2 (60839331)|VARIABLE_ASSIGNMENT|[EXTERNAL]|value|"069B0000000zbmhIAA"
12:59:02.2 (60847725)|VARIABLE_ASSIGNMENT|[6]|this.fileID|"069B0000000zbmhIAA"|0x4dbc1d6a
12:59:02.2 (60854437)|STATEMENT_EXECUTE|[84]
12:59:02.2 (60860185)|METHOD_ENTRY|[84]|01pB0000000ljzx|testautonumdata.Sparkle_Helper.GetSobjectField(SObject, String)
12:59:02.2 (60863807)|VARIABLE_SCOPE_BEGIN|[78]|e|SObject|true|false
12:59:02.2 (60955425)|VARIABLE_ASSIGNMENT|[78]|e|{"s":1,"v":{"ContentDocumentId":"069B0000000zbmhIAA","Id":"06AB0000000xmrtMAA","IsDeleted":false,"LinkedEntityId":"a0MB0000000cQXFMA2","ShareType":"V","SystemModstamp":"2016-05-23T15:46:04.000Z","Visibility":"InternalUsers","entityTypeName":"Custom Object Record","ContentDocument":{"s":2,"v":{"Title":"ResumeTemplate 1","FileType":"PDF","CreatedDate":"2016-05-23T15:46:03.000Z","FileExtension":"pdf","ContentSize":48077,"Id":"069B0000000zbmhIAA"}}}}|0x1987680f
12:59:02.2 (60961259)|VARIABLE_SCOPE_BEGIN|[78]|lcfield|String|false|false
12:59:02.2 (60969123)|VARIABLE_ASSIGNMENT|[78]|lcfield|"ContentDocument.Titl (1 more) ..."
12:59:02.2 (60977988)|HEAP_ALLOCATE|[81]|Bytes:5
12:59:02.2 (60982859)|STATEMENT_EXECUTE|[79]
12:59:02.2 (60988019)|STATEMENT_EXECUTE|[81]
12:59:02.2 (60992043)|VARIABLE_SCOPE_BEGIN|[81]|returnValue|String|false|false
12:59:02.2 (60999152)|VARIABLE_ASSIGNMENT|[81]|returnValue|""
12:59:02.2 (61013109)|ENTERING_MANAGED_PKG|
12:59:02.2 (61023019)|STATEMENT_EXECUTE|[84]
12:59:02.2 (61024433)|STATEMENT_EXECUTE|[85]
12:59:02.2 (61031439)|ENTERING_MANAGED_PKG|
12:59:02.2 (61035041)|HEAP_ALLOCATE|[85]|Bytes:15
12:59:02.2 (61043558)|VARIABLE_SCOPE_BEGIN|[85]|relName|String|false|false
12:59:02.2 (61051798)|VARIABLE_ASSIGNMENT|[85]|relName|"ContentDocument"
12:59:02.2 (61054179)|STATEMENT_EXECUTE|[86]
12:59:02.2 (61063341)|ENTERING_MANAGED_PKG|
12:59:02.2 (61066754)|HEAP_ALLOCATE|[86]|Bytes:5
12:59:02.2 (61074959)|VARIABLE_SCOPE_BEGIN|[86]|relField|String|false|false
12:59:02.2 (61082446)|VARIABLE_ASSIGNMENT|[86]|relField|"Title"
12:59:02.2 (61091396)|ENTERING_MANAGED_PKG|
12:59:02.2 (61099165)|STATEMENT_EXECUTE|[94]
12:59:02.2 (61106299)|ENTERING_MANAGED_PKG|
12:59:02.2 (61137760)|HEAP_ALLOCATE|[94]|Bytes:28
12:59:02.2 (61156047)|ENTERING_MANAGED_PKG|
12:59:02.2 (61177183)|HEAP_ALLOCATE|[94]|Bytes:16
12:59:02.2 (61192261)|ENTERING_MANAGED_PKG|
12:59:02.2 (61195376)|HEAP_ALLOCATE|[94]|Bytes:16
12:59:02.2 (61211704)|VARIABLE_ASSIGNMENT|[94]|returnValue|"ResumeTemplate 1"
12:59:02.2 (61215240)|STATEMENT_EXECUTE|[100]
12:59:02.2 (61223601)|METHOD_EXIT|[84]|01pB0000000ljzx|testautonumdata.Sparkle_Helper.GetSobjectField(SObject, String)
12:59:02.2 (61252523)|VARIABLE_ASSIGNMENT|[EXTERNAL]|this|{"fileID":"069B0000000zbmhIAA"}|0x4dbc1d6a
12:59:02.2 (61259319)|VARIABLE_ASSIGNMENT|[EXTERNAL]|value|"ResumeTemplate 1"
12:59:02.2 (61267499)|VARIABLE_ASSIGNMENT|[8]|this.fileName|"ResumeTemplate 1"|0x4dbc1d6a
12:59:02.2 (61273946)|STATEMENT_EXECUTE|[85]
12:59:02.2 (61279519)|METHOD_ENTRY|[85]|01pB0000000ljzx|testautonumdata.Sparkle_Helper.GetSobjectField(SObject, String)
12:59:02.2 (61283060)|VARIABLE_SCOPE_BEGIN|[78]|e|SObject|true|false
12:59:02.2 (61374095)|VARIABLE_ASSIGNMENT|[78]|e|{"s":1,"v":{"ContentDocumentId":"069B0000000zbmhIAA","Id":"06AB0000000xmrtMAA","IsDeleted":false,"LinkedEntityId":"a0MB0000000cQXFMA2","ShareType":"V","SystemModstamp":"2016-05-23T15:46:04.000Z","Visibility":"InternalUsers","entityTypeName":"Custom Object Record","ContentDocument":{"s":2,"v":{"Title":"ResumeTemplate 1","FileType":"PDF","CreatedDate":"2016-05-23T15:46:03.000Z","FileExtension":"pdf","ContentSize":48077,"Id":"069B0000000zbmhIAA"}}}}|0x1987680f
12:59:02.2 (61380414)|VARIABLE_SCOPE_BEGIN|[78]|lcfield|String|false|false
12:59:02.2 (61388294)|VARIABLE_ASSIGNMENT|[78]|lcfield|"ContentDocument.Crea (7 more) ..."
12:59:02.2 (61397048)|HEAP_ALLOCATE|[81]|Bytes:5
12:59:02.2 (61401957)|STATEMENT_EXECUTE|[79]
12:59:02.2 (61403159)|STATEMENT_EXECUTE|[81]
12:59:02.2 (61406943)|VARIABLE_SCOPE_BEGIN|[81]|returnValue|String|false|false
12:59:02.2 (61413613)|VARIABLE_ASSIGNMENT|[81]|returnValue|""
12:59:02.2 (61427166)|ENTERING_MANAGED_PKG|
12:59:02.2 (61435924)|STATEMENT_EXECUTE|[84]
12:59:02.2 (61437328)|STATEMENT_EXECUTE|[85]
12:59:02.2 (61444351)|ENTERING_MANAGED_PKG|
12:59:02.2 (61447739)|HEAP_ALLOCATE|[85]|Bytes:15
12:59:02.2 (61455966)|VARIABLE_SCOPE_BEGIN|[85]|relName|String|false|false
12:59:02.2 (61464039)|VARIABLE_ASSIGNMENT|[85]|relName|"ContentDocument"
12:59:02.2 (61466419)|STATEMENT_EXECUTE|[86]
12:59:02.2 (61475251)|ENTERING_MANAGED_PKG|
12:59:02.2 (61478604)|HEAP_ALLOCATE|[86]|Bytes:11
12:59:02.2 (61487002)|VARIABLE_SCOPE_BEGIN|[86]|relField|String|false|false
12:59:02.2 (61495013)|VARIABLE_ASSIGNMENT|[86]|relField|"CreatedDate"
12:59:02.2 (61504109)|ENTERING_MANAGED_PKG|
12:59:02.2 (61511926)|STATEMENT_EXECUTE|[94]
12:59:02.2 (61519104)|ENTERING_MANAGED_PKG|
12:59:02.2 (61544590)|HEAP_ALLOCATE|[94]|Bytes:28
12:59:02.2 (61561888)|ENTERING_MANAGED_PKG|
12:59:02.2 (61582017)|HEAP_ALLOCATE|[94]|Bytes:56
12:59:02.2 (61597453)|ENTERING_MANAGED_PKG|
12:59:02.2 (61604659)|HEAP_ALLOCATE|[94]|Bytes:19
12:59:02.2 (61621536)|VARIABLE_ASSIGNMENT|[94]|returnValue|"2016-05-23 15:46:03"
12:59:02.2 (61625110)|STATEMENT_EXECUTE|[100]
12:59:02.2 (61633165)|METHOD_EXIT|[85]|01pB0000000ljzx|testautonumdata.Sparkle_Helper.GetSobjectField(SObject, String)
12:59:02.2 (61662658)|VARIABLE_ASSIGNMENT|[EXTERNAL]|this|{"fileID":"069B0000000zbmhIAA","fileName":"ResumeTemplate 1"}|0x4dbc1d6a
12:59:02.2 (61669578)|VARIABLE_ASSIGNMENT|[EXTERNAL]|value|"2016-05-23 15:46:03"
12:59:02.2 (61677815)|VARIABLE_ASSIGNMENT|[10]|this.fileCreatedDate|"2016-05-23 15:46:03"|0x4dbc1d6a
12:59:02.2 (61684180)|STATEMENT_EXECUTE|[86]
12:59:02.2 (61689587)|METHOD_ENTRY|[86]|01pB0000000ljzx|testautonumdata.Sparkle_Helper.GetSobjectField(SObject, String)
12:59:02.2 (61693180)|VARIABLE_SCOPE_BEGIN|[78]|e|SObject|true|false
12:59:02.2 (61790029)|VARIABLE_ASSIGNMENT|[78]|e|{"s":1,"v":{"ContentDocumentId":"069B0000000zbmhIAA","Id":"06AB0000000xmrtMAA","IsDeleted":false,"LinkedEntityId":"a0MB0000000cQXFMA2","ShareType":"V","SystemModstamp":"2016-05-23T15:46:04.000Z","Visibility":"InternalUsers","entityTypeName":"Custom Object Record","ContentDocument":{"s":2,"v":{"Title":"ResumeTemplate 1","FileType":"PDF","CreatedDate":"2016-05-23T15:46:03.000Z","FileExtension":"pdf","ContentSize":48077,"Id":"069B0000000zbmhIAA"}}}}|0x1987680f
12:59:02.2 (61796130)|VARIABLE_SCOPE_BEGIN|[78]|lcfield|String|false|false
12:59:02.2 (61803895)|VARIABLE_ASSIGNMENT|[78]|lcfield|"ContentDocument.File (9 more) ..."
12:59:02.2 (61812639)|HEAP_ALLOCATE|[81]|Bytes:5
12:59:02.2 (61817540)|STATEMENT_EXECUTE|[79]
12:59:02.2 (61818757)|STATEMENT_EXECUTE|[81]
12:59:02.2 (61822585)|VARIABLE_SCOPE_BEGIN|[81]|returnValue|String|false|false
12:59:02.2 (61829149)|VARIABLE_ASSIGNMENT|[81]|returnValue|""
12:59:02.2 (61842977)|ENTERING_MANAGED_PKG|
12:59:02.2 (61851798)|STATEMENT_EXECUTE|[84]
12:59:02.2 (61853437)|STATEMENT_EXECUTE|[85]
12:59:02.2 (61860292)|ENTERING_MANAGED_PKG|
12:59:02.2 (61863734)|HEAP_ALLOCATE|[85]|Bytes:15
12:59:02.2 (61871816)|VARIABLE_SCOPE_BEGIN|[85]|relName|String|false|false
12:59:02.2 (61879960)|VARIABLE_ASSIGNMENT|[85]|relName|"ContentDocument"
12:59:02.2 (61882320)|STATEMENT_EXECUTE|[86]
12:59:02.2 (61891425)|ENTERING_MANAGED_PKG|
12:59:02.2 (61894753)|HEAP_ALLOCATE|[86]|Bytes:13
12:59:02.2 (61903222)|VARIABLE_SCOPE_BEGIN|[86]|relField|String|false|false
12:59:02.2 (61910763)|VARIABLE_ASSIGNMENT|[86]|relField|"FileExtension"
12:59:02.2 (61919858)|ENTERING_MANAGED_PKG|
12:59:02.2 (61927755)|STATEMENT_EXECUTE|[94]
12:59:02.2 (61934998)|ENTERING_MANAGED_PKG|
12:59:02.2 (61960054)|HEAP_ALLOCATE|[94]|Bytes:28
12:59:02.2 (61977225)|ENTERING_MANAGED_PKG|
12:59:02.2 (61998266)|HEAP_ALLOCATE|[94]|Bytes:3
12:59:02.2 (62013555)|ENTERING_MANAGED_PKG|
12:59:02.2 (62017429)|HEAP_ALLOCATE|[94]|Bytes:3
12:59:02.2 (62032932)|VARIABLE_ASSIGNMENT|[94]|returnValue|"pdf"
12:59:02.2 (62036512)|STATEMENT_EXECUTE|[100]
12:59:02.2 (62044564)|METHOD_EXIT|[86]|01pB0000000ljzx|testautonumdata.Sparkle_Helper.GetSobjectField(SObject, String)
12:59:02.2 (62074407)|VARIABLE_ASSIGNMENT|[EXTERNAL]|this|{"fileCreatedDate":"2016-05-23 15:46:03","fileID":"069B0000000zbmhIAA","fileName":"ResumeTemplate 1"}|0x4dbc1d6a
12:59:02.2 (62081218)|VARIABLE_ASSIGNMENT|[EXTERNAL]|value|"pdf"
12:59:02.2 (62089215)|VARIABLE_ASSIGNMENT|[12]|this.fileExtension|"pdf"|0x4dbc1d6a
12:59:02.2 (62117963)|VARIABLE_ASSIGNMENT|[EXTERNAL]|this|{"fileCreatedDate":"2016-05-23 15:46:03","fileExtension":"pdf","fileID":"069B0000000zbmhIAA","fileName":"ResumeTemplate 1"}|0x4dbc1d6a
12:59:02.2 (62135141)|ENTERING_MANAGED_PKG|
12:59:02.2 (62143608)|STATEMENT_EXECUTE|[87]
12:59:02.2 (62145185)|STATEMENT_EXECUTE|[89]
12:59:02.2 (62150185)|METHOD_ENTRY|[89]|01pB0000000ljzx|testautonumdata.Sparkle_Helper.GetSobjectField(SObject, String)
12:59:02.2 (62153826)|VARIABLE_SCOPE_BEGIN|[78]|e|SObject|true|false
12:59:02.2 (62245344)|VARIABLE_ASSIGNMENT|[78]|e|{"s":1,"v":{"ContentDocumentId":"069B0000000zbmhIAA","Id":"06AB0000000xmrtMAA","IsDeleted":false,"LinkedEntityId":"a0MB0000000cQXFMA2","ShareType":"V","SystemModstamp":"2016-05-23T15:46:04.000Z","Visibility":"InternalUsers","entityTypeName":"Custom Object Record","ContentDocument":{"s":2,"v":{"Title":"ResumeTemplate 1","FileType":"PDF","CreatedDate":"2016-05-23T15:46:03.000Z","FileExtension":"pdf","ContentSize":48077,"Id":"069B0000000zbmhIAA"}}}}|0x1987680f
12:59:02.2 (62251345)|VARIABLE_SCOPE_BEGIN|[78]|lcfield|String|false|false
12:59:02.2 (62259247)|VARIABLE_ASSIGNMENT|[78]|lcfield|"ContentDocument.Cont (7 more) ..."
12:59:02.2 (62267942)|HEAP_ALLOCATE|[81]|Bytes:5
12:59:02.2 (62272713)|STATEMENT_EXECUTE|[79]
12:59:02.2 (62273912)|STATEMENT_EXECUTE|[81]
12:59:02.2 (62277620)|VARIABLE_SCOPE_BEGIN|[81]|returnValue|String|false|false
12:59:02.2 (62284248)|VARIABLE_ASSIGNMENT|[81]|returnValue|""
12:59:02.2 (62297433)|ENTERING_MANAGED_PKG|
12:59:02.2 (62305927)|STATEMENT_EXECUTE|[84]
12:59:02.2 (62307345)|STATEMENT_EXECUTE|[85]
12:59:02.2 (62314121)|ENTERING_MANAGED_PKG|
12:59:02.2 (62317478)|HEAP_ALLOCATE|[85]|Bytes:15
12:59:02.2 (62325527)|VARIABLE_SCOPE_BEGIN|[85]|relName|String|false|false
12:59:02.2 (62333603)|VARIABLE_ASSIGNMENT|[85]|relName|"ContentDocument"
12:59:02.2 (62336301)|STATEMENT_EXECUTE|[86]
12:59:02.2 (62345369)|ENTERING_MANAGED_PKG|
12:59:02.2 (62348638)|HEAP_ALLOCATE|[86]|Bytes:11
12:59:02.2 (62356943)|VARIABLE_SCOPE_BEGIN|[86]|relField|String|false|false
12:59:02.2 (62364453)|VARIABLE_ASSIGNMENT|[86]|relField|"ContentSize"
12:59:02.2 (62373553)|ENTERING_MANAGED_PKG|
12:59:02.2 (62381311)|STATEMENT_EXECUTE|[94]
12:59:02.2 (62388455)|ENTERING_MANAGED_PKG|
12:59:02.2 (62413727)|HEAP_ALLOCATE|[94]|Bytes:28
12:59:02.2 (62430672)|ENTERING_MANAGED_PKG|
12:59:02.2 (62457925)|ENTERING_MANAGED_PKG|
12:59:02.2 (62461892)|HEAP_ALLOCATE|[94]|Bytes:5
12:59:02.2 (62477576)|VARIABLE_ASSIGNMENT|[94]|returnValue|"48077"
12:59:02.2 (62481076)|STATEMENT_EXECUTE|[100]
12:59:02.2 (62489108)|METHOD_EXIT|[89]|01pB0000000ljzx|testautonumdata.Sparkle_Helper.GetSobjectField(SObject, String)
12:59:02.2 (62520010)|VARIABLE_ASSIGNMENT|[EXTERNAL]|this|{"fileCreatedDate":"2016-05-23 15:46:03","fileExtension":"pdf","fileID":"069B0000000zbmhIAA","fileName":"ResumeTemplate 1"}|0x4dbc1d6a
12:59:02.2 (62526724)|VARIABLE_ASSIGNMENT|[EXTERNAL]|value|"48077"
12:59:02.2 (62535011)|VARIABLE_ASSIGNMENT|[14]|this.fileSize|"48077"|0x4dbc1d6a
12:59:02.2 (62541535)|STATEMENT_EXECUTE|[92]
12:59:02.2 (62547631)|ENTERING_MANAGED_PKG|
12:59:02.2 (62554454)|HEAP_ALLOCATE|[EXTERNAL]|Bytes:4
12:59:02.2 (62560692)|STATEMENT_EXECUTE|[94]
12:59:02.2 (62571730)|ENTERING_MANAGED_PKG|
12:59:02.2 (62608753)|HEAP_ALLOCATE|[94]|Bytes:284
12:59:02.2 (62624709)|HEAP_ALLOCATE|[94]|Bytes:296
12:59:02.2 (62632552)|ENTERING_MANAGED_PKG|
12:59:02.2 (62636603)|USER_DEBUG|[94]|DEBUG|######## i: FilesViewerServerController:[fileCreatedDate=2016-05-23 15:46:03, fileExtension=pdf, fileID=069B0000000zbmhIAA, fileName=ResumeTemplate 1, fileSize=48077, mapObjectsFields={ContentDocumentLink={ContentDocumentId, Id, IsDeleted, LinkedEntityId, ShareType, SystemModstamp, Visibility}}]
12:59:02.2 (62658819)|HEAP_ALLOCATE|[77]|Bytes:5
12:59:02.2 (62675883)|VARIABLE_ASSIGNMENT|[77]|e|null|
12:59:02.2 (62679380)|STATEMENT_EXECUTE|[99]
12:59:02.2 (62682566)|HEAP_ALLOCATE|[99]|Bytes:57
12:59:02.2 (62697382)|ENTERING_MANAGED_PKG|
12:59:02.2 (62773763)|HEAP_ALLOCATE|[99]|Bytes:478
12:59:02.2 (62791166)|HEAP_ALLOCATE|[99]|Bytes:535
12:59:02.2 (62800844)|ENTERING_MANAGED_PKG|
12:59:02.2 (62805004)|USER_DEBUG|[99]|DEBUG|######## FilesViewerServerController - lstReturnRecords: (FilesViewerServerController:[fileCreatedDate=2016-05-23 15:46:04, fileExtension=word, fileID=069B0000000zbmmIAA, fileName=ResumeTemplate 1, fileSize=29696, mapObjectsFields={ContentDocumentLink={ContentDocumentId, Id, IsDeleted, LinkedEntityId, ShareType, SystemModstamp, Visibility}}], FilesViewerServerController:[fileCreatedDate=2016-05-23 15:46:03, fileExtension=pdf, fileID=069B0000000zbmhIAA, fileName=ResumeTemplate 1, fileSize=48077, mapObjectsFields=(already output)])
12:59:02.2 (62812712)|STATEMENT_EXECUTE|[101]
12:59:02.2 (62822596)|SYSTEM_MODE_EXIT|false
12:59:02.62 (62873705)|CUMULATIVE_LIMIT_USAGE
12:59:02.62 (62873705)|LIMIT_USAGE_FOR_NS|(default)|
  Number of SOQL queries: 0 out of 100
  Number of query rows: 0 out of 50000
  Number of SOSL queries: 0 out of 20
  Number of DML statements: 0 out of 150
  Number of DML rows: 0 out of 10000
  Maximum CPU time: 0 out of 10000
  Maximum heap size: 0 out of 6000000
  Number of callouts: 0 out of 100
  Number of Email Invocations: 0 out of 10
  Number of future calls: 0 out of 50
  Number of queueable jobs added to the queue: 0 out of 50
  Number of Mobile Apex push calls: 0 out of 10

12:59:02.62 (62873705)|LIMIT_USAGE_FOR_NS|testautonumdata|
  Number of SOQL queries: 1 out of 100
  Number of query rows: 2 out of 50000
  Number of SOSL queries: 0 out of 20
  Number of DML statements: 0 out of 150
  Number of DML rows: 0 out of 10000
  Maximum CPU time: 0 out of 10000
  Maximum heap size: 0 out of 6000000
  Number of callouts: 0 out of 100
  Number of Email Invocations: 0 out of 10
  Number of future calls: 0 out of 50
  Number of queueable jobs added to the queue: 0 out of 50
  Number of Mobile Apex push calls: 0 out of 10

12:59:02.62 (62873705)|CUMULATIVE_LIMIT_USAGE_END

12:59:02.64 (64876516)|CODE_UNIT_STARTED|[EXTERNAL]|Aura
12:59:02.65 (65988735)|CODE_UNIT_STARTED|[EXTERNAL]|Aura
