38.0 APEX_CODE,FINEST;APEX_PROFILING,INFO;CALLOUT,INFO;DB,INFO;SYSTEM,DEBUG;VALIDATION,INFO;VISUALFORCE,INFO;WORKFLOW,INFO
07:03:14.0 (450926)|USER_INFO|[EXTERNAL]|005B0000001VpZR|rreboucas-yi5c@force.com|Pacific Standard Time|GMT-07:00
07:03:14.3 (3666937)|CODE_UNIT_STARTED|[EXTERNAL]|01pB0000000lc07|ListServerController.getListRecords
07:03:14.3 (3723976)|VARIABLE_SCOPE_BEGIN|[3]|ListServerController.mapObjectsFields|Map<String,Set<String>>|true|true
07:03:14.3 (3913617)|HEAP_ALLOCATE|[EXTERNAL]|Bytes:180
07:03:14.3 (3941791)|HEAP_ALLOCATE|[EXTERNAL]|Bytes:22
07:03:14.3 (3945761)|HEAP_ALLOCATE|[EXTERNAL]|Bytes:27
07:03:14.3 (3979592)|METHOD_ENTRY|[1]|01pB0000000lc07|ListServerController.ListServerController()
07:03:14.3 (3984190)|STATEMENT_EXECUTE|[1]
07:03:14.3 (3989769)|STATEMENT_EXECUTE|[1]
07:03:14.3 (4023845)|HEAP_ALLOCATE|[50]|Bytes:5
07:03:14.3 (4057554)|HEAP_ALLOCATE|[56]|Bytes:5
07:03:14.3 (4067172)|HEAP_ALLOCATE|[64]|Bytes:7
07:03:14.3 (4092820)|SYSTEM_MODE_ENTER|false
07:03:14.3 (4112449)|HEAP_ALLOCATE|[3]|Bytes:5
07:03:14.3 (4117006)|STATEMENT_EXECUTE|[3]
07:03:14.3 (4158255)|VARIABLE_ASSIGNMENT|[3]|ListServerController.mapObjectsFields|null|
07:03:14.3 (4166070)|SYSTEM_MODE_EXIT|false
07:03:14.3 (4194599)|METHOD_EXIT|[1]|ListServerController
07:03:14.3 (4201183)|HEAP_ALLOCATE|[EXTERNAL]|Bytes:1
07:03:14.3 (4203610)|HEAP_ALLOCATE|[EXTERNAL]|Bytes:7
07:03:14.3 (4205067)|HEAP_ALLOCATE|[EXTERNAL]|Bytes:2
07:03:14.3 (4206298)|HEAP_ALLOCATE|[EXTERNAL]|Bytes:4
07:03:14.3 (4207584)|HEAP_ALLOCATE|[EXTERNAL]|Bytes:4
07:03:14.3 (4220836)|SYSTEM_MODE_ENTER|false
07:03:14.3 (4227098)|VARIABLE_SCOPE_BEGIN|[23]|rowsLimit|String|false|false
07:03:14.3 (4235974)|VARIABLE_ASSIGNMENT|[23]|rowsLimit|"8"
07:03:14.3 (4238262)|VARIABLE_SCOPE_BEGIN|[23]|objectApiName|String|false|false
07:03:14.3 (4241355)|VARIABLE_ASSIGNMENT|[23]|objectApiName|"Account"
07:03:14.3 (4243235)|VARIABLE_SCOPE_BEGIN|[23]|filter1Field|String|false|false
07:03:14.3 (4246548)|VARIABLE_ASSIGNMENT|[23]|filter1Field|null
07:03:14.3 (4248265)|VARIABLE_SCOPE_BEGIN|[23]|filter1Value|String|false|false
07:03:14.3 (4250635)|VARIABLE_ASSIGNMENT|[23]|filter1Value|null
07:03:14.3 (4252238)|VARIABLE_SCOPE_BEGIN|[23]|eventField|String|false|false
07:03:14.3 (4255002)|VARIABLE_ASSIGNMENT|[23]|eventField|"Id"
07:03:14.3 (4256758)|VARIABLE_SCOPE_BEGIN|[23]|column1|String|false|false
07:03:14.3 (4259277)|VARIABLE_ASSIGNMENT|[23]|column1|"Name"
07:03:14.3 (4260906)|VARIABLE_SCOPE_BEGIN|[23]|column2|String|false|false
07:03:14.3 (4263253)|VARIABLE_ASSIGNMENT|[23]|column2|null
07:03:14.3 (4264950)|VARIABLE_SCOPE_BEGIN|[23]|column3|String|false|false
07:03:14.3 (4267138)|VARIABLE_ASSIGNMENT|[23]|column3|null
07:03:14.3 (4268660)|VARIABLE_SCOPE_BEGIN|[23]|column4|String|false|false
07:03:14.3 (4270864)|VARIABLE_ASSIGNMENT|[23]|column4|null
07:03:14.3 (4272330)|VARIABLE_SCOPE_BEGIN|[23]|sortField|String|false|false
07:03:14.3 (4274795)|VARIABLE_ASSIGNMENT|[23]|sortField|"Name"
07:03:14.3 (4276461)|VARIABLE_SCOPE_BEGIN|[23]|sortDirection|String|false|false
07:03:14.3 (4278948)|VARIABLE_ASSIGNMENT|[23]|sortDirection|null
07:03:14.3 (4292403)|HEAP_ALLOCATE|[25]|Bytes:5
07:03:14.3 (4296973)|STATEMENT_EXECUTE|[23]
07:03:14.3 (4298393)|STATEMENT_EXECUTE|[25]
07:03:14.3 (4301310)|HEAP_ALLOCATE|[25]|Bytes:20
07:03:14.3 (4311423)|HEAP_ALLOCATE|[25]|Bytes:21
07:03:14.3 (4359882)|ENTERING_MANAGED_PKG|
07:03:14.3 (4393562)|USER_DEBUG|[25]|DEBUG|######## rowsLimit: 8
07:03:14.3 (4427631)|STATEMENT_EXECUTE|[26]
07:03:14.3 (4433680)|HEAP_ALLOCATE|[26]|Bytes:24
07:03:14.3 (4441653)|HEAP_ALLOCATE|[26]|Bytes:31
07:03:14.3 (4451164)|ENTERING_MANAGED_PKG|
07:03:14.3 (4467905)|USER_DEBUG|[26]|DEBUG|######## objectApiName: Account
07:03:14.3 (4474939)|STATEMENT_EXECUTE|[29]
07:03:14.3 (4481566)|HEAP_ALLOCATE|[29]|Bytes:4
07:03:14.3 (4525118)|VARIABLE_ASSIGNMENT|[29]|ListServerController.mapObjectsFields|{"s":1,"v":{}}|0x320b6b6f
07:03:14.3 (4528840)|STATEMENT_EXECUTE|[31]
07:03:14.3 (4532568)|HEAP_ALLOCATE|[31]|Bytes:2
07:03:14.3 (5513181)|HEAP_ALLOCATE|[31]|Bytes:19
07:03:14.3 (5520882)|HEAP_ALLOCATE|[31]|Bytes:28
07:03:14.3 (5532452)|METHOD_ENTRY|[1]|01pB0000000ljzx|Sparkle_Helper.Sparkle_Helper()
07:03:14.3 (5535192)|STATEMENT_EXECUTE|[1]
07:03:14.3 (5538953)|STATEMENT_EXECUTE|[1]
07:03:14.3 (5545731)|HEAP_ALLOCATE|[31]|Bytes:5
07:03:14.3 (5556401)|METHOD_EXIT|[1]|Sparkle_Helper
07:03:14.3 (5573262)|METHOD_ENTRY|[31]|01pB0000000ljzx|testautonumdata.Sparkle_Helper.AddFieldToObjectsMap(String, String, Map<String,Set<String>>)
07:03:14.3 (5589933)|VARIABLE_SCOPE_BEGIN|[107]|fieldName|String|false|false
07:03:14.3 (5597540)|VARIABLE_ASSIGNMENT|[107]|fieldName|"Id"
07:03:14.3 (5599690)|VARIABLE_SCOPE_BEGIN|[107]|initialObjectName|String|false|false
07:03:14.3 (5603125)|VARIABLE_ASSIGNMENT|[107]|initialObjectName|"Account"
07:03:14.3 (5604703)|VARIABLE_SCOPE_BEGIN|[107]|theMap|Map<String,Set<String>>|true|false
07:03:14.3 (5615403)|VARIABLE_ASSIGNMENT|[107]|theMap|{"s":1,"v":{}}|0x320b6b6f
07:03:14.3 (5623810)|HEAP_ALLOCATE|[109]|Bytes:5
07:03:14.3 (5628374)|STATEMENT_EXECUTE|[108]
07:03:14.3 (5631177)|HEAP_ALLOCATE|[109]|Bytes:1
07:03:14.3 (5648613)|ENTERING_MANAGED_PKG|
07:03:14.3 (5690952)|STATEMENT_EXECUTE|[150]
07:03:14.3 (5702014)|METHOD_ENTRY|[150]|01pB0000000ljzx|testautonumdata.Sparkle_Helper.AddFieldToMap(String, String, Map<String,Set<String>>)
07:03:14.3 (5715096)|VARIABLE_SCOPE_BEGIN|[157]|fieldName|String|false|false
07:03:14.3 (5721391)|VARIABLE_ASSIGNMENT|[157]|fieldName|"Id"
07:03:14.3 (5723385)|VARIABLE_SCOPE_BEGIN|[157]|ObjectName|String|false|false
07:03:14.3 (5726583)|VARIABLE_ASSIGNMENT|[157]|ObjectName|"Account"
07:03:14.3 (5728287)|VARIABLE_SCOPE_BEGIN|[157]|theMap|Map<String,Set<String>>|true|false
07:03:14.3 (5737515)|VARIABLE_ASSIGNMENT|[157]|theMap|{"s":1,"v":{}}|0x320b6b6f
07:03:14.3 (5745889)|HEAP_ALLOCATE|[160]|Bytes:5
07:03:14.3 (5749731)|STATEMENT_EXECUTE|[158]
07:03:14.3 (5775653)|ENTERING_MANAGED_PKG|
07:03:14.3 (5814259)|STATEMENT_EXECUTE|[167]
07:03:14.3 (5816615)|STATEMENT_EXECUTE|[168]
07:03:14.3 (5877812)|HEAP_ALLOCATE|[168]|Bytes:4
07:03:14.3 (5920318)|ENTERING_MANAGED_PKG|
07:03:14.3 (5977160)|VARIABLE_SCOPE_BEGIN|[168]|newFieldSet|Set<String>|true|false
07:03:14.3 (6017282)|VARIABLE_ASSIGNMENT|[168]|newFieldSet|{"s":1,"v":[]}|0x4f8041f1
07:03:14.3 (6021755)|STATEMENT_EXECUTE|[169]
07:03:14.3 (6034554)|ENTERING_MANAGED_PKG|
07:03:14.3 (6056404)|HEAP_ALLOCATE|[EXTERNAL]|Bytes:4
07:03:14.3 (6066096)|STATEMENT_EXECUTE|[170]
07:03:14.3 (6073877)|ENTERING_MANAGED_PKG|
07:03:14.3 (6099834)|HEAP_ALLOCATE|[EXTERNAL]|Bytes:-4
07:03:14.3 (6115422)|METHOD_EXIT|[150]|01pB0000000ljzx|testautonumdata.Sparkle_Helper.AddFieldToMap(String, String, Map<String,Set<String>>)
07:03:14.3 (6122269)|METHOD_EXIT|[31]|01pB0000000ljzx|testautonumdata.Sparkle_Helper.AddFieldToObjectsMap(String, String, Map<String,Set<String>>)
07:03:14.3 (6125416)|STATEMENT_EXECUTE|[33]
07:03:14.3 (6150194)|HEAP_ALLOCATE|[33]|Bytes:4
07:03:14.3 (6214006)|ENTERING_MANAGED_PKG|
07:03:14.3 (6235359)|VARIABLE_SCOPE_BEGIN|[33]|lstReturnRecords|List<testautonumdata.ListServerController>|true|false
07:03:14.3 (6258466)|HEAP_ALLOCATE|[EXTERNAL]|Bytes:4
07:03:14.3 (6273319)|VARIABLE_ASSIGNMENT|[33]|lstReturnRecords|{"s":1,"v":[]}|0x6116e02c
07:03:14.3 (6276468)|STATEMENT_EXECUTE|[35]
07:03:14.3 (6298540)|ENTERING_MANAGED_PKG|
07:03:14.3 (6327461)|VARIABLE_SCOPE_BEGIN|[35]|rLimit|Integer|false|false
07:03:14.3 (6332694)|HEAP_ALLOCATE|[35]|Bytes:4
07:03:14.3 (6339301)|VARIABLE_ASSIGNMENT|[35]|rLimit|8
07:03:14.3 (6341676)|STATEMENT_EXECUTE|[36]
07:03:14.3 (6345269)|HEAP_ALLOCATE|[36]|Bytes:17
07:03:14.3 (6360001)|ENTERING_MANAGED_PKG|
07:03:14.3 (6379888)|HEAP_ALLOCATE|[36]|Bytes:1
07:03:14.3 (6393373)|HEAP_ALLOCATE|[36]|Bytes:18
07:03:14.3 (6402388)|ENTERING_MANAGED_PKG|
07:03:14.3 (6409132)|USER_DEBUG|[36]|DEBUG|######## rLimit: 8
07:03:14.3 (6414929)|STATEMENT_EXECUTE|[40]
07:03:14.3 (6422598)|HEAP_ALLOCATE|[40]|Bytes:9
07:03:14.3 (6427440)|VARIABLE_SCOPE_BEGIN|[40]|soql|String|false|false
07:03:14.3 (6434884)|VARIABLE_ASSIGNMENT|[40]|soql|"Select id"
07:03:14.3 (6450556)|ENTERING_MANAGED_PKG|
07:03:14.3 (6486236)|STATEMENT_EXECUTE|[42]
07:03:14.3 (6489289)|STATEMENT_EXECUTE|[49]
07:03:14.3 (6490392)|STATEMENT_EXECUTE|[50]
07:03:14.3 (6493737)|HEAP_ALLOCATE|[50]|Bytes:2
07:03:14.3 (6507288)|ENTERING_MANAGED_PKG|
07:03:14.3 (6523620)|HEAP_ALLOCATE|[50]|Bytes:4
07:03:14.3 (6536256)|HEAP_ALLOCATE|[50]|Bytes:6
07:03:14.3 (6540379)|HEAP_ALLOCATE|[50]|Bytes:15
07:03:14.3 (6547916)|VARIABLE_ASSIGNMENT|[50]|soql|"Select id, Name"
07:03:14.3 (6550429)|STATEMENT_EXECUTE|[51]
07:03:14.3 (6561055)|METHOD_ENTRY|[51]|01pB0000000ljzx|testautonumdata.Sparkle_Helper.AddFieldToObjectsMap(String, String, Map<String,Set<String>>)
07:03:14.3 (6574019)|VARIABLE_SCOPE_BEGIN|[107]|fieldName|String|false|false
07:03:14.3 (6579239)|VARIABLE_ASSIGNMENT|[107]|fieldName|"Name"
07:03:14.3 (6581036)|VARIABLE_SCOPE_BEGIN|[107]|initialObjectName|String|false|false
07:03:14.3 (6584180)|VARIABLE_ASSIGNMENT|[107]|initialObjectName|"Account"
07:03:14.3 (6585749)|VARIABLE_SCOPE_BEGIN|[107]|theMap|Map<String,Set<String>>|true|false
07:03:14.3 (6601950)|VARIABLE_ASSIGNMENT|[107]|theMap|{"s":1,"v":{"Account":{"s":2,"v":["Id"]}}}|0x320b6b6f
07:03:14.3 (6610727)|HEAP_ALLOCATE|[109]|Bytes:5
07:03:14.3 (6614753)|STATEMENT_EXECUTE|[108]
07:03:14.3 (6627614)|ENTERING_MANAGED_PKG|
07:03:14.3 (6635829)|STATEMENT_EXECUTE|[150]
07:03:14.3 (6641390)|METHOD_ENTRY|[150]|01pB0000000ljzx|testautonumdata.Sparkle_Helper.AddFieldToMap(String, String, Map<String,Set<String>>)
07:03:14.3 (6644934)|VARIABLE_SCOPE_BEGIN|[157]|fieldName|String|false|false
07:03:14.3 (6650198)|VARIABLE_ASSIGNMENT|[157]|fieldName|"Name"
07:03:14.3 (6652059)|VARIABLE_SCOPE_BEGIN|[157]|ObjectName|String|false|false
07:03:14.3 (6654918)|VARIABLE_ASSIGNMENT|[157]|ObjectName|"Account"
07:03:14.3 (6656493)|VARIABLE_SCOPE_BEGIN|[157]|theMap|Map<String,Set<String>>|true|false
07:03:14.3 (6670022)|VARIABLE_ASSIGNMENT|[157]|theMap|{"s":1,"v":{"Account":{"s":2,"v":["Id"]}}}|0x320b6b6f
07:03:14.3 (6677064)|HEAP_ALLOCATE|[160]|Bytes:5
07:03:14.3 (6680695)|STATEMENT_EXECUTE|[158]
07:03:14.3 (6687355)|ENTERING_MANAGED_PKG|
07:03:14.3 (6693841)|STATEMENT_EXECUTE|[161]
07:03:14.3 (6695196)|STATEMENT_EXECUTE|[162]
07:03:14.3 (6700650)|ENTERING_MANAGED_PKG|
07:03:14.3 (6730723)|VARIABLE_SCOPE_BEGIN|[162]|existingFieldSet|Set<String>|true|false
07:03:14.3 (6744754)|VARIABLE_ASSIGNMENT|[162]|existingFieldSet|{"s":1,"v":["Id"]}|0x4f8041f1
07:03:14.3 (6747834)|STATEMENT_EXECUTE|[163]
07:03:14.3 (6755694)|ENTERING_MANAGED_PKG|
07:03:14.3 (6773716)|HEAP_ALLOCATE|[EXTERNAL]|Bytes:4
07:03:14.3 (6782127)|STATEMENT_EXECUTE|[164]
07:03:14.3 (6789240)|ENTERING_MANAGED_PKG|
07:03:14.3 (6824943)|METHOD_EXIT|[150]|01pB0000000ljzx|testautonumdata.Sparkle_Helper.AddFieldToMap(String, String, Map<String,Set<String>>)
07:03:14.3 (6832053)|METHOD_EXIT|[51]|01pB0000000ljzx|testautonumdata.Sparkle_Helper.AddFieldToObjectsMap(String, String, Map<String,Set<String>>)
07:03:14.3 (6836063)|STATEMENT_EXECUTE|[53]
07:03:14.3 (6838646)|STATEMENT_EXECUTE|[58]
07:03:14.3 (6839999)|STATEMENT_EXECUTE|[63]
07:03:14.3 (6840942)|STATEMENT_EXECUTE|[69]
07:03:14.3 (6844222)|HEAP_ALLOCATE|[69]|Bytes:6
07:03:14.3 (6857357)|ENTERING_MANAGED_PKG|
07:03:14.3 (6873725)|HEAP_ALLOCATE|[69]|Bytes:7
07:03:14.3 (6886442)|HEAP_ALLOCATE|[69]|Bytes:13
07:03:14.3 (6890357)|HEAP_ALLOCATE|[69]|Bytes:28
07:03:14.3 (6900028)|VARIABLE_ASSIGNMENT|[69]|soql|"Select id, Name FROM (8 more) ..."
07:03:14.3 (6904140)|STATEMENT_EXECUTE|[72]
07:03:14.3 (6906363)|STATEMENT_EXECUTE|[78]
07:03:14.3 (6907482)|STATEMENT_EXECUTE|[84]
07:03:14.3 (6910143)|HEAP_ALLOCATE|[84]|Bytes:7
07:03:14.3 (6920494)|ENTERING_MANAGED_PKG|
07:03:14.3 (6934967)|HEAP_ALLOCATE|[84]|Bytes:1
07:03:14.3 (6947188)|HEAP_ALLOCATE|[84]|Bytes:8
07:03:14.3 (6951103)|HEAP_ALLOCATE|[84]|Bytes:36
07:03:14.3 (6959219)|VARIABLE_ASSIGNMENT|[84]|soql|"Select id, Name FROM (16 more) ..."
07:03:14.3 (6961550)|STATEMENT_EXECUTE|[88]
07:03:14.3 (6964286)|HEAP_ALLOCATE|[88]|Bytes:15
07:03:14.3 (6968492)|HEAP_ALLOCATE|[88]|Bytes:51
07:03:14.3 (6976745)|ENTERING_MANAGED_PKG|
07:03:14.3 (6993128)|USER_DEBUG|[88]|DEBUG|######## soql: Select id, Name FROM Account limit 8
07:03:14.3 (7008258)|METHOD_ENTRY|[95]|01pB0000000ljzx|testautonumdata.Sparkle_Helper.UserHasAccessToObjectsAndFields(Map<String,Set<String>>)
07:03:14.3 (7021441)|VARIABLE_SCOPE_BEGIN|[175]|theMap|Map<String,Set<String>>|true|false
07:03:14.3 (7039575)|VARIABLE_ASSIGNMENT|[175]|theMap|{"s":1,"v":{"Account":{"s":2,"v":["Id","Name"]}}}|0x320b6b6f
07:03:14.3 (7048713)|HEAP_ALLOCATE|[177]|Bytes:5
07:03:14.3 (7056976)|STATEMENT_EXECUTE|[176]
07:03:14.3 (7058442)|STATEMENT_EXECUTE|[177]
07:03:14.3 (7062621)|VARIABLE_SCOPE_BEGIN|[177]|hasAccess|Boolean|false|false
07:03:14.3 (7066273)|HEAP_ALLOCATE|[177]|Bytes:5
07:03:14.3 (7071371)|VARIABLE_ASSIGNMENT|[177]|hasAccess|true
07:03:14.3 (7080253)|ENTERING_MANAGED_PKG|
07:03:14.3 (7100751)|STATEMENT_EXECUTE|[180]
07:03:14.3 (7102528)|STATEMENT_EXECUTE|[181]
07:03:14.3 (7105881)|HEAP_ALLOCATE|[181]|Bytes:17
07:03:14.3 (7120451)|ENTERING_MANAGED_PKG|
07:03:14.3 (7149381)|HEAP_ALLOCATE|[181]|Bytes:20
07:03:14.3 (7162845)|HEAP_ALLOCATE|[181]|Bytes:37
07:03:14.3 (7171590)|ENTERING_MANAGED_PKG|
07:03:14.3 (7178016)|USER_DEBUG|[181]|DEBUG|######## theMap: {Account={Id, Name}}
07:03:14.3 (7190131)|HEAP_ALLOCATE|[182]|Bytes:4
07:03:14.3 (7200025)|ENTERING_MANAGED_PKG|
07:03:14.3 (7224259)|ENTERING_MANAGED_PKG|
07:03:14.3 (7237433)|HEAP_ALLOCATE|[182]|Bytes:15
07:03:14.3 (7251246)|ENTERING_MANAGED_PKG|
07:03:14.3 (7255138)|HEAP_ALLOCATE|[182]|Bytes:4
07:03:14.3 (7262016)|ENTERING_MANAGED_PKG|
07:03:14.3 (7335089)|HEAP_ALLOCATE|[182]|Bytes:5
07:03:14.3 (7365614)|VARIABLE_SCOPE_BEGIN|[182]|objectName|String|false|false
07:03:14.3 (7373739)|VARIABLE_ASSIGNMENT|[182]|objectName|"Account"
07:03:14.3 (7376549)|STATEMENT_EXECUTE|[183]
07:03:14.3 (7377661)|STATEMENT_EXECUTE|[184]
07:03:14.3 (7380892)|HEAP_ALLOCATE|[184]|Bytes:21
07:03:14.3 (7387020)|HEAP_ALLOCATE|[184]|Bytes:28
07:03:14.3 (7395703)|ENTERING_MANAGED_PKG|
07:03:14.3 (7414611)|USER_DEBUG|[184]|DEBUG|######## objectName: Account
07:03:14.3 (7426190)|STATEMENT_EXECUTE|[185]
07:03:14.3 (7441241)|ENTERING_MANAGED_PKG|
07:03:14.3 (45755765)|HEAP_ALLOCATE|[185]|Bytes:1648
07:03:14.3 (45817075)|ENTERING_MANAGED_PKG|
07:03:14.3 (45942767)|HEAP_ALLOCATE|[185]|Bytes:4
07:03:14.3 (45957043)|VARIABLE_SCOPE_BEGIN|[185]|sObj|SObject|true|false
07:03:14.3 (45992601)|VARIABLE_ASSIGNMENT|[185]|sObj|{}|0x143845f6
07:03:14.3 (45997888)|STATEMENT_EXECUTE|[186]
07:03:14.3 (46037286)|ENTERING_MANAGED_PKG|
07:03:14.3 (47055458)|HEAP_ALLOCATE|[186]|Bytes:4
07:03:14.3 (49133468)|HEAP_ALLOCATE|[186]|Bytes:312
07:03:14.3 (49146406)|VARIABLE_SCOPE_BEGIN|[186]|m|Map<String,Schema.SObjectField>|true|false
07:03:14.3 (49475220)|VARIABLE_ASSIGNMENT|[186]|m|"{accountnumber=AccountNumber, accountsource=AccountSource, annualrevenue=AnnualRevenue, billingaddress=BillingAddress, billingcity=BillingCity, billingcountry=BillingCountry, billingcountrycode=BillingCountryCode, billinglatitude=BillingLatitude, billinglongitude=BillingLongitude, billingpostalcode=BillingPostalCode, ...}"|0x121f71e2
07:03:14.3 (49482453)|STATEMENT_EXECUTE|[187]
07:03:14.3 (49496625)|ENTERING_MANAGED_PKG|
07:03:14.3 (49540518)|VARIABLE_SCOPE_BEGIN|[187]|objectFieldSet|Set<String>|true|false
07:03:14.3 (49569718)|VARIABLE_ASSIGNMENT|[187]|objectFieldSet|{"s":1,"v":["Id","Name"]}|0x4f8041f1
07:03:14.3 (49583005)|HEAP_ALLOCATE|[189]|Bytes:4
07:03:14.3 (49595015)|ENTERING_MANAGED_PKG|
07:03:14.3 (49627888)|ENTERING_MANAGED_PKG|
07:03:14.3 (49634584)|HEAP_ALLOCATE|[189]|Bytes:8
07:03:14.3 (49642748)|ENTERING_MANAGED_PKG|
07:03:14.3 (49667734)|HEAP_ALLOCATE|[189]|Bytes:5
07:03:14.3 (49687296)|VARIABLE_SCOPE_BEGIN|[189]|fieldToCheck|String|false|false
07:03:14.3 (49695087)|VARIABLE_ASSIGNMENT|[189]|fieldToCheck|"Id"
07:03:14.3 (49698358)|STATEMENT_EXECUTE|[189]
07:03:14.3 (49699733)|STATEMENT_EXECUTE|[190]
07:03:14.3 (49704641)|HEAP_ALLOCATE|[190]|Bytes:23
07:03:14.3 (49718065)|HEAP_ALLOCATE|[190]|Bytes:25
07:03:14.3 (49733419)|ENTERING_MANAGED_PKG|
07:03:14.3 (49761786)|USER_DEBUG|[190]|DEBUG|######## fieldToCheck: Id
07:03:14.3 (49778852)|ENTERING_MANAGED_PKG|
07:03:14.3 (50385087)|HEAP_ALLOCATE|[192]|Bytes:8
07:03:14.3 (50411472)|STATEMENT_EXECUTE|[192]
07:03:14.3 (50413859)|STATEMENT_EXECUTE|[199]
07:03:14.3 (50417345)|HEAP_ALLOCATE|[199]|Bytes:35
07:03:14.3 (50424787)|HEAP_ALLOCATE|[199]|Bytes:37
07:03:14.3 (50434890)|ENTERING_MANAGED_PKG|
07:03:14.3 (50459830)|USER_DEBUG|[199]|DEBUG|######## User has access to field: Id
07:03:14.3 (50485551)|HEAP_ALLOCATE|[189]|Bytes:5
07:03:14.3 (50500378)|VARIABLE_SCOPE_BEGIN|[189]|fieldToCheck|String|false|false
07:03:14.3 (50508550)|VARIABLE_ASSIGNMENT|[189]|fieldToCheck|"Name"
07:03:14.3 (50511338)|STATEMENT_EXECUTE|[189]
07:03:14.3 (50512487)|STATEMENT_EXECUTE|[190]
07:03:14.3 (50518031)|HEAP_ALLOCATE|[190]|Bytes:27
07:03:14.3 (50525804)|ENTERING_MANAGED_PKG|
07:03:14.3 (50532159)|USER_DEBUG|[190]|DEBUG|######## fieldToCheck: Name
07:03:14.3 (50540832)|ENTERING_MANAGED_PKG|
07:03:14.3 (50716313)|HEAP_ALLOCATE|[192]|Bytes:8
07:03:14.3 (50731131)|STATEMENT_EXECUTE|[192]
07:03:14.3 (50733358)|STATEMENT_EXECUTE|[199]
07:03:14.3 (50739317)|HEAP_ALLOCATE|[199]|Bytes:39
07:03:14.3 (50747197)|ENTERING_MANAGED_PKG|
07:03:14.3 (50753933)|USER_DEBUG|[199]|DEBUG|######## User has access to field: Name
07:03:14.3 (50768944)|HEAP_ALLOCATE|[189]|Bytes:5
07:03:14.3 (50783457)|VARIABLE_ASSIGNMENT|[189]|fieldToCheck|null
07:03:14.3 (50793648)|HEAP_ALLOCATE|[182]|Bytes:5
07:03:14.3 (50802870)|VARIABLE_ASSIGNMENT|[182]|objectName|null
07:03:14.3 (50806763)|STATEMENT_EXECUTE|[206]
07:03:14.3 (50810045)|HEAP_ALLOCATE|[206]|Bytes:5
07:03:14.3 (50823387)|METHOD_EXIT|[95]|01pB0000000ljzx|testautonumdata.Sparkle_Helper.UserHasAccessToObjectsAndFields(Map<String,Set<String>>)
07:03:14.3 (50829285)|STATEMENT_EXECUTE|[96]
07:03:14.3 (50830808)|STATEMENT_EXECUTE|[98]
07:03:14.3 (50857014)|ENTERING_MANAGED_PKG|
07:03:14.3 (50892615)|HEAP_ALLOCATE|[98]|Bytes:4
07:03:14.3 (51071952)|SOQL_EXECUTE_BEGIN|[98]|Aggregations:0|Select id, Name FROM Account limit 8
07:03:14.3 (55234750)|SOQL_EXECUTE_END|[98]|Rows:8
07:03:14.3 (55261434)|HEAP_ALLOCATE|[98]|Bytes:36
07:03:14.3 (55289798)|HEAP_ALLOCATE|[98]|Bytes:478
07:03:14.3 (55344767)|HEAP_ALLOCATE|[98]|Bytes:36
07:03:14.3 (55359670)|VARIABLE_SCOPE_BEGIN|[98]|lstQueriedRecords|List<SObject>|true|false
07:03:14.3 (55382208)|VARIABLE_ASSIGNMENT|[98]|lstQueriedRecords|{"s":1,"v":"List of size 8 too large to display"}|0x79f713f7
07:03:14.3 (55385936)|STATEMENT_EXECUTE|[100]
07:03:14.3 (55390640)|HEAP_ALLOCATE|[100]|Bytes:28
07:03:14.3 (55408444)|ENTERING_MANAGED_PKG|
07:03:14.3 (55513763)|HEAP_ALLOCATE|[100]|Bytes:502
07:03:14.3 (55532280)|HEAP_ALLOCATE|[100]|Bytes:530
07:03:14.3 (55541895)|ENTERING_MANAGED_PKG|
07:03:14.3 (55549045)|USER_DEBUG|[100]|DEBUG|######## lstQueriedRecords: (Account:{Id=001B00000066XxFIAU, Name=GenePoint}, Account:{Id=001B00000066XxDIAU, Name=United Oil & Gas, UK}, Account:{Id=001B00000066XxEIAU, Name=United Oil & Gas, Singapore}, Account:{Id=001B00000066Xx5IAE, Name=Edge Communications}, Account:{Id=001B00000066Xx6IAE, Name=Burlington Textiles Corp of America}, Account:{Id=001B00000066Xx7IAE, Name=Pyramid Construction Inc.}, Account:{Id=001B00000066Xx8IAE, Name=Dickenson plc}, Account:{Id=001B00000066Xx9IAE, Name=Hospital Universitario San Ignacio})
07:03:14.3 (55635448)|ENTERING_MANAGED_PKG|
07:03:14.3 (55844453)|HEAP_ALLOCATE|[104]|Bytes:5
07:03:14.3 (55877765)|HEAP_ALLOCATE|[104]|Bytes:12
07:03:14.3 (55897081)|VARIABLE_SCOPE_BEGIN|[104]|e|SObject|true|false
07:03:14.3 (55916530)|VARIABLE_ASSIGNMENT|[104]|e|{"s":1,"v":{"Id":"001B00000066XxFIAU","Name":"GenePoint"}}|0x2cb11c1
07:03:14.3 (55920176)|STATEMENT_EXECUTE|[105]
07:03:14.3 (55921583)|STATEMENT_EXECUTE|[106]
07:03:14.3 (55925463)|HEAP_ALLOCATE|[106]|Bytes:12
07:03:14.3 (55940580)|ENTERING_MANAGED_PKG|
07:03:14.3 (55987910)|HEAP_ALLOCATE|[106]|Bytes:47
07:03:14.3 (56004933)|HEAP_ALLOCATE|[106]|Bytes:59
07:03:14.3 (56015066)|ENTERING_MANAGED_PKG|
07:03:14.3 (56021873)|USER_DEBUG|[106]|DEBUG|######## e: Account:{Id=001B00000066XxFIAU, Name=GenePoint}
07:03:14.3 (56027822)|STATEMENT_EXECUTE|[107]
07:03:14.3 (56036139)|HEAP_ALLOCATE|[107]|Bytes:28
07:03:14.3 (56051172)|CONSTRUCTOR_ENTRY|[107]|01pB0000000lc07|<init>()
07:03:14.3 (56070614)|VARIABLE_SCOPE_BEGIN|[1]|this|testautonumdata.ListServerController|true|false
07:03:14.3 (56116512)|VARIABLE_ASSIGNMENT|[1]|this|{}|0x55e9562c
07:03:14.3 (56126167)|HEAP_ALLOCATE|[EXTERNAL]|Bytes:5
07:03:14.3 (56140309)|HEAP_ALLOCATE|[EXTERNAL]|Bytes:6
07:03:14.3 (56179572)|STATEMENT_EXECUTE|[1]
07:03:14.3 (56184675)|HEAP_ALLOCATE|[EXTERNAL]|Bytes:5
07:03:14.3 (56187383)|STATEMENT_EXECUTE|[6]
07:03:14.3 (56188849)|STATEMENT_EXECUTE|[8]
07:03:14.3 (56189967)|STATEMENT_EXECUTE|[10]
07:03:14.3 (56191104)|STATEMENT_EXECUTE|[12]
07:03:14.3 (56192348)|STATEMENT_EXECUTE|[14]
07:03:14.3 (56193407)|STATEMENT_EXECUTE|[16]
07:03:14.3 (56207871)|CONSTRUCTOR_EXIT|[107]|01pB0000000lc07|<init>()
07:03:14.3 (56213727)|VARIABLE_SCOPE_BEGIN|[107]|i|testautonumdata.ListServerController|true|false
07:03:14.3 (56236576)|VARIABLE_ASSIGNMENT|[107]|i|{}|0x55e9562c
07:03:14.3 (56239670)|STATEMENT_EXECUTE|[110]
07:03:14.3 (56243697)|HEAP_ALLOCATE|[110]|Bytes:2
07:03:14.3 (56263033)|ENTERING_MANAGED_PKG|
07:03:14.3 (56317279)|HEAP_ALLOCATE|[110]|Bytes:4
07:03:14.3 (56336946)|ENTERING_MANAGED_PKG|
07:03:14.3 (56341079)|HEAP_ALLOCATE|[110]|Bytes:18
07:03:14.3 (56378117)|VARIABLE_ASSIGNMENT|[EXTERNAL]|this|{}|0x55e9562c
07:03:14.3 (56385490)|VARIABLE_ASSIGNMENT|[EXTERNAL]|value|"001B00000066XxFIAU"
07:03:14.3 (56429615)|VARIABLE_ASSIGNMENT|[6]|this.recordID|"001B00000066XxFIAU"|0x55e9562c
07:03:14.3 (56438652)|STATEMENT_EXECUTE|[112]
07:03:14.3 (56440176)|STATEMENT_EXECUTE|[113]
07:03:14.3 (56453541)|METHOD_ENTRY|[113]|01pB0000000ljzx|testautonumdata.Sparkle_Helper.GetSobjectField(SObject, String)
07:03:14.3 (56469258)|VARIABLE_SCOPE_BEGIN|[78]|e|SObject|true|false
07:03:14.3 (56481980)|VARIABLE_ASSIGNMENT|[78]|e|{"s":1,"v":{"Id":"001B00000066XxFIAU","Name":"GenePoint"}}|0x2cb11c1
07:03:14.3 (56484520)|VARIABLE_SCOPE_BEGIN|[78]|lcfield|String|false|false
07:03:14.3 (56488548)|VARIABLE_ASSIGNMENT|[78]|lcfield|"Id"
07:03:14.3 (56497915)|HEAP_ALLOCATE|[81]|Bytes:5
07:03:14.3 (56502433)|STATEMENT_EXECUTE|[79]
07:03:14.3 (56503697)|STATEMENT_EXECUTE|[81]
07:03:14.3 (56509025)|VARIABLE_SCOPE_BEGIN|[81]|returnValue|String|false|false
07:03:14.3 (56514200)|VARIABLE_ASSIGNMENT|[81]|returnValue|""
07:03:14.3 (56528501)|ENTERING_MANAGED_PKG|
07:03:14.3 (56562059)|STATEMENT_EXECUTE|[98]
07:03:14.3 (56571968)|ENTERING_MANAGED_PKG|
07:03:14.3 (56609918)|HEAP_ALLOCATE|[98]|Bytes:4
07:03:14.3 (56630297)|ENTERING_MANAGED_PKG|
07:03:14.3 (56636726)|HEAP_ALLOCATE|[98]|Bytes:18
07:03:14.3 (56658898)|VARIABLE_ASSIGNMENT|[98]|returnValue|"001B00000066XxFIAU"
07:03:14.3 (56664130)|STATEMENT_EXECUTE|[100]
07:03:14.3 (56674796)|METHOD_EXIT|[113]|01pB0000000ljzx|testautonumdata.Sparkle_Helper.GetSobjectField(SObject, String)
07:03:14.3 (56713078)|VARIABLE_ASSIGNMENT|[EXTERNAL]|this|{"recordID":"001B00000066XxFIAU"}|0x55e9562c
07:03:14.3 (56719007)|VARIABLE_ASSIGNMENT|[EXTERNAL]|value|"001B00000066XxFIAU"
07:03:14.3 (56727631)|VARIABLE_ASSIGNMENT|[8]|this.eventField|"001B00000066XxFIAU"|0x55e9562c
07:03:14.3 (56734840)|STATEMENT_EXECUTE|[116]
07:03:14.3 (56736352)|STATEMENT_EXECUTE|[117]
07:03:14.3 (56742367)|METHOD_ENTRY|[117]|01pB0000000ljzx|testautonumdata.Sparkle_Helper.GetSobjectField(SObject, String)
07:03:14.3 (56759266)|VARIABLE_SCOPE_BEGIN|[78]|e|SObject|true|false
07:03:14.3 (56771282)|VARIABLE_ASSIGNMENT|[78]|e|{"s":1,"v":{"Id":"001B00000066XxFIAU","Name":"GenePoint"}}|0x2cb11c1
07:03:14.3 (56773641)|VARIABLE_SCOPE_BEGIN|[78]|lcfield|String|false|false
07:03:14.3 (56776868)|VARIABLE_ASSIGNMENT|[78]|lcfield|"Name"
07:03:14.3 (56784862)|HEAP_ALLOCATE|[81]|Bytes:5
07:03:14.3 (56788880)|STATEMENT_EXECUTE|[79]
07:03:14.3 (56790144)|STATEMENT_EXECUTE|[81]
07:03:14.3 (56794155)|VARIABLE_SCOPE_BEGIN|[81]|returnValue|String|false|false
07:03:14.3 (56798810)|VARIABLE_ASSIGNMENT|[81]|returnValue|""
07:03:14.3 (56810933)|ENTERING_MANAGED_PKG|
07:03:14.3 (56819198)|STATEMENT_EXECUTE|[98]
07:03:14.3 (56826368)|ENTERING_MANAGED_PKG|
07:03:14.3 (56845434)|HEAP_ALLOCATE|[98]|Bytes:9
07:03:14.3 (56859915)|ENTERING_MANAGED_PKG|
07:03:14.3 (56863152)|HEAP_ALLOCATE|[98]|Bytes:9
07:03:14.3 (56874311)|VARIABLE_ASSIGNMENT|[98]|returnValue|"GenePoint"
07:03:14.3 (56876919)|STATEMENT_EXECUTE|[100]
07:03:14.3 (56883892)|METHOD_EXIT|[117]|01pB0000000ljzx|testautonumdata.Sparkle_Helper.GetSobjectField(SObject, String)
07:03:14.3 (56936200)|VARIABLE_ASSIGNMENT|[EXTERNAL]|this|{"eventField":"001B00000066XxFIAU","recordID":"001B00000066XxFIAU"}|0x55e9562c
07:03:14.3 (56944551)|VARIABLE_ASSIGNMENT|[EXTERNAL]|value|"GenePoint"
07:03:14.3 (56954377)|VARIABLE_ASSIGNMENT|[10]|this.column1|"GenePoint"|0x55e9562c
07:03:14.3 (56961624)|STATEMENT_EXECUTE|[119]
07:03:14.3 (56964086)|STATEMENT_EXECUTE|[124]
07:03:14.3 (56965504)|STATEMENT_EXECUTE|[129]
07:03:14.3 (56966593)|STATEMENT_EXECUTE|[135]
07:03:14.3 (56977395)|ENTERING_MANAGED_PKG|
07:03:14.3 (57008241)|HEAP_ALLOCATE|[EXTERNAL]|Bytes:4
07:03:14.3 (57018812)|STATEMENT_EXECUTE|[137]
07:03:14.3 (57022614)|HEAP_ALLOCATE|[137]|Bytes:12
07:03:14.3 (57036035)|ENTERING_MANAGED_PKG|
07:03:14.3 (57097414)|HEAP_ALLOCATE|[137]|Bytes:181
07:03:14.3 (57114213)|HEAP_ALLOCATE|[137]|Bytes:193
07:03:14.3 (57123765)|ENTERING_MANAGED_PKG|
07:03:14.3 (57130851)|USER_DEBUG|[137]|DEBUG|######## i: ListServerController:[column1=GenePoint, column2=null, column3=null, column4=null, eventField=001B00000066XxFIAU, mapObjectsFields={Account={Id, Name}}, recordID=001B00000066XxFIAU]
07:03:14.3 (57146444)|HEAP_ALLOCATE|[104]|Bytes:5
07:03:14.3 (57170353)|HEAP_ALLOCATE|[104]|Bytes:12
07:03:14.3 (57184778)|VARIABLE_SCOPE_BEGIN|[104]|e|SObject|true|false
07:03:14.3 (57203830)|VARIABLE_ASSIGNMENT|[104]|e|{"s":1,"v":{"Id":"001B00000066XxDIAU","Name":"United Oil & Gas, UK"}}|0xa0e9d5c
07:03:14.3 (57207920)|STATEMENT_EXECUTE|[105]
07:03:14.3 (57209053)|STATEMENT_EXECUTE|[106]
07:03:14.3 (57221917)|ENTERING_MANAGED_PKG|
07:03:14.3 (57247286)|HEAP_ALLOCATE|[106]|Bytes:58
07:03:14.3 (57261448)|HEAP_ALLOCATE|[106]|Bytes:70
07:03:14.3 (57268658)|ENTERING_MANAGED_PKG|
07:03:14.3 (57274985)|USER_DEBUG|[106]|DEBUG|######## e: Account:{Id=001B00000066XxDIAU, Name=United Oil & Gas, UK}
07:03:14.3 (57280404)|STATEMENT_EXECUTE|[107]
07:03:14.3 (57285198)|HEAP_ALLOCATE|[107]|Bytes:28
07:03:14.3 (57292179)|CONSTRUCTOR_ENTRY|[107]|01pB0000000lc07|<init>()
07:03:14.3 (57295995)|VARIABLE_SCOPE_BEGIN|[1]|this|testautonumdata.ListServerController|true|false
07:03:14.3 (57318773)|VARIABLE_ASSIGNMENT|[1]|this|{}|0x7afd298f
07:03:14.3 (57326380)|HEAP_ALLOCATE|[EXTERNAL]|Bytes:5
07:03:14.3 (57341533)|STATEMENT_EXECUTE|[1]
07:03:14.3 (57345384)|HEAP_ALLOCATE|[EXTERNAL]|Bytes:5
07:03:14.3 (57347645)|STATEMENT_EXECUTE|[6]
07:03:14.3 (57349041)|STATEMENT_EXECUTE|[8]
07:03:14.3 (57350080)|STATEMENT_EXECUTE|[10]
07:03:14.3 (57351040)|STATEMENT_EXECUTE|[12]
07:03:14.3 (57352013)|STATEMENT_EXECUTE|[14]
07:03:14.3 (57352914)|STATEMENT_EXECUTE|[16]
07:03:14.3 (57362279)|CONSTRUCTOR_EXIT|[107]|01pB0000000lc07|<init>()
07:03:14.3 (57366868)|VARIABLE_SCOPE_BEGIN|[107]|i|testautonumdata.ListServerController|true|false
07:03:14.3 (57387330)|VARIABLE_ASSIGNMENT|[107]|i|{}|0x7afd298f
07:03:14.3 (57390056)|STATEMENT_EXECUTE|[110]
07:03:14.3 (57403496)|ENTERING_MANAGED_PKG|
07:03:14.3 (57424096)|HEAP_ALLOCATE|[110]|Bytes:4
07:03:14.3 (57439741)|ENTERING_MANAGED_PKG|
07:03:14.3 (57443141)|HEAP_ALLOCATE|[110]|Bytes:18
07:03:14.3 (57472696)|VARIABLE_ASSIGNMENT|[EXTERNAL]|this|{}|0x7afd298f
07:03:14.3 (57479062)|VARIABLE_ASSIGNMENT|[EXTERNAL]|value|"001B00000066XxDIAU"
07:03:14.3 (57486888)|VARIABLE_ASSIGNMENT|[6]|this.recordID|"001B00000066XxDIAU"|0x7afd298f
07:03:14.3 (57493705)|STATEMENT_EXECUTE|[112]
07:03:14.3 (57495098)|STATEMENT_EXECUTE|[113]
07:03:14.3 (57500253)|METHOD_ENTRY|[113]|01pB0000000ljzx|testautonumdata.Sparkle_Helper.GetSobjectField(SObject, String)
07:03:14.3 (57504458)|VARIABLE_SCOPE_BEGIN|[78]|e|SObject|true|false
07:03:14.3 (57515769)|VARIABLE_ASSIGNMENT|[78]|e|{"s":1,"v":{"Id":"001B00000066XxDIAU","Name":"United Oil & Gas, UK"}}|0xa0e9d5c
07:03:14.3 (57518260)|VARIABLE_SCOPE_BEGIN|[78]|lcfield|String|false|false
07:03:14.3 (57521291)|VARIABLE_ASSIGNMENT|[78]|lcfield|"Id"
07:03:14.3 (57528935)|HEAP_ALLOCATE|[81]|Bytes:5
07:03:14.3 (57532855)|STATEMENT_EXECUTE|[79]
07:03:14.3 (57534179)|STATEMENT_EXECUTE|[81]
07:03:14.3 (57538129)|VARIABLE_SCOPE_BEGIN|[81]|returnValue|String|false|false
07:03:14.3 (57542600)|VARIABLE_ASSIGNMENT|[81]|returnValue|""
07:03:14.3 (57554389)|ENTERING_MANAGED_PKG|
07:03:14.3 (57562326)|STATEMENT_EXECUTE|[98]
07:03:14.3 (57568983)|ENTERING_MANAGED_PKG|
07:03:14.3 (57586313)|HEAP_ALLOCATE|[98]|Bytes:4
07:03:14.3 (57600550)|ENTERING_MANAGED_PKG|
07:03:14.3 (57603594)|HEAP_ALLOCATE|[98]|Bytes:18
07:03:14.3 (57615088)|VARIABLE_ASSIGNMENT|[98]|returnValue|"001B00000066XxDIAU"
07:03:14.3 (57617647)|STATEMENT_EXECUTE|[100]
07:03:14.3 (57624348)|METHOD_EXIT|[113]|01pB0000000ljzx|testautonumdata.Sparkle_Helper.GetSobjectField(SObject, String)
07:03:14.3 (57652053)|VARIABLE_ASSIGNMENT|[EXTERNAL]|this|{"recordID":"001B00000066XxDIAU"}|0x7afd298f
07:03:14.3 (57657620)|VARIABLE_ASSIGNMENT|[EXTERNAL]|value|"001B00000066XxDIAU"
07:03:14.3 (57664427)|VARIABLE_ASSIGNMENT|[8]|this.eventField|"001B00000066XxDIAU"|0x7afd298f
07:03:14.3 (57671105)|STATEMENT_EXECUTE|[116]
07:03:14.3 (57672413)|STATEMENT_EXECUTE|[117]
07:03:14.3 (57677090)|METHOD_ENTRY|[117]|01pB0000000ljzx|testautonumdata.Sparkle_Helper.GetSobjectField(SObject, String)
07:03:14.3 (57680309)|VARIABLE_SCOPE_BEGIN|[78]|e|SObject|true|false
07:03:14.3 (57690766)|VARIABLE_ASSIGNMENT|[78]|e|{"s":1,"v":{"Id":"001B00000066XxDIAU","Name":"United Oil & Gas, UK"}}|0xa0e9d5c
07:03:14.3 (57693007)|VARIABLE_SCOPE_BEGIN|[78]|lcfield|String|false|false
07:03:14.3 (57695935)|VARIABLE_ASSIGNMENT|[78]|lcfield|"Name"
07:03:14.3 (57703514)|HEAP_ALLOCATE|[81]|Bytes:5
07:03:14.3 (57706672)|STATEMENT_EXECUTE|[79]
07:03:14.3 (57707833)|STATEMENT_EXECUTE|[81]
07:03:14.3 (57711594)|VARIABLE_SCOPE_BEGIN|[81]|returnValue|String|false|false
07:03:14.3 (57715779)|VARIABLE_ASSIGNMENT|[81]|returnValue|""
07:03:14.3 (57726983)|ENTERING_MANAGED_PKG|
07:03:14.3 (57734711)|STATEMENT_EXECUTE|[98]
07:03:14.3 (57741395)|ENTERING_MANAGED_PKG|
07:03:14.3 (57759222)|HEAP_ALLOCATE|[98]|Bytes:20
07:03:14.3 (57773316)|ENTERING_MANAGED_PKG|
07:03:14.3 (57776446)|HEAP_ALLOCATE|[98]|Bytes:20
07:03:14.3 (57788130)|VARIABLE_ASSIGNMENT|[98]|returnValue|"United Oil & Gas, UK"
07:03:14.3 (57790807)|STATEMENT_EXECUTE|[100]
07:03:14.3 (57797994)|METHOD_EXIT|[117]|01pB0000000ljzx|testautonumdata.Sparkle_Helper.GetSobjectField(SObject, String)
07:03:14.3 (57826144)|VARIABLE_ASSIGNMENT|[EXTERNAL]|this|{"eventField":"001B00000066XxDIAU","recordID":"001B00000066XxDIAU"}|0x7afd298f
07:03:14.3 (57831910)|VARIABLE_ASSIGNMENT|[EXTERNAL]|value|"United Oil & Gas, UK"
07:03:14.3 (57838755)|VARIABLE_ASSIGNMENT|[10]|this.column1|"United Oil & Gas, UK"|0x7afd298f
07:03:14.3 (57845234)|STATEMENT_EXECUTE|[119]
07:03:14.3 (57847184)|STATEMENT_EXECUTE|[124]
07:03:14.3 (57848343)|STATEMENT_EXECUTE|[129]
07:03:14.3 (57849296)|STATEMENT_EXECUTE|[135]
07:03:14.3 (57854655)|ENTERING_MANAGED_PKG|
07:03:14.3 (57862060)|HEAP_ALLOCATE|[EXTERNAL]|Bytes:4
07:03:14.3 (57868440)|STATEMENT_EXECUTE|[137]
07:03:14.3 (57879534)|ENTERING_MANAGED_PKG|
07:03:14.3 (57911717)|HEAP_ALLOCATE|[137]|Bytes:192
07:03:14.3 (57926257)|HEAP_ALLOCATE|[137]|Bytes:204
07:03:14.3 (57933650)|ENTERING_MANAGED_PKG|
07:03:14.3 (57940315)|USER_DEBUG|[137]|DEBUG|######## i: ListServerController:[column1=United Oil & Gas, UK, column2=null, column3=null, column4=null, eventField=001B00000066XxDIAU, mapObjectsFields={Account={Id, Name}}, recordID=001B00000066XxDIAU]
07:03:14.3 (57954835)|HEAP_ALLOCATE|[104]|Bytes:5
07:03:14.3 (57977990)|HEAP_ALLOCATE|[104]|Bytes:12
07:03:14.3 (57992220)|VARIABLE_SCOPE_BEGIN|[104]|e|SObject|true|false
07:03:14.3 (58008124)|VARIABLE_ASSIGNMENT|[104]|e|{"s":1,"v":{"Id":"001B00000066XxEIAU","Name":"United Oil & Gas, Si (7 more) ..."}}|0x15d89b26
07:03:14.3 (58012499)|STATEMENT_EXECUTE|[105]
07:03:14.3 (58013745)|STATEMENT_EXECUTE|[106]
07:03:14.3 (58025852)|ENTERING_MANAGED_PKG|
07:03:14.3 (58050611)|HEAP_ALLOCATE|[106]|Bytes:65
07:03:14.3 (58064935)|HEAP_ALLOCATE|[106]|Bytes:77
07:03:14.3 (58071964)|ENTERING_MANAGED_PKG|
07:03:14.3 (58078293)|USER_DEBUG|[106]|DEBUG|######## e: Account:{Id=001B00000066XxEIAU, Name=United Oil & Gas, Singapore}
07:03:14.3 (58083682)|STATEMENT_EXECUTE|[107]
07:03:14.3 (58088429)|HEAP_ALLOCATE|[107]|Bytes:28
07:03:14.3 (58095225)|CONSTRUCTOR_ENTRY|[107]|01pB0000000lc07|<init>()
07:03:14.3 (58098959)|VARIABLE_SCOPE_BEGIN|[1]|this|testautonumdata.ListServerController|true|false
07:03:14.3 (58121087)|VARIABLE_ASSIGNMENT|[1]|this|{}|0x653a58ca
07:03:14.3 (58128784)|HEAP_ALLOCATE|[EXTERNAL]|Bytes:5
07:03:14.3 (58143745)|STATEMENT_EXECUTE|[1]
07:03:14.3 (58147380)|HEAP_ALLOCATE|[EXTERNAL]|Bytes:5
07:03:14.3 (58149582)|STATEMENT_EXECUTE|[6]
07:03:14.3 (58150957)|STATEMENT_EXECUTE|[8]
07:03:14.3 (58151894)|STATEMENT_EXECUTE|[10]
07:03:14.3 (58152858)|STATEMENT_EXECUTE|[12]
07:03:14.3 (58153805)|STATEMENT_EXECUTE|[14]
07:03:14.3 (58154700)|STATEMENT_EXECUTE|[16]
07:03:14.3 (58163553)|CONSTRUCTOR_EXIT|[107]|01pB0000000lc07|<init>()
07:03:14.3 (58168500)|VARIABLE_SCOPE_BEGIN|[107]|i|testautonumdata.ListServerController|true|false
07:03:14.3 (58188141)|VARIABLE_ASSIGNMENT|[107]|i|{}|0x653a58ca
07:03:14.3 (58190872)|STATEMENT_EXECUTE|[110]
07:03:14.3 (58208420)|ENTERING_MANAGED_PKG|
07:03:14.3 (58228881)|HEAP_ALLOCATE|[110]|Bytes:4
07:03:14.3 (58244586)|ENTERING_MANAGED_PKG|
07:03:14.3 (58247996)|HEAP_ALLOCATE|[110]|Bytes:18
07:03:14.3 (58278005)|VARIABLE_ASSIGNMENT|[EXTERNAL]|this|{}|0x653a58ca
07:03:14.3 (58284587)|VARIABLE_ASSIGNMENT|[EXTERNAL]|value|"001B00000066XxEIAU"
07:03:14.3 (58292075)|VARIABLE_ASSIGNMENT|[6]|this.recordID|"001B00000066XxEIAU"|0x653a58ca
07:03:14.3 (58299086)|STATEMENT_EXECUTE|[112]
07:03:14.3 (58300557)|STATEMENT_EXECUTE|[113]
07:03:14.3 (58305309)|METHOD_ENTRY|[113]|01pB0000000ljzx|testautonumdata.Sparkle_Helper.GetSobjectField(SObject, String)
07:03:14.3 (58308891)|VARIABLE_SCOPE_BEGIN|[78]|e|SObject|true|false
07:03:14.3 (58320598)|VARIABLE_ASSIGNMENT|[78]|e|{"s":1,"v":{"Id":"001B00000066XxEIAU","Name":"United Oil & Gas, Si (7 more) ..."}}|0x15d89b26
07:03:14.3 (58322948)|VARIABLE_SCOPE_BEGIN|[78]|lcfield|String|false|false
07:03:14.3 (58326147)|VARIABLE_ASSIGNMENT|[78]|lcfield|"Id"
07:03:14.3 (58333523)|HEAP_ALLOCATE|[81]|Bytes:5
07:03:14.3 (58336979)|STATEMENT_EXECUTE|[79]
07:03:14.3 (58338104)|STATEMENT_EXECUTE|[81]
07:03:14.3 (58341963)|VARIABLE_SCOPE_BEGIN|[81]|returnValue|String|false|false
07:03:14.3 (58346382)|VARIABLE_ASSIGNMENT|[81]|returnValue|""
07:03:14.3 (58357750)|ENTERING_MANAGED_PKG|
07:03:14.3 (58365602)|STATEMENT_EXECUTE|[98]
07:03:14.3 (58372315)|ENTERING_MANAGED_PKG|
07:03:14.3 (58389427)|HEAP_ALLOCATE|[98]|Bytes:4
07:03:14.3 (58403801)|ENTERING_MANAGED_PKG|
07:03:14.3 (58406834)|HEAP_ALLOCATE|[98]|Bytes:18
07:03:14.3 (58418665)|VARIABLE_ASSIGNMENT|[98]|returnValue|"001B00000066XxEIAU"
07:03:14.3 (58421161)|STATEMENT_EXECUTE|[100]
07:03:14.3 (58427827)|METHOD_EXIT|[113]|01pB0000000ljzx|testautonumdata.Sparkle_Helper.GetSobjectField(SObject, String)
07:03:14.3 (58455452)|VARIABLE_ASSIGNMENT|[EXTERNAL]|this|{"recordID":"001B00000066XxEIAU"}|0x653a58ca
07:03:14.3 (58460804)|VARIABLE_ASSIGNMENT|[EXTERNAL]|value|"001B00000066XxEIAU"
07:03:14.3 (58467875)|VARIABLE_ASSIGNMENT|[8]|this.eventField|"001B00000066XxEIAU"|0x653a58ca
07:03:14.3 (58474357)|STATEMENT_EXECUTE|[116]
07:03:14.3 (58475665)|STATEMENT_EXECUTE|[117]
07:03:14.3 (58480213)|METHOD_ENTRY|[117]|01pB0000000ljzx|testautonumdata.Sparkle_Helper.GetSobjectField(SObject, String)
07:03:14.3 (58483279)|VARIABLE_SCOPE_BEGIN|[78]|e|SObject|true|false
07:03:14.3 (58494434)|VARIABLE_ASSIGNMENT|[78]|e|{"s":1,"v":{"Id":"001B00000066XxEIAU","Name":"United Oil & Gas, Si (7 more) ..."}}|0x15d89b26
07:03:14.3 (58496949)|VARIABLE_SCOPE_BEGIN|[78]|lcfield|String|false|false
07:03:14.3 (58499984)|VARIABLE_ASSIGNMENT|[78]|lcfield|"Name"
07:03:14.3 (58507085)|HEAP_ALLOCATE|[81]|Bytes:5
07:03:14.3 (58510514)|STATEMENT_EXECUTE|[79]
07:03:14.3 (58511600)|STATEMENT_EXECUTE|[81]
07:03:14.3 (58515245)|VARIABLE_SCOPE_BEGIN|[81]|returnValue|String|false|false
07:03:14.3 (58519491)|VARIABLE_ASSIGNMENT|[81]|returnValue|""
07:03:14.3 (58530694)|ENTERING_MANAGED_PKG|
07:03:14.3 (58538351)|STATEMENT_EXECUTE|[98]
07:03:14.3 (58545245)|ENTERING_MANAGED_PKG|
07:03:14.3 (58562914)|HEAP_ALLOCATE|[98]|Bytes:27
07:03:14.3 (58576811)|ENTERING_MANAGED_PKG|
07:03:14.3 (58579924)|HEAP_ALLOCATE|[98]|Bytes:27
07:03:14.3 (58592719)|VARIABLE_ASSIGNMENT|[98]|returnValue|"United Oil & Gas, Si (7 more) ..."
07:03:14.3 (58595326)|STATEMENT_EXECUTE|[100]
07:03:14.3 (58602122)|METHOD_EXIT|[117]|01pB0000000ljzx|testautonumdata.Sparkle_Helper.GetSobjectField(SObject, String)
07:03:14.3 (58630392)|VARIABLE_ASSIGNMENT|[EXTERNAL]|this|{"eventField":"001B00000066XxEIAU","recordID":"001B00000066XxEIAU"}|0x653a58ca
07:03:14.3 (58637018)|VARIABLE_ASSIGNMENT|[EXTERNAL]|value|"United Oil & Gas, Si (7 more) ..."
07:03:14.3 (58644187)|VARIABLE_ASSIGNMENT|[10]|this.column1|"United Oil & Gas, Si (7 more) ..."|0x653a58ca
07:03:14.3 (58650652)|STATEMENT_EXECUTE|[119]
07:03:14.3 (58652658)|STATEMENT_EXECUTE|[124]
07:03:14.3 (58653838)|STATEMENT_EXECUTE|[129]
07:03:14.3 (58655192)|STATEMENT_EXECUTE|[135]
07:03:14.3 (58660650)|ENTERING_MANAGED_PKG|
07:03:14.3 (58667673)|HEAP_ALLOCATE|[EXTERNAL]|Bytes:4
07:03:14.3 (58673930)|STATEMENT_EXECUTE|[137]
07:03:14.3 (58685366)|ENTERING_MANAGED_PKG|
07:03:14.3 (58718176)|HEAP_ALLOCATE|[137]|Bytes:199
07:03:14.3 (58733115)|HEAP_ALLOCATE|[137]|Bytes:211
07:03:14.3 (58740599)|ENTERING_MANAGED_PKG|
07:03:14.3 (58747234)|USER_DEBUG|[137]|DEBUG|######## i: ListServerController:[column1=United Oil & Gas, Singapore, column2=null, column3=null, column4=null, eventField=001B00000066XxEIAU, mapObjectsFields={Account={Id, Name}}, recordID=001B00000066XxEIAU]
07:03:14.3 (58762316)|HEAP_ALLOCATE|[104]|Bytes:5
07:03:14.3 (58785030)|HEAP_ALLOCATE|[104]|Bytes:12
07:03:14.3 (58799096)|VARIABLE_SCOPE_BEGIN|[104]|e|SObject|true|false
07:03:14.3 (58813358)|VARIABLE_ASSIGNMENT|[104]|e|{"s":1,"v":{"Id":"001B00000066Xx5IAE","Name":"Edge Communications"}}|0x11813952
07:03:14.3 (58816768)|STATEMENT_EXECUTE|[105]
07:03:14.3 (58817927)|STATEMENT_EXECUTE|[106]
07:03:14.3 (58830241)|ENTERING_MANAGED_PKG|
07:03:14.3 (58854688)|HEAP_ALLOCATE|[106]|Bytes:57
07:03:14.3 (58868527)|HEAP_ALLOCATE|[106]|Bytes:69
07:03:14.3 (58875458)|ENTERING_MANAGED_PKG|
07:03:14.3 (58881654)|USER_DEBUG|[106]|DEBUG|######## e: Account:{Id=001B00000066Xx5IAE, Name=Edge Communications}
07:03:14.3 (58886892)|STATEMENT_EXECUTE|[107]
07:03:14.3 (58891747)|HEAP_ALLOCATE|[107]|Bytes:28
07:03:14.3 (58898362)|CONSTRUCTOR_ENTRY|[107]|01pB0000000lc07|<init>()
07:03:14.3 (58902325)|VARIABLE_SCOPE_BEGIN|[1]|this|testautonumdata.ListServerController|true|false
07:03:14.3 (58924079)|VARIABLE_ASSIGNMENT|[1]|this|{}|0x75148d47
07:03:14.3 (58931186)|HEAP_ALLOCATE|[EXTERNAL]|Bytes:5
07:03:14.3 (58945843)|STATEMENT_EXECUTE|[1]
07:03:14.3 (58949386)|HEAP_ALLOCATE|[EXTERNAL]|Bytes:5
07:03:14.3 (58951570)|STATEMENT_EXECUTE|[6]
07:03:14.3 (58952879)|STATEMENT_EXECUTE|[8]
07:03:14.3 (58953861)|STATEMENT_EXECUTE|[10]
07:03:14.3 (58954820)|STATEMENT_EXECUTE|[12]
07:03:14.3 (58955839)|STATEMENT_EXECUTE|[14]
07:03:14.3 (58956779)|STATEMENT_EXECUTE|[16]
07:03:14.3 (58965778)|CONSTRUCTOR_EXIT|[107]|01pB0000000lc07|<init>()
07:03:14.3 (58970451)|VARIABLE_SCOPE_BEGIN|[107]|i|testautonumdata.ListServerController|true|false
07:03:14.3 (58989685)|VARIABLE_ASSIGNMENT|[107]|i|{}|0x75148d47
07:03:14.3 (58992366)|STATEMENT_EXECUTE|[110]
07:03:14.3 (59005334)|ENTERING_MANAGED_PKG|
07:03:14.3 (59026050)|HEAP_ALLOCATE|[110]|Bytes:4
07:03:14.3 (59041690)|ENTERING_MANAGED_PKG|
07:03:14.3 (59044959)|HEAP_ALLOCATE|[110]|Bytes:18
07:03:14.3 (59074085)|VARIABLE_ASSIGNMENT|[EXTERNAL]|this|{}|0x75148d47
07:03:14.3 (59080527)|VARIABLE_ASSIGNMENT|[EXTERNAL]|value|"001B00000066Xx5IAE"
07:03:14.3 (59088188)|VARIABLE_ASSIGNMENT|[6]|this.recordID|"001B00000066Xx5IAE"|0x75148d47
07:03:14.3 (59094864)|STATEMENT_EXECUTE|[112]
07:03:14.3 (59096242)|STATEMENT_EXECUTE|[113]
07:03:14.3 (59101181)|METHOD_ENTRY|[113]|01pB0000000ljzx|testautonumdata.Sparkle_Helper.GetSobjectField(SObject, String)
07:03:14.3 (59104598)|VARIABLE_SCOPE_BEGIN|[78]|e|SObject|true|false
07:03:14.3 (59115163)|VARIABLE_ASSIGNMENT|[78]|e|{"s":1,"v":{"Id":"001B00000066Xx5IAE","Name":"Edge Communications"}}|0x11813952
07:03:14.3 (59117746)|VARIABLE_SCOPE_BEGIN|[78]|lcfield|String|false|false
07:03:14.3 (59120649)|VARIABLE_ASSIGNMENT|[78]|lcfield|"Id"
07:03:14.3 (59128178)|HEAP_ALLOCATE|[81]|Bytes:5
07:03:14.3 (59131693)|STATEMENT_EXECUTE|[79]
07:03:14.3 (59132880)|STATEMENT_EXECUTE|[81]
07:03:14.3 (59136576)|VARIABLE_SCOPE_BEGIN|[81]|returnValue|String|false|false
07:03:14.3 (59141066)|VARIABLE_ASSIGNMENT|[81]|returnValue|""
07:03:14.3 (59152487)|ENTERING_MANAGED_PKG|
07:03:14.3 (59160432)|STATEMENT_EXECUTE|[98]
07:03:14.3 (59167191)|ENTERING_MANAGED_PKG|
07:03:14.3 (59184219)|HEAP_ALLOCATE|[98]|Bytes:4
07:03:14.3 (59198266)|ENTERING_MANAGED_PKG|
07:03:14.3 (59205898)|HEAP_ALLOCATE|[98]|Bytes:18
07:03:14.3 (59218370)|VARIABLE_ASSIGNMENT|[98]|returnValue|"001B00000066Xx5IAE"
07:03:14.3 (59220978)|STATEMENT_EXECUTE|[100]
07:03:14.3 (59227703)|METHOD_EXIT|[113]|01pB0000000ljzx|testautonumdata.Sparkle_Helper.GetSobjectField(SObject, String)
07:03:14.3 (59255132)|VARIABLE_ASSIGNMENT|[EXTERNAL]|this|{"recordID":"001B00000066Xx5IAE"}|0x75148d47
07:03:14.3 (59260627)|VARIABLE_ASSIGNMENT|[EXTERNAL]|value|"001B00000066Xx5IAE"
07:03:14.3 (59267282)|VARIABLE_ASSIGNMENT|[8]|this.eventField|"001B00000066Xx5IAE"|0x75148d47
07:03:14.3 (59274092)|STATEMENT_EXECUTE|[116]
07:03:14.3 (59275415)|STATEMENT_EXECUTE|[117]
07:03:14.3 (59279992)|METHOD_ENTRY|[117]|01pB0000000ljzx|testautonumdata.Sparkle_Helper.GetSobjectField(SObject, String)
07:03:14.3 (59283135)|VARIABLE_SCOPE_BEGIN|[78]|e|SObject|true|false
07:03:14.3 (59293352)|VARIABLE_ASSIGNMENT|[78]|e|{"s":1,"v":{"Id":"001B00000066Xx5IAE","Name":"Edge Communications"}}|0x11813952
07:03:14.3 (59295415)|VARIABLE_SCOPE_BEGIN|[78]|lcfield|String|false|false
07:03:14.3 (59298296)|VARIABLE_ASSIGNMENT|[78]|lcfield|"Name"
07:03:14.3 (59305373)|HEAP_ALLOCATE|[81]|Bytes:5
07:03:14.3 (59308652)|STATEMENT_EXECUTE|[79]
07:03:14.3 (59309831)|STATEMENT_EXECUTE|[81]
07:03:14.3 (59313464)|VARIABLE_SCOPE_BEGIN|[81]|returnValue|String|false|false
07:03:14.3 (59317555)|VARIABLE_ASSIGNMENT|[81]|returnValue|""
07:03:14.3 (59328971)|ENTERING_MANAGED_PKG|
07:03:14.3 (59336780)|STATEMENT_EXECUTE|[98]
07:03:14.3 (59343666)|ENTERING_MANAGED_PKG|
07:03:14.3 (59361219)|HEAP_ALLOCATE|[98]|Bytes:19
07:03:14.3 (59375130)|ENTERING_MANAGED_PKG|
07:03:14.3 (59378218)|HEAP_ALLOCATE|[98]|Bytes:19
07:03:14.3 (59389746)|VARIABLE_ASSIGNMENT|[98]|returnValue|"Edge Communications"
07:03:14.3 (59392487)|STATEMENT_EXECUTE|[100]
07:03:14.3 (59399159)|METHOD_EXIT|[117]|01pB0000000ljzx|testautonumdata.Sparkle_Helper.GetSobjectField(SObject, String)
07:03:14.3 (59427087)|VARIABLE_ASSIGNMENT|[EXTERNAL]|this|{"eventField":"001B00000066Xx5IAE","recordID":"001B00000066Xx5IAE"}|0x75148d47
07:03:14.3 (59432758)|VARIABLE_ASSIGNMENT|[EXTERNAL]|value|"Edge Communications"
07:03:14.3 (59439331)|VARIABLE_ASSIGNMENT|[10]|this.column1|"Edge Communications"|0x75148d47
07:03:14.3 (59445738)|STATEMENT_EXECUTE|[119]
07:03:14.3 (59447665)|STATEMENT_EXECUTE|[124]
07:03:14.3 (59448862)|STATEMENT_EXECUTE|[129]
07:03:14.3 (59449812)|STATEMENT_EXECUTE|[135]
07:03:14.3 (59455071)|ENTERING_MANAGED_PKG|
07:03:14.3 (59462096)|HEAP_ALLOCATE|[EXTERNAL]|Bytes:4
07:03:14.3 (59468153)|STATEMENT_EXECUTE|[137]
07:03:14.3 (59479430)|ENTERING_MANAGED_PKG|
07:03:14.3 (59511330)|HEAP_ALLOCATE|[137]|Bytes:191
07:03:14.3 (59526233)|HEAP_ALLOCATE|[137]|Bytes:203
07:03:14.3 (59533346)|ENTERING_MANAGED_PKG|
07:03:14.3 (59539921)|USER_DEBUG|[137]|DEBUG|######## i: ListServerController:[column1=Edge Communications, column2=null, column3=null, column4=null, eventField=001B00000066Xx5IAE, mapObjectsFields={Account={Id, Name}}, recordID=001B00000066Xx5IAE]
07:03:14.3 (59554170)|HEAP_ALLOCATE|[104]|Bytes:5
07:03:14.3 (59576573)|HEAP_ALLOCATE|[104]|Bytes:12
07:03:14.3 (59590426)|VARIABLE_SCOPE_BEGIN|[104]|e|SObject|true|false
07:03:14.3 (59605400)|VARIABLE_ASSIGNMENT|[104]|e|{"s":1,"v":{"Id":"001B00000066Xx6IAE","Name":"Burlington Textiles  (15 more) ..."}}|0x4b9e77ba
07:03:14.3 (59608873)|STATEMENT_EXECUTE|[105]
07:03:14.3 (59610019)|STATEMENT_EXECUTE|[106]
07:03:14.3 (59621950)|ENTERING_MANAGED_PKG|
07:03:14.3 (59645979)|HEAP_ALLOCATE|[106]|Bytes:73
07:03:14.3 (59659795)|HEAP_ALLOCATE|[106]|Bytes:85
07:03:14.3 (59666686)|ENTERING_MANAGED_PKG|
07:03:14.3 (59672872)|USER_DEBUG|[106]|DEBUG|######## e: Account:{Id=001B00000066Xx6IAE, Name=Burlington Textiles Corp of America}
07:03:14.3 (59678317)|STATEMENT_EXECUTE|[107]
07:03:14.3 (59683081)|HEAP_ALLOCATE|[107]|Bytes:28
07:03:14.3 (59689573)|CONSTRUCTOR_ENTRY|[107]|01pB0000000lc07|<init>()
07:03:14.3 (59693145)|VARIABLE_SCOPE_BEGIN|[1]|this|testautonumdata.ListServerController|true|false
07:03:14.3 (59714480)|VARIABLE_ASSIGNMENT|[1]|this|{}|0x282a41d6
07:03:14.3 (59722023)|HEAP_ALLOCATE|[EXTERNAL]|Bytes:5
07:03:14.3 (59736711)|STATEMENT_EXECUTE|[1]
07:03:14.3 (59740359)|HEAP_ALLOCATE|[EXTERNAL]|Bytes:5
07:03:14.3 (59742616)|STATEMENT_EXECUTE|[6]
07:03:14.3 (59744034)|STATEMENT_EXECUTE|[8]
07:03:14.3 (59744993)|STATEMENT_EXECUTE|[10]
07:03:14.3 (59745937)|STATEMENT_EXECUTE|[12]
07:03:14.3 (59746909)|STATEMENT_EXECUTE|[14]
07:03:14.3 (59747832)|STATEMENT_EXECUTE|[16]
07:03:14.3 (59756747)|CONSTRUCTOR_EXIT|[107]|01pB0000000lc07|<init>()
07:03:14.3 (59761364)|VARIABLE_SCOPE_BEGIN|[107]|i|testautonumdata.ListServerController|true|false
07:03:14.3 (59780435)|VARIABLE_ASSIGNMENT|[107]|i|{}|0x282a41d6
07:03:14.3 (59782982)|STATEMENT_EXECUTE|[110]
07:03:14.3 (59796048)|ENTERING_MANAGED_PKG|
07:03:14.3 (59815563)|HEAP_ALLOCATE|[110]|Bytes:4
07:03:14.3 (59830731)|ENTERING_MANAGED_PKG|
07:03:14.3 (59834024)|HEAP_ALLOCATE|[110]|Bytes:18
07:03:14.3 (59863119)|VARIABLE_ASSIGNMENT|[EXTERNAL]|this|{}|0x282a41d6
07:03:14.3 (59869709)|VARIABLE_ASSIGNMENT|[EXTERNAL]|value|"001B00000066Xx6IAE"
07:03:14.3 (59877849)|VARIABLE_ASSIGNMENT|[6]|this.recordID|"001B00000066Xx6IAE"|0x282a41d6
07:03:14.3 (59884430)|STATEMENT_EXECUTE|[112]
07:03:14.3 (59885786)|STATEMENT_EXECUTE|[113]
07:03:14.3 (59890548)|METHOD_ENTRY|[113]|01pB0000000ljzx|testautonumdata.Sparkle_Helper.GetSobjectField(SObject, String)
07:03:14.3 (59894201)|VARIABLE_SCOPE_BEGIN|[78]|e|SObject|true|false
07:03:14.3 (59905839)|VARIABLE_ASSIGNMENT|[78]|e|{"s":1,"v":{"Id":"001B00000066Xx6IAE","Name":"Burlington Textiles  (15 more) ..."}}|0x4b9e77ba
07:03:14.3 (59908020)|VARIABLE_SCOPE_BEGIN|[78]|lcfield|String|false|false
07:03:14.3 (59911199)|VARIABLE_ASSIGNMENT|[78]|lcfield|"Id"
07:03:14.3 (59918866)|HEAP_ALLOCATE|[81]|Bytes:5
07:03:14.3 (59922413)|STATEMENT_EXECUTE|[79]
07:03:14.3 (59923565)|STATEMENT_EXECUTE|[81]
07:03:14.3 (59927253)|VARIABLE_SCOPE_BEGIN|[81]|returnValue|String|false|false
07:03:14.3 (59931661)|VARIABLE_ASSIGNMENT|[81]|returnValue|""
07:03:14.3 (59943035)|ENTERING_MANAGED_PKG|
07:03:14.3 (59950828)|STATEMENT_EXECUTE|[98]
07:03:14.3 (59957559)|ENTERING_MANAGED_PKG|
07:03:14.3 (59974254)|HEAP_ALLOCATE|[98]|Bytes:4
07:03:14.3 (59988269)|ENTERING_MANAGED_PKG|
07:03:14.3 (59991547)|HEAP_ALLOCATE|[98]|Bytes:18
07:03:14.3 (60003270)|VARIABLE_ASSIGNMENT|[98]|returnValue|"001B00000066Xx6IAE"
07:03:14.3 (60006785)|STATEMENT_EXECUTE|[100]
07:03:14.3 (60013295)|METHOD_EXIT|[113]|01pB0000000ljzx|testautonumdata.Sparkle_Helper.GetSobjectField(SObject, String)
07:03:14.3 (60040615)|VARIABLE_ASSIGNMENT|[EXTERNAL]|this|{"recordID":"001B00000066Xx6IAE"}|0x282a41d6
07:03:14.3 (60045772)|VARIABLE_ASSIGNMENT|[EXTERNAL]|value|"001B00000066Xx6IAE"
07:03:14.3 (60052756)|VARIABLE_ASSIGNMENT|[8]|this.eventField|"001B00000066Xx6IAE"|0x282a41d6
07:03:14.3 (60059326)|STATEMENT_EXECUTE|[116]
07:03:14.3 (60060615)|STATEMENT_EXECUTE|[117]
07:03:14.3 (60065043)|METHOD_ENTRY|[117]|01pB0000000ljzx|testautonumdata.Sparkle_Helper.GetSobjectField(SObject, String)
07:03:14.3 (60068320)|VARIABLE_SCOPE_BEGIN|[78]|e|SObject|true|false
07:03:14.3 (60079427)|VARIABLE_ASSIGNMENT|[78]|e|{"s":1,"v":{"Id":"001B00000066Xx6IAE","Name":"Burlington Textiles  (15 more) ..."}}|0x4b9e77ba
07:03:14.3 (60081785)|VARIABLE_SCOPE_BEGIN|[78]|lcfield|String|false|false
07:03:14.3 (60084748)|VARIABLE_ASSIGNMENT|[78]|lcfield|"Name"
07:03:14.3 (60091837)|HEAP_ALLOCATE|[81]|Bytes:5
07:03:14.3 (60095169)|STATEMENT_EXECUTE|[79]
07:03:14.3 (60096316)|STATEMENT_EXECUTE|[81]
07:03:14.3 (60100191)|VARIABLE_SCOPE_BEGIN|[81]|returnValue|String|false|false
07:03:14.3 (60104535)|VARIABLE_ASSIGNMENT|[81]|returnValue|""
07:03:14.3 (60115694)|ENTERING_MANAGED_PKG|
07:03:14.3 (60123599)|STATEMENT_EXECUTE|[98]
07:03:14.3 (60130212)|ENTERING_MANAGED_PKG|
07:03:14.3 (60147747)|HEAP_ALLOCATE|[98]|Bytes:35
07:03:14.3 (60161977)|ENTERING_MANAGED_PKG|
07:03:14.3 (60165046)|HEAP_ALLOCATE|[98]|Bytes:35
07:03:14.3 (60177653)|VARIABLE_ASSIGNMENT|[98]|returnValue|"Burlington Textiles  (15 more) ..."
07:03:14.3 (60180459)|STATEMENT_EXECUTE|[100]
07:03:14.3 (60186977)|METHOD_EXIT|[117]|01pB0000000ljzx|testautonumdata.Sparkle_Helper.GetSobjectField(SObject, String)
07:03:14.3 (60219606)|VARIABLE_ASSIGNMENT|[EXTERNAL]|this|{"eventField":"001B00000066Xx6IAE","recordID":"001B00000066Xx6IAE"}|0x282a41d6
07:03:14.3 (60226409)|VARIABLE_ASSIGNMENT|[EXTERNAL]|value|"Burlington Textiles  (15 more) ..."
07:03:14.3 (60235687)|VARIABLE_ASSIGNMENT|[10]|this.column1|"Burlington Textiles  (15 more) ..."|0x282a41d6
07:03:14.3 (60246040)|STATEMENT_EXECUTE|[119]
07:03:14.3 (60249590)|STATEMENT_EXECUTE|[124]
07:03:14.3 (60252200)|STATEMENT_EXECUTE|[129]
07:03:14.3 (60253997)|STATEMENT_EXECUTE|[135]
07:03:14.3 (60262834)|ENTERING_MANAGED_PKG|
07:03:14.3 (60274000)|HEAP_ALLOCATE|[EXTERNAL]|Bytes:4
07:03:14.3 (60284051)|STATEMENT_EXECUTE|[137]
07:03:14.3 (60300655)|ENTERING_MANAGED_PKG|
07:03:14.3 (60335637)|HEAP_ALLOCATE|[137]|Bytes:207
07:03:14.3 (60350658)|HEAP_ALLOCATE|[137]|Bytes:219
07:03:14.3 (60357691)|ENTERING_MANAGED_PKG|
07:03:14.3 (60364366)|USER_DEBUG|[137]|DEBUG|######## i: ListServerController:[column1=Burlington Textiles Corp of America, column2=null, column3=null, column4=null, eventField=001B00000066Xx6IAE, mapObjectsFields={Account={Id, Name}}, recordID=001B00000066Xx6IAE]
07:03:14.3 (60379043)|HEAP_ALLOCATE|[104]|Bytes:5
07:03:14.3 (60402162)|HEAP_ALLOCATE|[104]|Bytes:12
07:03:14.3 (60416209)|VARIABLE_SCOPE_BEGIN|[104]|e|SObject|true|false
07:03:14.3 (60431300)|VARIABLE_ASSIGNMENT|[104]|e|{"s":1,"v":{"Id":"001B00000066Xx7IAE","Name":"Pyramid Construction (5 more) ..."}}|0x3504f7e8
07:03:14.3 (60434532)|STATEMENT_EXECUTE|[105]
07:03:14.3 (60435957)|STATEMENT_EXECUTE|[106]
07:03:14.3 (60448168)|ENTERING_MANAGED_PKG|
07:03:14.3 (60472853)|HEAP_ALLOCATE|[106]|Bytes:63
07:03:14.3 (60486743)|HEAP_ALLOCATE|[106]|Bytes:75
07:03:14.3 (60493666)|ENTERING_MANAGED_PKG|
07:03:14.3 (60499814)|USER_DEBUG|[106]|DEBUG|######## e: Account:{Id=001B00000066Xx7IAE, Name=Pyramid Construction Inc.}
07:03:14.3 (60504961)|STATEMENT_EXECUTE|[107]
07:03:14.3 (60509657)|HEAP_ALLOCATE|[107]|Bytes:28
07:03:14.3 (60516342)|CONSTRUCTOR_ENTRY|[107]|01pB0000000lc07|<init>()
07:03:14.3 (60519975)|VARIABLE_SCOPE_BEGIN|[1]|this|testautonumdata.ListServerController|true|false
07:03:14.3 (60541339)|VARIABLE_ASSIGNMENT|[1]|this|{}|0x3b88b40d
07:03:14.3 (60548656)|HEAP_ALLOCATE|[EXTERNAL]|Bytes:5
07:03:14.3 (60563384)|STATEMENT_EXECUTE|[1]
07:03:14.3 (60567139)|HEAP_ALLOCATE|[EXTERNAL]|Bytes:5
07:03:14.3 (60569263)|STATEMENT_EXECUTE|[6]
07:03:14.3 (60570588)|STATEMENT_EXECUTE|[8]
07:03:14.3 (60571582)|STATEMENT_EXECUTE|[10]
07:03:14.3 (60572524)|STATEMENT_EXECUTE|[12]
07:03:14.3 (60573483)|STATEMENT_EXECUTE|[14]
07:03:14.3 (60574980)|STATEMENT_EXECUTE|[16]
07:03:14.3 (60584097)|CONSTRUCTOR_EXIT|[107]|01pB0000000lc07|<init>()
07:03:14.3 (60588818)|VARIABLE_SCOPE_BEGIN|[107]|i|testautonumdata.ListServerController|true|false
07:03:14.3 (60608707)|VARIABLE_ASSIGNMENT|[107]|i|{}|0x3b88b40d
07:03:14.3 (60611242)|STATEMENT_EXECUTE|[110]
07:03:14.3 (60624267)|ENTERING_MANAGED_PKG|
07:03:14.3 (60643886)|HEAP_ALLOCATE|[110]|Bytes:4
07:03:14.3 (60659200)|ENTERING_MANAGED_PKG|
07:03:14.3 (60662539)|HEAP_ALLOCATE|[110]|Bytes:18
07:03:14.3 (60691366)|VARIABLE_ASSIGNMENT|[EXTERNAL]|this|{}|0x3b88b40d
07:03:14.3 (60697625)|VARIABLE_ASSIGNMENT|[EXTERNAL]|value|"001B00000066Xx7IAE"
07:03:14.3 (60705045)|VARIABLE_ASSIGNMENT|[6]|this.recordID|"001B00000066Xx7IAE"|0x3b88b40d
07:03:14.3 (60711531)|STATEMENT_EXECUTE|[112]
07:03:14.3 (60712909)|STATEMENT_EXECUTE|[113]
07:03:14.3 (60717640)|METHOD_ENTRY|[113]|01pB0000000ljzx|testautonumdata.Sparkle_Helper.GetSobjectField(SObject, String)
07:03:14.3 (60721007)|VARIABLE_SCOPE_BEGIN|[78]|e|SObject|true|false
07:03:14.3 (60732674)|VARIABLE_ASSIGNMENT|[78]|e|{"s":1,"v":{"Id":"001B00000066Xx7IAE","Name":"Pyramid Construction (5 more) ..."}}|0x3504f7e8
07:03:14.3 (60734930)|VARIABLE_SCOPE_BEGIN|[78]|lcfield|String|false|false
07:03:14.3 (60738250)|VARIABLE_ASSIGNMENT|[78]|lcfield|"Id"
07:03:14.3 (60745525)|HEAP_ALLOCATE|[81]|Bytes:5
07:03:14.3 (60749109)|STATEMENT_EXECUTE|[79]
07:03:14.3 (60750204)|STATEMENT_EXECUTE|[81]
07:03:14.3 (60753897)|VARIABLE_SCOPE_BEGIN|[81]|returnValue|String|false|false
07:03:14.3 (60758169)|VARIABLE_ASSIGNMENT|[81]|returnValue|""
07:03:14.3 (60769532)|ENTERING_MANAGED_PKG|
07:03:14.3 (60777305)|STATEMENT_EXECUTE|[98]
07:03:14.3 (60784466)|ENTERING_MANAGED_PKG|
07:03:14.3 (60801625)|HEAP_ALLOCATE|[98]|Bytes:4
07:03:14.3 (60815716)|ENTERING_MANAGED_PKG|
07:03:14.3 (60818763)|HEAP_ALLOCATE|[98]|Bytes:18
07:03:14.3 (60830331)|VARIABLE_ASSIGNMENT|[98]|returnValue|"001B00000066Xx7IAE"
07:03:14.3 (60832898)|STATEMENT_EXECUTE|[100]
07:03:14.3 (60839384)|METHOD_EXIT|[113]|01pB0000000ljzx|testautonumdata.Sparkle_Helper.GetSobjectField(SObject, String)
07:03:14.3 (60866098)|VARIABLE_ASSIGNMENT|[EXTERNAL]|this|{"recordID":"001B00000066Xx7IAE"}|0x3b88b40d
07:03:14.3 (60871380)|VARIABLE_ASSIGNMENT|[EXTERNAL]|value|"001B00000066Xx7IAE"
07:03:14.3 (60877924)|VARIABLE_ASSIGNMENT|[8]|this.eventField|"001B00000066Xx7IAE"|0x3b88b40d
07:03:14.3 (60884669)|STATEMENT_EXECUTE|[116]
07:03:14.3 (60886092)|STATEMENT_EXECUTE|[117]
07:03:14.3 (60890547)|METHOD_ENTRY|[117]|01pB0000000ljzx|testautonumdata.Sparkle_Helper.GetSobjectField(SObject, String)
07:03:14.3 (60893492)|VARIABLE_SCOPE_BEGIN|[78]|e|SObject|true|false
07:03:14.3 (60904622)|VARIABLE_ASSIGNMENT|[78]|e|{"s":1,"v":{"Id":"001B00000066Xx7IAE","Name":"Pyramid Construction (5 more) ..."}}|0x3504f7e8
07:03:14.3 (60907095)|VARIABLE_SCOPE_BEGIN|[78]|lcfield|String|false|false
07:03:14.3 (60910022)|VARIABLE_ASSIGNMENT|[78]|lcfield|"Name"
07:03:14.3 (60917053)|HEAP_ALLOCATE|[81]|Bytes:5
07:03:14.3 (60920222)|STATEMENT_EXECUTE|[79]
07:03:14.3 (60921340)|STATEMENT_EXECUTE|[81]
07:03:14.3 (60924984)|VARIABLE_SCOPE_BEGIN|[81]|returnValue|String|false|false
07:03:14.3 (60928981)|VARIABLE_ASSIGNMENT|[81]|returnValue|""
07:03:14.3 (60939908)|ENTERING_MANAGED_PKG|
07:03:14.3 (60947774)|STATEMENT_EXECUTE|[98]
07:03:14.3 (60954738)|ENTERING_MANAGED_PKG|
07:03:14.3 (60971992)|HEAP_ALLOCATE|[98]|Bytes:25
07:03:14.3 (60986214)|ENTERING_MANAGED_PKG|
07:03:14.3 (60989233)|HEAP_ALLOCATE|[98]|Bytes:25
07:03:14.3 (61002074)|VARIABLE_ASSIGNMENT|[98]|returnValue|"Pyramid Construction (5 more) ..."
07:03:14.3 (61005754)|STATEMENT_EXECUTE|[100]
07:03:14.3 (61012272)|METHOD_EXIT|[117]|01pB0000000ljzx|testautonumdata.Sparkle_Helper.GetSobjectField(SObject, String)
07:03:14.3 (61040152)|VARIABLE_ASSIGNMENT|[EXTERNAL]|this|{"eventField":"001B00000066Xx7IAE","recordID":"001B00000066Xx7IAE"}|0x3b88b40d
07:03:14.3 (61046450)|VARIABLE_ASSIGNMENT|[EXTERNAL]|value|"Pyramid Construction (5 more) ..."
07:03:14.3 (61054001)|VARIABLE_ASSIGNMENT|[10]|this.column1|"Pyramid Construction (5 more) ..."|0x3b88b40d
07:03:14.3 (61060397)|STATEMENT_EXECUTE|[119]
07:03:14.3 (61062411)|STATEMENT_EXECUTE|[124]
07:03:14.3 (61063770)|STATEMENT_EXECUTE|[129]
07:03:14.3 (61064778)|STATEMENT_EXECUTE|[135]
07:03:14.3 (61069795)|ENTERING_MANAGED_PKG|
07:03:14.3 (61076919)|HEAP_ALLOCATE|[EXTERNAL]|Bytes:4
07:03:14.3 (61083070)|STATEMENT_EXECUTE|[137]
07:03:14.3 (61094421)|ENTERING_MANAGED_PKG|
07:03:14.3 (61126981)|HEAP_ALLOCATE|[137]|Bytes:197
07:03:14.3 (61141591)|HEAP_ALLOCATE|[137]|Bytes:209
07:03:14.3 (61148537)|ENTERING_MANAGED_PKG|
07:03:14.3 (61155110)|USER_DEBUG|[137]|DEBUG|######## i: ListServerController:[column1=Pyramid Construction Inc., column2=null, column3=null, column4=null, eventField=001B00000066Xx7IAE, mapObjectsFields={Account={Id, Name}}, recordID=001B00000066Xx7IAE]
07:03:14.3 (61169914)|HEAP_ALLOCATE|[104]|Bytes:5
07:03:14.3 (61192164)|HEAP_ALLOCATE|[104]|Bytes:12
07:03:14.3 (61210269)|VARIABLE_SCOPE_BEGIN|[104]|e|SObject|true|false
07:03:14.3 (61224307)|VARIABLE_ASSIGNMENT|[104]|e|{"s":1,"v":{"Id":"001B00000066Xx8IAE","Name":"Dickenson plc"}}|0x64544bc5
07:03:14.3 (61227595)|STATEMENT_EXECUTE|[105]
07:03:14.3 (61228785)|STATEMENT_EXECUTE|[106]
07:03:14.3 (61240839)|ENTERING_MANAGED_PKG|
07:03:14.3 (61265480)|HEAP_ALLOCATE|[106]|Bytes:51
07:03:14.3 (61279496)|HEAP_ALLOCATE|[106]|Bytes:63
07:03:14.3 (61286420)|ENTERING_MANAGED_PKG|
07:03:14.3 (61292555)|USER_DEBUG|[106]|DEBUG|######## e: Account:{Id=001B00000066Xx8IAE, Name=Dickenson plc}
07:03:14.3 (61297903)|STATEMENT_EXECUTE|[107]
07:03:14.3 (61302554)|HEAP_ALLOCATE|[107]|Bytes:28
07:03:14.3 (61309388)|CONSTRUCTOR_ENTRY|[107]|01pB0000000lc07|<init>()
07:03:14.3 (61313002)|VARIABLE_SCOPE_BEGIN|[1]|this|testautonumdata.ListServerController|true|false
07:03:14.3 (61334738)|VARIABLE_ASSIGNMENT|[1]|this|{}|0xcc357be
07:03:14.3 (61342111)|HEAP_ALLOCATE|[EXTERNAL]|Bytes:5
07:03:14.3 (61356627)|STATEMENT_EXECUTE|[1]
07:03:14.3 (61360228)|HEAP_ALLOCATE|[EXTERNAL]|Bytes:5
07:03:14.3 (61362400)|STATEMENT_EXECUTE|[6]
07:03:14.3 (61363715)|STATEMENT_EXECUTE|[8]
07:03:14.3 (61364672)|STATEMENT_EXECUTE|[10]
07:03:14.3 (61365713)|STATEMENT_EXECUTE|[12]
07:03:14.3 (61366687)|STATEMENT_EXECUTE|[14]
07:03:14.3 (61367641)|STATEMENT_EXECUTE|[16]
07:03:14.3 (61376518)|CONSTRUCTOR_EXIT|[107]|01pB0000000lc07|<init>()
07:03:14.3 (61381169)|VARIABLE_SCOPE_BEGIN|[107]|i|testautonumdata.ListServerController|true|false
07:03:14.3 (61400246)|VARIABLE_ASSIGNMENT|[107]|i|{}|0xcc357be
07:03:14.3 (61402782)|STATEMENT_EXECUTE|[110]
07:03:14.3 (61415327)|ENTERING_MANAGED_PKG|
07:03:14.3 (61435201)|HEAP_ALLOCATE|[110]|Bytes:4
07:03:14.3 (61450467)|ENTERING_MANAGED_PKG|
07:03:14.3 (61453767)|HEAP_ALLOCATE|[110]|Bytes:18
07:03:14.3 (61483104)|VARIABLE_ASSIGNMENT|[EXTERNAL]|this|{}|0xcc357be
07:03:14.3 (61489915)|VARIABLE_ASSIGNMENT|[EXTERNAL]|value|"001B00000066Xx8IAE"
07:03:14.3 (61497368)|VARIABLE_ASSIGNMENT|[6]|this.recordID|"001B00000066Xx8IAE"|0xcc357be
07:03:14.3 (61503908)|STATEMENT_EXECUTE|[112]
07:03:14.3 (61505342)|STATEMENT_EXECUTE|[113]
07:03:14.3 (61510108)|METHOD_ENTRY|[113]|01pB0000000ljzx|testautonumdata.Sparkle_Helper.GetSobjectField(SObject, String)
07:03:14.3 (61513701)|VARIABLE_SCOPE_BEGIN|[78]|e|SObject|true|false
07:03:14.3 (61524208)|VARIABLE_ASSIGNMENT|[78]|e|{"s":1,"v":{"Id":"001B00000066Xx8IAE","Name":"Dickenson plc"}}|0x64544bc5
07:03:14.3 (61526512)|VARIABLE_SCOPE_BEGIN|[78]|lcfield|String|false|false
07:03:14.3 (61529547)|VARIABLE_ASSIGNMENT|[78]|lcfield|"Id"
07:03:14.3 (61536728)|HEAP_ALLOCATE|[81]|Bytes:5
07:03:14.3 (61540156)|STATEMENT_EXECUTE|[79]
07:03:14.3 (61541287)|STATEMENT_EXECUTE|[81]
07:03:14.3 (61545119)|VARIABLE_SCOPE_BEGIN|[81]|returnValue|String|false|false
07:03:14.3 (61549261)|VARIABLE_ASSIGNMENT|[81]|returnValue|""
07:03:14.3 (61560759)|ENTERING_MANAGED_PKG|
07:03:14.3 (61568502)|STATEMENT_EXECUTE|[98]
07:03:14.3 (61575231)|ENTERING_MANAGED_PKG|
07:03:14.3 (61592236)|HEAP_ALLOCATE|[98]|Bytes:4
07:03:14.3 (61606284)|ENTERING_MANAGED_PKG|
07:03:14.3 (61609373)|HEAP_ALLOCATE|[98]|Bytes:18
07:03:14.3 (61621112)|VARIABLE_ASSIGNMENT|[98]|returnValue|"001B00000066Xx8IAE"
07:03:14.3 (61623669)|STATEMENT_EXECUTE|[100]
07:03:14.3 (61630511)|METHOD_EXIT|[113]|01pB0000000ljzx|testautonumdata.Sparkle_Helper.GetSobjectField(SObject, String)
07:03:14.3 (61657826)|VARIABLE_ASSIGNMENT|[EXTERNAL]|this|{"recordID":"001B00000066Xx8IAE"}|0xcc357be
07:03:14.3 (61663166)|VARIABLE_ASSIGNMENT|[EXTERNAL]|value|"001B00000066Xx8IAE"
07:03:14.3 (61670158)|VARIABLE_ASSIGNMENT|[8]|this.eventField|"001B00000066Xx8IAE"|0xcc357be
07:03:14.3 (61676515)|STATEMENT_EXECUTE|[116]
07:03:14.3 (61677868)|STATEMENT_EXECUTE|[117]
07:03:14.3 (61682161)|METHOD_ENTRY|[117]|01pB0000000ljzx|testautonumdata.Sparkle_Helper.GetSobjectField(SObject, String)
07:03:14.3 (61685305)|VARIABLE_SCOPE_BEGIN|[78]|e|SObject|true|false
07:03:14.3 (61695158)|VARIABLE_ASSIGNMENT|[78]|e|{"s":1,"v":{"Id":"001B00000066Xx8IAE","Name":"Dickenson plc"}}|0x64544bc5
07:03:14.3 (61697275)|VARIABLE_SCOPE_BEGIN|[78]|lcfield|String|false|false
07:03:14.3 (61700493)|VARIABLE_ASSIGNMENT|[78]|lcfield|"Name"
07:03:14.3 (61707363)|HEAP_ALLOCATE|[81]|Bytes:5
07:03:14.3 (61710986)|STATEMENT_EXECUTE|[79]
07:03:14.3 (61712106)|STATEMENT_EXECUTE|[81]
07:03:14.3 (61715771)|VARIABLE_SCOPE_BEGIN|[81]|returnValue|String|false|false
07:03:14.3 (61719958)|VARIABLE_ASSIGNMENT|[81]|returnValue|""
07:03:14.3 (61731079)|ENTERING_MANAGED_PKG|
07:03:14.3 (61738946)|STATEMENT_EXECUTE|[98]
07:03:14.3 (61745572)|ENTERING_MANAGED_PKG|
07:03:14.3 (61762810)|HEAP_ALLOCATE|[98]|Bytes:13
07:03:14.3 (61776692)|ENTERING_MANAGED_PKG|
07:03:14.3 (61779655)|HEAP_ALLOCATE|[98]|Bytes:13
07:03:14.3 (61790891)|VARIABLE_ASSIGNMENT|[98]|returnValue|"Dickenson plc"
07:03:14.3 (61793399)|STATEMENT_EXECUTE|[100]
07:03:14.3 (61799698)|METHOD_EXIT|[117]|01pB0000000ljzx|testautonumdata.Sparkle_Helper.GetSobjectField(SObject, String)
07:03:14.3 (61827469)|VARIABLE_ASSIGNMENT|[EXTERNAL]|this|{"eventField":"001B00000066Xx8IAE","recordID":"001B00000066Xx8IAE"}|0xcc357be
07:03:14.3 (61833001)|VARIABLE_ASSIGNMENT|[EXTERNAL]|value|"Dickenson plc"
07:03:14.3 (61839542)|VARIABLE_ASSIGNMENT|[10]|this.column1|"Dickenson plc"|0xcc357be
07:03:14.3 (61846115)|STATEMENT_EXECUTE|[119]
07:03:14.3 (61848189)|STATEMENT_EXECUTE|[124]
07:03:14.3 (61849809)|STATEMENT_EXECUTE|[129]
07:03:14.3 (61851048)|STATEMENT_EXECUTE|[135]
07:03:14.3 (61856251)|ENTERING_MANAGED_PKG|
07:03:14.3 (61863213)|HEAP_ALLOCATE|[EXTERNAL]|Bytes:4
07:03:14.3 (61869296)|STATEMENT_EXECUTE|[137]
07:03:14.3 (61880325)|ENTERING_MANAGED_PKG|
07:03:14.3 (61917295)|HEAP_ALLOCATE|[137]|Bytes:185
07:03:14.3 (61932740)|HEAP_ALLOCATE|[137]|Bytes:197
07:03:14.3 (61940169)|ENTERING_MANAGED_PKG|
07:03:14.3 (61946956)|USER_DEBUG|[137]|DEBUG|######## i: ListServerController:[column1=Dickenson plc, column2=null, column3=null, column4=null, eventField=001B00000066Xx8IAE, mapObjectsFields={Account={Id, Name}}, recordID=001B00000066Xx8IAE]
07:03:14.3 (61960980)|HEAP_ALLOCATE|[104]|Bytes:5
07:03:14.3 (61983622)|HEAP_ALLOCATE|[104]|Bytes:12
07:03:14.3 (61997383)|VARIABLE_SCOPE_BEGIN|[104]|e|SObject|true|false
07:03:14.3 (62012853)|VARIABLE_ASSIGNMENT|[104]|e|{"s":1,"v":{"Id":"001B00000066Xx9IAE","Name":"Hospital Universitar (14 more) ..."}}|0x7c87b5b4
07:03:14.3 (62017085)|STATEMENT_EXECUTE|[105]
07:03:14.3 (62018560)|STATEMENT_EXECUTE|[106]
07:03:14.3 (62031119)|ENTERING_MANAGED_PKG|
07:03:14.3 (62055622)|HEAP_ALLOCATE|[106]|Bytes:72
07:03:14.3 (62069514)|HEAP_ALLOCATE|[106]|Bytes:84
07:03:14.3 (62076565)|ENTERING_MANAGED_PKG|
07:03:14.3 (62082702)|USER_DEBUG|[106]|DEBUG|######## e: Account:{Id=001B00000066Xx9IAE, Name=Hospital Universitario San Ignacio}
07:03:14.3 (62088092)|STATEMENT_EXECUTE|[107]
07:03:14.3 (62092823)|HEAP_ALLOCATE|[107]|Bytes:28
07:03:14.3 (62099373)|CONSTRUCTOR_ENTRY|[107]|01pB0000000lc07|<init>()
07:03:14.3 (62102802)|VARIABLE_SCOPE_BEGIN|[1]|this|testautonumdata.ListServerController|true|false
07:03:14.3 (62124418)|VARIABLE_ASSIGNMENT|[1]|this|{}|0x5d6c9dd4
07:03:14.3 (62131606)|HEAP_ALLOCATE|[EXTERNAL]|Bytes:5
07:03:14.3 (62146037)|STATEMENT_EXECUTE|[1]
07:03:14.3 (62149661)|HEAP_ALLOCATE|[EXTERNAL]|Bytes:5
07:03:14.3 (62151804)|STATEMENT_EXECUTE|[6]
07:03:14.3 (62153184)|STATEMENT_EXECUTE|[8]
07:03:14.3 (62154135)|STATEMENT_EXECUTE|[10]
07:03:14.3 (62155078)|STATEMENT_EXECUTE|[12]
07:03:14.3 (62156025)|STATEMENT_EXECUTE|[14]
07:03:14.3 (62156932)|STATEMENT_EXECUTE|[16]
07:03:14.3 (62166519)|CONSTRUCTOR_EXIT|[107]|01pB0000000lc07|<init>()
07:03:14.3 (62171090)|VARIABLE_SCOPE_BEGIN|[107]|i|testautonumdata.ListServerController|true|false
07:03:14.3 (62190281)|VARIABLE_ASSIGNMENT|[107]|i|{}|0x5d6c9dd4
07:03:14.3 (62192828)|STATEMENT_EXECUTE|[110]
07:03:14.3 (62210384)|ENTERING_MANAGED_PKG|
07:03:14.3 (62230426)|HEAP_ALLOCATE|[110]|Bytes:4
07:03:14.3 (62246161)|ENTERING_MANAGED_PKG|
07:03:14.3 (62249494)|HEAP_ALLOCATE|[110]|Bytes:18
07:03:14.3 (62279082)|VARIABLE_ASSIGNMENT|[EXTERNAL]|this|{}|0x5d6c9dd4
07:03:14.3 (62285612)|VARIABLE_ASSIGNMENT|[EXTERNAL]|value|"001B00000066Xx9IAE"
07:03:14.3 (62293227)|VARIABLE_ASSIGNMENT|[6]|this.recordID|"001B00000066Xx9IAE"|0x5d6c9dd4
07:03:14.3 (62299791)|STATEMENT_EXECUTE|[112]
07:03:14.3 (62301137)|STATEMENT_EXECUTE|[113]
07:03:14.3 (62305894)|METHOD_ENTRY|[113]|01pB0000000ljzx|testautonumdata.Sparkle_Helper.GetSobjectField(SObject, String)
07:03:14.3 (62309223)|VARIABLE_SCOPE_BEGIN|[78]|e|SObject|true|false
07:03:14.3 (62320960)|VARIABLE_ASSIGNMENT|[78]|e|{"s":1,"v":{"Id":"001B00000066Xx9IAE","Name":"Hospital Universitar (14 more) ..."}}|0x7c87b5b4
07:03:14.3 (62323303)|VARIABLE_SCOPE_BEGIN|[78]|lcfield|String|false|false
07:03:14.3 (62326781)|VARIABLE_ASSIGNMENT|[78]|lcfield|"Id"
07:03:14.3 (62334175)|HEAP_ALLOCATE|[81]|Bytes:5
07:03:14.3 (62337642)|STATEMENT_EXECUTE|[79]
07:03:14.3 (62338784)|STATEMENT_EXECUTE|[81]
07:03:14.3 (62342481)|VARIABLE_SCOPE_BEGIN|[81]|returnValue|String|false|false
07:03:14.3 (62346788)|VARIABLE_ASSIGNMENT|[81]|returnValue|""
07:03:14.3 (62358434)|ENTERING_MANAGED_PKG|
07:03:14.3 (62366472)|STATEMENT_EXECUTE|[98]
07:03:14.3 (62373296)|ENTERING_MANAGED_PKG|
07:03:14.3 (62390167)|HEAP_ALLOCATE|[98]|Bytes:4
07:03:14.3 (62404331)|ENTERING_MANAGED_PKG|
07:03:14.3 (62407270)|HEAP_ALLOCATE|[98]|Bytes:18
07:03:14.3 (62418743)|VARIABLE_ASSIGNMENT|[98]|returnValue|"001B00000066Xx9IAE"
07:03:14.3 (62421179)|STATEMENT_EXECUTE|[100]
07:03:14.3 (62427757)|METHOD_EXIT|[113]|01pB0000000ljzx|testautonumdata.Sparkle_Helper.GetSobjectField(SObject, String)
07:03:14.3 (62454848)|VARIABLE_ASSIGNMENT|[EXTERNAL]|this|{"recordID":"001B00000066Xx9IAE"}|0x5d6c9dd4
07:03:14.3 (62460030)|VARIABLE_ASSIGNMENT|[EXTERNAL]|value|"001B00000066Xx9IAE"
07:03:14.3 (62466613)|VARIABLE_ASSIGNMENT|[8]|this.eventField|"001B00000066Xx9IAE"|0x5d6c9dd4
07:03:14.3 (62473173)|STATEMENT_EXECUTE|[116]
07:03:14.3 (62474532)|STATEMENT_EXECUTE|[117]
07:03:14.3 (62478913)|METHOD_ENTRY|[117]|01pB0000000ljzx|testautonumdata.Sparkle_Helper.GetSobjectField(SObject, String)
07:03:14.3 (62481985)|VARIABLE_SCOPE_BEGIN|[78]|e|SObject|true|false
07:03:14.3 (62492789)|VARIABLE_ASSIGNMENT|[78]|e|{"s":1,"v":{"Id":"001B00000066Xx9IAE","Name":"Hospital Universitar (14 more) ..."}}|0x7c87b5b4
07:03:14.3 (62495273)|VARIABLE_SCOPE_BEGIN|[78]|lcfield|String|false|false
07:03:14.3 (62498221)|VARIABLE_ASSIGNMENT|[78]|lcfield|"Name"
07:03:14.3 (62505049)|HEAP_ALLOCATE|[81]|Bytes:5
07:03:14.3 (62508224)|STATEMENT_EXECUTE|[79]
07:03:14.3 (62509358)|STATEMENT_EXECUTE|[81]
07:03:14.3 (62512903)|VARIABLE_SCOPE_BEGIN|[81]|returnValue|String|false|false
07:03:14.3 (62517039)|VARIABLE_ASSIGNMENT|[81]|returnValue|""
07:03:14.3 (62528271)|ENTERING_MANAGED_PKG|
07:03:14.3 (62536145)|STATEMENT_EXECUTE|[98]
07:03:14.3 (62543105)|ENTERING_MANAGED_PKG|
07:03:14.3 (62560347)|HEAP_ALLOCATE|[98]|Bytes:34
07:03:14.3 (62574544)|ENTERING_MANAGED_PKG|
07:03:14.3 (62577511)|HEAP_ALLOCATE|[98]|Bytes:34
07:03:14.3 (62590412)|VARIABLE_ASSIGNMENT|[98]|returnValue|"Hospital Universitar (14 more) ..."
07:03:14.3 (62593117)|STATEMENT_EXECUTE|[100]
07:03:14.3 (62599796)|METHOD_EXIT|[117]|01pB0000000ljzx|testautonumdata.Sparkle_Helper.GetSobjectField(SObject, String)
07:03:14.3 (62628071)|VARIABLE_ASSIGNMENT|[EXTERNAL]|this|{"eventField":"001B00000066Xx9IAE","recordID":"001B00000066Xx9IAE"}|0x5d6c9dd4
07:03:14.3 (62634639)|VARIABLE_ASSIGNMENT|[EXTERNAL]|value|"Hospital Universitar (14 more) ..."
07:03:14.3 (62642102)|VARIABLE_ASSIGNMENT|[10]|this.column1|"Hospital Universitar (14 more) ..."|0x5d6c9dd4
07:03:14.3 (62648442)|STATEMENT_EXECUTE|[119]
07:03:14.3 (62650428)|STATEMENT_EXECUTE|[124]
07:03:14.3 (62651617)|STATEMENT_EXECUTE|[129]
07:03:14.3 (62652622)|STATEMENT_EXECUTE|[135]
07:03:14.3 (62657627)|ENTERING_MANAGED_PKG|
07:03:14.3 (62664678)|HEAP_ALLOCATE|[EXTERNAL]|Bytes:4
07:03:14.3 (62670734)|STATEMENT_EXECUTE|[137]
07:03:14.3 (62681772)|ENTERING_MANAGED_PKG|
07:03:14.3 (62713593)|HEAP_ALLOCATE|[137]|Bytes:206
07:03:14.3 (62728262)|HEAP_ALLOCATE|[137]|Bytes:218
07:03:14.3 (62735196)|ENTERING_MANAGED_PKG|
07:03:14.3 (62741747)|USER_DEBUG|[137]|DEBUG|######## i: ListServerController:[column1=Hospital Universitario San Ignacio, column2=null, column3=null, column4=null, eventField=001B00000066Xx9IAE, mapObjectsFields={Account={Id, Name}}, recordID=001B00000066Xx9IAE]
07:03:14.3 (62756305)|HEAP_ALLOCATE|[104]|Bytes:5
07:03:14.3 (62769001)|VARIABLE_ASSIGNMENT|[104]|e|null|
07:03:14.3 (62772422)|STATEMENT_EXECUTE|[142]
07:03:14.3 (62775766)|HEAP_ALLOCATE|[142]|Bytes:27
07:03:14.3 (62788991)|ENTERING_MANAGED_PKG|
07:03:14.3 (62943608)|HEAP_ALLOCATE|[142]|Bytes:1546
07:03:14.3 (62960891)|HEAP_ALLOCATE|[142]|Bytes:1573
07:03:14.3 (62970314)|ENTERING_MANAGED_PKG|
07:03:14.3 (62976570)|USER_DEBUG|[142]|DEBUG|######## lstReturnRecords: (ListServerController:[column1=GenePoint, column2=null, column3=null, column4=null, eventField=001B00000066XxFIAU, mapObjectsFields={Account={Id, Name}}, recordID=001B00000066XxFIAU], ListServerController:[column1=United Oil & Gas, UK, column2=null, column3=null, column4=null, eventField=001B00000066XxDIAU, mapObjectsFields=(already output), recordID=001B00000066XxDIAU], ListServerController:[column1=United Oil & Gas, Singapore, column2=null, column3=null, column4=null, eventField=001B00000066XxEIAU, mapObjectsFields=(already output), recordID=001B00000066XxEIAU], ListServerController:[column1=Edge Communications, column2=null, column3=null, column4=null, eventField=001B00000066Xx5IAE, mapObjectsFields=(already output), recordID=001B00000066Xx5IAE], ListServerController:[column1=Burlington Textiles Corp of America, column2=null, column3=null, column4=null, eventField=001B00000066Xx6IAE, mapObjectsFields=(already output), recordID=001B00000066Xx6IAE], ListServerController:[column1=Pyramid Construction Inc., column2=null, column3=null, column4=null, eventField=001B00000066Xx7IAE, mapObjectsFields=(already output), recordID=001B00000066Xx7IAE], ListServerController:[column1=Dickenson plc, column2=null, column3=null, column4=null, eventField=001B00000066Xx8IAE, mapObjectsFields=(already output), recordID=001B00000066Xx8IAE], ListServerController:[column1=Hospital Universitario San Ignacio, column2=null, column3=null, column4=null, eventField=001B00000066Xx9IAE, mapObjectsFields=(already output), recordID=001B00000066Xx9IAE])
07:03:14.3 (62991118)|STATEMENT_EXECUTE|[144]
07:03:14.3 (63003715)|SYSTEM_MODE_EXIT|false
07:03:14.63 (63063447)|CUMULATIVE_LIMIT_USAGE
07:03:14.63 (63063447)|LIMIT_USAGE_FOR_NS|(default)|
  Number of SOQL queries: 0 out of 100
  Number of query rows: 0 out of 50000
  Number of SOSL queries: 0 out of 20
  Number of DML statements: 0 out of 150
  Number of DML rows: 0 out of 10000
  Maximum CPU time: 0 out of 10000
  Maximum heap size: 0 out of 6000000
  Number of callouts: 0 out of 100
  Number of Email Invocations: 0 out of 10
  Number of future calls: 0 out of 50
  Number of queueable jobs added to the queue: 0 out of 50
  Number of Mobile Apex push calls: 0 out of 10

07:03:14.63 (63063447)|LIMIT_USAGE_FOR_NS|testautonumdata|
  Number of SOQL queries: 1 out of 100
  Number of query rows: 8 out of 50000
  Number of SOSL queries: 0 out of 20
  Number of DML statements: 0 out of 150
  Number of DML rows: 0 out of 10000
  Maximum CPU time: 0 out of 10000
  Maximum heap size: 0 out of 6000000
  Number of callouts: 0 out of 100
  Number of Email Invocations: 0 out of 10
  Number of future calls: 0 out of 50
  Number of queueable jobs added to the queue: 0 out of 50
  Number of Mobile Apex push calls: 0 out of 10

07:03:14.63 (63063447)|CUMULATIVE_LIMIT_USAGE_END

07:03:14.65 (65110596)|CODE_UNIT_STARTED|[EXTERNAL]|Aura
07:03:14.66 (66240323)|CODE_UNIT_STARTED|[EXTERNAL]|Aura
07:03:14.67 (67175554)|CODE_UNIT_STARTED|[EXTERNAL]|Aura
07:03:14.68 (68172640)|CODE_UNIT_STARTED|[EXTERNAL]|Aura
07:03:14.69 (69242849)|CODE_UNIT_STARTED|[EXTERNAL]|Aura
07:03:14.70 (70256439)|CODE_UNIT_STARTED|[EXTERNAL]|Aura
07:03:14.71 (71309519)|CODE_UNIT_STARTED|[EXTERNAL]|Aura
07:03:14.72 (72368702)|CODE_UNIT_STARTED|[EXTERNAL]|Aura
07:03:14.73 (73682343)|CODE_UNIT_STARTED|[EXTERNAL]|01pB0000000lc07|ListServerController.getCurrentUser
07:03:14.73 (73730692)|SYSTEM_MODE_ENTER|false
07:03:14.73 (73751866)|HEAP_ALLOCATE|[151]|Bytes:5
07:03:14.73 (73760533)|STATEMENT_EXECUTE|[150]
07:03:14.73 (73763027)|STATEMENT_EXECUTE|[151]
07:03:14.73 (73768015)|HEAP_ALLOCATE|[151]|Bytes:68
07:03:14.73 (73779669)|HEAP_ALLOCATE|[151]|Bytes:4
07:03:14.73 (73792940)|HEAP_ALLOCATE|[151]|Bytes:7
07:03:14.73 (73908451)|HEAP_ALLOCATE|[151]|Bytes:85
07:03:14.73 (73929220)|SYSTEM_METHOD_ENTRY|[1]|UserInfo.UserInfo()
07:03:14.73 (73932184)|STATEMENT_EXECUTE|[1]
07:03:14.73 (73943624)|SYSTEM_METHOD_EXIT|[1]|UserInfo
07:03:14.73 (73963853)|METHOD_ENTRY|[151]||System.UserInfo.getUserId()
07:03:14.73 (74014231)|METHOD_EXIT|[151]||System.UserInfo.getUserId()
07:03:14.73 (75729612)|SOQL_EXECUTE_BEGIN|[151]|Aggregations:0|SELECT Id, FirstName, LastName FROM User WHERE Id = :tmpVar1 LIMIT 1
07:03:14.73 (81298156)|SOQL_EXECUTE_END|[151]|Rows:1
07:03:14.73 (81325568)|HEAP_ALLOCATE|[151]|Bytes:8
07:03:14.73 (81341859)|HEAP_ALLOCATE|[151]|Bytes:69
07:03:14.73 (81419129)|HEAP_ALLOCATE|[151]|Bytes:8
07:03:14.73 (81430130)|HEAP_ALLOCATE|[151]|Bytes:30
07:03:14.73 (81518341)|HEAP_ALLOCATE|[151]|Bytes:16
07:03:14.73 (81529169)|VARIABLE_SCOPE_BEGIN|[151]|user|User|true|false
07:03:14.73 (81575988)|VARIABLE_ASSIGNMENT|[151]|user|{"s":1,"v":{"Id":"005B0000001VpZRIA0","FirstName":"Rodrigo","LastName":"Reboucas"}}|0x4232ac93
07:03:14.73 (81580535)|STATEMENT_EXECUTE|[152]
07:03:14.73 (81591551)|SYSTEM_MODE_EXIT|false
07:03:14.81 (81632661)|CUMULATIVE_LIMIT_USAGE
07:03:14.81 (81632661)|LIMIT_USAGE_FOR_NS|(default)|
  Number of SOQL queries: 0 out of 100
  Number of query rows: 0 out of 50000
  Number of SOSL queries: 0 out of 20
  Number of DML statements: 0 out of 150
  Number of DML rows: 0 out of 10000
  Maximum CPU time: 0 out of 10000
  Maximum heap size: 0 out of 6000000
  Number of callouts: 0 out of 100
  Number of Email Invocations: 0 out of 10
  Number of future calls: 0 out of 50
  Number of queueable jobs added to the queue: 0 out of 50
  Number of Mobile Apex push calls: 0 out of 10

07:03:14.81 (81632661)|LIMIT_USAGE_FOR_NS|testautonumdata|
  Number of SOQL queries: 2 out of 100
  Number of query rows: 9 out of 50000
  Number of SOSL queries: 0 out of 20
  Number of DML statements: 0 out of 150
  Number of DML rows: 0 out of 10000
  Maximum CPU time: 0 out of 10000
  Maximum heap size: 0 out of 6000000
  Number of callouts: 0 out of 100
  Number of Email Invocations: 0 out of 10
  Number of future calls: 0 out of 50
  Number of queueable jobs added to the queue: 0 out of 50
  Number of Mobile Apex push calls: 0 out of 10

07:03:14.81 (81632661)|CUMULATIVE_LIMIT_USAGE_END

