37.0 APEX_CODE,FINEST;APEX_PROFILING,INFO;CALLOUT,INFO;DB,INFO;SYSTEM,DEBUG;VALIDATION,INFO;VISUALFORCE,INFO;WORKFLOW,INFO
10:51:09.0 (122132)|USER_INFO|[EXTERNAL]|005B00000021dad|elisabeth.brooks@df16recruitment.dev|Pacific Standard Time|GMT-07:00
10:51:09.0 (776180)|HEAP_ALLOCATE|[72]|Bytes:3
10:51:09.0 (832034)|HEAP_ALLOCATE|[77]|Bytes:152
10:51:09.0 (852509)|HEAP_ALLOCATE|[342]|Bytes:408
10:51:09.0 (872749)|HEAP_ALLOCATE|[355]|Bytes:408
10:51:09.0 (892636)|HEAP_ALLOCATE|[467]|Bytes:48
10:51:09.3 (3044129)|USER_INFO|[EXTERNAL]|005B00000021dad|elisabeth.brooks@df16recruitment.dev|Pacific Standard Time|GMT-07:00
10:51:09.3 (3257856)|STATEMENT_EXECUTE|[1]
10:51:09.3 (3301708)|HEAP_ALLOCATE|[50]|Bytes:5
10:51:09.3 (3330564)|HEAP_ALLOCATE|[56]|Bytes:5
10:51:09.3 (3340416)|HEAP_ALLOCATE|[64]|Bytes:7
10:51:09.3 (3368607)|SYSTEM_MODE_ENTER|false
10:51:09.3 (3389672)|HEAP_ALLOCATE|[EXTERNAL]|Bytes:5
10:51:09.3 (3396686)|SYSTEM_MODE_EXIT|false
10:51:09.3 (3409125)|METHOD_EXIT|[1]|CandidateDropDownController
10:51:09.3 (3414890)|HEAP_ALLOCATE|[EXTERNAL]|Bytes:1
10:51:09.3 (3421891)|SYSTEM_MODE_ENTER|false
10:51:09.3 (3432720)|VARIABLE_SCOPE_BEGIN|[9]|searchKey|String|false|false
10:51:09.3 (3467737)|VARIABLE_ASSIGNMENT|[9]|searchKey|"M"
10:51:09.3 (3482368)|HEAP_ALLOCATE|[10]|Bytes:5
10:51:09.3 (3489616)|STATEMENT_EXECUTE|[9]
10:51:09.3 (3492296)|STATEMENT_EXECUTE|[10]
10:51:09.3 (3495871)|HEAP_ALLOCATE|[10]|Bytes:1
10:51:09.3 (3510490)|HEAP_ALLOCATE|[10]|Bytes:3
10:51:09.3 (3522063)|VARIABLE_SCOPE_BEGIN|[10]|name|String|false|false
10:51:09.3 (3528732)|VARIABLE_ASSIGNMENT|[10]|name|"%M%"
10:51:09.3 (3533002)|STATEMENT_EXECUTE|[11]
10:51:09.3 (3535729)|HEAP_ALLOCATE|[11]|Bytes:67
10:51:09.3 (3545448)|HEAP_ALLOCATE|[11]|Bytes:4
10:51:09.3 (3555705)|HEAP_ALLOCATE|[11]|Bytes:7
10:51:09.3 (4042760)|SOQL_EXECUTE_BEGIN|[11]|Aggregations:0|SELECT id, name FROM Candidate__c WHERE name LIKE :tmpVar1 LIMIT 50
10:51:09.3 (15371648)|SOQL_EXECUTE_END|[11]|Rows:5
10:51:09.3 (15411066)|HEAP_ALLOCATE|[11]|Bytes:24
10:51:09.3 (15433206)|HEAP_ALLOCATE|[11]|Bytes:257
10:51:09.3 (15545362)|HEAP_ALLOCATE|[11]|Bytes:24
10:51:09.3 (15562552)|SYSTEM_MODE_EXIT|false
10:51:09.15 (15604715)|CUMULATIVE_LIMIT_USAGE
10:51:09.15 (15604715)|LIMIT_USAGE_FOR_NS|(default)|
  Number of SOQL queries: 0 out of 100
  Number of query rows: 0 out of 50000
  Number of SOSL queries: 0 out of 20
  Number of DML statements: 0 out of 150
  Number of DML rows: 0 out of 10000
  Maximum CPU time: 0 out of 10000
  Maximum heap size: 0 out of 6000000
  Number of callouts: 0 out of 100
  Number of Email Invocations: 0 out of 10
  Number of future calls: 0 out of 50
  Number of queueable jobs added to the queue: 0 out of 50
  Number of Mobile Apex push calls: 0 out of 10

10:51:09.15 (15604715)|LIMIT_USAGE_FOR_NS|testautonumdata|
  Number of SOQL queries: 1 out of 100
  Number of query rows: 5 out of 50000
  Number of SOSL queries: 0 out of 20
  Number of DML statements: 0 out of 150
  Number of DML rows: 0 out of 10000
  Maximum CPU time: 0 out of 10000
  Maximum heap size: 0 out of 6000000
  Number of callouts: 0 out of 100
  Number of Email Invocations: 0 out of 10
  Number of future calls: 0 out of 50
  Number of queueable jobs added to the queue: 0 out of 50
  Number of Mobile Apex push calls: 0 out of 10

10:51:09.15 (15604715)|CUMULATIVE_LIMIT_USAGE_END

10:51:09.3 (15682452)|CODE_UNIT_FINISHED|CandidateDropDownController.findByName
