37.0 APEX_CODE,FINEST;APEX_PROFILING,INFO;CALLOUT,INFO;DB,INFO;SYSTEM,DEBUG;VALIDATION,INFO;VISUALFORCE,INFO;WORKFLOW,INFO
11:17:41.0 (122153)|USER_INFO|[EXTERNAL]|005B00000021dad|elisabeth.brooks@df16recruitment.dev|Pacific Standard Time|GMT-07:00
11:17:41.0 (164381)|EXECUTION_STARTED
11:17:41.0 (169792)|CODE_UNIT_STARTED|[EXTERNAL]|01pB0000000rC4C|CandidateDropDownController.findAll
11:17:41.0 (369201)|HEAP_ALLOCATE|[72]|Bytes:3
11:17:41.0 (445951)|HEAP_ALLOCATE|[77]|Bytes:152
11:17:41.0 (468725)|HEAP_ALLOCATE|[342]|Bytes:408
11:17:41.0 (487606)|HEAP_ALLOCATE|[355]|Bytes:408
11:17:41.0 (505297)|HEAP_ALLOCATE|[467]|Bytes:48
11:17:41.0 (546794)|HEAP_ALLOCATE|[139]|Bytes:6
11:17:41.0 (647352)|HEAP_ALLOCATE|[EXTERNAL]|Bytes:6
11:17:41.0 (666887)|METHOD_ENTRY|[1]|01pB0000000rC4C|CandidateDropDownController.CandidateDropDownController()
11:17:41.0 (680913)|STATEMENT_EXECUTE|[1]
11:17:41.0 (697251)|STATEMENT_EXECUTE|[1]
11:17:41.0 (737353)|HEAP_ALLOCATE|[50]|Bytes:5
11:17:41.0 (774977)|HEAP_ALLOCATE|[56]|Bytes:5
11:17:41.0 (790211)|HEAP_ALLOCATE|[64]|Bytes:7
11:17:41.0 (826797)|SYSTEM_MODE_ENTER|false
11:17:41.0 (849562)|HEAP_ALLOCATE|[EXTERNAL]|Bytes:5
11:17:41.0 (859358)|SYSTEM_MODE_EXIT|false
11:17:41.0 (871660)|METHOD_EXIT|[1]|CandidateDropDownController
11:17:41.0 (883998)|SYSTEM_MODE_ENTER|false
11:17:41.0 (890858)|VARIABLE_SCOPE_BEGIN|[4]|objectApiName|String|false|false
11:17:41.0 (916257)|VARIABLE_ASSIGNMENT|[4]|objectApiName|null
11:17:41.0 (932712)|HEAP_ALLOCATE|[5]|Bytes:5
11:17:41.0 (942933)|STATEMENT_EXECUTE|[4]
11:17:41.0 (947245)|STATEMENT_EXECUTE|[5]
11:17:41.0 (951392)|HEAP_ALLOCATE|[5]|Bytes:42
11:17:41.0 (965305)|HEAP_ALLOCATE|[5]|Bytes:4
11:17:41.0 (1595629)|SOQL_EXECUTE_BEGIN|[5]|Aggregations:0|SELECT id, name FROM Candidate__c LIMIT 50
11:17:41.0 (7655703)|SOQL_EXECUTE_END|[5]|Rows:10
11:17:41.0 (7690454)|HEAP_ALLOCATE|[5]|Bytes:44
11:17:41.0 (7720174)|HEAP_ALLOCATE|[5]|Bytes:490
11:17:41.0 (7845164)|HEAP_ALLOCATE|[5]|Bytes:44
11:17:41.0 (7867154)|SYSTEM_MODE_EXIT|false
11:17:41.7 (7908554)|CUMULATIVE_LIMIT_USAGE
11:17:41.7 (7908554)|LIMIT_USAGE_FOR_NS|(default)|
  Number of SOQL queries: 0 out of 100
  Number of query rows: 0 out of 50000
  Number of SOSL queries: 0 out of 20
  Number of DML statements: 0 out of 150
  Number of DML rows: 0 out of 10000
  Maximum CPU time: 0 out of 10000
  Maximum heap size: 0 out of 6000000
  Number of callouts: 0 out of 100
  Number of Email Invocations: 0 out of 10
  Number of future calls: 0 out of 50
  Number of queueable jobs added to the queue: 0 out of 50
  Number of Mobile Apex push calls: 0 out of 10

11:17:41.7 (7908554)|LIMIT_USAGE_FOR_NS|testautonumdata|
  Number of SOQL queries: 1 out of 100
  Number of query rows: 10 out of 50000
  Number of SOSL queries: 0 out of 20
  Number of DML statements: 0 out of 150
  Number of DML rows: 0 out of 10000
  Maximum CPU time: 0 out of 10000
  Maximum heap size: 0 out of 6000000
  Number of callouts: 0 out of 100
  Number of Email Invocations: 0 out of 10
  Number of future calls: 0 out of 50
  Number of queueable jobs added to the queue: 0 out of 50
  Number of Mobile Apex push calls: 0 out of 10

11:17:41.7 (7908554)|CUMULATIVE_LIMIT_USAGE_END

11:17:41.0 (7973756)|CODE_UNIT_FINISHED|CandidateDropDownController.findAll
11:17:41.0 (11356702)|EXECUTION_FINISHED
11:17:41.14 (14803147)|USER_INFO|[EXTERNAL]|005B00000021dad|elisabeth.brooks@df16recruitment.dev|Pacific Standard Time|GMT-07:00
11:17:41.14 (14813683)|EXECUTION_STARTED
11:17:41.14 (14817914)|CODE_UNIT_STARTED|[EXTERNAL]|01pB0000000lIqm|CandidateController.findAll
11:17:41.14 (14874497)|HEAP_ALLOCATE|[EXTERNAL]|Bytes:4
11:17:41.14 (14890181)|METHOD_ENTRY|[1]|01pB0000000lIqm|CandidateController.CandidateController()
11:17:41.14 (14898985)|STATEMENT_EXECUTE|[1]
11:17:41.14 (14910454)|STATEMENT_EXECUTE|[1]
11:17:41.14 (14919786)|SYSTEM_MODE_ENTER|false
11:17:41.14 (14925814)|HEAP_ALLOCATE|[EXTERNAL]|Bytes:5
11:17:41.14 (14931965)|SYSTEM_MODE_EXIT|false
11:17:41.14 (14942566)|METHOD_EXIT|[1]|CandidateController
11:17:41.14 (14951695)|SYSTEM_MODE_ENTER|false
11:17:41.14 (14961048)|HEAP_ALLOCATE|[7]|Bytes:5
11:17:41.14 (14970269)|STATEMENT_EXECUTE|[6]
11:17:41.14 (14974257)|STATEMENT_EXECUTE|[7]
11:17:41.14 (14977698)|HEAP_ALLOCATE|[7]|Bytes:259
11:17:41.14 (14984379)|HEAP_ALLOCATE|[7]|Bytes:4
11:17:41.14 (15311713)|SOQL_EXECUTE_BEGIN|[7]|Aggregations:0|SELECT Id, Name, testautonumdata__Geolocation__Latitude__s, testautonumdata__Geolocation__Longitude__s FROM testautonumdata__Candidate__c WHERE (testautonumdata__Geolocation__Longitude__s != NULL AND testautonumdata__Geolocation__Latitude__s != NULL) LIMIT 50
11:17:41.14 (19986174)|SOQL_EXECUTE_END|[7]|Rows:9
11:17:41.14 (20009318)|HEAP_ALLOCATE|[7]|Bytes:40
11:17:41.14 (20036884)|HEAP_ALLOCATE|[7]|Bytes:1915
11:17:41.14 (20053902)|HEAP_ALLOCATE|[7]|Bytes:40
11:17:41.14 (20070414)|SYSTEM_MODE_EXIT|false
11:17:41.20 (20096368)|CUMULATIVE_LIMIT_USAGE
11:17:41.20 (20096368)|LIMIT_USAGE_FOR_NS|(default)|
  Number of SOQL queries: 0 out of 100
  Number of query rows: 0 out of 50000
  Number of SOSL queries: 0 out of 20
  Number of DML statements: 0 out of 150
  Number of DML rows: 0 out of 10000
  Maximum CPU time: 0 out of 10000
  Maximum heap size: 0 out of 6000000
  Number of callouts: 0 out of 100
  Number of Email Invocations: 0 out of 10
  Number of future calls: 0 out of 50
  Number of queueable jobs added to the queue: 0 out of 50
  Number of Mobile Apex push calls: 0 out of 10

11:17:41.20 (20096368)|LIMIT_USAGE_FOR_NS|testautonumdata|
  Number of SOQL queries: 2 out of 100
  Number of query rows: 19 out of 50000
  Number of SOSL queries: 0 out of 20
  Number of DML statements: 0 out of 150
  Number of DML rows: 0 out of 10000
  Maximum CPU time: 0 out of 10000
  Maximum heap size: 0 out of 6000000
  Number of callouts: 0 out of 100
  Number of Email Invocations: 0 out of 10
  Number of future calls: 0 out of 50
  Number of queueable jobs added to the queue: 0 out of 50
  Number of Mobile Apex push calls: 0 out of 10

11:17:41.20 (20096368)|CUMULATIVE_LIMIT_USAGE_END

11:17:41.14 (20149302)|CODE_UNIT_FINISHED|CandidateController.findAll
11:17:41.14 (27626140)|EXECUTION_FINISHED
