37.0 APEX_CODE,FINEST;APEX_PROFILING,INFO;CALLOUT,INFO;DB,INFO;SYSTEM,DEBUG;VALIDATION,INFO;VISUALFORCE,INFO;WORKFLOW,INFO
15:08:47.0 (115511)|USER_INFO|[EXTERNAL]|005B0000001VpZR|rreboucas-yi5c@force.com|Pacific Standard Time|GMT-07:00
15:08:47.0 (603342)|HEAP_ALLOCATE|[72]|Bytes:3
15:08:47.0 (683772)|HEAP_ALLOCATE|[77]|Bytes:152
15:08:47.0 (722054)|HEAP_ALLOCATE|[342]|Bytes:408
15:08:47.0 (757826)|HEAP_ALLOCATE|[355]|Bytes:408
15:08:47.0 (789984)|HEAP_ALLOCATE|[467]|Bytes:48
15:08:47.2 (2852440)|USER_INFO|[EXTERNAL]|005B0000001VpZR|rreboucas-yi5c@force.com|Pacific Standard Time|GMT-07:00
15:08:47.2 (3083798)|STATEMENT_EXECUTE|[1]
15:08:47.2 (3125397)|HEAP_ALLOCATE|[50]|Bytes:5
15:08:47.2 (3155279)|HEAP_ALLOCATE|[56]|Bytes:5
15:08:47.2 (3164881)|HEAP_ALLOCATE|[64]|Bytes:7
15:08:47.2 (3194123)|SYSTEM_MODE_ENTER|false
15:08:47.2 (3216946)|HEAP_ALLOCATE|[3]|Bytes:5
15:08:47.2 (3221718)|STATEMENT_EXECUTE|[3]
15:08:47.2 (3259793)|VARIABLE_ASSIGNMENT|[3]|InterviewsLCServerController.mapObjectsFields|null|
15:08:47.2 (3270363)|SYSTEM_MODE_EXIT|false
15:08:47.2 (3283543)|METHOD_EXIT|[1]|InterviewsLCServerController
15:08:47.2 (3289402)|HEAP_ALLOCATE|[EXTERNAL]|Bytes:1
15:08:47.2 (3291640)|HEAP_ALLOCATE|[EXTERNAL]|Bytes:29
15:08:47.2 (3293131)|HEAP_ALLOCATE|[EXTERNAL]|Bytes:26
15:08:47.2 (3294390)|HEAP_ALLOCATE|[EXTERNAL]|Bytes:7
15:08:47.2 (3295627)|HEAP_ALLOCATE|[EXTERNAL]|Bytes:29
15:08:47.2 (3296893)|HEAP_ALLOCATE|[EXTERNAL]|Bytes:59
15:08:47.2 (3298409)|HEAP_ALLOCATE|[EXTERNAL]|Bytes:63
15:08:47.2 (3299623)|HEAP_ALLOCATE|[EXTERNAL]|Bytes:24
15:08:47.2 (3300920)|HEAP_ALLOCATE|[EXTERNAL]|Bytes:34
15:08:47.2 (3302114)|HEAP_ALLOCATE|[EXTERNAL]|Bytes:63
15:08:47.2 (3303302)|HEAP_ALLOCATE|[EXTERNAL]|Bytes:4
15:08:47.2 (3311873)|SYSTEM_MODE_ENTER|false
15:08:47.2 (3318161)|VARIABLE_SCOPE_BEGIN|[89]|rowsLimit|String|false|false
15:08:47.2 (3329429)|VARIABLE_ASSIGNMENT|[89]|rowsLimit|"8"
15:08:47.2 (3331789)|VARIABLE_SCOPE_BEGIN|[89]|objectApiName|String|false|false
15:08:47.2 (3337287)|VARIABLE_ASSIGNMENT|[89]|objectApiName|"testautonumdata__Int (9 more) ..."
15:08:47.2 (3339503)|VARIABLE_SCOPE_BEGIN|[89]|filter1Field|String|false|false
15:08:47.2 (3343016)|VARIABLE_ASSIGNMENT|[89]|filter1Field|"testautonumdata__Sta (6 more) ..."
15:08:47.2 (3345026)|VARIABLE_SCOPE_BEGIN|[89]|filter1Value|String|false|false
15:08:47.2 (3347557)|VARIABLE_ASSIGNMENT|[89]|filter1Value|"Pending"
15:08:47.2 (3349374)|VARIABLE_SCOPE_BEGIN|[89]|eventField|String|false|false
15:08:47.2 (3353073)|VARIABLE_ASSIGNMENT|[89]|eventField|"testautonumdata__Can (9 more) ..."
15:08:47.2 (3355107)|VARIABLE_SCOPE_BEGIN|[89]|column1|String|false|false
15:08:47.2 (3358572)|VARIABLE_ASSIGNMENT|[89]|column1|"testautonumdata__Can (39 more) ..."
15:08:47.2 (3360416)|VARIABLE_SCOPE_BEGIN|[89]|column2|String|false|false
15:08:47.2 (3363418)|VARIABLE_ASSIGNMENT|[89]|column2|"testautonumdata__Can (43 more) ..."
15:08:47.2 (3365131)|VARIABLE_SCOPE_BEGIN|[89]|column3|String|false|false
15:08:47.2 (3368065)|VARIABLE_ASSIGNMENT|[89]|column3|"testautonumdata__Dat (4 more) ..."
15:08:47.2 (3369992)|VARIABLE_SCOPE_BEGIN|[89]|column4|String|false|false
15:08:47.2 (3373046)|VARIABLE_ASSIGNMENT|[89]|column4|"testautonumdata__Int (14 more) ..."
15:08:47.2 (3374866)|VARIABLE_SCOPE_BEGIN|[89]|sortField|String|false|false
15:08:47.2 (3377958)|VARIABLE_ASSIGNMENT|[89]|sortField|"testautonumdata__Can (43 more) ..."
15:08:47.2 (3379673)|VARIABLE_SCOPE_BEGIN|[89]|sortDirection|String|false|false
15:08:47.2 (3382312)|VARIABLE_ASSIGNMENT|[89]|sortDirection|"desc"
15:08:47.2 (3397671)|HEAP_ALLOCATE|[91]|Bytes:5
15:08:47.2 (3401677)|STATEMENT_EXECUTE|[89]
15:08:47.2 (3403293)|STATEMENT_EXECUTE|[91]
15:08:47.2 (3406554)|HEAP_ALLOCATE|[91]|Bytes:20
15:08:47.2 (3423098)|HEAP_ALLOCATE|[91]|Bytes:21
15:08:47.2 (3460726)|ENTERING_MANAGED_PKG|
15:08:47.2 (3506257)|USER_DEBUG|[91]|DEBUG|######## rowsLimit: 8
15:08:47.2 (3516917)|STATEMENT_EXECUTE|[92]
15:08:47.2 (3520695)|HEAP_ALLOCATE|[92]|Bytes:24
15:08:47.2 (3527550)|HEAP_ALLOCATE|[92]|Bytes:53
15:08:47.2 (3539754)|ENTERING_MANAGED_PKG|
15:08:47.2 (3559270)|USER_DEBUG|[92]|DEBUG|######## objectApiName: testautonumdata__Interview__c
15:08:47.2 (3566902)|STATEMENT_EXECUTE|[95]
15:08:47.2 (3574713)|HEAP_ALLOCATE|[95]|Bytes:4
15:08:47.2 (3618636)|VARIABLE_ASSIGNMENT|[95]|InterviewsLCServerController.mapObjectsFields|{"s":1,"v":{}}|0x9d26388
15:08:47.2 (3622433)|STATEMENT_EXECUTE|[97]
15:08:47.2 (3626115)|HEAP_ALLOCATE|[97]|Bytes:2
15:08:47.2 (3640249)|METHOD_ENTRY|[97]|01pB0000000lA1s|testautonumdata.InterviewsLCServerController.AddFieldToObjectsMap(String, String)
15:08:47.2 (3660637)|VARIABLE_SCOPE_BEGIN|[21]|fieldName|String|false|false
15:08:47.2 (3667490)|VARIABLE_ASSIGNMENT|[21]|fieldName|"Id"
15:08:47.2 (3669730)|VARIABLE_SCOPE_BEGIN|[21]|initialObjectName|String|false|false
15:08:47.2 (3674007)|VARIABLE_ASSIGNMENT|[21]|initialObjectName|"testautonumdata__Int (9 more) ..."
15:08:47.2 (3681664)|HEAP_ALLOCATE|[23]|Bytes:5
15:08:47.2 (3685302)|STATEMENT_EXECUTE|[22]
15:08:47.2 (3692547)|HEAP_ALLOCATE|[23]|Bytes:1
15:08:47.2 (3716904)|ENTERING_MANAGED_PKG|
15:08:47.2 (3754725)|STATEMENT_EXECUTE|[64]
15:08:47.2 (3764885)|METHOD_ENTRY|[64]|01pB0000000lA1s|testautonumdata.InterviewsLCServerController.AddFieldToMap(String, String)
15:08:47.2 (3781001)|VARIABLE_SCOPE_BEGIN|[68]|fieldName|String|false|false
15:08:47.2 (3787320)|VARIABLE_ASSIGNMENT|[68]|fieldName|"Id"
15:08:47.2 (3789369)|VARIABLE_SCOPE_BEGIN|[68]|ObjectName|String|false|false
15:08:47.2 (3793520)|VARIABLE_ASSIGNMENT|[68]|ObjectName|"testautonumdata__Int (9 more) ..."
15:08:47.2 (3800819)|HEAP_ALLOCATE|[71]|Bytes:5
15:08:47.2 (3804181)|STATEMENT_EXECUTE|[69]
15:08:47.2 (3825708)|ENTERING_MANAGED_PKG|
15:08:47.2 (3863886)|STATEMENT_EXECUTE|[78]
15:08:47.2 (3865845)|STATEMENT_EXECUTE|[79]
15:08:47.2 (3923923)|HEAP_ALLOCATE|[79]|Bytes:4
15:08:47.2 (3951258)|ENTERING_MANAGED_PKG|
15:08:47.2 (3989822)|VARIABLE_SCOPE_BEGIN|[79]|newFieldSet|Set<String>|true|false
15:08:47.2 (4040934)|VARIABLE_ASSIGNMENT|[79]|newFieldSet|{"s":1,"v":[]}|0x14e479c1
15:08:47.2 (4045688)|STATEMENT_EXECUTE|[80]
15:08:47.2 (4062345)|ENTERING_MANAGED_PKG|
15:08:47.2 (4094497)|HEAP_ALLOCATE|[EXTERNAL]|Bytes:4
15:08:47.2 (4104152)|STATEMENT_EXECUTE|[81]
15:08:47.2 (4123783)|ENTERING_MANAGED_PKG|
15:08:47.2 (4159960)|HEAP_ALLOCATE|[EXTERNAL]|Bytes:-4
15:08:47.2 (4175221)|METHOD_EXIT|[64]|01pB0000000lA1s|testautonumdata.InterviewsLCServerController.AddFieldToMap(String, String)
15:08:47.2 (4185019)|METHOD_EXIT|[97]|01pB0000000lA1s|testautonumdata.InterviewsLCServerController.AddFieldToObjectsMap(String, String)
15:08:47.2 (4188319)|STATEMENT_EXECUTE|[99]
15:08:47.2 (4219794)|HEAP_ALLOCATE|[99]|Bytes:4
15:08:47.2 (4314218)|ENTERING_MANAGED_PKG|
15:08:47.2 (4340722)|VARIABLE_SCOPE_BEGIN|[99]|lstReturnRecords|List<testautonumdata.InterviewsLCServerController>|true|false
15:08:47.2 (4377064)|HEAP_ALLOCATE|[EXTERNAL]|Bytes:4
15:08:47.2 (4392568)|VARIABLE_ASSIGNMENT|[99]|lstReturnRecords|{"s":1,"v":[]}|0x581a3794
15:08:47.2 (4396150)|STATEMENT_EXECUTE|[101]
15:08:47.2 (4423699)|ENTERING_MANAGED_PKG|
15:08:47.2 (4457289)|VARIABLE_SCOPE_BEGIN|[101]|rLimit|Integer|false|false
15:08:47.2 (4462687)|HEAP_ALLOCATE|[101]|Bytes:4
15:08:47.2 (4469007)|VARIABLE_ASSIGNMENT|[101]|rLimit|8
15:08:47.2 (4471407)|STATEMENT_EXECUTE|[102]
15:08:47.2 (4475023)|HEAP_ALLOCATE|[102]|Bytes:17
15:08:47.2 (4494873)|ENTERING_MANAGED_PKG|
15:08:47.2 (4521999)|HEAP_ALLOCATE|[102]|Bytes:1
15:08:47.2 (4537320)|HEAP_ALLOCATE|[102]|Bytes:18
15:08:47.2 (4551124)|ENTERING_MANAGED_PKG|
15:08:47.2 (4558506)|USER_DEBUG|[102]|DEBUG|######## rLimit: 8
15:08:47.2 (4565130)|STATEMENT_EXECUTE|[106]
15:08:47.2 (4568745)|HEAP_ALLOCATE|[106]|Bytes:9
15:08:47.2 (4572965)|VARIABLE_SCOPE_BEGIN|[106]|soql|String|false|false
15:08:47.2 (4580267)|VARIABLE_ASSIGNMENT|[106]|soql|"Select id"
15:08:47.2 (4583269)|STATEMENT_EXECUTE|[109]
15:08:47.2 (4584309)|STATEMENT_EXECUTE|[110]
15:08:47.2 (4586486)|HEAP_ALLOCATE|[110]|Bytes:2
15:08:47.2 (4612725)|ENTERING_MANAGED_PKG|
15:08:47.2 (4652111)|HEAP_ALLOCATE|[110]|Bytes:29
15:08:47.2 (4670565)|HEAP_ALLOCATE|[110]|Bytes:31
15:08:47.2 (4675320)|HEAP_ALLOCATE|[110]|Bytes:40
15:08:47.2 (4684451)|VARIABLE_ASSIGNMENT|[110]|soql|"Select id, testauton (20 more) ..."
15:08:47.2 (4687163)|STATEMENT_EXECUTE|[111]
15:08:47.2 (4699164)|METHOD_ENTRY|[111]|01pB0000000lA1s|testautonumdata.InterviewsLCServerController.AddFieldToObjectsMap(String, String)
15:08:47.2 (4717936)|VARIABLE_SCOPE_BEGIN|[21]|fieldName|String|false|false
15:08:47.2 (4724821)|VARIABLE_ASSIGNMENT|[21]|fieldName|"testautonumdata__Can (9 more) ..."
15:08:47.2 (4726870)|VARIABLE_SCOPE_BEGIN|[21]|initialObjectName|String|false|false
15:08:47.2 (4730230)|VARIABLE_ASSIGNMENT|[21]|initialObjectName|"testautonumdata__Int (9 more) ..."
15:08:47.2 (4737561)|HEAP_ALLOCATE|[23]|Bytes:5
15:08:47.2 (4740843)|STATEMENT_EXECUTE|[22]
15:08:47.2 (4756285)|ENTERING_MANAGED_PKG|
15:08:47.2 (4765720)|STATEMENT_EXECUTE|[64]
15:08:47.2 (4771490)|METHOD_ENTRY|[64]|01pB0000000lA1s|testautonumdata.InterviewsLCServerController.AddFieldToMap(String, String)
15:08:47.2 (4775236)|VARIABLE_SCOPE_BEGIN|[68]|fieldName|String|false|false
15:08:47.2 (4781314)|VARIABLE_ASSIGNMENT|[68]|fieldName|"testautonumdata__Can (9 more) ..."
15:08:47.2 (4783007)|VARIABLE_SCOPE_BEGIN|[68]|ObjectName|String|false|false
15:08:47.2 (4786088)|VARIABLE_ASSIGNMENT|[68]|ObjectName|"testautonumdata__Int (9 more) ..."
15:08:47.2 (4791419)|HEAP_ALLOCATE|[71]|Bytes:5
15:08:47.2 (4794080)|STATEMENT_EXECUTE|[69]
15:08:47.2 (4803670)|ENTERING_MANAGED_PKG|
15:08:47.2 (4810885)|STATEMENT_EXECUTE|[72]
15:08:47.2 (4812241)|STATEMENT_EXECUTE|[73]
15:08:47.2 (4823642)|ENTERING_MANAGED_PKG|
15:08:47.2 (4863211)|VARIABLE_SCOPE_BEGIN|[73]|existingFieldSet|Set<String>|true|false
15:08:47.2 (4879676)|VARIABLE_ASSIGNMENT|[73]|existingFieldSet|{"s":1,"v":["Id"]}|0x14e479c1
15:08:47.2 (4882915)|STATEMENT_EXECUTE|[74]
15:08:47.2 (4895075)|ENTERING_MANAGED_PKG|
15:08:47.2 (4925482)|HEAP_ALLOCATE|[EXTERNAL]|Bytes:4
15:08:47.2 (4935058)|STATEMENT_EXECUTE|[75]
15:08:47.2 (4948094)|ENTERING_MANAGED_PKG|
15:08:47.2 (4991376)|METHOD_EXIT|[64]|01pB0000000lA1s|testautonumdata.InterviewsLCServerController.AddFieldToMap(String, String)
15:08:47.2 (4998340)|METHOD_EXIT|[111]|01pB0000000lA1s|testautonumdata.InterviewsLCServerController.AddFieldToObjectsMap(String, String)
15:08:47.2 (5001888)|STATEMENT_EXECUTE|[115]
15:08:47.2 (5004135)|STATEMENT_EXECUTE|[116]
15:08:47.2 (5019482)|ENTERING_MANAGED_PKG|
15:08:47.2 (5043064)|HEAP_ALLOCATE|[116]|Bytes:59
15:08:47.2 (5058909)|HEAP_ALLOCATE|[116]|Bytes:61
15:08:47.2 (5063304)|HEAP_ALLOCATE|[116]|Bytes:101
15:08:47.2 (5071790)|VARIABLE_ASSIGNMENT|[116]|soql|"Select id, testauton (81 more) ..."
15:08:47.2 (5074692)|STATEMENT_EXECUTE|[117]
15:08:47.2 (5081572)|METHOD_ENTRY|[117]|01pB0000000lA1s|testautonumdata.InterviewsLCServerController.AddFieldToObjectsMap(String, String)
15:08:47.2 (5097972)|VARIABLE_SCOPE_BEGIN|[21]|fieldName|String|false|false
15:08:47.2 (5104463)|VARIABLE_ASSIGNMENT|[21]|fieldName|"testautonumdata__Can (39 more) ..."
15:08:47.2 (5106585)|VARIABLE_SCOPE_BEGIN|[21]|initialObjectName|String|false|false
15:08:47.2 (5109921)|VARIABLE_ASSIGNMENT|[21]|initialObjectName|"testautonumdata__Int (9 more) ..."
15:08:47.2 (5116665)|HEAP_ALLOCATE|[23]|Bytes:5
15:08:47.2 (5119870)|STATEMENT_EXECUTE|[22]
15:08:47.2 (5134378)|ENTERING_MANAGED_PKG|
15:08:47.2 (5143643)|STATEMENT_EXECUTE|[24]
15:08:47.2 (5145229)|STATEMENT_EXECUTE|[25]
15:08:47.2 (5160019)|ENTERING_MANAGED_PKG|
15:08:47.2 (5182111)|HEAP_ALLOCATE|[25]|Bytes:29
15:08:47.2 (5194413)|VARIABLE_SCOPE_BEGIN|[25]|relName1|String|false|false
15:08:47.2 (5202057)|VARIABLE_ASSIGNMENT|[25]|relName1|"testautonumdata__Can (9 more) ..."
15:08:47.2 (5204549)|STATEMENT_EXECUTE|[26]
15:08:47.2 (5224795)|ENTERING_MANAGED_PKG|
15:08:47.2 (5260613)|HEAP_ALLOCATE|[26]|Bytes:29
15:08:47.2 (5275903)|VARIABLE_SCOPE_BEGIN|[26]|relField1|String|false|false
15:08:47.2 (5284132)|VARIABLE_ASSIGNMENT|[26]|relField1|"testautonumdata__Ful (9 more) ..."
15:08:47.2 (5298631)|ENTERING_MANAGED_PKG|
15:08:47.2 (5327745)|STATEMENT_EXECUTE|[46]
15:08:47.2 (5332149)|HEAP_ALLOCATE|[48]|Bytes:3
15:08:47.2 (5345067)|ENTERING_MANAGED_PKG|
15:08:47.2 (5371532)|STATEMENT_EXECUTE|[49]
15:08:47.2 (5373552)|STATEMENT_EXECUTE|[51]
15:08:47.2 (5376871)|HEAP_ALLOCATE|[51]|Bytes:3
15:08:47.2 (5394560)|ENTERING_MANAGED_PKG|
15:08:47.2 (5426594)|HEAP_ALLOCATE|[51]|Bytes:29
15:08:47.2 (5439498)|VARIABLE_SCOPE_BEGIN|[51]|objectName1|String|false|false
15:08:47.2 (5447474)|VARIABLE_ASSIGNMENT|[51]|objectName1|"testautonumdata__Can (9 more) ..."
15:08:47.2 (5450023)|STATEMENT_EXECUTE|[52]
15:08:47.2 (5457271)|METHOD_ENTRY|[52]|01pB0000000lA1s|testautonumdata.InterviewsLCServerController.AddFieldToMap(String, String)
15:08:47.2 (5473552)|VARIABLE_SCOPE_BEGIN|[68]|fieldName|String|false|false
15:08:47.2 (5479861)|VARIABLE_ASSIGNMENT|[68]|fieldName|"testautonumdata__Ful (9 more) ..."
15:08:47.2 (5482156)|VARIABLE_SCOPE_BEGIN|[68]|ObjectName|String|false|false
15:08:47.2 (5485393)|VARIABLE_ASSIGNMENT|[68]|ObjectName|"testautonumdata__Can (9 more) ..."
15:08:47.2 (5492003)|HEAP_ALLOCATE|[71]|Bytes:5
15:08:47.2 (5495016)|STATEMENT_EXECUTE|[69]
15:08:47.2 (5506032)|ENTERING_MANAGED_PKG|
15:08:47.2 (5513351)|STATEMENT_EXECUTE|[78]
15:08:47.2 (5514678)|STATEMENT_EXECUTE|[79]
15:08:47.2 (5518615)|HEAP_ALLOCATE|[79]|Bytes:4
15:08:47.2 (5529581)|ENTERING_MANAGED_PKG|
15:08:47.2 (5537114)|VARIABLE_SCOPE_BEGIN|[79]|newFieldSet|Set<String>|true|false
15:08:47.2 (5556357)|VARIABLE_ASSIGNMENT|[79]|newFieldSet|{"s":1,"v":[]}|0x2bb975ba
15:08:47.2 (5559709)|STATEMENT_EXECUTE|[80]
15:08:47.2 (5569574)|ENTERING_MANAGED_PKG|
15:08:47.2 (5575745)|HEAP_ALLOCATE|[EXTERNAL]|Bytes:4
15:08:47.2 (5582833)|STATEMENT_EXECUTE|[81]
15:08:47.2 (5590098)|ENTERING_MANAGED_PKG|
15:08:47.2 (5598086)|HEAP_ALLOCATE|[EXTERNAL]|Bytes:-4
15:08:47.2 (5609749)|METHOD_EXIT|[52]|01pB0000000lA1s|testautonumdata.InterviewsLCServerController.AddFieldToMap(String, String)
15:08:47.2 (5616422)|METHOD_EXIT|[117]|01pB0000000lA1s|testautonumdata.InterviewsLCServerController.AddFieldToObjectsMap(String, String)
15:08:47.2 (5619780)|STATEMENT_EXECUTE|[120]
15:08:47.2 (5621005)|STATEMENT_EXECUTE|[121]
15:08:47.2 (5635563)|ENTERING_MANAGED_PKG|
15:08:47.2 (5659818)|HEAP_ALLOCATE|[121]|Bytes:63
15:08:47.2 (5676083)|HEAP_ALLOCATE|[121]|Bytes:65
15:08:47.2 (5680510)|HEAP_ALLOCATE|[121]|Bytes:166
15:08:47.2 (5693964)|VARIABLE_ASSIGNMENT|[121]|soql|"Select id, testauton (146 more) ..."
15:08:47.2 (5696929)|STATEMENT_EXECUTE|[122]
15:08:47.2 (5706578)|METHOD_ENTRY|[122]|01pB0000000lA1s|testautonumdata.InterviewsLCServerController.AddFieldToObjectsMap(String, String)
15:08:47.2 (5724021)|VARIABLE_SCOPE_BEGIN|[21]|fieldName|String|false|false
15:08:47.2 (5730709)|VARIABLE_ASSIGNMENT|[21]|fieldName|"testautonumdata__Can (43 more) ..."
15:08:47.2 (5732665)|VARIABLE_SCOPE_BEGIN|[21]|initialObjectName|String|false|false
15:08:47.2 (5735917)|VARIABLE_ASSIGNMENT|[21]|initialObjectName|"testautonumdata__Int (9 more) ..."
15:08:47.2 (5742747)|HEAP_ALLOCATE|[23]|Bytes:5
15:08:47.2 (5745900)|STATEMENT_EXECUTE|[22]
15:08:47.2 (5763022)|ENTERING_MANAGED_PKG|
15:08:47.2 (5772614)|STATEMENT_EXECUTE|[24]
15:08:47.2 (5774117)|STATEMENT_EXECUTE|[25]
15:08:47.2 (5782741)|ENTERING_MANAGED_PKG|
15:08:47.2 (5786596)|HEAP_ALLOCATE|[25]|Bytes:29
15:08:47.2 (5795371)|VARIABLE_SCOPE_BEGIN|[25]|relName1|String|false|false
15:08:47.2 (5802804)|VARIABLE_ASSIGNMENT|[25]|relName1|"testautonumdata__Can (9 more) ..."
15:08:47.2 (5804966)|STATEMENT_EXECUTE|[26]
15:08:47.2 (5814674)|ENTERING_MANAGED_PKG|
15:08:47.2 (5818320)|HEAP_ALLOCATE|[26]|Bytes:33
15:08:47.2 (5826720)|VARIABLE_SCOPE_BEGIN|[26]|relField1|String|false|false
15:08:47.2 (5832753)|VARIABLE_ASSIGNMENT|[26]|relField1|"testautonumdata__Pos (13 more) ..."
15:08:47.2 (5842305)|ENTERING_MANAGED_PKG|
15:08:47.2 (5850428)|STATEMENT_EXECUTE|[28]
15:08:47.2 (5851984)|STATEMENT_EXECUTE|[29]
15:08:47.2 (5861443)|ENTERING_MANAGED_PKG|
15:08:47.2 (5881997)|HEAP_ALLOCATE|[29]|Bytes:28
15:08:47.2 (5894014)|VARIABLE_SCOPE_BEGIN|[29]|relName2|String|false|false
15:08:47.2 (5903545)|VARIABLE_ASSIGNMENT|[29]|relName2|"testautonumdata__Pos (8 more) ..."
15:08:47.2 (5906358)|STATEMENT_EXECUTE|[30]
15:08:47.2 (5921052)|ENTERING_MANAGED_PKG|
15:08:47.2 (5941119)|HEAP_ALLOCATE|[30]|Bytes:4
15:08:47.2 (5953214)|VARIABLE_SCOPE_BEGIN|[30]|relField2|String|false|false
15:08:47.2 (5959763)|VARIABLE_ASSIGNMENT|[30]|relField2|"Name"
15:08:47.2 (5972733)|ENTERING_MANAGED_PKG|
15:08:47.2 (5999431)|STATEMENT_EXECUTE|[34]
15:08:47.2 (6001517)|STATEMENT_EXECUTE|[36]
15:08:47.2 (6014302)|ENTERING_MANAGED_PKG|
15:08:47.2 (6038155)|HEAP_ALLOCATE|[36]|Bytes:28
15:08:47.2 (6050694)|VARIABLE_SCOPE_BEGIN|[36]|objectName2|String|false|false
15:08:47.2 (6058103)|VARIABLE_ASSIGNMENT|[36]|objectName2|"testautonumdata__Pos (8 more) ..."
15:08:47.2 (6060566)|STATEMENT_EXECUTE|[37]
15:08:47.2 (6067411)|METHOD_ENTRY|[37]|01pB0000000lA1s|testautonumdata.InterviewsLCServerController.AddFieldToMap(String, String)
15:08:47.2 (6083295)|VARIABLE_SCOPE_BEGIN|[68]|fieldName|String|false|false
15:08:47.2 (6088566)|VARIABLE_ASSIGNMENT|[68]|fieldName|"Name"
15:08:47.2 (6090245)|VARIABLE_SCOPE_BEGIN|[68]|ObjectName|String|false|false
15:08:47.2 (6093715)|VARIABLE_ASSIGNMENT|[68]|ObjectName|"testautonumdata__Pos (8 more) ..."
15:08:47.2 (6100101)|HEAP_ALLOCATE|[71]|Bytes:5
15:08:47.2 (6103145)|STATEMENT_EXECUTE|[69]
15:08:47.2 (6114335)|ENTERING_MANAGED_PKG|
15:08:47.2 (6121778)|STATEMENT_EXECUTE|[78]
15:08:47.2 (6123161)|STATEMENT_EXECUTE|[79]
15:08:47.2 (6127282)|HEAP_ALLOCATE|[79]|Bytes:4
15:08:47.2 (6138003)|ENTERING_MANAGED_PKG|
15:08:47.2 (6145614)|VARIABLE_SCOPE_BEGIN|[79]|newFieldSet|Set<String>|true|false
15:08:47.2 (6164140)|VARIABLE_ASSIGNMENT|[79]|newFieldSet|{"s":1,"v":[]}|0x1c242b7d
15:08:47.2 (6167223)|STATEMENT_EXECUTE|[80]
15:08:47.2 (6176649)|ENTERING_MANAGED_PKG|
15:08:47.2 (6182979)|HEAP_ALLOCATE|[EXTERNAL]|Bytes:4
15:08:47.2 (6189741)|STATEMENT_EXECUTE|[81]
15:08:47.2 (6196957)|ENTERING_MANAGED_PKG|
15:08:47.2 (6205118)|HEAP_ALLOCATE|[EXTERNAL]|Bytes:-4
15:08:47.2 (6216486)|METHOD_EXIT|[37]|01pB0000000lA1s|testautonumdata.InterviewsLCServerController.AddFieldToMap(String, String)
15:08:47.2 (6222809)|METHOD_EXIT|[122]|01pB0000000lA1s|testautonumdata.InterviewsLCServerController.AddFieldToObjectsMap(String, String)
15:08:47.2 (6226323)|STATEMENT_EXECUTE|[125]
15:08:47.2 (6227539)|STATEMENT_EXECUTE|[126]
15:08:47.2 (6241718)|ENTERING_MANAGED_PKG|
15:08:47.2 (6265456)|HEAP_ALLOCATE|[126]|Bytes:24
15:08:47.2 (6281251)|HEAP_ALLOCATE|[126]|Bytes:26
15:08:47.2 (6285582)|HEAP_ALLOCATE|[126]|Bytes:192
15:08:47.2 (6294269)|VARIABLE_ASSIGNMENT|[126]|soql|"Select id, testauton (172 more) ..."
15:08:47.2 (6296947)|STATEMENT_EXECUTE|[127]
15:08:47.2 (6303900)|METHOD_ENTRY|[127]|01pB0000000lA1s|testautonumdata.InterviewsLCServerController.AddFieldToObjectsMap(String, String)
15:08:47.2 (6320450)|VARIABLE_SCOPE_BEGIN|[21]|fieldName|String|false|false
15:08:47.2 (6327268)|VARIABLE_ASSIGNMENT|[21]|fieldName|"testautonumdata__Dat (4 more) ..."
15:08:47.2 (6329143)|VARIABLE_SCOPE_BEGIN|[21]|initialObjectName|String|false|false
15:08:47.2 (6332370)|VARIABLE_ASSIGNMENT|[21]|initialObjectName|"testautonumdata__Int (9 more) ..."
15:08:47.2 (6338975)|HEAP_ALLOCATE|[23]|Bytes:5
15:08:47.2 (6342108)|STATEMENT_EXECUTE|[22]
15:08:47.2 (6356430)|ENTERING_MANAGED_PKG|
15:08:47.2 (6365747)|STATEMENT_EXECUTE|[64]
15:08:47.2 (6371272)|METHOD_ENTRY|[64]|01pB0000000lA1s|testautonumdata.InterviewsLCServerController.AddFieldToMap(String, String)
15:08:47.2 (6374890)|VARIABLE_SCOPE_BEGIN|[68]|fieldName|String|false|false
15:08:47.2 (6380709)|VARIABLE_ASSIGNMENT|[68]|fieldName|"testautonumdata__Dat (4 more) ..."
15:08:47.2 (6382380)|VARIABLE_SCOPE_BEGIN|[68]|ObjectName|String|false|false
15:08:47.2 (6385784)|VARIABLE_ASSIGNMENT|[68]|ObjectName|"testautonumdata__Int (9 more) ..."
15:08:47.2 (6390720)|HEAP_ALLOCATE|[71]|Bytes:5
15:08:47.2 (6393299)|STATEMENT_EXECUTE|[69]
15:08:47.2 (6402467)|ENTERING_MANAGED_PKG|
15:08:47.2 (6409043)|STATEMENT_EXECUTE|[72]
15:08:47.2 (6410563)|STATEMENT_EXECUTE|[73]
15:08:47.2 (6416228)|ENTERING_MANAGED_PKG|
15:08:47.2 (6427324)|VARIABLE_SCOPE_BEGIN|[73]|existingFieldSet|Set<String>|true|false
15:08:47.2 (6443784)|VARIABLE_ASSIGNMENT|[73]|existingFieldSet|{"s":1,"v":["Id","testautonumdata__Can (9 more) ..."]}|0x14e479c1
15:08:47.2 (6446948)|STATEMENT_EXECUTE|[74]
15:08:47.2 (6456057)|ENTERING_MANAGED_PKG|
15:08:47.2 (6462364)|HEAP_ALLOCATE|[EXTERNAL]|Bytes:4
15:08:47.2 (6469143)|STATEMENT_EXECUTE|[75]
15:08:47.2 (6476190)|ENTERING_MANAGED_PKG|
15:08:47.2 (6495953)|METHOD_EXIT|[64]|01pB0000000lA1s|testautonumdata.InterviewsLCServerController.AddFieldToMap(String, String)
15:08:47.2 (6502510)|METHOD_EXIT|[127]|01pB0000000lA1s|testautonumdata.InterviewsLCServerController.AddFieldToObjectsMap(String, String)
15:08:47.2 (6506168)|STATEMENT_EXECUTE|[130]
15:08:47.2 (6507435)|STATEMENT_EXECUTE|[131]
15:08:47.2 (6521446)|ENTERING_MANAGED_PKG|
15:08:47.2 (6544991)|HEAP_ALLOCATE|[131]|Bytes:34
15:08:47.2 (6560879)|HEAP_ALLOCATE|[131]|Bytes:36
15:08:47.2 (6565310)|HEAP_ALLOCATE|[131]|Bytes:228
15:08:47.2 (6573542)|VARIABLE_ASSIGNMENT|[131]|soql|"Select id, testauton (208 more) ..."
15:08:47.2 (6576165)|STATEMENT_EXECUTE|[132]
15:08:47.2 (6582553)|METHOD_ENTRY|[132]|01pB0000000lA1s|testautonumdata.InterviewsLCServerController.AddFieldToObjectsMap(String, String)
15:08:47.2 (6598577)|VARIABLE_SCOPE_BEGIN|[21]|fieldName|String|false|false
15:08:47.2 (6605502)|VARIABLE_ASSIGNMENT|[21]|fieldName|"testautonumdata__Int (14 more) ..."
15:08:47.2 (6607353)|VARIABLE_SCOPE_BEGIN|[21]|initialObjectName|String|false|false
15:08:47.2 (6610533)|VARIABLE_ASSIGNMENT|[21]|initialObjectName|"testautonumdata__Int (9 more) ..."
15:08:47.2 (6617060)|HEAP_ALLOCATE|[23]|Bytes:5
15:08:47.2 (6620130)|STATEMENT_EXECUTE|[22]
15:08:47.2 (6634618)|ENTERING_MANAGED_PKG|
15:08:47.2 (6643657)|STATEMENT_EXECUTE|[64]
15:08:47.2 (6649049)|METHOD_ENTRY|[64]|01pB0000000lA1s|testautonumdata.InterviewsLCServerController.AddFieldToMap(String, String)
15:08:47.2 (6652753)|VARIABLE_SCOPE_BEGIN|[68]|fieldName|String|false|false
15:08:47.2 (6658625)|VARIABLE_ASSIGNMENT|[68]|fieldName|"testautonumdata__Int (14 more) ..."
15:08:47.2 (6660310)|VARIABLE_SCOPE_BEGIN|[68]|ObjectName|String|false|false
15:08:47.2 (6663528)|VARIABLE_ASSIGNMENT|[68]|ObjectName|"testautonumdata__Int (9 more) ..."
15:08:47.2 (6668460)|HEAP_ALLOCATE|[71]|Bytes:5
15:08:47.2 (6670972)|STATEMENT_EXECUTE|[69]
15:08:47.2 (6679951)|ENTERING_MANAGED_PKG|
15:08:47.2 (6686633)|STATEMENT_EXECUTE|[72]
15:08:47.2 (6691741)|STATEMENT_EXECUTE|[73]
15:08:47.2 (6698215)|ENTERING_MANAGED_PKG|
15:08:47.2 (6709534)|VARIABLE_SCOPE_BEGIN|[73]|existingFieldSet|Set<String>|true|false
15:08:47.2 (6726519)|VARIABLE_ASSIGNMENT|[73]|existingFieldSet|{"s":1,"v":["Id","testautonumdata__Can (9 more) ...","testautonumdata__Dat (4 more) ..."]}|0x14e479c1
15:08:47.2 (6729985)|STATEMENT_EXECUTE|[74]
15:08:47.2 (6739084)|ENTERING_MANAGED_PKG|
15:08:47.2 (6745384)|HEAP_ALLOCATE|[EXTERNAL]|Bytes:4
15:08:47.2 (6752251)|STATEMENT_EXECUTE|[75]
15:08:47.2 (6759482)|ENTERING_MANAGED_PKG|
15:08:47.2 (6778998)|METHOD_EXIT|[64]|01pB0000000lA1s|testautonumdata.InterviewsLCServerController.AddFieldToMap(String, String)
15:08:47.2 (6785196)|METHOD_EXIT|[132]|01pB0000000lA1s|testautonumdata.InterviewsLCServerController.AddFieldToObjectsMap(String, String)
15:08:47.2 (6788202)|STATEMENT_EXECUTE|[135]
15:08:47.2 (6792147)|HEAP_ALLOCATE|[135]|Bytes:6
15:08:47.2 (6807301)|ENTERING_MANAGED_PKG|
15:08:47.2 (6831188)|HEAP_ALLOCATE|[135]|Bytes:29
15:08:47.2 (6846799)|HEAP_ALLOCATE|[135]|Bytes:35
15:08:47.2 (6851119)|HEAP_ALLOCATE|[135]|Bytes:263
15:08:47.2 (6859354)|VARIABLE_ASSIGNMENT|[135]|soql|"Select id, testauton (243 more) ..."
15:08:47.2 (6867427)|STATEMENT_EXECUTE|[139]
15:08:47.2 (6868816)|STATEMENT_EXECUTE|[140]
15:08:47.2 (6871539)|HEAP_ALLOCATE|[140]|Bytes:7
15:08:47.2 (6886138)|ENTERING_MANAGED_PKG|
15:08:47.2 (6911592)|HEAP_ALLOCATE|[140]|Bytes:26
15:08:47.2 (6925966)|HEAP_ALLOCATE|[140]|Bytes:4
15:08:47.2 (6938583)|ENTERING_MANAGED_PKG|
15:08:47.2 (6944156)|HEAP_ALLOCATE|[140]|Bytes:7
15:08:47.2 (6953869)|HEAP_ALLOCATE|[140]|Bytes:1
15:08:47.2 (6967427)|HEAP_ALLOCATE|[140]|Bytes:45
15:08:47.2 (6972229)|HEAP_ALLOCATE|[140]|Bytes:308
15:08:47.2 (6980372)|VARIABLE_ASSIGNMENT|[140]|soql|"Select id, testauton (288 more) ..."
15:08:47.2 (6982899)|STATEMENT_EXECUTE|[141]
15:08:47.2 (6989893)|METHOD_ENTRY|[141]|01pB0000000lA1s|testautonumdata.InterviewsLCServerController.AddFieldToObjectsMap(String, String)
15:08:47.2 (7006384)|VARIABLE_SCOPE_BEGIN|[21]|fieldName|String|false|false
15:08:47.2 (7013684)|VARIABLE_ASSIGNMENT|[21]|fieldName|"testautonumdata__Sta (6 more) ..."
15:08:47.2 (7015604)|VARIABLE_SCOPE_BEGIN|[21]|initialObjectName|String|false|false
15:08:47.2 (7018951)|VARIABLE_ASSIGNMENT|[21]|initialObjectName|"testautonumdata__Int (9 more) ..."
15:08:47.2 (7025251)|HEAP_ALLOCATE|[23]|Bytes:5
15:08:47.2 (7028285)|STATEMENT_EXECUTE|[22]
15:08:47.2 (7042325)|ENTERING_MANAGED_PKG|
15:08:47.2 (7051342)|STATEMENT_EXECUTE|[64]
15:08:47.2 (7056961)|METHOD_ENTRY|[64]|01pB0000000lA1s|testautonumdata.InterviewsLCServerController.AddFieldToMap(String, String)
15:08:47.2 (7060386)|VARIABLE_SCOPE_BEGIN|[68]|fieldName|String|false|false
15:08:47.2 (7066265)|VARIABLE_ASSIGNMENT|[68]|fieldName|"testautonumdata__Sta (6 more) ..."
15:08:47.2 (7067905)|VARIABLE_SCOPE_BEGIN|[68]|ObjectName|String|false|false
15:08:47.2 (7070947)|VARIABLE_ASSIGNMENT|[68]|ObjectName|"testautonumdata__Int (9 more) ..."
15:08:47.2 (7076054)|HEAP_ALLOCATE|[71]|Bytes:5
15:08:47.2 (7078486)|STATEMENT_EXECUTE|[69]
15:08:47.2 (7087411)|ENTERING_MANAGED_PKG|
15:08:47.2 (7094287)|STATEMENT_EXECUTE|[72]
15:08:47.2 (7095564)|STATEMENT_EXECUTE|[73]
15:08:47.2 (7101112)|ENTERING_MANAGED_PKG|
15:08:47.2 (7111532)|VARIABLE_SCOPE_BEGIN|[73]|existingFieldSet|Set<String>|true|false
15:08:47.2 (7128952)|VARIABLE_ASSIGNMENT|[73]|existingFieldSet|{"s":1,"v":["Id","testautonumdata__Can (9 more) ...","testautonumdata__Dat (4 more) ...","testautonumdata__Int (14 more) ..."]}|0x14e479c1
15:08:47.2 (7132411)|STATEMENT_EXECUTE|[74]
15:08:47.2 (7141563)|ENTERING_MANAGED_PKG|
15:08:47.2 (7147725)|HEAP_ALLOCATE|[EXTERNAL]|Bytes:4
15:08:47.2 (7154592)|STATEMENT_EXECUTE|[75]
15:08:47.2 (7161715)|ENTERING_MANAGED_PKG|
15:08:47.2 (7181322)|METHOD_EXIT|[64]|01pB0000000lA1s|testautonumdata.InterviewsLCServerController.AddFieldToMap(String, String)
15:08:47.2 (7187519)|METHOD_EXIT|[141]|01pB0000000lA1s|testautonumdata.InterviewsLCServerController.AddFieldToObjectsMap(String, String)
15:08:47.2 (7192521)|STATEMENT_EXECUTE|[145]
15:08:47.2 (7193875)|STATEMENT_EXECUTE|[146]
15:08:47.2 (7197375)|HEAP_ALLOCATE|[146]|Bytes:10
15:08:47.2 (7212090)|ENTERING_MANAGED_PKG|
15:08:47.2 (7235652)|HEAP_ALLOCATE|[146]|Bytes:63
15:08:47.2 (7248161)|HEAP_ALLOCATE|[146]|Bytes:1
15:08:47.2 (7260661)|ENTERING_MANAGED_PKG|
15:08:47.2 (7266233)|HEAP_ALLOCATE|[146]|Bytes:4
15:08:47.2 (7282488)|HEAP_ALLOCATE|[146]|Bytes:78
15:08:47.2 (7287592)|HEAP_ALLOCATE|[146]|Bytes:386
15:08:47.2 (7295878)|VARIABLE_ASSIGNMENT|[146]|soql|"Select id, testauton (366 more) ..."
15:08:47.2 (7298317)|STATEMENT_EXECUTE|[147]
15:08:47.2 (7304976)|METHOD_ENTRY|[147]|01pB0000000lA1s|testautonumdata.InterviewsLCServerController.AddFieldToObjectsMap(String, String)
15:08:47.2 (7321493)|VARIABLE_SCOPE_BEGIN|[21]|fieldName|String|false|false
15:08:47.2 (7328078)|VARIABLE_ASSIGNMENT|[21]|fieldName|"testautonumdata__Can (43 more) ..."
15:08:47.2 (7329850)|VARIABLE_SCOPE_BEGIN|[21]|initialObjectName|String|false|false
15:08:47.2 (7333082)|VARIABLE_ASSIGNMENT|[21]|initialObjectName|"testautonumdata__Int (9 more) ..."
15:08:47.2 (7339290)|HEAP_ALLOCATE|[23]|Bytes:5
15:08:47.2 (7342153)|STATEMENT_EXECUTE|[22]
15:08:47.2 (7355774)|ENTERING_MANAGED_PKG|
15:08:47.2 (7364537)|STATEMENT_EXECUTE|[24]
15:08:47.2 (7365997)|STATEMENT_EXECUTE|[25]
15:08:47.2 (7374294)|ENTERING_MANAGED_PKG|
15:08:47.2 (7377856)|HEAP_ALLOCATE|[25]|Bytes:29
15:08:47.2 (7386173)|VARIABLE_SCOPE_BEGIN|[25]|relName1|String|false|false
15:08:47.2 (7392814)|VARIABLE_ASSIGNMENT|[25]|relName1|"testautonumdata__Can (9 more) ..."
15:08:47.2 (7394933)|STATEMENT_EXECUTE|[26]
15:08:47.2 (7404644)|ENTERING_MANAGED_PKG|
15:08:47.2 (7408215)|HEAP_ALLOCATE|[26]|Bytes:33
15:08:47.2 (7416586)|VARIABLE_SCOPE_BEGIN|[26]|relField1|String|false|false
15:08:47.2 (7422562)|VARIABLE_ASSIGNMENT|[26]|relField1|"testautonumdata__Pos (13 more) ..."
15:08:47.2 (7432240)|ENTERING_MANAGED_PKG|
15:08:47.2 (7443335)|STATEMENT_EXECUTE|[28]
15:08:47.2 (7444901)|STATEMENT_EXECUTE|[29]
15:08:47.2 (7453542)|ENTERING_MANAGED_PKG|
15:08:47.2 (7457099)|HEAP_ALLOCATE|[29]|Bytes:28
15:08:47.2 (7465659)|VARIABLE_SCOPE_BEGIN|[29]|relName2|String|false|false
15:08:47.2 (7472063)|VARIABLE_ASSIGNMENT|[29]|relName2|"testautonumdata__Pos (8 more) ..."
15:08:47.2 (7474086)|STATEMENT_EXECUTE|[30]
15:08:47.2 (7483508)|ENTERING_MANAGED_PKG|
15:08:47.2 (7487017)|HEAP_ALLOCATE|[30]|Bytes:4
15:08:47.2 (7495346)|VARIABLE_SCOPE_BEGIN|[30]|relField2|String|false|false
15:08:47.2 (7500125)|VARIABLE_ASSIGNMENT|[30]|relField2|"Name"
15:08:47.2 (7509669)|ENTERING_MANAGED_PKG|
15:08:47.2 (7517678)|STATEMENT_EXECUTE|[34]
15:08:47.2 (7519105)|STATEMENT_EXECUTE|[36]
15:08:47.2 (7527343)|ENTERING_MANAGED_PKG|
15:08:47.2 (7535109)|HEAP_ALLOCATE|[36]|Bytes:28
15:08:47.2 (7544338)|VARIABLE_SCOPE_BEGIN|[36]|objectName2|String|false|false
15:08:47.2 (7550824)|VARIABLE_ASSIGNMENT|[36]|objectName2|"testautonumdata__Pos (8 more) ..."
15:08:47.2 (7553030)|STATEMENT_EXECUTE|[37]
15:08:47.2 (7558502)|METHOD_ENTRY|[37]|01pB0000000lA1s|testautonumdata.InterviewsLCServerController.AddFieldToMap(String, String)
15:08:47.2 (7562403)|VARIABLE_SCOPE_BEGIN|[68]|fieldName|String|false|false
15:08:47.2 (7565709)|VARIABLE_ASSIGNMENT|[68]|fieldName|"Name"
15:08:47.2 (7567477)|VARIABLE_SCOPE_BEGIN|[68]|ObjectName|String|false|false
15:08:47.2 (7570783)|VARIABLE_ASSIGNMENT|[68]|ObjectName|"testautonumdata__Pos (8 more) ..."
15:08:47.2 (7575919)|HEAP_ALLOCATE|[71]|Bytes:5
15:08:47.2 (7578363)|STATEMENT_EXECUTE|[69]
15:08:47.2 (7587385)|ENTERING_MANAGED_PKG|
15:08:47.2 (7594324)|STATEMENT_EXECUTE|[72]
15:08:47.2 (7595664)|STATEMENT_EXECUTE|[73]
15:08:47.2 (7601159)|ENTERING_MANAGED_PKG|
15:08:47.2 (7611809)|VARIABLE_SCOPE_BEGIN|[73]|existingFieldSet|Set<String>|true|false
15:08:47.2 (7625980)|VARIABLE_ASSIGNMENT|[73]|existingFieldSet|{"s":1,"v":["Name"]}|0x1c242b7d
15:08:47.2 (7628923)|STATEMENT_EXECUTE|[74]
15:08:47.2 (7637632)|ENTERING_MANAGED_PKG|
15:08:47.2 (7643709)|HEAP_ALLOCATE|[EXTERNAL]|Bytes:4
15:08:47.2 (7650097)|STATEMENT_EXECUTE|[75]
15:08:47.2 (7657112)|ENTERING_MANAGED_PKG|
15:08:47.2 (7676574)|METHOD_EXIT|[37]|01pB0000000lA1s|testautonumdata.InterviewsLCServerController.AddFieldToMap(String, String)
15:08:47.2 (7682817)|METHOD_EXIT|[147]|01pB0000000lA1s|testautonumdata.InterviewsLCServerController.AddFieldToObjectsMap(String, String)
15:08:47.2 (7685787)|STATEMENT_EXECUTE|[150]
15:08:47.2 (7693484)|HEAP_ALLOCATE|[150]|Bytes:7
15:08:47.2 (7708944)|ENTERING_MANAGED_PKG|
15:08:47.2 (7733625)|HEAP_ALLOCATE|[150]|Bytes:1
15:08:47.2 (7749047)|HEAP_ALLOCATE|[150]|Bytes:8
15:08:47.2 (7753257)|HEAP_ALLOCATE|[150]|Bytes:394
15:08:47.2 (7761444)|VARIABLE_ASSIGNMENT|[150]|soql|"Select id, testauton (374 more) ..."
15:08:47.2 (7763943)|STATEMENT_EXECUTE|[154]
15:08:47.2 (7766729)|HEAP_ALLOCATE|[154]|Bytes:15
15:08:47.2 (7771347)|HEAP_ALLOCATE|[154]|Bytes:409
15:08:47.2 (7785221)|ENTERING_MANAGED_PKG|
15:08:47.2 (7806684)|USER_DEBUG|[154]|DEBUG|######## soql: Select id, testautonumdata__Candidate__c, testautonumdata__Candidate__r.testautonumdata__Full_Name__c, testautonumdata__Candidate__r.testautonumdata__Position__r.Name, testautonumdata__Date__c, testautonumdata__Interview_Type__c FROM testautonumdata__Interview__c where testautonumdata__Status__c = 'Pending' order by testautonumdata__Candidate__r.testautonumdata__Position__r.Name desc limit 8
15:08:47.2 (7826327)|ENTERING_MANAGED_PKG|
15:08:47.2 (7856039)|STATEMENT_EXECUTE|[162]
15:08:47.2 (7858132)|STATEMENT_EXECUTE|[163]
15:08:47.2 (7862130)|HEAP_ALLOCATE|[163]|Bytes:27
15:08:47.2 (7880494)|ENTERING_MANAGED_PKG|
15:08:47.2 (7923069)|HEAP_ALLOCATE|[163]|Bytes:257
15:08:47.2 (7939707)|HEAP_ALLOCATE|[163]|Bytes:284
15:08:47.2 (7953181)|ENTERING_MANAGED_PKG|
15:08:47.2 (7959988)|USER_DEBUG|[163]|DEBUG|######## mapObjectsFields: {testautonumdata__Candidate__c={testautonumdata__Full_Name__c}, testautonumdata__Interview__c={Id, testautonumdata__Candidate__c, testautonumdata__Date__c, testautonumdata__Interview_Type__c, testautonumdata__Status__c}, testautonumdata__Position__c={Name}}
15:08:47.2 (7975344)|HEAP_ALLOCATE|[164]|Bytes:4
15:08:47.2 (7991340)|ENTERING_MANAGED_PKG|
15:08:47.2 (8023030)|ENTERING_MANAGED_PKG|
15:08:47.2 (8039705)|HEAP_ALLOCATE|[164]|Bytes:102
15:08:47.2 (8055140)|ENTERING_MANAGED_PKG|
15:08:47.2 (8061298)|HEAP_ALLOCATE|[164]|Bytes:12
15:08:47.2 (8070590)|ENTERING_MANAGED_PKG|
15:08:47.2 (8140792)|HEAP_ALLOCATE|[164]|Bytes:5
15:08:47.2 (8164347)|VARIABLE_SCOPE_BEGIN|[164]|objectName|String|false|false
15:08:47.2 (8173823)|VARIABLE_ASSIGNMENT|[164]|objectName|"testautonumdata__Int (9 more) ..."
15:08:47.2 (8177189)|STATEMENT_EXECUTE|[165]
15:08:47.2 (8178409)|STATEMENT_EXECUTE|[166]
15:08:47.2 (8181666)|HEAP_ALLOCATE|[166]|Bytes:21
15:08:47.2 (8188555)|HEAP_ALLOCATE|[166]|Bytes:50
15:08:47.2 (8201994)|ENTERING_MANAGED_PKG|
15:08:47.2 (8223506)|USER_DEBUG|[166]|DEBUG|######## objectName: testautonumdata__Interview__c
15:08:47.2 (8231155)|STATEMENT_EXECUTE|[167]
15:08:47.2 (8251165)|ENTERING_MANAGED_PKG|
15:08:47.2 (22755659)|HEAP_ALLOCATE|[167]|Bytes:1764
15:08:47.2 (22796022)|ENTERING_MANAGED_PKG|
15:08:47.2 (22913897)|HEAP_ALLOCATE|[167]|Bytes:4
15:08:47.2 (22927058)|VARIABLE_SCOPE_BEGIN|[167]|sObj|SObject|true|false
15:08:47.2 (22946812)|VARIABLE_ASSIGNMENT|[167]|sObj|{}|0x48ca6989
15:08:47.2 (22950376)|STATEMENT_EXECUTE|[168]
15:08:47.2 (22986470)|ENTERING_MANAGED_PKG|
15:08:47.2 (23344242)|HEAP_ALLOCATE|[168]|Bytes:4
15:08:47.2 (23844455)|HEAP_ALLOCATE|[168]|Bytes:80
15:08:47.2 (23856846)|VARIABLE_SCOPE_BEGIN|[168]|m|Map<String,Schema.SObjectField>|true|false
15:08:47.2 (24098106)|VARIABLE_ASSIGNMENT|[168]|m|"{createdbyid=CreatedById, createddate=CreatedDate, id=Id, isdeleted=IsDeleted, lastactivitydate=LastActivityDate, lastmodifiedbyid=LastModifiedById, lastmodifieddate=LastModifiedDate, lastreferenceddate=LastReferencedDate, lastvieweddate=LastViewedDate, name=Name, ...}"|0x1fa96429
15:08:47.2 (24105659)|STATEMENT_EXECUTE|[169]
15:08:47.2 (24123962)|ENTERING_MANAGED_PKG|
15:08:47.2 (24166988)|VARIABLE_SCOPE_BEGIN|[169]|objectFieldSet|Set<String>|true|false
15:08:47.2 (24191783)|VARIABLE_ASSIGNMENT|[169]|objectFieldSet|{"s":1,"v":["Id","testautonumdata__Can (9 more) ...","testautonumdata__Dat (4 more) ...","testautonumdata__Int (14 more) ...","testautonumdata__Sta (6 more) ..."]}|0x14e479c1
15:08:47.2 (24201664)|HEAP_ALLOCATE|[171]|Bytes:4
15:08:47.2 (24218941)|ENTERING_MANAGED_PKG|
15:08:47.2 (24252369)|ENTERING_MANAGED_PKG|
15:08:47.2 (24258946)|HEAP_ALLOCATE|[171]|Bytes:20
15:08:47.2 (24269151)|ENTERING_MANAGED_PKG|
15:08:47.2 (24289932)|HEAP_ALLOCATE|[171]|Bytes:5
15:08:47.2 (24309686)|VARIABLE_SCOPE_BEGIN|[171]|fieldToCheck|String|false|false
15:08:47.2 (24317491)|VARIABLE_ASSIGNMENT|[171]|fieldToCheck|"Id"
15:08:47.2 (24320661)|STATEMENT_EXECUTE|[171]
15:08:47.2 (24322110)|STATEMENT_EXECUTE|[172]
15:08:47.2 (24325772)|HEAP_ALLOCATE|[172]|Bytes:23
15:08:47.2 (24333428)|HEAP_ALLOCATE|[172]|Bytes:25
15:08:47.2 (24349443)|ENTERING_MANAGED_PKG|
15:08:47.2 (24374490)|USER_DEBUG|[172]|DEBUG|######## fieldToCheck: Id
15:08:47.2 (24393116)|ENTERING_MANAGED_PKG|
15:08:47.2 (24687237)|HEAP_ALLOCATE|[174]|Bytes:8
15:08:47.2 (24722317)|STATEMENT_EXECUTE|[174]
15:08:47.2 (24724904)|STATEMENT_EXECUTE|[182]
15:08:47.2 (24728407)|HEAP_ALLOCATE|[182]|Bytes:35
15:08:47.2 (24736461)|HEAP_ALLOCATE|[182]|Bytes:37
15:08:47.2 (24751632)|ENTERING_MANAGED_PKG|
15:08:47.2 (24774648)|USER_DEBUG|[182]|DEBUG|######## User has access to field: Id
15:08:47.2 (24791426)|HEAP_ALLOCATE|[171]|Bytes:5
15:08:47.2 (24804749)|VARIABLE_SCOPE_BEGIN|[171]|fieldToCheck|String|false|false
15:08:47.2 (24814640)|VARIABLE_ASSIGNMENT|[171]|fieldToCheck|"testautonumdata__Can (9 more) ..."
15:08:47.2 (24817606)|STATEMENT_EXECUTE|[171]
15:08:47.2 (24818810)|STATEMENT_EXECUTE|[172]
15:08:47.2 (24824470)|HEAP_ALLOCATE|[172]|Bytes:52
15:08:47.2 (24836275)|ENTERING_MANAGED_PKG|
15:08:47.2 (24842450)|USER_DEBUG|[172]|DEBUG|######## fieldToCheck: testautonumdata__Candidate__c
15:08:47.2 (24853744)|ENTERING_MANAGED_PKG|
15:08:47.2 (25105885)|HEAP_ALLOCATE|[174]|Bytes:8
15:08:47.2 (25123030)|STATEMENT_EXECUTE|[174]
15:08:47.2 (25125139)|STATEMENT_EXECUTE|[182]
15:08:47.2 (25131295)|HEAP_ALLOCATE|[182]|Bytes:64
15:08:47.2 (25144153)|ENTERING_MANAGED_PKG|
15:08:47.2 (25151416)|USER_DEBUG|[182]|DEBUG|######## User has access to field: testautonumdata__Candidate__c
15:08:47.2 (25165559)|HEAP_ALLOCATE|[171]|Bytes:5
15:08:47.2 (25178611)|VARIABLE_SCOPE_BEGIN|[171]|fieldToCheck|String|false|false
15:08:47.2 (25187763)|VARIABLE_ASSIGNMENT|[171]|fieldToCheck|"testautonumdata__Dat (4 more) ..."
15:08:47.2 (25190761)|STATEMENT_EXECUTE|[171]
15:08:47.2 (25191957)|STATEMENT_EXECUTE|[172]
15:08:47.2 (25197350)|HEAP_ALLOCATE|[172]|Bytes:47
15:08:47.2 (25209071)|ENTERING_MANAGED_PKG|
15:08:47.2 (25218197)|USER_DEBUG|[172]|DEBUG|######## fieldToCheck: testautonumdata__Date__c
15:08:47.2 (25239457)|ENTERING_MANAGED_PKG|
15:08:47.2 (26132903)|HEAP_ALLOCATE|[174]|Bytes:8
15:08:47.2 (26158274)|STATEMENT_EXECUTE|[174]
15:08:47.2 (26162148)|STATEMENT_EXECUTE|[182]
15:08:47.2 (26171207)|HEAP_ALLOCATE|[182]|Bytes:59
15:08:47.2 (26186507)|ENTERING_MANAGED_PKG|
15:08:47.2 (26194225)|USER_DEBUG|[182]|DEBUG|######## User has access to field: testautonumdata__Date__c
15:08:47.2 (26209193)|HEAP_ALLOCATE|[171]|Bytes:5
15:08:47.2 (26222547)|VARIABLE_SCOPE_BEGIN|[171]|fieldToCheck|String|false|false
15:08:47.2 (26232162)|VARIABLE_ASSIGNMENT|[171]|fieldToCheck|"testautonumdata__Int (14 more) ..."
15:08:47.2 (26235077)|STATEMENT_EXECUTE|[171]
15:08:47.2 (26236271)|STATEMENT_EXECUTE|[172]
15:08:47.2 (26241816)|HEAP_ALLOCATE|[172]|Bytes:57
15:08:47.2 (26253270)|ENTERING_MANAGED_PKG|
15:08:47.2 (26259512)|USER_DEBUG|[172]|DEBUG|######## fieldToCheck: testautonumdata__Interview_Type__c
15:08:47.2 (26270682)|ENTERING_MANAGED_PKG|
15:08:47.2 (26441103)|HEAP_ALLOCATE|[174]|Bytes:8
15:08:47.2 (26456853)|STATEMENT_EXECUTE|[174]
15:08:47.2 (26458733)|STATEMENT_EXECUTE|[182]
15:08:47.2 (26464677)|HEAP_ALLOCATE|[182]|Bytes:69
15:08:47.2 (26476595)|ENTERING_MANAGED_PKG|
15:08:47.2 (26483678)|USER_DEBUG|[182]|DEBUG|######## User has access to field: testautonumdata__Interview_Type__c
15:08:47.2 (26497213)|HEAP_ALLOCATE|[171]|Bytes:5
15:08:47.2 (26509738)|VARIABLE_SCOPE_BEGIN|[171]|fieldToCheck|String|false|false
15:08:47.2 (26518874)|VARIABLE_ASSIGNMENT|[171]|fieldToCheck|"testautonumdata__Sta (6 more) ..."
15:08:47.2 (26521571)|STATEMENT_EXECUTE|[171]
15:08:47.2 (26522678)|STATEMENT_EXECUTE|[172]
15:08:47.2 (26527938)|HEAP_ALLOCATE|[172]|Bytes:49
15:08:47.2 (26538742)|ENTERING_MANAGED_PKG|
15:08:47.2 (26544618)|USER_DEBUG|[172]|DEBUG|######## fieldToCheck: testautonumdata__Status__c
15:08:47.2 (26555995)|ENTERING_MANAGED_PKG|
15:08:47.2 (26715787)|HEAP_ALLOCATE|[174]|Bytes:8
15:08:47.2 (26731455)|STATEMENT_EXECUTE|[174]
15:08:47.2 (26733337)|STATEMENT_EXECUTE|[182]
15:08:47.2 (26739294)|HEAP_ALLOCATE|[182]|Bytes:61
15:08:47.2 (26751326)|ENTERING_MANAGED_PKG|
15:08:47.2 (26758261)|USER_DEBUG|[182]|DEBUG|######## User has access to field: testautonumdata__Status__c
15:08:47.2 (26771634)|HEAP_ALLOCATE|[171]|Bytes:5
15:08:47.2 (26785701)|VARIABLE_ASSIGNMENT|[171]|fieldToCheck|null
15:08:47.2 (26795562)|HEAP_ALLOCATE|[164]|Bytes:5
15:08:47.2 (26806532)|VARIABLE_SCOPE_BEGIN|[164]|objectName|String|false|false
15:08:47.2 (26815011)|VARIABLE_ASSIGNMENT|[164]|objectName|"testautonumdata__Can (9 more) ..."
15:08:47.2 (26817741)|STATEMENT_EXECUTE|[165]
15:08:47.2 (26818766)|STATEMENT_EXECUTE|[166]
15:08:47.2 (26823988)|HEAP_ALLOCATE|[166]|Bytes:50
15:08:47.2 (26834733)|ENTERING_MANAGED_PKG|
15:08:47.2 (26841025)|USER_DEBUG|[166]|DEBUG|######## objectName: testautonumdata__Candidate__c
15:08:47.2 (26847083)|STATEMENT_EXECUTE|[167]
15:08:47.2 (26853821)|ENTERING_MANAGED_PKG|
15:08:47.2 (32493601)|HEAP_ALLOCATE|[167]|Bytes:1764
15:08:47.2 (32517372)|ENTERING_MANAGED_PKG|
15:08:47.2 (32568992)|HEAP_ALLOCATE|[167]|Bytes:4
15:08:47.2 (32579724)|VARIABLE_SCOPE_BEGIN|[167]|sObj|SObject|true|false
15:08:47.2 (32594422)|VARIABLE_ASSIGNMENT|[167]|sObj|{}|0x699f67d9
15:08:47.2 (32597358)|STATEMENT_EXECUTE|[168]
15:08:47.2 (32615982)|ENTERING_MANAGED_PKG|
15:08:47.2 (32788443)|HEAP_ALLOCATE|[168]|Bytes:4
15:08:47.2 (33359588)|HEAP_ALLOCATE|[168]|Bytes:136
15:08:47.2 (33372018)|VARIABLE_SCOPE_BEGIN|[168]|m|Map<String,Schema.SObjectField>|true|false
15:08:47.2 (33579135)|VARIABLE_ASSIGNMENT|[168]|m|"{createdbyid=CreatedById, createddate=CreatedDate, id=Id, isdeleted=IsDeleted, lastactivitydate=LastActivityDate, lastmodifiedbyid=LastModifiedById, lastmodifieddate=LastModifiedDate, lastreferenceddate=LastReferencedDate, lastvieweddate=LastViewedDate, name=Name, ...}"|0x76d3ee67
15:08:47.2 (33585793)|STATEMENT_EXECUTE|[169]
15:08:47.2 (33603563)|ENTERING_MANAGED_PKG|
15:08:47.2 (33619620)|VARIABLE_SCOPE_BEGIN|[169]|objectFieldSet|Set<String>|true|false
15:08:47.2 (33640634)|VARIABLE_ASSIGNMENT|[169]|objectFieldSet|{"s":1,"v":["testautonumdata__Ful (9 more) ..."]}|0x2bb975ba
15:08:47.2 (33648394)|HEAP_ALLOCATE|[171]|Bytes:4
15:08:47.2 (33663043)|ENTERING_MANAGED_PKG|
15:08:47.2 (33676107)|ENTERING_MANAGED_PKG|
15:08:47.2 (33680919)|HEAP_ALLOCATE|[171]|Bytes:4
15:08:47.2 (33693417)|ENTERING_MANAGED_PKG|
15:08:47.2 (33709276)|HEAP_ALLOCATE|[171]|Bytes:5
15:08:47.2 (33723115)|VARIABLE_SCOPE_BEGIN|[171]|fieldToCheck|String|false|false
15:08:47.2 (33731211)|VARIABLE_ASSIGNMENT|[171]|fieldToCheck|"testautonumdata__Ful (9 more) ..."
15:08:47.2 (33734070)|STATEMENT_EXECUTE|[171]
15:08:47.2 (33735306)|STATEMENT_EXECUTE|[172]
15:08:47.2 (33741796)|HEAP_ALLOCATE|[172]|Bytes:52
15:08:47.2 (33753514)|ENTERING_MANAGED_PKG|
15:08:47.2 (33761201)|USER_DEBUG|[172]|DEBUG|######## fieldToCheck: testautonumdata__Full_Name__c
15:08:47.2 (33773221)|ENTERING_MANAGED_PKG|
15:08:47.2 (34377761)|HEAP_ALLOCATE|[174]|Bytes:8
15:08:47.2 (34397642)|STATEMENT_EXECUTE|[174]
15:08:47.2 (34400183)|STATEMENT_EXECUTE|[182]
15:08:47.2 (34406689)|HEAP_ALLOCATE|[182]|Bytes:64
15:08:47.2 (34419689)|ENTERING_MANAGED_PKG|
15:08:47.2 (34427774)|USER_DEBUG|[182]|DEBUG|######## User has access to field: testautonumdata__Full_Name__c
15:08:47.2 (34442295)|HEAP_ALLOCATE|[171]|Bytes:5
15:08:47.2 (34455888)|VARIABLE_ASSIGNMENT|[171]|fieldToCheck|null
15:08:47.2 (34464441)|HEAP_ALLOCATE|[164]|Bytes:5
15:08:47.2 (34475263)|VARIABLE_SCOPE_BEGIN|[164]|objectName|String|false|false
15:08:47.2 (34483218)|VARIABLE_ASSIGNMENT|[164]|objectName|"testautonumdata__Pos (8 more) ..."
15:08:47.2 (34485849)|STATEMENT_EXECUTE|[165]
15:08:47.2 (34486981)|STATEMENT_EXECUTE|[166]
15:08:47.2 (34492531)|HEAP_ALLOCATE|[166]|Bytes:49
15:08:47.2 (34503865)|ENTERING_MANAGED_PKG|
15:08:47.2 (34510297)|USER_DEBUG|[166]|DEBUG|######## objectName: testautonumdata__Position__c
15:08:47.2 (34516673)|STATEMENT_EXECUTE|[167]
15:08:47.2 (34523266)|ENTERING_MANAGED_PKG|
15:08:47.2 (39863643)|HEAP_ALLOCATE|[167]|Bytes:1764
15:08:47.2 (39885881)|ENTERING_MANAGED_PKG|
15:08:47.2 (39952713)|HEAP_ALLOCATE|[167]|Bytes:4
15:08:47.2 (39963852)|VARIABLE_SCOPE_BEGIN|[167]|sObj|SObject|true|false
15:08:47.2 (39976618)|VARIABLE_ASSIGNMENT|[167]|sObj|{}|0x6ae04279
15:08:47.2 (39979612)|STATEMENT_EXECUTE|[168]
15:08:47.2 (39997521)|ENTERING_MANAGED_PKG|
15:08:47.2 (40139416)|HEAP_ALLOCATE|[168]|Bytes:4
15:08:47.2 (40439694)|HEAP_ALLOCATE|[168]|Bytes:64
15:08:47.2 (40451595)|VARIABLE_SCOPE_BEGIN|[168]|m|Map<String,Schema.SObjectField>|true|false
15:08:47.2 (40614749)|VARIABLE_ASSIGNMENT|[168]|m|"{createdbyid=CreatedById, createddate=CreatedDate, id=Id, isdeleted=IsDeleted, lastactivitydate=LastActivityDate, lastmodifiedbyid=LastModifiedById, lastmodifieddate=LastModifiedDate, lastreferenceddate=LastReferencedDate, lastvieweddate=LastViewedDate, name=Name, ...}"|0x7ac30d1a
15:08:47.2 (40621005)|STATEMENT_EXECUTE|[169]
15:08:47.2 (40636474)|ENTERING_MANAGED_PKG|
15:08:47.2 (40650926)|VARIABLE_SCOPE_BEGIN|[169]|objectFieldSet|Set<String>|true|false
15:08:47.2 (40667879)|VARIABLE_ASSIGNMENT|[169]|objectFieldSet|{"s":1,"v":["Name"]}|0x1c242b7d
15:08:47.2 (40674177)|HEAP_ALLOCATE|[171]|Bytes:4
15:08:47.2 (40688082)|ENTERING_MANAGED_PKG|
15:08:47.2 (40700436)|ENTERING_MANAGED_PKG|
15:08:47.2 (40704337)|HEAP_ALLOCATE|[171]|Bytes:4
15:08:47.2 (40712406)|ENTERING_MANAGED_PKG|
15:08:47.2 (40726028)|HEAP_ALLOCATE|[171]|Bytes:5
15:08:47.2 (40739186)|VARIABLE_SCOPE_BEGIN|[171]|fieldToCheck|String|false|false
15:08:47.2 (40746225)|VARIABLE_ASSIGNMENT|[171]|fieldToCheck|"Name"
15:08:47.2 (40748978)|STATEMENT_EXECUTE|[171]
15:08:47.2 (40750243)|STATEMENT_EXECUTE|[172]
15:08:47.2 (40756711)|HEAP_ALLOCATE|[172]|Bytes:27
15:08:47.2 (40774050)|ENTERING_MANAGED_PKG|
15:08:47.2 (40785289)|USER_DEBUG|[172]|DEBUG|######## fieldToCheck: Name
15:08:47.2 (40808348)|ENTERING_MANAGED_PKG|
15:08:47.2 (41061758)|HEAP_ALLOCATE|[174]|Bytes:8
15:08:47.2 (41079788)|STATEMENT_EXECUTE|[174]
15:08:47.2 (41081920)|STATEMENT_EXECUTE|[182]
15:08:47.2 (41088420)|HEAP_ALLOCATE|[182]|Bytes:39
15:08:47.2 (41101410)|ENTERING_MANAGED_PKG|
15:08:47.2 (41108882)|USER_DEBUG|[182]|DEBUG|######## User has access to field: Name
15:08:47.2 (41123240)|HEAP_ALLOCATE|[171]|Bytes:5
15:08:47.2 (41136595)|VARIABLE_ASSIGNMENT|[171]|fieldToCheck|null
15:08:47.2 (41145340)|HEAP_ALLOCATE|[164]|Bytes:5
15:08:47.2 (41154530)|VARIABLE_ASSIGNMENT|[164]|objectName|null
15:08:47.2 (41157914)|STATEMENT_EXECUTE|[190]
15:08:47.2 (41187503)|ENTERING_MANAGED_PKG|
15:08:47.2 (41221285)|HEAP_ALLOCATE|[190]|Bytes:4
15:08:47.2 (42151027)|SOQL_EXECUTE_BEGIN|[190]|Aggregations:0|Select id, testautonumdata__Candidate__c, testautonumdata__Candidate__r.testautonumdata__Full_Name__c, testautonumdata__Candidate__r.testautonumdata__Position__r.Name, testautonumdata__Date__c, testautonumdata__Interview_Type__c FROM testautonumdata__Interview__c where testautonumdata__Status__c = 'Pending' order by testautonumdata__Candidate__r.testautonumdata__Position__r.Name desc limit 8
15:08:47.2 (61712969)|SOQL_EXECUTE_END|[190]|Rows:2
15:08:47.2 (61748392)|HEAP_ALLOCATE|[190]|Bytes:12
15:08:47.2 (61787701)|HEAP_ALLOCATE|[190]|Bytes:840
15:08:47.2 (61887351)|HEAP_ALLOCATE|[190]|Bytes:12
15:08:47.2 (61920585)|VARIABLE_SCOPE_BEGIN|[190]|lstQueriedRecords|List<SObject>|true|false
15:08:47.2 (61993963)|VARIABLE_ASSIGNMENT|[190]|lstQueriedRecords|{"s":1,"v":[{"s":2,"v":{"Id":"a0NB0000000RasPMAS","testautonumdata__Can (9 more) ...":"a0MB0000000cQdIMAU","testautonumdata__Dat (4 more) ...":"10/26/2016","testautonumdata__Int (14 more) ...":"Recruiter Interview","testautonumdata__Can (9 more) ...":{"s":3,"v":{"testautonumdata__Ful (9 more) ...":"Lizz Brooks","testautonumdata__Pos (8 more) ...":"a0LB0000000sexWMAQ","Id":"a0MB0000000cQdIMAU","testautonumdata__Pos (8 more) ...":{"s":4,"v":{"Name":"Project Coordinator","Id":"a0LB0000000sexWMAQ"}}}}}},{"s":5,"v":{"Id":"a0NB0000000TaTOMA0","testautonumdata__Can (9 more) ...":"a0MB0000000cQXFMA2","testautonumdata__Dat (4 more) ...":"11/9/2016","testautonumdata__Int (14 more) ...":"Technical Interview","testautonumdata__Can (9 more) ...":{"s":6,"v":{"testautonumdata__Ful (9 more) ...":"Rodrigo Reboucas","testautonumdata__Pos (8 more) ...":"a0LB0000000seqpMAA","Id":"a0MB0000000cQXFMA2","testautonumdata__Pos (8 more) ...":{"s":7,"v":{"Name":"Architect - Force.co (1 more) ...","Id":"a0LB0000000seqpMAA"}}}}}}]}|0x3a05834a
15:08:47.2 (62006159)|STATEMENT_EXECUTE|[192]
15:08:47.2 (62014259)|HEAP_ALLOCATE|[192]|Bytes:28
15:08:47.2 (62050728)|ENTERING_MANAGED_PKG|
15:08:47.2 (62189537)|HEAP_ALLOCATE|[192]|Bytes:395
15:08:47.2 (62211422)|HEAP_ALLOCATE|[192]|Bytes:423
15:08:47.2 (62232220)|ENTERING_MANAGED_PKG|
15:08:47.2 (62243540)|USER_DEBUG|[192]|DEBUG|######## lstQueriedRecords: (testautonumdata__Interview__c:{Id=a0NB0000000RasPMAS, testautonumdata__Candidate__c=a0MB0000000cQdIMAU, testautonumdata__Date__c=10/26/2016, testautonumdata__Interview_Type__c=Recruiter Interview}, testautonumdata__Interview__c:{Id=a0NB0000000TaTOMA0, testautonumdata__Candidate__c=a0MB0000000cQXFMA2, testautonumdata__Date__c=11/9/2016, testautonumdata__Interview_Type__c=Technical Interview})
15:08:47.2 (62342895)|ENTERING_MANAGED_PKG|
15:08:47.2 (62508233)|HEAP_ALLOCATE|[196]|Bytes:5
15:08:47.2 (62551472)|HEAP_ALLOCATE|[196]|Bytes:24
15:08:47.2 (62577409)|VARIABLE_SCOPE_BEGIN|[196]|e|SObject|true|false
15:08:47.2 (62606594)|VARIABLE_ASSIGNMENT|[196]|e|{"s":1,"v":{"Id":"a0NB0000000RasPMAS","testautonumdata__Can (9 more) ...":"a0MB0000000cQdIMAU","testautonumdata__Dat (4 more) ...":"10/26/2016","testautonumdata__Int (14 more) ...":"Recruiter Interview","testautonumdata__Can (9 more) ...":{"s":2,"v":{"testautonumdata__Ful (9 more) ...":"Lizz Brooks","testautonumdata__Pos (8 more) ...":"a0LB0000000sexWMAQ","Id":"a0MB0000000cQdIMAU","testautonumdata__Pos (8 more) ...":{"s":3,"v":{"Name":"Project Coordinator","Id":"a0LB0000000sexWMAQ"}}}}}}|0x73b36850
15:08:47.2 (62613724)|STATEMENT_EXECUTE|[197]
15:08:47.2 (62615231)|STATEMENT_EXECUTE|[198]
15:08:47.2 (62619255)|HEAP_ALLOCATE|[198]|Bytes:12
15:08:47.2 (62639245)|ENTERING_MANAGED_PKG|
15:08:47.2 (62715056)|HEAP_ALLOCATE|[198]|Bytes:196
15:08:47.2 (62733984)|HEAP_ALLOCATE|[198]|Bytes:208
15:08:47.2 (62747740)|ENTERING_MANAGED_PKG|
15:08:47.2 (62755105)|USER_DEBUG|[198]|DEBUG|######## e: testautonumdata__Interview__c:{Id=a0NB0000000RasPMAS, testautonumdata__Candidate__c=a0MB0000000cQdIMAU, testautonumdata__Date__c=10/26/2016, testautonumdata__Interview_Type__c=Recruiter Interview}
15:08:47.2 (62763116)|STATEMENT_EXECUTE|[199]
15:08:47.2 (62771754)|HEAP_ALLOCATE|[199]|Bytes:28
15:08:47.2 (62794983)|CONSTRUCTOR_ENTRY|[199]|01pB0000000lA1s|<init>()
15:08:47.2 (62824627)|VARIABLE_SCOPE_BEGIN|[1]|this|testautonumdata.InterviewsLCServerController|true|false
15:08:47.2 (62869680)|VARIABLE_ASSIGNMENT|[1]|this|{}|0x4bf1243
15:08:47.2 (62879327)|HEAP_ALLOCATE|[EXTERNAL]|Bytes:5
15:08:47.2 (62894033)|HEAP_ALLOCATE|[EXTERNAL]|Bytes:6
15:08:47.2 (62944929)|STATEMENT_EXECUTE|[1]
15:08:47.2 (62949955)|HEAP_ALLOCATE|[EXTERNAL]|Bytes:5
15:08:47.2 (62952689)|STATEMENT_EXECUTE|[6]
15:08:47.2 (62953975)|STATEMENT_EXECUTE|[8]
15:08:47.2 (62954963)|STATEMENT_EXECUTE|[10]
15:08:47.2 (62956139)|STATEMENT_EXECUTE|[12]
15:08:47.2 (62957235)|STATEMENT_EXECUTE|[14]
15:08:47.2 (62958108)|STATEMENT_EXECUTE|[16]
15:08:47.2 (62970122)|CONSTRUCTOR_EXIT|[199]|01pB0000000lA1s|<init>()
15:08:47.2 (62975046)|VARIABLE_SCOPE_BEGIN|[199]|i|testautonumdata.InterviewsLCServerController|true|false
15:08:47.2 (62997459)|VARIABLE_ASSIGNMENT|[199]|i|{}|0x4bf1243
15:08:47.2 (63000595)|STATEMENT_EXECUTE|[202]
15:08:47.2 (63005327)|HEAP_ALLOCATE|[202]|Bytes:2
15:08:47.2 (63032385)|ENTERING_MANAGED_PKG|
15:08:47.2 (63088428)|HEAP_ALLOCATE|[202]|Bytes:4
15:08:47.2 (63110519)|ENTERING_MANAGED_PKG|
15:08:47.2 (63115280)|HEAP_ALLOCATE|[202]|Bytes:18
15:08:47.2 (63153133)|VARIABLE_ASSIGNMENT|[EXTERNAL]|this|{}|0x4bf1243
15:08:47.2 (63160335)|VARIABLE_ASSIGNMENT|[EXTERNAL]|value|"a0NB0000000RasPMAS"
15:08:47.2 (63175917)|VARIABLE_ASSIGNMENT|[6]|this.recordID|"a0NB0000000RasPMAS"|0x4bf1243
15:08:47.2 (63184409)|STATEMENT_EXECUTE|[204]
15:08:47.2 (63186151)|STATEMENT_EXECUTE|[205]
15:08:47.2 (63197889)|METHOD_ENTRY|[205]|01pB0000000lA1s|testautonumdata.InterviewsLCServerController.GetSobjectField(SObject, String)
15:08:47.2 (63219396)|VARIABLE_SCOPE_BEGIN|[241]|e|SObject|true|false
15:08:47.2 (63243795)|VARIABLE_ASSIGNMENT|[241]|e|{"s":1,"v":{"Id":"a0NB0000000RasPMAS","testautonumdata__Can (9 more) ...":"a0MB0000000cQdIMAU","testautonumdata__Dat (4 more) ...":"10/26/2016","testautonumdata__Int (14 more) ...":"Recruiter Interview","testautonumdata__Can (9 more) ...":{"s":2,"v":{"testautonumdata__Ful (9 more) ...":"Lizz Brooks","testautonumdata__Pos (8 more) ...":"a0LB0000000sexWMAQ","Id":"a0MB0000000cQdIMAU","testautonumdata__Pos (8 more) ...":{"s":3,"v":{"Name":"Project Coordinator","Id":"a0LB0000000sexWMAQ"}}}}}}|0x73b36850
15:08:47.2 (63249206)|VARIABLE_SCOPE_BEGIN|[241]|lcfield|String|false|false
15:08:47.2 (63254192)|VARIABLE_ASSIGNMENT|[241]|lcfield|"testautonumdata__Can (9 more) ..."
15:08:47.2 (63263357)|HEAP_ALLOCATE|[244]|Bytes:5
15:08:47.2 (63267603)|STATEMENT_EXECUTE|[242]
15:08:47.2 (63268916)|STATEMENT_EXECUTE|[244]
15:08:47.2 (63273892)|VARIABLE_SCOPE_BEGIN|[244]|returnValue|String|false|false
15:08:47.2 (63278961)|VARIABLE_ASSIGNMENT|[244]|returnValue|""
15:08:47.2 (63297476)|ENTERING_MANAGED_PKG|
15:08:47.2 (63333837)|STATEMENT_EXECUTE|[261]
15:08:47.2 (63347375)|ENTERING_MANAGED_PKG|
15:08:47.2 (63396539)|HEAP_ALLOCATE|[261]|Bytes:4
15:08:47.2 (63417870)|ENTERING_MANAGED_PKG|
15:08:47.2 (63422054)|HEAP_ALLOCATE|[261]|Bytes:18
15:08:47.2 (63434996)|VARIABLE_ASSIGNMENT|[261]|returnValue|"a0MB0000000cQdIMAU"
15:08:47.2 (63438216)|STATEMENT_EXECUTE|[263]
15:08:47.2 (63447154)|METHOD_EXIT|[205]|01pB0000000lA1s|testautonumdata.InterviewsLCServerController.GetSobjectField(SObject, String)
15:08:47.2 (63480913)|VARIABLE_ASSIGNMENT|[EXTERNAL]|this|{"recordID":"a0NB0000000RasPMAS"}|0x4bf1243
15:08:47.2 (63487303)|VARIABLE_ASSIGNMENT|[EXTERNAL]|value|"a0MB0000000cQdIMAU"
15:08:47.2 (63495282)|VARIABLE_ASSIGNMENT|[8]|this.eventField|"a0MB0000000cQdIMAU"|0x4bf1243
15:08:47.2 (63503088)|STATEMENT_EXECUTE|[208]
15:08:47.2 (63504521)|STATEMENT_EXECUTE|[209]
15:08:47.2 (63510771)|METHOD_ENTRY|[209]|01pB0000000lA1s|testautonumdata.InterviewsLCServerController.GetSobjectField(SObject, String)
15:08:47.2 (63528918)|VARIABLE_SCOPE_BEGIN|[241]|e|SObject|true|false
15:08:47.2 (63552362)|VARIABLE_ASSIGNMENT|[241]|e|{"s":1,"v":{"Id":"a0NB0000000RasPMAS","testautonumdata__Can (9 more) ...":"a0MB0000000cQdIMAU","testautonumdata__Dat (4 more) ...":"10/26/2016","testautonumdata__Int (14 more) ...":"Recruiter Interview","testautonumdata__Can (9 more) ...":{"s":2,"v":{"testautonumdata__Ful (9 more) ...":"Lizz Brooks","testautonumdata__Pos (8 more) ...":"a0LB0000000sexWMAQ","Id":"a0MB0000000cQdIMAU","testautonumdata__Pos (8 more) ...":{"s":3,"v":{"Name":"Project Coordinator","Id":"a0LB0000000sexWMAQ"}}}}}}|0x73b36850
15:08:47.2 (63560824)|VARIABLE_SCOPE_BEGIN|[241]|lcfield|String|false|false
15:08:47.2 (63566065)|VARIABLE_ASSIGNMENT|[241]|lcfield|"testautonumdata__Can (39 more) ..."
15:08:47.2 (63573382)|HEAP_ALLOCATE|[244]|Bytes:5
15:08:47.2 (63576868)|STATEMENT_EXECUTE|[242]
15:08:47.2 (63578060)|STATEMENT_EXECUTE|[244]
15:08:47.2 (63581899)|VARIABLE_SCOPE_BEGIN|[244]|returnValue|String|false|false
15:08:47.2 (63586269)|VARIABLE_ASSIGNMENT|[244]|returnValue|""
15:08:47.2 (63602543)|ENTERING_MANAGED_PKG|
15:08:47.2 (63612383)|STATEMENT_EXECUTE|[247]
15:08:47.2 (63613964)|STATEMENT_EXECUTE|[248]
15:08:47.2 (63624720)|ENTERING_MANAGED_PKG|
15:08:47.2 (63647749)|HEAP_ALLOCATE|[248]|Bytes:29
15:08:47.2 (63660174)|VARIABLE_SCOPE_BEGIN|[248]|relName|String|false|false
15:08:47.2 (63668383)|VARIABLE_ASSIGNMENT|[248]|relName|"testautonumdata__Can (9 more) ..."
15:08:47.2 (63670822)|STATEMENT_EXECUTE|[249]
15:08:47.2 (63684663)|ENTERING_MANAGED_PKG|
15:08:47.2 (63708704)|HEAP_ALLOCATE|[249]|Bytes:29
15:08:47.2 (63722215)|VARIABLE_SCOPE_BEGIN|[249]|relField|String|false|false
15:08:47.2 (63730265)|VARIABLE_ASSIGNMENT|[249]|relField|"testautonumdata__Ful (9 more) ..."
15:08:47.2 (63744402)|ENTERING_MANAGED_PKG|
15:08:47.2 (63772586)|STATEMENT_EXECUTE|[257]
15:08:47.2 (63790324)|ENTERING_MANAGED_PKG|
15:08:47.2 (63858222)|HEAP_ALLOCATE|[257]|Bytes:20
15:08:47.2 (63881406)|ENTERING_MANAGED_PKG|
15:08:47.2 (63915047)|HEAP_ALLOCATE|[257]|Bytes:11
15:08:47.2 (63935357)|ENTERING_MANAGED_PKG|
15:08:47.2 (63939478)|HEAP_ALLOCATE|[257]|Bytes:11
15:08:47.2 (63952061)|VARIABLE_ASSIGNMENT|[257]|returnValue|"Lizz Brooks"
15:08:47.2 (63955505)|STATEMENT_EXECUTE|[263]
15:08:47.2 (63963575)|METHOD_EXIT|[209]|01pB0000000lA1s|testautonumdata.InterviewsLCServerController.GetSobjectField(SObject, String)
15:08:47.2 (63999308)|VARIABLE_ASSIGNMENT|[EXTERNAL]|this|{"eventField":"a0MB0000000cQdIMAU","recordID":"a0NB0000000RasPMAS"}|0x4bf1243
15:08:47.2 (64005642)|VARIABLE_ASSIGNMENT|[EXTERNAL]|value|"Lizz Brooks"
15:08:47.2 (64014629)|VARIABLE_ASSIGNMENT|[10]|this.column1|"Lizz Brooks"|0x4bf1243
15:08:47.2 (64022450)|STATEMENT_EXECUTE|[212]
15:08:47.2 (64023837)|STATEMENT_EXECUTE|[213]
15:08:47.2 (64030089)|METHOD_ENTRY|[213]|01pB0000000lA1s|testautonumdata.InterviewsLCServerController.GetSobjectField(SObject, String)
15:08:47.2 (64048382)|VARIABLE_SCOPE_BEGIN|[241]|e|SObject|true|false
15:08:47.2 (64071253)|VARIABLE_ASSIGNMENT|[241]|e|{"s":1,"v":{"Id":"a0NB0000000RasPMAS","testautonumdata__Can (9 more) ...":"a0MB0000000cQdIMAU","testautonumdata__Dat (4 more) ...":"10/26/2016","testautonumdata__Int (14 more) ...":"Recruiter Interview","testautonumdata__Can (9 more) ...":{"s":2,"v":{"testautonumdata__Ful (9 more) ...":"Lizz Brooks","testautonumdata__Pos (8 more) ...":"a0LB0000000sexWMAQ","Id":"a0MB0000000cQdIMAU","testautonumdata__Pos (8 more) ...":{"s":3,"v":{"Name":"Project Coordinator","Id":"a0LB0000000sexWMAQ"}}}}}}|0x73b36850
15:08:47.2 (64075908)|VARIABLE_SCOPE_BEGIN|[241]|lcfield|String|false|false
15:08:47.2 (64080308)|VARIABLE_ASSIGNMENT|[241]|lcfield|"testautonumdata__Can (43 more) ..."
15:08:47.2 (64087602)|HEAP_ALLOCATE|[244]|Bytes:5
15:08:47.2 (64091146)|STATEMENT_EXECUTE|[242]
15:08:47.2 (64092291)|STATEMENT_EXECUTE|[244]
15:08:47.2 (64095976)|VARIABLE_SCOPE_BEGIN|[244]|returnValue|String|false|false
15:08:47.2 (64100212)|VARIABLE_ASSIGNMENT|[244]|returnValue|""
15:08:47.2 (64116777)|ENTERING_MANAGED_PKG|
15:08:47.2 (64126692)|STATEMENT_EXECUTE|[247]
15:08:47.2 (64128463)|STATEMENT_EXECUTE|[248]
15:08:47.2 (64136700)|ENTERING_MANAGED_PKG|
15:08:47.2 (64140419)|HEAP_ALLOCATE|[248]|Bytes:29
15:08:47.2 (64148777)|VARIABLE_SCOPE_BEGIN|[248]|relName|String|false|false
15:08:47.2 (64155788)|VARIABLE_ASSIGNMENT|[248]|relName|"testautonumdata__Can (9 more) ..."
15:08:47.2 (64158042)|STATEMENT_EXECUTE|[249]
15:08:47.2 (64168101)|ENTERING_MANAGED_PKG|
15:08:47.2 (64171694)|HEAP_ALLOCATE|[249]|Bytes:33
15:08:47.2 (64180347)|VARIABLE_SCOPE_BEGIN|[249]|relField|String|false|false
15:08:47.2 (64186595)|VARIABLE_ASSIGNMENT|[249]|relField|"testautonumdata__Pos (13 more) ..."
15:08:47.2 (64196382)|ENTERING_MANAGED_PKG|
15:08:47.2 (64204422)|STATEMENT_EXECUTE|[251]
15:08:47.2 (64205906)|STATEMENT_EXECUTE|[252]
15:08:47.2 (64214969)|ENTERING_MANAGED_PKG|
15:08:47.2 (64236522)|HEAP_ALLOCATE|[252]|Bytes:28
15:08:47.2 (64248907)|VARIABLE_SCOPE_BEGIN|[252]|relName2|String|false|false
15:08:47.2 (64256088)|VARIABLE_ASSIGNMENT|[252]|relName2|"testautonumdata__Pos (8 more) ..."
15:08:47.2 (64258755)|STATEMENT_EXECUTE|[253]
15:08:47.2 (64272129)|ENTERING_MANAGED_PKG|
15:08:47.2 (64292085)|HEAP_ALLOCATE|[253]|Bytes:4
15:08:47.2 (64304178)|VARIABLE_SCOPE_BEGIN|[253]|relField2|String|false|false
15:08:47.2 (64310692)|VARIABLE_ASSIGNMENT|[253]|relField2|"Name"
15:08:47.2 (64313075)|STATEMENT_EXECUTE|[254]
15:08:47.2 (64326119)|ENTERING_MANAGED_PKG|
15:08:47.2 (64377684)|HEAP_ALLOCATE|[254]|Bytes:20
15:08:47.2 (64401149)|ENTERING_MANAGED_PKG|
15:08:47.2 (64440323)|HEAP_ALLOCATE|[254]|Bytes:12
15:08:47.2 (64461911)|ENTERING_MANAGED_PKG|
15:08:47.2 (64487688)|HEAP_ALLOCATE|[254]|Bytes:19
15:08:47.2 (64506887)|ENTERING_MANAGED_PKG|
15:08:47.2 (64510949)|HEAP_ALLOCATE|[254]|Bytes:19
15:08:47.2 (64523817)|VARIABLE_ASSIGNMENT|[254]|returnValue|"Project Coordinator"
15:08:47.2 (64527338)|STATEMENT_EXECUTE|[263]
15:08:47.2 (64535258)|METHOD_EXIT|[213]|01pB0000000lA1s|testautonumdata.InterviewsLCServerController.GetSobjectField(SObject, String)
15:08:47.2 (64572426)|VARIABLE_ASSIGNMENT|[EXTERNAL]|this|{"column1":"Lizz Brooks","eventField":"a0MB0000000cQdIMAU","recordID":"a0NB0000000RasPMAS"}|0x4bf1243
15:08:47.2 (64578810)|VARIABLE_ASSIGNMENT|[EXTERNAL]|value|"Project Coordinator"
15:08:47.2 (64586840)|VARIABLE_ASSIGNMENT|[12]|this.column2|"Project Coordinator"|0x4bf1243
15:08:47.2 (64594453)|STATEMENT_EXECUTE|[217]
15:08:47.2 (64595877)|STATEMENT_EXECUTE|[218]
15:08:47.2 (64602234)|METHOD_ENTRY|[218]|01pB0000000lA1s|testautonumdata.InterviewsLCServerController.GetSobjectField(SObject, String)
15:08:47.2 (64620364)|VARIABLE_SCOPE_BEGIN|[241]|e|SObject|true|false
15:08:47.2 (64643339)|VARIABLE_ASSIGNMENT|[241]|e|{"s":1,"v":{"Id":"a0NB0000000RasPMAS","testautonumdata__Can (9 more) ...":"a0MB0000000cQdIMAU","testautonumdata__Dat (4 more) ...":"10/26/2016","testautonumdata__Int (14 more) ...":"Recruiter Interview","testautonumdata__Can (9 more) ...":{"s":2,"v":{"testautonumdata__Ful (9 more) ...":"Lizz Brooks","testautonumdata__Pos (8 more) ...":"a0LB0000000sexWMAQ","Id":"a0MB0000000cQdIMAU","testautonumdata__Pos (8 more) ...":{"s":3,"v":{"Name":"Project Coordinator","Id":"a0LB0000000sexWMAQ"}}}}}}|0x73b36850
15:08:47.2 (64648274)|VARIABLE_SCOPE_BEGIN|[241]|lcfield|String|false|false
15:08:47.2 (64653072)|VARIABLE_ASSIGNMENT|[241]|lcfield|"testautonumdata__Dat (4 more) ..."
15:08:47.2 (64660353)|HEAP_ALLOCATE|[244]|Bytes:5
15:08:47.2 (64663916)|STATEMENT_EXECUTE|[242]
15:08:47.2 (64664981)|STATEMENT_EXECUTE|[244]
15:08:47.2 (64668895)|VARIABLE_SCOPE_BEGIN|[244]|returnValue|String|false|false
15:08:47.2 (64672910)|VARIABLE_ASSIGNMENT|[244]|returnValue|""
15:08:47.2 (64689583)|ENTERING_MANAGED_PKG|
15:08:47.2 (64703275)|STATEMENT_EXECUTE|[261]
15:08:47.2 (64713404)|ENTERING_MANAGED_PKG|
15:08:47.2 (64735964)|HEAP_ALLOCATE|[261]|Bytes:10
15:08:47.2 (64753820)|ENTERING_MANAGED_PKG|
15:08:47.2 (64757785)|HEAP_ALLOCATE|[261]|Bytes:10
15:08:47.2 (64769761)|VARIABLE_ASSIGNMENT|[261]|returnValue|"10/26/2016"
15:08:47.2 (64772597)|STATEMENT_EXECUTE|[263]
15:08:47.2 (64780102)|METHOD_EXIT|[218]|01pB0000000lA1s|testautonumdata.InterviewsLCServerController.GetSobjectField(SObject, String)
15:08:47.2 (64816369)|VARIABLE_ASSIGNMENT|[EXTERNAL]|this|{"column1":"Lizz Brooks","column2":"Project Coordinator","eventField":"a0MB0000000cQdIMAU","recordID":"a0NB0000000RasPMAS"}|0x4bf1243
15:08:47.2 (64822595)|VARIABLE_ASSIGNMENT|[EXTERNAL]|value|"10/26/2016"
15:08:47.2 (64830212)|VARIABLE_ASSIGNMENT|[14]|this.column3|"10/26/2016"|0x4bf1243
15:08:47.2 (64838303)|STATEMENT_EXECUTE|[222]
15:08:47.2 (64839676)|STATEMENT_EXECUTE|[223]
15:08:47.2 (64845697)|METHOD_ENTRY|[223]|01pB0000000lA1s|testautonumdata.InterviewsLCServerController.GetSobjectField(SObject, String)
15:08:47.2 (64862881)|VARIABLE_SCOPE_BEGIN|[241]|e|SObject|true|false
15:08:47.2 (64885129)|VARIABLE_ASSIGNMENT|[241]|e|{"s":1,"v":{"Id":"a0NB0000000RasPMAS","testautonumdata__Can (9 more) ...":"a0MB0000000cQdIMAU","testautonumdata__Dat (4 more) ...":"10/26/2016","testautonumdata__Int (14 more) ...":"Recruiter Interview","testautonumdata__Can (9 more) ...":{"s":2,"v":{"testautonumdata__Ful (9 more) ...":"Lizz Brooks","testautonumdata__Pos (8 more) ...":"a0LB0000000sexWMAQ","Id":"a0MB0000000cQdIMAU","testautonumdata__Pos (8 more) ...":{"s":3,"v":{"Name":"Project Coordinator","Id":"a0LB0000000sexWMAQ"}}}}}}|0x73b36850
15:08:47.2 (64889869)|VARIABLE_SCOPE_BEGIN|[241]|lcfield|String|false|false
15:08:47.2 (64894042)|VARIABLE_ASSIGNMENT|[241]|lcfield|"testautonumdata__Int (14 more) ..."
15:08:47.2 (64905459)|HEAP_ALLOCATE|[244]|Bytes:5
15:08:47.2 (64909267)|STATEMENT_EXECUTE|[242]
15:08:47.2 (64910504)|STATEMENT_EXECUTE|[244]
15:08:47.2 (64914221)|VARIABLE_SCOPE_BEGIN|[244]|returnValue|String|false|false
15:08:47.2 (64918463)|VARIABLE_ASSIGNMENT|[244]|returnValue|""
15:08:47.2 (64934889)|ENTERING_MANAGED_PKG|
15:08:47.2 (64944350)|STATEMENT_EXECUTE|[261]
15:08:47.2 (64953183)|ENTERING_MANAGED_PKG|
15:08:47.2 (64974902)|HEAP_ALLOCATE|[261]|Bytes:19
15:08:47.2 (64992386)|ENTERING_MANAGED_PKG|
15:08:47.2 (64996326)|HEAP_ALLOCATE|[261]|Bytes:19
15:08:47.2 (65008364)|VARIABLE_ASSIGNMENT|[261]|returnValue|"Recruiter Interview"
15:08:47.2 (65012067)|STATEMENT_EXECUTE|[263]
15:08:47.2 (65019742)|METHOD_EXIT|[223]|01pB0000000lA1s|testautonumdata.InterviewsLCServerController.GetSobjectField(SObject, String)
15:08:47.2 (65056667)|VARIABLE_ASSIGNMENT|[EXTERNAL]|this|{"column1":"Lizz Brooks","column2":"Project Coordinator","column3":"10/26/2016","eventField":"a0MB0000000cQdIMAU","recordID":"a0NB0000000RasPMAS"}|0x4bf1243
15:08:47.2 (65062986)|VARIABLE_ASSIGNMENT|[EXTERNAL]|value|"Recruiter Interview"
15:08:47.2 (65070973)|VARIABLE_ASSIGNMENT|[16]|this.column4|"Recruiter Interview"|0x4bf1243
15:08:47.2 (65078350)|STATEMENT_EXECUTE|[227]
15:08:47.2 (65093048)|ENTERING_MANAGED_PKG|
15:08:47.2 (65127826)|HEAP_ALLOCATE|[EXTERNAL]|Bytes:4
15:08:47.2 (65137128)|STATEMENT_EXECUTE|[229]
15:08:47.2 (65141168)|HEAP_ALLOCATE|[229]|Bytes:12
15:08:47.2 (65157696)|ENTERING_MANAGED_PKG|
15:08:47.2 (65239543)|HEAP_ALLOCATE|[229]|Bytes:464
15:08:47.2 (65257889)|HEAP_ALLOCATE|[229]|Bytes:476
15:08:47.2 (65272132)|ENTERING_MANAGED_PKG|
15:08:47.2 (65279817)|USER_DEBUG|[229]|DEBUG|######## i: InterviewsLCServerController:[column1=Lizz Brooks, column2=Project Coordinator, column3=10/26/2016, column4=Recruiter Interview, eventField=a0MB0000000cQdIMAU, mapObjectsFields={testautonumdata__Candidate__c={testautonumdata__Full_Name__c}, testautonumdata__Interview__c={Id, testautonumdata__Candidate__c, testautonumdata__Date__c, testautonumdata__Interview_Type__c, testautonumdata__Status__c}, testautonumdata__Position__c={Name}}, recordID=a0NB0000000RasPMAS]
15:08:47.2 (65297283)|HEAP_ALLOCATE|[196]|Bytes:5
15:08:47.2 (65325290)|HEAP_ALLOCATE|[196]|Bytes:24
15:08:47.2 (65337639)|VARIABLE_SCOPE_BEGIN|[196]|e|SObject|true|false
15:08:47.2 (65363734)|VARIABLE_ASSIGNMENT|[196]|e|{"s":1,"v":{"Id":"a0NB0000000TaTOMA0","testautonumdata__Can (9 more) ...":"a0MB0000000cQXFMA2","testautonumdata__Dat (4 more) ...":"11/9/2016","testautonumdata__Int (14 more) ...":"Technical Interview","testautonumdata__Can (9 more) ...":{"s":2,"v":{"testautonumdata__Ful (9 more) ...":"Rodrigo Reboucas","testautonumdata__Pos (8 more) ...":"a0LB0000000seqpMAA","Id":"a0MB0000000cQXFMA2","testautonumdata__Pos (8 more) ...":{"s":3,"v":{"Name":"Architect - Force.co (1 more) ...","Id":"a0LB0000000seqpMAA"}}}}}}|0x750fb0bd
15:08:47.2 (65369468)|STATEMENT_EXECUTE|[197]
15:08:47.2 (65370859)|STATEMENT_EXECUTE|[198]
15:08:47.2 (65386714)|ENTERING_MANAGED_PKG|
15:08:47.2 (65432115)|HEAP_ALLOCATE|[198]|Bytes:195
15:08:47.2 (65447829)|HEAP_ALLOCATE|[198]|Bytes:207
15:08:47.2 (65458113)|ENTERING_MANAGED_PKG|
15:08:47.2 (65464990)|USER_DEBUG|[198]|DEBUG|######## e: testautonumdata__Interview__c:{Id=a0NB0000000TaTOMA0, testautonumdata__Candidate__c=a0MB0000000cQXFMA2, testautonumdata__Date__c=11/9/2016, testautonumdata__Interview_Type__c=Technical Interview}
15:08:47.2 (65472502)|STATEMENT_EXECUTE|[199]
15:08:47.2 (65477417)|HEAP_ALLOCATE|[199]|Bytes:28
15:08:47.2 (65487546)|CONSTRUCTOR_ENTRY|[199]|01pB0000000lA1s|<init>()
15:08:47.2 (65492186)|VARIABLE_SCOPE_BEGIN|[1]|this|testautonumdata.InterviewsLCServerController|true|false
15:08:47.2 (65515402)|VARIABLE_ASSIGNMENT|[1]|this|{}|0x88fc96f
15:08:47.2 (65522609)|HEAP_ALLOCATE|[EXTERNAL]|Bytes:5
15:08:47.2 (65537505)|STATEMENT_EXECUTE|[1]
15:08:47.2 (65540902)|HEAP_ALLOCATE|[EXTERNAL]|Bytes:5
15:08:47.2 (65542884)|STATEMENT_EXECUTE|[6]
15:08:47.2 (65544072)|STATEMENT_EXECUTE|[8]
15:08:47.2 (65544970)|STATEMENT_EXECUTE|[10]
15:08:47.2 (65546049)|STATEMENT_EXECUTE|[12]
15:08:47.2 (65547008)|STATEMENT_EXECUTE|[14]
15:08:47.2 (65547967)|STATEMENT_EXECUTE|[16]
15:08:47.2 (65558146)|CONSTRUCTOR_EXIT|[199]|01pB0000000lA1s|<init>()
15:08:47.2 (65562457)|VARIABLE_SCOPE_BEGIN|[199]|i|testautonumdata.InterviewsLCServerController|true|false
15:08:47.2 (65582412)|VARIABLE_ASSIGNMENT|[199]|i|{}|0x88fc96f
15:08:47.2 (65585540)|STATEMENT_EXECUTE|[202]
15:08:47.2 (65602600)|ENTERING_MANAGED_PKG|
15:08:47.2 (65624044)|HEAP_ALLOCATE|[202]|Bytes:4
15:08:47.2 (65642449)|ENTERING_MANAGED_PKG|
15:08:47.2 (65646386)|HEAP_ALLOCATE|[202]|Bytes:18
15:08:47.2 (65684609)|VARIABLE_ASSIGNMENT|[EXTERNAL]|this|{}|0x88fc96f
15:08:47.2 (65696141)|VARIABLE_ASSIGNMENT|[EXTERNAL]|value|"a0NB0000000TaTOMA0"
15:08:47.2 (65711652)|VARIABLE_ASSIGNMENT|[6]|this.recordID|"a0NB0000000TaTOMA0"|0x88fc96f
15:08:47.2 (65724511)|STATEMENT_EXECUTE|[204]
15:08:47.2 (65727834)|STATEMENT_EXECUTE|[205]
15:08:47.2 (65735249)|METHOD_ENTRY|[205]|01pB0000000lA1s|testautonumdata.InterviewsLCServerController.GetSobjectField(SObject, String)
15:08:47.2 (65740320)|VARIABLE_SCOPE_BEGIN|[241]|e|SObject|true|false
15:08:47.2 (65763825)|VARIABLE_ASSIGNMENT|[241]|e|{"s":1,"v":{"Id":"a0NB0000000TaTOMA0","testautonumdata__Can (9 more) ...":"a0MB0000000cQXFMA2","testautonumdata__Dat (4 more) ...":"11/9/2016","testautonumdata__Int (14 more) ...":"Technical Interview","testautonumdata__Can (9 more) ...":{"s":2,"v":{"testautonumdata__Ful (9 more) ...":"Rodrigo Reboucas","testautonumdata__Pos (8 more) ...":"a0LB0000000seqpMAA","Id":"a0MB0000000cQXFMA2","testautonumdata__Pos (8 more) ...":{"s":3,"v":{"Name":"Architect - Force.co (1 more) ...","Id":"a0LB0000000seqpMAA"}}}}}}|0x750fb0bd
15:08:47.2 (65769282)|VARIABLE_SCOPE_BEGIN|[241]|lcfield|String|false|false
15:08:47.2 (65773518)|VARIABLE_ASSIGNMENT|[241]|lcfield|"testautonumdata__Can (9 more) ..."
15:08:47.2 (65780855)|HEAP_ALLOCATE|[244]|Bytes:5
15:08:47.2 (65784350)|STATEMENT_EXECUTE|[242]
15:08:47.2 (65785515)|STATEMENT_EXECUTE|[244]
15:08:47.2 (65789286)|VARIABLE_SCOPE_BEGIN|[244]|returnValue|String|false|false
15:08:47.2 (65793470)|VARIABLE_ASSIGNMENT|[244]|returnValue|""
15:08:47.2 (65809819)|ENTERING_MANAGED_PKG|
15:08:47.2 (65819306)|STATEMENT_EXECUTE|[261]
15:08:47.2 (65829353)|ENTERING_MANAGED_PKG|
15:08:47.2 (65861800)|HEAP_ALLOCATE|[261]|Bytes:4
15:08:47.2 (65881387)|ENTERING_MANAGED_PKG|
15:08:47.2 (65885552)|HEAP_ALLOCATE|[261]|Bytes:18
15:08:47.2 (65901821)|VARIABLE_ASSIGNMENT|[261]|returnValue|"a0MB0000000cQXFMA2"
15:08:47.2 (65905325)|STATEMENT_EXECUTE|[263]
15:08:47.2 (65913953)|METHOD_EXIT|[205]|01pB0000000lA1s|testautonumdata.InterviewsLCServerController.GetSobjectField(SObject, String)
15:08:47.2 (65958450)|VARIABLE_ASSIGNMENT|[EXTERNAL]|this|{"recordID":"a0NB0000000TaTOMA0"}|0x88fc96f
15:08:47.2 (65970177)|VARIABLE_ASSIGNMENT|[EXTERNAL]|value|"a0MB0000000cQXFMA2"
15:08:47.2 (65985991)|VARIABLE_ASSIGNMENT|[8]|this.eventField|"a0MB0000000cQXFMA2"|0x88fc96f
15:08:47.2 (66000635)|STATEMENT_EXECUTE|[208]
15:08:47.2 (66005051)|STATEMENT_EXECUTE|[209]
15:08:47.2 (66015408)|METHOD_ENTRY|[209]|01pB0000000lA1s|testautonumdata.InterviewsLCServerController.GetSobjectField(SObject, String)
15:08:47.2 (66023558)|VARIABLE_SCOPE_BEGIN|[241]|e|SObject|true|false
15:08:47.2 (66052463)|VARIABLE_ASSIGNMENT|[241]|e|{"s":1,"v":{"Id":"a0NB0000000TaTOMA0","testautonumdata__Can (9 more) ...":"a0MB0000000cQXFMA2","testautonumdata__Dat (4 more) ...":"11/9/2016","testautonumdata__Int (14 more) ...":"Technical Interview","testautonumdata__Can (9 more) ...":{"s":2,"v":{"testautonumdata__Ful (9 more) ...":"Rodrigo Reboucas","testautonumdata__Pos (8 more) ...":"a0LB0000000seqpMAA","Id":"a0MB0000000cQXFMA2","testautonumdata__Pos (8 more) ...":{"s":3,"v":{"Name":"Architect - Force.co (1 more) ...","Id":"a0LB0000000seqpMAA"}}}}}}|0x750fb0bd
15:08:47.2 (66058499)|VARIABLE_SCOPE_BEGIN|[241]|lcfield|String|false|false
15:08:47.2 (66062782)|VARIABLE_ASSIGNMENT|[241]|lcfield|"testautonumdata__Can (39 more) ..."
15:08:47.2 (66070526)|HEAP_ALLOCATE|[244]|Bytes:5
15:08:47.2 (66074177)|STATEMENT_EXECUTE|[242]
15:08:47.2 (66075281)|STATEMENT_EXECUTE|[244]
15:08:47.2 (66079131)|VARIABLE_SCOPE_BEGIN|[244]|returnValue|String|false|false
15:08:47.2 (66083163)|VARIABLE_ASSIGNMENT|[244]|returnValue|""
15:08:47.2 (66100240)|ENTERING_MANAGED_PKG|
15:08:47.2 (66109905)|STATEMENT_EXECUTE|[247]
15:08:47.2 (66111383)|STATEMENT_EXECUTE|[248]
15:08:47.2 (66119801)|ENTERING_MANAGED_PKG|
15:08:47.2 (66123520)|HEAP_ALLOCATE|[248]|Bytes:29
15:08:47.2 (66131905)|VARIABLE_SCOPE_BEGIN|[248]|relName|String|false|false
15:08:47.2 (66138812)|VARIABLE_ASSIGNMENT|[248]|relName|"testautonumdata__Can (9 more) ..."
15:08:47.2 (66141068)|STATEMENT_EXECUTE|[249]
15:08:47.2 (66151133)|ENTERING_MANAGED_PKG|
15:08:47.2 (66154788)|HEAP_ALLOCATE|[249]|Bytes:29
15:08:47.2 (66163444)|VARIABLE_SCOPE_BEGIN|[249]|relField|String|false|false
15:08:47.2 (66170086)|VARIABLE_ASSIGNMENT|[249]|relField|"testautonumdata__Ful (9 more) ..."
15:08:47.2 (66180110)|ENTERING_MANAGED_PKG|
15:08:47.2 (66188431)|STATEMENT_EXECUTE|[257]
15:08:47.2 (66197129)|ENTERING_MANAGED_PKG|
15:08:47.2 (66240895)|HEAP_ALLOCATE|[257]|Bytes:20
15:08:47.2 (66262254)|ENTERING_MANAGED_PKG|
15:08:47.2 (66289816)|HEAP_ALLOCATE|[257]|Bytes:16
15:08:47.2 (66311121)|ENTERING_MANAGED_PKG|
15:08:47.2 (66315298)|HEAP_ALLOCATE|[257]|Bytes:16
15:08:47.2 (66328016)|VARIABLE_ASSIGNMENT|[257]|returnValue|"Rodrigo Reboucas"
15:08:47.2 (66331283)|STATEMENT_EXECUTE|[263]
15:08:47.2 (66340225)|METHOD_EXIT|[209]|01pB0000000lA1s|testautonumdata.InterviewsLCServerController.GetSobjectField(SObject, String)
15:08:47.2 (66373074)|VARIABLE_ASSIGNMENT|[EXTERNAL]|this|{"eventField":"a0MB0000000cQXFMA2","recordID":"a0NB0000000TaTOMA0"}|0x88fc96f
15:08:47.2 (66378946)|VARIABLE_ASSIGNMENT|[EXTERNAL]|value|"Rodrigo Reboucas"
15:08:47.2 (66386018)|VARIABLE_ASSIGNMENT|[10]|this.column1|"Rodrigo Reboucas"|0x88fc96f
15:08:47.2 (66393394)|STATEMENT_EXECUTE|[212]
15:08:47.2 (66395059)|STATEMENT_EXECUTE|[213]
15:08:47.2 (66400148)|METHOD_ENTRY|[213]|01pB0000000lA1s|testautonumdata.InterviewsLCServerController.GetSobjectField(SObject, String)
15:08:47.2 (66404381)|VARIABLE_SCOPE_BEGIN|[241]|e|SObject|true|false
15:08:47.2 (66425686)|VARIABLE_ASSIGNMENT|[241]|e|{"s":1,"v":{"Id":"a0NB0000000TaTOMA0","testautonumdata__Can (9 more) ...":"a0MB0000000cQXFMA2","testautonumdata__Dat (4 more) ...":"11/9/2016","testautonumdata__Int (14 more) ...":"Technical Interview","testautonumdata__Can (9 more) ...":{"s":2,"v":{"testautonumdata__Ful (9 more) ...":"Rodrigo Reboucas","testautonumdata__Pos (8 more) ...":"a0LB0000000seqpMAA","Id":"a0MB0000000cQXFMA2","testautonumdata__Pos (8 more) ...":{"s":3,"v":{"Name":"Architect - Force.co (1 more) ...","Id":"a0LB0000000seqpMAA"}}}}}}|0x750fb0bd
15:08:47.2 (66430413)|VARIABLE_SCOPE_BEGIN|[241]|lcfield|String|false|false
15:08:47.2 (66434359)|VARIABLE_ASSIGNMENT|[241]|lcfield|"testautonumdata__Can (43 more) ..."
15:08:47.2 (66441165)|HEAP_ALLOCATE|[244]|Bytes:5
15:08:47.2 (66444269)|STATEMENT_EXECUTE|[242]
15:08:47.2 (66445347)|STATEMENT_EXECUTE|[244]
15:08:47.2 (66448819)|VARIABLE_SCOPE_BEGIN|[244]|returnValue|String|false|false
15:08:47.2 (66452979)|VARIABLE_ASSIGNMENT|[244]|returnValue|""
15:08:47.2 (66468776)|ENTERING_MANAGED_PKG|
15:08:47.2 (66478064)|STATEMENT_EXECUTE|[247]
15:08:47.2 (66479616)|STATEMENT_EXECUTE|[248]
15:08:47.2 (66487867)|ENTERING_MANAGED_PKG|
15:08:47.2 (66491634)|HEAP_ALLOCATE|[248]|Bytes:29
15:08:47.2 (66500032)|VARIABLE_SCOPE_BEGIN|[248]|relName|String|false|false
15:08:47.2 (66506568)|VARIABLE_ASSIGNMENT|[248]|relName|"testautonumdata__Can (9 more) ..."
15:08:47.2 (66508858)|STATEMENT_EXECUTE|[249]
15:08:47.2 (66518531)|ENTERING_MANAGED_PKG|
15:08:47.2 (66522094)|HEAP_ALLOCATE|[249]|Bytes:33
15:08:47.2 (66530448)|VARIABLE_SCOPE_BEGIN|[249]|relField|String|false|false
15:08:47.2 (66536457)|VARIABLE_ASSIGNMENT|[249]|relField|"testautonumdata__Pos (13 more) ..."
15:08:47.2 (66546463)|ENTERING_MANAGED_PKG|
15:08:47.2 (66554380)|STATEMENT_EXECUTE|[251]
15:08:47.2 (66555824)|STATEMENT_EXECUTE|[252]
15:08:47.2 (66563866)|ENTERING_MANAGED_PKG|
15:08:47.2 (66567056)|HEAP_ALLOCATE|[252]|Bytes:28
15:08:47.2 (66575659)|VARIABLE_SCOPE_BEGIN|[252]|relName2|String|false|false
15:08:47.2 (66581933)|VARIABLE_ASSIGNMENT|[252]|relName2|"testautonumdata__Pos (8 more) ..."
15:08:47.2 (66584002)|STATEMENT_EXECUTE|[253]
15:08:47.2 (66593676)|ENTERING_MANAGED_PKG|
15:08:47.2 (66597026)|HEAP_ALLOCATE|[253]|Bytes:4
15:08:47.2 (66605222)|VARIABLE_SCOPE_BEGIN|[253]|relField2|String|false|false
15:08:47.2 (66610440)|VARIABLE_ASSIGNMENT|[253]|relField2|"Name"
15:08:47.2 (66612578)|STATEMENT_EXECUTE|[254]
15:08:47.2 (66621922)|ENTERING_MANAGED_PKG|
15:08:47.2 (66667187)|HEAP_ALLOCATE|[254]|Bytes:20
15:08:47.2 (66690226)|ENTERING_MANAGED_PKG|
15:08:47.2 (66742160)|HEAP_ALLOCATE|[254]|Bytes:12
15:08:47.2 (66764196)|ENTERING_MANAGED_PKG|
15:08:47.2 (66790190)|HEAP_ALLOCATE|[254]|Bytes:21
15:08:47.2 (66808529)|ENTERING_MANAGED_PKG|
15:08:47.2 (66812501)|HEAP_ALLOCATE|[254]|Bytes:21
15:08:47.2 (66826328)|VARIABLE_ASSIGNMENT|[254]|returnValue|"Architect - Force.co (1 more) ..."
15:08:47.2 (66829802)|STATEMENT_EXECUTE|[263]
15:08:47.2 (66837944)|METHOD_EXIT|[213]|01pB0000000lA1s|testautonumdata.InterviewsLCServerController.GetSobjectField(SObject, String)
15:08:47.2 (66869266)|VARIABLE_ASSIGNMENT|[EXTERNAL]|this|{"column1":"Rodrigo Reboucas","eventField":"a0MB0000000cQXFMA2","recordID":"a0NB0000000TaTOMA0"}|0x88fc96f
15:08:47.2 (66875836)|VARIABLE_ASSIGNMENT|[EXTERNAL]|value|"Architect - Force.co (1 more) ..."
15:08:47.2 (66883841)|VARIABLE_ASSIGNMENT|[12]|this.column2|"Architect - Force.co (1 more) ..."|0x88fc96f
15:08:47.2 (66892067)|STATEMENT_EXECUTE|[217]
15:08:47.2 (66894351)|STATEMENT_EXECUTE|[218]
15:08:47.2 (66908154)|METHOD_ENTRY|[218]|01pB0000000lA1s|testautonumdata.InterviewsLCServerController.GetSobjectField(SObject, String)
15:08:47.2 (66915811)|VARIABLE_SCOPE_BEGIN|[241]|e|SObject|true|false
15:08:47.2 (66953914)|VARIABLE_ASSIGNMENT|[241]|e|{"s":1,"v":{"Id":"a0NB0000000TaTOMA0","testautonumdata__Can (9 more) ...":"a0MB0000000cQXFMA2","testautonumdata__Dat (4 more) ...":"11/9/2016","testautonumdata__Int (14 more) ...":"Technical Interview","testautonumdata__Can (9 more) ...":{"s":2,"v":{"testautonumdata__Ful (9 more) ...":"Rodrigo Reboucas","testautonumdata__Pos (8 more) ...":"a0LB0000000seqpMAA","Id":"a0MB0000000cQXFMA2","testautonumdata__Pos (8 more) ...":{"s":3,"v":{"Name":"Architect - Force.co (1 more) ...","Id":"a0LB0000000seqpMAA"}}}}}}|0x750fb0bd
15:08:47.2 (66963427)|VARIABLE_SCOPE_BEGIN|[241]|lcfield|String|false|false
15:08:47.2 (66971666)|VARIABLE_ASSIGNMENT|[241]|lcfield|"testautonumdata__Dat (4 more) ..."
15:08:47.2 (66983196)|HEAP_ALLOCATE|[244]|Bytes:5
15:08:47.2 (66989030)|STATEMENT_EXECUTE|[242]
15:08:47.2 (66991402)|STATEMENT_EXECUTE|[244]
15:08:47.2 (66997910)|VARIABLE_SCOPE_BEGIN|[244]|returnValue|String|false|false
15:08:47.2 (67005371)|VARIABLE_ASSIGNMENT|[244]|returnValue|""
15:08:47.2 (67024001)|ENTERING_MANAGED_PKG|
15:08:47.2 (67033685)|STATEMENT_EXECUTE|[261]
15:08:47.2 (67045037)|ENTERING_MANAGED_PKG|
15:08:47.2 (67068494)|HEAP_ALLOCATE|[261]|Bytes:9
15:08:47.2 (67086387)|ENTERING_MANAGED_PKG|
15:08:47.2 (67090403)|HEAP_ALLOCATE|[261]|Bytes:9
15:08:47.2 (67102204)|VARIABLE_ASSIGNMENT|[261]|returnValue|"11/9/2016"
15:08:47.2 (67105071)|STATEMENT_EXECUTE|[263]
15:08:47.2 (67112611)|METHOD_EXIT|[218]|01pB0000000lA1s|testautonumdata.InterviewsLCServerController.GetSobjectField(SObject, String)
15:08:47.2 (67145733)|VARIABLE_ASSIGNMENT|[EXTERNAL]|this|{"column1":"Rodrigo Reboucas","column2":"Architect - Force.co (1 more) ...","eventField":"a0MB0000000cQXFMA2","recordID":"a0NB0000000TaTOMA0"}|0x88fc96f
15:08:47.2 (67151885)|VARIABLE_ASSIGNMENT|[EXTERNAL]|value|"11/9/2016"
15:08:47.2 (67158948)|VARIABLE_ASSIGNMENT|[14]|this.column3|"11/9/2016"|0x88fc96f
15:08:47.2 (67166375)|STATEMENT_EXECUTE|[222]
15:08:47.2 (67167711)|STATEMENT_EXECUTE|[223]
15:08:47.2 (67172688)|METHOD_ENTRY|[223]|01pB0000000lA1s|testautonumdata.InterviewsLCServerController.GetSobjectField(SObject, String)
15:08:47.2 (67176639)|VARIABLE_SCOPE_BEGIN|[241]|e|SObject|true|false
15:08:47.2 (67197524)|VARIABLE_ASSIGNMENT|[241]|e|{"s":1,"v":{"Id":"a0NB0000000TaTOMA0","testautonumdata__Can (9 more) ...":"a0MB0000000cQXFMA2","testautonumdata__Dat (4 more) ...":"11/9/2016","testautonumdata__Int (14 more) ...":"Technical Interview","testautonumdata__Can (9 more) ...":{"s":2,"v":{"testautonumdata__Ful (9 more) ...":"Rodrigo Reboucas","testautonumdata__Pos (8 more) ...":"a0LB0000000seqpMAA","Id":"a0MB0000000cQXFMA2","testautonumdata__Pos (8 more) ...":{"s":3,"v":{"Name":"Architect - Force.co (1 more) ...","Id":"a0LB0000000seqpMAA"}}}}}}|0x750fb0bd
15:08:47.2 (67202451)|VARIABLE_SCOPE_BEGIN|[241]|lcfield|String|false|false
15:08:47.2 (67206393)|VARIABLE_ASSIGNMENT|[241]|lcfield|"testautonumdata__Int (14 more) ..."
15:08:47.2 (67213196)|HEAP_ALLOCATE|[244]|Bytes:5
15:08:47.2 (67216296)|STATEMENT_EXECUTE|[242]
15:08:47.2 (67217401)|STATEMENT_EXECUTE|[244]
15:08:47.2 (67220816)|VARIABLE_SCOPE_BEGIN|[244]|returnValue|String|false|false
15:08:47.2 (67224834)|VARIABLE_ASSIGNMENT|[244]|returnValue|""
15:08:47.2 (67241523)|ENTERING_MANAGED_PKG|
15:08:47.2 (67258686)|STATEMENT_EXECUTE|[261]
15:08:47.2 (67282496)|ENTERING_MANAGED_PKG|
15:08:47.2 (67311126)|HEAP_ALLOCATE|[261]|Bytes:19
15:08:47.2 (67331096)|ENTERING_MANAGED_PKG|
15:08:47.2 (67335115)|HEAP_ALLOCATE|[261]|Bytes:19
15:08:47.2 (67347705)|VARIABLE_ASSIGNMENT|[261]|returnValue|"Technical Interview"
15:08:47.2 (67350732)|STATEMENT_EXECUTE|[263]
15:08:47.2 (67358398)|METHOD_EXIT|[223]|01pB0000000lA1s|testautonumdata.InterviewsLCServerController.GetSobjectField(SObject, String)
15:08:47.2 (67392090)|VARIABLE_ASSIGNMENT|[EXTERNAL]|this|{"column1":"Rodrigo Reboucas","column2":"Architect - Force.co (1 more) ...","column3":"11/9/2016","eventField":"a0MB0000000cQXFMA2","recordID":"a0NB0000000TaTOMA0"}|0x88fc96f
15:08:47.2 (67398769)|VARIABLE_ASSIGNMENT|[EXTERNAL]|value|"Technical Interview"
15:08:47.2 (67406322)|VARIABLE_ASSIGNMENT|[16]|this.column4|"Technical Interview"|0x88fc96f
15:08:47.2 (67413468)|STATEMENT_EXECUTE|[227]
15:08:47.2 (67423819)|ENTERING_MANAGED_PKG|
15:08:47.2 (67432960)|HEAP_ALLOCATE|[EXTERNAL]|Bytes:4
15:08:47.2 (67439822)|STATEMENT_EXECUTE|[229]
15:08:47.2 (67453440)|ENTERING_MANAGED_PKG|
15:08:47.2 (67495711)|HEAP_ALLOCATE|[229]|Bytes:470
15:08:47.2 (67512284)|HEAP_ALLOCATE|[229]|Bytes:482
15:08:47.2 (67524055)|ENTERING_MANAGED_PKG|
15:08:47.2 (67531701)|USER_DEBUG|[229]|DEBUG|######## i: InterviewsLCServerController:[column1=Rodrigo Reboucas, column2=Architect - Force.com, column3=11/9/2016, column4=Technical Interview, eventField=a0MB0000000cQXFMA2, mapObjectsFields={testautonumdata__Candidate__c={testautonumdata__Full_Name__c}, testautonumdata__Interview__c={Id, testautonumdata__Candidate__c, testautonumdata__Date__c, testautonumdata__Interview_Type__c, testautonumdata__Status__c}, testautonumdata__Position__c={Name}}, recordID=a0NB0000000TaTOMA0]
15:08:47.2 (67549217)|HEAP_ALLOCATE|[196]|Bytes:5
15:08:47.2 (67564681)|VARIABLE_ASSIGNMENT|[196]|e|null|
15:08:47.2 (67569232)|STATEMENT_EXECUTE|[234]
15:08:47.2 (67572682)|HEAP_ALLOCATE|[234]|Bytes:27
15:08:47.2 (67590594)|ENTERING_MANAGED_PKG|
15:08:47.2 (67677568)|HEAP_ALLOCATE|[234]|Bytes:697
15:08:47.2 (67697822)|HEAP_ALLOCATE|[234]|Bytes:724
15:08:47.2 (67713137)|ENTERING_MANAGED_PKG|
15:08:47.2 (67720470)|USER_DEBUG|[234]|DEBUG|######## lstReturnRecords: (InterviewsLCServerController:[column1=Lizz Brooks, column2=Project Coordinator, column3=10/26/2016, column4=Recruiter Interview, eventField=a0MB0000000cQdIMAU, mapObjectsFields={testautonumdata__Candidate__c={testautonumdata__Full_Name__c}, testautonumdata__Interview__c={Id, testautonumdata__Candidate__c, testautonumdata__Date__c, testautonumdata__Interview_Type__c, testautonumdata__Status__c}, testautonumdata__Position__c={Name}}, recordID=a0NB0000000RasPMAS], InterviewsLCServerController:[column1=Rodrigo Reboucas, column2=Architect - Force.com, column3=11/9/2016, column4=Technical Interview, eventField=a0MB0000000cQXFMA2, mapObjectsFields=(already output), recordID=a0NB0000000TaTOMA0])
15:08:47.2 (67731102)|STATEMENT_EXECUTE|[236]
15:08:47.2 (67744998)|SYSTEM_MODE_EXIT|false
15:08:47.67 (67789596)|CUMULATIVE_LIMIT_USAGE
15:08:47.67 (67789596)|LIMIT_USAGE_FOR_NS|(default)|
  Number of SOQL queries: 0 out of 100
  Number of query rows: 0 out of 50000
  Number of SOSL queries: 0 out of 20
  Number of DML statements: 0 out of 150
  Number of DML rows: 0 out of 10000
  Maximum CPU time: 0 out of 10000
  Maximum heap size: 0 out of 6000000
  Number of callouts: 0 out of 100
  Number of Email Invocations: 0 out of 10
  Number of future calls: 0 out of 50
  Number of queueable jobs added to the queue: 0 out of 50
  Number of Mobile Apex push calls: 0 out of 10

15:08:47.67 (67789596)|LIMIT_USAGE_FOR_NS|testautonumdata|
  Number of SOQL queries: 1 out of 100
  Number of query rows: 2 out of 50000
  Number of SOSL queries: 0 out of 20
  Number of DML statements: 0 out of 150
  Number of DML rows: 0 out of 10000
  Maximum CPU time: 0 out of 10000
  Maximum heap size: 0 out of 6000000
  Number of callouts: 0 out of 100
  Number of Email Invocations: 0 out of 10
  Number of future calls: 0 out of 50
  Number of queueable jobs added to the queue: 0 out of 50
  Number of Mobile Apex push calls: 0 out of 10

15:08:47.67 (67789596)|CUMULATIVE_LIMIT_USAGE_END

15:08:47.2 (67861869)|CODE_UNIT_FINISHED|InterviewsLCServerController.getListRecords
15:08:47.70 (70061966)|USER_INFO|[EXTERNAL]|005B0000001VpZR|rreboucas-yi5c@force.com|Pacific Standard Time|GMT-07:00
15:08:47.70 (70074296)|CODE_UNIT_STARTED|[EXTERNAL]|Aura
15:08:47.70 (70126793)|CODE_UNIT_FINISHED|Aura
15:08:47.71 (71374272)|USER_INFO|[EXTERNAL]|005B0000001VpZR|rreboucas-yi5c@force.com|Pacific Standard Time|GMT-07:00
15:08:47.71 (71384370)|CODE_UNIT_STARTED|[EXTERNAL]|Aura
15:08:47.71 (71425444)|CODE_UNIT_FINISHED|Aura
