38.0 APEX_CODE,FINEST;APEX_PROFILING,INFO;CALLOUT,INFO;DB,INFO;SYSTEM,DEBUG;VALIDATION,INFO;VISUALFORCE,INFO;WORKFLOW,INFO
07:59:51.0 (114986)|USER_INFO|[EXTERNAL]|005B0000001VpZR|rreboucas-yi5c@force.com|Pacific Standard Time|GMT-07:00
07:59:51.2 (2586453)|CODE_UNIT_STARTED|[EXTERNAL]|01pB0000000lc07|ListServerController.getListRecords
07:59:51.2 (2649278)|VARIABLE_SCOPE_BEGIN|[3]|ListServerController.mapObjectsFields|Map<String,Set<String>>|true|true
07:59:51.2 (2721863)|HEAP_ALLOCATE|[EXTERNAL]|Bytes:180
07:59:51.2 (2731211)|HEAP_ALLOCATE|[EXTERNAL]|Bytes:22
07:59:51.2 (2734733)|HEAP_ALLOCATE|[EXTERNAL]|Bytes:27
07:59:51.2 (2755950)|METHOD_ENTRY|[1]|01pB0000000lc07|ListServerController.ListServerController()
07:59:51.2 (2760310)|STATEMENT_EXECUTE|[1]
07:59:51.2 (2766780)|STATEMENT_EXECUTE|[1]
07:59:51.2 (2800317)|HEAP_ALLOCATE|[50]|Bytes:5
07:59:51.2 (2821927)|HEAP_ALLOCATE|[56]|Bytes:5
07:59:51.2 (2831374)|HEAP_ALLOCATE|[64]|Bytes:7
07:59:51.2 (2857244)|SYSTEM_MODE_ENTER|false
07:59:51.2 (2875954)|HEAP_ALLOCATE|[3]|Bytes:5
07:59:51.2 (2880324)|STATEMENT_EXECUTE|[3]
07:59:51.2 (2909555)|VARIABLE_ASSIGNMENT|[3]|ListServerController.mapObjectsFields|null|
07:59:51.2 (2917674)|SYSTEM_MODE_EXIT|false
07:59:51.2 (2932107)|METHOD_EXIT|[1]|ListServerController
07:59:51.2 (2937484)|HEAP_ALLOCATE|[EXTERNAL]|Bytes:1
07:59:51.2 (2939939)|HEAP_ALLOCATE|[EXTERNAL]|Bytes:7
07:59:51.2 (2941598)|HEAP_ALLOCATE|[EXTERNAL]|Bytes:2
07:59:51.2 (2943104)|HEAP_ALLOCATE|[EXTERNAL]|Bytes:4
07:59:51.2 (2944671)|HEAP_ALLOCATE|[EXTERNAL]|Bytes:4
07:59:51.2 (2950711)|SYSTEM_MODE_ENTER|false
07:59:51.2 (2956091)|VARIABLE_SCOPE_BEGIN|[23]|rowsLimit|String|false|false
07:59:51.2 (2962041)|VARIABLE_ASSIGNMENT|[23]|rowsLimit|"8"
07:59:51.2 (2964428)|VARIABLE_SCOPE_BEGIN|[23]|objectApiName|String|false|false
07:59:51.2 (2967622)|VARIABLE_ASSIGNMENT|[23]|objectApiName|"Account"
07:59:51.2 (2969764)|VARIABLE_SCOPE_BEGIN|[23]|filter1Field|String|false|false
07:59:51.2 (2973071)|VARIABLE_ASSIGNMENT|[23]|filter1Field|null
07:59:51.2 (2975521)|VARIABLE_SCOPE_BEGIN|[23]|filter1Value|String|false|false
07:59:51.2 (2977949)|VARIABLE_ASSIGNMENT|[23]|filter1Value|null
07:59:51.2 (2979987)|VARIABLE_SCOPE_BEGIN|[23]|eventField|String|false|false
07:59:51.2 (2982586)|VARIABLE_ASSIGNMENT|[23]|eventField|"Id"
07:59:51.2 (2984465)|VARIABLE_SCOPE_BEGIN|[23]|column1|String|false|false
07:59:51.2 (2987160)|VARIABLE_ASSIGNMENT|[23]|column1|"Name"
07:59:51.2 (2989516)|VARIABLE_SCOPE_BEGIN|[23]|column2|String|false|false
07:59:51.2 (2992027)|VARIABLE_ASSIGNMENT|[23]|column2|null
07:59:51.2 (2994172)|VARIABLE_SCOPE_BEGIN|[23]|column3|String|false|false
07:59:51.2 (2996423)|VARIABLE_ASSIGNMENT|[23]|column3|null
07:59:51.2 (2998700)|VARIABLE_SCOPE_BEGIN|[23]|column4|String|false|false
07:59:51.2 (3000925)|VARIABLE_ASSIGNMENT|[23]|column4|null
07:59:51.2 (3003793)|VARIABLE_SCOPE_BEGIN|[23]|sortField|String|false|false
07:59:51.2 (3006385)|VARIABLE_ASSIGNMENT|[23]|sortField|"Name"
07:59:51.2 (3008560)|VARIABLE_SCOPE_BEGIN|[23]|sortDirection|String|false|false
07:59:51.2 (3011225)|VARIABLE_ASSIGNMENT|[23]|sortDirection|null
07:59:51.2 (3025492)|HEAP_ALLOCATE|[25]|Bytes:5
07:59:51.2 (3029302)|STATEMENT_EXECUTE|[23]
07:59:51.2 (3030681)|STATEMENT_EXECUTE|[25]
07:59:51.2 (3033362)|HEAP_ALLOCATE|[25]|Bytes:20
07:59:51.2 (3047158)|HEAP_ALLOCATE|[25]|Bytes:21
07:59:51.2 (3068321)|ENTERING_MANAGED_PKG|
07:59:51.2 (3110806)|USER_DEBUG|[25]|DEBUG|######## rowsLimit: 8
07:59:51.2 (3118631)|STATEMENT_EXECUTE|[26]
07:59:51.2 (3122984)|HEAP_ALLOCATE|[26]|Bytes:24
07:59:51.2 (3129985)|HEAP_ALLOCATE|[26]|Bytes:31
07:59:51.2 (3137655)|ENTERING_MANAGED_PKG|
07:59:51.2 (3153647)|USER_DEBUG|[26]|DEBUG|######## objectApiName: Account
07:59:51.2 (3159590)|STATEMENT_EXECUTE|[29]
07:59:51.2 (3164610)|HEAP_ALLOCATE|[29]|Bytes:4
07:59:51.2 (3210811)|VARIABLE_ASSIGNMENT|[29]|ListServerController.mapObjectsFields|{"s":1,"v":{}}|0x43448dc6
07:59:51.2 (3216114)|STATEMENT_EXECUTE|[31]
07:59:51.2 (3220454)|HEAP_ALLOCATE|[31]|Bytes:2
07:59:51.2 (3359096)|HEAP_ALLOCATE|[31]|Bytes:19
07:59:51.2 (3365957)|HEAP_ALLOCATE|[31]|Bytes:28
07:59:51.2 (3378860)|METHOD_ENTRY|[1]|01pB0000000ljzx|Sparkle_Helper.Sparkle_Helper()
07:59:51.2 (3382276)|STATEMENT_EXECUTE|[1]
07:59:51.2 (3386865)|STATEMENT_EXECUTE|[1]
07:59:51.2 (3393477)|HEAP_ALLOCATE|[31]|Bytes:5
07:59:51.2 (3404625)|METHOD_EXIT|[1]|Sparkle_Helper
07:59:51.2 (3417605)|METHOD_ENTRY|[31]|01pB0000000ljzx|testautonumdata.Sparkle_Helper.AddFieldToObjectsMap(String, String, Map<String,Set<String>>)
07:59:51.2 (3436561)|VARIABLE_SCOPE_BEGIN|[107]|fieldName|String|false|false
07:59:51.2 (3443600)|VARIABLE_ASSIGNMENT|[107]|fieldName|"Id"
07:59:51.2 (3446061)|VARIABLE_SCOPE_BEGIN|[107]|initialObjectName|String|false|false
07:59:51.2 (3449036)|VARIABLE_ASSIGNMENT|[107]|initialObjectName|"Account"
07:59:51.2 (3450842)|VARIABLE_SCOPE_BEGIN|[107]|theMap|Map<String,Set<String>>|true|false
07:59:51.2 (3461467)|VARIABLE_ASSIGNMENT|[107]|theMap|{"s":1,"v":{}}|0x43448dc6
07:59:51.2 (3469879)|HEAP_ALLOCATE|[109]|Bytes:5
07:59:51.2 (3474278)|STATEMENT_EXECUTE|[108]
07:59:51.2 (3476909)|HEAP_ALLOCATE|[109]|Bytes:1
07:59:51.2 (3494356)|ENTERING_MANAGED_PKG|
07:59:51.2 (3538018)|STATEMENT_EXECUTE|[150]
07:59:51.2 (3548831)|METHOD_ENTRY|[150]|01pB0000000ljzx|testautonumdata.Sparkle_Helper.AddFieldToMap(String, String, Map<String,Set<String>>)
07:59:51.2 (3564049)|VARIABLE_SCOPE_BEGIN|[157]|fieldName|String|false|false
07:59:51.2 (3570213)|VARIABLE_ASSIGNMENT|[157]|fieldName|"Id"
07:59:51.2 (3572505)|VARIABLE_SCOPE_BEGIN|[157]|ObjectName|String|false|false
07:59:51.2 (3575712)|VARIABLE_ASSIGNMENT|[157]|ObjectName|"Account"
07:59:51.2 (3577418)|VARIABLE_SCOPE_BEGIN|[157]|theMap|Map<String,Set<String>>|true|false
07:59:51.2 (3586743)|VARIABLE_ASSIGNMENT|[157]|theMap|{"s":1,"v":{}}|0x43448dc6
07:59:51.2 (3595042)|HEAP_ALLOCATE|[160]|Bytes:5
07:59:51.2 (3598761)|STATEMENT_EXECUTE|[158]
07:59:51.2 (3609473)|ENTERING_MANAGED_PKG|
07:59:51.2 (3638183)|STATEMENT_EXECUTE|[167]
07:59:51.2 (3640221)|STATEMENT_EXECUTE|[168]
07:59:51.2 (3694710)|HEAP_ALLOCATE|[168]|Bytes:4
07:59:51.2 (3714806)|ENTERING_MANAGED_PKG|
07:59:51.2 (3741526)|VARIABLE_SCOPE_BEGIN|[168]|newFieldSet|Set<String>|true|false
07:59:51.2 (3777809)|VARIABLE_ASSIGNMENT|[168]|newFieldSet|{"s":1,"v":[]}|0x15347335
07:59:51.2 (3781526)|STATEMENT_EXECUTE|[169]
07:59:51.2 (3792119)|ENTERING_MANAGED_PKG|
07:59:51.2 (3819518)|HEAP_ALLOCATE|[EXTERNAL]|Bytes:4
07:59:51.2 (3827929)|STATEMENT_EXECUTE|[170]
07:59:51.2 (3835701)|ENTERING_MANAGED_PKG|
07:59:51.2 (3863618)|HEAP_ALLOCATE|[EXTERNAL]|Bytes:-4
07:59:51.2 (3876542)|METHOD_EXIT|[150]|01pB0000000ljzx|testautonumdata.Sparkle_Helper.AddFieldToMap(String, String, Map<String,Set<String>>)
07:59:51.2 (3883729)|METHOD_EXIT|[31]|01pB0000000ljzx|testautonumdata.Sparkle_Helper.AddFieldToObjectsMap(String, String, Map<String,Set<String>>)
07:59:51.2 (3886580)|STATEMENT_EXECUTE|[33]
07:59:51.2 (3913011)|HEAP_ALLOCATE|[33]|Bytes:4
07:59:51.2 (3980843)|ENTERING_MANAGED_PKG|
07:59:51.2 (4001204)|VARIABLE_SCOPE_BEGIN|[33]|lstReturnRecords|List<testautonumdata.ListServerController>|true|false
07:59:51.2 (4021114)|HEAP_ALLOCATE|[EXTERNAL]|Bytes:4
07:59:51.2 (4033996)|VARIABLE_ASSIGNMENT|[33]|lstReturnRecords|{"s":1,"v":[]}|0x69764bda
07:59:51.2 (4037193)|STATEMENT_EXECUTE|[35]
07:59:51.2 (4057870)|ENTERING_MANAGED_PKG|
07:59:51.2 (4091872)|VARIABLE_SCOPE_BEGIN|[35]|rLimit|Integer|false|false
07:59:51.2 (4096907)|HEAP_ALLOCATE|[35]|Bytes:4
07:59:51.2 (4103821)|VARIABLE_ASSIGNMENT|[35]|rLimit|8
07:59:51.2 (4106186)|STATEMENT_EXECUTE|[36]
07:59:51.2 (4110024)|HEAP_ALLOCATE|[36]|Bytes:17
07:59:51.2 (4125749)|ENTERING_MANAGED_PKG|
07:59:51.2 (4148222)|HEAP_ALLOCATE|[36]|Bytes:1
07:59:51.2 (4161469)|HEAP_ALLOCATE|[36]|Bytes:18
07:59:51.2 (4169792)|ENTERING_MANAGED_PKG|
07:59:51.2 (4176579)|USER_DEBUG|[36]|DEBUG|######## rLimit: 8
07:59:51.2 (4182026)|STATEMENT_EXECUTE|[40]
07:59:51.2 (4185400)|HEAP_ALLOCATE|[40]|Bytes:9
07:59:51.2 (4189876)|VARIABLE_SCOPE_BEGIN|[40]|soql|String|false|false
07:59:51.2 (4197010)|VARIABLE_ASSIGNMENT|[40]|soql|"Select id"
07:59:51.2 (4211385)|ENTERING_MANAGED_PKG|
07:59:51.2 (4247851)|STATEMENT_EXECUTE|[42]
07:59:51.2 (4251182)|STATEMENT_EXECUTE|[49]
07:59:51.2 (4252265)|STATEMENT_EXECUTE|[50]
07:59:51.2 (4255483)|HEAP_ALLOCATE|[50]|Bytes:2
07:59:51.2 (4268252)|ENTERING_MANAGED_PKG|
07:59:51.2 (4286125)|HEAP_ALLOCATE|[50]|Bytes:4
07:59:51.2 (4300431)|HEAP_ALLOCATE|[50]|Bytes:6
07:59:51.2 (4306568)|HEAP_ALLOCATE|[50]|Bytes:15
07:59:51.2 (4314764)|VARIABLE_ASSIGNMENT|[50]|soql|"Select id, Name"
07:59:51.2 (4317192)|STATEMENT_EXECUTE|[51]
07:59:51.2 (4325809)|METHOD_ENTRY|[51]|01pB0000000ljzx|testautonumdata.Sparkle_Helper.AddFieldToObjectsMap(String, String, Map<String,Set<String>>)
07:59:51.2 (4341200)|VARIABLE_SCOPE_BEGIN|[107]|fieldName|String|false|false
07:59:51.2 (4346200)|VARIABLE_ASSIGNMENT|[107]|fieldName|"Name"
07:59:51.2 (4347950)|VARIABLE_SCOPE_BEGIN|[107]|initialObjectName|String|false|false
07:59:51.2 (4350603)|VARIABLE_ASSIGNMENT|[107]|initialObjectName|"Account"
07:59:51.2 (4352254)|VARIABLE_SCOPE_BEGIN|[107]|theMap|Map<String,Set<String>>|true|false
07:59:51.2 (4369265)|VARIABLE_ASSIGNMENT|[107]|theMap|{"s":1,"v":{"Account":{"s":2,"v":["Id"]}}}|0x43448dc6
07:59:51.2 (4378161)|HEAP_ALLOCATE|[109]|Bytes:5
07:59:51.2 (4381938)|STATEMENT_EXECUTE|[108]
07:59:51.2 (4393915)|ENTERING_MANAGED_PKG|
07:59:51.2 (4401607)|STATEMENT_EXECUTE|[150]
07:59:51.2 (4407044)|METHOD_ENTRY|[150]|01pB0000000ljzx|testautonumdata.Sparkle_Helper.AddFieldToMap(String, String, Map<String,Set<String>>)
07:59:51.2 (4411159)|VARIABLE_SCOPE_BEGIN|[157]|fieldName|String|false|false
07:59:51.2 (4416055)|VARIABLE_ASSIGNMENT|[157]|fieldName|"Name"
07:59:51.2 (4417949)|VARIABLE_SCOPE_BEGIN|[157]|ObjectName|String|false|false
07:59:51.2 (4420591)|VARIABLE_ASSIGNMENT|[157]|ObjectName|"Account"
07:59:51.2 (4422134)|VARIABLE_SCOPE_BEGIN|[157]|theMap|Map<String,Set<String>>|true|false
07:59:51.2 (4435846)|VARIABLE_ASSIGNMENT|[157]|theMap|{"s":1,"v":{"Account":{"s":2,"v":["Id"]}}}|0x43448dc6
07:59:51.2 (4443216)|HEAP_ALLOCATE|[160]|Bytes:5
07:59:51.2 (4446757)|STATEMENT_EXECUTE|[158]
07:59:51.2 (4452897)|ENTERING_MANAGED_PKG|
07:59:51.2 (4458986)|STATEMENT_EXECUTE|[161]
07:59:51.2 (4460286)|STATEMENT_EXECUTE|[162]
07:59:51.2 (4465361)|ENTERING_MANAGED_PKG|
07:59:51.2 (4497686)|VARIABLE_SCOPE_BEGIN|[162]|existingFieldSet|Set<String>|true|false
07:59:51.2 (4511999)|VARIABLE_ASSIGNMENT|[162]|existingFieldSet|{"s":1,"v":["Id"]}|0x15347335
07:59:51.2 (4515043)|STATEMENT_EXECUTE|[163]
07:59:51.2 (4522136)|ENTERING_MANAGED_PKG|
07:59:51.2 (4544383)|HEAP_ALLOCATE|[EXTERNAL]|Bytes:4
07:59:51.2 (4552719)|STATEMENT_EXECUTE|[164]
07:59:51.2 (4559394)|ENTERING_MANAGED_PKG|
07:59:51.2 (4596941)|METHOD_EXIT|[150]|01pB0000000ljzx|testautonumdata.Sparkle_Helper.AddFieldToMap(String, String, Map<String,Set<String>>)
07:59:51.2 (4603632)|METHOD_EXIT|[51]|01pB0000000ljzx|testautonumdata.Sparkle_Helper.AddFieldToObjectsMap(String, String, Map<String,Set<String>>)
07:59:51.2 (4607437)|STATEMENT_EXECUTE|[53]
07:59:51.2 (4609562)|STATEMENT_EXECUTE|[58]
07:59:51.2 (4611135)|STATEMENT_EXECUTE|[63]
07:59:51.2 (4612252)|STATEMENT_EXECUTE|[69]
07:59:51.2 (4615857)|HEAP_ALLOCATE|[69]|Bytes:6
07:59:51.2 (4628932)|ENTERING_MANAGED_PKG|
07:59:51.2 (4647263)|HEAP_ALLOCATE|[69]|Bytes:7
07:59:51.2 (4660366)|HEAP_ALLOCATE|[69]|Bytes:13
07:59:51.2 (4664864)|HEAP_ALLOCATE|[69]|Bytes:28
07:59:51.2 (4674456)|VARIABLE_ASSIGNMENT|[69]|soql|"Select id, Name FROM (8 more) ..."
07:59:51.2 (4678798)|STATEMENT_EXECUTE|[72]
07:59:51.2 (4681660)|STATEMENT_EXECUTE|[78]
07:59:51.2 (4682779)|STATEMENT_EXECUTE|[84]
07:59:51.2 (4685465)|HEAP_ALLOCATE|[84]|Bytes:7
07:59:51.2 (4695017)|ENTERING_MANAGED_PKG|
07:59:51.2 (4711003)|HEAP_ALLOCATE|[84]|Bytes:1
07:59:51.2 (4723569)|HEAP_ALLOCATE|[84]|Bytes:8
07:59:51.2 (4727958)|HEAP_ALLOCATE|[84]|Bytes:36
07:59:51.2 (4736174)|VARIABLE_ASSIGNMENT|[84]|soql|"Select id, Name FROM (16 more) ..."
07:59:51.2 (4738595)|STATEMENT_EXECUTE|[88]
07:59:51.2 (4741537)|HEAP_ALLOCATE|[88]|Bytes:15
07:59:51.2 (4746429)|HEAP_ALLOCATE|[88]|Bytes:51
07:59:51.2 (4754530)|ENTERING_MANAGED_PKG|
07:59:51.2 (4772058)|USER_DEBUG|[88]|DEBUG|######## soql: Select id, Name FROM Account limit 8
07:59:51.2 (4787052)|METHOD_ENTRY|[95]|01pB0000000ljzx|testautonumdata.Sparkle_Helper.UserHasAccessToObjectsAndFields(Map<String,Set<String>>)
07:59:51.2 (4801906)|VARIABLE_SCOPE_BEGIN|[175]|theMap|Map<String,Set<String>>|true|false
07:59:51.2 (4820599)|VARIABLE_ASSIGNMENT|[175]|theMap|{"s":1,"v":{"Account":{"s":2,"v":["Id","Name"]}}}|0x43448dc6
07:59:51.2 (4830188)|HEAP_ALLOCATE|[177]|Bytes:5
07:59:51.2 (4834286)|STATEMENT_EXECUTE|[176]
07:59:51.2 (4835485)|STATEMENT_EXECUTE|[177]
07:59:51.2 (4839911)|VARIABLE_SCOPE_BEGIN|[177]|hasAccess|Boolean|false|false
07:59:51.2 (4843198)|HEAP_ALLOCATE|[177]|Bytes:5
07:59:51.2 (4848150)|VARIABLE_ASSIGNMENT|[177]|hasAccess|true
07:59:51.2 (4856412)|ENTERING_MANAGED_PKG|
07:59:51.2 (4878041)|STATEMENT_EXECUTE|[180]
07:59:51.2 (4879648)|STATEMENT_EXECUTE|[181]
07:59:51.2 (4883059)|HEAP_ALLOCATE|[181]|Bytes:17
07:59:51.2 (4897528)|ENTERING_MANAGED_PKG|
07:59:51.2 (4927921)|HEAP_ALLOCATE|[181]|Bytes:20
07:59:51.2 (4941305)|HEAP_ALLOCATE|[181]|Bytes:37
07:59:51.2 (4949390)|ENTERING_MANAGED_PKG|
07:59:51.2 (4955899)|USER_DEBUG|[181]|DEBUG|######## theMap: {Account={Id, Name}}
07:59:51.2 (4967183)|HEAP_ALLOCATE|[182]|Bytes:4
07:59:51.2 (4978138)|ENTERING_MANAGED_PKG|
07:59:51.2 (4997733)|ENTERING_MANAGED_PKG|
07:59:51.2 (5010984)|HEAP_ALLOCATE|[182]|Bytes:15
07:59:51.2 (5022780)|ENTERING_MANAGED_PKG|
07:59:51.2 (5026943)|HEAP_ALLOCATE|[182]|Bytes:4
07:59:51.2 (5033090)|ENTERING_MANAGED_PKG|
07:59:51.2 (5100463)|HEAP_ALLOCATE|[182]|Bytes:5
07:59:51.2 (5118388)|VARIABLE_SCOPE_BEGIN|[182]|objectName|String|false|false
07:59:51.2 (5125998)|VARIABLE_ASSIGNMENT|[182]|objectName|"Account"
07:59:51.2 (5128767)|STATEMENT_EXECUTE|[183]
07:59:51.2 (5129931)|STATEMENT_EXECUTE|[184]
07:59:51.2 (5133394)|HEAP_ALLOCATE|[184]|Bytes:21
07:59:51.2 (5140064)|HEAP_ALLOCATE|[184]|Bytes:28
07:59:51.2 (5148575)|ENTERING_MANAGED_PKG|
07:59:51.2 (5168272)|USER_DEBUG|[184]|DEBUG|######## objectName: Account
07:59:51.2 (5174872)|STATEMENT_EXECUTE|[185]
07:59:51.2 (5189984)|ENTERING_MANAGED_PKG|
07:59:51.2 (24344353)|HEAP_ALLOCATE|[185]|Bytes:1648
07:59:51.2 (24377066)|ENTERING_MANAGED_PKG|
07:59:51.2 (24492065)|HEAP_ALLOCATE|[185]|Bytes:4
07:59:51.2 (24503787)|VARIABLE_SCOPE_BEGIN|[185]|sObj|SObject|true|false
07:59:51.2 (24518161)|VARIABLE_ASSIGNMENT|[185]|sObj|{}|0x75f2be20
07:59:51.2 (24521828)|STATEMENT_EXECUTE|[186]
07:59:51.2 (24546203)|ENTERING_MANAGED_PKG|
07:59:51.2 (24960650)|HEAP_ALLOCATE|[186]|Bytes:4
07:59:51.2 (26244770)|HEAP_ALLOCATE|[186]|Bytes:312
07:59:51.2 (26260928)|VARIABLE_SCOPE_BEGIN|[186]|m|Map<String,Schema.SObjectField>|true|false
07:59:51.2 (26643183)|VARIABLE_ASSIGNMENT|[186]|m|"{accountnumber=AccountNumber, accountsource=AccountSource, annualrevenue=AnnualRevenue, billingaddress=BillingAddress, billingcity=BillingCity, billingcountry=BillingCountry, billingcountrycode=BillingCountryCode, billinglatitude=BillingLatitude, billinglongitude=BillingLongitude, billingpostalcode=BillingPostalCode, ...}"|0x7d70f2eb
07:59:51.2 (26652588)|STATEMENT_EXECUTE|[187]
07:59:51.2 (26668309)|ENTERING_MANAGED_PKG|
07:59:51.2 (26722789)|VARIABLE_SCOPE_BEGIN|[187]|objectFieldSet|Set<String>|true|false
07:59:51.2 (26750447)|VARIABLE_ASSIGNMENT|[187]|objectFieldSet|{"s":1,"v":["Id","Name"]}|0x15347335
07:59:51.2 (26761738)|HEAP_ALLOCATE|[189]|Bytes:4
07:59:51.2 (26781707)|ENTERING_MANAGED_PKG|
07:59:51.2 (26819008)|ENTERING_MANAGED_PKG|
07:59:51.2 (26827173)|HEAP_ALLOCATE|[189]|Bytes:8
07:59:51.2 (26842065)|ENTERING_MANAGED_PKG|
07:59:51.2 (26866528)|HEAP_ALLOCATE|[189]|Bytes:5
07:59:51.2 (26892960)|VARIABLE_SCOPE_BEGIN|[189]|fieldToCheck|String|false|false
07:59:51.2 (26905540)|VARIABLE_ASSIGNMENT|[189]|fieldToCheck|"Id"
07:59:51.2 (26910968)|STATEMENT_EXECUTE|[189]
07:59:51.2 (26913341)|STATEMENT_EXECUTE|[190]
07:59:51.2 (26919030)|HEAP_ALLOCATE|[190]|Bytes:23
07:59:51.2 (26934081)|HEAP_ALLOCATE|[190]|Bytes:25
07:59:51.2 (26950067)|ENTERING_MANAGED_PKG|
07:59:51.2 (26980775)|USER_DEBUG|[190]|DEBUG|######## fieldToCheck: Id
07:59:51.2 (27004151)|ENTERING_MANAGED_PKG|
07:59:51.2 (27352445)|HEAP_ALLOCATE|[192]|Bytes:8
07:59:51.2 (27380881)|STATEMENT_EXECUTE|[192]
07:59:51.2 (27383425)|STATEMENT_EXECUTE|[199]
07:59:51.2 (27386856)|HEAP_ALLOCATE|[199]|Bytes:35
07:59:51.2 (27395170)|HEAP_ALLOCATE|[199]|Bytes:37
07:59:51.2 (27404243)|ENTERING_MANAGED_PKG|
07:59:51.2 (27424273)|USER_DEBUG|[199]|DEBUG|######## User has access to field: Id
07:59:51.2 (27439349)|HEAP_ALLOCATE|[189]|Bytes:5
07:59:51.2 (27451733)|VARIABLE_SCOPE_BEGIN|[189]|fieldToCheck|String|false|false
07:59:51.2 (27459592)|VARIABLE_ASSIGNMENT|[189]|fieldToCheck|"Name"
07:59:51.2 (27462430)|STATEMENT_EXECUTE|[189]
07:59:51.2 (27463556)|STATEMENT_EXECUTE|[190]
07:59:51.2 (27469367)|HEAP_ALLOCATE|[190]|Bytes:27
07:59:51.2 (27476167)|ENTERING_MANAGED_PKG|
07:59:51.2 (27482082)|USER_DEBUG|[190]|DEBUG|######## fieldToCheck: Name
07:59:51.2 (27494798)|ENTERING_MANAGED_PKG|
07:59:51.2 (27811105)|HEAP_ALLOCATE|[192]|Bytes:8
07:59:51.2 (27834040)|STATEMENT_EXECUTE|[192]
07:59:51.2 (27838459)|STATEMENT_EXECUTE|[199]
07:59:51.2 (27848178)|HEAP_ALLOCATE|[199]|Bytes:39
07:59:51.2 (27861068)|ENTERING_MANAGED_PKG|
07:59:51.2 (27870900)|USER_DEBUG|[199]|DEBUG|######## User has access to field: Name
07:59:51.2 (27893906)|HEAP_ALLOCATE|[189]|Bytes:5
07:59:51.2 (27915612)|VARIABLE_ASSIGNMENT|[189]|fieldToCheck|null
07:59:51.2 (27932254)|HEAP_ALLOCATE|[182]|Bytes:5
07:59:51.2 (27951352)|VARIABLE_ASSIGNMENT|[182]|objectName|null
07:59:51.2 (27957857)|STATEMENT_EXECUTE|[206]
07:59:51.2 (27964258)|HEAP_ALLOCATE|[206]|Bytes:5
07:59:51.2 (27979533)|METHOD_EXIT|[95]|01pB0000000ljzx|testautonumdata.Sparkle_Helper.UserHasAccessToObjectsAndFields(Map<String,Set<String>>)
07:59:51.2 (27987609)|STATEMENT_EXECUTE|[96]
07:59:51.2 (27990021)|STATEMENT_EXECUTE|[98]
07:59:51.2 (28020507)|ENTERING_MANAGED_PKG|
07:59:51.2 (28060100)|HEAP_ALLOCATE|[98]|Bytes:4
07:59:51.2 (28291045)|SOQL_EXECUTE_BEGIN|[98]|Aggregations:0|Select id, Name FROM Account limit 8
07:59:51.2 (32789250)|SOQL_EXECUTE_END|[98]|Rows:8
07:59:51.2 (32821601)|HEAP_ALLOCATE|[98]|Bytes:36
07:59:51.2 (32856214)|HEAP_ALLOCATE|[98]|Bytes:478
07:59:51.2 (32917602)|HEAP_ALLOCATE|[98]|Bytes:36
07:59:51.2 (32938534)|VARIABLE_SCOPE_BEGIN|[98]|lstQueriedRecords|List<SObject>|true|false
07:59:51.2 (32966936)|VARIABLE_ASSIGNMENT|[98]|lstQueriedRecords|{"s":1,"v":"List of size 8 too large to display"}|0x1d21d2c6
07:59:51.2 (32973088)|STATEMENT_EXECUTE|[100]
07:59:51.2 (32979848)|HEAP_ALLOCATE|[100]|Bytes:28
07:59:51.2 (33001555)|ENTERING_MANAGED_PKG|
07:59:51.2 (33127191)|HEAP_ALLOCATE|[100]|Bytes:502
07:59:51.2 (33146477)|HEAP_ALLOCATE|[100]|Bytes:530
07:59:51.2 (33156306)|ENTERING_MANAGED_PKG|
07:59:51.2 (33163647)|USER_DEBUG|[100]|DEBUG|######## lstQueriedRecords: (Account:{Id=001B00000066XxFIAU, Name=GenePoint}, Account:{Id=001B00000066XxDIAU, Name=United Oil & Gas, UK}, Account:{Id=001B00000066XxEIAU, Name=United Oil & Gas, Singapore}, Account:{Id=001B00000066Xx5IAE, Name=Edge Communications}, Account:{Id=001B00000066Xx6IAE, Name=Burlington Textiles Corp of America}, Account:{Id=001B00000066Xx7IAE, Name=Pyramid Construction Inc.}, Account:{Id=001B00000066Xx8IAE, Name=Dickenson plc}, Account:{Id=001B00000066Xx9IAE, Name=Hospital Universitario San Ignacio})
07:59:51.2 (33228545)|ENTERING_MANAGED_PKG|
07:59:51.2 (33384381)|HEAP_ALLOCATE|[104]|Bytes:5
07:59:51.2 (33423129)|HEAP_ALLOCATE|[104]|Bytes:12
07:59:51.2 (33453439)|VARIABLE_SCOPE_BEGIN|[104]|e|SObject|true|false
07:59:51.2 (33477395)|VARIABLE_ASSIGNMENT|[104]|e|{"s":1,"v":{"Id":"001B00000066XxFIAU","Name":"GenePoint"}}|0x2bebcb9c
07:59:51.2 (33483384)|STATEMENT_EXECUTE|[105]
07:59:51.2 (33485838)|STATEMENT_EXECUTE|[106]
07:59:51.2 (33491969)|HEAP_ALLOCATE|[106]|Bytes:12
07:59:51.2 (33514049)|ENTERING_MANAGED_PKG|
07:59:51.2 (33584487)|HEAP_ALLOCATE|[106]|Bytes:47
07:59:51.2 (33610811)|HEAP_ALLOCATE|[106]|Bytes:59
07:59:51.2 (33626960)|ENTERING_MANAGED_PKG|
07:59:51.2 (33637562)|USER_DEBUG|[106]|DEBUG|######## e: Account:{Id=001B00000066XxFIAU, Name=GenePoint}
07:59:51.2 (33648693)|STATEMENT_EXECUTE|[107]
07:59:51.2 (33658654)|HEAP_ALLOCATE|[107]|Bytes:28
07:59:51.2 (33682722)|CONSTRUCTOR_ENTRY|[107]|01pB0000000lc07|<init>()
07:59:51.2 (33707846)|VARIABLE_SCOPE_BEGIN|[1]|this|testautonumdata.ListServerController|true|false
07:59:51.2 (33744115)|VARIABLE_ASSIGNMENT|[1]|this|{}|0x3af324ab
07:59:51.2 (33756233)|HEAP_ALLOCATE|[EXTERNAL]|Bytes:5
07:59:51.2 (33772728)|HEAP_ALLOCATE|[EXTERNAL]|Bytes:6
07:59:51.2 (33825720)|STATEMENT_EXECUTE|[1]
07:59:51.2 (33834859)|HEAP_ALLOCATE|[EXTERNAL]|Bytes:5
07:59:51.2 (33840433)|STATEMENT_EXECUTE|[6]
07:59:51.2 (33843659)|STATEMENT_EXECUTE|[8]
07:59:51.2 (33845777)|STATEMENT_EXECUTE|[10]
07:59:51.2 (33847970)|STATEMENT_EXECUTE|[12]
07:59:51.2 (33850233)|STATEMENT_EXECUTE|[14]
07:59:51.2 (33851962)|STATEMENT_EXECUTE|[16]
07:59:51.2 (33868919)|CONSTRUCTOR_EXIT|[107]|01pB0000000lc07|<init>()
07:59:51.2 (33877618)|VARIABLE_SCOPE_BEGIN|[107]|i|testautonumdata.ListServerController|true|false
07:59:51.2 (33907941)|VARIABLE_ASSIGNMENT|[107]|i|{}|0x3af324ab
07:59:51.2 (33912854)|STATEMENT_EXECUTE|[110]
07:59:51.2 (33918930)|HEAP_ALLOCATE|[110]|Bytes:2
07:59:51.2 (33945295)|ENTERING_MANAGED_PKG|
07:59:51.2 (34015787)|HEAP_ALLOCATE|[110]|Bytes:4
07:59:51.2 (34046864)|ENTERING_MANAGED_PKG|
07:59:51.2 (34054398)|HEAP_ALLOCATE|[110]|Bytes:18
07:59:51.2 (34108481)|VARIABLE_ASSIGNMENT|[EXTERNAL]|this|{}|0x3af324ab
07:59:51.2 (34120562)|VARIABLE_ASSIGNMENT|[EXTERNAL]|value|"001B00000066XxFIAU"
07:59:51.2 (34136886)|VARIABLE_ASSIGNMENT|[6]|this.recordID|"001B00000066XxFIAU"|0x3af324ab
07:59:51.2 (34148788)|STATEMENT_EXECUTE|[112]
07:59:51.2 (34151609)|STATEMENT_EXECUTE|[113]
07:59:51.2 (34168088)|METHOD_ENTRY|[113]|01pB0000000ljzx|testautonumdata.Sparkle_Helper.GetSobjectField(SObject, String)
07:59:51.2 (34193628)|VARIABLE_SCOPE_BEGIN|[78]|e|SObject|true|false
07:59:51.2 (34212962)|VARIABLE_ASSIGNMENT|[78]|e|{"s":1,"v":{"Id":"001B00000066XxFIAU","Name":"GenePoint"}}|0x2bebcb9c
07:59:51.2 (34218401)|VARIABLE_SCOPE_BEGIN|[78]|lcfield|String|false|false
07:59:51.2 (34225614)|VARIABLE_ASSIGNMENT|[78]|lcfield|"Id"
07:59:51.2 (34238328)|HEAP_ALLOCATE|[81]|Bytes:5
07:59:51.2 (34245254)|STATEMENT_EXECUTE|[79]
07:59:51.2 (34247312)|STATEMENT_EXECUTE|[81]
07:59:51.2 (34256387)|VARIABLE_SCOPE_BEGIN|[81]|returnValue|String|false|false
07:59:51.2 (34266155)|VARIABLE_ASSIGNMENT|[81]|returnValue|""
07:59:51.2 (34286874)|ENTERING_MANAGED_PKG|
07:59:51.2 (34329972)|STATEMENT_EXECUTE|[98]
07:59:51.2 (34340106)|ENTERING_MANAGED_PKG|
07:59:51.2 (34382757)|HEAP_ALLOCATE|[98]|Bytes:4
07:59:51.2 (34400179)|ENTERING_MANAGED_PKG|
07:59:51.2 (34404090)|HEAP_ALLOCATE|[98]|Bytes:18
07:59:51.2 (34416227)|VARIABLE_ASSIGNMENT|[98]|returnValue|"001B00000066XxFIAU"
07:59:51.2 (34419150)|STATEMENT_EXECUTE|[100]
07:59:51.2 (34426896)|METHOD_EXIT|[113]|01pB0000000ljzx|testautonumdata.Sparkle_Helper.GetSobjectField(SObject, String)
07:59:51.2 (34457314)|VARIABLE_ASSIGNMENT|[EXTERNAL]|this|{"recordID":"001B00000066XxFIAU"}|0x3af324ab
07:59:51.2 (34462789)|VARIABLE_ASSIGNMENT|[EXTERNAL]|value|"001B00000066XxFIAU"
07:59:51.2 (34469829)|VARIABLE_ASSIGNMENT|[8]|this.eventField|"001B00000066XxFIAU"|0x3af324ab
07:59:51.2 (34476953)|STATEMENT_EXECUTE|[116]
07:59:51.2 (34478315)|STATEMENT_EXECUTE|[117]
07:59:51.2 (34483799)|METHOD_ENTRY|[117]|01pB0000000ljzx|testautonumdata.Sparkle_Helper.GetSobjectField(SObject, String)
07:59:51.2 (34499428)|VARIABLE_SCOPE_BEGIN|[78]|e|SObject|true|false
07:59:51.2 (34511587)|VARIABLE_ASSIGNMENT|[78]|e|{"s":1,"v":{"Id":"001B00000066XxFIAU","Name":"GenePoint"}}|0x2bebcb9c
07:59:51.2 (34513952)|VARIABLE_SCOPE_BEGIN|[78]|lcfield|String|false|false
07:59:51.2 (34517010)|VARIABLE_ASSIGNMENT|[78]|lcfield|"Name"
07:59:51.2 (34525344)|HEAP_ALLOCATE|[81]|Bytes:5
07:59:51.2 (34528904)|STATEMENT_EXECUTE|[79]
07:59:51.2 (34530060)|STATEMENT_EXECUTE|[81]
07:59:51.2 (34533992)|VARIABLE_SCOPE_BEGIN|[81]|returnValue|String|false|false
07:59:51.2 (34538682)|VARIABLE_ASSIGNMENT|[81]|returnValue|""
07:59:51.2 (34550696)|ENTERING_MANAGED_PKG|
07:59:51.2 (34558702)|STATEMENT_EXECUTE|[98]
07:59:51.2 (34565054)|ENTERING_MANAGED_PKG|
07:59:51.2 (34583901)|HEAP_ALLOCATE|[98]|Bytes:9
07:59:51.2 (34597588)|ENTERING_MANAGED_PKG|
07:59:51.2 (34600759)|HEAP_ALLOCATE|[98]|Bytes:9
07:59:51.2 (34611745)|VARIABLE_ASSIGNMENT|[98]|returnValue|"GenePoint"
07:59:51.2 (34614419)|STATEMENT_EXECUTE|[100]
07:59:51.2 (34621335)|METHOD_EXIT|[117]|01pB0000000ljzx|testautonumdata.Sparkle_Helper.GetSobjectField(SObject, String)
07:59:51.2 (34652281)|VARIABLE_ASSIGNMENT|[EXTERNAL]|this|{"eventField":"001B00000066XxFIAU","recordID":"001B00000066XxFIAU"}|0x3af324ab
07:59:51.2 (34657416)|VARIABLE_ASSIGNMENT|[EXTERNAL]|value|"GenePoint"
07:59:51.2 (34666482)|VARIABLE_ASSIGNMENT|[10]|this.column1|"GenePoint"|0x3af324ab
07:59:51.2 (34677337)|STATEMENT_EXECUTE|[119]
07:59:51.2 (34681278)|STATEMENT_EXECUTE|[124]
07:59:51.2 (34684174)|STATEMENT_EXECUTE|[129]
07:59:51.2 (34686204)|STATEMENT_EXECUTE|[135]
07:59:51.2 (34699539)|ENTERING_MANAGED_PKG|
07:59:51.2 (34740463)|HEAP_ALLOCATE|[EXTERNAL]|Bytes:4
07:59:51.2 (34753142)|STATEMENT_EXECUTE|[137]
07:59:51.2 (34759804)|HEAP_ALLOCATE|[137]|Bytes:12
07:59:51.2 (34781800)|ENTERING_MANAGED_PKG|
07:59:51.2 (34869635)|HEAP_ALLOCATE|[137]|Bytes:181
07:59:51.2 (34896325)|HEAP_ALLOCATE|[137]|Bytes:193
07:59:51.2 (34911801)|ENTERING_MANAGED_PKG|
07:59:51.2 (34922079)|USER_DEBUG|[137]|DEBUG|######## i: ListServerController:[column1=GenePoint, column2=null, column3=null, column4=null, eventField=001B00000066XxFIAU, mapObjectsFields={Account={Id, Name}}, recordID=001B00000066XxFIAU]
07:59:51.2 (34946263)|HEAP_ALLOCATE|[104]|Bytes:5
07:59:51.2 (34981802)|HEAP_ALLOCATE|[104]|Bytes:12
07:59:51.2 (35005156)|VARIABLE_SCOPE_BEGIN|[104]|e|SObject|true|false
07:59:51.2 (35029079)|VARIABLE_ASSIGNMENT|[104]|e|{"s":1,"v":{"Id":"001B00000066XxDIAU","Name":"United Oil & Gas, UK"}}|0x43e3f9fa
07:59:51.2 (35034498)|STATEMENT_EXECUTE|[105]
07:59:51.2 (35036759)|STATEMENT_EXECUTE|[106]
07:59:51.2 (35066767)|ENTERING_MANAGED_PKG|
07:59:51.2 (35109220)|HEAP_ALLOCATE|[106]|Bytes:58
07:59:51.2 (35133588)|HEAP_ALLOCATE|[106]|Bytes:70
07:59:51.2 (35145981)|ENTERING_MANAGED_PKG|
07:59:51.2 (35155781)|USER_DEBUG|[106]|DEBUG|######## e: Account:{Id=001B00000066XxDIAU, Name=United Oil & Gas, UK}
07:59:51.2 (35166916)|STATEMENT_EXECUTE|[107]
07:59:51.2 (35174770)|HEAP_ALLOCATE|[107]|Bytes:28
07:59:51.2 (35191284)|CONSTRUCTOR_ENTRY|[107]|01pB0000000lc07|<init>()
07:59:51.2 (35200254)|VARIABLE_SCOPE_BEGIN|[1]|this|testautonumdata.ListServerController|true|false
07:59:51.2 (35230884)|VARIABLE_ASSIGNMENT|[1]|this|{}|0x3e5656b5
07:59:51.2 (35242224)|HEAP_ALLOCATE|[EXTERNAL]|Bytes:5
07:59:51.2 (35267422)|STATEMENT_EXECUTE|[1]
07:59:51.2 (35275367)|HEAP_ALLOCATE|[EXTERNAL]|Bytes:5
07:59:51.2 (35280328)|STATEMENT_EXECUTE|[6]
07:59:51.2 (35282798)|STATEMENT_EXECUTE|[8]
07:59:51.2 (35284619)|STATEMENT_EXECUTE|[10]
07:59:51.2 (35286452)|STATEMENT_EXECUTE|[12]
07:59:51.2 (35288443)|STATEMENT_EXECUTE|[14]
07:59:51.2 (35290113)|STATEMENT_EXECUTE|[16]
07:59:51.2 (35306602)|CONSTRUCTOR_EXIT|[107]|01pB0000000lc07|<init>()
07:59:51.2 (35314996)|VARIABLE_SCOPE_BEGIN|[107]|i|testautonumdata.ListServerController|true|false
07:59:51.2 (35349936)|VARIABLE_ASSIGNMENT|[107]|i|{}|0x3e5656b5
07:59:51.2 (35354379)|STATEMENT_EXECUTE|[110]
07:59:51.2 (35373399)|ENTERING_MANAGED_PKG|
07:59:51.2 (35402790)|HEAP_ALLOCATE|[110]|Bytes:4
07:59:51.2 (35441643)|ENTERING_MANAGED_PKG|
07:59:51.2 (35449362)|HEAP_ALLOCATE|[110]|Bytes:18
07:59:51.2 (35498159)|VARIABLE_ASSIGNMENT|[EXTERNAL]|this|{}|0x3e5656b5
07:59:51.2 (35508961)|VARIABLE_ASSIGNMENT|[EXTERNAL]|value|"001B00000066XxDIAU"
07:59:51.2 (35522923)|VARIABLE_ASSIGNMENT|[6]|this.recordID|"001B00000066XxDIAU"|0x3e5656b5
07:59:51.2 (35534135)|STATEMENT_EXECUTE|[112]
07:59:51.2 (35536629)|STATEMENT_EXECUTE|[113]
07:59:51.2 (35545312)|METHOD_ENTRY|[113]|01pB0000000ljzx|testautonumdata.Sparkle_Helper.GetSobjectField(SObject, String)
07:59:51.2 (35553420)|VARIABLE_SCOPE_BEGIN|[78]|e|SObject|true|false
07:59:51.2 (35571626)|VARIABLE_ASSIGNMENT|[78]|e|{"s":1,"v":{"Id":"001B00000066XxDIAU","Name":"United Oil & Gas, UK"}}|0x43e3f9fa
07:59:51.2 (35576978)|VARIABLE_SCOPE_BEGIN|[78]|lcfield|String|false|false
07:59:51.2 (35583341)|VARIABLE_ASSIGNMENT|[78]|lcfield|"Id"
07:59:51.2 (35594755)|HEAP_ALLOCATE|[81]|Bytes:5
07:59:51.2 (35601344)|STATEMENT_EXECUTE|[79]
07:59:51.2 (35603632)|STATEMENT_EXECUTE|[81]
07:59:51.2 (35610484)|VARIABLE_SCOPE_BEGIN|[81]|returnValue|String|false|false
07:59:51.2 (35620049)|VARIABLE_ASSIGNMENT|[81]|returnValue|""
07:59:51.2 (35638465)|ENTERING_MANAGED_PKG|
07:59:51.2 (35654533)|STATEMENT_EXECUTE|[98]
07:59:51.2 (35670956)|ENTERING_MANAGED_PKG|
07:59:51.2 (35694824)|HEAP_ALLOCATE|[98]|Bytes:4
07:59:51.2 (35710576)|ENTERING_MANAGED_PKG|
07:59:51.2 (35714064)|HEAP_ALLOCATE|[98]|Bytes:18
07:59:51.2 (35725936)|VARIABLE_ASSIGNMENT|[98]|returnValue|"001B00000066XxDIAU"
07:59:51.2 (35728734)|STATEMENT_EXECUTE|[100]
07:59:51.2 (35736127)|METHOD_EXIT|[113]|01pB0000000ljzx|testautonumdata.Sparkle_Helper.GetSobjectField(SObject, String)
07:59:51.2 (35761851)|VARIABLE_ASSIGNMENT|[EXTERNAL]|this|{"recordID":"001B00000066XxDIAU"}|0x3e5656b5
07:59:51.2 (35766593)|VARIABLE_ASSIGNMENT|[EXTERNAL]|value|"001B00000066XxDIAU"
07:59:51.2 (35772833)|VARIABLE_ASSIGNMENT|[8]|this.eventField|"001B00000066XxDIAU"|0x3e5656b5
07:59:51.2 (35779211)|STATEMENT_EXECUTE|[116]
07:59:51.2 (35780433)|STATEMENT_EXECUTE|[117]
07:59:51.2 (35784928)|METHOD_ENTRY|[117]|01pB0000000ljzx|testautonumdata.Sparkle_Helper.GetSobjectField(SObject, String)
07:59:51.2 (35788878)|VARIABLE_SCOPE_BEGIN|[78]|e|SObject|true|false
07:59:51.2 (35799694)|VARIABLE_ASSIGNMENT|[78]|e|{"s":1,"v":{"Id":"001B00000066XxDIAU","Name":"United Oil & Gas, UK"}}|0x43e3f9fa
07:59:51.2 (35801987)|VARIABLE_SCOPE_BEGIN|[78]|lcfield|String|false|false
07:59:51.2 (35804837)|VARIABLE_ASSIGNMENT|[78]|lcfield|"Name"
07:59:51.2 (35812458)|HEAP_ALLOCATE|[81]|Bytes:5
07:59:51.2 (35815665)|STATEMENT_EXECUTE|[79]
07:59:51.2 (35816740)|STATEMENT_EXECUTE|[81]
07:59:51.2 (35820353)|VARIABLE_SCOPE_BEGIN|[81]|returnValue|String|false|false
07:59:51.2 (35824511)|VARIABLE_ASSIGNMENT|[81]|returnValue|""
07:59:51.2 (35835622)|ENTERING_MANAGED_PKG|
07:59:51.2 (35843478)|STATEMENT_EXECUTE|[98]
07:59:51.2 (35849896)|ENTERING_MANAGED_PKG|
07:59:51.2 (35868222)|HEAP_ALLOCATE|[98]|Bytes:20
07:59:51.2 (35881680)|ENTERING_MANAGED_PKG|
07:59:51.2 (35884712)|HEAP_ALLOCATE|[98]|Bytes:20
07:59:51.2 (35895653)|VARIABLE_ASSIGNMENT|[98]|returnValue|"United Oil & Gas, UK"
07:59:51.2 (35898272)|STATEMENT_EXECUTE|[100]
07:59:51.2 (35905245)|METHOD_EXIT|[117]|01pB0000000ljzx|testautonumdata.Sparkle_Helper.GetSobjectField(SObject, String)
07:59:51.2 (35930605)|VARIABLE_ASSIGNMENT|[EXTERNAL]|this|{"eventField":"001B00000066XxDIAU","recordID":"001B00000066XxDIAU"}|0x3e5656b5
07:59:51.2 (35935430)|VARIABLE_ASSIGNMENT|[EXTERNAL]|value|"United Oil & Gas, UK"
07:59:51.2 (35941755)|VARIABLE_ASSIGNMENT|[10]|this.column1|"United Oil & Gas, UK"|0x3e5656b5
07:59:51.2 (35947915)|STATEMENT_EXECUTE|[119]
07:59:51.2 (35949653)|STATEMENT_EXECUTE|[124]
07:59:51.2 (35950940)|STATEMENT_EXECUTE|[129]
07:59:51.2 (35951926)|STATEMENT_EXECUTE|[135]
07:59:51.2 (35956518)|ENTERING_MANAGED_PKG|
07:59:51.2 (35965015)|HEAP_ALLOCATE|[EXTERNAL]|Bytes:4
07:59:51.2 (35970698)|STATEMENT_EXECUTE|[137]
07:59:51.2 (35981742)|ENTERING_MANAGED_PKG|
07:59:51.2 (36015481)|HEAP_ALLOCATE|[137]|Bytes:192
07:59:51.2 (36031107)|HEAP_ALLOCATE|[137]|Bytes:204
07:59:51.2 (36037645)|ENTERING_MANAGED_PKG|
07:59:51.2 (36044502)|USER_DEBUG|[137]|DEBUG|######## i: ListServerController:[column1=United Oil & Gas, UK, column2=null, column3=null, column4=null, eventField=001B00000066XxDIAU, mapObjectsFields={Account={Id, Name}}, recordID=001B00000066XxDIAU]
07:59:51.2 (36057991)|HEAP_ALLOCATE|[104]|Bytes:5
07:59:51.2 (36080011)|HEAP_ALLOCATE|[104]|Bytes:12
07:59:51.2 (36093997)|VARIABLE_SCOPE_BEGIN|[104]|e|SObject|true|false
07:59:51.2 (36109442)|VARIABLE_ASSIGNMENT|[104]|e|{"s":1,"v":{"Id":"001B00000066XxEIAU","Name":"United Oil & Gas, Si (7 more) ..."}}|0x60496f86
07:59:51.2 (36112588)|STATEMENT_EXECUTE|[105]
07:59:51.2 (36113705)|STATEMENT_EXECUTE|[106]
07:59:51.2 (36125557)|ENTERING_MANAGED_PKG|
07:59:51.2 (36163028)|HEAP_ALLOCATE|[106]|Bytes:65
07:59:51.2 (36185284)|HEAP_ALLOCATE|[106]|Bytes:77
07:59:51.2 (36195172)|ENTERING_MANAGED_PKG|
07:59:51.2 (36203879)|USER_DEBUG|[106]|DEBUG|######## e: Account:{Id=001B00000066XxEIAU, Name=United Oil & Gas, Singapore}
07:59:51.2 (36213209)|STATEMENT_EXECUTE|[107]
07:59:51.2 (36220610)|HEAP_ALLOCATE|[107]|Bytes:28
07:59:51.2 (36237456)|CONSTRUCTOR_ENTRY|[107]|01pB0000000lc07|<init>()
07:59:51.2 (36246854)|VARIABLE_SCOPE_BEGIN|[1]|this|testautonumdata.ListServerController|true|false
07:59:51.2 (36276087)|VARIABLE_ASSIGNMENT|[1]|this|{}|0x26129004
07:59:51.2 (36287594)|HEAP_ALLOCATE|[EXTERNAL]|Bytes:5
07:59:51.2 (36329247)|STATEMENT_EXECUTE|[1]
07:59:51.2 (36338930)|HEAP_ALLOCATE|[EXTERNAL]|Bytes:5
07:59:51.2 (36344280)|STATEMENT_EXECUTE|[6]
07:59:51.2 (36347148)|STATEMENT_EXECUTE|[8]
07:59:51.2 (36349214)|STATEMENT_EXECUTE|[10]
07:59:51.2 (36350857)|STATEMENT_EXECUTE|[12]
07:59:51.2 (36352933)|STATEMENT_EXECUTE|[14]
07:59:51.2 (36354911)|STATEMENT_EXECUTE|[16]
07:59:51.2 (36371162)|CONSTRUCTOR_EXIT|[107]|01pB0000000lc07|<init>()
07:59:51.2 (36379723)|VARIABLE_SCOPE_BEGIN|[107]|i|testautonumdata.ListServerController|true|false
07:59:51.2 (36408919)|VARIABLE_ASSIGNMENT|[107]|i|{}|0x26129004
07:59:51.2 (36413662)|STATEMENT_EXECUTE|[110]
07:59:51.2 (36432914)|ENTERING_MANAGED_PKG|
07:59:51.2 (36462200)|HEAP_ALLOCATE|[110]|Bytes:4
07:59:51.2 (36489728)|ENTERING_MANAGED_PKG|
07:59:51.2 (36496385)|HEAP_ALLOCATE|[110]|Bytes:18
07:59:51.2 (36543106)|VARIABLE_ASSIGNMENT|[EXTERNAL]|this|{}|0x26129004
07:59:51.2 (36553959)|VARIABLE_ASSIGNMENT|[EXTERNAL]|value|"001B00000066XxEIAU"
07:59:51.2 (36567730)|VARIABLE_ASSIGNMENT|[6]|this.recordID|"001B00000066XxEIAU"|0x26129004
07:59:51.2 (36579239)|STATEMENT_EXECUTE|[112]
07:59:51.2 (36581607)|STATEMENT_EXECUTE|[113]
07:59:51.2 (36590492)|METHOD_ENTRY|[113]|01pB0000000ljzx|testautonumdata.Sparkle_Helper.GetSobjectField(SObject, String)
07:59:51.2 (36598359)|VARIABLE_SCOPE_BEGIN|[78]|e|SObject|true|false
07:59:51.2 (36628621)|VARIABLE_ASSIGNMENT|[78]|e|{"s":1,"v":{"Id":"001B00000066XxEIAU","Name":"United Oil & Gas, Si (7 more) ..."}}|0x60496f86
07:59:51.2 (36634581)|VARIABLE_SCOPE_BEGIN|[78]|lcfield|String|false|false
07:59:51.2 (36641269)|VARIABLE_ASSIGNMENT|[78]|lcfield|"Id"
07:59:51.2 (36652550)|HEAP_ALLOCATE|[81]|Bytes:5
07:59:51.2 (36658924)|STATEMENT_EXECUTE|[79]
07:59:51.2 (36660900)|STATEMENT_EXECUTE|[81]
07:59:51.2 (36667411)|VARIABLE_SCOPE_BEGIN|[81]|returnValue|String|false|false
07:59:51.2 (36676546)|VARIABLE_ASSIGNMENT|[81]|returnValue|""
07:59:51.2 (36694903)|ENTERING_MANAGED_PKG|
07:59:51.2 (36710627)|STATEMENT_EXECUTE|[98]
07:59:51.2 (36725699)|ENTERING_MANAGED_PKG|
07:59:51.2 (36752336)|HEAP_ALLOCATE|[98]|Bytes:4
07:59:51.2 (36778853)|ENTERING_MANAGED_PKG|
07:59:51.2 (36785571)|HEAP_ALLOCATE|[98]|Bytes:18
07:59:51.2 (36808578)|VARIABLE_ASSIGNMENT|[98]|returnValue|"001B00000066XxEIAU"
07:59:51.2 (36813182)|STATEMENT_EXECUTE|[100]
07:59:51.2 (36824870)|METHOD_EXIT|[113]|01pB0000000ljzx|testautonumdata.Sparkle_Helper.GetSobjectField(SObject, String)
07:59:51.2 (36864814)|VARIABLE_ASSIGNMENT|[EXTERNAL]|this|{"recordID":"001B00000066XxEIAU"}|0x26129004
07:59:51.2 (36874006)|VARIABLE_ASSIGNMENT|[EXTERNAL]|value|"001B00000066XxEIAU"
07:59:51.2 (36886344)|VARIABLE_ASSIGNMENT|[8]|this.eventField|"001B00000066XxEIAU"|0x26129004
07:59:51.2 (36897250)|STATEMENT_EXECUTE|[116]
07:59:51.2 (36899836)|STATEMENT_EXECUTE|[117]
07:59:51.2 (36908139)|METHOD_ENTRY|[117]|01pB0000000ljzx|testautonumdata.Sparkle_Helper.GetSobjectField(SObject, String)
07:59:51.2 (36915788)|VARIABLE_SCOPE_BEGIN|[78]|e|SObject|true|false
07:59:51.2 (36934249)|VARIABLE_ASSIGNMENT|[78]|e|{"s":1,"v":{"Id":"001B00000066XxEIAU","Name":"United Oil & Gas, Si (7 more) ..."}}|0x60496f86
07:59:51.2 (36939526)|VARIABLE_SCOPE_BEGIN|[78]|lcfield|String|false|false
07:59:51.2 (36945753)|VARIABLE_ASSIGNMENT|[78]|lcfield|"Name"
07:59:51.2 (36957049)|HEAP_ALLOCATE|[81]|Bytes:5
07:59:51.2 (36963137)|STATEMENT_EXECUTE|[79]
07:59:51.2 (36965186)|STATEMENT_EXECUTE|[81]
07:59:51.2 (36971862)|VARIABLE_SCOPE_BEGIN|[81]|returnValue|String|false|false
07:59:51.2 (36981034)|VARIABLE_ASSIGNMENT|[81]|returnValue|""
07:59:51.2 (36999279)|ENTERING_MANAGED_PKG|
07:59:51.2 (37015158)|STATEMENT_EXECUTE|[98]
07:59:51.2 (37031146)|ENTERING_MANAGED_PKG|
07:59:51.2 (37058211)|HEAP_ALLOCATE|[98]|Bytes:27
07:59:51.2 (37083240)|ENTERING_MANAGED_PKG|
07:59:51.2 (37089865)|HEAP_ALLOCATE|[98]|Bytes:27
07:59:51.2 (37113913)|VARIABLE_ASSIGNMENT|[98]|returnValue|"United Oil & Gas, Si (7 more) ..."
07:59:51.2 (37119523)|STATEMENT_EXECUTE|[100]
07:59:51.2 (37131231)|METHOD_EXIT|[117]|01pB0000000ljzx|testautonumdata.Sparkle_Helper.GetSobjectField(SObject, String)
07:59:51.2 (37169974)|VARIABLE_ASSIGNMENT|[EXTERNAL]|this|{"eventField":"001B00000066XxEIAU","recordID":"001B00000066XxEIAU"}|0x26129004
07:59:51.2 (37177354)|VARIABLE_ASSIGNMENT|[EXTERNAL]|value|"United Oil & Gas, Si (7 more) ..."
07:59:51.2 (37185007)|VARIABLE_ASSIGNMENT|[10]|this.column1|"United Oil & Gas, Si (7 more) ..."|0x26129004
07:59:51.2 (37192125)|STATEMENT_EXECUTE|[119]
07:59:51.2 (37194148)|STATEMENT_EXECUTE|[124]
07:59:51.2 (37195385)|STATEMENT_EXECUTE|[129]
07:59:51.2 (37196667)|STATEMENT_EXECUTE|[135]
07:59:51.2 (37201766)|ENTERING_MANAGED_PKG|
07:59:51.2 (37210208)|HEAP_ALLOCATE|[EXTERNAL]|Bytes:4
07:59:51.2 (37215762)|STATEMENT_EXECUTE|[137]
07:59:51.2 (37227108)|ENTERING_MANAGED_PKG|
07:59:51.2 (37260820)|HEAP_ALLOCATE|[137]|Bytes:199
07:59:51.2 (37275313)|HEAP_ALLOCATE|[137]|Bytes:211
07:59:51.2 (37281709)|ENTERING_MANAGED_PKG|
07:59:51.2 (37288563)|USER_DEBUG|[137]|DEBUG|######## i: ListServerController:[column1=United Oil & Gas, Singapore, column2=null, column3=null, column4=null, eventField=001B00000066XxEIAU, mapObjectsFields={Account={Id, Name}}, recordID=001B00000066XxEIAU]
07:59:51.2 (37302463)|HEAP_ALLOCATE|[104]|Bytes:5
07:59:51.2 (37329226)|HEAP_ALLOCATE|[104]|Bytes:12
07:59:51.2 (37344195)|VARIABLE_SCOPE_BEGIN|[104]|e|SObject|true|false
07:59:51.2 (37358604)|VARIABLE_ASSIGNMENT|[104]|e|{"s":1,"v":{"Id":"001B00000066Xx5IAE","Name":"Edge Communications"}}|0x7d144986
07:59:51.2 (37361821)|STATEMENT_EXECUTE|[105]
07:59:51.2 (37362918)|STATEMENT_EXECUTE|[106]
07:59:51.2 (37374941)|ENTERING_MANAGED_PKG|
07:59:51.2 (37400807)|HEAP_ALLOCATE|[106]|Bytes:57
07:59:51.2 (37414192)|HEAP_ALLOCATE|[106]|Bytes:69
07:59:51.2 (37420472)|ENTERING_MANAGED_PKG|
07:59:51.2 (37427010)|USER_DEBUG|[106]|DEBUG|######## e: Account:{Id=001B00000066Xx5IAE, Name=Edge Communications}
07:59:51.2 (37432192)|STATEMENT_EXECUTE|[107]
07:59:51.2 (37436756)|HEAP_ALLOCATE|[107]|Bytes:28
07:59:51.2 (37446229)|CONSTRUCTOR_ENTRY|[107]|01pB0000000lc07|<init>()
07:59:51.2 (37451229)|VARIABLE_SCOPE_BEGIN|[1]|this|testautonumdata.ListServerController|true|false
07:59:51.2 (37470576)|VARIABLE_ASSIGNMENT|[1]|this|{}|0x5673e11
07:59:51.2 (37477895)|HEAP_ALLOCATE|[EXTERNAL]|Bytes:5
07:59:51.2 (37492331)|STATEMENT_EXECUTE|[1]
07:59:51.2 (37495845)|HEAP_ALLOCATE|[EXTERNAL]|Bytes:5
07:59:51.2 (37497857)|STATEMENT_EXECUTE|[6]
07:59:51.2 (37499252)|STATEMENT_EXECUTE|[8]
07:59:51.2 (37500348)|STATEMENT_EXECUTE|[10]
07:59:51.2 (37501348)|STATEMENT_EXECUTE|[12]
07:59:51.2 (37502283)|STATEMENT_EXECUTE|[14]
07:59:51.2 (37503217)|STATEMENT_EXECUTE|[16]
07:59:51.2 (37512952)|CONSTRUCTOR_EXIT|[107]|01pB0000000lc07|<init>()
07:59:51.2 (37517189)|VARIABLE_SCOPE_BEGIN|[107]|i|testautonumdata.ListServerController|true|false
07:59:51.2 (37536073)|VARIABLE_ASSIGNMENT|[107]|i|{}|0x5673e11
07:59:51.2 (37539935)|STATEMENT_EXECUTE|[110]
07:59:51.2 (37558426)|ENTERING_MANAGED_PKG|
07:59:51.2 (37585528)|HEAP_ALLOCATE|[110]|Bytes:4
07:59:51.2 (37607234)|ENTERING_MANAGED_PKG|
07:59:51.2 (37612486)|HEAP_ALLOCATE|[110]|Bytes:18
07:59:51.2 (37658731)|VARIABLE_ASSIGNMENT|[EXTERNAL]|this|{}|0x5673e11
07:59:51.2 (37669001)|VARIABLE_ASSIGNMENT|[EXTERNAL]|value|"001B00000066Xx5IAE"
07:59:51.2 (37682983)|VARIABLE_ASSIGNMENT|[6]|this.recordID|"001B00000066Xx5IAE"|0x5673e11
07:59:51.2 (37694111)|STATEMENT_EXECUTE|[112]
07:59:51.2 (37696575)|STATEMENT_EXECUTE|[113]
07:59:51.2 (37705256)|METHOD_ENTRY|[113]|01pB0000000ljzx|testautonumdata.Sparkle_Helper.GetSobjectField(SObject, String)
07:59:51.2 (37712762)|VARIABLE_SCOPE_BEGIN|[78]|e|SObject|true|false
07:59:51.2 (37729899)|VARIABLE_ASSIGNMENT|[78]|e|{"s":1,"v":{"Id":"001B00000066Xx5IAE","Name":"Edge Communications"}}|0x7d144986
07:59:51.2 (37735356)|VARIABLE_SCOPE_BEGIN|[78]|lcfield|String|false|false
07:59:51.2 (37741435)|VARIABLE_ASSIGNMENT|[78]|lcfield|"Id"
07:59:51.2 (37753166)|HEAP_ALLOCATE|[81]|Bytes:5
07:59:51.2 (37759290)|STATEMENT_EXECUTE|[79]
07:59:51.2 (37761399)|STATEMENT_EXECUTE|[81]
07:59:51.2 (37767735)|VARIABLE_SCOPE_BEGIN|[81]|returnValue|String|false|false
07:59:51.2 (37776769)|VARIABLE_ASSIGNMENT|[81]|returnValue|""
07:59:51.2 (37794784)|ENTERING_MANAGED_PKG|
07:59:51.2 (37810620)|STATEMENT_EXECUTE|[98]
07:59:51.2 (37825724)|ENTERING_MANAGED_PKG|
07:59:51.2 (37851627)|HEAP_ALLOCATE|[98]|Bytes:4
07:59:51.2 (37878060)|ENTERING_MANAGED_PKG|
07:59:51.2 (37884737)|HEAP_ALLOCATE|[98]|Bytes:18
07:59:51.2 (37906928)|VARIABLE_ASSIGNMENT|[98]|returnValue|"001B00000066Xx5IAE"
07:59:51.2 (37911860)|STATEMENT_EXECUTE|[100]
07:59:51.2 (37923086)|METHOD_EXIT|[113]|01pB0000000ljzx|testautonumdata.Sparkle_Helper.GetSobjectField(SObject, String)
07:59:51.2 (37963844)|VARIABLE_ASSIGNMENT|[EXTERNAL]|this|{"recordID":"001B00000066Xx5IAE"}|0x5673e11
07:59:51.2 (37973363)|VARIABLE_ASSIGNMENT|[EXTERNAL]|value|"001B00000066Xx5IAE"
07:59:51.2 (37985424)|VARIABLE_ASSIGNMENT|[8]|this.eventField|"001B00000066Xx5IAE"|0x5673e11
07:59:51.2 (37996593)|STATEMENT_EXECUTE|[116]
07:59:51.2 (37999107)|STATEMENT_EXECUTE|[117]
07:59:51.2 (38007727)|METHOD_ENTRY|[117]|01pB0000000ljzx|testautonumdata.Sparkle_Helper.GetSobjectField(SObject, String)
07:59:51.2 (38016641)|VARIABLE_SCOPE_BEGIN|[78]|e|SObject|true|false
07:59:51.2 (38034057)|VARIABLE_ASSIGNMENT|[78]|e|{"s":1,"v":{"Id":"001B00000066Xx5IAE","Name":"Edge Communications"}}|0x7d144986
07:59:51.2 (38038964)|VARIABLE_SCOPE_BEGIN|[78]|lcfield|String|false|false
07:59:51.2 (38045010)|VARIABLE_ASSIGNMENT|[78]|lcfield|"Name"
07:59:51.2 (38056153)|HEAP_ALLOCATE|[81]|Bytes:5
07:59:51.2 (38061561)|STATEMENT_EXECUTE|[79]
07:59:51.2 (38063601)|STATEMENT_EXECUTE|[81]
07:59:51.2 (38070066)|VARIABLE_SCOPE_BEGIN|[81]|returnValue|String|false|false
07:59:51.2 (38078922)|VARIABLE_ASSIGNMENT|[81]|returnValue|""
07:59:51.2 (38096973)|ENTERING_MANAGED_PKG|
07:59:51.2 (38112864)|STATEMENT_EXECUTE|[98]
07:59:51.2 (38128966)|ENTERING_MANAGED_PKG|
07:59:51.2 (38156249)|HEAP_ALLOCATE|[98]|Bytes:19
07:59:51.2 (38181446)|ENTERING_MANAGED_PKG|
07:59:51.2 (38188016)|HEAP_ALLOCATE|[98]|Bytes:19
07:59:51.2 (38210265)|VARIABLE_ASSIGNMENT|[98]|returnValue|"Edge Communications"
07:59:51.2 (38215393)|STATEMENT_EXECUTE|[100]
07:59:51.2 (38226937)|METHOD_EXIT|[117]|01pB0000000ljzx|testautonumdata.Sparkle_Helper.GetSobjectField(SObject, String)
07:59:51.2 (38268794)|VARIABLE_ASSIGNMENT|[EXTERNAL]|this|{"eventField":"001B00000066Xx5IAE","recordID":"001B00000066Xx5IAE"}|0x5673e11
07:59:51.2 (38278178)|VARIABLE_ASSIGNMENT|[EXTERNAL]|value|"Edge Communications"
07:59:51.2 (38290435)|VARIABLE_ASSIGNMENT|[10]|this.column1|"Edge Communications"|0x5673e11
07:59:51.2 (38301554)|STATEMENT_EXECUTE|[119]
07:59:51.2 (38305153)|STATEMENT_EXECUTE|[124]
07:59:51.2 (38307294)|STATEMENT_EXECUTE|[129]
07:59:51.2 (38309430)|STATEMENT_EXECUTE|[135]
07:59:51.2 (38324453)|ENTERING_MANAGED_PKG|
07:59:51.2 (38338211)|HEAP_ALLOCATE|[EXTERNAL]|Bytes:4
07:59:51.2 (38349660)|STATEMENT_EXECUTE|[137]
07:59:51.2 (38368681)|ENTERING_MANAGED_PKG|
07:59:51.2 (38418183)|HEAP_ALLOCATE|[137]|Bytes:191
07:59:51.2 (38441133)|HEAP_ALLOCATE|[137]|Bytes:203
07:59:51.2 (38453574)|ENTERING_MANAGED_PKG|
07:59:51.2 (38463792)|USER_DEBUG|[137]|DEBUG|######## i: ListServerController:[column1=Edge Communications, column2=null, column3=null, column4=null, eventField=001B00000066Xx5IAE, mapObjectsFields={Account={Id, Name}}, recordID=001B00000066Xx5IAE]
07:59:51.2 (38487260)|HEAP_ALLOCATE|[104]|Bytes:5
07:59:51.2 (38521806)|HEAP_ALLOCATE|[104]|Bytes:12
07:59:51.2 (38545298)|VARIABLE_SCOPE_BEGIN|[104]|e|SObject|true|false
07:59:51.2 (38568691)|VARIABLE_ASSIGNMENT|[104]|e|{"s":1,"v":{"Id":"001B00000066Xx6IAE","Name":"Burlington Textiles  (15 more) ..."}}|0x8d6da93
07:59:51.2 (38575074)|STATEMENT_EXECUTE|[105]
07:59:51.2 (38576988)|STATEMENT_EXECUTE|[106]
07:59:51.2 (38591050)|ENTERING_MANAGED_PKG|
07:59:51.2 (38617793)|HEAP_ALLOCATE|[106]|Bytes:73
07:59:51.2 (38631437)|HEAP_ALLOCATE|[106]|Bytes:85
07:59:51.2 (38637829)|ENTERING_MANAGED_PKG|
07:59:51.2 (38644305)|USER_DEBUG|[106]|DEBUG|######## e: Account:{Id=001B00000066Xx6IAE, Name=Burlington Textiles Corp of America}
07:59:51.2 (38649731)|STATEMENT_EXECUTE|[107]
07:59:51.2 (38654393)|HEAP_ALLOCATE|[107]|Bytes:28
07:59:51.2 (38663932)|CONSTRUCTOR_ENTRY|[107]|01pB0000000lc07|<init>()
07:59:51.2 (38668600)|VARIABLE_SCOPE_BEGIN|[1]|this|testautonumdata.ListServerController|true|false
07:59:51.2 (38688501)|VARIABLE_ASSIGNMENT|[1]|this|{}|0x1714b192
07:59:51.2 (38696055)|HEAP_ALLOCATE|[EXTERNAL]|Bytes:5
07:59:51.2 (38710839)|STATEMENT_EXECUTE|[1]
07:59:51.2 (38714384)|HEAP_ALLOCATE|[EXTERNAL]|Bytes:5
07:59:51.2 (38716367)|STATEMENT_EXECUTE|[6]
07:59:51.2 (38717758)|STATEMENT_EXECUTE|[8]
07:59:51.2 (38718836)|STATEMENT_EXECUTE|[10]
07:59:51.2 (38719804)|STATEMENT_EXECUTE|[12]
07:59:51.2 (38720760)|STATEMENT_EXECUTE|[14]
07:59:51.2 (38721690)|STATEMENT_EXECUTE|[16]
07:59:51.2 (38731531)|CONSTRUCTOR_EXIT|[107]|01pB0000000lc07|<init>()
07:59:51.2 (38735758)|VARIABLE_SCOPE_BEGIN|[107]|i|testautonumdata.ListServerController|true|false
07:59:51.2 (38753054)|VARIABLE_ASSIGNMENT|[107]|i|{}|0x1714b192
07:59:51.2 (38755447)|STATEMENT_EXECUTE|[110]
07:59:51.2 (38767612)|ENTERING_MANAGED_PKG|
07:59:51.2 (38787675)|HEAP_ALLOCATE|[110]|Bytes:4
07:59:51.2 (38802077)|ENTERING_MANAGED_PKG|
07:59:51.2 (38805392)|HEAP_ALLOCATE|[110]|Bytes:18
07:59:51.2 (38831307)|VARIABLE_ASSIGNMENT|[EXTERNAL]|this|{}|0x1714b192
07:59:51.2 (38837280)|VARIABLE_ASSIGNMENT|[EXTERNAL]|value|"001B00000066Xx6IAE"
07:59:51.2 (38844376)|VARIABLE_ASSIGNMENT|[6]|this.recordID|"001B00000066Xx6IAE"|0x1714b192
07:59:51.2 (38850484)|STATEMENT_EXECUTE|[112]
07:59:51.2 (38851774)|STATEMENT_EXECUTE|[113]
07:59:51.2 (38856635)|METHOD_ENTRY|[113]|01pB0000000ljzx|testautonumdata.Sparkle_Helper.GetSobjectField(SObject, String)
07:59:51.2 (38860646)|VARIABLE_SCOPE_BEGIN|[78]|e|SObject|true|false
07:59:51.2 (38872402)|VARIABLE_ASSIGNMENT|[78]|e|{"s":1,"v":{"Id":"001B00000066Xx6IAE","Name":"Burlington Textiles  (15 more) ..."}}|0x8d6da93
07:59:51.2 (38874880)|VARIABLE_SCOPE_BEGIN|[78]|lcfield|String|false|false
07:59:51.2 (38877938)|VARIABLE_ASSIGNMENT|[78]|lcfield|"Id"
07:59:51.2 (38885478)|HEAP_ALLOCATE|[81]|Bytes:5
07:59:51.2 (38888769)|STATEMENT_EXECUTE|[79]
07:59:51.2 (38889921)|STATEMENT_EXECUTE|[81]
07:59:51.2 (38893621)|VARIABLE_SCOPE_BEGIN|[81]|returnValue|String|false|false
07:59:51.2 (38897915)|VARIABLE_ASSIGNMENT|[81]|returnValue|""
07:59:51.2 (38909110)|ENTERING_MANAGED_PKG|
07:59:51.2 (38916960)|STATEMENT_EXECUTE|[98]
07:59:51.2 (38923397)|ENTERING_MANAGED_PKG|
07:59:51.2 (38940836)|HEAP_ALLOCATE|[98]|Bytes:4
07:59:51.2 (38954457)|ENTERING_MANAGED_PKG|
07:59:51.2 (38957861)|HEAP_ALLOCATE|[98]|Bytes:18
07:59:51.2 (38968941)|VARIABLE_ASSIGNMENT|[98]|returnValue|"001B00000066Xx6IAE"
07:59:51.2 (38971500)|STATEMENT_EXECUTE|[100]
07:59:51.2 (38978086)|METHOD_EXIT|[113]|01pB0000000ljzx|testautonumdata.Sparkle_Helper.GetSobjectField(SObject, String)
07:59:51.2 (39002167)|VARIABLE_ASSIGNMENT|[EXTERNAL]|this|{"recordID":"001B00000066Xx6IAE"}|0x1714b192
07:59:51.2 (39007679)|VARIABLE_ASSIGNMENT|[EXTERNAL]|value|"001B00000066Xx6IAE"
07:59:51.2 (39013662)|VARIABLE_ASSIGNMENT|[8]|this.eventField|"001B00000066Xx6IAE"|0x1714b192
07:59:51.2 (39019717)|STATEMENT_EXECUTE|[116]
07:59:51.2 (39020914)|STATEMENT_EXECUTE|[117]
07:59:51.2 (39024891)|METHOD_ENTRY|[117]|01pB0000000ljzx|testautonumdata.Sparkle_Helper.GetSobjectField(SObject, String)
07:59:51.2 (39028771)|VARIABLE_SCOPE_BEGIN|[78]|e|SObject|true|false
07:59:51.2 (39039777)|VARIABLE_ASSIGNMENT|[78]|e|{"s":1,"v":{"Id":"001B00000066Xx6IAE","Name":"Burlington Textiles  (15 more) ..."}}|0x8d6da93
07:59:51.2 (39042214)|VARIABLE_SCOPE_BEGIN|[78]|lcfield|String|false|false
07:59:51.2 (39045116)|VARIABLE_ASSIGNMENT|[78]|lcfield|"Name"
07:59:51.2 (39052340)|HEAP_ALLOCATE|[81]|Bytes:5
07:59:51.2 (39055495)|STATEMENT_EXECUTE|[79]
07:59:51.2 (39056652)|STATEMENT_EXECUTE|[81]
07:59:51.2 (39060337)|VARIABLE_SCOPE_BEGIN|[81]|returnValue|String|false|false
07:59:51.2 (39064345)|VARIABLE_ASSIGNMENT|[81]|returnValue|""
07:59:51.2 (39075317)|ENTERING_MANAGED_PKG|
07:59:51.2 (39083113)|STATEMENT_EXECUTE|[98]
07:59:51.2 (39089576)|ENTERING_MANAGED_PKG|
07:59:51.2 (39107577)|HEAP_ALLOCATE|[98]|Bytes:35
07:59:51.2 (39121106)|ENTERING_MANAGED_PKG|
07:59:51.2 (39124334)|HEAP_ALLOCATE|[98]|Bytes:35
07:59:51.2 (39136269)|VARIABLE_ASSIGNMENT|[98]|returnValue|"Burlington Textiles  (15 more) ..."
07:59:51.2 (39139003)|STATEMENT_EXECUTE|[100]
07:59:51.2 (39147096)|METHOD_EXIT|[117]|01pB0000000ljzx|testautonumdata.Sparkle_Helper.GetSobjectField(SObject, String)
07:59:51.2 (39187646)|VARIABLE_ASSIGNMENT|[EXTERNAL]|this|{"eventField":"001B00000066Xx6IAE","recordID":"001B00000066Xx6IAE"}|0x1714b192
07:59:51.2 (39197577)|VARIABLE_ASSIGNMENT|[EXTERNAL]|value|"Burlington Textiles  (15 more) ..."
07:59:51.2 (39208935)|VARIABLE_ASSIGNMENT|[10]|this.column1|"Burlington Textiles  (15 more) ..."|0x1714b192
07:59:51.2 (39218848)|STATEMENT_EXECUTE|[119]
07:59:51.2 (39221838)|STATEMENT_EXECUTE|[124]
07:59:51.2 (39224533)|STATEMENT_EXECUTE|[129]
07:59:51.2 (39226510)|STATEMENT_EXECUTE|[135]
07:59:51.2 (39234765)|ENTERING_MANAGED_PKG|
07:59:51.2 (39247932)|HEAP_ALLOCATE|[EXTERNAL]|Bytes:4
07:59:51.2 (39259496)|STATEMENT_EXECUTE|[137]
07:59:51.2 (39279620)|ENTERING_MANAGED_PKG|
07:59:51.2 (39336530)|HEAP_ALLOCATE|[137]|Bytes:207
07:59:51.2 (39359817)|HEAP_ALLOCATE|[137]|Bytes:219
07:59:51.2 (39372313)|ENTERING_MANAGED_PKG|
07:59:51.2 (39382896)|USER_DEBUG|[137]|DEBUG|######## i: ListServerController:[column1=Burlington Textiles Corp of America, column2=null, column3=null, column4=null, eventField=001B00000066Xx6IAE, mapObjectsFields={Account={Id, Name}}, recordID=001B00000066Xx6IAE]
07:59:51.2 (39406051)|HEAP_ALLOCATE|[104]|Bytes:5
07:59:51.2 (39440934)|HEAP_ALLOCATE|[104]|Bytes:12
07:59:51.2 (39463608)|VARIABLE_SCOPE_BEGIN|[104]|e|SObject|true|false
07:59:51.2 (39486861)|VARIABLE_ASSIGNMENT|[104]|e|{"s":1,"v":{"Id":"001B00000066Xx7IAE","Name":"Pyramid Construction (5 more) ..."}}|0x5426de5a
07:59:51.2 (39492065)|STATEMENT_EXECUTE|[105]
07:59:51.2 (39494458)|STATEMENT_EXECUTE|[106]
07:59:51.2 (39513255)|ENTERING_MANAGED_PKG|
07:59:51.2 (39552957)|HEAP_ALLOCATE|[106]|Bytes:63
07:59:51.2 (39576017)|HEAP_ALLOCATE|[106]|Bytes:75
07:59:51.2 (39588098)|ENTERING_MANAGED_PKG|
07:59:51.2 (39597776)|USER_DEBUG|[106]|DEBUG|######## e: Account:{Id=001B00000066Xx7IAE, Name=Pyramid Construction Inc.}
07:59:51.2 (39608333)|STATEMENT_EXECUTE|[107]
07:59:51.2 (39615823)|HEAP_ALLOCATE|[107]|Bytes:28
07:59:51.2 (39631932)|CONSTRUCTOR_ENTRY|[107]|01pB0000000lc07|<init>()
07:59:51.2 (39640780)|VARIABLE_SCOPE_BEGIN|[1]|this|testautonumdata.ListServerController|true|false
07:59:51.2 (39669817)|VARIABLE_ASSIGNMENT|[1]|this|{}|0x1bfbbe3b
07:59:51.2 (39680788)|HEAP_ALLOCATE|[EXTERNAL]|Bytes:5
07:59:51.2 (39705588)|STATEMENT_EXECUTE|[1]
07:59:51.2 (39713361)|HEAP_ALLOCATE|[EXTERNAL]|Bytes:5
07:59:51.2 (39718219)|STATEMENT_EXECUTE|[6]
07:59:51.2 (39720638)|STATEMENT_EXECUTE|[8]
07:59:51.2 (39722844)|STATEMENT_EXECUTE|[10]
07:59:51.2 (39724682)|STATEMENT_EXECUTE|[12]
07:59:51.2 (39726384)|STATEMENT_EXECUTE|[14]
07:59:51.2 (39728294)|STATEMENT_EXECUTE|[16]
07:59:51.2 (39744717)|CONSTRUCTOR_EXIT|[107]|01pB0000000lc07|<init>()
07:59:51.2 (39752995)|VARIABLE_SCOPE_BEGIN|[107]|i|testautonumdata.ListServerController|true|false
07:59:51.2 (39782057)|VARIABLE_ASSIGNMENT|[107]|i|{}|0x1bfbbe3b
07:59:51.2 (39786472)|STATEMENT_EXECUTE|[110]
07:59:51.2 (39804843)|ENTERING_MANAGED_PKG|
07:59:51.2 (39833467)|HEAP_ALLOCATE|[110]|Bytes:4
07:59:51.2 (39860647)|ENTERING_MANAGED_PKG|
07:59:51.2 (39867210)|HEAP_ALLOCATE|[110]|Bytes:18
07:59:51.2 (39912799)|VARIABLE_ASSIGNMENT|[EXTERNAL]|this|{}|0x1bfbbe3b
07:59:51.2 (39922928)|VARIABLE_ASSIGNMENT|[EXTERNAL]|value|"001B00000066Xx7IAE"
07:59:51.2 (39936440)|VARIABLE_ASSIGNMENT|[6]|this.recordID|"001B00000066Xx7IAE"|0x1bfbbe3b
07:59:51.2 (39947268)|STATEMENT_EXECUTE|[112]
07:59:51.2 (39949927)|STATEMENT_EXECUTE|[113]
07:59:51.2 (39958668)|METHOD_ENTRY|[113]|01pB0000000ljzx|testautonumdata.Sparkle_Helper.GetSobjectField(SObject, String)
07:59:51.2 (39966215)|VARIABLE_SCOPE_BEGIN|[78]|e|SObject|true|false
07:59:51.2 (39984815)|VARIABLE_ASSIGNMENT|[78]|e|{"s":1,"v":{"Id":"001B00000066Xx7IAE","Name":"Pyramid Construction (5 more) ..."}}|0x5426de5a
07:59:51.2 (39990188)|VARIABLE_SCOPE_BEGIN|[78]|lcfield|String|false|false
07:59:51.2 (39996720)|VARIABLE_ASSIGNMENT|[78]|lcfield|"Id"
07:59:51.2 (40007597)|HEAP_ALLOCATE|[81]|Bytes:5
07:59:51.2 (40014852)|STATEMENT_EXECUTE|[79]
07:59:51.2 (40017266)|STATEMENT_EXECUTE|[81]
07:59:51.2 (40023924)|VARIABLE_SCOPE_BEGIN|[81]|returnValue|String|false|false
07:59:51.2 (40032897)|VARIABLE_ASSIGNMENT|[81]|returnValue|""
07:59:51.2 (40050694)|ENTERING_MANAGED_PKG|
07:59:51.2 (40066809)|STATEMENT_EXECUTE|[98]
07:59:51.2 (40081567)|ENTERING_MANAGED_PKG|
07:59:51.2 (40107780)|HEAP_ALLOCATE|[98]|Bytes:4
07:59:51.2 (40134084)|ENTERING_MANAGED_PKG|
07:59:51.2 (40141274)|HEAP_ALLOCATE|[98]|Bytes:18
07:59:51.2 (40164003)|VARIABLE_ASSIGNMENT|[98]|returnValue|"001B00000066Xx7IAE"
07:59:51.2 (40169142)|STATEMENT_EXECUTE|[100]
07:59:51.2 (40180887)|METHOD_EXIT|[113]|01pB0000000ljzx|testautonumdata.Sparkle_Helper.GetSobjectField(SObject, String)
07:59:51.2 (40210479)|VARIABLE_ASSIGNMENT|[EXTERNAL]|this|{"recordID":"001B00000066Xx7IAE"}|0x1bfbbe3b
07:59:51.2 (40215416)|VARIABLE_ASSIGNMENT|[EXTERNAL]|value|"001B00000066Xx7IAE"
07:59:51.2 (40221538)|VARIABLE_ASSIGNMENT|[8]|this.eventField|"001B00000066Xx7IAE"|0x1bfbbe3b
07:59:51.2 (40228121)|STATEMENT_EXECUTE|[116]
07:59:51.2 (40229409)|STATEMENT_EXECUTE|[117]
07:59:51.2 (40233674)|METHOD_ENTRY|[117]|01pB0000000ljzx|testautonumdata.Sparkle_Helper.GetSobjectField(SObject, String)
07:59:51.2 (40237352)|VARIABLE_SCOPE_BEGIN|[78]|e|SObject|true|false
07:59:51.2 (40248600)|VARIABLE_ASSIGNMENT|[78]|e|{"s":1,"v":{"Id":"001B00000066Xx7IAE","Name":"Pyramid Construction (5 more) ..."}}|0x5426de5a
07:59:51.2 (40250971)|VARIABLE_SCOPE_BEGIN|[78]|lcfield|String|false|false
07:59:51.2 (40253922)|VARIABLE_ASSIGNMENT|[78]|lcfield|"Name"
07:59:51.2 (40261690)|HEAP_ALLOCATE|[81]|Bytes:5
07:59:51.2 (40264932)|STATEMENT_EXECUTE|[79]
07:59:51.2 (40266023)|STATEMENT_EXECUTE|[81]
07:59:51.2 (40269602)|VARIABLE_SCOPE_BEGIN|[81]|returnValue|String|false|false
07:59:51.2 (40273687)|VARIABLE_ASSIGNMENT|[81]|returnValue|""
07:59:51.2 (40285064)|ENTERING_MANAGED_PKG|
07:59:51.2 (40292742)|STATEMENT_EXECUTE|[98]
07:59:51.2 (40299179)|ENTERING_MANAGED_PKG|
07:59:51.2 (40322842)|HEAP_ALLOCATE|[98]|Bytes:25
07:59:51.2 (40337649)|ENTERING_MANAGED_PKG|
07:59:51.2 (40341008)|HEAP_ALLOCATE|[98]|Bytes:25
07:59:51.2 (40353607)|VARIABLE_ASSIGNMENT|[98]|returnValue|"Pyramid Construction (5 more) ..."
07:59:51.2 (40356224)|STATEMENT_EXECUTE|[100]
07:59:51.2 (40363197)|METHOD_EXIT|[117]|01pB0000000ljzx|testautonumdata.Sparkle_Helper.GetSobjectField(SObject, String)
07:59:51.2 (40388690)|VARIABLE_ASSIGNMENT|[EXTERNAL]|this|{"eventField":"001B00000066Xx7IAE","recordID":"001B00000066Xx7IAE"}|0x1bfbbe3b
07:59:51.2 (40394299)|VARIABLE_ASSIGNMENT|[EXTERNAL]|value|"Pyramid Construction (5 more) ..."
07:59:51.2 (40401122)|VARIABLE_ASSIGNMENT|[10]|this.column1|"Pyramid Construction (5 more) ..."|0x1bfbbe3b
07:59:51.2 (40407405)|STATEMENT_EXECUTE|[119]
07:59:51.2 (40409116)|STATEMENT_EXECUTE|[124]
07:59:51.2 (40410361)|STATEMENT_EXECUTE|[129]
07:59:51.2 (40411420)|STATEMENT_EXECUTE|[135]
07:59:51.2 (40416122)|ENTERING_MANAGED_PKG|
07:59:51.2 (40424373)|HEAP_ALLOCATE|[EXTERNAL]|Bytes:4
07:59:51.2 (40429766)|STATEMENT_EXECUTE|[137]
07:59:51.2 (40440748)|ENTERING_MANAGED_PKG|
07:59:51.2 (40473869)|HEAP_ALLOCATE|[137]|Bytes:197
07:59:51.2 (40488127)|HEAP_ALLOCATE|[137]|Bytes:209
07:59:51.2 (40494589)|ENTERING_MANAGED_PKG|
07:59:51.2 (40501350)|USER_DEBUG|[137]|DEBUG|######## i: ListServerController:[column1=Pyramid Construction Inc., column2=null, column3=null, column4=null, eventField=001B00000066Xx7IAE, mapObjectsFields={Account={Id, Name}}, recordID=001B00000066Xx7IAE]
07:59:51.2 (40514720)|HEAP_ALLOCATE|[104]|Bytes:5
07:59:51.2 (40536651)|HEAP_ALLOCATE|[104]|Bytes:12
07:59:51.2 (40550536)|VARIABLE_SCOPE_BEGIN|[104]|e|SObject|true|false
07:59:51.2 (40564763)|VARIABLE_ASSIGNMENT|[104]|e|{"s":1,"v":{"Id":"001B00000066Xx8IAE","Name":"Dickenson plc"}}|0x7f38ae07
07:59:51.2 (40567910)|STATEMENT_EXECUTE|[105]
07:59:51.2 (40569009)|STATEMENT_EXECUTE|[106]
07:59:51.2 (40580705)|ENTERING_MANAGED_PKG|
07:59:51.2 (40615766)|HEAP_ALLOCATE|[106]|Bytes:51
07:59:51.2 (40637445)|HEAP_ALLOCATE|[106]|Bytes:63
07:59:51.2 (40647337)|ENTERING_MANAGED_PKG|
07:59:51.2 (40655871)|USER_DEBUG|[106]|DEBUG|######## e: Account:{Id=001B00000066Xx8IAE, Name=Dickenson plc}
07:59:51.2 (40664618)|STATEMENT_EXECUTE|[107]
07:59:51.2 (40671254)|HEAP_ALLOCATE|[107]|Bytes:28
07:59:51.2 (40687737)|CONSTRUCTOR_ENTRY|[107]|01pB0000000lc07|<init>()
07:59:51.2 (40697024)|VARIABLE_SCOPE_BEGIN|[1]|this|testautonumdata.ListServerController|true|false
07:59:51.2 (40725369)|VARIABLE_ASSIGNMENT|[1]|this|{}|0x29db8ff0
07:59:51.2 (40737064)|HEAP_ALLOCATE|[EXTERNAL]|Bytes:5
07:59:51.2 (40762255)|STATEMENT_EXECUTE|[1]
07:59:51.2 (40769952)|HEAP_ALLOCATE|[EXTERNAL]|Bytes:5
07:59:51.2 (40774674)|STATEMENT_EXECUTE|[6]
07:59:51.2 (40777337)|STATEMENT_EXECUTE|[8]
07:59:51.2 (40779241)|STATEMENT_EXECUTE|[10]
07:59:51.2 (40781022)|STATEMENT_EXECUTE|[12]
07:59:51.2 (40782881)|STATEMENT_EXECUTE|[14]
07:59:51.2 (40784972)|STATEMENT_EXECUTE|[16]
07:59:51.2 (40801772)|CONSTRUCTOR_EXIT|[107]|01pB0000000lc07|<init>()
07:59:51.2 (40809979)|VARIABLE_SCOPE_BEGIN|[107]|i|testautonumdata.ListServerController|true|false
07:59:51.2 (40838416)|VARIABLE_ASSIGNMENT|[107]|i|{}|0x29db8ff0
07:59:51.2 (40842818)|STATEMENT_EXECUTE|[110]
07:59:51.2 (40861695)|ENTERING_MANAGED_PKG|
07:59:51.2 (40890625)|HEAP_ALLOCATE|[110]|Bytes:4
07:59:51.2 (40917682)|ENTERING_MANAGED_PKG|
07:59:51.2 (40924304)|HEAP_ALLOCATE|[110]|Bytes:18
07:59:51.2 (40969867)|VARIABLE_ASSIGNMENT|[EXTERNAL]|this|{}|0x29db8ff0
07:59:51.2 (40980666)|VARIABLE_ASSIGNMENT|[EXTERNAL]|value|"001B00000066Xx8IAE"
07:59:51.2 (40993799)|VARIABLE_ASSIGNMENT|[6]|this.recordID|"001B00000066Xx8IAE"|0x29db8ff0
07:59:51.2 (41005201)|STATEMENT_EXECUTE|[112]
07:59:51.2 (41008945)|STATEMENT_EXECUTE|[113]
07:59:51.2 (41017664)|METHOD_ENTRY|[113]|01pB0000000ljzx|testautonumdata.Sparkle_Helper.GetSobjectField(SObject, String)
07:59:51.2 (41025599)|VARIABLE_SCOPE_BEGIN|[78]|e|SObject|true|false
07:59:51.2 (41043585)|VARIABLE_ASSIGNMENT|[78]|e|{"s":1,"v":{"Id":"001B00000066Xx8IAE","Name":"Dickenson plc"}}|0x7f38ae07
07:59:51.2 (41048631)|VARIABLE_SCOPE_BEGIN|[78]|lcfield|String|false|false
07:59:51.2 (41054439)|VARIABLE_ASSIGNMENT|[78]|lcfield|"Id"
07:59:51.2 (41065768)|HEAP_ALLOCATE|[81]|Bytes:5
07:59:51.2 (41071619)|STATEMENT_EXECUTE|[79]
07:59:51.2 (41073672)|STATEMENT_EXECUTE|[81]
07:59:51.2 (41080077)|VARIABLE_SCOPE_BEGIN|[81]|returnValue|String|false|false
07:59:51.2 (41088940)|VARIABLE_ASSIGNMENT|[81]|returnValue|""
07:59:51.2 (41106619)|ENTERING_MANAGED_PKG|
07:59:51.2 (41122778)|STATEMENT_EXECUTE|[98]
07:59:51.2 (41139183)|ENTERING_MANAGED_PKG|
07:59:51.2 (41165508)|HEAP_ALLOCATE|[98]|Bytes:4
07:59:51.2 (41191462)|ENTERING_MANAGED_PKG|
07:59:51.2 (41198027)|HEAP_ALLOCATE|[98]|Bytes:18
07:59:51.2 (41219824)|VARIABLE_ASSIGNMENT|[98]|returnValue|"001B00000066Xx8IAE"
07:59:51.2 (41224755)|STATEMENT_EXECUTE|[100]
07:59:51.2 (41235785)|METHOD_EXIT|[113]|01pB0000000ljzx|testautonumdata.Sparkle_Helper.GetSobjectField(SObject, String)
07:59:51.2 (41276440)|VARIABLE_ASSIGNMENT|[EXTERNAL]|this|{"recordID":"001B00000066Xx8IAE"}|0x29db8ff0
07:59:51.2 (41285605)|VARIABLE_ASSIGNMENT|[EXTERNAL]|value|"001B00000066Xx8IAE"
07:59:51.2 (41297919)|VARIABLE_ASSIGNMENT|[8]|this.eventField|"001B00000066Xx8IAE"|0x29db8ff0
07:59:51.2 (41308938)|STATEMENT_EXECUTE|[116]
07:59:51.2 (41311545)|STATEMENT_EXECUTE|[117]
07:59:51.2 (41325437)|METHOD_ENTRY|[117]|01pB0000000ljzx|testautonumdata.Sparkle_Helper.GetSobjectField(SObject, String)
07:59:51.2 (41333722)|VARIABLE_SCOPE_BEGIN|[78]|e|SObject|true|false
07:59:51.2 (41351017)|VARIABLE_ASSIGNMENT|[78]|e|{"s":1,"v":{"Id":"001B00000066Xx8IAE","Name":"Dickenson plc"}}|0x7f38ae07
07:59:51.2 (41356119)|VARIABLE_SCOPE_BEGIN|[78]|lcfield|String|false|false
07:59:51.2 (41362237)|VARIABLE_ASSIGNMENT|[78]|lcfield|"Name"
07:59:51.2 (41373759)|HEAP_ALLOCATE|[81]|Bytes:5
07:59:51.2 (41380445)|STATEMENT_EXECUTE|[79]
07:59:51.2 (41382680)|STATEMENT_EXECUTE|[81]
07:59:51.2 (41389080)|VARIABLE_SCOPE_BEGIN|[81]|returnValue|String|false|false
07:59:51.2 (41398150)|VARIABLE_ASSIGNMENT|[81]|returnValue|""
07:59:51.2 (41416091)|ENTERING_MANAGED_PKG|
07:59:51.2 (41432788)|STATEMENT_EXECUTE|[98]
07:59:51.2 (41447776)|ENTERING_MANAGED_PKG|
07:59:51.2 (41473998)|HEAP_ALLOCATE|[98]|Bytes:13
07:59:51.2 (41499053)|ENTERING_MANAGED_PKG|
07:59:51.2 (41505501)|HEAP_ALLOCATE|[98]|Bytes:13
07:59:51.2 (41527692)|VARIABLE_ASSIGNMENT|[98]|returnValue|"Dickenson plc"
07:59:51.2 (41532364)|STATEMENT_EXECUTE|[100]
07:59:51.2 (41544052)|METHOD_EXIT|[117]|01pB0000000ljzx|testautonumdata.Sparkle_Helper.GetSobjectField(SObject, String)
07:59:51.2 (41585758)|VARIABLE_ASSIGNMENT|[EXTERNAL]|this|{"eventField":"001B00000066Xx8IAE","recordID":"001B00000066Xx8IAE"}|0x29db8ff0
07:59:51.2 (41595453)|VARIABLE_ASSIGNMENT|[EXTERNAL]|value|"Dickenson plc"
07:59:51.2 (41608267)|VARIABLE_ASSIGNMENT|[10]|this.column1|"Dickenson plc"|0x29db8ff0
07:59:51.2 (41619748)|STATEMENT_EXECUTE|[119]
07:59:51.2 (41622261)|STATEMENT_EXECUTE|[124]
07:59:51.2 (41623800)|STATEMENT_EXECUTE|[129]
07:59:51.2 (41624903)|STATEMENT_EXECUTE|[135]
07:59:51.2 (41630695)|ENTERING_MANAGED_PKG|
07:59:51.2 (41639490)|HEAP_ALLOCATE|[EXTERNAL]|Bytes:4
07:59:51.2 (41645146)|STATEMENT_EXECUTE|[137]
07:59:51.2 (41656838)|ENTERING_MANAGED_PKG|
07:59:51.2 (41690460)|HEAP_ALLOCATE|[137]|Bytes:185
07:59:51.2 (41704799)|HEAP_ALLOCATE|[137]|Bytes:197
07:59:51.2 (41711181)|ENTERING_MANAGED_PKG|
07:59:51.2 (41718071)|USER_DEBUG|[137]|DEBUG|######## i: ListServerController:[column1=Dickenson plc, column2=null, column3=null, column4=null, eventField=001B00000066Xx8IAE, mapObjectsFields={Account={Id, Name}}, recordID=001B00000066Xx8IAE]
07:59:51.2 (41731462)|HEAP_ALLOCATE|[104]|Bytes:5
07:59:51.2 (41754209)|HEAP_ALLOCATE|[104]|Bytes:12
07:59:51.2 (41768379)|VARIABLE_SCOPE_BEGIN|[104]|e|SObject|true|false
07:59:51.2 (41783736)|VARIABLE_ASSIGNMENT|[104]|e|{"s":1,"v":{"Id":"001B00000066Xx9IAE","Name":"Hospital Universitar (14 more) ..."}}|0x20bf901f
07:59:51.2 (41787020)|STATEMENT_EXECUTE|[105]
07:59:51.2 (41788364)|STATEMENT_EXECUTE|[106]
07:59:51.2 (41800328)|ENTERING_MANAGED_PKG|
07:59:51.2 (41825929)|HEAP_ALLOCATE|[106]|Bytes:72
07:59:51.2 (41839293)|HEAP_ALLOCATE|[106]|Bytes:84
07:59:51.2 (41845662)|ENTERING_MANAGED_PKG|
07:59:51.2 (41852003)|USER_DEBUG|[106]|DEBUG|######## e: Account:{Id=001B00000066Xx9IAE, Name=Hospital Universitario San Ignacio}
07:59:51.2 (41857233)|STATEMENT_EXECUTE|[107]
07:59:51.2 (41861868)|HEAP_ALLOCATE|[107]|Bytes:28
07:59:51.2 (41871482)|CONSTRUCTOR_ENTRY|[107]|01pB0000000lc07|<init>()
07:59:51.2 (41876132)|VARIABLE_SCOPE_BEGIN|[1]|this|testautonumdata.ListServerController|true|false
07:59:51.2 (41895848)|VARIABLE_ASSIGNMENT|[1]|this|{}|0x15f0ab6c
07:59:51.2 (41903008)|HEAP_ALLOCATE|[EXTERNAL]|Bytes:5
07:59:51.2 (41918966)|STATEMENT_EXECUTE|[1]
07:59:51.2 (41924165)|HEAP_ALLOCATE|[EXTERNAL]|Bytes:5
07:59:51.2 (41926742)|STATEMENT_EXECUTE|[6]
07:59:51.2 (41928181)|STATEMENT_EXECUTE|[8]
07:59:51.2 (41929234)|STATEMENT_EXECUTE|[10]
07:59:51.2 (41930246)|STATEMENT_EXECUTE|[12]
07:59:51.2 (41931187)|STATEMENT_EXECUTE|[14]
07:59:51.2 (41932166)|STATEMENT_EXECUTE|[16]
07:59:51.2 (41942918)|CONSTRUCTOR_EXIT|[107]|01pB0000000lc07|<init>()
07:59:51.2 (41947391)|VARIABLE_SCOPE_BEGIN|[107]|i|testautonumdata.ListServerController|true|false
07:59:51.2 (41967053)|VARIABLE_ASSIGNMENT|[107]|i|{}|0x15f0ab6c
07:59:51.2 (41971221)|STATEMENT_EXECUTE|[110]
07:59:51.2 (41989698)|ENTERING_MANAGED_PKG|
07:59:51.2 (42017107)|HEAP_ALLOCATE|[110]|Bytes:4
07:59:51.2 (42040547)|ENTERING_MANAGED_PKG|
07:59:51.2 (42046270)|HEAP_ALLOCATE|[110]|Bytes:18
07:59:51.2 (42092603)|VARIABLE_ASSIGNMENT|[EXTERNAL]|this|{}|0x15f0ab6c
07:59:51.2 (42103151)|VARIABLE_ASSIGNMENT|[EXTERNAL]|value|"001B00000066Xx9IAE"
07:59:51.2 (42116841)|VARIABLE_ASSIGNMENT|[6]|this.recordID|"001B00000066Xx9IAE"|0x15f0ab6c
07:59:51.2 (42127707)|STATEMENT_EXECUTE|[112]
07:59:51.2 (42130319)|STATEMENT_EXECUTE|[113]
07:59:51.2 (42138953)|METHOD_ENTRY|[113]|01pB0000000ljzx|testautonumdata.Sparkle_Helper.GetSobjectField(SObject, String)
07:59:51.2 (42146468)|VARIABLE_SCOPE_BEGIN|[78]|e|SObject|true|false
07:59:51.2 (42165755)|VARIABLE_ASSIGNMENT|[78]|e|{"s":1,"v":{"Id":"001B00000066Xx9IAE","Name":"Hospital Universitar (14 more) ..."}}|0x20bf901f
07:59:51.2 (42171123)|VARIABLE_SCOPE_BEGIN|[78]|lcfield|String|false|false
07:59:51.2 (42177902)|VARIABLE_ASSIGNMENT|[78]|lcfield|"Id"
07:59:51.2 (42189626)|HEAP_ALLOCATE|[81]|Bytes:5
07:59:51.2 (42195876)|STATEMENT_EXECUTE|[79]
07:59:51.2 (42198056)|STATEMENT_EXECUTE|[81]
07:59:51.2 (42204922)|VARIABLE_SCOPE_BEGIN|[81]|returnValue|String|false|false
07:59:51.2 (42213663)|VARIABLE_ASSIGNMENT|[81]|returnValue|""
07:59:51.2 (42231901)|ENTERING_MANAGED_PKG|
07:59:51.2 (42247636)|STATEMENT_EXECUTE|[98]
07:59:51.2 (42262913)|ENTERING_MANAGED_PKG|
07:59:51.2 (42289397)|HEAP_ALLOCATE|[98]|Bytes:4
07:59:51.2 (42315759)|ENTERING_MANAGED_PKG|
07:59:51.2 (42328808)|HEAP_ALLOCATE|[98]|Bytes:18
07:59:51.2 (42353003)|VARIABLE_ASSIGNMENT|[98]|returnValue|"001B00000066Xx9IAE"
07:59:51.2 (42357755)|STATEMENT_EXECUTE|[100]
07:59:51.2 (42369511)|METHOD_EXIT|[113]|01pB0000000ljzx|testautonumdata.Sparkle_Helper.GetSobjectField(SObject, String)
07:59:51.2 (42409663)|VARIABLE_ASSIGNMENT|[EXTERNAL]|this|{"recordID":"001B00000066Xx9IAE"}|0x15f0ab6c
07:59:51.2 (42419354)|VARIABLE_ASSIGNMENT|[EXTERNAL]|value|"001B00000066Xx9IAE"
07:59:51.2 (42431651)|VARIABLE_ASSIGNMENT|[8]|this.eventField|"001B00000066Xx9IAE"|0x15f0ab6c
07:59:51.2 (42443303)|STATEMENT_EXECUTE|[116]
07:59:51.2 (42445745)|STATEMENT_EXECUTE|[117]
07:59:51.2 (42454002)|METHOD_ENTRY|[117]|01pB0000000ljzx|testautonumdata.Sparkle_Helper.GetSobjectField(SObject, String)
07:59:51.2 (42461250)|VARIABLE_SCOPE_BEGIN|[78]|e|SObject|true|false
07:59:51.2 (42479551)|VARIABLE_ASSIGNMENT|[78]|e|{"s":1,"v":{"Id":"001B00000066Xx9IAE","Name":"Hospital Universitar (14 more) ..."}}|0x20bf901f
07:59:51.2 (42484728)|VARIABLE_SCOPE_BEGIN|[78]|lcfield|String|false|false
07:59:51.2 (42490854)|VARIABLE_ASSIGNMENT|[78]|lcfield|"Name"
07:59:51.2 (42501855)|HEAP_ALLOCATE|[81]|Bytes:5
07:59:51.2 (42507587)|STATEMENT_EXECUTE|[79]
07:59:51.2 (42509665)|STATEMENT_EXECUTE|[81]
07:59:51.2 (42515944)|VARIABLE_SCOPE_BEGIN|[81]|returnValue|String|false|false
07:59:51.2 (42524723)|VARIABLE_ASSIGNMENT|[81]|returnValue|""
07:59:51.2 (42542536)|ENTERING_MANAGED_PKG|
07:59:51.2 (42558563)|STATEMENT_EXECUTE|[98]
07:59:51.2 (42573693)|ENTERING_MANAGED_PKG|
07:59:51.2 (42600705)|HEAP_ALLOCATE|[98]|Bytes:34
07:59:51.2 (42626454)|ENTERING_MANAGED_PKG|
07:59:51.2 (42632957)|HEAP_ALLOCATE|[98]|Bytes:34
07:59:51.2 (42656455)|VARIABLE_ASSIGNMENT|[98]|returnValue|"Hospital Universitar (14 more) ..."
07:59:51.2 (42661471)|STATEMENT_EXECUTE|[100]
07:59:51.2 (42672820)|METHOD_EXIT|[117]|01pB0000000ljzx|testautonumdata.Sparkle_Helper.GetSobjectField(SObject, String)
07:59:51.2 (42714541)|VARIABLE_ASSIGNMENT|[EXTERNAL]|this|{"eventField":"001B00000066Xx9IAE","recordID":"001B00000066Xx9IAE"}|0x15f0ab6c
07:59:51.2 (42725693)|VARIABLE_ASSIGNMENT|[EXTERNAL]|value|"Hospital Universitar (14 more) ..."
07:59:51.2 (42739470)|VARIABLE_ASSIGNMENT|[10]|this.column1|"Hospital Universitar (14 more) ..."|0x15f0ab6c
07:59:51.2 (42750772)|STATEMENT_EXECUTE|[119]
07:59:51.2 (42754100)|STATEMENT_EXECUTE|[124]
07:59:51.2 (42756463)|STATEMENT_EXECUTE|[129]
07:59:51.2 (42758310)|STATEMENT_EXECUTE|[135]
07:59:51.2 (42766727)|ENTERING_MANAGED_PKG|
07:59:51.2 (42779677)|HEAP_ALLOCATE|[EXTERNAL]|Bytes:4
07:59:51.2 (42791000)|STATEMENT_EXECUTE|[137]
07:59:51.2 (42810112)|ENTERING_MANAGED_PKG|
07:59:51.2 (42860147)|HEAP_ALLOCATE|[137]|Bytes:206
07:59:51.2 (42883383)|HEAP_ALLOCATE|[137]|Bytes:218
07:59:51.2 (42895889)|ENTERING_MANAGED_PKG|
07:59:51.2 (42906546)|USER_DEBUG|[137]|DEBUG|######## i: ListServerController:[column1=Hospital Universitario San Ignacio, column2=null, column3=null, column4=null, eventField=001B00000066Xx9IAE, mapObjectsFields={Account={Id, Name}}, recordID=001B00000066Xx9IAE]
07:59:51.2 (42929903)|HEAP_ALLOCATE|[104]|Bytes:5
07:59:51.2 (42952665)|VARIABLE_ASSIGNMENT|[104]|e|null|
07:59:51.2 (42958520)|STATEMENT_EXECUTE|[142]
07:59:51.2 (42963703)|HEAP_ALLOCATE|[142]|Bytes:27
07:59:51.2 (42985159)|ENTERING_MANAGED_PKG|
07:59:51.2 (43139141)|HEAP_ALLOCATE|[142]|Bytes:1546
07:59:51.2 (43157756)|HEAP_ALLOCATE|[142]|Bytes:1573
07:59:51.2 (43166725)|ENTERING_MANAGED_PKG|
07:59:51.2 (43173452)|USER_DEBUG|[142]|DEBUG|######## lstReturnRecords: (ListServerController:[column1=GenePoint, column2=null, column3=null, column4=null, eventField=001B00000066XxFIAU, mapObjectsFields={Account={Id, Name}}, recordID=001B00000066XxFIAU], ListServerController:[column1=United Oil & Gas, UK, column2=null, column3=null, column4=null, eventField=001B00000066XxDIAU, mapObjectsFields=(already output), recordID=001B00000066XxDIAU], ListServerController:[column1=United Oil & Gas, Singapore, column2=null, column3=null, column4=null, eventField=001B00000066XxEIAU, mapObjectsFields=(already output), recordID=001B00000066XxEIAU], ListServerController:[column1=Edge Communications, column2=null, column3=null, column4=null, eventField=001B00000066Xx5IAE, mapObjectsFields=(already output), recordID=001B00000066Xx5IAE], ListServerController:[column1=Burlington Textiles Corp of America, column2=null, column3=null, column4=null, eventField=001B00000066Xx6IAE, mapObjectsFields=(already output), recordID=001B00000066Xx6IAE], ListServerController:[column1=Pyramid Construction Inc., column2=null, column3=null, column4=null, eventField=001B00000066Xx7IAE, mapObjectsFields=(already output), recordID=001B00000066Xx7IAE], ListServerController:[column1=Dickenson plc, column2=null, column3=null, column4=null, eventField=001B00000066Xx8IAE, mapObjectsFields=(already output), recordID=001B00000066Xx8IAE], ListServerController:[column1=Hospital Universitario San Ignacio, column2=null, column3=null, column4=null, eventField=001B00000066Xx9IAE, mapObjectsFields=(already output), recordID=001B00000066Xx9IAE])
07:59:51.2 (43186056)|STATEMENT_EXECUTE|[144]
07:59:51.2 (43196205)|SYSTEM_MODE_EXIT|false
07:59:51.43 (43226997)|CUMULATIVE_LIMIT_USAGE
07:59:51.43 (43226997)|LIMIT_USAGE_FOR_NS|(default)|
  Number of SOQL queries: 0 out of 100
  Number of query rows: 0 out of 50000
  Number of SOSL queries: 0 out of 20
  Number of DML statements: 0 out of 150
  Number of DML rows: 0 out of 10000
  Maximum CPU time: 0 out of 10000
  Maximum heap size: 0 out of 6000000
  Number of callouts: 0 out of 100
  Number of Email Invocations: 0 out of 10
  Number of future calls: 0 out of 50
  Number of queueable jobs added to the queue: 0 out of 50
  Number of Mobile Apex push calls: 0 out of 10

07:59:51.43 (43226997)|LIMIT_USAGE_FOR_NS|testautonumdata|
  Number of SOQL queries: 1 out of 100
  Number of query rows: 8 out of 50000
  Number of SOSL queries: 0 out of 20
  Number of DML statements: 0 out of 150
  Number of DML rows: 0 out of 10000
  Maximum CPU time: 0 out of 10000
  Maximum heap size: 0 out of 6000000
  Number of callouts: 0 out of 100
  Number of Email Invocations: 0 out of 10
  Number of future calls: 0 out of 50
  Number of queueable jobs added to the queue: 0 out of 50
  Number of Mobile Apex push calls: 0 out of 10

07:59:51.43 (43226997)|CUMULATIVE_LIMIT_USAGE_END

07:59:51.45 (45176090)|CODE_UNIT_STARTED|[EXTERNAL]|Aura
07:59:51.46 (46343424)|CODE_UNIT_STARTED|[EXTERNAL]|Aura
07:59:51.47 (47355393)|CODE_UNIT_STARTED|[EXTERNAL]|Aura
07:59:51.48 (48339554)|CODE_UNIT_STARTED|[EXTERNAL]|Aura
07:59:51.49 (49328329)|CODE_UNIT_STARTED|[EXTERNAL]|Aura
07:59:51.50 (50333991)|CODE_UNIT_STARTED|[EXTERNAL]|Aura
07:59:51.51 (51417186)|CODE_UNIT_STARTED|[EXTERNAL]|Aura
07:59:51.52 (52869815)|CODE_UNIT_STARTED|[EXTERNAL]|Aura
07:59:51.54 (54524509)|CODE_UNIT_STARTED|[EXTERNAL]|01pB0000000lc07|ListServerController.getCurrentUser
07:59:51.54 (54574789)|SYSTEM_MODE_ENTER|false
07:59:51.54 (54588779)|HEAP_ALLOCATE|[151]|Bytes:5
07:59:51.54 (54593692)|STATEMENT_EXECUTE|[150]
07:59:51.54 (54595171)|STATEMENT_EXECUTE|[151]
07:59:51.54 (54598553)|HEAP_ALLOCATE|[151]|Bytes:68
07:59:51.54 (54607599)|HEAP_ALLOCATE|[151]|Bytes:4
07:59:51.54 (54618190)|HEAP_ALLOCATE|[151]|Bytes:7
07:59:51.54 (54711383)|HEAP_ALLOCATE|[151]|Bytes:85
07:59:51.54 (54730481)|SYSTEM_METHOD_ENTRY|[1]|UserInfo.UserInfo()
07:59:51.54 (54734436)|STATEMENT_EXECUTE|[1]
07:59:51.54 (54745581)|SYSTEM_METHOD_EXIT|[1]|UserInfo
07:59:51.54 (54759303)|METHOD_ENTRY|[151]||System.UserInfo.getUserId()
07:59:51.54 (54800919)|METHOD_EXIT|[151]||System.UserInfo.getUserId()
07:59:51.54 (56043423)|SOQL_EXECUTE_BEGIN|[151]|Aggregations:0|SELECT Id, FirstName, LastName FROM User WHERE Id = :tmpVar1 LIMIT 1
07:59:51.54 (62985876)|SOQL_EXECUTE_END|[151]|Rows:1
07:59:51.54 (63011039)|HEAP_ALLOCATE|[151]|Bytes:8
07:59:51.54 (63027607)|HEAP_ALLOCATE|[151]|Bytes:69
07:59:51.54 (63101215)|HEAP_ALLOCATE|[151]|Bytes:8
07:59:51.54 (63110082)|HEAP_ALLOCATE|[151]|Bytes:30
07:59:51.54 (63190941)|HEAP_ALLOCATE|[151]|Bytes:16
07:59:51.54 (63199771)|VARIABLE_SCOPE_BEGIN|[151]|user|User|true|false
07:59:51.54 (63236372)|VARIABLE_ASSIGNMENT|[151]|user|{"s":1,"v":{"Id":"005B0000001VpZRIA0","FirstName":"Rodrigo","LastName":"Reboucas"}}|0x6b6bc5db
07:59:51.54 (63240610)|STATEMENT_EXECUTE|[152]
07:59:51.54 (63250913)|SYSTEM_MODE_EXIT|false
07:59:51.63 (63284345)|CUMULATIVE_LIMIT_USAGE
07:59:51.63 (63284345)|LIMIT_USAGE_FOR_NS|(default)|
  Number of SOQL queries: 0 out of 100
  Number of query rows: 0 out of 50000
  Number of SOSL queries: 0 out of 20
  Number of DML statements: 0 out of 150
  Number of DML rows: 0 out of 10000
  Maximum CPU time: 0 out of 10000
  Maximum heap size: 0 out of 6000000
  Number of callouts: 0 out of 100
  Number of Email Invocations: 0 out of 10
  Number of future calls: 0 out of 50
  Number of queueable jobs added to the queue: 0 out of 50
  Number of Mobile Apex push calls: 0 out of 10

07:59:51.63 (63284345)|LIMIT_USAGE_FOR_NS|testautonumdata|
  Number of SOQL queries: 2 out of 100
  Number of query rows: 9 out of 50000
  Number of SOSL queries: 0 out of 20
  Number of DML statements: 0 out of 150
  Number of DML rows: 0 out of 10000
  Maximum CPU time: 0 out of 10000
  Maximum heap size: 0 out of 6000000
  Number of callouts: 0 out of 100
  Number of Email Invocations: 0 out of 10
  Number of future calls: 0 out of 50
  Number of queueable jobs added to the queue: 0 out of 50
  Number of Mobile Apex push calls: 0 out of 10

07:59:51.63 (63284345)|CUMULATIVE_LIMIT_USAGE_END

