35.0 APEX_CODE,FINEST;APEX_PROFILING,INFO;CALLOUT,INFO;DB,INFO;SYSTEM,DEBUG;VALIDATION,INFO;VISUALFORCE,INFO;WORKFLOW,INFO
11:51:02.0 (165889)|USER_INFO|[EXTERNAL]|005B0000001VpZR|rreboucas-yi5c@force.com|Pacific Standard Time|GMT-07:00
11:51:02.0 (211236)|EXECUTION_STARTED
11:51:02.0 (219291)|CODE_UNIT_STARTED|[EXTERNAL]|066B0000000O9hh|VF: /apex/testautonumdata__RecruitmentHome_LDS
11:51:02.0 (3795389)|SYSTEM_MODE_ENTER|true
11:51:02.0 (4455926)|HEAP_ALLOCATE|[72]|Bytes:3
11:51:02.0 (4507526)|HEAP_ALLOCATE|[77]|Bytes:152
11:51:02.0 (4528711)|HEAP_ALLOCATE|[342]|Bytes:408
11:51:02.0 (4549259)|HEAP_ALLOCATE|[355]|Bytes:408
11:51:02.0 (4569141)|HEAP_ALLOCATE|[467]|Bytes:48
11:51:02.0 (4609128)|HEAP_ALLOCATE|[139]|Bytes:6
11:51:02.0 (4634116)|HEAP_ALLOCATE|[EXTERNAL]|Bytes:12
11:51:02.0 (4654930)|METHOD_ENTRY|[1]|01pB0000000dwRE|MyCustomController.MyCustomController()
11:51:02.0 (4660965)|STATEMENT_EXECUTE|[1]
11:51:02.0 (4670878)|STATEMENT_EXECUTE|[1]
11:51:02.0 (4678645)|METHOD_EXIT|[1]|MyCustomController
11:51:02.0 (4737756)|HEAP_ALLOCATE|[EXTERNAL]|Bytes:8
11:51:02.0 (4757675)|VARIABLE_SCOPE_BEGIN|[5]|this|testautonumdata.MyCustomController|true|false
11:51:02.0 (4869318)|VARIABLE_ASSIGNMENT|[5]|this|{}|0x3bc3f34c
11:51:02.0 (4880945)|STATEMENT_EXECUTE|[1]
11:51:02.0 (4882556)|STATEMENT_EXECUTE|[3]
11:51:02.0 (4891656)|HEAP_ALLOCATE|[6]|Bytes:6
11:51:02.0 (4949714)|STATEMENT_EXECUTE|[5]
11:51:02.0 (4952196)|STATEMENT_EXECUTE|[6]
11:51:02.0 (4973499)|HEAP_ALLOCATE|[6]|Bytes:4
11:51:02.0 (5155053)|HEAP_ALLOCATE|[50]|Bytes:5
11:51:02.0 (5176211)|HEAP_ALLOCATE|[56]|Bytes:5
11:51:02.0 (5186777)|HEAP_ALLOCATE|[64]|Bytes:7
11:51:02.0 (5242859)|VARIABLE_ASSIGNMENT|[6]|this.account|{}|0x3bc3f34c
11:51:02.0 (5325301)|SYSTEM_MODE_ENTER|true
11:51:02.0 (5383039)|HEAP_ALLOCATE|[EXTERNAL]|Bytes:8
11:51:02.0 (5395894)|VARIABLE_SCOPE_BEGIN|[9]|this|testautonumdata.MyCustomController|true|false
11:51:02.0 (5421383)|VARIABLE_ASSIGNMENT|[9]|this|{"account":"0x63b97dbc"}|0x3bc3f34c
11:51:02.0 (5433297)|STATEMENT_EXECUTE|[9]
11:51:02.0 (5434931)|STATEMENT_EXECUTE|[10]
11:51:02.0 (5439420)|HEAP_ALLOCATE|[10]|Bytes:254
11:51:02.0 (5449456)|HEAP_ALLOCATE|[10]|Bytes:4
11:51:02.0 (5914845)|SOQL_EXECUTE_BEGIN|[10]|Aggregations:0|SELECT id, Name, testautonumdata__Average_Score__c, testautonumdata__Number_of_Interviews__c FROM testautonumdata__Candidate__c ORDER BY testautonumdata__Number_of_Interviews__c DESC NULLS FIRST, testautonumdata__Average_Score__c DESC NULLS FIRST LIMIT 3
11:51:02.0 (15197618)|SOQL_EXECUTE_END|[10]|Rows:3
11:51:02.0 (15233652)|HEAP_ALLOCATE|[10]|Bytes:16
11:51:02.0 (15260522)|HEAP_ALLOCATE|[10]|Bytes:611
11:51:02.0 (15293198)|HEAP_ALLOCATE|[10]|Bytes:16
11:51:02.0 (15312316)|VARIABLE_SCOPE_BEGIN|[10]|candidates|List<testautonumdata__Candidate__c>|true|false
11:51:02.0 (15373156)|VARIABLE_ASSIGNMENT|[10]|candidates|{"s":1,"v":[{"s":2,"v":{"Id":"a0MB0000000cQXFMA2","Name":"John Derk","testautonumdata__Ave (13 more) ...":8,"testautonumdata__Num (20 more) ...":3}},{"s":3,"v":{"Id":"a0MB0000000cQXZMA2","Name":"Joseph Damascus","testautonumdata__Ave (13 more) ...":9,"testautonumdata__Num (20 more) ...":1}},{"s":4,"v":{"Id":"a0MB0000000cQdIMAU","Name":"Jennifer Williams","testautonumdata__Ave (13 more) ...":0,"testautonumdata__Num (20 more) ...":1}}]}|0x780dcb1b
11:51:02.0 (15381067)|STATEMENT_EXECUTE|[13]
11:51:02.0 (16689866)|SYSTEM_MODE_ENTER|true
11:51:02.0 (16756453)|HEAP_ALLOCATE|[EXTERNAL]|Bytes:8
11:51:02.0 (16771409)|VARIABLE_SCOPE_BEGIN|[17]|this|testautonumdata.MyCustomController|true|false
11:51:02.0 (16796493)|VARIABLE_ASSIGNMENT|[17]|this|{"account":"0x63b97dbc"}|0x3bc3f34c
11:51:02.0 (16803916)|STATEMENT_EXECUTE|[17]
11:51:02.0 (16805619)|STATEMENT_EXECUTE|[18]
11:51:02.0 (16809785)|HEAP_ALLOCATE|[18]|Bytes:353
11:51:02.0 (16815585)|HEAP_ALLOCATE|[18]|Bytes:4
11:51:02.0 (17602213)|SOQL_EXECUTE_BEGIN|[18]|Aggregations:0|SELECT Id, Name, owner.name, ownerid, testautonumdata__Fullfilment_Date_Limit__c, testautonumdata__Hiring_Manager__c, testautonumdata__Hiring_Manager__r.Name, testautonumdata__Status__c FROM testautonumdata__Position__c WHERE testautonumdata__Fullfilment_Date_Limit__c > TODAY ORDER BY testautonumdata__Fullfilment_Date_Limit__c DESC NULLS FIRST LIMIT 3
11:51:02.0 (26694290)|SOQL_EXECUTE_END|[18]|Rows:0
11:51:02.0 (26758489)|HEAP_ALLOCATE|[18]|Bytes:4
11:51:02.0 (26787740)|HEAP_ALLOCATE|[18]|Bytes:0
11:51:02.0 (26832676)|HEAP_ALLOCATE|[18]|Bytes:4
11:51:02.0 (26858826)|VARIABLE_SCOPE_BEGIN|[18]|positions|List<testautonumdata__Position__c>|true|false
11:51:02.0 (26900280)|VARIABLE_ASSIGNMENT|[18]|positions|{"s":1,"v":[]}|0x140234bd
11:51:02.0 (26913298)|STATEMENT_EXECUTE|[22]
11:51:02.0 (28222702)|SYSTEM_MODE_ENTER|true
11:51:02.0 (28294373)|HEAP_ALLOCATE|[EXTERNAL]|Bytes:8
11:51:02.0 (28311019)|VARIABLE_SCOPE_BEGIN|[26]|this|testautonumdata.MyCustomController|true|false
11:51:02.0 (28338682)|VARIABLE_ASSIGNMENT|[26]|this|{"account":"0x63b97dbc"}|0x3bc3f34c
11:51:02.0 (28346359)|STATEMENT_EXECUTE|[26]
11:51:02.0 (28348018)|STATEMENT_EXECUTE|[27]
11:51:02.0 (28352282)|HEAP_ALLOCATE|[27]|Bytes:161
11:51:02.0 (28358513)|HEAP_ALLOCATE|[27]|Bytes:4
11:51:02.0 (28767133)|SOQL_EXECUTE_BEGIN|[27]|Aggregations:0|SELECT Id, name, testautonumdata__Candidate__c, testautonumdata__Candidate__r.Name, testautonumdata__Interview_Type__c FROM testautonumdata__Interview__c LIMIT 3
11:51:02.0 (52740368)|SOQL_EXECUTE_END|[27]|Rows:3
11:51:02.0 (52795097)|HEAP_ALLOCATE|[27]|Bytes:16
11:51:02.0 (52832374)|HEAP_ALLOCATE|[27]|Bytes:604
11:51:02.0 (52878205)|HEAP_ALLOCATE|[27]|Bytes:16
11:51:02.0 (52907843)|VARIABLE_SCOPE_BEGIN|[27]|interviews|List<testautonumdata__Interview__c>|true|false
11:51:02.0 (52979795)|VARIABLE_ASSIGNMENT|[27]|interviews|{"s":1,"v":[{"s":2,"v":{"Id":"a0NB0000000TaTTMA0","Name":"INT-0003","testautonumdata__Can (9 more) ...":"a0MB0000000cQXFMA2","testautonumdata__Int (14 more) ...":"Management Interview","testautonumdata__Can (9 more) ...":{"s":3,"v":{"Name":"John Derk","Id":"a0MB0000000cQXFMA2"}}}},{"s":4,"v":{"Id":"a0NB0000000TaTOMA0","Name":"INT-0002","testautonumdata__Can (9 more) ...":"a0MB0000000cQXFMA2","testautonumdata__Int (14 more) ...":"Technical Interview","testautonumdata__Can (9 more) ...":{"r":3}}},{"s":5,"v":{"Id":"a0NB0000000TaTJMA0","Name":"INT-0001","testautonumdata__Can (9 more) ...":"a0MB0000000cQXFMA2","testautonumdata__Int (14 more) ...":"Recruiter Interview","testautonumdata__Can (9 more) ...":{"r":3}}}]}|0x23ac55ac
11:51:02.0 (52990411)|STATEMENT_EXECUTE|[29]
11:51:02.109 (109779843)|USER_INFO|[EXTERNAL]|005B0000001VpZR|rreboucas-yi5c@force.com|Pacific Standard Time|GMT-07:00
11:51:02.109 (109988415)|USER_INFO|[EXTERNAL]|005B0000001VpZR|rreboucas-yi5c@force.com|Pacific Standard Time|GMT-07:00
11:51:02.110 (110508769)|USER_INFO|[EXTERNAL]|005B0000001VpZR|rreboucas-yi5c@force.com|Pacific Standard Time|GMT-07:00
11:51:02.110 (110686395)|USER_INFO|[EXTERNAL]|005B0000001VpZR|rreboucas-yi5c@force.com|Pacific Standard Time|GMT-07:00
11:51:02.110 (110873203)|USER_INFO|[EXTERNAL]|005B0000001VpZR|rreboucas-yi5c@force.com|Pacific Standard Time|GMT-07:00
11:51:02.111 (111018478)|USER_INFO|[EXTERNAL]|005B0000001VpZR|rreboucas-yi5c@force.com|Pacific Standard Time|GMT-07:00
11:51:02.111 (111154453)|USER_INFO|[EXTERNAL]|005B0000001VpZR|rreboucas-yi5c@force.com|Pacific Standard Time|GMT-07:00
11:51:02.111 (111298041)|USER_INFO|[EXTERNAL]|005B0000001VpZR|rreboucas-yi5c@force.com|Pacific Standard Time|GMT-07:00
11:51:02.111 (111465859)|USER_INFO|[EXTERNAL]|005B0000001VpZR|rreboucas-yi5c@force.com|Pacific Standard Time|GMT-07:00
11:51:02.111 (111578000)|USER_INFO|[EXTERNAL]|005B0000001VpZR|rreboucas-yi5c@force.com|Pacific Standard Time|GMT-07:00
11:51:02.111 (111697360)|USER_INFO|[EXTERNAL]|005B0000001VpZR|rreboucas-yi5c@force.com|Pacific Standard Time|GMT-07:00
11:51:02.111 (111824600)|USER_INFO|[EXTERNAL]|005B0000001VpZR|rreboucas-yi5c@force.com|Pacific Standard Time|GMT-07:00
11:51:02.112 (112365163)|USER_INFO|[EXTERNAL]|005B0000001VpZR|rreboucas-yi5c@force.com|Pacific Standard Time|GMT-07:00
11:51:02.112 (112521235)|USER_INFO|[EXTERNAL]|005B0000001VpZR|rreboucas-yi5c@force.com|Pacific Standard Time|GMT-07:00
11:51:02.112 (112971071)|USER_INFO|[EXTERNAL]|005B0000001VpZR|rreboucas-yi5c@force.com|Pacific Standard Time|GMT-07:00
11:51:02.113 (113148752)|USER_INFO|[EXTERNAL]|005B0000001VpZR|rreboucas-yi5c@force.com|Pacific Standard Time|GMT-07:00
11:51:02.113 (113404879)|USER_INFO|[EXTERNAL]|005B0000001VpZR|rreboucas-yi5c@force.com|Pacific Standard Time|GMT-07:00
11:51:02.113 (113522234)|USER_INFO|[EXTERNAL]|005B0000001VpZR|rreboucas-yi5c@force.com|Pacific Standard Time|GMT-07:00
11:51:02.113 (113716378)|USER_INFO|[EXTERNAL]|005B0000001VpZR|rreboucas-yi5c@force.com|Pacific Standard Time|GMT-07:00
11:51:02.113 (113846315)|USER_INFO|[EXTERNAL]|005B0000001VpZR|rreboucas-yi5c@force.com|Pacific Standard Time|GMT-07:00
11:51:02.113 (113981506)|USER_INFO|[EXTERNAL]|005B0000001VpZR|rreboucas-yi5c@force.com|Pacific Standard Time|GMT-07:00
11:51:02.114 (114117440)|USER_INFO|[EXTERNAL]|005B0000001VpZR|rreboucas-yi5c@force.com|Pacific Standard Time|GMT-07:00
11:51:02.114 (114274796)|USER_INFO|[EXTERNAL]|005B0000001VpZR|rreboucas-yi5c@force.com|Pacific Standard Time|GMT-07:00
11:51:02.114 (114373842)|USER_INFO|[EXTERNAL]|005B0000001VpZR|rreboucas-yi5c@force.com|Pacific Standard Time|GMT-07:00
11:51:02.114 (114535958)|USER_INFO|[EXTERNAL]|005B0000001VpZR|rreboucas-yi5c@force.com|Pacific Standard Time|GMT-07:00
11:51:02.114 (114659438)|USER_INFO|[EXTERNAL]|005B0000001VpZR|rreboucas-yi5c@force.com|Pacific Standard Time|GMT-07:00
11:51:02.114 (114800460)|USER_INFO|[EXTERNAL]|005B0000001VpZR|rreboucas-yi5c@force.com|Pacific Standard Time|GMT-07:00
11:51:02.114 (114948198)|USER_INFO|[EXTERNAL]|005B0000001VpZR|rreboucas-yi5c@force.com|Pacific Standard Time|GMT-07:00
11:51:02.115 (115107469)|USER_INFO|[EXTERNAL]|005B0000001VpZR|rreboucas-yi5c@force.com|Pacific Standard Time|GMT-07:00
11:51:02.115 (115205793)|USER_INFO|[EXTERNAL]|005B0000001VpZR|rreboucas-yi5c@force.com|Pacific Standard Time|GMT-07:00
11:51:02.121 (121969364)|CUMULATIVE_LIMIT_USAGE
11:51:02.121 (121969364)|LIMIT_USAGE_FOR_NS|(default)|
  Number of SOQL queries: 0 out of 100
  Number of query rows: 0 out of 50000
  Number of SOSL queries: 0 out of 20
  Number of DML statements: 0 out of 150
  Number of DML rows: 0 out of 10000
  Maximum CPU time: 0 out of 10000
  Maximum heap size: 0 out of 6000000
  Number of callouts: 0 out of 100
  Number of Email Invocations: 0 out of 10
  Number of future calls: 0 out of 50
  Number of queueable jobs added to the queue: 0 out of 50
  Number of Mobile Apex push calls: 0 out of 10

11:51:02.121 (121969364)|LIMIT_USAGE_FOR_NS|testautonumdata|
  Number of SOQL queries: 3 out of 100
  Number of query rows: 6 out of 50000
  Number of SOSL queries: 0 out of 20
  Number of DML statements: 0 out of 150
  Number of DML rows: 0 out of 10000
  Maximum CPU time: 0 out of 10000
  Maximum heap size: 0 out of 6000000
  Number of callouts: 0 out of 100
  Number of Email Invocations: 0 out of 10
  Number of future calls: 0 out of 50
  Number of queueable jobs added to the queue: 0 out of 50
  Number of Mobile Apex push calls: 0 out of 10

11:51:02.121 (121969364)|CUMULATIVE_LIMIT_USAGE_END

11:51:02.0 (122049929)|CODE_UNIT_FINISHED|VF: /apex/testautonumdata__RecruitmentHome_LDS
11:51:02.0 (123275306)|EXECUTION_FINISHED
