37.0 APEX_CODE,FINEST;APEX_PROFILING,INFO;CALLOUT,INFO;DB,INFO;SYSTEM,DEBUG;VALIDATION,INFO;VISUALFORCE,INFO;WORKFLOW,INFO
13:58:06.0 (459101)|USER_INFO|[EXTERNAL]|005B0000001VpZR|rreboucas-yi5c@force.com|Pacific Standard Time|GMT-07:00
13:58:06.0 (1001706)|HEAP_ALLOCATE|[72]|Bytes:3
13:58:06.0 (1053770)|HEAP_ALLOCATE|[77]|Bytes:152
13:58:06.0 (1072682)|HEAP_ALLOCATE|[342]|Bytes:408
13:58:06.0 (1093222)|HEAP_ALLOCATE|[355]|Bytes:408
13:58:06.0 (1113479)|HEAP_ALLOCATE|[467]|Bytes:48
13:58:06.3 (3085894)|USER_INFO|[EXTERNAL]|005B0000001VpZR|rreboucas-yi5c@force.com|Pacific Standard Time|GMT-07:00
13:58:06.3 (3315202)|STATEMENT_EXECUTE|[1]
13:58:06.3 (3349424)|HEAP_ALLOCATE|[50]|Bytes:5
13:58:06.3 (3371077)|HEAP_ALLOCATE|[56]|Bytes:5
13:58:06.3 (3380394)|HEAP_ALLOCATE|[64]|Bytes:7
13:58:06.3 (3405983)|SYSTEM_MODE_ENTER|false
13:58:06.3 (3423190)|HEAP_ALLOCATE|[EXTERNAL]|Bytes:5
13:58:06.3 (3431316)|SYSTEM_MODE_EXIT|false
13:58:06.3 (3444099)|METHOD_EXIT|[1]|InterviewsLCServerController
13:58:06.3 (3448881)|HEAP_ALLOCATE|[EXTERNAL]|Bytes:1
13:58:06.3 (3450664)|HEAP_ALLOCATE|[EXTERNAL]|Bytes:12
13:58:06.3 (3451948)|HEAP_ALLOCATE|[EXTERNAL]|Bytes:9
13:58:06.3 (3453157)|HEAP_ALLOCATE|[EXTERNAL]|Bytes:7
13:58:06.3 (3454253)|HEAP_ALLOCATE|[EXTERNAL]|Bytes:12
13:58:06.3 (3455357)|HEAP_ALLOCATE|[EXTERNAL]|Bytes:25
13:58:06.3 (3456425)|HEAP_ALLOCATE|[EXTERNAL]|Bytes:29
13:58:06.3 (3457467)|HEAP_ALLOCATE|[EXTERNAL]|Bytes:7
13:58:06.3 (3458524)|HEAP_ALLOCATE|[EXTERNAL]|Bytes:17
13:58:06.3 (3464249)|SYSTEM_MODE_ENTER|false
13:58:06.3 (3477728)|VARIABLE_SCOPE_BEGIN|[19]|rowsLimit|String|false|false
13:58:06.3 (3511311)|VARIABLE_ASSIGNMENT|[19]|rowsLimit|"8"
13:58:06.3 (3518274)|VARIABLE_SCOPE_BEGIN|[19]|objectApiName|String|false|false
13:58:06.3 (3524182)|VARIABLE_ASSIGNMENT|[19]|objectApiName|"Interview__c"
13:58:06.3 (3528167)|VARIABLE_SCOPE_BEGIN|[19]|filter1Field|String|false|false
13:58:06.3 (3532275)|VARIABLE_ASSIGNMENT|[19]|filter1Field|"Status__c"
13:58:06.3 (3536046)|VARIABLE_SCOPE_BEGIN|[19]|filter1Value|String|false|false
13:58:06.3 (3540010)|VARIABLE_ASSIGNMENT|[19]|filter1Value|"Pending"
13:58:06.3 (3543585)|VARIABLE_SCOPE_BEGIN|[19]|eventField|String|false|false
13:58:06.3 (3547521)|VARIABLE_ASSIGNMENT|[19]|eventField|"Candidate__c"
13:58:06.3 (3551122)|VARIABLE_SCOPE_BEGIN|[19]|column1|String|false|false
13:58:06.3 (3560851)|VARIABLE_ASSIGNMENT|[19]|column1|"Candidate__r.Full_Na (5 more) ..."
13:58:06.3 (3569393)|VARIABLE_SCOPE_BEGIN|[19]|column2|String|false|false
13:58:06.3 (3580404)|VARIABLE_ASSIGNMENT|[19]|column2|"Candidate__r.Positio (9 more) ..."
13:58:06.3 (3588233)|VARIABLE_SCOPE_BEGIN|[19]|column3|String|false|false
13:58:06.3 (3596035)|VARIABLE_ASSIGNMENT|[19]|column3|"Date__c"
13:58:06.3 (3603557)|VARIABLE_SCOPE_BEGIN|[19]|column4|String|false|false
13:58:06.3 (3612469)|VARIABLE_ASSIGNMENT|[19]|column4|"Interview_Type__c"
13:58:06.3 (3630719)|HEAP_ALLOCATE|[21]|Bytes:5
13:58:06.3 (3637591)|STATEMENT_EXECUTE|[19]
13:58:06.3 (3640377)|STATEMENT_EXECUTE|[21]
13:58:06.3 (3666892)|HEAP_ALLOCATE|[21]|Bytes:20
13:58:06.3 (3685789)|HEAP_ALLOCATE|[21]|Bytes:21
13:58:06.3 (3730237)|ENTERING_MANAGED_PKG|
13:58:06.3 (3781324)|USER_DEBUG|[21]|DEBUG|######## rowsLimit: 8
13:58:06.3 (3792447)|STATEMENT_EXECUTE|[22]
13:58:06.3 (3796782)|HEAP_ALLOCATE|[22]|Bytes:24
13:58:06.3 (3804222)|HEAP_ALLOCATE|[22]|Bytes:36
13:58:06.3 (3820609)|ENTERING_MANAGED_PKG|
13:58:06.3 (3845362)|USER_DEBUG|[22]|DEBUG|######## objectApiName: Interview__c
13:58:06.3 (3853196)|STATEMENT_EXECUTE|[25]
13:58:06.3 (3861095)|HEAP_ALLOCATE|[25]|Bytes:4
13:58:06.3 (3881467)|ENTERING_MANAGED_PKG|
13:58:06.3 (3919466)|VARIABLE_SCOPE_BEGIN|[25]|lstObjectFields|List<String>|true|false
13:58:06.3 (3954185)|HEAP_ALLOCATE|[EXTERNAL]|Bytes:4
13:58:06.3 (3978463)|VARIABLE_ASSIGNMENT|[25]|lstObjectFields|{"s":1,"v":[]}|0x19884d22
13:58:06.3 (3982064)|STATEMENT_EXECUTE|[26]
13:58:06.3 (3985734)|HEAP_ALLOCATE|[26]|Bytes:2
13:58:06.3 (4005031)|ENTERING_MANAGED_PKG|
13:58:06.3 (4041736)|HEAP_ALLOCATE|[EXTERNAL]|Bytes:4
13:58:06.3 (4050408)|STATEMENT_EXECUTE|[28]
13:58:06.3 (4055007)|HEAP_ALLOCATE|[28]|Bytes:4
13:58:06.3 (4103168)|ENTERING_MANAGED_PKG|
13:58:06.3 (4147792)|VARIABLE_SCOPE_BEGIN|[28]|lstReturnRecords|List<testautonumdata.InterviewsLCServerController>|true|false
13:58:06.3 (4178813)|HEAP_ALLOCATE|[EXTERNAL]|Bytes:4
13:58:06.3 (4199949)|VARIABLE_ASSIGNMENT|[28]|lstReturnRecords|{"s":1,"v":[]}|0x11a01592
13:58:06.3 (4206222)|STATEMENT_EXECUTE|[30]
13:58:06.3 (4266111)|ENTERING_MANAGED_PKG|
13:58:06.3 (4332719)|VARIABLE_SCOPE_BEGIN|[30]|rLimit|Integer|false|false
13:58:06.3 (4339814)|HEAP_ALLOCATE|[30]|Bytes:4
13:58:06.3 (4349589)|VARIABLE_ASSIGNMENT|[30]|rLimit|8
13:58:06.3 (4352527)|STATEMENT_EXECUTE|[31]
13:58:06.3 (4356918)|HEAP_ALLOCATE|[31]|Bytes:17
13:58:06.3 (4383148)|ENTERING_MANAGED_PKG|
13:58:06.3 (4414336)|HEAP_ALLOCATE|[31]|Bytes:1
13:58:06.3 (4428786)|HEAP_ALLOCATE|[31]|Bytes:18
13:58:06.3 (4445179)|ENTERING_MANAGED_PKG|
13:58:06.3 (4452064)|USER_DEBUG|[31]|DEBUG|######## rLimit: 8
13:58:06.3 (4458734)|STATEMENT_EXECUTE|[33]
13:58:06.3 (4463312)|HEAP_ALLOCATE|[33]|Bytes:9
13:58:06.3 (4471341)|VARIABLE_SCOPE_BEGIN|[33]|soql|String|false|false
13:58:06.3 (4480322)|VARIABLE_ASSIGNMENT|[33]|soql|"Select id"
13:58:06.3 (4483077)|STATEMENT_EXECUTE|[36]
13:58:06.3 (4484320)|STATEMENT_EXECUTE|[37]
13:58:06.3 (4486439)|HEAP_ALLOCATE|[37]|Bytes:2
13:58:06.3 (4492294)|HEAP_ALLOCATE|[37]|Bytes:14
13:58:06.3 (4495908)|HEAP_ALLOCATE|[37]|Bytes:23
13:58:06.3 (4504255)|VARIABLE_ASSIGNMENT|[37]|soql|"Select id, Candidate (3 more) ..."
13:58:06.3 (4507075)|STATEMENT_EXECUTE|[38]
13:58:06.3 (4522656)|ENTERING_MANAGED_PKG|
13:58:06.3 (4567107)|HEAP_ALLOCATE|[EXTERNAL]|Bytes:4
13:58:06.3 (4582266)|STATEMENT_EXECUTE|[42]
13:58:06.3 (4584787)|STATEMENT_EXECUTE|[43]
13:58:06.3 (4594398)|HEAP_ALLOCATE|[43]|Bytes:27
13:58:06.3 (4602248)|HEAP_ALLOCATE|[43]|Bytes:50
13:58:06.3 (4621376)|VARIABLE_ASSIGNMENT|[43]|soql|"Select id, Candidate (30 more) ..."
13:58:06.3 (4626433)|STATEMENT_EXECUTE|[44]
13:58:06.3 (4652234)|ENTERING_MANAGED_PKG|
13:58:06.3 (4700068)|HEAP_ALLOCATE|[EXTERNAL]|Bytes:4
13:58:06.3 (4713340)|STATEMENT_EXECUTE|[47]
13:58:06.3 (4715622)|STATEMENT_EXECUTE|[48]
13:58:06.3 (4723836)|HEAP_ALLOCATE|[48]|Bytes:31
13:58:06.3 (4729407)|HEAP_ALLOCATE|[48]|Bytes:81
13:58:06.3 (4744412)|VARIABLE_ASSIGNMENT|[48]|soql|"Select id, Candidate (61 more) ..."
13:58:06.3 (4747885)|STATEMENT_EXECUTE|[49]
13:58:06.3 (4774789)|ENTERING_MANAGED_PKG|
13:58:06.3 (4816949)|HEAP_ALLOCATE|[EXTERNAL]|Bytes:4
13:58:06.3 (4831469)|STATEMENT_EXECUTE|[52]
13:58:06.3 (4834051)|STATEMENT_EXECUTE|[53]
13:58:06.3 (4843573)|HEAP_ALLOCATE|[53]|Bytes:9
13:58:06.3 (4851774)|HEAP_ALLOCATE|[53]|Bytes:90
13:58:06.3 (4870492)|VARIABLE_ASSIGNMENT|[53]|soql|"Select id, Candidate (70 more) ..."
13:58:06.3 (4875525)|STATEMENT_EXECUTE|[54]
13:58:06.3 (4897465)|ENTERING_MANAGED_PKG|
13:58:06.3 (4930249)|HEAP_ALLOCATE|[EXTERNAL]|Bytes:4
13:58:06.3 (4968953)|STATEMENT_EXECUTE|[57]
13:58:06.3 (4972892)|STATEMENT_EXECUTE|[58]
13:58:06.3 (4983708)|HEAP_ALLOCATE|[58]|Bytes:19
13:58:06.3 (4992314)|HEAP_ALLOCATE|[58]|Bytes:109
13:58:06.3 (5011219)|VARIABLE_ASSIGNMENT|[58]|soql|"Select id, Candidate (89 more) ..."
13:58:06.3 (5017155)|STATEMENT_EXECUTE|[59]
13:58:06.3 (5042553)|ENTERING_MANAGED_PKG|
13:58:06.3 (5088703)|HEAP_ALLOCATE|[EXTERNAL]|Bytes:4
13:58:06.3 (5102891)|STATEMENT_EXECUTE|[62]
13:58:06.3 (5109240)|HEAP_ALLOCATE|[62]|Bytes:6
13:58:06.3 (5119581)|HEAP_ALLOCATE|[62]|Bytes:18
13:58:06.3 (5126876)|HEAP_ALLOCATE|[62]|Bytes:127
13:58:06.3 (5146721)|VARIABLE_ASSIGNMENT|[62]|soql|"Select id, Candidate (107 more) ..."
13:58:06.3 (5159135)|STATEMENT_EXECUTE|[66]
13:58:06.3 (5161340)|STATEMENT_EXECUTE|[67]
13:58:06.3 (5166394)|HEAP_ALLOCATE|[67]|Bytes:7
13:58:06.3 (5171856)|HEAP_ALLOCATE|[67]|Bytes:4
13:58:06.3 (5175432)|HEAP_ALLOCATE|[67]|Bytes:1
13:58:06.3 (5193674)|HEAP_ALLOCATE|[67]|Bytes:28
13:58:06.3 (5199575)|HEAP_ALLOCATE|[67]|Bytes:155
13:58:06.3 (5211008)|VARIABLE_ASSIGNMENT|[67]|soql|"Select id, Candidate (135 more) ..."
13:58:06.3 (5213976)|STATEMENT_EXECUTE|[68]
13:58:06.3 (5232108)|ENTERING_MANAGED_PKG|
13:58:06.3 (5263527)|HEAP_ALLOCATE|[EXTERNAL]|Bytes:4
13:58:06.3 (5272011)|STATEMENT_EXECUTE|[71]
13:58:06.3 (5275536)|HEAP_ALLOCATE|[71]|Bytes:7
13:58:06.3 (5281629)|HEAP_ALLOCATE|[71]|Bytes:8
13:58:06.3 (5284904)|HEAP_ALLOCATE|[71]|Bytes:163
13:58:06.3 (5296208)|VARIABLE_ASSIGNMENT|[71]|soql|"Select id, Candidate (143 more) ..."
13:58:06.3 (5298944)|STATEMENT_EXECUTE|[75]
13:58:06.3 (5302254)|HEAP_ALLOCATE|[75]|Bytes:15
13:58:06.3 (5307183)|HEAP_ALLOCATE|[75]|Bytes:178
13:58:06.3 (5324947)|ENTERING_MANAGED_PKG|
13:58:06.3 (5350080)|USER_DEBUG|[75]|DEBUG|######## soql: Select id, Candidate__c, Candidate__r.Full_Name__c, Candidate__r.Position__r.Name, Date__c, Interview_Type__c FROM Interview__c where Status__c = 'Pending' limit 8
13:58:06.3 (5358851)|STATEMENT_EXECUTE|[81]
13:58:06.3 (5366008)|HEAP_ALLOCATE|[81]|Bytes:36
13:58:06.3 (5380707)|ENTERING_MANAGED_PKG|
13:58:06.3 (5403028)|USER_DEBUG|[81]|DEBUG|######## objectApiName: Interview__c
13:58:06.3 (5410202)|STATEMENT_EXECUTE|[82]
13:58:06.3 (5433666)|ENTERING_MANAGED_PKG|
13:58:06.3 (20583677)|HEAP_ALLOCATE|[82]|Bytes:1764
13:58:06.3 (20640848)|ENTERING_MANAGED_PKG|
13:58:06.3 (20743320)|HEAP_ALLOCATE|[82]|Bytes:41
13:58:06.3 (20909703)|FATAL_ERROR|System.NullPointerException: Attempt to de-reference a null object

Class.testautonumdata.InterviewsLCServerController.getListRecords: line 82, column 1
13:58:06.3 (20922817)|FATAL_ERROR|System.NullPointerException: Attempt to de-reference a null object

Class.testautonumdata.InterviewsLCServerController.getListRecords: line 82, column 1
13:58:06.20 (20932315)|CUMULATIVE_LIMIT_USAGE
13:58:06.20 (20932315)|LIMIT_USAGE_FOR_NS|(default)|
  Number of SOQL queries: 0 out of 100
  Number of query rows: 0 out of 50000
  Number of SOSL queries: 0 out of 20
  Number of DML statements: 0 out of 150
  Number of DML rows: 0 out of 10000
  Maximum CPU time: 0 out of 10000
  Maximum heap size: 0 out of 6000000
  Number of callouts: 0 out of 100
  Number of Email Invocations: 0 out of 10
  Number of future calls: 0 out of 50
  Number of queueable jobs added to the queue: 0 out of 50
  Number of Mobile Apex push calls: 0 out of 10

13:58:06.20 (20932315)|CUMULATIVE_LIMIT_USAGE_END

13:58:06.3 (20999183)|CODE_UNIT_FINISHED|InterviewsLCServerController.getListRecords
13:58:06.0 (102579512)|HEAP_ALLOCATE|[EXTERNAL]|Bytes:28
13:58:06.0 (102609690)|HEAP_ALLOCATE|[EXTERNAL]|Bytes:28
13:58:06.104 (104382793)|USER_INFO|[EXTERNAL]|005B0000001VpZR|rreboucas-yi5c@force.com|Pacific Standard Time|GMT-07:00
13:58:06.104 (104526451)|STATEMENT_EXECUTE|[1]
13:58:06.104 (104536386)|HEAP_ALLOCATE|[EXTERNAL]|Bytes:5
13:58:06.104 (104554218)|METHOD_EXIT|[1]|ReferralsServerController
13:58:06.104 (104596623)|HEAP_ALLOCATE|[EXTERNAL]|Bytes:28
13:58:06.104 (104600340)|HEAP_ALLOCATE|[EXTERNAL]|Bytes:28
13:58:06.104 (104601640)|HEAP_ALLOCATE|[EXTERNAL]|Bytes:29
13:58:06.104 (104602852)|HEAP_ALLOCATE|[EXTERNAL]|Bytes:7
13:58:06.104 (104604076)|HEAP_ALLOCATE|[EXTERNAL]|Bytes:5
13:58:06.104 (104605258)|HEAP_ALLOCATE|[EXTERNAL]|Bytes:11
13:58:06.104 (104618502)|VARIABLE_SCOPE_BEGIN|[20]|rowsLimit|Integer|false|false
13:58:06.104 (104657069)|VARIABLE_ASSIGNMENT|[20]|rowsLimit|8
13:58:06.104 (104662072)|VARIABLE_SCOPE_BEGIN|[20]|recordId|String|false|false
13:58:06.104 (104666778)|VARIABLE_ASSIGNMENT|[20]|recordId|null
13:58:06.104 (104669514)|VARIABLE_SCOPE_BEGIN|[20]|objectApiName|String|false|false
13:58:06.104 (104680114)|VARIABLE_ASSIGNMENT|[20]|objectApiName|"testautonumdata__Ref (8 more) ..."
13:58:06.104 (104683151)|VARIABLE_SCOPE_BEGIN|[20]|ParentObjectFieldName|String|false|false
13:58:06.104 (104687827)|VARIABLE_ASSIGNMENT|[20]|ParentObjectFieldName|"testautonumdata__Can (9 more) ..."
13:58:06.104 (104690857)|VARIABLE_SCOPE_BEGIN|[20]|filter1Field|String|false|false
13:58:06.104 (104695110)|VARIABLE_ASSIGNMENT|[20]|filter1Field|null
13:58:06.104 (104697777)|VARIABLE_SCOPE_BEGIN|[20]|filter1Value|String|false|false
13:58:06.104 (104700761)|VARIABLE_ASSIGNMENT|[20]|filter1Value|null
13:58:06.104 (104703116)|VARIABLE_SCOPE_BEGIN|[20]|column1|String|false|false
13:58:06.104 (104706861)|VARIABLE_ASSIGNMENT|[20]|column1|"OwnerId"
13:58:06.104 (104709906)|VARIABLE_SCOPE_BEGIN|[20]|RelFieldWithName|String|false|false
13:58:06.104 (104713468)|VARIABLE_ASSIGNMENT|[20]|RelFieldWithName|"Owner"
13:58:06.104 (104716351)|VARIABLE_SCOPE_BEGIN|[20]|column2|String|false|false
13:58:06.104 (104720304)|VARIABLE_ASSIGNMENT|[20]|column2|"createddate"
13:58:06.104 (104730342)|HEAP_ALLOCATE|[22]|Bytes:5
13:58:06.104 (104734763)|STATEMENT_EXECUTE|[20]
13:58:06.104 (104736345)|STATEMENT_EXECUTE|[22]
13:58:06.104 (104765231)|ENTERING_MANAGED_PKG|
13:58:06.104 (104811354)|HEAP_ALLOCATE|[22]|Bytes:1
13:58:06.104 (104830109)|HEAP_ALLOCATE|[22]|Bytes:21
13:58:06.104 (104851288)|ENTERING_MANAGED_PKG|
13:58:06.104 (104861828)|USER_DEBUG|[22]|DEBUG|######## rowsLimit: 8
13:58:06.104 (104869266)|STATEMENT_EXECUTE|[23]
13:58:06.104 (104876757)|HEAP_ALLOCATE|[23]|Bytes:52
13:58:06.104 (104890590)|ENTERING_MANAGED_PKG|
13:58:06.104 (104923052)|USER_DEBUG|[23]|DEBUG|######## objectApiName: testautonumdata__Referral__c
13:58:06.104 (104931141)|STATEMENT_EXECUTE|[27]
13:58:06.104 (104959494)|HEAP_ALLOCATE|[27]|Bytes:4
13:58:06.104 (105015112)|ENTERING_MANAGED_PKG|
13:58:06.104 (105059003)|VARIABLE_SCOPE_BEGIN|[27]|lstReturnRecords|List<testautonumdata.ReferralsServerController>|true|false
13:58:06.104 (105087746)|HEAP_ALLOCATE|[EXTERNAL]|Bytes:4
13:58:06.104 (105113476)|VARIABLE_ASSIGNMENT|[27]|lstReturnRecords|{"s":1,"v":[]}|0x16654b17
13:58:06.104 (105118331)|STATEMENT_EXECUTE|[29]
13:58:06.104 (105120353)|STATEMENT_EXECUTE|[102]
13:58:06.104 (105123836)|HEAP_ALLOCATE|[102]|Bytes:27
13:58:06.104 (105150310)|ENTERING_MANAGED_PKG|
13:58:06.104 (105184109)|HEAP_ALLOCATE|[102]|Bytes:2
13:58:06.104 (105198772)|HEAP_ALLOCATE|[102]|Bytes:29
13:58:06.104 (105215959)|ENTERING_MANAGED_PKG|
13:58:06.104 (105222175)|USER_DEBUG|[102]|DEBUG|######## lstReturnRecords: ()
13:58:06.104 (105229414)|STATEMENT_EXECUTE|[104]
13:58:06.105 (105286338)|CUMULATIVE_LIMIT_USAGE
13:58:06.105 (105286338)|LIMIT_USAGE_FOR_NS|(default)|
  Number of SOQL queries: 0 out of 100
  Number of query rows: 0 out of 50000
  Number of SOSL queries: 0 out of 20
  Number of DML statements: 0 out of 150
  Number of DML rows: 0 out of 10000
  Maximum CPU time: 0 out of 10000
  Maximum heap size: 0 out of 6000000
  Number of callouts: 0 out of 100
  Number of Email Invocations: 0 out of 10
  Number of future calls: 0 out of 50
  Number of queueable jobs added to the queue: 0 out of 50
  Number of Mobile Apex push calls: 0 out of 10

13:58:06.105 (105286338)|CUMULATIVE_LIMIT_USAGE_END

13:58:06.104 (105369205)|CODE_UNIT_FINISHED|ReferralsServerController.getListRecords
13:58:06.0 (353474800)|HEAP_ALLOCATE|[EXTERNAL]|Bytes:12
13:58:06.0 (353505179)|HEAP_ALLOCATE|[EXTERNAL]|Bytes:12
13:58:06.356 (356000303)|USER_INFO|[EXTERNAL]|005B0000001VpZR|rreboucas-yi5c@force.com|Pacific Standard Time|GMT-07:00
13:58:06.356 (356221305)|STATEMENT_EXECUTE|[1]
13:58:06.356 (356236696)|HEAP_ALLOCATE|[EXTERNAL]|Bytes:5
13:58:06.356 (356261586)|METHOD_EXIT|[1]|Twitter_Lightning_Controller
13:58:06.356 (356267352)|HEAP_ALLOCATE|[EXTERNAL]|Bytes:12
13:58:06.356 (356269207)|HEAP_ALLOCATE|[EXTERNAL]|Bytes:13
13:58:06.356 (356270388)|HEAP_ALLOCATE|[EXTERNAL]|Bytes:13
13:58:06.356 (356271724)|HEAP_ALLOCATE|[EXTERNAL]|Bytes:12
13:58:06.356 (356272849)|HEAP_ALLOCATE|[EXTERNAL]|Bytes:10
13:58:06.356 (356274013)|HEAP_ALLOCATE|[EXTERNAL]|Bytes:9
13:58:06.356 (356292815)|VARIABLE_SCOPE_BEGIN|[68]|recordID|String|false|false
13:58:06.356 (356338178)|VARIABLE_ASSIGNMENT|[68]|recordID|null
13:58:06.356 (356351901)|VARIABLE_SCOPE_BEGIN|[68]|objectApiName|String|false|false
13:58:06.356 (356367939)|VARIABLE_ASSIGNMENT|[68]|objectApiName|"Candidate__c"
13:58:06.356 (356377056)|VARIABLE_SCOPE_BEGIN|[68]|twitterIDFieldApiName|String|false|false
13:58:06.356 (356384757)|VARIABLE_ASSIGNMENT|[68]|twitterIDFieldApiName|"Twitter_ID__c"
13:58:06.356 (356390367)|VARIABLE_SCOPE_BEGIN|[68]|firstName|String|false|false
13:58:06.356 (356397441)|VARIABLE_ASSIGNMENT|[68]|firstName|"First_Name__c"
13:58:06.356 (356401801)|VARIABLE_SCOPE_BEGIN|[68]|lastName|String|false|false
13:58:06.356 (356405894)|VARIABLE_ASSIGNMENT|[68]|lastName|"Last_Name__c"
13:58:06.356 (356409517)|VARIABLE_SCOPE_BEGIN|[68]|companyName|String|false|false
13:58:06.356 (356413733)|VARIABLE_ASSIGNMENT|[68]|companyName|"Company__c"
13:58:06.356 (356417348)|VARIABLE_SCOPE_BEGIN|[68]|email|String|false|false
13:58:06.356 (356421814)|VARIABLE_ASSIGNMENT|[68]|email|"E_mail__c"
13:58:06.356 (356434813)|HEAP_ALLOCATE|[70]|Bytes:5
13:58:06.356 (356440755)|STATEMENT_EXECUTE|[68]
13:58:06.356 (356443506)|STATEMENT_EXECUTE|[70]
13:58:06.356 (356456620)|VARIABLE_SCOPE_BEGIN|[70]|hasTwitterMemberID|Boolean|false|false
13:58:06.356 (356460921)|HEAP_ALLOCATE|[70]|Bytes:5
13:58:06.356 (356468624)|VARIABLE_ASSIGNMENT|[70]|hasTwitterMemberID|false
13:58:06.356 (356470835)|STATEMENT_EXECUTE|[71]
13:58:06.356 (356500037)|HEAP_ALLOCATE|[71]|Bytes:64
13:58:06.356 (356524461)|CONSTRUCTOR_ENTRY|[71]|01pB0000000r382|<init>()
13:58:06.356 (356575834)|VARIABLE_SCOPE_BEGIN|[1]|this|testautonumdata.Twitter_Lightning_Controller|true|false
13:58:06.356 (356704836)|VARIABLE_ASSIGNMENT|[1]|this|{}|0x138f67fe
13:58:06.356 (356713300)|HEAP_ALLOCATE|[EXTERNAL]|Bytes:5
13:58:06.356 (356722985)|HEAP_ALLOCATE|[EXTERNAL]|Bytes:6
13:58:06.356 (356756292)|STATEMENT_EXECUTE|[1]
13:58:06.356 (356760612)|HEAP_ALLOCATE|[EXTERNAL]|Bytes:5
13:58:06.356 (356762923)|STATEMENT_EXECUTE|[4]
13:58:06.356 (356764916)|STATEMENT_EXECUTE|[6]
13:58:06.356 (356766140)|STATEMENT_EXECUTE|[8]
13:58:06.356 (356774832)|STATEMENT_EXECUTE|[10]
13:58:06.356 (356776532)|STATEMENT_EXECUTE|[12]
13:58:06.356 (356777691)|STATEMENT_EXECUTE|[14]
13:58:06.356 (356778827)|STATEMENT_EXECUTE|[16]
13:58:06.356 (356779813)|STATEMENT_EXECUTE|[18]
13:58:06.356 (356781030)|STATEMENT_EXECUTE|[20]
13:58:06.356 (356782147)|STATEMENT_EXECUTE|[22]
13:58:06.356 (356783110)|STATEMENT_EXECUTE|[24]
13:58:06.356 (356784356)|STATEMENT_EXECUTE|[26]
13:58:06.356 (356785324)|STATEMENT_EXECUTE|[28]
13:58:06.356 (356786278)|STATEMENT_EXECUTE|[30]
13:58:06.356 (356787358)|STATEMENT_EXECUTE|[32]
13:58:06.356 (356800012)|CONSTRUCTOR_EXIT|[71]|01pB0000000r382|<init>()
13:58:06.356 (356808078)|VARIABLE_SCOPE_BEGIN|[71]|returnRec|testautonumdata.Twitter_Lightning_Controller|true|false
13:58:06.356 (356844230)|VARIABLE_ASSIGNMENT|[71]|returnRec|{}|0x138f67fe
13:58:06.356 (356879605)|ENTERING_MANAGED_PKG|
13:58:06.356 (356920894)|STATEMENT_EXECUTE|[73]
13:58:06.356 (356923430)|STATEMENT_EXECUTE|[143]
13:58:06.356 (356978854)|CUMULATIVE_LIMIT_USAGE
13:58:06.356 (356978854)|LIMIT_USAGE_FOR_NS|(default)|
  Number of SOQL queries: 0 out of 100
  Number of query rows: 0 out of 50000
  Number of SOSL queries: 0 out of 20
  Number of DML statements: 0 out of 150
  Number of DML rows: 0 out of 10000
  Maximum CPU time: 0 out of 10000
  Maximum heap size: 0 out of 6000000
  Number of callouts: 0 out of 100
  Number of Email Invocations: 0 out of 10
  Number of future calls: 0 out of 50
  Number of queueable jobs added to the queue: 0 out of 50
  Number of Mobile Apex push calls: 0 out of 10

13:58:06.356 (356978854)|CUMULATIVE_LIMIT_USAGE_END

13:58:06.356 (357039171)|CODE_UNIT_FINISHED|Twitter_Lightning_Controller.getRecordDetails
13:58:06.358 (358613903)|USER_INFO|[EXTERNAL]|005B0000001VpZR|rreboucas-yi5c@force.com|Pacific Standard Time|GMT-07:00
13:58:06.358 (358626360)|CODE_UNIT_STARTED|[EXTERNAL]|Aura
13:58:06.358 (358784830)|CODE_UNIT_FINISHED|Aura
13:58:06.0 (512227473)|HEAP_ALLOCATE|[EXTERNAL]|Bytes:1
13:58:06.0 (512256359)|HEAP_ALLOCATE|[EXTERNAL]|Bytes:1
13:58:06.514 (514285310)|USER_INFO|[EXTERNAL]|005B0000001VpZR|rreboucas-yi5c@force.com|Pacific Standard Time|GMT-07:00
13:58:06.514 (514515178)|STATEMENT_EXECUTE|[1]
13:58:06.514 (514525449)|HEAP_ALLOCATE|[EXTERNAL]|Bytes:5
13:58:06.514 (514543470)|METHOD_EXIT|[1]|FilesViewerServerController
13:58:06.514 (514549048)|HEAP_ALLOCATE|[EXTERNAL]|Bytes:1
13:58:06.514 (514563995)|VARIABLE_SCOPE_BEGIN|[16]|recordID|String|false|false
13:58:06.514 (514600543)|VARIABLE_ASSIGNMENT|[16]|recordID|null
13:58:06.514 (514608261)|VARIABLE_SCOPE_BEGIN|[16]|rowsLimit|String|false|false
13:58:06.514 (514617869)|VARIABLE_ASSIGNMENT|[16]|rowsLimit|"8"
13:58:06.514 (514628155)|HEAP_ALLOCATE|[18]|Bytes:5
13:58:06.514 (514632635)|STATEMENT_EXECUTE|[16]
13:58:06.514 (514634338)|STATEMENT_EXECUTE|[18]
13:58:06.514 (514639270)|HEAP_ALLOCATE|[18]|Bytes:49
13:58:06.514 (514648879)|HEAP_ALLOCATE|[18]|Bytes:50
13:58:06.514 (514676442)|ENTERING_MANAGED_PKG|
13:58:06.514 (514719994)|USER_DEBUG|[18]|DEBUG|######## FilesViewerServerController: rowsLimit: 8
13:58:06.514 (514730334)|STATEMENT_EXECUTE|[20]
13:58:06.514 (514735574)|HEAP_ALLOCATE|[20]|Bytes:4
13:58:06.514 (514825826)|ENTERING_MANAGED_PKG|
13:58:06.514 (514865828)|VARIABLE_SCOPE_BEGIN|[20]|lstReturnRecords|List<testautonumdata.FilesViewerServerController>|true|false
13:58:06.514 (514896540)|HEAP_ALLOCATE|[EXTERNAL]|Bytes:4
13:58:06.514 (514923652)|VARIABLE_ASSIGNMENT|[20]|lstReturnRecords|{"s":1,"v":[]}|0x7b045149
13:58:06.514 (514946004)|ENTERING_MANAGED_PKG|
13:58:06.514 (514982398)|STATEMENT_EXECUTE|[21]
13:58:06.514 (514984990)|STATEMENT_EXECUTE|[72]
13:58:06.515 (515035267)|CUMULATIVE_LIMIT_USAGE
13:58:06.515 (515035267)|LIMIT_USAGE_FOR_NS|(default)|
  Number of SOQL queries: 0 out of 100
  Number of query rows: 0 out of 50000
  Number of SOSL queries: 0 out of 20
  Number of DML statements: 0 out of 150
  Number of DML rows: 0 out of 10000
  Maximum CPU time: 0 out of 10000
  Maximum heap size: 0 out of 6000000
  Number of callouts: 0 out of 100
  Number of Email Invocations: 0 out of 10
  Number of future calls: 0 out of 50
  Number of queueable jobs added to the queue: 0 out of 50
  Number of Mobile Apex push calls: 0 out of 10

13:58:06.515 (515035267)|CUMULATIVE_LIMIT_USAGE_END

13:58:06.514 (515093852)|CODE_UNIT_FINISHED|FilesViewerServerController.getListRecords
13:58:06.0 (601007263)|HEAP_ALLOCATE|[EXTERNAL]|Bytes:12
13:58:06.0 (601037606)|HEAP_ALLOCATE|[EXTERNAL]|Bytes:12
13:58:06.602 (602837463)|USER_INFO|[EXTERNAL]|005B0000001VpZR|rreboucas-yi5c@force.com|Pacific Standard Time|GMT-07:00
13:58:06.602 (603000970)|HEAP_ALLOCATE|[151]|Bytes:5
13:58:06.602 (603012425)|STATEMENT_EXECUTE|[149]
13:58:06.602 (603017159)|STATEMENT_EXECUTE|[151]
13:58:06.602 (603025590)|HEAP_ALLOCATE|[151]|Bytes:3
13:58:06.602 (603043603)|VARIABLE_SCOPE_BEGIN|[151]|oauthVersion|String|false|false
13:58:06.602 (603086473)|VARIABLE_ASSIGNMENT|[151]|oauthVersion|"1.0"
13:58:06.602 (603090037)|STATEMENT_EXECUTE|[152]
13:58:06.602 (603094684)|HEAP_ALLOCATE|[152]|Bytes:25
13:58:06.602 (603101645)|VARIABLE_SCOPE_BEGIN|[152]|oauthConsumerKey|String|false|false
13:58:06.602 (603111138)|VARIABLE_ASSIGNMENT|[152]|oauthConsumerKey|"crTSqn98nBWCC8lbj0Ia (5 more) ..."
13:58:06.602 (603113397)|STATEMENT_EXECUTE|[153]
13:58:06.602 (603116067)|HEAP_ALLOCATE|[153]|Bytes:50
13:58:06.602 (603120875)|VARIABLE_SCOPE_BEGIN|[153]|oauthConsumerSecret|String|false|false
13:58:06.602 (603128225)|VARIABLE_ASSIGNMENT|[153]|oauthConsumerSecret|"LETjbmGTLmKF9tBldLY8 (30 more) ..."
13:58:06.602 (603130507)|STATEMENT_EXECUTE|[154]
13:58:06.602 (603133104)|HEAP_ALLOCATE|[154]|Bytes:23
13:58:06.602 (603137597)|VARIABLE_SCOPE_BEGIN|[154]|baseUrl|String|false|false
13:58:06.602 (603144502)|VARIABLE_ASSIGNMENT|[154]|baseUrl|"https://api.twitter. (3 more) ..."
13:58:06.602 (603146899)|STATEMENT_EXECUTE|[155]
13:58:06.602 (603149350)|HEAP_ALLOCATE|[155]|Bytes:9
13:58:06.602 (603154006)|VARIABLE_SCOPE_BEGIN|[155]|oauthSignatureMethod|String|false|false
13:58:06.602 (603159661)|VARIABLE_ASSIGNMENT|[155]|oauthSignatureMethod|"HMAC-SHA1"
13:58:06.602 (603161688)|STATEMENT_EXECUTE|[156]
13:58:06.602 (603166437)|VARIABLE_SCOPE_BEGIN|[156]|strTwitterId|String|false|false
13:58:06.602 (603171842)|VARIABLE_ASSIGNMENT|[156]|strTwitterId|""
13:58:06.602 (603174039)|STATEMENT_EXECUTE|[157]
13:58:06.602 (603177876)|VARIABLE_SCOPE_BEGIN|[157]|pictureURL|String|false|false
13:58:06.602 (603183115)|VARIABLE_ASSIGNMENT|[157]|pictureURL|""
13:58:06.602 (603185083)|STATEMENT_EXECUTE|[158]
13:58:06.602 (603194465)|HEAP_ALLOCATE|[158]|Bytes:64
13:58:06.602 (603213346)|CONSTRUCTOR_ENTRY|[158]|01pB0000000r382|<init>()
13:58:06.602 (603250032)|VARIABLE_SCOPE_BEGIN|[1]|this|testautonumdata.Twitter_Lightning_Controller|true|false
13:58:06.602 (603304687)|VARIABLE_ASSIGNMENT|[1]|this|{}|0x413da0f1
13:58:06.602 (603313327)|HEAP_ALLOCATE|[EXTERNAL]|Bytes:5
13:58:06.602 (603344509)|STATEMENT_EXECUTE|[1]
13:58:06.602 (603348232)|HEAP_ALLOCATE|[EXTERNAL]|Bytes:5
13:58:06.602 (603350317)|STATEMENT_EXECUTE|[4]
13:58:06.602 (603351774)|STATEMENT_EXECUTE|[6]
13:58:06.602 (603352973)|STATEMENT_EXECUTE|[8]
13:58:06.602 (603353963)|STATEMENT_EXECUTE|[10]
13:58:06.602 (603355331)|STATEMENT_EXECUTE|[12]
13:58:06.602 (603356526)|STATEMENT_EXECUTE|[14]
13:58:06.602 (603357757)|STATEMENT_EXECUTE|[16]
13:58:06.602 (603358748)|STATEMENT_EXECUTE|[18]
13:58:06.602 (603359836)|STATEMENT_EXECUTE|[20]
13:58:06.602 (603360987)|STATEMENT_EXECUTE|[22]
13:58:06.602 (603362085)|STATEMENT_EXECUTE|[24]
13:58:06.602 (603363326)|STATEMENT_EXECUTE|[26]
13:58:06.602 (603364424)|STATEMENT_EXECUTE|[28]
13:58:06.602 (603365390)|STATEMENT_EXECUTE|[30]
13:58:06.602 (603366348)|STATEMENT_EXECUTE|[32]
13:58:06.602 (603378116)|CONSTRUCTOR_EXIT|[158]|01pB0000000r382|<init>()
13:58:06.602 (603385666)|VARIABLE_SCOPE_BEGIN|[158]|returnRec|testautonumdata.Twitter_Lightning_Controller|true|false
13:58:06.602 (603418273)|VARIABLE_ASSIGNMENT|[158]|returnRec|{}|0x413da0f1
13:58:06.602 (603422251)|STATEMENT_EXECUTE|[159]
13:58:06.602 (603426311)|HEAP_ALLOCATE|[159]|Bytes:63
13:58:06.602 (603540749)|VARIABLE_ASSIGNMENT|[EXTERNAL]|this|{}|0x413da0f1
13:58:06.602 (603555940)|VARIABLE_ASSIGNMENT|[EXTERNAL]|value|"https://www.lightnin (43 more) ..."
13:58:06.602 (603578089)|VARIABLE_ASSIGNMENT|[6]|this.pictureUrl|"https://www.lightnin (43 more) ..."|0x413da0f1
13:58:06.602 (603611141)|ENTERING_MANAGED_PKG|
13:58:06.602 (603651614)|STATEMENT_EXECUTE|[160]
13:58:06.602 (603654139)|STATEMENT_EXECUTE|[284]
13:58:06.603 (603704156)|CUMULATIVE_LIMIT_USAGE
13:58:06.603 (603704156)|LIMIT_USAGE_FOR_NS|(default)|
  Number of SOQL queries: 0 out of 100
  Number of query rows: 0 out of 50000
  Number of SOSL queries: 0 out of 20
  Number of DML statements: 0 out of 150
  Number of DML rows: 0 out of 10000
  Maximum CPU time: 0 out of 10000
  Maximum heap size: 0 out of 6000000
  Number of callouts: 0 out of 100
  Number of Email Invocations: 0 out of 10
  Number of future calls: 0 out of 50
  Number of queueable jobs added to the queue: 0 out of 50
  Number of Mobile Apex push calls: 0 out of 10

13:58:06.603 (603704156)|CUMULATIVE_LIMIT_USAGE_END

13:58:06.602 (603785132)|CODE_UNIT_FINISHED|Twitter_Lightning_Controller.getTwitterPicture
13:58:06.605 (605212760)|USER_INFO|[EXTERNAL]|005B0000001VpZR|rreboucas-yi5c@force.com|Pacific Standard Time|GMT-07:00
13:58:06.605 (605225501)|CODE_UNIT_STARTED|[EXTERNAL]|Aura
13:58:06.605 (605316299)|CODE_UNIT_FINISHED|Aura
13:58:06.0 (683546479)|HEAP_ALLOCATE|[EXTERNAL]|Bytes:1
13:58:06.0 (683581056)|HEAP_ALLOCATE|[EXTERNAL]|Bytes:1
13:58:06.685 (685949156)|USER_INFO|[EXTERNAL]|005B0000001VpZR|rreboucas-yi5c@force.com|Pacific Standard Time|GMT-07:00
13:58:06.685 (686149413)|STATEMENT_EXECUTE|[1]
13:58:06.685 (686162541)|HEAP_ALLOCATE|[EXTERNAL]|Bytes:5
13:58:06.685 (686180140)|METHOD_EXIT|[1]|RecordTimelineServerController
13:58:06.685 (686184866)|HEAP_ALLOCATE|[EXTERNAL]|Bytes:1
13:58:06.685 (686186561)|HEAP_ALLOCATE|[EXTERNAL]|Bytes:29
13:58:06.685 (686187866)|HEAP_ALLOCATE|[EXTERNAL]|Bytes:17
13:58:06.685 (686189057)|HEAP_ALLOCATE|[EXTERNAL]|Bytes:7
13:58:06.685 (686190255)|HEAP_ALLOCATE|[EXTERNAL]|Bytes:12
13:58:06.685 (686191388)|HEAP_ALLOCATE|[EXTERNAL]|Bytes:4
13:58:06.685 (686192504)|HEAP_ALLOCATE|[EXTERNAL]|Bytes:9
13:58:06.685 (686193736)|HEAP_ALLOCATE|[EXTERNAL]|Bytes:17
13:58:06.685 (686208009)|VARIABLE_SCOPE_BEGIN|[22]|recordID|String|false|false
13:58:06.685 (686241537)|VARIABLE_ASSIGNMENT|[22]|recordID|null
13:58:06.685 (686248883)|VARIABLE_SCOPE_BEGIN|[22]|rowsLimit|String|false|false
13:58:06.685 (686257706)|VARIABLE_ASSIGNMENT|[22]|rowsLimit|"4"
13:58:06.685 (686261569)|VARIABLE_SCOPE_BEGIN|[22]|objectApiName|String|false|false
13:58:06.685 (686268808)|VARIABLE_ASSIGNMENT|[22]|objectApiName|"testautonumdata__Int (9 more) ..."
13:58:06.685 (686272945)|VARIABLE_SCOPE_BEGIN|[22]|filter1Field|String|false|false
13:58:06.685 (686276917)|VARIABLE_ASSIGNMENT|[22]|filter1Field|null
13:58:06.685 (686280606)|VARIABLE_SCOPE_BEGIN|[22]|filter1Value|String|false|false
13:58:06.685 (686284049)|VARIABLE_ASSIGNMENT|[22]|filter1Value|null
13:58:06.685 (686287479)|VARIABLE_SCOPE_BEGIN|[22]|objectDateFieldName|String|false|false
13:58:06.685 (686291837)|VARIABLE_ASSIGNMENT|[22]|objectDateFieldName|"Interview_Date__c"
13:58:06.685 (686295500)|VARIABLE_SCOPE_BEGIN|[22]|objectDisplayDateFieldName|String|false|false
13:58:06.685 (686299389)|VARIABLE_ASSIGNMENT|[22]|objectDisplayDateFieldName|"Date__c"
13:58:06.685 (686303139)|VARIABLE_SCOPE_BEGIN|[22]|parentObjectIDFieldName|String|false|false
13:58:06.685 (686307508)|VARIABLE_ASSIGNMENT|[22]|parentObjectIDFieldName|"Candidate__c"
13:58:06.685 (686311263)|VARIABLE_SCOPE_BEGIN|[22]|detail1FieldAPIName|String|false|false
13:58:06.685 (686315034)|VARIABLE_ASSIGNMENT|[22]|detail1FieldAPIName|"Name"
13:58:06.685 (686318624)|VARIABLE_SCOPE_BEGIN|[22]|detail2FieldAPIName|String|false|false
13:58:06.685 (686322514)|VARIABLE_ASSIGNMENT|[22]|detail2FieldAPIName|"Status__c"
13:58:06.685 (686326074)|VARIABLE_SCOPE_BEGIN|[22]|titleFieldAPIName|String|false|false
13:58:06.685 (686330241)|VARIABLE_ASSIGNMENT|[22]|titleFieldAPIName|"Interview_Type__c"
13:58:06.685 (686333985)|VARIABLE_SCOPE_BEGIN|[22]|subtitleFieldAPIName|String|false|false
13:58:06.685 (686337793)|VARIABLE_ASSIGNMENT|[22]|subtitleFieldAPIName|null
13:58:06.685 (686348733)|HEAP_ALLOCATE|[24]|Bytes:5
13:58:06.685 (686352971)|STATEMENT_EXECUTE|[22]
13:58:06.685 (686354647)|STATEMENT_EXECUTE|[24]
13:58:06.685 (686359742)|HEAP_ALLOCATE|[24]|Bytes:52
13:58:06.685 (686373279)|HEAP_ALLOCATE|[24]|Bytes:53
13:58:06.685 (686401732)|ENTERING_MANAGED_PKG|
13:58:06.685 (686442153)|USER_DEBUG|[24]|DEBUG|######## RecordTimelineServerController: rowsLimit: 4
13:58:06.685 (686452889)|STATEMENT_EXECUTE|[25]
13:58:06.685 (686457544)|HEAP_ALLOCATE|[25]|Bytes:56
13:58:06.685 (686464587)|HEAP_ALLOCATE|[25]|Bytes:85
13:58:06.685 (686479814)|ENTERING_MANAGED_PKG|
13:58:06.685 (686504010)|USER_DEBUG|[25]|DEBUG|######## RecordTimelineServerController: objectApiName: testautonumdata__Interview__c
13:58:06.685 (686511887)|STATEMENT_EXECUTE|[27]
13:58:06.685 (686520172)|HEAP_ALLOCATE|[27]|Bytes:4
13:58:06.685 (686591557)|ENTERING_MANAGED_PKG|
13:58:06.685 (686632020)|VARIABLE_SCOPE_BEGIN|[27]|lstReturnRecords|List<testautonumdata.RecordTimelineServerController>|true|false
13:58:06.685 (686663211)|HEAP_ALLOCATE|[EXTERNAL]|Bytes:4
13:58:06.685 (686688981)|VARIABLE_ASSIGNMENT|[27]|lstReturnRecords|{"s":1,"v":[]}|0x5c7d366a
13:58:06.685 (686711231)|ENTERING_MANAGED_PKG|
13:58:06.685 (686749363)|STATEMENT_EXECUTE|[28]
13:58:06.685 (686752086)|STATEMENT_EXECUTE|[118]
13:58:06.686 (686805907)|CUMULATIVE_LIMIT_USAGE
13:58:06.686 (686805907)|LIMIT_USAGE_FOR_NS|(default)|
  Number of SOQL queries: 0 out of 100
  Number of query rows: 0 out of 50000
  Number of SOSL queries: 0 out of 20
  Number of DML statements: 0 out of 150
  Number of DML rows: 0 out of 10000
  Maximum CPU time: 0 out of 10000
  Maximum heap size: 0 out of 6000000
  Number of callouts: 0 out of 100
  Number of Email Invocations: 0 out of 10
  Number of future calls: 0 out of 50
  Number of queueable jobs added to the queue: 0 out of 50
  Number of Mobile Apex push calls: 0 out of 10

13:58:06.686 (686805907)|CUMULATIVE_LIMIT_USAGE_END

13:58:06.685 (686862451)|CODE_UNIT_FINISHED|RecordTimelineServerController.getListRecords
