38.0 APEX_CODE,FINEST;APEX_PROFILING,INFO;CALLOUT,INFO;DB,INFO;SYSTEM,DEBUG;VALIDATION,INFO;VISUALFORCE,INFO;WORKFLOW,INFO
13:38:01.0 (161815)|USER_INFO|[EXTERNAL]|005B0000001VpZR|rreboucas-yi5c@force.com|Pacific Standard Time|GMT-07:00
13:38:01.2 (2521661)|CODE_UNIT_STARTED|[EXTERNAL]|01pB0000000r382|Twitter_Lightning_Controller.getRecordDetails
13:38:01.2 (2597399)|VARIABLE_SCOPE_BEGIN|[3]|Twitter_Lightning_Controller.mapObjectsFields|Map<String,Set<String>>|true|true
13:38:01.2 (2689854)|HEAP_ALLOCATE|[EXTERNAL]|Bytes:384
13:38:01.2 (2704290)|HEAP_ALLOCATE|[EXTERNAL]|Bytes:56
13:38:01.2 (2712666)|HEAP_ALLOCATE|[EXTERNAL]|Bytes:114
13:38:01.2 (2745523)|METHOD_ENTRY|[1]|01pB0000000r382|Twitter_Lightning_Controller.Twitter_Lightning_Controller()
13:38:01.2 (2751874)|STATEMENT_EXECUTE|[1]
13:38:01.2 (2761429)|STATEMENT_EXECUTE|[1]
13:38:01.2 (2805971)|HEAP_ALLOCATE|[50]|Bytes:5
13:38:01.2 (2840338)|HEAP_ALLOCATE|[56]|Bytes:5
13:38:01.2 (2856879)|HEAP_ALLOCATE|[64]|Bytes:7
13:38:01.2 (2889102)|SYSTEM_MODE_ENTER|false
13:38:01.2 (2912074)|HEAP_ALLOCATE|[3]|Bytes:5
13:38:01.2 (2920926)|STATEMENT_EXECUTE|[3]
13:38:01.2 (2981538)|VARIABLE_ASSIGNMENT|[3]|Twitter_Lightning_Controller.mapObjectsFields|null|
13:38:01.2 (2994962)|SYSTEM_MODE_EXIT|false
13:38:01.2 (3015249)|METHOD_EXIT|[1]|Twitter_Lightning_Controller
13:38:01.2 (3028531)|HEAP_ALLOCATE|[EXTERNAL]|Bytes:18
13:38:01.2 (3034325)|HEAP_ALLOCATE|[EXTERNAL]|Bytes:29
13:38:01.2 (3038461)|HEAP_ALLOCATE|[EXTERNAL]|Bytes:30
13:38:01.2 (3047982)|SYSTEM_MODE_ENTER|false
13:38:01.2 (3069648)|VARIABLE_SCOPE_BEGIN|[82]|recordID|String|false|false
13:38:01.2 (3098890)|VARIABLE_ASSIGNMENT|[82]|recordID|"a0MB0000000cQXFMA2"
13:38:01.2 (3110317)|VARIABLE_SCOPE_BEGIN|[82]|objectApiName|String|false|false
13:38:01.2 (3128479)|VARIABLE_ASSIGNMENT|[82]|objectApiName|"testautonumdata__Can (9 more) ..."
13:38:01.2 (3139222)|VARIABLE_SCOPE_BEGIN|[82]|twitterIDFieldApiName|String|false|false
13:38:01.2 (3158101)|VARIABLE_ASSIGNMENT|[82]|twitterIDFieldApiName|"testautonumdata__Twi (10 more) ..."
13:38:01.2 (3167511)|VARIABLE_SCOPE_BEGIN|[82]|firstName|String|false|false
13:38:01.2 (3179000)|VARIABLE_ASSIGNMENT|[82]|firstName|null
13:38:01.2 (3188746)|VARIABLE_SCOPE_BEGIN|[82]|lastName|String|false|false
13:38:01.2 (3202782)|VARIABLE_ASSIGNMENT|[82]|lastName|null
13:38:01.2 (3215760)|VARIABLE_SCOPE_BEGIN|[82]|companyName|String|false|false
13:38:01.2 (3227415)|VARIABLE_ASSIGNMENT|[82]|companyName|null
13:38:01.2 (3236064)|VARIABLE_SCOPE_BEGIN|[82]|email|String|false|false
13:38:01.2 (3250471)|VARIABLE_ASSIGNMENT|[82]|email|null
13:38:01.2 (3274950)|HEAP_ALLOCATE|[84]|Bytes:5
13:38:01.2 (3284274)|STATEMENT_EXECUTE|[82]
13:38:01.2 (3286893)|STATEMENT_EXECUTE|[84]
13:38:01.2 (3299282)|VARIABLE_SCOPE_BEGIN|[84]|hasTwitterMemberID|Boolean|false|false
13:38:01.2 (3306371)|HEAP_ALLOCATE|[84]|Bytes:5
13:38:01.2 (3324674)|VARIABLE_ASSIGNMENT|[84]|hasTwitterMemberID|false
13:38:01.2 (3329126)|STATEMENT_EXECUTE|[85]
13:38:01.2 (3337312)|HEAP_ALLOCATE|[85]|Bytes:64
13:38:01.2 (3358892)|CONSTRUCTOR_ENTRY|[85]|01pB0000000r382|<init>()
13:38:01.2 (3401178)|VARIABLE_SCOPE_BEGIN|[1]|this|testautonumdata.Twitter_Lightning_Controller|true|false
13:38:01.2 (3457263)|VARIABLE_ASSIGNMENT|[1]|this|{}|0x2d97d61e
13:38:01.2 (3469649)|HEAP_ALLOCATE|[EXTERNAL]|Bytes:5
13:38:01.2 (3484333)|HEAP_ALLOCATE|[EXTERNAL]|Bytes:6
13:38:01.2 (3527968)|STATEMENT_EXECUTE|[1]
13:38:01.2 (3537208)|HEAP_ALLOCATE|[EXTERNAL]|Bytes:5
13:38:01.2 (3544385)|STATEMENT_EXECUTE|[6]
13:38:01.2 (3548967)|STATEMENT_EXECUTE|[8]
13:38:01.2 (3552974)|STATEMENT_EXECUTE|[10]
13:38:01.2 (3555698)|STATEMENT_EXECUTE|[12]
13:38:01.2 (3557476)|STATEMENT_EXECUTE|[14]
13:38:01.2 (3559461)|STATEMENT_EXECUTE|[16]
13:38:01.2 (3561127)|STATEMENT_EXECUTE|[18]
13:38:01.2 (3562835)|STATEMENT_EXECUTE|[20]
13:38:01.2 (3564537)|STATEMENT_EXECUTE|[22]
13:38:01.2 (3571416)|STATEMENT_EXECUTE|[24]
13:38:01.2 (3573337)|STATEMENT_EXECUTE|[26]
13:38:01.2 (3575056)|STATEMENT_EXECUTE|[28]
13:38:01.2 (3576971)|STATEMENT_EXECUTE|[30]
13:38:01.2 (3578660)|STATEMENT_EXECUTE|[32]
13:38:01.2 (3580340)|STATEMENT_EXECUTE|[34]
13:38:01.2 (3592544)|CONSTRUCTOR_EXIT|[85]|01pB0000000r382|<init>()
13:38:01.2 (3602219)|VARIABLE_SCOPE_BEGIN|[85]|returnRec|testautonumdata.Twitter_Lightning_Controller|true|false
13:38:01.2 (3651863)|VARIABLE_ASSIGNMENT|[85]|returnRec|{}|0x2d97d61e
13:38:01.2 (3657931)|STATEMENT_EXECUTE|[88]
13:38:01.2 (3670020)|HEAP_ALLOCATE|[88]|Bytes:4
13:38:01.2 (3734456)|VARIABLE_ASSIGNMENT|[88]|Twitter_Lightning_Controller.mapObjectsFields|{"s":1,"v":{}}|0x1dbf5b53
13:38:01.2 (3771566)|ENTERING_MANAGED_PKG|
13:38:01.2 (3835537)|STATEMENT_EXECUTE|[91]
13:38:01.2 (3839867)|STATEMENT_EXECUTE|[92]
13:38:01.2 (3846340)|HEAP_ALLOCATE|[92]|Bytes:9
13:38:01.2 (3859885)|VARIABLE_SCOPE_BEGIN|[92]|soql|String|false|false
13:38:01.2 (3877951)|VARIABLE_ASSIGNMENT|[92]|soql|"Select id"
13:38:01.2 (3882347)|STATEMENT_EXECUTE|[93]
13:38:01.2 (3887765)|HEAP_ALLOCATE|[93]|Bytes:2
13:38:01.2 (4034315)|HEAP_ALLOCATE|[93]|Bytes:19
13:38:01.2 (4048970)|HEAP_ALLOCATE|[93]|Bytes:28
13:38:01.2 (4070039)|METHOD_ENTRY|[1]|01pB0000000ljzx|Sparkle_Helper.Sparkle_Helper()
13:38:01.2 (4074475)|STATEMENT_EXECUTE|[1]
13:38:01.2 (4079992)|STATEMENT_EXECUTE|[1]
13:38:01.2 (4089467)|HEAP_ALLOCATE|[93]|Bytes:5
13:38:01.2 (4107281)|METHOD_EXIT|[1]|Sparkle_Helper
13:38:01.2 (4138726)|METHOD_ENTRY|[93]|01pB0000000ljzx|testautonumdata.Sparkle_Helper.AddFieldToObjectsMap(String, String, Map<String,Set<String>>)
13:38:01.2 (4193030)|VARIABLE_SCOPE_BEGIN|[107]|fieldName|String|false|false
13:38:01.2 (4210395)|VARIABLE_ASSIGNMENT|[107]|fieldName|"Id"
13:38:01.2 (4222724)|VARIABLE_SCOPE_BEGIN|[107]|initialObjectName|String|false|false
13:38:01.2 (4243528)|VARIABLE_ASSIGNMENT|[107]|initialObjectName|"testautonumdata__Can (9 more) ..."
13:38:01.2 (4253968)|VARIABLE_SCOPE_BEGIN|[107]|theMap|Map<String,Set<String>>|true|false
13:38:01.2 (4277469)|VARIABLE_ASSIGNMENT|[107]|theMap|{"s":1,"v":{}}|0x1dbf5b53
13:38:01.2 (4293210)|HEAP_ALLOCATE|[109]|Bytes:5
13:38:01.2 (4307697)|STATEMENT_EXECUTE|[108]
13:38:01.2 (4313813)|HEAP_ALLOCATE|[109]|Bytes:1
13:38:01.2 (4339299)|ENTERING_MANAGED_PKG|
13:38:01.2 (4397960)|STATEMENT_EXECUTE|[150]
13:38:01.2 (4417496)|METHOD_ENTRY|[150]|01pB0000000ljzx|testautonumdata.Sparkle_Helper.AddFieldToMap(String, String, Map<String,Set<String>>)
13:38:01.2 (4455937)|VARIABLE_SCOPE_BEGIN|[157]|fieldName|String|false|false
13:38:01.2 (4472248)|VARIABLE_ASSIGNMENT|[157]|fieldName|"Id"
13:38:01.2 (4481303)|VARIABLE_SCOPE_BEGIN|[157]|ObjectName|String|false|false
13:38:01.2 (4494796)|VARIABLE_ASSIGNMENT|[157]|ObjectName|"testautonumdata__Can (9 more) ..."
13:38:01.2 (4503863)|VARIABLE_SCOPE_BEGIN|[157]|theMap|Map<String,Set<String>>|true|false
13:38:01.2 (4525264)|VARIABLE_ASSIGNMENT|[157]|theMap|{"s":1,"v":{}}|0x1dbf5b53
13:38:01.2 (4538336)|HEAP_ALLOCATE|[160]|Bytes:5
13:38:01.2 (4546914)|STATEMENT_EXECUTE|[158]
13:38:01.2 (4564324)|ENTERING_MANAGED_PKG|
13:38:01.2 (4619336)|STATEMENT_EXECUTE|[167]
13:38:01.2 (4623388)|STATEMENT_EXECUTE|[168]
13:38:01.2 (4689302)|HEAP_ALLOCATE|[168]|Bytes:4
13:38:01.2 (4716704)|ENTERING_MANAGED_PKG|
13:38:01.2 (4761682)|VARIABLE_SCOPE_BEGIN|[168]|newFieldSet|Set<String>|true|false
13:38:01.2 (4826164)|VARIABLE_ASSIGNMENT|[168]|newFieldSet|{"s":1,"v":[]}|0x62210afb
13:38:01.2 (4833809)|STATEMENT_EXECUTE|[169]
13:38:01.2 (4853004)|ENTERING_MANAGED_PKG|
13:38:01.2 (4901585)|HEAP_ALLOCATE|[EXTERNAL]|Bytes:4
13:38:01.2 (4915625)|STATEMENT_EXECUTE|[170]
13:38:01.2 (4927427)|ENTERING_MANAGED_PKG|
13:38:01.2 (4970500)|HEAP_ALLOCATE|[EXTERNAL]|Bytes:-4
13:38:01.2 (4989245)|METHOD_EXIT|[150]|01pB0000000ljzx|testautonumdata.Sparkle_Helper.AddFieldToMap(String, String, Map<String,Set<String>>)
13:38:01.2 (4998988)|METHOD_EXIT|[93]|01pB0000000ljzx|testautonumdata.Sparkle_Helper.AddFieldToObjectsMap(String, String, Map<String,Set<String>>)
13:38:01.2 (5005705)|STATEMENT_EXECUTE|[95]
13:38:01.2 (5013504)|STATEMENT_EXECUTE|[96]
13:38:01.2 (5019950)|HEAP_ALLOCATE|[96]|Bytes:2
13:38:01.2 (5043847)|ENTERING_MANAGED_PKG|
13:38:01.2 (5079072)|HEAP_ALLOCATE|[96]|Bytes:30
13:38:01.2 (5107186)|HEAP_ALLOCATE|[96]|Bytes:32
13:38:01.2 (5118789)|HEAP_ALLOCATE|[96]|Bytes:41
13:38:01.2 (5149479)|VARIABLE_ASSIGNMENT|[96]|soql|"Select id, testauton (21 more) ..."
13:38:01.2 (5155369)|STATEMENT_EXECUTE|[97]
13:38:01.2 (5170385)|METHOD_ENTRY|[97]|01pB0000000ljzx|testautonumdata.Sparkle_Helper.AddFieldToObjectsMap(String, String, Map<String,Set<String>>)
13:38:01.2 (5204263)|VARIABLE_SCOPE_BEGIN|[107]|fieldName|String|false|false
13:38:01.2 (5221602)|VARIABLE_ASSIGNMENT|[107]|fieldName|"testautonumdata__Twi (10 more) ..."
13:38:01.2 (5227683)|VARIABLE_SCOPE_BEGIN|[107]|initialObjectName|String|false|false
13:38:01.2 (5242028)|VARIABLE_ASSIGNMENT|[107]|initialObjectName|"testautonumdata__Can (9 more) ..."
13:38:01.2 (5249386)|VARIABLE_SCOPE_BEGIN|[107]|theMap|Map<String,Set<String>>|true|false
13:38:01.2 (5282514)|VARIABLE_ASSIGNMENT|[107]|theMap|{"s":1,"v":{"testautonumdata__Can (9 more) ...":{"s":2,"v":["Id"]}}}|0x1dbf5b53
13:38:01.2 (5298476)|HEAP_ALLOCATE|[109]|Bytes:5
13:38:01.2 (5308468)|STATEMENT_EXECUTE|[108]
13:38:01.2 (5329705)|ENTERING_MANAGED_PKG|
13:38:01.2 (5342393)|STATEMENT_EXECUTE|[150]
13:38:01.2 (5351936)|METHOD_ENTRY|[150]|01pB0000000ljzx|testautonumdata.Sparkle_Helper.AddFieldToMap(String, String, Map<String,Set<String>>)
13:38:01.2 (5364406)|VARIABLE_SCOPE_BEGIN|[157]|fieldName|String|false|false
13:38:01.2 (5385540)|VARIABLE_ASSIGNMENT|[157]|fieldName|"testautonumdata__Twi (10 more) ..."
13:38:01.2 (5391598)|VARIABLE_SCOPE_BEGIN|[157]|ObjectName|String|false|false
13:38:01.2 (5403602)|VARIABLE_ASSIGNMENT|[157]|ObjectName|"testautonumdata__Can (9 more) ..."
13:38:01.2 (5408797)|VARIABLE_SCOPE_BEGIN|[157]|theMap|Map<String,Set<String>>|true|false
13:38:01.2 (5443697)|VARIABLE_ASSIGNMENT|[157]|theMap|{"s":1,"v":{"testautonumdata__Can (9 more) ...":{"s":2,"v":["Id"]}}}|0x1dbf5b53
13:38:01.2 (5456697)|HEAP_ALLOCATE|[160]|Bytes:5
13:38:01.2 (5465077)|STATEMENT_EXECUTE|[158]
13:38:01.2 (5475501)|ENTERING_MANAGED_PKG|
13:38:01.2 (5484313)|STATEMENT_EXECUTE|[161]
13:38:01.2 (5487031)|STATEMENT_EXECUTE|[162]
13:38:01.2 (5494794)|ENTERING_MANAGED_PKG|
13:38:01.2 (5546865)|VARIABLE_SCOPE_BEGIN|[162]|existingFieldSet|Set<String>|true|false
13:38:01.2 (5573394)|VARIABLE_ASSIGNMENT|[162]|existingFieldSet|{"s":1,"v":["Id"]}|0x62210afb
13:38:01.2 (5579717)|STATEMENT_EXECUTE|[163]
13:38:01.2 (5591530)|ENTERING_MANAGED_PKG|
13:38:01.2 (5627717)|HEAP_ALLOCATE|[EXTERNAL]|Bytes:4
13:38:01.2 (5640159)|STATEMENT_EXECUTE|[164]
13:38:01.2 (5650707)|ENTERING_MANAGED_PKG|
13:38:01.2 (5714789)|METHOD_EXIT|[150]|01pB0000000ljzx|testautonumdata.Sparkle_Helper.AddFieldToMap(String, String, Map<String,Set<String>>)
13:38:01.2 (5727790)|METHOD_EXIT|[97]|01pB0000000ljzx|testautonumdata.Sparkle_Helper.AddFieldToObjectsMap(String, String, Map<String,Set<String>>)
13:38:01.2 (5739473)|STATEMENT_EXECUTE|[100]
13:38:01.2 (5743063)|STATEMENT_EXECUTE|[105]
13:38:01.2 (5745671)|STATEMENT_EXECUTE|[110]
13:38:01.2 (5747914)|STATEMENT_EXECUTE|[115]
13:38:01.2 (5749654)|STATEMENT_EXECUTE|[121]
13:38:01.2 (5755894)|HEAP_ALLOCATE|[121]|Bytes:6
13:38:01.2 (5776867)|ENTERING_MANAGED_PKG|
13:38:01.2 (5816007)|HEAP_ALLOCATE|[121]|Bytes:29
13:38:01.2 (5843151)|HEAP_ALLOCATE|[121]|Bytes:35
13:38:01.2 (5857923)|HEAP_ALLOCATE|[121]|Bytes:76
13:38:01.2 (5881764)|VARIABLE_ASSIGNMENT|[121]|soql|"Select id, testauton (56 more) ..."
13:38:01.2 (5887437)|STATEMENT_EXECUTE|[123]
13:38:01.2 (5894074)|HEAP_ALLOCATE|[123]|Bytes:12
13:38:01.2 (5917671)|ENTERING_MANAGED_PKG|
13:38:01.2 (5953515)|HEAP_ALLOCATE|[123]|Bytes:18
13:38:01.2 (5980441)|HEAP_ALLOCATE|[123]|Bytes:1
13:38:01.2 (5996135)|HEAP_ALLOCATE|[123]|Bytes:31
13:38:01.2 (6005410)|HEAP_ALLOCATE|[123]|Bytes:107
13:38:01.2 (6033495)|VARIABLE_ASSIGNMENT|[123]|soql|"Select id, testauton (87 more) ..."
13:38:01.2 (6038796)|STATEMENT_EXECUTE|[126]
13:38:01.2 (6045043)|HEAP_ALLOCATE|[126]|Bytes:8
13:38:01.2 (6056006)|HEAP_ALLOCATE|[126]|Bytes:115
13:38:01.2 (6076243)|VARIABLE_ASSIGNMENT|[126]|soql|"Select id, testauton (95 more) ..."
13:38:01.2 (6081079)|STATEMENT_EXECUTE|[128]
13:38:01.2 (6086712)|HEAP_ALLOCATE|[128]|Bytes:15
13:38:01.2 (6097316)|HEAP_ALLOCATE|[128]|Bytes:130
13:38:01.2 (6129547)|ENTERING_MANAGED_PKG|
13:38:01.2 (6166290)|USER_DEBUG|[128]|DEBUG|######## soql: Select id, testautonumdata__Twitter_ID__c FROM testautonumdata__Candidate__c WHERE id ='a0MB0000000cQXFMA2' limit 1
13:38:01.2 (6191877)|METHOD_ENTRY|[132]|01pB0000000ljzx|testautonumdata.Sparkle_Helper.UserHasAccessToObjectsAndFields(Map<String,Set<String>>)
13:38:01.2 (6232900)|VARIABLE_SCOPE_BEGIN|[175]|theMap|Map<String,Set<String>>|true|false
13:38:01.2 (6270929)|VARIABLE_ASSIGNMENT|[175]|theMap|{"s":1,"v":{"testautonumdata__Can (9 more) ...":{"s":2,"v":["Id","testautonumdata__Twi (10 more) ..."]}}}|0x1dbf5b53
13:38:01.2 (6290601)|HEAP_ALLOCATE|[177]|Bytes:5
13:38:01.2 (6299689)|STATEMENT_EXECUTE|[176]
13:38:01.2 (6302245)|STATEMENT_EXECUTE|[177]
13:38:01.2 (6312212)|VARIABLE_SCOPE_BEGIN|[177]|hasAccess|Boolean|false|false
13:38:01.2 (6319926)|HEAP_ALLOCATE|[177]|Bytes:5
13:38:01.2 (6342299)|VARIABLE_ASSIGNMENT|[177]|hasAccess|true
13:38:01.2 (6359445)|ENTERING_MANAGED_PKG|
13:38:01.2 (6406251)|STATEMENT_EXECUTE|[180]
13:38:01.2 (6410783)|STATEMENT_EXECUTE|[181]
13:38:01.2 (6416786)|HEAP_ALLOCATE|[181]|Bytes:17
13:38:01.2 (6443688)|ENTERING_MANAGED_PKG|
13:38:01.2 (6504871)|HEAP_ALLOCATE|[181]|Bytes:68
13:38:01.2 (6534172)|HEAP_ALLOCATE|[181]|Bytes:85
13:38:01.2 (6549056)|ENTERING_MANAGED_PKG|
13:38:01.2 (6554889)|USER_DEBUG|[181]|DEBUG|######## theMap: {testautonumdata__Candidate__c={Id, testautonumdata__Twitter_ID__c}}
13:38:01.2 (6576156)|HEAP_ALLOCATE|[182]|Bytes:4
13:38:01.2 (6593576)|ENTERING_MANAGED_PKG|
13:38:01.2 (6625876)|ENTERING_MANAGED_PKG|
13:38:01.2 (6655941)|HEAP_ALLOCATE|[182]|Bytes:37
13:38:01.2 (6676340)|ENTERING_MANAGED_PKG|
13:38:01.2 (6684841)|HEAP_ALLOCATE|[182]|Bytes:4
13:38:01.2 (6698215)|ENTERING_MANAGED_PKG|
13:38:01.2 (6783296)|HEAP_ALLOCATE|[182]|Bytes:5
13:38:01.2 (6818504)|VARIABLE_SCOPE_BEGIN|[182]|objectName|String|false|false
13:38:01.2 (6843333)|VARIABLE_ASSIGNMENT|[182]|objectName|"testautonumdata__Can (9 more) ..."
13:38:01.2 (6849816)|STATEMENT_EXECUTE|[183]
13:38:01.2 (6852268)|STATEMENT_EXECUTE|[184]
13:38:01.2 (6858465)|HEAP_ALLOCATE|[184]|Bytes:21
13:38:01.2 (6874737)|HEAP_ALLOCATE|[184]|Bytes:50
13:38:01.2 (6894983)|ENTERING_MANAGED_PKG|
13:38:01.2 (6922588)|USER_DEBUG|[184]|DEBUG|######## objectName: testautonumdata__Candidate__c
13:38:01.2 (6935319)|STATEMENT_EXECUTE|[185]
13:38:01.2 (6958951)|ENTERING_MANAGED_PKG|
13:38:01.2 (25377065)|HEAP_ALLOCATE|[185]|Bytes:1652
13:38:01.2 (25448374)|ENTERING_MANAGED_PKG|
13:38:01.2 (25636103)|HEAP_ALLOCATE|[185]|Bytes:4
13:38:01.2 (25672544)|VARIABLE_SCOPE_BEGIN|[185]|sObj|SObject|true|false
13:38:01.2 (25718780)|VARIABLE_ASSIGNMENT|[185]|sObj|{}|0x2b759908
13:38:01.2 (25732871)|STATEMENT_EXECUTE|[186]
13:38:01.2 (25774158)|ENTERING_MANAGED_PKG|
13:38:01.2 (26305367)|HEAP_ALLOCATE|[186]|Bytes:4
13:38:01.2 (28201925)|HEAP_ALLOCATE|[186]|Bytes:140
13:38:01.2 (28224210)|VARIABLE_SCOPE_BEGIN|[186]|m|Map<String,Schema.SObjectField>|true|false
13:38:01.2 (28536706)|VARIABLE_ASSIGNMENT|[186]|m|"{createdbyid=CreatedById, createddate=CreatedDate, id=Id, isdeleted=IsDeleted, lastactivitydate=LastActivityDate, lastmodifiedbyid=LastModifiedById, lastmodifieddate=LastModifiedDate, lastreferenceddate=LastReferencedDate, lastvieweddate=LastViewedDate, name=Name, ...}"|0x36324e58
13:38:01.2 (28547673)|STATEMENT_EXECUTE|[187]
13:38:01.2 (28567184)|ENTERING_MANAGED_PKG|
13:38:01.2 (28643222)|VARIABLE_SCOPE_BEGIN|[187]|objectFieldSet|Set<String>|true|false
13:38:01.2 (28684713)|VARIABLE_ASSIGNMENT|[187]|objectFieldSet|{"s":1,"v":["Id","testautonumdata__Twi (10 more) ..."]}|0x62210afb
13:38:01.2 (28703487)|HEAP_ALLOCATE|[189]|Bytes:4
13:38:01.2 (28724580)|ENTERING_MANAGED_PKG|
13:38:01.2 (28763400)|ENTERING_MANAGED_PKG|
13:38:01.2 (28774188)|HEAP_ALLOCATE|[189]|Bytes:8
13:38:01.2 (28789084)|ENTERING_MANAGED_PKG|
13:38:01.2 (28821252)|HEAP_ALLOCATE|[189]|Bytes:5
13:38:01.2 (28854419)|VARIABLE_SCOPE_BEGIN|[189]|fieldToCheck|String|false|false
13:38:01.2 (28873813)|VARIABLE_ASSIGNMENT|[189]|fieldToCheck|"Id"
13:38:01.2 (28880386)|STATEMENT_EXECUTE|[189]
13:38:01.2 (28882995)|STATEMENT_EXECUTE|[190]
13:38:01.2 (28890502)|HEAP_ALLOCATE|[190]|Bytes:23
13:38:01.2 (28909761)|HEAP_ALLOCATE|[190]|Bytes:25
13:38:01.2 (28938695)|ENTERING_MANAGED_PKG|
13:38:01.2 (28977081)|USER_DEBUG|[190]|DEBUG|######## fieldToCheck: Id
13:38:01.2 (29002254)|ENTERING_MANAGED_PKG|
13:38:01.2 (29855559)|HEAP_ALLOCATE|[192]|Bytes:8
13:38:01.2 (29891118)|STATEMENT_EXECUTE|[192]
13:38:01.2 (29895385)|STATEMENT_EXECUTE|[199]
13:38:01.2 (29901139)|HEAP_ALLOCATE|[199]|Bytes:35
13:38:01.2 (29917095)|HEAP_ALLOCATE|[199]|Bytes:37
13:38:01.2 (29932231)|ENTERING_MANAGED_PKG|
13:38:01.2 (29959014)|USER_DEBUG|[199]|DEBUG|######## User has access to field: Id
13:38:01.2 (29979467)|HEAP_ALLOCATE|[189]|Bytes:5
13:38:01.2 (30002858)|VARIABLE_SCOPE_BEGIN|[189]|fieldToCheck|String|false|false
13:38:01.2 (30032620)|VARIABLE_ASSIGNMENT|[189]|fieldToCheck|"testautonumdata__Twi (10 more) ..."
13:38:01.2 (30040192)|STATEMENT_EXECUTE|[189]
13:38:01.2 (30042654)|STATEMENT_EXECUTE|[190]
13:38:01.2 (30056655)|HEAP_ALLOCATE|[190]|Bytes:53
13:38:01.2 (30072513)|ENTERING_MANAGED_PKG|
13:38:01.2 (30091421)|USER_DEBUG|[190]|DEBUG|######## fieldToCheck: testautonumdata__Twitter_ID__c
13:38:01.2 (30109909)|ENTERING_MANAGED_PKG|
13:38:01.2 (34338401)|HEAP_ALLOCATE|[192]|Bytes:8
13:38:01.2 (34362500)|STATEMENT_EXECUTE|[192]
13:38:01.2 (34368572)|STATEMENT_EXECUTE|[199]
13:38:01.2 (34396083)|HEAP_ALLOCATE|[199]|Bytes:65
13:38:01.2 (34412290)|ENTERING_MANAGED_PKG|
13:38:01.2 (34418469)|USER_DEBUG|[199]|DEBUG|######## User has access to field: testautonumdata__Twitter_ID__c
13:38:01.2 (34440931)|HEAP_ALLOCATE|[189]|Bytes:5
13:38:01.2 (34488300)|VARIABLE_ASSIGNMENT|[189]|fieldToCheck|null
13:38:01.2 (34509806)|HEAP_ALLOCATE|[182]|Bytes:5
13:38:01.2 (34538050)|VARIABLE_ASSIGNMENT|[182]|objectName|null
13:38:01.2 (34544940)|STATEMENT_EXECUTE|[206]
13:38:01.2 (34551420)|HEAP_ALLOCATE|[206]|Bytes:5
13:38:01.2 (34573458)|METHOD_EXIT|[132]|01pB0000000ljzx|testautonumdata.Sparkle_Helper.UserHasAccessToObjectsAndFields(Map<String,Set<String>>)
13:38:01.2 (34581007)|STATEMENT_EXECUTE|[133]
13:38:01.2 (34583622)|STATEMENT_EXECUTE|[135]
13:38:01.2 (34608701)|ENTERING_MANAGED_PKG|
13:38:01.2 (34658413)|HEAP_ALLOCATE|[135]|Bytes:5
13:38:01.2 (34972500)|SOQL_EXECUTE_BEGIN|[135]|Aggregations:0|Select id, testautonumdata__Twitter_ID__c FROM testautonumdata__Candidate__c WHERE id ='a0MB0000000cQXFMA2' limit 1
13:38:01.2 (38038554)|SOQL_EXECUTE_END|[135]|Rows:1
13:38:01.2 (38066406)|HEAP_ALLOCATE|[135]|Bytes:8
13:38:01.2 (38086002)|HEAP_ALLOCATE|[135]|Bytes:69
13:38:01.2 (38147502)|HEAP_ALLOCATE|[135]|Bytes:8
13:38:01.2 (38174912)|VARIABLE_SCOPE_BEGIN|[135]|lstQueriedRecords|List<SObject>|true|false
13:38:01.2 (38217935)|VARIABLE_ASSIGNMENT|[135]|lstQueriedRecords|{"s":1,"v":[{"s":2,"v":{"Id":"a0MB0000000cQXFMA2","testautonumdata__Twi (10 more) ...":"@roreb"}}]}|0x69a0e4a0
13:38:01.2 (38310755)|ENTERING_MANAGED_PKG|
13:38:01.2 (38354451)|STATEMENT_EXECUTE|[137]
13:38:01.2 (38362631)|STATEMENT_EXECUTE|[138]
13:38:01.2 (38495551)|VARIABLE_ASSIGNMENT|[EXTERNAL]|this|{}|0x2d97d61e
13:38:01.2 (38527601)|VARIABLE_ASSIGNMENT|[EXTERNAL]|value|true
13:38:01.2 (38538963)|HEAP_ALLOCATE|[12]|Bytes:5
13:38:01.2 (38567502)|VARIABLE_ASSIGNMENT|[12]|this.hasTwitterMemberID|true|0x2d97d61e
13:38:01.2 (38580812)|STATEMENT_EXECUTE|[139]
13:38:01.2 (38619272)|HEAP_ALLOCATE|[139]|Bytes:12
13:38:01.2 (38638008)|VARIABLE_SCOPE_BEGIN|[139]|e|SObject|true|false
13:38:01.2 (38670320)|VARIABLE_ASSIGNMENT|[139]|e|{"s":1,"v":{"Id":"a0MB0000000cQXFMA2","testautonumdata__Twi (10 more) ...":"@roreb"}}|0x21767f2a
13:38:01.2 (38678127)|STATEMENT_EXECUTE|[142]
13:38:01.2 (38684038)|STATEMENT_EXECUTE|[143]
13:38:01.2 (38690588)|HEAP_ALLOCATE|[143]|Bytes:2
13:38:01.2 (38715940)|METHOD_ENTRY|[143]|01pB0000000ljzx|testautonumdata.Sparkle_Helper.GetSobjectField(SObject, String)
13:38:01.2 (38752348)|VARIABLE_SCOPE_BEGIN|[78]|e|SObject|true|false
13:38:01.2 (38778360)|VARIABLE_ASSIGNMENT|[78]|e|{"s":1,"v":{"Id":"a0MB0000000cQXFMA2","testautonumdata__Twi (10 more) ...":"@roreb"}}|0x21767f2a
13:38:01.2 (38790163)|VARIABLE_SCOPE_BEGIN|[78]|lcfield|String|false|false
13:38:01.2 (38803468)|VARIABLE_ASSIGNMENT|[78]|lcfield|"id"
13:38:01.2 (38816600)|HEAP_ALLOCATE|[81]|Bytes:5
13:38:01.2 (38825389)|STATEMENT_EXECUTE|[79]
13:38:01.2 (38828212)|STATEMENT_EXECUTE|[81]
13:38:01.2 (38838740)|VARIABLE_SCOPE_BEGIN|[81]|returnValue|String|false|false
13:38:01.2 (38854630)|VARIABLE_ASSIGNMENT|[81]|returnValue|""
13:38:01.2 (38875989)|ENTERING_MANAGED_PKG|
13:38:01.2 (38926773)|STATEMENT_EXECUTE|[98]
13:38:01.2 (38946070)|ENTERING_MANAGED_PKG|
13:38:01.2 (39022311)|HEAP_ALLOCATE|[98]|Bytes:4
13:38:01.2 (39057738)|ENTERING_MANAGED_PKG|
13:38:01.2 (39070941)|HEAP_ALLOCATE|[98]|Bytes:18
13:38:01.2 (39102904)|VARIABLE_ASSIGNMENT|[98]|returnValue|"a0MB0000000cQXFMA2"
13:38:01.2 (39110258)|STATEMENT_EXECUTE|[100]
13:38:01.2 (39126306)|METHOD_EXIT|[143]|01pB0000000ljzx|testautonumdata.Sparkle_Helper.GetSobjectField(SObject, String)
13:38:01.2 (39206720)|VARIABLE_ASSIGNMENT|[EXTERNAL]|this|{"hasTwitterMemberID":true}|0x2d97d61e
13:38:01.2 (39234636)|VARIABLE_ASSIGNMENT|[EXTERNAL]|value|"a0MB0000000cQXFMA2"
13:38:01.2 (39258973)|VARIABLE_ASSIGNMENT|[6]|this.salesforceRecordID|"a0MB0000000cQXFMA2"|0x2d97d61e
13:38:01.2 (39273873)|STATEMENT_EXECUTE|[145]
13:38:01.2 (39277935)|STATEMENT_EXECUTE|[149]
13:38:01.2 (39280490)|STATEMENT_EXECUTE|[153]
13:38:01.2 (39282712)|STATEMENT_EXECUTE|[158]
13:38:01.2 (39285023)|STATEMENT_EXECUTE|[164]
13:38:01.2 (39286769)|STATEMENT_EXECUTE|[165]
13:38:01.2 (39301544)|METHOD_ENTRY|[165]|01pB0000000ljzx|testautonumdata.Sparkle_Helper.GetSobjectField(SObject, String)
13:38:01.2 (39328671)|VARIABLE_SCOPE_BEGIN|[78]|e|SObject|true|false
13:38:01.2 (39354518)|VARIABLE_ASSIGNMENT|[78]|e|{"s":1,"v":{"Id":"a0MB0000000cQXFMA2","testautonumdata__Twi (10 more) ...":"@roreb"}}|0x21767f2a
13:38:01.2 (39365297)|VARIABLE_SCOPE_BEGIN|[78]|lcfield|String|false|false
13:38:01.2 (39380139)|VARIABLE_ASSIGNMENT|[78]|lcfield|"testautonumdata__Twi (10 more) ..."
13:38:01.2 (39398147)|HEAP_ALLOCATE|[81]|Bytes:5
13:38:01.2 (39407266)|STATEMENT_EXECUTE|[79]
13:38:01.2 (39409908)|STATEMENT_EXECUTE|[81]
13:38:01.2 (39419725)|VARIABLE_SCOPE_BEGIN|[81]|returnValue|String|false|false
13:38:01.2 (39438663)|VARIABLE_ASSIGNMENT|[81]|returnValue|""
13:38:01.2 (39461795)|ENTERING_MANAGED_PKG|
13:38:01.2 (39475715)|STATEMENT_EXECUTE|[98]
13:38:01.2 (39487244)|ENTERING_MANAGED_PKG|
13:38:01.2 (39516778)|HEAP_ALLOCATE|[98]|Bytes:6
13:38:01.2 (39540711)|ENTERING_MANAGED_PKG|
13:38:01.2 (39547267)|HEAP_ALLOCATE|[98]|Bytes:6
13:38:01.2 (39576297)|VARIABLE_ASSIGNMENT|[98]|returnValue|"@roreb"
13:38:01.2 (39582183)|STATEMENT_EXECUTE|[100]
13:38:01.2 (39594240)|METHOD_EXIT|[165]|01pB0000000ljzx|testautonumdata.Sparkle_Helper.GetSobjectField(SObject, String)
13:38:01.2 (39652186)|VARIABLE_ASSIGNMENT|[EXTERNAL]|this|{"hasTwitterMemberID":true,"salesforceRecordID":"a0MB0000000cQXFMA2"}|0x2d97d61e
13:38:01.2 (39669729)|VARIABLE_ASSIGNMENT|[EXTERNAL]|value|"@roreb"
13:38:01.2 (39689693)|VARIABLE_ASSIGNMENT|[10]|this.twitterName|"@roreb"|0x2d97d61e
13:38:01.2 (39700981)|STATEMENT_EXECUTE|[177]
13:38:01.2 (39714282)|SYSTEM_MODE_EXIT|false
13:38:01.39 (39758172)|CUMULATIVE_LIMIT_USAGE
13:38:01.39 (39758172)|LIMIT_USAGE_FOR_NS|(default)|
  Number of SOQL queries: 0 out of 100
  Number of query rows: 0 out of 50000
  Number of SOSL queries: 0 out of 20
  Number of DML statements: 0 out of 150
  Number of DML rows: 0 out of 10000
  Maximum CPU time: 0 out of 10000
  Maximum heap size: 0 out of 6000000
  Number of callouts: 0 out of 100
  Number of Email Invocations: 0 out of 10
  Number of future calls: 0 out of 50
  Number of queueable jobs added to the queue: 0 out of 50
  Number of Mobile Apex push calls: 0 out of 10

13:38:01.39 (39758172)|LIMIT_USAGE_FOR_NS|testautonumdata|
  Number of SOQL queries: 1 out of 100
  Number of query rows: 1 out of 50000
  Number of SOSL queries: 0 out of 20
  Number of DML statements: 0 out of 150
  Number of DML rows: 0 out of 10000
  Maximum CPU time: 0 out of 10000
  Maximum heap size: 0 out of 6000000
  Number of callouts: 0 out of 100
  Number of Email Invocations: 0 out of 10
  Number of future calls: 0 out of 50
  Number of queueable jobs added to the queue: 0 out of 50
  Number of Mobile Apex push calls: 0 out of 10

13:38:01.39 (39758172)|CUMULATIVE_LIMIT_USAGE_END

13:38:01.42 (42122940)|CODE_UNIT_STARTED|[EXTERNAL]|Aura
13:38:01.161 (161029062)|CODE_UNIT_STARTED|[EXTERNAL]|01pB0000000lc8w|RelatedListServerController.getListRecords
13:38:01.161 (161144674)|VARIABLE_SCOPE_BEGIN|[3]|RelatedListServerController.mapObjectsFields|Map<String,Set<String>>|true|true
13:38:01.161 (161168818)|HEAP_ALLOCATE|[EXTERNAL]|Bytes:220
13:38:01.161 (161183839)|HEAP_ALLOCATE|[EXTERNAL]|Bytes:21
13:38:01.161 (161190860)|HEAP_ALLOCATE|[EXTERNAL]|Bytes:22
13:38:01.161 (161215362)|METHOD_ENTRY|[1]|01pB0000000lc8w|RelatedListServerController.RelatedListServerController()
13:38:01.161 (161221183)|STATEMENT_EXECUTE|[1]
13:38:01.161 (161231015)|STATEMENT_EXECUTE|[1]
13:38:01.161 (161243768)|SYSTEM_MODE_ENTER|false
13:38:01.161 (161253557)|HEAP_ALLOCATE|[3]|Bytes:5
13:38:01.161 (161262973)|STATEMENT_EXECUTE|[3]
13:38:01.161 (161329150)|VARIABLE_ASSIGNMENT|[3]|RelatedListServerController.mapObjectsFields|null|
13:38:01.161 (161341829)|SYSTEM_MODE_EXIT|false
13:38:01.161 (161361459)|METHOD_EXIT|[1]|RelatedListServerController
13:38:01.161 (161370310)|HEAP_ALLOCATE|[EXTERNAL]|Bytes:1
13:38:01.161 (161375627)|HEAP_ALLOCATE|[EXTERNAL]|Bytes:18
13:38:01.161 (161379698)|HEAP_ALLOCATE|[EXTERNAL]|Bytes:28
13:38:01.161 (161383690)|HEAP_ALLOCATE|[EXTERNAL]|Bytes:29
13:38:01.161 (161389051)|HEAP_ALLOCATE|[EXTERNAL]|Bytes:7
13:38:01.161 (161396219)|HEAP_ALLOCATE|[EXTERNAL]|Bytes:5
13:38:01.161 (161400947)|HEAP_ALLOCATE|[EXTERNAL]|Bytes:11
13:38:01.161 (161413832)|SYSTEM_MODE_ENTER|false
13:38:01.161 (161434707)|VARIABLE_SCOPE_BEGIN|[22]|rowsLimit|String|false|false
13:38:01.161 (161458191)|VARIABLE_ASSIGNMENT|[22]|rowsLimit|"8"
13:38:01.161 (161472788)|VARIABLE_SCOPE_BEGIN|[22]|recordId|String|false|false
13:38:01.161 (161486282)|VARIABLE_ASSIGNMENT|[22]|recordId|"a0MB0000000cQXFMA2"
13:38:01.161 (161495492)|VARIABLE_SCOPE_BEGIN|[22]|objectApiName|String|false|false
13:38:01.161 (161511669)|VARIABLE_ASSIGNMENT|[22]|objectApiName|"testautonumdata__Ref (8 more) ..."
13:38:01.161 (161522866)|VARIABLE_SCOPE_BEGIN|[22]|ParentObjectFieldName|String|false|false
13:38:01.161 (161541111)|VARIABLE_ASSIGNMENT|[22]|ParentObjectFieldName|"testautonumdata__Can (9 more) ..."
13:38:01.161 (161550768)|VARIABLE_SCOPE_BEGIN|[22]|filter1Field|String|false|false
13:38:01.161 (161564914)|VARIABLE_ASSIGNMENT|[22]|filter1Field|null
13:38:01.161 (161574928)|VARIABLE_SCOPE_BEGIN|[22]|filter1Value|String|false|false
13:38:01.161 (161590156)|VARIABLE_ASSIGNMENT|[22]|filter1Value|null
13:38:01.161 (161598939)|VARIABLE_SCOPE_BEGIN|[22]|column1|String|false|false
13:38:01.161 (161610662)|VARIABLE_ASSIGNMENT|[22]|column1|"OwnerId"
13:38:01.161 (161619098)|VARIABLE_SCOPE_BEGIN|[22]|RelFieldWithName|String|false|false
13:38:01.161 (161630431)|VARIABLE_ASSIGNMENT|[22]|RelFieldWithName|"Owner"
13:38:01.161 (161638916)|VARIABLE_SCOPE_BEGIN|[22]|column2|String|false|false
13:38:01.161 (161649980)|VARIABLE_ASSIGNMENT|[22]|column2|"createddate"
13:38:01.161 (161664907)|HEAP_ALLOCATE|[24]|Bytes:5
13:38:01.161 (161674114)|STATEMENT_EXECUTE|[22]
13:38:01.161 (161676859)|STATEMENT_EXECUTE|[24]
13:38:01.161 (161682505)|HEAP_ALLOCATE|[24]|Bytes:20
13:38:01.161 (161697967)|HEAP_ALLOCATE|[24]|Bytes:21
13:38:01.161 (161723210)|ENTERING_MANAGED_PKG|
13:38:01.161 (161771211)|USER_DEBUG|[24]|DEBUG|######## rowsLimit: 8
13:38:01.161 (161782834)|STATEMENT_EXECUTE|[25]
13:38:01.161 (161789470)|HEAP_ALLOCATE|[25]|Bytes:24
13:38:01.161 (161801539)|HEAP_ALLOCATE|[25]|Bytes:52
13:38:01.161 (161814622)|ENTERING_MANAGED_PKG|
13:38:01.161 (161840891)|USER_DEBUG|[25]|DEBUG|######## objectApiName: testautonumdata__Referral__c
13:38:01.161 (161852056)|STATEMENT_EXECUTE|[28]
13:38:01.161 (161867373)|HEAP_ALLOCATE|[28]|Bytes:4
13:38:01.161 (161925352)|VARIABLE_ASSIGNMENT|[28]|RelatedListServerController.mapObjectsFields|{"s":1,"v":{}}|0x64e9c602
13:38:01.161 (161932023)|STATEMENT_EXECUTE|[30]
13:38:01.161 (161955900)|METHOD_ENTRY|[30]|01pB0000000ljzx|testautonumdata.Sparkle_Helper.AddFieldToObjectsMap(String, String, Map<String,Set<String>>)
13:38:01.161 (161992080)|VARIABLE_SCOPE_BEGIN|[107]|fieldName|String|false|false
13:38:01.161 (162015521)|VARIABLE_ASSIGNMENT|[107]|fieldName|"Id"
13:38:01.161 (162024314)|VARIABLE_SCOPE_BEGIN|[107]|initialObjectName|String|false|false
13:38:01.161 (162042078)|VARIABLE_ASSIGNMENT|[107]|initialObjectName|"testautonumdata__Ref (8 more) ..."
13:38:01.161 (162047926)|VARIABLE_SCOPE_BEGIN|[107]|theMap|Map<String,Set<String>>|true|false
13:38:01.161 (162070082)|VARIABLE_ASSIGNMENT|[107]|theMap|{"s":1,"v":{}}|0x64e9c602
13:38:01.161 (162085810)|HEAP_ALLOCATE|[109]|Bytes:5
13:38:01.161 (162099593)|STATEMENT_EXECUTE|[108]
13:38:01.161 (162120911)|ENTERING_MANAGED_PKG|
13:38:01.161 (162139364)|STATEMENT_EXECUTE|[150]
13:38:01.161 (162155758)|METHOD_ENTRY|[150]|01pB0000000ljzx|testautonumdata.Sparkle_Helper.AddFieldToMap(String, String, Map<String,Set<String>>)
13:38:01.161 (162166394)|VARIABLE_SCOPE_BEGIN|[157]|fieldName|String|false|false
13:38:01.161 (162181503)|VARIABLE_ASSIGNMENT|[157]|fieldName|"Id"
13:38:01.161 (162187181)|VARIABLE_SCOPE_BEGIN|[157]|ObjectName|String|false|false
13:38:01.161 (162199551)|VARIABLE_ASSIGNMENT|[157]|ObjectName|"testautonumdata__Ref (8 more) ..."
13:38:01.161 (162205356)|VARIABLE_SCOPE_BEGIN|[157]|theMap|Map<String,Set<String>>|true|false
13:38:01.161 (162225972)|VARIABLE_ASSIGNMENT|[157]|theMap|{"s":1,"v":{}}|0x64e9c602
13:38:01.161 (162238248)|HEAP_ALLOCATE|[160]|Bytes:5
13:38:01.161 (162247211)|STATEMENT_EXECUTE|[158]
13:38:01.161 (162259013)|ENTERING_MANAGED_PKG|
13:38:01.161 (162269953)|STATEMENT_EXECUTE|[167]
13:38:01.161 (162272733)|STATEMENT_EXECUTE|[168]
13:38:01.161 (162281829)|HEAP_ALLOCATE|[168]|Bytes:4
13:38:01.161 (162297791)|ENTERING_MANAGED_PKG|
13:38:01.161 (162312504)|VARIABLE_SCOPE_BEGIN|[168]|newFieldSet|Set<String>|true|false
13:38:01.161 (162353454)|VARIABLE_ASSIGNMENT|[168]|newFieldSet|{"s":1,"v":[]}|0x7d0cc571
13:38:01.161 (162359848)|STATEMENT_EXECUTE|[169]
13:38:01.161 (162371246)|ENTERING_MANAGED_PKG|
13:38:01.161 (162381538)|HEAP_ALLOCATE|[EXTERNAL]|Bytes:4
13:38:01.161 (162391910)|STATEMENT_EXECUTE|[170]
13:38:01.161 (162399834)|ENTERING_MANAGED_PKG|
13:38:01.161 (162413257)|HEAP_ALLOCATE|[EXTERNAL]|Bytes:-4
13:38:01.161 (162432436)|METHOD_EXIT|[150]|01pB0000000ljzx|testautonumdata.Sparkle_Helper.AddFieldToMap(String, String, Map<String,Set<String>>)
13:38:01.161 (162446641)|METHOD_EXIT|[30]|01pB0000000ljzx|testautonumdata.Sparkle_Helper.AddFieldToObjectsMap(String, String, Map<String,Set<String>>)
13:38:01.161 (162452668)|STATEMENT_EXECUTE|[34]
13:38:01.161 (162490307)|HEAP_ALLOCATE|[34]|Bytes:4
13:38:01.161 (162574040)|ENTERING_MANAGED_PKG|
13:38:01.161 (162620088)|VARIABLE_SCOPE_BEGIN|[34]|lstReturnRecords|List<testautonumdata.RelatedListServerController>|true|false
13:38:01.161 (162655017)|HEAP_ALLOCATE|[EXTERNAL]|Bytes:4
13:38:01.161 (162684839)|VARIABLE_ASSIGNMENT|[34]|lstReturnRecords|{"s":1,"v":[]}|0x5c6c1634
13:38:01.161 (162691985)|STATEMENT_EXECUTE|[37]
13:38:01.161 (162694626)|STATEMENT_EXECUTE|[38]
13:38:01.161 (162701141)|HEAP_ALLOCATE|[38]|Bytes:5
13:38:01.161 (162718367)|HEAP_ALLOCATE|[38]|Bytes:10
13:38:01.161 (162735215)|VARIABLE_SCOPE_BEGIN|[38]|fullUserRelationship|String|false|false
13:38:01.161 (162752922)|VARIABLE_ASSIGNMENT|[38]|fullUserRelationship|"Owner.Name"
13:38:01.161 (162758426)|STATEMENT_EXECUTE|[39]
13:38:01.161 (162767202)|VARIABLE_SCOPE_BEGIN|[39]|soql|String|false|false
13:38:01.161 (162781368)|VARIABLE_ASSIGNMENT|[39]|soql|"Select id"
13:38:01.161 (162785698)|STATEMENT_EXECUTE|[41]
13:38:01.161 (162787807)|STATEMENT_EXECUTE|[42]
13:38:01.161 (162805544)|ENTERING_MANAGED_PKG|
13:38:01.161 (162844784)|HEAP_ALLOCATE|[42]|Bytes:7
13:38:01.161 (162868107)|HEAP_ALLOCATE|[42]|Bytes:9
13:38:01.161 (162878209)|HEAP_ALLOCATE|[42]|Bytes:18
13:38:01.161 (162899746)|VARIABLE_ASSIGNMENT|[42]|soql|"Select id, OwnerId"
13:38:01.161 (162905123)|STATEMENT_EXECUTE|[43]
13:38:01.161 (162919892)|METHOD_ENTRY|[43]|01pB0000000ljzx|testautonumdata.Sparkle_Helper.AddFieldToObjectsMap(String, String, Map<String,Set<String>>)
13:38:01.161 (162946052)|VARIABLE_SCOPE_BEGIN|[107]|fieldName|String|false|false
13:38:01.161 (162960923)|VARIABLE_ASSIGNMENT|[107]|fieldName|"OwnerId"
13:38:01.161 (162966749)|VARIABLE_SCOPE_BEGIN|[107]|initialObjectName|String|false|false
13:38:01.161 (162983427)|VARIABLE_ASSIGNMENT|[107]|initialObjectName|"testautonumdata__Ref (8 more) ..."
13:38:01.161 (162989322)|VARIABLE_SCOPE_BEGIN|[107]|theMap|Map<String,Set<String>>|true|false
13:38:01.161 (163027688)|VARIABLE_ASSIGNMENT|[107]|theMap|{"s":1,"v":{"testautonumdata__Ref (8 more) ...":{"s":2,"v":["Id"]}}}|0x64e9c602
13:38:01.161 (163045323)|HEAP_ALLOCATE|[109]|Bytes:5
13:38:01.161 (163058741)|STATEMENT_EXECUTE|[108]
13:38:01.161 (163076567)|ENTERING_MANAGED_PKG|
13:38:01.161 (163089372)|STATEMENT_EXECUTE|[150]
13:38:01.161 (163100739)|METHOD_ENTRY|[150]|01pB0000000ljzx|testautonumdata.Sparkle_Helper.AddFieldToMap(String, String, Map<String,Set<String>>)
13:38:01.161 (163112390)|VARIABLE_SCOPE_BEGIN|[157]|fieldName|String|false|false
13:38:01.161 (163140989)|VARIABLE_ASSIGNMENT|[157]|fieldName|"OwnerId"
13:38:01.161 (163148495)|VARIABLE_SCOPE_BEGIN|[157]|ObjectName|String|false|false
13:38:01.161 (163166092)|VARIABLE_ASSIGNMENT|[157]|ObjectName|"testautonumdata__Ref (8 more) ..."
13:38:01.161 (163172579)|VARIABLE_SCOPE_BEGIN|[157]|theMap|Map<String,Set<String>>|true|false
13:38:01.161 (163204654)|VARIABLE_ASSIGNMENT|[157]|theMap|{"s":1,"v":{"testautonumdata__Ref (8 more) ...":{"s":2,"v":["Id"]}}}|0x64e9c602
13:38:01.161 (163218417)|HEAP_ALLOCATE|[160]|Bytes:5
13:38:01.161 (163229886)|STATEMENT_EXECUTE|[158]
13:38:01.161 (163244461)|ENTERING_MANAGED_PKG|
13:38:01.161 (163254269)|STATEMENT_EXECUTE|[161]
13:38:01.161 (163257090)|STATEMENT_EXECUTE|[162]
13:38:01.161 (163263920)|ENTERING_MANAGED_PKG|
13:38:01.161 (163288498)|VARIABLE_SCOPE_BEGIN|[162]|existingFieldSet|Set<String>|true|false
13:38:01.161 (163318347)|VARIABLE_ASSIGNMENT|[162]|existingFieldSet|{"s":1,"v":["Id"]}|0x7d0cc571
13:38:01.161 (163324890)|STATEMENT_EXECUTE|[163]
13:38:01.161 (163335416)|ENTERING_MANAGED_PKG|
13:38:01.161 (163343289)|HEAP_ALLOCATE|[EXTERNAL]|Bytes:4
13:38:01.161 (163353291)|STATEMENT_EXECUTE|[164]
13:38:01.161 (163360590)|ENTERING_MANAGED_PKG|
13:38:01.161 (163383280)|METHOD_EXIT|[150]|01pB0000000ljzx|testautonumdata.Sparkle_Helper.AddFieldToMap(String, String, Map<String,Set<String>>)
13:38:01.161 (163392865)|METHOD_EXIT|[43]|01pB0000000ljzx|testautonumdata.Sparkle_Helper.AddFieldToObjectsMap(String, String, Map<String,Set<String>>)
13:38:01.161 (163399211)|STATEMENT_EXECUTE|[46]
13:38:01.161 (163401980)|STATEMENT_EXECUTE|[47]
13:38:01.161 (163428576)|ENTERING_MANAGED_PKG|
13:38:01.161 (163462712)|HEAP_ALLOCATE|[47]|Bytes:10
13:38:01.161 (163486238)|HEAP_ALLOCATE|[47]|Bytes:12
13:38:01.161 (163496133)|HEAP_ALLOCATE|[47]|Bytes:30
13:38:01.161 (163518905)|VARIABLE_ASSIGNMENT|[47]|soql|"Select id, OwnerId,  (10 more) ..."
13:38:01.161 (163525434)|STATEMENT_EXECUTE|[50]
13:38:01.161 (163529313)|STATEMENT_EXECUTE|[51]
13:38:01.161 (163548470)|ENTERING_MANAGED_PKG|
13:38:01.161 (163587443)|HEAP_ALLOCATE|[51]|Bytes:11
13:38:01.161 (163615875)|HEAP_ALLOCATE|[51]|Bytes:13
13:38:01.161 (163626219)|HEAP_ALLOCATE|[51]|Bytes:43
13:38:01.161 (163651327)|VARIABLE_ASSIGNMENT|[51]|soql|"Select id, OwnerId,  (23 more) ..."
13:38:01.161 (163658275)|STATEMENT_EXECUTE|[52]
13:38:01.161 (163676860)|METHOD_ENTRY|[52]|01pB0000000ljzx|testautonumdata.Sparkle_Helper.AddFieldToObjectsMap(String, String, Map<String,Set<String>>)
13:38:01.161 (163704502)|VARIABLE_SCOPE_BEGIN|[107]|fieldName|String|false|false
13:38:01.161 (163722153)|VARIABLE_ASSIGNMENT|[107]|fieldName|"createddate"
13:38:01.161 (163731637)|VARIABLE_SCOPE_BEGIN|[107]|initialObjectName|String|false|false
13:38:01.161 (163753560)|VARIABLE_ASSIGNMENT|[107]|initialObjectName|"testautonumdata__Ref (8 more) ..."
13:38:01.161 (163766205)|VARIABLE_SCOPE_BEGIN|[107]|theMap|Map<String,Set<String>>|true|false
13:38:01.161 (163803648)|VARIABLE_ASSIGNMENT|[107]|theMap|{"s":1,"v":{"testautonumdata__Ref (8 more) ...":{"s":2,"v":["Id","OwnerId"]}}}|0x64e9c602
13:38:01.161 (163818010)|HEAP_ALLOCATE|[109]|Bytes:5
13:38:01.161 (163829717)|STATEMENT_EXECUTE|[108]
13:38:01.161 (163850976)|ENTERING_MANAGED_PKG|
13:38:01.161 (163864187)|STATEMENT_EXECUTE|[150]
13:38:01.161 (163874130)|METHOD_ENTRY|[150]|01pB0000000ljzx|testautonumdata.Sparkle_Helper.AddFieldToMap(String, String, Map<String,Set<String>>)
13:38:01.161 (163883274)|VARIABLE_SCOPE_BEGIN|[157]|fieldName|String|false|false
13:38:01.161 (163898298)|VARIABLE_ASSIGNMENT|[157]|fieldName|"createddate"
13:38:01.161 (163904177)|VARIABLE_SCOPE_BEGIN|[157]|ObjectName|String|false|false
13:38:01.161 (163916163)|VARIABLE_ASSIGNMENT|[157]|ObjectName|"testautonumdata__Ref (8 more) ..."
13:38:01.161 (163921311)|VARIABLE_SCOPE_BEGIN|[157]|theMap|Map<String,Set<String>>|true|false
13:38:01.161 (163947693)|VARIABLE_ASSIGNMENT|[157]|theMap|{"s":1,"v":{"testautonumdata__Ref (8 more) ...":{"s":2,"v":["Id","OwnerId"]}}}|0x64e9c602
13:38:01.161 (163959914)|HEAP_ALLOCATE|[160]|Bytes:5
13:38:01.161 (163968393)|STATEMENT_EXECUTE|[158]
13:38:01.161 (163978471)|ENTERING_MANAGED_PKG|
13:38:01.161 (163987190)|STATEMENT_EXECUTE|[161]
13:38:01.161 (163989934)|STATEMENT_EXECUTE|[162]
13:38:01.161 (163995616)|ENTERING_MANAGED_PKG|
13:38:01.161 (164025367)|VARIABLE_SCOPE_BEGIN|[162]|existingFieldSet|Set<String>|true|false
13:38:01.161 (164053294)|VARIABLE_ASSIGNMENT|[162]|existingFieldSet|{"s":1,"v":["Id","OwnerId"]}|0x7d0cc571
13:38:01.161 (164059737)|STATEMENT_EXECUTE|[163]
13:38:01.161 (164070035)|ENTERING_MANAGED_PKG|
13:38:01.161 (164078417)|HEAP_ALLOCATE|[EXTERNAL]|Bytes:4
13:38:01.161 (164092277)|STATEMENT_EXECUTE|[164]
13:38:01.161 (164100612)|ENTERING_MANAGED_PKG|
13:38:01.161 (164128658)|METHOD_EXIT|[150]|01pB0000000ljzx|testautonumdata.Sparkle_Helper.AddFieldToMap(String, String, Map<String,Set<String>>)
13:38:01.161 (164140578)|METHOD_EXIT|[52]|01pB0000000ljzx|testautonumdata.Sparkle_Helper.AddFieldToObjectsMap(String, String, Map<String,Set<String>>)
13:38:01.161 (164148683)|STATEMENT_EXECUTE|[57]
13:38:01.161 (164171037)|ENTERING_MANAGED_PKG|
13:38:01.161 (164205364)|HEAP_ALLOCATE|[57]|Bytes:28
13:38:01.161 (164235455)|HEAP_ALLOCATE|[57]|Bytes:34
13:38:01.161 (164246165)|HEAP_ALLOCATE|[57]|Bytes:77
13:38:01.161 (164272485)|VARIABLE_ASSIGNMENT|[57]|soql|"Select id, OwnerId,  (57 more) ..."
13:38:01.161 (164284079)|STATEMENT_EXECUTE|[60]
13:38:01.161 (164286596)|STATEMENT_EXECUTE|[61]
13:38:01.161 (164292775)|HEAP_ALLOCATE|[61]|Bytes:7
13:38:01.161 (164312757)|ENTERING_MANAGED_PKG|
13:38:01.161 (164350739)|HEAP_ALLOCATE|[61]|Bytes:29
13:38:01.161 (164370884)|HEAP_ALLOCATE|[61]|Bytes:4
13:38:01.161 (164391727)|ENTERING_MANAGED_PKG|
13:38:01.161 (164404291)|HEAP_ALLOCATE|[61]|Bytes:18
13:38:01.161 (164433415)|HEAP_ALLOCATE|[61]|Bytes:59
13:38:01.161 (164443970)|HEAP_ALLOCATE|[61]|Bytes:136
13:38:01.161 (164466750)|VARIABLE_ASSIGNMENT|[61]|soql|"Select id, OwnerId,  (116 more) ..."
13:38:01.161 (164472685)|STATEMENT_EXECUTE|[62]
13:38:01.161 (164487323)|METHOD_ENTRY|[62]|01pB0000000ljzx|testautonumdata.Sparkle_Helper.AddFieldToObjectsMap(String, String, Map<String,Set<String>>)
13:38:01.161 (164513308)|VARIABLE_SCOPE_BEGIN|[107]|fieldName|String|false|false
13:38:01.161 (164529666)|VARIABLE_ASSIGNMENT|[107]|fieldName|"testautonumdata__Can (9 more) ..."
13:38:01.161 (164535425)|VARIABLE_SCOPE_BEGIN|[107]|initialObjectName|String|false|false
13:38:01.161 (164546735)|VARIABLE_ASSIGNMENT|[107]|initialObjectName|"testautonumdata__Ref (8 more) ..."
13:38:01.161 (164552019)|VARIABLE_SCOPE_BEGIN|[107]|theMap|Map<String,Set<String>>|true|false
13:38:01.161 (164578945)|VARIABLE_ASSIGNMENT|[107]|theMap|{"s":1,"v":{"testautonumdata__Ref (8 more) ...":{"s":2,"v":["Id","OwnerId","createddate"]}}}|0x64e9c602
13:38:01.161 (164592311)|HEAP_ALLOCATE|[109]|Bytes:5
13:38:01.161 (164600865)|STATEMENT_EXECUTE|[108]
13:38:01.161 (164617803)|ENTERING_MANAGED_PKG|
13:38:01.161 (164633662)|STATEMENT_EXECUTE|[150]
13:38:01.161 (164645034)|METHOD_ENTRY|[150]|01pB0000000ljzx|testautonumdata.Sparkle_Helper.AddFieldToMap(String, String, Map<String,Set<String>>)
13:38:01.161 (164658748)|VARIABLE_SCOPE_BEGIN|[157]|fieldName|String|false|false
13:38:01.161 (164675744)|VARIABLE_ASSIGNMENT|[157]|fieldName|"testautonumdata__Can (9 more) ..."
13:38:01.161 (164681435)|VARIABLE_SCOPE_BEGIN|[157]|ObjectName|String|false|false
13:38:01.161 (164697086)|VARIABLE_ASSIGNMENT|[157]|ObjectName|"testautonumdata__Ref (8 more) ..."
13:38:01.161 (164703036)|VARIABLE_SCOPE_BEGIN|[157]|theMap|Map<String,Set<String>>|true|false
13:38:01.161 (164734113)|VARIABLE_ASSIGNMENT|[157]|theMap|{"s":1,"v":{"testautonumdata__Ref (8 more) ...":{"s":2,"v":["Id","OwnerId","createddate"]}}}|0x64e9c602
13:38:01.161 (164746578)|HEAP_ALLOCATE|[160]|Bytes:5
13:38:01.161 (164757567)|STATEMENT_EXECUTE|[158]
13:38:01.161 (164769572)|ENTERING_MANAGED_PKG|
13:38:01.161 (164782660)|STATEMENT_EXECUTE|[161]
13:38:01.161 (164785459)|STATEMENT_EXECUTE|[162]
13:38:01.161 (164791638)|ENTERING_MANAGED_PKG|
13:38:01.161 (164810018)|VARIABLE_SCOPE_BEGIN|[162]|existingFieldSet|Set<String>|true|false
13:38:01.161 (164842912)|VARIABLE_ASSIGNMENT|[162]|existingFieldSet|{"s":1,"v":["Id","OwnerId","createddate"]}|0x7d0cc571
13:38:01.161 (164849958)|STATEMENT_EXECUTE|[163]
13:38:01.161 (164860149)|ENTERING_MANAGED_PKG|
13:38:01.161 (164868441)|HEAP_ALLOCATE|[EXTERNAL]|Bytes:4
13:38:01.161 (164882582)|STATEMENT_EXECUTE|[164]
13:38:01.161 (164890571)|ENTERING_MANAGED_PKG|
13:38:01.161 (164917651)|METHOD_EXIT|[150]|01pB0000000ljzx|testautonumdata.Sparkle_Helper.AddFieldToMap(String, String, Map<String,Set<String>>)
13:38:01.161 (164930659)|METHOD_EXIT|[62]|01pB0000000ljzx|testautonumdata.Sparkle_Helper.AddFieldToObjectsMap(String, String, Map<String,Set<String>>)
13:38:01.161 (164943025)|STATEMENT_EXECUTE|[65]
13:38:01.161 (164946292)|STATEMENT_EXECUTE|[71]
13:38:01.161 (164956264)|HEAP_ALLOCATE|[71]|Bytes:7
13:38:01.161 (164977673)|ENTERING_MANAGED_PKG|
13:38:01.161 (165017317)|HEAP_ALLOCATE|[71]|Bytes:1
13:38:01.161 (165045781)|HEAP_ALLOCATE|[71]|Bytes:8
13:38:01.161 (165055806)|HEAP_ALLOCATE|[71]|Bytes:144
13:38:01.161 (165079191)|VARIABLE_ASSIGNMENT|[71]|soql|"Select id, OwnerId,  (124 more) ..."
13:38:01.161 (165084796)|STATEMENT_EXECUTE|[75]
13:38:01.161 (165094316)|HEAP_ALLOCATE|[75]|Bytes:159
13:38:01.161 (165110234)|ENTERING_MANAGED_PKG|
13:38:01.161 (165135838)|USER_DEBUG|[75]|DEBUG|######## soql: Select id, OwnerId, Owner.Name, createddate FROM testautonumdata__Referral__c where testautonumdata__Candidate__c = 'a0MB0000000cQXFMA2' limit 8
13:38:01.161 (165154947)|METHOD_ENTRY|[79]|01pB0000000ljzx|testautonumdata.Sparkle_Helper.UserHasAccessToObjectsAndFields(Map<String,Set<String>>)
13:38:01.161 (165181721)|VARIABLE_SCOPE_BEGIN|[175]|theMap|Map<String,Set<String>>|true|false
13:38:01.161 (165219809)|VARIABLE_ASSIGNMENT|[175]|theMap|{"s":1,"v":{"testautonumdata__Ref (8 more) ...":{"s":2,"v":["Id","OwnerId","createddate","testautonumdata__Can (9 more) ..."]}}}|0x64e9c602
13:38:01.161 (165236634)|HEAP_ALLOCATE|[177]|Bytes:5
13:38:01.161 (165246881)|STATEMENT_EXECUTE|[176]
13:38:01.161 (165249512)|STATEMENT_EXECUTE|[177]
13:38:01.161 (165264820)|VARIABLE_SCOPE_BEGIN|[177]|hasAccess|Boolean|false|false
13:38:01.161 (165272290)|HEAP_ALLOCATE|[177]|Bytes:5
13:38:01.161 (165290719)|VARIABLE_ASSIGNMENT|[177]|hasAccess|true
13:38:01.161 (165304725)|ENTERING_MANAGED_PKG|
13:38:01.161 (165325328)|STATEMENT_EXECUTE|[180]
13:38:01.161 (165328590)|STATEMENT_EXECUTE|[181]
13:38:01.161 (165345552)|ENTERING_MANAGED_PKG|
13:38:01.161 (165377762)|HEAP_ALLOCATE|[181]|Bytes:88
13:38:01.161 (165400402)|HEAP_ALLOCATE|[181]|Bytes:105
13:38:01.161 (165413403)|ENTERING_MANAGED_PKG|
13:38:01.161 (165422334)|USER_DEBUG|[181]|DEBUG|######## theMap: {testautonumdata__Referral__c={Id, OwnerId, createddate, testautonumdata__Candidate__c}}
13:38:01.161 (165440732)|HEAP_ALLOCATE|[182]|Bytes:4
13:38:01.161 (165454976)|ENTERING_MANAGED_PKG|
13:38:01.161 (165467819)|ENTERING_MANAGED_PKG|
13:38:01.161 (165504405)|HEAP_ALLOCATE|[182]|Bytes:36
13:38:01.161 (165522172)|ENTERING_MANAGED_PKG|
13:38:01.161 (165530028)|HEAP_ALLOCATE|[182]|Bytes:4
13:38:01.161 (165541652)|ENTERING_MANAGED_PKG|
13:38:01.161 (165564114)|HEAP_ALLOCATE|[182]|Bytes:5
13:38:01.161 (165590203)|VARIABLE_SCOPE_BEGIN|[182]|objectName|String|false|false
13:38:01.161 (165609615)|VARIABLE_ASSIGNMENT|[182]|objectName|"testautonumdata__Ref (8 more) ..."
13:38:01.161 (165615643)|STATEMENT_EXECUTE|[183]
13:38:01.161 (165617845)|STATEMENT_EXECUTE|[184]
13:38:01.161 (165627693)|HEAP_ALLOCATE|[184]|Bytes:49
13:38:01.161 (165641857)|ENTERING_MANAGED_PKG|
13:38:01.161 (165647377)|USER_DEBUG|[184]|DEBUG|######## objectName: testautonumdata__Referral__c
13:38:01.161 (165655240)|STATEMENT_EXECUTE|[185]
13:38:01.161 (165662575)|ENTERING_MANAGED_PKG|
13:38:01.161 (172566227)|HEAP_ALLOCATE|[185]|Bytes:1652
13:38:01.161 (172597871)|ENTERING_MANAGED_PKG|
13:38:01.161 (172720834)|HEAP_ALLOCATE|[185]|Bytes:4
13:38:01.161 (172744433)|VARIABLE_SCOPE_BEGIN|[185]|sObj|SObject|true|false
13:38:01.161 (172779382)|VARIABLE_ASSIGNMENT|[185]|sObj|{}|0x64d87f7f
13:38:01.161 (172786043)|STATEMENT_EXECUTE|[186]
13:38:01.161 (172809802)|ENTERING_MANAGED_PKG|
13:38:01.161 (173025814)|HEAP_ALLOCATE|[186]|Bytes:4
13:38:01.161 (174378140)|HEAP_ALLOCATE|[186]|Bytes:60
13:38:01.161 (174400101)|VARIABLE_SCOPE_BEGIN|[186]|m|Map<String,Schema.SObjectField>|true|false
13:38:01.161 (174671152)|VARIABLE_ASSIGNMENT|[186]|m|"{createdbyid=CreatedById, createddate=CreatedDate, id=Id, isdeleted=IsDeleted, lastactivitydate=LastActivityDate, lastmodifiedbyid=LastModifiedById, lastmodifieddate=LastModifiedDate, lastreferenceddate=LastReferencedDate, lastvieweddate=LastViewedDate, name=Name, ...}"|0x613268ce
13:38:01.161 (174681734)|STATEMENT_EXECUTE|[187]
13:38:01.161 (174695851)|ENTERING_MANAGED_PKG|
13:38:01.161 (174722828)|VARIABLE_SCOPE_BEGIN|[187]|objectFieldSet|Set<String>|true|false
13:38:01.161 (174755591)|VARIABLE_ASSIGNMENT|[187]|objectFieldSet|{"s":1,"v":["Id","OwnerId","createddate","testautonumdata__Can (9 more) ..."]}|0x7d0cc571
13:38:01.161 (174768268)|HEAP_ALLOCATE|[189]|Bytes:4
13:38:01.161 (174784547)|ENTERING_MANAGED_PKG|
13:38:01.161 (174796416)|ENTERING_MANAGED_PKG|
13:38:01.161 (174802712)|HEAP_ALLOCATE|[189]|Bytes:16
13:38:01.161 (174814780)|ENTERING_MANAGED_PKG|
13:38:01.161 (174834407)|HEAP_ALLOCATE|[189]|Bytes:5
13:38:01.161 (174858608)|VARIABLE_SCOPE_BEGIN|[189]|fieldToCheck|String|false|false
13:38:01.161 (174877159)|VARIABLE_ASSIGNMENT|[189]|fieldToCheck|"Id"
13:38:01.161 (174883109)|STATEMENT_EXECUTE|[189]
13:38:01.161 (174885639)|STATEMENT_EXECUTE|[190]
13:38:01.161 (174896278)|HEAP_ALLOCATE|[190]|Bytes:25
13:38:01.161 (174911650)|ENTERING_MANAGED_PKG|
13:38:01.161 (174918446)|USER_DEBUG|[190]|DEBUG|######## fieldToCheck: Id
13:38:01.161 (174930655)|ENTERING_MANAGED_PKG|
13:38:01.161 (175414565)|HEAP_ALLOCATE|[192]|Bytes:8
13:38:01.161 (175444733)|STATEMENT_EXECUTE|[192]
13:38:01.161 (175448793)|STATEMENT_EXECUTE|[199]
13:38:01.161 (175459151)|HEAP_ALLOCATE|[199]|Bytes:37
13:38:01.161 (175475202)|ENTERING_MANAGED_PKG|
13:38:01.161 (175481682)|USER_DEBUG|[199]|DEBUG|######## User has access to field: Id
13:38:01.161 (175501352)|HEAP_ALLOCATE|[189]|Bytes:5
13:38:01.161 (175532749)|VARIABLE_SCOPE_BEGIN|[189]|fieldToCheck|String|false|false
13:38:01.161 (175554233)|VARIABLE_ASSIGNMENT|[189]|fieldToCheck|"OwnerId"
13:38:01.161 (175565666)|STATEMENT_EXECUTE|[189]
13:38:01.161 (175568380)|STATEMENT_EXECUTE|[190]
13:38:01.161 (175578146)|HEAP_ALLOCATE|[190]|Bytes:30
13:38:01.161 (175596590)|ENTERING_MANAGED_PKG|
13:38:01.161 (175602890)|USER_DEBUG|[190]|DEBUG|######## fieldToCheck: OwnerId
13:38:01.161 (175614871)|ENTERING_MANAGED_PKG|
13:38:01.161 (175847426)|HEAP_ALLOCATE|[192]|Bytes:8
13:38:01.161 (175869872)|STATEMENT_EXECUTE|[192]
13:38:01.161 (175873533)|STATEMENT_EXECUTE|[199]
13:38:01.161 (175882094)|HEAP_ALLOCATE|[199]|Bytes:42
13:38:01.161 (175895963)|ENTERING_MANAGED_PKG|
13:38:01.161 (175901794)|USER_DEBUG|[199]|DEBUG|######## User has access to field: OwnerId
13:38:01.161 (175919803)|HEAP_ALLOCATE|[189]|Bytes:5
13:38:01.161 (175942229)|VARIABLE_SCOPE_BEGIN|[189]|fieldToCheck|String|false|false
13:38:01.161 (175961686)|VARIABLE_ASSIGNMENT|[189]|fieldToCheck|"createddate"
13:38:01.161 (175967579)|STATEMENT_EXECUTE|[189]
13:38:01.161 (175969970)|STATEMENT_EXECUTE|[190]
13:38:01.161 (175978826)|HEAP_ALLOCATE|[190]|Bytes:34
13:38:01.161 (175992708)|ENTERING_MANAGED_PKG|
13:38:01.161 (175998313)|USER_DEBUG|[190]|DEBUG|######## fieldToCheck: createddate
13:38:01.161 (176009119)|ENTERING_MANAGED_PKG|
13:38:01.161 (176203383)|HEAP_ALLOCATE|[192]|Bytes:8
13:38:01.161 (176228164)|STATEMENT_EXECUTE|[192]
13:38:01.161 (176232025)|STATEMENT_EXECUTE|[199]
13:38:01.161 (176244970)|HEAP_ALLOCATE|[199]|Bytes:46
13:38:01.161 (176259005)|ENTERING_MANAGED_PKG|
13:38:01.161 (176267054)|USER_DEBUG|[199]|DEBUG|######## User has access to field: createddate
13:38:01.161 (176287508)|HEAP_ALLOCATE|[189]|Bytes:5
13:38:01.161 (176313822)|VARIABLE_SCOPE_BEGIN|[189]|fieldToCheck|String|false|false
13:38:01.161 (176338022)|VARIABLE_ASSIGNMENT|[189]|fieldToCheck|"testautonumdata__Can (9 more) ..."
13:38:01.161 (176345167)|STATEMENT_EXECUTE|[189]
13:38:01.161 (176347763)|STATEMENT_EXECUTE|[190]
13:38:01.161 (176360894)|HEAP_ALLOCATE|[190]|Bytes:52
13:38:01.161 (176375294)|ENTERING_MANAGED_PKG|
13:38:01.161 (176382438)|USER_DEBUG|[190]|DEBUG|######## fieldToCheck: testautonumdata__Candidate__c
13:38:01.161 (176396861)|ENTERING_MANAGED_PKG|
13:38:01.161 (180540253)|HEAP_ALLOCATE|[192]|Bytes:8
13:38:01.161 (180563957)|STATEMENT_EXECUTE|[192]
13:38:01.161 (180567686)|STATEMENT_EXECUTE|[199]
13:38:01.161 (180576683)|HEAP_ALLOCATE|[199]|Bytes:64
13:38:01.161 (180590615)|ENTERING_MANAGED_PKG|
13:38:01.161 (180597155)|USER_DEBUG|[199]|DEBUG|######## User has access to field: testautonumdata__Candidate__c
13:38:01.161 (180615353)|HEAP_ALLOCATE|[189]|Bytes:5
13:38:01.161 (180649277)|VARIABLE_ASSIGNMENT|[189]|fieldToCheck|null
13:38:01.161 (180667595)|HEAP_ALLOCATE|[182]|Bytes:5
13:38:01.161 (180698897)|VARIABLE_ASSIGNMENT|[182]|objectName|null
13:38:01.161 (180705440)|STATEMENT_EXECUTE|[206]
13:38:01.161 (180715901)|HEAP_ALLOCATE|[206]|Bytes:5
13:38:01.161 (180742115)|METHOD_EXIT|[79]|01pB0000000ljzx|testautonumdata.Sparkle_Helper.UserHasAccessToObjectsAndFields(Map<String,Set<String>>)
13:38:01.161 (180749939)|STATEMENT_EXECUTE|[80]
13:38:01.161 (180752762)|STATEMENT_EXECUTE|[82]
13:38:01.161 (180773171)|ENTERING_MANAGED_PKG|
13:38:01.161 (181295190)|SOQL_EXECUTE_BEGIN|[82]|Aggregations:0|Select id, OwnerId, Owner.Name, createddate FROM testautonumdata__Referral__c where testautonumdata__Candidate__c = 'a0MB0000000cQXFMA2' limit 8
13:38:01.161 (187590891)|SOQL_EXECUTE_END|[82]|Rows:2
13:38:01.161 (187618848)|HEAP_ALLOCATE|[82]|Bytes:12
13:38:01.161 (187656385)|HEAP_ALLOCATE|[82]|Bytes:269
13:38:01.161 (187732627)|HEAP_ALLOCATE|[82]|Bytes:12
13:38:01.161 (187757970)|VARIABLE_SCOPE_BEGIN|[82]|lstQueriedRecords|List<SObject>|true|false
13:38:01.161 (187950028)|VARIABLE_ASSIGNMENT|[82]|lstQueriedRecords|{"s":1,"v":[{"s":2,"v":{"Id":"a0TB0000000YKHIMA4","OwnerId":"005B0000001VpZRIA0","CreatedDate":"2016-05-12T14:31:58.000Z","Owner":{"s":3,"v":{"Name":"Rodrigo Reboucas","Id":"005B0000001VpZRIA0"}}}},{"s":4,"v":{"Id":"a0TB0000000Y9Q9MAK","OwnerId":"005B00000021dadIAA","CreatedDate":"2016-05-09T14:40:41.000Z","Owner":{"s":5,"v":{"Name":"Demo User","Id":"005B00000021dadIAA"}}}}]}|0x36534df
13:38:01.161 (187963648)|STATEMENT_EXECUTE|[84]
13:38:01.161 (187971773)|HEAP_ALLOCATE|[84]|Bytes:28
13:38:01.161 (187998768)|ENTERING_MANAGED_PKG|
13:38:01.161 (188107129)|HEAP_ALLOCATE|[84]|Bytes:230
13:38:01.161 (188135156)|HEAP_ALLOCATE|[84]|Bytes:258
13:38:01.161 (188152472)|ENTERING_MANAGED_PKG|
13:38:01.161 (188158939)|USER_DEBUG|[84]|DEBUG|######## lstQueriedRecords: (testautonumdata__Referral__c:{Id=a0TB0000000YKHIMA4, OwnerId=005B0000001VpZRIA0, CreatedDate=2016-05-12 14:31:58}, testautonumdata__Referral__c:{Id=a0TB0000000Y9Q9MAK, OwnerId=005B00000021dadIAA, CreatedDate=2016-05-09 14:40:41})
13:38:01.161 (188257617)|ENTERING_MANAGED_PKG|
13:38:01.161 (188494720)|HEAP_ALLOCATE|[88]|Bytes:5
13:38:01.161 (188540546)|HEAP_ALLOCATE|[88]|Bytes:20
13:38:01.161 (188569623)|VARIABLE_SCOPE_BEGIN|[88]|e|SObject|true|false
13:38:01.161 (188645443)|VARIABLE_ASSIGNMENT|[88]|e|{"s":1,"v":{"Id":"a0TB0000000YKHIMA4","OwnerId":"005B0000001VpZRIA0","CreatedDate":"2016-05-12T14:31:58.000Z","Owner":{"s":2,"v":{"Name":"Rodrigo Reboucas","Id":"005B0000001VpZRIA0"}}}}|0x23c8f191
13:38:01.161 (188654236)|STATEMENT_EXECUTE|[89]
13:38:01.161 (188656956)|STATEMENT_EXECUTE|[90]
13:38:01.161 (188663278)|HEAP_ALLOCATE|[90]|Bytes:12
13:38:01.161 (188687608)|ENTERING_MANAGED_PKG|
13:38:01.161 (188768093)|HEAP_ALLOCATE|[90]|Bytes:113
13:38:01.161 (188801768)|HEAP_ALLOCATE|[90]|Bytes:125
13:38:01.161 (188818937)|ENTERING_MANAGED_PKG|
13:38:01.161 (188825171)|USER_DEBUG|[90]|DEBUG|######## e: testautonumdata__Referral__c:{Id=a0TB0000000YKHIMA4, OwnerId=005B0000001VpZRIA0, CreatedDate=2016-05-12 14:31:58}
13:38:01.161 (188834454)|STATEMENT_EXECUTE|[91]
13:38:01.161 (188863175)|HEAP_ALLOCATE|[91]|Bytes:32
13:38:01.161 (188888900)|CONSTRUCTOR_ENTRY|[91]|01pB0000000lc8w|<init>()
13:38:01.161 (188946254)|VARIABLE_SCOPE_BEGIN|[1]|this|testautonumdata.RelatedListServerController|true|false
13:38:01.161 (189054137)|VARIABLE_ASSIGNMENT|[1]|this|{}|0x7f1cea58
13:38:01.161 (189069176)|HEAP_ALLOCATE|[EXTERNAL]|Bytes:5
13:38:01.161 (189104643)|STATEMENT_EXECUTE|[1]
13:38:01.161 (189112876)|HEAP_ALLOCATE|[EXTERNAL]|Bytes:5
13:38:01.161 (189119397)|STATEMENT_EXECUTE|[6]
13:38:01.161 (189121850)|STATEMENT_EXECUTE|[8]
13:38:01.161 (189123766)|STATEMENT_EXECUTE|[10]
13:38:01.161 (189125596)|STATEMENT_EXECUTE|[12]
13:38:01.161 (189127309)|STATEMENT_EXECUTE|[14]
13:38:01.161 (189129025)|STATEMENT_EXECUTE|[16]
13:38:01.161 (189130807)|STATEMENT_EXECUTE|[18]
13:38:01.161 (189140720)|CONSTRUCTOR_EXIT|[91]|01pB0000000lc8w|<init>()
13:38:01.161 (189150149)|VARIABLE_SCOPE_BEGIN|[91]|i|testautonumdata.RelatedListServerController|true|false
13:38:01.161 (189184733)|VARIABLE_ASSIGNMENT|[91]|i|{}|0x7f1cea58
13:38:01.161 (189190211)|STATEMENT_EXECUTE|[93]
13:38:01.161 (189206297)|METHOD_ENTRY|[93]|01pB0000000ljzx|testautonumdata.Sparkle_Helper.GetSobjectField(SObject, String)
13:38:01.161 (189234971)|VARIABLE_SCOPE_BEGIN|[78]|e|SObject|true|false
13:38:01.161 (189305291)|VARIABLE_ASSIGNMENT|[78]|e|{"s":1,"v":{"Id":"a0TB0000000YKHIMA4","OwnerId":"005B0000001VpZRIA0","CreatedDate":"2016-05-12T14:31:58.000Z","Owner":{"s":2,"v":{"Name":"Rodrigo Reboucas","Id":"005B0000001VpZRIA0"}}}}|0x23c8f191
13:38:01.161 (189315259)|VARIABLE_SCOPE_BEGIN|[78]|lcfield|String|false|false
13:38:01.161 (189328976)|VARIABLE_ASSIGNMENT|[78]|lcfield|"id"
13:38:01.161 (189344763)|HEAP_ALLOCATE|[81]|Bytes:5
13:38:01.161 (189359844)|STATEMENT_EXECUTE|[79]
13:38:01.161 (189362630)|STATEMENT_EXECUTE|[81]
13:38:01.161 (189373211)|VARIABLE_SCOPE_BEGIN|[81]|returnValue|String|false|false
13:38:01.161 (189392083)|VARIABLE_ASSIGNMENT|[81]|returnValue|""
13:38:01.161 (189417006)|ENTERING_MANAGED_PKG|
13:38:01.161 (189431757)|STATEMENT_EXECUTE|[98]
13:38:01.161 (189444330)|ENTERING_MANAGED_PKG|
13:38:01.161 (189482077)|HEAP_ALLOCATE|[98]|Bytes:4
13:38:01.161 (189508237)|ENTERING_MANAGED_PKG|
13:38:01.161 (189518016)|HEAP_ALLOCATE|[98]|Bytes:18
13:38:01.161 (189553980)|VARIABLE_ASSIGNMENT|[98]|returnValue|"a0TB0000000YKHIMA4"
13:38:01.161 (189560318)|STATEMENT_EXECUTE|[100]
13:38:01.161 (189574025)|METHOD_EXIT|[93]|01pB0000000ljzx|testautonumdata.Sparkle_Helper.GetSobjectField(SObject, String)
13:38:01.161 (189643179)|VARIABLE_ASSIGNMENT|[EXTERNAL]|this|{}|0x7f1cea58
13:38:01.161 (189671750)|VARIABLE_ASSIGNMENT|[EXTERNAL]|value|"a0TB0000000YKHIMA4"
13:38:01.161 (189701553)|VARIABLE_ASSIGNMENT|[6]|this.recordID|"a0TB0000000YKHIMA4"|0x7f1cea58
13:38:01.161 (189713975)|STATEMENT_EXECUTE|[96]
13:38:01.161 (189716895)|STATEMENT_EXECUTE|[97]
13:38:01.161 (189727388)|METHOD_ENTRY|[97]|01pB0000000ljzx|testautonumdata.Sparkle_Helper.GetSobjectField(SObject, String)
13:38:01.161 (189753899)|VARIABLE_SCOPE_BEGIN|[78]|e|SObject|true|false
13:38:01.161 (189822909)|VARIABLE_ASSIGNMENT|[78]|e|{"s":1,"v":{"Id":"a0TB0000000YKHIMA4","OwnerId":"005B0000001VpZRIA0","CreatedDate":"2016-05-12T14:31:58.000Z","Owner":{"s":2,"v":{"Name":"Rodrigo Reboucas","Id":"005B0000001VpZRIA0"}}}}|0x23c8f191
13:38:01.161 (189832440)|VARIABLE_SCOPE_BEGIN|[78]|lcfield|String|false|false
13:38:01.161 (189845767)|VARIABLE_ASSIGNMENT|[78]|lcfield|"OwnerId"
13:38:01.161 (189858365)|HEAP_ALLOCATE|[81]|Bytes:5
13:38:01.161 (189867353)|STATEMENT_EXECUTE|[79]
13:38:01.161 (189869978)|STATEMENT_EXECUTE|[81]
13:38:01.161 (189879646)|VARIABLE_SCOPE_BEGIN|[81]|returnValue|String|false|false
13:38:01.161 (189895657)|VARIABLE_ASSIGNMENT|[81]|returnValue|""
13:38:01.161 (189913525)|ENTERING_MANAGED_PKG|
13:38:01.161 (189926579)|STATEMENT_EXECUTE|[98]
13:38:01.161 (189942001)|ENTERING_MANAGED_PKG|
13:38:01.161 (189972389)|HEAP_ALLOCATE|[98]|Bytes:4
13:38:01.161 (190001048)|ENTERING_MANAGED_PKG|
13:38:01.161 (190016538)|HEAP_ALLOCATE|[98]|Bytes:18
13:38:01.161 (190048826)|VARIABLE_ASSIGNMENT|[98]|returnValue|"005B0000001VpZRIA0"
13:38:01.161 (190056642)|STATEMENT_EXECUTE|[100]
13:38:01.161 (190071370)|METHOD_EXIT|[97]|01pB0000000ljzx|testautonumdata.Sparkle_Helper.GetSobjectField(SObject, String)
13:38:01.161 (190147414)|VARIABLE_ASSIGNMENT|[EXTERNAL]|this|{"recordID":"a0TB0000000YKHIMA4"}|0x7f1cea58
13:38:01.161 (190172095)|VARIABLE_ASSIGNMENT|[EXTERNAL]|value|"005B0000001VpZRIA0"
13:38:01.161 (190202188)|VARIABLE_ASSIGNMENT|[10]|this.OwnerID|"005B0000001VpZRIA0"|0x7f1cea58
13:38:01.161 (190213933)|STATEMENT_EXECUTE|[99]
13:38:01.161 (190296087)|VARIABLE_ASSIGNMENT|[EXTERNAL]|this|{"OwnerID":"005B0000001VpZRIA0","recordID":"a0TB0000000YKHIMA4"}|0x7f1cea58
13:38:01.161 (190411362)|HEAP_ALLOCATE|[99]|Bytes:133
13:38:01.161 (190448715)|SYSTEM_METHOD_ENTRY|[5]|ChatterUsers.ChatterUsers()
13:38:01.161 (190454674)|STATEMENT_EXECUTE|[5]
13:38:01.161 (190467810)|SYSTEM_METHOD_EXIT|[5]|ChatterUsers
13:38:01.161 (190496590)|METHOD_ENTRY|[99]||ConnectApi.ChatterUsers.getPhoto(String, String)
13:38:01.161 (219395757)|SYSTEM_METHOD_EXIT|[5]|Photo
13:38:01.161 (219414506)|HEAP_ALLOCATE|[38]|Bytes:68
13:38:01.161 (219429927)|HEAP_ALLOCATE|[38]|Bytes:12
13:38:01.161 (219440089)|HEAP_ALLOCATE|[38]|Bytes:8
13:38:01.161 (219461033)|VARIABLE_SCOPE_BEGIN|[36]|this|ConnectApi.Photo|true|false
13:38:01.161 (219693613)|VARIABLE_ASSIGNMENT|[36]|this|{}|0x680c64f6
13:38:01.161 (219713923)|VARIABLE_SCOPE_BEGIN|[36]|versionIn|Double|false|false
13:38:01.161 (219733514)|VARIABLE_ASSIGNMENT|[36]|versionIn|34.0
13:38:01.161 (219744851)|VARIABLE_SCOPE_BEGIN|[36]|javaObj|java:sfdc.chatter.connect.api.output.photo.PhotoRepresentation|true|false
13:38:01.161 (219845590)|VARIABLE_ASSIGNMENT|[36]|javaObj|"sfdc.chatter.connect.api.output.photo.PhotoRepresentation@6ed5549f"|0x6ed5549f
13:38:01.161 (220238887)|METHOD_EXIT|[99]||ConnectApi.ChatterUsers.getPhoto(String, String)
13:38:01.161 (220256908)|VARIABLE_SCOPE_BEGIN|[99]|userPhoto|ConnectApi.Photo|true|false
13:38:01.161 (220318381)|VARIABLE_ASSIGNMENT|[99]|userPhoto|{}|0x680c64f6
13:38:01.161 (220328575)|STATEMENT_EXECUTE|[101]
13:38:01.161 (221045311)|VARIABLE_ASSIGNMENT|[EXTERNAL]|this|{"OwnerID":"005B0000001VpZRIA0","recordID":"a0TB0000000YKHIMA4"}|0x7f1cea58
13:38:01.161 (221080591)|VARIABLE_ASSIGNMENT|[EXTERNAL]|value|"https://rrlightningo (65 more) ..."
13:38:01.161 (221108345)|VARIABLE_ASSIGNMENT|[18]|this.iconUrl|"https://rrlightningo (65 more) ..."|0x7f1cea58
13:38:01.161 (221127184)|STATEMENT_EXECUTE|[107]
13:38:01.161 (221130589)|STATEMENT_EXECUTE|[108]
13:38:01.161 (221144484)|METHOD_ENTRY|[108]|01pB0000000ljzx|testautonumdata.Sparkle_Helper.GetSobjectField(SObject, String)
13:38:01.161 (221179795)|VARIABLE_SCOPE_BEGIN|[78]|e|SObject|true|false
13:38:01.161 (221302921)|VARIABLE_ASSIGNMENT|[78]|e|{"s":1,"v":{"Id":"a0TB0000000YKHIMA4","OwnerId":"005B0000001VpZRIA0","CreatedDate":"2016-05-12T14:31:58.000Z","Owner":{"s":2,"v":{"Name":"Rodrigo Reboucas","Id":"005B0000001VpZRIA0"}}}}|0x23c8f191
13:38:01.161 (221317108)|VARIABLE_SCOPE_BEGIN|[78]|lcfield|String|false|false
13:38:01.161 (221331788)|VARIABLE_ASSIGNMENT|[78]|lcfield|"Owner.Name"
13:38:01.161 (221348687)|HEAP_ALLOCATE|[81]|Bytes:5
13:38:01.161 (221363322)|STATEMENT_EXECUTE|[79]
13:38:01.161 (221366194)|STATEMENT_EXECUTE|[81]
13:38:01.161 (221376860)|VARIABLE_SCOPE_BEGIN|[81]|returnValue|String|false|false
13:38:01.161 (221392937)|VARIABLE_ASSIGNMENT|[81]|returnValue|""
13:38:01.161 (221417123)|ENTERING_MANAGED_PKG|
13:38:01.161 (221432477)|STATEMENT_EXECUTE|[84]
13:38:01.161 (221436182)|STATEMENT_EXECUTE|[85]
13:38:01.161 (221456295)|ENTERING_MANAGED_PKG|
13:38:01.161 (221500622)|HEAP_ALLOCATE|[85]|Bytes:5
13:38:01.161 (221524691)|VARIABLE_SCOPE_BEGIN|[85]|relName|String|false|false
13:38:01.161 (221542915)|VARIABLE_ASSIGNMENT|[85]|relName|"Owner"
13:38:01.161 (221548488)|STATEMENT_EXECUTE|[86]
13:38:01.161 (221568326)|ENTERING_MANAGED_PKG|
13:38:01.161 (221612305)|HEAP_ALLOCATE|[86]|Bytes:4
13:38:01.161 (221639541)|VARIABLE_SCOPE_BEGIN|[86]|relField|String|false|false
13:38:01.161 (221662715)|VARIABLE_ASSIGNMENT|[86]|relField|"Name"
13:38:01.161 (221680537)|ENTERING_MANAGED_PKG|
13:38:01.161 (221737374)|STATEMENT_EXECUTE|[94]
13:38:01.161 (221761438)|ENTERING_MANAGED_PKG|
13:38:01.161 (221886395)|HEAP_ALLOCATE|[94]|Bytes:12
13:38:01.161 (221921222)|ENTERING_MANAGED_PKG|
13:38:01.161 (221954968)|HEAP_ALLOCATE|[94]|Bytes:16
13:38:01.161 (221980100)|ENTERING_MANAGED_PKG|
13:38:01.161 (221987254)|HEAP_ALLOCATE|[94]|Bytes:16
13:38:01.161 (222021253)|VARIABLE_ASSIGNMENT|[94]|returnValue|"Rodrigo Reboucas"
13:38:01.161 (222028990)|STATEMENT_EXECUTE|[100]
13:38:01.161 (222043126)|METHOD_EXIT|[108]|01pB0000000ljzx|testautonumdata.Sparkle_Helper.GetSobjectField(SObject, String)
13:38:01.161 (222123141)|VARIABLE_ASSIGNMENT|[EXTERNAL]|this|{"iconUrl":"https://rrlightningo (65 more) ...","OwnerID":"005B0000001VpZRIA0","recordID":"a0TB0000000YKHIMA4"}|0x7f1cea58
13:38:01.161 (222152288)|VARIABLE_ASSIGNMENT|[EXTERNAL]|value|"Rodrigo Reboucas"
13:38:01.161 (222179176)|VARIABLE_ASSIGNMENT|[8]|this.OwnerName|"Rodrigo Reboucas"|0x7f1cea58
13:38:01.161 (222196147)|STATEMENT_EXECUTE|[112]
13:38:01.161 (222199174)|STATEMENT_EXECUTE|[113]
13:38:01.161 (222209853)|METHOD_ENTRY|[113]|01pB0000000ljzx|testautonumdata.Sparkle_Helper.GetSobjectField(SObject, String)
13:38:01.161 (222239382)|VARIABLE_SCOPE_BEGIN|[78]|e|SObject|true|false
13:38:01.161 (222324189)|VARIABLE_ASSIGNMENT|[78]|e|{"s":1,"v":{"Id":"a0TB0000000YKHIMA4","OwnerId":"005B0000001VpZRIA0","CreatedDate":"2016-05-12T14:31:58.000Z","Owner":{"s":2,"v":{"Name":"Rodrigo Reboucas","Id":"005B0000001VpZRIA0"}}}}|0x23c8f191
13:38:01.161 (222333997)|VARIABLE_SCOPE_BEGIN|[78]|lcfield|String|false|false
13:38:01.161 (222351655)|VARIABLE_ASSIGNMENT|[78]|lcfield|"createddate"
13:38:01.161 (222369432)|HEAP_ALLOCATE|[81]|Bytes:5
13:38:01.161 (222379023)|STATEMENT_EXECUTE|[79]
13:38:01.161 (222381624)|STATEMENT_EXECUTE|[81]
13:38:01.161 (222391473)|VARIABLE_SCOPE_BEGIN|[81]|returnValue|String|false|false
13:38:01.161 (222410629)|VARIABLE_ASSIGNMENT|[81]|returnValue|""
13:38:01.161 (222433336)|ENTERING_MANAGED_PKG|
13:38:01.161 (222447223)|STATEMENT_EXECUTE|[98]
13:38:01.161 (222458746)|ENTERING_MANAGED_PKG|
13:38:01.161 (222491068)|HEAP_ALLOCATE|[98]|Bytes:56
13:38:01.161 (222515865)|ENTERING_MANAGED_PKG|
13:38:01.161 (222527817)|HEAP_ALLOCATE|[98]|Bytes:19
13:38:01.161 (222558147)|VARIABLE_ASSIGNMENT|[98]|returnValue|"2016-05-12 14:31:58"
13:38:01.161 (222564463)|STATEMENT_EXECUTE|[100]
13:38:01.161 (222576641)|METHOD_EXIT|[113]|01pB0000000ljzx|testautonumdata.Sparkle_Helper.GetSobjectField(SObject, String)
13:38:01.161 (222656706)|VARIABLE_ASSIGNMENT|[EXTERNAL]|this|{"iconUrl":"https://rrlightningo (65 more) ...","OwnerID":"005B0000001VpZRIA0","OwnerName":"Rodrigo Reboucas","recordID":"a0TB0000000YKHIMA4"}|0x7f1cea58
13:38:01.161 (222685491)|VARIABLE_ASSIGNMENT|[EXTERNAL]|value|"2016-05-12 14:31:58"
13:38:01.161 (222711631)|VARIABLE_ASSIGNMENT|[12]|this.column2|"2016-05-12 14:31:58"|0x7f1cea58
13:38:01.161 (222729515)|STATEMENT_EXECUTE|[118]
13:38:01.161 (222748064)|ENTERING_MANAGED_PKG|
13:38:01.161 (222807400)|HEAP_ALLOCATE|[EXTERNAL]|Bytes:4
13:38:01.161 (222824797)|STATEMENT_EXECUTE|[120]
13:38:01.161 (222833882)|HEAP_ALLOCATE|[120]|Bytes:12
13:38:01.161 (222860231)|ENTERING_MANAGED_PKG|
13:38:01.161 (222969177)|HEAP_ALLOCATE|[120]|Bytes:385
13:38:01.161 (222997559)|HEAP_ALLOCATE|[120]|Bytes:397
13:38:01.161 (223020592)|ENTERING_MANAGED_PKG|
13:38:01.161 (223030556)|USER_DEBUG|[120]|DEBUG|######## i: RelatedListServerController:[OwnerID=005B0000001VpZRIA0, OwnerName=Rodrigo Reboucas, ReferralDate=null, ReferralMessage=null, column2=2016-05-12 14:31:58, iconUrl=https://rrlightningout-dev-ed--c.gus.content.force.com/profilephoto/729B00000000GJc/T, mapObjectsFields={testautonumdata__Referral__c={Id, OwnerId, createddate, testautonumdata__Candidate__c}}, recordID=a0TB0000000YKHIMA4]
13:38:01.161 (223056891)|HEAP_ALLOCATE|[88]|Bytes:5
13:38:01.161 (223103392)|HEAP_ALLOCATE|[88]|Bytes:20
13:38:01.161 (223128963)|VARIABLE_SCOPE_BEGIN|[88]|e|SObject|true|false
13:38:01.161 (223213258)|VARIABLE_ASSIGNMENT|[88]|e|{"s":1,"v":{"Id":"a0TB0000000Y9Q9MAK","OwnerId":"005B00000021dadIAA","CreatedDate":"2016-05-09T14:40:41.000Z","Owner":{"s":2,"v":{"Name":"Demo User","Id":"005B00000021dadIAA"}}}}|0x4b081683
13:38:01.161 (223222155)|STATEMENT_EXECUTE|[89]
13:38:01.161 (223224843)|STATEMENT_EXECUTE|[90]
13:38:01.161 (223246117)|ENTERING_MANAGED_PKG|
13:38:01.161 (223301361)|HEAP_ALLOCATE|[90]|Bytes:113
13:38:01.161 (223330918)|HEAP_ALLOCATE|[90]|Bytes:125
13:38:01.161 (223345583)|ENTERING_MANAGED_PKG|
13:38:01.161 (223353781)|USER_DEBUG|[90]|DEBUG|######## e: testautonumdata__Referral__c:{Id=a0TB0000000Y9Q9MAK, OwnerId=005B00000021dadIAA, CreatedDate=2016-05-09 14:40:41}
13:38:01.161 (223363939)|STATEMENT_EXECUTE|[91]
13:38:01.161 (223377252)|HEAP_ALLOCATE|[91]|Bytes:32
13:38:01.161 (223392188)|CONSTRUCTOR_ENTRY|[91]|01pB0000000lc8w|<init>()
13:38:01.161 (223402039)|VARIABLE_SCOPE_BEGIN|[1]|this|testautonumdata.RelatedListServerController|true|false
13:38:01.161 (223455311)|VARIABLE_ASSIGNMENT|[1]|this|{}|0x5a1c022d
13:38:01.161 (223470213)|HEAP_ALLOCATE|[EXTERNAL]|Bytes:5
13:38:01.161 (223502935)|STATEMENT_EXECUTE|[1]
13:38:01.161 (223511275)|HEAP_ALLOCATE|[EXTERNAL]|Bytes:5
13:38:01.161 (223517865)|STATEMENT_EXECUTE|[6]
13:38:01.161 (223520266)|STATEMENT_EXECUTE|[8]
13:38:01.161 (223522145)|STATEMENT_EXECUTE|[10]
13:38:01.161 (223524025)|STATEMENT_EXECUTE|[12]
13:38:01.161 (223525788)|STATEMENT_EXECUTE|[14]
13:38:01.161 (223527588)|STATEMENT_EXECUTE|[16]
13:38:01.161 (223529267)|STATEMENT_EXECUTE|[18]
13:38:01.161 (223539660)|CONSTRUCTOR_EXIT|[91]|01pB0000000lc8w|<init>()
13:38:01.161 (223548929)|VARIABLE_SCOPE_BEGIN|[91]|i|testautonumdata.RelatedListServerController|true|false
13:38:01.161 (223593091)|VARIABLE_ASSIGNMENT|[91]|i|{}|0x5a1c022d
13:38:01.161 (223598884)|STATEMENT_EXECUTE|[93]
13:38:01.161 (223611573)|METHOD_ENTRY|[93]|01pB0000000ljzx|testautonumdata.Sparkle_Helper.GetSobjectField(SObject, String)
13:38:01.161 (223620899)|VARIABLE_SCOPE_BEGIN|[78]|e|SObject|true|false
13:38:01.161 (223689834)|VARIABLE_ASSIGNMENT|[78]|e|{"s":1,"v":{"Id":"a0TB0000000Y9Q9MAK","OwnerId":"005B00000021dadIAA","CreatedDate":"2016-05-09T14:40:41.000Z","Owner":{"s":2,"v":{"Name":"Demo User","Id":"005B00000021dadIAA"}}}}|0x4b081683
13:38:01.161 (223699150)|VARIABLE_SCOPE_BEGIN|[78]|lcfield|String|false|false
13:38:01.161 (223715273)|VARIABLE_ASSIGNMENT|[78]|lcfield|"id"
13:38:01.161 (223729640)|HEAP_ALLOCATE|[81]|Bytes:5
13:38:01.161 (223742589)|STATEMENT_EXECUTE|[79]
13:38:01.161 (223745106)|STATEMENT_EXECUTE|[81]
13:38:01.161 (223754978)|VARIABLE_SCOPE_BEGIN|[81]|returnValue|String|false|false
13:38:01.161 (223774548)|VARIABLE_ASSIGNMENT|[81]|returnValue|""
13:38:01.161 (223797400)|ENTERING_MANAGED_PKG|
13:38:01.161 (223811380)|STATEMENT_EXECUTE|[98]
13:38:01.161 (223822898)|ENTERING_MANAGED_PKG|
13:38:01.161 (223858056)|HEAP_ALLOCATE|[98]|Bytes:4
13:38:01.161 (223883116)|ENTERING_MANAGED_PKG|
13:38:01.161 (223889984)|HEAP_ALLOCATE|[98]|Bytes:18
13:38:01.161 (223927431)|VARIABLE_ASSIGNMENT|[98]|returnValue|"a0TB0000000Y9Q9MAK"
13:38:01.161 (223934032)|STATEMENT_EXECUTE|[100]
13:38:01.161 (223946675)|METHOD_EXIT|[93]|01pB0000000ljzx|testautonumdata.Sparkle_Helper.GetSobjectField(SObject, String)
13:38:01.161 (224011658)|VARIABLE_ASSIGNMENT|[EXTERNAL]|this|{}|0x5a1c022d
13:38:01.161 (224039847)|VARIABLE_ASSIGNMENT|[EXTERNAL]|value|"a0TB0000000Y9Q9MAK"
13:38:01.161 (224060751)|VARIABLE_ASSIGNMENT|[6]|this.recordID|"a0TB0000000Y9Q9MAK"|0x5a1c022d
13:38:01.161 (224072545)|STATEMENT_EXECUTE|[96]
13:38:01.161 (224075219)|STATEMENT_EXECUTE|[97]
13:38:01.161 (224084242)|METHOD_ENTRY|[97]|01pB0000000ljzx|testautonumdata.Sparkle_Helper.GetSobjectField(SObject, String)
13:38:01.161 (224093303)|VARIABLE_SCOPE_BEGIN|[78]|e|SObject|true|false
13:38:01.161 (224161300)|VARIABLE_ASSIGNMENT|[78]|e|{"s":1,"v":{"Id":"a0TB0000000Y9Q9MAK","OwnerId":"005B00000021dadIAA","CreatedDate":"2016-05-09T14:40:41.000Z","Owner":{"s":2,"v":{"Name":"Demo User","Id":"005B00000021dadIAA"}}}}|0x4b081683
13:38:01.161 (224170960)|VARIABLE_SCOPE_BEGIN|[78]|lcfield|String|false|false
13:38:01.161 (224184445)|VARIABLE_ASSIGNMENT|[78]|lcfield|"OwnerId"
13:38:01.161 (224196485)|HEAP_ALLOCATE|[81]|Bytes:5
13:38:01.161 (224205181)|STATEMENT_EXECUTE|[79]
13:38:01.161 (224207751)|STATEMENT_EXECUTE|[81]
13:38:01.161 (224217407)|VARIABLE_SCOPE_BEGIN|[81]|returnValue|String|false|false
13:38:01.161 (224232608)|VARIABLE_ASSIGNMENT|[81]|returnValue|""
13:38:01.161 (224250289)|ENTERING_MANAGED_PKG|
13:38:01.161 (224266366)|STATEMENT_EXECUTE|[98]
13:38:01.161 (224285731)|ENTERING_MANAGED_PKG|
13:38:01.161 (224311744)|HEAP_ALLOCATE|[98]|Bytes:4
13:38:01.161 (224342672)|ENTERING_MANAGED_PKG|
13:38:01.161 (224349906)|HEAP_ALLOCATE|[98]|Bytes:18
13:38:01.161 (224381987)|VARIABLE_ASSIGNMENT|[98]|returnValue|"005B00000021dadIAA"
13:38:01.161 (224388838)|STATEMENT_EXECUTE|[100]
13:38:01.161 (224405007)|METHOD_EXIT|[97]|01pB0000000ljzx|testautonumdata.Sparkle_Helper.GetSobjectField(SObject, String)
13:38:01.161 (224468414)|VARIABLE_ASSIGNMENT|[EXTERNAL]|this|{"recordID":"a0TB0000000Y9Q9MAK"}|0x5a1c022d
13:38:01.161 (224485776)|VARIABLE_ASSIGNMENT|[EXTERNAL]|value|"005B00000021dadIAA"
13:38:01.161 (224508711)|VARIABLE_ASSIGNMENT|[10]|this.OwnerID|"005B00000021dadIAA"|0x5a1c022d
13:38:01.161 (224524234)|STATEMENT_EXECUTE|[99]
13:38:01.161 (224583889)|VARIABLE_ASSIGNMENT|[EXTERNAL]|this|{"OwnerID":"005B00000021dadIAA","recordID":"a0TB0000000Y9Q9MAK"}|0x5a1c022d
13:38:01.161 (224601310)|METHOD_ENTRY|[99]||ConnectApi.ChatterUsers.getPhoto(String, String)
13:38:01.161 (241014052)|METHOD_EXIT|[99]||ConnectApi.ChatterUsers.getPhoto(String, String)
13:38:01.161 (241032391)|VARIABLE_SCOPE_BEGIN|[99]|userPhoto|ConnectApi.Photo|true|false
13:38:01.161 (241102921)|VARIABLE_ASSIGNMENT|[99]|userPhoto|{}|0x59c47c74
13:38:01.161 (241112337)|STATEMENT_EXECUTE|[101]
13:38:01.161 (241306142)|VARIABLE_ASSIGNMENT|[EXTERNAL]|this|{"OwnerID":"005B00000021dadIAA","recordID":"a0TB0000000Y9Q9MAK"}|0x5a1c022d
13:38:01.161 (241332185)|VARIABLE_ASSIGNMENT|[EXTERNAL]|value|"https://rrlightningo (65 more) ..."
13:38:01.161 (241356764)|VARIABLE_ASSIGNMENT|[18]|this.iconUrl|"https://rrlightningo (65 more) ..."|0x5a1c022d
13:38:01.161 (241370214)|STATEMENT_EXECUTE|[107]
13:38:01.161 (241373502)|STATEMENT_EXECUTE|[108]
13:38:01.161 (241384505)|METHOD_ENTRY|[108]|01pB0000000ljzx|testautonumdata.Sparkle_Helper.GetSobjectField(SObject, String)
13:38:01.161 (241397636)|VARIABLE_SCOPE_BEGIN|[78]|e|SObject|true|false
13:38:01.161 (241498817)|VARIABLE_ASSIGNMENT|[78]|e|{"s":1,"v":{"Id":"a0TB0000000Y9Q9MAK","OwnerId":"005B00000021dadIAA","CreatedDate":"2016-05-09T14:40:41.000Z","Owner":{"s":2,"v":{"Name":"Demo User","Id":"005B00000021dadIAA"}}}}|0x4b081683
13:38:01.161 (241508805)|VARIABLE_SCOPE_BEGIN|[78]|lcfield|String|false|false
13:38:01.161 (241522923)|VARIABLE_ASSIGNMENT|[78]|lcfield|"Owner.Name"
13:38:01.161 (241536692)|HEAP_ALLOCATE|[81]|Bytes:5
13:38:01.161 (241547423)|STATEMENT_EXECUTE|[79]
13:38:01.161 (241550227)|STATEMENT_EXECUTE|[81]
13:38:01.161 (241560249)|VARIABLE_SCOPE_BEGIN|[81]|returnValue|String|false|false
13:38:01.161 (241576039)|VARIABLE_ASSIGNMENT|[81]|returnValue|""
13:38:01.161 (241599611)|ENTERING_MANAGED_PKG|
13:38:01.161 (241614453)|STATEMENT_EXECUTE|[84]
13:38:01.161 (241617723)|STATEMENT_EXECUTE|[85]
13:38:01.161 (241628818)|ENTERING_MANAGED_PKG|
13:38:01.161 (241641228)|HEAP_ALLOCATE|[85]|Bytes:5
13:38:01.161 (241663016)|VARIABLE_SCOPE_BEGIN|[85]|relName|String|false|false
13:38:01.161 (241681563)|VARIABLE_ASSIGNMENT|[85]|relName|"Owner"
13:38:01.161 (241691728)|STATEMENT_EXECUTE|[86]
13:38:01.161 (241708671)|ENTERING_MANAGED_PKG|
13:38:01.161 (241719300)|HEAP_ALLOCATE|[86]|Bytes:4
13:38:01.161 (241746126)|VARIABLE_SCOPE_BEGIN|[86]|relField|String|false|false
13:38:01.161 (241766197)|VARIABLE_ASSIGNMENT|[86]|relField|"Name"
13:38:01.161 (241784155)|ENTERING_MANAGED_PKG|
13:38:01.161 (241796903)|STATEMENT_EXECUTE|[94]
13:38:01.161 (241813329)|ENTERING_MANAGED_PKG|
13:38:01.161 (241862456)|HEAP_ALLOCATE|[94]|Bytes:12
13:38:01.161 (241892536)|ENTERING_MANAGED_PKG|
13:38:01.161 (241930740)|HEAP_ALLOCATE|[94]|Bytes:9
13:38:01.161 (241959952)|ENTERING_MANAGED_PKG|
13:38:01.161 (241967592)|HEAP_ALLOCATE|[94]|Bytes:9
13:38:01.161 (242004028)|VARIABLE_ASSIGNMENT|[94]|returnValue|"Demo User"
13:38:01.161 (242011959)|STATEMENT_EXECUTE|[100]
13:38:01.161 (242026011)|METHOD_EXIT|[108]|01pB0000000ljzx|testautonumdata.Sparkle_Helper.GetSobjectField(SObject, String)
13:38:01.161 (242087336)|VARIABLE_ASSIGNMENT|[EXTERNAL]|this|{"iconUrl":"https://rrlightningo (65 more) ...","OwnerID":"005B00000021dadIAA","recordID":"a0TB0000000Y9Q9MAK"}|0x5a1c022d
13:38:01.161 (242105461)|VARIABLE_ASSIGNMENT|[EXTERNAL]|value|"Demo User"
13:38:01.161 (242125014)|VARIABLE_ASSIGNMENT|[8]|this.OwnerName|"Demo User"|0x5a1c022d
13:38:01.161 (242136937)|STATEMENT_EXECUTE|[112]
13:38:01.161 (242139778)|STATEMENT_EXECUTE|[113]
13:38:01.161 (242148980)|METHOD_ENTRY|[113]|01pB0000000ljzx|testautonumdata.Sparkle_Helper.GetSobjectField(SObject, String)
13:38:01.161 (242157763)|VARIABLE_SCOPE_BEGIN|[78]|e|SObject|true|false
13:38:01.161 (242232856)|VARIABLE_ASSIGNMENT|[78]|e|{"s":1,"v":{"Id":"a0TB0000000Y9Q9MAK","OwnerId":"005B00000021dadIAA","CreatedDate":"2016-05-09T14:40:41.000Z","Owner":{"s":2,"v":{"Name":"Demo User","Id":"005B00000021dadIAA"}}}}|0x4b081683
13:38:01.161 (242245485)|VARIABLE_SCOPE_BEGIN|[78]|lcfield|String|false|false
13:38:01.161 (242260107)|VARIABLE_ASSIGNMENT|[78]|lcfield|"createddate"
13:38:01.161 (242276759)|HEAP_ALLOCATE|[81]|Bytes:5
13:38:01.161 (242285873)|STATEMENT_EXECUTE|[79]
13:38:01.161 (242290034)|STATEMENT_EXECUTE|[81]
13:38:01.161 (242302421)|VARIABLE_SCOPE_BEGIN|[81]|returnValue|String|false|false
13:38:01.161 (242319064)|VARIABLE_ASSIGNMENT|[81]|returnValue|""
13:38:01.161 (242340865)|ENTERING_MANAGED_PKG|
13:38:01.161 (242355959)|STATEMENT_EXECUTE|[98]
13:38:01.161 (242371148)|ENTERING_MANAGED_PKG|
13:38:01.161 (242407121)|HEAP_ALLOCATE|[98]|Bytes:56
13:38:01.161 (242434545)|ENTERING_MANAGED_PKG|
13:38:01.161 (242452122)|HEAP_ALLOCATE|[98]|Bytes:19
13:38:01.161 (242486882)|VARIABLE_ASSIGNMENT|[98]|returnValue|"2016-05-09 14:40:41"
13:38:01.161 (242493531)|STATEMENT_EXECUTE|[100]
13:38:01.161 (242509709)|METHOD_EXIT|[113]|01pB0000000ljzx|testautonumdata.Sparkle_Helper.GetSobjectField(SObject, String)
13:38:01.161 (242574873)|VARIABLE_ASSIGNMENT|[EXTERNAL]|this|{"iconUrl":"https://rrlightningo (65 more) ...","OwnerID":"005B00000021dadIAA","OwnerName":"Demo User","recordID":"a0TB0000000Y9Q9MAK"}|0x5a1c022d
13:38:01.161 (242593153)|VARIABLE_ASSIGNMENT|[EXTERNAL]|value|"2016-05-09 14:40:41"
13:38:01.161 (242611792)|VARIABLE_ASSIGNMENT|[12]|this.column2|"2016-05-09 14:40:41"|0x5a1c022d
13:38:01.161 (242623129)|STATEMENT_EXECUTE|[118]
13:38:01.161 (242641395)|ENTERING_MANAGED_PKG|
13:38:01.161 (242655123)|HEAP_ALLOCATE|[EXTERNAL]|Bytes:4
13:38:01.161 (242667817)|STATEMENT_EXECUTE|[120]
13:38:01.161 (242683991)|ENTERING_MANAGED_PKG|
13:38:01.161 (242755488)|HEAP_ALLOCATE|[120]|Bytes:378
13:38:01.161 (242784854)|HEAP_ALLOCATE|[120]|Bytes:390
13:38:01.161 (242801613)|ENTERING_MANAGED_PKG|
13:38:01.161 (242814849)|USER_DEBUG|[120]|DEBUG|######## i: RelatedListServerController:[OwnerID=005B00000021dadIAA, OwnerName=Demo User, ReferralDate=null, ReferralMessage=null, column2=2016-05-09 14:40:41, iconUrl=https://rrlightningout-dev-ed--c.gus.content.force.com/profilephoto/729B00000000WPI/T, mapObjectsFields={testautonumdata__Referral__c={Id, OwnerId, createddate, testautonumdata__Candidate__c}}, recordID=a0TB0000000Y9Q9MAK]
13:38:01.161 (242843025)|HEAP_ALLOCATE|[88]|Bytes:5
13:38:01.161 (242878647)|VARIABLE_ASSIGNMENT|[88]|e|null|
13:38:01.161 (242887173)|STATEMENT_EXECUTE|[125]
13:38:01.161 (242895898)|HEAP_ALLOCATE|[125]|Bytes:27
13:38:01.161 (242921415)|ENTERING_MANAGED_PKG|
13:38:01.161 (243057860)|HEAP_ALLOCATE|[125]|Bytes:695
13:38:01.161 (243089653)|HEAP_ALLOCATE|[125]|Bytes:722
13:38:01.161 (243107306)|ENTERING_MANAGED_PKG|
13:38:01.161 (243113331)|USER_DEBUG|[125]|DEBUG|######## lstReturnRecords: (RelatedListServerController:[OwnerID=005B0000001VpZRIA0, OwnerName=Rodrigo Reboucas, ReferralDate=null, ReferralMessage=null, column2=2016-05-12 14:31:58, iconUrl=https://rrlightningout-dev-ed--c.gus.content.force.com/profilephoto/729B00000000GJc/T, mapObjectsFields={testautonumdata__Referral__c={Id, OwnerId, createddate, testautonumdata__Candidate__c}}, recordID=a0TB0000000YKHIMA4], RelatedListServerController:[OwnerID=005B00000021dadIAA, OwnerName=Demo User, ReferralDate=null, ReferralMessage=null, column2=2016-05-09 14:40:41, iconUrl=https://rrlightningout-dev-ed--c.gus.content.force.com/profilephoto/729B00000000WPI/T, mapObjectsFields=(already output), recordID=a0TB0000000Y9Q9MAK])
13:38:01.161 (243126122)|STATEMENT_EXECUTE|[127]
13:38:01.161 (243141570)|SYSTEM_MODE_EXIT|false
13:38:01.243 (243184339)|CUMULATIVE_LIMIT_USAGE
13:38:01.243 (243184339)|LIMIT_USAGE_FOR_NS|(default)|
  Number of SOQL queries: 0 out of 100
  Number of query rows: 0 out of 50000
  Number of SOSL queries: 0 out of 20
  Number of DML statements: 0 out of 150
  Number of DML rows: 0 out of 10000
  Maximum CPU time: 0 out of 10000
  Maximum heap size: 0 out of 6000000
  Number of callouts: 0 out of 100
  Number of Email Invocations: 0 out of 10
  Number of future calls: 0 out of 50
  Number of queueable jobs added to the queue: 0 out of 50
  Number of Mobile Apex push calls: 0 out of 10

13:38:01.243 (243184339)|LIMIT_USAGE_FOR_NS|testautonumdata|
  Number of SOQL queries: 2 out of 100
  Number of query rows: 3 out of 50000
  Number of SOSL queries: 0 out of 20
  Number of DML statements: 0 out of 150
  Number of DML rows: 0 out of 10000
  Maximum CPU time: 0 out of 10000
  Maximum heap size: 0 out of 6000000
  Number of callouts: 0 out of 100
  Number of Email Invocations: 0 out of 10
  Number of future calls: 0 out of 50
  Number of queueable jobs added to the queue: 0 out of 50
  Number of Mobile Apex push calls: 0 out of 10

13:38:01.243 (243184339)|CUMULATIVE_LIMIT_USAGE_END

13:38:01.244 (244700422)|CODE_UNIT_STARTED|[EXTERNAL]|Aura
13:38:01.245 (245914668)|CODE_UNIT_STARTED|[EXTERNAL]|Aura
