38.0 APEX_CODE,FINEST;APEX_PROFILING,INFO;CALLOUT,INFO;DB,INFO;SYSTEM,DEBUG;VALIDATION,INFO;VISUALFORCE,INFO;WORKFLOW,INFO
08:36:05.0 (524987)|USER_INFO|[EXTERNAL]|005B0000001VpZR|rreboucas-yi5c@force.com|Pacific Standard Time|GMT-07:00
08:36:05.2 (2736495)|CODE_UNIT_STARTED|[EXTERNAL]|01pB0000000lc07|ListServerController.getListRecords
08:36:05.2 (2791220)|VARIABLE_SCOPE_BEGIN|[3]|ListServerController.mapObjectsFields|Map<String,Set<String>>|true|true
08:36:05.2 (2853874)|HEAP_ALLOCATE|[EXTERNAL]|Bytes:180
08:36:05.2 (2863455)|HEAP_ALLOCATE|[EXTERNAL]|Bytes:22
08:36:05.2 (2866939)|HEAP_ALLOCATE|[EXTERNAL]|Bytes:27
08:36:05.2 (2886690)|METHOD_ENTRY|[1]|01pB0000000lc07|ListServerController.ListServerController()
08:36:05.2 (2891142)|STATEMENT_EXECUTE|[1]
08:36:05.2 (2896998)|STATEMENT_EXECUTE|[1]
08:36:05.2 (2939008)|HEAP_ALLOCATE|[50]|Bytes:5
08:36:05.2 (2969842)|HEAP_ALLOCATE|[56]|Bytes:5
08:36:05.2 (2987351)|HEAP_ALLOCATE|[64]|Bytes:7
08:36:05.2 (3021014)|SYSTEM_MODE_ENTER|false
08:36:05.2 (3039780)|HEAP_ALLOCATE|[3]|Bytes:5
08:36:05.2 (3044502)|STATEMENT_EXECUTE|[3]
08:36:05.2 (3080982)|VARIABLE_ASSIGNMENT|[3]|ListServerController.mapObjectsFields|null|
08:36:05.2 (3087485)|SYSTEM_MODE_EXIT|false
08:36:05.2 (3098434)|METHOD_EXIT|[1]|ListServerController
08:36:05.2 (3103975)|HEAP_ALLOCATE|[EXTERNAL]|Bytes:1
08:36:05.2 (3106021)|HEAP_ALLOCATE|[EXTERNAL]|Bytes:7
08:36:05.2 (3107392)|HEAP_ALLOCATE|[EXTERNAL]|Bytes:2
08:36:05.2 (3108624)|HEAP_ALLOCATE|[EXTERNAL]|Bytes:4
08:36:05.2 (3109977)|HEAP_ALLOCATE|[EXTERNAL]|Bytes:4
08:36:05.2 (3117894)|SYSTEM_MODE_ENTER|false
08:36:05.2 (3125122)|VARIABLE_SCOPE_BEGIN|[23]|rowsLimit|String|false|false
08:36:05.2 (3139391)|VARIABLE_ASSIGNMENT|[23]|rowsLimit|"8"
08:36:05.2 (3141662)|VARIABLE_SCOPE_BEGIN|[23]|objectApiName|String|false|false
08:36:05.2 (3145086)|VARIABLE_ASSIGNMENT|[23]|objectApiName|"Account"
08:36:05.2 (3146996)|VARIABLE_SCOPE_BEGIN|[23]|filter1Field|String|false|false
08:36:05.2 (3150103)|VARIABLE_ASSIGNMENT|[23]|filter1Field|null
08:36:05.2 (3151921)|VARIABLE_SCOPE_BEGIN|[23]|filter1Value|String|false|false
08:36:05.2 (3154268)|VARIABLE_ASSIGNMENT|[23]|filter1Value|null
08:36:05.2 (3155753)|VARIABLE_SCOPE_BEGIN|[23]|eventField|String|false|false
08:36:05.2 (3158408)|VARIABLE_ASSIGNMENT|[23]|eventField|"Id"
08:36:05.2 (3160142)|VARIABLE_SCOPE_BEGIN|[23]|column1|String|false|false
08:36:05.2 (3162902)|VARIABLE_ASSIGNMENT|[23]|column1|"Name"
08:36:05.2 (3164621)|VARIABLE_SCOPE_BEGIN|[23]|column2|String|false|false
08:36:05.2 (3166879)|VARIABLE_ASSIGNMENT|[23]|column2|null
08:36:05.2 (3168717)|VARIABLE_SCOPE_BEGIN|[23]|column3|String|false|false
08:36:05.2 (3170758)|VARIABLE_ASSIGNMENT|[23]|column3|null
08:36:05.2 (3172344)|VARIABLE_SCOPE_BEGIN|[23]|column4|String|false|false
08:36:05.2 (3174363)|VARIABLE_ASSIGNMENT|[23]|column4|null
08:36:05.2 (3175885)|VARIABLE_SCOPE_BEGIN|[23]|sortField|String|false|false
08:36:05.2 (3178280)|VARIABLE_ASSIGNMENT|[23]|sortField|"Name"
08:36:05.2 (3179909)|VARIABLE_SCOPE_BEGIN|[23]|sortDirection|String|false|false
08:36:05.2 (3182358)|VARIABLE_ASSIGNMENT|[23]|sortDirection|null
08:36:05.2 (3195194)|HEAP_ALLOCATE|[25]|Bytes:5
08:36:05.2 (3199378)|STATEMENT_EXECUTE|[23]
08:36:05.2 (3200738)|STATEMENT_EXECUTE|[25]
08:36:05.2 (3203465)|HEAP_ALLOCATE|[25]|Bytes:20
08:36:05.2 (3215025)|HEAP_ALLOCATE|[25]|Bytes:21
08:36:05.2 (3238944)|ENTERING_MANAGED_PKG|
08:36:05.2 (3270471)|USER_DEBUG|[25]|DEBUG|######## rowsLimit: 8
08:36:05.2 (3278244)|STATEMENT_EXECUTE|[26]
08:36:05.2 (3282073)|HEAP_ALLOCATE|[26]|Bytes:24
08:36:05.2 (3288156)|HEAP_ALLOCATE|[26]|Bytes:31
08:36:05.2 (3295875)|ENTERING_MANAGED_PKG|
08:36:05.2 (3305811)|USER_DEBUG|[26]|DEBUG|######## objectApiName: Account
08:36:05.2 (3310922)|STATEMENT_EXECUTE|[29]
08:36:05.2 (3315887)|HEAP_ALLOCATE|[29]|Bytes:4
08:36:05.2 (3349474)|VARIABLE_ASSIGNMENT|[29]|ListServerController.mapObjectsFields|{"s":1,"v":{}}|0x384e4791
08:36:05.2 (3352998)|STATEMENT_EXECUTE|[31]
08:36:05.2 (3356592)|HEAP_ALLOCATE|[31]|Bytes:2
08:36:05.2 (4622970)|HEAP_ALLOCATE|[31]|Bytes:19
08:36:05.2 (4630602)|HEAP_ALLOCATE|[31]|Bytes:28
08:36:05.2 (4641850)|METHOD_ENTRY|[1]|01pB0000000ljzx|Sparkle_Helper.Sparkle_Helper()
08:36:05.2 (4645087)|STATEMENT_EXECUTE|[1]
08:36:05.2 (4648664)|STATEMENT_EXECUTE|[1]
08:36:05.2 (4655526)|HEAP_ALLOCATE|[31]|Bytes:5
08:36:05.2 (4665123)|METHOD_EXIT|[1]|Sparkle_Helper
08:36:05.2 (4683744)|METHOD_ENTRY|[31]|01pB0000000ljzx|testautonumdata.Sparkle_Helper.AddFieldToObjectsMap(String, String, Map<String,Set<String>>)
08:36:05.2 (4706171)|VARIABLE_SCOPE_BEGIN|[107]|fieldName|String|false|false
08:36:05.2 (4713793)|VARIABLE_ASSIGNMENT|[107]|fieldName|"Id"
08:36:05.2 (4716009)|VARIABLE_SCOPE_BEGIN|[107]|initialObjectName|String|false|false
08:36:05.2 (4719437)|VARIABLE_ASSIGNMENT|[107]|initialObjectName|"Account"
08:36:05.2 (4721482)|VARIABLE_SCOPE_BEGIN|[107]|theMap|Map<String,Set<String>>|true|false
08:36:05.2 (4732082)|VARIABLE_ASSIGNMENT|[107]|theMap|{"s":1,"v":{}}|0x384e4791
08:36:05.2 (4741072)|HEAP_ALLOCATE|[109]|Bytes:5
08:36:05.2 (4745550)|STATEMENT_EXECUTE|[108]
08:36:05.2 (4748210)|HEAP_ALLOCATE|[109]|Bytes:1
08:36:05.2 (4767595)|ENTERING_MANAGED_PKG|
08:36:05.2 (4811181)|STATEMENT_EXECUTE|[150]
08:36:05.2 (4822356)|METHOD_ENTRY|[150]|01pB0000000ljzx|testautonumdata.Sparkle_Helper.AddFieldToMap(String, String, Map<String,Set<String>>)
08:36:05.2 (4835562)|VARIABLE_SCOPE_BEGIN|[157]|fieldName|String|false|false
08:36:05.2 (4841531)|VARIABLE_ASSIGNMENT|[157]|fieldName|"Id"
08:36:05.2 (4843381)|VARIABLE_SCOPE_BEGIN|[157]|ObjectName|String|false|false
08:36:05.2 (4846514)|VARIABLE_ASSIGNMENT|[157]|ObjectName|"Account"
08:36:05.2 (4848204)|VARIABLE_SCOPE_BEGIN|[157]|theMap|Map<String,Set<String>>|true|false
08:36:05.2 (4856567)|VARIABLE_ASSIGNMENT|[157]|theMap|{"s":1,"v":{}}|0x384e4791
08:36:05.2 (4865369)|HEAP_ALLOCATE|[160]|Bytes:5
08:36:05.2 (4869171)|STATEMENT_EXECUTE|[158]
08:36:05.2 (4879769)|ENTERING_MANAGED_PKG|
08:36:05.2 (4906131)|STATEMENT_EXECUTE|[167]
08:36:05.2 (4908092)|STATEMENT_EXECUTE|[168]
08:36:05.2 (4955556)|HEAP_ALLOCATE|[168]|Bytes:4
08:36:05.2 (4976013)|ENTERING_MANAGED_PKG|
08:36:05.2 (5014490)|VARIABLE_SCOPE_BEGIN|[168]|newFieldSet|Set<String>|true|false
08:36:05.2 (5053778)|VARIABLE_ASSIGNMENT|[168]|newFieldSet|{"s":1,"v":[]}|0x179d94dd
08:36:05.2 (5057787)|STATEMENT_EXECUTE|[169]
08:36:05.2 (5068255)|ENTERING_MANAGED_PKG|
08:36:05.2 (5087905)|HEAP_ALLOCATE|[EXTERNAL]|Bytes:4
08:36:05.2 (5095577)|STATEMENT_EXECUTE|[170]
08:36:05.2 (5102520)|ENTERING_MANAGED_PKG|
08:36:05.2 (5121537)|HEAP_ALLOCATE|[EXTERNAL]|Bytes:-4
08:36:05.2 (5134187)|METHOD_EXIT|[150]|01pB0000000ljzx|testautonumdata.Sparkle_Helper.AddFieldToMap(String, String, Map<String,Set<String>>)
08:36:05.2 (5141217)|METHOD_EXIT|[31]|01pB0000000ljzx|testautonumdata.Sparkle_Helper.AddFieldToObjectsMap(String, String, Map<String,Set<String>>)
08:36:05.2 (5144299)|STATEMENT_EXECUTE|[33]
08:36:05.2 (5170496)|HEAP_ALLOCATE|[33]|Bytes:4
08:36:05.2 (5241854)|ENTERING_MANAGED_PKG|
08:36:05.2 (5263655)|VARIABLE_SCOPE_BEGIN|[33]|lstReturnRecords|List<testautonumdata.ListServerController>|true|false
08:36:05.2 (5294353)|HEAP_ALLOCATE|[EXTERNAL]|Bytes:4
08:36:05.2 (5312860)|VARIABLE_ASSIGNMENT|[33]|lstReturnRecords|{"s":1,"v":[]}|0x33ef3595
08:36:05.2 (5318106)|STATEMENT_EXECUTE|[35]
08:36:05.2 (5351303)|ENTERING_MANAGED_PKG|
08:36:05.2 (5387589)|VARIABLE_SCOPE_BEGIN|[35]|rLimit|Integer|false|false
08:36:05.2 (5392675)|HEAP_ALLOCATE|[35]|Bytes:4
08:36:05.2 (5399177)|VARIABLE_ASSIGNMENT|[35]|rLimit|8
08:36:05.2 (5401649)|STATEMENT_EXECUTE|[36]
08:36:05.2 (5407875)|HEAP_ALLOCATE|[36]|Bytes:17
08:36:05.2 (5423955)|ENTERING_MANAGED_PKG|
08:36:05.2 (5443370)|HEAP_ALLOCATE|[36]|Bytes:1
08:36:05.2 (5456495)|HEAP_ALLOCATE|[36]|Bytes:18
08:36:05.2 (5465911)|ENTERING_MANAGED_PKG|
08:36:05.2 (5468743)|USER_DEBUG|[36]|DEBUG|######## rLimit: 8
08:36:05.2 (5473597)|STATEMENT_EXECUTE|[40]
08:36:05.2 (5476690)|HEAP_ALLOCATE|[40]|Bytes:9
08:36:05.2 (5480080)|VARIABLE_SCOPE_BEGIN|[40]|soql|String|false|false
08:36:05.2 (5486536)|VARIABLE_ASSIGNMENT|[40]|soql|"Select id"
08:36:05.2 (5499676)|ENTERING_MANAGED_PKG|
08:36:05.2 (5532282)|STATEMENT_EXECUTE|[42]
08:36:05.2 (5534941)|STATEMENT_EXECUTE|[49]
08:36:05.2 (5535867)|STATEMENT_EXECUTE|[50]
08:36:05.2 (5539225)|HEAP_ALLOCATE|[50]|Bytes:2
08:36:05.2 (5553285)|ENTERING_MANAGED_PKG|
08:36:05.2 (5568239)|HEAP_ALLOCATE|[50]|Bytes:4
08:36:05.2 (5580671)|HEAP_ALLOCATE|[50]|Bytes:6
08:36:05.2 (5585132)|HEAP_ALLOCATE|[50]|Bytes:15
08:36:05.2 (5592588)|VARIABLE_ASSIGNMENT|[50]|soql|"Select id, Name"
08:36:05.2 (5595108)|STATEMENT_EXECUTE|[51]
08:36:05.2 (5603573)|METHOD_ENTRY|[51]|01pB0000000ljzx|testautonumdata.Sparkle_Helper.AddFieldToObjectsMap(String, String, Map<String,Set<String>>)
08:36:05.2 (5615359)|VARIABLE_SCOPE_BEGIN|[107]|fieldName|String|false|false
08:36:05.2 (5620155)|VARIABLE_ASSIGNMENT|[107]|fieldName|"Name"
08:36:05.2 (5621794)|VARIABLE_SCOPE_BEGIN|[107]|initialObjectName|String|false|false
08:36:05.2 (5624482)|VARIABLE_ASSIGNMENT|[107]|initialObjectName|"Account"
08:36:05.2 (5626066)|VARIABLE_SCOPE_BEGIN|[107]|theMap|Map<String,Set<String>>|true|false
08:36:05.2 (5641593)|VARIABLE_ASSIGNMENT|[107]|theMap|{"s":1,"v":{"Account":{"s":2,"v":["Id"]}}}|0x384e4791
08:36:05.2 (5650938)|HEAP_ALLOCATE|[109]|Bytes:5
08:36:05.2 (5654918)|STATEMENT_EXECUTE|[108]
08:36:05.2 (5666862)|ENTERING_MANAGED_PKG|
08:36:05.2 (5675592)|STATEMENT_EXECUTE|[150]
08:36:05.2 (5681724)|METHOD_ENTRY|[150]|01pB0000000ljzx|testautonumdata.Sparkle_Helper.AddFieldToMap(String, String, Map<String,Set<String>>)
08:36:05.2 (5689443)|VARIABLE_SCOPE_BEGIN|[157]|fieldName|String|false|false
08:36:05.2 (5694705)|VARIABLE_ASSIGNMENT|[157]|fieldName|"Name"
08:36:05.2 (5696449)|VARIABLE_SCOPE_BEGIN|[157]|ObjectName|String|false|false
08:36:05.2 (5699179)|VARIABLE_ASSIGNMENT|[157]|ObjectName|"Account"
08:36:05.2 (5700488)|VARIABLE_SCOPE_BEGIN|[157]|theMap|Map<String,Set<String>>|true|false
08:36:05.2 (5713469)|VARIABLE_ASSIGNMENT|[157]|theMap|{"s":1,"v":{"Account":{"s":2,"v":["Id"]}}}|0x384e4791
08:36:05.2 (5721423)|HEAP_ALLOCATE|[160]|Bytes:5
08:36:05.2 (5725194)|STATEMENT_EXECUTE|[158]
08:36:05.2 (5731837)|ENTERING_MANAGED_PKG|
08:36:05.2 (5737996)|STATEMENT_EXECUTE|[161]
08:36:05.2 (5739226)|STATEMENT_EXECUTE|[162]
08:36:05.2 (5744286)|ENTERING_MANAGED_PKG|
08:36:05.2 (5772563)|VARIABLE_SCOPE_BEGIN|[162]|existingFieldSet|Set<String>|true|false
08:36:05.2 (5787167)|VARIABLE_ASSIGNMENT|[162]|existingFieldSet|{"s":1,"v":["Id"]}|0x179d94dd
08:36:05.2 (5790252)|STATEMENT_EXECUTE|[163]
08:36:05.2 (5797029)|ENTERING_MANAGED_PKG|
08:36:05.2 (5814531)|HEAP_ALLOCATE|[EXTERNAL]|Bytes:4
08:36:05.2 (5821480)|STATEMENT_EXECUTE|[164]
08:36:05.2 (5828196)|ENTERING_MANAGED_PKG|
08:36:05.2 (5858233)|METHOD_EXIT|[150]|01pB0000000ljzx|testautonumdata.Sparkle_Helper.AddFieldToMap(String, String, Map<String,Set<String>>)
08:36:05.2 (5864891)|METHOD_EXIT|[51]|01pB0000000ljzx|testautonumdata.Sparkle_Helper.AddFieldToObjectsMap(String, String, Map<String,Set<String>>)
08:36:05.2 (5868453)|STATEMENT_EXECUTE|[53]
08:36:05.2 (5870304)|STATEMENT_EXECUTE|[58]
08:36:05.2 (5871800)|STATEMENT_EXECUTE|[63]
08:36:05.2 (5872788)|STATEMENT_EXECUTE|[69]
08:36:05.2 (5876534)|HEAP_ALLOCATE|[69]|Bytes:6
08:36:05.2 (5889077)|ENTERING_MANAGED_PKG|
08:36:05.2 (5904824)|HEAP_ALLOCATE|[69]|Bytes:7
08:36:05.2 (5917509)|HEAP_ALLOCATE|[69]|Bytes:13
08:36:05.2 (5921853)|HEAP_ALLOCATE|[69]|Bytes:28
08:36:05.2 (5930790)|VARIABLE_ASSIGNMENT|[69]|soql|"Select id, Name FROM (8 more) ..."
08:36:05.2 (5934604)|STATEMENT_EXECUTE|[72]
08:36:05.2 (5936763)|STATEMENT_EXECUTE|[78]
08:36:05.2 (5937758)|STATEMENT_EXECUTE|[84]
08:36:05.2 (5940441)|HEAP_ALLOCATE|[84]|Bytes:7
08:36:05.2 (5950565)|ENTERING_MANAGED_PKG|
08:36:05.2 (5965106)|HEAP_ALLOCATE|[84]|Bytes:1
08:36:05.2 (5977754)|HEAP_ALLOCATE|[84]|Bytes:8
08:36:05.2 (5982127)|HEAP_ALLOCATE|[84]|Bytes:36
08:36:05.2 (5989750)|VARIABLE_ASSIGNMENT|[84]|soql|"Select id, Name FROM (16 more) ..."
08:36:05.2 (5992219)|STATEMENT_EXECUTE|[88]
08:36:05.2 (5995099)|HEAP_ALLOCATE|[88]|Bytes:15
08:36:05.2 (5999326)|HEAP_ALLOCATE|[88]|Bytes:51
08:36:05.2 (6007826)|ENTERING_MANAGED_PKG|
08:36:05.2 (6021615)|USER_DEBUG|[88]|DEBUG|######## soql: Select id, Name FROM Account limit 8
08:36:05.2 (6036187)|METHOD_ENTRY|[95]|01pB0000000ljzx|testautonumdata.Sparkle_Helper.UserHasAccessToObjectsAndFields(Map<String,Set<String>>)
08:36:05.2 (6048140)|VARIABLE_SCOPE_BEGIN|[175]|theMap|Map<String,Set<String>>|true|false
08:36:05.2 (6065536)|VARIABLE_ASSIGNMENT|[175]|theMap|{"s":1,"v":{"Account":{"s":2,"v":["Id","Name"]}}}|0x384e4791
08:36:05.2 (6075734)|HEAP_ALLOCATE|[177]|Bytes:5
08:36:05.2 (6080166)|STATEMENT_EXECUTE|[176]
08:36:05.2 (6081479)|STATEMENT_EXECUTE|[177]
08:36:05.2 (6085003)|VARIABLE_SCOPE_BEGIN|[177]|hasAccess|Boolean|false|false
08:36:05.2 (6088113)|HEAP_ALLOCATE|[177]|Bytes:5
08:36:05.2 (6092935)|VARIABLE_ASSIGNMENT|[177]|hasAccess|true
08:36:05.2 (6101229)|ENTERING_MANAGED_PKG|
08:36:05.2 (6120696)|STATEMENT_EXECUTE|[180]
08:36:05.2 (6122343)|STATEMENT_EXECUTE|[181]
08:36:05.2 (6125797)|HEAP_ALLOCATE|[181]|Bytes:17
08:36:05.2 (6139703)|ENTERING_MANAGED_PKG|
08:36:05.2 (6168542)|HEAP_ALLOCATE|[181]|Bytes:20
08:36:05.2 (6182432)|HEAP_ALLOCATE|[181]|Bytes:37
08:36:05.2 (6190780)|ENTERING_MANAGED_PKG|
08:36:05.2 (6193354)|USER_DEBUG|[181]|DEBUG|######## theMap: {Account={Id, Name}}
08:36:05.2 (6203322)|HEAP_ALLOCATE|[182]|Bytes:4
08:36:05.2 (6215261)|ENTERING_MANAGED_PKG|
08:36:05.2 (6237839)|ENTERING_MANAGED_PKG|
08:36:05.2 (6248556)|HEAP_ALLOCATE|[182]|Bytes:15
08:36:05.2 (6260754)|ENTERING_MANAGED_PKG|
08:36:05.2 (6264699)|HEAP_ALLOCATE|[182]|Bytes:4
08:36:05.2 (6271381)|ENTERING_MANAGED_PKG|
08:36:05.2 (6330297)|HEAP_ALLOCATE|[182]|Bytes:5
08:36:05.2 (6343882)|VARIABLE_SCOPE_BEGIN|[182]|objectName|String|false|false
08:36:05.2 (6351093)|VARIABLE_ASSIGNMENT|[182]|objectName|"Account"
08:36:05.2 (6354204)|STATEMENT_EXECUTE|[183]
08:36:05.2 (6355268)|STATEMENT_EXECUTE|[184]
08:36:05.2 (6358540)|HEAP_ALLOCATE|[184]|Bytes:21
08:36:05.2 (6364695)|HEAP_ALLOCATE|[184]|Bytes:28
08:36:05.2 (6373139)|ENTERING_MANAGED_PKG|
08:36:05.2 (6387563)|USER_DEBUG|[184]|DEBUG|######## objectName: Account
08:36:05.2 (6393568)|STATEMENT_EXECUTE|[185]
08:36:05.2 (6409441)|ENTERING_MANAGED_PKG|
08:36:05.2 (35215124)|HEAP_ALLOCATE|[185]|Bytes:1648
08:36:05.2 (35256462)|ENTERING_MANAGED_PKG|
08:36:05.2 (35339424)|HEAP_ALLOCATE|[185]|Bytes:4
08:36:05.2 (35351109)|VARIABLE_SCOPE_BEGIN|[185]|sObj|SObject|true|false
08:36:05.2 (35376527)|VARIABLE_ASSIGNMENT|[185]|sObj|{}|0x3d27611f
08:36:05.2 (35382216)|STATEMENT_EXECUTE|[186]
08:36:05.2 (35411083)|ENTERING_MANAGED_PKG|
08:36:05.2 (36464127)|HEAP_ALLOCATE|[186]|Bytes:4
08:36:05.2 (38487913)|HEAP_ALLOCATE|[186]|Bytes:312
08:36:05.2 (38500135)|VARIABLE_SCOPE_BEGIN|[186]|m|Map<String,Schema.SObjectField>|true|false
08:36:05.2 (38754442)|VARIABLE_ASSIGNMENT|[186]|m|"{accountnumber=AccountNumber, accountsource=AccountSource, annualrevenue=AnnualRevenue, billingaddress=BillingAddress, billingcity=BillingCity, billingcountry=BillingCountry, billingcountrycode=BillingCountryCode, billinglatitude=BillingLatitude, billinglongitude=BillingLongitude, billingpostalcode=BillingPostalCode, ...}"|0x1df928c6
08:36:05.2 (38762084)|STATEMENT_EXECUTE|[187]
08:36:05.2 (38776512)|ENTERING_MANAGED_PKG|
08:36:05.2 (38813334)|VARIABLE_SCOPE_BEGIN|[187]|objectFieldSet|Set<String>|true|false
08:36:05.2 (38842701)|VARIABLE_ASSIGNMENT|[187]|objectFieldSet|{"s":1,"v":["Id","Name"]}|0x179d94dd
08:36:05.2 (38849944)|HEAP_ALLOCATE|[189]|Bytes:4
08:36:05.2 (38865206)|ENTERING_MANAGED_PKG|
08:36:05.2 (38897526)|ENTERING_MANAGED_PKG|
08:36:05.2 (38903776)|HEAP_ALLOCATE|[189]|Bytes:8
08:36:05.2 (38911185)|ENTERING_MANAGED_PKG|
08:36:05.2 (38932228)|HEAP_ALLOCATE|[189]|Bytes:5
08:36:05.2 (38944811)|VARIABLE_SCOPE_BEGIN|[189]|fieldToCheck|String|false|false
08:36:05.2 (38952330)|VARIABLE_ASSIGNMENT|[189]|fieldToCheck|"Id"
08:36:05.2 (38955488)|STATEMENT_EXECUTE|[189]
08:36:05.2 (38957087)|STATEMENT_EXECUTE|[190]
08:36:05.2 (38960805)|HEAP_ALLOCATE|[190]|Bytes:23
08:36:05.2 (38971988)|HEAP_ALLOCATE|[190]|Bytes:25
08:36:05.2 (38985318)|ENTERING_MANAGED_PKG|
08:36:05.2 (39013108)|USER_DEBUG|[190]|DEBUG|######## fieldToCheck: Id
08:36:05.2 (39037894)|ENTERING_MANAGED_PKG|
08:36:05.2 (39706090)|HEAP_ALLOCATE|[192]|Bytes:8
08:36:05.2 (39733487)|STATEMENT_EXECUTE|[192]
08:36:05.2 (39735864)|STATEMENT_EXECUTE|[199]
08:36:05.2 (39739349)|HEAP_ALLOCATE|[199]|Bytes:35
08:36:05.2 (39746908)|HEAP_ALLOCATE|[199]|Bytes:37
08:36:05.2 (39756306)|ENTERING_MANAGED_PKG|
08:36:05.2 (39770876)|USER_DEBUG|[199]|DEBUG|######## User has access to field: Id
08:36:05.2 (39785912)|HEAP_ALLOCATE|[189]|Bytes:5
08:36:05.2 (39796903)|VARIABLE_SCOPE_BEGIN|[189]|fieldToCheck|String|false|false
08:36:05.2 (39804571)|VARIABLE_ASSIGNMENT|[189]|fieldToCheck|"Name"
08:36:05.2 (39807498)|STATEMENT_EXECUTE|[189]
08:36:05.2 (39808564)|STATEMENT_EXECUTE|[190]
08:36:05.2 (39813792)|HEAP_ALLOCATE|[190]|Bytes:27
08:36:05.2 (39820795)|ENTERING_MANAGED_PKG|
08:36:05.2 (39823205)|USER_DEBUG|[190]|DEBUG|######## fieldToCheck: Name
08:36:05.2 (39830062)|ENTERING_MANAGED_PKG|
08:36:05.2 (40008484)|HEAP_ALLOCATE|[192]|Bytes:8
08:36:05.2 (40024071)|STATEMENT_EXECUTE|[192]
08:36:05.2 (40026062)|STATEMENT_EXECUTE|[199]
08:36:05.2 (40031840)|HEAP_ALLOCATE|[199]|Bytes:39
08:36:05.2 (40039325)|ENTERING_MANAGED_PKG|
08:36:05.2 (40041956)|USER_DEBUG|[199]|DEBUG|######## User has access to field: Name
08:36:05.2 (40054722)|HEAP_ALLOCATE|[189]|Bytes:5
08:36:05.2 (40067516)|VARIABLE_ASSIGNMENT|[189]|fieldToCheck|null
08:36:05.2 (40076744)|HEAP_ALLOCATE|[182]|Bytes:5
08:36:05.2 (40084625)|VARIABLE_ASSIGNMENT|[182]|objectName|null
08:36:05.2 (40088190)|STATEMENT_EXECUTE|[206]
08:36:05.2 (40091096)|HEAP_ALLOCATE|[206]|Bytes:5
08:36:05.2 (40103940)|METHOD_EXIT|[95]|01pB0000000ljzx|testautonumdata.Sparkle_Helper.UserHasAccessToObjectsAndFields(Map<String,Set<String>>)
08:36:05.2 (40109055)|STATEMENT_EXECUTE|[96]
08:36:05.2 (40110402)|STATEMENT_EXECUTE|[98]
08:36:05.2 (40133055)|ENTERING_MANAGED_PKG|
08:36:05.2 (40160554)|HEAP_ALLOCATE|[98]|Bytes:4
08:36:05.2 (40294561)|SOQL_EXECUTE_BEGIN|[98]|Aggregations:0|Select id, Name FROM Account limit 8
08:36:05.2 (43852622)|SOQL_EXECUTE_END|[98]|Rows:8
08:36:05.2 (43876798)|HEAP_ALLOCATE|[98]|Bytes:36
08:36:05.2 (43899295)|HEAP_ALLOCATE|[98]|Bytes:478
08:36:05.2 (43956046)|HEAP_ALLOCATE|[98]|Bytes:36
08:36:05.2 (43976466)|VARIABLE_SCOPE_BEGIN|[98]|lstQueriedRecords|List<SObject>|true|false
08:36:05.2 (44016992)|VARIABLE_ASSIGNMENT|[98]|lstQueriedRecords|{"s":1,"v":"List of size 8 too large to display"}|0x45ff4bf
08:36:05.2 (44023213)|STATEMENT_EXECUTE|[100]
08:36:05.2 (44028345)|HEAP_ALLOCATE|[100]|Bytes:28
08:36:05.2 (44048231)|ENTERING_MANAGED_PKG|
08:36:05.2 (44166314)|HEAP_ALLOCATE|[100]|Bytes:502
08:36:05.2 (44185413)|HEAP_ALLOCATE|[100]|Bytes:530
08:36:05.2 (44195526)|ENTERING_MANAGED_PKG|
08:36:05.2 (44198552)|USER_DEBUG|[100]|DEBUG|######## lstQueriedRecords: (Account:{Id=001B00000066XxFIAU, Name=GenePoint}, Account:{Id=001B00000066XxDIAU, Name=United Oil & Gas, UK}, Account:{Id=001B00000066XxEIAU, Name=United Oil & Gas, Singapore}, Account:{Id=001B00000066Xx5IAE, Name=Edge Communications}, Account:{Id=001B00000066Xx6IAE, Name=Burlington Textiles Corp of America}, Account:{Id=001B00000066Xx7IAE, Name=Pyramid Construction Inc.}, Account:{Id=001B00000066Xx8IAE, Name=Dickenson plc}, Account:{Id=001B00000066Xx9IAE, Name=Hospital Universitario San Ignacio})
08:36:05.2 (44251067)|ENTERING_MANAGED_PKG|
08:36:05.2 (44394552)|HEAP_ALLOCATE|[104]|Bytes:5
08:36:05.2 (44425028)|HEAP_ALLOCATE|[104]|Bytes:12
08:36:05.2 (44442901)|VARIABLE_SCOPE_BEGIN|[104]|e|SObject|true|false
08:36:05.2 (44463351)|VARIABLE_ASSIGNMENT|[104]|e|{"s":1,"v":{"Id":"001B00000066XxFIAU","Name":"GenePoint"}}|0x1e2f1cb7
08:36:05.2 (44467142)|STATEMENT_EXECUTE|[105]
08:36:05.2 (44468455)|STATEMENT_EXECUTE|[106]
08:36:05.2 (44472643)|HEAP_ALLOCATE|[106]|Bytes:12
08:36:05.2 (44487903)|ENTERING_MANAGED_PKG|
08:36:05.2 (44535487)|HEAP_ALLOCATE|[106]|Bytes:47
08:36:05.2 (44552301)|HEAP_ALLOCATE|[106]|Bytes:59
08:36:05.2 (44575091)|ENTERING_MANAGED_PKG|
08:36:05.2 (44578637)|USER_DEBUG|[106]|DEBUG|######## e: Account:{Id=001B00000066XxFIAU, Name=GenePoint}
08:36:05.2 (44585931)|STATEMENT_EXECUTE|[107]
08:36:05.2 (44592279)|HEAP_ALLOCATE|[107]|Bytes:28
08:36:05.2 (44609404)|CONSTRUCTOR_ENTRY|[107]|01pB0000000lc07|<init>()
08:36:05.2 (44640881)|VARIABLE_SCOPE_BEGIN|[1]|this|testautonumdata.ListServerController|true|false
08:36:05.2 (44698370)|VARIABLE_ASSIGNMENT|[1]|this|{}|0x2c55ef97
08:36:05.2 (44708711)|HEAP_ALLOCATE|[EXTERNAL]|Bytes:5
08:36:05.2 (44720547)|HEAP_ALLOCATE|[EXTERNAL]|Bytes:6
08:36:05.2 (44753752)|STATEMENT_EXECUTE|[1]
08:36:05.2 (44758967)|HEAP_ALLOCATE|[EXTERNAL]|Bytes:5
08:36:05.2 (44761603)|STATEMENT_EXECUTE|[6]
08:36:05.2 (44762962)|STATEMENT_EXECUTE|[8]
08:36:05.2 (44763893)|STATEMENT_EXECUTE|[10]
08:36:05.2 (44765075)|STATEMENT_EXECUTE|[12]
08:36:05.2 (44766052)|STATEMENT_EXECUTE|[14]
08:36:05.2 (44767010)|STATEMENT_EXECUTE|[16]
08:36:05.2 (44777048)|CONSTRUCTOR_EXIT|[107]|01pB0000000lc07|<init>()
08:36:05.2 (44781448)|VARIABLE_SCOPE_BEGIN|[107]|i|testautonumdata.ListServerController|true|false
08:36:05.2 (44802007)|VARIABLE_ASSIGNMENT|[107]|i|{}|0x2c55ef97
08:36:05.2 (44804589)|STATEMENT_EXECUTE|[110]
08:36:05.2 (44808538)|HEAP_ALLOCATE|[110]|Bytes:2
08:36:05.2 (44839771)|ENTERING_MANAGED_PKG|
08:36:05.2 (44893523)|HEAP_ALLOCATE|[110]|Bytes:4
08:36:05.2 (44912683)|ENTERING_MANAGED_PKG|
08:36:05.2 (44916700)|HEAP_ALLOCATE|[110]|Bytes:18
08:36:05.2 (44949297)|VARIABLE_ASSIGNMENT|[EXTERNAL]|this|{}|0x2c55ef97
08:36:05.2 (44955783)|VARIABLE_ASSIGNMENT|[EXTERNAL]|value|"001B00000066XxFIAU"
08:36:05.2 (44966820)|VARIABLE_ASSIGNMENT|[6]|this.recordID|"001B00000066XxFIAU"|0x2c55ef97
08:36:05.2 (44973636)|STATEMENT_EXECUTE|[112]
08:36:05.2 (44975088)|STATEMENT_EXECUTE|[113]
08:36:05.2 (44987458)|METHOD_ENTRY|[113]|01pB0000000ljzx|testautonumdata.Sparkle_Helper.GetSobjectField(SObject, String)
08:36:05.2 (45003034)|VARIABLE_SCOPE_BEGIN|[78]|e|SObject|true|false
08:36:05.2 (45016764)|VARIABLE_ASSIGNMENT|[78]|e|{"s":1,"v":{"Id":"001B00000066XxFIAU","Name":"GenePoint"}}|0x1e2f1cb7
08:36:05.2 (45019135)|VARIABLE_SCOPE_BEGIN|[78]|lcfield|String|false|false
08:36:05.2 (45032258)|VARIABLE_ASSIGNMENT|[78]|lcfield|"Id"
08:36:05.2 (45045458)|HEAP_ALLOCATE|[81]|Bytes:5
08:36:05.2 (45052249)|STATEMENT_EXECUTE|[79]
08:36:05.2 (45054472)|STATEMENT_EXECUTE|[81]
08:36:05.2 (45061059)|VARIABLE_SCOPE_BEGIN|[81]|returnValue|String|false|false
08:36:05.2 (45069251)|VARIABLE_ASSIGNMENT|[81]|returnValue|""
08:36:05.2 (45090118)|ENTERING_MANAGED_PKG|
08:36:05.2 (45139737)|STATEMENT_EXECUTE|[98]
08:36:05.2 (45150423)|ENTERING_MANAGED_PKG|
08:36:05.2 (45191490)|HEAP_ALLOCATE|[98]|Bytes:4
08:36:05.2 (45210117)|ENTERING_MANAGED_PKG|
08:36:05.2 (45214014)|HEAP_ALLOCATE|[98]|Bytes:18
08:36:05.2 (45228791)|VARIABLE_ASSIGNMENT|[98]|returnValue|"001B00000066XxFIAU"
08:36:05.2 (45232143)|STATEMENT_EXECUTE|[100]
08:36:05.2 (45240659)|METHOD_EXIT|[113]|01pB0000000ljzx|testautonumdata.Sparkle_Helper.GetSobjectField(SObject, String)
08:36:05.2 (45271943)|VARIABLE_ASSIGNMENT|[EXTERNAL]|this|{"recordID":"001B00000066XxFIAU"}|0x2c55ef97
08:36:05.2 (45277027)|VARIABLE_ASSIGNMENT|[EXTERNAL]|value|"001B00000066XxFIAU"
08:36:05.2 (45284706)|VARIABLE_ASSIGNMENT|[8]|this.eventField|"001B00000066XxFIAU"|0x2c55ef97
08:36:05.2 (45291520)|STATEMENT_EXECUTE|[116]
08:36:05.2 (45292912)|STATEMENT_EXECUTE|[117]
08:36:05.2 (45298693)|METHOD_ENTRY|[117]|01pB0000000ljzx|testautonumdata.Sparkle_Helper.GetSobjectField(SObject, String)
08:36:05.2 (45310480)|VARIABLE_SCOPE_BEGIN|[78]|e|SObject|true|false
08:36:05.2 (45332353)|VARIABLE_ASSIGNMENT|[78]|e|{"s":1,"v":{"Id":"001B00000066XxFIAU","Name":"GenePoint"}}|0x1e2f1cb7
08:36:05.2 (45336412)|VARIABLE_SCOPE_BEGIN|[78]|lcfield|String|false|false
08:36:05.2 (45342687)|VARIABLE_ASSIGNMENT|[78]|lcfield|"Name"
08:36:05.2 (45353856)|HEAP_ALLOCATE|[81]|Bytes:5
08:36:05.2 (45359626)|STATEMENT_EXECUTE|[79]
08:36:05.2 (45361522)|STATEMENT_EXECUTE|[81]
08:36:05.2 (45367033)|VARIABLE_SCOPE_BEGIN|[81]|returnValue|String|false|false
08:36:05.2 (45387206)|VARIABLE_ASSIGNMENT|[81]|returnValue|""
08:36:05.2 (45405408)|ENTERING_MANAGED_PKG|
08:36:05.2 (45415098)|STATEMENT_EXECUTE|[98]
08:36:05.2 (45422382)|ENTERING_MANAGED_PKG|
08:36:05.2 (45443232)|HEAP_ALLOCATE|[98]|Bytes:9
08:36:05.2 (45457939)|ENTERING_MANAGED_PKG|
08:36:05.2 (45460994)|HEAP_ALLOCATE|[98]|Bytes:9
08:36:05.2 (45472222)|VARIABLE_ASSIGNMENT|[98]|returnValue|"GenePoint"
08:36:05.2 (45475158)|STATEMENT_EXECUTE|[100]
08:36:05.2 (45482915)|METHOD_EXIT|[117]|01pB0000000ljzx|testautonumdata.Sparkle_Helper.GetSobjectField(SObject, String)
08:36:05.2 (45514753)|VARIABLE_ASSIGNMENT|[EXTERNAL]|this|{"eventField":"001B00000066XxFIAU","recordID":"001B00000066XxFIAU"}|0x2c55ef97
08:36:05.2 (45519669)|VARIABLE_ASSIGNMENT|[EXTERNAL]|value|"GenePoint"
08:36:05.2 (45529952)|VARIABLE_ASSIGNMENT|[10]|this.column1|"GenePoint"|0x2c55ef97
08:36:05.2 (45537040)|STATEMENT_EXECUTE|[119]
08:36:05.2 (45538909)|STATEMENT_EXECUTE|[124]
08:36:05.2 (45540520)|STATEMENT_EXECUTE|[129]
08:36:05.2 (45541575)|STATEMENT_EXECUTE|[135]
08:36:05.2 (45551870)|ENTERING_MANAGED_PKG|
08:36:05.2 (45582300)|HEAP_ALLOCATE|[EXTERNAL]|Bytes:4
08:36:05.2 (45590619)|STATEMENT_EXECUTE|[137]
08:36:05.2 (45594390)|HEAP_ALLOCATE|[137]|Bytes:12
08:36:05.2 (45607702)|ENTERING_MANAGED_PKG|
08:36:05.2 (45708887)|HEAP_ALLOCATE|[137]|Bytes:181
08:36:05.2 (45728418)|HEAP_ALLOCATE|[137]|Bytes:193
08:36:05.2 (45737767)|ENTERING_MANAGED_PKG|
08:36:05.2 (45740765)|USER_DEBUG|[137]|DEBUG|######## i: ListServerController:[column1=GenePoint, column2=null, column3=null, column4=null, eventField=001B00000066XxFIAU, mapObjectsFields={Account={Id, Name}}, recordID=001B00000066XxFIAU]
08:36:05.2 (45754378)|HEAP_ALLOCATE|[104]|Bytes:5
08:36:05.2 (45777401)|HEAP_ALLOCATE|[104]|Bytes:12
08:36:05.2 (45791859)|VARIABLE_SCOPE_BEGIN|[104]|e|SObject|true|false
08:36:05.2 (45806783)|VARIABLE_ASSIGNMENT|[104]|e|{"s":1,"v":{"Id":"001B00000066XxDIAU","Name":"United Oil & Gas, UK"}}|0x23af7257
08:36:05.2 (45810303)|STATEMENT_EXECUTE|[105]
08:36:05.2 (45811401)|STATEMENT_EXECUTE|[106]
08:36:05.2 (45823675)|ENTERING_MANAGED_PKG|
08:36:05.2 (45851110)|HEAP_ALLOCATE|[106]|Bytes:58
08:36:05.2 (45865422)|HEAP_ALLOCATE|[106]|Bytes:70
08:36:05.2 (45872533)|ENTERING_MANAGED_PKG|
08:36:05.2 (45874999)|USER_DEBUG|[106]|DEBUG|######## e: Account:{Id=001B00000066XxDIAU, Name=United Oil & Gas, UK}
08:36:05.2 (45879748)|STATEMENT_EXECUTE|[107]
08:36:05.2 (45883961)|HEAP_ALLOCATE|[107]|Bytes:28
08:36:05.2 (45893248)|CONSTRUCTOR_ENTRY|[107]|01pB0000000lc07|<init>()
08:36:05.2 (45897365)|VARIABLE_SCOPE_BEGIN|[1]|this|testautonumdata.ListServerController|true|false
08:36:05.2 (45918001)|VARIABLE_ASSIGNMENT|[1]|this|{}|0x2e37b271
08:36:05.2 (45925722)|HEAP_ALLOCATE|[EXTERNAL]|Bytes:5
08:36:05.2 (45952129)|STATEMENT_EXECUTE|[1]
08:36:05.2 (45960269)|HEAP_ALLOCATE|[EXTERNAL]|Bytes:5
08:36:05.2 (45964534)|STATEMENT_EXECUTE|[6]
08:36:05.2 (45966755)|STATEMENT_EXECUTE|[8]
08:36:05.2 (45968605)|STATEMENT_EXECUTE|[10]
08:36:05.2 (45970395)|STATEMENT_EXECUTE|[12]
08:36:05.2 (45972173)|STATEMENT_EXECUTE|[14]
08:36:05.2 (45974041)|STATEMENT_EXECUTE|[16]
08:36:05.2 (45986865)|CONSTRUCTOR_EXIT|[107]|01pB0000000lc07|<init>()
08:36:05.2 (45993106)|VARIABLE_SCOPE_BEGIN|[107]|i|testautonumdata.ListServerController|true|false
08:36:05.2 (46031626)|VARIABLE_ASSIGNMENT|[107]|i|{}|0x2e37b271
08:36:05.2 (46036575)|STATEMENT_EXECUTE|[110]
08:36:05.2 (46051031)|ENTERING_MANAGED_PKG|
08:36:05.2 (46074246)|HEAP_ALLOCATE|[110]|Bytes:4
08:36:05.2 (46089674)|ENTERING_MANAGED_PKG|
08:36:05.2 (46093190)|HEAP_ALLOCATE|[110]|Bytes:18
08:36:05.2 (46120932)|VARIABLE_ASSIGNMENT|[EXTERNAL]|this|{}|0x2e37b271
08:36:05.2 (46126813)|VARIABLE_ASSIGNMENT|[EXTERNAL]|value|"001B00000066XxDIAU"
08:36:05.2 (46133729)|VARIABLE_ASSIGNMENT|[6]|this.recordID|"001B00000066XxDIAU"|0x2e37b271
08:36:05.2 (46140310)|STATEMENT_EXECUTE|[112]
08:36:05.2 (46141483)|STATEMENT_EXECUTE|[113]
08:36:05.2 (46146998)|METHOD_ENTRY|[113]|01pB0000000ljzx|testautonumdata.Sparkle_Helper.GetSobjectField(SObject, String)
08:36:05.2 (46150732)|VARIABLE_SCOPE_BEGIN|[78]|e|SObject|true|false
08:36:05.2 (46162087)|VARIABLE_ASSIGNMENT|[78]|e|{"s":1,"v":{"Id":"001B00000066XxDIAU","Name":"United Oil & Gas, UK"}}|0x23af7257
08:36:05.2 (46164327)|VARIABLE_SCOPE_BEGIN|[78]|lcfield|String|false|false
08:36:05.2 (46167275)|VARIABLE_ASSIGNMENT|[78]|lcfield|"Id"
08:36:05.2 (46175531)|HEAP_ALLOCATE|[81]|Bytes:5
08:36:05.2 (46179433)|STATEMENT_EXECUTE|[79]
08:36:05.2 (46180636)|STATEMENT_EXECUTE|[81]
08:36:05.2 (46183832)|VARIABLE_SCOPE_BEGIN|[81]|returnValue|String|false|false
08:36:05.2 (46188000)|VARIABLE_ASSIGNMENT|[81]|returnValue|""
08:36:05.2 (46202452)|ENTERING_MANAGED_PKG|
08:36:05.2 (46211191)|STATEMENT_EXECUTE|[98]
08:36:05.2 (46218263)|ENTERING_MANAGED_PKG|
08:36:05.2 (46245064)|HEAP_ALLOCATE|[98]|Bytes:4
08:36:05.2 (46271126)|ENTERING_MANAGED_PKG|
08:36:05.2 (46276983)|HEAP_ALLOCATE|[98]|Bytes:18
08:36:05.2 (46296320)|VARIABLE_ASSIGNMENT|[98]|returnValue|"001B00000066XxDIAU"
08:36:05.2 (46301346)|STATEMENT_EXECUTE|[100]
08:36:05.2 (46313931)|METHOD_EXIT|[113]|01pB0000000ljzx|testautonumdata.Sparkle_Helper.GetSobjectField(SObject, String)
08:36:05.2 (46343520)|VARIABLE_ASSIGNMENT|[EXTERNAL]|this|{"recordID":"001B00000066XxDIAU"}|0x2e37b271
08:36:05.2 (46348086)|VARIABLE_ASSIGNMENT|[EXTERNAL]|value|"001B00000066XxDIAU"
08:36:05.2 (46354584)|VARIABLE_ASSIGNMENT|[8]|this.eventField|"001B00000066XxDIAU"|0x2e37b271
08:36:05.2 (46361107)|STATEMENT_EXECUTE|[116]
08:36:05.2 (46362409)|STATEMENT_EXECUTE|[117]
08:36:05.2 (46367262)|METHOD_ENTRY|[117]|01pB0000000ljzx|testautonumdata.Sparkle_Helper.GetSobjectField(SObject, String)
08:36:05.2 (46370734)|VARIABLE_SCOPE_BEGIN|[78]|e|SObject|true|false
08:36:05.2 (46381455)|VARIABLE_ASSIGNMENT|[78]|e|{"s":1,"v":{"Id":"001B00000066XxDIAU","Name":"United Oil & Gas, UK"}}|0x23af7257
08:36:05.2 (46383679)|VARIABLE_SCOPE_BEGIN|[78]|lcfield|String|false|false
08:36:05.2 (46386450)|VARIABLE_ASSIGNMENT|[78]|lcfield|"Name"
08:36:05.2 (46394405)|HEAP_ALLOCATE|[81]|Bytes:5
08:36:05.2 (46398091)|STATEMENT_EXECUTE|[79]
08:36:05.2 (46399261)|STATEMENT_EXECUTE|[81]
08:36:05.2 (46402409)|VARIABLE_SCOPE_BEGIN|[81]|returnValue|String|false|false
08:36:05.2 (46406401)|VARIABLE_ASSIGNMENT|[81]|returnValue|""
08:36:05.2 (46418098)|ENTERING_MANAGED_PKG|
08:36:05.2 (46426173)|STATEMENT_EXECUTE|[98]
08:36:05.2 (46432989)|ENTERING_MANAGED_PKG|
08:36:05.2 (46452784)|HEAP_ALLOCATE|[98]|Bytes:20
08:36:05.2 (46467452)|ENTERING_MANAGED_PKG|
08:36:05.2 (46470519)|HEAP_ALLOCATE|[98]|Bytes:20
08:36:05.2 (46481484)|VARIABLE_ASSIGNMENT|[98]|returnValue|"United Oil & Gas, UK"
08:36:05.2 (46484598)|STATEMENT_EXECUTE|[100]
08:36:05.2 (46492185)|METHOD_EXIT|[117]|01pB0000000ljzx|testautonumdata.Sparkle_Helper.GetSobjectField(SObject, String)
08:36:05.2 (46517679)|VARIABLE_ASSIGNMENT|[EXTERNAL]|this|{"eventField":"001B00000066XxDIAU","recordID":"001B00000066XxDIAU"}|0x2e37b271
08:36:05.2 (46522746)|VARIABLE_ASSIGNMENT|[EXTERNAL]|value|"United Oil & Gas, UK"
08:36:05.2 (46528854)|VARIABLE_ASSIGNMENT|[10]|this.column1|"United Oil & Gas, UK"|0x2e37b271
08:36:05.2 (46534967)|STATEMENT_EXECUTE|[119]
08:36:05.2 (46536554)|STATEMENT_EXECUTE|[124]
08:36:05.2 (46537684)|STATEMENT_EXECUTE|[129]
08:36:05.2 (46538617)|STATEMENT_EXECUTE|[135]
08:36:05.2 (46543689)|ENTERING_MANAGED_PKG|
08:36:05.2 (46552160)|HEAP_ALLOCATE|[EXTERNAL]|Bytes:4
08:36:05.2 (46557586)|STATEMENT_EXECUTE|[137]
08:36:05.2 (46568389)|ENTERING_MANAGED_PKG|
08:36:05.2 (46629183)|HEAP_ALLOCATE|[137]|Bytes:192
08:36:05.2 (46652605)|HEAP_ALLOCATE|[137]|Bytes:204
08:36:05.2 (46665026)|ENTERING_MANAGED_PKG|
08:36:05.2 (46668541)|USER_DEBUG|[137]|DEBUG|######## i: ListServerController:[column1=United Oil & Gas, UK, column2=null, column3=null, column4=null, eventField=001B00000066XxDIAU, mapObjectsFields={Account={Id, Name}}, recordID=001B00000066XxDIAU]
08:36:05.2 (46682967)|HEAP_ALLOCATE|[104]|Bytes:5
08:36:05.2 (46711097)|HEAP_ALLOCATE|[104]|Bytes:12
08:36:05.2 (46725834)|VARIABLE_SCOPE_BEGIN|[104]|e|SObject|true|false
08:36:05.2 (46742093)|VARIABLE_ASSIGNMENT|[104]|e|{"s":1,"v":{"Id":"001B00000066XxEIAU","Name":"United Oil & Gas, Si (7 more) ..."}}|0x122d0c63
08:36:05.2 (46745807)|STATEMENT_EXECUTE|[105]
08:36:05.2 (46746831)|STATEMENT_EXECUTE|[106]
08:36:05.2 (46759857)|ENTERING_MANAGED_PKG|
08:36:05.2 (46786422)|HEAP_ALLOCATE|[106]|Bytes:65
08:36:05.2 (46801025)|HEAP_ALLOCATE|[106]|Bytes:77
08:36:05.2 (46808031)|ENTERING_MANAGED_PKG|
08:36:05.2 (46810545)|USER_DEBUG|[106]|DEBUG|######## e: Account:{Id=001B00000066XxEIAU, Name=United Oil & Gas, Singapore}
08:36:05.2 (46815342)|STATEMENT_EXECUTE|[107]
08:36:05.2 (46819611)|HEAP_ALLOCATE|[107]|Bytes:28
08:36:05.2 (46828627)|CONSTRUCTOR_ENTRY|[107]|01pB0000000lc07|<init>()
08:36:05.2 (46832667)|VARIABLE_SCOPE_BEGIN|[1]|this|testautonumdata.ListServerController|true|false
08:36:05.2 (46853342)|VARIABLE_ASSIGNMENT|[1]|this|{}|0x1350d2b6
08:36:05.2 (46861391)|HEAP_ALLOCATE|[EXTERNAL]|Bytes:5
08:36:05.2 (46876343)|STATEMENT_EXECUTE|[1]
08:36:05.2 (46880100)|HEAP_ALLOCATE|[EXTERNAL]|Bytes:5
08:36:05.2 (46882252)|STATEMENT_EXECUTE|[6]
08:36:05.2 (46883466)|STATEMENT_EXECUTE|[8]
08:36:05.2 (46884416)|STATEMENT_EXECUTE|[10]
08:36:05.2 (46885352)|STATEMENT_EXECUTE|[12]
08:36:05.2 (46886306)|STATEMENT_EXECUTE|[14]
08:36:05.2 (46887213)|STATEMENT_EXECUTE|[16]
08:36:05.2 (46895671)|CONSTRUCTOR_EXIT|[107]|01pB0000000lc07|<init>()
08:36:05.2 (46899577)|VARIABLE_SCOPE_BEGIN|[107]|i|testautonumdata.ListServerController|true|false
08:36:05.2 (46931555)|VARIABLE_ASSIGNMENT|[107]|i|{}|0x1350d2b6
08:36:05.2 (46936363)|STATEMENT_EXECUTE|[110]
08:36:05.2 (46954269)|ENTERING_MANAGED_PKG|
08:36:05.2 (46984588)|HEAP_ALLOCATE|[110]|Bytes:4
08:36:05.2 (47003483)|ENTERING_MANAGED_PKG|
08:36:05.2 (47007995)|HEAP_ALLOCATE|[110]|Bytes:18
08:36:05.2 (47035867)|VARIABLE_ASSIGNMENT|[EXTERNAL]|this|{}|0x1350d2b6
08:36:05.2 (47041546)|VARIABLE_ASSIGNMENT|[EXTERNAL]|value|"001B00000066XxEIAU"
08:36:05.2 (47048312)|VARIABLE_ASSIGNMENT|[6]|this.recordID|"001B00000066XxEIAU"|0x1350d2b6
08:36:05.2 (47055011)|STATEMENT_EXECUTE|[112]
08:36:05.2 (47056390)|STATEMENT_EXECUTE|[113]
08:36:05.2 (47061767)|METHOD_ENTRY|[113]|01pB0000000ljzx|testautonumdata.Sparkle_Helper.GetSobjectField(SObject, String)
08:36:05.2 (47065203)|VARIABLE_SCOPE_BEGIN|[78]|e|SObject|true|false
08:36:05.2 (47077059)|VARIABLE_ASSIGNMENT|[78]|e|{"s":1,"v":{"Id":"001B00000066XxEIAU","Name":"United Oil & Gas, Si (7 more) ..."}}|0x122d0c63
08:36:05.2 (47079210)|VARIABLE_SCOPE_BEGIN|[78]|lcfield|String|false|false
08:36:05.2 (47082115)|VARIABLE_ASSIGNMENT|[78]|lcfield|"Id"
08:36:05.2 (47090317)|HEAP_ALLOCATE|[81]|Bytes:5
08:36:05.2 (47093849)|STATEMENT_EXECUTE|[79]
08:36:05.2 (47095038)|STATEMENT_EXECUTE|[81]
08:36:05.2 (47098284)|VARIABLE_SCOPE_BEGIN|[81]|returnValue|String|false|false
08:36:05.2 (47102300)|VARIABLE_ASSIGNMENT|[81]|returnValue|""
08:36:05.2 (47113606)|ENTERING_MANAGED_PKG|
08:36:05.2 (47121650)|STATEMENT_EXECUTE|[98]
08:36:05.2 (47128399)|ENTERING_MANAGED_PKG|
08:36:05.2 (47147151)|HEAP_ALLOCATE|[98]|Bytes:4
08:36:05.2 (47161413)|ENTERING_MANAGED_PKG|
08:36:05.2 (47164609)|HEAP_ALLOCATE|[98]|Bytes:18
08:36:05.2 (47175691)|VARIABLE_ASSIGNMENT|[98]|returnValue|"001B00000066XxEIAU"
08:36:05.2 (47178509)|STATEMENT_EXECUTE|[100]
08:36:05.2 (47186082)|METHOD_EXIT|[113]|01pB0000000ljzx|testautonumdata.Sparkle_Helper.GetSobjectField(SObject, String)
08:36:05.2 (47224603)|VARIABLE_ASSIGNMENT|[EXTERNAL]|this|{"recordID":"001B00000066XxEIAU"}|0x1350d2b6
08:36:05.2 (47232809)|VARIABLE_ASSIGNMENT|[EXTERNAL]|value|"001B00000066XxEIAU"
08:36:05.2 (47242799)|VARIABLE_ASSIGNMENT|[8]|this.eventField|"001B00000066XxEIAU"|0x1350d2b6
08:36:05.2 (47253165)|STATEMENT_EXECUTE|[116]
08:36:05.2 (47255605)|STATEMENT_EXECUTE|[117]
08:36:05.2 (47263762)|METHOD_ENTRY|[117]|01pB0000000ljzx|testautonumdata.Sparkle_Helper.GetSobjectField(SObject, String)
08:36:05.2 (47270433)|VARIABLE_SCOPE_BEGIN|[78]|e|SObject|true|false
08:36:05.2 (47286126)|VARIABLE_ASSIGNMENT|[78]|e|{"s":1,"v":{"Id":"001B00000066XxEIAU","Name":"United Oil & Gas, Si (7 more) ..."}}|0x122d0c63
08:36:05.2 (47288759)|VARIABLE_SCOPE_BEGIN|[78]|lcfield|String|false|false
08:36:05.2 (47291796)|VARIABLE_ASSIGNMENT|[78]|lcfield|"Name"
08:36:05.2 (47300188)|HEAP_ALLOCATE|[81]|Bytes:5
08:36:05.2 (47304211)|STATEMENT_EXECUTE|[79]
08:36:05.2 (47305323)|STATEMENT_EXECUTE|[81]
08:36:05.2 (47308750)|VARIABLE_SCOPE_BEGIN|[81]|returnValue|String|false|false
08:36:05.2 (47312970)|VARIABLE_ASSIGNMENT|[81]|returnValue|""
08:36:05.2 (47325091)|ENTERING_MANAGED_PKG|
08:36:05.2 (47333186)|STATEMENT_EXECUTE|[98]
08:36:05.2 (47339746)|ENTERING_MANAGED_PKG|
08:36:05.2 (47359360)|HEAP_ALLOCATE|[98]|Bytes:27
08:36:05.2 (47373621)|ENTERING_MANAGED_PKG|
08:36:05.2 (47376658)|HEAP_ALLOCATE|[98]|Bytes:27
08:36:05.2 (47388376)|VARIABLE_ASSIGNMENT|[98]|returnValue|"United Oil & Gas, Si (7 more) ..."
08:36:05.2 (47391354)|STATEMENT_EXECUTE|[100]
08:36:05.2 (47398612)|METHOD_EXIT|[117]|01pB0000000ljzx|testautonumdata.Sparkle_Helper.GetSobjectField(SObject, String)
08:36:05.2 (47424456)|VARIABLE_ASSIGNMENT|[EXTERNAL]|this|{"eventField":"001B00000066XxEIAU","recordID":"001B00000066XxEIAU"}|0x1350d2b6
08:36:05.2 (47429872)|VARIABLE_ASSIGNMENT|[EXTERNAL]|value|"United Oil & Gas, Si (7 more) ..."
08:36:05.2 (47436629)|VARIABLE_ASSIGNMENT|[10]|this.column1|"United Oil & Gas, Si (7 more) ..."|0x1350d2b6
08:36:05.2 (47442726)|STATEMENT_EXECUTE|[119]
08:36:05.2 (47444302)|STATEMENT_EXECUTE|[124]
08:36:05.2 (47445429)|STATEMENT_EXECUTE|[129]
08:36:05.2 (47446578)|STATEMENT_EXECUTE|[135]
08:36:05.2 (47451822)|ENTERING_MANAGED_PKG|
08:36:05.2 (47460398)|HEAP_ALLOCATE|[EXTERNAL]|Bytes:4
08:36:05.2 (47465717)|STATEMENT_EXECUTE|[137]
08:36:05.2 (47476578)|ENTERING_MANAGED_PKG|
08:36:05.2 (47527246)|HEAP_ALLOCATE|[137]|Bytes:199
08:36:05.2 (47549175)|HEAP_ALLOCATE|[137]|Bytes:211
08:36:05.2 (47561133)|ENTERING_MANAGED_PKG|
08:36:05.2 (47566011)|USER_DEBUG|[137]|DEBUG|######## i: ListServerController:[column1=United Oil & Gas, Singapore, column2=null, column3=null, column4=null, eventField=001B00000066XxEIAU, mapObjectsFields={Account={Id, Name}}, recordID=001B00000066XxEIAU]
08:36:05.2 (47584104)|HEAP_ALLOCATE|[104]|Bytes:5
08:36:05.2 (47608237)|HEAP_ALLOCATE|[104]|Bytes:12
08:36:05.2 (47622495)|VARIABLE_SCOPE_BEGIN|[104]|e|SObject|true|false
08:36:05.2 (47636359)|VARIABLE_ASSIGNMENT|[104]|e|{"s":1,"v":{"Id":"001B00000066Xx5IAE","Name":"Edge Communications"}}|0x66e47af2
08:36:05.2 (47639639)|STATEMENT_EXECUTE|[105]
08:36:05.2 (47640699)|STATEMENT_EXECUTE|[106]
08:36:05.2 (47653420)|ENTERING_MANAGED_PKG|
08:36:05.2 (47679859)|HEAP_ALLOCATE|[106]|Bytes:57
08:36:05.2 (47698961)|HEAP_ALLOCATE|[106]|Bytes:69
08:36:05.2 (47706135)|ENTERING_MANAGED_PKG|
08:36:05.2 (47708813)|USER_DEBUG|[106]|DEBUG|######## e: Account:{Id=001B00000066Xx5IAE, Name=Edge Communications}
08:36:05.2 (47713420)|STATEMENT_EXECUTE|[107]
08:36:05.2 (47717607)|HEAP_ALLOCATE|[107]|Bytes:28
08:36:05.2 (47726735)|CONSTRUCTOR_ENTRY|[107]|01pB0000000lc07|<init>()
08:36:05.2 (47730772)|VARIABLE_SCOPE_BEGIN|[1]|this|testautonumdata.ListServerController|true|false
08:36:05.2 (47751190)|VARIABLE_ASSIGNMENT|[1]|this|{}|0x107abe1c
08:36:05.2 (47758776)|HEAP_ALLOCATE|[EXTERNAL]|Bytes:5
08:36:05.2 (47773192)|STATEMENT_EXECUTE|[1]
08:36:05.2 (47776819)|HEAP_ALLOCATE|[EXTERNAL]|Bytes:5
08:36:05.2 (47778939)|STATEMENT_EXECUTE|[6]
08:36:05.2 (47780104)|STATEMENT_EXECUTE|[8]
08:36:05.2 (47780978)|STATEMENT_EXECUTE|[10]
08:36:05.2 (47781901)|STATEMENT_EXECUTE|[12]
08:36:05.2 (47782788)|STATEMENT_EXECUTE|[14]
08:36:05.2 (47783667)|STATEMENT_EXECUTE|[16]
08:36:05.2 (47791863)|CONSTRUCTOR_EXIT|[107]|01pB0000000lc07|<init>()
08:36:05.2 (47795754)|VARIABLE_SCOPE_BEGIN|[107]|i|testautonumdata.ListServerController|true|false
08:36:05.2 (47813109)|VARIABLE_ASSIGNMENT|[107]|i|{}|0x107abe1c
08:36:05.2 (47815545)|STATEMENT_EXECUTE|[110]
08:36:05.2 (47827584)|ENTERING_MANAGED_PKG|
08:36:05.2 (47864974)|HEAP_ALLOCATE|[110]|Bytes:4
08:36:05.2 (47891508)|ENTERING_MANAGED_PKG|
08:36:05.2 (47897861)|HEAP_ALLOCATE|[110]|Bytes:18
08:36:05.2 (47934086)|VARIABLE_ASSIGNMENT|[EXTERNAL]|this|{}|0x107abe1c
08:36:05.2 (47940069)|VARIABLE_ASSIGNMENT|[EXTERNAL]|value|"001B00000066Xx5IAE"
08:36:05.2 (47946757)|VARIABLE_ASSIGNMENT|[6]|this.recordID|"001B00000066Xx5IAE"|0x107abe1c
08:36:05.2 (47952846)|STATEMENT_EXECUTE|[112]
08:36:05.2 (47954127)|STATEMENT_EXECUTE|[113]
08:36:05.2 (47959449)|METHOD_ENTRY|[113]|01pB0000000ljzx|testautonumdata.Sparkle_Helper.GetSobjectField(SObject, String)
08:36:05.2 (47962758)|VARIABLE_SCOPE_BEGIN|[78]|e|SObject|true|false
08:36:05.2 (47973296)|VARIABLE_ASSIGNMENT|[78]|e|{"s":1,"v":{"Id":"001B00000066Xx5IAE","Name":"Edge Communications"}}|0x66e47af2
08:36:05.2 (47975489)|VARIABLE_SCOPE_BEGIN|[78]|lcfield|String|false|false
08:36:05.2 (47978258)|VARIABLE_ASSIGNMENT|[78]|lcfield|"Id"
08:36:05.2 (47986743)|HEAP_ALLOCATE|[81]|Bytes:5
08:36:05.2 (47990505)|STATEMENT_EXECUTE|[79]
08:36:05.2 (47991715)|STATEMENT_EXECUTE|[81]
08:36:05.2 (47994800)|VARIABLE_SCOPE_BEGIN|[81]|returnValue|String|false|false
08:36:05.2 (47999041)|VARIABLE_ASSIGNMENT|[81]|returnValue|""
08:36:05.2 (48010212)|ENTERING_MANAGED_PKG|
08:36:05.2 (48019355)|STATEMENT_EXECUTE|[98]
08:36:05.2 (48026094)|ENTERING_MANAGED_PKG|
08:36:05.2 (48045431)|HEAP_ALLOCATE|[98]|Bytes:4
08:36:05.2 (48059957)|ENTERING_MANAGED_PKG|
08:36:05.2 (48063298)|HEAP_ALLOCATE|[98]|Bytes:18
08:36:05.2 (48074360)|VARIABLE_ASSIGNMENT|[98]|returnValue|"001B00000066Xx5IAE"
08:36:05.2 (48077192)|STATEMENT_EXECUTE|[100]
08:36:05.2 (48084421)|METHOD_EXIT|[113]|01pB0000000ljzx|testautonumdata.Sparkle_Helper.GetSobjectField(SObject, String)
08:36:05.2 (48109177)|VARIABLE_ASSIGNMENT|[EXTERNAL]|this|{"recordID":"001B00000066Xx5IAE"}|0x107abe1c
08:36:05.2 (48113405)|VARIABLE_ASSIGNMENT|[EXTERNAL]|value|"001B00000066Xx5IAE"
08:36:05.2 (48130245)|VARIABLE_ASSIGNMENT|[8]|this.eventField|"001B00000066Xx5IAE"|0x107abe1c
08:36:05.2 (48141220)|STATEMENT_EXECUTE|[116]
08:36:05.2 (48143993)|STATEMENT_EXECUTE|[117]
08:36:05.2 (48152278)|METHOD_ENTRY|[117]|01pB0000000ljzx|testautonumdata.Sparkle_Helper.GetSobjectField(SObject, String)
08:36:05.2 (48157563)|VARIABLE_SCOPE_BEGIN|[78]|e|SObject|true|false
08:36:05.2 (48173137)|VARIABLE_ASSIGNMENT|[78]|e|{"s":1,"v":{"Id":"001B00000066Xx5IAE","Name":"Edge Communications"}}|0x66e47af2
08:36:05.2 (48177304)|VARIABLE_SCOPE_BEGIN|[78]|lcfield|String|false|false
08:36:05.2 (48182978)|VARIABLE_ASSIGNMENT|[78]|lcfield|"Name"
08:36:05.2 (48193900)|HEAP_ALLOCATE|[81]|Bytes:5
08:36:05.2 (48201088)|STATEMENT_EXECUTE|[79]
08:36:05.2 (48202353)|STATEMENT_EXECUTE|[81]
08:36:05.2 (48206267)|VARIABLE_SCOPE_BEGIN|[81]|returnValue|String|false|false
08:36:05.2 (48210927)|VARIABLE_ASSIGNMENT|[81]|returnValue|""
08:36:05.2 (48223240)|ENTERING_MANAGED_PKG|
08:36:05.2 (48231455)|STATEMENT_EXECUTE|[98]
08:36:05.2 (48238179)|ENTERING_MANAGED_PKG|
08:36:05.2 (48257967)|HEAP_ALLOCATE|[98]|Bytes:19
08:36:05.2 (48272647)|ENTERING_MANAGED_PKG|
08:36:05.2 (48275689)|HEAP_ALLOCATE|[98]|Bytes:19
08:36:05.2 (48286418)|VARIABLE_ASSIGNMENT|[98]|returnValue|"Edge Communications"
08:36:05.2 (48289326)|STATEMENT_EXECUTE|[100]
08:36:05.2 (48296763)|METHOD_EXIT|[117]|01pB0000000ljzx|testautonumdata.Sparkle_Helper.GetSobjectField(SObject, String)
08:36:05.2 (48322681)|VARIABLE_ASSIGNMENT|[EXTERNAL]|this|{"eventField":"001B00000066Xx5IAE","recordID":"001B00000066Xx5IAE"}|0x107abe1c
08:36:05.2 (48327225)|VARIABLE_ASSIGNMENT|[EXTERNAL]|value|"Edge Communications"
08:36:05.2 (48333128)|VARIABLE_ASSIGNMENT|[10]|this.column1|"Edge Communications"|0x107abe1c
08:36:05.2 (48339231)|STATEMENT_EXECUTE|[119]
08:36:05.2 (48340834)|STATEMENT_EXECUTE|[124]
08:36:05.2 (48341967)|STATEMENT_EXECUTE|[129]
08:36:05.2 (48342891)|STATEMENT_EXECUTE|[135]
08:36:05.2 (48347869)|ENTERING_MANAGED_PKG|
08:36:05.2 (48356239)|HEAP_ALLOCATE|[EXTERNAL]|Bytes:4
08:36:05.2 (48361653)|STATEMENT_EXECUTE|[137]
08:36:05.2 (48372549)|ENTERING_MANAGED_PKG|
08:36:05.2 (48407434)|HEAP_ALLOCATE|[137]|Bytes:191
08:36:05.2 (48435894)|HEAP_ALLOCATE|[137]|Bytes:203
08:36:05.2 (48448076)|ENTERING_MANAGED_PKG|
08:36:05.2 (48452303)|USER_DEBUG|[137]|DEBUG|######## i: ListServerController:[column1=Edge Communications, column2=null, column3=null, column4=null, eventField=001B00000066Xx5IAE, mapObjectsFields={Account={Id, Name}}, recordID=001B00000066Xx5IAE]
08:36:05.2 (48471535)|HEAP_ALLOCATE|[104]|Bytes:5
08:36:05.2 (48503400)|HEAP_ALLOCATE|[104]|Bytes:12
08:36:05.2 (48519960)|VARIABLE_SCOPE_BEGIN|[104]|e|SObject|true|false
08:36:05.2 (48535389)|VARIABLE_ASSIGNMENT|[104]|e|{"s":1,"v":{"Id":"001B00000066Xx6IAE","Name":"Burlington Textiles  (15 more) ..."}}|0x48083d
08:36:05.2 (48538878)|STATEMENT_EXECUTE|[105]
08:36:05.2 (48539955)|STATEMENT_EXECUTE|[106]
08:36:05.2 (48552547)|ENTERING_MANAGED_PKG|
08:36:05.2 (48579093)|HEAP_ALLOCATE|[106]|Bytes:73
08:36:05.2 (48593171)|HEAP_ALLOCATE|[106]|Bytes:85
08:36:05.2 (48600015)|ENTERING_MANAGED_PKG|
08:36:05.2 (48602569)|USER_DEBUG|[106]|DEBUG|######## e: Account:{Id=001B00000066Xx6IAE, Name=Burlington Textiles Corp of America}
08:36:05.2 (48607395)|STATEMENT_EXECUTE|[107]
08:36:05.2 (48611760)|HEAP_ALLOCATE|[107]|Bytes:28
08:36:05.2 (48623734)|CONSTRUCTOR_ENTRY|[107]|01pB0000000lc07|<init>()
08:36:05.2 (48627890)|VARIABLE_SCOPE_BEGIN|[1]|this|testautonumdata.ListServerController|true|false
08:36:05.2 (48648888)|VARIABLE_ASSIGNMENT|[1]|this|{}|0x67bce1c1
08:36:05.2 (48656451)|HEAP_ALLOCATE|[EXTERNAL]|Bytes:5
08:36:05.2 (48671084)|STATEMENT_EXECUTE|[1]
08:36:05.2 (48674807)|HEAP_ALLOCATE|[EXTERNAL]|Bytes:5
08:36:05.2 (48676844)|STATEMENT_EXECUTE|[6]
08:36:05.2 (48678035)|STATEMENT_EXECUTE|[8]
08:36:05.2 (48678938)|STATEMENT_EXECUTE|[10]
08:36:05.2 (48679879)|STATEMENT_EXECUTE|[12]
08:36:05.2 (48680750)|STATEMENT_EXECUTE|[14]
08:36:05.2 (48681657)|STATEMENT_EXECUTE|[16]
08:36:05.2 (48693927)|CONSTRUCTOR_EXIT|[107]|01pB0000000lc07|<init>()
08:36:05.2 (48698062)|VARIABLE_SCOPE_BEGIN|[107]|i|testautonumdata.ListServerController|true|false
08:36:05.2 (48715929)|VARIABLE_ASSIGNMENT|[107]|i|{}|0x67bce1c1
08:36:05.2 (48718326)|STATEMENT_EXECUTE|[110]
08:36:05.2 (48730838)|ENTERING_MANAGED_PKG|
08:36:05.2 (48752443)|HEAP_ALLOCATE|[110]|Bytes:4
08:36:05.2 (48785134)|ENTERING_MANAGED_PKG|
08:36:05.2 (48791301)|HEAP_ALLOCATE|[110]|Bytes:18
08:36:05.2 (48834054)|VARIABLE_ASSIGNMENT|[EXTERNAL]|this|{}|0x67bce1c1
08:36:05.2 (48841091)|VARIABLE_ASSIGNMENT|[EXTERNAL]|value|"001B00000066Xx6IAE"
08:36:05.2 (48849202)|VARIABLE_ASSIGNMENT|[6]|this.recordID|"001B00000066Xx6IAE"|0x67bce1c1
08:36:05.2 (48856262)|STATEMENT_EXECUTE|[112]
08:36:05.2 (48857581)|STATEMENT_EXECUTE|[113]
08:36:05.2 (48863168)|METHOD_ENTRY|[113]|01pB0000000ljzx|testautonumdata.Sparkle_Helper.GetSobjectField(SObject, String)
08:36:05.2 (48866678)|VARIABLE_SCOPE_BEGIN|[78]|e|SObject|true|false
08:36:05.2 (48878368)|VARIABLE_ASSIGNMENT|[78]|e|{"s":1,"v":{"Id":"001B00000066Xx6IAE","Name":"Burlington Textiles  (15 more) ..."}}|0x48083d
08:36:05.2 (48880835)|VARIABLE_SCOPE_BEGIN|[78]|lcfield|String|false|false
08:36:05.2 (48883681)|VARIABLE_ASSIGNMENT|[78]|lcfield|"Id"
08:36:05.2 (48891820)|HEAP_ALLOCATE|[81]|Bytes:5
08:36:05.2 (48895723)|STATEMENT_EXECUTE|[79]
08:36:05.2 (48896861)|STATEMENT_EXECUTE|[81]
08:36:05.2 (48900167)|VARIABLE_SCOPE_BEGIN|[81]|returnValue|String|false|false
08:36:05.2 (48904302)|VARIABLE_ASSIGNMENT|[81]|returnValue|""
08:36:05.2 (48915790)|ENTERING_MANAGED_PKG|
08:36:05.2 (48926777)|STATEMENT_EXECUTE|[98]
08:36:05.2 (48933974)|ENTERING_MANAGED_PKG|
08:36:05.2 (48953160)|HEAP_ALLOCATE|[98]|Bytes:4
08:36:05.2 (48967387)|ENTERING_MANAGED_PKG|
08:36:05.2 (48970892)|HEAP_ALLOCATE|[98]|Bytes:18
08:36:05.2 (48981784)|VARIABLE_ASSIGNMENT|[98]|returnValue|"001B00000066Xx6IAE"
08:36:05.2 (48984546)|STATEMENT_EXECUTE|[100]
08:36:05.2 (48991732)|METHOD_EXIT|[113]|01pB0000000ljzx|testautonumdata.Sparkle_Helper.GetSobjectField(SObject, String)
08:36:05.2 (49016102)|VARIABLE_ASSIGNMENT|[EXTERNAL]|this|{"recordID":"001B00000066Xx6IAE"}|0x67bce1c1
08:36:05.2 (49021671)|VARIABLE_ASSIGNMENT|[EXTERNAL]|value|"001B00000066Xx6IAE"
08:36:05.2 (49027706)|VARIABLE_ASSIGNMENT|[8]|this.eventField|"001B00000066Xx6IAE"|0x67bce1c1
08:36:05.2 (49033871)|STATEMENT_EXECUTE|[116]
08:36:05.2 (49035097)|STATEMENT_EXECUTE|[117]
08:36:05.2 (49039486)|METHOD_ENTRY|[117]|01pB0000000ljzx|testautonumdata.Sparkle_Helper.GetSobjectField(SObject, String)
08:36:05.2 (49042885)|VARIABLE_SCOPE_BEGIN|[78]|e|SObject|true|false
08:36:05.2 (49053706)|VARIABLE_ASSIGNMENT|[78]|e|{"s":1,"v":{"Id":"001B00000066Xx6IAE","Name":"Burlington Textiles  (15 more) ..."}}|0x48083d
08:36:05.2 (49055766)|VARIABLE_SCOPE_BEGIN|[78]|lcfield|String|false|false
08:36:05.2 (49058752)|VARIABLE_ASSIGNMENT|[78]|lcfield|"Name"
08:36:05.2 (49066310)|HEAP_ALLOCATE|[81]|Bytes:5
08:36:05.2 (49069819)|STATEMENT_EXECUTE|[79]
08:36:05.2 (49070938)|STATEMENT_EXECUTE|[81]
08:36:05.2 (49074253)|VARIABLE_SCOPE_BEGIN|[81]|returnValue|String|false|false
08:36:05.2 (49078207)|VARIABLE_ASSIGNMENT|[81]|returnValue|""
08:36:05.2 (49100380)|ENTERING_MANAGED_PKG|
08:36:05.2 (49116503)|STATEMENT_EXECUTE|[98]
08:36:05.2 (49128729)|ENTERING_MANAGED_PKG|
08:36:05.2 (49155697)|HEAP_ALLOCATE|[98]|Bytes:35
08:36:05.2 (49177596)|ENTERING_MANAGED_PKG|
08:36:05.2 (49181621)|HEAP_ALLOCATE|[98]|Bytes:35
08:36:05.2 (49194827)|VARIABLE_ASSIGNMENT|[98]|returnValue|"Burlington Textiles  (15 more) ..."
08:36:05.2 (49198068)|STATEMENT_EXECUTE|[100]
08:36:05.2 (49205751)|METHOD_EXIT|[117]|01pB0000000ljzx|testautonumdata.Sparkle_Helper.GetSobjectField(SObject, String)
08:36:05.2 (49231818)|VARIABLE_ASSIGNMENT|[EXTERNAL]|this|{"eventField":"001B00000066Xx6IAE","recordID":"001B00000066Xx6IAE"}|0x67bce1c1
08:36:05.2 (49237147)|VARIABLE_ASSIGNMENT|[EXTERNAL]|value|"Burlington Textiles  (15 more) ..."
08:36:05.2 (49243986)|VARIABLE_ASSIGNMENT|[10]|this.column1|"Burlington Textiles  (15 more) ..."|0x67bce1c1
08:36:05.2 (49250248)|STATEMENT_EXECUTE|[119]
08:36:05.2 (49251852)|STATEMENT_EXECUTE|[124]
08:36:05.2 (49253184)|STATEMENT_EXECUTE|[129]
08:36:05.2 (49254113)|STATEMENT_EXECUTE|[135]
08:36:05.2 (49259116)|ENTERING_MANAGED_PKG|
08:36:05.2 (49267531)|HEAP_ALLOCATE|[EXTERNAL]|Bytes:4
08:36:05.2 (49272840)|STATEMENT_EXECUTE|[137]
08:36:05.2 (49283808)|ENTERING_MANAGED_PKG|
08:36:05.2 (49319147)|HEAP_ALLOCATE|[137]|Bytes:207
08:36:05.2 (49334079)|HEAP_ALLOCATE|[137]|Bytes:219
08:36:05.2 (49340837)|ENTERING_MANAGED_PKG|
08:36:05.2 (49343537)|USER_DEBUG|[137]|DEBUG|######## i: ListServerController:[column1=Burlington Textiles Corp of America, column2=null, column3=null, column4=null, eventField=001B00000066Xx6IAE, mapObjectsFields={Account={Id, Name}}, recordID=001B00000066Xx6IAE]
08:36:05.2 (49355974)|HEAP_ALLOCATE|[104]|Bytes:5
08:36:05.2 (49394742)|HEAP_ALLOCATE|[104]|Bytes:12
08:36:05.2 (49416177)|VARIABLE_SCOPE_BEGIN|[104]|e|SObject|true|false
08:36:05.2 (49437994)|VARIABLE_ASSIGNMENT|[104]|e|{"s":1,"v":{"Id":"001B00000066Xx7IAE","Name":"Pyramid Construction (5 more) ..."}}|0x58adefa9
08:36:05.2 (49442643)|STATEMENT_EXECUTE|[105]
08:36:05.2 (49443998)|STATEMENT_EXECUTE|[106]
08:36:05.2 (49457876)|ENTERING_MANAGED_PKG|
08:36:05.2 (49485098)|HEAP_ALLOCATE|[106]|Bytes:63
08:36:05.2 (49499488)|HEAP_ALLOCATE|[106]|Bytes:75
08:36:05.2 (49506109)|ENTERING_MANAGED_PKG|
08:36:05.2 (49508715)|USER_DEBUG|[106]|DEBUG|######## e: Account:{Id=001B00000066Xx7IAE, Name=Pyramid Construction Inc.}
08:36:05.2 (49513527)|STATEMENT_EXECUTE|[107]
08:36:05.2 (49517824)|HEAP_ALLOCATE|[107]|Bytes:28
08:36:05.2 (49526833)|CONSTRUCTOR_ENTRY|[107]|01pB0000000lc07|<init>()
08:36:05.2 (49530697)|VARIABLE_SCOPE_BEGIN|[1]|this|testautonumdata.ListServerController|true|false
08:36:05.2 (49550885)|VARIABLE_ASSIGNMENT|[1]|this|{}|0x748b737d
08:36:05.2 (49558322)|HEAP_ALLOCATE|[EXTERNAL]|Bytes:5
08:36:05.2 (49573083)|STATEMENT_EXECUTE|[1]
08:36:05.2 (49576768)|HEAP_ALLOCATE|[EXTERNAL]|Bytes:5
08:36:05.2 (49578861)|STATEMENT_EXECUTE|[6]
08:36:05.2 (49580086)|STATEMENT_EXECUTE|[8]
08:36:05.2 (49581028)|STATEMENT_EXECUTE|[10]
08:36:05.2 (49581978)|STATEMENT_EXECUTE|[12]
08:36:05.2 (49582878)|STATEMENT_EXECUTE|[14]
08:36:05.2 (49583962)|STATEMENT_EXECUTE|[16]
08:36:05.2 (49592109)|CONSTRUCTOR_EXIT|[107]|01pB0000000lc07|<init>()
08:36:05.2 (49596037)|VARIABLE_SCOPE_BEGIN|[107]|i|testautonumdata.ListServerController|true|false
08:36:05.2 (49613315)|VARIABLE_ASSIGNMENT|[107]|i|{}|0x748b737d
08:36:05.2 (49615704)|STATEMENT_EXECUTE|[110]
08:36:05.2 (49627660)|ENTERING_MANAGED_PKG|
08:36:05.2 (49648862)|HEAP_ALLOCATE|[110]|Bytes:4
08:36:05.2 (49664024)|ENTERING_MANAGED_PKG|
08:36:05.2 (49667400)|HEAP_ALLOCATE|[110]|Bytes:18
08:36:05.2 (49708153)|VARIABLE_ASSIGNMENT|[EXTERNAL]|this|{}|0x748b737d
08:36:05.2 (49717570)|VARIABLE_ASSIGNMENT|[EXTERNAL]|value|"001B00000066Xx7IAE"
08:36:05.2 (49729051)|VARIABLE_ASSIGNMENT|[6]|this.recordID|"001B00000066Xx7IAE"|0x748b737d
08:36:05.2 (49738600)|STATEMENT_EXECUTE|[112]
08:36:05.2 (49740798)|STATEMENT_EXECUTE|[113]
08:36:05.2 (49749556)|METHOD_ENTRY|[113]|01pB0000000ljzx|testautonumdata.Sparkle_Helper.GetSobjectField(SObject, String)
08:36:05.2 (49755623)|VARIABLE_SCOPE_BEGIN|[78]|e|SObject|true|false
08:36:05.2 (49773675)|VARIABLE_ASSIGNMENT|[78]|e|{"s":1,"v":{"Id":"001B00000066Xx7IAE","Name":"Pyramid Construction (5 more) ..."}}|0x58adefa9
08:36:05.2 (49777505)|VARIABLE_SCOPE_BEGIN|[78]|lcfield|String|false|false
08:36:05.2 (49781324)|VARIABLE_ASSIGNMENT|[78]|lcfield|"Id"
08:36:05.2 (49790152)|HEAP_ALLOCATE|[81]|Bytes:5
08:36:05.2 (49794213)|STATEMENT_EXECUTE|[79]
08:36:05.2 (49795413)|STATEMENT_EXECUTE|[81]
08:36:05.2 (49799040)|VARIABLE_SCOPE_BEGIN|[81]|returnValue|String|false|false
08:36:05.2 (49803316)|VARIABLE_ASSIGNMENT|[81]|returnValue|""
08:36:05.2 (49815597)|ENTERING_MANAGED_PKG|
08:36:05.2 (49823765)|STATEMENT_EXECUTE|[98]
08:36:05.2 (49830484)|ENTERING_MANAGED_PKG|
08:36:05.2 (49849525)|HEAP_ALLOCATE|[98]|Bytes:4
08:36:05.2 (49863700)|ENTERING_MANAGED_PKG|
08:36:05.2 (49866888)|HEAP_ALLOCATE|[98]|Bytes:18
08:36:05.2 (49878002)|VARIABLE_ASSIGNMENT|[98]|returnValue|"001B00000066Xx7IAE"
08:36:05.2 (49880725)|STATEMENT_EXECUTE|[100]
08:36:05.2 (49888120)|METHOD_EXIT|[113]|01pB0000000ljzx|testautonumdata.Sparkle_Helper.GetSobjectField(SObject, String)
08:36:05.2 (49912980)|VARIABLE_ASSIGNMENT|[EXTERNAL]|this|{"recordID":"001B00000066Xx7IAE"}|0x748b737d
08:36:05.2 (49917261)|VARIABLE_ASSIGNMENT|[EXTERNAL]|value|"001B00000066Xx7IAE"
08:36:05.2 (49923358)|VARIABLE_ASSIGNMENT|[8]|this.eventField|"001B00000066Xx7IAE"|0x748b737d
08:36:05.2 (49929394)|STATEMENT_EXECUTE|[116]
08:36:05.2 (49930594)|STATEMENT_EXECUTE|[117]
08:36:05.2 (49935043)|METHOD_ENTRY|[117]|01pB0000000ljzx|testautonumdata.Sparkle_Helper.GetSobjectField(SObject, String)
08:36:05.2 (49938235)|VARIABLE_SCOPE_BEGIN|[78]|e|SObject|true|false
08:36:05.2 (49949235)|VARIABLE_ASSIGNMENT|[78]|e|{"s":1,"v":{"Id":"001B00000066Xx7IAE","Name":"Pyramid Construction (5 more) ..."}}|0x58adefa9
08:36:05.2 (49951211)|VARIABLE_SCOPE_BEGIN|[78]|lcfield|String|false|false
08:36:05.2 (49953857)|VARIABLE_ASSIGNMENT|[78]|lcfield|"Name"
08:36:05.2 (49961361)|HEAP_ALLOCATE|[81]|Bytes:5
08:36:05.2 (49964912)|STATEMENT_EXECUTE|[79]
08:36:05.2 (49966012)|STATEMENT_EXECUTE|[81]
08:36:05.2 (49969081)|VARIABLE_SCOPE_BEGIN|[81]|returnValue|String|false|false
08:36:05.2 (49972926)|VARIABLE_ASSIGNMENT|[81]|returnValue|""
08:36:05.2 (49983958)|ENTERING_MANAGED_PKG|
08:36:05.2 (49991710)|STATEMENT_EXECUTE|[98]
08:36:05.2 (49998292)|ENTERING_MANAGED_PKG|
08:36:05.2 (50016968)|HEAP_ALLOCATE|[98]|Bytes:25
08:36:05.2 (50031771)|ENTERING_MANAGED_PKG|
08:36:05.2 (50045419)|HEAP_ALLOCATE|[98]|Bytes:25
08:36:05.2 (50068161)|VARIABLE_ASSIGNMENT|[98]|returnValue|"Pyramid Construction (5 more) ..."
08:36:05.2 (50073074)|STATEMENT_EXECUTE|[100]
08:36:05.2 (50084434)|METHOD_EXIT|[117]|01pB0000000ljzx|testautonumdata.Sparkle_Helper.GetSobjectField(SObject, String)
08:36:05.2 (50120600)|VARIABLE_ASSIGNMENT|[EXTERNAL]|this|{"eventField":"001B00000066Xx7IAE","recordID":"001B00000066Xx7IAE"}|0x748b737d
08:36:05.2 (50127222)|VARIABLE_ASSIGNMENT|[EXTERNAL]|value|"Pyramid Construction (5 more) ..."
08:36:05.2 (50134583)|VARIABLE_ASSIGNMENT|[10]|this.column1|"Pyramid Construction (5 more) ..."|0x748b737d
08:36:05.2 (50141597)|STATEMENT_EXECUTE|[119]
08:36:05.2 (50143457)|STATEMENT_EXECUTE|[124]
08:36:05.2 (50144583)|STATEMENT_EXECUTE|[129]
08:36:05.2 (50145520)|STATEMENT_EXECUTE|[135]
08:36:05.2 (50150847)|ENTERING_MANAGED_PKG|
08:36:05.2 (50159518)|HEAP_ALLOCATE|[EXTERNAL]|Bytes:4
08:36:05.2 (50164925)|STATEMENT_EXECUTE|[137]
08:36:05.2 (50176200)|ENTERING_MANAGED_PKG|
08:36:05.2 (50211420)|HEAP_ALLOCATE|[137]|Bytes:197
08:36:05.2 (50226286)|HEAP_ALLOCATE|[137]|Bytes:209
08:36:05.2 (50233199)|ENTERING_MANAGED_PKG|
08:36:05.2 (50235931)|USER_DEBUG|[137]|DEBUG|######## i: ListServerController:[column1=Pyramid Construction Inc., column2=null, column3=null, column4=null, eventField=001B00000066Xx7IAE, mapObjectsFields={Account={Id, Name}}, recordID=001B00000066Xx7IAE]
08:36:05.2 (50248202)|HEAP_ALLOCATE|[104]|Bytes:5
08:36:05.2 (50270298)|HEAP_ALLOCATE|[104]|Bytes:12
08:36:05.2 (50284146)|VARIABLE_SCOPE_BEGIN|[104]|e|SObject|true|false
08:36:05.2 (50298191)|VARIABLE_ASSIGNMENT|[104]|e|{"s":1,"v":{"Id":"001B00000066Xx8IAE","Name":"Dickenson plc"}}|0x2219becb
08:36:05.2 (50301560)|STATEMENT_EXECUTE|[105]
08:36:05.2 (50302570)|STATEMENT_EXECUTE|[106]
08:36:05.2 (50325231)|ENTERING_MANAGED_PKG|
08:36:05.2 (50363427)|HEAP_ALLOCATE|[106]|Bytes:51
08:36:05.2 (50386769)|HEAP_ALLOCATE|[106]|Bytes:63
08:36:05.2 (50395555)|ENTERING_MANAGED_PKG|
08:36:05.2 (50398299)|USER_DEBUG|[106]|DEBUG|######## e: Account:{Id=001B00000066Xx8IAE, Name=Dickenson plc}
08:36:05.2 (50403074)|STATEMENT_EXECUTE|[107]
08:36:05.2 (50407305)|HEAP_ALLOCATE|[107]|Bytes:28
08:36:05.2 (50417023)|CONSTRUCTOR_ENTRY|[107]|01pB0000000lc07|<init>()
08:36:05.2 (50420957)|VARIABLE_SCOPE_BEGIN|[1]|this|testautonumdata.ListServerController|true|false
08:36:05.2 (50441477)|VARIABLE_ASSIGNMENT|[1]|this|{}|0x615bca38
08:36:05.2 (50448924)|HEAP_ALLOCATE|[EXTERNAL]|Bytes:5
08:36:05.2 (50463329)|STATEMENT_EXECUTE|[1]
08:36:05.2 (50466969)|HEAP_ALLOCATE|[EXTERNAL]|Bytes:5
08:36:05.2 (50469067)|STATEMENT_EXECUTE|[6]
08:36:05.2 (50470224)|STATEMENT_EXECUTE|[8]
08:36:05.2 (50471181)|STATEMENT_EXECUTE|[10]
08:36:05.2 (50472114)|STATEMENT_EXECUTE|[12]
08:36:05.2 (50472994)|STATEMENT_EXECUTE|[14]
08:36:05.2 (50473890)|STATEMENT_EXECUTE|[16]
08:36:05.2 (50482326)|CONSTRUCTOR_EXIT|[107]|01pB0000000lc07|<init>()
08:36:05.2 (50486182)|VARIABLE_SCOPE_BEGIN|[107]|i|testautonumdata.ListServerController|true|false
08:36:05.2 (50503467)|VARIABLE_ASSIGNMENT|[107]|i|{}|0x615bca38
08:36:05.2 (50505875)|STATEMENT_EXECUTE|[110]
08:36:05.2 (50518010)|ENTERING_MANAGED_PKG|
08:36:05.2 (50539347)|HEAP_ALLOCATE|[110]|Bytes:4
08:36:05.2 (50554119)|ENTERING_MANAGED_PKG|
08:36:05.2 (50557503)|HEAP_ALLOCATE|[110]|Bytes:18
08:36:05.2 (50583259)|VARIABLE_ASSIGNMENT|[EXTERNAL]|this|{}|0x615bca38
08:36:05.2 (50589078)|VARIABLE_ASSIGNMENT|[EXTERNAL]|value|"001B00000066Xx8IAE"
08:36:05.2 (50595539)|VARIABLE_ASSIGNMENT|[6]|this.recordID|"001B00000066Xx8IAE"|0x615bca38
08:36:05.2 (50605052)|STATEMENT_EXECUTE|[112]
08:36:05.2 (50606386)|STATEMENT_EXECUTE|[113]
08:36:05.2 (50611576)|METHOD_ENTRY|[113]|01pB0000000ljzx|testautonumdata.Sparkle_Helper.GetSobjectField(SObject, String)
08:36:05.2 (50615278)|VARIABLE_SCOPE_BEGIN|[78]|e|SObject|true|false
08:36:05.2 (50625615)|VARIABLE_ASSIGNMENT|[78]|e|{"s":1,"v":{"Id":"001B00000066Xx8IAE","Name":"Dickenson plc"}}|0x2219becb
08:36:05.2 (50627842)|VARIABLE_SCOPE_BEGIN|[78]|lcfield|String|false|false
08:36:05.2 (50630472)|VARIABLE_ASSIGNMENT|[78]|lcfield|"Id"
08:36:05.2 (50638472)|HEAP_ALLOCATE|[81]|Bytes:5
08:36:05.2 (50642145)|STATEMENT_EXECUTE|[79]
08:36:05.2 (50643297)|STATEMENT_EXECUTE|[81]
08:36:05.2 (50646546)|VARIABLE_SCOPE_BEGIN|[81]|returnValue|String|false|false
08:36:05.2 (50650430)|VARIABLE_ASSIGNMENT|[81]|returnValue|""
08:36:05.2 (50661802)|ENTERING_MANAGED_PKG|
08:36:05.2 (50669857)|STATEMENT_EXECUTE|[98]
08:36:05.2 (50694789)|ENTERING_MANAGED_PKG|
08:36:05.2 (50723166)|HEAP_ALLOCATE|[98]|Bytes:4
08:36:05.2 (50750987)|ENTERING_MANAGED_PKG|
08:36:05.2 (50757031)|HEAP_ALLOCATE|[98]|Bytes:18
08:36:05.2 (50777535)|VARIABLE_ASSIGNMENT|[98]|returnValue|"001B00000066Xx8IAE"
08:36:05.2 (50782442)|STATEMENT_EXECUTE|[100]
08:36:05.2 (50794123)|METHOD_EXIT|[113]|01pB0000000ljzx|testautonumdata.Sparkle_Helper.GetSobjectField(SObject, String)
08:36:05.2 (50830367)|VARIABLE_ASSIGNMENT|[EXTERNAL]|this|{"recordID":"001B00000066Xx8IAE"}|0x615bca38
08:36:05.2 (50836798)|VARIABLE_ASSIGNMENT|[EXTERNAL]|value|"001B00000066Xx8IAE"
08:36:05.2 (50847068)|VARIABLE_ASSIGNMENT|[8]|this.eventField|"001B00000066Xx8IAE"|0x615bca38
08:36:05.2 (50856277)|STATEMENT_EXECUTE|[116]
08:36:05.2 (50858317)|STATEMENT_EXECUTE|[117]
08:36:05.2 (50866306)|METHOD_ENTRY|[117]|01pB0000000ljzx|testautonumdata.Sparkle_Helper.GetSobjectField(SObject, String)
08:36:05.2 (50873246)|VARIABLE_SCOPE_BEGIN|[78]|e|SObject|true|false
08:36:05.2 (50889420)|VARIABLE_ASSIGNMENT|[78]|e|{"s":1,"v":{"Id":"001B00000066Xx8IAE","Name":"Dickenson plc"}}|0x2219becb
08:36:05.2 (50893205)|VARIABLE_SCOPE_BEGIN|[78]|lcfield|String|false|false
08:36:05.2 (50898716)|VARIABLE_ASSIGNMENT|[78]|lcfield|"Name"
08:36:05.2 (50910643)|HEAP_ALLOCATE|[81]|Bytes:5
08:36:05.2 (50917639)|STATEMENT_EXECUTE|[79]
08:36:05.2 (50919701)|STATEMENT_EXECUTE|[81]
08:36:05.2 (50925126)|VARIABLE_SCOPE_BEGIN|[81]|returnValue|String|false|false
08:36:05.2 (50933021)|VARIABLE_ASSIGNMENT|[81]|returnValue|""
08:36:05.2 (50951358)|ENTERING_MANAGED_PKG|
08:36:05.2 (50967523)|STATEMENT_EXECUTE|[98]
08:36:05.2 (50981929)|ENTERING_MANAGED_PKG|
08:36:05.2 (51009389)|HEAP_ALLOCATE|[98]|Bytes:13
08:36:05.2 (51036119)|ENTERING_MANAGED_PKG|
08:36:05.2 (51042272)|HEAP_ALLOCATE|[98]|Bytes:13
08:36:05.2 (51063618)|VARIABLE_ASSIGNMENT|[98]|returnValue|"Dickenson plc"
08:36:05.2 (51069110)|STATEMENT_EXECUTE|[100]
08:36:05.2 (51084826)|METHOD_EXIT|[117]|01pB0000000ljzx|testautonumdata.Sparkle_Helper.GetSobjectField(SObject, String)
08:36:05.2 (51127925)|VARIABLE_ASSIGNMENT|[EXTERNAL]|this|{"eventField":"001B00000066Xx8IAE","recordID":"001B00000066Xx8IAE"}|0x615bca38
08:36:05.2 (51134119)|VARIABLE_ASSIGNMENT|[EXTERNAL]|value|"Dickenson plc"
08:36:05.2 (51141686)|VARIABLE_ASSIGNMENT|[10]|this.column1|"Dickenson plc"|0x615bca38
08:36:05.2 (51149047)|STATEMENT_EXECUTE|[119]
08:36:05.2 (51150948)|STATEMENT_EXECUTE|[124]
08:36:05.2 (51152267)|STATEMENT_EXECUTE|[129]
08:36:05.2 (51153201)|STATEMENT_EXECUTE|[135]
08:36:05.2 (51158685)|ENTERING_MANAGED_PKG|
08:36:05.2 (51167723)|HEAP_ALLOCATE|[EXTERNAL]|Bytes:4
08:36:05.2 (51173097)|STATEMENT_EXECUTE|[137]
08:36:05.2 (51184833)|ENTERING_MANAGED_PKG|
08:36:05.2 (51220580)|HEAP_ALLOCATE|[137]|Bytes:185
08:36:05.2 (51235724)|HEAP_ALLOCATE|[137]|Bytes:197
08:36:05.2 (51242818)|ENTERING_MANAGED_PKG|
08:36:05.2 (51245564)|USER_DEBUG|[137]|DEBUG|######## i: ListServerController:[column1=Dickenson plc, column2=null, column3=null, column4=null, eventField=001B00000066Xx8IAE, mapObjectsFields={Account={Id, Name}}, recordID=001B00000066Xx8IAE]
08:36:05.2 (51258242)|HEAP_ALLOCATE|[104]|Bytes:5
08:36:05.2 (51281461)|HEAP_ALLOCATE|[104]|Bytes:12
08:36:05.2 (51295852)|VARIABLE_SCOPE_BEGIN|[104]|e|SObject|true|false
08:36:05.2 (51311261)|VARIABLE_ASSIGNMENT|[104]|e|{"s":1,"v":{"Id":"001B00000066Xx9IAE","Name":"Hospital Universitar (14 more) ..."}}|0x67ef7390
08:36:05.2 (51314984)|STATEMENT_EXECUTE|[105]
08:36:05.2 (51316282)|STATEMENT_EXECUTE|[106]
08:36:05.2 (51328654)|ENTERING_MANAGED_PKG|
08:36:05.2 (51355323)|HEAP_ALLOCATE|[106]|Bytes:72
08:36:05.2 (51369282)|HEAP_ALLOCATE|[106]|Bytes:84
08:36:05.2 (51376114)|ENTERING_MANAGED_PKG|
08:36:05.2 (51378567)|USER_DEBUG|[106]|DEBUG|######## e: Account:{Id=001B00000066Xx9IAE, Name=Hospital Universitario San Ignacio}
08:36:05.2 (51383406)|STATEMENT_EXECUTE|[107]
08:36:05.2 (51387658)|HEAP_ALLOCATE|[107]|Bytes:28
08:36:05.2 (51396866)|CONSTRUCTOR_ENTRY|[107]|01pB0000000lc07|<init>()
08:36:05.2 (51400782)|VARIABLE_SCOPE_BEGIN|[1]|this|testautonumdata.ListServerController|true|false
08:36:05.2 (51421142)|VARIABLE_ASSIGNMENT|[1]|this|{}|0x24940251
08:36:05.2 (51428741)|HEAP_ALLOCATE|[EXTERNAL]|Bytes:5
08:36:05.2 (51443360)|STATEMENT_EXECUTE|[1]
08:36:05.2 (51446982)|HEAP_ALLOCATE|[EXTERNAL]|Bytes:5
08:36:05.2 (51449080)|STATEMENT_EXECUTE|[6]
08:36:05.2 (51450226)|STATEMENT_EXECUTE|[8]
08:36:05.2 (51451131)|STATEMENT_EXECUTE|[10]
08:36:05.2 (51452066)|STATEMENT_EXECUTE|[12]
08:36:05.2 (51452967)|STATEMENT_EXECUTE|[14]
08:36:05.2 (51454088)|STATEMENT_EXECUTE|[16]
08:36:05.2 (51462261)|CONSTRUCTOR_EXIT|[107]|01pB0000000lc07|<init>()
08:36:05.2 (51466283)|VARIABLE_SCOPE_BEGIN|[107]|i|testautonumdata.ListServerController|true|false
08:36:05.2 (51484026)|VARIABLE_ASSIGNMENT|[107]|i|{}|0x24940251
08:36:05.2 (51486575)|STATEMENT_EXECUTE|[110]
08:36:05.2 (51498705)|ENTERING_MANAGED_PKG|
08:36:05.2 (51519921)|HEAP_ALLOCATE|[110]|Bytes:4
08:36:05.2 (51534899)|ENTERING_MANAGED_PKG|
08:36:05.2 (51538216)|HEAP_ALLOCATE|[110]|Bytes:18
08:36:05.2 (51564373)|VARIABLE_ASSIGNMENT|[EXTERNAL]|this|{}|0x24940251
08:36:05.2 (51569820)|VARIABLE_ASSIGNMENT|[EXTERNAL]|value|"001B00000066Xx9IAE"
08:36:05.2 (51576378)|VARIABLE_ASSIGNMENT|[6]|this.recordID|"001B00000066Xx9IAE"|0x24940251
08:36:05.2 (51582455)|STATEMENT_EXECUTE|[112]
08:36:05.2 (51583668)|STATEMENT_EXECUTE|[113]
08:36:05.2 (51588949)|METHOD_ENTRY|[113]|01pB0000000ljzx|testautonumdata.Sparkle_Helper.GetSobjectField(SObject, String)
08:36:05.2 (51592386)|VARIABLE_SCOPE_BEGIN|[78]|e|SObject|true|false
08:36:05.2 (51603860)|VARIABLE_ASSIGNMENT|[78]|e|{"s":1,"v":{"Id":"001B00000066Xx9IAE","Name":"Hospital Universitar (14 more) ..."}}|0x67ef7390
08:36:05.2 (51606151)|VARIABLE_SCOPE_BEGIN|[78]|lcfield|String|false|false
08:36:05.2 (51609167)|VARIABLE_ASSIGNMENT|[78]|lcfield|"Id"
08:36:05.2 (51617030)|HEAP_ALLOCATE|[81]|Bytes:5
08:36:05.2 (51620661)|STATEMENT_EXECUTE|[79]
08:36:05.2 (51621862)|STATEMENT_EXECUTE|[81]
08:36:05.2 (51625073)|VARIABLE_SCOPE_BEGIN|[81]|returnValue|String|false|false
08:36:05.2 (51629168)|VARIABLE_ASSIGNMENT|[81]|returnValue|""
08:36:05.2 (51640351)|ENTERING_MANAGED_PKG|
08:36:05.2 (51648494)|STATEMENT_EXECUTE|[98]
08:36:05.2 (51655273)|ENTERING_MANAGED_PKG|
08:36:05.2 (51691092)|HEAP_ALLOCATE|[98]|Bytes:4
08:36:05.2 (51718357)|ENTERING_MANAGED_PKG|
08:36:05.2 (51724436)|HEAP_ALLOCATE|[98]|Bytes:18
08:36:05.2 (51746666)|VARIABLE_ASSIGNMENT|[98]|returnValue|"001B00000066Xx9IAE"
08:36:05.2 (51750799)|STATEMENT_EXECUTE|[100]
08:36:05.2 (51759556)|METHOD_EXIT|[113]|01pB0000000ljzx|testautonumdata.Sparkle_Helper.GetSobjectField(SObject, String)
08:36:05.2 (51786595)|VARIABLE_ASSIGNMENT|[EXTERNAL]|this|{"recordID":"001B00000066Xx9IAE"}|0x24940251
08:36:05.2 (51790928)|VARIABLE_ASSIGNMENT|[EXTERNAL]|value|"001B00000066Xx9IAE"
08:36:05.2 (51797242)|VARIABLE_ASSIGNMENT|[8]|this.eventField|"001B00000066Xx9IAE"|0x24940251
08:36:05.2 (51803351)|STATEMENT_EXECUTE|[116]
08:36:05.2 (51804638)|STATEMENT_EXECUTE|[117]
08:36:05.2 (51809173)|METHOD_ENTRY|[117]|01pB0000000ljzx|testautonumdata.Sparkle_Helper.GetSobjectField(SObject, String)
08:36:05.2 (51812491)|VARIABLE_SCOPE_BEGIN|[78]|e|SObject|true|false
08:36:05.2 (51823704)|VARIABLE_ASSIGNMENT|[78]|e|{"s":1,"v":{"Id":"001B00000066Xx9IAE","Name":"Hospital Universitar (14 more) ..."}}|0x67ef7390
08:36:05.2 (51826054)|VARIABLE_SCOPE_BEGIN|[78]|lcfield|String|false|false
08:36:05.2 (51828753)|VARIABLE_ASSIGNMENT|[78]|lcfield|"Name"
08:36:05.2 (51836585)|HEAP_ALLOCATE|[81]|Bytes:5
08:36:05.2 (51840174)|STATEMENT_EXECUTE|[79]
08:36:05.2 (51841289)|STATEMENT_EXECUTE|[81]
08:36:05.2 (51844393)|VARIABLE_SCOPE_BEGIN|[81]|returnValue|String|false|false
08:36:05.2 (51848437)|VARIABLE_ASSIGNMENT|[81]|returnValue|""
08:36:05.2 (51859799)|ENTERING_MANAGED_PKG|
08:36:05.2 (51867519)|STATEMENT_EXECUTE|[98]
08:36:05.2 (51874148)|ENTERING_MANAGED_PKG|
08:36:05.2 (51893917)|HEAP_ALLOCATE|[98]|Bytes:34
08:36:05.2 (51908044)|ENTERING_MANAGED_PKG|
08:36:05.2 (51911076)|HEAP_ALLOCATE|[98]|Bytes:34
08:36:05.2 (51923054)|VARIABLE_ASSIGNMENT|[98]|returnValue|"Hospital Universitar (14 more) ..."
08:36:05.2 (51925852)|STATEMENT_EXECUTE|[100]
08:36:05.2 (51932913)|METHOD_EXIT|[117]|01pB0000000ljzx|testautonumdata.Sparkle_Helper.GetSobjectField(SObject, String)
08:36:05.2 (51958822)|VARIABLE_ASSIGNMENT|[EXTERNAL]|this|{"eventField":"001B00000066Xx9IAE","recordID":"001B00000066Xx9IAE"}|0x24940251
08:36:05.2 (51964268)|VARIABLE_ASSIGNMENT|[EXTERNAL]|value|"Hospital Universitar (14 more) ..."
08:36:05.2 (51970874)|VARIABLE_ASSIGNMENT|[10]|this.column1|"Hospital Universitar (14 more) ..."|0x24940251
08:36:05.2 (51976712)|STATEMENT_EXECUTE|[119]
08:36:05.2 (51978309)|STATEMENT_EXECUTE|[124]
08:36:05.2 (51979431)|STATEMENT_EXECUTE|[129]
08:36:05.2 (51980352)|STATEMENT_EXECUTE|[135]
08:36:05.2 (51985563)|ENTERING_MANAGED_PKG|
08:36:05.2 (51994042)|HEAP_ALLOCATE|[EXTERNAL]|Bytes:4
08:36:05.2 (51999446)|STATEMENT_EXECUTE|[137]
08:36:05.2 (52010304)|ENTERING_MANAGED_PKG|
08:36:05.2 (52046144)|HEAP_ALLOCATE|[137]|Bytes:206
08:36:05.2 (52061031)|HEAP_ALLOCATE|[137]|Bytes:218
08:36:05.2 (52067918)|ENTERING_MANAGED_PKG|
08:36:05.2 (52070579)|USER_DEBUG|[137]|DEBUG|######## i: ListServerController:[column1=Hospital Universitario San Ignacio, column2=null, column3=null, column4=null, eventField=001B00000066Xx9IAE, mapObjectsFields={Account={Id, Name}}, recordID=001B00000066Xx9IAE]
08:36:05.2 (52084019)|HEAP_ALLOCATE|[104]|Bytes:5
08:36:05.2 (52096564)|VARIABLE_ASSIGNMENT|[104]|e|null|
08:36:05.2 (52099808)|STATEMENT_EXECUTE|[142]
08:36:05.2 (52103030)|HEAP_ALLOCATE|[142]|Bytes:27
08:36:05.2 (52115086)|ENTERING_MANAGED_PKG|
08:36:05.2 (52267254)|HEAP_ALLOCATE|[142]|Bytes:1546
08:36:05.2 (52284553)|HEAP_ALLOCATE|[142]|Bytes:1573
08:36:05.2 (52293257)|ENTERING_MANAGED_PKG|
08:36:05.2 (52295869)|USER_DEBUG|[142]|DEBUG|######## lstReturnRecords: (ListServerController:[column1=GenePoint, column2=null, column3=null, column4=null, eventField=001B00000066XxFIAU, mapObjectsFields={Account={Id, Name}}, recordID=001B00000066XxFIAU], ListServerController:[column1=United Oil & Gas, UK, column2=null, column3=null, column4=null, eventField=001B00000066XxDIAU, mapObjectsFields=(already output), recordID=001B00000066XxDIAU], ListServerController:[column1=United Oil & Gas, Singapore, column2=null, column3=null, column4=null, eventField=001B00000066XxEIAU, mapObjectsFields=(already output), recordID=001B00000066XxEIAU], ListServerController:[column1=Edge Communications, column2=null, column3=null, column4=null, eventField=001B00000066Xx5IAE, mapObjectsFields=(already output), recordID=001B00000066Xx5IAE], ListServerController:[column1=Burlington Textiles Corp of America, column2=null, column3=null, column4=null, eventField=001B00000066Xx6IAE, mapObjectsFields=(already output), recordID=001B00000066Xx6IAE], ListServerController:[column1=Pyramid Construction Inc., column2=null, column3=null, column4=null, eventField=001B00000066Xx7IAE, mapObjectsFields=(already output), recordID=001B00000066Xx7IAE], ListServerController:[column1=Dickenson plc, column2=null, column3=null, column4=null, eventField=001B00000066Xx8IAE, mapObjectsFields=(already output), recordID=001B00000066Xx8IAE], ListServerController:[column1=Hospital Universitario San Ignacio, column2=null, column3=null, column4=null, eventField=001B00000066Xx9IAE, mapObjectsFields=(already output), recordID=001B00000066Xx9IAE])
08:36:05.2 (52307766)|STATEMENT_EXECUTE|[144]
08:36:05.2 (52320754)|SYSTEM_MODE_EXIT|false
08:36:05.52 (52364404)|CUMULATIVE_LIMIT_USAGE
08:36:05.52 (52364404)|LIMIT_USAGE_FOR_NS|(default)|
  Number of SOQL queries: 0 out of 100
  Number of query rows: 0 out of 50000
  Number of SOSL queries: 0 out of 20
  Number of DML statements: 0 out of 150
  Number of DML rows: 0 out of 10000
  Maximum CPU time: 0 out of 10000
  Maximum heap size: 0 out of 6000000
  Number of callouts: 0 out of 100
  Number of Email Invocations: 0 out of 10
  Number of future calls: 0 out of 50
  Number of queueable jobs added to the queue: 0 out of 50
  Number of Mobile Apex push calls: 0 out of 10

08:36:05.52 (52364404)|LIMIT_USAGE_FOR_NS|testautonumdata|
  Number of SOQL queries: 1 out of 100
  Number of query rows: 8 out of 50000
  Number of SOSL queries: 0 out of 20
  Number of DML statements: 0 out of 150
  Number of DML rows: 0 out of 10000
  Maximum CPU time: 0 out of 10000
  Maximum heap size: 0 out of 6000000
  Number of callouts: 0 out of 100
  Number of Email Invocations: 0 out of 10
  Number of future calls: 0 out of 50
  Number of queueable jobs added to the queue: 0 out of 50
  Number of Mobile Apex push calls: 0 out of 10

08:36:05.52 (52364404)|CUMULATIVE_LIMIT_USAGE_END

08:36:05.54 (54615233)|CODE_UNIT_STARTED|[EXTERNAL]|Aura
08:36:05.55 (55722941)|CODE_UNIT_STARTED|[EXTERNAL]|Aura
08:36:05.57 (57110040)|CODE_UNIT_STARTED|[EXTERNAL]|Aura
08:36:05.58 (58483123)|CODE_UNIT_STARTED|[EXTERNAL]|Aura
08:36:05.59 (59618245)|CODE_UNIT_STARTED|[EXTERNAL]|Aura
08:36:05.60 (60626549)|CODE_UNIT_STARTED|[EXTERNAL]|Aura
08:36:05.61 (61636299)|CODE_UNIT_STARTED|[EXTERNAL]|Aura
08:36:05.62 (62737365)|CODE_UNIT_STARTED|[EXTERNAL]|Aura
08:36:05.63 (63999126)|CODE_UNIT_STARTED|[EXTERNAL]|01pB0000000lc07|ListServerController.getCurrentUser
08:36:05.63 (64049912)|SYSTEM_MODE_ENTER|false
08:36:05.63 (64068132)|HEAP_ALLOCATE|[151]|Bytes:5
08:36:05.63 (64075227)|STATEMENT_EXECUTE|[150]
08:36:05.63 (64077045)|STATEMENT_EXECUTE|[151]
08:36:05.63 (64080712)|HEAP_ALLOCATE|[151]|Bytes:68
08:36:05.63 (64088923)|HEAP_ALLOCATE|[151]|Bytes:4
08:36:05.63 (64099258)|HEAP_ALLOCATE|[151]|Bytes:7
08:36:05.63 (64171659)|HEAP_ALLOCATE|[151]|Bytes:85
08:36:05.63 (64190501)|SYSTEM_METHOD_ENTRY|[1]|UserInfo.UserInfo()
08:36:05.63 (64193772)|STATEMENT_EXECUTE|[1]
08:36:05.63 (64202677)|SYSTEM_METHOD_EXIT|[1]|UserInfo
08:36:05.63 (64222525)|METHOD_ENTRY|[151]||System.UserInfo.getUserId()
08:36:05.63 (64269616)|METHOD_EXIT|[151]||System.UserInfo.getUserId()
08:36:05.63 (66112818)|SOQL_EXECUTE_BEGIN|[151]|Aggregations:0|SELECT Id, FirstName, LastName FROM User WHERE Id = :tmpVar1 LIMIT 1
08:36:05.63 (72769380)|SOQL_EXECUTE_END|[151]|Rows:1
08:36:05.63 (72794520)|HEAP_ALLOCATE|[151]|Bytes:8
08:36:05.63 (72808179)|HEAP_ALLOCATE|[151]|Bytes:69
08:36:05.63 (72866422)|HEAP_ALLOCATE|[151]|Bytes:8
08:36:05.63 (72879010)|HEAP_ALLOCATE|[151]|Bytes:30
08:36:05.63 (72977027)|HEAP_ALLOCATE|[151]|Bytes:16
08:36:05.63 (72989157)|VARIABLE_SCOPE_BEGIN|[151]|user|User|true|false
08:36:05.63 (73044237)|VARIABLE_ASSIGNMENT|[151]|user|{"s":1,"v":{"Id":"005B0000001VpZRIA0","FirstName":"Rodrigo","LastName":"Reboucas"}}|0x54e21d7d
08:36:05.63 (73050915)|STATEMENT_EXECUTE|[152]
08:36:05.63 (73064360)|SYSTEM_MODE_EXIT|false
08:36:05.73 (73109996)|CUMULATIVE_LIMIT_USAGE
08:36:05.73 (73109996)|LIMIT_USAGE_FOR_NS|(default)|
  Number of SOQL queries: 0 out of 100
  Number of query rows: 0 out of 50000
  Number of SOSL queries: 0 out of 20
  Number of DML statements: 0 out of 150
  Number of DML rows: 0 out of 10000
  Maximum CPU time: 0 out of 10000
  Maximum heap size: 0 out of 6000000
  Number of callouts: 0 out of 100
  Number of Email Invocations: 0 out of 10
  Number of future calls: 0 out of 50
  Number of queueable jobs added to the queue: 0 out of 50
  Number of Mobile Apex push calls: 0 out of 10

08:36:05.73 (73109996)|LIMIT_USAGE_FOR_NS|testautonumdata|
  Number of SOQL queries: 2 out of 100
  Number of query rows: 9 out of 50000
  Number of SOSL queries: 0 out of 20
  Number of DML statements: 0 out of 150
  Number of DML rows: 0 out of 10000
  Maximum CPU time: 0 out of 10000
  Maximum heap size: 0 out of 6000000
  Number of callouts: 0 out of 100
  Number of Email Invocations: 0 out of 10
  Number of future calls: 0 out of 50
  Number of queueable jobs added to the queue: 0 out of 50
  Number of Mobile Apex push calls: 0 out of 10

08:36:05.73 (73109996)|CUMULATIVE_LIMIT_USAGE_END

