38.0 APEX_CODE,FINEST;APEX_PROFILING,INFO;CALLOUT,INFO;DB,INFO;SYSTEM,DEBUG;VALIDATION,INFO;VISUALFORCE,INFO;WORKFLOW,INFO
09:49:16.0 (89809)|USER_INFO|[EXTERNAL]|005B0000001VpZR|rreboucas-yi5c@force.com|Pacific Standard Time|GMT-07:00
09:49:16.2 (2255690)|CODE_UNIT_STARTED|[EXTERNAL]|01pB0000000r382|Twitter_Lightning_Controller.getRecordDetails
09:49:16.2 (2313201)|VARIABLE_SCOPE_BEGIN|[3]|Twitter_Lightning_Controller.mapObjectsFields|Map<String,Set<String>>|true|true
09:49:16.2 (2384534)|HEAP_ALLOCATE|[EXTERNAL]|Bytes:384
09:49:16.2 (2393458)|HEAP_ALLOCATE|[EXTERNAL]|Bytes:56
09:49:16.2 (2396676)|HEAP_ALLOCATE|[EXTERNAL]|Bytes:114
09:49:16.2 (2415141)|METHOD_ENTRY|[1]|01pB0000000r382|Twitter_Lightning_Controller.Twitter_Lightning_Controller()
09:49:16.2 (2419930)|STATEMENT_EXECUTE|[1]
09:49:16.2 (2426816)|STATEMENT_EXECUTE|[1]
09:49:16.2 (2463381)|HEAP_ALLOCATE|[50]|Bytes:5
09:49:16.2 (2488521)|HEAP_ALLOCATE|[56]|Bytes:5
09:49:16.2 (2497431)|HEAP_ALLOCATE|[64]|Bytes:7
09:49:16.2 (2530192)|SYSTEM_MODE_ENTER|false
09:49:16.2 (2552919)|HEAP_ALLOCATE|[3]|Bytes:5
09:49:16.2 (2558063)|STATEMENT_EXECUTE|[3]
09:49:16.2 (2590151)|VARIABLE_ASSIGNMENT|[3]|Twitter_Lightning_Controller.mapObjectsFields|null|
09:49:16.2 (2598535)|SYSTEM_MODE_EXIT|false
09:49:16.2 (2610411)|METHOD_EXIT|[1]|Twitter_Lightning_Controller
09:49:16.2 (2616106)|HEAP_ALLOCATE|[EXTERNAL]|Bytes:18
09:49:16.2 (2618191)|HEAP_ALLOCATE|[EXTERNAL]|Bytes:29
09:49:16.2 (2619525)|HEAP_ALLOCATE|[EXTERNAL]|Bytes:30
09:49:16.2 (2628253)|SYSTEM_MODE_ENTER|false
09:49:16.2 (2636110)|VARIABLE_SCOPE_BEGIN|[82]|recordID|String|false|false
09:49:16.2 (2646442)|VARIABLE_ASSIGNMENT|[82]|recordID|"a0NB0000000TaTOMA0"
09:49:16.2 (2648768)|VARIABLE_SCOPE_BEGIN|[82]|objectApiName|String|false|false
09:49:16.2 (2653830)|VARIABLE_ASSIGNMENT|[82]|objectApiName|"testautonumdata__Can (9 more) ..."
09:49:16.2 (2655935)|VARIABLE_SCOPE_BEGIN|[82]|twitterIDFieldApiName|String|false|false
09:49:16.2 (2659531)|VARIABLE_ASSIGNMENT|[82]|twitterIDFieldApiName|"testautonumdata__Twi (10 more) ..."
09:49:16.2 (2661413)|VARIABLE_SCOPE_BEGIN|[82]|firstName|String|false|false
09:49:16.2 (2664293)|VARIABLE_ASSIGNMENT|[82]|firstName|null
09:49:16.2 (2666051)|VARIABLE_SCOPE_BEGIN|[82]|lastName|String|false|false
09:49:16.2 (2668457)|VARIABLE_ASSIGNMENT|[82]|lastName|null
09:49:16.2 (2670092)|VARIABLE_SCOPE_BEGIN|[82]|companyName|String|false|false
09:49:16.2 (2672443)|VARIABLE_ASSIGNMENT|[82]|companyName|null
09:49:16.2 (2674050)|VARIABLE_SCOPE_BEGIN|[82]|email|String|false|false
09:49:16.2 (2676249)|VARIABLE_ASSIGNMENT|[82]|email|null
09:49:16.2 (2690489)|HEAP_ALLOCATE|[84]|Bytes:5
09:49:16.2 (2694968)|STATEMENT_EXECUTE|[82]
09:49:16.2 (2696273)|STATEMENT_EXECUTE|[84]
09:49:16.2 (2703424)|VARIABLE_SCOPE_BEGIN|[84]|hasTwitterMemberID|Boolean|false|false
09:49:16.2 (2706806)|HEAP_ALLOCATE|[84]|Bytes:5
09:49:16.2 (2712325)|VARIABLE_ASSIGNMENT|[84]|hasTwitterMemberID|false
09:49:16.2 (2714349)|STATEMENT_EXECUTE|[85]
09:49:16.2 (2719809)|HEAP_ALLOCATE|[85]|Bytes:64
09:49:16.2 (2737374)|CONSTRUCTOR_ENTRY|[85]|01pB0000000r382|<init>()
09:49:16.2 (2776753)|VARIABLE_SCOPE_BEGIN|[1]|this|testautonumdata.Twitter_Lightning_Controller|true|false
09:49:16.2 (2823747)|VARIABLE_ASSIGNMENT|[1]|this|{}|0x379f9f8b
09:49:16.2 (2832024)|HEAP_ALLOCATE|[EXTERNAL]|Bytes:5
09:49:16.2 (2841432)|HEAP_ALLOCATE|[EXTERNAL]|Bytes:6
09:49:16.2 (2865749)|STATEMENT_EXECUTE|[1]
09:49:16.2 (2870800)|HEAP_ALLOCATE|[EXTERNAL]|Bytes:5
09:49:16.2 (2873421)|STATEMENT_EXECUTE|[6]
09:49:16.2 (2874743)|STATEMENT_EXECUTE|[8]
09:49:16.2 (2875651)|STATEMENT_EXECUTE|[10]
09:49:16.2 (2876703)|STATEMENT_EXECUTE|[12]
09:49:16.2 (2877593)|STATEMENT_EXECUTE|[14]
09:49:16.2 (2878747)|STATEMENT_EXECUTE|[16]
09:49:16.2 (2879746)|STATEMENT_EXECUTE|[18]
09:49:16.2 (2880696)|STATEMENT_EXECUTE|[20]
09:49:16.2 (2881562)|STATEMENT_EXECUTE|[22]
09:49:16.2 (2882513)|STATEMENT_EXECUTE|[24]
09:49:16.2 (2883465)|STATEMENT_EXECUTE|[26]
09:49:16.2 (2884418)|STATEMENT_EXECUTE|[28]
09:49:16.2 (2885373)|STATEMENT_EXECUTE|[30]
09:49:16.2 (2886321)|STATEMENT_EXECUTE|[32]
09:49:16.2 (2887185)|STATEMENT_EXECUTE|[34]
09:49:16.2 (2896811)|CONSTRUCTOR_EXIT|[85]|01pB0000000r382|<init>()
09:49:16.2 (2901337)|VARIABLE_SCOPE_BEGIN|[85]|returnRec|testautonumdata.Twitter_Lightning_Controller|true|false
09:49:16.2 (2928549)|VARIABLE_ASSIGNMENT|[85]|returnRec|{}|0x379f9f8b
09:49:16.2 (2931231)|STATEMENT_EXECUTE|[88]
09:49:16.2 (2938745)|HEAP_ALLOCATE|[88]|Bytes:4
09:49:16.2 (2971734)|VARIABLE_ASSIGNMENT|[88]|Twitter_Lightning_Controller.mapObjectsFields|{"s":1,"v":{}}|0xecd8f59
09:49:16.2 (2993700)|ENTERING_MANAGED_PKG|
09:49:16.2 (3039681)|STATEMENT_EXECUTE|[91]
09:49:16.2 (3042719)|STATEMENT_EXECUTE|[92]
09:49:16.2 (3046785)|HEAP_ALLOCATE|[92]|Bytes:9
09:49:16.2 (3051519)|VARIABLE_SCOPE_BEGIN|[92]|soql|String|false|false
09:49:16.2 (3058440)|VARIABLE_ASSIGNMENT|[92]|soql|"Select id"
09:49:16.2 (3060269)|STATEMENT_EXECUTE|[93]
09:49:16.2 (3062368)|HEAP_ALLOCATE|[93]|Bytes:2
09:49:16.2 (3177598)|HEAP_ALLOCATE|[93]|Bytes:19
09:49:16.2 (3183579)|HEAP_ALLOCATE|[93]|Bytes:28
09:49:16.2 (3194312)|METHOD_ENTRY|[1]|01pB0000000ljzx|Sparkle_Helper.Sparkle_Helper()
09:49:16.2 (3197115)|STATEMENT_EXECUTE|[1]
09:49:16.2 (3200269)|STATEMENT_EXECUTE|[1]
09:49:16.2 (3206607)|HEAP_ALLOCATE|[93]|Bytes:5
09:49:16.2 (3215867)|METHOD_EXIT|[1]|Sparkle_Helper
09:49:16.2 (3230973)|METHOD_ENTRY|[93]|01pB0000000ljzx|testautonumdata.Sparkle_Helper.AddFieldToObjectsMap(String, String, Map<String,Set<String>>)
09:49:16.2 (3250842)|VARIABLE_SCOPE_BEGIN|[107]|fieldName|String|false|false
09:49:16.2 (3258319)|VARIABLE_ASSIGNMENT|[107]|fieldName|"Id"
09:49:16.2 (3260530)|VARIABLE_SCOPE_BEGIN|[107]|initialObjectName|String|false|false
09:49:16.2 (3265468)|VARIABLE_ASSIGNMENT|[107]|initialObjectName|"testautonumdata__Can (9 more) ..."
09:49:16.2 (3267543)|VARIABLE_SCOPE_BEGIN|[107]|theMap|Map<String,Set<String>>|true|false
09:49:16.2 (3276843)|VARIABLE_ASSIGNMENT|[107]|theMap|{"s":1,"v":{}}|0xecd8f59
09:49:16.2 (3284885)|HEAP_ALLOCATE|[109]|Bytes:5
09:49:16.2 (3289487)|STATEMENT_EXECUTE|[108]
09:49:16.2 (3292811)|HEAP_ALLOCATE|[109]|Bytes:1
09:49:16.2 (3309623)|ENTERING_MANAGED_PKG|
09:49:16.2 (3350625)|STATEMENT_EXECUTE|[150]
09:49:16.2 (3361712)|METHOD_ENTRY|[150]|01pB0000000ljzx|testautonumdata.Sparkle_Helper.AddFieldToMap(String, String, Map<String,Set<String>>)
09:49:16.2 (3379320)|VARIABLE_SCOPE_BEGIN|[157]|fieldName|String|false|false
09:49:16.2 (3385449)|VARIABLE_ASSIGNMENT|[157]|fieldName|"Id"
09:49:16.2 (3387389)|VARIABLE_SCOPE_BEGIN|[157]|ObjectName|String|false|false
09:49:16.2 (3391807)|VARIABLE_ASSIGNMENT|[157]|ObjectName|"testautonumdata__Can (9 more) ..."
09:49:16.2 (3393685)|VARIABLE_SCOPE_BEGIN|[157]|theMap|Map<String,Set<String>>|true|false
09:49:16.2 (3401952)|VARIABLE_ASSIGNMENT|[157]|theMap|{"s":1,"v":{}}|0xecd8f59
09:49:16.2 (3410515)|HEAP_ALLOCATE|[160]|Bytes:5
09:49:16.2 (3414710)|STATEMENT_EXECUTE|[158]
09:49:16.2 (3426828)|ENTERING_MANAGED_PKG|
09:49:16.2 (3461661)|STATEMENT_EXECUTE|[167]
09:49:16.2 (3463859)|STATEMENT_EXECUTE|[168]
09:49:16.2 (3511403)|HEAP_ALLOCATE|[168]|Bytes:4
09:49:16.2 (3530934)|ENTERING_MANAGED_PKG|
09:49:16.2 (3560945)|VARIABLE_SCOPE_BEGIN|[168]|newFieldSet|Set<String>|true|false
09:49:16.2 (3604257)|VARIABLE_ASSIGNMENT|[168]|newFieldSet|{"s":1,"v":[]}|0x46f73571
09:49:16.2 (3608321)|STATEMENT_EXECUTE|[169]
09:49:16.2 (3618466)|ENTERING_MANAGED_PKG|
09:49:16.2 (3643322)|HEAP_ALLOCATE|[EXTERNAL]|Bytes:4
09:49:16.2 (3651679)|STATEMENT_EXECUTE|[170]
09:49:16.2 (3659404)|ENTERING_MANAGED_PKG|
09:49:16.2 (3684524)|HEAP_ALLOCATE|[EXTERNAL]|Bytes:-4
09:49:16.2 (3698442)|METHOD_EXIT|[150]|01pB0000000ljzx|testautonumdata.Sparkle_Helper.AddFieldToMap(String, String, Map<String,Set<String>>)
09:49:16.2 (3705547)|METHOD_EXIT|[93]|01pB0000000ljzx|testautonumdata.Sparkle_Helper.AddFieldToObjectsMap(String, String, Map<String,Set<String>>)
09:49:16.2 (3709332)|STATEMENT_EXECUTE|[95]
09:49:16.2 (3710764)|STATEMENT_EXECUTE|[96]
09:49:16.2 (3714565)|HEAP_ALLOCATE|[96]|Bytes:2
09:49:16.2 (3730603)|ENTERING_MANAGED_PKG|
09:49:16.2 (3753277)|HEAP_ALLOCATE|[96]|Bytes:30
09:49:16.2 (3771752)|HEAP_ALLOCATE|[96]|Bytes:32
09:49:16.2 (3776947)|HEAP_ALLOCATE|[96]|Bytes:41
09:49:16.2 (3785808)|VARIABLE_ASSIGNMENT|[96]|soql|"Select id, testauton (21 more) ..."
09:49:16.2 (3788641)|STATEMENT_EXECUTE|[97]
09:49:16.2 (3798666)|METHOD_ENTRY|[97]|01pB0000000ljzx|testautonumdata.Sparkle_Helper.AddFieldToObjectsMap(String, String, Map<String,Set<String>>)
09:49:16.2 (3815033)|VARIABLE_SCOPE_BEGIN|[107]|fieldName|String|false|false
09:49:16.2 (3821665)|VARIABLE_ASSIGNMENT|[107]|fieldName|"testautonumdata__Twi (10 more) ..."
09:49:16.2 (3823567)|VARIABLE_SCOPE_BEGIN|[107]|initialObjectName|String|false|false
09:49:16.2 (3827141)|VARIABLE_ASSIGNMENT|[107]|initialObjectName|"testautonumdata__Can (9 more) ..."
09:49:16.2 (3828809)|VARIABLE_SCOPE_BEGIN|[107]|theMap|Map<String,Set<String>>|true|false
09:49:16.2 (3845090)|VARIABLE_ASSIGNMENT|[107]|theMap|{"s":1,"v":{"testautonumdata__Can (9 more) ...":{"s":2,"v":["Id"]}}}|0xecd8f59
09:49:16.2 (3854102)|HEAP_ALLOCATE|[109]|Bytes:5
09:49:16.2 (3858262)|STATEMENT_EXECUTE|[108]
09:49:16.2 (3870350)|ENTERING_MANAGED_PKG|
09:49:16.2 (3878737)|STATEMENT_EXECUTE|[150]
09:49:16.2 (3884811)|METHOD_ENTRY|[150]|01pB0000000ljzx|testautonumdata.Sparkle_Helper.AddFieldToMap(String, String, Map<String,Set<String>>)
09:49:16.2 (3888415)|VARIABLE_SCOPE_BEGIN|[157]|fieldName|String|false|false
09:49:16.2 (3894632)|VARIABLE_ASSIGNMENT|[157]|fieldName|"testautonumdata__Twi (10 more) ..."
09:49:16.2 (3896308)|VARIABLE_SCOPE_BEGIN|[157]|ObjectName|String|false|false
09:49:16.2 (3899794)|VARIABLE_ASSIGNMENT|[157]|ObjectName|"testautonumdata__Can (9 more) ..."
09:49:16.2 (3901250)|VARIABLE_SCOPE_BEGIN|[157]|theMap|Map<String,Set<String>>|true|false
09:49:16.2 (3914698)|VARIABLE_ASSIGNMENT|[157]|theMap|{"s":1,"v":{"testautonumdata__Can (9 more) ...":{"s":2,"v":["Id"]}}}|0xecd8f59
09:49:16.2 (3922132)|HEAP_ALLOCATE|[160]|Bytes:5
09:49:16.2 (3925809)|STATEMENT_EXECUTE|[158]
09:49:16.2 (3931985)|ENTERING_MANAGED_PKG|
09:49:16.2 (3937836)|STATEMENT_EXECUTE|[161]
09:49:16.2 (3939270)|STATEMENT_EXECUTE|[162]
09:49:16.2 (3944270)|ENTERING_MANAGED_PKG|
09:49:16.2 (3981009)|VARIABLE_SCOPE_BEGIN|[162]|existingFieldSet|Set<String>|true|false
09:49:16.2 (3995345)|VARIABLE_ASSIGNMENT|[162]|existingFieldSet|{"s":1,"v":["Id"]}|0x46f73571
09:49:16.2 (3998515)|STATEMENT_EXECUTE|[163]
09:49:16.2 (4005053)|ENTERING_MANAGED_PKG|
09:49:16.2 (4028008)|HEAP_ALLOCATE|[EXTERNAL]|Bytes:4
09:49:16.2 (4035634)|STATEMENT_EXECUTE|[164]
09:49:16.2 (4042509)|ENTERING_MANAGED_PKG|
09:49:16.2 (4077729)|METHOD_EXIT|[150]|01pB0000000ljzx|testautonumdata.Sparkle_Helper.AddFieldToMap(String, String, Map<String,Set<String>>)
09:49:16.2 (4085080)|METHOD_EXIT|[97]|01pB0000000ljzx|testautonumdata.Sparkle_Helper.AddFieldToObjectsMap(String, String, Map<String,Set<String>>)
09:49:16.2 (4088734)|STATEMENT_EXECUTE|[100]
09:49:16.2 (4090698)|STATEMENT_EXECUTE|[105]
09:49:16.2 (4092154)|STATEMENT_EXECUTE|[110]
09:49:16.2 (4093693)|STATEMENT_EXECUTE|[115]
09:49:16.2 (4094737)|STATEMENT_EXECUTE|[121]
09:49:16.2 (4098721)|HEAP_ALLOCATE|[121]|Bytes:6
09:49:16.2 (4111640)|ENTERING_MANAGED_PKG|
09:49:16.2 (4131630)|HEAP_ALLOCATE|[121]|Bytes:29
09:49:16.2 (4145251)|HEAP_ALLOCATE|[121]|Bytes:35
09:49:16.2 (4149760)|HEAP_ALLOCATE|[121]|Bytes:76
09:49:16.2 (4158443)|VARIABLE_ASSIGNMENT|[121]|soql|"Select id, testauton (56 more) ..."
09:49:16.2 (4161140)|STATEMENT_EXECUTE|[123]
09:49:16.2 (4164615)|HEAP_ALLOCATE|[123]|Bytes:12
09:49:16.2 (4174164)|ENTERING_MANAGED_PKG|
09:49:16.2 (4192617)|HEAP_ALLOCATE|[123]|Bytes:18
09:49:16.2 (4203598)|HEAP_ALLOCATE|[123]|Bytes:1
09:49:16.2 (4212424)|HEAP_ALLOCATE|[123]|Bytes:31
09:49:16.2 (4216711)|HEAP_ALLOCATE|[123]|Bytes:107
09:49:16.2 (4224560)|VARIABLE_ASSIGNMENT|[123]|soql|"Select id, testauton (87 more) ..."
09:49:16.2 (4227024)|STATEMENT_EXECUTE|[126]
09:49:16.2 (4229903)|HEAP_ALLOCATE|[126]|Bytes:8
09:49:16.2 (4234006)|HEAP_ALLOCATE|[126]|Bytes:115
09:49:16.2 (4239814)|VARIABLE_ASSIGNMENT|[126]|soql|"Select id, testauton (95 more) ..."
09:49:16.2 (4241738)|STATEMENT_EXECUTE|[128]
09:49:16.2 (4244478)|HEAP_ALLOCATE|[128]|Bytes:15
09:49:16.2 (4248397)|HEAP_ALLOCATE|[128]|Bytes:130
09:49:16.2 (4271755)|ENTERING_MANAGED_PKG|
09:49:16.2 (4297830)|USER_DEBUG|[128]|DEBUG|######## soql: Select id, testautonumdata__Twitter_ID__c FROM testautonumdata__Candidate__c WHERE id ='a0NB0000000TaTOMA0' limit 1
09:49:16.2 (4316649)|METHOD_ENTRY|[132]|01pB0000000ljzx|testautonumdata.Sparkle_Helper.UserHasAccessToObjectsAndFields(Map<String,Set<String>>)
09:49:16.2 (4331317)|VARIABLE_SCOPE_BEGIN|[175]|theMap|Map<String,Set<String>>|true|false
09:49:16.2 (4350388)|VARIABLE_ASSIGNMENT|[175]|theMap|{"s":1,"v":{"testautonumdata__Can (9 more) ...":{"s":2,"v":["Id","testautonumdata__Twi (10 more) ..."]}}}|0xecd8f59
09:49:16.2 (4360002)|HEAP_ALLOCATE|[177]|Bytes:5
09:49:16.2 (4364705)|STATEMENT_EXECUTE|[176]
09:49:16.2 (4365956)|STATEMENT_EXECUTE|[177]
09:49:16.2 (4369649)|VARIABLE_SCOPE_BEGIN|[177]|hasAccess|Boolean|false|false
09:49:16.2 (4372739)|HEAP_ALLOCATE|[177]|Bytes:5
09:49:16.2 (4377286)|VARIABLE_ASSIGNMENT|[177]|hasAccess|true
09:49:16.2 (4385531)|ENTERING_MANAGED_PKG|
09:49:16.2 (4410808)|STATEMENT_EXECUTE|[180]
09:49:16.2 (4413197)|STATEMENT_EXECUTE|[181]
09:49:16.2 (4417002)|HEAP_ALLOCATE|[181]|Bytes:17
09:49:16.2 (4433449)|ENTERING_MANAGED_PKG|
09:49:16.2 (4468244)|HEAP_ALLOCATE|[181]|Bytes:68
09:49:16.2 (4483146)|HEAP_ALLOCATE|[181]|Bytes:85
09:49:16.2 (4491710)|ENTERING_MANAGED_PKG|
09:49:16.2 (4494606)|USER_DEBUG|[181]|DEBUG|######## theMap: {testautonumdata__Candidate__c={Id, testautonumdata__Twitter_ID__c}}
09:49:16.2 (4511924)|HEAP_ALLOCATE|[182]|Bytes:4
09:49:16.2 (4525679)|ENTERING_MANAGED_PKG|
09:49:16.2 (4552723)|ENTERING_MANAGED_PKG|
09:49:16.2 (4567171)|HEAP_ALLOCATE|[182]|Bytes:37
09:49:16.2 (4578596)|ENTERING_MANAGED_PKG|
09:49:16.2 (4585802)|HEAP_ALLOCATE|[182]|Bytes:4
09:49:16.2 (4592635)|ENTERING_MANAGED_PKG|
09:49:16.2 (4648066)|HEAP_ALLOCATE|[182]|Bytes:5
09:49:16.2 (4663710)|VARIABLE_SCOPE_BEGIN|[182]|objectName|String|false|false
09:49:16.2 (4672221)|VARIABLE_ASSIGNMENT|[182]|objectName|"testautonumdata__Can (9 more) ..."
09:49:16.2 (4675657)|STATEMENT_EXECUTE|[183]
09:49:16.2 (4676834)|STATEMENT_EXECUTE|[184]
09:49:16.2 (4680210)|HEAP_ALLOCATE|[184]|Bytes:21
09:49:16.2 (4686446)|HEAP_ALLOCATE|[184]|Bytes:50
09:49:16.2 (4695029)|ENTERING_MANAGED_PKG|
09:49:16.2 (4713910)|USER_DEBUG|[184]|DEBUG|######## objectName: testautonumdata__Candidate__c
09:49:16.2 (4720522)|STATEMENT_EXECUTE|[185]
09:49:16.2 (4735638)|ENTERING_MANAGED_PKG|
09:49:16.2 (19648170)|HEAP_ALLOCATE|[185]|Bytes:1648
09:49:16.2 (19677669)|ENTERING_MANAGED_PKG|
09:49:16.2 (19828710)|HEAP_ALLOCATE|[185]|Bytes:4
09:49:16.2 (19838892)|VARIABLE_SCOPE_BEGIN|[185]|sObj|SObject|true|false
09:49:16.2 (19857364)|VARIABLE_ASSIGNMENT|[185]|sObj|{}|0x63dcbd2e
09:49:16.2 (19862117)|STATEMENT_EXECUTE|[186]
09:49:16.2 (19886063)|ENTERING_MANAGED_PKG|
09:49:16.2 (20249614)|HEAP_ALLOCATE|[186]|Bytes:4
09:49:16.2 (20934085)|HEAP_ALLOCATE|[186]|Bytes:140
09:49:16.2 (20944526)|VARIABLE_SCOPE_BEGIN|[186]|m|Map<String,Schema.SObjectField>|true|false
09:49:16.2 (21247597)|VARIABLE_ASSIGNMENT|[186]|m|"{createdbyid=CreatedById, createddate=CreatedDate, id=Id, isdeleted=IsDeleted, lastactivitydate=LastActivityDate, lastmodifiedbyid=LastModifiedById, lastmodifieddate=LastModifiedDate, lastreferenceddate=LastReferencedDate, lastvieweddate=LastViewedDate, name=Name, ...}"|0x62adc822
09:49:16.2 (21256331)|STATEMENT_EXECUTE|[187]
09:49:16.2 (21268318)|ENTERING_MANAGED_PKG|
09:49:16.2 (21308518)|VARIABLE_SCOPE_BEGIN|[187]|objectFieldSet|Set<String>|true|false
09:49:16.2 (21329389)|VARIABLE_ASSIGNMENT|[187]|objectFieldSet|{"s":1,"v":["Id","testautonumdata__Twi (10 more) ..."]}|0x46f73571
09:49:16.2 (21337983)|HEAP_ALLOCATE|[189]|Bytes:4
09:49:16.2 (21350896)|ENTERING_MANAGED_PKG|
09:49:16.2 (21381760)|ENTERING_MANAGED_PKG|
09:49:16.2 (21387983)|HEAP_ALLOCATE|[189]|Bytes:8
09:49:16.2 (21395513)|ENTERING_MANAGED_PKG|
09:49:16.2 (21414142)|HEAP_ALLOCATE|[189]|Bytes:5
09:49:16.2 (21427813)|VARIABLE_SCOPE_BEGIN|[189]|fieldToCheck|String|false|false
09:49:16.2 (21435345)|VARIABLE_ASSIGNMENT|[189]|fieldToCheck|"Id"
09:49:16.2 (21438629)|STATEMENT_EXECUTE|[189]
09:49:16.2 (21439979)|STATEMENT_EXECUTE|[190]
09:49:16.2 (21443813)|HEAP_ALLOCATE|[190]|Bytes:23
09:49:16.2 (21451257)|HEAP_ALLOCATE|[190]|Bytes:25
09:49:16.2 (21460993)|ENTERING_MANAGED_PKG|
09:49:16.2 (21482312)|USER_DEBUG|[190]|DEBUG|######## fieldToCheck: Id
09:49:16.2 (21496503)|ENTERING_MANAGED_PKG|
09:49:16.2 (21815187)|HEAP_ALLOCATE|[192]|Bytes:8
09:49:16.2 (21841073)|STATEMENT_EXECUTE|[192]
09:49:16.2 (21843234)|STATEMENT_EXECUTE|[199]
09:49:16.2 (21846387)|HEAP_ALLOCATE|[199]|Bytes:35
09:49:16.2 (21856187)|HEAP_ALLOCATE|[199]|Bytes:37
09:49:16.2 (21865335)|ENTERING_MANAGED_PKG|
09:49:16.2 (21884187)|USER_DEBUG|[199]|DEBUG|######## User has access to field: Id
09:49:16.2 (21899120)|HEAP_ALLOCATE|[189]|Bytes:5
09:49:16.2 (21909829)|VARIABLE_SCOPE_BEGIN|[189]|fieldToCheck|String|false|false
09:49:16.2 (21918990)|VARIABLE_ASSIGNMENT|[189]|fieldToCheck|"testautonumdata__Twi (10 more) ..."
09:49:16.2 (21922085)|STATEMENT_EXECUTE|[189]
09:49:16.2 (21923182)|STATEMENT_EXECUTE|[190]
09:49:16.2 (21928355)|HEAP_ALLOCATE|[190]|Bytes:53
09:49:16.2 (21935554)|ENTERING_MANAGED_PKG|
09:49:16.2 (21938190)|USER_DEBUG|[190]|DEBUG|######## fieldToCheck: testautonumdata__Twitter_ID__c
09:49:16.2 (21945519)|ENTERING_MANAGED_PKG|
09:49:16.2 (22383342)|HEAP_ALLOCATE|[192]|Bytes:8
09:49:16.2 (22399276)|STATEMENT_EXECUTE|[192]
09:49:16.2 (22401196)|STATEMENT_EXECUTE|[199]
09:49:16.2 (22407080)|HEAP_ALLOCATE|[199]|Bytes:65
09:49:16.2 (22414449)|ENTERING_MANAGED_PKG|
09:49:16.2 (22417144)|USER_DEBUG|[199]|DEBUG|######## User has access to field: testautonumdata__Twitter_ID__c
09:49:16.2 (22429288)|HEAP_ALLOCATE|[189]|Bytes:5
09:49:16.2 (22442117)|VARIABLE_ASSIGNMENT|[189]|fieldToCheck|null
09:49:16.2 (22450901)|HEAP_ALLOCATE|[182]|Bytes:5
09:49:16.2 (22459819)|VARIABLE_ASSIGNMENT|[182]|objectName|null
09:49:16.2 (22463597)|STATEMENT_EXECUTE|[206]
09:49:16.2 (22466569)|HEAP_ALLOCATE|[206]|Bytes:5
09:49:16.2 (22479155)|METHOD_EXIT|[132]|01pB0000000ljzx|testautonumdata.Sparkle_Helper.UserHasAccessToObjectsAndFields(Map<String,Set<String>>)
09:49:16.2 (22483700)|STATEMENT_EXECUTE|[133]
09:49:16.2 (22484979)|STATEMENT_EXECUTE|[135]
09:49:16.2 (22511200)|ENTERING_MANAGED_PKG|
09:49:16.2 (22543491)|HEAP_ALLOCATE|[135]|Bytes:5
09:49:16.2 (22825060)|SOQL_EXECUTE_BEGIN|[135]|Aggregations:0|Select id, testautonumdata__Twitter_ID__c FROM testautonumdata__Candidate__c WHERE id ='a0NB0000000TaTOMA0' limit 1
09:49:16.2 (25628649)|SOQL_EXECUTE_END|[135]|Rows:0
09:49:16.2 (25658170)|HEAP_ALLOCATE|[135]|Bytes:4
09:49:16.2 (25671765)|HEAP_ALLOCATE|[135]|Bytes:0
09:49:16.2 (25730023)|HEAP_ALLOCATE|[135]|Bytes:4
09:49:16.2 (25746042)|VARIABLE_SCOPE_BEGIN|[135]|lstQueriedRecords|List<SObject>|true|false
09:49:16.2 (25764435)|VARIABLE_ASSIGNMENT|[135]|lstQueriedRecords|{"s":1,"v":[]}|0x473e1adb
09:49:16.2 (25835510)|ENTERING_MANAGED_PKG|
09:49:16.2 (25865159)|STATEMENT_EXECUTE|[136]
09:49:16.2 (25868351)|STATEMENT_EXECUTE|[177]
09:49:16.2 (25882088)|SYSTEM_MODE_EXIT|false
09:49:16.25 (25931165)|CUMULATIVE_LIMIT_USAGE
09:49:16.25 (25931165)|LIMIT_USAGE_FOR_NS|(default)|
  Number of SOQL queries: 0 out of 100
  Number of query rows: 0 out of 50000
  Number of SOSL queries: 0 out of 20
  Number of DML statements: 0 out of 150
  Number of DML rows: 0 out of 10000
  Maximum CPU time: 0 out of 10000
  Maximum heap size: 0 out of 6000000
  Number of callouts: 0 out of 100
  Number of Email Invocations: 0 out of 10
  Number of future calls: 0 out of 50
  Number of queueable jobs added to the queue: 0 out of 50
  Number of Mobile Apex push calls: 0 out of 10

09:49:16.25 (25931165)|LIMIT_USAGE_FOR_NS|testautonumdata|
  Number of SOQL queries: 1 out of 100
  Number of query rows: 0 out of 50000
  Number of SOSL queries: 0 out of 20
  Number of DML statements: 0 out of 150
  Number of DML rows: 0 out of 10000
  Maximum CPU time: 0 out of 10000
  Maximum heap size: 0 out of 6000000
  Number of callouts: 0 out of 100
  Number of Email Invocations: 0 out of 10
  Number of future calls: 0 out of 50
  Number of queueable jobs added to the queue: 0 out of 50
  Number of Mobile Apex push calls: 0 out of 10

09:49:16.25 (25931165)|CUMULATIVE_LIMIT_USAGE_END

09:49:16.27 (27923837)|CODE_UNIT_STARTED|[EXTERNAL]|Aura
09:49:16.214 (214144241)|CODE_UNIT_STARTED|[EXTERNAL]|01pB0000000lc8w|RelatedListServerController.getListRecords
09:49:16.214 (214222248)|VARIABLE_SCOPE_BEGIN|[3]|RelatedListServerController.mapObjectsFields|Map<String,Set<String>>|true|true
09:49:16.214 (214242246)|HEAP_ALLOCATE|[EXTERNAL]|Bytes:220
09:49:16.214 (214250940)|HEAP_ALLOCATE|[EXTERNAL]|Bytes:21
09:49:16.214 (214254102)|HEAP_ALLOCATE|[EXTERNAL]|Bytes:22
09:49:16.214 (214273329)|METHOD_ENTRY|[1]|01pB0000000lc8w|RelatedListServerController.RelatedListServerController()
09:49:16.214 (214277821)|STATEMENT_EXECUTE|[1]
09:49:16.214 (214286631)|STATEMENT_EXECUTE|[1]
09:49:16.214 (214297343)|SYSTEM_MODE_ENTER|false
09:49:16.214 (214307962)|HEAP_ALLOCATE|[3]|Bytes:5
09:49:16.214 (214312300)|STATEMENT_EXECUTE|[3]
09:49:16.214 (214350660)|VARIABLE_ASSIGNMENT|[3]|RelatedListServerController.mapObjectsFields|null|
09:49:16.214 (214358285)|SYSTEM_MODE_EXIT|false
09:49:16.214 (214371110)|METHOD_EXIT|[1]|RelatedListServerController
09:49:16.214 (214376821)|HEAP_ALLOCATE|[EXTERNAL]|Bytes:1
09:49:16.214 (214378849)|HEAP_ALLOCATE|[EXTERNAL]|Bytes:18
09:49:16.214 (214380323)|HEAP_ALLOCATE|[EXTERNAL]|Bytes:28
09:49:16.214 (214381661)|HEAP_ALLOCATE|[EXTERNAL]|Bytes:29
09:49:16.214 (214382992)|HEAP_ALLOCATE|[EXTERNAL]|Bytes:7
09:49:16.214 (214384268)|HEAP_ALLOCATE|[EXTERNAL]|Bytes:5
09:49:16.214 (214385506)|HEAP_ALLOCATE|[EXTERNAL]|Bytes:11
09:49:16.214 (214393305)|SYSTEM_MODE_ENTER|false
09:49:16.214 (214401903)|VARIABLE_SCOPE_BEGIN|[22]|rowsLimit|String|false|false
09:49:16.214 (214411729)|VARIABLE_ASSIGNMENT|[22]|rowsLimit|"8"
09:49:16.214 (214413700)|VARIABLE_SCOPE_BEGIN|[22]|recordId|String|false|false
09:49:16.214 (214417356)|VARIABLE_ASSIGNMENT|[22]|recordId|"a0NB0000000TaTOMA0"
09:49:16.214 (214419072)|VARIABLE_SCOPE_BEGIN|[22]|objectApiName|String|false|false
09:49:16.214 (214424174)|VARIABLE_ASSIGNMENT|[22]|objectApiName|"testautonumdata__Ref (8 more) ..."
09:49:16.214 (214426114)|VARIABLE_SCOPE_BEGIN|[22]|ParentObjectFieldName|String|false|false
09:49:16.214 (214429542)|VARIABLE_ASSIGNMENT|[22]|ParentObjectFieldName|"testautonumdata__Can (9 more) ..."
09:49:16.214 (214431306)|VARIABLE_SCOPE_BEGIN|[22]|filter1Field|String|false|false
09:49:16.214 (214434516)|VARIABLE_ASSIGNMENT|[22]|filter1Field|null
09:49:16.214 (214436235)|VARIABLE_SCOPE_BEGIN|[22]|filter1Value|String|false|false
09:49:16.214 (214438859)|VARIABLE_ASSIGNMENT|[22]|filter1Value|null
09:49:16.214 (214440378)|VARIABLE_SCOPE_BEGIN|[22]|column1|String|false|false
09:49:16.214 (214443030)|VARIABLE_ASSIGNMENT|[22]|column1|"OwnerId"
09:49:16.214 (214444605)|VARIABLE_SCOPE_BEGIN|[22]|RelFieldWithName|String|false|false
09:49:16.214 (214447497)|VARIABLE_ASSIGNMENT|[22]|RelFieldWithName|"Owner"
09:49:16.214 (214449138)|VARIABLE_SCOPE_BEGIN|[22]|column2|String|false|false
09:49:16.214 (214451541)|VARIABLE_ASSIGNMENT|[22]|column2|"createddate"
09:49:16.214 (214461291)|HEAP_ALLOCATE|[24]|Bytes:5
09:49:16.214 (214466133)|STATEMENT_EXECUTE|[22]
09:49:16.214 (214467511)|STATEMENT_EXECUTE|[24]
09:49:16.214 (214471037)|HEAP_ALLOCATE|[24]|Bytes:20
09:49:16.214 (214484874)|HEAP_ALLOCATE|[24]|Bytes:21
09:49:16.214 (214509209)|ENTERING_MANAGED_PKG|
09:49:16.214 (214551461)|USER_DEBUG|[24]|DEBUG|######## rowsLimit: 8
09:49:16.214 (214560181)|STATEMENT_EXECUTE|[25]
09:49:16.214 (214564510)|HEAP_ALLOCATE|[25]|Bytes:24
09:49:16.214 (214571106)|HEAP_ALLOCATE|[25]|Bytes:52
09:49:16.214 (214578665)|ENTERING_MANAGED_PKG|
09:49:16.214 (214593183)|USER_DEBUG|[25]|DEBUG|######## objectApiName: testautonumdata__Referral__c
09:49:16.214 (214598853)|STATEMENT_EXECUTE|[28]
09:49:16.214 (214606341)|HEAP_ALLOCATE|[28]|Bytes:4
09:49:16.214 (214636135)|VARIABLE_ASSIGNMENT|[28]|RelatedListServerController.mapObjectsFields|{"s":1,"v":{}}|0x4ba0f956
09:49:16.214 (214639669)|STATEMENT_EXECUTE|[30]
09:49:16.214 (214657113)|METHOD_ENTRY|[30]|01pB0000000ljzx|testautonumdata.Sparkle_Helper.AddFieldToObjectsMap(String, String, Map<String,Set<String>>)
09:49:16.214 (214679310)|VARIABLE_SCOPE_BEGIN|[107]|fieldName|String|false|false
09:49:16.214 (214685957)|VARIABLE_ASSIGNMENT|[107]|fieldName|"Id"
09:49:16.214 (214688269)|VARIABLE_SCOPE_BEGIN|[107]|initialObjectName|String|false|false
09:49:16.214 (214692952)|VARIABLE_ASSIGNMENT|[107]|initialObjectName|"testautonumdata__Ref (8 more) ..."
09:49:16.214 (214694981)|VARIABLE_SCOPE_BEGIN|[107]|theMap|Map<String,Set<String>>|true|false
09:49:16.214 (214703773)|VARIABLE_ASSIGNMENT|[107]|theMap|{"s":1,"v":{}}|0x4ba0f956
09:49:16.214 (214712504)|HEAP_ALLOCATE|[109]|Bytes:5
09:49:16.214 (214716893)|STATEMENT_EXECUTE|[108]
09:49:16.214 (214732220)|ENTERING_MANAGED_PKG|
09:49:16.214 (214742528)|STATEMENT_EXECUTE|[150]
09:49:16.214 (214750328)|METHOD_ENTRY|[150]|01pB0000000ljzx|testautonumdata.Sparkle_Helper.AddFieldToMap(String, String, Map<String,Set<String>>)
09:49:16.214 (214755181)|VARIABLE_SCOPE_BEGIN|[157]|fieldName|String|false|false
09:49:16.214 (214760036)|VARIABLE_ASSIGNMENT|[157]|fieldName|"Id"
09:49:16.214 (214762116)|VARIABLE_SCOPE_BEGIN|[157]|ObjectName|String|false|false
09:49:16.214 (214766376)|VARIABLE_ASSIGNMENT|[157]|ObjectName|"testautonumdata__Ref (8 more) ..."
09:49:16.214 (214768187)|VARIABLE_SCOPE_BEGIN|[157]|theMap|Map<String,Set<String>>|true|false
09:49:16.214 (214775477)|VARIABLE_ASSIGNMENT|[157]|theMap|{"s":1,"v":{}}|0x4ba0f956
09:49:16.214 (214782500)|HEAP_ALLOCATE|[160]|Bytes:5
09:49:16.214 (214785994)|STATEMENT_EXECUTE|[158]
09:49:16.214 (214793183)|ENTERING_MANAGED_PKG|
09:49:16.214 (214802466)|STATEMENT_EXECUTE|[167]
09:49:16.214 (214803897)|STATEMENT_EXECUTE|[168]
09:49:16.214 (214810666)|HEAP_ALLOCATE|[168]|Bytes:4
09:49:16.214 (214823957)|ENTERING_MANAGED_PKG|
09:49:16.214 (214833004)|VARIABLE_SCOPE_BEGIN|[168]|newFieldSet|Set<String>|true|false
09:49:16.214 (214859743)|VARIABLE_ASSIGNMENT|[168]|newFieldSet|{"s":1,"v":[]}|0x60100174
09:49:16.214 (214863018)|STATEMENT_EXECUTE|[169]
09:49:16.214 (214869753)|ENTERING_MANAGED_PKG|
09:49:16.214 (214873611)|HEAP_ALLOCATE|[EXTERNAL]|Bytes:4
09:49:16.214 (214879114)|STATEMENT_EXECUTE|[170]
09:49:16.214 (214883478)|ENTERING_MANAGED_PKG|
09:49:16.214 (214890104)|HEAP_ALLOCATE|[EXTERNAL]|Bytes:-4
09:49:16.214 (214900990)|METHOD_EXIT|[150]|01pB0000000ljzx|testautonumdata.Sparkle_Helper.AddFieldToMap(String, String, Map<String,Set<String>>)
09:49:16.214 (214908148)|METHOD_EXIT|[30]|01pB0000000ljzx|testautonumdata.Sparkle_Helper.AddFieldToObjectsMap(String, String, Map<String,Set<String>>)
09:49:16.214 (214911367)|STATEMENT_EXECUTE|[34]
09:49:16.214 (214942381)|HEAP_ALLOCATE|[34]|Bytes:4
09:49:16.214 (215012128)|ENTERING_MANAGED_PKG|
09:49:16.214 (215049407)|VARIABLE_SCOPE_BEGIN|[34]|lstReturnRecords|List<testautonumdata.RelatedListServerController>|true|false
09:49:16.214 (215077473)|HEAP_ALLOCATE|[EXTERNAL]|Bytes:4
09:49:16.214 (215092007)|VARIABLE_ASSIGNMENT|[34]|lstReturnRecords|{"s":1,"v":[]}|0x4eab5d9
09:49:16.214 (215096311)|STATEMENT_EXECUTE|[37]
09:49:16.214 (215097517)|STATEMENT_EXECUTE|[38]
09:49:16.214 (215101816)|HEAP_ALLOCATE|[38]|Bytes:5
09:49:16.214 (215109440)|HEAP_ALLOCATE|[38]|Bytes:10
09:49:16.214 (215114564)|VARIABLE_SCOPE_BEGIN|[38]|fullUserRelationship|String|false|false
09:49:16.214 (215120489)|VARIABLE_ASSIGNMENT|[38]|fullUserRelationship|"Owner.Name"
09:49:16.214 (215122695)|STATEMENT_EXECUTE|[39]
09:49:16.214 (215125150)|VARIABLE_SCOPE_BEGIN|[39]|soql|String|false|false
09:49:16.214 (215129508)|VARIABLE_ASSIGNMENT|[39]|soql|"Select id"
09:49:16.214 (215131290)|STATEMENT_EXECUTE|[41]
09:49:16.214 (215132390)|STATEMENT_EXECUTE|[42]
09:49:16.214 (215144414)|ENTERING_MANAGED_PKG|
09:49:16.214 (215172898)|HEAP_ALLOCATE|[42]|Bytes:7
09:49:16.214 (215186829)|HEAP_ALLOCATE|[42]|Bytes:9
09:49:16.214 (215191448)|HEAP_ALLOCATE|[42]|Bytes:18
09:49:16.214 (215198580)|VARIABLE_ASSIGNMENT|[42]|soql|"Select id, OwnerId"
09:49:16.214 (215201516)|STATEMENT_EXECUTE|[43]
09:49:16.214 (215213079)|METHOD_ENTRY|[43]|01pB0000000ljzx|testautonumdata.Sparkle_Helper.AddFieldToObjectsMap(String, String, Map<String,Set<String>>)
09:49:16.214 (215229482)|VARIABLE_SCOPE_BEGIN|[107]|fieldName|String|false|false
09:49:16.214 (215234679)|VARIABLE_ASSIGNMENT|[107]|fieldName|"OwnerId"
09:49:16.214 (215236335)|VARIABLE_SCOPE_BEGIN|[107]|initialObjectName|String|false|false
09:49:16.214 (215240481)|VARIABLE_ASSIGNMENT|[107]|initialObjectName|"testautonumdata__Ref (8 more) ..."
09:49:16.214 (215242197)|VARIABLE_SCOPE_BEGIN|[107]|theMap|Map<String,Set<String>>|true|false
09:49:16.214 (215258333)|VARIABLE_ASSIGNMENT|[107]|theMap|{"s":1,"v":{"testautonumdata__Ref (8 more) ...":{"s":2,"v":["Id"]}}}|0x4ba0f956
09:49:16.214 (215267304)|HEAP_ALLOCATE|[109]|Bytes:5
09:49:16.214 (215271463)|STATEMENT_EXECUTE|[108]
09:49:16.214 (215283380)|ENTERING_MANAGED_PKG|
09:49:16.214 (215291411)|STATEMENT_EXECUTE|[150]
09:49:16.214 (215297512)|METHOD_ENTRY|[150]|01pB0000000ljzx|testautonumdata.Sparkle_Helper.AddFieldToMap(String, String, Map<String,Set<String>>)
09:49:16.214 (215301250)|VARIABLE_SCOPE_BEGIN|[157]|fieldName|String|false|false
09:49:16.214 (215306286)|VARIABLE_ASSIGNMENT|[157]|fieldName|"OwnerId"
09:49:16.214 (215307756)|VARIABLE_SCOPE_BEGIN|[157]|ObjectName|String|false|false
09:49:16.214 (215311495)|VARIABLE_ASSIGNMENT|[157]|ObjectName|"testautonumdata__Ref (8 more) ..."
09:49:16.214 (215313129)|VARIABLE_SCOPE_BEGIN|[157]|theMap|Map<String,Set<String>>|true|false
09:49:16.214 (215326292)|VARIABLE_ASSIGNMENT|[157]|theMap|{"s":1,"v":{"testautonumdata__Ref (8 more) ...":{"s":2,"v":["Id"]}}}|0x4ba0f956
09:49:16.214 (215333580)|HEAP_ALLOCATE|[160]|Bytes:5
09:49:16.214 (215337089)|STATEMENT_EXECUTE|[158]
09:49:16.214 (215343436)|ENTERING_MANAGED_PKG|
09:49:16.214 (215349701)|STATEMENT_EXECUTE|[161]
09:49:16.214 (215351101)|STATEMENT_EXECUTE|[162]
09:49:16.214 (215354534)|ENTERING_MANAGED_PKG|
09:49:16.214 (215368888)|VARIABLE_SCOPE_BEGIN|[162]|existingFieldSet|Set<String>|true|false
09:49:16.214 (215380943)|VARIABLE_ASSIGNMENT|[162]|existingFieldSet|{"s":1,"v":["Id"]}|0x60100174
09:49:16.214 (215383843)|STATEMENT_EXECUTE|[163]
09:49:16.214 (215388955)|ENTERING_MANAGED_PKG|
09:49:16.214 (215391539)|HEAP_ALLOCATE|[EXTERNAL]|Bytes:4
09:49:16.214 (215396163)|STATEMENT_EXECUTE|[164]
09:49:16.214 (215399916)|ENTERING_MANAGED_PKG|
09:49:16.214 (215413656)|METHOD_EXIT|[150]|01pB0000000ljzx|testautonumdata.Sparkle_Helper.AddFieldToMap(String, String, Map<String,Set<String>>)
09:49:16.214 (215420824)|METHOD_EXIT|[43]|01pB0000000ljzx|testautonumdata.Sparkle_Helper.AddFieldToObjectsMap(String, String, Map<String,Set<String>>)
09:49:16.214 (215424589)|STATEMENT_EXECUTE|[46]
09:49:16.214 (215426060)|STATEMENT_EXECUTE|[47]
09:49:16.214 (215437678)|ENTERING_MANAGED_PKG|
09:49:16.214 (215459467)|HEAP_ALLOCATE|[47]|Bytes:10
09:49:16.214 (215473628)|HEAP_ALLOCATE|[47]|Bytes:12
09:49:16.214 (215478135)|HEAP_ALLOCATE|[47]|Bytes:30
09:49:16.214 (215486745)|VARIABLE_ASSIGNMENT|[47]|soql|"Select id, OwnerId,  (10 more) ..."
09:49:16.214 (215490613)|STATEMENT_EXECUTE|[50]
09:49:16.214 (215492191)|STATEMENT_EXECUTE|[51]
09:49:16.214 (215501358)|ENTERING_MANAGED_PKG|
09:49:16.214 (215524903)|HEAP_ALLOCATE|[51]|Bytes:11
09:49:16.214 (215539015)|HEAP_ALLOCATE|[51]|Bytes:13
09:49:16.214 (215543417)|HEAP_ALLOCATE|[51]|Bytes:43
09:49:16.214 (215551320)|VARIABLE_ASSIGNMENT|[51]|soql|"Select id, OwnerId,  (23 more) ..."
09:49:16.214 (215554122)|STATEMENT_EXECUTE|[52]
09:49:16.214 (215563695)|METHOD_ENTRY|[52]|01pB0000000ljzx|testautonumdata.Sparkle_Helper.AddFieldToObjectsMap(String, String, Map<String,Set<String>>)
09:49:16.214 (215579588)|VARIABLE_SCOPE_BEGIN|[107]|fieldName|String|false|false
09:49:16.214 (215584887)|VARIABLE_ASSIGNMENT|[107]|fieldName|"createddate"
09:49:16.214 (215586727)|VARIABLE_SCOPE_BEGIN|[107]|initialObjectName|String|false|false
09:49:16.214 (215590373)|VARIABLE_ASSIGNMENT|[107]|initialObjectName|"testautonumdata__Ref (8 more) ..."
09:49:16.214 (215591974)|VARIABLE_SCOPE_BEGIN|[107]|theMap|Map<String,Set<String>>|true|false
09:49:16.214 (215606766)|VARIABLE_ASSIGNMENT|[107]|theMap|{"s":1,"v":{"testautonumdata__Ref (8 more) ...":{"s":2,"v":["Id","OwnerId"]}}}|0x4ba0f956
09:49:16.214 (215615499)|HEAP_ALLOCATE|[109]|Bytes:5
09:49:16.214 (215619819)|STATEMENT_EXECUTE|[108]
09:49:16.214 (215631542)|ENTERING_MANAGED_PKG|
09:49:16.214 (215639715)|STATEMENT_EXECUTE|[150]
09:49:16.214 (215645728)|METHOD_ENTRY|[150]|01pB0000000ljzx|testautonumdata.Sparkle_Helper.AddFieldToMap(String, String, Map<String,Set<String>>)
09:49:16.214 (215649009)|VARIABLE_SCOPE_BEGIN|[157]|fieldName|String|false|false
09:49:16.214 (215653770)|VARIABLE_ASSIGNMENT|[157]|fieldName|"createddate"
09:49:16.214 (215655236)|VARIABLE_SCOPE_BEGIN|[157]|ObjectName|String|false|false
09:49:16.214 (215658957)|VARIABLE_ASSIGNMENT|[157]|ObjectName|"testautonumdata__Ref (8 more) ..."
09:49:16.214 (215660424)|VARIABLE_SCOPE_BEGIN|[157]|theMap|Map<String,Set<String>>|true|false
09:49:16.214 (215673468)|VARIABLE_ASSIGNMENT|[157]|theMap|{"s":1,"v":{"testautonumdata__Ref (8 more) ...":{"s":2,"v":["Id","OwnerId"]}}}|0x4ba0f956
09:49:16.214 (215680944)|HEAP_ALLOCATE|[160]|Bytes:5
09:49:16.214 (215684517)|STATEMENT_EXECUTE|[158]
09:49:16.214 (215690459)|ENTERING_MANAGED_PKG|
09:49:16.214 (215696146)|STATEMENT_EXECUTE|[161]
09:49:16.214 (215697704)|STATEMENT_EXECUTE|[162]
09:49:16.214 (215700870)|ENTERING_MANAGED_PKG|
09:49:16.214 (215709875)|VARIABLE_SCOPE_BEGIN|[162]|existingFieldSet|Set<String>|true|false
09:49:16.214 (215721792)|VARIABLE_ASSIGNMENT|[162]|existingFieldSet|{"s":1,"v":["Id","OwnerId"]}|0x60100174
09:49:16.214 (215724741)|STATEMENT_EXECUTE|[163]
09:49:16.214 (215729810)|ENTERING_MANAGED_PKG|
09:49:16.214 (215732341)|HEAP_ALLOCATE|[EXTERNAL]|Bytes:4
09:49:16.214 (215736787)|STATEMENT_EXECUTE|[164]
09:49:16.214 (215740343)|ENTERING_MANAGED_PKG|
09:49:16.214 (215753638)|METHOD_EXIT|[150]|01pB0000000ljzx|testautonumdata.Sparkle_Helper.AddFieldToMap(String, String, Map<String,Set<String>>)
09:49:16.214 (215760307)|METHOD_EXIT|[52]|01pB0000000ljzx|testautonumdata.Sparkle_Helper.AddFieldToObjectsMap(String, String, Map<String,Set<String>>)
09:49:16.214 (215763288)|STATEMENT_EXECUTE|[57]
09:49:16.214 (215775581)|ENTERING_MANAGED_PKG|
09:49:16.214 (215796863)|HEAP_ALLOCATE|[57]|Bytes:28
09:49:16.214 (215810905)|HEAP_ALLOCATE|[57]|Bytes:34
09:49:16.214 (215815298)|HEAP_ALLOCATE|[57]|Bytes:77
09:49:16.214 (215823588)|VARIABLE_ASSIGNMENT|[57]|soql|"Select id, OwnerId,  (57 more) ..."
09:49:16.214 (215826898)|STATEMENT_EXECUTE|[60]
09:49:16.214 (215828052)|STATEMENT_EXECUTE|[61]
09:49:16.214 (215830975)|HEAP_ALLOCATE|[61]|Bytes:7
09:49:16.214 (215840481)|ENTERING_MANAGED_PKG|
09:49:16.214 (215858778)|HEAP_ALLOCATE|[61]|Bytes:29
09:49:16.214 (215869860)|HEAP_ALLOCATE|[61]|Bytes:4
09:49:16.214 (215878841)|ENTERING_MANAGED_PKG|
09:49:16.214 (215881467)|HEAP_ALLOCATE|[61]|Bytes:18
09:49:16.214 (215899385)|HEAP_ALLOCATE|[61]|Bytes:59
09:49:16.214 (215904440)|HEAP_ALLOCATE|[61]|Bytes:136
09:49:16.214 (215912877)|VARIABLE_ASSIGNMENT|[61]|soql|"Select id, OwnerId,  (116 more) ..."
09:49:16.214 (215915917)|STATEMENT_EXECUTE|[62]
09:49:16.214 (215925356)|METHOD_ENTRY|[62]|01pB0000000ljzx|testautonumdata.Sparkle_Helper.AddFieldToObjectsMap(String, String, Map<String,Set<String>>)
09:49:16.214 (215941246)|VARIABLE_SCOPE_BEGIN|[107]|fieldName|String|false|false
09:49:16.214 (215947574)|VARIABLE_ASSIGNMENT|[107]|fieldName|"testautonumdata__Can (9 more) ..."
09:49:16.214 (215949393)|VARIABLE_SCOPE_BEGIN|[107]|initialObjectName|String|false|false
09:49:16.214 (215952508)|VARIABLE_ASSIGNMENT|[107]|initialObjectName|"testautonumdata__Ref (8 more) ..."
09:49:16.214 (215954045)|VARIABLE_SCOPE_BEGIN|[107]|theMap|Map<String,Set<String>>|true|false
09:49:16.214 (215968954)|VARIABLE_ASSIGNMENT|[107]|theMap|{"s":1,"v":{"testautonumdata__Ref (8 more) ...":{"s":2,"v":["Id","OwnerId","createddate"]}}}|0x4ba0f956
09:49:16.214 (215977677)|HEAP_ALLOCATE|[109]|Bytes:5
09:49:16.214 (215981857)|STATEMENT_EXECUTE|[108]
09:49:16.214 (215993506)|ENTERING_MANAGED_PKG|
09:49:16.214 (216001393)|STATEMENT_EXECUTE|[150]
09:49:16.214 (216007957)|METHOD_ENTRY|[150]|01pB0000000ljzx|testautonumdata.Sparkle_Helper.AddFieldToMap(String, String, Map<String,Set<String>>)
09:49:16.214 (216011600)|VARIABLE_SCOPE_BEGIN|[157]|fieldName|String|false|false
09:49:16.214 (216017399)|VARIABLE_ASSIGNMENT|[157]|fieldName|"testautonumdata__Can (9 more) ..."
09:49:16.214 (216018996)|VARIABLE_SCOPE_BEGIN|[157]|ObjectName|String|false|false
09:49:16.214 (216022121)|VARIABLE_ASSIGNMENT|[157]|ObjectName|"testautonumdata__Ref (8 more) ..."
09:49:16.214 (216023565)|VARIABLE_SCOPE_BEGIN|[157]|theMap|Map<String,Set<String>>|true|false
09:49:16.214 (216037160)|VARIABLE_ASSIGNMENT|[157]|theMap|{"s":1,"v":{"testautonumdata__Ref (8 more) ...":{"s":2,"v":["Id","OwnerId","createddate"]}}}|0x4ba0f956
09:49:16.214 (216044677)|HEAP_ALLOCATE|[160]|Bytes:5
09:49:16.214 (216048264)|STATEMENT_EXECUTE|[158]
09:49:16.214 (216054288)|ENTERING_MANAGED_PKG|
09:49:16.214 (216059916)|STATEMENT_EXECUTE|[161]
09:49:16.214 (216061440)|STATEMENT_EXECUTE|[162]
09:49:16.214 (216064712)|ENTERING_MANAGED_PKG|
09:49:16.214 (216073304)|VARIABLE_SCOPE_BEGIN|[162]|existingFieldSet|Set<String>|true|false
09:49:16.214 (216085390)|VARIABLE_ASSIGNMENT|[162]|existingFieldSet|{"s":1,"v":["Id","OwnerId","createddate"]}|0x60100174
09:49:16.214 (216088417)|STATEMENT_EXECUTE|[163]
09:49:16.214 (216093508)|ENTERING_MANAGED_PKG|
09:49:16.214 (216096008)|HEAP_ALLOCATE|[EXTERNAL]|Bytes:4
09:49:16.214 (216100346)|STATEMENT_EXECUTE|[164]
09:49:16.214 (216103901)|ENTERING_MANAGED_PKG|
09:49:16.214 (216120766)|METHOD_EXIT|[150]|01pB0000000ljzx|testautonumdata.Sparkle_Helper.AddFieldToMap(String, String, Map<String,Set<String>>)
09:49:16.214 (216127332)|METHOD_EXIT|[62]|01pB0000000ljzx|testautonumdata.Sparkle_Helper.AddFieldToObjectsMap(String, String, Map<String,Set<String>>)
09:49:16.214 (216132182)|STATEMENT_EXECUTE|[65]
09:49:16.214 (216133719)|STATEMENT_EXECUTE|[71]
09:49:16.214 (216137371)|HEAP_ALLOCATE|[71]|Bytes:7
09:49:16.214 (216150245)|ENTERING_MANAGED_PKG|
09:49:16.214 (216172130)|HEAP_ALLOCATE|[71]|Bytes:1
09:49:16.214 (216185766)|HEAP_ALLOCATE|[71]|Bytes:8
09:49:16.214 (216190424)|HEAP_ALLOCATE|[71]|Bytes:144
09:49:16.214 (216199042)|VARIABLE_ASSIGNMENT|[71]|soql|"Select id, OwnerId,  (124 more) ..."
09:49:16.214 (216202227)|STATEMENT_EXECUTE|[75]
09:49:16.214 (216207520)|HEAP_ALLOCATE|[75]|Bytes:159
09:49:16.214 (216215948)|ENTERING_MANAGED_PKG|
09:49:16.214 (216232745)|USER_DEBUG|[75]|DEBUG|######## soql: Select id, OwnerId, Owner.Name, createddate FROM testautonumdata__Referral__c where testautonumdata__Candidate__c = 'a0NB0000000TaTOMA0' limit 8
09:49:16.214 (216247736)|METHOD_ENTRY|[79]|01pB0000000ljzx|testautonumdata.Sparkle_Helper.UserHasAccessToObjectsAndFields(Map<String,Set<String>>)
09:49:16.214 (216262294)|VARIABLE_SCOPE_BEGIN|[175]|theMap|Map<String,Set<String>>|true|false
09:49:16.214 (216281088)|VARIABLE_ASSIGNMENT|[175]|theMap|{"s":1,"v":{"testautonumdata__Ref (8 more) ...":{"s":2,"v":["Id","OwnerId","createddate","testautonumdata__Can (9 more) ..."]}}}|0x4ba0f956
09:49:16.214 (216290336)|HEAP_ALLOCATE|[177]|Bytes:5
09:49:16.214 (216294833)|STATEMENT_EXECUTE|[176]
09:49:16.214 (216296084)|STATEMENT_EXECUTE|[177]
09:49:16.214 (216300026)|VARIABLE_SCOPE_BEGIN|[177]|hasAccess|Boolean|false|false
09:49:16.214 (216302948)|HEAP_ALLOCATE|[177]|Bytes:5
09:49:16.214 (216307808)|VARIABLE_ASSIGNMENT|[177]|hasAccess|true
09:49:16.214 (216314638)|ENTERING_MANAGED_PKG|
09:49:16.214 (216323148)|STATEMENT_EXECUTE|[180]
09:49:16.214 (216324558)|STATEMENT_EXECUTE|[181]
09:49:16.214 (216335485)|ENTERING_MANAGED_PKG|
09:49:16.214 (216353601)|HEAP_ALLOCATE|[181]|Bytes:88
09:49:16.214 (216364793)|HEAP_ALLOCATE|[181]|Bytes:105
09:49:16.214 (216371388)|ENTERING_MANAGED_PKG|
09:49:16.214 (216373772)|USER_DEBUG|[181]|DEBUG|######## theMap: {testautonumdata__Referral__c={Id, OwnerId, createddate, testautonumdata__Candidate__c}}
09:49:16.214 (216381850)|HEAP_ALLOCATE|[182]|Bytes:4
09:49:16.214 (216390848)|ENTERING_MANAGED_PKG|
09:49:16.214 (216399258)|ENTERING_MANAGED_PKG|
09:49:16.214 (216412867)|HEAP_ALLOCATE|[182]|Bytes:36
09:49:16.214 (216421125)|ENTERING_MANAGED_PKG|
09:49:16.214 (216427612)|HEAP_ALLOCATE|[182]|Bytes:4
09:49:16.214 (216433468)|ENTERING_MANAGED_PKG|
09:49:16.214 (216450941)|HEAP_ALLOCATE|[182]|Bytes:5
09:49:16.214 (216464499)|VARIABLE_SCOPE_BEGIN|[182]|objectName|String|false|false
09:49:16.214 (216472593)|VARIABLE_ASSIGNMENT|[182]|objectName|"testautonumdata__Ref (8 more) ..."
09:49:16.214 (216476273)|STATEMENT_EXECUTE|[183]
09:49:16.214 (216477691)|STATEMENT_EXECUTE|[184]
09:49:16.214 (216483200)|HEAP_ALLOCATE|[184]|Bytes:49
09:49:16.214 (216490118)|ENTERING_MANAGED_PKG|
09:49:16.214 (216492602)|USER_DEBUG|[184]|DEBUG|######## objectName: testautonumdata__Referral__c
09:49:16.214 (216496860)|STATEMENT_EXECUTE|[185]
09:49:16.214 (216501807)|ENTERING_MANAGED_PKG|
09:49:16.214 (223348547)|HEAP_ALLOCATE|[185]|Bytes:1648
09:49:16.214 (223382354)|ENTERING_MANAGED_PKG|
09:49:16.214 (223465105)|HEAP_ALLOCATE|[185]|Bytes:4
09:49:16.214 (223475863)|VARIABLE_SCOPE_BEGIN|[185]|sObj|SObject|true|false
09:49:16.214 (223498203)|VARIABLE_ASSIGNMENT|[185]|sObj|{}|0x6a05da29
09:49:16.214 (223504615)|STATEMENT_EXECUTE|[186]
09:49:16.214 (223523286)|ENTERING_MANAGED_PKG|
09:49:16.214 (223713279)|HEAP_ALLOCATE|[186]|Bytes:4
09:49:16.214 (225157856)|HEAP_ALLOCATE|[186]|Bytes:60
09:49:16.214 (225173379)|VARIABLE_SCOPE_BEGIN|[186]|m|Map<String,Schema.SObjectField>|true|false
09:49:16.214 (225437439)|VARIABLE_ASSIGNMENT|[186]|m|"{createdbyid=CreatedById, createddate=CreatedDate, id=Id, isdeleted=IsDeleted, lastactivitydate=LastActivityDate, lastmodifiedbyid=LastModifiedById, lastmodifieddate=LastModifiedDate, lastreferenceddate=LastReferencedDate, lastvieweddate=LastViewedDate, name=Name, ...}"|0x7d0e5df0
09:49:16.214 (225445180)|STATEMENT_EXECUTE|[187]
09:49:16.214 (225457258)|ENTERING_MANAGED_PKG|
09:49:16.214 (225473458)|VARIABLE_SCOPE_BEGIN|[187]|objectFieldSet|Set<String>|true|false
09:49:16.214 (225503845)|VARIABLE_ASSIGNMENT|[187]|objectFieldSet|{"s":1,"v":["Id","OwnerId","createddate","testautonumdata__Can (9 more) ..."]}|0x60100174
09:49:16.214 (225511130)|HEAP_ALLOCATE|[189]|Bytes:4
09:49:16.214 (225526560)|ENTERING_MANAGED_PKG|
09:49:16.214 (225543089)|ENTERING_MANAGED_PKG|
09:49:16.214 (225559063)|HEAP_ALLOCATE|[189]|Bytes:16
09:49:16.214 (225574454)|ENTERING_MANAGED_PKG|
09:49:16.214 (225593892)|HEAP_ALLOCATE|[189]|Bytes:5
09:49:16.214 (225607737)|VARIABLE_SCOPE_BEGIN|[189]|fieldToCheck|String|false|false
09:49:16.214 (225615818)|VARIABLE_ASSIGNMENT|[189]|fieldToCheck|"Id"
09:49:16.214 (225619297)|STATEMENT_EXECUTE|[189]
09:49:16.214 (225620632)|STATEMENT_EXECUTE|[190]
09:49:16.214 (225631726)|HEAP_ALLOCATE|[190]|Bytes:25
09:49:16.214 (225641897)|ENTERING_MANAGED_PKG|
09:49:16.214 (225647090)|USER_DEBUG|[190]|DEBUG|######## fieldToCheck: Id
09:49:16.214 (225656742)|ENTERING_MANAGED_PKG|
09:49:16.214 (226194066)|HEAP_ALLOCATE|[192]|Bytes:8
09:49:16.214 (226216281)|STATEMENT_EXECUTE|[192]
09:49:16.214 (226218601)|STATEMENT_EXECUTE|[199]
09:49:16.214 (226225648)|HEAP_ALLOCATE|[199]|Bytes:37
09:49:16.214 (226233686)|ENTERING_MANAGED_PKG|
09:49:16.214 (226236640)|USER_DEBUG|[199]|DEBUG|######## User has access to field: Id
09:49:16.214 (226249095)|HEAP_ALLOCATE|[189]|Bytes:5
09:49:16.214 (226259808)|VARIABLE_SCOPE_BEGIN|[189]|fieldToCheck|String|false|false
09:49:16.214 (226267406)|VARIABLE_ASSIGNMENT|[189]|fieldToCheck|"OwnerId"
09:49:16.214 (226270256)|STATEMENT_EXECUTE|[189]
09:49:16.214 (226271643)|STATEMENT_EXECUTE|[190]
09:49:16.214 (226276586)|HEAP_ALLOCATE|[190]|Bytes:30
09:49:16.214 (226282957)|ENTERING_MANAGED_PKG|
09:49:16.214 (226285344)|USER_DEBUG|[190]|DEBUG|######## fieldToCheck: OwnerId
09:49:16.214 (226292282)|ENTERING_MANAGED_PKG|
09:49:16.214 (226462338)|HEAP_ALLOCATE|[192]|Bytes:8
09:49:16.214 (226477088)|STATEMENT_EXECUTE|[192]
09:49:16.214 (226478882)|STATEMENT_EXECUTE|[199]
09:49:16.214 (226484424)|HEAP_ALLOCATE|[199]|Bytes:42
09:49:16.214 (226491332)|ENTERING_MANAGED_PKG|
09:49:16.214 (226494019)|USER_DEBUG|[199]|DEBUG|######## User has access to field: OwnerId
09:49:16.214 (226505580)|HEAP_ALLOCATE|[189]|Bytes:5
09:49:16.214 (226515220)|VARIABLE_SCOPE_BEGIN|[189]|fieldToCheck|String|false|false
09:49:16.214 (226522693)|VARIABLE_ASSIGNMENT|[189]|fieldToCheck|"createddate"
09:49:16.214 (226525492)|STATEMENT_EXECUTE|[189]
09:49:16.214 (226526578)|STATEMENT_EXECUTE|[190]
09:49:16.214 (226531161)|HEAP_ALLOCATE|[190]|Bytes:34
09:49:16.214 (226537633)|ENTERING_MANAGED_PKG|
09:49:16.214 (226540331)|USER_DEBUG|[190]|DEBUG|######## fieldToCheck: createddate
09:49:16.214 (226552022)|ENTERING_MANAGED_PKG|
09:49:16.214 (226704858)|HEAP_ALLOCATE|[192]|Bytes:8
09:49:16.214 (226718934)|STATEMENT_EXECUTE|[192]
09:49:16.214 (226720590)|STATEMENT_EXECUTE|[199]
09:49:16.214 (226725910)|HEAP_ALLOCATE|[199]|Bytes:46
09:49:16.214 (226732578)|ENTERING_MANAGED_PKG|
09:49:16.214 (226735350)|USER_DEBUG|[199]|DEBUG|######## User has access to field: createddate
09:49:16.214 (226746500)|HEAP_ALLOCATE|[189]|Bytes:5
09:49:16.214 (226757550)|VARIABLE_SCOPE_BEGIN|[189]|fieldToCheck|String|false|false
09:49:16.214 (226768369)|VARIABLE_ASSIGNMENT|[189]|fieldToCheck|"testautonumdata__Can (9 more) ..."
09:49:16.214 (226771630)|STATEMENT_EXECUTE|[189]
09:49:16.214 (226772802)|STATEMENT_EXECUTE|[190]
09:49:16.214 (226777914)|HEAP_ALLOCATE|[190]|Bytes:52
09:49:16.214 (226784342)|ENTERING_MANAGED_PKG|
09:49:16.214 (226786660)|USER_DEBUG|[190]|DEBUG|######## fieldToCheck: testautonumdata__Candidate__c
09:49:16.214 (226793522)|ENTERING_MANAGED_PKG|
09:49:16.214 (231755459)|HEAP_ALLOCATE|[192]|Bytes:8
09:49:16.214 (231778410)|STATEMENT_EXECUTE|[192]
09:49:16.214 (231780730)|STATEMENT_EXECUTE|[199]
09:49:16.214 (231788613)|HEAP_ALLOCATE|[199]|Bytes:64
09:49:16.214 (231797866)|ENTERING_MANAGED_PKG|
09:49:16.214 (231802080)|USER_DEBUG|[199]|DEBUG|######## User has access to field: testautonumdata__Candidate__c
09:49:16.214 (231815868)|HEAP_ALLOCATE|[189]|Bytes:5
09:49:16.214 (231830806)|VARIABLE_ASSIGNMENT|[189]|fieldToCheck|null
09:49:16.214 (231839649)|HEAP_ALLOCATE|[182]|Bytes:5
09:49:16.214 (231847589)|VARIABLE_ASSIGNMENT|[182]|objectName|null
09:49:16.214 (231851342)|STATEMENT_EXECUTE|[206]
09:49:16.214 (231854394)|HEAP_ALLOCATE|[206]|Bytes:5
09:49:16.214 (231873925)|METHOD_EXIT|[79]|01pB0000000ljzx|testautonumdata.Sparkle_Helper.UserHasAccessToObjectsAndFields(Map<String,Set<String>>)
09:49:16.214 (231879692)|STATEMENT_EXECUTE|[80]
09:49:16.214 (231881061)|STATEMENT_EXECUTE|[82]
09:49:16.214 (231899027)|ENTERING_MANAGED_PKG|
09:49:16.214 (232534813)|SOQL_EXECUTE_BEGIN|[82]|Aggregations:0|Select id, OwnerId, Owner.Name, createddate FROM testautonumdata__Referral__c where testautonumdata__Candidate__c = 'a0NB0000000TaTOMA0' limit 8
09:49:16.214 (250700687)|SOQL_EXECUTE_END|[82]|Rows:0
09:49:16.214 (250746748)|HEAP_ALLOCATE|[82]|Bytes:4
09:49:16.214 (250766900)|HEAP_ALLOCATE|[82]|Bytes:0
09:49:16.214 (250856769)|HEAP_ALLOCATE|[82]|Bytes:4
09:49:16.214 (250881551)|VARIABLE_SCOPE_BEGIN|[82]|lstQueriedRecords|List<SObject>|true|false
09:49:16.214 (250920506)|VARIABLE_ASSIGNMENT|[82]|lstQueriedRecords|{"s":1,"v":[]}|0x40c9dab1
09:49:16.214 (250926348)|STATEMENT_EXECUTE|[84]
09:49:16.214 (250932870)|HEAP_ALLOCATE|[84]|Bytes:28
09:49:16.214 (250959535)|ENTERING_MANAGED_PKG|
09:49:16.214 (251018639)|HEAP_ALLOCATE|[84]|Bytes:2
09:49:16.214 (251037904)|HEAP_ALLOCATE|[84]|Bytes:30
09:49:16.214 (251052768)|ENTERING_MANAGED_PKG|
09:49:16.214 (251058895)|USER_DEBUG|[84]|DEBUG|######## lstQueriedRecords: ()
09:49:16.214 (251138401)|ENTERING_MANAGED_PKG|
09:49:16.214 (251289010)|HEAP_ALLOCATE|[88]|Bytes:5
09:49:16.214 (251307643)|VARIABLE_ASSIGNMENT|[88]|e|null|
09:49:16.214 (251311973)|STATEMENT_EXECUTE|[88]
09:49:16.214 (251314279)|STATEMENT_EXECUTE|[125]
09:49:16.214 (251317565)|HEAP_ALLOCATE|[125]|Bytes:27
09:49:16.214 (251332547)|ENTERING_MANAGED_PKG|
09:49:16.214 (251361406)|HEAP_ALLOCATE|[125]|Bytes:2
09:49:16.214 (251376008)|HEAP_ALLOCATE|[125]|Bytes:29
09:49:16.214 (251385030)|ENTERING_MANAGED_PKG|
09:49:16.214 (251387778)|USER_DEBUG|[125]|DEBUG|######## lstReturnRecords: ()
09:49:16.214 (251393217)|STATEMENT_EXECUTE|[127]
09:49:16.214 (251408072)|SYSTEM_MODE_EXIT|false
09:49:16.251 (251454977)|CUMULATIVE_LIMIT_USAGE
09:49:16.251 (251454977)|LIMIT_USAGE_FOR_NS|(default)|
  Number of SOQL queries: 0 out of 100
  Number of query rows: 0 out of 50000
  Number of SOSL queries: 0 out of 20
  Number of DML statements: 0 out of 150
  Number of DML rows: 0 out of 10000
  Maximum CPU time: 0 out of 10000
  Maximum heap size: 0 out of 6000000
  Number of callouts: 0 out of 100
  Number of Email Invocations: 0 out of 10
  Number of future calls: 0 out of 50
  Number of queueable jobs added to the queue: 0 out of 50
  Number of Mobile Apex push calls: 0 out of 10

09:49:16.251 (251454977)|LIMIT_USAGE_FOR_NS|testautonumdata|
  Number of SOQL queries: 2 out of 100
  Number of query rows: 0 out of 50000
  Number of SOSL queries: 0 out of 20
  Number of DML statements: 0 out of 150
  Number of DML rows: 0 out of 10000
  Maximum CPU time: 0 out of 10000
  Maximum heap size: 0 out of 6000000
  Number of callouts: 0 out of 100
  Number of Email Invocations: 0 out of 10
  Number of future calls: 0 out of 50
  Number of queueable jobs added to the queue: 0 out of 50
  Number of Mobile Apex push calls: 0 out of 10

09:49:16.251 (251454977)|CUMULATIVE_LIMIT_USAGE_END

