37.0 APEX_CODE,FINEST;APEX_PROFILING,INFO;CALLOUT,INFO;DB,INFO;SYSTEM,DEBUG;VALIDATION,INFO;VISUALFORCE,INFO;WORKFLOW,INFO
15:11:21.0 (152632)|USER_INFO|[EXTERNAL]|005B0000001VpZR|rreboucas-yi5c@force.com|Pacific Standard Time|GMT-07:00
15:11:21.0 (812172)|HEAP_ALLOCATE|[72]|Bytes:3
15:11:21.0 (873338)|HEAP_ALLOCATE|[77]|Bytes:152
15:11:21.0 (895470)|HEAP_ALLOCATE|[342]|Bytes:408
15:11:21.0 (914792)|HEAP_ALLOCATE|[355]|Bytes:408
15:11:21.0 (933625)|HEAP_ALLOCATE|[467]|Bytes:48
15:11:21.3 (3575732)|USER_INFO|[EXTERNAL]|005B0000001VpZR|rreboucas-yi5c@force.com|Pacific Standard Time|GMT-07:00
15:11:21.3 (3742805)|STATEMENT_EXECUTE|[1]
15:11:21.3 (3796222)|HEAP_ALLOCATE|[50]|Bytes:5
15:11:21.3 (3829499)|HEAP_ALLOCATE|[56]|Bytes:5
15:11:21.3 (3839287)|HEAP_ALLOCATE|[64]|Bytes:7
15:11:21.3 (3865418)|SYSTEM_MODE_ENTER|false
15:11:21.3 (3884168)|HEAP_ALLOCATE|[3]|Bytes:5
15:11:21.3 (3888565)|STATEMENT_EXECUTE|[3]
15:11:21.3 (3918959)|VARIABLE_ASSIGNMENT|[3]|InterviewsLCServerController.mapObjectsFields|null|
15:11:21.3 (3927063)|SYSTEM_MODE_EXIT|false
15:11:21.3 (3936731)|METHOD_EXIT|[1]|InterviewsLCServerController
15:11:21.3 (3941546)|HEAP_ALLOCATE|[EXTERNAL]|Bytes:1
15:11:21.3 (3943535)|HEAP_ALLOCATE|[EXTERNAL]|Bytes:29
15:11:21.3 (3944896)|HEAP_ALLOCATE|[EXTERNAL]|Bytes:26
15:11:21.3 (3946168)|HEAP_ALLOCATE|[EXTERNAL]|Bytes:7
15:11:21.3 (3947457)|HEAP_ALLOCATE|[EXTERNAL]|Bytes:29
15:11:21.3 (3948669)|HEAP_ALLOCATE|[EXTERNAL]|Bytes:59
15:11:21.3 (3951091)|HEAP_ALLOCATE|[EXTERNAL]|Bytes:63
15:11:21.3 (3952368)|HEAP_ALLOCATE|[EXTERNAL]|Bytes:24
15:11:21.3 (3953677)|HEAP_ALLOCATE|[EXTERNAL]|Bytes:34
15:11:21.3 (3954880)|HEAP_ALLOCATE|[EXTERNAL]|Bytes:63
15:11:21.3 (3956120)|HEAP_ALLOCATE|[EXTERNAL]|Bytes:4
15:11:21.3 (3961907)|SYSTEM_MODE_ENTER|false
15:11:21.3 (3968621)|VARIABLE_SCOPE_BEGIN|[89]|rowsLimit|String|false|false
15:11:21.3 (3978224)|VARIABLE_ASSIGNMENT|[89]|rowsLimit|"8"
15:11:21.3 (3980674)|VARIABLE_SCOPE_BEGIN|[89]|objectApiName|String|false|false
15:11:21.3 (3985908)|VARIABLE_ASSIGNMENT|[89]|objectApiName|"testautonumdata__Int (9 more) ..."
15:11:21.3 (3987997)|VARIABLE_SCOPE_BEGIN|[89]|filter1Field|String|false|false
15:11:21.3 (3991376)|VARIABLE_ASSIGNMENT|[89]|filter1Field|"testautonumdata__Sta (6 more) ..."
15:11:21.3 (3993536)|VARIABLE_SCOPE_BEGIN|[89]|filter1Value|String|false|false
15:11:21.3 (3995992)|VARIABLE_ASSIGNMENT|[89]|filter1Value|"Pending"
15:11:21.3 (3997889)|VARIABLE_SCOPE_BEGIN|[89]|eventField|String|false|false
15:11:21.3 (4001194)|VARIABLE_ASSIGNMENT|[89]|eventField|"testautonumdata__Can (9 more) ..."
15:11:21.3 (4004253)|VARIABLE_SCOPE_BEGIN|[89]|column1|String|false|false
15:11:21.3 (4007615)|VARIABLE_ASSIGNMENT|[89]|column1|"testautonumdata__Can (39 more) ..."
15:11:21.3 (4009598)|VARIABLE_SCOPE_BEGIN|[89]|column2|String|false|false
15:11:21.3 (4012532)|VARIABLE_ASSIGNMENT|[89]|column2|"testautonumdata__Can (43 more) ..."
15:11:21.3 (4014488)|VARIABLE_SCOPE_BEGIN|[89]|column3|String|false|false
15:11:21.3 (4017255)|VARIABLE_ASSIGNMENT|[89]|column3|"testautonumdata__Dat (4 more) ..."
15:11:21.3 (4019161)|VARIABLE_SCOPE_BEGIN|[89]|column4|String|false|false
15:11:21.3 (4022306)|VARIABLE_ASSIGNMENT|[89]|column4|"testautonumdata__Int (14 more) ..."
15:11:21.3 (4024231)|VARIABLE_SCOPE_BEGIN|[89]|sortField|String|false|false
15:11:21.3 (4027103)|VARIABLE_ASSIGNMENT|[89]|sortField|"testautonumdata__Can (43 more) ..."
15:11:21.3 (4029034)|VARIABLE_SCOPE_BEGIN|[89]|sortDirection|String|false|false
15:11:21.3 (4031467)|VARIABLE_ASSIGNMENT|[89]|sortDirection|"desc"
15:11:21.3 (4045610)|HEAP_ALLOCATE|[91]|Bytes:5
15:11:21.3 (4049973)|STATEMENT_EXECUTE|[89]
15:11:21.3 (4051419)|STATEMENT_EXECUTE|[91]
15:11:21.3 (4054267)|HEAP_ALLOCATE|[91]|Bytes:20
15:11:21.3 (4067587)|HEAP_ALLOCATE|[91]|Bytes:21
15:11:21.3 (4111590)|ENTERING_MANAGED_PKG|
15:11:21.3 (4237596)|USER_DEBUG|[91]|DEBUG|######## rowsLimit: 8
15:11:21.3 (4252628)|STATEMENT_EXECUTE|[92]
15:11:21.3 (4258404)|HEAP_ALLOCATE|[92]|Bytes:24
15:11:21.3 (4268348)|HEAP_ALLOCATE|[92]|Bytes:53
15:11:21.3 (4287954)|ENTERING_MANAGED_PKG|
15:11:21.3 (4320976)|USER_DEBUG|[92]|DEBUG|######## objectApiName: testautonumdata__Interview__c
15:11:21.3 (4335110)|STATEMENT_EXECUTE|[95]
15:11:21.3 (4345562)|HEAP_ALLOCATE|[95]|Bytes:4
15:11:21.3 (4396089)|VARIABLE_ASSIGNMENT|[95]|InterviewsLCServerController.mapObjectsFields|{"s":1,"v":{}}|0x3b78fd48
15:11:21.3 (4403075)|STATEMENT_EXECUTE|[97]
15:11:21.3 (4408142)|HEAP_ALLOCATE|[97]|Bytes:2
15:11:21.3 (4429152)|METHOD_ENTRY|[97]|01pB0000000lA1s|testautonumdata.InterviewsLCServerController.AddFieldToObjectsMap(String, String)
15:11:21.3 (4459400)|VARIABLE_SCOPE_BEGIN|[21]|fieldName|String|false|false
15:11:21.3 (4470481)|VARIABLE_ASSIGNMENT|[21]|fieldName|"Id"
15:11:21.3 (4474212)|VARIABLE_SCOPE_BEGIN|[21]|initialObjectName|String|false|false
15:11:21.3 (4481649)|VARIABLE_ASSIGNMENT|[21]|initialObjectName|"testautonumdata__Int (9 more) ..."
15:11:21.3 (4493113)|HEAP_ALLOCATE|[23]|Bytes:5
15:11:21.3 (4499894)|STATEMENT_EXECUTE|[22]
15:11:21.3 (4504343)|HEAP_ALLOCATE|[23]|Bytes:1
15:11:21.3 (4530078)|ENTERING_MANAGED_PKG|
15:11:21.3 (4567234)|STATEMENT_EXECUTE|[64]
15:11:21.3 (4577689)|METHOD_ENTRY|[64]|01pB0000000lA1s|testautonumdata.InterviewsLCServerController.AddFieldToMap(String, String)
15:11:21.3 (4594162)|VARIABLE_SCOPE_BEGIN|[68]|fieldName|String|false|false
15:11:21.3 (4600695)|VARIABLE_ASSIGNMENT|[68]|fieldName|"Id"
15:11:21.3 (4602758)|VARIABLE_SCOPE_BEGIN|[68]|ObjectName|String|false|false
15:11:21.3 (4607385)|VARIABLE_ASSIGNMENT|[68]|ObjectName|"testautonumdata__Int (9 more) ..."
15:11:21.3 (4614865)|HEAP_ALLOCATE|[71]|Bytes:5
15:11:21.3 (4618537)|STATEMENT_EXECUTE|[69]
15:11:21.3 (4638344)|ENTERING_MANAGED_PKG|
15:11:21.3 (4674135)|STATEMENT_EXECUTE|[78]
15:11:21.3 (4676317)|STATEMENT_EXECUTE|[79]
15:11:21.3 (4725637)|HEAP_ALLOCATE|[79]|Bytes:4
15:11:21.3 (4748936)|ENTERING_MANAGED_PKG|
15:11:21.3 (4787460)|VARIABLE_SCOPE_BEGIN|[79]|newFieldSet|Set<String>|true|false
15:11:21.3 (4830317)|VARIABLE_ASSIGNMENT|[79]|newFieldSet|{"s":1,"v":[]}|0xd91ff59
15:11:21.3 (4834482)|STATEMENT_EXECUTE|[80]
15:11:21.3 (4850138)|ENTERING_MANAGED_PKG|
15:11:21.3 (4876319)|HEAP_ALLOCATE|[EXTERNAL]|Bytes:4
15:11:21.3 (4884998)|STATEMENT_EXECUTE|[81]
15:11:21.3 (4899031)|ENTERING_MANAGED_PKG|
15:11:21.3 (4936837)|HEAP_ALLOCATE|[EXTERNAL]|Bytes:-4
15:11:21.3 (4951784)|METHOD_EXIT|[64]|01pB0000000lA1s|testautonumdata.InterviewsLCServerController.AddFieldToMap(String, String)
15:11:21.3 (4958848)|METHOD_EXIT|[97]|01pB0000000lA1s|testautonumdata.InterviewsLCServerController.AddFieldToObjectsMap(String, String)
15:11:21.3 (4962197)|STATEMENT_EXECUTE|[99]
15:11:21.3 (4992942)|HEAP_ALLOCATE|[99]|Bytes:4
15:11:21.3 (5069798)|ENTERING_MANAGED_PKG|
15:11:21.3 (5113890)|VARIABLE_SCOPE_BEGIN|[99]|lstReturnRecords|List<testautonumdata.InterviewsLCServerController>|true|false
15:11:21.3 (5145691)|HEAP_ALLOCATE|[EXTERNAL]|Bytes:4
15:11:21.3 (5161461)|VARIABLE_ASSIGNMENT|[99]|lstReturnRecords|{"s":1,"v":[]}|0x47f89cf2
15:11:21.3 (5167107)|STATEMENT_EXECUTE|[101]
15:11:21.3 (5194211)|ENTERING_MANAGED_PKG|
15:11:21.3 (5227287)|VARIABLE_SCOPE_BEGIN|[101]|rLimit|Integer|false|false
15:11:21.3 (5232872)|HEAP_ALLOCATE|[101]|Bytes:4
15:11:21.3 (5239825)|VARIABLE_ASSIGNMENT|[101]|rLimit|8
15:11:21.3 (5242178)|STATEMENT_EXECUTE|[102]
15:11:21.3 (5245425)|HEAP_ALLOCATE|[102]|Bytes:17
15:11:21.3 (5264460)|ENTERING_MANAGED_PKG|
15:11:21.3 (5289969)|HEAP_ALLOCATE|[102]|Bytes:1
15:11:21.3 (5304289)|HEAP_ALLOCATE|[102]|Bytes:18
15:11:21.3 (5317661)|ENTERING_MANAGED_PKG|
15:11:21.3 (5324964)|USER_DEBUG|[102]|DEBUG|######## rLimit: 8
15:11:21.3 (5331534)|STATEMENT_EXECUTE|[106]
15:11:21.3 (5334711)|HEAP_ALLOCATE|[106]|Bytes:9
15:11:21.3 (5339353)|VARIABLE_SCOPE_BEGIN|[106]|soql|String|false|false
15:11:21.3 (5346822)|VARIABLE_ASSIGNMENT|[106]|soql|"Select id"
15:11:21.3 (5349576)|STATEMENT_EXECUTE|[109]
15:11:21.3 (5350701)|STATEMENT_EXECUTE|[110]
15:11:21.3 (5352770)|HEAP_ALLOCATE|[110]|Bytes:2
15:11:21.3 (5370027)|ENTERING_MANAGED_PKG|
15:11:21.3 (5391727)|HEAP_ALLOCATE|[110]|Bytes:29
15:11:21.3 (5405548)|HEAP_ALLOCATE|[110]|Bytes:31
15:11:21.3 (5409867)|HEAP_ALLOCATE|[110]|Bytes:40
15:11:21.3 (5421155)|VARIABLE_ASSIGNMENT|[110]|soql|"Select id, testauton (20 more) ..."
15:11:21.3 (5426387)|STATEMENT_EXECUTE|[111]
15:11:21.3 (5438387)|METHOD_ENTRY|[111]|01pB0000000lA1s|testautonumdata.InterviewsLCServerController.AddFieldToObjectsMap(String, String)
15:11:21.3 (5465327)|VARIABLE_SCOPE_BEGIN|[21]|fieldName|String|false|false
15:11:21.3 (5476794)|VARIABLE_ASSIGNMENT|[21]|fieldName|"testautonumdata__Can (9 more) ..."
15:11:21.3 (5480332)|VARIABLE_SCOPE_BEGIN|[21]|initialObjectName|String|false|false
15:11:21.3 (5486704)|VARIABLE_ASSIGNMENT|[21]|initialObjectName|"testautonumdata__Int (9 more) ..."
15:11:21.3 (5496133)|HEAP_ALLOCATE|[23]|Bytes:5
15:11:21.3 (5500391)|STATEMENT_EXECUTE|[22]
15:11:21.3 (5517210)|ENTERING_MANAGED_PKG|
15:11:21.3 (5529025)|STATEMENT_EXECUTE|[64]
15:11:21.3 (5535614)|METHOD_ENTRY|[64]|01pB0000000lA1s|testautonumdata.InterviewsLCServerController.AddFieldToMap(String, String)
15:11:21.3 (5539992)|VARIABLE_SCOPE_BEGIN|[68]|fieldName|String|false|false
15:11:21.3 (5546599)|VARIABLE_ASSIGNMENT|[68]|fieldName|"testautonumdata__Can (9 more) ..."
15:11:21.3 (5548156)|VARIABLE_SCOPE_BEGIN|[68]|ObjectName|String|false|false
15:11:21.3 (5551385)|VARIABLE_ASSIGNMENT|[68]|ObjectName|"testautonumdata__Int (9 more) ..."
15:11:21.3 (5557195)|HEAP_ALLOCATE|[71]|Bytes:5
15:11:21.3 (5560217)|STATEMENT_EXECUTE|[69]
15:11:21.3 (5570436)|ENTERING_MANAGED_PKG|
15:11:21.3 (5577666)|STATEMENT_EXECUTE|[72]
15:11:21.3 (5579199)|STATEMENT_EXECUTE|[73]
15:11:21.3 (5587681)|ENTERING_MANAGED_PKG|
15:11:21.3 (5625331)|VARIABLE_SCOPE_BEGIN|[73]|existingFieldSet|Set<String>|true|false
15:11:21.3 (5643104)|VARIABLE_ASSIGNMENT|[73]|existingFieldSet|{"s":1,"v":["Id"]}|0xd91ff59
15:11:21.3 (5646753)|STATEMENT_EXECUTE|[74]
15:11:21.3 (5659655)|ENTERING_MANAGED_PKG|
15:11:21.3 (5684054)|HEAP_ALLOCATE|[EXTERNAL]|Bytes:4
15:11:21.3 (5691641)|STATEMENT_EXECUTE|[75]
15:11:21.3 (5704874)|ENTERING_MANAGED_PKG|
15:11:21.3 (5748375)|METHOD_EXIT|[64]|01pB0000000lA1s|testautonumdata.InterviewsLCServerController.AddFieldToMap(String, String)
15:11:21.3 (5755183)|METHOD_EXIT|[111]|01pB0000000lA1s|testautonumdata.InterviewsLCServerController.AddFieldToObjectsMap(String, String)
15:11:21.3 (5759142)|STATEMENT_EXECUTE|[115]
15:11:21.3 (5760582)|STATEMENT_EXECUTE|[116]
15:11:21.3 (5775221)|ENTERING_MANAGED_PKG|
15:11:21.3 (5796542)|HEAP_ALLOCATE|[116]|Bytes:59
15:11:21.3 (5810707)|HEAP_ALLOCATE|[116]|Bytes:61
15:11:21.3 (5814806)|HEAP_ALLOCATE|[116]|Bytes:101
15:11:21.3 (5824078)|VARIABLE_ASSIGNMENT|[116]|soql|"Select id, testauton (81 more) ..."
15:11:21.3 (5827116)|STATEMENT_EXECUTE|[117]
15:11:21.3 (5833950)|METHOD_ENTRY|[117]|01pB0000000lA1s|testautonumdata.InterviewsLCServerController.AddFieldToObjectsMap(String, String)
15:11:21.3 (5849685)|VARIABLE_SCOPE_BEGIN|[21]|fieldName|String|false|false
15:11:21.3 (5856157)|VARIABLE_ASSIGNMENT|[21]|fieldName|"testautonumdata__Can (39 more) ..."
15:11:21.3 (5857974)|VARIABLE_SCOPE_BEGIN|[21]|initialObjectName|String|false|false
15:11:21.3 (5861118)|VARIABLE_ASSIGNMENT|[21]|initialObjectName|"testautonumdata__Int (9 more) ..."
15:11:21.3 (5867923)|HEAP_ALLOCATE|[23]|Bytes:5
15:11:21.3 (5871191)|STATEMENT_EXECUTE|[22]
15:11:21.3 (5884923)|ENTERING_MANAGED_PKG|
15:11:21.3 (5899283)|STATEMENT_EXECUTE|[24]
15:11:21.3 (5902327)|STATEMENT_EXECUTE|[25]
15:11:21.3 (5927324)|ENTERING_MANAGED_PKG|
15:11:21.3 (5963234)|HEAP_ALLOCATE|[25]|Bytes:29
15:11:21.3 (5985119)|VARIABLE_SCOPE_BEGIN|[25]|relName1|String|false|false
15:11:21.3 (5999313)|VARIABLE_ASSIGNMENT|[25]|relName1|"testautonumdata__Can (9 more) ..."
15:11:21.3 (6004077)|STATEMENT_EXECUTE|[26]
15:11:21.3 (6034650)|ENTERING_MANAGED_PKG|
15:11:21.3 (6070484)|HEAP_ALLOCATE|[26]|Bytes:29
15:11:21.3 (6096397)|VARIABLE_SCOPE_BEGIN|[26]|relField1|String|false|false
15:11:21.3 (6108985)|VARIABLE_ASSIGNMENT|[26]|relField1|"testautonumdata__Ful (9 more) ..."
15:11:21.3 (6130748)|ENTERING_MANAGED_PKG|
15:11:21.3 (6176287)|STATEMENT_EXECUTE|[46]
15:11:21.3 (6183425)|HEAP_ALLOCATE|[48]|Bytes:3
15:11:21.3 (6206612)|ENTERING_MANAGED_PKG|
15:11:21.3 (6251046)|STATEMENT_EXECUTE|[49]
15:11:21.3 (6254646)|STATEMENT_EXECUTE|[51]
15:11:21.3 (6259814)|HEAP_ALLOCATE|[51]|Bytes:3
15:11:21.3 (6286416)|ENTERING_MANAGED_PKG|
15:11:21.3 (6322351)|HEAP_ALLOCATE|[51]|Bytes:29
15:11:21.3 (6335516)|VARIABLE_SCOPE_BEGIN|[51]|objectName1|String|false|false
15:11:21.3 (6344570)|VARIABLE_ASSIGNMENT|[51]|objectName1|"testautonumdata__Can (9 more) ..."
15:11:21.3 (6347522)|STATEMENT_EXECUTE|[52]
15:11:21.3 (6355178)|METHOD_ENTRY|[52]|01pB0000000lA1s|testautonumdata.InterviewsLCServerController.AddFieldToMap(String, String)
15:11:21.3 (6373649)|VARIABLE_SCOPE_BEGIN|[68]|fieldName|String|false|false
15:11:21.3 (6380640)|VARIABLE_ASSIGNMENT|[68]|fieldName|"testautonumdata__Ful (9 more) ..."
15:11:21.3 (6382960)|VARIABLE_SCOPE_BEGIN|[68]|ObjectName|String|false|false
15:11:21.3 (6386031)|VARIABLE_ASSIGNMENT|[68]|ObjectName|"testautonumdata__Can (9 more) ..."
15:11:21.3 (6393118)|HEAP_ALLOCATE|[71]|Bytes:5
15:11:21.3 (6396588)|STATEMENT_EXECUTE|[69]
15:11:21.3 (6408365)|ENTERING_MANAGED_PKG|
15:11:21.3 (6416199)|STATEMENT_EXECUTE|[78]
15:11:21.3 (6418245)|STATEMENT_EXECUTE|[79]
15:11:21.3 (6423533)|HEAP_ALLOCATE|[79]|Bytes:4
15:11:21.3 (6437757)|ENTERING_MANAGED_PKG|
15:11:21.3 (6449283)|VARIABLE_SCOPE_BEGIN|[79]|newFieldSet|Set<String>|true|false
15:11:21.3 (6475368)|VARIABLE_ASSIGNMENT|[79]|newFieldSet|{"s":1,"v":[]}|0x19ceba9d
15:11:21.3 (6481662)|STATEMENT_EXECUTE|[80]
15:11:21.3 (6497612)|ENTERING_MANAGED_PKG|
15:11:21.3 (6502646)|HEAP_ALLOCATE|[EXTERNAL]|Bytes:4
15:11:21.3 (6509807)|STATEMENT_EXECUTE|[81]
15:11:21.3 (6517333)|ENTERING_MANAGED_PKG|
15:11:21.3 (6526404)|HEAP_ALLOCATE|[EXTERNAL]|Bytes:-4
15:11:21.3 (6537798)|METHOD_EXIT|[52]|01pB0000000lA1s|testautonumdata.InterviewsLCServerController.AddFieldToMap(String, String)
15:11:21.3 (6544366)|METHOD_EXIT|[117]|01pB0000000lA1s|testautonumdata.InterviewsLCServerController.AddFieldToObjectsMap(String, String)
15:11:21.3 (6548202)|STATEMENT_EXECUTE|[120]
15:11:21.3 (6549595)|STATEMENT_EXECUTE|[121]
15:11:21.3 (6563809)|ENTERING_MANAGED_PKG|
15:11:21.3 (6586487)|HEAP_ALLOCATE|[121]|Bytes:63
15:11:21.3 (6600645)|HEAP_ALLOCATE|[121]|Bytes:65
15:11:21.3 (6604835)|HEAP_ALLOCATE|[121]|Bytes:166
15:11:21.3 (6614571)|VARIABLE_ASSIGNMENT|[121]|soql|"Select id, testauton (146 more) ..."
15:11:21.3 (6617604)|STATEMENT_EXECUTE|[122]
15:11:21.3 (6624483)|METHOD_ENTRY|[122]|01pB0000000lA1s|testautonumdata.InterviewsLCServerController.AddFieldToObjectsMap(String, String)
15:11:21.3 (6640890)|VARIABLE_SCOPE_BEGIN|[21]|fieldName|String|false|false
15:11:21.3 (6647384)|VARIABLE_ASSIGNMENT|[21]|fieldName|"testautonumdata__Can (43 more) ..."
15:11:21.3 (6649365)|VARIABLE_SCOPE_BEGIN|[21]|initialObjectName|String|false|false
15:11:21.3 (6652582)|VARIABLE_ASSIGNMENT|[21]|initialObjectName|"testautonumdata__Int (9 more) ..."
15:11:21.3 (6659444)|HEAP_ALLOCATE|[23]|Bytes:5
15:11:21.3 (6662735)|STATEMENT_EXECUTE|[22]
15:11:21.3 (6676609)|ENTERING_MANAGED_PKG|
15:11:21.3 (6685628)|STATEMENT_EXECUTE|[24]
15:11:21.3 (6687129)|STATEMENT_EXECUTE|[25]
15:11:21.3 (6694772)|ENTERING_MANAGED_PKG|
15:11:21.3 (6698280)|HEAP_ALLOCATE|[25]|Bytes:29
15:11:21.3 (6707302)|VARIABLE_SCOPE_BEGIN|[25]|relName1|String|false|false
15:11:21.3 (6715097)|VARIABLE_ASSIGNMENT|[25]|relName1|"testautonumdata__Can (9 more) ..."
15:11:21.3 (6717455)|STATEMENT_EXECUTE|[26]
15:11:21.3 (6727188)|ENTERING_MANAGED_PKG|
15:11:21.3 (6730848)|HEAP_ALLOCATE|[26]|Bytes:33
15:11:21.3 (6739527)|VARIABLE_SCOPE_BEGIN|[26]|relField1|String|false|false
15:11:21.3 (6745730)|VARIABLE_ASSIGNMENT|[26]|relField1|"testautonumdata__Pos (13 more) ..."
15:11:21.3 (6755226)|ENTERING_MANAGED_PKG|
15:11:21.3 (6763028)|STATEMENT_EXECUTE|[28]
15:11:21.3 (6764586)|STATEMENT_EXECUTE|[29]
15:11:21.3 (6773053)|ENTERING_MANAGED_PKG|
15:11:21.3 (6793144)|HEAP_ALLOCATE|[29]|Bytes:28
15:11:21.3 (6804627)|VARIABLE_SCOPE_BEGIN|[29]|relName2|String|false|false
15:11:21.3 (6812643)|VARIABLE_ASSIGNMENT|[29]|relName2|"testautonumdata__Pos (8 more) ..."
15:11:21.3 (6815214)|STATEMENT_EXECUTE|[30]
15:11:21.3 (6827725)|ENTERING_MANAGED_PKG|
15:11:21.3 (6856329)|HEAP_ALLOCATE|[30]|Bytes:4
15:11:21.3 (6877511)|VARIABLE_SCOPE_BEGIN|[30]|relField2|String|false|false
15:11:21.3 (6890582)|VARIABLE_ASSIGNMENT|[30]|relField2|"Name"
15:11:21.3 (6908813)|ENTERING_MANAGED_PKG|
15:11:21.3 (6940389)|STATEMENT_EXECUTE|[34]
15:11:21.3 (6942625)|STATEMENT_EXECUTE|[36]
15:11:21.3 (6955457)|ENTERING_MANAGED_PKG|
15:11:21.3 (6980167)|HEAP_ALLOCATE|[36]|Bytes:28
15:11:21.3 (6992775)|VARIABLE_SCOPE_BEGIN|[36]|objectName2|String|false|false
15:11:21.3 (7014826)|VARIABLE_ASSIGNMENT|[36]|objectName2|"testautonumdata__Pos (8 more) ..."
15:11:21.3 (7018791)|STATEMENT_EXECUTE|[37]
15:11:21.3 (7027036)|METHOD_ENTRY|[37]|01pB0000000lA1s|testautonumdata.InterviewsLCServerController.AddFieldToMap(String, String)
15:11:21.3 (7043704)|VARIABLE_SCOPE_BEGIN|[68]|fieldName|String|false|false
15:11:21.3 (7048952)|VARIABLE_ASSIGNMENT|[68]|fieldName|"Name"
15:11:21.3 (7050546)|VARIABLE_SCOPE_BEGIN|[68]|ObjectName|String|false|false
15:11:21.3 (7055973)|VARIABLE_ASSIGNMENT|[68]|ObjectName|"testautonumdata__Pos (8 more) ..."
15:11:21.3 (7064142)|HEAP_ALLOCATE|[71]|Bytes:5
15:11:21.3 (7067831)|STATEMENT_EXECUTE|[69]
15:11:21.3 (7084087)|ENTERING_MANAGED_PKG|
15:11:21.3 (7092405)|STATEMENT_EXECUTE|[78]
15:11:21.3 (7093935)|STATEMENT_EXECUTE|[79]
15:11:21.3 (7098023)|HEAP_ALLOCATE|[79]|Bytes:4
15:11:21.3 (7105852)|ENTERING_MANAGED_PKG|
15:11:21.3 (7111616)|VARIABLE_SCOPE_BEGIN|[79]|newFieldSet|Set<String>|true|false
15:11:21.3 (7128994)|VARIABLE_ASSIGNMENT|[79]|newFieldSet|{"s":1,"v":[]}|0x1ba7f5ca
15:11:21.3 (7132456)|STATEMENT_EXECUTE|[80]
15:11:21.3 (7141310)|ENTERING_MANAGED_PKG|
15:11:21.3 (7144794)|HEAP_ALLOCATE|[EXTERNAL]|Bytes:4
15:11:21.3 (7150320)|STATEMENT_EXECUTE|[81]
15:11:21.3 (7157185)|ENTERING_MANAGED_PKG|
15:11:21.3 (7165665)|HEAP_ALLOCATE|[EXTERNAL]|Bytes:-4
15:11:21.3 (7176696)|METHOD_EXIT|[37]|01pB0000000lA1s|testautonumdata.InterviewsLCServerController.AddFieldToMap(String, String)
15:11:21.3 (7182849)|METHOD_EXIT|[122]|01pB0000000lA1s|testautonumdata.InterviewsLCServerController.AddFieldToObjectsMap(String, String)
15:11:21.3 (7186534)|STATEMENT_EXECUTE|[125]
15:11:21.3 (7187920)|STATEMENT_EXECUTE|[126]
15:11:21.3 (7201314)|ENTERING_MANAGED_PKG|
15:11:21.3 (7222835)|HEAP_ALLOCATE|[126]|Bytes:24
15:11:21.3 (7242825)|HEAP_ALLOCATE|[126]|Bytes:26
15:11:21.3 (7251748)|HEAP_ALLOCATE|[126]|Bytes:192
15:11:21.3 (7267040)|VARIABLE_ASSIGNMENT|[126]|soql|"Select id, testauton (172 more) ..."
15:11:21.3 (7272576)|STATEMENT_EXECUTE|[127]
15:11:21.3 (7284030)|METHOD_ENTRY|[127]|01pB0000000lA1s|testautonumdata.InterviewsLCServerController.AddFieldToObjectsMap(String, String)
15:11:21.3 (7302546)|VARIABLE_SCOPE_BEGIN|[21]|fieldName|String|false|false
15:11:21.3 (7310023)|VARIABLE_ASSIGNMENT|[21]|fieldName|"testautonumdata__Dat (4 more) ..."
15:11:21.3 (7312025)|VARIABLE_SCOPE_BEGIN|[21]|initialObjectName|String|false|false
15:11:21.3 (7315133)|VARIABLE_ASSIGNMENT|[21]|initialObjectName|"testautonumdata__Int (9 more) ..."
15:11:21.3 (7322441)|HEAP_ALLOCATE|[23]|Bytes:5
15:11:21.3 (7325871)|STATEMENT_EXECUTE|[22]
15:11:21.3 (7340565)|ENTERING_MANAGED_PKG|
15:11:21.3 (7349825)|STATEMENT_EXECUTE|[64]
15:11:21.3 (7355785)|METHOD_ENTRY|[64]|01pB0000000lA1s|testautonumdata.InterviewsLCServerController.AddFieldToMap(String, String)
15:11:21.3 (7359841)|VARIABLE_SCOPE_BEGIN|[68]|fieldName|String|false|false
15:11:21.3 (7365777)|VARIABLE_ASSIGNMENT|[68]|fieldName|"testautonumdata__Dat (4 more) ..."
15:11:21.3 (7367244)|VARIABLE_SCOPE_BEGIN|[68]|ObjectName|String|false|false
15:11:21.3 (7370271)|VARIABLE_ASSIGNMENT|[68]|ObjectName|"testautonumdata__Int (9 more) ..."
15:11:21.3 (7375227)|HEAP_ALLOCATE|[71]|Bytes:5
15:11:21.3 (7378068)|STATEMENT_EXECUTE|[69]
15:11:21.3 (7387232)|ENTERING_MANAGED_PKG|
15:11:21.3 (7394096)|STATEMENT_EXECUTE|[72]
15:11:21.3 (7395467)|STATEMENT_EXECUTE|[73]
15:11:21.3 (7414801)|ENTERING_MANAGED_PKG|
15:11:21.3 (7426700)|VARIABLE_SCOPE_BEGIN|[73]|existingFieldSet|Set<String>|true|false
15:11:21.3 (7443230)|VARIABLE_ASSIGNMENT|[73]|existingFieldSet|{"s":1,"v":["Id","testautonumdata__Can (9 more) ..."]}|0xd91ff59
15:11:21.3 (7446424)|STATEMENT_EXECUTE|[74]
15:11:21.3 (7455276)|ENTERING_MANAGED_PKG|
15:11:21.3 (7458826)|HEAP_ALLOCATE|[EXTERNAL]|Bytes:4
15:11:21.3 (7464288)|STATEMENT_EXECUTE|[75]
15:11:21.3 (7470725)|ENTERING_MANAGED_PKG|
15:11:21.3 (7490683)|METHOD_EXIT|[64]|01pB0000000lA1s|testautonumdata.InterviewsLCServerController.AddFieldToMap(String, String)
15:11:21.3 (7497145)|METHOD_EXIT|[127]|01pB0000000lA1s|testautonumdata.InterviewsLCServerController.AddFieldToObjectsMap(String, String)
15:11:21.3 (7501241)|STATEMENT_EXECUTE|[130]
15:11:21.3 (7502387)|STATEMENT_EXECUTE|[131]
15:11:21.3 (7516231)|ENTERING_MANAGED_PKG|
15:11:21.3 (7537806)|HEAP_ALLOCATE|[131]|Bytes:34
15:11:21.3 (7551723)|HEAP_ALLOCATE|[131]|Bytes:36
15:11:21.3 (7556008)|HEAP_ALLOCATE|[131]|Bytes:228
15:11:21.3 (7565241)|VARIABLE_ASSIGNMENT|[131]|soql|"Select id, testauton (208 more) ..."
15:11:21.3 (7568169)|STATEMENT_EXECUTE|[132]
15:11:21.3 (7574943)|METHOD_ENTRY|[132]|01pB0000000lA1s|testautonumdata.InterviewsLCServerController.AddFieldToObjectsMap(String, String)
15:11:21.3 (7590353)|VARIABLE_SCOPE_BEGIN|[21]|fieldName|String|false|false
15:11:21.3 (7597104)|VARIABLE_ASSIGNMENT|[21]|fieldName|"testautonumdata__Int (14 more) ..."
15:11:21.3 (7598903)|VARIABLE_SCOPE_BEGIN|[21]|initialObjectName|String|false|false
15:11:21.3 (7601859)|VARIABLE_ASSIGNMENT|[21]|initialObjectName|"testautonumdata__Int (9 more) ..."
15:11:21.3 (7608229)|HEAP_ALLOCATE|[23]|Bytes:5
15:11:21.3 (7611532)|STATEMENT_EXECUTE|[22]
15:11:21.3 (7630466)|ENTERING_MANAGED_PKG|
15:11:21.3 (7648364)|STATEMENT_EXECUTE|[64]
15:11:21.3 (7658781)|METHOD_ENTRY|[64]|01pB0000000lA1s|testautonumdata.InterviewsLCServerController.AddFieldToMap(String, String)
15:11:21.3 (7665473)|VARIABLE_SCOPE_BEGIN|[68]|fieldName|String|false|false
15:11:21.3 (7675582)|VARIABLE_ASSIGNMENT|[68]|fieldName|"testautonumdata__Int (14 more) ..."
15:11:21.3 (7678794)|VARIABLE_SCOPE_BEGIN|[68]|ObjectName|String|false|false
15:11:21.3 (7684304)|VARIABLE_ASSIGNMENT|[68]|ObjectName|"testautonumdata__Int (9 more) ..."
15:11:21.3 (7692647)|HEAP_ALLOCATE|[71]|Bytes:5
15:11:21.3 (7696654)|STATEMENT_EXECUTE|[69]
15:11:21.3 (7708114)|ENTERING_MANAGED_PKG|
15:11:21.3 (7715590)|STATEMENT_EXECUTE|[72]
15:11:21.3 (7716952)|STATEMENT_EXECUTE|[73]
15:11:21.3 (7721981)|ENTERING_MANAGED_PKG|
15:11:21.3 (7732548)|VARIABLE_SCOPE_BEGIN|[73]|existingFieldSet|Set<String>|true|false
15:11:21.3 (7749278)|VARIABLE_ASSIGNMENT|[73]|existingFieldSet|{"s":1,"v":["Id","testautonumdata__Can (9 more) ...","testautonumdata__Dat (4 more) ..."]}|0xd91ff59
15:11:21.3 (7752614)|STATEMENT_EXECUTE|[74]
15:11:21.3 (7761162)|ENTERING_MANAGED_PKG|
15:11:21.3 (7764675)|HEAP_ALLOCATE|[EXTERNAL]|Bytes:4
15:11:21.3 (7770091)|STATEMENT_EXECUTE|[75]
15:11:21.3 (7776572)|ENTERING_MANAGED_PKG|
15:11:21.3 (7796064)|METHOD_EXIT|[64]|01pB0000000lA1s|testautonumdata.InterviewsLCServerController.AddFieldToMap(String, String)
15:11:21.3 (7802199)|METHOD_EXIT|[132]|01pB0000000lA1s|testautonumdata.InterviewsLCServerController.AddFieldToObjectsMap(String, String)
15:11:21.3 (7805637)|STATEMENT_EXECUTE|[135]
15:11:21.3 (7809397)|HEAP_ALLOCATE|[135]|Bytes:6
15:11:21.3 (7824005)|ENTERING_MANAGED_PKG|
15:11:21.3 (7845564)|HEAP_ALLOCATE|[135]|Bytes:29
15:11:21.3 (7859027)|HEAP_ALLOCATE|[135]|Bytes:35
15:11:21.3 (7863076)|HEAP_ALLOCATE|[135]|Bytes:263
15:11:21.3 (7872169)|VARIABLE_ASSIGNMENT|[135]|soql|"Select id, testauton (243 more) ..."
15:11:21.3 (7879536)|STATEMENT_EXECUTE|[139]
15:11:21.3 (7880911)|STATEMENT_EXECUTE|[140]
15:11:21.3 (7883425)|HEAP_ALLOCATE|[140]|Bytes:7
15:11:21.3 (7897925)|ENTERING_MANAGED_PKG|
15:11:21.3 (7917594)|HEAP_ALLOCATE|[140]|Bytes:26
15:11:21.3 (7928538)|HEAP_ALLOCATE|[140]|Bytes:4
15:11:21.3 (7940375)|ENTERING_MANAGED_PKG|
15:11:21.3 (7943580)|HEAP_ALLOCATE|[140]|Bytes:7
15:11:21.3 (7951204)|HEAP_ALLOCATE|[140]|Bytes:1
15:11:21.3 (7964751)|HEAP_ALLOCATE|[140]|Bytes:45
15:11:21.3 (7969522)|HEAP_ALLOCATE|[140]|Bytes:308
15:11:21.3 (7980316)|VARIABLE_ASSIGNMENT|[140]|soql|"Select id, testauton (288 more) ..."
15:11:21.3 (7983972)|STATEMENT_EXECUTE|[141]
15:11:21.3 (7991879)|METHOD_ENTRY|[141]|01pB0000000lA1s|testautonumdata.InterviewsLCServerController.AddFieldToObjectsMap(String, String)
15:11:21.3 (8008091)|VARIABLE_SCOPE_BEGIN|[21]|fieldName|String|false|false
15:11:21.3 (8015341)|VARIABLE_ASSIGNMENT|[21]|fieldName|"testautonumdata__Sta (6 more) ..."
15:11:21.3 (8017111)|VARIABLE_SCOPE_BEGIN|[21]|initialObjectName|String|false|false
15:11:21.3 (8020356)|VARIABLE_ASSIGNMENT|[21]|initialObjectName|"testautonumdata__Int (9 more) ..."
15:11:21.3 (8026398)|HEAP_ALLOCATE|[23]|Bytes:5
15:11:21.3 (8029571)|STATEMENT_EXECUTE|[22]
15:11:21.3 (8043453)|ENTERING_MANAGED_PKG|
15:11:21.3 (8051994)|STATEMENT_EXECUTE|[64]
15:11:21.3 (8058244)|METHOD_ENTRY|[64]|01pB0000000lA1s|testautonumdata.InterviewsLCServerController.AddFieldToMap(String, String)
15:11:21.3 (8062238)|VARIABLE_SCOPE_BEGIN|[68]|fieldName|String|false|false
15:11:21.3 (8067954)|VARIABLE_ASSIGNMENT|[68]|fieldName|"testautonumdata__Sta (6 more) ..."
15:11:21.3 (8069598)|VARIABLE_SCOPE_BEGIN|[68]|ObjectName|String|false|false
15:11:21.3 (8077161)|VARIABLE_ASSIGNMENT|[68]|ObjectName|"testautonumdata__Int (9 more) ..."
15:11:21.3 (8082754)|HEAP_ALLOCATE|[71]|Bytes:5
15:11:21.3 (8085756)|STATEMENT_EXECUTE|[69]
15:11:21.3 (8095647)|ENTERING_MANAGED_PKG|
15:11:21.3 (8102404)|STATEMENT_EXECUTE|[72]
15:11:21.3 (8103803)|STATEMENT_EXECUTE|[73]
15:11:21.3 (8108732)|ENTERING_MANAGED_PKG|
15:11:21.3 (8118848)|VARIABLE_SCOPE_BEGIN|[73]|existingFieldSet|Set<String>|true|false
15:11:21.3 (8135501)|VARIABLE_ASSIGNMENT|[73]|existingFieldSet|{"s":1,"v":["Id","testautonumdata__Can (9 more) ...","testautonumdata__Dat (4 more) ...","testautonumdata__Int (14 more) ..."]}|0xd91ff59
15:11:21.3 (8138833)|STATEMENT_EXECUTE|[74]
15:11:21.3 (8147238)|ENTERING_MANAGED_PKG|
15:11:21.3 (8150555)|HEAP_ALLOCATE|[EXTERNAL]|Bytes:4
15:11:21.3 (8156246)|STATEMENT_EXECUTE|[75]
15:11:21.3 (8162519)|ENTERING_MANAGED_PKG|
15:11:21.3 (8181574)|METHOD_EXIT|[64]|01pB0000000lA1s|testautonumdata.InterviewsLCServerController.AddFieldToMap(String, String)
15:11:21.3 (8187746)|METHOD_EXIT|[141]|01pB0000000lA1s|testautonumdata.InterviewsLCServerController.AddFieldToObjectsMap(String, String)
15:11:21.3 (8193364)|STATEMENT_EXECUTE|[145]
15:11:21.3 (8194818)|STATEMENT_EXECUTE|[146]
15:11:21.3 (8198076)|HEAP_ALLOCATE|[146]|Bytes:10
15:11:21.3 (8212457)|ENTERING_MANAGED_PKG|
15:11:21.3 (8238021)|HEAP_ALLOCATE|[146]|Bytes:63
15:11:21.3 (8257838)|HEAP_ALLOCATE|[146]|Bytes:1
15:11:21.3 (8281365)|ENTERING_MANAGED_PKG|
15:11:21.3 (8287624)|HEAP_ALLOCATE|[146]|Bytes:4
15:11:21.3 (8305695)|HEAP_ALLOCATE|[146]|Bytes:78
15:11:21.3 (8310548)|HEAP_ALLOCATE|[146]|Bytes:386
15:11:21.3 (8320185)|VARIABLE_ASSIGNMENT|[146]|soql|"Select id, testauton (366 more) ..."
15:11:21.3 (8333977)|STATEMENT_EXECUTE|[147]
15:11:21.3 (8343148)|METHOD_ENTRY|[147]|01pB0000000lA1s|testautonumdata.InterviewsLCServerController.AddFieldToObjectsMap(String, String)
15:11:21.3 (8360961)|VARIABLE_SCOPE_BEGIN|[21]|fieldName|String|false|false
15:11:21.3 (8368014)|VARIABLE_ASSIGNMENT|[21]|fieldName|"testautonumdata__Can (43 more) ..."
15:11:21.3 (8369780)|VARIABLE_SCOPE_BEGIN|[21]|initialObjectName|String|false|false
15:11:21.3 (8372860)|VARIABLE_ASSIGNMENT|[21]|initialObjectName|"testautonumdata__Int (9 more) ..."
15:11:21.3 (8379197)|HEAP_ALLOCATE|[23]|Bytes:5
15:11:21.3 (8382479)|STATEMENT_EXECUTE|[22]
15:11:21.3 (8396406)|ENTERING_MANAGED_PKG|
15:11:21.3 (8405051)|STATEMENT_EXECUTE|[24]
15:11:21.3 (8406534)|STATEMENT_EXECUTE|[25]
15:11:21.3 (8413969)|ENTERING_MANAGED_PKG|
15:11:21.3 (8417528)|HEAP_ALLOCATE|[25]|Bytes:29
15:11:21.3 (8426575)|VARIABLE_SCOPE_BEGIN|[25]|relName1|String|false|false
15:11:21.3 (8433816)|VARIABLE_ASSIGNMENT|[25]|relName1|"testautonumdata__Can (9 more) ..."
15:11:21.3 (8436088)|STATEMENT_EXECUTE|[26]
15:11:21.3 (8445471)|ENTERING_MANAGED_PKG|
15:11:21.3 (8449032)|HEAP_ALLOCATE|[26]|Bytes:33
15:11:21.3 (8457570)|VARIABLE_SCOPE_BEGIN|[26]|relField1|String|false|false
15:11:21.3 (8463830)|VARIABLE_ASSIGNMENT|[26]|relField1|"testautonumdata__Pos (13 more) ..."
15:11:21.3 (8473245)|ENTERING_MANAGED_PKG|
15:11:21.3 (8480976)|STATEMENT_EXECUTE|[28]
15:11:21.3 (8482404)|STATEMENT_EXECUTE|[29]
15:11:21.3 (8489603)|ENTERING_MANAGED_PKG|
15:11:21.3 (8492990)|HEAP_ALLOCATE|[29]|Bytes:28
15:11:21.3 (8501411)|VARIABLE_SCOPE_BEGIN|[29]|relName2|String|false|false
15:11:21.3 (8507742)|VARIABLE_ASSIGNMENT|[29]|relName2|"testautonumdata__Pos (8 more) ..."
15:11:21.3 (8509775)|STATEMENT_EXECUTE|[30]
15:11:21.3 (8519014)|ENTERING_MANAGED_PKG|
15:11:21.3 (8522243)|HEAP_ALLOCATE|[30]|Bytes:4
15:11:21.3 (8530442)|VARIABLE_SCOPE_BEGIN|[30]|relField2|String|false|false
15:11:21.3 (8535710)|VARIABLE_ASSIGNMENT|[30]|relField2|"Name"
15:11:21.3 (8544883)|ENTERING_MANAGED_PKG|
15:11:21.3 (8552607)|STATEMENT_EXECUTE|[34]
15:11:21.3 (8554017)|STATEMENT_EXECUTE|[36]
15:11:21.3 (8561618)|ENTERING_MANAGED_PKG|
15:11:21.3 (8569473)|HEAP_ALLOCATE|[36]|Bytes:28
15:11:21.3 (8578788)|VARIABLE_SCOPE_BEGIN|[36]|objectName2|String|false|false
15:11:21.3 (8586185)|VARIABLE_ASSIGNMENT|[36]|objectName2|"testautonumdata__Pos (8 more) ..."
15:11:21.3 (8589730)|STATEMENT_EXECUTE|[37]
15:11:21.3 (8599010)|METHOD_ENTRY|[37]|01pB0000000lA1s|testautonumdata.InterviewsLCServerController.AddFieldToMap(String, String)
15:11:21.3 (8606197)|VARIABLE_SCOPE_BEGIN|[68]|fieldName|String|false|false
15:11:21.3 (8613168)|VARIABLE_ASSIGNMENT|[68]|fieldName|"Name"
15:11:21.3 (8616326)|VARIABLE_SCOPE_BEGIN|[68]|ObjectName|String|false|false
15:11:21.3 (8622552)|VARIABLE_ASSIGNMENT|[68]|ObjectName|"testautonumdata__Pos (8 more) ..."
15:11:21.3 (8631696)|HEAP_ALLOCATE|[71]|Bytes:5
15:11:21.3 (8649909)|STATEMENT_EXECUTE|[69]
15:11:21.3 (8666633)|ENTERING_MANAGED_PKG|
15:11:21.3 (8676212)|STATEMENT_EXECUTE|[72]
15:11:21.3 (8677782)|STATEMENT_EXECUTE|[73]
15:11:21.3 (8683344)|ENTERING_MANAGED_PKG|
15:11:21.3 (8694349)|VARIABLE_SCOPE_BEGIN|[73]|existingFieldSet|Set<String>|true|false
15:11:21.3 (8709475)|VARIABLE_ASSIGNMENT|[73]|existingFieldSet|{"s":1,"v":["Name"]}|0x1ba7f5ca
15:11:21.3 (8712451)|STATEMENT_EXECUTE|[74]
15:11:21.3 (8720756)|ENTERING_MANAGED_PKG|
15:11:21.3 (8724238)|HEAP_ALLOCATE|[EXTERNAL]|Bytes:4
15:11:21.3 (8729451)|STATEMENT_EXECUTE|[75]
15:11:21.3 (8735774)|ENTERING_MANAGED_PKG|
15:11:21.3 (8755312)|METHOD_EXIT|[37]|01pB0000000lA1s|testautonumdata.InterviewsLCServerController.AddFieldToMap(String, String)
15:11:21.3 (8761673)|METHOD_EXIT|[147]|01pB0000000lA1s|testautonumdata.InterviewsLCServerController.AddFieldToObjectsMap(String, String)
15:11:21.3 (8764837)|STATEMENT_EXECUTE|[150]
15:11:21.3 (8768502)|HEAP_ALLOCATE|[150]|Bytes:7
15:11:21.3 (8783063)|ENTERING_MANAGED_PKG|
15:11:21.3 (8805512)|HEAP_ALLOCATE|[150]|Bytes:1
15:11:21.3 (8818954)|HEAP_ALLOCATE|[150]|Bytes:8
15:11:21.3 (8823079)|HEAP_ALLOCATE|[150]|Bytes:394
15:11:21.3 (8832143)|VARIABLE_ASSIGNMENT|[150]|soql|"Select id, testauton (374 more) ..."
15:11:21.3 (8835033)|STATEMENT_EXECUTE|[154]
15:11:21.3 (8837575)|HEAP_ALLOCATE|[154]|Bytes:15
15:11:21.3 (8842338)|HEAP_ALLOCATE|[154]|Bytes:409
15:11:21.3 (8855912)|ENTERING_MANAGED_PKG|
15:11:21.3 (8877955)|USER_DEBUG|[154]|DEBUG|######## soql: Select id, testautonumdata__Candidate__c, testautonumdata__Candidate__r.testautonumdata__Full_Name__c, testautonumdata__Candidate__r.testautonumdata__Position__r.Name, testautonumdata__Date__c, testautonumdata__Interview_Type__c FROM testautonumdata__Interview__c where testautonumdata__Status__c = 'Pending' order by testautonumdata__Candidate__r.testautonumdata__Position__r.Name desc limit 8
15:11:21.3 (8896681)|ENTERING_MANAGED_PKG|
15:11:21.3 (8922176)|STATEMENT_EXECUTE|[162]
15:11:21.3 (8924113)|STATEMENT_EXECUTE|[163]
15:11:21.3 (8927462)|HEAP_ALLOCATE|[163]|Bytes:27
15:11:21.3 (8945757)|ENTERING_MANAGED_PKG|
15:11:21.3 (8983627)|HEAP_ALLOCATE|[163]|Bytes:257
15:11:21.3 (8998264)|HEAP_ALLOCATE|[163]|Bytes:284
15:11:21.3 (9011200)|ENTERING_MANAGED_PKG|
15:11:21.3 (9018895)|USER_DEBUG|[163]|DEBUG|######## mapObjectsFields: {testautonumdata__Candidate__c={testautonumdata__Full_Name__c}, testautonumdata__Interview__c={Id, testautonumdata__Candidate__c, testautonumdata__Date__c, testautonumdata__Interview_Type__c, testautonumdata__Status__c}, testautonumdata__Position__c={Name}}
15:11:21.3 (9033507)|HEAP_ALLOCATE|[164]|Bytes:4
15:11:21.3 (9046556)|ENTERING_MANAGED_PKG|
15:11:21.3 (9081239)|ENTERING_MANAGED_PKG|
15:11:21.3 (9097202)|HEAP_ALLOCATE|[164]|Bytes:102
15:11:21.3 (9113510)|ENTERING_MANAGED_PKG|
15:11:21.3 (9122118)|HEAP_ALLOCATE|[164]|Bytes:12
15:11:21.3 (9136916)|ENTERING_MANAGED_PKG|
15:11:21.3 (9202243)|HEAP_ALLOCATE|[164]|Bytes:5
15:11:21.3 (9223424)|VARIABLE_SCOPE_BEGIN|[164]|objectName|String|false|false
15:11:21.3 (9233159)|VARIABLE_ASSIGNMENT|[164]|objectName|"testautonumdata__Int (9 more) ..."
15:11:21.3 (9236859)|STATEMENT_EXECUTE|[165]
15:11:21.3 (9238130)|STATEMENT_EXECUTE|[166]
15:11:21.3 (9240850)|HEAP_ALLOCATE|[166]|Bytes:21
15:11:21.3 (9247102)|HEAP_ALLOCATE|[166]|Bytes:50
15:11:21.3 (9259988)|ENTERING_MANAGED_PKG|
15:11:21.3 (9282265)|USER_DEBUG|[166]|DEBUG|######## objectName: testautonumdata__Interview__c
15:11:21.3 (9289392)|STATEMENT_EXECUTE|[167]
15:11:21.3 (9308987)|ENTERING_MANAGED_PKG|
15:11:21.3 (23155964)|HEAP_ALLOCATE|[167]|Bytes:1764
15:11:21.3 (23182181)|ENTERING_MANAGED_PKG|
15:11:21.3 (23284069)|HEAP_ALLOCATE|[167]|Bytes:4
15:11:21.3 (23295446)|VARIABLE_SCOPE_BEGIN|[167]|sObj|SObject|true|false
15:11:21.3 (23311747)|VARIABLE_ASSIGNMENT|[167]|sObj|{}|0x7934e1e2
15:11:21.3 (23315267)|STATEMENT_EXECUTE|[168]
15:11:21.3 (23341929)|ENTERING_MANAGED_PKG|
15:11:21.3 (23656271)|HEAP_ALLOCATE|[168]|Bytes:4
15:11:21.3 (24117166)|HEAP_ALLOCATE|[168]|Bytes:80
15:11:21.3 (24129402)|VARIABLE_SCOPE_BEGIN|[168]|m|Map<String,Schema.SObjectField>|true|false
15:11:21.3 (24361180)|VARIABLE_ASSIGNMENT|[168]|m|"{createdbyid=CreatedById, createddate=CreatedDate, id=Id, isdeleted=IsDeleted, lastactivitydate=LastActivityDate, lastmodifiedbyid=LastModifiedById, lastmodifieddate=LastModifiedDate, lastreferenceddate=LastReferencedDate, lastvieweddate=LastViewedDate, name=Name, ...}"|0x4977f0b
15:11:21.3 (24368133)|STATEMENT_EXECUTE|[169]
15:11:21.3 (24385188)|ENTERING_MANAGED_PKG|
15:11:21.3 (24424656)|VARIABLE_SCOPE_BEGIN|[169]|objectFieldSet|Set<String>|true|false
15:11:21.3 (24446346)|VARIABLE_ASSIGNMENT|[169]|objectFieldSet|{"s":1,"v":["Id","testautonumdata__Can (9 more) ...","testautonumdata__Dat (4 more) ...","testautonumdata__Int (14 more) ...","testautonumdata__Sta (6 more) ..."]}|0xd91ff59
15:11:21.3 (24453708)|HEAP_ALLOCATE|[171]|Bytes:4
15:11:21.3 (24467554)|ENTERING_MANAGED_PKG|
15:11:21.3 (24497613)|ENTERING_MANAGED_PKG|
15:11:21.3 (24502843)|HEAP_ALLOCATE|[171]|Bytes:20
15:11:21.3 (24512860)|ENTERING_MANAGED_PKG|
15:11:21.3 (24528580)|HEAP_ALLOCATE|[171]|Bytes:5
15:11:21.3 (24544596)|VARIABLE_SCOPE_BEGIN|[171]|fieldToCheck|String|false|false
15:11:21.3 (24552712)|VARIABLE_ASSIGNMENT|[171]|fieldToCheck|"Id"
15:11:21.3 (24555905)|STATEMENT_EXECUTE|[171]
15:11:21.3 (24557123)|STATEMENT_EXECUTE|[172]
15:11:21.3 (24560112)|HEAP_ALLOCATE|[172]|Bytes:23
15:11:21.3 (24567242)|HEAP_ALLOCATE|[172]|Bytes:25
15:11:21.3 (24580205)|ENTERING_MANAGED_PKG|
15:11:21.3 (24603579)|USER_DEBUG|[172]|DEBUG|######## fieldToCheck: Id
15:11:21.3 (24621789)|ENTERING_MANAGED_PKG|
15:11:21.3 (24927807)|HEAP_ALLOCATE|[174]|Bytes:8
15:11:21.3 (24957990)|STATEMENT_EXECUTE|[174]
15:11:21.3 (24960453)|STATEMENT_EXECUTE|[182]
15:11:21.3 (24963691)|HEAP_ALLOCATE|[182]|Bytes:35
15:11:21.3 (24971485)|HEAP_ALLOCATE|[182]|Bytes:37
15:11:21.3 (24985794)|ENTERING_MANAGED_PKG|
15:11:21.3 (25009292)|USER_DEBUG|[182]|DEBUG|######## User has access to field: Id
15:11:21.3 (25026027)|HEAP_ALLOCATE|[171]|Bytes:5
15:11:21.3 (25039557)|VARIABLE_SCOPE_BEGIN|[171]|fieldToCheck|String|false|false
15:11:21.3 (25049327)|VARIABLE_ASSIGNMENT|[171]|fieldToCheck|"testautonumdata__Can (9 more) ..."
15:11:21.3 (25052403)|STATEMENT_EXECUTE|[171]
15:11:21.3 (25053592)|STATEMENT_EXECUTE|[172]
15:11:21.3 (25058927)|HEAP_ALLOCATE|[172]|Bytes:52
15:11:21.3 (25070006)|ENTERING_MANAGED_PKG|
15:11:21.3 (25081066)|USER_DEBUG|[172]|DEBUG|######## fieldToCheck: testautonumdata__Candidate__c
15:11:21.3 (25092739)|ENTERING_MANAGED_PKG|
15:11:21.3 (25314494)|HEAP_ALLOCATE|[174]|Bytes:8
15:11:21.3 (25330381)|STATEMENT_EXECUTE|[174]
15:11:21.3 (25332224)|STATEMENT_EXECUTE|[182]
15:11:21.3 (25337931)|HEAP_ALLOCATE|[182]|Bytes:64
15:11:21.3 (25349089)|ENTERING_MANAGED_PKG|
15:11:21.3 (25356266)|USER_DEBUG|[182]|DEBUG|######## User has access to field: testautonumdata__Candidate__c
15:11:21.3 (25370264)|HEAP_ALLOCATE|[171]|Bytes:5
15:11:21.3 (25382561)|VARIABLE_SCOPE_BEGIN|[171]|fieldToCheck|String|false|false
15:11:21.3 (25392123)|VARIABLE_ASSIGNMENT|[171]|fieldToCheck|"testautonumdata__Dat (4 more) ..."
15:11:21.3 (25395362)|STATEMENT_EXECUTE|[171]
15:11:21.3 (25396566)|STATEMENT_EXECUTE|[172]
15:11:21.3 (25401531)|HEAP_ALLOCATE|[172]|Bytes:47
15:11:21.3 (25411771)|ENTERING_MANAGED_PKG|
15:11:21.3 (25417847)|USER_DEBUG|[172]|DEBUG|######## fieldToCheck: testautonumdata__Date__c
15:11:21.3 (25428624)|ENTERING_MANAGED_PKG|
15:11:21.3 (26243085)|HEAP_ALLOCATE|[174]|Bytes:8
15:11:21.3 (26260270)|STATEMENT_EXECUTE|[174]
15:11:21.3 (26262185)|STATEMENT_EXECUTE|[182]
15:11:21.3 (26268072)|HEAP_ALLOCATE|[182]|Bytes:59
15:11:21.3 (26280145)|ENTERING_MANAGED_PKG|
15:11:21.3 (26287473)|USER_DEBUG|[182]|DEBUG|######## User has access to field: testautonumdata__Date__c
15:11:21.3 (26301820)|HEAP_ALLOCATE|[171]|Bytes:5
15:11:21.3 (26314498)|VARIABLE_SCOPE_BEGIN|[171]|fieldToCheck|String|false|false
15:11:21.3 (26324370)|VARIABLE_ASSIGNMENT|[171]|fieldToCheck|"testautonumdata__Int (14 more) ..."
15:11:21.3 (26327364)|STATEMENT_EXECUTE|[171]
15:11:21.3 (26328503)|STATEMENT_EXECUTE|[172]
15:11:21.3 (26333483)|HEAP_ALLOCATE|[172]|Bytes:57
15:11:21.3 (26344423)|ENTERING_MANAGED_PKG|
15:11:21.3 (26350582)|USER_DEBUG|[172]|DEBUG|######## fieldToCheck: testautonumdata__Interview_Type__c
15:11:21.3 (26361227)|ENTERING_MANAGED_PKG|
15:11:21.3 (26533792)|HEAP_ALLOCATE|[174]|Bytes:8
15:11:21.3 (26549072)|STATEMENT_EXECUTE|[174]
15:11:21.3 (26550839)|STATEMENT_EXECUTE|[182]
15:11:21.3 (26556519)|HEAP_ALLOCATE|[182]|Bytes:69
15:11:21.3 (26567624)|ENTERING_MANAGED_PKG|
15:11:21.3 (26574523)|USER_DEBUG|[182]|DEBUG|######## User has access to field: testautonumdata__Interview_Type__c
15:11:21.3 (26588245)|HEAP_ALLOCATE|[171]|Bytes:5
15:11:21.3 (26600279)|VARIABLE_SCOPE_BEGIN|[171]|fieldToCheck|String|false|false
15:11:21.3 (26609928)|VARIABLE_ASSIGNMENT|[171]|fieldToCheck|"testautonumdata__Sta (6 more) ..."
15:11:21.3 (26612928)|STATEMENT_EXECUTE|[171]
15:11:21.3 (26614081)|STATEMENT_EXECUTE|[172]
15:11:21.3 (26618966)|HEAP_ALLOCATE|[172]|Bytes:49
15:11:21.3 (26629197)|ENTERING_MANAGED_PKG|
15:11:21.3 (26635162)|USER_DEBUG|[172]|DEBUG|######## fieldToCheck: testautonumdata__Status__c
15:11:21.3 (26645726)|ENTERING_MANAGED_PKG|
15:11:21.3 (26799956)|HEAP_ALLOCATE|[174]|Bytes:8
15:11:21.3 (26815091)|STATEMENT_EXECUTE|[174]
15:11:21.3 (26816871)|STATEMENT_EXECUTE|[182]
15:11:21.3 (26822369)|HEAP_ALLOCATE|[182]|Bytes:61
15:11:21.3 (26833044)|ENTERING_MANAGED_PKG|
15:11:21.3 (26840004)|USER_DEBUG|[182]|DEBUG|######## User has access to field: testautonumdata__Status__c
15:11:21.3 (26853447)|HEAP_ALLOCATE|[171]|Bytes:5
15:11:21.3 (26868554)|VARIABLE_ASSIGNMENT|[171]|fieldToCheck|null
15:11:21.3 (26880979)|HEAP_ALLOCATE|[164]|Bytes:5
15:11:21.3 (26893134)|VARIABLE_SCOPE_BEGIN|[164]|objectName|String|false|false
15:11:21.3 (26901687)|VARIABLE_ASSIGNMENT|[164]|objectName|"testautonumdata__Can (9 more) ..."
15:11:21.3 (26904884)|STATEMENT_EXECUTE|[165]
15:11:21.3 (26906420)|STATEMENT_EXECUTE|[166]
15:11:21.3 (26911486)|HEAP_ALLOCATE|[166]|Bytes:50
15:11:21.3 (26921848)|ENTERING_MANAGED_PKG|
15:11:21.3 (26928153)|USER_DEBUG|[166]|DEBUG|######## objectName: testautonumdata__Candidate__c
15:11:21.3 (26934095)|STATEMENT_EXECUTE|[167]
15:11:21.3 (26939946)|ENTERING_MANAGED_PKG|
15:11:21.3 (33012401)|HEAP_ALLOCATE|[167]|Bytes:1764
15:11:21.3 (33034479)|ENTERING_MANAGED_PKG|
15:11:21.3 (33085423)|HEAP_ALLOCATE|[167]|Bytes:4
15:11:21.3 (33095567)|VARIABLE_SCOPE_BEGIN|[167]|sObj|SObject|true|false
15:11:21.3 (33108423)|VARIABLE_ASSIGNMENT|[167]|sObj|{}|0x6039cbc
15:11:21.3 (33111885)|STATEMENT_EXECUTE|[168]
15:11:21.3 (33128636)|ENTERING_MANAGED_PKG|
15:11:21.3 (33263434)|HEAP_ALLOCATE|[168]|Bytes:4
15:11:21.3 (33792280)|HEAP_ALLOCATE|[168]|Bytes:136
15:11:21.3 (33803488)|VARIABLE_SCOPE_BEGIN|[168]|m|Map<String,Schema.SObjectField>|true|false
15:11:21.3 (33991735)|VARIABLE_ASSIGNMENT|[168]|m|"{createdbyid=CreatedById, createddate=CreatedDate, id=Id, isdeleted=IsDeleted, lastactivitydate=LastActivityDate, lastmodifiedbyid=LastModifiedById, lastmodifieddate=LastModifiedDate, lastreferenceddate=LastReferencedDate, lastvieweddate=LastViewedDate, name=Name, ...}"|0x4e7b29c3
15:11:21.3 (33998533)|STATEMENT_EXECUTE|[169]
15:11:21.3 (34012997)|ENTERING_MANAGED_PKG|
15:11:21.3 (34027418)|VARIABLE_SCOPE_BEGIN|[169]|objectFieldSet|Set<String>|true|false
15:11:21.3 (34045518)|VARIABLE_ASSIGNMENT|[169]|objectFieldSet|{"s":1,"v":["testautonumdata__Ful (9 more) ..."]}|0x19ceba9d
15:11:21.3 (34051878)|HEAP_ALLOCATE|[171]|Bytes:4
15:11:21.3 (34063057)|ENTERING_MANAGED_PKG|
15:11:21.3 (34077565)|ENTERING_MANAGED_PKG|
15:11:21.3 (34082040)|HEAP_ALLOCATE|[171]|Bytes:4
15:11:21.3 (34090827)|ENTERING_MANAGED_PKG|
15:11:21.3 (34104837)|HEAP_ALLOCATE|[171]|Bytes:5
15:11:21.3 (34117993)|VARIABLE_SCOPE_BEGIN|[171]|fieldToCheck|String|false|false
15:11:21.3 (34126749)|VARIABLE_ASSIGNMENT|[171]|fieldToCheck|"testautonumdata__Ful (9 more) ..."
15:11:21.3 (34129845)|STATEMENT_EXECUTE|[171]
15:11:21.3 (34131088)|STATEMENT_EXECUTE|[172]
15:11:21.3 (34136857)|HEAP_ALLOCATE|[172]|Bytes:52
15:11:21.3 (34148208)|ENTERING_MANAGED_PKG|
15:11:21.3 (34155847)|USER_DEBUG|[172]|DEBUG|######## fieldToCheck: testautonumdata__Full_Name__c
15:11:21.3 (34167756)|ENTERING_MANAGED_PKG|
15:11:21.3 (34770096)|HEAP_ALLOCATE|[174]|Bytes:8
15:11:21.3 (34786276)|STATEMENT_EXECUTE|[174]
15:11:21.3 (34788324)|STATEMENT_EXECUTE|[182]
15:11:21.3 (34794407)|HEAP_ALLOCATE|[182]|Bytes:64
15:11:21.3 (34806740)|ENTERING_MANAGED_PKG|
15:11:21.3 (34814130)|USER_DEBUG|[182]|DEBUG|######## User has access to field: testautonumdata__Full_Name__c
15:11:21.3 (34828620)|HEAP_ALLOCATE|[171]|Bytes:5
15:11:21.3 (34842412)|VARIABLE_ASSIGNMENT|[171]|fieldToCheck|null
15:11:21.3 (34851264)|HEAP_ALLOCATE|[164]|Bytes:5
15:11:21.3 (34862649)|VARIABLE_SCOPE_BEGIN|[164]|objectName|String|false|false
15:11:21.3 (34874003)|VARIABLE_ASSIGNMENT|[164]|objectName|"testautonumdata__Pos (8 more) ..."
15:11:21.3 (34877784)|STATEMENT_EXECUTE|[165]
15:11:21.3 (34879046)|STATEMENT_EXECUTE|[166]
15:11:21.3 (34885061)|HEAP_ALLOCATE|[166]|Bytes:49
15:11:21.3 (34896216)|ENTERING_MANAGED_PKG|
15:11:21.3 (34902589)|USER_DEBUG|[166]|DEBUG|######## objectName: testautonumdata__Position__c
15:11:21.3 (34908680)|STATEMENT_EXECUTE|[167]
15:11:21.3 (34914476)|ENTERING_MANAGED_PKG|
15:11:21.3 (39886182)|HEAP_ALLOCATE|[167]|Bytes:1764
15:11:21.3 (39906579)|ENTERING_MANAGED_PKG|
15:11:21.3 (39971829)|HEAP_ALLOCATE|[167]|Bytes:4
15:11:21.3 (39986265)|VARIABLE_SCOPE_BEGIN|[167]|sObj|SObject|true|false
15:11:21.3 (39998712)|VARIABLE_ASSIGNMENT|[167]|sObj|{}|0x3b26857f
15:11:21.3 (40001960)|STATEMENT_EXECUTE|[168]
15:11:21.3 (40018918)|ENTERING_MANAGED_PKG|
15:11:21.3 (40162213)|HEAP_ALLOCATE|[168]|Bytes:4
15:11:21.3 (40454185)|HEAP_ALLOCATE|[168]|Bytes:64
15:11:21.3 (40465172)|VARIABLE_SCOPE_BEGIN|[168]|m|Map<String,Schema.SObjectField>|true|false
15:11:21.3 (40613462)|VARIABLE_ASSIGNMENT|[168]|m|"{createdbyid=CreatedById, createddate=CreatedDate, id=Id, isdeleted=IsDeleted, lastactivitydate=LastActivityDate, lastmodifiedbyid=LastModifiedById, lastmodifieddate=LastModifiedDate, lastreferenceddate=LastReferencedDate, lastvieweddate=LastViewedDate, name=Name, ...}"|0x474ce44c
15:11:21.3 (40619717)|STATEMENT_EXECUTE|[169]
15:11:21.3 (40634353)|ENTERING_MANAGED_PKG|
15:11:21.3 (40647809)|VARIABLE_SCOPE_BEGIN|[169]|objectFieldSet|Set<String>|true|false
15:11:21.3 (40663349)|VARIABLE_ASSIGNMENT|[169]|objectFieldSet|{"s":1,"v":["Name"]}|0x1ba7f5ca
15:11:21.3 (40669026)|HEAP_ALLOCATE|[171]|Bytes:4
15:11:21.3 (40679827)|ENTERING_MANAGED_PKG|
15:11:21.3 (40689163)|ENTERING_MANAGED_PKG|
15:11:21.3 (40692874)|HEAP_ALLOCATE|[171]|Bytes:4
15:11:21.3 (40700709)|ENTERING_MANAGED_PKG|
15:11:21.3 (40713556)|HEAP_ALLOCATE|[171]|Bytes:5
15:11:21.3 (40726007)|VARIABLE_SCOPE_BEGIN|[171]|fieldToCheck|String|false|false
15:11:21.3 (40732972)|VARIABLE_ASSIGNMENT|[171]|fieldToCheck|"Name"
15:11:21.3 (40735963)|STATEMENT_EXECUTE|[171]
15:11:21.3 (40737160)|STATEMENT_EXECUTE|[172]
15:11:21.3 (40742597)|HEAP_ALLOCATE|[172]|Bytes:27
15:11:21.3 (40753482)|ENTERING_MANAGED_PKG|
15:11:21.3 (40760798)|USER_DEBUG|[172]|DEBUG|######## fieldToCheck: Name
15:11:21.3 (40772279)|ENTERING_MANAGED_PKG|
15:11:21.3 (40955800)|HEAP_ALLOCATE|[174]|Bytes:8
15:11:21.3 (40971730)|STATEMENT_EXECUTE|[174]
15:11:21.3 (40973591)|STATEMENT_EXECUTE|[182]
15:11:21.3 (40979216)|HEAP_ALLOCATE|[182]|Bytes:39
15:11:21.3 (40990697)|ENTERING_MANAGED_PKG|
15:11:21.3 (40997857)|USER_DEBUG|[182]|DEBUG|######## User has access to field: Name
15:11:21.3 (41011640)|HEAP_ALLOCATE|[171]|Bytes:5
15:11:21.3 (41025677)|VARIABLE_ASSIGNMENT|[171]|fieldToCheck|null
15:11:21.3 (41034167)|HEAP_ALLOCATE|[164]|Bytes:5
15:11:21.3 (41043382)|VARIABLE_ASSIGNMENT|[164]|objectName|null
15:11:21.3 (41046845)|STATEMENT_EXECUTE|[190]
15:11:21.3 (41076454)|ENTERING_MANAGED_PKG|
15:11:21.3 (41104427)|HEAP_ALLOCATE|[190]|Bytes:4
15:11:21.3 (41638089)|SOQL_EXECUTE_BEGIN|[190]|Aggregations:0|Select id, testautonumdata__Candidate__c, testautonumdata__Candidate__r.testautonumdata__Full_Name__c, testautonumdata__Candidate__r.testautonumdata__Position__r.Name, testautonumdata__Date__c, testautonumdata__Interview_Type__c FROM testautonumdata__Interview__c where testautonumdata__Status__c = 'Pending' order by testautonumdata__Candidate__r.testautonumdata__Position__r.Name desc limit 8
15:11:21.3 (59162919)|SOQL_EXECUTE_END|[190]|Rows:2
15:11:21.3 (59192986)|HEAP_ALLOCATE|[190]|Bytes:12
15:11:21.3 (59221883)|HEAP_ALLOCATE|[190]|Bytes:840
15:11:21.3 (59282481)|HEAP_ALLOCATE|[190]|Bytes:12
15:11:21.3 (59300781)|VARIABLE_SCOPE_BEGIN|[190]|lstQueriedRecords|List<SObject>|true|false
15:11:21.3 (59364322)|VARIABLE_ASSIGNMENT|[190]|lstQueriedRecords|{"s":1,"v":[{"s":2,"v":{"Id":"a0NB0000000RasPMAS","testautonumdata__Can (9 more) ...":"a0MB0000000cQdIMAU","testautonumdata__Dat (4 more) ...":"10/26/2016","testautonumdata__Int (14 more) ...":"Recruiter Interview","testautonumdata__Can (9 more) ...":{"s":3,"v":{"testautonumdata__Ful (9 more) ...":"Lizz Brooks","testautonumdata__Pos (8 more) ...":"a0LB0000000sexWMAQ","Id":"a0MB0000000cQdIMAU","testautonumdata__Pos (8 more) ...":{"s":4,"v":{"Name":"Project Coordinator","Id":"a0LB0000000sexWMAQ"}}}}}},{"s":5,"v":{"Id":"a0NB0000000TaTOMA0","testautonumdata__Can (9 more) ...":"a0MB0000000cQXFMA2","testautonumdata__Dat (4 more) ...":"11/9/2016","testautonumdata__Int (14 more) ...":"Technical Interview","testautonumdata__Can (9 more) ...":{"s":6,"v":{"testautonumdata__Ful (9 more) ...":"Rodrigo Reboucas","testautonumdata__Pos (8 more) ...":"a0LB0000000seqpMAA","Id":"a0MB0000000cQXFMA2","testautonumdata__Pos (8 more) ...":{"s":7,"v":{"Name":"Architect - Force.co (1 more) ...","Id":"a0LB0000000seqpMAA"}}}}}}]}|0x677155aa
15:11:21.3 (59373187)|STATEMENT_EXECUTE|[192]
15:11:21.3 (59377836)|HEAP_ALLOCATE|[192]|Bytes:28
15:11:21.3 (59404081)|ENTERING_MANAGED_PKG|
15:11:21.3 (59517546)|HEAP_ALLOCATE|[192]|Bytes:395
15:11:21.3 (59536597)|HEAP_ALLOCATE|[192]|Bytes:423
15:11:21.3 (59550355)|ENTERING_MANAGED_PKG|
15:11:21.3 (59558787)|USER_DEBUG|[192]|DEBUG|######## lstQueriedRecords: (testautonumdata__Interview__c:{Id=a0NB0000000RasPMAS, testautonumdata__Candidate__c=a0MB0000000cQdIMAU, testautonumdata__Date__c=10/26/2016, testautonumdata__Interview_Type__c=Recruiter Interview}, testautonumdata__Interview__c:{Id=a0NB0000000TaTOMA0, testautonumdata__Candidate__c=a0MB0000000cQXFMA2, testautonumdata__Date__c=11/9/2016, testautonumdata__Interview_Type__c=Technical Interview})
15:11:21.3 (59634053)|ENTERING_MANAGED_PKG|
15:11:21.3 (59823893)|HEAP_ALLOCATE|[196]|Bytes:5
15:11:21.3 (59868705)|HEAP_ALLOCATE|[196]|Bytes:24
15:11:21.3 (59895999)|VARIABLE_SCOPE_BEGIN|[196]|e|SObject|true|false
15:11:21.3 (59938930)|VARIABLE_ASSIGNMENT|[196]|e|{"s":1,"v":{"Id":"a0NB0000000RasPMAS","testautonumdata__Can (9 more) ...":"a0MB0000000cQdIMAU","testautonumdata__Dat (4 more) ...":"10/26/2016","testautonumdata__Int (14 more) ...":"Recruiter Interview","testautonumdata__Can (9 more) ...":{"s":2,"v":{"testautonumdata__Ful (9 more) ...":"Lizz Brooks","testautonumdata__Pos (8 more) ...":"a0LB0000000sexWMAQ","Id":"a0MB0000000cQdIMAU","testautonumdata__Pos (8 more) ...":{"s":3,"v":{"Name":"Project Coordinator","Id":"a0LB0000000sexWMAQ"}}}}}}|0x55941953
15:11:21.3 (59948380)|STATEMENT_EXECUTE|[197]
15:11:21.3 (59951129)|STATEMENT_EXECUTE|[198]
15:11:21.3 (59956049)|HEAP_ALLOCATE|[198]|Bytes:12
15:11:21.3 (59981499)|ENTERING_MANAGED_PKG|
15:11:21.3 (60082726)|HEAP_ALLOCATE|[198]|Bytes:196
15:11:21.3 (60106972)|HEAP_ALLOCATE|[198]|Bytes:208
15:11:21.3 (60123490)|ENTERING_MANAGED_PKG|
15:11:21.3 (60132242)|USER_DEBUG|[198]|DEBUG|######## e: testautonumdata__Interview__c:{Id=a0NB0000000RasPMAS, testautonumdata__Candidate__c=a0MB0000000cQdIMAU, testautonumdata__Date__c=10/26/2016, testautonumdata__Interview_Type__c=Recruiter Interview}
15:11:21.3 (60141970)|STATEMENT_EXECUTE|[199]
15:11:21.3 (60150449)|HEAP_ALLOCATE|[199]|Bytes:28
15:11:21.3 (60169193)|CONSTRUCTOR_ENTRY|[199]|01pB0000000lA1s|<init>()
15:11:21.3 (60205231)|VARIABLE_SCOPE_BEGIN|[1]|this|testautonumdata.InterviewsLCServerController|true|false
15:11:21.3 (60253426)|VARIABLE_ASSIGNMENT|[1]|this|{}|0x13e66e98
15:11:21.3 (60265658)|HEAP_ALLOCATE|[EXTERNAL]|Bytes:5
15:11:21.3 (60284267)|HEAP_ALLOCATE|[EXTERNAL]|Bytes:6
15:11:21.3 (60326793)|STATEMENT_EXECUTE|[1]
15:11:21.3 (60332471)|HEAP_ALLOCATE|[EXTERNAL]|Bytes:5
15:11:21.3 (60335295)|STATEMENT_EXECUTE|[6]
15:11:21.3 (60336607)|STATEMENT_EXECUTE|[8]
15:11:21.3 (60337668)|STATEMENT_EXECUTE|[10]
15:11:21.3 (60338996)|STATEMENT_EXECUTE|[12]
15:11:21.3 (60340112)|STATEMENT_EXECUTE|[14]
15:11:21.3 (60341238)|STATEMENT_EXECUTE|[16]
15:11:21.3 (60348757)|CONSTRUCTOR_EXIT|[199]|01pB0000000lA1s|<init>()
15:11:21.3 (60353311)|VARIABLE_SCOPE_BEGIN|[199]|i|testautonumdata.InterviewsLCServerController|true|false
15:11:21.3 (60373415)|VARIABLE_ASSIGNMENT|[199]|i|{}|0x13e66e98
15:11:21.3 (60376433)|STATEMENT_EXECUTE|[202]
15:11:21.3 (60379899)|HEAP_ALLOCATE|[202]|Bytes:2
15:11:21.3 (60404830)|ENTERING_MANAGED_PKG|
15:11:21.3 (60456064)|HEAP_ALLOCATE|[202]|Bytes:4
15:11:21.3 (60477698)|ENTERING_MANAGED_PKG|
15:11:21.3 (60482111)|HEAP_ALLOCATE|[202]|Bytes:18
15:11:21.3 (60515867)|VARIABLE_ASSIGNMENT|[EXTERNAL]|this|{}|0x13e66e98
15:11:21.3 (60522626)|VARIABLE_ASSIGNMENT|[EXTERNAL]|value|"a0NB0000000RasPMAS"
15:11:21.3 (60533838)|VARIABLE_ASSIGNMENT|[6]|this.recordID|"a0NB0000000RasPMAS"|0x13e66e98
15:11:21.3 (60542222)|STATEMENT_EXECUTE|[204]
15:11:21.3 (60543840)|STATEMENT_EXECUTE|[205]
15:11:21.3 (60555180)|METHOD_ENTRY|[205]|01pB0000000lA1s|testautonumdata.InterviewsLCServerController.GetSobjectField(SObject, String)
15:11:21.3 (60576938)|VARIABLE_SCOPE_BEGIN|[241]|e|SObject|true|false
15:11:21.3 (60601401)|VARIABLE_ASSIGNMENT|[241]|e|{"s":1,"v":{"Id":"a0NB0000000RasPMAS","testautonumdata__Can (9 more) ...":"a0MB0000000cQdIMAU","testautonumdata__Dat (4 more) ...":"10/26/2016","testautonumdata__Int (14 more) ...":"Recruiter Interview","testautonumdata__Can (9 more) ...":{"s":2,"v":{"testautonumdata__Ful (9 more) ...":"Lizz Brooks","testautonumdata__Pos (8 more) ...":"a0LB0000000sexWMAQ","Id":"a0MB0000000cQdIMAU","testautonumdata__Pos (8 more) ...":{"s":3,"v":{"Name":"Project Coordinator","Id":"a0LB0000000sexWMAQ"}}}}}}|0x55941953
15:11:21.3 (60605987)|VARIABLE_SCOPE_BEGIN|[241]|lcfield|String|false|false
15:11:21.3 (60610806)|VARIABLE_ASSIGNMENT|[241]|lcfield|"testautonumdata__Can (9 more) ..."
15:11:21.3 (60618636)|HEAP_ALLOCATE|[244]|Bytes:5
15:11:21.3 (60622632)|STATEMENT_EXECUTE|[242]
15:11:21.3 (60623912)|STATEMENT_EXECUTE|[244]
15:11:21.3 (60629503)|VARIABLE_SCOPE_BEGIN|[244]|returnValue|String|false|false
15:11:21.3 (60635180)|VARIABLE_ASSIGNMENT|[244]|returnValue|""
15:11:21.3 (60653161)|ENTERING_MANAGED_PKG|
15:11:21.3 (60684708)|STATEMENT_EXECUTE|[261]
15:11:21.3 (60697629)|ENTERING_MANAGED_PKG|
15:11:21.3 (60744022)|HEAP_ALLOCATE|[261]|Bytes:4
15:11:21.3 (60764786)|ENTERING_MANAGED_PKG|
15:11:21.3 (60768747)|HEAP_ALLOCATE|[261]|Bytes:18
15:11:21.3 (60781746)|VARIABLE_ASSIGNMENT|[261]|returnValue|"a0MB0000000cQdIMAU"
15:11:21.3 (60785297)|STATEMENT_EXECUTE|[263]
15:11:21.3 (60794450)|METHOD_EXIT|[205]|01pB0000000lA1s|testautonumdata.InterviewsLCServerController.GetSobjectField(SObject, String)
15:11:21.3 (60824620)|VARIABLE_ASSIGNMENT|[EXTERNAL]|this|{"recordID":"a0NB0000000RasPMAS"}|0x13e66e98
15:11:21.3 (60830324)|VARIABLE_ASSIGNMENT|[EXTERNAL]|value|"a0MB0000000cQdIMAU"
15:11:21.3 (60838283)|VARIABLE_ASSIGNMENT|[8]|this.eventField|"a0MB0000000cQdIMAU"|0x13e66e98
15:11:21.3 (60846263)|STATEMENT_EXECUTE|[208]
15:11:21.3 (60847808)|STATEMENT_EXECUTE|[209]
15:11:21.3 (60854116)|METHOD_ENTRY|[209]|01pB0000000lA1s|testautonumdata.InterviewsLCServerController.GetSobjectField(SObject, String)
15:11:21.3 (60874507)|VARIABLE_SCOPE_BEGIN|[241]|e|SObject|true|false
15:11:21.3 (60898183)|VARIABLE_ASSIGNMENT|[241]|e|{"s":1,"v":{"Id":"a0NB0000000RasPMAS","testautonumdata__Can (9 more) ...":"a0MB0000000cQdIMAU","testautonumdata__Dat (4 more) ...":"10/26/2016","testautonumdata__Int (14 more) ...":"Recruiter Interview","testautonumdata__Can (9 more) ...":{"s":2,"v":{"testautonumdata__Ful (9 more) ...":"Lizz Brooks","testautonumdata__Pos (8 more) ...":"a0LB0000000sexWMAQ","Id":"a0MB0000000cQdIMAU","testautonumdata__Pos (8 more) ...":{"s":3,"v":{"Name":"Project Coordinator","Id":"a0LB0000000sexWMAQ"}}}}}}|0x55941953
15:11:21.3 (60902430)|VARIABLE_SCOPE_BEGIN|[241]|lcfield|String|false|false
15:11:21.3 (60907563)|VARIABLE_ASSIGNMENT|[241]|lcfield|"testautonumdata__Can (39 more) ..."
15:11:21.3 (60915023)|HEAP_ALLOCATE|[244]|Bytes:5
15:11:21.3 (60918837)|STATEMENT_EXECUTE|[242]
15:11:21.3 (60919975)|STATEMENT_EXECUTE|[244]
15:11:21.3 (60924103)|VARIABLE_SCOPE_BEGIN|[244]|returnValue|String|false|false
15:11:21.3 (60928911)|VARIABLE_ASSIGNMENT|[244]|returnValue|""
15:11:21.3 (60944684)|ENTERING_MANAGED_PKG|
15:11:21.3 (60954406)|STATEMENT_EXECUTE|[247]
15:11:21.3 (60955902)|STATEMENT_EXECUTE|[248]
15:11:21.3 (60965333)|ENTERING_MANAGED_PKG|
15:11:21.3 (60988685)|HEAP_ALLOCATE|[248]|Bytes:29
15:11:21.3 (61000227)|VARIABLE_SCOPE_BEGIN|[248]|relName|String|false|false
15:11:21.3 (61009519)|VARIABLE_ASSIGNMENT|[248]|relName|"testautonumdata__Can (9 more) ..."
15:11:21.3 (61012313)|STATEMENT_EXECUTE|[249]
15:11:21.3 (61025577)|ENTERING_MANAGED_PKG|
15:11:21.3 (61046915)|HEAP_ALLOCATE|[249]|Bytes:29
15:11:21.3 (61058669)|VARIABLE_SCOPE_BEGIN|[249]|relField|String|false|false
15:11:21.3 (61066569)|VARIABLE_ASSIGNMENT|[249]|relField|"testautonumdata__Ful (9 more) ..."
15:11:21.3 (61084489)|ENTERING_MANAGED_PKG|
15:11:21.3 (61111816)|STATEMENT_EXECUTE|[257]
15:11:21.3 (61128027)|ENTERING_MANAGED_PKG|
15:11:21.3 (61189500)|HEAP_ALLOCATE|[257]|Bytes:20
15:11:21.3 (61211112)|ENTERING_MANAGED_PKG|
15:11:21.3 (61236335)|HEAP_ALLOCATE|[257]|Bytes:11
15:11:21.3 (61254118)|ENTERING_MANAGED_PKG|
15:11:21.3 (61257644)|HEAP_ALLOCATE|[257]|Bytes:11
15:11:21.3 (61270551)|VARIABLE_ASSIGNMENT|[257]|returnValue|"Lizz Brooks"
15:11:21.3 (61274157)|STATEMENT_EXECUTE|[263]
15:11:21.3 (61282008)|METHOD_EXIT|[209]|01pB0000000lA1s|testautonumdata.InterviewsLCServerController.GetSobjectField(SObject, String)
15:11:21.3 (61313377)|VARIABLE_ASSIGNMENT|[EXTERNAL]|this|{"eventField":"a0MB0000000cQdIMAU","recordID":"a0NB0000000RasPMAS"}|0x13e66e98
15:11:21.3 (61318861)|VARIABLE_ASSIGNMENT|[EXTERNAL]|value|"Lizz Brooks"
15:11:21.3 (61326756)|VARIABLE_ASSIGNMENT|[10]|this.column1|"Lizz Brooks"|0x13e66e98
15:11:21.3 (61334445)|STATEMENT_EXECUTE|[212]
15:11:21.3 (61335885)|STATEMENT_EXECUTE|[213]
15:11:21.3 (61342001)|METHOD_ENTRY|[213]|01pB0000000lA1s|testautonumdata.InterviewsLCServerController.GetSobjectField(SObject, String)
15:11:21.3 (61359998)|VARIABLE_SCOPE_BEGIN|[241]|e|SObject|true|false
15:11:21.3 (61383257)|VARIABLE_ASSIGNMENT|[241]|e|{"s":1,"v":{"Id":"a0NB0000000RasPMAS","testautonumdata__Can (9 more) ...":"a0MB0000000cQdIMAU","testautonumdata__Dat (4 more) ...":"10/26/2016","testautonumdata__Int (14 more) ...":"Recruiter Interview","testautonumdata__Can (9 more) ...":{"s":2,"v":{"testautonumdata__Ful (9 more) ...":"Lizz Brooks","testautonumdata__Pos (8 more) ...":"a0LB0000000sexWMAQ","Id":"a0MB0000000cQdIMAU","testautonumdata__Pos (8 more) ...":{"s":3,"v":{"Name":"Project Coordinator","Id":"a0LB0000000sexWMAQ"}}}}}}|0x55941953
15:11:21.3 (61387422)|VARIABLE_SCOPE_BEGIN|[241]|lcfield|String|false|false
15:11:21.3 (61391687)|VARIABLE_ASSIGNMENT|[241]|lcfield|"testautonumdata__Can (43 more) ..."
15:11:21.3 (61398611)|HEAP_ALLOCATE|[244]|Bytes:5
15:11:21.3 (61402256)|STATEMENT_EXECUTE|[242]
15:11:21.3 (61403406)|STATEMENT_EXECUTE|[244]
15:11:21.3 (61407480)|VARIABLE_SCOPE_BEGIN|[244]|returnValue|String|false|false
15:11:21.3 (61412021)|VARIABLE_ASSIGNMENT|[244]|returnValue|""
15:11:21.3 (61427087)|ENTERING_MANAGED_PKG|
15:11:21.3 (61436614)|STATEMENT_EXECUTE|[247]
15:11:21.3 (61438120)|STATEMENT_EXECUTE|[248]
15:11:21.3 (61446188)|ENTERING_MANAGED_PKG|
15:11:21.3 (61449943)|HEAP_ALLOCATE|[248]|Bytes:29
15:11:21.3 (61458636)|VARIABLE_SCOPE_BEGIN|[248]|relName|String|false|false
15:11:21.3 (61465585)|VARIABLE_ASSIGNMENT|[248]|relName|"testautonumdata__Can (9 more) ..."
15:11:21.3 (61467841)|STATEMENT_EXECUTE|[249]
15:11:21.3 (61477371)|ENTERING_MANAGED_PKG|
15:11:21.3 (61480923)|HEAP_ALLOCATE|[249]|Bytes:33
15:11:21.3 (61489413)|VARIABLE_SCOPE_BEGIN|[249]|relField|String|false|false
15:11:21.3 (61495547)|VARIABLE_ASSIGNMENT|[249]|relField|"testautonumdata__Pos (13 more) ..."
15:11:21.3 (61504970)|ENTERING_MANAGED_PKG|
15:11:21.3 (61512537)|STATEMENT_EXECUTE|[251]
15:11:21.3 (61514100)|STATEMENT_EXECUTE|[252]
15:11:21.3 (61522403)|ENTERING_MANAGED_PKG|
15:11:21.3 (61543177)|HEAP_ALLOCATE|[252]|Bytes:28
15:11:21.3 (61554763)|VARIABLE_SCOPE_BEGIN|[252]|relName2|String|false|false
15:11:21.3 (61562526)|VARIABLE_ASSIGNMENT|[252]|relName2|"testautonumdata__Pos (8 more) ..."
15:11:21.3 (61565293)|STATEMENT_EXECUTE|[253]
15:11:21.3 (61578000)|ENTERING_MANAGED_PKG|
15:11:21.3 (61597552)|HEAP_ALLOCATE|[253]|Bytes:4
15:11:21.3 (61609135)|VARIABLE_SCOPE_BEGIN|[253]|relField2|String|false|false
15:11:21.3 (61616084)|VARIABLE_ASSIGNMENT|[253]|relField2|"Name"
15:11:21.3 (61618667)|STATEMENT_EXECUTE|[254]
15:11:21.3 (61631459)|ENTERING_MANAGED_PKG|
15:11:21.3 (61678984)|HEAP_ALLOCATE|[254]|Bytes:20
15:11:21.3 (61700421)|ENTERING_MANAGED_PKG|
15:11:21.3 (61735173)|HEAP_ALLOCATE|[254]|Bytes:12
15:11:21.3 (61754894)|ENTERING_MANAGED_PKG|
15:11:21.3 (61777167)|HEAP_ALLOCATE|[254]|Bytes:19
15:11:21.3 (61794633)|ENTERING_MANAGED_PKG|
15:11:21.3 (61798217)|HEAP_ALLOCATE|[254]|Bytes:19
15:11:21.3 (61810904)|VARIABLE_ASSIGNMENT|[254]|returnValue|"Project Coordinator"
15:11:21.3 (61814793)|STATEMENT_EXECUTE|[263]
15:11:21.3 (61822510)|METHOD_EXIT|[213]|01pB0000000lA1s|testautonumdata.InterviewsLCServerController.GetSobjectField(SObject, String)
15:11:21.3 (61854676)|VARIABLE_ASSIGNMENT|[EXTERNAL]|this|{"column1":"Lizz Brooks","eventField":"a0MB0000000cQdIMAU","recordID":"a0NB0000000RasPMAS"}|0x13e66e98
15:11:21.3 (61860885)|VARIABLE_ASSIGNMENT|[EXTERNAL]|value|"Project Coordinator"
15:11:21.3 (61871271)|VARIABLE_ASSIGNMENT|[12]|this.column2|"Project Coordinator"|0x13e66e98
15:11:21.3 (61879773)|STATEMENT_EXECUTE|[217]
15:11:21.3 (61881358)|STATEMENT_EXECUTE|[218]
15:11:21.3 (61887622)|METHOD_ENTRY|[218]|01pB0000000lA1s|testautonumdata.InterviewsLCServerController.GetSobjectField(SObject, String)
15:11:21.3 (61905251)|VARIABLE_SCOPE_BEGIN|[241]|e|SObject|true|false
15:11:21.3 (61927824)|VARIABLE_ASSIGNMENT|[241]|e|{"s":1,"v":{"Id":"a0NB0000000RasPMAS","testautonumdata__Can (9 more) ...":"a0MB0000000cQdIMAU","testautonumdata__Dat (4 more) ...":"10/26/2016","testautonumdata__Int (14 more) ...":"Recruiter Interview","testautonumdata__Can (9 more) ...":{"s":2,"v":{"testautonumdata__Ful (9 more) ...":"Lizz Brooks","testautonumdata__Pos (8 more) ...":"a0LB0000000sexWMAQ","Id":"a0MB0000000cQdIMAU","testautonumdata__Pos (8 more) ...":{"s":3,"v":{"Name":"Project Coordinator","Id":"a0LB0000000sexWMAQ"}}}}}}|0x55941953
15:11:21.3 (61932179)|VARIABLE_SCOPE_BEGIN|[241]|lcfield|String|false|false
15:11:21.3 (61936502)|VARIABLE_ASSIGNMENT|[241]|lcfield|"testautonumdata__Dat (4 more) ..."
15:11:21.3 (61943549)|HEAP_ALLOCATE|[244]|Bytes:5
15:11:21.3 (61947183)|STATEMENT_EXECUTE|[242]
15:11:21.3 (61948359)|STATEMENT_EXECUTE|[244]
15:11:21.3 (61952490)|VARIABLE_SCOPE_BEGIN|[244]|returnValue|String|false|false
15:11:21.3 (61956980)|VARIABLE_ASSIGNMENT|[244]|returnValue|""
15:11:21.3 (61972024)|ENTERING_MANAGED_PKG|
15:11:21.3 (61981214)|STATEMENT_EXECUTE|[261]
15:11:21.3 (61989544)|ENTERING_MANAGED_PKG|
15:11:21.3 (62010616)|HEAP_ALLOCATE|[261]|Bytes:10
15:11:21.3 (62028530)|ENTERING_MANAGED_PKG|
15:11:21.3 (62032018)|HEAP_ALLOCATE|[261]|Bytes:10
15:11:21.3 (62044084)|VARIABLE_ASSIGNMENT|[261]|returnValue|"10/26/2016"
15:11:21.3 (62047016)|STATEMENT_EXECUTE|[263]
15:11:21.3 (62054311)|METHOD_EXIT|[218]|01pB0000000lA1s|testautonumdata.InterviewsLCServerController.GetSobjectField(SObject, String)
15:11:21.3 (62090953)|VARIABLE_ASSIGNMENT|[EXTERNAL]|this|{"column1":"Lizz Brooks","column2":"Project Coordinator","eventField":"a0MB0000000cQdIMAU","recordID":"a0NB0000000RasPMAS"}|0x13e66e98
15:11:21.3 (62096901)|VARIABLE_ASSIGNMENT|[EXTERNAL]|value|"10/26/2016"
15:11:21.3 (62104619)|VARIABLE_ASSIGNMENT|[14]|this.column3|"10/26/2016"|0x13e66e98
15:11:21.3 (62112564)|STATEMENT_EXECUTE|[222]
15:11:21.3 (62114112)|STATEMENT_EXECUTE|[223]
15:11:21.3 (62120337)|METHOD_ENTRY|[223]|01pB0000000lA1s|testautonumdata.InterviewsLCServerController.GetSobjectField(SObject, String)
15:11:21.3 (62138107)|VARIABLE_SCOPE_BEGIN|[241]|e|SObject|true|false
15:11:21.3 (62159712)|VARIABLE_ASSIGNMENT|[241]|e|{"s":1,"v":{"Id":"a0NB0000000RasPMAS","testautonumdata__Can (9 more) ...":"a0MB0000000cQdIMAU","testautonumdata__Dat (4 more) ...":"10/26/2016","testautonumdata__Int (14 more) ...":"Recruiter Interview","testautonumdata__Can (9 more) ...":{"s":2,"v":{"testautonumdata__Ful (9 more) ...":"Lizz Brooks","testautonumdata__Pos (8 more) ...":"a0LB0000000sexWMAQ","Id":"a0MB0000000cQdIMAU","testautonumdata__Pos (8 more) ...":{"s":3,"v":{"Name":"Project Coordinator","Id":"a0LB0000000sexWMAQ"}}}}}}|0x55941953
15:11:21.3 (62163978)|VARIABLE_SCOPE_BEGIN|[241]|lcfield|String|false|false
15:11:21.3 (62168152)|VARIABLE_ASSIGNMENT|[241]|lcfield|"testautonumdata__Int (14 more) ..."
15:11:21.3 (62175096)|HEAP_ALLOCATE|[244]|Bytes:5
15:11:21.3 (62179041)|STATEMENT_EXECUTE|[242]
15:11:21.3 (62180285)|STATEMENT_EXECUTE|[244]
15:11:21.3 (62184145)|VARIABLE_SCOPE_BEGIN|[244]|returnValue|String|false|false
15:11:21.3 (62188719)|VARIABLE_ASSIGNMENT|[244]|returnValue|""
15:11:21.3 (62203788)|ENTERING_MANAGED_PKG|
15:11:21.3 (62213033)|STATEMENT_EXECUTE|[261]
15:11:21.3 (62221105)|ENTERING_MANAGED_PKG|
15:11:21.3 (62241447)|HEAP_ALLOCATE|[261]|Bytes:19
15:11:21.3 (62257991)|ENTERING_MANAGED_PKG|
15:11:21.3 (62261481)|HEAP_ALLOCATE|[261]|Bytes:19
15:11:21.3 (62273584)|VARIABLE_ASSIGNMENT|[261]|returnValue|"Recruiter Interview"
15:11:21.3 (62276550)|STATEMENT_EXECUTE|[263]
15:11:21.3 (62284098)|METHOD_EXIT|[223]|01pB0000000lA1s|testautonumdata.InterviewsLCServerController.GetSobjectField(SObject, String)
15:11:21.3 (62315483)|VARIABLE_ASSIGNMENT|[EXTERNAL]|this|{"column1":"Lizz Brooks","column2":"Project Coordinator","column3":"10/26/2016","eventField":"a0MB0000000cQdIMAU","recordID":"a0NB0000000RasPMAS"}|0x13e66e98
15:11:21.3 (62321323)|VARIABLE_ASSIGNMENT|[EXTERNAL]|value|"Recruiter Interview"
15:11:21.3 (62328701)|VARIABLE_ASSIGNMENT|[16]|this.column4|"Recruiter Interview"|0x13e66e98
15:11:21.3 (62335961)|STATEMENT_EXECUTE|[227]
15:11:21.3 (62350729)|ENTERING_MANAGED_PKG|
15:11:21.3 (62382719)|HEAP_ALLOCATE|[EXTERNAL]|Bytes:4
15:11:21.3 (62391231)|STATEMENT_EXECUTE|[229]
15:11:21.3 (62394930)|HEAP_ALLOCATE|[229]|Bytes:12
15:11:21.3 (62411210)|ENTERING_MANAGED_PKG|
15:11:21.3 (62486524)|HEAP_ALLOCATE|[229]|Bytes:464
15:11:21.3 (62503209)|HEAP_ALLOCATE|[229]|Bytes:476
15:11:21.3 (62516994)|ENTERING_MANAGED_PKG|
15:11:21.3 (62524433)|USER_DEBUG|[229]|DEBUG|######## i: InterviewsLCServerController:[column1=Lizz Brooks, column2=Project Coordinator, column3=10/26/2016, column4=Recruiter Interview, eventField=a0MB0000000cQdIMAU, mapObjectsFields={testautonumdata__Candidate__c={testautonumdata__Full_Name__c}, testautonumdata__Interview__c={Id, testautonumdata__Candidate__c, testautonumdata__Date__c, testautonumdata__Interview_Type__c, testautonumdata__Status__c}, testautonumdata__Position__c={Name}}, recordID=a0NB0000000RasPMAS]
15:11:21.3 (62540476)|HEAP_ALLOCATE|[196]|Bytes:5
15:11:21.3 (62567254)|HEAP_ALLOCATE|[196]|Bytes:24
15:11:21.3 (62578296)|VARIABLE_SCOPE_BEGIN|[196]|e|SObject|true|false
15:11:21.3 (62603512)|VARIABLE_ASSIGNMENT|[196]|e|{"s":1,"v":{"Id":"a0NB0000000TaTOMA0","testautonumdata__Can (9 more) ...":"a0MB0000000cQXFMA2","testautonumdata__Dat (4 more) ...":"11/9/2016","testautonumdata__Int (14 more) ...":"Technical Interview","testautonumdata__Can (9 more) ...":{"s":2,"v":{"testautonumdata__Ful (9 more) ...":"Rodrigo Reboucas","testautonumdata__Pos (8 more) ...":"a0LB0000000seqpMAA","Id":"a0MB0000000cQXFMA2","testautonumdata__Pos (8 more) ...":{"s":3,"v":{"Name":"Architect - Force.co (1 more) ...","Id":"a0LB0000000seqpMAA"}}}}}}|0x5f79abda
15:11:21.3 (62608826)|STATEMENT_EXECUTE|[197]
15:11:21.3 (62610058)|STATEMENT_EXECUTE|[198]
15:11:21.3 (62624418)|ENTERING_MANAGED_PKG|
15:11:21.3 (62664698)|HEAP_ALLOCATE|[198]|Bytes:195
15:11:21.3 (62679324)|HEAP_ALLOCATE|[198]|Bytes:207
15:11:21.3 (62688973)|ENTERING_MANAGED_PKG|
15:11:21.3 (62695876)|USER_DEBUG|[198]|DEBUG|######## e: testautonumdata__Interview__c:{Id=a0NB0000000TaTOMA0, testautonumdata__Candidate__c=a0MB0000000cQXFMA2, testautonumdata__Date__c=11/9/2016, testautonumdata__Interview_Type__c=Technical Interview}
15:11:21.3 (62702772)|STATEMENT_EXECUTE|[199]
15:11:21.3 (62707037)|HEAP_ALLOCATE|[199]|Bytes:28
15:11:21.3 (62714178)|CONSTRUCTOR_ENTRY|[199]|01pB0000000lA1s|<init>()
15:11:21.3 (62718280)|VARIABLE_SCOPE_BEGIN|[1]|this|testautonumdata.InterviewsLCServerController|true|false
15:11:21.3 (62738209)|VARIABLE_ASSIGNMENT|[1]|this|{}|0x5dc1441a
15:11:21.3 (62745371)|HEAP_ALLOCATE|[EXTERNAL]|Bytes:5
15:11:21.3 (62759462)|STATEMENT_EXECUTE|[1]
15:11:21.3 (62762534)|HEAP_ALLOCATE|[EXTERNAL]|Bytes:5
15:11:21.3 (62764618)|STATEMENT_EXECUTE|[6]
15:11:21.3 (62765710)|STATEMENT_EXECUTE|[8]
15:11:21.3 (62766630)|STATEMENT_EXECUTE|[10]
15:11:21.3 (62767671)|STATEMENT_EXECUTE|[12]
15:11:21.3 (62768612)|STATEMENT_EXECUTE|[14]
15:11:21.3 (62769514)|STATEMENT_EXECUTE|[16]
15:11:21.3 (62775938)|CONSTRUCTOR_EXIT|[199]|01pB0000000lA1s|<init>()
15:11:21.3 (62780183)|VARIABLE_SCOPE_BEGIN|[199]|i|testautonumdata.InterviewsLCServerController|true|false
15:11:21.3 (62796753)|VARIABLE_ASSIGNMENT|[199]|i|{}|0x5dc1441a
15:11:21.3 (62799853)|STATEMENT_EXECUTE|[202]
15:11:21.3 (62815575)|ENTERING_MANAGED_PKG|
15:11:21.3 (62835644)|HEAP_ALLOCATE|[202]|Bytes:4
15:11:21.3 (62852602)|ENTERING_MANAGED_PKG|
15:11:21.3 (62856120)|HEAP_ALLOCATE|[202]|Bytes:18
15:11:21.3 (62886618)|VARIABLE_ASSIGNMENT|[EXTERNAL]|this|{}|0x5dc1441a
15:11:21.3 (62893026)|VARIABLE_ASSIGNMENT|[EXTERNAL]|value|"a0NB0000000TaTOMA0"
15:11:21.3 (62900369)|VARIABLE_ASSIGNMENT|[6]|this.recordID|"a0NB0000000TaTOMA0"|0x5dc1441a
15:11:21.3 (62907477)|STATEMENT_EXECUTE|[204]
15:11:21.3 (62908882)|STATEMENT_EXECUTE|[205]
15:11:21.3 (62914235)|METHOD_ENTRY|[205]|01pB0000000lA1s|testautonumdata.InterviewsLCServerController.GetSobjectField(SObject, String)
15:11:21.3 (62918214)|VARIABLE_SCOPE_BEGIN|[241]|e|SObject|true|false
15:11:21.3 (62939799)|VARIABLE_ASSIGNMENT|[241]|e|{"s":1,"v":{"Id":"a0NB0000000TaTOMA0","testautonumdata__Can (9 more) ...":"a0MB0000000cQXFMA2","testautonumdata__Dat (4 more) ...":"11/9/2016","testautonumdata__Int (14 more) ...":"Technical Interview","testautonumdata__Can (9 more) ...":{"s":2,"v":{"testautonumdata__Ful (9 more) ...":"Rodrigo Reboucas","testautonumdata__Pos (8 more) ...":"a0LB0000000seqpMAA","Id":"a0MB0000000cQXFMA2","testautonumdata__Pos (8 more) ...":{"s":3,"v":{"Name":"Architect - Force.co (1 more) ...","Id":"a0LB0000000seqpMAA"}}}}}}|0x5f79abda
15:11:21.3 (62944159)|VARIABLE_SCOPE_BEGIN|[241]|lcfield|String|false|false
15:11:21.3 (62947930)|VARIABLE_ASSIGNMENT|[241]|lcfield|"testautonumdata__Can (9 more) ..."
15:11:21.3 (62954380)|HEAP_ALLOCATE|[244]|Bytes:5
15:11:21.3 (62957763)|STATEMENT_EXECUTE|[242]
15:11:21.3 (62958930)|STATEMENT_EXECUTE|[244]
15:11:21.3 (62962999)|VARIABLE_SCOPE_BEGIN|[244]|returnValue|String|false|false
15:11:21.3 (62967732)|VARIABLE_ASSIGNMENT|[244]|returnValue|""
15:11:21.3 (62982003)|ENTERING_MANAGED_PKG|
15:11:21.3 (62991024)|STATEMENT_EXECUTE|[261]
15:11:21.3 (62999198)|ENTERING_MANAGED_PKG|
15:11:21.3 (63023468)|HEAP_ALLOCATE|[261]|Bytes:4
15:11:21.3 (63041804)|ENTERING_MANAGED_PKG|
15:11:21.3 (63045533)|HEAP_ALLOCATE|[261]|Bytes:18
15:11:21.3 (63057860)|VARIABLE_ASSIGNMENT|[261]|returnValue|"a0MB0000000cQXFMA2"
15:11:21.3 (63061092)|STATEMENT_EXECUTE|[263]
15:11:21.3 (63068799)|METHOD_EXIT|[205]|01pB0000000lA1s|testautonumdata.InterviewsLCServerController.GetSobjectField(SObject, String)
15:11:21.3 (63099454)|VARIABLE_ASSIGNMENT|[EXTERNAL]|this|{"recordID":"a0NB0000000TaTOMA0"}|0x5dc1441a
15:11:21.3 (63104591)|VARIABLE_ASSIGNMENT|[EXTERNAL]|value|"a0MB0000000cQXFMA2"
15:11:21.3 (63111105)|VARIABLE_ASSIGNMENT|[8]|this.eventField|"a0MB0000000cQXFMA2"|0x5dc1441a
15:11:21.3 (63118071)|STATEMENT_EXECUTE|[208]
15:11:21.3 (63119571)|STATEMENT_EXECUTE|[209]
15:11:21.3 (63124589)|METHOD_ENTRY|[209]|01pB0000000lA1s|testautonumdata.InterviewsLCServerController.GetSobjectField(SObject, String)
15:11:21.3 (63128670)|VARIABLE_SCOPE_BEGIN|[241]|e|SObject|true|false
15:11:21.3 (63149747)|VARIABLE_ASSIGNMENT|[241]|e|{"s":1,"v":{"Id":"a0NB0000000TaTOMA0","testautonumdata__Can (9 more) ...":"a0MB0000000cQXFMA2","testautonumdata__Dat (4 more) ...":"11/9/2016","testautonumdata__Int (14 more) ...":"Technical Interview","testautonumdata__Can (9 more) ...":{"s":2,"v":{"testautonumdata__Ful (9 more) ...":"Rodrigo Reboucas","testautonumdata__Pos (8 more) ...":"a0LB0000000seqpMAA","Id":"a0MB0000000cQXFMA2","testautonumdata__Pos (8 more) ...":{"s":3,"v":{"Name":"Architect - Force.co (1 more) ...","Id":"a0LB0000000seqpMAA"}}}}}}|0x5f79abda
15:11:21.3 (63154272)|VARIABLE_SCOPE_BEGIN|[241]|lcfield|String|false|false
15:11:21.3 (63158270)|VARIABLE_ASSIGNMENT|[241]|lcfield|"testautonumdata__Can (39 more) ..."
15:11:21.3 (63164786)|HEAP_ALLOCATE|[244]|Bytes:5
15:11:21.3 (63168216)|STATEMENT_EXECUTE|[242]
15:11:21.3 (63169422)|STATEMENT_EXECUTE|[244]
15:11:21.3 (63173404)|VARIABLE_SCOPE_BEGIN|[244]|returnValue|String|false|false
15:11:21.3 (63177965)|VARIABLE_ASSIGNMENT|[244]|returnValue|""
15:11:21.3 (63192254)|ENTERING_MANAGED_PKG|
15:11:21.3 (63201307)|STATEMENT_EXECUTE|[247]
15:11:21.3 (63202739)|STATEMENT_EXECUTE|[248]
15:11:21.3 (63210453)|ENTERING_MANAGED_PKG|
15:11:21.3 (63214001)|HEAP_ALLOCATE|[248]|Bytes:29
15:11:21.3 (63222520)|VARIABLE_SCOPE_BEGIN|[248]|relName|String|false|false
15:11:21.3 (63229622)|VARIABLE_ASSIGNMENT|[248]|relName|"testautonumdata__Can (9 more) ..."
15:11:21.3 (63231884)|STATEMENT_EXECUTE|[249]
15:11:21.3 (63241642)|ENTERING_MANAGED_PKG|
15:11:21.3 (63245373)|HEAP_ALLOCATE|[249]|Bytes:29
15:11:21.3 (63254313)|VARIABLE_SCOPE_BEGIN|[249]|relField|String|false|false
15:11:21.3 (63260624)|VARIABLE_ASSIGNMENT|[249]|relField|"testautonumdata__Ful (9 more) ..."
15:11:21.3 (63270215)|ENTERING_MANAGED_PKG|
15:11:21.3 (63277826)|STATEMENT_EXECUTE|[257]
15:11:21.3 (63285850)|ENTERING_MANAGED_PKG|
15:11:21.3 (63324491)|HEAP_ALLOCATE|[257]|Bytes:20
15:11:21.3 (63343860)|ENTERING_MANAGED_PKG|
15:11:21.3 (63375534)|HEAP_ALLOCATE|[257]|Bytes:16
15:11:21.3 (63405473)|ENTERING_MANAGED_PKG|
15:11:21.3 (63412543)|HEAP_ALLOCATE|[257]|Bytes:16
15:11:21.3 (63434305)|VARIABLE_ASSIGNMENT|[257]|returnValue|"Rodrigo Reboucas"
15:11:21.3 (63440117)|STATEMENT_EXECUTE|[263]
15:11:21.3 (63451854)|METHOD_EXIT|[209]|01pB0000000lA1s|testautonumdata.InterviewsLCServerController.GetSobjectField(SObject, String)
15:11:21.3 (63480655)|VARIABLE_ASSIGNMENT|[EXTERNAL]|this|{"eventField":"a0MB0000000cQXFMA2","recordID":"a0NB0000000TaTOMA0"}|0x5dc1441a
15:11:21.3 (63485662)|VARIABLE_ASSIGNMENT|[EXTERNAL]|value|"Rodrigo Reboucas"
15:11:21.3 (63492467)|VARIABLE_ASSIGNMENT|[10]|this.column1|"Rodrigo Reboucas"|0x5dc1441a
15:11:21.3 (63499583)|STATEMENT_EXECUTE|[212]
15:11:21.3 (63501255)|STATEMENT_EXECUTE|[213]
15:11:21.3 (63506223)|METHOD_ENTRY|[213]|01pB0000000lA1s|testautonumdata.InterviewsLCServerController.GetSobjectField(SObject, String)
15:11:21.3 (63510035)|VARIABLE_SCOPE_BEGIN|[241]|e|SObject|true|false
15:11:21.3 (63545918)|VARIABLE_ASSIGNMENT|[241]|e|{"s":1,"v":{"Id":"a0NB0000000TaTOMA0","testautonumdata__Can (9 more) ...":"a0MB0000000cQXFMA2","testautonumdata__Dat (4 more) ...":"11/9/2016","testautonumdata__Int (14 more) ...":"Technical Interview","testautonumdata__Can (9 more) ...":{"s":2,"v":{"testautonumdata__Ful (9 more) ...":"Rodrigo Reboucas","testautonumdata__Pos (8 more) ...":"a0LB0000000seqpMAA","Id":"a0MB0000000cQXFMA2","testautonumdata__Pos (8 more) ...":{"s":3,"v":{"Name":"Architect - Force.co (1 more) ...","Id":"a0LB0000000seqpMAA"}}}}}}|0x5f79abda
15:11:21.3 (63550842)|VARIABLE_SCOPE_BEGIN|[241]|lcfield|String|false|false
15:11:21.3 (63555718)|VARIABLE_ASSIGNMENT|[241]|lcfield|"testautonumdata__Can (43 more) ..."
15:11:21.3 (63562921)|HEAP_ALLOCATE|[244]|Bytes:5
15:11:21.3 (63566651)|STATEMENT_EXECUTE|[242]
15:11:21.3 (63567800)|STATEMENT_EXECUTE|[244]
15:11:21.3 (63572372)|VARIABLE_SCOPE_BEGIN|[244]|returnValue|String|false|false
15:11:21.3 (63576911)|VARIABLE_ASSIGNMENT|[244]|returnValue|""
15:11:21.3 (63592371)|ENTERING_MANAGED_PKG|
15:11:21.3 (63601702)|STATEMENT_EXECUTE|[247]
15:11:21.3 (63603198)|STATEMENT_EXECUTE|[248]
15:11:21.3 (63610911)|ENTERING_MANAGED_PKG|
15:11:21.3 (63614521)|HEAP_ALLOCATE|[248]|Bytes:29
15:11:21.3 (63623114)|VARIABLE_SCOPE_BEGIN|[248]|relName|String|false|false
15:11:21.3 (63630210)|VARIABLE_ASSIGNMENT|[248]|relName|"testautonumdata__Can (9 more) ..."
15:11:21.3 (63632330)|STATEMENT_EXECUTE|[249]
15:11:21.3 (63641799)|ENTERING_MANAGED_PKG|
15:11:21.3 (63645319)|HEAP_ALLOCATE|[249]|Bytes:33
15:11:21.3 (63653771)|VARIABLE_SCOPE_BEGIN|[249]|relField|String|false|false
15:11:21.3 (63660110)|VARIABLE_ASSIGNMENT|[249]|relField|"testautonumdata__Pos (13 more) ..."
15:11:21.3 (63669485)|ENTERING_MANAGED_PKG|
15:11:21.3 (63677217)|STATEMENT_EXECUTE|[251]
15:11:21.3 (63678655)|STATEMENT_EXECUTE|[252]
15:11:21.3 (63685993)|ENTERING_MANAGED_PKG|
15:11:21.3 (63689348)|HEAP_ALLOCATE|[252]|Bytes:28
15:11:21.3 (63697626)|VARIABLE_SCOPE_BEGIN|[252]|relName2|String|false|false
15:11:21.3 (63703994)|VARIABLE_ASSIGNMENT|[252]|relName2|"testautonumdata__Pos (8 more) ..."
15:11:21.3 (63705949)|STATEMENT_EXECUTE|[253]
15:11:21.3 (63714817)|ENTERING_MANAGED_PKG|
15:11:21.3 (63718082)|HEAP_ALLOCATE|[253]|Bytes:4
15:11:21.3 (63726285)|VARIABLE_SCOPE_BEGIN|[253]|relField2|String|false|false
15:11:21.3 (63731602)|VARIABLE_ASSIGNMENT|[253]|relField2|"Name"
15:11:21.3 (63733658)|STATEMENT_EXECUTE|[254]
15:11:21.3 (63742499)|ENTERING_MANAGED_PKG|
15:11:21.3 (63773919)|HEAP_ALLOCATE|[254]|Bytes:20
15:11:21.3 (63792967)|ENTERING_MANAGED_PKG|
15:11:21.3 (63825957)|HEAP_ALLOCATE|[254]|Bytes:12
15:11:21.3 (63844545)|ENTERING_MANAGED_PKG|
15:11:21.3 (63867339)|HEAP_ALLOCATE|[254]|Bytes:21
15:11:21.3 (63886220)|ENTERING_MANAGED_PKG|
15:11:21.3 (63889823)|HEAP_ALLOCATE|[254]|Bytes:21
15:11:21.3 (63903442)|VARIABLE_ASSIGNMENT|[254]|returnValue|"Architect - Force.co (1 more) ..."
15:11:21.3 (63907163)|STATEMENT_EXECUTE|[263]
15:11:21.3 (63914993)|METHOD_EXIT|[213]|01pB0000000lA1s|testautonumdata.InterviewsLCServerController.GetSobjectField(SObject, String)
15:11:21.3 (63941762)|VARIABLE_ASSIGNMENT|[EXTERNAL]|this|{"column1":"Rodrigo Reboucas","eventField":"a0MB0000000cQXFMA2","recordID":"a0NB0000000TaTOMA0"}|0x5dc1441a
15:11:21.3 (63947686)|VARIABLE_ASSIGNMENT|[EXTERNAL]|value|"Architect - Force.co (1 more) ..."
15:11:21.3 (63954600)|VARIABLE_ASSIGNMENT|[12]|this.column2|"Architect - Force.co (1 more) ..."|0x5dc1441a
15:11:21.3 (63961367)|STATEMENT_EXECUTE|[217]
15:11:21.3 (63962810)|STATEMENT_EXECUTE|[218]
15:11:21.3 (63967391)|METHOD_ENTRY|[218]|01pB0000000lA1s|testautonumdata.InterviewsLCServerController.GetSobjectField(SObject, String)
15:11:21.3 (63971107)|VARIABLE_SCOPE_BEGIN|[241]|e|SObject|true|false
15:11:21.3 (63992113)|VARIABLE_ASSIGNMENT|[241]|e|{"s":1,"v":{"Id":"a0NB0000000TaTOMA0","testautonumdata__Can (9 more) ...":"a0MB0000000cQXFMA2","testautonumdata__Dat (4 more) ...":"11/9/2016","testautonumdata__Int (14 more) ...":"Technical Interview","testautonumdata__Can (9 more) ...":{"s":2,"v":{"testautonumdata__Ful (9 more) ...":"Rodrigo Reboucas","testautonumdata__Pos (8 more) ...":"a0LB0000000seqpMAA","Id":"a0MB0000000cQXFMA2","testautonumdata__Pos (8 more) ...":{"s":3,"v":{"Name":"Architect - Force.co (1 more) ...","Id":"a0LB0000000seqpMAA"}}}}}}|0x5f79abda
15:11:21.3 (63996520)|VARIABLE_SCOPE_BEGIN|[241]|lcfield|String|false|false
15:11:21.3 (64000088)|VARIABLE_ASSIGNMENT|[241]|lcfield|"testautonumdata__Dat (4 more) ..."
15:11:21.3 (64007445)|HEAP_ALLOCATE|[244]|Bytes:5
15:11:21.3 (64010681)|STATEMENT_EXECUTE|[242]
15:11:21.3 (64011821)|STATEMENT_EXECUTE|[244]
15:11:21.3 (64015947)|VARIABLE_SCOPE_BEGIN|[244]|returnValue|String|false|false
15:11:21.3 (64020369)|VARIABLE_ASSIGNMENT|[244]|returnValue|""
15:11:21.3 (64034527)|ENTERING_MANAGED_PKG|
15:11:21.3 (64043479)|STATEMENT_EXECUTE|[261]
15:11:21.3 (64051719)|ENTERING_MANAGED_PKG|
15:11:21.3 (64076967)|HEAP_ALLOCATE|[261]|Bytes:9
15:11:21.3 (64098187)|ENTERING_MANAGED_PKG|
15:11:21.3 (64102043)|HEAP_ALLOCATE|[261]|Bytes:9
15:11:21.3 (64114356)|VARIABLE_ASSIGNMENT|[261]|returnValue|"11/9/2016"
15:11:21.3 (64117408)|STATEMENT_EXECUTE|[263]
15:11:21.3 (64124909)|METHOD_EXIT|[218]|01pB0000000lA1s|testautonumdata.InterviewsLCServerController.GetSobjectField(SObject, String)
15:11:21.3 (64152077)|VARIABLE_ASSIGNMENT|[EXTERNAL]|this|{"column1":"Rodrigo Reboucas","column2":"Architect - Force.co (1 more) ...","eventField":"a0MB0000000cQXFMA2","recordID":"a0NB0000000TaTOMA0"}|0x5dc1441a
15:11:21.3 (64157586)|VARIABLE_ASSIGNMENT|[EXTERNAL]|value|"11/9/2016"
15:11:21.3 (64163765)|VARIABLE_ASSIGNMENT|[14]|this.column3|"11/9/2016"|0x5dc1441a
15:11:21.3 (64170487)|STATEMENT_EXECUTE|[222]
15:11:21.3 (64171853)|STATEMENT_EXECUTE|[223]
15:11:21.3 (64176521)|METHOD_ENTRY|[223]|01pB0000000lA1s|testautonumdata.InterviewsLCServerController.GetSobjectField(SObject, String)
15:11:21.3 (64180336)|VARIABLE_SCOPE_BEGIN|[241]|e|SObject|true|false
15:11:21.3 (64200594)|VARIABLE_ASSIGNMENT|[241]|e|{"s":1,"v":{"Id":"a0NB0000000TaTOMA0","testautonumdata__Can (9 more) ...":"a0MB0000000cQXFMA2","testautonumdata__Dat (4 more) ...":"11/9/2016","testautonumdata__Int (14 more) ...":"Technical Interview","testautonumdata__Can (9 more) ...":{"s":2,"v":{"testautonumdata__Ful (9 more) ...":"Rodrigo Reboucas","testautonumdata__Pos (8 more) ...":"a0LB0000000seqpMAA","Id":"a0MB0000000cQXFMA2","testautonumdata__Pos (8 more) ...":{"s":3,"v":{"Name":"Architect - Force.co (1 more) ...","Id":"a0LB0000000seqpMAA"}}}}}}|0x5f79abda
15:11:21.3 (64204839)|VARIABLE_SCOPE_BEGIN|[241]|lcfield|String|false|false
15:11:21.3 (64208568)|VARIABLE_ASSIGNMENT|[241]|lcfield|"testautonumdata__Int (14 more) ..."
15:11:21.3 (64214913)|HEAP_ALLOCATE|[244]|Bytes:5
15:11:21.3 (64218031)|STATEMENT_EXECUTE|[242]
15:11:21.3 (64219137)|STATEMENT_EXECUTE|[244]
15:11:21.3 (64223151)|VARIABLE_SCOPE_BEGIN|[244]|returnValue|String|false|false
15:11:21.3 (64227490)|VARIABLE_ASSIGNMENT|[244]|returnValue|""
15:11:21.3 (64241748)|ENTERING_MANAGED_PKG|
15:11:21.3 (64250889)|STATEMENT_EXECUTE|[261]
15:11:21.3 (64259038)|ENTERING_MANAGED_PKG|
15:11:21.3 (64278855)|HEAP_ALLOCATE|[261]|Bytes:19
15:11:21.3 (64295161)|ENTERING_MANAGED_PKG|
15:11:21.3 (64298572)|HEAP_ALLOCATE|[261]|Bytes:19
15:11:21.3 (64310496)|VARIABLE_ASSIGNMENT|[261]|returnValue|"Technical Interview"
15:11:21.3 (64313455)|STATEMENT_EXECUTE|[263]
15:11:21.3 (64320628)|METHOD_EXIT|[223]|01pB0000000lA1s|testautonumdata.InterviewsLCServerController.GetSobjectField(SObject, String)
15:11:21.3 (64348149)|VARIABLE_ASSIGNMENT|[EXTERNAL]|this|{"column1":"Rodrigo Reboucas","column2":"Architect - Force.co (1 more) ...","column3":"11/9/2016","eventField":"a0MB0000000cQXFMA2","recordID":"a0NB0000000TaTOMA0"}|0x5dc1441a
15:11:21.3 (64353799)|VARIABLE_ASSIGNMENT|[EXTERNAL]|value|"Technical Interview"
15:11:21.3 (64360296)|VARIABLE_ASSIGNMENT|[16]|this.column4|"Technical Interview"|0x5dc1441a
15:11:21.3 (64366870)|STATEMENT_EXECUTE|[227]
15:11:21.3 (64377057)|ENTERING_MANAGED_PKG|
15:11:21.3 (64384153)|HEAP_ALLOCATE|[EXTERNAL]|Bytes:4
15:11:21.3 (64390252)|STATEMENT_EXECUTE|[229]
15:11:21.3 (64423295)|ENTERING_MANAGED_PKG|
15:11:21.3 (64468616)|HEAP_ALLOCATE|[229]|Bytes:470
15:11:21.3 (64485088)|HEAP_ALLOCATE|[229]|Bytes:482
15:11:21.3 (64496776)|ENTERING_MANAGED_PKG|
15:11:21.3 (64504142)|USER_DEBUG|[229]|DEBUG|######## i: InterviewsLCServerController:[column1=Rodrigo Reboucas, column2=Architect - Force.com, column3=11/9/2016, column4=Technical Interview, eventField=a0MB0000000cQXFMA2, mapObjectsFields={testautonumdata__Candidate__c={testautonumdata__Full_Name__c}, testautonumdata__Interview__c={Id, testautonumdata__Candidate__c, testautonumdata__Date__c, testautonumdata__Interview_Type__c, testautonumdata__Status__c}, testautonumdata__Position__c={Name}}, recordID=a0NB0000000TaTOMA0]
15:11:21.3 (64520407)|HEAP_ALLOCATE|[196]|Bytes:5
15:11:21.3 (64534292)|VARIABLE_ASSIGNMENT|[196]|e|null|
15:11:21.3 (64538177)|STATEMENT_EXECUTE|[234]
15:11:21.3 (64541117)|HEAP_ALLOCATE|[234]|Bytes:27
15:11:21.3 (64557547)|ENTERING_MANAGED_PKG|
15:11:21.3 (64693806)|HEAP_ALLOCATE|[234]|Bytes:697
15:11:21.3 (64714020)|HEAP_ALLOCATE|[234]|Bytes:724
15:11:21.3 (64735217)|ENTERING_MANAGED_PKG|
15:11:21.3 (64745340)|USER_DEBUG|[234]|DEBUG|######## lstReturnRecords: (InterviewsLCServerController:[column1=Lizz Brooks, column2=Project Coordinator, column3=10/26/2016, column4=Recruiter Interview, eventField=a0MB0000000cQdIMAU, mapObjectsFields={testautonumdata__Candidate__c={testautonumdata__Full_Name__c}, testautonumdata__Interview__c={Id, testautonumdata__Candidate__c, testautonumdata__Date__c, testautonumdata__Interview_Type__c, testautonumdata__Status__c}, testautonumdata__Position__c={Name}}, recordID=a0NB0000000RasPMAS], InterviewsLCServerController:[column1=Rodrigo Reboucas, column2=Architect - Force.com, column3=11/9/2016, column4=Technical Interview, eventField=a0MB0000000cQXFMA2, mapObjectsFields=(already output), recordID=a0NB0000000TaTOMA0])
15:11:21.3 (64761066)|STATEMENT_EXECUTE|[236]
15:11:21.3 (64773492)|SYSTEM_MODE_EXIT|false
15:11:21.64 (64827552)|CUMULATIVE_LIMIT_USAGE
15:11:21.64 (64827552)|LIMIT_USAGE_FOR_NS|(default)|
  Number of SOQL queries: 0 out of 100
  Number of query rows: 0 out of 50000
  Number of SOSL queries: 0 out of 20
  Number of DML statements: 0 out of 150
  Number of DML rows: 0 out of 10000
  Maximum CPU time: 0 out of 10000
  Maximum heap size: 0 out of 6000000
  Number of callouts: 0 out of 100
  Number of Email Invocations: 0 out of 10
  Number of future calls: 0 out of 50
  Number of queueable jobs added to the queue: 0 out of 50
  Number of Mobile Apex push calls: 0 out of 10

15:11:21.64 (64827552)|LIMIT_USAGE_FOR_NS|testautonumdata|
  Number of SOQL queries: 1 out of 100
  Number of query rows: 2 out of 50000
  Number of SOSL queries: 0 out of 20
  Number of DML statements: 0 out of 150
  Number of DML rows: 0 out of 10000
  Maximum CPU time: 0 out of 10000
  Maximum heap size: 0 out of 6000000
  Number of callouts: 0 out of 100
  Number of Email Invocations: 0 out of 10
  Number of future calls: 0 out of 50
  Number of queueable jobs added to the queue: 0 out of 50
  Number of Mobile Apex push calls: 0 out of 10

15:11:21.64 (64827552)|CUMULATIVE_LIMIT_USAGE_END

15:11:21.3 (64939817)|CODE_UNIT_FINISHED|InterviewsLCServerController.getListRecords
15:11:21.67 (67472338)|USER_INFO|[EXTERNAL]|005B0000001VpZR|rreboucas-yi5c@force.com|Pacific Standard Time|GMT-07:00
15:11:21.67 (67485652)|CODE_UNIT_STARTED|[EXTERNAL]|Aura
15:11:21.67 (67534711)|CODE_UNIT_FINISHED|Aura
15:11:21.68 (68833067)|USER_INFO|[EXTERNAL]|005B0000001VpZR|rreboucas-yi5c@force.com|Pacific Standard Time|GMT-07:00
15:11:21.68 (68843353)|CODE_UNIT_STARTED|[EXTERNAL]|Aura
15:11:21.68 (68887376)|CODE_UNIT_FINISHED|Aura
