38.0 APEX_CODE,FINEST;APEX_PROFILING,INFO;CALLOUT,INFO;DB,INFO;SYSTEM,DEBUG;VALIDATION,INFO;VISUALFORCE,INFO;WORKFLOW,INFO
08:43:11.0 (428810)|USER_INFO|[EXTERNAL]|005B0000001VpZR|rreboucas-yi5c@force.com|Pacific Standard Time|GMT-07:00
08:43:11.2 (2908363)|CODE_UNIT_STARTED|[EXTERNAL]|01pB0000000lc07|ListServerController.getListRecords
08:43:11.2 (2976146)|VARIABLE_SCOPE_BEGIN|[3]|ListServerController.mapObjectsFields|Map<String,Set<String>>|true|true
08:43:11.2 (3071629)|HEAP_ALLOCATE|[EXTERNAL]|Bytes:180
08:43:11.2 (3084712)|HEAP_ALLOCATE|[EXTERNAL]|Bytes:22
08:43:11.2 (3090052)|HEAP_ALLOCATE|[EXTERNAL]|Bytes:27
08:43:11.2 (3113649)|METHOD_ENTRY|[1]|01pB0000000lc07|ListServerController.ListServerController()
08:43:11.2 (3123624)|STATEMENT_EXECUTE|[1]
08:43:11.2 (3130848)|STATEMENT_EXECUTE|[1]
08:43:11.2 (3173093)|HEAP_ALLOCATE|[50]|Bytes:5
08:43:11.2 (3207506)|HEAP_ALLOCATE|[56]|Bytes:5
08:43:11.2 (3222272)|HEAP_ALLOCATE|[64]|Bytes:7
08:43:11.2 (3255132)|SYSTEM_MODE_ENTER|false
08:43:11.2 (3281663)|HEAP_ALLOCATE|[3]|Bytes:5
08:43:11.2 (3287182)|STATEMENT_EXECUTE|[3]
08:43:11.2 (3314902)|VARIABLE_ASSIGNMENT|[3]|ListServerController.mapObjectsFields|null|
08:43:11.2 (3322532)|SYSTEM_MODE_EXIT|false
08:43:11.2 (3337993)|METHOD_EXIT|[1]|ListServerController
08:43:11.2 (3344627)|HEAP_ALLOCATE|[EXTERNAL]|Bytes:1
08:43:11.2 (3347628)|HEAP_ALLOCATE|[EXTERNAL]|Bytes:7
08:43:11.2 (3349694)|HEAP_ALLOCATE|[EXTERNAL]|Bytes:2
08:43:11.2 (3351373)|HEAP_ALLOCATE|[EXTERNAL]|Bytes:4
08:43:11.2 (3353210)|HEAP_ALLOCATE|[EXTERNAL]|Bytes:4
08:43:11.2 (3359766)|SYSTEM_MODE_ENTER|false
08:43:11.2 (3366700)|VARIABLE_SCOPE_BEGIN|[23]|rowsLimit|String|false|false
08:43:11.2 (3374735)|VARIABLE_ASSIGNMENT|[23]|rowsLimit|"8"
08:43:11.2 (3376902)|VARIABLE_SCOPE_BEGIN|[23]|objectApiName|String|false|false
08:43:11.2 (3379987)|VARIABLE_ASSIGNMENT|[23]|objectApiName|"Account"
08:43:11.2 (3382055)|VARIABLE_SCOPE_BEGIN|[23]|filter1Field|String|false|false
08:43:11.2 (3384620)|VARIABLE_ASSIGNMENT|[23]|filter1Field|null
08:43:11.2 (3386292)|VARIABLE_SCOPE_BEGIN|[23]|filter1Value|String|false|false
08:43:11.2 (3388557)|VARIABLE_ASSIGNMENT|[23]|filter1Value|null
08:43:11.2 (3390115)|VARIABLE_SCOPE_BEGIN|[23]|eventField|String|false|false
08:43:11.2 (3392577)|VARIABLE_ASSIGNMENT|[23]|eventField|"Id"
08:43:11.2 (3394288)|VARIABLE_SCOPE_BEGIN|[23]|column1|String|false|false
08:43:11.2 (3396692)|VARIABLE_ASSIGNMENT|[23]|column1|"Name"
08:43:11.2 (3398399)|VARIABLE_SCOPE_BEGIN|[23]|column2|String|false|false
08:43:11.2 (3400459)|VARIABLE_ASSIGNMENT|[23]|column2|null
08:43:11.2 (3402319)|VARIABLE_SCOPE_BEGIN|[23]|column3|String|false|false
08:43:11.2 (3404218)|VARIABLE_ASSIGNMENT|[23]|column3|null
08:43:11.2 (3405795)|VARIABLE_SCOPE_BEGIN|[23]|column4|String|false|false
08:43:11.2 (3407598)|VARIABLE_ASSIGNMENT|[23]|column4|null
08:43:11.2 (3408996)|VARIABLE_SCOPE_BEGIN|[23]|sortField|String|false|false
08:43:11.2 (3411293)|VARIABLE_ASSIGNMENT|[23]|sortField|"Name"
08:43:11.2 (3413068)|VARIABLE_SCOPE_BEGIN|[23]|sortDirection|String|false|false
08:43:11.2 (3415593)|VARIABLE_ASSIGNMENT|[23]|sortDirection|null
08:43:11.2 (3429386)|HEAP_ALLOCATE|[25]|Bytes:5
08:43:11.2 (3436112)|STATEMENT_EXECUTE|[23]
08:43:11.2 (3438899)|STATEMENT_EXECUTE|[25]
08:43:11.2 (3444642)|HEAP_ALLOCATE|[25]|Bytes:20
08:43:11.2 (3459785)|HEAP_ALLOCATE|[25]|Bytes:21
08:43:11.2 (3487543)|ENTERING_MANAGED_PKG|
08:43:11.2 (3531342)|USER_DEBUG|[25]|DEBUG|######## rowsLimit: 8
08:43:11.2 (3546911)|STATEMENT_EXECUTE|[26]
08:43:11.2 (3553831)|HEAP_ALLOCATE|[26]|Bytes:24
08:43:11.2 (3567262)|HEAP_ALLOCATE|[26]|Bytes:31
08:43:11.2 (3587073)|ENTERING_MANAGED_PKG|
08:43:11.2 (3607272)|USER_DEBUG|[26]|DEBUG|######## objectApiName: Account
08:43:11.2 (3615387)|STATEMENT_EXECUTE|[29]
08:43:11.2 (3623374)|HEAP_ALLOCATE|[29]|Bytes:4
08:43:11.2 (3662042)|VARIABLE_ASSIGNMENT|[29]|ListServerController.mapObjectsFields|{"s":1,"v":{}}|0x5eafde24
08:43:11.2 (3666832)|STATEMENT_EXECUTE|[31]
08:43:11.2 (3671676)|HEAP_ALLOCATE|[31]|Bytes:2
08:43:11.2 (4559283)|HEAP_ALLOCATE|[31]|Bytes:19
08:43:11.2 (4567563)|HEAP_ALLOCATE|[31]|Bytes:28
08:43:11.2 (4582137)|METHOD_ENTRY|[1]|01pB0000000ljzx|Sparkle_Helper.Sparkle_Helper()
08:43:11.2 (4586145)|STATEMENT_EXECUTE|[1]
08:43:11.2 (4590167)|STATEMENT_EXECUTE|[1]
08:43:11.2 (4597109)|HEAP_ALLOCATE|[31]|Bytes:5
08:43:11.2 (4610242)|METHOD_EXIT|[1]|Sparkle_Helper
08:43:11.2 (4628473)|METHOD_ENTRY|[31]|01pB0000000ljzx|testautonumdata.Sparkle_Helper.AddFieldToObjectsMap(String, String, Map<String,Set<String>>)
08:43:11.2 (4652052)|VARIABLE_SCOPE_BEGIN|[107]|fieldName|String|false|false
08:43:11.2 (4661622)|VARIABLE_ASSIGNMENT|[107]|fieldName|"Id"
08:43:11.2 (4664145)|VARIABLE_SCOPE_BEGIN|[107]|initialObjectName|String|false|false
08:43:11.2 (4667266)|VARIABLE_ASSIGNMENT|[107]|initialObjectName|"Account"
08:43:11.2 (4668974)|VARIABLE_SCOPE_BEGIN|[107]|theMap|Map<String,Set<String>>|true|false
08:43:11.2 (4679885)|VARIABLE_ASSIGNMENT|[107]|theMap|{"s":1,"v":{}}|0x5eafde24
08:43:11.2 (4693177)|HEAP_ALLOCATE|[109]|Bytes:5
08:43:11.2 (4699219)|STATEMENT_EXECUTE|[108]
08:43:11.2 (4702716)|HEAP_ALLOCATE|[109]|Bytes:1
08:43:11.2 (4724797)|ENTERING_MANAGED_PKG|
08:43:11.2 (4764936)|STATEMENT_EXECUTE|[150]
08:43:11.2 (4778188)|METHOD_ENTRY|[150]|01pB0000000ljzx|testautonumdata.Sparkle_Helper.AddFieldToMap(String, String, Map<String,Set<String>>)
08:43:11.2 (4793796)|VARIABLE_SCOPE_BEGIN|[157]|fieldName|String|false|false
08:43:11.2 (4803792)|VARIABLE_ASSIGNMENT|[157]|fieldName|"Id"
08:43:11.2 (4805945)|VARIABLE_SCOPE_BEGIN|[157]|ObjectName|String|false|false
08:43:11.2 (4809343)|VARIABLE_ASSIGNMENT|[157]|ObjectName|"Account"
08:43:11.2 (4811079)|VARIABLE_SCOPE_BEGIN|[157]|theMap|Map<String,Set<String>>|true|false
08:43:11.2 (4821081)|VARIABLE_ASSIGNMENT|[157]|theMap|{"s":1,"v":{}}|0x5eafde24
08:43:11.2 (4831729)|HEAP_ALLOCATE|[160]|Bytes:5
08:43:11.2 (4837380)|STATEMENT_EXECUTE|[158]
08:43:11.2 (4850902)|ENTERING_MANAGED_PKG|
08:43:11.2 (4886740)|STATEMENT_EXECUTE|[167]
08:43:11.2 (4888910)|STATEMENT_EXECUTE|[168]
08:43:11.2 (4960603)|HEAP_ALLOCATE|[168]|Bytes:4
08:43:11.2 (4983594)|ENTERING_MANAGED_PKG|
08:43:11.2 (5023869)|VARIABLE_SCOPE_BEGIN|[168]|newFieldSet|Set<String>|true|false
08:43:11.2 (5065564)|VARIABLE_ASSIGNMENT|[168]|newFieldSet|{"s":1,"v":[]}|0x18cd7822
08:43:11.2 (5069668)|STATEMENT_EXECUTE|[169]
08:43:11.2 (5082597)|ENTERING_MANAGED_PKG|
08:43:11.2 (5110315)|HEAP_ALLOCATE|[EXTERNAL]|Bytes:4
08:43:11.2 (5121446)|STATEMENT_EXECUTE|[170]
08:43:11.2 (5129528)|ENTERING_MANAGED_PKG|
08:43:11.2 (5159101)|HEAP_ALLOCATE|[EXTERNAL]|Bytes:-4
08:43:11.2 (5181009)|METHOD_EXIT|[150]|01pB0000000ljzx|testautonumdata.Sparkle_Helper.AddFieldToMap(String, String, Map<String,Set<String>>)
08:43:11.2 (5190967)|METHOD_EXIT|[31]|01pB0000000ljzx|testautonumdata.Sparkle_Helper.AddFieldToObjectsMap(String, String, Map<String,Set<String>>)
08:43:11.2 (5196579)|STATEMENT_EXECUTE|[33]
08:43:11.2 (5232799)|HEAP_ALLOCATE|[33]|Bytes:4
08:43:11.2 (5312002)|ENTERING_MANAGED_PKG|
08:43:11.2 (5339642)|VARIABLE_SCOPE_BEGIN|[33]|lstReturnRecords|List<testautonumdata.ListServerController>|true|false
08:43:11.2 (5369797)|HEAP_ALLOCATE|[EXTERNAL]|Bytes:4
08:43:11.2 (5388430)|VARIABLE_ASSIGNMENT|[33]|lstReturnRecords|{"s":1,"v":[]}|0x6e8d09aa
08:43:11.2 (5392356)|STATEMENT_EXECUTE|[35]
08:43:11.2 (5416040)|ENTERING_MANAGED_PKG|
08:43:11.2 (5456833)|VARIABLE_SCOPE_BEGIN|[35]|rLimit|Integer|false|false
08:43:11.2 (5462876)|HEAP_ALLOCATE|[35]|Bytes:4
08:43:11.2 (5473274)|VARIABLE_ASSIGNMENT|[35]|rLimit|8
08:43:11.2 (5476028)|STATEMENT_EXECUTE|[36]
08:43:11.2 (5480206)|HEAP_ALLOCATE|[36]|Bytes:17
08:43:11.2 (5502048)|ENTERING_MANAGED_PKG|
08:43:11.2 (5526966)|HEAP_ALLOCATE|[36]|Bytes:1
08:43:11.2 (5543529)|HEAP_ALLOCATE|[36]|Bytes:18
08:43:11.2 (5553515)|ENTERING_MANAGED_PKG|
08:43:11.2 (5560205)|USER_DEBUG|[36]|DEBUG|######## rLimit: 8
08:43:11.2 (5566274)|STATEMENT_EXECUTE|[40]
08:43:11.2 (5569543)|HEAP_ALLOCATE|[40]|Bytes:9
08:43:11.2 (5577055)|VARIABLE_SCOPE_BEGIN|[40]|soql|String|false|false
08:43:11.2 (5585154)|VARIABLE_ASSIGNMENT|[40]|soql|"Select id"
08:43:11.2 (5601213)|ENTERING_MANAGED_PKG|
08:43:11.2 (5631381)|STATEMENT_EXECUTE|[42]
08:43:11.2 (5634143)|STATEMENT_EXECUTE|[49]
08:43:11.2 (5635065)|STATEMENT_EXECUTE|[50]
08:43:11.2 (5638650)|HEAP_ALLOCATE|[50]|Bytes:2
08:43:11.2 (5652518)|ENTERING_MANAGED_PKG|
08:43:11.2 (5669332)|HEAP_ALLOCATE|[50]|Bytes:4
08:43:11.2 (5683936)|HEAP_ALLOCATE|[50]|Bytes:6
08:43:11.2 (5689313)|HEAP_ALLOCATE|[50]|Bytes:15
08:43:11.2 (5698139)|VARIABLE_ASSIGNMENT|[50]|soql|"Select id, Name"
08:43:11.2 (5700798)|STATEMENT_EXECUTE|[51]
08:43:11.2 (5714595)|METHOD_ENTRY|[51]|01pB0000000ljzx|testautonumdata.Sparkle_Helper.AddFieldToObjectsMap(String, String, Map<String,Set<String>>)
08:43:11.2 (5728857)|VARIABLE_SCOPE_BEGIN|[107]|fieldName|String|false|false
08:43:11.2 (5735484)|VARIABLE_ASSIGNMENT|[107]|fieldName|"Name"
08:43:11.2 (5738207)|VARIABLE_SCOPE_BEGIN|[107]|initialObjectName|String|false|false
08:43:11.2 (5741879)|VARIABLE_ASSIGNMENT|[107]|initialObjectName|"Account"
08:43:11.2 (5743533)|VARIABLE_SCOPE_BEGIN|[107]|theMap|Map<String,Set<String>>|true|false
08:43:11.2 (5760479)|VARIABLE_ASSIGNMENT|[107]|theMap|{"s":1,"v":{"Account":{"s":2,"v":["Id"]}}}|0x5eafde24
08:43:11.2 (5774555)|HEAP_ALLOCATE|[109]|Bytes:5
08:43:11.2 (5780103)|STATEMENT_EXECUTE|[108]
08:43:11.2 (5796079)|ENTERING_MANAGED_PKG|
08:43:11.2 (5806883)|STATEMENT_EXECUTE|[150]
08:43:11.2 (5813709)|METHOD_ENTRY|[150]|01pB0000000ljzx|testautonumdata.Sparkle_Helper.AddFieldToMap(String, String, Map<String,Set<String>>)
08:43:11.2 (5818381)|VARIABLE_SCOPE_BEGIN|[157]|fieldName|String|false|false
08:43:11.2 (5823685)|VARIABLE_ASSIGNMENT|[157]|fieldName|"Name"
08:43:11.2 (5825817)|VARIABLE_SCOPE_BEGIN|[157]|ObjectName|String|false|false
08:43:11.2 (5833949)|VARIABLE_ASSIGNMENT|[157]|ObjectName|"Account"
08:43:11.2 (5835748)|VARIABLE_SCOPE_BEGIN|[157]|theMap|Map<String,Set<String>>|true|false
08:43:11.2 (5850580)|VARIABLE_ASSIGNMENT|[157]|theMap|{"s":1,"v":{"Account":{"s":2,"v":["Id"]}}}|0x5eafde24
08:43:11.2 (5860464)|HEAP_ALLOCATE|[160]|Bytes:5
08:43:11.2 (5865771)|STATEMENT_EXECUTE|[158]
08:43:11.2 (5873215)|ENTERING_MANAGED_PKG|
08:43:11.2 (5885585)|STATEMENT_EXECUTE|[161]
08:43:11.2 (5887182)|STATEMENT_EXECUTE|[162]
08:43:11.2 (5892809)|ENTERING_MANAGED_PKG|
08:43:11.2 (5933868)|VARIABLE_SCOPE_BEGIN|[162]|existingFieldSet|Set<String>|true|false
08:43:11.2 (5953625)|VARIABLE_ASSIGNMENT|[162]|existingFieldSet|{"s":1,"v":["Id"]}|0x18cd7822
08:43:11.2 (5957097)|STATEMENT_EXECUTE|[163]
08:43:11.2 (5965866)|ENTERING_MANAGED_PKG|
08:43:11.2 (5991943)|HEAP_ALLOCATE|[EXTERNAL]|Bytes:4
08:43:11.2 (6014128)|STATEMENT_EXECUTE|[164]
08:43:11.2 (6023345)|ENTERING_MANAGED_PKG|
08:43:11.2 (6066795)|METHOD_EXIT|[150]|01pB0000000ljzx|testautonumdata.Sparkle_Helper.AddFieldToMap(String, String, Map<String,Set<String>>)
08:43:11.2 (6075489)|METHOD_EXIT|[51]|01pB0000000ljzx|testautonumdata.Sparkle_Helper.AddFieldToObjectsMap(String, String, Map<String,Set<String>>)
08:43:11.2 (6079531)|STATEMENT_EXECUTE|[53]
08:43:11.2 (6081608)|STATEMENT_EXECUTE|[58]
08:43:11.2 (6083096)|STATEMENT_EXECUTE|[63]
08:43:11.2 (6084062)|STATEMENT_EXECUTE|[69]
08:43:11.2 (6087658)|HEAP_ALLOCATE|[69]|Bytes:6
08:43:11.2 (6102180)|ENTERING_MANAGED_PKG|
08:43:11.2 (6119957)|HEAP_ALLOCATE|[69]|Bytes:7
08:43:11.2 (6134544)|HEAP_ALLOCATE|[69]|Bytes:13
08:43:11.2 (6140038)|HEAP_ALLOCATE|[69]|Bytes:28
08:43:11.2 (6150780)|VARIABLE_ASSIGNMENT|[69]|soql|"Select id, Name FROM (8 more) ..."
08:43:11.2 (6154861)|STATEMENT_EXECUTE|[72]
08:43:11.2 (6157067)|STATEMENT_EXECUTE|[78]
08:43:11.2 (6158058)|STATEMENT_EXECUTE|[84]
08:43:11.2 (6160929)|HEAP_ALLOCATE|[84]|Bytes:7
08:43:11.2 (6173220)|ENTERING_MANAGED_PKG|
08:43:11.2 (6189394)|HEAP_ALLOCATE|[84]|Bytes:1
08:43:11.2 (6204433)|HEAP_ALLOCATE|[84]|Bytes:8
08:43:11.2 (6213242)|HEAP_ALLOCATE|[84]|Bytes:36
08:43:11.2 (6223578)|VARIABLE_ASSIGNMENT|[84]|soql|"Select id, Name FROM (16 more) ..."
08:43:11.2 (6226186)|STATEMENT_EXECUTE|[88]
08:43:11.2 (6229948)|HEAP_ALLOCATE|[88]|Bytes:15
08:43:11.2 (6235781)|HEAP_ALLOCATE|[88]|Bytes:51
08:43:11.2 (6245293)|ENTERING_MANAGED_PKG|
08:43:11.2 (6262547)|USER_DEBUG|[88]|DEBUG|######## soql: Select id, Name FROM Account limit 8
08:43:11.2 (6278170)|METHOD_ENTRY|[95]|01pB0000000ljzx|testautonumdata.Sparkle_Helper.UserHasAccessToObjectsAndFields(Map<String,Set<String>>)
08:43:11.2 (6291734)|VARIABLE_SCOPE_BEGIN|[175]|theMap|Map<String,Set<String>>|true|false
08:43:11.2 (6315885)|VARIABLE_ASSIGNMENT|[175]|theMap|{"s":1,"v":{"Account":{"s":2,"v":["Id","Name"]}}}|0x5eafde24
08:43:11.2 (6325932)|HEAP_ALLOCATE|[177]|Bytes:5
08:43:11.2 (6333663)|STATEMENT_EXECUTE|[176]
08:43:11.2 (6335173)|STATEMENT_EXECUTE|[177]
08:43:11.2 (6342791)|VARIABLE_SCOPE_BEGIN|[177]|hasAccess|Boolean|false|false
08:43:11.2 (6347445)|HEAP_ALLOCATE|[177]|Bytes:5
08:43:11.2 (6355097)|VARIABLE_ASSIGNMENT|[177]|hasAccess|true
08:43:11.2 (6367618)|ENTERING_MANAGED_PKG|
08:43:11.2 (6392516)|STATEMENT_EXECUTE|[180]
08:43:11.2 (6394646)|STATEMENT_EXECUTE|[181]
08:43:11.2 (6398376)|HEAP_ALLOCATE|[181]|Bytes:17
08:43:11.2 (6414873)|ENTERING_MANAGED_PKG|
08:43:11.2 (6451249)|HEAP_ALLOCATE|[181]|Bytes:20
08:43:11.2 (6468659)|HEAP_ALLOCATE|[181]|Bytes:37
08:43:11.2 (6484296)|ENTERING_MANAGED_PKG|
08:43:11.2 (6490923)|USER_DEBUG|[181]|DEBUG|######## theMap: {Account={Id, Name}}
08:43:11.2 (6506078)|HEAP_ALLOCATE|[182]|Bytes:4
08:43:11.2 (6519473)|ENTERING_MANAGED_PKG|
08:43:11.2 (6541571)|ENTERING_MANAGED_PKG|
08:43:11.2 (6562322)|HEAP_ALLOCATE|[182]|Bytes:15
08:43:11.2 (6579990)|ENTERING_MANAGED_PKG|
08:43:11.2 (6586512)|HEAP_ALLOCATE|[182]|Bytes:4
08:43:11.2 (6601402)|ENTERING_MANAGED_PKG|
08:43:11.2 (6688269)|HEAP_ALLOCATE|[182]|Bytes:5
08:43:11.2 (6712907)|VARIABLE_SCOPE_BEGIN|[182]|objectName|String|false|false
08:43:11.2 (6725388)|VARIABLE_ASSIGNMENT|[182]|objectName|"Account"
08:43:11.2 (6728799)|STATEMENT_EXECUTE|[183]
08:43:11.2 (6730044)|STATEMENT_EXECUTE|[184]
08:43:11.2 (6733730)|HEAP_ALLOCATE|[184]|Bytes:21
08:43:11.2 (6744347)|HEAP_ALLOCATE|[184]|Bytes:28
08:43:11.2 (6755082)|ENTERING_MANAGED_PKG|
08:43:11.2 (6773870)|USER_DEBUG|[184]|DEBUG|######## objectName: Account
08:43:11.2 (6781657)|STATEMENT_EXECUTE|[185]
08:43:11.2 (6797806)|ENTERING_MANAGED_PKG|
08:43:11.2 (33485786)|HEAP_ALLOCATE|[185]|Bytes:1648
08:43:11.2 (33517292)|ENTERING_MANAGED_PKG|
08:43:11.2 (33633257)|HEAP_ALLOCATE|[185]|Bytes:4
08:43:11.2 (33650722)|VARIABLE_SCOPE_BEGIN|[185]|sObj|SObject|true|false
08:43:11.2 (33668113)|VARIABLE_ASSIGNMENT|[185]|sObj|{}|0x4381d1fb
08:43:11.2 (33671755)|STATEMENT_EXECUTE|[186]
08:43:11.2 (33698956)|ENTERING_MANAGED_PKG|
08:43:11.2 (34493173)|HEAP_ALLOCATE|[186]|Bytes:4
08:43:11.2 (36517103)|HEAP_ALLOCATE|[186]|Bytes:312
08:43:11.2 (36535045)|VARIABLE_SCOPE_BEGIN|[186]|m|Map<String,Schema.SObjectField>|true|false
08:43:11.2 (36834954)|VARIABLE_ASSIGNMENT|[186]|m|"{accountnumber=AccountNumber, accountsource=AccountSource, annualrevenue=AnnualRevenue, billingaddress=BillingAddress, billingcity=BillingCity, billingcountry=BillingCountry, billingcountrycode=BillingCountryCode, billinglatitude=BillingLatitude, billinglongitude=BillingLongitude, billingpostalcode=BillingPostalCode, ...}"|0x334a1bf3
08:43:11.2 (36843136)|STATEMENT_EXECUTE|[187]
08:43:11.2 (36855506)|ENTERING_MANAGED_PKG|
08:43:11.2 (36897492)|VARIABLE_SCOPE_BEGIN|[187]|objectFieldSet|Set<String>|true|false
08:43:11.2 (36916287)|VARIABLE_ASSIGNMENT|[187]|objectFieldSet|{"s":1,"v":["Id","Name"]}|0x18cd7822
08:43:11.2 (36924970)|HEAP_ALLOCATE|[189]|Bytes:4
08:43:11.2 (36937634)|ENTERING_MANAGED_PKG|
08:43:11.2 (36961686)|ENTERING_MANAGED_PKG|
08:43:11.2 (36967317)|HEAP_ALLOCATE|[189]|Bytes:8
08:43:11.2 (36976167)|ENTERING_MANAGED_PKG|
08:43:11.2 (36992785)|HEAP_ALLOCATE|[189]|Bytes:5
08:43:11.2 (37012145)|VARIABLE_SCOPE_BEGIN|[189]|fieldToCheck|String|false|false
08:43:11.2 (37026742)|VARIABLE_ASSIGNMENT|[189]|fieldToCheck|"Id"
08:43:11.2 (37030115)|STATEMENT_EXECUTE|[189]
08:43:11.2 (37031385)|STATEMENT_EXECUTE|[190]
08:43:11.2 (37035335)|HEAP_ALLOCATE|[190]|Bytes:23
08:43:11.2 (37050309)|HEAP_ALLOCATE|[190]|Bytes:25
08:43:11.2 (37062257)|ENTERING_MANAGED_PKG|
08:43:11.2 (37084971)|USER_DEBUG|[190]|DEBUG|######## fieldToCheck: Id
08:43:11.2 (37107082)|ENTERING_MANAGED_PKG|
08:43:11.2 (37850875)|HEAP_ALLOCATE|[192]|Bytes:8
08:43:11.2 (37885014)|STATEMENT_EXECUTE|[192]
08:43:11.2 (37889075)|STATEMENT_EXECUTE|[199]
08:43:11.2 (37893452)|HEAP_ALLOCATE|[199]|Bytes:35
08:43:11.2 (37902755)|HEAP_ALLOCATE|[199]|Bytes:37
08:43:11.2 (37913918)|ENTERING_MANAGED_PKG|
08:43:11.2 (37937572)|USER_DEBUG|[199]|DEBUG|######## User has access to field: Id
08:43:11.2 (37957993)|HEAP_ALLOCATE|[189]|Bytes:5
08:43:11.2 (37975501)|VARIABLE_SCOPE_BEGIN|[189]|fieldToCheck|String|false|false
08:43:11.2 (37989776)|VARIABLE_ASSIGNMENT|[189]|fieldToCheck|"Name"
08:43:11.2 (37993255)|STATEMENT_EXECUTE|[189]
08:43:11.2 (37994387)|STATEMENT_EXECUTE|[190]
08:43:11.2 (38000819)|HEAP_ALLOCATE|[190]|Bytes:27
08:43:11.2 (38013369)|ENTERING_MANAGED_PKG|
08:43:11.2 (38024617)|USER_DEBUG|[190]|DEBUG|######## fieldToCheck: Name
08:43:11.2 (38035600)|ENTERING_MANAGED_PKG|
08:43:11.2 (38223906)|HEAP_ALLOCATE|[192]|Bytes:8
08:43:11.2 (38242590)|STATEMENT_EXECUTE|[192]
08:43:11.2 (38244871)|STATEMENT_EXECUTE|[199]
08:43:11.2 (38251487)|HEAP_ALLOCATE|[199]|Bytes:39
08:43:11.2 (38260821)|ENTERING_MANAGED_PKG|
08:43:11.2 (38267633)|USER_DEBUG|[199]|DEBUG|######## User has access to field: Name
08:43:11.2 (38288853)|HEAP_ALLOCATE|[189]|Bytes:5
08:43:11.2 (38304692)|VARIABLE_ASSIGNMENT|[189]|fieldToCheck|null
08:43:11.2 (38315782)|HEAP_ALLOCATE|[182]|Bytes:5
08:43:11.2 (38326222)|VARIABLE_ASSIGNMENT|[182]|objectName|null
08:43:11.2 (38333798)|STATEMENT_EXECUTE|[206]
08:43:11.2 (38337750)|HEAP_ALLOCATE|[206]|Bytes:5
08:43:11.2 (38349689)|METHOD_EXIT|[95]|01pB0000000ljzx|testautonumdata.Sparkle_Helper.UserHasAccessToObjectsAndFields(Map<String,Set<String>>)
08:43:11.2 (38357093)|STATEMENT_EXECUTE|[96]
08:43:11.2 (38358993)|STATEMENT_EXECUTE|[98]
08:43:11.2 (38383855)|ENTERING_MANAGED_PKG|
08:43:11.2 (38415306)|HEAP_ALLOCATE|[98]|Bytes:4
08:43:11.2 (38607188)|SOQL_EXECUTE_BEGIN|[98]|Aggregations:0|Select id, Name FROM Account limit 8
08:43:11.2 (44013631)|SOQL_EXECUTE_END|[98]|Rows:8
08:43:11.2 (44051305)|HEAP_ALLOCATE|[98]|Bytes:36
08:43:11.2 (44086517)|HEAP_ALLOCATE|[98]|Bytes:478
08:43:11.2 (44145906)|HEAP_ALLOCATE|[98]|Bytes:36
08:43:11.2 (44170719)|VARIABLE_SCOPE_BEGIN|[98]|lstQueriedRecords|List<SObject>|true|false
08:43:11.2 (44199201)|VARIABLE_ASSIGNMENT|[98]|lstQueriedRecords|{"s":1,"v":"List of size 8 too large to display"}|0x7e8b5771
08:43:11.2 (44205439)|STATEMENT_EXECUTE|[100]
08:43:11.2 (44212731)|HEAP_ALLOCATE|[100]|Bytes:28
08:43:11.2 (44237522)|ENTERING_MANAGED_PKG|
08:43:11.2 (44456228)|HEAP_ALLOCATE|[100]|Bytes:502
08:43:11.2 (44484499)|HEAP_ALLOCATE|[100]|Bytes:530
08:43:11.2 (44508056)|ENTERING_MANAGED_PKG|
08:43:11.2 (44518340)|USER_DEBUG|[100]|DEBUG|######## lstQueriedRecords: (Account:{Id=001B00000066XxFIAU, Name=GenePoint}, Account:{Id=001B00000066XxDIAU, Name=United Oil & Gas, UK}, Account:{Id=001B00000066XxEIAU, Name=United Oil & Gas, Singapore}, Account:{Id=001B00000066Xx5IAE, Name=Edge Communications}, Account:{Id=001B00000066Xx6IAE, Name=Burlington Textiles Corp of America}, Account:{Id=001B00000066Xx7IAE, Name=Pyramid Construction Inc.}, Account:{Id=001B00000066Xx8IAE, Name=Dickenson plc}, Account:{Id=001B00000066Xx9IAE, Name=Hospital Universitario San Ignacio})
08:43:11.2 (44626072)|ENTERING_MANAGED_PKG|
08:43:11.2 (44899064)|HEAP_ALLOCATE|[104]|Bytes:5
08:43:11.2 (44949480)|HEAP_ALLOCATE|[104]|Bytes:12
08:43:11.2 (44992397)|VARIABLE_SCOPE_BEGIN|[104]|e|SObject|true|false
08:43:11.2 (45044085)|VARIABLE_ASSIGNMENT|[104]|e|{"s":1,"v":{"Id":"001B00000066XxFIAU","Name":"GenePoint"}}|0x20f7aca8
08:43:11.2 (45051910)|STATEMENT_EXECUTE|[105]
08:43:11.2 (45054546)|STATEMENT_EXECUTE|[106]
08:43:11.2 (45061371)|HEAP_ALLOCATE|[106]|Bytes:12
08:43:11.2 (45090788)|ENTERING_MANAGED_PKG|
08:43:11.2 (45157053)|HEAP_ALLOCATE|[106]|Bytes:47
08:43:11.2 (45182846)|HEAP_ALLOCATE|[106]|Bytes:59
08:43:11.2 (45198472)|ENTERING_MANAGED_PKG|
08:43:11.2 (45208010)|USER_DEBUG|[106]|DEBUG|######## e: Account:{Id=001B00000066XxFIAU, Name=GenePoint}
08:43:11.2 (45218730)|STATEMENT_EXECUTE|[107]
08:43:11.2 (45229920)|HEAP_ALLOCATE|[107]|Bytes:28
08:43:11.2 (45252167)|CONSTRUCTOR_ENTRY|[107]|01pB0000000lc07|<init>()
08:43:11.2 (45277045)|VARIABLE_SCOPE_BEGIN|[1]|this|testautonumdata.ListServerController|true|false
08:43:11.2 (45332110)|VARIABLE_ASSIGNMENT|[1]|this|{}|0x14c8f5e2
08:43:11.2 (45351149)|HEAP_ALLOCATE|[EXTERNAL]|Bytes:5
08:43:11.2 (45369530)|HEAP_ALLOCATE|[EXTERNAL]|Bytes:6
08:43:11.2 (45420236)|STATEMENT_EXECUTE|[1]
08:43:11.2 (45429638)|HEAP_ALLOCATE|[EXTERNAL]|Bytes:5
08:43:11.2 (45435955)|STATEMENT_EXECUTE|[6]
08:43:11.2 (45438577)|STATEMENT_EXECUTE|[8]
08:43:11.2 (45440315)|STATEMENT_EXECUTE|[10]
08:43:11.2 (45442362)|STATEMENT_EXECUTE|[12]
08:43:11.2 (45444040)|STATEMENT_EXECUTE|[14]
08:43:11.2 (45445655)|STATEMENT_EXECUTE|[16]
08:43:11.2 (45460691)|CONSTRUCTOR_EXIT|[107]|01pB0000000lc07|<init>()
08:43:11.2 (45477846)|VARIABLE_SCOPE_BEGIN|[107]|i|testautonumdata.ListServerController|true|false
08:43:11.2 (45509693)|VARIABLE_ASSIGNMENT|[107]|i|{}|0x14c8f5e2
08:43:11.2 (45514964)|STATEMENT_EXECUTE|[110]
08:43:11.2 (45526533)|HEAP_ALLOCATE|[110]|Bytes:2
08:43:11.2 (45553562)|ENTERING_MANAGED_PKG|
08:43:11.2 (45621418)|HEAP_ALLOCATE|[110]|Bytes:4
08:43:11.2 (45658725)|ENTERING_MANAGED_PKG|
08:43:11.2 (45667078)|HEAP_ALLOCATE|[110]|Bytes:18
08:43:11.2 (45720105)|VARIABLE_ASSIGNMENT|[EXTERNAL]|this|{}|0x14c8f5e2
08:43:11.2 (45730219)|VARIABLE_ASSIGNMENT|[EXTERNAL]|value|"001B00000066XxFIAU"
08:43:11.2 (45744745)|VARIABLE_ASSIGNMENT|[6]|this.recordID|"001B00000066XxFIAU"|0x14c8f5e2
08:43:11.2 (45755073)|STATEMENT_EXECUTE|[112]
08:43:11.2 (45757423)|STATEMENT_EXECUTE|[113]
08:43:11.2 (45772819)|METHOD_ENTRY|[113]|01pB0000000ljzx|testautonumdata.Sparkle_Helper.GetSobjectField(SObject, String)
08:43:11.2 (45794746)|VARIABLE_SCOPE_BEGIN|[78]|e|SObject|true|false
08:43:11.2 (45811552)|VARIABLE_ASSIGNMENT|[78]|e|{"s":1,"v":{"Id":"001B00000066XxFIAU","Name":"GenePoint"}}|0x20f7aca8
08:43:11.2 (45815498)|VARIABLE_SCOPE_BEGIN|[78]|lcfield|String|false|false
08:43:11.2 (45820804)|VARIABLE_ASSIGNMENT|[78]|lcfield|"Id"
08:43:11.2 (45832866)|HEAP_ALLOCATE|[81]|Bytes:5
08:43:11.2 (45840547)|STATEMENT_EXECUTE|[79]
08:43:11.2 (45842674)|STATEMENT_EXECUTE|[81]
08:43:11.2 (45854307)|VARIABLE_SCOPE_BEGIN|[81]|returnValue|String|false|false
08:43:11.2 (45873432)|VARIABLE_ASSIGNMENT|[81]|returnValue|""
08:43:11.2 (45895663)|ENTERING_MANAGED_PKG|
08:43:11.2 (45941031)|STATEMENT_EXECUTE|[98]
08:43:11.2 (45958978)|ENTERING_MANAGED_PKG|
08:43:11.2 (46029892)|HEAP_ALLOCATE|[98]|Bytes:4
08:43:11.2 (46066816)|ENTERING_MANAGED_PKG|
08:43:11.2 (46074701)|HEAP_ALLOCATE|[98]|Bytes:18
08:43:11.2 (46096422)|VARIABLE_ASSIGNMENT|[98]|returnValue|"001B00000066XxFIAU"
08:43:11.2 (46101306)|STATEMENT_EXECUTE|[100]
08:43:11.2 (46118802)|METHOD_EXIT|[113]|01pB0000000ljzx|testautonumdata.Sparkle_Helper.GetSobjectField(SObject, String)
08:43:11.2 (46171797)|VARIABLE_ASSIGNMENT|[EXTERNAL]|this|{"recordID":"001B00000066XxFIAU"}|0x14c8f5e2
08:43:11.2 (46180631)|VARIABLE_ASSIGNMENT|[EXTERNAL]|value|"001B00000066XxFIAU"
08:43:11.2 (46192068)|VARIABLE_ASSIGNMENT|[8]|this.eventField|"001B00000066XxFIAU"|0x14c8f5e2
08:43:11.2 (46201639)|STATEMENT_EXECUTE|[116]
08:43:11.2 (46204088)|STATEMENT_EXECUTE|[117]
08:43:11.2 (46214518)|METHOD_ENTRY|[117]|01pB0000000ljzx|testautonumdata.Sparkle_Helper.GetSobjectField(SObject, String)
08:43:11.2 (46234245)|VARIABLE_SCOPE_BEGIN|[78]|e|SObject|true|false
08:43:11.2 (46250738)|VARIABLE_ASSIGNMENT|[78]|e|{"s":1,"v":{"Id":"001B00000066XxFIAU","Name":"GenePoint"}}|0x20f7aca8
08:43:11.2 (46254369)|VARIABLE_SCOPE_BEGIN|[78]|lcfield|String|false|false
08:43:11.2 (46259179)|VARIABLE_ASSIGNMENT|[78]|lcfield|"Name"
08:43:11.2 (46269826)|HEAP_ALLOCATE|[81]|Bytes:5
08:43:11.2 (46276767)|STATEMENT_EXECUTE|[79]
08:43:11.2 (46278680)|STATEMENT_EXECUTE|[81]
08:43:11.2 (46288312)|VARIABLE_SCOPE_BEGIN|[81]|returnValue|String|false|false
08:43:11.2 (46297890)|VARIABLE_ASSIGNMENT|[81]|returnValue|""
08:43:11.2 (46315921)|ENTERING_MANAGED_PKG|
08:43:11.2 (46330771)|STATEMENT_EXECUTE|[98]
08:43:11.2 (46343138)|ENTERING_MANAGED_PKG|
08:43:11.2 (46369756)|HEAP_ALLOCATE|[98]|Bytes:9
08:43:11.2 (46394560)|ENTERING_MANAGED_PKG|
08:43:11.2 (46406901)|HEAP_ALLOCATE|[98]|Bytes:9
08:43:11.2 (46428725)|VARIABLE_ASSIGNMENT|[98]|returnValue|"GenePoint"
08:43:11.2 (46433223)|STATEMENT_EXECUTE|[100]
08:43:11.2 (46444573)|METHOD_EXIT|[117]|01pB0000000ljzx|testautonumdata.Sparkle_Helper.GetSobjectField(SObject, String)
08:43:11.2 (46495568)|VARIABLE_ASSIGNMENT|[EXTERNAL]|this|{"eventField":"001B00000066XxFIAU","recordID":"001B00000066XxFIAU"}|0x14c8f5e2
08:43:11.2 (46504049)|VARIABLE_ASSIGNMENT|[EXTERNAL]|value|"GenePoint"
08:43:11.2 (46514455)|VARIABLE_ASSIGNMENT|[10]|this.column1|"GenePoint"|0x14c8f5e2
08:43:11.2 (46528771)|STATEMENT_EXECUTE|[119]
08:43:11.2 (46531735)|STATEMENT_EXECUTE|[124]
08:43:11.2 (46533910)|STATEMENT_EXECUTE|[129]
08:43:11.2 (46535656)|STATEMENT_EXECUTE|[135]
08:43:11.2 (46550815)|ENTERING_MANAGED_PKG|
08:43:11.2 (46594768)|HEAP_ALLOCATE|[EXTERNAL]|Bytes:4
08:43:11.2 (46608053)|STATEMENT_EXECUTE|[137]
08:43:11.2 (46614137)|HEAP_ALLOCATE|[137]|Bytes:12
08:43:11.2 (46633607)|ENTERING_MANAGED_PKG|
08:43:11.2 (46721110)|HEAP_ALLOCATE|[137]|Bytes:181
08:43:11.2 (46745408)|HEAP_ALLOCATE|[137]|Bytes:193
08:43:11.2 (46760007)|ENTERING_MANAGED_PKG|
08:43:11.2 (46769274)|USER_DEBUG|[137]|DEBUG|######## i: ListServerController:[column1=GenePoint, column2=null, column3=null, column4=null, eventField=001B00000066XxFIAU, mapObjectsFields={Account={Id, Name}}, recordID=001B00000066XxFIAU]
08:43:11.2 (46790415)|HEAP_ALLOCATE|[104]|Bytes:5
08:43:11.2 (46823649)|HEAP_ALLOCATE|[104]|Bytes:12
08:43:11.2 (46847865)|VARIABLE_SCOPE_BEGIN|[104]|e|SObject|true|false
08:43:11.2 (46866034)|VARIABLE_ASSIGNMENT|[104]|e|{"s":1,"v":{"Id":"001B00000066XxDIAU","Name":"United Oil & Gas, UK"}}|0x3c04a4a6
08:43:11.2 (46870404)|STATEMENT_EXECUTE|[105]
08:43:11.2 (46872122)|STATEMENT_EXECUTE|[106]
08:43:11.2 (46889565)|ENTERING_MANAGED_PKG|
08:43:11.2 (46928569)|HEAP_ALLOCATE|[106]|Bytes:58
08:43:11.2 (46958398)|HEAP_ALLOCATE|[106]|Bytes:70
08:43:11.2 (46971854)|ENTERING_MANAGED_PKG|
08:43:11.2 (46980688)|USER_DEBUG|[106]|DEBUG|######## e: Account:{Id=001B00000066XxDIAU, Name=United Oil & Gas, UK}
08:43:11.2 (46999136)|STATEMENT_EXECUTE|[107]
08:43:11.2 (47006967)|HEAP_ALLOCATE|[107]|Bytes:28
08:43:11.2 (47024581)|CONSTRUCTOR_ENTRY|[107]|01pB0000000lc07|<init>()
08:43:11.2 (47031889)|VARIABLE_SCOPE_BEGIN|[1]|this|testautonumdata.ListServerController|true|false
08:43:11.2 (47065770)|VARIABLE_ASSIGNMENT|[1]|this|{}|0x2369cd03
08:43:11.2 (47077578)|HEAP_ALLOCATE|[EXTERNAL]|Bytes:5
08:43:11.2 (47100345)|STATEMENT_EXECUTE|[1]
08:43:11.2 (47107113)|HEAP_ALLOCATE|[EXTERNAL]|Bytes:5
08:43:11.2 (47117423)|STATEMENT_EXECUTE|[6]
08:43:11.2 (47119668)|STATEMENT_EXECUTE|[8]
08:43:11.2 (47121533)|STATEMENT_EXECUTE|[10]
08:43:11.2 (47123292)|STATEMENT_EXECUTE|[12]
08:43:11.2 (47124832)|STATEMENT_EXECUTE|[14]
08:43:11.2 (47126428)|STATEMENT_EXECUTE|[16]
08:43:11.2 (47140242)|CONSTRUCTOR_EXIT|[107]|01pB0000000lc07|<init>()
08:43:11.2 (47151082)|VARIABLE_SCOPE_BEGIN|[107]|i|testautonumdata.ListServerController|true|false
08:43:11.2 (47184306)|VARIABLE_ASSIGNMENT|[107]|i|{}|0x2369cd03
08:43:11.2 (47188357)|STATEMENT_EXECUTE|[110]
08:43:11.2 (47207407)|ENTERING_MANAGED_PKG|
08:43:11.2 (47241712)|HEAP_ALLOCATE|[110]|Bytes:4
08:43:11.2 (47268905)|ENTERING_MANAGED_PKG|
08:43:11.2 (47275839)|HEAP_ALLOCATE|[110]|Bytes:18
08:43:11.2 (47318253)|VARIABLE_ASSIGNMENT|[EXTERNAL]|this|{}|0x2369cd03
08:43:11.2 (47326699)|VARIABLE_ASSIGNMENT|[EXTERNAL]|value|"001B00000066XxDIAU"
08:43:11.2 (47336865)|VARIABLE_ASSIGNMENT|[6]|this.recordID|"001B00000066XxDIAU"|0x2369cd03
08:43:11.2 (47345598)|STATEMENT_EXECUTE|[112]
08:43:11.2 (47347512)|STATEMENT_EXECUTE|[113]
08:43:11.2 (47355733)|METHOD_ENTRY|[113]|01pB0000000ljzx|testautonumdata.Sparkle_Helper.GetSobjectField(SObject, String)
08:43:11.2 (47363145)|VARIABLE_SCOPE_BEGIN|[78]|e|SObject|true|false
08:43:11.2 (47377555)|VARIABLE_ASSIGNMENT|[78]|e|{"s":1,"v":{"Id":"001B00000066XxDIAU","Name":"United Oil & Gas, UK"}}|0x3c04a4a6
08:43:11.2 (47381091)|VARIABLE_SCOPE_BEGIN|[78]|lcfield|String|false|false
08:43:11.2 (47385395)|VARIABLE_ASSIGNMENT|[78]|lcfield|"Id"
08:43:11.2 (47395598)|HEAP_ALLOCATE|[81]|Bytes:5
08:43:11.2 (47402420)|STATEMENT_EXECUTE|[79]
08:43:11.2 (47404354)|STATEMENT_EXECUTE|[81]
08:43:11.2 (47413332)|VARIABLE_SCOPE_BEGIN|[81]|returnValue|String|false|false
08:43:11.2 (47421779)|VARIABLE_ASSIGNMENT|[81]|returnValue|""
08:43:11.2 (47438641)|ENTERING_MANAGED_PKG|
08:43:11.2 (47452923)|STATEMENT_EXECUTE|[98]
08:43:11.2 (47470735)|ENTERING_MANAGED_PKG|
08:43:11.2 (47496624)|HEAP_ALLOCATE|[98]|Bytes:4
08:43:11.2 (47526353)|ENTERING_MANAGED_PKG|
08:43:11.2 (47532860)|HEAP_ALLOCATE|[98]|Bytes:18
08:43:11.2 (47554194)|VARIABLE_ASSIGNMENT|[98]|returnValue|"001B00000066XxDIAU"
08:43:11.2 (47558536)|STATEMENT_EXECUTE|[100]
08:43:11.2 (47570150)|METHOD_EXIT|[113]|01pB0000000ljzx|testautonumdata.Sparkle_Helper.GetSobjectField(SObject, String)
08:43:11.2 (47618565)|VARIABLE_ASSIGNMENT|[EXTERNAL]|this|{"recordID":"001B00000066XxDIAU"}|0x2369cd03
08:43:11.2 (47626499)|VARIABLE_ASSIGNMENT|[EXTERNAL]|value|"001B00000066XxDIAU"
08:43:11.2 (47642547)|VARIABLE_ASSIGNMENT|[8]|this.eventField|"001B00000066XxDIAU"|0x2369cd03
08:43:11.2 (47651997)|STATEMENT_EXECUTE|[116]
08:43:11.2 (47654019)|STATEMENT_EXECUTE|[117]
08:43:11.2 (47662910)|METHOD_ENTRY|[117]|01pB0000000ljzx|testautonumdata.Sparkle_Helper.GetSobjectField(SObject, String)
08:43:11.2 (47670529)|VARIABLE_SCOPE_BEGIN|[78]|e|SObject|true|false
08:43:11.2 (47685181)|VARIABLE_ASSIGNMENT|[78]|e|{"s":1,"v":{"Id":"001B00000066XxDIAU","Name":"United Oil & Gas, UK"}}|0x3c04a4a6
08:43:11.2 (47689377)|VARIABLE_SCOPE_BEGIN|[78]|lcfield|String|false|false
08:43:11.2 (47694091)|VARIABLE_ASSIGNMENT|[78]|lcfield|"Name"
08:43:11.2 (47709449)|HEAP_ALLOCATE|[81]|Bytes:5
08:43:11.2 (47716509)|STATEMENT_EXECUTE|[79]
08:43:11.2 (47718486)|STATEMENT_EXECUTE|[81]
08:43:11.2 (47728092)|VARIABLE_SCOPE_BEGIN|[81]|returnValue|String|false|false
08:43:11.2 (47736849)|VARIABLE_ASSIGNMENT|[81]|returnValue|""
08:43:11.2 (47759723)|ENTERING_MANAGED_PKG|
08:43:11.2 (47775323)|STATEMENT_EXECUTE|[98]
08:43:11.2 (47789072)|ENTERING_MANAGED_PKG|
08:43:11.2 (47814679)|HEAP_ALLOCATE|[98]|Bytes:20
08:43:11.2 (47839412)|ENTERING_MANAGED_PKG|
08:43:11.2 (47845601)|HEAP_ALLOCATE|[98]|Bytes:20
08:43:11.2 (47865862)|VARIABLE_ASSIGNMENT|[98]|returnValue|"United Oil & Gas, UK"
08:43:11.2 (47870159)|STATEMENT_EXECUTE|[100]
08:43:11.2 (47881392)|METHOD_EXIT|[117]|01pB0000000ljzx|testautonumdata.Sparkle_Helper.GetSobjectField(SObject, String)
08:43:11.2 (47921392)|VARIABLE_ASSIGNMENT|[EXTERNAL]|this|{"eventField":"001B00000066XxDIAU","recordID":"001B00000066XxDIAU"}|0x2369cd03
08:43:11.2 (47929248)|VARIABLE_ASSIGNMENT|[EXTERNAL]|value|"United Oil & Gas, UK"
08:43:11.2 (47938565)|VARIABLE_ASSIGNMENT|[10]|this.column1|"United Oil & Gas, UK"|0x2369cd03
08:43:11.2 (47947246)|STATEMENT_EXECUTE|[119]
08:43:11.2 (47949972)|STATEMENT_EXECUTE|[124]
08:43:11.2 (47951848)|STATEMENT_EXECUTE|[129]
08:43:11.2 (47953526)|STATEMENT_EXECUTE|[135]
08:43:11.2 (47961672)|ENTERING_MANAGED_PKG|
08:43:11.2 (47972125)|HEAP_ALLOCATE|[EXTERNAL]|Bytes:4
08:43:11.2 (47982003)|STATEMENT_EXECUTE|[137]
08:43:11.2 (48008324)|ENTERING_MANAGED_PKG|
08:43:11.2 (48063470)|HEAP_ALLOCATE|[137]|Bytes:192
08:43:11.2 (48090034)|HEAP_ALLOCATE|[137]|Bytes:204
08:43:11.2 (48105992)|ENTERING_MANAGED_PKG|
08:43:11.2 (48120316)|USER_DEBUG|[137]|DEBUG|######## i: ListServerController:[column1=United Oil & Gas, UK, column2=null, column3=null, column4=null, eventField=001B00000066XxDIAU, mapObjectsFields={Account={Id, Name}}, recordID=001B00000066XxDIAU]
08:43:11.2 (48143478)|HEAP_ALLOCATE|[104]|Bytes:5
08:43:11.2 (48181891)|HEAP_ALLOCATE|[104]|Bytes:12
08:43:11.2 (48208605)|VARIABLE_SCOPE_BEGIN|[104]|e|SObject|true|false
08:43:11.2 (48229843)|VARIABLE_ASSIGNMENT|[104]|e|{"s":1,"v":{"Id":"001B00000066XxEIAU","Name":"United Oil & Gas, Si (7 more) ..."}}|0x32d31f79
08:43:11.2 (48239571)|STATEMENT_EXECUTE|[105]
08:43:11.2 (48241439)|STATEMENT_EXECUTE|[106]
08:43:11.2 (48261120)|ENTERING_MANAGED_PKG|
08:43:11.2 (48306782)|HEAP_ALLOCATE|[106]|Bytes:65
08:43:11.2 (48333925)|HEAP_ALLOCATE|[106]|Bytes:77
08:43:11.2 (48349008)|ENTERING_MANAGED_PKG|
08:43:11.2 (48358551)|USER_DEBUG|[106]|DEBUG|######## e: Account:{Id=001B00000066XxEIAU, Name=United Oil & Gas, Singapore}
08:43:11.2 (48369480)|STATEMENT_EXECUTE|[107]
08:43:11.2 (48378307)|HEAP_ALLOCATE|[107]|Bytes:28
08:43:11.2 (48394488)|CONSTRUCTOR_ENTRY|[107]|01pB0000000lc07|<init>()
08:43:11.2 (48402318)|VARIABLE_SCOPE_BEGIN|[1]|this|testautonumdata.ListServerController|true|false
08:43:11.2 (48435305)|VARIABLE_ASSIGNMENT|[1]|this|{}|0xc0260bd
08:43:11.2 (48448852)|HEAP_ALLOCATE|[EXTERNAL]|Bytes:5
08:43:11.2 (48476644)|STATEMENT_EXECUTE|[1]
08:43:11.2 (48485923)|HEAP_ALLOCATE|[EXTERNAL]|Bytes:5
08:43:11.2 (48493134)|STATEMENT_EXECUTE|[6]
08:43:11.2 (48495737)|STATEMENT_EXECUTE|[8]
08:43:11.2 (48497282)|STATEMENT_EXECUTE|[10]
08:43:11.2 (48498740)|STATEMENT_EXECUTE|[12]
08:43:11.2 (48500188)|STATEMENT_EXECUTE|[14]
08:43:11.2 (48501937)|STATEMENT_EXECUTE|[16]
08:43:11.2 (48518097)|CONSTRUCTOR_EXIT|[107]|01pB0000000lc07|<init>()
08:43:11.2 (48536624)|VARIABLE_SCOPE_BEGIN|[107]|i|testautonumdata.ListServerController|true|false
08:43:11.2 (48568295)|VARIABLE_ASSIGNMENT|[107]|i|{}|0xc0260bd
08:43:11.2 (48573469)|STATEMENT_EXECUTE|[110]
08:43:11.2 (48600733)|ENTERING_MANAGED_PKG|
08:43:11.2 (48635732)|HEAP_ALLOCATE|[110]|Bytes:4
08:43:11.2 (48674799)|ENTERING_MANAGED_PKG|
08:43:11.2 (48683618)|HEAP_ALLOCATE|[110]|Bytes:18
08:43:11.2 (48752145)|VARIABLE_ASSIGNMENT|[EXTERNAL]|this|{}|0xc0260bd
08:43:11.2 (48763935)|VARIABLE_ASSIGNMENT|[EXTERNAL]|value|"001B00000066XxEIAU"
08:43:11.2 (48783432)|VARIABLE_ASSIGNMENT|[6]|this.recordID|"001B00000066XxEIAU"|0xc0260bd
08:43:11.2 (48796130)|STATEMENT_EXECUTE|[112]
08:43:11.2 (48798640)|STATEMENT_EXECUTE|[113]
08:43:11.2 (48808175)|METHOD_ENTRY|[113]|01pB0000000ljzx|testautonumdata.Sparkle_Helper.GetSobjectField(SObject, String)
08:43:11.2 (48822861)|VARIABLE_SCOPE_BEGIN|[78]|e|SObject|true|false
08:43:11.2 (48841987)|VARIABLE_ASSIGNMENT|[78]|e|{"s":1,"v":{"Id":"001B00000066XxEIAU","Name":"United Oil & Gas, Si (7 more) ..."}}|0x32d31f79
08:43:11.2 (48846865)|VARIABLE_SCOPE_BEGIN|[78]|lcfield|String|false|false
08:43:11.2 (48852500)|VARIABLE_ASSIGNMENT|[78]|lcfield|"Id"
08:43:11.2 (48865204)|HEAP_ALLOCATE|[81]|Bytes:5
08:43:11.2 (48873878)|STATEMENT_EXECUTE|[79]
08:43:11.2 (48875884)|STATEMENT_EXECUTE|[81]
08:43:11.2 (48886492)|VARIABLE_SCOPE_BEGIN|[81]|returnValue|String|false|false
08:43:11.2 (48897061)|VARIABLE_ASSIGNMENT|[81]|returnValue|""
08:43:11.2 (48917961)|ENTERING_MANAGED_PKG|
08:43:11.2 (48938479)|STATEMENT_EXECUTE|[98]
08:43:11.2 (48972827)|ENTERING_MANAGED_PKG|
08:43:11.2 (49001562)|HEAP_ALLOCATE|[98]|Bytes:4
08:43:11.2 (49022230)|ENTERING_MANAGED_PKG|
08:43:11.2 (49026657)|HEAP_ALLOCATE|[98]|Bytes:18
08:43:11.2 (49041463)|VARIABLE_ASSIGNMENT|[98]|returnValue|"001B00000066XxEIAU"
08:43:11.2 (49044764)|STATEMENT_EXECUTE|[100]
08:43:11.2 (49053068)|METHOD_EXIT|[113]|01pB0000000ljzx|testautonumdata.Sparkle_Helper.GetSobjectField(SObject, String)
08:43:11.2 (49086968)|VARIABLE_ASSIGNMENT|[EXTERNAL]|this|{"recordID":"001B00000066XxEIAU"}|0xc0260bd
08:43:11.2 (49093138)|VARIABLE_ASSIGNMENT|[EXTERNAL]|value|"001B00000066XxEIAU"
08:43:11.2 (49102434)|VARIABLE_ASSIGNMENT|[8]|this.eventField|"001B00000066XxEIAU"|0xc0260bd
08:43:11.2 (49109638)|STATEMENT_EXECUTE|[116]
08:43:11.2 (49111029)|STATEMENT_EXECUTE|[117]
08:43:11.2 (49117364)|METHOD_ENTRY|[117]|01pB0000000ljzx|testautonumdata.Sparkle_Helper.GetSobjectField(SObject, String)
08:43:11.2 (49122436)|VARIABLE_SCOPE_BEGIN|[78]|e|SObject|true|false
08:43:11.2 (49139949)|VARIABLE_ASSIGNMENT|[78]|e|{"s":1,"v":{"Id":"001B00000066XxEIAU","Name":"United Oil & Gas, Si (7 more) ..."}}|0x32d31f79
08:43:11.2 (49142473)|VARIABLE_SCOPE_BEGIN|[78]|lcfield|String|false|false
08:43:11.2 (49145909)|VARIABLE_ASSIGNMENT|[78]|lcfield|"Name"
08:43:11.2 (49155964)|HEAP_ALLOCATE|[81]|Bytes:5
08:43:11.2 (49161271)|STATEMENT_EXECUTE|[79]
08:43:11.2 (49162444)|STATEMENT_EXECUTE|[81]
08:43:11.2 (49178948)|VARIABLE_SCOPE_BEGIN|[81]|returnValue|String|false|false
08:43:11.2 (49186310)|VARIABLE_ASSIGNMENT|[81]|returnValue|""
08:43:11.2 (49204957)|ENTERING_MANAGED_PKG|
08:43:11.2 (49220290)|STATEMENT_EXECUTE|[98]
08:43:11.2 (49229510)|ENTERING_MANAGED_PKG|
08:43:11.2 (49255051)|HEAP_ALLOCATE|[98]|Bytes:27
08:43:11.2 (49275759)|ENTERING_MANAGED_PKG|
08:43:11.2 (49280204)|HEAP_ALLOCATE|[98]|Bytes:27
08:43:11.2 (49295316)|VARIABLE_ASSIGNMENT|[98]|returnValue|"United Oil & Gas, Si (7 more) ..."
08:43:11.2 (49298492)|STATEMENT_EXECUTE|[100]
08:43:11.2 (49306508)|METHOD_EXIT|[117]|01pB0000000ljzx|testautonumdata.Sparkle_Helper.GetSobjectField(SObject, String)
08:43:11.2 (49343946)|VARIABLE_ASSIGNMENT|[EXTERNAL]|this|{"eventField":"001B00000066XxEIAU","recordID":"001B00000066XxEIAU"}|0xc0260bd
08:43:11.2 (49350731)|VARIABLE_ASSIGNMENT|[EXTERNAL]|value|"United Oil & Gas, Si (7 more) ..."
08:43:11.2 (49357978)|VARIABLE_ASSIGNMENT|[10]|this.column1|"United Oil & Gas, Si (7 more) ..."|0xc0260bd
08:43:11.2 (49369313)|STATEMENT_EXECUTE|[119]
08:43:11.2 (49371138)|STATEMENT_EXECUTE|[124]
08:43:11.2 (49372234)|STATEMENT_EXECUTE|[129]
08:43:11.2 (49373162)|STATEMENT_EXECUTE|[135]
08:43:11.2 (49379997)|ENTERING_MANAGED_PKG|
08:43:11.2 (49390046)|HEAP_ALLOCATE|[EXTERNAL]|Bytes:4
08:43:11.2 (49402480)|STATEMENT_EXECUTE|[137]
08:43:11.2 (49422439)|ENTERING_MANAGED_PKG|
08:43:11.2 (49462579)|HEAP_ALLOCATE|[137]|Bytes:199
08:43:11.2 (49480129)|HEAP_ALLOCATE|[137]|Bytes:211
08:43:11.2 (49488726)|ENTERING_MANAGED_PKG|
08:43:11.2 (49495412)|USER_DEBUG|[137]|DEBUG|######## i: ListServerController:[column1=United Oil & Gas, Singapore, column2=null, column3=null, column4=null, eventField=001B00000066XxEIAU, mapObjectsFields={Account={Id, Name}}, recordID=001B00000066XxEIAU]
08:43:11.2 (49511232)|HEAP_ALLOCATE|[104]|Bytes:5
08:43:11.2 (49537486)|HEAP_ALLOCATE|[104]|Bytes:12
08:43:11.2 (49556729)|VARIABLE_SCOPE_BEGIN|[104]|e|SObject|true|false
08:43:11.2 (49571257)|VARIABLE_ASSIGNMENT|[104]|e|{"s":1,"v":{"Id":"001B00000066Xx5IAE","Name":"Edge Communications"}}|0x7a6bd7cc
08:43:11.2 (49574658)|STATEMENT_EXECUTE|[105]
08:43:11.2 (49575679)|STATEMENT_EXECUTE|[106]
08:43:11.2 (49589780)|ENTERING_MANAGED_PKG|
08:43:11.2 (49622798)|HEAP_ALLOCATE|[106]|Bytes:57
08:43:11.2 (49642441)|HEAP_ALLOCATE|[106]|Bytes:69
08:43:11.2 (49651205)|ENTERING_MANAGED_PKG|
08:43:11.2 (49657516)|USER_DEBUG|[106]|DEBUG|######## e: Account:{Id=001B00000066Xx5IAE, Name=Edge Communications}
08:43:11.2 (49668086)|STATEMENT_EXECUTE|[107]
08:43:11.2 (49673839)|HEAP_ALLOCATE|[107]|Bytes:28
08:43:11.2 (49686081)|CONSTRUCTOR_ENTRY|[107]|01pB0000000lc07|<init>()
08:43:11.2 (49692092)|VARIABLE_SCOPE_BEGIN|[1]|this|testautonumdata.ListServerController|true|false
08:43:11.2 (49713743)|VARIABLE_ASSIGNMENT|[1]|this|{}|0x5fb6e33a
08:43:11.2 (49722058)|HEAP_ALLOCATE|[EXTERNAL]|Bytes:5
08:43:11.2 (49742777)|STATEMENT_EXECUTE|[1]
08:43:11.2 (49747918)|HEAP_ALLOCATE|[EXTERNAL]|Bytes:5
08:43:11.2 (49752880)|STATEMENT_EXECUTE|[6]
08:43:11.2 (49754405)|STATEMENT_EXECUTE|[8]
08:43:11.2 (49755289)|STATEMENT_EXECUTE|[10]
08:43:11.2 (49756292)|STATEMENT_EXECUTE|[12]
08:43:11.2 (49757146)|STATEMENT_EXECUTE|[14]
08:43:11.2 (49758001)|STATEMENT_EXECUTE|[16]
08:43:11.2 (49768203)|CONSTRUCTOR_EXIT|[107]|01pB0000000lc07|<init>()
08:43:11.2 (49775799)|VARIABLE_SCOPE_BEGIN|[107]|i|testautonumdata.ListServerController|true|false
08:43:11.2 (49800767)|VARIABLE_ASSIGNMENT|[107]|i|{}|0x5fb6e33a
08:43:11.2 (49804948)|STATEMENT_EXECUTE|[110]
08:43:11.2 (49819852)|ENTERING_MANAGED_PKG|
08:43:11.2 (49847911)|HEAP_ALLOCATE|[110]|Bytes:4
08:43:11.2 (49867481)|ENTERING_MANAGED_PKG|
08:43:11.2 (49873577)|HEAP_ALLOCATE|[110]|Bytes:18
08:43:11.2 (49909281)|VARIABLE_ASSIGNMENT|[EXTERNAL]|this|{}|0x5fb6e33a
08:43:11.2 (49916225)|VARIABLE_ASSIGNMENT|[EXTERNAL]|value|"001B00000066Xx5IAE"
08:43:11.2 (49925115)|VARIABLE_ASSIGNMENT|[6]|this.recordID|"001B00000066Xx5IAE"|0x5fb6e33a
08:43:11.2 (49932248)|STATEMENT_EXECUTE|[112]
08:43:11.2 (49933393)|STATEMENT_EXECUTE|[113]
08:43:11.2 (49939956)|METHOD_ENTRY|[113]|01pB0000000ljzx|testautonumdata.Sparkle_Helper.GetSobjectField(SObject, String)
08:43:11.2 (49945246)|VARIABLE_SCOPE_BEGIN|[78]|e|SObject|true|false
08:43:11.2 (49955668)|VARIABLE_ASSIGNMENT|[78]|e|{"s":1,"v":{"Id":"001B00000066Xx5IAE","Name":"Edge Communications"}}|0x7a6bd7cc
08:43:11.2 (49958391)|VARIABLE_SCOPE_BEGIN|[78]|lcfield|String|false|false
08:43:11.2 (49961136)|VARIABLE_ASSIGNMENT|[78]|lcfield|"Id"
08:43:11.2 (49969450)|HEAP_ALLOCATE|[81]|Bytes:5
08:43:11.2 (49974194)|STATEMENT_EXECUTE|[79]
08:43:11.2 (49975309)|STATEMENT_EXECUTE|[81]
08:43:11.2 (49982059)|VARIABLE_SCOPE_BEGIN|[81]|returnValue|String|false|false
08:43:11.2 (49987608)|VARIABLE_ASSIGNMENT|[81]|returnValue|""
08:43:11.2 (50005635)|ENTERING_MANAGED_PKG|
08:43:11.2 (50017713)|STATEMENT_EXECUTE|[98]
08:43:11.2 (50025934)|ENTERING_MANAGED_PKG|
08:43:11.2 (50046223)|HEAP_ALLOCATE|[98]|Bytes:4
08:43:11.2 (50062952)|ENTERING_MANAGED_PKG|
08:43:11.2 (50067141)|HEAP_ALLOCATE|[98]|Bytes:18
08:43:11.2 (50080479)|VARIABLE_ASSIGNMENT|[98]|returnValue|"001B00000066Xx5IAE"
08:43:11.2 (50083508)|STATEMENT_EXECUTE|[100]
08:43:11.2 (50091295)|METHOD_EXIT|[113]|01pB0000000ljzx|testautonumdata.Sparkle_Helper.GetSobjectField(SObject, String)
08:43:11.2 (50118635)|VARIABLE_ASSIGNMENT|[EXTERNAL]|this|{"recordID":"001B00000066Xx5IAE"}|0x5fb6e33a
08:43:11.2 (50123600)|VARIABLE_ASSIGNMENT|[EXTERNAL]|value|"001B00000066Xx5IAE"
08:43:11.2 (50129512)|VARIABLE_ASSIGNMENT|[8]|this.eventField|"001B00000066Xx5IAE"|0x5fb6e33a
08:43:11.2 (50135495)|STATEMENT_EXECUTE|[116]
08:43:11.2 (50136649)|STATEMENT_EXECUTE|[117]
08:43:11.2 (50142354)|METHOD_ENTRY|[117]|01pB0000000ljzx|testautonumdata.Sparkle_Helper.GetSobjectField(SObject, String)
08:43:11.2 (50146978)|VARIABLE_SCOPE_BEGIN|[78]|e|SObject|true|false
08:43:11.2 (50157070)|VARIABLE_ASSIGNMENT|[78]|e|{"s":1,"v":{"Id":"001B00000066Xx5IAE","Name":"Edge Communications"}}|0x7a6bd7cc
08:43:11.2 (50159654)|VARIABLE_SCOPE_BEGIN|[78]|lcfield|String|false|false
08:43:11.2 (50162242)|VARIABLE_ASSIGNMENT|[78]|lcfield|"Name"
08:43:11.2 (50169828)|HEAP_ALLOCATE|[81]|Bytes:5
08:43:11.2 (50174420)|STATEMENT_EXECUTE|[79]
08:43:11.2 (50175511)|STATEMENT_EXECUTE|[81]
08:43:11.2 (50187864)|VARIABLE_SCOPE_BEGIN|[81]|returnValue|String|false|false
08:43:11.2 (50193745)|VARIABLE_ASSIGNMENT|[81]|returnValue|""
08:43:11.2 (50208737)|ENTERING_MANAGED_PKG|
08:43:11.2 (50223558)|STATEMENT_EXECUTE|[98]
08:43:11.2 (50232602)|ENTERING_MANAGED_PKG|
08:43:11.2 (50258143)|HEAP_ALLOCATE|[98]|Bytes:19
08:43:11.2 (50277505)|ENTERING_MANAGED_PKG|
08:43:11.2 (50281877)|HEAP_ALLOCATE|[98]|Bytes:19
08:43:11.2 (50295336)|VARIABLE_ASSIGNMENT|[98]|returnValue|"Edge Communications"
08:43:11.2 (50298666)|STATEMENT_EXECUTE|[100]
08:43:11.2 (50311030)|METHOD_EXIT|[117]|01pB0000000ljzx|testautonumdata.Sparkle_Helper.GetSobjectField(SObject, String)
08:43:11.2 (50341556)|VARIABLE_ASSIGNMENT|[EXTERNAL]|this|{"eventField":"001B00000066Xx5IAE","recordID":"001B00000066Xx5IAE"}|0x5fb6e33a
08:43:11.2 (50347431)|VARIABLE_ASSIGNMENT|[EXTERNAL]|value|"Edge Communications"
08:43:11.2 (50354556)|VARIABLE_ASSIGNMENT|[10]|this.column1|"Edge Communications"|0x5fb6e33a
08:43:11.2 (50366470)|STATEMENT_EXECUTE|[119]
08:43:11.2 (50368318)|STATEMENT_EXECUTE|[124]
08:43:11.2 (50369696)|STATEMENT_EXECUTE|[129]
08:43:11.2 (50370587)|STATEMENT_EXECUTE|[135]
08:43:11.2 (50376744)|ENTERING_MANAGED_PKG|
08:43:11.2 (50387108)|HEAP_ALLOCATE|[EXTERNAL]|Bytes:4
08:43:11.2 (50394883)|STATEMENT_EXECUTE|[137]
08:43:11.2 (50407402)|ENTERING_MANAGED_PKG|
08:43:11.2 (50446485)|HEAP_ALLOCATE|[137]|Bytes:191
08:43:11.2 (50465230)|HEAP_ALLOCATE|[137]|Bytes:203
08:43:11.2 (50473946)|ENTERING_MANAGED_PKG|
08:43:11.2 (50485461)|USER_DEBUG|[137]|DEBUG|######## i: ListServerController:[column1=Edge Communications, column2=null, column3=null, column4=null, eventField=001B00000066Xx5IAE, mapObjectsFields={Account={Id, Name}}, recordID=001B00000066Xx5IAE]
08:43:11.2 (50502989)|HEAP_ALLOCATE|[104]|Bytes:5
08:43:11.2 (50529649)|HEAP_ALLOCATE|[104]|Bytes:12
08:43:11.2 (50548372)|VARIABLE_SCOPE_BEGIN|[104]|e|SObject|true|false
08:43:11.2 (50563243)|VARIABLE_ASSIGNMENT|[104]|e|{"s":1,"v":{"Id":"001B00000066Xx6IAE","Name":"Burlington Textiles  (15 more) ..."}}|0x67e4a6c5
08:43:11.2 (50566620)|STATEMENT_EXECUTE|[105]
08:43:11.2 (50567684)|STATEMENT_EXECUTE|[106]
08:43:11.2 (50581109)|ENTERING_MANAGED_PKG|
08:43:11.2 (50608650)|HEAP_ALLOCATE|[106]|Bytes:73
08:43:11.2 (50624309)|HEAP_ALLOCATE|[106]|Bytes:85
08:43:11.2 (50632273)|ENTERING_MANAGED_PKG|
08:43:11.2 (50638293)|USER_DEBUG|[106]|DEBUG|######## e: Account:{Id=001B00000066Xx6IAE, Name=Burlington Textiles Corp of America}
08:43:11.2 (50644416)|STATEMENT_EXECUTE|[107]
08:43:11.2 (50649831)|HEAP_ALLOCATE|[107]|Bytes:28
08:43:11.2 (50660024)|CONSTRUCTOR_ENTRY|[107]|01pB0000000lc07|<init>()
08:43:11.2 (50664643)|VARIABLE_SCOPE_BEGIN|[1]|this|testautonumdata.ListServerController|true|false
08:43:11.2 (50685531)|VARIABLE_ASSIGNMENT|[1]|this|{}|0xf7cc2b9
08:43:11.2 (50693883)|HEAP_ALLOCATE|[EXTERNAL]|Bytes:5
08:43:11.2 (50710048)|STATEMENT_EXECUTE|[1]
08:43:11.2 (50714886)|HEAP_ALLOCATE|[EXTERNAL]|Bytes:5
08:43:11.2 (50722751)|STATEMENT_EXECUTE|[6]
08:43:11.2 (50724164)|STATEMENT_EXECUTE|[8]
08:43:11.2 (50725277)|STATEMENT_EXECUTE|[10]
08:43:11.2 (50726202)|STATEMENT_EXECUTE|[12]
08:43:11.2 (50727126)|STATEMENT_EXECUTE|[14]
08:43:11.2 (50727988)|STATEMENT_EXECUTE|[16]
08:43:11.2 (50738017)|CONSTRUCTOR_EXIT|[107]|01pB0000000lc07|<init>()
08:43:11.2 (50747393)|VARIABLE_SCOPE_BEGIN|[107]|i|testautonumdata.ListServerController|true|false
08:43:11.2 (50767727)|VARIABLE_ASSIGNMENT|[107]|i|{}|0xf7cc2b9
08:43:11.2 (50774713)|STATEMENT_EXECUTE|[110]
08:43:11.2 (50789479)|ENTERING_MANAGED_PKG|
08:43:11.2 (50823449)|HEAP_ALLOCATE|[110]|Bytes:4
08:43:11.2 (50858154)|ENTERING_MANAGED_PKG|
08:43:11.2 (50865568)|HEAP_ALLOCATE|[110]|Bytes:18
08:43:11.2 (50907884)|VARIABLE_ASSIGNMENT|[EXTERNAL]|this|{}|0xf7cc2b9
08:43:11.2 (50916778)|VARIABLE_ASSIGNMENT|[EXTERNAL]|value|"001B00000066Xx6IAE"
08:43:11.2 (50924968)|VARIABLE_ASSIGNMENT|[6]|this.recordID|"001B00000066Xx6IAE"|0xf7cc2b9
08:43:11.2 (50931697)|STATEMENT_EXECUTE|[112]
08:43:11.2 (50933085)|STATEMENT_EXECUTE|[113]
08:43:11.2 (50939341)|METHOD_ENTRY|[113]|01pB0000000ljzx|testautonumdata.Sparkle_Helper.GetSobjectField(SObject, String)
08:43:11.2 (50944220)|VARIABLE_SCOPE_BEGIN|[78]|e|SObject|true|false
08:43:11.2 (50959757)|VARIABLE_ASSIGNMENT|[78]|e|{"s":1,"v":{"Id":"001B00000066Xx6IAE","Name":"Burlington Textiles  (15 more) ..."}}|0x67e4a6c5
08:43:11.2 (50962217)|VARIABLE_SCOPE_BEGIN|[78]|lcfield|String|false|false
08:43:11.2 (50965328)|VARIABLE_ASSIGNMENT|[78]|lcfield|"Id"
08:43:11.2 (50973450)|HEAP_ALLOCATE|[81]|Bytes:5
08:43:11.2 (50979857)|STATEMENT_EXECUTE|[79]
08:43:11.2 (50982084)|STATEMENT_EXECUTE|[81]
08:43:11.2 (50989606)|VARIABLE_SCOPE_BEGIN|[81]|returnValue|String|false|false
08:43:11.2 (51000299)|VARIABLE_ASSIGNMENT|[81]|returnValue|""
08:43:11.2 (51018732)|ENTERING_MANAGED_PKG|
08:43:11.2 (51030587)|STATEMENT_EXECUTE|[98]
08:43:11.2 (51041133)|ENTERING_MANAGED_PKG|
08:43:11.2 (51062126)|HEAP_ALLOCATE|[98]|Bytes:4
08:43:11.2 (51078902)|ENTERING_MANAGED_PKG|
08:43:11.2 (51083569)|HEAP_ALLOCATE|[98]|Bytes:18
08:43:11.2 (51097116)|VARIABLE_ASSIGNMENT|[98]|returnValue|"001B00000066Xx6IAE"
08:43:11.2 (51100157)|STATEMENT_EXECUTE|[100]
08:43:11.2 (51107847)|METHOD_EXIT|[113]|01pB0000000ljzx|testautonumdata.Sparkle_Helper.GetSobjectField(SObject, String)
08:43:11.2 (51135258)|VARIABLE_ASSIGNMENT|[EXTERNAL]|this|{"recordID":"001B00000066Xx6IAE"}|0xf7cc2b9
08:43:11.2 (51140361)|VARIABLE_ASSIGNMENT|[EXTERNAL]|value|"001B00000066Xx6IAE"
08:43:11.2 (51146645)|VARIABLE_ASSIGNMENT|[8]|this.eventField|"001B00000066Xx6IAE"|0xf7cc2b9
08:43:11.2 (51152730)|STATEMENT_EXECUTE|[116]
08:43:11.2 (51153893)|STATEMENT_EXECUTE|[117]
08:43:11.2 (51159262)|METHOD_ENTRY|[117]|01pB0000000ljzx|testautonumdata.Sparkle_Helper.GetSobjectField(SObject, String)
08:43:11.2 (51164091)|VARIABLE_SCOPE_BEGIN|[78]|e|SObject|true|false
08:43:11.2 (51175638)|VARIABLE_ASSIGNMENT|[78]|e|{"s":1,"v":{"Id":"001B00000066Xx6IAE","Name":"Burlington Textiles  (15 more) ..."}}|0x67e4a6c5
08:43:11.2 (51178216)|VARIABLE_SCOPE_BEGIN|[78]|lcfield|String|false|false
08:43:11.2 (51180892)|VARIABLE_ASSIGNMENT|[78]|lcfield|"Name"
08:43:11.2 (51188405)|HEAP_ALLOCATE|[81]|Bytes:5
08:43:11.2 (51192884)|STATEMENT_EXECUTE|[79]
08:43:11.2 (51193966)|STATEMENT_EXECUTE|[81]
08:43:11.2 (51200723)|VARIABLE_SCOPE_BEGIN|[81]|returnValue|String|false|false
08:43:11.2 (51207643)|VARIABLE_ASSIGNMENT|[81]|returnValue|""
08:43:11.2 (51222192)|ENTERING_MANAGED_PKG|
08:43:11.2 (51232525)|STATEMENT_EXECUTE|[98]
08:43:11.2 (51240253)|ENTERING_MANAGED_PKG|
08:43:11.2 (51264909)|HEAP_ALLOCATE|[98]|Bytes:35
08:43:11.2 (51285350)|ENTERING_MANAGED_PKG|
08:43:11.2 (51289611)|HEAP_ALLOCATE|[98]|Bytes:35
08:43:11.2 (51305086)|VARIABLE_ASSIGNMENT|[98]|returnValue|"Burlington Textiles  (15 more) ..."
08:43:11.2 (51312509)|STATEMENT_EXECUTE|[100]
08:43:11.2 (51320739)|METHOD_EXIT|[117]|01pB0000000ljzx|testautonumdata.Sparkle_Helper.GetSobjectField(SObject, String)
08:43:11.2 (51352077)|VARIABLE_ASSIGNMENT|[EXTERNAL]|this|{"eventField":"001B00000066Xx6IAE","recordID":"001B00000066Xx6IAE"}|0xf7cc2b9
08:43:11.2 (51358767)|VARIABLE_ASSIGNMENT|[EXTERNAL]|value|"Burlington Textiles  (15 more) ..."
08:43:11.2 (51365645)|VARIABLE_ASSIGNMENT|[10]|this.column1|"Burlington Textiles  (15 more) ..."|0xf7cc2b9
08:43:11.2 (51377287)|STATEMENT_EXECUTE|[119]
08:43:11.2 (51379485)|STATEMENT_EXECUTE|[124]
08:43:11.2 (51380527)|STATEMENT_EXECUTE|[129]
08:43:11.2 (51381785)|STATEMENT_EXECUTE|[135]
08:43:11.2 (51388095)|ENTERING_MANAGED_PKG|
08:43:11.2 (51398013)|HEAP_ALLOCATE|[EXTERNAL]|Bytes:4
08:43:11.2 (51405988)|STATEMENT_EXECUTE|[137]
08:43:11.2 (51418702)|ENTERING_MANAGED_PKG|
08:43:11.2 (51460599)|HEAP_ALLOCATE|[137]|Bytes:207
08:43:11.2 (51478335)|HEAP_ALLOCATE|[137]|Bytes:219
08:43:11.2 (51486814)|ENTERING_MANAGED_PKG|
08:43:11.2 (51497936)|USER_DEBUG|[137]|DEBUG|######## i: ListServerController:[column1=Burlington Textiles Corp of America, column2=null, column3=null, column4=null, eventField=001B00000066Xx6IAE, mapObjectsFields={Account={Id, Name}}, recordID=001B00000066Xx6IAE]
08:43:11.2 (51514341)|HEAP_ALLOCATE|[104]|Bytes:5
08:43:11.2 (51541930)|HEAP_ALLOCATE|[104]|Bytes:12
08:43:11.2 (51565481)|VARIABLE_SCOPE_BEGIN|[104]|e|SObject|true|false
08:43:11.2 (51582737)|VARIABLE_ASSIGNMENT|[104]|e|{"s":1,"v":{"Id":"001B00000066Xx7IAE","Name":"Pyramid Construction (5 more) ..."}}|0x7e5c1f0b
08:43:11.2 (51586623)|STATEMENT_EXECUTE|[105]
08:43:11.2 (51587880)|STATEMENT_EXECUTE|[106]
08:43:11.2 (51602053)|ENTERING_MANAGED_PKG|
08:43:11.2 (51629473)|HEAP_ALLOCATE|[106]|Bytes:63
08:43:11.2 (51644933)|HEAP_ALLOCATE|[106]|Bytes:75
08:43:11.2 (51652760)|ENTERING_MANAGED_PKG|
08:43:11.2 (51658816)|USER_DEBUG|[106]|DEBUG|######## e: Account:{Id=001B00000066Xx7IAE, Name=Pyramid Construction Inc.}
08:43:11.2 (51664804)|STATEMENT_EXECUTE|[107]
08:43:11.2 (51670456)|HEAP_ALLOCATE|[107]|Bytes:28
08:43:11.2 (51680554)|CONSTRUCTOR_ENTRY|[107]|01pB0000000lc07|<init>()
08:43:11.2 (51685104)|VARIABLE_SCOPE_BEGIN|[1]|this|testautonumdata.ListServerController|true|false
08:43:11.2 (51706107)|VARIABLE_ASSIGNMENT|[1]|this|{}|0x62100780
08:43:11.2 (51714355)|HEAP_ALLOCATE|[EXTERNAL]|Bytes:5
08:43:11.2 (51729687)|STATEMENT_EXECUTE|[1]
08:43:11.2 (51733988)|HEAP_ALLOCATE|[EXTERNAL]|Bytes:5
08:43:11.2 (51737086)|STATEMENT_EXECUTE|[6]
08:43:11.2 (51738385)|STATEMENT_EXECUTE|[8]
08:43:11.2 (51739270)|STATEMENT_EXECUTE|[10]
08:43:11.2 (51740144)|STATEMENT_EXECUTE|[12]
08:43:11.2 (51741071)|STATEMENT_EXECUTE|[14]
08:43:11.2 (51741922)|STATEMENT_EXECUTE|[16]
08:43:11.2 (51751400)|CONSTRUCTOR_EXIT|[107]|01pB0000000lc07|<init>()
08:43:11.2 (51758525)|VARIABLE_SCOPE_BEGIN|[107]|i|testautonumdata.ListServerController|true|false
08:43:11.2 (51777287)|VARIABLE_ASSIGNMENT|[107]|i|{}|0x62100780
08:43:11.2 (51779743)|STATEMENT_EXECUTE|[110]
08:43:11.2 (51798671)|ENTERING_MANAGED_PKG|
08:43:11.2 (51823367)|HEAP_ALLOCATE|[110]|Bytes:4
08:43:11.2 (51846089)|ENTERING_MANAGED_PKG|
08:43:11.2 (51850796)|HEAP_ALLOCATE|[110]|Bytes:18
08:43:11.2 (51882886)|VARIABLE_ASSIGNMENT|[EXTERNAL]|this|{}|0x62100780
08:43:11.2 (51889085)|VARIABLE_ASSIGNMENT|[EXTERNAL]|value|"001B00000066Xx7IAE"
08:43:11.2 (51895930)|VARIABLE_ASSIGNMENT|[6]|this.recordID|"001B00000066Xx7IAE"|0x62100780
08:43:11.2 (51902197)|STATEMENT_EXECUTE|[112]
08:43:11.2 (51903386)|STATEMENT_EXECUTE|[113]
08:43:11.2 (51913720)|METHOD_ENTRY|[113]|01pB0000000ljzx|testautonumdata.Sparkle_Helper.GetSobjectField(SObject, String)
08:43:11.2 (51918634)|VARIABLE_SCOPE_BEGIN|[78]|e|SObject|true|false
08:43:11.2 (51931800)|VARIABLE_ASSIGNMENT|[78]|e|{"s":1,"v":{"Id":"001B00000066Xx7IAE","Name":"Pyramid Construction (5 more) ..."}}|0x7e5c1f0b
08:43:11.2 (51934973)|VARIABLE_SCOPE_BEGIN|[78]|lcfield|String|false|false
08:43:11.2 (51938688)|VARIABLE_ASSIGNMENT|[78]|lcfield|"Id"
08:43:11.2 (51946769)|HEAP_ALLOCATE|[81]|Bytes:5
08:43:11.2 (51951839)|STATEMENT_EXECUTE|[79]
08:43:11.2 (51952913)|STATEMENT_EXECUTE|[81]
08:43:11.2 (51964533)|VARIABLE_SCOPE_BEGIN|[81]|returnValue|String|false|false
08:43:11.2 (51970200)|VARIABLE_ASSIGNMENT|[81]|returnValue|""
08:43:11.2 (51984352)|ENTERING_MANAGED_PKG|
08:43:11.2 (52001324)|STATEMENT_EXECUTE|[98]
08:43:11.2 (52011528)|ENTERING_MANAGED_PKG|
08:43:11.2 (52035765)|HEAP_ALLOCATE|[98]|Bytes:4
08:43:11.2 (52055636)|ENTERING_MANAGED_PKG|
08:43:11.2 (52060246)|HEAP_ALLOCATE|[98]|Bytes:18
08:43:11.2 (52074265)|VARIABLE_ASSIGNMENT|[98]|returnValue|"001B00000066Xx7IAE"
08:43:11.2 (52081968)|STATEMENT_EXECUTE|[100]
08:43:11.2 (52090157)|METHOD_EXIT|[113]|01pB0000000ljzx|testautonumdata.Sparkle_Helper.GetSobjectField(SObject, String)
08:43:11.2 (52120176)|VARIABLE_ASSIGNMENT|[EXTERNAL]|this|{"recordID":"001B00000066Xx7IAE"}|0x62100780
08:43:11.2 (52125494)|VARIABLE_ASSIGNMENT|[EXTERNAL]|value|"001B00000066Xx7IAE"
08:43:11.2 (52131755)|VARIABLE_ASSIGNMENT|[8]|this.eventField|"001B00000066Xx7IAE"|0x62100780
08:43:11.2 (52138470)|STATEMENT_EXECUTE|[116]
08:43:11.2 (52139692)|STATEMENT_EXECUTE|[117]
08:43:11.2 (52145357)|METHOD_ENTRY|[117]|01pB0000000ljzx|testautonumdata.Sparkle_Helper.GetSobjectField(SObject, String)
08:43:11.2 (52149753)|VARIABLE_SCOPE_BEGIN|[78]|e|SObject|true|false
08:43:11.2 (52160763)|VARIABLE_ASSIGNMENT|[78]|e|{"s":1,"v":{"Id":"001B00000066Xx7IAE","Name":"Pyramid Construction (5 more) ..."}}|0x7e5c1f0b
08:43:11.2 (52163285)|VARIABLE_SCOPE_BEGIN|[78]|lcfield|String|false|false
08:43:11.2 (52165882)|VARIABLE_ASSIGNMENT|[78]|lcfield|"Name"
08:43:11.2 (52173480)|HEAP_ALLOCATE|[81]|Bytes:5
08:43:11.2 (52177967)|STATEMENT_EXECUTE|[79]
08:43:11.2 (52179053)|STATEMENT_EXECUTE|[81]
08:43:11.2 (52185673)|VARIABLE_SCOPE_BEGIN|[81]|returnValue|String|false|false
08:43:11.2 (52190991)|VARIABLE_ASSIGNMENT|[81]|returnValue|""
08:43:11.2 (52204257)|ENTERING_MANAGED_PKG|
08:43:11.2 (52217093)|STATEMENT_EXECUTE|[98]
08:43:11.2 (52225280)|ENTERING_MANAGED_PKG|
08:43:11.2 (52245782)|HEAP_ALLOCATE|[98]|Bytes:25
08:43:11.2 (52262258)|ENTERING_MANAGED_PKG|
08:43:11.2 (52266303)|HEAP_ALLOCATE|[98]|Bytes:25
08:43:11.2 (52280691)|VARIABLE_ASSIGNMENT|[98]|returnValue|"Pyramid Construction (5 more) ..."
08:43:11.2 (52283765)|STATEMENT_EXECUTE|[100]
08:43:11.2 (52291363)|METHOD_EXIT|[117]|01pB0000000ljzx|testautonumdata.Sparkle_Helper.GetSobjectField(SObject, String)
08:43:11.2 (52323159)|VARIABLE_ASSIGNMENT|[EXTERNAL]|this|{"eventField":"001B00000066Xx7IAE","recordID":"001B00000066Xx7IAE"}|0x62100780
08:43:11.2 (52329756)|VARIABLE_ASSIGNMENT|[EXTERNAL]|value|"Pyramid Construction (5 more) ..."
08:43:11.2 (52336842)|VARIABLE_ASSIGNMENT|[10]|this.column1|"Pyramid Construction (5 more) ..."|0x62100780
08:43:11.2 (52345046)|STATEMENT_EXECUTE|[119]
08:43:11.2 (52347379)|STATEMENT_EXECUTE|[124]
08:43:11.2 (52348807)|STATEMENT_EXECUTE|[129]
08:43:11.2 (52349732)|STATEMENT_EXECUTE|[135]
08:43:11.2 (52356211)|ENTERING_MANAGED_PKG|
08:43:11.2 (52364335)|HEAP_ALLOCATE|[EXTERNAL]|Bytes:4
08:43:11.2 (52375933)|STATEMENT_EXECUTE|[137]
08:43:11.2 (52388502)|ENTERING_MANAGED_PKG|
08:43:11.2 (52424595)|HEAP_ALLOCATE|[137]|Bytes:197
08:43:11.2 (52445669)|HEAP_ALLOCATE|[137]|Bytes:209
08:43:11.2 (52454459)|ENTERING_MANAGED_PKG|
08:43:11.2 (52461527)|USER_DEBUG|[137]|DEBUG|######## i: ListServerController:[column1=Pyramid Construction Inc., column2=null, column3=null, column4=null, eventField=001B00000066Xx7IAE, mapObjectsFields={Account={Id, Name}}, recordID=001B00000066Xx7IAE]
08:43:11.2 (52479733)|HEAP_ALLOCATE|[104]|Bytes:5
08:43:11.2 (52509070)|HEAP_ALLOCATE|[104]|Bytes:12
08:43:11.2 (52530824)|VARIABLE_SCOPE_BEGIN|[104]|e|SObject|true|false
08:43:11.2 (52550271)|VARIABLE_ASSIGNMENT|[104]|e|{"s":1,"v":{"Id":"001B00000066Xx8IAE","Name":"Dickenson plc"}}|0x54deff6e
08:43:11.2 (52561783)|STATEMENT_EXECUTE|[105]
08:43:11.2 (52564417)|STATEMENT_EXECUTE|[106]
08:43:11.2 (52583129)|ENTERING_MANAGED_PKG|
08:43:11.2 (52616455)|HEAP_ALLOCATE|[106]|Bytes:51
08:43:11.2 (52635494)|HEAP_ALLOCATE|[106]|Bytes:63
08:43:11.2 (52644740)|ENTERING_MANAGED_PKG|
08:43:11.2 (52651181)|USER_DEBUG|[106]|DEBUG|######## e: Account:{Id=001B00000066Xx8IAE, Name=Dickenson plc}
08:43:11.2 (52657296)|STATEMENT_EXECUTE|[107]
08:43:11.2 (52662674)|HEAP_ALLOCATE|[107]|Bytes:28
08:43:11.2 (52673151)|CONSTRUCTOR_ENTRY|[107]|01pB0000000lc07|<init>()
08:43:11.2 (52677846)|VARIABLE_SCOPE_BEGIN|[1]|this|testautonumdata.ListServerController|true|false
08:43:11.2 (52699495)|VARIABLE_ASSIGNMENT|[1]|this|{}|0x7d0894f7
08:43:11.2 (52707509)|HEAP_ALLOCATE|[EXTERNAL]|Bytes:5
08:43:11.2 (52723131)|STATEMENT_EXECUTE|[1]
08:43:11.2 (52727349)|HEAP_ALLOCATE|[EXTERNAL]|Bytes:5
08:43:11.2 (52730613)|STATEMENT_EXECUTE|[6]
08:43:11.2 (52731916)|STATEMENT_EXECUTE|[8]
08:43:11.2 (52733107)|STATEMENT_EXECUTE|[10]
08:43:11.2 (52733983)|STATEMENT_EXECUTE|[12]
08:43:11.2 (52734897)|STATEMENT_EXECUTE|[14]
08:43:11.2 (52735751)|STATEMENT_EXECUTE|[16]
08:43:11.2 (52745061)|CONSTRUCTOR_EXIT|[107]|01pB0000000lc07|<init>()
08:43:11.2 (52752372)|VARIABLE_SCOPE_BEGIN|[107]|i|testautonumdata.ListServerController|true|false
08:43:11.2 (52770846)|VARIABLE_ASSIGNMENT|[107]|i|{}|0x7d0894f7
08:43:11.2 (52773263)|STATEMENT_EXECUTE|[110]
08:43:11.2 (52787139)|ENTERING_MANAGED_PKG|
08:43:11.2 (52809751)|HEAP_ALLOCATE|[110]|Bytes:4
08:43:11.2 (52827397)|ENTERING_MANAGED_PKG|
08:43:11.2 (52831673)|HEAP_ALLOCATE|[110]|Bytes:18
08:43:11.2 (52865393)|VARIABLE_ASSIGNMENT|[EXTERNAL]|this|{}|0x7d0894f7
08:43:11.2 (52874063)|VARIABLE_ASSIGNMENT|[EXTERNAL]|value|"001B00000066Xx8IAE"
08:43:11.2 (52881694)|VARIABLE_ASSIGNMENT|[6]|this.recordID|"001B00000066Xx8IAE"|0x7d0894f7
08:43:11.2 (52888273)|STATEMENT_EXECUTE|[112]
08:43:11.2 (52889472)|STATEMENT_EXECUTE|[113]
08:43:11.2 (52895669)|METHOD_ENTRY|[113]|01pB0000000ljzx|testautonumdata.Sparkle_Helper.GetSobjectField(SObject, String)
08:43:11.2 (52901001)|VARIABLE_SCOPE_BEGIN|[78]|e|SObject|true|false
08:43:11.2 (52915827)|VARIABLE_ASSIGNMENT|[78]|e|{"s":1,"v":{"Id":"001B00000066Xx8IAE","Name":"Dickenson plc"}}|0x54deff6e
08:43:11.2 (52918134)|VARIABLE_SCOPE_BEGIN|[78]|lcfield|String|false|false
08:43:11.2 (52921012)|VARIABLE_ASSIGNMENT|[78]|lcfield|"Id"
08:43:11.2 (52930157)|HEAP_ALLOCATE|[81]|Bytes:5
08:43:11.2 (52935356)|STATEMENT_EXECUTE|[79]
08:43:11.2 (52936549)|STATEMENT_EXECUTE|[81]
08:43:11.2 (52943463)|VARIABLE_SCOPE_BEGIN|[81]|returnValue|String|false|false
08:43:11.2 (52949140)|VARIABLE_ASSIGNMENT|[81]|returnValue|""
08:43:11.2 (52962236)|ENTERING_MANAGED_PKG|
08:43:11.2 (52976668)|STATEMENT_EXECUTE|[98]
08:43:11.2 (52985110)|ENTERING_MANAGED_PKG|
08:43:11.2 (53011338)|HEAP_ALLOCATE|[98]|Bytes:4
08:43:11.2 (53034504)|ENTERING_MANAGED_PKG|
08:43:11.2 (53039257)|HEAP_ALLOCATE|[98]|Bytes:18
08:43:11.2 (53056203)|VARIABLE_ASSIGNMENT|[98]|returnValue|"001B00000066Xx8IAE"
08:43:11.2 (53059374)|STATEMENT_EXECUTE|[100]
08:43:11.2 (53067359)|METHOD_EXIT|[113]|01pB0000000ljzx|testautonumdata.Sparkle_Helper.GetSobjectField(SObject, String)
08:43:11.2 (53098628)|VARIABLE_ASSIGNMENT|[EXTERNAL]|this|{"recordID":"001B00000066Xx8IAE"}|0x7d0894f7
08:43:11.2 (53103767)|VARIABLE_ASSIGNMENT|[EXTERNAL]|value|"001B00000066Xx8IAE"
08:43:11.2 (53112020)|VARIABLE_ASSIGNMENT|[8]|this.eventField|"001B00000066Xx8IAE"|0x7d0894f7
08:43:11.2 (53119418)|STATEMENT_EXECUTE|[116]
08:43:11.2 (53120649)|STATEMENT_EXECUTE|[117]
08:43:11.2 (53126205)|METHOD_ENTRY|[117]|01pB0000000ljzx|testautonumdata.Sparkle_Helper.GetSobjectField(SObject, String)
08:43:11.2 (53130926)|VARIABLE_SCOPE_BEGIN|[78]|e|SObject|true|false
08:43:11.2 (53145769)|VARIABLE_ASSIGNMENT|[78]|e|{"s":1,"v":{"Id":"001B00000066Xx8IAE","Name":"Dickenson plc"}}|0x54deff6e
08:43:11.2 (53148370)|VARIABLE_SCOPE_BEGIN|[78]|lcfield|String|false|false
08:43:11.2 (53151464)|VARIABLE_ASSIGNMENT|[78]|lcfield|"Name"
08:43:11.2 (53159500)|HEAP_ALLOCATE|[81]|Bytes:5
08:43:11.2 (53166300)|STATEMENT_EXECUTE|[79]
08:43:11.2 (53167828)|STATEMENT_EXECUTE|[81]
08:43:11.2 (53174953)|VARIABLE_SCOPE_BEGIN|[81]|returnValue|String|false|false
08:43:11.2 (53180766)|VARIABLE_ASSIGNMENT|[81]|returnValue|""
08:43:11.2 (53193490)|ENTERING_MANAGED_PKG|
08:43:11.2 (53203874)|STATEMENT_EXECUTE|[98]
08:43:11.2 (53214929)|ENTERING_MANAGED_PKG|
08:43:11.2 (53235551)|HEAP_ALLOCATE|[98]|Bytes:13
08:43:11.2 (53252228)|ENTERING_MANAGED_PKG|
08:43:11.2 (53256369)|HEAP_ALLOCATE|[98]|Bytes:13
08:43:11.2 (53269388)|VARIABLE_ASSIGNMENT|[98]|returnValue|"Dickenson plc"
08:43:11.2 (53272508)|STATEMENT_EXECUTE|[100]
08:43:11.2 (53279808)|METHOD_EXIT|[117]|01pB0000000ljzx|testautonumdata.Sparkle_Helper.GetSobjectField(SObject, String)
08:43:11.2 (53307593)|VARIABLE_ASSIGNMENT|[EXTERNAL]|this|{"eventField":"001B00000066Xx8IAE","recordID":"001B00000066Xx8IAE"}|0x7d0894f7
08:43:11.2 (53312329)|VARIABLE_ASSIGNMENT|[EXTERNAL]|value|"Dickenson plc"
08:43:11.2 (53318437)|VARIABLE_ASSIGNMENT|[10]|this.column1|"Dickenson plc"|0x7d0894f7
08:43:11.2 (53324464)|STATEMENT_EXECUTE|[119]
08:43:11.2 (53326122)|STATEMENT_EXECUTE|[124]
08:43:11.2 (53327824)|STATEMENT_EXECUTE|[129]
08:43:11.2 (53328960)|STATEMENT_EXECUTE|[135]
08:43:11.2 (53334652)|ENTERING_MANAGED_PKG|
08:43:11.2 (53342314)|HEAP_ALLOCATE|[EXTERNAL]|Bytes:4
08:43:11.2 (53348825)|STATEMENT_EXECUTE|[137]
08:43:11.2 (53360425)|ENTERING_MANAGED_PKG|
08:43:11.2 (53399884)|HEAP_ALLOCATE|[137]|Bytes:185
08:43:11.2 (53418995)|HEAP_ALLOCATE|[137]|Bytes:197
08:43:11.2 (53427458)|ENTERING_MANAGED_PKG|
08:43:11.2 (53438124)|USER_DEBUG|[137]|DEBUG|######## i: ListServerController:[column1=Dickenson plc, column2=null, column3=null, column4=null, eventField=001B00000066Xx8IAE, mapObjectsFields={Account={Id, Name}}, recordID=001B00000066Xx8IAE]
08:43:11.2 (53454469)|HEAP_ALLOCATE|[104]|Bytes:5
08:43:11.2 (53481964)|HEAP_ALLOCATE|[104]|Bytes:12
08:43:11.2 (53504660)|VARIABLE_SCOPE_BEGIN|[104]|e|SObject|true|false
08:43:11.2 (53520652)|VARIABLE_ASSIGNMENT|[104]|e|{"s":1,"v":{"Id":"001B00000066Xx9IAE","Name":"Hospital Universitar (14 more) ..."}}|0x702f978e
08:43:11.2 (53525387)|STATEMENT_EXECUTE|[105]
08:43:11.2 (53526895)|STATEMENT_EXECUTE|[106]
08:43:11.2 (53541060)|ENTERING_MANAGED_PKG|
08:43:11.2 (53573216)|HEAP_ALLOCATE|[106]|Bytes:72
08:43:11.2 (53591940)|HEAP_ALLOCATE|[106]|Bytes:84
08:43:11.2 (53600367)|ENTERING_MANAGED_PKG|
08:43:11.2 (53606420)|USER_DEBUG|[106]|DEBUG|######## e: Account:{Id=001B00000066Xx9IAE, Name=Hospital Universitario San Ignacio}
08:43:11.2 (53612726)|STATEMENT_EXECUTE|[107]
08:43:11.2 (53622176)|HEAP_ALLOCATE|[107]|Bytes:28
08:43:11.2 (53632679)|CONSTRUCTOR_ENTRY|[107]|01pB0000000lc07|<init>()
08:43:11.2 (53637697)|VARIABLE_SCOPE_BEGIN|[1]|this|testautonumdata.ListServerController|true|false
08:43:11.2 (53660980)|VARIABLE_ASSIGNMENT|[1]|this|{}|0x15cf175f
08:43:11.2 (53674694)|HEAP_ALLOCATE|[EXTERNAL]|Bytes:5
08:43:11.2 (53691512)|STATEMENT_EXECUTE|[1]
08:43:11.2 (53697940)|HEAP_ALLOCATE|[EXTERNAL]|Bytes:5
08:43:11.2 (53701485)|STATEMENT_EXECUTE|[6]
08:43:11.2 (53702847)|STATEMENT_EXECUTE|[8]
08:43:11.2 (53704078)|STATEMENT_EXECUTE|[10]
08:43:11.2 (53705018)|STATEMENT_EXECUTE|[12]
08:43:11.2 (53705861)|STATEMENT_EXECUTE|[14]
08:43:11.2 (53706706)|STATEMENT_EXECUTE|[16]
08:43:11.2 (53716837)|CONSTRUCTOR_EXIT|[107]|01pB0000000lc07|<init>()
08:43:11.2 (53724045)|VARIABLE_SCOPE_BEGIN|[107]|i|testautonumdata.ListServerController|true|false
08:43:11.2 (53743333)|VARIABLE_ASSIGNMENT|[107]|i|{}|0x15cf175f
08:43:11.2 (53745816)|STATEMENT_EXECUTE|[110]
08:43:11.2 (53759612)|ENTERING_MANAGED_PKG|
08:43:11.2 (53782096)|HEAP_ALLOCATE|[110]|Bytes:4
08:43:11.2 (53799486)|ENTERING_MANAGED_PKG|
08:43:11.2 (53803676)|HEAP_ALLOCATE|[110]|Bytes:18
08:43:11.2 (53832564)|VARIABLE_ASSIGNMENT|[EXTERNAL]|this|{}|0x15cf175f
08:43:11.2 (53838689)|VARIABLE_ASSIGNMENT|[EXTERNAL]|value|"001B00000066Xx9IAE"
08:43:11.2 (53844921)|VARIABLE_ASSIGNMENT|[6]|this.recordID|"001B00000066Xx9IAE"|0x15cf175f
08:43:11.2 (53850924)|STATEMENT_EXECUTE|[112]
08:43:11.2 (53852143)|STATEMENT_EXECUTE|[113]
08:43:11.2 (53858011)|METHOD_ENTRY|[113]|01pB0000000ljzx|testautonumdata.Sparkle_Helper.GetSobjectField(SObject, String)
08:43:11.2 (53862730)|VARIABLE_SCOPE_BEGIN|[78]|e|SObject|true|false
08:43:11.2 (53874078)|VARIABLE_ASSIGNMENT|[78]|e|{"s":1,"v":{"Id":"001B00000066Xx9IAE","Name":"Hospital Universitar (14 more) ..."}}|0x702f978e
08:43:11.2 (53876230)|VARIABLE_SCOPE_BEGIN|[78]|lcfield|String|false|false
08:43:11.2 (53879408)|VARIABLE_ASSIGNMENT|[78]|lcfield|"Id"
08:43:11.2 (53887041)|HEAP_ALLOCATE|[81]|Bytes:5
08:43:11.2 (53891737)|STATEMENT_EXECUTE|[79]
08:43:11.2 (53892839)|STATEMENT_EXECUTE|[81]
08:43:11.2 (53899494)|VARIABLE_SCOPE_BEGIN|[81]|returnValue|String|false|false
08:43:11.2 (53904666)|VARIABLE_ASSIGNMENT|[81]|returnValue|""
08:43:11.2 (53917330)|ENTERING_MANAGED_PKG|
08:43:11.2 (53927242)|STATEMENT_EXECUTE|[98]
08:43:11.2 (53934965)|ENTERING_MANAGED_PKG|
08:43:11.2 (53958412)|HEAP_ALLOCATE|[98]|Bytes:4
08:43:11.2 (53978908)|ENTERING_MANAGED_PKG|
08:43:11.2 (53983543)|HEAP_ALLOCATE|[98]|Bytes:18
08:43:11.2 (54005100)|VARIABLE_ASSIGNMENT|[98]|returnValue|"001B00000066Xx9IAE"
08:43:11.2 (54009129)|STATEMENT_EXECUTE|[100]
08:43:11.2 (54017246)|METHOD_EXIT|[113]|01pB0000000ljzx|testautonumdata.Sparkle_Helper.GetSobjectField(SObject, String)
08:43:11.2 (54047723)|VARIABLE_ASSIGNMENT|[EXTERNAL]|this|{"recordID":"001B00000066Xx9IAE"}|0x15cf175f
08:43:11.2 (54052454)|VARIABLE_ASSIGNMENT|[EXTERNAL]|value|"001B00000066Xx9IAE"
08:43:11.2 (54058647)|VARIABLE_ASSIGNMENT|[8]|this.eventField|"001B00000066Xx9IAE"|0x15cf175f
08:43:11.2 (54069688)|STATEMENT_EXECUTE|[116]
08:43:11.2 (54071029)|STATEMENT_EXECUTE|[117]
08:43:11.2 (54076691)|METHOD_ENTRY|[117]|01pB0000000ljzx|testautonumdata.Sparkle_Helper.GetSobjectField(SObject, String)
08:43:11.2 (54081516)|VARIABLE_SCOPE_BEGIN|[78]|e|SObject|true|false
08:43:11.2 (54095007)|VARIABLE_ASSIGNMENT|[78]|e|{"s":1,"v":{"Id":"001B00000066Xx9IAE","Name":"Hospital Universitar (14 more) ..."}}|0x702f978e
08:43:11.2 (54097977)|VARIABLE_SCOPE_BEGIN|[78]|lcfield|String|false|false
08:43:11.2 (54100873)|VARIABLE_ASSIGNMENT|[78]|lcfield|"Name"
08:43:11.2 (54108777)|HEAP_ALLOCATE|[81]|Bytes:5
08:43:11.2 (54113785)|STATEMENT_EXECUTE|[79]
08:43:11.2 (54114863)|STATEMENT_EXECUTE|[81]
08:43:11.2 (54125209)|VARIABLE_SCOPE_BEGIN|[81]|returnValue|String|false|false
08:43:11.2 (54130845)|VARIABLE_ASSIGNMENT|[81]|returnValue|""
08:43:11.2 (54144502)|ENTERING_MANAGED_PKG|
08:43:11.2 (54156952)|STATEMENT_EXECUTE|[98]
08:43:11.2 (54165102)|ENTERING_MANAGED_PKG|
08:43:11.2 (54185134)|HEAP_ALLOCATE|[98]|Bytes:34
08:43:11.2 (54209873)|ENTERING_MANAGED_PKG|
08:43:11.2 (54215663)|HEAP_ALLOCATE|[98]|Bytes:34
08:43:11.2 (54232180)|VARIABLE_ASSIGNMENT|[98]|returnValue|"Hospital Universitar (14 more) ..."
08:43:11.2 (54235420)|STATEMENT_EXECUTE|[100]
08:43:11.2 (54247021)|METHOD_EXIT|[117]|01pB0000000ljzx|testautonumdata.Sparkle_Helper.GetSobjectField(SObject, String)
08:43:11.2 (54278243)|VARIABLE_ASSIGNMENT|[EXTERNAL]|this|{"eventField":"001B00000066Xx9IAE","recordID":"001B00000066Xx9IAE"}|0x15cf175f
08:43:11.2 (54284948)|VARIABLE_ASSIGNMENT|[EXTERNAL]|value|"Hospital Universitar (14 more) ..."
08:43:11.2 (54292183)|VARIABLE_ASSIGNMENT|[10]|this.column1|"Hospital Universitar (14 more) ..."|0x15cf175f
08:43:11.2 (54298674)|STATEMENT_EXECUTE|[119]
08:43:11.2 (54300276)|STATEMENT_EXECUTE|[124]
08:43:11.2 (54301341)|STATEMENT_EXECUTE|[129]
08:43:11.2 (54302226)|STATEMENT_EXECUTE|[135]
08:43:11.2 (54311705)|ENTERING_MANAGED_PKG|
08:43:11.2 (54319719)|HEAP_ALLOCATE|[EXTERNAL]|Bytes:4
08:43:11.2 (54326350)|STATEMENT_EXECUTE|[137]
08:43:11.2 (54340820)|ENTERING_MANAGED_PKG|
08:43:11.2 (54380976)|HEAP_ALLOCATE|[137]|Bytes:206
08:43:11.2 (54400515)|HEAP_ALLOCATE|[137]|Bytes:218
08:43:11.2 (54408926)|ENTERING_MANAGED_PKG|
08:43:11.2 (54415338)|USER_DEBUG|[137]|DEBUG|######## i: ListServerController:[column1=Hospital Universitario San Ignacio, column2=null, column3=null, column4=null, eventField=001B00000066Xx9IAE, mapObjectsFields={Account={Id, Name}}, recordID=001B00000066Xx9IAE]
08:43:11.2 (54430479)|HEAP_ALLOCATE|[104]|Bytes:5
08:43:11.2 (54443751)|VARIABLE_ASSIGNMENT|[104]|e|null|
08:43:11.2 (54447165)|STATEMENT_EXECUTE|[142]
08:43:11.2 (54450739)|HEAP_ALLOCATE|[142]|Bytes:27
08:43:11.2 (54465001)|ENTERING_MANAGED_PKG|
08:43:11.2 (54619724)|HEAP_ALLOCATE|[142]|Bytes:1546
08:43:11.2 (54642193)|HEAP_ALLOCATE|[142]|Bytes:1573
08:43:11.2 (54657427)|ENTERING_MANAGED_PKG|
08:43:11.2 (54664294)|USER_DEBUG|[142]|DEBUG|######## lstReturnRecords: (ListServerController:[column1=GenePoint, column2=null, column3=null, column4=null, eventField=001B00000066XxFIAU, mapObjectsFields={Account={Id, Name}}, recordID=001B00000066XxFIAU], ListServerController:[column1=United Oil & Gas, UK, column2=null, column3=null, column4=null, eventField=001B00000066XxDIAU, mapObjectsFields=(already output), recordID=001B00000066XxDIAU], ListServerController:[column1=United Oil & Gas, Singapore, column2=null, column3=null, column4=null, eventField=001B00000066XxEIAU, mapObjectsFields=(already output), recordID=001B00000066XxEIAU], ListServerController:[column1=Edge Communications, column2=null, column3=null, column4=null, eventField=001B00000066Xx5IAE, mapObjectsFields=(already output), recordID=001B00000066Xx5IAE], ListServerController:[column1=Burlington Textiles Corp of America, column2=null, column3=null, column4=null, eventField=001B00000066Xx6IAE, mapObjectsFields=(already output), recordID=001B00000066Xx6IAE], ListServerController:[column1=Pyramid Construction Inc., column2=null, column3=null, column4=null, eventField=001B00000066Xx7IAE, mapObjectsFields=(already output), recordID=001B00000066Xx7IAE], ListServerController:[column1=Dickenson plc, column2=null, column3=null, column4=null, eventField=001B00000066Xx8IAE, mapObjectsFields=(already output), recordID=001B00000066Xx8IAE], ListServerController:[column1=Hospital Universitario San Ignacio, column2=null, column3=null, column4=null, eventField=001B00000066Xx9IAE, mapObjectsFields=(already output), recordID=001B00000066Xx9IAE])
08:43:11.2 (54680625)|STATEMENT_EXECUTE|[144]
08:43:11.2 (54691040)|SYSTEM_MODE_EXIT|false
08:43:11.54 (54738762)|CUMULATIVE_LIMIT_USAGE
08:43:11.54 (54738762)|LIMIT_USAGE_FOR_NS|(default)|
  Number of SOQL queries: 0 out of 100
  Number of query rows: 0 out of 50000
  Number of SOSL queries: 0 out of 20
  Number of DML statements: 0 out of 150
  Number of DML rows: 0 out of 10000
  Maximum CPU time: 0 out of 10000
  Maximum heap size: 0 out of 6000000
  Number of callouts: 0 out of 100
  Number of Email Invocations: 0 out of 10
  Number of future calls: 0 out of 50
  Number of queueable jobs added to the queue: 0 out of 50
  Number of Mobile Apex push calls: 0 out of 10

08:43:11.54 (54738762)|LIMIT_USAGE_FOR_NS|testautonumdata|
  Number of SOQL queries: 1 out of 100
  Number of query rows: 8 out of 50000
  Number of SOSL queries: 0 out of 20
  Number of DML statements: 0 out of 150
  Number of DML rows: 0 out of 10000
  Maximum CPU time: 0 out of 10000
  Maximum heap size: 0 out of 6000000
  Number of callouts: 0 out of 100
  Number of Email Invocations: 0 out of 10
  Number of future calls: 0 out of 50
  Number of queueable jobs added to the queue: 0 out of 50
  Number of Mobile Apex push calls: 0 out of 10

08:43:11.54 (54738762)|CUMULATIVE_LIMIT_USAGE_END

08:43:11.57 (57380949)|CODE_UNIT_STARTED|[EXTERNAL]|Aura
08:43:11.58 (58624998)|CODE_UNIT_STARTED|[EXTERNAL]|Aura
08:43:11.59 (59706376)|CODE_UNIT_STARTED|[EXTERNAL]|Aura
08:43:11.61 (61014687)|CODE_UNIT_STARTED|[EXTERNAL]|Aura
08:43:11.62 (62148867)|CODE_UNIT_STARTED|[EXTERNAL]|Aura
08:43:11.63 (63234123)|CODE_UNIT_STARTED|[EXTERNAL]|Aura
08:43:11.64 (64421374)|CODE_UNIT_STARTED|[EXTERNAL]|Aura
08:43:11.65 (65466101)|CODE_UNIT_STARTED|[EXTERNAL]|Aura
08:43:11.66 (66865287)|CODE_UNIT_STARTED|[EXTERNAL]|01pB0000000lc07|ListServerController.getCurrentUser
08:43:11.66 (66915080)|SYSTEM_MODE_ENTER|false
08:43:11.66 (66931522)|HEAP_ALLOCATE|[151]|Bytes:5
08:43:11.66 (66937887)|STATEMENT_EXECUTE|[150]
08:43:11.66 (66939739)|STATEMENT_EXECUTE|[151]
08:43:11.66 (66947531)|HEAP_ALLOCATE|[151]|Bytes:68
08:43:11.66 (66958987)|HEAP_ALLOCATE|[151]|Bytes:4
08:43:11.66 (66971985)|HEAP_ALLOCATE|[151]|Bytes:7
08:43:11.66 (67073302)|HEAP_ALLOCATE|[151]|Bytes:85
08:43:11.66 (67097357)|SYSTEM_METHOD_ENTRY|[1]|UserInfo.UserInfo()
08:43:11.66 (67102025)|STATEMENT_EXECUTE|[1]
08:43:11.66 (67113922)|SYSTEM_METHOD_EXIT|[1]|UserInfo
08:43:11.66 (67134434)|METHOD_ENTRY|[151]||System.UserInfo.getUserId()
08:43:11.66 (67178962)|METHOD_EXIT|[151]||System.UserInfo.getUserId()
08:43:11.66 (68796689)|SOQL_EXECUTE_BEGIN|[151]|Aggregations:0|SELECT Id, FirstName, LastName FROM User WHERE Id = :tmpVar1 LIMIT 1
08:43:11.66 (74908441)|SOQL_EXECUTE_END|[151]|Rows:1
08:43:11.66 (74936604)|HEAP_ALLOCATE|[151]|Bytes:8
08:43:11.66 (74952540)|HEAP_ALLOCATE|[151]|Bytes:69
08:43:11.66 (75026190)|HEAP_ALLOCATE|[151]|Bytes:8
08:43:11.66 (75037823)|HEAP_ALLOCATE|[151]|Bytes:30
08:43:11.66 (75107428)|HEAP_ALLOCATE|[151]|Bytes:16
08:43:11.66 (75120107)|VARIABLE_SCOPE_BEGIN|[151]|user|User|true|false
08:43:11.66 (75153732)|VARIABLE_ASSIGNMENT|[151]|user|{"s":1,"v":{"Id":"005B0000001VpZRIA0","FirstName":"Rodrigo","LastName":"Reboucas"}}|0x26a4601f
08:43:11.66 (75158144)|STATEMENT_EXECUTE|[152]
08:43:11.66 (75167295)|SYSTEM_MODE_EXIT|false
08:43:11.75 (75193568)|CUMULATIVE_LIMIT_USAGE
08:43:11.75 (75193568)|LIMIT_USAGE_FOR_NS|(default)|
  Number of SOQL queries: 0 out of 100
  Number of query rows: 0 out of 50000
  Number of SOSL queries: 0 out of 20
  Number of DML statements: 0 out of 150
  Number of DML rows: 0 out of 10000
  Maximum CPU time: 0 out of 10000
  Maximum heap size: 0 out of 6000000
  Number of callouts: 0 out of 100
  Number of Email Invocations: 0 out of 10
  Number of future calls: 0 out of 50
  Number of queueable jobs added to the queue: 0 out of 50
  Number of Mobile Apex push calls: 0 out of 10

08:43:11.75 (75193568)|LIMIT_USAGE_FOR_NS|testautonumdata|
  Number of SOQL queries: 2 out of 100
  Number of query rows: 9 out of 50000
  Number of SOSL queries: 0 out of 20
  Number of DML statements: 0 out of 150
  Number of DML rows: 0 out of 10000
  Maximum CPU time: 0 out of 10000
  Maximum heap size: 0 out of 6000000
  Number of callouts: 0 out of 100
  Number of Email Invocations: 0 out of 10
  Number of future calls: 0 out of 50
  Number of queueable jobs added to the queue: 0 out of 50
  Number of Mobile Apex push calls: 0 out of 10

08:43:11.75 (75193568)|CUMULATIVE_LIMIT_USAGE_END

