37.0 APEX_CODE,FINEST;APEX_PROFILING,INFO;CALLOUT,INFO;DB,INFO;SYSTEM,DEBUG;VALIDATION,INFO;VISUALFORCE,INFO;WORKFLOW,INFO
11:18:11.0 (130746)|USER_INFO|[EXTERNAL]|005B00000021dad|elisabeth.brooks@df16recruitment.dev|Pacific Standard Time|GMT-07:00
11:18:11.0 (688021)|HEAP_ALLOCATE|[72]|Bytes:3
11:18:11.0 (754549)|HEAP_ALLOCATE|[77]|Bytes:152
11:18:11.0 (777041)|HEAP_ALLOCATE|[342]|Bytes:408
11:18:11.0 (797725)|HEAP_ALLOCATE|[355]|Bytes:408
11:18:11.0 (816858)|HEAP_ALLOCATE|[467]|Bytes:48
11:18:11.2 (2456550)|USER_INFO|[EXTERNAL]|005B00000021dad|elisabeth.brooks@df16recruitment.dev|Pacific Standard Time|GMT-07:00
11:18:11.2 (2683930)|STATEMENT_EXECUTE|[1]
11:18:11.2 (2727078)|HEAP_ALLOCATE|[50]|Bytes:5
11:18:11.2 (2760410)|HEAP_ALLOCATE|[56]|Bytes:5
11:18:11.2 (2771089)|HEAP_ALLOCATE|[64]|Bytes:7
11:18:11.2 (2802137)|SYSTEM_MODE_ENTER|false
11:18:11.2 (2821066)|HEAP_ALLOCATE|[EXTERNAL]|Bytes:5
11:18:11.2 (2829783)|SYSTEM_MODE_EXIT|false
11:18:11.2 (2843871)|METHOD_EXIT|[1]|CandidateDropDownController
11:18:11.2 (2854401)|SYSTEM_MODE_ENTER|false
11:18:11.2 (2861298)|VARIABLE_SCOPE_BEGIN|[9]|searchKey|String|false|false
11:18:11.2 (2889827)|VARIABLE_ASSIGNMENT|[9]|searchKey|""
11:18:11.2 (2906844)|HEAP_ALLOCATE|[10]|Bytes:5
11:18:11.2 (2914389)|STATEMENT_EXECUTE|[9]
11:18:11.2 (2917281)|STATEMENT_EXECUTE|[10]
11:18:11.2 (2921146)|HEAP_ALLOCATE|[10]|Bytes:1
11:18:11.2 (2937928)|HEAP_ALLOCATE|[10]|Bytes:2
11:18:11.2 (2943508)|VARIABLE_SCOPE_BEGIN|[10]|name|String|false|false
11:18:11.2 (2954967)|VARIABLE_ASSIGNMENT|[10]|name|"%%"
11:18:11.2 (2960292)|STATEMENT_EXECUTE|[11]
11:18:11.2 (2963551)|HEAP_ALLOCATE|[11]|Bytes:67
11:18:11.2 (2973690)|HEAP_ALLOCATE|[11]|Bytes:4
11:18:11.2 (2984138)|HEAP_ALLOCATE|[11]|Bytes:7
11:18:11.2 (3551810)|SOQL_EXECUTE_BEGIN|[11]|Aggregations:0|SELECT id, name FROM Candidate__c WHERE name LIKE :tmpVar1 LIMIT 50
11:18:11.2 (10960861)|SOQL_EXECUTE_END|[11]|Rows:10
11:18:11.2 (11005166)|HEAP_ALLOCATE|[11]|Bytes:44
11:18:11.2 (11040560)|HEAP_ALLOCATE|[11]|Bytes:490
11:18:11.2 (11197711)|HEAP_ALLOCATE|[11]|Bytes:44
11:18:11.2 (11227985)|SYSTEM_MODE_EXIT|false
11:18:11.11 (11279066)|CUMULATIVE_LIMIT_USAGE
11:18:11.11 (11279066)|LIMIT_USAGE_FOR_NS|(default)|
  Number of SOQL queries: 0 out of 100
  Number of query rows: 0 out of 50000
  Number of SOSL queries: 0 out of 20
  Number of DML statements: 0 out of 150
  Number of DML rows: 0 out of 10000
  Maximum CPU time: 0 out of 10000
  Maximum heap size: 0 out of 6000000
  Number of callouts: 0 out of 100
  Number of Email Invocations: 0 out of 10
  Number of future calls: 0 out of 50
  Number of queueable jobs added to the queue: 0 out of 50
  Number of Mobile Apex push calls: 0 out of 10

11:18:11.11 (11279066)|LIMIT_USAGE_FOR_NS|testautonumdata|
  Number of SOQL queries: 1 out of 100
  Number of query rows: 10 out of 50000
  Number of SOSL queries: 0 out of 20
  Number of DML statements: 0 out of 150
  Number of DML rows: 0 out of 10000
  Maximum CPU time: 0 out of 10000
  Maximum heap size: 0 out of 6000000
  Number of callouts: 0 out of 100
  Number of Email Invocations: 0 out of 10
  Number of future calls: 0 out of 50
  Number of queueable jobs added to the queue: 0 out of 50
  Number of Mobile Apex push calls: 0 out of 10

11:18:11.11 (11279066)|CUMULATIVE_LIMIT_USAGE_END

11:18:11.2 (11370585)|CODE_UNIT_FINISHED|CandidateDropDownController.findByName
