37.0 APEX_CODE,FINEST;APEX_PROFILING,INFO;CALLOUT,INFO;DB,INFO;SYSTEM,DEBUG;VALIDATION,INFO;VISUALFORCE,INFO;WORKFLOW,INFO
07:12:16.0 (168660)|USER_INFO|[EXTERNAL]|005B0000001VpZR|rreboucas-yi5c@force.com|Pacific Standard Time|GMT-07:00
07:12:16.0 (794591)|HEAP_ALLOCATE|[72]|Bytes:3
07:12:16.0 (851281)|HEAP_ALLOCATE|[77]|Bytes:152
07:12:16.0 (871988)|HEAP_ALLOCATE|[342]|Bytes:408
07:12:16.0 (893474)|HEAP_ALLOCATE|[355]|Bytes:408
07:12:16.0 (913434)|HEAP_ALLOCATE|[467]|Bytes:48
07:12:16.3 (3436750)|USER_INFO|[EXTERNAL]|005B0000001VpZR|rreboucas-yi5c@force.com|Pacific Standard Time|GMT-07:00
07:12:16.3 (3798399)|STATEMENT_EXECUTE|[1]
07:12:16.3 (3855019)|HEAP_ALLOCATE|[50]|Bytes:5
07:12:16.3 (3890815)|HEAP_ALLOCATE|[56]|Bytes:5
07:12:16.3 (3911237)|HEAP_ALLOCATE|[64]|Bytes:7
07:12:16.3 (3961039)|SYSTEM_MODE_ENTER|false
07:12:16.3 (3987273)|HEAP_ALLOCATE|[EXTERNAL]|Bytes:5
07:12:16.3 (4005495)|SYSTEM_MODE_EXIT|false
07:12:16.3 (4032142)|METHOD_EXIT|[1]|Twitter_Lightning_Controller
07:12:16.3 (4042578)|HEAP_ALLOCATE|[EXTERNAL]|Bytes:18
07:12:16.3 (4046125)|HEAP_ALLOCATE|[EXTERNAL]|Bytes:12
07:12:16.3 (4048507)|HEAP_ALLOCATE|[EXTERNAL]|Bytes:13
07:12:16.3 (4050838)|HEAP_ALLOCATE|[EXTERNAL]|Bytes:13
07:12:16.3 (4053122)|HEAP_ALLOCATE|[EXTERNAL]|Bytes:12
07:12:16.3 (4055470)|HEAP_ALLOCATE|[EXTERNAL]|Bytes:10
07:12:16.3 (4058502)|HEAP_ALLOCATE|[EXTERNAL]|Bytes:9
07:12:16.3 (4075807)|SYSTEM_MODE_ENTER|false
07:12:16.3 (4179035)|VARIABLE_SCOPE_BEGIN|[68]|recordID|String|false|false
07:12:16.3 (4229725)|VARIABLE_ASSIGNMENT|[68]|recordID|"a0MB0000000cQXFMA2"
07:12:16.3 (4245248)|VARIABLE_SCOPE_BEGIN|[68]|objectApiName|String|false|false
07:12:16.3 (4255008)|VARIABLE_ASSIGNMENT|[68]|objectApiName|"Candidate__c"
07:12:16.3 (4266069)|VARIABLE_SCOPE_BEGIN|[68]|twitterIDFieldApiName|String|false|false
07:12:16.3 (4274744)|VARIABLE_ASSIGNMENT|[68]|twitterIDFieldApiName|"Twitter_ID__c"
07:12:16.3 (4284787)|VARIABLE_SCOPE_BEGIN|[68]|firstName|String|false|false
07:12:16.3 (4293025)|VARIABLE_ASSIGNMENT|[68]|firstName|"First_Name__c"
07:12:16.3 (4302957)|VARIABLE_SCOPE_BEGIN|[68]|lastName|String|false|false
07:12:16.3 (4310872)|VARIABLE_ASSIGNMENT|[68]|lastName|"Last_Name__c"
07:12:16.3 (4321070)|VARIABLE_SCOPE_BEGIN|[68]|companyName|String|false|false
07:12:16.3 (4329184)|VARIABLE_ASSIGNMENT|[68]|companyName|"Company__c"
07:12:16.3 (4339190)|VARIABLE_SCOPE_BEGIN|[68]|email|String|false|false
07:12:16.3 (4354132)|VARIABLE_ASSIGNMENT|[68]|email|"E_mail__c"
07:12:16.3 (4374110)|HEAP_ALLOCATE|[70]|Bytes:5
07:12:16.3 (4381734)|STATEMENT_EXECUTE|[68]
07:12:16.3 (4384146)|STATEMENT_EXECUTE|[70]
07:12:16.3 (4401937)|VARIABLE_SCOPE_BEGIN|[70]|hasTwitterMemberID|Boolean|false|false
07:12:16.3 (4410639)|HEAP_ALLOCATE|[70]|Bytes:5
07:12:16.3 (4424537)|VARIABLE_ASSIGNMENT|[70]|hasTwitterMemberID|false
07:12:16.3 (4428394)|STATEMENT_EXECUTE|[71]
07:12:16.3 (4437919)|HEAP_ALLOCATE|[71]|Bytes:64
07:12:16.3 (4470867)|CONSTRUCTOR_ENTRY|[71]|01pB0000000r382|<init>()
07:12:16.3 (4517951)|VARIABLE_SCOPE_BEGIN|[1]|this|testautonumdata.Twitter_Lightning_Controller|true|false
07:12:16.3 (4586491)|VARIABLE_ASSIGNMENT|[1]|this|{}|0x622a4649
07:12:16.3 (4598513)|HEAP_ALLOCATE|[EXTERNAL]|Bytes:5
07:12:16.3 (4612941)|HEAP_ALLOCATE|[EXTERNAL]|Bytes:6
07:12:16.3 (4656092)|STATEMENT_EXECUTE|[1]
07:12:16.3 (4664328)|HEAP_ALLOCATE|[EXTERNAL]|Bytes:5
07:12:16.3 (4669074)|STATEMENT_EXECUTE|[4]
07:12:16.3 (4672983)|STATEMENT_EXECUTE|[6]
07:12:16.3 (4675288)|STATEMENT_EXECUTE|[8]
07:12:16.3 (4677328)|STATEMENT_EXECUTE|[10]
07:12:16.3 (4679257)|STATEMENT_EXECUTE|[12]
07:12:16.3 (4681797)|STATEMENT_EXECUTE|[14]
07:12:16.3 (4683779)|STATEMENT_EXECUTE|[16]
07:12:16.3 (4685874)|STATEMENT_EXECUTE|[18]
07:12:16.3 (4687916)|STATEMENT_EXECUTE|[20]
07:12:16.3 (4689703)|STATEMENT_EXECUTE|[22]
07:12:16.3 (4691598)|STATEMENT_EXECUTE|[24]
07:12:16.3 (4693768)|STATEMENT_EXECUTE|[26]
07:12:16.3 (4696025)|STATEMENT_EXECUTE|[28]
07:12:16.3 (4697935)|STATEMENT_EXECUTE|[30]
07:12:16.3 (4700087)|STATEMENT_EXECUTE|[32]
07:12:16.3 (4717139)|CONSTRUCTOR_EXIT|[71]|01pB0000000r382|<init>()
07:12:16.3 (4729296)|VARIABLE_SCOPE_BEGIN|[71]|returnRec|testautonumdata.Twitter_Lightning_Controller|true|false
07:12:16.3 (4776818)|VARIABLE_ASSIGNMENT|[71]|returnRec|{}|0x622a4649
07:12:16.3 (4829065)|ENTERING_MANAGED_PKG|
07:12:16.3 (4898169)|STATEMENT_EXECUTE|[74]
07:12:16.3 (4901998)|STATEMENT_EXECUTE|[75]
07:12:16.3 (4909631)|HEAP_ALLOCATE|[75]|Bytes:9
07:12:16.3 (4923299)|VARIABLE_SCOPE_BEGIN|[75]|soql|String|false|false
07:12:16.3 (4938297)|VARIABLE_ASSIGNMENT|[75]|soql|"Select id"
07:12:16.3 (4943161)|STATEMENT_EXECUTE|[78]
07:12:16.3 (4949379)|HEAP_ALLOCATE|[78]|Bytes:2
07:12:16.3 (4967228)|HEAP_ALLOCATE|[78]|Bytes:15
07:12:16.3 (4977058)|HEAP_ALLOCATE|[78]|Bytes:24
07:12:16.3 (4994644)|VARIABLE_ASSIGNMENT|[78]|soql|"Select id, Twitter_I (4 more) ..."
07:12:16.3 (5000844)|STATEMENT_EXECUTE|[81]
07:12:16.3 (5013425)|HEAP_ALLOCATE|[81]|Bytes:15
07:12:16.3 (5022743)|HEAP_ALLOCATE|[81]|Bytes:39
07:12:16.3 (5038447)|VARIABLE_ASSIGNMENT|[81]|soql|"Select id, Twitter_I (19 more) ..."
07:12:16.3 (5044373)|STATEMENT_EXECUTE|[84]
07:12:16.3 (5054403)|HEAP_ALLOCATE|[84]|Bytes:14
07:12:16.3 (5063618)|HEAP_ALLOCATE|[84]|Bytes:53
07:12:16.3 (5079058)|VARIABLE_ASSIGNMENT|[84]|soql|"Select id, Twitter_I (33 more) ..."
07:12:16.3 (5084895)|STATEMENT_EXECUTE|[87]
07:12:16.3 (5094852)|HEAP_ALLOCATE|[87]|Bytes:12
07:12:16.3 (5104387)|HEAP_ALLOCATE|[87]|Bytes:65
07:12:16.3 (5120116)|VARIABLE_ASSIGNMENT|[87]|soql|"Select id, Twitter_I (45 more) ..."
07:12:16.3 (5125353)|STATEMENT_EXECUTE|[90]
07:12:16.3 (5135403)|HEAP_ALLOCATE|[90]|Bytes:11
07:12:16.3 (5143972)|HEAP_ALLOCATE|[90]|Bytes:76
07:12:16.3 (5159380)|VARIABLE_ASSIGNMENT|[90]|soql|"Select id, Twitter_I (56 more) ..."
07:12:16.3 (5164455)|STATEMENT_EXECUTE|[93]
07:12:16.3 (5169966)|HEAP_ALLOCATE|[93]|Bytes:6
07:12:16.3 (5179525)|HEAP_ALLOCATE|[93]|Bytes:18
07:12:16.3 (5187779)|HEAP_ALLOCATE|[93]|Bytes:94
07:12:16.3 (5203383)|VARIABLE_ASSIGNMENT|[93]|soql|"Select id, Twitter_I (74 more) ..."
07:12:16.3 (5208037)|STATEMENT_EXECUTE|[95]
07:12:16.3 (5214692)|HEAP_ALLOCATE|[95]|Bytes:12
07:12:16.3 (5220309)|HEAP_ALLOCATE|[95]|Bytes:1
07:12:16.3 (5235288)|HEAP_ALLOCATE|[95]|Bytes:31
07:12:16.3 (5244611)|HEAP_ALLOCATE|[95]|Bytes:125
07:12:16.3 (5260811)|VARIABLE_ASSIGNMENT|[95]|soql|"Select id, Twitter_I (105 more) ..."
07:12:16.3 (5265497)|STATEMENT_EXECUTE|[98]
07:12:16.3 (5271479)|HEAP_ALLOCATE|[98]|Bytes:8
07:12:16.3 (5281269)|HEAP_ALLOCATE|[98]|Bytes:133
07:12:16.3 (5297147)|VARIABLE_ASSIGNMENT|[98]|soql|"Select id, Twitter_I (113 more) ..."
07:12:16.3 (5301745)|STATEMENT_EXECUTE|[100]
07:12:16.3 (5308457)|HEAP_ALLOCATE|[100]|Bytes:15
07:12:16.3 (5319576)|HEAP_ALLOCATE|[100]|Bytes:148
07:12:16.3 (5379031)|ENTERING_MANAGED_PKG|
07:12:16.3 (5433753)|USER_DEBUG|[100]|DEBUG|######## soql: Select id, Twitter_ID__c, First_Name__c, Last_Name__c, Company__c, E_mail__c FROM Candidate__c WHERE id ='a0MB0000000cQXFMA2' limit 1
07:12:16.3 (5450162)|STATEMENT_EXECUTE|[102]
07:12:16.3 (5498916)|ENTERING_MANAGED_PKG|
07:12:16.3 (5532643)|HEAP_ALLOCATE|[102]|Bytes:5
07:12:16.3 (6550116)|SOQL_EXECUTE_BEGIN|[102]|Aggregations:0|Select id, Twitter_ID__c, First_Name__c, Last_Name__c, Company__c, E_mail__c FROM Candidate__c WHERE id ='a0MB0000000cQXFMA2' limit 1
07:12:16.3 (10371083)|SOQL_EXECUTE_END|[102]|Rows:1
07:12:16.3 (10410558)|HEAP_ALLOCATE|[102]|Bytes:8
07:12:16.3 (10436316)|HEAP_ALLOCATE|[102]|Bytes:250
07:12:16.3 (10668745)|HEAP_ALLOCATE|[102]|Bytes:8
07:12:16.3 (10693336)|VARIABLE_SCOPE_BEGIN|[102]|lstQueriedRecords|List<SObject>|true|false
07:12:16.3 (10779492)|VARIABLE_ASSIGNMENT|[102]|lstQueriedRecords|{"s":1,"v":[{"s":2,"v":{"Id":"a0MB0000000cQXFMA2","testautonumdata__Twi (10 more) ...":"@roreb","testautonumdata__Fir (10 more) ...":"Rodrigo","testautonumdata__Las (9 more) ...":"Reboucas","testautonumdata__Com (7 more) ...":"Salesforce.com","testautonumdata__E_m (6 more) ...":"rreboucas@salesforce (4 more) ..."}}]}|0x74a07601
07:12:16.3 (10882896)|ENTERING_MANAGED_PKG|
07:12:16.3 (10930156)|STATEMENT_EXECUTE|[104]
07:12:16.3 (10932776)|STATEMENT_EXECUTE|[105]
07:12:16.3 (11063174)|VARIABLE_ASSIGNMENT|[EXTERNAL]|this|{}|0x622a4649
07:12:16.3 (11076679)|VARIABLE_ASSIGNMENT|[EXTERNAL]|value|true
07:12:16.3 (11083056)|HEAP_ALLOCATE|[10]|Bytes:5
07:12:16.3 (11109012)|VARIABLE_ASSIGNMENT|[10]|this.hasTwitterMemberID|true|0x622a4649
07:12:16.3 (11119743)|STATEMENT_EXECUTE|[106]
07:12:16.3 (11176324)|HEAP_ALLOCATE|[106]|Bytes:28
07:12:16.3 (11195341)|VARIABLE_SCOPE_BEGIN|[106]|e|SObject|true|false
07:12:16.3 (11229045)|VARIABLE_ASSIGNMENT|[106]|e|{"s":1,"v":{"Id":"a0MB0000000cQXFMA2","testautonumdata__Twi (10 more) ...":"@roreb","testautonumdata__Fir (10 more) ...":"Rodrigo","testautonumdata__Las (9 more) ...":"Reboucas","testautonumdata__Com (7 more) ...":"Salesforce.com","testautonumdata__E_m (6 more) ...":"rreboucas@salesforce (4 more) ..."}}|0x6e0bc36e
07:12:16.3 (11237501)|STATEMENT_EXECUTE|[109]
07:12:16.3 (11240340)|STATEMENT_EXECUTE|[110]
07:12:16.3 (11247107)|HEAP_ALLOCATE|[110]|Bytes:2
07:12:16.3 (11277788)|METHOD_ENTRY|[110]|01pB0000000r382|testautonumdata.Twitter_Lightning_Controller.GetSobjectField(SObject, String)
07:12:16.3 (11322189)|VARIABLE_SCOPE_BEGIN|[500]|e|SObject|true|false
07:12:16.3 (11353226)|VARIABLE_ASSIGNMENT|[500]|e|{"s":1,"v":{"Id":"a0MB0000000cQXFMA2","testautonumdata__Twi (10 more) ...":"@roreb","testautonumdata__Fir (10 more) ...":"Rodrigo","testautonumdata__Las (9 more) ...":"Reboucas","testautonumdata__Com (7 more) ...":"Salesforce.com","testautonumdata__E_m (6 more) ...":"rreboucas@salesforce (4 more) ..."}}|0x6e0bc36e
07:12:16.3 (11367493)|VARIABLE_SCOPE_BEGIN|[500]|lcfield|String|false|false
07:12:16.3 (11375091)|VARIABLE_ASSIGNMENT|[500]|lcfield|"id"
07:12:16.3 (11387513)|HEAP_ALLOCATE|[503]|Bytes:5
07:12:16.3 (11394138)|STATEMENT_EXECUTE|[501]
07:12:16.3 (11396986)|STATEMENT_EXECUTE|[503]
07:12:16.3 (11410752)|VARIABLE_SCOPE_BEGIN|[503]|returnValue|String|false|false
07:12:16.3 (11423270)|VARIABLE_ASSIGNMENT|[503]|returnValue|""
07:12:16.3 (11428848)|HEAP_ALLOCATE|[505]|Bytes:1
07:12:16.3 (11473048)|ENTERING_MANAGED_PKG|
07:12:16.3 (11535458)|STATEMENT_EXECUTE|[520]
07:12:16.3 (11593210)|ENTERING_MANAGED_PKG|
07:12:16.3 (11672553)|HEAP_ALLOCATE|[520]|Bytes:4
07:12:16.3 (11718359)|ENTERING_MANAGED_PKG|
07:12:16.3 (11727491)|HEAP_ALLOCATE|[520]|Bytes:18
07:12:16.3 (11751543)|VARIABLE_ASSIGNMENT|[520]|returnValue|"a0MB0000000cQXFMA2"
07:12:16.3 (11756422)|STATEMENT_EXECUTE|[522]
07:12:16.3 (11770297)|METHOD_EXIT|[110]|01pB0000000r382|testautonumdata.Twitter_Lightning_Controller.GetSobjectField(SObject, String)
07:12:16.3 (11850102)|VARIABLE_ASSIGNMENT|[EXTERNAL]|this|{"hasTwitterMemberID":true}|0x622a4649
07:12:16.3 (11868816)|VARIABLE_ASSIGNMENT|[EXTERNAL]|value|"a0MB0000000cQXFMA2"
07:12:16.3 (11903999)|VARIABLE_ASSIGNMENT|[4]|this.salesforceRecordID|"a0MB0000000cQXFMA2"|0x622a4649
07:12:16.3 (11918954)|STATEMENT_EXECUTE|[113]
07:12:16.3 (11921351)|STATEMENT_EXECUTE|[114]
07:12:16.3 (11931547)|METHOD_ENTRY|[114]|01pB0000000r382|testautonumdata.Twitter_Lightning_Controller.GetSobjectField(SObject, String)
07:12:16.3 (11965097)|VARIABLE_SCOPE_BEGIN|[500]|e|SObject|true|false
07:12:16.3 (12000972)|VARIABLE_ASSIGNMENT|[500]|e|{"s":1,"v":{"Id":"a0MB0000000cQXFMA2","testautonumdata__Twi (10 more) ...":"@roreb","testautonumdata__Fir (10 more) ...":"Rodrigo","testautonumdata__Las (9 more) ...":"Reboucas","testautonumdata__Com (7 more) ...":"Salesforce.com","testautonumdata__E_m (6 more) ...":"rreboucas@salesforce (4 more) ..."}}|0x6e0bc36e
07:12:16.3 (12008727)|VARIABLE_SCOPE_BEGIN|[500]|lcfield|String|false|false
07:12:16.3 (12015717)|VARIABLE_ASSIGNMENT|[500]|lcfield|"First_Name__c"
07:12:16.3 (12026587)|HEAP_ALLOCATE|[503]|Bytes:5
07:12:16.3 (12032081)|STATEMENT_EXECUTE|[501]
07:12:16.3 (12034383)|STATEMENT_EXECUTE|[503]
07:12:16.3 (12049519)|VARIABLE_SCOPE_BEGIN|[503]|returnValue|String|false|false
07:12:16.3 (12062860)|VARIABLE_ASSIGNMENT|[503]|returnValue|""
07:12:16.3 (12097601)|ENTERING_MANAGED_PKG|
07:12:16.3 (12118467)|STATEMENT_EXECUTE|[520]
07:12:16.3 (12152184)|ENTERING_MANAGED_PKG|
07:12:16.3 (12185320)|HEAP_ALLOCATE|[520]|Bytes:7
07:12:16.3 (12225545)|ENTERING_MANAGED_PKG|
07:12:16.3 (12233627)|HEAP_ALLOCATE|[520]|Bytes:7
07:12:16.3 (12257329)|VARIABLE_ASSIGNMENT|[520]|returnValue|"Rodrigo"
07:12:16.3 (12262105)|STATEMENT_EXECUTE|[522]
07:12:16.3 (12275738)|METHOD_EXIT|[114]|01pB0000000r382|testautonumdata.Twitter_Lightning_Controller.GetSobjectField(SObject, String)
07:12:16.3 (12359965)|VARIABLE_ASSIGNMENT|[EXTERNAL]|this|{"hasTwitterMemberID":true,"salesforceRecordID":"a0MB0000000cQXFMA2"}|0x622a4649
07:12:16.3 (12379486)|VARIABLE_ASSIGNMENT|[EXTERNAL]|value|"Rodrigo"
07:12:16.3 (12412537)|VARIABLE_ASSIGNMENT|[12]|this.firstName|"Rodrigo"|0x622a4649
07:12:16.3 (12429365)|STATEMENT_EXECUTE|[117]
07:12:16.3 (12432168)|STATEMENT_EXECUTE|[118]
07:12:16.3 (12442952)|METHOD_ENTRY|[118]|01pB0000000r382|testautonumdata.Twitter_Lightning_Controller.GetSobjectField(SObject, String)
07:12:16.3 (12476332)|VARIABLE_SCOPE_BEGIN|[500]|e|SObject|true|false
07:12:16.3 (12507081)|VARIABLE_ASSIGNMENT|[500]|e|{"s":1,"v":{"Id":"a0MB0000000cQXFMA2","testautonumdata__Twi (10 more) ...":"@roreb","testautonumdata__Fir (10 more) ...":"Rodrigo","testautonumdata__Las (9 more) ...":"Reboucas","testautonumdata__Com (7 more) ...":"Salesforce.com","testautonumdata__E_m (6 more) ...":"rreboucas@salesforce (4 more) ..."}}|0x6e0bc36e
07:12:16.3 (12513760)|VARIABLE_SCOPE_BEGIN|[500]|lcfield|String|false|false
07:12:16.3 (12520941)|VARIABLE_ASSIGNMENT|[500]|lcfield|"Last_Name__c"
07:12:16.3 (12531339)|HEAP_ALLOCATE|[503]|Bytes:5
07:12:16.3 (12536448)|STATEMENT_EXECUTE|[501]
07:12:16.3 (12538973)|STATEMENT_EXECUTE|[503]
07:12:16.3 (12556178)|VARIABLE_SCOPE_BEGIN|[503]|returnValue|String|false|false
07:12:16.3 (12569448)|VARIABLE_ASSIGNMENT|[503]|returnValue|""
07:12:16.3 (12606679)|ENTERING_MANAGED_PKG|
07:12:16.3 (12628423)|STATEMENT_EXECUTE|[520]
07:12:16.3 (12659945)|ENTERING_MANAGED_PKG|
07:12:16.3 (12696664)|HEAP_ALLOCATE|[520]|Bytes:8
07:12:16.3 (12738640)|ENTERING_MANAGED_PKG|
07:12:16.3 (12747721)|HEAP_ALLOCATE|[520]|Bytes:8
07:12:16.3 (12774210)|VARIABLE_ASSIGNMENT|[520]|returnValue|"Reboucas"
07:12:16.3 (12779134)|STATEMENT_EXECUTE|[522]
07:12:16.3 (12794126)|METHOD_EXIT|[118]|01pB0000000r382|testautonumdata.Twitter_Lightning_Controller.GetSobjectField(SObject, String)
07:12:16.3 (12879933)|VARIABLE_ASSIGNMENT|[EXTERNAL]|this|{"firstName":"Rodrigo","hasTwitterMemberID":true,"salesforceRecordID":"a0MB0000000cQXFMA2"}|0x622a4649
07:12:16.3 (12895421)|VARIABLE_ASSIGNMENT|[EXTERNAL]|value|"Reboucas"
07:12:16.3 (12929247)|VARIABLE_ASSIGNMENT|[14]|this.lastName|"Reboucas"|0x622a4649
07:12:16.3 (12944904)|STATEMENT_EXECUTE|[121]
07:12:16.3 (12947578)|STATEMENT_EXECUTE|[122]
07:12:16.3 (12958535)|METHOD_ENTRY|[122]|01pB0000000r382|testautonumdata.Twitter_Lightning_Controller.GetSobjectField(SObject, String)
07:12:16.3 (12992468)|VARIABLE_SCOPE_BEGIN|[500]|e|SObject|true|false
07:12:16.3 (13024518)|VARIABLE_ASSIGNMENT|[500]|e|{"s":1,"v":{"Id":"a0MB0000000cQXFMA2","testautonumdata__Twi (10 more) ...":"@roreb","testautonumdata__Fir (10 more) ...":"Rodrigo","testautonumdata__Las (9 more) ...":"Reboucas","testautonumdata__Com (7 more) ...":"Salesforce.com","testautonumdata__E_m (6 more) ...":"rreboucas@salesforce (4 more) ..."}}|0x6e0bc36e
07:12:16.3 (13032309)|VARIABLE_SCOPE_BEGIN|[500]|lcfield|String|false|false
07:12:16.3 (13040412)|VARIABLE_ASSIGNMENT|[500]|lcfield|"Company__c"
07:12:16.3 (13050673)|HEAP_ALLOCATE|[503]|Bytes:5
07:12:16.3 (13056232)|STATEMENT_EXECUTE|[501]
07:12:16.3 (13058341)|STATEMENT_EXECUTE|[503]
07:12:16.3 (13070590)|VARIABLE_SCOPE_BEGIN|[503]|returnValue|String|false|false
07:12:16.3 (13082777)|VARIABLE_ASSIGNMENT|[503]|returnValue|""
07:12:16.3 (13122914)|ENTERING_MANAGED_PKG|
07:12:16.3 (13146462)|STATEMENT_EXECUTE|[520]
07:12:16.3 (13177794)|ENTERING_MANAGED_PKG|
07:12:16.3 (13216944)|HEAP_ALLOCATE|[520]|Bytes:14
07:12:16.3 (13258521)|ENTERING_MANAGED_PKG|
07:12:16.3 (13267666)|HEAP_ALLOCATE|[520]|Bytes:14
07:12:16.3 (13295430)|VARIABLE_ASSIGNMENT|[520]|returnValue|"Salesforce.com"
07:12:16.3 (13300913)|STATEMENT_EXECUTE|[522]
07:12:16.3 (13316001)|METHOD_EXIT|[122]|01pB0000000r382|testautonumdata.Twitter_Lightning_Controller.GetSobjectField(SObject, String)
07:12:16.3 (13402527)|VARIABLE_ASSIGNMENT|[EXTERNAL]|this|{"firstName":"Rodrigo","hasTwitterMemberID":true,"lastName":"Reboucas","salesforceRecordID":"a0MB0000000cQXFMA2"}|0x622a4649
07:12:16.3 (13419903)|VARIABLE_ASSIGNMENT|[EXTERNAL]|value|"Salesforce.com"
07:12:16.3 (13452097)|VARIABLE_ASSIGNMENT|[16]|this.companyName|"Salesforce.com"|0x622a4649
07:12:16.3 (13468524)|STATEMENT_EXECUTE|[126]
07:12:16.3 (13471362)|STATEMENT_EXECUTE|[127]
07:12:16.3 (13483323)|METHOD_ENTRY|[127]|01pB0000000r382|testautonumdata.Twitter_Lightning_Controller.GetSobjectField(SObject, String)
07:12:16.3 (13516881)|VARIABLE_SCOPE_BEGIN|[500]|e|SObject|true|false
07:12:16.3 (13547930)|VARIABLE_ASSIGNMENT|[500]|e|{"s":1,"v":{"Id":"a0MB0000000cQXFMA2","testautonumdata__Twi (10 more) ...":"@roreb","testautonumdata__Fir (10 more) ...":"Rodrigo","testautonumdata__Las (9 more) ...":"Reboucas","testautonumdata__Com (7 more) ...":"Salesforce.com","testautonumdata__E_m (6 more) ...":"rreboucas@salesforce (4 more) ..."}}|0x6e0bc36e
07:12:16.3 (13560500)|VARIABLE_SCOPE_BEGIN|[500]|lcfield|String|false|false
07:12:16.3 (13568915)|VARIABLE_ASSIGNMENT|[500]|lcfield|"E_mail__c"
07:12:16.3 (13580264)|HEAP_ALLOCATE|[503]|Bytes:5
07:12:16.3 (13589669)|STATEMENT_EXECUTE|[501]
07:12:16.3 (13592266)|STATEMENT_EXECUTE|[503]
07:12:16.3 (13605908)|VARIABLE_SCOPE_BEGIN|[503]|returnValue|String|false|false
07:12:16.3 (13619475)|VARIABLE_ASSIGNMENT|[503]|returnValue|""
07:12:16.3 (13655472)|ENTERING_MANAGED_PKG|
07:12:16.3 (13676883)|STATEMENT_EXECUTE|[520]
07:12:16.3 (13708171)|ENTERING_MANAGED_PKG|
07:12:16.3 (13743727)|HEAP_ALLOCATE|[520]|Bytes:24
07:12:16.3 (13787297)|ENTERING_MANAGED_PKG|
07:12:16.3 (13796132)|HEAP_ALLOCATE|[520]|Bytes:24
07:12:16.3 (13824497)|VARIABLE_ASSIGNMENT|[520]|returnValue|"rreboucas@salesforce (4 more) ..."
07:12:16.3 (13829856)|STATEMENT_EXECUTE|[522]
07:12:16.3 (13843176)|METHOD_EXIT|[127]|01pB0000000r382|testautonumdata.Twitter_Lightning_Controller.GetSobjectField(SObject, String)
07:12:16.3 (13928833)|VARIABLE_ASSIGNMENT|[EXTERNAL]|this|{"companyName":"Salesforce.com","firstName":"Rodrigo","hasTwitterMemberID":true,"lastName":"Reboucas","salesforceRecordID":"a0MB0000000cQXFMA2"}|0x622a4649
07:12:16.3 (13945601)|VARIABLE_ASSIGNMENT|[EXTERNAL]|value|"rreboucas@salesforce (4 more) ..."
07:12:16.3 (13977246)|VARIABLE_ASSIGNMENT|[18]|this.email|"rreboucas@salesforce (4 more) ..."|0x622a4649
07:12:16.3 (13992017)|STATEMENT_EXECUTE|[131]
07:12:16.3 (13994459)|STATEMENT_EXECUTE|[132]
07:12:16.3 (14005150)|METHOD_ENTRY|[132]|01pB0000000r382|testautonumdata.Twitter_Lightning_Controller.GetSobjectField(SObject, String)
07:12:16.3 (14039097)|VARIABLE_SCOPE_BEGIN|[500]|e|SObject|true|false
07:12:16.3 (14068972)|VARIABLE_ASSIGNMENT|[500]|e|{"s":1,"v":{"Id":"a0MB0000000cQXFMA2","testautonumdata__Twi (10 more) ...":"@roreb","testautonumdata__Fir (10 more) ...":"Rodrigo","testautonumdata__Las (9 more) ...":"Reboucas","testautonumdata__Com (7 more) ...":"Salesforce.com","testautonumdata__E_m (6 more) ...":"rreboucas@salesforce (4 more) ..."}}|0x6e0bc36e
07:12:16.3 (14074959)|VARIABLE_SCOPE_BEGIN|[500]|lcfield|String|false|false
07:12:16.3 (14085778)|VARIABLE_ASSIGNMENT|[500]|lcfield|"Twitter_ID__c"
07:12:16.3 (14096022)|HEAP_ALLOCATE|[503]|Bytes:5
07:12:16.3 (14101721)|STATEMENT_EXECUTE|[501]
07:12:16.3 (14104123)|STATEMENT_EXECUTE|[503]
07:12:16.3 (14115582)|VARIABLE_SCOPE_BEGIN|[503]|returnValue|String|false|false
07:12:16.3 (14126559)|VARIABLE_ASSIGNMENT|[503]|returnValue|""
07:12:16.3 (14159687)|ENTERING_MANAGED_PKG|
07:12:16.3 (14177930)|STATEMENT_EXECUTE|[520]
07:12:16.3 (14204291)|ENTERING_MANAGED_PKG|
07:12:16.3 (14237157)|HEAP_ALLOCATE|[520]|Bytes:6
07:12:16.3 (14274169)|ENTERING_MANAGED_PKG|
07:12:16.3 (14281706)|HEAP_ALLOCATE|[520]|Bytes:6
07:12:16.3 (14305650)|VARIABLE_ASSIGNMENT|[520]|returnValue|"@roreb"
07:12:16.3 (14310127)|STATEMENT_EXECUTE|[522]
07:12:16.3 (14322336)|METHOD_EXIT|[132]|01pB0000000r382|testautonumdata.Twitter_Lightning_Controller.GetSobjectField(SObject, String)
07:12:16.3 (14397121)|VARIABLE_ASSIGNMENT|[EXTERNAL]|this|{"companyName":"Salesforce.com","email":"rreboucas@salesforce (4 more) ...","firstName":"Rodrigo","hasTwitterMemberID":true,"lastName":"Reboucas","salesforceRecordID":"a0MB0000000cQXFMA2"}|0x622a4649
07:12:16.3 (14408101)|VARIABLE_ASSIGNMENT|[EXTERNAL]|value|"@roreb"
07:12:16.3 (14452382)|VARIABLE_ASSIGNMENT|[8]|this.twitterName|"@roreb"|0x622a4649
07:12:16.3 (14467759)|STATEMENT_EXECUTE|[143]
07:12:16.3 (14485814)|SYSTEM_MODE_EXIT|false
07:12:16.14 (14533718)|CUMULATIVE_LIMIT_USAGE
07:12:16.14 (14533718)|LIMIT_USAGE_FOR_NS|(default)|
  Number of SOQL queries: 0 out of 100
  Number of query rows: 0 out of 50000
  Number of SOSL queries: 0 out of 20
  Number of DML statements: 0 out of 150
  Number of DML rows: 0 out of 10000
  Maximum CPU time: 0 out of 10000
  Maximum heap size: 0 out of 6000000
  Number of callouts: 0 out of 100
  Number of Email Invocations: 0 out of 10
  Number of future calls: 0 out of 50
  Number of queueable jobs added to the queue: 0 out of 50
  Number of Mobile Apex push calls: 0 out of 10

07:12:16.14 (14533718)|LIMIT_USAGE_FOR_NS|testautonumdata|
  Number of SOQL queries: 1 out of 100
  Number of query rows: 1 out of 50000
  Number of SOSL queries: 0 out of 20
  Number of DML statements: 0 out of 150
  Number of DML rows: 0 out of 10000
  Maximum CPU time: 0 out of 10000
  Maximum heap size: 0 out of 6000000
  Number of callouts: 0 out of 100
  Number of Email Invocations: 0 out of 10
  Number of future calls: 0 out of 50
  Number of queueable jobs added to the queue: 0 out of 50
  Number of Mobile Apex push calls: 0 out of 10

07:12:16.14 (14533718)|CUMULATIVE_LIMIT_USAGE_END

07:12:16.3 (14617367)|CODE_UNIT_FINISHED|Twitter_Lightning_Controller.getRecordDetails
07:12:16.17 (17303453)|USER_INFO|[EXTERNAL]|005B0000001VpZR|rreboucas-yi5c@force.com|Pacific Standard Time|GMT-07:00
07:12:16.17 (17324880)|CODE_UNIT_STARTED|[EXTERNAL]|Aura
07:12:16.17 (17498011)|CODE_UNIT_FINISHED|Aura
