37.0 APEX_CODE,FINEST;APEX_PROFILING,INFO;CALLOUT,INFO;DB,INFO;SYSTEM,DEBUG;VALIDATION,INFO;VISUALFORCE,INFO;WORKFLOW,INFO
12:10:38.0 (518931)|USER_INFO|[EXTERNAL]|005B0000001VpZR|rreboucas-yi5c@force.com|Pacific Standard Time|GMT-07:00
12:10:38.0 (1118756)|HEAP_ALLOCATE|[72]|Bytes:3
12:10:38.0 (1177191)|HEAP_ALLOCATE|[77]|Bytes:152
12:10:38.0 (1199633)|HEAP_ALLOCATE|[342]|Bytes:408
12:10:38.0 (1220602)|HEAP_ALLOCATE|[355]|Bytes:408
12:10:38.0 (1240922)|HEAP_ALLOCATE|[467]|Bytes:48
12:10:38.3 (3276152)|USER_INFO|[EXTERNAL]|005B0000001VpZR|rreboucas-yi5c@force.com|Pacific Standard Time|GMT-07:00
12:10:38.3 (3729634)|STATEMENT_EXECUTE|[1]
12:10:38.3 (3773541)|HEAP_ALLOCATE|[50]|Bytes:5
12:10:38.3 (3800967)|HEAP_ALLOCATE|[56]|Bytes:5
12:10:38.3 (3810006)|HEAP_ALLOCATE|[64]|Bytes:7
12:10:38.3 (3839076)|SYSTEM_MODE_ENTER|false
12:10:38.3 (3860661)|HEAP_ALLOCATE|[EXTERNAL]|Bytes:5
12:10:38.3 (3870568)|SYSTEM_MODE_EXIT|false
12:10:38.3 (3884072)|METHOD_EXIT|[1]|ReferralsServerController
12:10:38.3 (3905361)|HEAP_ALLOCATE|[EXTERNAL]|Bytes:28
12:10:38.3 (3908451)|HEAP_ALLOCATE|[EXTERNAL]|Bytes:28
12:10:38.3 (3909703)|HEAP_ALLOCATE|[EXTERNAL]|Bytes:29
12:10:38.3 (3917143)|SYSTEM_MODE_ENTER|false
12:10:38.3 (3928648)|VARIABLE_SCOPE_BEGIN|[20]|rowsLimit|Integer|false|false
12:10:38.3 (3963007)|VARIABLE_ASSIGNMENT|[20]|rowsLimit|8
12:10:38.3 (3968064)|VARIABLE_SCOPE_BEGIN|[20]|recordId|String|false|false
12:10:38.3 (3971969)|VARIABLE_ASSIGNMENT|[20]|recordId|null
12:10:38.3 (3975837)|VARIABLE_SCOPE_BEGIN|[20]|objectApiName|String|false|false
12:10:38.3 (3985538)|VARIABLE_ASSIGNMENT|[20]|objectApiName|"testautonumdata__Ref (8 more) ..."
12:10:38.3 (3988630)|VARIABLE_SCOPE_BEGIN|[20]|ParentObjectFieldName|String|false|false
12:10:38.3 (3992494)|VARIABLE_ASSIGNMENT|[20]|ParentObjectFieldName|"testautonumdata__Can (9 more) ..."
12:10:38.3 (3995606)|VARIABLE_SCOPE_BEGIN|[20]|filter1Field|String|false|false
12:10:38.3 (3998769)|VARIABLE_ASSIGNMENT|[20]|filter1Field|null
12:10:38.3 (4001299)|VARIABLE_SCOPE_BEGIN|[20]|filter1Value|String|false|false
12:10:38.3 (4004788)|VARIABLE_ASSIGNMENT|[20]|filter1Value|null
12:10:38.3 (4007326)|VARIABLE_SCOPE_BEGIN|[20]|column1|String|false|false
12:10:38.3 (4010056)|VARIABLE_ASSIGNMENT|[20]|column1|null
12:10:38.3 (4012510)|VARIABLE_SCOPE_BEGIN|[20]|RelFieldWithName|String|false|false
12:10:38.3 (4015333)|VARIABLE_ASSIGNMENT|[20]|RelFieldWithName|null
12:10:38.3 (4017727)|VARIABLE_SCOPE_BEGIN|[20]|column2|String|false|false
12:10:38.3 (4020404)|VARIABLE_ASSIGNMENT|[20]|column2|null
12:10:38.3 (4035521)|HEAP_ALLOCATE|[22]|Bytes:5
12:10:38.3 (4121002)|STATEMENT_EXECUTE|[20]
12:10:38.3 (4167396)|STATEMENT_EXECUTE|[22]
12:10:38.3 (4175448)|HEAP_ALLOCATE|[22]|Bytes:20
12:10:38.3 (4215365)|ENTERING_MANAGED_PKG|
12:10:38.3 (4261667)|HEAP_ALLOCATE|[22]|Bytes:1
12:10:38.3 (4290580)|HEAP_ALLOCATE|[22]|Bytes:21
12:10:38.3 (4325727)|ENTERING_MANAGED_PKG|
12:10:38.3 (4336330)|USER_DEBUG|[22]|DEBUG|######## rowsLimit: 8
12:10:38.3 (4359410)|STATEMENT_EXECUTE|[23]
12:10:38.3 (4365058)|HEAP_ALLOCATE|[23]|Bytes:24
12:10:38.3 (4372463)|HEAP_ALLOCATE|[23]|Bytes:52
12:10:38.3 (4390947)|ENTERING_MANAGED_PKG|
12:10:38.3 (4423177)|USER_DEBUG|[23]|DEBUG|######## objectApiName: testautonumdata__Referral__c
12:10:38.3 (4433243)|STATEMENT_EXECUTE|[27]
12:10:38.3 (4440984)|HEAP_ALLOCATE|[27]|Bytes:4
12:10:38.3 (4520762)|ENTERING_MANAGED_PKG|
12:10:38.3 (4560978)|VARIABLE_SCOPE_BEGIN|[27]|lstReturnRecords|List<testautonumdata.ReferralsServerController>|true|false
12:10:38.3 (4595702)|HEAP_ALLOCATE|[EXTERNAL]|Bytes:4
12:10:38.3 (4622245)|VARIABLE_ASSIGNMENT|[27]|lstReturnRecords|{"s":1,"v":[]}|0x26dd09d3
12:10:38.3 (4628518)|STATEMENT_EXECUTE|[29]
12:10:38.3 (4631572)|STATEMENT_EXECUTE|[102]
12:10:38.3 (4635413)|HEAP_ALLOCATE|[102]|Bytes:27
12:10:38.3 (4661873)|ENTERING_MANAGED_PKG|
12:10:38.3 (4699310)|HEAP_ALLOCATE|[102]|Bytes:2
12:10:38.3 (4715415)|HEAP_ALLOCATE|[102]|Bytes:29
12:10:38.3 (4735368)|ENTERING_MANAGED_PKG|
12:10:38.3 (4741156)|USER_DEBUG|[102]|DEBUG|######## lstReturnRecords: ()
12:10:38.3 (4750370)|STATEMENT_EXECUTE|[104]
12:10:38.3 (4764480)|SYSTEM_MODE_EXIT|false
12:10:38.4 (4807049)|CUMULATIVE_LIMIT_USAGE
12:10:38.4 (4807049)|LIMIT_USAGE_FOR_NS|(default)|
  Number of SOQL queries: 0 out of 100
  Number of query rows: 0 out of 50000
  Number of SOSL queries: 0 out of 20
  Number of DML statements: 0 out of 150
  Number of DML rows: 0 out of 10000
  Maximum CPU time: 0 out of 10000
  Maximum heap size: 0 out of 6000000
  Number of callouts: 0 out of 100
  Number of Email Invocations: 0 out of 10
  Number of future calls: 0 out of 50
  Number of queueable jobs added to the queue: 0 out of 50
  Number of Mobile Apex push calls: 0 out of 10

12:10:38.4 (4807049)|CUMULATIVE_LIMIT_USAGE_END

12:10:38.3 (4863815)|CODE_UNIT_FINISHED|ReferralsServerController.getListRecords
