37.0 APEX_CODE,FINEST;APEX_PROFILING,INFO;CALLOUT,INFO;DB,INFO;SYSTEM,DEBUG;VALIDATION,INFO;VISUALFORCE,INFO;WORKFLOW,INFO
12:11:20.0 (106758)|USER_INFO|[EXTERNAL]|005B0000001VpZR|rreboucas-yi5c@force.com|Pacific Standard Time|GMT-07:00
12:11:20.0 (538132)|HEAP_ALLOCATE|[72]|Bytes:3
12:11:20.0 (596861)|HEAP_ALLOCATE|[77]|Bytes:152
12:11:20.0 (618436)|HEAP_ALLOCATE|[342]|Bytes:408
12:11:20.0 (641654)|HEAP_ALLOCATE|[355]|Bytes:408
12:11:20.0 (663138)|HEAP_ALLOCATE|[467]|Bytes:48
12:11:20.2 (2901760)|USER_INFO|[EXTERNAL]|005B0000001VpZR|rreboucas-yi5c@force.com|Pacific Standard Time|GMT-07:00
12:11:20.2 (3107402)|STATEMENT_EXECUTE|[1]
12:11:20.2 (3151480)|HEAP_ALLOCATE|[50]|Bytes:5
12:11:20.2 (3177320)|HEAP_ALLOCATE|[56]|Bytes:5
12:11:20.2 (3186877)|HEAP_ALLOCATE|[64]|Bytes:7
12:11:20.2 (3216577)|SYSTEM_MODE_ENTER|false
12:11:20.2 (3237493)|HEAP_ALLOCATE|[EXTERNAL]|Bytes:5
12:11:20.2 (3246254)|SYSTEM_MODE_EXIT|false
12:11:20.2 (3259693)|METHOD_EXIT|[1]|ReferralsServerController
12:11:20.2 (3282483)|HEAP_ALLOCATE|[EXTERNAL]|Bytes:28
12:11:20.2 (3285717)|HEAP_ALLOCATE|[EXTERNAL]|Bytes:28
12:11:20.2 (3287071)|HEAP_ALLOCATE|[EXTERNAL]|Bytes:29
12:11:20.2 (3288355)|HEAP_ALLOCATE|[EXTERNAL]|Bytes:7
12:11:20.2 (3289630)|HEAP_ALLOCATE|[EXTERNAL]|Bytes:5
12:11:20.2 (3297353)|SYSTEM_MODE_ENTER|false
12:11:20.2 (3304378)|VARIABLE_SCOPE_BEGIN|[20]|rowsLimit|Integer|false|false
12:11:20.2 (3334591)|VARIABLE_ASSIGNMENT|[20]|rowsLimit|8
12:11:20.2 (3338902)|VARIABLE_SCOPE_BEGIN|[20]|recordId|String|false|false
12:11:20.2 (3343119)|VARIABLE_ASSIGNMENT|[20]|recordId|null
12:11:20.2 (3345049)|VARIABLE_SCOPE_BEGIN|[20]|objectApiName|String|false|false
12:11:20.2 (3366020)|VARIABLE_ASSIGNMENT|[20]|objectApiName|"testautonumdata__Ref (8 more) ..."
12:11:20.2 (3369165)|VARIABLE_SCOPE_BEGIN|[20]|ParentObjectFieldName|String|false|false
12:11:20.2 (3373240)|VARIABLE_ASSIGNMENT|[20]|ParentObjectFieldName|"testautonumdata__Can (9 more) ..."
12:11:20.2 (3375216)|VARIABLE_SCOPE_BEGIN|[20]|filter1Field|String|false|false
12:11:20.2 (3378117)|VARIABLE_ASSIGNMENT|[20]|filter1Field|null
12:11:20.2 (3379895)|VARIABLE_SCOPE_BEGIN|[20]|filter1Value|String|false|false
12:11:20.2 (3382088)|VARIABLE_ASSIGNMENT|[20]|filter1Value|null
12:11:20.2 (3383862)|VARIABLE_SCOPE_BEGIN|[20]|column1|String|false|false
12:11:20.2 (3386617)|VARIABLE_ASSIGNMENT|[20]|column1|"OwnerId"
12:11:20.2 (3388419)|VARIABLE_SCOPE_BEGIN|[20]|RelFieldWithName|String|false|false
12:11:20.2 (3396047)|VARIABLE_ASSIGNMENT|[20]|RelFieldWithName|"Owner"
12:11:20.2 (3398220)|VARIABLE_SCOPE_BEGIN|[20]|column2|String|false|false
12:11:20.2 (3400561)|VARIABLE_ASSIGNMENT|[20]|column2|null
12:11:20.2 (3415786)|HEAP_ALLOCATE|[22]|Bytes:5
12:11:20.2 (3420436)|STATEMENT_EXECUTE|[20]
12:11:20.2 (3422042)|STATEMENT_EXECUTE|[22]
12:11:20.2 (3425334)|HEAP_ALLOCATE|[22]|Bytes:20
12:11:20.2 (3457099)|ENTERING_MANAGED_PKG|
12:11:20.2 (3497737)|HEAP_ALLOCATE|[22]|Bytes:1
12:11:20.2 (3519242)|HEAP_ALLOCATE|[22]|Bytes:21
12:11:20.2 (3550174)|ENTERING_MANAGED_PKG|
12:11:20.2 (3559885)|USER_DEBUG|[22]|DEBUG|######## rowsLimit: 8
12:11:20.2 (3567343)|STATEMENT_EXECUTE|[23]
12:11:20.2 (3570918)|HEAP_ALLOCATE|[23]|Bytes:24
12:11:20.2 (3577627)|HEAP_ALLOCATE|[23]|Bytes:52
12:11:20.2 (3590585)|ENTERING_MANAGED_PKG|
12:11:20.2 (3620453)|USER_DEBUG|[23]|DEBUG|######## objectApiName: testautonumdata__Referral__c
12:11:20.2 (3627840)|STATEMENT_EXECUTE|[27]
12:11:20.2 (3698946)|HEAP_ALLOCATE|[27]|Bytes:4
12:11:20.2 (3788252)|ENTERING_MANAGED_PKG|
12:11:20.2 (3827850)|VARIABLE_SCOPE_BEGIN|[27]|lstReturnRecords|List<testautonumdata.ReferralsServerController>|true|false
12:11:20.2 (3862295)|HEAP_ALLOCATE|[EXTERNAL]|Bytes:4
12:11:20.2 (3886266)|VARIABLE_ASSIGNMENT|[27]|lstReturnRecords|{"s":1,"v":[]}|0x5161798c
12:11:20.2 (3890583)|STATEMENT_EXECUTE|[29]
12:11:20.2 (3892682)|STATEMENT_EXECUTE|[102]
12:11:20.2 (3896153)|HEAP_ALLOCATE|[102]|Bytes:27
12:11:20.2 (3918803)|ENTERING_MANAGED_PKG|
12:11:20.2 (3952961)|HEAP_ALLOCATE|[102]|Bytes:2
12:11:20.2 (3967597)|HEAP_ALLOCATE|[102]|Bytes:29
12:11:20.2 (3984583)|ENTERING_MANAGED_PKG|
12:11:20.2 (3990986)|USER_DEBUG|[102]|DEBUG|######## lstReturnRecords: ()
12:11:20.2 (3998048)|STATEMENT_EXECUTE|[104]
12:11:20.2 (4009565)|SYSTEM_MODE_EXIT|false
12:11:20.4 (4054391)|CUMULATIVE_LIMIT_USAGE
12:11:20.4 (4054391)|LIMIT_USAGE_FOR_NS|(default)|
  Number of SOQL queries: 0 out of 100
  Number of query rows: 0 out of 50000
  Number of SOSL queries: 0 out of 20
  Number of DML statements: 0 out of 150
  Number of DML rows: 0 out of 10000
  Maximum CPU time: 0 out of 10000
  Maximum heap size: 0 out of 6000000
  Number of callouts: 0 out of 100
  Number of Email Invocations: 0 out of 10
  Number of future calls: 0 out of 50
  Number of queueable jobs added to the queue: 0 out of 50
  Number of Mobile Apex push calls: 0 out of 10

12:11:20.4 (4054391)|CUMULATIVE_LIMIT_USAGE_END

12:11:20.2 (4120346)|CODE_UNIT_FINISHED|ReferralsServerController.getListRecords
