37.0 APEX_CODE,FINEST;APEX_PROFILING,INFO;CALLOUT,INFO;DB,INFO;SYSTEM,DEBUG;VALIDATION,INFO;VISUALFORCE,INFO;WORKFLOW,INFO
08:28:07.0 (147407)|USER_INFO|[EXTERNAL]|005B0000001VpZR|rreboucas-yi5c@force.com|Pacific Standard Time|GMT-07:00
08:28:07.0 (676025)|HEAP_ALLOCATE|[72]|Bytes:3
08:28:07.0 (752363)|HEAP_ALLOCATE|[77]|Bytes:152
08:28:07.0 (774782)|HEAP_ALLOCATE|[342]|Bytes:408
08:28:07.0 (795723)|HEAP_ALLOCATE|[355]|Bytes:408
08:28:07.0 (814285)|HEAP_ALLOCATE|[467]|Bytes:48
08:28:07.3 (3299457)|USER_INFO|[EXTERNAL]|005B0000001VpZR|rreboucas-yi5c@force.com|Pacific Standard Time|GMT-07:00
08:28:07.3 (3548000)|STATEMENT_EXECUTE|[1]
08:28:07.3 (3589616)|HEAP_ALLOCATE|[50]|Bytes:5
08:28:07.3 (3619635)|HEAP_ALLOCATE|[56]|Bytes:5
08:28:07.3 (3630802)|HEAP_ALLOCATE|[64]|Bytes:7
08:28:07.3 (3662298)|SYSTEM_MODE_ENTER|false
08:28:07.3 (3684184)|HEAP_ALLOCATE|[EXTERNAL]|Bytes:5
08:28:07.3 (3694958)|SYSTEM_MODE_EXIT|false
08:28:07.3 (3713481)|METHOD_EXIT|[1]|InterviewsLCServerController
08:28:07.3 (3719458)|HEAP_ALLOCATE|[EXTERNAL]|Bytes:1
08:28:07.3 (3721836)|HEAP_ALLOCATE|[EXTERNAL]|Bytes:12
08:28:07.3 (3723308)|HEAP_ALLOCATE|[EXTERNAL]|Bytes:12
08:28:07.3 (3724566)|HEAP_ALLOCATE|[EXTERNAL]|Bytes:17
08:28:07.3 (3725776)|HEAP_ALLOCATE|[EXTERNAL]|Bytes:29
08:28:07.3 (3727060)|HEAP_ALLOCATE|[EXTERNAL]|Bytes:9
08:28:07.3 (3728296)|HEAP_ALLOCATE|[EXTERNAL]|Bytes:17
08:28:07.3 (3734845)|SYSTEM_MODE_ENTER|false
08:28:07.3 (3743351)|VARIABLE_SCOPE_BEGIN|[19]|rowsLimit|String|false|false
08:28:07.3 (3771061)|VARIABLE_ASSIGNMENT|[19]|rowsLimit|"8"
08:28:07.3 (3774906)|VARIABLE_SCOPE_BEGIN|[19]|objectApiName|String|false|false
08:28:07.3 (3779434)|VARIABLE_ASSIGNMENT|[19]|objectApiName|"Interview__c"
08:28:07.3 (3781719)|VARIABLE_SCOPE_BEGIN|[19]|eventField|String|false|false
08:28:07.3 (3785186)|VARIABLE_ASSIGNMENT|[19]|eventField|"Candidate__c"
08:28:07.3 (3787236)|VARIABLE_SCOPE_BEGIN|[19]|column1|String|false|false
08:28:07.3 (3790885)|VARIABLE_ASSIGNMENT|[19]|column1|"Candidate__r.Name"
08:28:07.3 (3793115)|VARIABLE_SCOPE_BEGIN|[19]|column2|String|false|false
08:28:07.3 (3799044)|VARIABLE_ASSIGNMENT|[19]|column2|"Candidate__r.Positio (9 more) ..."
08:28:07.3 (3801304)|VARIABLE_SCOPE_BEGIN|[19]|column3|String|false|false
08:28:07.3 (3804273)|VARIABLE_ASSIGNMENT|[19]|column3|"Status__c"
08:28:07.3 (3806262)|VARIABLE_SCOPE_BEGIN|[19]|column4|String|false|false
08:28:07.3 (3809368)|VARIABLE_ASSIGNMENT|[19]|column4|"Interview_Type__c"
08:28:07.3 (3824069)|HEAP_ALLOCATE|[21]|Bytes:5
08:28:07.3 (3831111)|STATEMENT_EXECUTE|[19]
08:28:07.3 (3832905)|STATEMENT_EXECUTE|[21]
08:28:07.3 (3836327)|HEAP_ALLOCATE|[21]|Bytes:20
08:28:07.3 (3851527)|HEAP_ALLOCATE|[21]|Bytes:21
08:28:07.3 (3893002)|ENTERING_MANAGED_PKG|
08:28:07.3 (3941064)|USER_DEBUG|[21]|DEBUG|######## rowsLimit: 8
08:28:07.3 (3952744)|STATEMENT_EXECUTE|[22]
08:28:07.3 (3956878)|HEAP_ALLOCATE|[22]|Bytes:24
08:28:07.3 (3963904)|HEAP_ALLOCATE|[22]|Bytes:36
08:28:07.3 (3980095)|ENTERING_MANAGED_PKG|
08:28:07.3 (4005320)|USER_DEBUG|[22]|DEBUG|######## objectApiName: Interview__c
08:28:07.3 (4014370)|STATEMENT_EXECUTE|[24]
08:28:07.3 (4111854)|HEAP_ALLOCATE|[24]|Bytes:4
08:28:07.3 (4201691)|ENTERING_MANAGED_PKG|
08:28:07.3 (4240239)|VARIABLE_SCOPE_BEGIN|[24]|lstReturnRecords|List<testautonumdata.InterviewsLCServerController>|true|false
08:28:07.3 (4277163)|HEAP_ALLOCATE|[EXTERNAL]|Bytes:4
08:28:07.3 (4301364)|VARIABLE_ASSIGNMENT|[24]|lstReturnRecords|{"s":1,"v":[]}|0x17cdab28
08:28:07.3 (4305051)|STATEMENT_EXECUTE|[26]
08:28:07.3 (4338137)|ENTERING_MANAGED_PKG|
08:28:07.3 (4380268)|VARIABLE_SCOPE_BEGIN|[26]|rLimit|Integer|false|false
08:28:07.3 (4385918)|HEAP_ALLOCATE|[26]|Bytes:4
08:28:07.3 (4392168)|VARIABLE_ASSIGNMENT|[26]|rLimit|8
08:28:07.3 (4394526)|STATEMENT_EXECUTE|[27]
08:28:07.3 (4398005)|HEAP_ALLOCATE|[27]|Bytes:17
08:28:07.3 (4421444)|ENTERING_MANAGED_PKG|
08:28:07.3 (4457279)|HEAP_ALLOCATE|[27]|Bytes:1
08:28:07.3 (4471572)|HEAP_ALLOCATE|[27]|Bytes:18
08:28:07.3 (4490262)|ENTERING_MANAGED_PKG|
08:28:07.3 (4497472)|USER_DEBUG|[27]|DEBUG|######## rLimit: 8
08:28:07.3 (4504423)|STATEMENT_EXECUTE|[29]
08:28:07.3 (4508419)|HEAP_ALLOCATE|[29]|Bytes:9
08:28:07.3 (4513267)|VARIABLE_SCOPE_BEGIN|[29]|soql|String|false|false
08:28:07.3 (4520603)|VARIABLE_ASSIGNMENT|[29]|soql|"Select id"
08:28:07.3 (4523425)|STATEMENT_EXECUTE|[32]
08:28:07.3 (4526018)|HEAP_ALLOCATE|[32]|Bytes:2
08:28:07.3 (4531811)|HEAP_ALLOCATE|[32]|Bytes:14
08:28:07.3 (4535585)|HEAP_ALLOCATE|[32]|Bytes:23
08:28:07.3 (4542285)|VARIABLE_ASSIGNMENT|[32]|soql|"Select id, Candidate (3 more) ..."
08:28:07.3 (4548386)|STATEMENT_EXECUTE|[35]
08:28:07.3 (4553009)|HEAP_ALLOCATE|[35]|Bytes:19
08:28:07.3 (4556908)|HEAP_ALLOCATE|[35]|Bytes:42
08:28:07.3 (4562989)|VARIABLE_ASSIGNMENT|[35]|soql|"Select id, Candidate (22 more) ..."
08:28:07.3 (4565720)|STATEMENT_EXECUTE|[38]
08:28:07.3 (4569573)|HEAP_ALLOCATE|[38]|Bytes:31
08:28:07.3 (4573144)|HEAP_ALLOCATE|[38]|Bytes:73
08:28:07.3 (4578616)|VARIABLE_ASSIGNMENT|[38]|soql|"Select id, Candidate (53 more) ..."
08:28:07.3 (4581498)|STATEMENT_EXECUTE|[41]
08:28:07.3 (4585203)|HEAP_ALLOCATE|[41]|Bytes:11
08:28:07.3 (4588694)|HEAP_ALLOCATE|[41]|Bytes:84
08:28:07.3 (4593842)|VARIABLE_ASSIGNMENT|[41]|soql|"Select id, Candidate (64 more) ..."
08:28:07.3 (4596426)|STATEMENT_EXECUTE|[44]
08:28:07.3 (4600043)|HEAP_ALLOCATE|[44]|Bytes:19
08:28:07.3 (4603700)|HEAP_ALLOCATE|[44]|Bytes:103
08:28:07.3 (4609111)|VARIABLE_ASSIGNMENT|[44]|soql|"Select id, Candidate (83 more) ..."
08:28:07.3 (4611663)|STATEMENT_EXECUTE|[47]
08:28:07.3 (4616115)|HEAP_ALLOCATE|[47]|Bytes:6
08:28:07.3 (4620537)|HEAP_ALLOCATE|[47]|Bytes:18
08:28:07.3 (4624023)|HEAP_ALLOCATE|[47]|Bytes:121
08:28:07.3 (4630168)|VARIABLE_ASSIGNMENT|[47]|soql|"Select id, Candidate (101 more) ..."
08:28:07.3 (4632367)|STATEMENT_EXECUTE|[50]
08:28:07.3 (4634908)|HEAP_ALLOCATE|[50]|Bytes:7
08:28:07.3 (4639162)|HEAP_ALLOCATE|[50]|Bytes:8
08:28:07.3 (4642553)|HEAP_ALLOCATE|[50]|Bytes:129
08:28:07.3 (4648128)|VARIABLE_ASSIGNMENT|[50]|soql|"Select id, Candidate (109 more) ..."
08:28:07.3 (4650151)|STATEMENT_EXECUTE|[54]
08:28:07.3 (4652737)|HEAP_ALLOCATE|[54]|Bytes:15
08:28:07.3 (4656774)|HEAP_ALLOCATE|[54]|Bytes:144
08:28:07.3 (4672876)|ENTERING_MANAGED_PKG|
08:28:07.3 (4699589)|USER_DEBUG|[54]|DEBUG|######## soql: Select id, Candidate__c, Candidate__r.Name, Candidate__r.Position__r.Name, Status__c, Interview_Type__c FROM Interview__c limit 8
08:28:07.3 (4713528)|STATEMENT_EXECUTE|[56]
08:28:07.3 (4743248)|ENTERING_MANAGED_PKG|
08:28:07.3 (4765862)|HEAP_ALLOCATE|[56]|Bytes:4
08:28:07.3 (5888647)|SOQL_EXECUTE_BEGIN|[56]|Aggregations:0|Select id, Candidate__c, Candidate__r.Name, Candidate__r.Position__r.Name, Status__c, Interview_Type__c FROM Interview__c limit 8
08:28:07.3 (14782501)|SOQL_EXECUTE_END|[56]|Rows:4
08:28:07.3 (14830106)|HEAP_ALLOCATE|[56]|Bytes:20
08:28:07.3 (14864708)|HEAP_ALLOCATE|[56]|Bytes:1006
08:28:07.3 (14953925)|HEAP_ALLOCATE|[56]|Bytes:20
08:28:07.3 (14971076)|VARIABLE_SCOPE_BEGIN|[56]|lstQueriedRecords|List<SObject>|true|false
08:28:07.3 (15036614)|VARIABLE_ASSIGNMENT|[56]|lstQueriedRecords|{"s":1,"v":[{"s":2,"v":{"Id":"a0NB0000000TaTTMA0","testautonumdata__Can (9 more) ...":"a0MB0000000cQXFMA2","testautonumdata__Int (14 more) ...":"Management Interview","testautonumdata__Can (9 more) ...":{"s":3,"v":{"Name":"John Derk","testautonumdata__Pos (8 more) ...":"a0LB0000000seqpMAA","Id":"a0MB0000000cQXFMA2","testautonumdata__Pos (8 more) ...":{"s":4,"v":{"Name":"Software Engineer -  (9 more) ...","Id":"a0LB0000000seqpMAA"}}}}}},{"s":5,"v":{"Id":"a0NB0000000TaTOMA0","testautonumdata__Can (9 more) ...":"a0MB0000000cQXFMA2","testautonumdata__Int (14 more) ...":"Technical Interview","testautonumdata__Can (9 more) ...":{"r":3}}},{"s":6,"v":{"Id":"a0NB0000000TaTJMA0","testautonumdata__Can (9 more) ...":"a0MB0000000cQXFMA2","testautonumdata__Int (14 more) ...":"Recruiter Interview","testautonumdata__Can (9 more) ...":{"r":3}}},{"s":7,"v":{"Id":"a0NB0000000TajWMAS","testautonumdata__Can (9 more) ...":"a0MB0000000cQXZMA2","testautonumdata__Int (14 more) ...":"Technical Interview","testautonumdata__Can (9 more) ...":{"s":8,"v":{"Name":"Joseph Damascus","testautonumdata__Pos (8 more) ...":"a0LB0000000seqpMAA","Id":"a0MB0000000cQXZMA2","testautonumdata__Pos (8 more) ...":{"r":4}}}}}]}|0x44402803
08:28:07.3 (15052852)|STATEMENT_EXECUTE|[58]
08:28:07.3 (15058235)|HEAP_ALLOCATE|[58]|Bytes:28
08:28:07.3 (15084644)|ENTERING_MANAGED_PKG|
08:28:07.3 (15234279)|HEAP_ALLOCATE|[58]|Bytes:645
08:28:07.3 (15252646)|HEAP_ALLOCATE|[58]|Bytes:673
08:28:07.3 (15271954)|ENTERING_MANAGED_PKG|
08:28:07.3 (15279379)|USER_DEBUG|[58]|DEBUG|######## lstQueriedRecords: (testautonumdata__Interview__c:{Id=a0NB0000000TaTTMA0, testautonumdata__Candidate__c=a0MB0000000cQXFMA2, testautonumdata__Interview_Type__c=Management Interview}, testautonumdata__Interview__c:{Id=a0NB0000000TaTOMA0, testautonumdata__Candidate__c=a0MB0000000cQXFMA2, testautonumdata__Interview_Type__c=Technical Interview}, testautonumdata__Interview__c:{Id=a0NB0000000TaTJMA0, testautonumdata__Candidate__c=a0MB0000000cQXFMA2, testautonumdata__Interview_Type__c=Recruiter Interview}, testautonumdata__Interview__c:{Id=a0NB0000000TajWMAS, testautonumdata__Candidate__c=a0MB0000000cQXZMA2, testautonumdata__Interview_Type__c=Technical Interview})
08:28:07.3 (15350462)|ENTERING_MANAGED_PKG|
08:28:07.3 (15620368)|HEAP_ALLOCATE|[62]|Bytes:5
08:28:07.3 (15669494)|HEAP_ALLOCATE|[62]|Bytes:20
08:28:07.3 (15691187)|VARIABLE_SCOPE_BEGIN|[62]|e|SObject|true|false
08:28:07.3 (15723003)|VARIABLE_ASSIGNMENT|[62]|e|{"s":1,"v":{"Id":"a0NB0000000TaTTMA0","testautonumdata__Can (9 more) ...":"a0MB0000000cQXFMA2","testautonumdata__Int (14 more) ...":"Management Interview","testautonumdata__Can (9 more) ...":{"s":2,"v":{"Name":"John Derk","testautonumdata__Pos (8 more) ...":"a0LB0000000seqpMAA","Id":"a0MB0000000cQXFMA2","testautonumdata__Pos (8 more) ...":{"s":3,"v":{"Name":"Software Engineer -  (9 more) ...","Id":"a0LB0000000seqpMAA"}}}}}}|0x23d0a79d
08:28:07.3 (15731709)|STATEMENT_EXECUTE|[63]
08:28:07.3 (15733205)|STATEMENT_EXECUTE|[64]
08:28:07.3 (15736940)|HEAP_ALLOCATE|[64]|Bytes:12
08:28:07.3 (15761400)|ENTERING_MANAGED_PKG|
08:28:07.3 (15837050)|HEAP_ALLOCATE|[64]|Bytes:160
08:28:07.3 (15853809)|HEAP_ALLOCATE|[64]|Bytes:172
08:28:07.3 (15872385)|ENTERING_MANAGED_PKG|
08:28:07.3 (15879609)|USER_DEBUG|[64]|DEBUG|######## e: testautonumdata__Interview__c:{Id=a0NB0000000TaTTMA0, testautonumdata__Candidate__c=a0MB0000000cQXFMA2, testautonumdata__Interview_Type__c=Management Interview}
08:28:07.3 (15888063)|STATEMENT_EXECUTE|[65]
08:28:07.3 (15895030)|HEAP_ALLOCATE|[65]|Bytes:28
08:28:07.3 (15910469)|CONSTRUCTOR_ENTRY|[65]|01pB0000000lA1s|<init>()
08:28:07.3 (15935646)|VARIABLE_SCOPE_BEGIN|[1]|this|testautonumdata.InterviewsLCServerController|true|false
08:28:07.3 (15992517)|VARIABLE_ASSIGNMENT|[1]|this|{}|0x26521f2
08:28:07.3 (16001681)|HEAP_ALLOCATE|[EXTERNAL]|Bytes:5
08:28:07.3 (16012609)|HEAP_ALLOCATE|[EXTERNAL]|Bytes:6
08:28:07.3 (16048882)|STATEMENT_EXECUTE|[1]
08:28:07.3 (16054271)|HEAP_ALLOCATE|[EXTERNAL]|Bytes:5
08:28:07.3 (16057027)|STATEMENT_EXECUTE|[4]
08:28:07.3 (16058545)|STATEMENT_EXECUTE|[6]
08:28:07.3 (16059600)|STATEMENT_EXECUTE|[8]
08:28:07.3 (16060670)|STATEMENT_EXECUTE|[10]
08:28:07.3 (16061746)|STATEMENT_EXECUTE|[12]
08:28:07.3 (16062810)|STATEMENT_EXECUTE|[14]
08:28:07.3 (16073515)|CONSTRUCTOR_EXIT|[65]|01pB0000000lA1s|<init>()
08:28:07.3 (16078474)|VARIABLE_SCOPE_BEGIN|[65]|i|testautonumdata.InterviewsLCServerController|true|false
08:28:07.3 (16114633)|VARIABLE_ASSIGNMENT|[65]|i|{}|0x26521f2
08:28:07.3 (16118494)|STATEMENT_EXECUTE|[68]
08:28:07.3 (16122618)|HEAP_ALLOCATE|[68]|Bytes:2
08:28:07.3 (16158503)|ENTERING_MANAGED_PKG|
08:28:07.3 (16231048)|HEAP_ALLOCATE|[68]|Bytes:4
08:28:07.3 (16258391)|ENTERING_MANAGED_PKG|
08:28:07.3 (16263280)|HEAP_ALLOCATE|[68]|Bytes:18
08:28:07.3 (16339098)|VARIABLE_ASSIGNMENT|[EXTERNAL]|this|{}|0x26521f2
08:28:07.3 (16351450)|VARIABLE_ASSIGNMENT|[EXTERNAL]|value|"a0NB0000000TaTTMA0"
08:28:07.3 (16383595)|VARIABLE_ASSIGNMENT|[4]|this.recordID|"a0NB0000000TaTTMA0"|0x26521f2
08:28:07.3 (16400743)|STATEMENT_EXECUTE|[70]
08:28:07.3 (16402903)|STATEMENT_EXECUTE|[71]
08:28:07.3 (16415991)|METHOD_ENTRY|[71]|01pB0000000lA1s|testautonumdata.InterviewsLCServerController.GetSobjectField(SObject, String)
08:28:07.3 (16441492)|VARIABLE_SCOPE_BEGIN|[107]|e|SObject|true|false
08:28:07.3 (16466751)|VARIABLE_ASSIGNMENT|[107]|e|{"s":1,"v":{"Id":"a0NB0000000TaTTMA0","testautonumdata__Can (9 more) ...":"a0MB0000000cQXFMA2","testautonumdata__Int (14 more) ...":"Management Interview","testautonumdata__Can (9 more) ...":{"s":2,"v":{"Name":"John Derk","testautonumdata__Pos (8 more) ...":"a0LB0000000seqpMAA","Id":"a0MB0000000cQXFMA2","testautonumdata__Pos (8 more) ...":{"s":3,"v":{"Name":"Software Engineer -  (9 more) ...","Id":"a0LB0000000seqpMAA"}}}}}}|0x23d0a79d
08:28:07.3 (16471303)|VARIABLE_SCOPE_BEGIN|[107]|lcfield|String|false|false
08:28:07.3 (16475461)|VARIABLE_ASSIGNMENT|[107]|lcfield|"Candidate__c"
08:28:07.3 (16483902)|HEAP_ALLOCATE|[110]|Bytes:5
08:28:07.3 (16488012)|STATEMENT_EXECUTE|[108]
08:28:07.3 (16489446)|STATEMENT_EXECUTE|[110]
08:28:07.3 (16497365)|VARIABLE_SCOPE_BEGIN|[110]|returnValue|String|false|false
08:28:07.3 (16503112)|VARIABLE_ASSIGNMENT|[110]|returnValue|""
08:28:07.3 (16506223)|HEAP_ALLOCATE|[112]|Bytes:1
08:28:07.3 (16534432)|ENTERING_MANAGED_PKG|
08:28:07.3 (16581531)|STATEMENT_EXECUTE|[127]
08:28:07.3 (16601080)|ENTERING_MANAGED_PKG|
08:28:07.3 (16662307)|HEAP_ALLOCATE|[127]|Bytes:4
08:28:07.3 (16688774)|ENTERING_MANAGED_PKG|
08:28:07.3 (16693307)|HEAP_ALLOCATE|[127]|Bytes:18
08:28:07.3 (16711366)|VARIABLE_ASSIGNMENT|[127]|returnValue|"a0MB0000000cQXFMA2"
08:28:07.3 (16714711)|STATEMENT_EXECUTE|[129]
08:28:07.3 (16725357)|METHOD_EXIT|[71]|01pB0000000lA1s|testautonumdata.InterviewsLCServerController.GetSobjectField(SObject, String)
08:28:07.3 (16777497)|VARIABLE_ASSIGNMENT|[EXTERNAL]|this|{"recordID":"a0NB0000000TaTTMA0"}|0x26521f2
08:28:07.3 (16784252)|VARIABLE_ASSIGNMENT|[EXTERNAL]|value|"a0MB0000000cQXFMA2"
08:28:07.3 (16799415)|VARIABLE_ASSIGNMENT|[6]|this.eventField|"a0MB0000000cQXFMA2"|0x26521f2
08:28:07.3 (16808801)|STATEMENT_EXECUTE|[74]
08:28:07.3 (16810420)|STATEMENT_EXECUTE|[75]
08:28:07.3 (16818445)|METHOD_ENTRY|[75]|01pB0000000lA1s|testautonumdata.InterviewsLCServerController.GetSobjectField(SObject, String)
08:28:07.3 (16841758)|VARIABLE_SCOPE_BEGIN|[107]|e|SObject|true|false
08:28:07.3 (16867418)|VARIABLE_ASSIGNMENT|[107]|e|{"s":1,"v":{"Id":"a0NB0000000TaTTMA0","testautonumdata__Can (9 more) ...":"a0MB0000000cQXFMA2","testautonumdata__Int (14 more) ...":"Management Interview","testautonumdata__Can (9 more) ...":{"s":2,"v":{"Name":"John Derk","testautonumdata__Pos (8 more) ...":"a0LB0000000seqpMAA","Id":"a0MB0000000cQXFMA2","testautonumdata__Pos (8 more) ...":{"s":3,"v":{"Name":"Software Engineer -  (9 more) ...","Id":"a0LB0000000seqpMAA"}}}}}}|0x23d0a79d
08:28:07.3 (16871782)|VARIABLE_SCOPE_BEGIN|[107]|lcfield|String|false|false
08:28:07.3 (16875673)|VARIABLE_ASSIGNMENT|[107]|lcfield|"Candidate__r.Name"
08:28:07.3 (16883501)|HEAP_ALLOCATE|[110]|Bytes:5
08:28:07.3 (16887322)|STATEMENT_EXECUTE|[108]
08:28:07.3 (16888528)|STATEMENT_EXECUTE|[110]
08:28:07.3 (16892877)|VARIABLE_SCOPE_BEGIN|[110]|returnValue|String|false|false
08:28:07.3 (16897648)|VARIABLE_ASSIGNMENT|[110]|returnValue|""
08:28:07.3 (16918581)|ENTERING_MANAGED_PKG|
08:28:07.3 (16929494)|STATEMENT_EXECUTE|[113]
08:28:07.3 (16933622)|STATEMENT_EXECUTE|[114]
08:28:07.3 (16953057)|ENTERING_MANAGED_PKG|
08:28:07.3 (16993489)|HEAP_ALLOCATE|[114]|Bytes:12
08:28:07.3 (17007437)|VARIABLE_SCOPE_BEGIN|[114]|relName|String|false|false
08:28:07.3 (17016058)|VARIABLE_ASSIGNMENT|[114]|relName|"Candidate__r"
08:28:07.3 (17018611)|STATEMENT_EXECUTE|[115]
08:28:07.3 (17040501)|ENTERING_MANAGED_PKG|
08:28:07.3 (17077896)|HEAP_ALLOCATE|[115]|Bytes:4
08:28:07.3 (17091856)|VARIABLE_SCOPE_BEGIN|[115]|relField|String|false|false
08:28:07.3 (17099583)|VARIABLE_ASSIGNMENT|[115]|relField|"Name"
08:28:07.3 (17118054)|ENTERING_MANAGED_PKG|
08:28:07.3 (17159393)|STATEMENT_EXECUTE|[123]
08:28:07.3 (17181648)|ENTERING_MANAGED_PKG|
08:28:07.3 (17263154)|HEAP_ALLOCATE|[123]|Bytes:20
08:28:07.3 (17304117)|ENTERING_MANAGED_PKG|
08:28:07.3 (17341296)|HEAP_ALLOCATE|[123]|Bytes:9
08:28:07.3 (17368103)|ENTERING_MANAGED_PKG|
08:28:07.3 (17372379)|HEAP_ALLOCATE|[123]|Bytes:9
08:28:07.3 (17385808)|VARIABLE_ASSIGNMENT|[123]|returnValue|"John Derk"
08:28:07.3 (17389047)|STATEMENT_EXECUTE|[129]
08:28:07.3 (17402231)|METHOD_EXIT|[75]|01pB0000000lA1s|testautonumdata.InterviewsLCServerController.GetSobjectField(SObject, String)
08:28:07.3 (17454535)|VARIABLE_ASSIGNMENT|[EXTERNAL]|this|{"eventField":"a0MB0000000cQXFMA2","recordID":"a0NB0000000TaTTMA0"}|0x26521f2
08:28:07.3 (17460950)|VARIABLE_ASSIGNMENT|[EXTERNAL]|value|"John Derk"
08:28:07.3 (17475936)|VARIABLE_ASSIGNMENT|[8]|this.column1|"John Derk"|0x26521f2
08:28:07.3 (17485260)|STATEMENT_EXECUTE|[78]
08:28:07.3 (17486875)|STATEMENT_EXECUTE|[79]
08:28:07.3 (17494895)|METHOD_ENTRY|[79]|01pB0000000lA1s|testautonumdata.InterviewsLCServerController.GetSobjectField(SObject, String)
08:28:07.3 (17518324)|VARIABLE_SCOPE_BEGIN|[107]|e|SObject|true|false
08:28:07.3 (17542196)|VARIABLE_ASSIGNMENT|[107]|e|{"s":1,"v":{"Id":"a0NB0000000TaTTMA0","testautonumdata__Can (9 more) ...":"a0MB0000000cQXFMA2","testautonumdata__Int (14 more) ...":"Management Interview","testautonumdata__Can (9 more) ...":{"s":2,"v":{"Name":"John Derk","testautonumdata__Pos (8 more) ...":"a0LB0000000seqpMAA","Id":"a0MB0000000cQXFMA2","testautonumdata__Pos (8 more) ...":{"s":3,"v":{"Name":"Software Engineer -  (9 more) ...","Id":"a0LB0000000seqpMAA"}}}}}}|0x23d0a79d
08:28:07.3 (17546784)|VARIABLE_SCOPE_BEGIN|[107]|lcfield|String|false|false
08:28:07.3 (17556868)|VARIABLE_ASSIGNMENT|[107]|lcfield|"Candidate__r.Positio (9 more) ..."
08:28:07.3 (17567910)|HEAP_ALLOCATE|[110]|Bytes:5
08:28:07.3 (17573818)|STATEMENT_EXECUTE|[108]
08:28:07.3 (17575938)|STATEMENT_EXECUTE|[110]
08:28:07.3 (17582983)|VARIABLE_SCOPE_BEGIN|[110]|returnValue|String|false|false
08:28:07.3 (17592226)|VARIABLE_ASSIGNMENT|[110]|returnValue|""
08:28:07.3 (17621934)|ENTERING_MANAGED_PKG|
08:28:07.3 (17639068)|STATEMENT_EXECUTE|[113]
08:28:07.3 (17641668)|STATEMENT_EXECUTE|[114]
08:28:07.3 (17660311)|ENTERING_MANAGED_PKG|
08:28:07.3 (17671201)|HEAP_ALLOCATE|[114]|Bytes:12
08:28:07.3 (17686001)|VARIABLE_SCOPE_BEGIN|[114]|relName|String|false|false
08:28:07.3 (17695775)|VARIABLE_ASSIGNMENT|[114]|relName|"Candidate__r"
08:28:07.3 (17699303)|STATEMENT_EXECUTE|[115]
08:28:07.3 (17725711)|ENTERING_MANAGED_PKG|
08:28:07.3 (17736568)|HEAP_ALLOCATE|[115]|Bytes:16
08:28:07.3 (17753190)|VARIABLE_SCOPE_BEGIN|[115]|relField|String|false|false
08:28:07.3 (17763846)|VARIABLE_ASSIGNMENT|[115]|relField|"Position__r.Name"
08:28:07.3 (17791929)|ENTERING_MANAGED_PKG|
08:28:07.3 (17809658)|STATEMENT_EXECUTE|[117]
08:28:07.3 (17813004)|STATEMENT_EXECUTE|[118]
08:28:07.3 (17837956)|ENTERING_MANAGED_PKG|
08:28:07.3 (17889993)|HEAP_ALLOCATE|[118]|Bytes:11
08:28:07.3 (17909842)|VARIABLE_SCOPE_BEGIN|[118]|relName2|String|false|false
08:28:07.3 (17921233)|VARIABLE_ASSIGNMENT|[118]|relName2|"Position__r"
08:28:07.3 (17924947)|STATEMENT_EXECUTE|[119]
08:28:07.3 (17953040)|ENTERING_MANAGED_PKG|
08:28:07.3 (18005320)|HEAP_ALLOCATE|[119]|Bytes:4
08:28:07.3 (18026674)|VARIABLE_SCOPE_BEGIN|[119]|relField2|String|false|false
08:28:07.3 (18036979)|VARIABLE_ASSIGNMENT|[119]|relField2|"Name"
08:28:07.3 (18040752)|STATEMENT_EXECUTE|[120]
08:28:07.3 (18069800)|ENTERING_MANAGED_PKG|
08:28:07.3 (18160671)|HEAP_ALLOCATE|[120]|Bytes:20
08:28:07.3 (18198115)|ENTERING_MANAGED_PKG|
08:28:07.3 (18286705)|HEAP_ALLOCATE|[120]|Bytes:12
08:28:07.3 (18326933)|ENTERING_MANAGED_PKG|
08:28:07.3 (18366497)|HEAP_ALLOCATE|[120]|Bytes:29
08:28:07.3 (18408321)|ENTERING_MANAGED_PKG|
08:28:07.3 (18416066)|HEAP_ALLOCATE|[120]|Bytes:29
08:28:07.3 (18442012)|VARIABLE_ASSIGNMENT|[120]|returnValue|"Software Engineer -  (9 more) ..."
08:28:07.3 (18448271)|STATEMENT_EXECUTE|[129]
08:28:07.3 (18463759)|METHOD_EXIT|[79]|01pB0000000lA1s|testautonumdata.InterviewsLCServerController.GetSobjectField(SObject, String)
08:28:07.3 (18544824)|VARIABLE_ASSIGNMENT|[EXTERNAL]|this|{"column1":"John Derk","eventField":"a0MB0000000cQXFMA2","recordID":"a0NB0000000TaTTMA0"}|0x26521f2
08:28:07.3 (18557686)|VARIABLE_ASSIGNMENT|[EXTERNAL]|value|"Software Engineer -  (9 more) ..."
08:28:07.3 (18583429)|VARIABLE_ASSIGNMENT|[10]|this.column2|"Software Engineer -  (9 more) ..."|0x26521f2
08:28:07.3 (18598125)|STATEMENT_EXECUTE|[83]
08:28:07.3 (18600804)|STATEMENT_EXECUTE|[84]
08:28:07.3 (18614024)|METHOD_ENTRY|[84]|01pB0000000lA1s|testautonumdata.InterviewsLCServerController.GetSobjectField(SObject, String)
08:28:07.3 (18647871)|VARIABLE_SCOPE_BEGIN|[107]|e|SObject|true|false
08:28:07.3 (18685138)|VARIABLE_ASSIGNMENT|[107]|e|{"s":1,"v":{"Id":"a0NB0000000TaTTMA0","testautonumdata__Can (9 more) ...":"a0MB0000000cQXFMA2","testautonumdata__Int (14 more) ...":"Management Interview","testautonumdata__Can (9 more) ...":{"s":2,"v":{"Name":"John Derk","testautonumdata__Pos (8 more) ...":"a0LB0000000seqpMAA","Id":"a0MB0000000cQXFMA2","testautonumdata__Pos (8 more) ...":{"s":3,"v":{"Name":"Software Engineer -  (9 more) ...","Id":"a0LB0000000seqpMAA"}}}}}}|0x23d0a79d
08:28:07.3 (18696191)|VARIABLE_SCOPE_BEGIN|[107]|lcfield|String|false|false
08:28:07.3 (18709287)|VARIABLE_ASSIGNMENT|[107]|lcfield|"Status__c"
08:28:07.3 (18720950)|HEAP_ALLOCATE|[110]|Bytes:5
08:28:07.3 (18727037)|STATEMENT_EXECUTE|[108]
08:28:07.3 (18729062)|STATEMENT_EXECUTE|[110]
08:28:07.3 (18735553)|VARIABLE_SCOPE_BEGIN|[110]|returnValue|String|false|false
08:28:07.3 (18745015)|VARIABLE_ASSIGNMENT|[110]|returnValue|""
08:28:07.3 (18776014)|ENTERING_MANAGED_PKG|
08:28:07.3 (18794171)|STATEMENT_EXECUTE|[127]
08:28:07.3 (18817315)|ENTERING_MANAGED_PKG|
08:28:07.3 (18876224)|ENTERING_MANAGED_PKG|
08:28:07.3 (18898906)|VARIABLE_ASSIGNMENT|[127]|returnValue|null
08:28:07.3 (18903931)|STATEMENT_EXECUTE|[129]
08:28:07.3 (18918386)|METHOD_EXIT|[84]|01pB0000000lA1s|testautonumdata.InterviewsLCServerController.GetSobjectField(SObject, String)
08:28:07.3 (18995628)|VARIABLE_ASSIGNMENT|[EXTERNAL]|this|{"column1":"John Derk","column2":"Software Engineer -  (9 more) ...","eventField":"a0MB0000000cQXFMA2","recordID":"a0NB0000000TaTTMA0"}|0x26521f2
08:28:07.3 (19009027)|VARIABLE_ASSIGNMENT|[EXTERNAL]|value|null
08:28:07.3 (19033629)|VARIABLE_ASSIGNMENT|[12]|this.column3|null|0x26521f2
08:28:07.3 (19048204)|STATEMENT_EXECUTE|[88]
08:28:07.3 (19050923)|STATEMENT_EXECUTE|[89]
08:28:07.3 (19063418)|METHOD_ENTRY|[89]|01pB0000000lA1s|testautonumdata.InterviewsLCServerController.GetSobjectField(SObject, String)
08:28:07.3 (19095745)|VARIABLE_SCOPE_BEGIN|[107]|e|SObject|true|false
08:28:07.3 (19134169)|VARIABLE_ASSIGNMENT|[107]|e|{"s":1,"v":{"Id":"a0NB0000000TaTTMA0","testautonumdata__Can (9 more) ...":"a0MB0000000cQXFMA2","testautonumdata__Int (14 more) ...":"Management Interview","testautonumdata__Can (9 more) ...":{"s":2,"v":{"Name":"John Derk","testautonumdata__Pos (8 more) ...":"a0LB0000000seqpMAA","Id":"a0MB0000000cQXFMA2","testautonumdata__Pos (8 more) ...":{"s":3,"v":{"Name":"Software Engineer -  (9 more) ...","Id":"a0LB0000000seqpMAA"}}}}}}|0x23d0a79d
08:28:07.3 (19141690)|VARIABLE_SCOPE_BEGIN|[107]|lcfield|String|false|false
08:28:07.3 (19148944)|VARIABLE_ASSIGNMENT|[107]|lcfield|"Interview_Type__c"
08:28:07.3 (19164167)|HEAP_ALLOCATE|[110]|Bytes:5
08:28:07.3 (19170284)|STATEMENT_EXECUTE|[108]
08:28:07.3 (19172066)|STATEMENT_EXECUTE|[110]
08:28:07.3 (19178144)|VARIABLE_SCOPE_BEGIN|[110]|returnValue|String|false|false
08:28:07.3 (19187127)|VARIABLE_ASSIGNMENT|[110]|returnValue|""
08:28:07.3 (19217677)|ENTERING_MANAGED_PKG|
08:28:07.3 (19234713)|STATEMENT_EXECUTE|[127]
08:28:07.3 (19254004)|ENTERING_MANAGED_PKG|
08:28:07.3 (19284005)|HEAP_ALLOCATE|[127]|Bytes:20
08:28:07.3 (19319563)|ENTERING_MANAGED_PKG|
08:28:07.3 (19326813)|HEAP_ALLOCATE|[127]|Bytes:20
08:28:07.3 (19349004)|VARIABLE_ASSIGNMENT|[127]|returnValue|"Management Interview"
08:28:07.3 (19354208)|STATEMENT_EXECUTE|[129]
08:28:07.3 (19368472)|METHOD_EXIT|[89]|01pB0000000lA1s|testautonumdata.InterviewsLCServerController.GetSobjectField(SObject, String)
08:28:07.3 (19450133)|VARIABLE_ASSIGNMENT|[EXTERNAL]|this|{"column1":"John Derk","column2":"Software Engineer -  (9 more) ...","eventField":"a0MB0000000cQXFMA2","recordID":"a0NB0000000TaTTMA0"}|0x26521f2
08:28:07.3 (19461695)|VARIABLE_ASSIGNMENT|[EXTERNAL]|value|"Management Interview"
08:28:07.3 (19489309)|VARIABLE_ASSIGNMENT|[14]|this.column4|"Management Interview"|0x26521f2
08:28:07.3 (19503954)|STATEMENT_EXECUTE|[93]
08:28:07.3 (19535554)|ENTERING_MANAGED_PKG|
08:28:07.3 (19599280)|HEAP_ALLOCATE|[EXTERNAL]|Bytes:4
08:28:07.3 (19612162)|STATEMENT_EXECUTE|[95]
08:28:07.3 (19617452)|HEAP_ALLOCATE|[95]|Bytes:12
08:28:07.3 (19644752)|ENTERING_MANAGED_PKG|
08:28:07.3 (19730972)|HEAP_ALLOCATE|[95]|Bytes:191
08:28:07.3 (19753738)|HEAP_ALLOCATE|[95]|Bytes:203
08:28:07.3 (19778955)|ENTERING_MANAGED_PKG|
08:28:07.3 (19789958)|USER_DEBUG|[95]|DEBUG|######## i: InterviewsLCServerController:[column1=John Derk, column2=Software Engineer - Force.com, column3=null, column4=Management Interview, eventField=a0MB0000000cQXFMA2, recordID=a0NB0000000TaTTMA0]
08:28:07.3 (19812768)|HEAP_ALLOCATE|[62]|Bytes:5
08:28:07.3 (19849936)|HEAP_ALLOCATE|[62]|Bytes:20
08:28:07.3 (19866124)|VARIABLE_SCOPE_BEGIN|[62]|e|SObject|true|false
08:28:07.3 (19901445)|VARIABLE_ASSIGNMENT|[62]|e|{"s":1,"v":{"Id":"a0NB0000000TaTOMA0","testautonumdata__Can (9 more) ...":"a0MB0000000cQXFMA2","testautonumdata__Int (14 more) ...":"Technical Interview","testautonumdata__Can (9 more) ...":{"s":2,"v":{"Name":"John Derk","testautonumdata__Pos (8 more) ...":"a0LB0000000seqpMAA","Id":"a0MB0000000cQXFMA2","testautonumdata__Pos (8 more) ...":{"s":3,"v":{"Name":"Software Engineer -  (9 more) ...","Id":"a0LB0000000seqpMAA"}}}}}}|0x786f5a64
08:28:07.3 (19912406)|STATEMENT_EXECUTE|[63]
08:28:07.3 (19914701)|STATEMENT_EXECUTE|[64]
08:28:07.3 (19940722)|ENTERING_MANAGED_PKG|
08:28:07.3 (20004377)|HEAP_ALLOCATE|[64]|Bytes:159
08:28:07.3 (20025619)|HEAP_ALLOCATE|[64]|Bytes:171
08:28:07.3 (20046724)|ENTERING_MANAGED_PKG|
08:28:07.3 (20055715)|USER_DEBUG|[64]|DEBUG|######## e: testautonumdata__Interview__c:{Id=a0NB0000000TaTOMA0, testautonumdata__Candidate__c=a0MB0000000cQXFMA2, testautonumdata__Interview_Type__c=Technical Interview}
08:28:07.3 (20066626)|STATEMENT_EXECUTE|[65]
08:28:07.3 (20073024)|HEAP_ALLOCATE|[65]|Bytes:28
08:28:07.3 (20085245)|CONSTRUCTOR_ENTRY|[65]|01pB0000000lA1s|<init>()
08:28:07.3 (20091693)|VARIABLE_SCOPE_BEGIN|[1]|this|testautonumdata.InterviewsLCServerController|true|false
08:28:07.3 (20142499)|VARIABLE_ASSIGNMENT|[1]|this|{}|0x7b152cd2
08:28:07.3 (20152833)|HEAP_ALLOCATE|[EXTERNAL]|Bytes:5
08:28:07.3 (20176376)|STATEMENT_EXECUTE|[1]
08:28:07.3 (20182049)|HEAP_ALLOCATE|[EXTERNAL]|Bytes:5
08:28:07.3 (20185518)|STATEMENT_EXECUTE|[4]
08:28:07.3 (20187708)|STATEMENT_EXECUTE|[6]
08:28:07.3 (20189256)|STATEMENT_EXECUTE|[8]
08:28:07.3 (20190665)|STATEMENT_EXECUTE|[10]
08:28:07.3 (20192307)|STATEMENT_EXECUTE|[12]
08:28:07.3 (20193742)|STATEMENT_EXECUTE|[14]
08:28:07.3 (20207154)|CONSTRUCTOR_EXIT|[65]|01pB0000000lA1s|<init>()
08:28:07.3 (20213384)|VARIABLE_SCOPE_BEGIN|[65]|i|testautonumdata.InterviewsLCServerController|true|false
08:28:07.3 (20261999)|VARIABLE_ASSIGNMENT|[65]|i|{}|0x7b152cd2
08:28:07.3 (20266948)|STATEMENT_EXECUTE|[68]
08:28:07.3 (20294213)|ENTERING_MANAGED_PKG|
08:28:07.3 (20322193)|HEAP_ALLOCATE|[68]|Bytes:4
08:28:07.3 (20352821)|ENTERING_MANAGED_PKG|
08:28:07.3 (20358946)|HEAP_ALLOCATE|[68]|Bytes:18
08:28:07.3 (20418875)|VARIABLE_ASSIGNMENT|[EXTERNAL]|this|{}|0x7b152cd2
08:28:07.3 (20430640)|VARIABLE_ASSIGNMENT|[EXTERNAL]|value|"a0NB0000000TaTOMA0"
08:28:07.3 (20449566)|VARIABLE_ASSIGNMENT|[4]|this.recordID|"a0NB0000000TaTOMA0"|0x7b152cd2
08:28:07.3 (20460967)|STATEMENT_EXECUTE|[70]
08:28:07.3 (20462997)|STATEMENT_EXECUTE|[71]
08:28:07.3 (20472139)|METHOD_ENTRY|[71]|01pB0000000lA1s|testautonumdata.InterviewsLCServerController.GetSobjectField(SObject, String)
08:28:07.3 (20478181)|VARIABLE_SCOPE_BEGIN|[107]|e|SObject|true|false
08:28:07.3 (20509509)|VARIABLE_ASSIGNMENT|[107]|e|{"s":1,"v":{"Id":"a0NB0000000TaTOMA0","testautonumdata__Can (9 more) ...":"a0MB0000000cQXFMA2","testautonumdata__Int (14 more) ...":"Technical Interview","testautonumdata__Can (9 more) ...":{"s":2,"v":{"Name":"John Derk","testautonumdata__Pos (8 more) ...":"a0LB0000000seqpMAA","Id":"a0MB0000000cQXFMA2","testautonumdata__Pos (8 more) ...":{"s":3,"v":{"Name":"Software Engineer -  (9 more) ...","Id":"a0LB0000000seqpMAA"}}}}}}|0x786f5a64
08:28:07.3 (20515834)|VARIABLE_SCOPE_BEGIN|[107]|lcfield|String|false|false
08:28:07.3 (20521343)|VARIABLE_ASSIGNMENT|[107]|lcfield|"Candidate__c"
08:28:07.3 (20530281)|HEAP_ALLOCATE|[110]|Bytes:5
08:28:07.3 (20538136)|STATEMENT_EXECUTE|[108]
08:28:07.3 (20540180)|STATEMENT_EXECUTE|[110]
08:28:07.3 (20545581)|VARIABLE_SCOPE_BEGIN|[110]|returnValue|String|false|false
08:28:07.3 (20552662)|VARIABLE_ASSIGNMENT|[110]|returnValue|""
08:28:07.3 (20577771)|ENTERING_MANAGED_PKG|
08:28:07.3 (20591767)|STATEMENT_EXECUTE|[127]
08:28:07.3 (20610327)|ENTERING_MANAGED_PKG|
08:28:07.3 (20647543)|HEAP_ALLOCATE|[127]|Bytes:4
08:28:07.3 (20678403)|ENTERING_MANAGED_PKG|
08:28:07.3 (20684764)|HEAP_ALLOCATE|[127]|Bytes:18
08:28:07.3 (20709510)|VARIABLE_ASSIGNMENT|[127]|returnValue|"a0MB0000000cQXFMA2"
08:28:07.3 (20713765)|STATEMENT_EXECUTE|[129]
08:28:07.3 (20726109)|METHOD_EXIT|[71]|01pB0000000lA1s|testautonumdata.InterviewsLCServerController.GetSobjectField(SObject, String)
08:28:07.3 (20783612)|VARIABLE_ASSIGNMENT|[EXTERNAL]|this|{"recordID":"a0NB0000000TaTOMA0"}|0x7b152cd2
08:28:07.3 (20792237)|VARIABLE_ASSIGNMENT|[EXTERNAL]|value|"a0MB0000000cQXFMA2"
08:28:07.3 (20812632)|VARIABLE_ASSIGNMENT|[6]|this.eventField|"a0MB0000000cQXFMA2"|0x7b152cd2
08:28:07.3 (20825256)|STATEMENT_EXECUTE|[74]
08:28:07.3 (20827438)|STATEMENT_EXECUTE|[75]
08:28:07.3 (20839854)|METHOD_ENTRY|[75]|01pB0000000lA1s|testautonumdata.InterviewsLCServerController.GetSobjectField(SObject, String)
08:28:07.3 (20847035)|VARIABLE_SCOPE_BEGIN|[107]|e|SObject|true|false
08:28:07.3 (20880257)|VARIABLE_ASSIGNMENT|[107]|e|{"s":1,"v":{"Id":"a0NB0000000TaTOMA0","testautonumdata__Can (9 more) ...":"a0MB0000000cQXFMA2","testautonumdata__Int (14 more) ...":"Technical Interview","testautonumdata__Can (9 more) ...":{"s":2,"v":{"Name":"John Derk","testautonumdata__Pos (8 more) ...":"a0LB0000000seqpMAA","Id":"a0MB0000000cQXFMA2","testautonumdata__Pos (8 more) ...":{"s":3,"v":{"Name":"Software Engineer -  (9 more) ...","Id":"a0LB0000000seqpMAA"}}}}}}|0x786f5a64
08:28:07.3 (20887195)|VARIABLE_SCOPE_BEGIN|[107]|lcfield|String|false|false
08:28:07.3 (20894558)|VARIABLE_ASSIGNMENT|[107]|lcfield|"Candidate__r.Name"
08:28:07.3 (20904238)|HEAP_ALLOCATE|[110]|Bytes:5
08:28:07.3 (20909110)|STATEMENT_EXECUTE|[108]
08:28:07.3 (20911451)|STATEMENT_EXECUTE|[110]
08:28:07.3 (20917919)|VARIABLE_SCOPE_BEGIN|[110]|returnValue|String|false|false
08:28:07.3 (20925698)|VARIABLE_ASSIGNMENT|[110]|returnValue|""
08:28:07.3 (20952563)|ENTERING_MANAGED_PKG|
08:28:07.3 (20971172)|STATEMENT_EXECUTE|[113]
08:28:07.3 (20973735)|STATEMENT_EXECUTE|[114]
08:28:07.3 (20995800)|ENTERING_MANAGED_PKG|
08:28:07.3 (21006141)|HEAP_ALLOCATE|[114]|Bytes:12
08:28:07.3 (21023091)|VARIABLE_SCOPE_BEGIN|[114]|relName|String|false|false
08:28:07.3 (21033170)|VARIABLE_ASSIGNMENT|[114]|relName|"Candidate__r"
08:28:07.3 (21036797)|STATEMENT_EXECUTE|[115]
08:28:07.3 (21060024)|ENTERING_MANAGED_PKG|
08:28:07.3 (21070543)|HEAP_ALLOCATE|[115]|Bytes:4
08:28:07.3 (21087116)|VARIABLE_SCOPE_BEGIN|[115]|relField|String|false|false
08:28:07.3 (21096484)|VARIABLE_ASSIGNMENT|[115]|relField|"Name"
08:28:07.3 (21119064)|ENTERING_MANAGED_PKG|
08:28:07.3 (21133615)|STATEMENT_EXECUTE|[123]
08:28:07.3 (21153602)|ENTERING_MANAGED_PKG|
08:28:07.3 (21197822)|HEAP_ALLOCATE|[123]|Bytes:20
08:28:07.3 (21230196)|ENTERING_MANAGED_PKG|
08:28:07.3 (21256227)|HEAP_ALLOCATE|[123]|Bytes:9
08:28:07.3 (21288422)|ENTERING_MANAGED_PKG|
08:28:07.3 (21295578)|HEAP_ALLOCATE|[123]|Bytes:9
08:28:07.3 (21318323)|VARIABLE_ASSIGNMENT|[123]|returnValue|"John Derk"
08:28:07.3 (21326778)|STATEMENT_EXECUTE|[129]
08:28:07.3 (21341149)|METHOD_EXIT|[75]|01pB0000000lA1s|testautonumdata.InterviewsLCServerController.GetSobjectField(SObject, String)
08:28:07.3 (21409660)|VARIABLE_ASSIGNMENT|[EXTERNAL]|this|{"eventField":"a0MB0000000cQXFMA2","recordID":"a0NB0000000TaTOMA0"}|0x7b152cd2
08:28:07.3 (21418847)|VARIABLE_ASSIGNMENT|[EXTERNAL]|value|"John Derk"
08:28:07.3 (21440427)|VARIABLE_ASSIGNMENT|[8]|this.column1|"John Derk"|0x7b152cd2
08:28:07.3 (21453578)|STATEMENT_EXECUTE|[78]
08:28:07.3 (21456154)|STATEMENT_EXECUTE|[79]
08:28:07.3 (21466588)|METHOD_ENTRY|[79]|01pB0000000lA1s|testautonumdata.InterviewsLCServerController.GetSobjectField(SObject, String)
08:28:07.3 (21473700)|VARIABLE_SCOPE_BEGIN|[107]|e|SObject|true|false
08:28:07.3 (21509529)|VARIABLE_ASSIGNMENT|[107]|e|{"s":1,"v":{"Id":"a0NB0000000TaTOMA0","testautonumdata__Can (9 more) ...":"a0MB0000000cQXFMA2","testautonumdata__Int (14 more) ...":"Technical Interview","testautonumdata__Can (9 more) ...":{"s":2,"v":{"Name":"John Derk","testautonumdata__Pos (8 more) ...":"a0LB0000000seqpMAA","Id":"a0MB0000000cQXFMA2","testautonumdata__Pos (8 more) ...":{"s":3,"v":{"Name":"Software Engineer -  (9 more) ...","Id":"a0LB0000000seqpMAA"}}}}}}|0x786f5a64
08:28:07.3 (21520060)|VARIABLE_SCOPE_BEGIN|[107]|lcfield|String|false|false
08:28:07.3 (21528660)|VARIABLE_ASSIGNMENT|[107]|lcfield|"Candidate__r.Positio (9 more) ..."
08:28:07.3 (21539696)|HEAP_ALLOCATE|[110]|Bytes:5
08:28:07.3 (21544657)|STATEMENT_EXECUTE|[108]
08:28:07.3 (21546576)|STATEMENT_EXECUTE|[110]
08:28:07.3 (21553089)|VARIABLE_SCOPE_BEGIN|[110]|returnValue|String|false|false
08:28:07.3 (21561496)|VARIABLE_ASSIGNMENT|[110]|returnValue|""
08:28:07.3 (21590030)|ENTERING_MANAGED_PKG|
08:28:07.3 (21606385)|STATEMENT_EXECUTE|[113]
08:28:07.3 (21609148)|STATEMENT_EXECUTE|[114]
08:28:07.3 (21630274)|ENTERING_MANAGED_PKG|
08:28:07.3 (21642226)|HEAP_ALLOCATE|[114]|Bytes:12
08:28:07.3 (21660312)|VARIABLE_SCOPE_BEGIN|[114]|relName|String|false|false
08:28:07.3 (21671663)|VARIABLE_ASSIGNMENT|[114]|relName|"Candidate__r"
08:28:07.3 (21675263)|STATEMENT_EXECUTE|[115]
08:28:07.3 (21699573)|ENTERING_MANAGED_PKG|
08:28:07.3 (21716722)|HEAP_ALLOCATE|[115]|Bytes:16
08:28:07.3 (21735010)|VARIABLE_SCOPE_BEGIN|[115]|relField|String|false|false
08:28:07.3 (21749613)|VARIABLE_ASSIGNMENT|[115]|relField|"Position__r.Name"
08:28:07.3 (21774142)|ENTERING_MANAGED_PKG|
08:28:07.3 (21789215)|STATEMENT_EXECUTE|[117]
08:28:07.3 (21791711)|STATEMENT_EXECUTE|[118]
08:28:07.3 (21811535)|ENTERING_MANAGED_PKG|
08:28:07.3 (21822580)|HEAP_ALLOCATE|[118]|Bytes:11
08:28:07.3 (21840019)|VARIABLE_SCOPE_BEGIN|[118]|relName2|String|false|false
08:28:07.3 (21850320)|VARIABLE_ASSIGNMENT|[118]|relName2|"Position__r"
08:28:07.3 (21853988)|STATEMENT_EXECUTE|[119]
08:28:07.3 (21877004)|ENTERING_MANAGED_PKG|
08:28:07.3 (21887586)|HEAP_ALLOCATE|[119]|Bytes:4
08:28:07.3 (21904409)|VARIABLE_SCOPE_BEGIN|[119]|relField2|String|false|false
08:28:07.3 (21914577)|VARIABLE_ASSIGNMENT|[119]|relField2|"Name"
08:28:07.3 (21918566)|STATEMENT_EXECUTE|[120]
08:28:07.3 (21942928)|ENTERING_MANAGED_PKG|
08:28:07.3 (21985730)|HEAP_ALLOCATE|[120]|Bytes:20
08:28:07.3 (22021139)|ENTERING_MANAGED_PKG|
08:28:07.3 (22060547)|HEAP_ALLOCATE|[120]|Bytes:12
08:28:07.3 (22095281)|ENTERING_MANAGED_PKG|
08:28:07.3 (22125942)|HEAP_ALLOCATE|[120]|Bytes:29
08:28:07.3 (22159466)|ENTERING_MANAGED_PKG|
08:28:07.3 (22166875)|HEAP_ALLOCATE|[120]|Bytes:29
08:28:07.3 (22189830)|VARIABLE_ASSIGNMENT|[120]|returnValue|"Software Engineer -  (9 more) ..."
08:28:07.3 (22195215)|STATEMENT_EXECUTE|[129]
08:28:07.3 (22208496)|METHOD_EXIT|[79]|01pB0000000lA1s|testautonumdata.InterviewsLCServerController.GetSobjectField(SObject, String)
08:28:07.3 (22280931)|VARIABLE_ASSIGNMENT|[EXTERNAL]|this|{"column1":"John Derk","eventField":"a0MB0000000cQXFMA2","recordID":"a0NB0000000TaTOMA0"}|0x7b152cd2
08:28:07.3 (22292471)|VARIABLE_ASSIGNMENT|[EXTERNAL]|value|"Software Engineer -  (9 more) ..."
08:28:07.3 (22316526)|VARIABLE_ASSIGNMENT|[10]|this.column2|"Software Engineer -  (9 more) ..."|0x7b152cd2
08:28:07.3 (22330175)|STATEMENT_EXECUTE|[83]
08:28:07.3 (22332804)|STATEMENT_EXECUTE|[84]
08:28:07.3 (22343059)|METHOD_ENTRY|[84]|01pB0000000lA1s|testautonumdata.InterviewsLCServerController.GetSobjectField(SObject, String)
08:28:07.3 (22350779)|VARIABLE_SCOPE_BEGIN|[107]|e|SObject|true|false
08:28:07.3 (22387150)|VARIABLE_ASSIGNMENT|[107]|e|{"s":1,"v":{"Id":"a0NB0000000TaTOMA0","testautonumdata__Can (9 more) ...":"a0MB0000000cQXFMA2","testautonumdata__Int (14 more) ...":"Technical Interview","testautonumdata__Can (9 more) ...":{"s":2,"v":{"Name":"John Derk","testautonumdata__Pos (8 more) ...":"a0LB0000000seqpMAA","Id":"a0MB0000000cQXFMA2","testautonumdata__Pos (8 more) ...":{"s":3,"v":{"Name":"Software Engineer -  (9 more) ...","Id":"a0LB0000000seqpMAA"}}}}}}|0x786f5a64
08:28:07.3 (22397287)|VARIABLE_SCOPE_BEGIN|[107]|lcfield|String|false|false
08:28:07.3 (22404011)|VARIABLE_ASSIGNMENT|[107]|lcfield|"Status__c"
08:28:07.3 (22414015)|HEAP_ALLOCATE|[110]|Bytes:5
08:28:07.3 (22419681)|STATEMENT_EXECUTE|[108]
08:28:07.3 (22421764)|STATEMENT_EXECUTE|[110]
08:28:07.3 (22428013)|VARIABLE_SCOPE_BEGIN|[110]|returnValue|String|false|false
08:28:07.3 (22435578)|VARIABLE_ASSIGNMENT|[110]|returnValue|""
08:28:07.3 (22463835)|ENTERING_MANAGED_PKG|
08:28:07.3 (22480565)|STATEMENT_EXECUTE|[127]
08:28:07.3 (22502112)|ENTERING_MANAGED_PKG|
08:28:07.3 (22557802)|ENTERING_MANAGED_PKG|
08:28:07.3 (22578770)|VARIABLE_ASSIGNMENT|[127]|returnValue|null
08:28:07.3 (22583226)|STATEMENT_EXECUTE|[129]
08:28:07.3 (22596409)|METHOD_EXIT|[84]|01pB0000000lA1s|testautonumdata.InterviewsLCServerController.GetSobjectField(SObject, String)
08:28:07.3 (22666445)|VARIABLE_ASSIGNMENT|[EXTERNAL]|this|{"column1":"John Derk","column2":"Software Engineer -  (9 more) ...","eventField":"a0MB0000000cQXFMA2","recordID":"a0NB0000000TaTOMA0"}|0x7b152cd2
08:28:07.3 (22679987)|VARIABLE_ASSIGNMENT|[EXTERNAL]|value|null
08:28:07.3 (22700747)|VARIABLE_ASSIGNMENT|[12]|this.column3|null|0x7b152cd2
08:28:07.3 (22718864)|STATEMENT_EXECUTE|[88]
08:28:07.3 (22721249)|STATEMENT_EXECUTE|[89]
08:28:07.3 (22731218)|METHOD_ENTRY|[89]|01pB0000000lA1s|testautonumdata.InterviewsLCServerController.GetSobjectField(SObject, String)
08:28:07.3 (22738339)|VARIABLE_SCOPE_BEGIN|[107]|e|SObject|true|false
08:28:07.3 (22773903)|VARIABLE_ASSIGNMENT|[107]|e|{"s":1,"v":{"Id":"a0NB0000000TaTOMA0","testautonumdata__Can (9 more) ...":"a0MB0000000cQXFMA2","testautonumdata__Int (14 more) ...":"Technical Interview","testautonumdata__Can (9 more) ...":{"s":2,"v":{"Name":"John Derk","testautonumdata__Pos (8 more) ...":"a0LB0000000seqpMAA","Id":"a0MB0000000cQXFMA2","testautonumdata__Pos (8 more) ...":{"s":3,"v":{"Name":"Software Engineer -  (9 more) ...","Id":"a0LB0000000seqpMAA"}}}}}}|0x786f5a64
08:28:07.3 (22781255)|VARIABLE_SCOPE_BEGIN|[107]|lcfield|String|false|false
08:28:07.3 (22791788)|VARIABLE_ASSIGNMENT|[107]|lcfield|"Interview_Type__c"
08:28:07.3 (22802379)|HEAP_ALLOCATE|[110]|Bytes:5
08:28:07.3 (22807789)|STATEMENT_EXECUTE|[108]
08:28:07.3 (22809795)|STATEMENT_EXECUTE|[110]
08:28:07.3 (22816230)|VARIABLE_SCOPE_BEGIN|[110]|returnValue|String|false|false
08:28:07.3 (22824615)|VARIABLE_ASSIGNMENT|[110]|returnValue|""
08:28:07.3 (22853249)|ENTERING_MANAGED_PKG|
08:28:07.3 (22869967)|STATEMENT_EXECUTE|[127]
08:28:07.3 (22891106)|ENTERING_MANAGED_PKG|
08:28:07.3 (22921430)|HEAP_ALLOCATE|[127]|Bytes:19
08:28:07.3 (22955936)|ENTERING_MANAGED_PKG|
08:28:07.3 (22962853)|HEAP_ALLOCATE|[127]|Bytes:19
08:28:07.3 (22984147)|VARIABLE_ASSIGNMENT|[127]|returnValue|"Technical Interview"
08:28:07.3 (22989011)|STATEMENT_EXECUTE|[129]
08:28:07.3 (23002519)|METHOD_EXIT|[89]|01pB0000000lA1s|testautonumdata.InterviewsLCServerController.GetSobjectField(SObject, String)
08:28:07.3 (23073673)|VARIABLE_ASSIGNMENT|[EXTERNAL]|this|{"column1":"John Derk","column2":"Software Engineer -  (9 more) ...","eventField":"a0MB0000000cQXFMA2","recordID":"a0NB0000000TaTOMA0"}|0x7b152cd2
08:28:07.3 (23085057)|VARIABLE_ASSIGNMENT|[EXTERNAL]|value|"Technical Interview"
08:28:07.3 (23110737)|VARIABLE_ASSIGNMENT|[14]|this.column4|"Technical Interview"|0x7b152cd2
08:28:07.3 (23123143)|STATEMENT_EXECUTE|[93]
08:28:07.3 (23145198)|ENTERING_MANAGED_PKG|
08:28:07.3 (23157196)|HEAP_ALLOCATE|[EXTERNAL]|Bytes:4
08:28:07.3 (23169833)|STATEMENT_EXECUTE|[95]
08:28:07.3 (23196042)|ENTERING_MANAGED_PKG|
08:28:07.3 (23227287)|HEAP_ALLOCATE|[95]|Bytes:190
08:28:07.3 (23248472)|HEAP_ALLOCATE|[95]|Bytes:202
08:28:07.3 (23272537)|ENTERING_MANAGED_PKG|
08:28:07.3 (23283264)|USER_DEBUG|[95]|DEBUG|######## i: InterviewsLCServerController:[column1=John Derk, column2=Software Engineer - Force.com, column3=null, column4=Technical Interview, eventField=a0MB0000000cQXFMA2, recordID=a0NB0000000TaTOMA0]
08:28:07.3 (23306962)|HEAP_ALLOCATE|[62]|Bytes:5
08:28:07.3 (23346642)|HEAP_ALLOCATE|[62]|Bytes:20
08:28:07.3 (23363702)|VARIABLE_SCOPE_BEGIN|[62]|e|SObject|true|false
08:28:07.3 (23404111)|VARIABLE_ASSIGNMENT|[62]|e|{"s":1,"v":{"Id":"a0NB0000000TaTJMA0","testautonumdata__Can (9 more) ...":"a0MB0000000cQXFMA2","testautonumdata__Int (14 more) ...":"Recruiter Interview","testautonumdata__Can (9 more) ...":{"s":2,"v":{"Name":"John Derk","testautonumdata__Pos (8 more) ...":"a0LB0000000seqpMAA","Id":"a0MB0000000cQXFMA2","testautonumdata__Pos (8 more) ...":{"s":3,"v":{"Name":"Software Engineer -  (9 more) ...","Id":"a0LB0000000seqpMAA"}}}}}}|0xae6898e
08:28:07.3 (23415724)|STATEMENT_EXECUTE|[63]
08:28:07.3 (23418180)|STATEMENT_EXECUTE|[64]
08:28:07.3 (23445948)|ENTERING_MANAGED_PKG|
08:28:07.3 (23509551)|HEAP_ALLOCATE|[64]|Bytes:159
08:28:07.3 (23531552)|HEAP_ALLOCATE|[64]|Bytes:171
08:28:07.3 (23554685)|ENTERING_MANAGED_PKG|
08:28:07.3 (23564416)|USER_DEBUG|[64]|DEBUG|######## e: testautonumdata__Interview__c:{Id=a0NB0000000TaTJMA0, testautonumdata__Candidate__c=a0MB0000000cQXFMA2, testautonumdata__Interview_Type__c=Recruiter Interview}
08:28:07.3 (23576724)|STATEMENT_EXECUTE|[65]
08:28:07.3 (23583373)|HEAP_ALLOCATE|[65]|Bytes:28
08:28:07.3 (23596869)|CONSTRUCTOR_ENTRY|[65]|01pB0000000lA1s|<init>()
08:28:07.3 (23604114)|VARIABLE_SCOPE_BEGIN|[1]|this|testautonumdata.InterviewsLCServerController|true|false
08:28:07.3 (23660053)|VARIABLE_ASSIGNMENT|[1]|this|{}|0x50d4f8f3
08:28:07.3 (23670931)|HEAP_ALLOCATE|[EXTERNAL]|Bytes:5
08:28:07.3 (23697630)|STATEMENT_EXECUTE|[1]
08:28:07.3 (23709571)|HEAP_ALLOCATE|[EXTERNAL]|Bytes:5
08:28:07.3 (23714326)|STATEMENT_EXECUTE|[4]
08:28:07.3 (23716712)|STATEMENT_EXECUTE|[6]
08:28:07.3 (23718297)|STATEMENT_EXECUTE|[8]
08:28:07.3 (23719941)|STATEMENT_EXECUTE|[10]
08:28:07.3 (23721520)|STATEMENT_EXECUTE|[12]
08:28:07.3 (23723027)|STATEMENT_EXECUTE|[14]
08:28:07.3 (23739190)|CONSTRUCTOR_EXIT|[65]|01pB0000000lA1s|<init>()
08:28:07.3 (23747325)|VARIABLE_SCOPE_BEGIN|[65]|i|testautonumdata.InterviewsLCServerController|true|false
08:28:07.3 (23799298)|VARIABLE_ASSIGNMENT|[65]|i|{}|0x50d4f8f3
08:28:07.3 (23804526)|STATEMENT_EXECUTE|[68]
08:28:07.3 (23834593)|ENTERING_MANAGED_PKG|
08:28:07.3 (23864744)|HEAP_ALLOCATE|[68]|Bytes:4
08:28:07.3 (23898386)|ENTERING_MANAGED_PKG|
08:28:07.3 (23905288)|HEAP_ALLOCATE|[68]|Bytes:18
08:28:07.3 (23973634)|VARIABLE_ASSIGNMENT|[EXTERNAL]|this|{}|0x50d4f8f3
08:28:07.3 (23987529)|VARIABLE_ASSIGNMENT|[EXTERNAL]|value|"a0NB0000000TaTJMA0"
08:28:07.3 (24009137)|VARIABLE_ASSIGNMENT|[4]|this.recordID|"a0NB0000000TaTJMA0"|0x50d4f8f3
08:28:07.3 (24023127)|STATEMENT_EXECUTE|[70]
08:28:07.3 (24025441)|STATEMENT_EXECUTE|[71]
08:28:07.3 (24035500)|METHOD_ENTRY|[71]|01pB0000000lA1s|testautonumdata.InterviewsLCServerController.GetSobjectField(SObject, String)
08:28:07.3 (24043132)|VARIABLE_SCOPE_BEGIN|[107]|e|SObject|true|false
08:28:07.3 (24080321)|VARIABLE_ASSIGNMENT|[107]|e|{"s":1,"v":{"Id":"a0NB0000000TaTJMA0","testautonumdata__Can (9 more) ...":"a0MB0000000cQXFMA2","testautonumdata__Int (14 more) ...":"Recruiter Interview","testautonumdata__Can (9 more) ...":{"s":2,"v":{"Name":"John Derk","testautonumdata__Pos (8 more) ...":"a0LB0000000seqpMAA","Id":"a0MB0000000cQXFMA2","testautonumdata__Pos (8 more) ...":{"s":3,"v":{"Name":"Software Engineer -  (9 more) ...","Id":"a0LB0000000seqpMAA"}}}}}}|0xae6898e
08:28:07.3 (24088205)|VARIABLE_SCOPE_BEGIN|[107]|lcfield|String|false|false
08:28:07.3 (24095199)|VARIABLE_ASSIGNMENT|[107]|lcfield|"Candidate__c"
08:28:07.3 (24105460)|HEAP_ALLOCATE|[110]|Bytes:5
08:28:07.3 (24114404)|STATEMENT_EXECUTE|[108]
08:28:07.3 (24116784)|STATEMENT_EXECUTE|[110]
08:28:07.3 (24122787)|VARIABLE_SCOPE_BEGIN|[110]|returnValue|String|false|false
08:28:07.3 (24131542)|VARIABLE_ASSIGNMENT|[110]|returnValue|""
08:28:07.3 (24158930)|ENTERING_MANAGED_PKG|
08:28:07.3 (24175532)|STATEMENT_EXECUTE|[127]
08:28:07.3 (24198150)|ENTERING_MANAGED_PKG|
08:28:07.3 (24235207)|HEAP_ALLOCATE|[127]|Bytes:4
08:28:07.3 (24269484)|ENTERING_MANAGED_PKG|
08:28:07.3 (24276507)|HEAP_ALLOCATE|[127]|Bytes:18
08:28:07.3 (24297591)|VARIABLE_ASSIGNMENT|[127]|returnValue|"a0MB0000000cQXFMA2"
08:28:07.3 (24302395)|STATEMENT_EXECUTE|[129]
08:28:07.3 (24315857)|METHOD_EXIT|[71]|01pB0000000lA1s|testautonumdata.InterviewsLCServerController.GetSobjectField(SObject, String)
08:28:07.3 (24380219)|VARIABLE_ASSIGNMENT|[EXTERNAL]|this|{"recordID":"a0NB0000000TaTJMA0"}|0x50d4f8f3
08:28:07.3 (24390330)|VARIABLE_ASSIGNMENT|[EXTERNAL]|value|"a0MB0000000cQXFMA2"
08:28:07.3 (24411455)|VARIABLE_ASSIGNMENT|[6]|this.eventField|"a0MB0000000cQXFMA2"|0x50d4f8f3
08:28:07.3 (24424537)|STATEMENT_EXECUTE|[74]
08:28:07.3 (24427028)|STATEMENT_EXECUTE|[75]
08:28:07.3 (24440306)|METHOD_ENTRY|[75]|01pB0000000lA1s|testautonumdata.InterviewsLCServerController.GetSobjectField(SObject, String)
08:28:07.3 (24449841)|VARIABLE_SCOPE_BEGIN|[107]|e|SObject|true|false
08:28:07.3 (24485703)|VARIABLE_ASSIGNMENT|[107]|e|{"s":1,"v":{"Id":"a0NB0000000TaTJMA0","testautonumdata__Can (9 more) ...":"a0MB0000000cQXFMA2","testautonumdata__Int (14 more) ...":"Recruiter Interview","testautonumdata__Can (9 more) ...":{"s":2,"v":{"Name":"John Derk","testautonumdata__Pos (8 more) ...":"a0LB0000000seqpMAA","Id":"a0MB0000000cQXFMA2","testautonumdata__Pos (8 more) ...":{"s":3,"v":{"Name":"Software Engineer -  (9 more) ...","Id":"a0LB0000000seqpMAA"}}}}}}|0xae6898e
08:28:07.3 (24493249)|VARIABLE_SCOPE_BEGIN|[107]|lcfield|String|false|false
08:28:07.3 (24500375)|VARIABLE_ASSIGNMENT|[107]|lcfield|"Candidate__r.Name"
08:28:07.3 (24510290)|HEAP_ALLOCATE|[110]|Bytes:5
08:28:07.3 (24515842)|STATEMENT_EXECUTE|[108]
08:28:07.3 (24517857)|STATEMENT_EXECUTE|[110]
08:28:07.3 (24524250)|VARIABLE_SCOPE_BEGIN|[110]|returnValue|String|false|false
08:28:07.3 (24532074)|VARIABLE_ASSIGNMENT|[110]|returnValue|""
08:28:07.3 (24559864)|ENTERING_MANAGED_PKG|
08:28:07.3 (24579952)|STATEMENT_EXECUTE|[113]
08:28:07.3 (24582775)|STATEMENT_EXECUTE|[114]
08:28:07.3 (24604926)|ENTERING_MANAGED_PKG|
08:28:07.3 (24616685)|HEAP_ALLOCATE|[114]|Bytes:12
08:28:07.3 (24634583)|VARIABLE_SCOPE_BEGIN|[114]|relName|String|false|false
08:28:07.3 (24644777)|VARIABLE_ASSIGNMENT|[114]|relName|"Candidate__r"
08:28:07.3 (24648869)|STATEMENT_EXECUTE|[115]
08:28:07.3 (24673030)|ENTERING_MANAGED_PKG|
08:28:07.3 (24683858)|HEAP_ALLOCATE|[115]|Bytes:4
08:28:07.3 (24706514)|VARIABLE_SCOPE_BEGIN|[115]|relField|String|false|false
08:28:07.3 (24717903)|VARIABLE_ASSIGNMENT|[115]|relField|"Name"
08:28:07.3 (24743244)|ENTERING_MANAGED_PKG|
08:28:07.3 (24759324)|STATEMENT_EXECUTE|[123]
08:28:07.3 (24780577)|ENTERING_MANAGED_PKG|
08:28:07.3 (24823553)|HEAP_ALLOCATE|[123]|Bytes:20
08:28:07.3 (24857381)|ENTERING_MANAGED_PKG|
08:28:07.3 (24884757)|HEAP_ALLOCATE|[123]|Bytes:9
08:28:07.3 (24918292)|ENTERING_MANAGED_PKG|
08:28:07.3 (24925489)|HEAP_ALLOCATE|[123]|Bytes:9
08:28:07.3 (24947350)|VARIABLE_ASSIGNMENT|[123]|returnValue|"John Derk"
08:28:07.3 (24956616)|STATEMENT_EXECUTE|[129]
08:28:07.3 (24970973)|METHOD_EXIT|[75]|01pB0000000lA1s|testautonumdata.InterviewsLCServerController.GetSobjectField(SObject, String)
08:28:07.3 (25037718)|VARIABLE_ASSIGNMENT|[EXTERNAL]|this|{"eventField":"a0MB0000000cQXFMA2","recordID":"a0NB0000000TaTJMA0"}|0x50d4f8f3
08:28:07.3 (25049163)|VARIABLE_ASSIGNMENT|[EXTERNAL]|value|"John Derk"
08:28:07.3 (25070456)|VARIABLE_ASSIGNMENT|[8]|this.column1|"John Derk"|0x50d4f8f3
08:28:07.3 (25083350)|STATEMENT_EXECUTE|[78]
08:28:07.3 (25085839)|STATEMENT_EXECUTE|[79]
08:28:07.3 (25095596)|METHOD_ENTRY|[79]|01pB0000000lA1s|testautonumdata.InterviewsLCServerController.GetSobjectField(SObject, String)
08:28:07.3 (25102835)|VARIABLE_SCOPE_BEGIN|[107]|e|SObject|true|false
08:28:07.3 (25139861)|VARIABLE_ASSIGNMENT|[107]|e|{"s":1,"v":{"Id":"a0NB0000000TaTJMA0","testautonumdata__Can (9 more) ...":"a0MB0000000cQXFMA2","testautonumdata__Int (14 more) ...":"Recruiter Interview","testautonumdata__Can (9 more) ...":{"s":2,"v":{"Name":"John Derk","testautonumdata__Pos (8 more) ...":"a0LB0000000seqpMAA","Id":"a0MB0000000cQXFMA2","testautonumdata__Pos (8 more) ...":{"s":3,"v":{"Name":"Software Engineer -  (9 more) ...","Id":"a0LB0000000seqpMAA"}}}}}}|0xae6898e
08:28:07.3 (25150577)|VARIABLE_SCOPE_BEGIN|[107]|lcfield|String|false|false
08:28:07.3 (25159321)|VARIABLE_ASSIGNMENT|[107]|lcfield|"Candidate__r.Positio (9 more) ..."
08:28:07.3 (25170313)|HEAP_ALLOCATE|[110]|Bytes:5
08:28:07.3 (25175591)|STATEMENT_EXECUTE|[108]
08:28:07.3 (25177689)|STATEMENT_EXECUTE|[110]
08:28:07.3 (25184416)|VARIABLE_SCOPE_BEGIN|[110]|returnValue|String|false|false
08:28:07.3 (25193311)|VARIABLE_ASSIGNMENT|[110]|returnValue|""
08:28:07.3 (25222057)|ENTERING_MANAGED_PKG|
08:28:07.3 (25238595)|STATEMENT_EXECUTE|[113]
08:28:07.3 (25241456)|STATEMENT_EXECUTE|[114]
08:28:07.3 (25262385)|ENTERING_MANAGED_PKG|
08:28:07.3 (25274621)|HEAP_ALLOCATE|[114]|Bytes:12
08:28:07.3 (25292527)|VARIABLE_SCOPE_BEGIN|[114]|relName|String|false|false
08:28:07.3 (25302757)|VARIABLE_ASSIGNMENT|[114]|relName|"Candidate__r"
08:28:07.3 (25306741)|STATEMENT_EXECUTE|[115]
08:28:07.3 (25330393)|ENTERING_MANAGED_PKG|
08:28:07.3 (25340743)|HEAP_ALLOCATE|[115]|Bytes:16
08:28:07.3 (25357975)|VARIABLE_SCOPE_BEGIN|[115]|relField|String|false|false
08:28:07.3 (25371956)|VARIABLE_ASSIGNMENT|[115]|relField|"Position__r.Name"
08:28:07.3 (25396984)|ENTERING_MANAGED_PKG|
08:28:07.3 (25413005)|STATEMENT_EXECUTE|[117]
08:28:07.3 (25415778)|STATEMENT_EXECUTE|[118]
08:28:07.3 (25436700)|ENTERING_MANAGED_PKG|
08:28:07.3 (25447623)|HEAP_ALLOCATE|[118]|Bytes:11
08:28:07.3 (25465303)|VARIABLE_SCOPE_BEGIN|[118]|relName2|String|false|false
08:28:07.3 (25475488)|VARIABLE_ASSIGNMENT|[118]|relName2|"Position__r"
08:28:07.3 (25478919)|STATEMENT_EXECUTE|[119]
08:28:07.3 (25502567)|ENTERING_MANAGED_PKG|
08:28:07.3 (25513661)|HEAP_ALLOCATE|[119]|Bytes:4
08:28:07.3 (25530787)|VARIABLE_SCOPE_BEGIN|[119]|relField2|String|false|false
08:28:07.3 (25540826)|VARIABLE_ASSIGNMENT|[119]|relField2|"Name"
08:28:07.3 (25544559)|STATEMENT_EXECUTE|[120]
08:28:07.3 (25568506)|ENTERING_MANAGED_PKG|
08:28:07.3 (25611883)|HEAP_ALLOCATE|[120]|Bytes:20
08:28:07.3 (25646602)|ENTERING_MANAGED_PKG|
08:28:07.3 (25685713)|HEAP_ALLOCATE|[120]|Bytes:12
08:28:07.3 (25725635)|ENTERING_MANAGED_PKG|
08:28:07.3 (25758178)|HEAP_ALLOCATE|[120]|Bytes:29
08:28:07.3 (25793536)|ENTERING_MANAGED_PKG|
08:28:07.3 (25800230)|HEAP_ALLOCATE|[120]|Bytes:29
08:28:07.3 (25823049)|VARIABLE_ASSIGNMENT|[120]|returnValue|"Software Engineer -  (9 more) ..."
08:28:07.3 (25828057)|STATEMENT_EXECUTE|[129]
08:28:07.3 (25841149)|METHOD_EXIT|[79]|01pB0000000lA1s|testautonumdata.InterviewsLCServerController.GetSobjectField(SObject, String)
08:28:07.3 (25909337)|VARIABLE_ASSIGNMENT|[EXTERNAL]|this|{"column1":"John Derk","eventField":"a0MB0000000cQXFMA2","recordID":"a0NB0000000TaTJMA0"}|0x50d4f8f3
08:28:07.3 (25922593)|VARIABLE_ASSIGNMENT|[EXTERNAL]|value|"Software Engineer -  (9 more) ..."
08:28:07.3 (25945154)|VARIABLE_ASSIGNMENT|[10]|this.column2|"Software Engineer -  (9 more) ..."|0x50d4f8f3
08:28:07.3 (25959161)|STATEMENT_EXECUTE|[83]
08:28:07.3 (25961979)|STATEMENT_EXECUTE|[84]
08:28:07.3 (25971954)|METHOD_ENTRY|[84]|01pB0000000lA1s|testautonumdata.InterviewsLCServerController.GetSobjectField(SObject, String)
08:28:07.3 (25979906)|VARIABLE_SCOPE_BEGIN|[107]|e|SObject|true|false
08:28:07.3 (26015814)|VARIABLE_ASSIGNMENT|[107]|e|{"s":1,"v":{"Id":"a0NB0000000TaTJMA0","testautonumdata__Can (9 more) ...":"a0MB0000000cQXFMA2","testautonumdata__Int (14 more) ...":"Recruiter Interview","testautonumdata__Can (9 more) ...":{"s":2,"v":{"Name":"John Derk","testautonumdata__Pos (8 more) ...":"a0LB0000000seqpMAA","Id":"a0MB0000000cQXFMA2","testautonumdata__Pos (8 more) ...":{"s":3,"v":{"Name":"Software Engineer -  (9 more) ...","Id":"a0LB0000000seqpMAA"}}}}}}|0xae6898e
08:28:07.3 (26029033)|VARIABLE_SCOPE_BEGIN|[107]|lcfield|String|false|false
08:28:07.3 (26036804)|VARIABLE_ASSIGNMENT|[107]|lcfield|"Status__c"
08:28:07.3 (26047384)|HEAP_ALLOCATE|[110]|Bytes:5
08:28:07.3 (26052355)|STATEMENT_EXECUTE|[108]
08:28:07.3 (26054546)|STATEMENT_EXECUTE|[110]
08:28:07.3 (26060547)|VARIABLE_SCOPE_BEGIN|[110]|returnValue|String|false|false
08:28:07.3 (26067914)|VARIABLE_ASSIGNMENT|[110]|returnValue|""
08:28:07.3 (26097156)|ENTERING_MANAGED_PKG|
08:28:07.3 (26116919)|STATEMENT_EXECUTE|[127]
08:28:07.3 (26142676)|ENTERING_MANAGED_PKG|
08:28:07.3 (26203586)|ENTERING_MANAGED_PKG|
08:28:07.3 (26227501)|VARIABLE_ASSIGNMENT|[127]|returnValue|null
08:28:07.3 (26233237)|STATEMENT_EXECUTE|[129]
08:28:07.3 (26250432)|METHOD_EXIT|[84]|01pB0000000lA1s|testautonumdata.InterviewsLCServerController.GetSobjectField(SObject, String)
08:28:07.3 (26322985)|VARIABLE_ASSIGNMENT|[EXTERNAL]|this|{"column1":"John Derk","column2":"Software Engineer -  (9 more) ...","eventField":"a0MB0000000cQXFMA2","recordID":"a0NB0000000TaTJMA0"}|0x50d4f8f3
08:28:07.3 (26333385)|VARIABLE_ASSIGNMENT|[EXTERNAL]|value|null
08:28:07.3 (26353672)|VARIABLE_ASSIGNMENT|[12]|this.column3|null|0x50d4f8f3
08:28:07.3 (26366716)|STATEMENT_EXECUTE|[88]
08:28:07.3 (26369135)|STATEMENT_EXECUTE|[89]
08:28:07.3 (26379126)|METHOD_ENTRY|[89]|01pB0000000lA1s|testautonumdata.InterviewsLCServerController.GetSobjectField(SObject, String)
08:28:07.3 (26386065)|VARIABLE_SCOPE_BEGIN|[107]|e|SObject|true|false
08:28:07.3 (26421868)|VARIABLE_ASSIGNMENT|[107]|e|{"s":1,"v":{"Id":"a0NB0000000TaTJMA0","testautonumdata__Can (9 more) ...":"a0MB0000000cQXFMA2","testautonumdata__Int (14 more) ...":"Recruiter Interview","testautonumdata__Can (9 more) ...":{"s":2,"v":{"Name":"John Derk","testautonumdata__Pos (8 more) ...":"a0LB0000000seqpMAA","Id":"a0MB0000000cQXFMA2","testautonumdata__Pos (8 more) ...":{"s":3,"v":{"Name":"Software Engineer -  (9 more) ...","Id":"a0LB0000000seqpMAA"}}}}}}|0xae6898e
08:28:07.3 (26428908)|VARIABLE_SCOPE_BEGIN|[107]|lcfield|String|false|false
08:28:07.3 (26439554)|VARIABLE_ASSIGNMENT|[107]|lcfield|"Interview_Type__c"
08:28:07.3 (26450271)|HEAP_ALLOCATE|[110]|Bytes:5
08:28:07.3 (26455717)|STATEMENT_EXECUTE|[108]
08:28:07.3 (26457765)|STATEMENT_EXECUTE|[110]
08:28:07.3 (26463843)|VARIABLE_SCOPE_BEGIN|[110]|returnValue|String|false|false
08:28:07.3 (26472093)|VARIABLE_ASSIGNMENT|[110]|returnValue|""
08:28:07.3 (26500441)|ENTERING_MANAGED_PKG|
08:28:07.3 (26517593)|STATEMENT_EXECUTE|[127]
08:28:07.3 (26539802)|ENTERING_MANAGED_PKG|
08:28:07.3 (26570964)|HEAP_ALLOCATE|[127]|Bytes:19
08:28:07.3 (26605792)|ENTERING_MANAGED_PKG|
08:28:07.3 (26612352)|HEAP_ALLOCATE|[127]|Bytes:19
08:28:07.3 (26633916)|VARIABLE_ASSIGNMENT|[127]|returnValue|"Recruiter Interview"
08:28:07.3 (26638424)|STATEMENT_EXECUTE|[129]
08:28:07.3 (26650950)|METHOD_EXIT|[89]|01pB0000000lA1s|testautonumdata.InterviewsLCServerController.GetSobjectField(SObject, String)
08:28:07.3 (26726765)|VARIABLE_ASSIGNMENT|[EXTERNAL]|this|{"column1":"John Derk","column2":"Software Engineer -  (9 more) ...","eventField":"a0MB0000000cQXFMA2","recordID":"a0NB0000000TaTJMA0"}|0x50d4f8f3
08:28:07.3 (26737607)|VARIABLE_ASSIGNMENT|[EXTERNAL]|value|"Recruiter Interview"
08:28:07.3 (26762655)|VARIABLE_ASSIGNMENT|[14]|this.column4|"Recruiter Interview"|0x50d4f8f3
08:28:07.3 (26775964)|STATEMENT_EXECUTE|[93]
08:28:07.3 (26798802)|ENTERING_MANAGED_PKG|
08:28:07.3 (26811583)|HEAP_ALLOCATE|[EXTERNAL]|Bytes:4
08:28:07.3 (26823389)|STATEMENT_EXECUTE|[95]
08:28:07.3 (26850608)|ENTERING_MANAGED_PKG|
08:28:07.3 (26881937)|HEAP_ALLOCATE|[95]|Bytes:190
08:28:07.3 (26902679)|HEAP_ALLOCATE|[95]|Bytes:202
08:28:07.3 (26927224)|ENTERING_MANAGED_PKG|
08:28:07.3 (26938703)|USER_DEBUG|[95]|DEBUG|######## i: InterviewsLCServerController:[column1=John Derk, column2=Software Engineer - Force.com, column3=null, column4=Recruiter Interview, eventField=a0MB0000000cQXFMA2, recordID=a0NB0000000TaTJMA0]
08:28:07.3 (26963793)|HEAP_ALLOCATE|[62]|Bytes:5
08:28:07.3 (27004667)|HEAP_ALLOCATE|[62]|Bytes:20
08:28:07.3 (27023466)|VARIABLE_SCOPE_BEGIN|[62]|e|SObject|true|false
08:28:07.3 (27064448)|VARIABLE_ASSIGNMENT|[62]|e|{"s":1,"v":{"Id":"a0NB0000000TajWMAS","testautonumdata__Can (9 more) ...":"a0MB0000000cQXZMA2","testautonumdata__Int (14 more) ...":"Technical Interview","testautonumdata__Can (9 more) ...":{"s":2,"v":{"Name":"Joseph Damascus","testautonumdata__Pos (8 more) ...":"a0LB0000000seqpMAA","Id":"a0MB0000000cQXZMA2","testautonumdata__Pos (8 more) ...":{"s":3,"v":{"Name":"Software Engineer -  (9 more) ...","Id":"a0LB0000000seqpMAA"}}}}}}|0x65e734aa
08:28:07.3 (27076411)|STATEMENT_EXECUTE|[63]
08:28:07.3 (27079070)|STATEMENT_EXECUTE|[64]
08:28:07.3 (27106767)|ENTERING_MANAGED_PKG|
08:28:07.3 (27170140)|HEAP_ALLOCATE|[64]|Bytes:159
08:28:07.3 (27191796)|HEAP_ALLOCATE|[64]|Bytes:171
08:28:07.3 (27215068)|ENTERING_MANAGED_PKG|
08:28:07.3 (27224917)|USER_DEBUG|[64]|DEBUG|######## e: testautonumdata__Interview__c:{Id=a0NB0000000TajWMAS, testautonumdata__Candidate__c=a0MB0000000cQXZMA2, testautonumdata__Interview_Type__c=Technical Interview}
08:28:07.3 (27237614)|STATEMENT_EXECUTE|[65]
08:28:07.3 (27244351)|HEAP_ALLOCATE|[65]|Bytes:28
08:28:07.3 (27261631)|CONSTRUCTOR_ENTRY|[65]|01pB0000000lA1s|<init>()
08:28:07.3 (27270899)|VARIABLE_SCOPE_BEGIN|[1]|this|testautonumdata.InterviewsLCServerController|true|false
08:28:07.3 (27323988)|VARIABLE_ASSIGNMENT|[1]|this|{}|0x173f270d
08:28:07.3 (27334814)|HEAP_ALLOCATE|[EXTERNAL]|Bytes:5
08:28:07.3 (27361780)|STATEMENT_EXECUTE|[1]
08:28:07.3 (27368693)|HEAP_ALLOCATE|[EXTERNAL]|Bytes:5
08:28:07.3 (27372863)|STATEMENT_EXECUTE|[4]
08:28:07.3 (27375337)|STATEMENT_EXECUTE|[6]
08:28:07.3 (27377075)|STATEMENT_EXECUTE|[8]
08:28:07.3 (27378715)|STATEMENT_EXECUTE|[10]
08:28:07.3 (27380342)|STATEMENT_EXECUTE|[12]
08:28:07.3 (27381872)|STATEMENT_EXECUTE|[14]
08:28:07.3 (27397399)|CONSTRUCTOR_EXIT|[65]|01pB0000000lA1s|<init>()
08:28:07.3 (27404710)|VARIABLE_SCOPE_BEGIN|[65]|i|testautonumdata.InterviewsLCServerController|true|false
08:28:07.3 (27455953)|VARIABLE_ASSIGNMENT|[65]|i|{}|0x173f270d
08:28:07.3 (27461516)|STATEMENT_EXECUTE|[68]
08:28:07.3 (27491955)|ENTERING_MANAGED_PKG|
08:28:07.3 (27522243)|HEAP_ALLOCATE|[68]|Bytes:4
08:28:07.3 (27556982)|ENTERING_MANAGED_PKG|
08:28:07.3 (27563670)|HEAP_ALLOCATE|[68]|Bytes:18
08:28:07.3 (27633547)|VARIABLE_ASSIGNMENT|[EXTERNAL]|this|{}|0x173f270d
08:28:07.3 (27648386)|VARIABLE_ASSIGNMENT|[EXTERNAL]|value|"a0NB0000000TajWMAS"
08:28:07.3 (27673279)|VARIABLE_ASSIGNMENT|[4]|this.recordID|"a0NB0000000TajWMAS"|0x173f270d
08:28:07.3 (27686404)|STATEMENT_EXECUTE|[70]
08:28:07.3 (27688879)|STATEMENT_EXECUTE|[71]
08:28:07.3 (27698967)|METHOD_ENTRY|[71]|01pB0000000lA1s|testautonumdata.InterviewsLCServerController.GetSobjectField(SObject, String)
08:28:07.3 (27711302)|VARIABLE_SCOPE_BEGIN|[107]|e|SObject|true|false
08:28:07.3 (27747600)|VARIABLE_ASSIGNMENT|[107]|e|{"s":1,"v":{"Id":"a0NB0000000TajWMAS","testautonumdata__Can (9 more) ...":"a0MB0000000cQXZMA2","testautonumdata__Int (14 more) ...":"Technical Interview","testautonumdata__Can (9 more) ...":{"s":2,"v":{"Name":"Joseph Damascus","testautonumdata__Pos (8 more) ...":"a0LB0000000seqpMAA","Id":"a0MB0000000cQXZMA2","testautonumdata__Pos (8 more) ...":{"s":3,"v":{"Name":"Software Engineer -  (9 more) ...","Id":"a0LB0000000seqpMAA"}}}}}}|0x65e734aa
08:28:07.3 (27755964)|VARIABLE_SCOPE_BEGIN|[107]|lcfield|String|false|false
08:28:07.3 (27762692)|VARIABLE_ASSIGNMENT|[107]|lcfield|"Candidate__c"
08:28:07.3 (27772483)|HEAP_ALLOCATE|[110]|Bytes:5
08:28:07.3 (27781896)|STATEMENT_EXECUTE|[108]
08:28:07.3 (27784335)|STATEMENT_EXECUTE|[110]
08:28:07.3 (27790745)|VARIABLE_SCOPE_BEGIN|[110]|returnValue|String|false|false
08:28:07.3 (27823353)|VARIABLE_ASSIGNMENT|[110]|returnValue|""
08:28:07.3 (27857592)|ENTERING_MANAGED_PKG|
08:28:07.3 (27876789)|STATEMENT_EXECUTE|[127]
08:28:07.3 (27900031)|ENTERING_MANAGED_PKG|
08:28:07.3 (27938335)|HEAP_ALLOCATE|[127]|Bytes:4
08:28:07.3 (27973459)|ENTERING_MANAGED_PKG|
08:28:07.3 (27980740)|HEAP_ALLOCATE|[127]|Bytes:18
08:28:07.3 (28001996)|VARIABLE_ASSIGNMENT|[127]|returnValue|"a0MB0000000cQXZMA2"
08:28:07.3 (28007793)|STATEMENT_EXECUTE|[129]
08:28:07.3 (28021303)|METHOD_EXIT|[71]|01pB0000000lA1s|testautonumdata.InterviewsLCServerController.GetSobjectField(SObject, String)
08:28:07.3 (28087671)|VARIABLE_ASSIGNMENT|[EXTERNAL]|this|{"recordID":"a0NB0000000TajWMAS"}|0x173f270d
08:28:07.3 (28097464)|VARIABLE_ASSIGNMENT|[EXTERNAL]|value|"a0MB0000000cQXZMA2"
08:28:07.3 (28119797)|VARIABLE_ASSIGNMENT|[6]|this.eventField|"a0MB0000000cQXZMA2"|0x173f270d
08:28:07.3 (28133313)|STATEMENT_EXECUTE|[74]
08:28:07.3 (28135777)|STATEMENT_EXECUTE|[75]
08:28:07.3 (28150050)|METHOD_ENTRY|[75]|01pB0000000lA1s|testautonumdata.InterviewsLCServerController.GetSobjectField(SObject, String)
08:28:07.3 (28157703)|VARIABLE_SCOPE_BEGIN|[107]|e|SObject|true|false
08:28:07.3 (28194397)|VARIABLE_ASSIGNMENT|[107]|e|{"s":1,"v":{"Id":"a0NB0000000TajWMAS","testautonumdata__Can (9 more) ...":"a0MB0000000cQXZMA2","testautonumdata__Int (14 more) ...":"Technical Interview","testautonumdata__Can (9 more) ...":{"s":2,"v":{"Name":"Joseph Damascus","testautonumdata__Pos (8 more) ...":"a0LB0000000seqpMAA","Id":"a0MB0000000cQXZMA2","testautonumdata__Pos (8 more) ...":{"s":3,"v":{"Name":"Software Engineer -  (9 more) ...","Id":"a0LB0000000seqpMAA"}}}}}}|0x65e734aa
08:28:07.3 (28201488)|VARIABLE_SCOPE_BEGIN|[107]|lcfield|String|false|false
08:28:07.3 (28208535)|VARIABLE_ASSIGNMENT|[107]|lcfield|"Candidate__r.Name"
08:28:07.3 (28218613)|HEAP_ALLOCATE|[110]|Bytes:5
08:28:07.3 (28224222)|STATEMENT_EXECUTE|[108]
08:28:07.3 (28226213)|STATEMENT_EXECUTE|[110]
08:28:07.3 (28232664)|VARIABLE_SCOPE_BEGIN|[110]|returnValue|String|false|false
08:28:07.3 (28241383)|VARIABLE_ASSIGNMENT|[110]|returnValue|""
08:28:07.3 (28273749)|ENTERING_MANAGED_PKG|
08:28:07.3 (28290644)|STATEMENT_EXECUTE|[113]
08:28:07.3 (28293304)|STATEMENT_EXECUTE|[114]
08:28:07.3 (28314403)|ENTERING_MANAGED_PKG|
08:28:07.3 (28325922)|HEAP_ALLOCATE|[114]|Bytes:12
08:28:07.3 (28343321)|VARIABLE_SCOPE_BEGIN|[114]|relName|String|false|false
08:28:07.3 (28354097)|VARIABLE_ASSIGNMENT|[114]|relName|"Candidate__r"
08:28:07.3 (28357782)|STATEMENT_EXECUTE|[115]
08:28:07.3 (28381261)|ENTERING_MANAGED_PKG|
08:28:07.3 (28391732)|HEAP_ALLOCATE|[115]|Bytes:4
08:28:07.3 (28409188)|VARIABLE_SCOPE_BEGIN|[115]|relField|String|false|false
08:28:07.3 (28419418)|VARIABLE_ASSIGNMENT|[115]|relField|"Name"
08:28:07.3 (28443704)|ENTERING_MANAGED_PKG|
08:28:07.3 (28459862)|STATEMENT_EXECUTE|[123]
08:28:07.3 (28481326)|ENTERING_MANAGED_PKG|
08:28:07.3 (28537499)|HEAP_ALLOCATE|[123]|Bytes:20
08:28:07.3 (28573772)|ENTERING_MANAGED_PKG|
08:28:07.3 (28611457)|HEAP_ALLOCATE|[123]|Bytes:15
08:28:07.3 (28645330)|ENTERING_MANAGED_PKG|
08:28:07.3 (28652567)|HEAP_ALLOCATE|[123]|Bytes:15
08:28:07.3 (28677983)|VARIABLE_ASSIGNMENT|[123]|returnValue|"Joseph Damascus"
08:28:07.3 (28683178)|STATEMENT_EXECUTE|[129]
08:28:07.3 (28696868)|METHOD_EXIT|[75]|01pB0000000lA1s|testautonumdata.InterviewsLCServerController.GetSobjectField(SObject, String)
08:28:07.3 (28770472)|VARIABLE_ASSIGNMENT|[EXTERNAL]|this|{"eventField":"a0MB0000000cQXZMA2","recordID":"a0NB0000000TajWMAS"}|0x173f270d
08:28:07.3 (28780759)|VARIABLE_ASSIGNMENT|[EXTERNAL]|value|"Joseph Damascus"
08:28:07.3 (28801751)|VARIABLE_ASSIGNMENT|[8]|this.column1|"Joseph Damascus"|0x173f270d
08:28:07.3 (28815080)|STATEMENT_EXECUTE|[78]
08:28:07.3 (28817424)|STATEMENT_EXECUTE|[79]
08:28:07.3 (28827352)|METHOD_ENTRY|[79]|01pB0000000lA1s|testautonumdata.InterviewsLCServerController.GetSobjectField(SObject, String)
08:28:07.3 (28834966)|VARIABLE_SCOPE_BEGIN|[107]|e|SObject|true|false
08:28:07.3 (28871240)|VARIABLE_ASSIGNMENT|[107]|e|{"s":1,"v":{"Id":"a0NB0000000TajWMAS","testautonumdata__Can (9 more) ...":"a0MB0000000cQXZMA2","testautonumdata__Int (14 more) ...":"Technical Interview","testautonumdata__Can (9 more) ...":{"s":2,"v":{"Name":"Joseph Damascus","testautonumdata__Pos (8 more) ...":"a0LB0000000seqpMAA","Id":"a0MB0000000cQXZMA2","testautonumdata__Pos (8 more) ...":{"s":3,"v":{"Name":"Software Engineer -  (9 more) ...","Id":"a0LB0000000seqpMAA"}}}}}}|0x65e734aa
08:28:07.3 (28881125)|VARIABLE_SCOPE_BEGIN|[107]|lcfield|String|false|false
08:28:07.3 (28889682)|VARIABLE_ASSIGNMENT|[107]|lcfield|"Candidate__r.Positio (9 more) ..."
08:28:07.3 (28900072)|HEAP_ALLOCATE|[110]|Bytes:5
08:28:07.3 (28905326)|STATEMENT_EXECUTE|[108]
08:28:07.3 (28907421)|STATEMENT_EXECUTE|[110]
08:28:07.3 (28913743)|VARIABLE_SCOPE_BEGIN|[110]|returnValue|String|false|false
08:28:07.3 (28922642)|VARIABLE_ASSIGNMENT|[110]|returnValue|""
08:28:07.3 (28951724)|ENTERING_MANAGED_PKG|
08:28:07.3 (28968384)|STATEMENT_EXECUTE|[113]
08:28:07.3 (28970970)|STATEMENT_EXECUTE|[114]
08:28:07.3 (28993162)|ENTERING_MANAGED_PKG|
08:28:07.3 (29004987)|HEAP_ALLOCATE|[114]|Bytes:12
08:28:07.3 (29024681)|VARIABLE_SCOPE_BEGIN|[114]|relName|String|false|false
08:28:07.3 (29035242)|VARIABLE_ASSIGNMENT|[114]|relName|"Candidate__r"
08:28:07.3 (29039080)|STATEMENT_EXECUTE|[115]
08:28:07.3 (29063148)|ENTERING_MANAGED_PKG|
08:28:07.3 (29073918)|HEAP_ALLOCATE|[115]|Bytes:16
08:28:07.3 (29098580)|VARIABLE_SCOPE_BEGIN|[115]|relField|String|false|false
08:28:07.3 (29108945)|VARIABLE_ASSIGNMENT|[115]|relField|"Position__r.Name"
08:28:07.3 (29131393)|ENTERING_MANAGED_PKG|
08:28:07.3 (29145214)|STATEMENT_EXECUTE|[117]
08:28:07.3 (29147512)|STATEMENT_EXECUTE|[118]
08:28:07.3 (29164923)|ENTERING_MANAGED_PKG|
08:28:07.3 (29174714)|HEAP_ALLOCATE|[118]|Bytes:11
08:28:07.3 (29190047)|VARIABLE_SCOPE_BEGIN|[118]|relName2|String|false|false
08:28:07.3 (29199110)|VARIABLE_ASSIGNMENT|[118]|relName2|"Position__r"
08:28:07.3 (29202516)|STATEMENT_EXECUTE|[119]
08:28:07.3 (29222573)|ENTERING_MANAGED_PKG|
08:28:07.3 (29232053)|HEAP_ALLOCATE|[119]|Bytes:4
08:28:07.3 (29248010)|VARIABLE_SCOPE_BEGIN|[119]|relField2|String|false|false
08:28:07.3 (29257428)|VARIABLE_ASSIGNMENT|[119]|relField2|"Name"
08:28:07.3 (29260806)|STATEMENT_EXECUTE|[120]
08:28:07.3 (29283002)|ENTERING_MANAGED_PKG|
08:28:07.3 (29323356)|HEAP_ALLOCATE|[120]|Bytes:20
08:28:07.3 (29356930)|ENTERING_MANAGED_PKG|
08:28:07.3 (29395296)|HEAP_ALLOCATE|[120]|Bytes:12
08:28:07.3 (29433550)|ENTERING_MANAGED_PKG|
08:28:07.3 (29459711)|HEAP_ALLOCATE|[120]|Bytes:29
08:28:07.3 (29491305)|ENTERING_MANAGED_PKG|
08:28:07.3 (29497945)|HEAP_ALLOCATE|[120]|Bytes:29
08:28:07.3 (29521849)|VARIABLE_ASSIGNMENT|[120]|returnValue|"Software Engineer -  (9 more) ..."
08:28:07.3 (29527916)|STATEMENT_EXECUTE|[129]
08:28:07.3 (29540253)|METHOD_EXIT|[79]|01pB0000000lA1s|testautonumdata.InterviewsLCServerController.GetSobjectField(SObject, String)
08:28:07.3 (29604786)|VARIABLE_ASSIGNMENT|[EXTERNAL]|this|{"column1":"Joseph Damascus","eventField":"a0MB0000000cQXZMA2","recordID":"a0NB0000000TajWMAS"}|0x173f270d
08:28:07.3 (29615977)|VARIABLE_ASSIGNMENT|[EXTERNAL]|value|"Software Engineer -  (9 more) ..."
08:28:07.3 (29638037)|VARIABLE_ASSIGNMENT|[10]|this.column2|"Software Engineer -  (9 more) ..."|0x173f270d
08:28:07.3 (29651382)|STATEMENT_EXECUTE|[83]
08:28:07.3 (29653573)|STATEMENT_EXECUTE|[84]
08:28:07.3 (29663287)|METHOD_ENTRY|[84]|01pB0000000lA1s|testautonumdata.InterviewsLCServerController.GetSobjectField(SObject, String)
08:28:07.3 (29673698)|VARIABLE_SCOPE_BEGIN|[107]|e|SObject|true|false
08:28:07.3 (29716680)|VARIABLE_ASSIGNMENT|[107]|e|{"s":1,"v":{"Id":"a0NB0000000TajWMAS","testautonumdata__Can (9 more) ...":"a0MB0000000cQXZMA2","testautonumdata__Int (14 more) ...":"Technical Interview","testautonumdata__Can (9 more) ...":{"s":2,"v":{"Name":"Joseph Damascus","testautonumdata__Pos (8 more) ...":"a0LB0000000seqpMAA","Id":"a0MB0000000cQXZMA2","testautonumdata__Pos (8 more) ...":{"s":3,"v":{"Name":"Software Engineer -  (9 more) ...","Id":"a0LB0000000seqpMAA"}}}}}}|0x65e734aa
08:28:07.3 (29727525)|VARIABLE_SCOPE_BEGIN|[107]|lcfield|String|false|false
08:28:07.3 (29733947)|VARIABLE_ASSIGNMENT|[107]|lcfield|"Status__c"
08:28:07.3 (29743541)|HEAP_ALLOCATE|[110]|Bytes:5
08:28:07.3 (29748459)|STATEMENT_EXECUTE|[108]
08:28:07.3 (29750346)|STATEMENT_EXECUTE|[110]
08:28:07.3 (29756015)|VARIABLE_SCOPE_BEGIN|[110]|returnValue|String|false|false
08:28:07.3 (29762773)|VARIABLE_ASSIGNMENT|[110]|returnValue|""
08:28:07.3 (29790627)|ENTERING_MANAGED_PKG|
08:28:07.3 (29808416)|STATEMENT_EXECUTE|[127]
08:28:07.3 (29832924)|ENTERING_MANAGED_PKG|
08:28:07.3 (29893436)|ENTERING_MANAGED_PKG|
08:28:07.3 (29916432)|VARIABLE_ASSIGNMENT|[127]|returnValue|null
08:28:07.3 (29925530)|STATEMENT_EXECUTE|[129]
08:28:07.3 (29940177)|METHOD_EXIT|[84]|01pB0000000lA1s|testautonumdata.InterviewsLCServerController.GetSobjectField(SObject, String)
08:28:07.3 (30012687)|VARIABLE_ASSIGNMENT|[EXTERNAL]|this|{"column1":"Joseph Damascus","column2":"Software Engineer -  (9 more) ...","eventField":"a0MB0000000cQXZMA2","recordID":"a0NB0000000TajWMAS"}|0x173f270d
08:28:07.3 (30024390)|VARIABLE_ASSIGNMENT|[EXTERNAL]|value|null
08:28:07.3 (30049070)|VARIABLE_ASSIGNMENT|[12]|this.column3|null|0x173f270d
08:28:07.3 (30065114)|STATEMENT_EXECUTE|[88]
08:28:07.3 (30068078)|STATEMENT_EXECUTE|[89]
08:28:07.3 (30079134)|METHOD_ENTRY|[89]|01pB0000000lA1s|testautonumdata.InterviewsLCServerController.GetSobjectField(SObject, String)
08:28:07.3 (30086590)|VARIABLE_SCOPE_BEGIN|[107]|e|SObject|true|false
08:28:07.3 (30122707)|VARIABLE_ASSIGNMENT|[107]|e|{"s":1,"v":{"Id":"a0NB0000000TajWMAS","testautonumdata__Can (9 more) ...":"a0MB0000000cQXZMA2","testautonumdata__Int (14 more) ...":"Technical Interview","testautonumdata__Can (9 more) ...":{"s":2,"v":{"Name":"Joseph Damascus","testautonumdata__Pos (8 more) ...":"a0LB0000000seqpMAA","Id":"a0MB0000000cQXZMA2","testautonumdata__Pos (8 more) ...":{"s":3,"v":{"Name":"Software Engineer -  (9 more) ...","Id":"a0LB0000000seqpMAA"}}}}}}|0x65e734aa
08:28:07.3 (30134098)|VARIABLE_SCOPE_BEGIN|[107]|lcfield|String|false|false
08:28:07.3 (30141574)|VARIABLE_ASSIGNMENT|[107]|lcfield|"Interview_Type__c"
08:28:07.3 (30152709)|HEAP_ALLOCATE|[110]|Bytes:5
08:28:07.3 (30158277)|STATEMENT_EXECUTE|[108]
08:28:07.3 (30160455)|STATEMENT_EXECUTE|[110]
08:28:07.3 (30167026)|VARIABLE_SCOPE_BEGIN|[110]|returnValue|String|false|false
08:28:07.3 (30174786)|VARIABLE_ASSIGNMENT|[110]|returnValue|""
08:28:07.3 (30204761)|ENTERING_MANAGED_PKG|
08:28:07.3 (30221822)|STATEMENT_EXECUTE|[127]
08:28:07.3 (30246752)|ENTERING_MANAGED_PKG|
08:28:07.3 (30280759)|HEAP_ALLOCATE|[127]|Bytes:19
08:28:07.3 (30315602)|ENTERING_MANAGED_PKG|
08:28:07.3 (30322793)|HEAP_ALLOCATE|[127]|Bytes:19
08:28:07.3 (30345249)|VARIABLE_ASSIGNMENT|[127]|returnValue|"Technical Interview"
08:28:07.3 (30350114)|STATEMENT_EXECUTE|[129]
08:28:07.3 (30363944)|METHOD_EXIT|[89]|01pB0000000lA1s|testautonumdata.InterviewsLCServerController.GetSobjectField(SObject, String)
08:28:07.3 (30433927)|VARIABLE_ASSIGNMENT|[EXTERNAL]|this|{"column1":"Joseph Damascus","column2":"Software Engineer -  (9 more) ...","eventField":"a0MB0000000cQXZMA2","recordID":"a0NB0000000TajWMAS"}|0x173f270d
08:28:07.3 (30448088)|VARIABLE_ASSIGNMENT|[EXTERNAL]|value|"Technical Interview"
08:28:07.3 (30469943)|VARIABLE_ASSIGNMENT|[14]|this.column4|"Technical Interview"|0x173f270d
08:28:07.3 (30483388)|STATEMENT_EXECUTE|[93]
08:28:07.3 (30506152)|ENTERING_MANAGED_PKG|
08:28:07.3 (30537480)|HEAP_ALLOCATE|[EXTERNAL]|Bytes:4
08:28:07.3 (30554816)|STATEMENT_EXECUTE|[95]
08:28:07.3 (30585505)|ENTERING_MANAGED_PKG|
08:28:07.3 (30618159)|HEAP_ALLOCATE|[95]|Bytes:196
08:28:07.3 (30639612)|HEAP_ALLOCATE|[95]|Bytes:208
08:28:07.3 (30665006)|ENTERING_MANAGED_PKG|
08:28:07.3 (30676718)|USER_DEBUG|[95]|DEBUG|######## i: InterviewsLCServerController:[column1=Joseph Damascus, column2=Software Engineer - Force.com, column3=null, column4=Technical Interview, eventField=a0MB0000000cQXZMA2, recordID=a0NB0000000TajWMAS]
08:28:07.3 (30706418)|HEAP_ALLOCATE|[62]|Bytes:5
08:28:07.3 (30732418)|VARIABLE_ASSIGNMENT|[62]|e|null|
08:28:07.3 (30738510)|STATEMENT_EXECUTE|[100]
08:28:07.3 (30747530)|HEAP_ALLOCATE|[100]|Bytes:27
08:28:07.3 (30778009)|ENTERING_MANAGED_PKG|
08:28:07.3 (30930955)|HEAP_ALLOCATE|[100]|Bytes:775
08:28:07.3 (30956929)|HEAP_ALLOCATE|[100]|Bytes:802
08:28:07.3 (30987517)|ENTERING_MANAGED_PKG|
08:28:07.3 (30998462)|USER_DEBUG|[100]|DEBUG|######## lstReturnRecords: (InterviewsLCServerController:[column1=John Derk, column2=Software Engineer - Force.com, column3=null, column4=Management Interview, eventField=a0MB0000000cQXFMA2, recordID=a0NB0000000TaTTMA0], InterviewsLCServerController:[column1=John Derk, column2=Software Engineer - Force.com, column3=null, column4=Technical Interview, eventField=a0MB0000000cQXFMA2, recordID=a0NB0000000TaTOMA0], InterviewsLCServerController:[column1=John Derk, column2=Software Engineer - Force.com, column3=null, column4=Recruiter Interview, eventField=a0MB0000000cQXFMA2, recordID=a0NB0000000TaTJMA0], InterviewsLCServerController:[column1=Joseph Damascus, column2=Software Engineer - Force.com, column3=null, column4=Technical Interview, eventField=a0MB0000000cQXZMA2, recordID=a0NB0000000TajWMAS])
08:28:07.3 (31018928)|STATEMENT_EXECUTE|[102]
08:28:07.3 (31035241)|SYSTEM_MODE_EXIT|false
08:28:07.31 (31078977)|CUMULATIVE_LIMIT_USAGE
08:28:07.31 (31078977)|LIMIT_USAGE_FOR_NS|(default)|
  Number of SOQL queries: 0 out of 100
  Number of query rows: 0 out of 50000
  Number of SOSL queries: 0 out of 20
  Number of DML statements: 0 out of 150
  Number of DML rows: 0 out of 10000
  Maximum CPU time: 0 out of 10000
  Maximum heap size: 0 out of 6000000
  Number of callouts: 0 out of 100
  Number of Email Invocations: 0 out of 10
  Number of future calls: 0 out of 50
  Number of queueable jobs added to the queue: 0 out of 50
  Number of Mobile Apex push calls: 0 out of 10

08:28:07.31 (31078977)|LIMIT_USAGE_FOR_NS|testautonumdata|
  Number of SOQL queries: 1 out of 100
  Number of query rows: 4 out of 50000
  Number of SOSL queries: 0 out of 20
  Number of DML statements: 0 out of 150
  Number of DML rows: 0 out of 10000
  Maximum CPU time: 0 out of 10000
  Maximum heap size: 0 out of 6000000
  Number of callouts: 0 out of 100
  Number of Email Invocations: 0 out of 10
  Number of future calls: 0 out of 50
  Number of queueable jobs added to the queue: 0 out of 50
  Number of Mobile Apex push calls: 0 out of 10

08:28:07.31 (31078977)|CUMULATIVE_LIMIT_USAGE_END

08:28:07.3 (31171896)|CODE_UNIT_FINISHED|InterviewsLCServerController.getListRecords
08:28:07.33 (33527497)|USER_INFO|[EXTERNAL]|005B0000001VpZR|rreboucas-yi5c@force.com|Pacific Standard Time|GMT-07:00
08:28:07.33 (33542678)|CODE_UNIT_STARTED|[EXTERNAL]|Aura
08:28:07.33 (33650542)|CODE_UNIT_FINISHED|Aura
08:28:07.35 (35278740)|USER_INFO|[EXTERNAL]|005B0000001VpZR|rreboucas-yi5c@force.com|Pacific Standard Time|GMT-07:00
08:28:07.35 (35302179)|CODE_UNIT_STARTED|[EXTERNAL]|Aura
08:28:07.35 (35407332)|CODE_UNIT_FINISHED|Aura
08:28:07.36 (36996663)|USER_INFO|[EXTERNAL]|005B0000001VpZR|rreboucas-yi5c@force.com|Pacific Standard Time|GMT-07:00
08:28:07.36 (37015357)|CODE_UNIT_STARTED|[EXTERNAL]|Aura
08:28:07.36 (37097103)|CODE_UNIT_FINISHED|Aura
08:28:07.38 (38277785)|USER_INFO|[EXTERNAL]|005B0000001VpZR|rreboucas-yi5c@force.com|Pacific Standard Time|GMT-07:00
08:28:07.38 (38288189)|CODE_UNIT_STARTED|[EXTERNAL]|Aura
08:28:07.38 (38335585)|CODE_UNIT_FINISHED|Aura
08:28:07.40 (40170688)|USER_INFO|[EXTERNAL]|005B0000001VpZR|rreboucas-yi5c@force.com|Pacific Standard Time|GMT-07:00
08:28:07.40 (40184839)|CODE_UNIT_STARTED|[EXTERNAL]|01pB0000000qaYT|ReferralsServerController.getReferralsForCandidate
08:28:07.40 (40283918)|HEAP_ALLOCATE|[EXTERNAL]|Bytes:196
08:28:07.40 (40298103)|HEAP_ALLOCATE|[EXTERNAL]|Bytes:17
08:28:07.40 (40305284)|HEAP_ALLOCATE|[EXTERNAL]|Bytes:17
08:28:07.40 (40330246)|METHOD_ENTRY|[1]|01pB0000000qaYT|ReferralsServerController.ReferralsServerController()
08:28:07.40 (40337810)|STATEMENT_EXECUTE|[1]
08:28:07.40 (40345889)|STATEMENT_EXECUTE|[1]
08:28:07.40 (40358986)|SYSTEM_MODE_ENTER|false
08:28:07.40 (40367744)|HEAP_ALLOCATE|[EXTERNAL]|Bytes:5
08:28:07.40 (40378485)|SYSTEM_MODE_EXIT|false
08:28:07.40 (40396505)|METHOD_EXIT|[1]|ReferralsServerController
08:28:07.40 (40434237)|HEAP_ALLOCATE|[EXTERNAL]|Bytes:28
08:28:07.40 (40447528)|SYSTEM_MODE_ENTER|false
08:28:07.40 (40455986)|VARIABLE_SCOPE_BEGIN|[18]|rowsLimit|Integer|false|false
08:28:07.40 (40488067)|VARIABLE_ASSIGNMENT|[18]|rowsLimit|8
08:28:07.40 (40493520)|VARIABLE_SCOPE_BEGIN|[18]|recordId|String|false|false
08:28:07.40 (40503754)|VARIABLE_ASSIGNMENT|[18]|recordId|null
08:28:07.40 (40517358)|HEAP_ALLOCATE|[20]|Bytes:5
08:28:07.40 (40524712)|STATEMENT_EXECUTE|[18]
08:28:07.40 (40527091)|STATEMENT_EXECUTE|[20]
08:28:07.40 (40572216)|HEAP_ALLOCATE|[20]|Bytes:4
08:28:07.40 (40673991)|ENTERING_MANAGED_PKG|
08:28:07.40 (40731781)|VARIABLE_SCOPE_BEGIN|[20]|lstReturnRecords|List<testautonumdata.ReferralsServerController>|true|false
08:28:07.40 (40771813)|HEAP_ALLOCATE|[EXTERNAL]|Bytes:4
08:28:07.40 (40794426)|VARIABLE_ASSIGNMENT|[20]|lstReturnRecords|{"s":1,"v":[]}|0x5d4623b5
08:28:07.40 (40801532)|STATEMENT_EXECUTE|[22]
08:28:07.40 (40834815)|ENTERING_MANAGED_PKG|
08:28:07.40 (40891014)|HEAP_ALLOCATE|[22]|Bytes:1
08:28:07.40 (40916300)|HEAP_ALLOCATE|[22]|Bytes:21
08:28:07.40 (40947272)|ENTERING_MANAGED_PKG|
08:28:07.40 (40958641)|USER_DEBUG|[22]|DEBUG|######## rowsLimit: 8
08:28:07.40 (40971659)|STATEMENT_EXECUTE|[24]
08:28:07.40 (41007703)|ENTERING_MANAGED_PKG|
08:28:07.40 (41074951)|VARIABLE_SCOPE_BEGIN|[24]|rLimit|Integer|false|false
08:28:07.40 (41085896)|HEAP_ALLOCATE|[24]|Bytes:4
08:28:07.40 (41096231)|VARIABLE_ASSIGNMENT|[24]|rLimit|8
08:28:07.40 (41100749)|STATEMENT_EXECUTE|[25]
08:28:07.40 (41131869)|ENTERING_MANAGED_PKG|
08:28:07.40 (41183590)|HEAP_ALLOCATE|[25]|Bytes:1
08:28:07.40 (41206995)|HEAP_ALLOCATE|[25]|Bytes:18
08:28:07.40 (41237128)|ENTERING_MANAGED_PKG|
08:28:07.40 (41248854)|USER_DEBUG|[25]|DEBUG|######## rLimit: 8
08:28:07.40 (41262790)|STATEMENT_EXECUTE|[27]
08:28:07.40 (41268771)|HEAP_ALLOCATE|[27]|Bytes:177
08:28:07.40 (41285501)|HEAP_ALLOCATE|[27]|Bytes:4
08:28:07.40 (41304624)|HEAP_ALLOCATE|[27]|Bytes:7
08:28:07.40 (41333954)|HEAP_ALLOCATE|[27]|Bytes:7
08:28:07.40 (41345795)|HEAP_ALLOCATE|[27]|Bytes:4
08:28:07.40 (42442675)|SOQL_EXECUTE_BEGIN|[27]|Aggregations:0|SELECT Id, OwnerId, Owner.Name, testautonumdata__Referral_Message__c, createddate FROM testautonumdata__Referral__c WHERE testautonumdata__Candidate__c = :tmpVar1 LIMIT :tmpVar2
08:28:07.40 (47099922)|SOQL_EXECUTE_END|[27]|Rows:0
08:28:07.40 (47148595)|HEAP_ALLOCATE|[27]|Bytes:4
08:28:07.40 (47163405)|HEAP_ALLOCATE|[27]|Bytes:0
08:28:07.40 (47254586)|HEAP_ALLOCATE|[27]|Bytes:4
08:28:07.40 (47268622)|VARIABLE_SCOPE_BEGIN|[27]|referralsList|List<testautonumdata__Referral__c>|true|false
08:28:07.40 (47294024)|VARIABLE_ASSIGNMENT|[27]|referralsList|{"s":1,"v":[]}|0x332214e2
08:28:07.40 (47365728)|ENTERING_MANAGED_PKG|
08:28:07.40 (47414599)|STATEMENT_EXECUTE|[34]
08:28:07.40 (47417924)|STATEMENT_EXECUTE|[67]
08:28:07.40 (47422230)|HEAP_ALLOCATE|[67]|Bytes:16
08:28:07.40 (47448126)|ENTERING_MANAGED_PKG|
08:28:07.40 (47489801)|HEAP_ALLOCATE|[67]|Bytes:2
08:28:07.40 (47505876)|HEAP_ALLOCATE|[67]|Bytes:18
08:28:07.40 (47526554)|ENTERING_MANAGED_PKG|
08:28:07.40 (47534736)|USER_DEBUG|[67]|DEBUG|lstReturnRecords()
08:28:07.40 (47542412)|STATEMENT_EXECUTE|[71]
08:28:07.40 (47556889)|SYSTEM_MODE_EXIT|false
08:28:07.47 (47596057)|CUMULATIVE_LIMIT_USAGE
08:28:07.47 (47596057)|LIMIT_USAGE_FOR_NS|(default)|
  Number of SOQL queries: 0 out of 100
  Number of query rows: 0 out of 50000
  Number of SOSL queries: 0 out of 20
  Number of DML statements: 0 out of 150
  Number of DML rows: 0 out of 10000
  Maximum CPU time: 0 out of 10000
  Maximum heap size: 0 out of 6000000
  Number of callouts: 0 out of 100
  Number of Email Invocations: 0 out of 10
  Number of future calls: 0 out of 50
  Number of queueable jobs added to the queue: 0 out of 50
  Number of Mobile Apex push calls: 0 out of 10

08:28:07.47 (47596057)|LIMIT_USAGE_FOR_NS|testautonumdata|
  Number of SOQL queries: 2 out of 100
  Number of query rows: 4 out of 50000
  Number of SOSL queries: 0 out of 20
  Number of DML statements: 0 out of 150
  Number of DML rows: 0 out of 10000
  Maximum CPU time: 0 out of 10000
  Maximum heap size: 0 out of 6000000
  Number of callouts: 0 out of 100
  Number of Email Invocations: 0 out of 10
  Number of future calls: 0 out of 50
  Number of queueable jobs added to the queue: 0 out of 50
  Number of Mobile Apex push calls: 0 out of 10

08:28:07.47 (47596057)|CUMULATIVE_LIMIT_USAGE_END

08:28:07.40 (47668836)|CODE_UNIT_FINISHED|ReferralsServerController.getReferralsForCandidate
08:28:07.0 (47978777)|HEAP_ALLOCATE|[EXTERNAL]|Bytes:12
08:28:07.0 (48000313)|HEAP_ALLOCATE|[EXTERNAL]|Bytes:12
08:28:07.50 (50911290)|USER_INFO|[EXTERNAL]|005B0000001VpZR|rreboucas-yi5c@force.com|Pacific Standard Time|GMT-07:00
08:28:07.50 (51045819)|STATEMENT_EXECUTE|[1]
08:28:07.50 (51061947)|SYSTEM_MODE_ENTER|false
08:28:07.50 (51071553)|HEAP_ALLOCATE|[EXTERNAL]|Bytes:5
08:28:07.50 (51085629)|SYSTEM_MODE_EXIT|false
08:28:07.50 (51103222)|METHOD_EXIT|[1]|Twitter_Lightning_Controller
08:28:07.50 (51111760)|HEAP_ALLOCATE|[EXTERNAL]|Bytes:12
08:28:07.50 (51115331)|HEAP_ALLOCATE|[EXTERNAL]|Bytes:13
08:28:07.50 (51125774)|SYSTEM_MODE_ENTER|false
08:28:07.50 (51133341)|VARIABLE_SCOPE_BEGIN|[6]|recordID|String|false|false
08:28:07.50 (51159031)|VARIABLE_ASSIGNMENT|[6]|recordID|null
08:28:07.50 (51164624)|VARIABLE_SCOPE_BEGIN|[6]|objectApiName|String|false|false
08:28:07.50 (51172920)|VARIABLE_ASSIGNMENT|[6]|objectApiName|"Candidate__c"
08:28:07.50 (51176737)|VARIABLE_SCOPE_BEGIN|[6]|twitterIDFieldApiName|String|false|false
08:28:07.50 (51183196)|VARIABLE_ASSIGNMENT|[6]|twitterIDFieldApiName|"Twitter_ID__c"
08:28:07.50 (51197124)|HEAP_ALLOCATE|[8]|Bytes:5
08:28:07.50 (51203916)|STATEMENT_EXECUTE|[6]
08:28:07.50 (51206420)|STATEMENT_EXECUTE|[8]
08:28:07.50 (51210896)|HEAP_ALLOCATE|[8]|Bytes:3
08:28:07.50 (51218162)|VARIABLE_SCOPE_BEGIN|[8]|oauthVersion|String|false|false
08:28:07.50 (51227341)|VARIABLE_ASSIGNMENT|[8]|oauthVersion|"1.0"
08:28:07.50 (51233906)|STATEMENT_EXECUTE|[9]
08:28:07.50 (51238517)|HEAP_ALLOCATE|[9]|Bytes:25
08:28:07.50 (51244831)|VARIABLE_SCOPE_BEGIN|[9]|oauthConsumerKey|String|false|false
08:28:07.50 (51257347)|VARIABLE_ASSIGNMENT|[9]|oauthConsumerKey|"crTSqn98nBWCC8lbj0Ia (5 more) ..."
08:28:07.50 (51260920)|STATEMENT_EXECUTE|[10]
08:28:07.50 (51265280)|HEAP_ALLOCATE|[10]|Bytes:50
08:28:07.50 (51270989)|VARIABLE_SCOPE_BEGIN|[10]|oauthConsumerSecret|String|false|false
08:28:07.50 (51280782)|VARIABLE_ASSIGNMENT|[10]|oauthConsumerSecret|"LETjbmGTLmKF9tBldLY8 (30 more) ..."
08:28:07.50 (51284278)|STATEMENT_EXECUTE|[11]
08:28:07.50 (51288162)|HEAP_ALLOCATE|[11]|Bytes:23
08:28:07.50 (51293475)|VARIABLE_SCOPE_BEGIN|[11]|baseUrl|String|false|false
08:28:07.50 (51302871)|VARIABLE_ASSIGNMENT|[11]|baseUrl|"https://api.twitter. (3 more) ..."
08:28:07.50 (51306234)|STATEMENT_EXECUTE|[12]
08:28:07.50 (51310440)|HEAP_ALLOCATE|[12]|Bytes:9
08:28:07.50 (51316959)|VARIABLE_SCOPE_BEGIN|[12]|oauthSignatureMethod|String|false|false
08:28:07.50 (51329901)|VARIABLE_ASSIGNMENT|[12]|oauthSignatureMethod|"HMAC-SHA1"
08:28:07.50 (51333547)|STATEMENT_EXECUTE|[14]
08:28:07.50 (51339338)|VARIABLE_SCOPE_BEGIN|[14]|pictureURL|String|false|false
08:28:07.50 (51348298)|VARIABLE_ASSIGNMENT|[14]|pictureURL|""
08:28:07.50 (51388473)|ENTERING_MANAGED_PKG|
08:28:07.50 (51458913)|STATEMENT_EXECUTE|[137]
08:28:07.50 (51462923)|STATEMENT_EXECUTE|[138]
08:28:07.50 (51468511)|HEAP_ALLOCATE|[138]|Bytes:63
08:28:07.50 (51484566)|VARIABLE_ASSIGNMENT|[138]|pictureURL|"https://www.lightnin (43 more) ..."
08:28:07.50 (51488271)|STATEMENT_EXECUTE|[145]
08:28:07.50 (51506946)|SYSTEM_MODE_EXIT|false
08:28:07.51 (51542164)|CUMULATIVE_LIMIT_USAGE
08:28:07.51 (51542164)|LIMIT_USAGE_FOR_NS|(default)|
  Number of SOQL queries: 0 out of 100
  Number of query rows: 0 out of 50000
  Number of SOSL queries: 0 out of 20
  Number of DML statements: 0 out of 150
  Number of DML rows: 0 out of 10000
  Maximum CPU time: 0 out of 10000
  Maximum heap size: 0 out of 6000000
  Number of callouts: 0 out of 100
  Number of Email Invocations: 0 out of 10
  Number of future calls: 0 out of 50
  Number of queueable jobs added to the queue: 0 out of 50
  Number of Mobile Apex push calls: 0 out of 10

08:28:07.51 (51542164)|LIMIT_USAGE_FOR_NS|testautonumdata|
  Number of SOQL queries: 2 out of 100
  Number of query rows: 4 out of 50000
  Number of SOSL queries: 0 out of 20
  Number of DML statements: 0 out of 150
  Number of DML rows: 0 out of 10000
  Maximum CPU time: 0 out of 10000
  Maximum heap size: 0 out of 6000000
  Number of callouts: 0 out of 100
  Number of Email Invocations: 0 out of 10
  Number of future calls: 0 out of 50
  Number of queueable jobs added to the queue: 0 out of 50
  Number of Mobile Apex push calls: 0 out of 10

08:28:07.51 (51542164)|CUMULATIVE_LIMIT_USAGE_END

08:28:07.50 (51631294)|CODE_UNIT_FINISHED|Twitter_Lightning_Controller.getTwitterPicture
