38.0 APEX_CODE,FINEST;APEX_PROFILING,INFO;CALLOUT,INFO;DB,INFO;SYSTEM,DEBUG;VALIDATION,INFO;VISUALFORCE,INFO;WORKFLOW,INFO
09:19:09.0 (95436)|USER_INFO|[EXTERNAL]|005B0000001VpZR|rreboucas-yi5c@force.com|Pacific Standard Time|GMT-07:00
09:19:09.2 (2547579)|CODE_UNIT_STARTED|[EXTERNAL]|01pB0000000lc07|ListServerController.getListRecords
09:19:09.2 (2607151)|VARIABLE_SCOPE_BEGIN|[3]|ListServerController.mapObjectsFields|Map<String,Set<String>>|true|true
09:19:09.2 (2670834)|HEAP_ALLOCATE|[EXTERNAL]|Bytes:180
09:19:09.2 (2679212)|HEAP_ALLOCATE|[EXTERNAL]|Bytes:22
09:19:09.2 (2682331)|HEAP_ALLOCATE|[EXTERNAL]|Bytes:27
09:19:09.2 (2699051)|METHOD_ENTRY|[1]|01pB0000000lc07|ListServerController.ListServerController()
09:19:09.2 (2702806)|STATEMENT_EXECUTE|[1]
09:19:09.2 (2710301)|STATEMENT_EXECUTE|[1]
09:19:09.2 (2746278)|HEAP_ALLOCATE|[50]|Bytes:5
09:19:09.2 (2766622)|HEAP_ALLOCATE|[56]|Bytes:5
09:19:09.2 (2776203)|HEAP_ALLOCATE|[64]|Bytes:7
09:19:09.2 (2800665)|SYSTEM_MODE_ENTER|false
09:19:09.2 (2818531)|HEAP_ALLOCATE|[3]|Bytes:5
09:19:09.2 (2822748)|STATEMENT_EXECUTE|[3]
09:19:09.2 (2859734)|VARIABLE_ASSIGNMENT|[3]|ListServerController.mapObjectsFields|null|
09:19:09.2 (2868381)|SYSTEM_MODE_EXIT|false
09:19:09.2 (2882759)|METHOD_EXIT|[1]|ListServerController
09:19:09.2 (2887939)|HEAP_ALLOCATE|[EXTERNAL]|Bytes:1
09:19:09.2 (2890064)|HEAP_ALLOCATE|[EXTERNAL]|Bytes:7
09:19:09.2 (2891443)|HEAP_ALLOCATE|[EXTERNAL]|Bytes:2
09:19:09.2 (2892603)|HEAP_ALLOCATE|[EXTERNAL]|Bytes:4
09:19:09.2 (2893824)|HEAP_ALLOCATE|[EXTERNAL]|Bytes:4
09:19:09.2 (2900186)|SYSTEM_MODE_ENTER|false
09:19:09.2 (2905523)|VARIABLE_SCOPE_BEGIN|[23]|rowsLimit|String|false|false
09:19:09.2 (2915578)|VARIABLE_ASSIGNMENT|[23]|rowsLimit|"8"
09:19:09.2 (2917782)|VARIABLE_SCOPE_BEGIN|[23]|objectApiName|String|false|false
09:19:09.2 (2920810)|VARIABLE_ASSIGNMENT|[23]|objectApiName|"Account"
09:19:09.2 (2922576)|VARIABLE_SCOPE_BEGIN|[23]|filter1Field|String|false|false
09:19:09.2 (2925004)|VARIABLE_ASSIGNMENT|[23]|filter1Field|null
09:19:09.2 (2926591)|VARIABLE_SCOPE_BEGIN|[23]|filter1Value|String|false|false
09:19:09.2 (2928608)|VARIABLE_ASSIGNMENT|[23]|filter1Value|null
09:19:09.2 (2930124)|VARIABLE_SCOPE_BEGIN|[23]|eventField|String|false|false
09:19:09.2 (2932480)|VARIABLE_ASSIGNMENT|[23]|eventField|"Id"
09:19:09.2 (2934054)|VARIABLE_SCOPE_BEGIN|[23]|column1|String|false|false
09:19:09.2 (2936440)|VARIABLE_ASSIGNMENT|[23]|column1|"Name"
09:19:09.2 (2938082)|VARIABLE_SCOPE_BEGIN|[23]|column2|String|false|false
09:19:09.2 (2939926)|VARIABLE_ASSIGNMENT|[23]|column2|null
09:19:09.2 (2941611)|VARIABLE_SCOPE_BEGIN|[23]|column3|String|false|false
09:19:09.2 (2943527)|VARIABLE_ASSIGNMENT|[23]|column3|null
09:19:09.2 (2945080)|VARIABLE_SCOPE_BEGIN|[23]|column4|String|false|false
09:19:09.2 (2946883)|VARIABLE_ASSIGNMENT|[23]|column4|null
09:19:09.2 (2948330)|VARIABLE_SCOPE_BEGIN|[23]|sortField|String|false|false
09:19:09.2 (2950570)|VARIABLE_ASSIGNMENT|[23]|sortField|"Name"
09:19:09.2 (2952215)|VARIABLE_SCOPE_BEGIN|[23]|sortDirection|String|false|false
09:19:09.2 (2954549)|VARIABLE_ASSIGNMENT|[23]|sortDirection|null
09:19:09.2 (2966762)|HEAP_ALLOCATE|[25]|Bytes:5
09:19:09.2 (2970580)|STATEMENT_EXECUTE|[23]
09:19:09.2 (2971962)|STATEMENT_EXECUTE|[25]
09:19:09.2 (2974773)|HEAP_ALLOCATE|[25]|Bytes:20
09:19:09.2 (2986725)|HEAP_ALLOCATE|[25]|Bytes:21
09:19:09.2 (3010203)|ENTERING_MANAGED_PKG|
09:19:09.2 (3046304)|USER_DEBUG|[25]|DEBUG|######## rowsLimit: 8
09:19:09.2 (3056254)|STATEMENT_EXECUTE|[26]
09:19:09.2 (3059860)|HEAP_ALLOCATE|[26]|Bytes:24
09:19:09.2 (3065655)|HEAP_ALLOCATE|[26]|Bytes:31
09:19:09.2 (3072778)|ENTERING_MANAGED_PKG|
09:19:09.2 (3086214)|USER_DEBUG|[26]|DEBUG|######## objectApiName: Account
09:19:09.2 (3091693)|STATEMENT_EXECUTE|[29]
09:19:09.2 (3096167)|HEAP_ALLOCATE|[29]|Bytes:4
09:19:09.2 (3128346)|VARIABLE_ASSIGNMENT|[29]|ListServerController.mapObjectsFields|{"s":1,"v":{}}|0x10a70215
09:19:09.2 (3132422)|STATEMENT_EXECUTE|[31]
09:19:09.2 (3135382)|HEAP_ALLOCATE|[31]|Bytes:2
09:19:09.2 (3267288)|HEAP_ALLOCATE|[31]|Bytes:19
09:19:09.2 (3273432)|HEAP_ALLOCATE|[31]|Bytes:28
09:19:09.2 (3283751)|METHOD_ENTRY|[1]|01pB0000000ljzx|Sparkle_Helper.Sparkle_Helper()
09:19:09.2 (3286399)|STATEMENT_EXECUTE|[1]
09:19:09.2 (3289360)|STATEMENT_EXECUTE|[1]
09:19:09.2 (3295581)|HEAP_ALLOCATE|[31]|Bytes:5
09:19:09.2 (3305464)|METHOD_EXIT|[1]|Sparkle_Helper
09:19:09.2 (3319242)|METHOD_ENTRY|[31]|01pB0000000ljzx|testautonumdata.Sparkle_Helper.AddFieldToObjectsMap(String, String, Map<String,Set<String>>)
09:19:09.2 (3336058)|VARIABLE_SCOPE_BEGIN|[107]|fieldName|String|false|false
09:19:09.2 (3343104)|VARIABLE_ASSIGNMENT|[107]|fieldName|"Id"
09:19:09.2 (3345188)|VARIABLE_SCOPE_BEGIN|[107]|initialObjectName|String|false|false
09:19:09.2 (3348272)|VARIABLE_ASSIGNMENT|[107]|initialObjectName|"Account"
09:19:09.2 (3349934)|VARIABLE_SCOPE_BEGIN|[107]|theMap|Map<String,Set<String>>|true|false
09:19:09.2 (3360141)|VARIABLE_ASSIGNMENT|[107]|theMap|{"s":1,"v":{}}|0x10a70215
09:19:09.2 (3368266)|HEAP_ALLOCATE|[109]|Bytes:5
09:19:09.2 (3372894)|STATEMENT_EXECUTE|[108]
09:19:09.2 (3375618)|HEAP_ALLOCATE|[109]|Bytes:1
09:19:09.2 (3393412)|ENTERING_MANAGED_PKG|
09:19:09.2 (3425833)|STATEMENT_EXECUTE|[150]
09:19:09.2 (3436381)|METHOD_ENTRY|[150]|01pB0000000ljzx|testautonumdata.Sparkle_Helper.AddFieldToMap(String, String, Map<String,Set<String>>)
09:19:09.2 (3448861)|VARIABLE_SCOPE_BEGIN|[157]|fieldName|String|false|false
09:19:09.2 (3454638)|VARIABLE_ASSIGNMENT|[157]|fieldName|"Id"
09:19:09.2 (3456639)|VARIABLE_SCOPE_BEGIN|[157]|ObjectName|String|false|false
09:19:09.2 (3459679)|VARIABLE_ASSIGNMENT|[157]|ObjectName|"Account"
09:19:09.2 (3461279)|VARIABLE_SCOPE_BEGIN|[157]|theMap|Map<String,Set<String>>|true|false
09:19:09.2 (3469997)|VARIABLE_ASSIGNMENT|[157]|theMap|{"s":1,"v":{}}|0x10a70215
09:19:09.2 (3477785)|HEAP_ALLOCATE|[160]|Bytes:5
09:19:09.2 (3482112)|STATEMENT_EXECUTE|[158]
09:19:09.2 (3491827)|ENTERING_MANAGED_PKG|
09:19:09.2 (3523711)|STATEMENT_EXECUTE|[167]
09:19:09.2 (3525754)|STATEMENT_EXECUTE|[168]
09:19:09.2 (3577555)|HEAP_ALLOCATE|[168]|Bytes:4
09:19:09.2 (3597988)|ENTERING_MANAGED_PKG|
09:19:09.2 (3626068)|VARIABLE_SCOPE_BEGIN|[168]|newFieldSet|Set<String>|true|false
09:19:09.2 (3664420)|VARIABLE_ASSIGNMENT|[168]|newFieldSet|{"s":1,"v":[]}|0x7a73112d
09:19:09.2 (3668373)|STATEMENT_EXECUTE|[169]
09:19:09.2 (3679602)|ENTERING_MANAGED_PKG|
09:19:09.2 (3705489)|HEAP_ALLOCATE|[EXTERNAL]|Bytes:4
09:19:09.2 (3716120)|STATEMENT_EXECUTE|[170]
09:19:09.2 (3724267)|ENTERING_MANAGED_PKG|
09:19:09.2 (3753008)|HEAP_ALLOCATE|[EXTERNAL]|Bytes:-4
09:19:09.2 (3766344)|METHOD_EXIT|[150]|01pB0000000ljzx|testautonumdata.Sparkle_Helper.AddFieldToMap(String, String, Map<String,Set<String>>)
09:19:09.2 (3773172)|METHOD_EXIT|[31]|01pB0000000ljzx|testautonumdata.Sparkle_Helper.AddFieldToObjectsMap(String, String, Map<String,Set<String>>)
09:19:09.2 (3776513)|STATEMENT_EXECUTE|[33]
09:19:09.2 (3797596)|HEAP_ALLOCATE|[33]|Bytes:4
09:19:09.2 (3842241)|ENTERING_MANAGED_PKG|
09:19:09.2 (3859310)|VARIABLE_SCOPE_BEGIN|[33]|lstReturnRecords|List<testautonumdata.ListServerController>|true|false
09:19:09.2 (3885200)|HEAP_ALLOCATE|[EXTERNAL]|Bytes:4
09:19:09.2 (3899802)|VARIABLE_ASSIGNMENT|[33]|lstReturnRecords|{"s":1,"v":[]}|0x35d80e7b
09:19:09.2 (3903279)|STATEMENT_EXECUTE|[35]
09:19:09.2 (3924020)|ENTERING_MANAGED_PKG|
09:19:09.2 (3954682)|VARIABLE_SCOPE_BEGIN|[35]|rLimit|Integer|false|false
09:19:09.2 (3959940)|HEAP_ALLOCATE|[35]|Bytes:4
09:19:09.2 (3966515)|VARIABLE_ASSIGNMENT|[35]|rLimit|8
09:19:09.2 (3968913)|STATEMENT_EXECUTE|[36]
09:19:09.2 (3972275)|HEAP_ALLOCATE|[36]|Bytes:17
09:19:09.2 (3986711)|ENTERING_MANAGED_PKG|
09:19:09.2 (4006884)|HEAP_ALLOCATE|[36]|Bytes:1
09:19:09.2 (4020038)|HEAP_ALLOCATE|[36]|Bytes:18
09:19:09.2 (4028168)|ENTERING_MANAGED_PKG|
09:19:09.2 (4034700)|USER_DEBUG|[36]|DEBUG|######## rLimit: 8
09:19:09.2 (4040164)|STATEMENT_EXECUTE|[40]
09:19:09.2 (4043164)|HEAP_ALLOCATE|[40]|Bytes:9
09:19:09.2 (4047051)|VARIABLE_SCOPE_BEGIN|[40]|soql|String|false|false
09:19:09.2 (4054042)|VARIABLE_ASSIGNMENT|[40]|soql|"Select id"
09:19:09.2 (4068098)|ENTERING_MANAGED_PKG|
09:19:09.2 (4096535)|STATEMENT_EXECUTE|[42]
09:19:09.2 (4099153)|STATEMENT_EXECUTE|[49]
09:19:09.2 (4100097)|STATEMENT_EXECUTE|[50]
09:19:09.2 (4102770)|HEAP_ALLOCATE|[50]|Bytes:2
09:19:09.2 (4115520)|ENTERING_MANAGED_PKG|
09:19:09.2 (4131016)|HEAP_ALLOCATE|[50]|Bytes:4
09:19:09.2 (4142523)|HEAP_ALLOCATE|[50]|Bytes:6
09:19:09.2 (4146606)|HEAP_ALLOCATE|[50]|Bytes:15
09:19:09.2 (4153887)|VARIABLE_ASSIGNMENT|[50]|soql|"Select id, Name"
09:19:09.2 (4156384)|STATEMENT_EXECUTE|[51]
09:19:09.2 (4164291)|METHOD_ENTRY|[51]|01pB0000000ljzx|testautonumdata.Sparkle_Helper.AddFieldToObjectsMap(String, String, Map<String,Set<String>>)
09:19:09.2 (4176729)|VARIABLE_SCOPE_BEGIN|[107]|fieldName|String|false|false
09:19:09.2 (4181253)|VARIABLE_ASSIGNMENT|[107]|fieldName|"Name"
09:19:09.2 (4182906)|VARIABLE_SCOPE_BEGIN|[107]|initialObjectName|String|false|false
09:19:09.2 (4185442)|VARIABLE_ASSIGNMENT|[107]|initialObjectName|"Account"
09:19:09.2 (4186892)|VARIABLE_SCOPE_BEGIN|[107]|theMap|Map<String,Set<String>>|true|false
09:19:09.2 (4202332)|VARIABLE_ASSIGNMENT|[107]|theMap|{"s":1,"v":{"Account":{"s":2,"v":["Id"]}}}|0x10a70215
09:19:09.2 (4210964)|HEAP_ALLOCATE|[109]|Bytes:5
09:19:09.2 (4215017)|STATEMENT_EXECUTE|[108]
09:19:09.2 (4226669)|ENTERING_MANAGED_PKG|
09:19:09.2 (4234630)|STATEMENT_EXECUTE|[150]
09:19:09.2 (4240545)|METHOD_ENTRY|[150]|01pB0000000ljzx|testautonumdata.Sparkle_Helper.AddFieldToMap(String, String, Map<String,Set<String>>)
09:19:09.2 (4243863)|VARIABLE_SCOPE_BEGIN|[157]|fieldName|String|false|false
09:19:09.2 (4248787)|VARIABLE_ASSIGNMENT|[157]|fieldName|"Name"
09:19:09.2 (4250617)|VARIABLE_SCOPE_BEGIN|[157]|ObjectName|String|false|false
09:19:09.2 (4253207)|VARIABLE_ASSIGNMENT|[157]|ObjectName|"Account"
09:19:09.2 (4254616)|VARIABLE_SCOPE_BEGIN|[157]|theMap|Map<String,Set<String>>|true|false
09:19:09.2 (4267483)|VARIABLE_ASSIGNMENT|[157]|theMap|{"s":1,"v":{"Account":{"s":2,"v":["Id"]}}}|0x10a70215
09:19:09.2 (4274399)|HEAP_ALLOCATE|[160]|Bytes:5
09:19:09.2 (4277901)|STATEMENT_EXECUTE|[158]
09:19:09.2 (4283651)|ENTERING_MANAGED_PKG|
09:19:09.2 (4290186)|STATEMENT_EXECUTE|[161]
09:19:09.2 (4291473)|STATEMENT_EXECUTE|[162]
09:19:09.2 (4297176)|ENTERING_MANAGED_PKG|
09:19:09.2 (4326261)|VARIABLE_SCOPE_BEGIN|[162]|existingFieldSet|Set<String>|true|false
09:19:09.2 (4340404)|VARIABLE_ASSIGNMENT|[162]|existingFieldSet|{"s":1,"v":["Id"]}|0x7a73112d
09:19:09.2 (4343829)|STATEMENT_EXECUTE|[163]
09:19:09.2 (4350952)|ENTERING_MANAGED_PKG|
09:19:09.2 (4371964)|HEAP_ALLOCATE|[EXTERNAL]|Bytes:4
09:19:09.2 (4380055)|STATEMENT_EXECUTE|[164]
09:19:09.2 (4386953)|ENTERING_MANAGED_PKG|
09:19:09.2 (4422557)|METHOD_EXIT|[150]|01pB0000000ljzx|testautonumdata.Sparkle_Helper.AddFieldToMap(String, String, Map<String,Set<String>>)
09:19:09.2 (4429527)|METHOD_EXIT|[51]|01pB0000000ljzx|testautonumdata.Sparkle_Helper.AddFieldToObjectsMap(String, String, Map<String,Set<String>>)
09:19:09.2 (4437218)|STATEMENT_EXECUTE|[53]
09:19:09.2 (4439341)|STATEMENT_EXECUTE|[58]
09:19:09.2 (4440783)|STATEMENT_EXECUTE|[63]
09:19:09.2 (4441766)|STATEMENT_EXECUTE|[69]
09:19:09.2 (4445384)|HEAP_ALLOCATE|[69]|Bytes:6
09:19:09.2 (4458058)|ENTERING_MANAGED_PKG|
09:19:09.2 (4474662)|HEAP_ALLOCATE|[69]|Bytes:7
09:19:09.2 (4486845)|HEAP_ALLOCATE|[69]|Bytes:13
09:19:09.2 (4490490)|HEAP_ALLOCATE|[69]|Bytes:28
09:19:09.2 (4503494)|VARIABLE_ASSIGNMENT|[69]|soql|"Select id, Name FROM (8 more) ..."
09:19:09.2 (4508098)|STATEMENT_EXECUTE|[72]
09:19:09.2 (4510572)|STATEMENT_EXECUTE|[78]
09:19:09.2 (4511538)|STATEMENT_EXECUTE|[84]
09:19:09.2 (4513978)|HEAP_ALLOCATE|[84]|Bytes:7
09:19:09.2 (4525026)|ENTERING_MANAGED_PKG|
09:19:09.2 (4539538)|HEAP_ALLOCATE|[84]|Bytes:1
09:19:09.2 (4550976)|HEAP_ALLOCATE|[84]|Bytes:8
09:19:09.2 (4554674)|HEAP_ALLOCATE|[84]|Bytes:36
09:19:09.2 (4562560)|VARIABLE_ASSIGNMENT|[84]|soql|"Select id, Name FROM (16 more) ..."
09:19:09.2 (4565151)|STATEMENT_EXECUTE|[88]
09:19:09.2 (4567877)|HEAP_ALLOCATE|[88]|Bytes:15
09:19:09.2 (4571942)|HEAP_ALLOCATE|[88]|Bytes:51
09:19:09.2 (4579820)|ENTERING_MANAGED_PKG|
09:19:09.2 (4595802)|USER_DEBUG|[88]|DEBUG|######## soql: Select id, Name FROM Account limit 8
09:19:09.2 (4610073)|METHOD_ENTRY|[95]|01pB0000000ljzx|testautonumdata.Sparkle_Helper.UserHasAccessToObjectsAndFields(Map<String,Set<String>>)
09:19:09.2 (4623268)|VARIABLE_SCOPE_BEGIN|[175]|theMap|Map<String,Set<String>>|true|false
09:19:09.2 (4641269)|VARIABLE_ASSIGNMENT|[175]|theMap|{"s":1,"v":{"Account":{"s":2,"v":["Id","Name"]}}}|0x10a70215
09:19:09.2 (4650538)|HEAP_ALLOCATE|[177]|Bytes:5
09:19:09.2 (4654832)|STATEMENT_EXECUTE|[176]
09:19:09.2 (4656023)|STATEMENT_EXECUTE|[177]
09:19:09.2 (4659955)|VARIABLE_SCOPE_BEGIN|[177]|hasAccess|Boolean|false|false
09:19:09.2 (4663132)|HEAP_ALLOCATE|[177]|Bytes:5
09:19:09.2 (4667480)|VARIABLE_ASSIGNMENT|[177]|hasAccess|true
09:19:09.2 (4675918)|ENTERING_MANAGED_PKG|
09:19:09.2 (4697190)|STATEMENT_EXECUTE|[180]
09:19:09.2 (4699053)|STATEMENT_EXECUTE|[181]
09:19:09.2 (4702588)|HEAP_ALLOCATE|[181]|Bytes:17
09:19:09.2 (4718564)|ENTERING_MANAGED_PKG|
09:19:09.2 (4746394)|HEAP_ALLOCATE|[181]|Bytes:20
09:19:09.2 (4758775)|HEAP_ALLOCATE|[181]|Bytes:37
09:19:09.2 (4766872)|ENTERING_MANAGED_PKG|
09:19:09.2 (4773124)|USER_DEBUG|[181]|DEBUG|######## theMap: {Account={Id, Name}}
09:19:09.2 (4784100)|HEAP_ALLOCATE|[182]|Bytes:4
09:19:09.2 (4795073)|ENTERING_MANAGED_PKG|
09:19:09.2 (4813328)|ENTERING_MANAGED_PKG|
09:19:09.2 (4826909)|HEAP_ALLOCATE|[182]|Bytes:15
09:19:09.2 (4837740)|ENTERING_MANAGED_PKG|
09:19:09.2 (4842991)|HEAP_ALLOCATE|[182]|Bytes:4
09:19:09.2 (4849407)|ENTERING_MANAGED_PKG|
09:19:09.2 (4915464)|HEAP_ALLOCATE|[182]|Bytes:5
09:19:09.2 (4931062)|VARIABLE_SCOPE_BEGIN|[182]|objectName|String|false|false
09:19:09.2 (4938639)|VARIABLE_ASSIGNMENT|[182]|objectName|"Account"
09:19:09.2 (4941904)|STATEMENT_EXECUTE|[183]
09:19:09.2 (4942948)|STATEMENT_EXECUTE|[184]
09:19:09.2 (4946172)|HEAP_ALLOCATE|[184]|Bytes:21
09:19:09.2 (4952410)|HEAP_ALLOCATE|[184]|Bytes:28
09:19:09.2 (4960568)|ENTERING_MANAGED_PKG|
09:19:09.2 (4979190)|USER_DEBUG|[184]|DEBUG|######## objectName: Account
09:19:09.2 (4985951)|STATEMENT_EXECUTE|[185]
09:19:09.2 (4999343)|ENTERING_MANAGED_PKG|
09:19:09.2 (19742059)|HEAP_ALLOCATE|[185]|Bytes:1648
09:19:09.2 (19778318)|ENTERING_MANAGED_PKG|
09:19:09.2 (19862914)|HEAP_ALLOCATE|[185]|Bytes:4
09:19:09.2 (19874310)|VARIABLE_SCOPE_BEGIN|[185]|sObj|SObject|true|false
09:19:09.2 (19899780)|VARIABLE_ASSIGNMENT|[185]|sObj|{}|0x600235a7
09:19:09.2 (19905764)|STATEMENT_EXECUTE|[186]
09:19:09.2 (19937375)|ENTERING_MANAGED_PKG|
09:19:09.2 (20302998)|HEAP_ALLOCATE|[186]|Bytes:4
09:19:09.2 (21315873)|HEAP_ALLOCATE|[186]|Bytes:312
09:19:09.2 (21327119)|VARIABLE_SCOPE_BEGIN|[186]|m|Map<String,Schema.SObjectField>|true|false
09:19:09.2 (21576014)|VARIABLE_ASSIGNMENT|[186]|m|"{accountnumber=AccountNumber, accountsource=AccountSource, annualrevenue=AnnualRevenue, billingaddress=BillingAddress, billingcity=BillingCity, billingcountry=BillingCountry, billingcountrycode=BillingCountryCode, billinglatitude=BillingLatitude, billinglongitude=BillingLongitude, billingpostalcode=BillingPostalCode, ...}"|0x1cf311e4
09:19:09.2 (21583629)|STATEMENT_EXECUTE|[187]
09:19:09.2 (21595415)|ENTERING_MANAGED_PKG|
09:19:09.2 (21635112)|VARIABLE_SCOPE_BEGIN|[187]|objectFieldSet|Set<String>|true|false
09:19:09.2 (21660965)|VARIABLE_ASSIGNMENT|[187]|objectFieldSet|{"s":1,"v":["Id","Name"]}|0x7a73112d
09:19:09.2 (21668423)|HEAP_ALLOCATE|[189]|Bytes:4
09:19:09.2 (21679557)|ENTERING_MANAGED_PKG|
09:19:09.2 (21703074)|ENTERING_MANAGED_PKG|
09:19:09.2 (21707801)|HEAP_ALLOCATE|[189]|Bytes:8
09:19:09.2 (21715299)|ENTERING_MANAGED_PKG|
09:19:09.2 (21733123)|HEAP_ALLOCATE|[189]|Bytes:5
09:19:09.2 (21748099)|VARIABLE_SCOPE_BEGIN|[189]|fieldToCheck|String|false|false
09:19:09.2 (21755343)|VARIABLE_ASSIGNMENT|[189]|fieldToCheck|"Id"
09:19:09.2 (21758681)|STATEMENT_EXECUTE|[189]
09:19:09.2 (21759906)|STATEMENT_EXECUTE|[190]
09:19:09.2 (21763444)|HEAP_ALLOCATE|[190]|Bytes:23
09:19:09.2 (21776361)|HEAP_ALLOCATE|[190]|Bytes:25
09:19:09.2 (21788043)|ENTERING_MANAGED_PKG|
09:19:09.2 (21812286)|USER_DEBUG|[190]|DEBUG|######## fieldToCheck: Id
09:19:09.2 (21826154)|ENTERING_MANAGED_PKG|
09:19:09.2 (22064173)|HEAP_ALLOCATE|[192]|Bytes:8
09:19:09.2 (22091723)|STATEMENT_EXECUTE|[192]
09:19:09.2 (22094237)|STATEMENT_EXECUTE|[199]
09:19:09.2 (22097510)|HEAP_ALLOCATE|[199]|Bytes:35
09:19:09.2 (22104737)|HEAP_ALLOCATE|[199]|Bytes:37
09:19:09.2 (22116912)|ENTERING_MANAGED_PKG|
09:19:09.2 (22135601)|USER_DEBUG|[199]|DEBUG|######## User has access to field: Id
09:19:09.2 (22150687)|HEAP_ALLOCATE|[189]|Bytes:5
09:19:09.2 (22162323)|VARIABLE_SCOPE_BEGIN|[189]|fieldToCheck|String|false|false
09:19:09.2 (22170036)|VARIABLE_ASSIGNMENT|[189]|fieldToCheck|"Name"
09:19:09.2 (22172981)|STATEMENT_EXECUTE|[189]
09:19:09.2 (22174157)|STATEMENT_EXECUTE|[190]
09:19:09.2 (22179517)|HEAP_ALLOCATE|[190]|Bytes:27
09:19:09.2 (22186140)|ENTERING_MANAGED_PKG|
09:19:09.2 (22191919)|USER_DEBUG|[190]|DEBUG|######## fieldToCheck: Name
09:19:09.2 (22199342)|ENTERING_MANAGED_PKG|
09:19:09.2 (22366650)|HEAP_ALLOCATE|[192]|Bytes:8
09:19:09.2 (22381632)|STATEMENT_EXECUTE|[192]
09:19:09.2 (22383857)|STATEMENT_EXECUTE|[199]
09:19:09.2 (22389763)|HEAP_ALLOCATE|[199]|Bytes:39
09:19:09.2 (22396504)|ENTERING_MANAGED_PKG|
09:19:09.2 (22403203)|USER_DEBUG|[199]|DEBUG|######## User has access to field: Name
09:19:09.2 (22416373)|HEAP_ALLOCATE|[189]|Bytes:5
09:19:09.2 (22428469)|VARIABLE_ASSIGNMENT|[189]|fieldToCheck|null
09:19:09.2 (22437048)|HEAP_ALLOCATE|[182]|Bytes:5
09:19:09.2 (22444994)|VARIABLE_ASSIGNMENT|[182]|objectName|null
09:19:09.2 (22448763)|STATEMENT_EXECUTE|[206]
09:19:09.2 (22451645)|HEAP_ALLOCATE|[206]|Bytes:5
09:19:09.2 (22464521)|METHOD_EXIT|[95]|01pB0000000ljzx|testautonumdata.Sparkle_Helper.UserHasAccessToObjectsAndFields(Map<String,Set<String>>)
09:19:09.2 (22469285)|STATEMENT_EXECUTE|[96]
09:19:09.2 (22470633)|STATEMENT_EXECUTE|[98]
09:19:09.2 (22493012)|ENTERING_MANAGED_PKG|
09:19:09.2 (22536736)|HEAP_ALLOCATE|[98]|Bytes:4
09:19:09.2 (22722344)|SOQL_EXECUTE_BEGIN|[98]|Aggregations:0|Select id, Name FROM Account limit 8
09:19:09.2 (26426218)|SOQL_EXECUTE_END|[98]|Rows:8
09:19:09.2 (26453308)|HEAP_ALLOCATE|[98]|Bytes:36
09:19:09.2 (26477550)|HEAP_ALLOCATE|[98]|Bytes:478
09:19:09.2 (26526689)|HEAP_ALLOCATE|[98]|Bytes:36
09:19:09.2 (26540255)|VARIABLE_SCOPE_BEGIN|[98]|lstQueriedRecords|List<SObject>|true|false
09:19:09.2 (26561941)|VARIABLE_ASSIGNMENT|[98]|lstQueriedRecords|{"s":1,"v":"List of size 8 too large to display"}|0x7ef4cc79
09:19:09.2 (26566176)|STATEMENT_EXECUTE|[100]
09:19:09.2 (26570421)|HEAP_ALLOCATE|[100]|Bytes:28
09:19:09.2 (26588072)|ENTERING_MANAGED_PKG|
09:19:09.2 (26690598)|HEAP_ALLOCATE|[100]|Bytes:502
09:19:09.2 (26713415)|HEAP_ALLOCATE|[100]|Bytes:530
09:19:09.2 (26722862)|ENTERING_MANAGED_PKG|
09:19:09.2 (26729719)|USER_DEBUG|[100]|DEBUG|######## lstQueriedRecords: (Account:{Id=001B00000066XxFIAU, Name=GenePoint}, Account:{Id=001B00000066XxDIAU, Name=United Oil & Gas, UK}, Account:{Id=001B00000066XxEIAU, Name=United Oil & Gas, Singapore}, Account:{Id=001B00000066Xx5IAE, Name=Edge Communications}, Account:{Id=001B00000066Xx6IAE, Name=Burlington Textiles Corp of America}, Account:{Id=001B00000066Xx7IAE, Name=Pyramid Construction Inc.}, Account:{Id=001B00000066Xx8IAE, Name=Dickenson plc}, Account:{Id=001B00000066Xx9IAE, Name=Hospital Universitario San Ignacio})
09:19:09.2 (26799115)|ENTERING_MANAGED_PKG|
09:19:09.2 (26971771)|HEAP_ALLOCATE|[104]|Bytes:5
09:19:09.2 (27003169)|HEAP_ALLOCATE|[104]|Bytes:12
09:19:09.2 (27021189)|VARIABLE_SCOPE_BEGIN|[104]|e|SObject|true|false
09:19:09.2 (27040601)|VARIABLE_ASSIGNMENT|[104]|e|{"s":1,"v":{"Id":"001B00000066XxFIAU","Name":"GenePoint"}}|0x6f0f1819
09:19:09.2 (27044570)|STATEMENT_EXECUTE|[105]
09:19:09.2 (27045880)|STATEMENT_EXECUTE|[106]
09:19:09.2 (27049790)|HEAP_ALLOCATE|[106]|Bytes:12
09:19:09.2 (27063645)|ENTERING_MANAGED_PKG|
09:19:09.2 (27109914)|HEAP_ALLOCATE|[106]|Bytes:47
09:19:09.2 (27124895)|HEAP_ALLOCATE|[106]|Bytes:59
09:19:09.2 (27133195)|ENTERING_MANAGED_PKG|
09:19:09.2 (27139762)|USER_DEBUG|[106]|DEBUG|######## e: Account:{Id=001B00000066XxFIAU, Name=GenePoint}
09:19:09.2 (27145726)|STATEMENT_EXECUTE|[107]
09:19:09.2 (27151057)|HEAP_ALLOCATE|[107]|Bytes:28
09:19:09.2 (27165227)|CONSTRUCTOR_ENTRY|[107]|01pB0000000lc07|<init>()
09:19:09.2 (27183780)|VARIABLE_SCOPE_BEGIN|[1]|this|testautonumdata.ListServerController|true|false
09:19:09.2 (27224169)|VARIABLE_ASSIGNMENT|[1]|this|{}|0x4ae4e70c
09:19:09.2 (27233162)|HEAP_ALLOCATE|[EXTERNAL]|Bytes:5
09:19:09.2 (27245971)|HEAP_ALLOCATE|[EXTERNAL]|Bytes:6
09:19:09.2 (27279360)|STATEMENT_EXECUTE|[1]
09:19:09.2 (27284341)|HEAP_ALLOCATE|[EXTERNAL]|Bytes:5
09:19:09.2 (27286701)|STATEMENT_EXECUTE|[6]
09:19:09.2 (27288101)|STATEMENT_EXECUTE|[8]
09:19:09.2 (27289047)|STATEMENT_EXECUTE|[10]
09:19:09.2 (27290159)|STATEMENT_EXECUTE|[12]
09:19:09.2 (27291171)|STATEMENT_EXECUTE|[14]
09:19:09.2 (27292117)|STATEMENT_EXECUTE|[16]
09:19:09.2 (27299794)|CONSTRUCTOR_EXIT|[107]|01pB0000000lc07|<init>()
09:19:09.2 (27303741)|VARIABLE_SCOPE_BEGIN|[107]|i|testautonumdata.ListServerController|true|false
09:19:09.2 (27323703)|VARIABLE_ASSIGNMENT|[107]|i|{}|0x4ae4e70c
09:19:09.2 (27326208)|STATEMENT_EXECUTE|[110]
09:19:09.2 (27329848)|HEAP_ALLOCATE|[110]|Bytes:2
09:19:09.2 (27347036)|ENTERING_MANAGED_PKG|
09:19:09.2 (27395341)|HEAP_ALLOCATE|[110]|Bytes:4
09:19:09.2 (27412292)|ENTERING_MANAGED_PKG|
09:19:09.2 (27415689)|HEAP_ALLOCATE|[110]|Bytes:18
09:19:09.2 (27448725)|VARIABLE_ASSIGNMENT|[EXTERNAL]|this|{}|0x4ae4e70c
09:19:09.2 (27455022)|VARIABLE_ASSIGNMENT|[EXTERNAL]|value|"001B00000066XxFIAU"
09:19:09.2 (27465384)|VARIABLE_ASSIGNMENT|[6]|this.recordID|"001B00000066XxFIAU"|0x4ae4e70c
09:19:09.2 (27472184)|STATEMENT_EXECUTE|[112]
09:19:09.2 (27473388)|STATEMENT_EXECUTE|[113]
09:19:09.2 (27485137)|METHOD_ENTRY|[113]|01pB0000000ljzx|testautonumdata.Sparkle_Helper.GetSobjectField(SObject, String)
09:19:09.2 (27501917)|VARIABLE_SCOPE_BEGIN|[78]|e|SObject|true|false
09:19:09.2 (27513962)|VARIABLE_ASSIGNMENT|[78]|e|{"s":1,"v":{"Id":"001B00000066XxFIAU","Name":"GenePoint"}}|0x6f0f1819
09:19:09.2 (27516532)|VARIABLE_SCOPE_BEGIN|[78]|lcfield|String|false|false
09:19:09.2 (27520279)|VARIABLE_ASSIGNMENT|[78]|lcfield|"Id"
09:19:09.2 (27528849)|HEAP_ALLOCATE|[81]|Bytes:5
09:19:09.2 (27533245)|STATEMENT_EXECUTE|[79]
09:19:09.2 (27534420)|STATEMENT_EXECUTE|[81]
09:19:09.2 (27539521)|VARIABLE_SCOPE_BEGIN|[81]|returnValue|String|false|false
09:19:09.2 (27544432)|VARIABLE_ASSIGNMENT|[81]|returnValue|""
09:19:09.2 (27558331)|ENTERING_MANAGED_PKG|
09:19:09.2 (27585729)|STATEMENT_EXECUTE|[98]
09:19:09.2 (27594977)|ENTERING_MANAGED_PKG|
09:19:09.2 (27628768)|HEAP_ALLOCATE|[98]|Bytes:4
09:19:09.2 (27645295)|ENTERING_MANAGED_PKG|
09:19:09.2 (27649015)|HEAP_ALLOCATE|[98]|Bytes:18
09:19:09.2 (27660767)|VARIABLE_ASSIGNMENT|[98]|returnValue|"001B00000066XxFIAU"
09:19:09.2 (27663809)|STATEMENT_EXECUTE|[100]
09:19:09.2 (27671656)|METHOD_EXIT|[113]|01pB0000000ljzx|testautonumdata.Sparkle_Helper.GetSobjectField(SObject, String)
09:19:09.2 (27706731)|VARIABLE_ASSIGNMENT|[EXTERNAL]|this|{"recordID":"001B00000066XxFIAU"}|0x4ae4e70c
09:19:09.2 (27712219)|VARIABLE_ASSIGNMENT|[EXTERNAL]|value|"001B00000066XxFIAU"
09:19:09.2 (27719564)|VARIABLE_ASSIGNMENT|[8]|this.eventField|"001B00000066XxFIAU"|0x4ae4e70c
09:19:09.2 (27726424)|STATEMENT_EXECUTE|[116]
09:19:09.2 (27727790)|STATEMENT_EXECUTE|[117]
09:19:09.2 (27733995)|METHOD_ENTRY|[117]|01pB0000000ljzx|testautonumdata.Sparkle_Helper.GetSobjectField(SObject, String)
09:19:09.2 (27746777)|VARIABLE_SCOPE_BEGIN|[78]|e|SObject|true|false
09:19:09.2 (27757514)|VARIABLE_ASSIGNMENT|[78]|e|{"s":1,"v":{"Id":"001B00000066XxFIAU","Name":"GenePoint"}}|0x6f0f1819
09:19:09.2 (27759703)|VARIABLE_SCOPE_BEGIN|[78]|lcfield|String|false|false
09:19:09.2 (27762756)|VARIABLE_ASSIGNMENT|[78]|lcfield|"Name"
09:19:09.2 (27770759)|HEAP_ALLOCATE|[81]|Bytes:5
09:19:09.2 (27774472)|STATEMENT_EXECUTE|[79]
09:19:09.2 (27775507)|STATEMENT_EXECUTE|[81]
09:19:09.2 (27779228)|VARIABLE_SCOPE_BEGIN|[81]|returnValue|String|false|false
09:19:09.2 (27783526)|VARIABLE_ASSIGNMENT|[81]|returnValue|""
09:19:09.2 (27795418)|ENTERING_MANAGED_PKG|
09:19:09.2 (27803851)|STATEMENT_EXECUTE|[98]
09:19:09.2 (27810533)|ENTERING_MANAGED_PKG|
09:19:09.2 (27829450)|HEAP_ALLOCATE|[98]|Bytes:9
09:19:09.2 (27843234)|ENTERING_MANAGED_PKG|
09:19:09.2 (27846131)|HEAP_ALLOCATE|[98]|Bytes:9
09:19:09.2 (27856933)|VARIABLE_ASSIGNMENT|[98]|returnValue|"GenePoint"
09:19:09.2 (27859747)|STATEMENT_EXECUTE|[100]
09:19:09.2 (27866939)|METHOD_EXIT|[117]|01pB0000000ljzx|testautonumdata.Sparkle_Helper.GetSobjectField(SObject, String)
09:19:09.2 (27897963)|VARIABLE_ASSIGNMENT|[EXTERNAL]|this|{"eventField":"001B00000066XxFIAU","recordID":"001B00000066XxFIAU"}|0x4ae4e70c
09:19:09.2 (27902917)|VARIABLE_ASSIGNMENT|[EXTERNAL]|value|"GenePoint"
09:19:09.2 (27909954)|VARIABLE_ASSIGNMENT|[10]|this.column1|"GenePoint"|0x4ae4e70c
09:19:09.2 (27916371)|STATEMENT_EXECUTE|[119]
09:19:09.2 (27918190)|STATEMENT_EXECUTE|[124]
09:19:09.2 (27919743)|STATEMENT_EXECUTE|[129]
09:19:09.2 (27920774)|STATEMENT_EXECUTE|[135]
09:19:09.2 (27929875)|ENTERING_MANAGED_PKG|
09:19:09.2 (27962594)|HEAP_ALLOCATE|[EXTERNAL]|Bytes:4
09:19:09.2 (27971626)|STATEMENT_EXECUTE|[137]
09:19:09.2 (27975592)|HEAP_ALLOCATE|[137]|Bytes:12
09:19:09.2 (27988222)|ENTERING_MANAGED_PKG|
09:19:09.2 (28048514)|HEAP_ALLOCATE|[137]|Bytes:181
09:19:09.2 (28064521)|HEAP_ALLOCATE|[137]|Bytes:193
09:19:09.2 (28072765)|ENTERING_MANAGED_PKG|
09:19:09.2 (28079390)|USER_DEBUG|[137]|DEBUG|######## i: ListServerController:[column1=GenePoint, column2=null, column3=null, column4=null, eventField=001B00000066XxFIAU, mapObjectsFields={Account={Id, Name}}, recordID=001B00000066XxFIAU]
09:19:09.2 (28093400)|HEAP_ALLOCATE|[104]|Bytes:5
09:19:09.2 (28116502)|HEAP_ALLOCATE|[104]|Bytes:12
09:19:09.2 (28129748)|VARIABLE_SCOPE_BEGIN|[104]|e|SObject|true|false
09:19:09.2 (28143835)|VARIABLE_ASSIGNMENT|[104]|e|{"s":1,"v":{"Id":"001B00000066XxDIAU","Name":"United Oil & Gas, UK"}}|0xde735e
09:19:09.2 (28147447)|STATEMENT_EXECUTE|[105]
09:19:09.2 (28148487)|STATEMENT_EXECUTE|[106]
09:19:09.2 (28160210)|ENTERING_MANAGED_PKG|
09:19:09.2 (28186222)|HEAP_ALLOCATE|[106]|Bytes:58
09:19:09.2 (28198919)|HEAP_ALLOCATE|[106]|Bytes:70
09:19:09.2 (28205406)|ENTERING_MANAGED_PKG|
09:19:09.2 (28211450)|USER_DEBUG|[106]|DEBUG|######## e: Account:{Id=001B00000066XxDIAU, Name=United Oil & Gas, UK}
09:19:09.2 (28217183)|STATEMENT_EXECUTE|[107]
09:19:09.2 (28221385)|HEAP_ALLOCATE|[107]|Bytes:28
09:19:09.2 (28228709)|CONSTRUCTOR_ENTRY|[107]|01pB0000000lc07|<init>()
09:19:09.2 (28232263)|VARIABLE_SCOPE_BEGIN|[1]|this|testautonumdata.ListServerController|true|false
09:19:09.2 (28256959)|VARIABLE_ASSIGNMENT|[1]|this|{}|0x61d04f72
09:19:09.2 (28264408)|HEAP_ALLOCATE|[EXTERNAL]|Bytes:5
09:19:09.2 (28279341)|STATEMENT_EXECUTE|[1]
09:19:09.2 (28282846)|HEAP_ALLOCATE|[EXTERNAL]|Bytes:5
09:19:09.2 (28284920)|STATEMENT_EXECUTE|[6]
09:19:09.2 (28286284)|STATEMENT_EXECUTE|[8]
09:19:09.2 (28287154)|STATEMENT_EXECUTE|[10]
09:19:09.2 (28288071)|STATEMENT_EXECUTE|[12]
09:19:09.2 (28288965)|STATEMENT_EXECUTE|[14]
09:19:09.2 (28289844)|STATEMENT_EXECUTE|[16]
09:19:09.2 (28296402)|CONSTRUCTOR_EXIT|[107]|01pB0000000lc07|<init>()
09:19:09.2 (28300007)|VARIABLE_SCOPE_BEGIN|[107]|i|testautonumdata.ListServerController|true|false
09:19:09.2 (28318383)|VARIABLE_ASSIGNMENT|[107]|i|{}|0x61d04f72
09:19:09.2 (28321691)|STATEMENT_EXECUTE|[110]
09:19:09.2 (28336073)|ENTERING_MANAGED_PKG|
09:19:09.2 (28357803)|HEAP_ALLOCATE|[110]|Bytes:4
09:19:09.2 (28372244)|ENTERING_MANAGED_PKG|
09:19:09.2 (28375129)|HEAP_ALLOCATE|[110]|Bytes:18
09:19:09.2 (28402719)|VARIABLE_ASSIGNMENT|[EXTERNAL]|this|{}|0x61d04f72
09:19:09.2 (28408337)|VARIABLE_ASSIGNMENT|[EXTERNAL]|value|"001B00000066XxDIAU"
09:19:09.2 (28415059)|VARIABLE_ASSIGNMENT|[6]|this.recordID|"001B00000066XxDIAU"|0x61d04f72
09:19:09.2 (28421345)|STATEMENT_EXECUTE|[112]
09:19:09.2 (28422515)|STATEMENT_EXECUTE|[113]
09:19:09.2 (28427722)|METHOD_ENTRY|[113]|01pB0000000ljzx|testautonumdata.Sparkle_Helper.GetSobjectField(SObject, String)
09:19:09.2 (28431172)|VARIABLE_SCOPE_BEGIN|[78]|e|SObject|true|false
09:19:09.2 (28443913)|VARIABLE_ASSIGNMENT|[78]|e|{"s":1,"v":{"Id":"001B00000066XxDIAU","Name":"United Oil & Gas, UK"}}|0xde735e
09:19:09.2 (28446547)|VARIABLE_SCOPE_BEGIN|[78]|lcfield|String|false|false
09:19:09.2 (28449609)|VARIABLE_ASSIGNMENT|[78]|lcfield|"Id"
09:19:09.2 (28457132)|HEAP_ALLOCATE|[81]|Bytes:5
09:19:09.2 (28461194)|STATEMENT_EXECUTE|[79]
09:19:09.2 (28462349)|STATEMENT_EXECUTE|[81]
09:19:09.2 (28466097)|VARIABLE_SCOPE_BEGIN|[81]|returnValue|String|false|false
09:19:09.2 (28470507)|VARIABLE_ASSIGNMENT|[81]|returnValue|""
09:19:09.2 (28481710)|ENTERING_MANAGED_PKG|
09:19:09.2 (28489872)|STATEMENT_EXECUTE|[98]
09:19:09.2 (28498760)|ENTERING_MANAGED_PKG|
09:19:09.2 (28517846)|HEAP_ALLOCATE|[98]|Bytes:4
09:19:09.2 (28531861)|ENTERING_MANAGED_PKG|
09:19:09.2 (28534750)|HEAP_ALLOCATE|[98]|Bytes:18
09:19:09.2 (28545808)|VARIABLE_ASSIGNMENT|[98]|returnValue|"001B00000066XxDIAU"
09:19:09.2 (28548642)|STATEMENT_EXECUTE|[100]
09:19:09.2 (28555775)|METHOD_EXIT|[113]|01pB0000000ljzx|testautonumdata.Sparkle_Helper.GetSobjectField(SObject, String)
09:19:09.2 (28581299)|VARIABLE_ASSIGNMENT|[EXTERNAL]|this|{"recordID":"001B00000066XxDIAU"}|0x61d04f72
09:19:09.2 (28585878)|VARIABLE_ASSIGNMENT|[EXTERNAL]|value|"001B00000066XxDIAU"
09:19:09.2 (28592177)|VARIABLE_ASSIGNMENT|[8]|this.eventField|"001B00000066XxDIAU"|0x61d04f72
09:19:09.2 (28598197)|STATEMENT_EXECUTE|[116]
09:19:09.2 (28599364)|STATEMENT_EXECUTE|[117]
09:19:09.2 (28604521)|METHOD_ENTRY|[117]|01pB0000000ljzx|testautonumdata.Sparkle_Helper.GetSobjectField(SObject, String)
09:19:09.2 (28607663)|VARIABLE_SCOPE_BEGIN|[78]|e|SObject|true|false
09:19:09.2 (28617114)|VARIABLE_ASSIGNMENT|[78]|e|{"s":1,"v":{"Id":"001B00000066XxDIAU","Name":"United Oil & Gas, UK"}}|0xde735e
09:19:09.2 (28619331)|VARIABLE_SCOPE_BEGIN|[78]|lcfield|String|false|false
09:19:09.2 (28622081)|VARIABLE_ASSIGNMENT|[78]|lcfield|"Name"
09:19:09.2 (28629060)|HEAP_ALLOCATE|[81]|Bytes:5
09:19:09.2 (28632517)|STATEMENT_EXECUTE|[79]
09:19:09.2 (28633566)|STATEMENT_EXECUTE|[81]
09:19:09.2 (28637006)|VARIABLE_SCOPE_BEGIN|[81]|returnValue|String|false|false
09:19:09.2 (28640965)|VARIABLE_ASSIGNMENT|[81]|returnValue|""
09:19:09.2 (28651795)|ENTERING_MANAGED_PKG|
09:19:09.2 (28659769)|STATEMENT_EXECUTE|[98]
09:19:09.2 (28666284)|ENTERING_MANAGED_PKG|
09:19:09.2 (28684213)|HEAP_ALLOCATE|[98]|Bytes:20
09:19:09.2 (28697461)|ENTERING_MANAGED_PKG|
09:19:09.2 (28700178)|HEAP_ALLOCATE|[98]|Bytes:20
09:19:09.2 (28715663)|VARIABLE_ASSIGNMENT|[98]|returnValue|"United Oil & Gas, UK"
09:19:09.2 (28718837)|STATEMENT_EXECUTE|[100]
09:19:09.2 (28726465)|METHOD_EXIT|[117]|01pB0000000ljzx|testautonumdata.Sparkle_Helper.GetSobjectField(SObject, String)
09:19:09.2 (28752510)|VARIABLE_ASSIGNMENT|[EXTERNAL]|this|{"eventField":"001B00000066XxDIAU","recordID":"001B00000066XxDIAU"}|0x61d04f72
09:19:09.2 (28757624)|VARIABLE_ASSIGNMENT|[EXTERNAL]|value|"United Oil & Gas, UK"
09:19:09.2 (28763686)|VARIABLE_ASSIGNMENT|[10]|this.column1|"United Oil & Gas, UK"|0x61d04f72
09:19:09.2 (28769619)|STATEMENT_EXECUTE|[119]
09:19:09.2 (28771306)|STATEMENT_EXECUTE|[124]
09:19:09.2 (28772559)|STATEMENT_EXECUTE|[129]
09:19:09.2 (28773525)|STATEMENT_EXECUTE|[135]
09:19:09.2 (28778266)|ENTERING_MANAGED_PKG|
09:19:09.2 (28788546)|HEAP_ALLOCATE|[EXTERNAL]|Bytes:4
09:19:09.2 (28794797)|STATEMENT_EXECUTE|[137]
09:19:09.2 (28805631)|ENTERING_MANAGED_PKG|
09:19:09.2 (28838872)|HEAP_ALLOCATE|[137]|Bytes:192
09:19:09.2 (28852006)|HEAP_ALLOCATE|[137]|Bytes:204
09:19:09.2 (28858727)|ENTERING_MANAGED_PKG|
09:19:09.2 (28865132)|USER_DEBUG|[137]|DEBUG|######## i: ListServerController:[column1=United Oil & Gas, UK, column2=null, column3=null, column4=null, eventField=001B00000066XxDIAU, mapObjectsFields={Account={Id, Name}}, recordID=001B00000066XxDIAU]
09:19:09.2 (28879151)|HEAP_ALLOCATE|[104]|Bytes:5
09:19:09.2 (28901051)|HEAP_ALLOCATE|[104]|Bytes:12
09:19:09.2 (28913934)|VARIABLE_SCOPE_BEGIN|[104]|e|SObject|true|false
09:19:09.2 (28928931)|VARIABLE_ASSIGNMENT|[104]|e|{"s":1,"v":{"Id":"001B00000066XxEIAU","Name":"United Oil & Gas, Si (7 more) ..."}}|0xac88292
09:19:09.2 (28932547)|STATEMENT_EXECUTE|[105]
09:19:09.2 (28933584)|STATEMENT_EXECUTE|[106]
09:19:09.2 (28945104)|ENTERING_MANAGED_PKG|
09:19:09.2 (28970368)|HEAP_ALLOCATE|[106]|Bytes:65
09:19:09.2 (28982826)|HEAP_ALLOCATE|[106]|Bytes:77
09:19:09.2 (28989289)|ENTERING_MANAGED_PKG|
09:19:09.2 (28995383)|USER_DEBUG|[106]|DEBUG|######## e: Account:{Id=001B00000066XxEIAU, Name=United Oil & Gas, Singapore}
09:19:09.2 (29001273)|STATEMENT_EXECUTE|[107]
09:19:09.2 (29006328)|HEAP_ALLOCATE|[107]|Bytes:28
09:19:09.2 (29013553)|CONSTRUCTOR_ENTRY|[107]|01pB0000000lc07|<init>()
09:19:09.2 (29017301)|VARIABLE_SCOPE_BEGIN|[1]|this|testautonumdata.ListServerController|true|false
09:19:09.2 (29038068)|VARIABLE_ASSIGNMENT|[1]|this|{}|0x7af28195
09:19:09.2 (29045371)|HEAP_ALLOCATE|[EXTERNAL]|Bytes:5
09:19:09.2 (29059490)|STATEMENT_EXECUTE|[1]
09:19:09.2 (29062919)|HEAP_ALLOCATE|[EXTERNAL]|Bytes:5
09:19:09.2 (29065012)|STATEMENT_EXECUTE|[6]
09:19:09.2 (29066261)|STATEMENT_EXECUTE|[8]
09:19:09.2 (29067131)|STATEMENT_EXECUTE|[10]
09:19:09.2 (29068037)|STATEMENT_EXECUTE|[12]
09:19:09.2 (29068911)|STATEMENT_EXECUTE|[14]
09:19:09.2 (29069793)|STATEMENT_EXECUTE|[16]
09:19:09.2 (29076109)|CONSTRUCTOR_EXIT|[107]|01pB0000000lc07|<init>()
09:19:09.2 (29079530)|VARIABLE_SCOPE_BEGIN|[107]|i|testautonumdata.ListServerController|true|false
09:19:09.2 (29096820)|VARIABLE_ASSIGNMENT|[107]|i|{}|0x7af28195
09:19:09.2 (29099130)|STATEMENT_EXECUTE|[110]
09:19:09.2 (29110859)|ENTERING_MANAGED_PKG|
09:19:09.2 (29131548)|HEAP_ALLOCATE|[110]|Bytes:4
09:19:09.2 (29145978)|ENTERING_MANAGED_PKG|
09:19:09.2 (29150711)|HEAP_ALLOCATE|[110]|Bytes:18
09:19:09.2 (29195132)|VARIABLE_ASSIGNMENT|[EXTERNAL]|this|{}|0x7af28195
09:19:09.2 (29202470)|VARIABLE_ASSIGNMENT|[EXTERNAL]|value|"001B00000066XxEIAU"
09:19:09.2 (29210355)|VARIABLE_ASSIGNMENT|[6]|this.recordID|"001B00000066XxEIAU"|0x7af28195
09:19:09.2 (29217550)|STATEMENT_EXECUTE|[112]
09:19:09.2 (29218786)|STATEMENT_EXECUTE|[113]
09:19:09.2 (29224066)|METHOD_ENTRY|[113]|01pB0000000ljzx|testautonumdata.Sparkle_Helper.GetSobjectField(SObject, String)
09:19:09.2 (29227842)|VARIABLE_SCOPE_BEGIN|[78]|e|SObject|true|false
09:19:09.2 (29239224)|VARIABLE_ASSIGNMENT|[78]|e|{"s":1,"v":{"Id":"001B00000066XxEIAU","Name":"United Oil & Gas, Si (7 more) ..."}}|0xac88292
09:19:09.2 (29241825)|VARIABLE_SCOPE_BEGIN|[78]|lcfield|String|false|false
09:19:09.2 (29244668)|VARIABLE_ASSIGNMENT|[78]|lcfield|"Id"
09:19:09.2 (29252183)|HEAP_ALLOCATE|[81]|Bytes:5
09:19:09.2 (29255840)|STATEMENT_EXECUTE|[79]
09:19:09.2 (29256860)|STATEMENT_EXECUTE|[81]
09:19:09.2 (29260582)|VARIABLE_SCOPE_BEGIN|[81]|returnValue|String|false|false
09:19:09.2 (29264745)|VARIABLE_ASSIGNMENT|[81]|returnValue|""
09:19:09.2 (29276304)|ENTERING_MANAGED_PKG|
09:19:09.2 (29284292)|STATEMENT_EXECUTE|[98]
09:19:09.2 (29290975)|ENTERING_MANAGED_PKG|
09:19:09.2 (29309462)|HEAP_ALLOCATE|[98]|Bytes:4
09:19:09.2 (29322920)|ENTERING_MANAGED_PKG|
09:19:09.2 (29325836)|HEAP_ALLOCATE|[98]|Bytes:18
09:19:09.2 (29337316)|VARIABLE_ASSIGNMENT|[98]|returnValue|"001B00000066XxEIAU"
09:19:09.2 (29340346)|STATEMENT_EXECUTE|[100]
09:19:09.2 (29347272)|METHOD_EXIT|[113]|01pB0000000ljzx|testautonumdata.Sparkle_Helper.GetSobjectField(SObject, String)
09:19:09.2 (29372434)|VARIABLE_ASSIGNMENT|[EXTERNAL]|this|{"recordID":"001B00000066XxEIAU"}|0x7af28195
09:19:09.2 (29377016)|VARIABLE_ASSIGNMENT|[EXTERNAL]|value|"001B00000066XxEIAU"
09:19:09.2 (29383269)|VARIABLE_ASSIGNMENT|[8]|this.eventField|"001B00000066XxEIAU"|0x7af28195
09:19:09.2 (29389188)|STATEMENT_EXECUTE|[116]
09:19:09.2 (29390391)|STATEMENT_EXECUTE|[117]
09:19:09.2 (29394806)|METHOD_ENTRY|[117]|01pB0000000ljzx|testautonumdata.Sparkle_Helper.GetSobjectField(SObject, String)
09:19:09.2 (29397915)|VARIABLE_SCOPE_BEGIN|[78]|e|SObject|true|false
09:19:09.2 (29408588)|VARIABLE_ASSIGNMENT|[78]|e|{"s":1,"v":{"Id":"001B00000066XxEIAU","Name":"United Oil & Gas, Si (7 more) ..."}}|0xac88292
09:19:09.2 (29411263)|VARIABLE_SCOPE_BEGIN|[78]|lcfield|String|false|false
09:19:09.2 (29413950)|VARIABLE_ASSIGNMENT|[78]|lcfield|"Name"
09:19:09.2 (29420979)|HEAP_ALLOCATE|[81]|Bytes:5
09:19:09.2 (29424420)|STATEMENT_EXECUTE|[79]
09:19:09.2 (29425404)|STATEMENT_EXECUTE|[81]
09:19:09.2 (29428830)|VARIABLE_SCOPE_BEGIN|[81]|returnValue|String|false|false
09:19:09.2 (29433322)|VARIABLE_ASSIGNMENT|[81]|returnValue|""
09:19:09.2 (29444044)|ENTERING_MANAGED_PKG|
09:19:09.2 (29452258)|STATEMENT_EXECUTE|[98]
09:19:09.2 (29458769)|ENTERING_MANAGED_PKG|
09:19:09.2 (29476708)|HEAP_ALLOCATE|[98]|Bytes:27
09:19:09.2 (29490221)|ENTERING_MANAGED_PKG|
09:19:09.2 (29492945)|HEAP_ALLOCATE|[98]|Bytes:27
09:19:09.2 (29509124)|VARIABLE_ASSIGNMENT|[98]|returnValue|"United Oil & Gas, Si (7 more) ..."
09:19:09.2 (29512451)|STATEMENT_EXECUTE|[100]
09:19:09.2 (29519620)|METHOD_EXIT|[117]|01pB0000000ljzx|testautonumdata.Sparkle_Helper.GetSobjectField(SObject, String)
09:19:09.2 (29546266)|VARIABLE_ASSIGNMENT|[EXTERNAL]|this|{"eventField":"001B00000066XxEIAU","recordID":"001B00000066XxEIAU"}|0x7af28195
09:19:09.2 (29551941)|VARIABLE_ASSIGNMENT|[EXTERNAL]|value|"United Oil & Gas, Si (7 more) ..."
09:19:09.2 (29558995)|VARIABLE_ASSIGNMENT|[10]|this.column1|"United Oil & Gas, Si (7 more) ..."|0x7af28195
09:19:09.2 (29564893)|STATEMENT_EXECUTE|[119]
09:19:09.2 (29566473)|STATEMENT_EXECUTE|[124]
09:19:09.2 (29567671)|STATEMENT_EXECUTE|[129]
09:19:09.2 (29568560)|STATEMENT_EXECUTE|[135]
09:19:09.2 (29574003)|ENTERING_MANAGED_PKG|
09:19:09.2 (29584144)|HEAP_ALLOCATE|[EXTERNAL]|Bytes:4
09:19:09.2 (29590485)|STATEMENT_EXECUTE|[137]
09:19:09.2 (29601296)|ENTERING_MANAGED_PKG|
09:19:09.2 (29635305)|HEAP_ALLOCATE|[137]|Bytes:199
09:19:09.2 (29648846)|HEAP_ALLOCATE|[137]|Bytes:211
09:19:09.2 (29655645)|ENTERING_MANAGED_PKG|
09:19:09.2 (29662084)|USER_DEBUG|[137]|DEBUG|######## i: ListServerController:[column1=United Oil & Gas, Singapore, column2=null, column3=null, column4=null, eventField=001B00000066XxEIAU, mapObjectsFields={Account={Id, Name}}, recordID=001B00000066XxEIAU]
09:19:09.2 (29676121)|HEAP_ALLOCATE|[104]|Bytes:5
09:19:09.2 (29698189)|HEAP_ALLOCATE|[104]|Bytes:12
09:19:09.2 (29715739)|VARIABLE_SCOPE_BEGIN|[104]|e|SObject|true|false
09:19:09.2 (29729392)|VARIABLE_ASSIGNMENT|[104]|e|{"s":1,"v":{"Id":"001B00000066Xx5IAE","Name":"Edge Communications"}}|0x6b44aa06
09:19:09.2 (29732840)|STATEMENT_EXECUTE|[105]
09:19:09.2 (29733874)|STATEMENT_EXECUTE|[106]
09:19:09.2 (29746111)|ENTERING_MANAGED_PKG|
09:19:09.2 (29771534)|HEAP_ALLOCATE|[106]|Bytes:57
09:19:09.2 (29783959)|HEAP_ALLOCATE|[106]|Bytes:69
09:19:09.2 (29790591)|ENTERING_MANAGED_PKG|
09:19:09.2 (29796595)|USER_DEBUG|[106]|DEBUG|######## e: Account:{Id=001B00000066Xx5IAE, Name=Edge Communications}
09:19:09.2 (29802131)|STATEMENT_EXECUTE|[107]
09:19:09.2 (29806481)|HEAP_ALLOCATE|[107]|Bytes:28
09:19:09.2 (29813781)|CONSTRUCTOR_ENTRY|[107]|01pB0000000lc07|<init>()
09:19:09.2 (29817720)|VARIABLE_SCOPE_BEGIN|[1]|this|testautonumdata.ListServerController|true|false
09:19:09.2 (29838214)|VARIABLE_ASSIGNMENT|[1]|this|{}|0x17c3c540
09:19:09.2 (29845297)|HEAP_ALLOCATE|[EXTERNAL]|Bytes:5
09:19:09.2 (29859720)|STATEMENT_EXECUTE|[1]
09:19:09.2 (29863062)|HEAP_ALLOCATE|[EXTERNAL]|Bytes:5
09:19:09.2 (29865096)|STATEMENT_EXECUTE|[6]
09:19:09.2 (29866369)|STATEMENT_EXECUTE|[8]
09:19:09.2 (29867311)|STATEMENT_EXECUTE|[10]
09:19:09.2 (29868231)|STATEMENT_EXECUTE|[12]
09:19:09.2 (29869118)|STATEMENT_EXECUTE|[14]
09:19:09.2 (29870004)|STATEMENT_EXECUTE|[16]
09:19:09.2 (29876403)|CONSTRUCTOR_EXIT|[107]|01pB0000000lc07|<init>()
09:19:09.2 (29879880)|VARIABLE_SCOPE_BEGIN|[107]|i|testautonumdata.ListServerController|true|false
09:19:09.2 (29898192)|VARIABLE_ASSIGNMENT|[107]|i|{}|0x17c3c540
09:19:09.2 (29900616)|STATEMENT_EXECUTE|[110]
09:19:09.2 (29912299)|ENTERING_MANAGED_PKG|
09:19:09.2 (29933279)|HEAP_ALLOCATE|[110]|Bytes:4
09:19:09.2 (29947273)|ENTERING_MANAGED_PKG|
09:19:09.2 (29950155)|HEAP_ALLOCATE|[110]|Bytes:18
09:19:09.2 (29977262)|VARIABLE_ASSIGNMENT|[EXTERNAL]|this|{}|0x17c3c540
09:19:09.2 (29982740)|VARIABLE_ASSIGNMENT|[EXTERNAL]|value|"001B00000066Xx5IAE"
09:19:09.2 (29989142)|VARIABLE_ASSIGNMENT|[6]|this.recordID|"001B00000066Xx5IAE"|0x17c3c540
09:19:09.2 (29995077)|STATEMENT_EXECUTE|[112]
09:19:09.2 (29996218)|STATEMENT_EXECUTE|[113]
09:19:09.2 (30001115)|METHOD_ENTRY|[113]|01pB0000000ljzx|testautonumdata.Sparkle_Helper.GetSobjectField(SObject, String)
09:19:09.2 (30005308)|VARIABLE_SCOPE_BEGIN|[78]|e|SObject|true|false
09:19:09.2 (30015378)|VARIABLE_ASSIGNMENT|[78]|e|{"s":1,"v":{"Id":"001B00000066Xx5IAE","Name":"Edge Communications"}}|0x6b44aa06
09:19:09.2 (30017542)|VARIABLE_SCOPE_BEGIN|[78]|lcfield|String|false|false
09:19:09.2 (30020264)|VARIABLE_ASSIGNMENT|[78]|lcfield|"Id"
09:19:09.2 (30027559)|HEAP_ALLOCATE|[81]|Bytes:5
09:19:09.2 (30031157)|STATEMENT_EXECUTE|[79]
09:19:09.2 (30032246)|STATEMENT_EXECUTE|[81]
09:19:09.2 (30035805)|VARIABLE_SCOPE_BEGIN|[81]|returnValue|String|false|false
09:19:09.2 (30039946)|VARIABLE_ASSIGNMENT|[81]|returnValue|""
09:19:09.2 (30050625)|ENTERING_MANAGED_PKG|
09:19:09.2 (30058544)|STATEMENT_EXECUTE|[98]
09:19:09.2 (30065029)|ENTERING_MANAGED_PKG|
09:19:09.2 (30082572)|HEAP_ALLOCATE|[98]|Bytes:4
09:19:09.2 (30095760)|ENTERING_MANAGED_PKG|
09:19:09.2 (30098691)|HEAP_ALLOCATE|[98]|Bytes:18
09:19:09.2 (30109622)|VARIABLE_ASSIGNMENT|[98]|returnValue|"001B00000066Xx5IAE"
09:19:09.2 (30112384)|STATEMENT_EXECUTE|[100]
09:19:09.2 (30119119)|METHOD_EXIT|[113]|01pB0000000ljzx|testautonumdata.Sparkle_Helper.GetSobjectField(SObject, String)
09:19:09.2 (30143963)|VARIABLE_ASSIGNMENT|[EXTERNAL]|this|{"recordID":"001B00000066Xx5IAE"}|0x17c3c540
09:19:09.2 (30148544)|VARIABLE_ASSIGNMENT|[EXTERNAL]|value|"001B00000066Xx5IAE"
09:19:09.2 (30154560)|VARIABLE_ASSIGNMENT|[8]|this.eventField|"001B00000066Xx5IAE"|0x17c3c540
09:19:09.2 (30160190)|STATEMENT_EXECUTE|[116]
09:19:09.2 (30161377)|STATEMENT_EXECUTE|[117]
09:19:09.2 (30166180)|METHOD_ENTRY|[117]|01pB0000000ljzx|testautonumdata.Sparkle_Helper.GetSobjectField(SObject, String)
09:19:09.2 (30169131)|VARIABLE_SCOPE_BEGIN|[78]|e|SObject|true|false
09:19:09.2 (30178644)|VARIABLE_ASSIGNMENT|[78]|e|{"s":1,"v":{"Id":"001B00000066Xx5IAE","Name":"Edge Communications"}}|0x6b44aa06
09:19:09.2 (30180655)|VARIABLE_SCOPE_BEGIN|[78]|lcfield|String|false|false
09:19:09.2 (30183401)|VARIABLE_ASSIGNMENT|[78]|lcfield|"Name"
09:19:09.2 (30190489)|HEAP_ALLOCATE|[81]|Bytes:5
09:19:09.2 (30193726)|STATEMENT_EXECUTE|[79]
09:19:09.2 (30194707)|STATEMENT_EXECUTE|[81]
09:19:09.2 (30198097)|VARIABLE_SCOPE_BEGIN|[81]|returnValue|String|false|false
09:19:09.2 (30202051)|VARIABLE_ASSIGNMENT|[81]|returnValue|""
09:19:09.2 (30212563)|ENTERING_MANAGED_PKG|
09:19:09.2 (30220386)|STATEMENT_EXECUTE|[98]
09:19:09.2 (30227070)|ENTERING_MANAGED_PKG|
09:19:09.2 (30244780)|HEAP_ALLOCATE|[98]|Bytes:19
09:19:09.2 (30258018)|ENTERING_MANAGED_PKG|
09:19:09.2 (30260773)|HEAP_ALLOCATE|[98]|Bytes:19
09:19:09.2 (30271637)|VARIABLE_ASSIGNMENT|[98]|returnValue|"Edge Communications"
09:19:09.2 (30274540)|STATEMENT_EXECUTE|[100]
09:19:09.2 (30281619)|METHOD_EXIT|[117]|01pB0000000ljzx|testautonumdata.Sparkle_Helper.GetSobjectField(SObject, String)
09:19:09.2 (30307208)|VARIABLE_ASSIGNMENT|[EXTERNAL]|this|{"eventField":"001B00000066Xx5IAE","recordID":"001B00000066Xx5IAE"}|0x17c3c540
09:19:09.2 (30312448)|VARIABLE_ASSIGNMENT|[EXTERNAL]|value|"Edge Communications"
09:19:09.2 (30318626)|VARIABLE_ASSIGNMENT|[10]|this.column1|"Edge Communications"|0x17c3c540
09:19:09.2 (30324354)|STATEMENT_EXECUTE|[119]
09:19:09.2 (30325949)|STATEMENT_EXECUTE|[124]
09:19:09.2 (30327063)|STATEMENT_EXECUTE|[129]
09:19:09.2 (30327947)|STATEMENT_EXECUTE|[135]
09:19:09.2 (30332632)|ENTERING_MANAGED_PKG|
09:19:09.2 (30342421)|HEAP_ALLOCATE|[EXTERNAL]|Bytes:4
09:19:09.2 (30348452)|STATEMENT_EXECUTE|[137]
09:19:09.2 (30359366)|ENTERING_MANAGED_PKG|
09:19:09.2 (30391864)|HEAP_ALLOCATE|[137]|Bytes:191
09:19:09.2 (30405114)|HEAP_ALLOCATE|[137]|Bytes:203
09:19:09.2 (30411706)|ENTERING_MANAGED_PKG|
09:19:09.2 (30417968)|USER_DEBUG|[137]|DEBUG|######## i: ListServerController:[column1=Edge Communications, column2=null, column3=null, column4=null, eventField=001B00000066Xx5IAE, mapObjectsFields={Account={Id, Name}}, recordID=001B00000066Xx5IAE]
09:19:09.2 (30432257)|HEAP_ALLOCATE|[104]|Bytes:5
09:19:09.2 (30453870)|HEAP_ALLOCATE|[104]|Bytes:12
09:19:09.2 (30466518)|VARIABLE_SCOPE_BEGIN|[104]|e|SObject|true|false
09:19:09.2 (30480910)|VARIABLE_ASSIGNMENT|[104]|e|{"s":1,"v":{"Id":"001B00000066Xx6IAE","Name":"Burlington Textiles  (15 more) ..."}}|0x7c9cb8a7
09:19:09.2 (30484816)|STATEMENT_EXECUTE|[105]
09:19:09.2 (30485795)|STATEMENT_EXECUTE|[106]
09:19:09.2 (30498654)|ENTERING_MANAGED_PKG|
09:19:09.2 (30524973)|HEAP_ALLOCATE|[106]|Bytes:73
09:19:09.2 (30538081)|HEAP_ALLOCATE|[106]|Bytes:85
09:19:09.2 (30544335)|ENTERING_MANAGED_PKG|
09:19:09.2 (30550365)|USER_DEBUG|[106]|DEBUG|######## e: Account:{Id=001B00000066Xx6IAE, Name=Burlington Textiles Corp of America}
09:19:09.2 (30556003)|STATEMENT_EXECUTE|[107]
09:19:09.2 (30560132)|HEAP_ALLOCATE|[107]|Bytes:28
09:19:09.2 (30567179)|CONSTRUCTOR_ENTRY|[107]|01pB0000000lc07|<init>()
09:19:09.2 (30570746)|VARIABLE_SCOPE_BEGIN|[1]|this|testautonumdata.ListServerController|true|false
09:19:09.2 (30591203)|VARIABLE_ASSIGNMENT|[1]|this|{}|0x5e480090
09:19:09.2 (30598366)|HEAP_ALLOCATE|[EXTERNAL]|Bytes:5
09:19:09.2 (30612680)|STATEMENT_EXECUTE|[1]
09:19:09.2 (30615909)|HEAP_ALLOCATE|[EXTERNAL]|Bytes:5
09:19:09.2 (30617909)|STATEMENT_EXECUTE|[6]
09:19:09.2 (30619139)|STATEMENT_EXECUTE|[8]
09:19:09.2 (30620005)|STATEMENT_EXECUTE|[10]
09:19:09.2 (30620914)|STATEMENT_EXECUTE|[12]
09:19:09.2 (30621833)|STATEMENT_EXECUTE|[14]
09:19:09.2 (30622712)|STATEMENT_EXECUTE|[16]
09:19:09.2 (30629107)|CONSTRUCTOR_EXIT|[107]|01pB0000000lc07|<init>()
09:19:09.2 (30632454)|VARIABLE_SCOPE_BEGIN|[107]|i|testautonumdata.ListServerController|true|false
09:19:09.2 (30649787)|VARIABLE_ASSIGNMENT|[107]|i|{}|0x5e480090
09:19:09.2 (30652116)|STATEMENT_EXECUTE|[110]
09:19:09.2 (30663945)|ENTERING_MANAGED_PKG|
09:19:09.2 (30684396)|HEAP_ALLOCATE|[110]|Bytes:4
09:19:09.2 (30698481)|ENTERING_MANAGED_PKG|
09:19:09.2 (30701381)|HEAP_ALLOCATE|[110]|Bytes:18
09:19:09.2 (30734280)|VARIABLE_ASSIGNMENT|[EXTERNAL]|this|{}|0x5e480090
09:19:09.2 (30739798)|VARIABLE_ASSIGNMENT|[EXTERNAL]|value|"001B00000066Xx6IAE"
09:19:09.2 (30746660)|VARIABLE_ASSIGNMENT|[6]|this.recordID|"001B00000066Xx6IAE"|0x5e480090
09:19:09.2 (30752635)|STATEMENT_EXECUTE|[112]
09:19:09.2 (30753779)|STATEMENT_EXECUTE|[113]
09:19:09.2 (30759071)|METHOD_ENTRY|[113]|01pB0000000ljzx|testautonumdata.Sparkle_Helper.GetSobjectField(SObject, String)
09:19:09.2 (30762207)|VARIABLE_SCOPE_BEGIN|[78]|e|SObject|true|false
09:19:09.2 (30772768)|VARIABLE_ASSIGNMENT|[78]|e|{"s":1,"v":{"Id":"001B00000066Xx6IAE","Name":"Burlington Textiles  (15 more) ..."}}|0x7c9cb8a7
09:19:09.2 (30775437)|VARIABLE_SCOPE_BEGIN|[78]|lcfield|String|false|false
09:19:09.2 (30778145)|VARIABLE_ASSIGNMENT|[78]|lcfield|"Id"
09:19:09.2 (30785480)|HEAP_ALLOCATE|[81]|Bytes:5
09:19:09.2 (30788837)|STATEMENT_EXECUTE|[79]
09:19:09.2 (30789843)|STATEMENT_EXECUTE|[81]
09:19:09.2 (30793339)|VARIABLE_SCOPE_BEGIN|[81]|returnValue|String|false|false
09:19:09.2 (30797595)|VARIABLE_ASSIGNMENT|[81]|returnValue|""
09:19:09.2 (30808407)|ENTERING_MANAGED_PKG|
09:19:09.2 (30816239)|STATEMENT_EXECUTE|[98]
09:19:09.2 (30822794)|ENTERING_MANAGED_PKG|
09:19:09.2 (30840664)|HEAP_ALLOCATE|[98]|Bytes:4
09:19:09.2 (30854167)|ENTERING_MANAGED_PKG|
09:19:09.2 (30857503)|HEAP_ALLOCATE|[98]|Bytes:18
09:19:09.2 (30872199)|VARIABLE_ASSIGNMENT|[98]|returnValue|"001B00000066Xx6IAE"
09:19:09.2 (30875185)|STATEMENT_EXECUTE|[100]
09:19:09.2 (30882212)|METHOD_EXIT|[113]|01pB0000000ljzx|testautonumdata.Sparkle_Helper.GetSobjectField(SObject, String)
09:19:09.2 (30907285)|VARIABLE_ASSIGNMENT|[EXTERNAL]|this|{"recordID":"001B00000066Xx6IAE"}|0x5e480090
09:19:09.2 (30912024)|VARIABLE_ASSIGNMENT|[EXTERNAL]|value|"001B00000066Xx6IAE"
09:19:09.2 (30918002)|VARIABLE_ASSIGNMENT|[8]|this.eventField|"001B00000066Xx6IAE"|0x5e480090
09:19:09.2 (30923585)|STATEMENT_EXECUTE|[116]
09:19:09.2 (30924734)|STATEMENT_EXECUTE|[117]
09:19:09.2 (30929017)|METHOD_ENTRY|[117]|01pB0000000ljzx|testautonumdata.Sparkle_Helper.GetSobjectField(SObject, String)
09:19:09.2 (30932504)|VARIABLE_SCOPE_BEGIN|[78]|e|SObject|true|false
09:19:09.2 (30942894)|VARIABLE_ASSIGNMENT|[78]|e|{"s":1,"v":{"Id":"001B00000066Xx6IAE","Name":"Burlington Textiles  (15 more) ..."}}|0x7c9cb8a7
09:19:09.2 (30944912)|VARIABLE_SCOPE_BEGIN|[78]|lcfield|String|false|false
09:19:09.2 (30947682)|VARIABLE_ASSIGNMENT|[78]|lcfield|"Name"
09:19:09.2 (30954568)|HEAP_ALLOCATE|[81]|Bytes:5
09:19:09.2 (30957938)|STATEMENT_EXECUTE|[79]
09:19:09.2 (30958996)|STATEMENT_EXECUTE|[81]
09:19:09.2 (30962784)|VARIABLE_SCOPE_BEGIN|[81]|returnValue|String|false|false
09:19:09.2 (30966813)|VARIABLE_ASSIGNMENT|[81]|returnValue|""
09:19:09.2 (30977398)|ENTERING_MANAGED_PKG|
09:19:09.2 (30985245)|STATEMENT_EXECUTE|[98]
09:19:09.2 (30991725)|ENTERING_MANAGED_PKG|
09:19:09.2 (31009314)|HEAP_ALLOCATE|[98]|Bytes:35
09:19:09.2 (31023406)|ENTERING_MANAGED_PKG|
09:19:09.2 (31026198)|HEAP_ALLOCATE|[98]|Bytes:35
09:19:09.2 (31037906)|VARIABLE_ASSIGNMENT|[98]|returnValue|"Burlington Textiles  (15 more) ..."
09:19:09.2 (31040889)|STATEMENT_EXECUTE|[100]
09:19:09.2 (31047716)|METHOD_EXIT|[117]|01pB0000000ljzx|testautonumdata.Sparkle_Helper.GetSobjectField(SObject, String)
09:19:09.2 (31073287)|VARIABLE_ASSIGNMENT|[EXTERNAL]|this|{"eventField":"001B00000066Xx6IAE","recordID":"001B00000066Xx6IAE"}|0x5e480090
09:19:09.2 (31079039)|VARIABLE_ASSIGNMENT|[EXTERNAL]|value|"Burlington Textiles  (15 more) ..."
09:19:09.2 (31085828)|VARIABLE_ASSIGNMENT|[10]|this.column1|"Burlington Textiles  (15 more) ..."|0x5e480090
09:19:09.2 (31091793)|STATEMENT_EXECUTE|[119]
09:19:09.2 (31093364)|STATEMENT_EXECUTE|[124]
09:19:09.2 (31094661)|STATEMENT_EXECUTE|[129]
09:19:09.2 (31095571)|STATEMENT_EXECUTE|[135]
09:19:09.2 (31100378)|ENTERING_MANAGED_PKG|
09:19:09.2 (31110014)|HEAP_ALLOCATE|[EXTERNAL]|Bytes:4
09:19:09.2 (31115950)|STATEMENT_EXECUTE|[137]
09:19:09.2 (31126670)|ENTERING_MANAGED_PKG|
09:19:09.2 (31159160)|HEAP_ALLOCATE|[137]|Bytes:207
09:19:09.2 (31172278)|HEAP_ALLOCATE|[137]|Bytes:219
09:19:09.2 (31178936)|ENTERING_MANAGED_PKG|
09:19:09.2 (31185205)|USER_DEBUG|[137]|DEBUG|######## i: ListServerController:[column1=Burlington Textiles Corp of America, column2=null, column3=null, column4=null, eventField=001B00000066Xx6IAE, mapObjectsFields={Account={Id, Name}}, recordID=001B00000066Xx6IAE]
09:19:09.2 (31199061)|HEAP_ALLOCATE|[104]|Bytes:5
09:19:09.2 (31220832)|HEAP_ALLOCATE|[104]|Bytes:12
09:19:09.2 (31233486)|VARIABLE_SCOPE_BEGIN|[104]|e|SObject|true|false
09:19:09.2 (31247755)|VARIABLE_ASSIGNMENT|[104]|e|{"s":1,"v":{"Id":"001B00000066Xx7IAE","Name":"Pyramid Construction (5 more) ..."}}|0xfab70e9
09:19:09.2 (31251597)|STATEMENT_EXECUTE|[105]
09:19:09.2 (31253052)|STATEMENT_EXECUTE|[106]
09:19:09.2 (31264461)|ENTERING_MANAGED_PKG|
09:19:09.2 (31289040)|HEAP_ALLOCATE|[106]|Bytes:63
09:19:09.2 (31301342)|HEAP_ALLOCATE|[106]|Bytes:75
09:19:09.2 (31307656)|ENTERING_MANAGED_PKG|
09:19:09.2 (31313756)|USER_DEBUG|[106]|DEBUG|######## e: Account:{Id=001B00000066Xx7IAE, Name=Pyramid Construction Inc.}
09:19:09.2 (31319093)|STATEMENT_EXECUTE|[107]
09:19:09.2 (31323320)|HEAP_ALLOCATE|[107]|Bytes:28
09:19:09.2 (31330269)|CONSTRUCTOR_ENTRY|[107]|01pB0000000lc07|<init>()
09:19:09.2 (31333764)|VARIABLE_SCOPE_BEGIN|[1]|this|testautonumdata.ListServerController|true|false
09:19:09.2 (31354281)|VARIABLE_ASSIGNMENT|[1]|this|{}|0x3d807ff4
09:19:09.2 (31361347)|HEAP_ALLOCATE|[EXTERNAL]|Bytes:5
09:19:09.2 (31375285)|STATEMENT_EXECUTE|[1]
09:19:09.2 (31378642)|HEAP_ALLOCATE|[EXTERNAL]|Bytes:5
09:19:09.2 (31380730)|STATEMENT_EXECUTE|[6]
09:19:09.2 (31382028)|STATEMENT_EXECUTE|[8]
09:19:09.2 (31382936)|STATEMENT_EXECUTE|[10]
09:19:09.2 (31383921)|STATEMENT_EXECUTE|[12]
09:19:09.2 (31384788)|STATEMENT_EXECUTE|[14]
09:19:09.2 (31385885)|STATEMENT_EXECUTE|[16]
09:19:09.2 (31392162)|CONSTRUCTOR_EXIT|[107]|01pB0000000lc07|<init>()
09:19:09.2 (31395486)|VARIABLE_SCOPE_BEGIN|[107]|i|testautonumdata.ListServerController|true|false
09:19:09.2 (31412329)|VARIABLE_ASSIGNMENT|[107]|i|{}|0x3d807ff4
09:19:09.2 (31414696)|STATEMENT_EXECUTE|[110]
09:19:09.2 (31426324)|ENTERING_MANAGED_PKG|
09:19:09.2 (31447213)|HEAP_ALLOCATE|[110]|Bytes:4
09:19:09.2 (31461400)|ENTERING_MANAGED_PKG|
09:19:09.2 (31464345)|HEAP_ALLOCATE|[110]|Bytes:18
09:19:09.2 (31491058)|VARIABLE_ASSIGNMENT|[EXTERNAL]|this|{}|0x3d807ff4
09:19:09.2 (31498308)|VARIABLE_ASSIGNMENT|[EXTERNAL]|value|"001B00000066Xx7IAE"
09:19:09.2 (31506894)|VARIABLE_ASSIGNMENT|[6]|this.recordID|"001B00000066Xx7IAE"|0x3d807ff4
09:19:09.2 (31513289)|STATEMENT_EXECUTE|[112]
09:19:09.2 (31514434)|STATEMENT_EXECUTE|[113]
09:19:09.2 (31519338)|METHOD_ENTRY|[113]|01pB0000000ljzx|testautonumdata.Sparkle_Helper.GetSobjectField(SObject, String)
09:19:09.2 (31522708)|VARIABLE_SCOPE_BEGIN|[78]|e|SObject|true|false
09:19:09.2 (31533461)|VARIABLE_ASSIGNMENT|[78]|e|{"s":1,"v":{"Id":"001B00000066Xx7IAE","Name":"Pyramid Construction (5 more) ..."}}|0xfab70e9
09:19:09.2 (31535902)|VARIABLE_SCOPE_BEGIN|[78]|lcfield|String|false|false
09:19:09.2 (31539408)|VARIABLE_ASSIGNMENT|[78]|lcfield|"Id"
09:19:09.2 (31546585)|HEAP_ALLOCATE|[81]|Bytes:5
09:19:09.2 (31550134)|STATEMENT_EXECUTE|[79]
09:19:09.2 (31551123)|STATEMENT_EXECUTE|[81]
09:19:09.2 (31554825)|VARIABLE_SCOPE_BEGIN|[81]|returnValue|String|false|false
09:19:09.2 (31558888)|VARIABLE_ASSIGNMENT|[81]|returnValue|""
09:19:09.2 (31569748)|ENTERING_MANAGED_PKG|
09:19:09.2 (31577772)|STATEMENT_EXECUTE|[98]
09:19:09.2 (31584136)|ENTERING_MANAGED_PKG|
09:19:09.2 (31601983)|HEAP_ALLOCATE|[98]|Bytes:4
09:19:09.2 (31615426)|ENTERING_MANAGED_PKG|
09:19:09.2 (31618264)|HEAP_ALLOCATE|[98]|Bytes:18
09:19:09.2 (31629010)|VARIABLE_ASSIGNMENT|[98]|returnValue|"001B00000066Xx7IAE"
09:19:09.2 (31631831)|STATEMENT_EXECUTE|[100]
09:19:09.2 (31638584)|METHOD_EXIT|[113]|01pB0000000ljzx|testautonumdata.Sparkle_Helper.GetSobjectField(SObject, String)
09:19:09.2 (31663433)|VARIABLE_ASSIGNMENT|[EXTERNAL]|this|{"recordID":"001B00000066Xx7IAE"}|0x3d807ff4
09:19:09.2 (31668128)|VARIABLE_ASSIGNMENT|[EXTERNAL]|value|"001B00000066Xx7IAE"
09:19:09.2 (31674014)|VARIABLE_ASSIGNMENT|[8]|this.eventField|"001B00000066Xx7IAE"|0x3d807ff4
09:19:09.2 (31679928)|STATEMENT_EXECUTE|[116]
09:19:09.2 (31681092)|STATEMENT_EXECUTE|[117]
09:19:09.2 (31685474)|METHOD_ENTRY|[117]|01pB0000000ljzx|testautonumdata.Sparkle_Helper.GetSobjectField(SObject, String)
09:19:09.2 (31688621)|VARIABLE_SCOPE_BEGIN|[78]|e|SObject|true|false
09:19:09.2 (31698715)|VARIABLE_ASSIGNMENT|[78]|e|{"s":1,"v":{"Id":"001B00000066Xx7IAE","Name":"Pyramid Construction (5 more) ..."}}|0xfab70e9
09:19:09.2 (31701050)|VARIABLE_SCOPE_BEGIN|[78]|lcfield|String|false|false
09:19:09.2 (31707873)|VARIABLE_ASSIGNMENT|[78]|lcfield|"Name"
09:19:09.2 (31715067)|HEAP_ALLOCATE|[81]|Bytes:5
09:19:09.2 (31718615)|STATEMENT_EXECUTE|[79]
09:19:09.2 (31719615)|STATEMENT_EXECUTE|[81]
09:19:09.2 (31723032)|VARIABLE_SCOPE_BEGIN|[81]|returnValue|String|false|false
09:19:09.2 (31727001)|VARIABLE_ASSIGNMENT|[81]|returnValue|""
09:19:09.2 (31737828)|ENTERING_MANAGED_PKG|
09:19:09.2 (31745703)|STATEMENT_EXECUTE|[98]
09:19:09.2 (31752071)|ENTERING_MANAGED_PKG|
09:19:09.2 (31769572)|HEAP_ALLOCATE|[98]|Bytes:25
09:19:09.2 (31782781)|ENTERING_MANAGED_PKG|
09:19:09.2 (31785505)|HEAP_ALLOCATE|[98]|Bytes:25
09:19:09.2 (31797554)|VARIABLE_ASSIGNMENT|[98]|returnValue|"Pyramid Construction (5 more) ..."
09:19:09.2 (31800456)|STATEMENT_EXECUTE|[100]
09:19:09.2 (31807279)|METHOD_EXIT|[117]|01pB0000000ljzx|testautonumdata.Sparkle_Helper.GetSobjectField(SObject, String)
09:19:09.2 (31833041)|VARIABLE_ASSIGNMENT|[EXTERNAL]|this|{"eventField":"001B00000066Xx7IAE","recordID":"001B00000066Xx7IAE"}|0x3d807ff4
09:19:09.2 (31838908)|VARIABLE_ASSIGNMENT|[EXTERNAL]|value|"Pyramid Construction (5 more) ..."
09:19:09.2 (31845454)|VARIABLE_ASSIGNMENT|[10]|this.column1|"Pyramid Construction (5 more) ..."|0x3d807ff4
09:19:09.2 (31851105)|STATEMENT_EXECUTE|[119]
09:19:09.2 (31852662)|STATEMENT_EXECUTE|[124]
09:19:09.2 (31853776)|STATEMENT_EXECUTE|[129]
09:19:09.2 (31854685)|STATEMENT_EXECUTE|[135]
09:19:09.2 (31859438)|ENTERING_MANAGED_PKG|
09:19:09.2 (31869224)|HEAP_ALLOCATE|[EXTERNAL]|Bytes:4
09:19:09.2 (31875173)|STATEMENT_EXECUTE|[137]
09:19:09.2 (31885880)|ENTERING_MANAGED_PKG|
09:19:09.2 (31917637)|HEAP_ALLOCATE|[137]|Bytes:197
09:19:09.2 (31930587)|HEAP_ALLOCATE|[137]|Bytes:209
09:19:09.2 (31937074)|ENTERING_MANAGED_PKG|
09:19:09.2 (31943259)|USER_DEBUG|[137]|DEBUG|######## i: ListServerController:[column1=Pyramid Construction Inc., column2=null, column3=null, column4=null, eventField=001B00000066Xx7IAE, mapObjectsFields={Account={Id, Name}}, recordID=001B00000066Xx7IAE]
09:19:09.2 (31957142)|HEAP_ALLOCATE|[104]|Bytes:5
09:19:09.2 (31978996)|HEAP_ALLOCATE|[104]|Bytes:12
09:19:09.2 (31991642)|VARIABLE_SCOPE_BEGIN|[104]|e|SObject|true|false
09:19:09.2 (32004984)|VARIABLE_ASSIGNMENT|[104]|e|{"s":1,"v":{"Id":"001B00000066Xx8IAE","Name":"Dickenson plc"}}|0x41b9bf9c
09:19:09.2 (32009432)|STATEMENT_EXECUTE|[105]
09:19:09.2 (32010416)|STATEMENT_EXECUTE|[106]
09:19:09.2 (32021688)|ENTERING_MANAGED_PKG|
09:19:09.2 (32046624)|HEAP_ALLOCATE|[106]|Bytes:51
09:19:09.2 (32059049)|HEAP_ALLOCATE|[106]|Bytes:63
09:19:09.2 (32065227)|ENTERING_MANAGED_PKG|
09:19:09.2 (32071114)|USER_DEBUG|[106]|DEBUG|######## e: Account:{Id=001B00000066Xx8IAE, Name=Dickenson plc}
09:19:09.2 (32076668)|STATEMENT_EXECUTE|[107]
09:19:09.2 (32080808)|HEAP_ALLOCATE|[107]|Bytes:28
09:19:09.2 (32088195)|CONSTRUCTOR_ENTRY|[107]|01pB0000000lc07|<init>()
09:19:09.2 (32091845)|VARIABLE_SCOPE_BEGIN|[1]|this|testautonumdata.ListServerController|true|false
09:19:09.2 (32112028)|VARIABLE_ASSIGNMENT|[1]|this|{}|0x5310aff8
09:19:09.2 (32119059)|HEAP_ALLOCATE|[EXTERNAL]|Bytes:5
09:19:09.2 (32132771)|STATEMENT_EXECUTE|[1]
09:19:09.2 (32136184)|HEAP_ALLOCATE|[EXTERNAL]|Bytes:5
09:19:09.2 (32138160)|STATEMENT_EXECUTE|[6]
09:19:09.2 (32139362)|STATEMENT_EXECUTE|[8]
09:19:09.2 (32140254)|STATEMENT_EXECUTE|[10]
09:19:09.2 (32141144)|STATEMENT_EXECUTE|[12]
09:19:09.2 (32142036)|STATEMENT_EXECUTE|[14]
09:19:09.2 (32142946)|STATEMENT_EXECUTE|[16]
09:19:09.2 (32149403)|CONSTRUCTOR_EXIT|[107]|01pB0000000lc07|<init>()
09:19:09.2 (32152740)|VARIABLE_SCOPE_BEGIN|[107]|i|testautonumdata.ListServerController|true|false
09:19:09.2 (32169885)|VARIABLE_ASSIGNMENT|[107]|i|{}|0x5310aff8
09:19:09.2 (32172115)|STATEMENT_EXECUTE|[110]
09:19:09.2 (32185787)|ENTERING_MANAGED_PKG|
09:19:09.2 (32207308)|HEAP_ALLOCATE|[110]|Bytes:4
09:19:09.2 (32221757)|ENTERING_MANAGED_PKG|
09:19:09.2 (32224558)|HEAP_ALLOCATE|[110]|Bytes:18
09:19:09.2 (32251757)|VARIABLE_ASSIGNMENT|[EXTERNAL]|this|{}|0x5310aff8
09:19:09.2 (32257774)|VARIABLE_ASSIGNMENT|[EXTERNAL]|value|"001B00000066Xx8IAE"
09:19:09.2 (32263946)|VARIABLE_ASSIGNMENT|[6]|this.recordID|"001B00000066Xx8IAE"|0x5310aff8
09:19:09.2 (32269769)|STATEMENT_EXECUTE|[112]
09:19:09.2 (32270912)|STATEMENT_EXECUTE|[113]
09:19:09.2 (32275674)|METHOD_ENTRY|[113]|01pB0000000ljzx|testautonumdata.Sparkle_Helper.GetSobjectField(SObject, String)
09:19:09.2 (32279650)|VARIABLE_SCOPE_BEGIN|[78]|e|SObject|true|false
09:19:09.2 (32289401)|VARIABLE_ASSIGNMENT|[78]|e|{"s":1,"v":{"Id":"001B00000066Xx8IAE","Name":"Dickenson plc"}}|0x41b9bf9c
09:19:09.2 (32291653)|VARIABLE_SCOPE_BEGIN|[78]|lcfield|String|false|false
09:19:09.2 (32294371)|VARIABLE_ASSIGNMENT|[78]|lcfield|"Id"
09:19:09.2 (32301398)|HEAP_ALLOCATE|[81]|Bytes:5
09:19:09.2 (32304758)|STATEMENT_EXECUTE|[79]
09:19:09.2 (32305747)|STATEMENT_EXECUTE|[81]
09:19:09.2 (32309241)|VARIABLE_SCOPE_BEGIN|[81]|returnValue|String|false|false
09:19:09.2 (32313233)|VARIABLE_ASSIGNMENT|[81]|returnValue|""
09:19:09.2 (32324004)|ENTERING_MANAGED_PKG|
09:19:09.2 (32332279)|STATEMENT_EXECUTE|[98]
09:19:09.2 (32338849)|ENTERING_MANAGED_PKG|
09:19:09.2 (32356759)|HEAP_ALLOCATE|[98]|Bytes:4
09:19:09.2 (32370016)|ENTERING_MANAGED_PKG|
09:19:09.2 (32372805)|HEAP_ALLOCATE|[98]|Bytes:18
09:19:09.2 (32383724)|VARIABLE_ASSIGNMENT|[98]|returnValue|"001B00000066Xx8IAE"
09:19:09.2 (32386602)|STATEMENT_EXECUTE|[100]
09:19:09.2 (32393167)|METHOD_EXIT|[113]|01pB0000000ljzx|testautonumdata.Sparkle_Helper.GetSobjectField(SObject, String)
09:19:09.2 (32417975)|VARIABLE_ASSIGNMENT|[EXTERNAL]|this|{"recordID":"001B00000066Xx8IAE"}|0x5310aff8
09:19:09.2 (32423210)|VARIABLE_ASSIGNMENT|[EXTERNAL]|value|"001B00000066Xx8IAE"
09:19:09.2 (32429136)|VARIABLE_ASSIGNMENT|[8]|this.eventField|"001B00000066Xx8IAE"|0x5310aff8
09:19:09.2 (32434874)|STATEMENT_EXECUTE|[116]
09:19:09.2 (32435975)|STATEMENT_EXECUTE|[117]
09:19:09.2 (32440222)|METHOD_ENTRY|[117]|01pB0000000ljzx|testautonumdata.Sparkle_Helper.GetSobjectField(SObject, String)
09:19:09.2 (32443319)|VARIABLE_SCOPE_BEGIN|[78]|e|SObject|true|false
09:19:09.2 (32452525)|VARIABLE_ASSIGNMENT|[78]|e|{"s":1,"v":{"Id":"001B00000066Xx8IAE","Name":"Dickenson plc"}}|0x41b9bf9c
09:19:09.2 (32454793)|VARIABLE_SCOPE_BEGIN|[78]|lcfield|String|false|false
09:19:09.2 (32457451)|VARIABLE_ASSIGNMENT|[78]|lcfield|"Name"
09:19:09.2 (32464256)|HEAP_ALLOCATE|[81]|Bytes:5
09:19:09.2 (32467762)|STATEMENT_EXECUTE|[79]
09:19:09.2 (32468901)|STATEMENT_EXECUTE|[81]
09:19:09.2 (32472298)|VARIABLE_SCOPE_BEGIN|[81]|returnValue|String|false|false
09:19:09.2 (32476183)|VARIABLE_ASSIGNMENT|[81]|returnValue|""
09:19:09.2 (32486725)|ENTERING_MANAGED_PKG|
09:19:09.2 (32495511)|STATEMENT_EXECUTE|[98]
09:19:09.2 (32505522)|ENTERING_MANAGED_PKG|
09:19:09.2 (32523693)|HEAP_ALLOCATE|[98]|Bytes:13
09:19:09.2 (32537153)|ENTERING_MANAGED_PKG|
09:19:09.2 (32539859)|HEAP_ALLOCATE|[98]|Bytes:13
09:19:09.2 (32550732)|VARIABLE_ASSIGNMENT|[98]|returnValue|"Dickenson plc"
09:19:09.2 (32553583)|STATEMENT_EXECUTE|[100]
09:19:09.2 (32560376)|METHOD_EXIT|[117]|01pB0000000ljzx|testautonumdata.Sparkle_Helper.GetSobjectField(SObject, String)
09:19:09.2 (32585941)|VARIABLE_ASSIGNMENT|[EXTERNAL]|this|{"eventField":"001B00000066Xx8IAE","recordID":"001B00000066Xx8IAE"}|0x5310aff8
09:19:09.2 (32590799)|VARIABLE_ASSIGNMENT|[EXTERNAL]|value|"Dickenson plc"
09:19:09.2 (32596545)|VARIABLE_ASSIGNMENT|[10]|this.column1|"Dickenson plc"|0x5310aff8
09:19:09.2 (32602299)|STATEMENT_EXECUTE|[119]
09:19:09.2 (32603920)|STATEMENT_EXECUTE|[124]
09:19:09.2 (32605358)|STATEMENT_EXECUTE|[129]
09:19:09.2 (32606372)|STATEMENT_EXECUTE|[135]
09:19:09.2 (32611117)|ENTERING_MANAGED_PKG|
09:19:09.2 (32620859)|HEAP_ALLOCATE|[EXTERNAL]|Bytes:4
09:19:09.2 (32626721)|STATEMENT_EXECUTE|[137]
09:19:09.2 (32637690)|ENTERING_MANAGED_PKG|
09:19:09.2 (32669520)|HEAP_ALLOCATE|[137]|Bytes:185
09:19:09.2 (32682661)|HEAP_ALLOCATE|[137]|Bytes:197
09:19:09.2 (32689117)|ENTERING_MANAGED_PKG|
09:19:09.2 (32695420)|USER_DEBUG|[137]|DEBUG|######## i: ListServerController:[column1=Dickenson plc, column2=null, column3=null, column4=null, eventField=001B00000066Xx8IAE, mapObjectsFields={Account={Id, Name}}, recordID=001B00000066Xx8IAE]
09:19:09.2 (32714170)|HEAP_ALLOCATE|[104]|Bytes:5
09:19:09.2 (32736112)|HEAP_ALLOCATE|[104]|Bytes:12
09:19:09.2 (32748639)|VARIABLE_SCOPE_BEGIN|[104]|e|SObject|true|false
09:19:09.2 (32763279)|VARIABLE_ASSIGNMENT|[104]|e|{"s":1,"v":{"Id":"001B00000066Xx9IAE","Name":"Hospital Universitar (14 more) ..."}}|0xfe32937
09:19:09.2 (32767100)|STATEMENT_EXECUTE|[105]
09:19:09.2 (32768467)|STATEMENT_EXECUTE|[106]
09:19:09.2 (32779928)|ENTERING_MANAGED_PKG|
09:19:09.2 (32804726)|HEAP_ALLOCATE|[106]|Bytes:72
09:19:09.2 (32817044)|HEAP_ALLOCATE|[106]|Bytes:84
09:19:09.2 (32823241)|ENTERING_MANAGED_PKG|
09:19:09.2 (32829216)|USER_DEBUG|[106]|DEBUG|######## e: Account:{Id=001B00000066Xx9IAE, Name=Hospital Universitario San Ignacio}
09:19:09.2 (32834514)|STATEMENT_EXECUTE|[107]
09:19:09.2 (32838582)|HEAP_ALLOCATE|[107]|Bytes:28
09:19:09.2 (32845526)|CONSTRUCTOR_ENTRY|[107]|01pB0000000lc07|<init>()
09:19:09.2 (32849026)|VARIABLE_SCOPE_BEGIN|[1]|this|testautonumdata.ListServerController|true|false
09:19:09.2 (32869207)|VARIABLE_ASSIGNMENT|[1]|this|{}|0x5af0891f
09:19:09.2 (32876291)|HEAP_ALLOCATE|[EXTERNAL]|Bytes:5
09:19:09.2 (32889809)|STATEMENT_EXECUTE|[1]
09:19:09.2 (32893170)|HEAP_ALLOCATE|[EXTERNAL]|Bytes:5
09:19:09.2 (32895173)|STATEMENT_EXECUTE|[6]
09:19:09.2 (32896424)|STATEMENT_EXECUTE|[8]
09:19:09.2 (32897334)|STATEMENT_EXECUTE|[10]
09:19:09.2 (32898209)|STATEMENT_EXECUTE|[12]
09:19:09.2 (32899135)|STATEMENT_EXECUTE|[14]
09:19:09.2 (32900018)|STATEMENT_EXECUTE|[16]
09:19:09.2 (32906448)|CONSTRUCTOR_EXIT|[107]|01pB0000000lc07|<init>()
09:19:09.2 (32909738)|VARIABLE_SCOPE_BEGIN|[107]|i|testautonumdata.ListServerController|true|false
09:19:09.2 (32927064)|VARIABLE_ASSIGNMENT|[107]|i|{}|0x5af0891f
09:19:09.2 (32929368)|STATEMENT_EXECUTE|[110]
09:19:09.2 (32940873)|ENTERING_MANAGED_PKG|
09:19:09.2 (32961472)|HEAP_ALLOCATE|[110]|Bytes:4
09:19:09.2 (32975233)|ENTERING_MANAGED_PKG|
09:19:09.2 (32978176)|HEAP_ALLOCATE|[110]|Bytes:18
09:19:09.2 (33008981)|VARIABLE_ASSIGNMENT|[EXTERNAL]|this|{}|0x5af0891f
09:19:09.2 (33015652)|VARIABLE_ASSIGNMENT|[EXTERNAL]|value|"001B00000066Xx9IAE"
09:19:09.2 (33022155)|VARIABLE_ASSIGNMENT|[6]|this.recordID|"001B00000066Xx9IAE"|0x5af0891f
09:19:09.2 (33028254)|STATEMENT_EXECUTE|[112]
09:19:09.2 (33029382)|STATEMENT_EXECUTE|[113]
09:19:09.2 (33034120)|METHOD_ENTRY|[113]|01pB0000000ljzx|testautonumdata.Sparkle_Helper.GetSobjectField(SObject, String)
09:19:09.2 (33037545)|VARIABLE_SCOPE_BEGIN|[78]|e|SObject|true|false
09:19:09.2 (33048718)|VARIABLE_ASSIGNMENT|[78]|e|{"s":1,"v":{"Id":"001B00000066Xx9IAE","Name":"Hospital Universitar (14 more) ..."}}|0xfe32937
09:19:09.2 (33053139)|VARIABLE_SCOPE_BEGIN|[78]|lcfield|String|false|false
09:19:09.2 (33057328)|VARIABLE_ASSIGNMENT|[78]|lcfield|"Id"
09:19:09.2 (33064627)|HEAP_ALLOCATE|[81]|Bytes:5
09:19:09.2 (33068148)|STATEMENT_EXECUTE|[79]
09:19:09.2 (33069186)|STATEMENT_EXECUTE|[81]
09:19:09.2 (33072680)|VARIABLE_SCOPE_BEGIN|[81]|returnValue|String|false|false
09:19:09.2 (33076625)|VARIABLE_ASSIGNMENT|[81]|returnValue|""
09:19:09.2 (33087506)|ENTERING_MANAGED_PKG|
09:19:09.2 (33095478)|STATEMENT_EXECUTE|[98]
09:19:09.2 (33101955)|ENTERING_MANAGED_PKG|
09:19:09.2 (33119702)|HEAP_ALLOCATE|[98]|Bytes:4
09:19:09.2 (33133096)|ENTERING_MANAGED_PKG|
09:19:09.2 (33135974)|HEAP_ALLOCATE|[98]|Bytes:18
09:19:09.2 (33146588)|VARIABLE_ASSIGNMENT|[98]|returnValue|"001B00000066Xx9IAE"
09:19:09.2 (33149351)|STATEMENT_EXECUTE|[100]
09:19:09.2 (33156027)|METHOD_EXIT|[113]|01pB0000000ljzx|testautonumdata.Sparkle_Helper.GetSobjectField(SObject, String)
09:19:09.2 (33180830)|VARIABLE_ASSIGNMENT|[EXTERNAL]|this|{"recordID":"001B00000066Xx9IAE"}|0x5af0891f
09:19:09.2 (33185438)|VARIABLE_ASSIGNMENT|[EXTERNAL]|value|"001B00000066Xx9IAE"
09:19:09.2 (33191446)|VARIABLE_ASSIGNMENT|[8]|this.eventField|"001B00000066Xx9IAE"|0x5af0891f
09:19:09.2 (33197360)|STATEMENT_EXECUTE|[116]
09:19:09.2 (33198526)|STATEMENT_EXECUTE|[117]
09:19:09.2 (33202913)|METHOD_ENTRY|[117]|01pB0000000ljzx|testautonumdata.Sparkle_Helper.GetSobjectField(SObject, String)
09:19:09.2 (33205857)|VARIABLE_SCOPE_BEGIN|[78]|e|SObject|true|false
09:19:09.2 (33216018)|VARIABLE_ASSIGNMENT|[78]|e|{"s":1,"v":{"Id":"001B00000066Xx9IAE","Name":"Hospital Universitar (14 more) ..."}}|0xfe32937
09:19:09.2 (33218159)|VARIABLE_SCOPE_BEGIN|[78]|lcfield|String|false|false
09:19:09.2 (33220784)|VARIABLE_ASSIGNMENT|[78]|lcfield|"Name"
09:19:09.2 (33227838)|HEAP_ALLOCATE|[81]|Bytes:5
09:19:09.2 (33231283)|STATEMENT_EXECUTE|[79]
09:19:09.2 (33232242)|STATEMENT_EXECUTE|[81]
09:19:09.2 (33235687)|VARIABLE_SCOPE_BEGIN|[81]|returnValue|String|false|false
09:19:09.2 (33239537)|VARIABLE_ASSIGNMENT|[81]|returnValue|""
09:19:09.2 (33249966)|ENTERING_MANAGED_PKG|
09:19:09.2 (33257741)|STATEMENT_EXECUTE|[98]
09:19:09.2 (33264191)|ENTERING_MANAGED_PKG|
09:19:09.2 (33281736)|HEAP_ALLOCATE|[98]|Bytes:34
09:19:09.2 (33294910)|ENTERING_MANAGED_PKG|
09:19:09.2 (33297655)|HEAP_ALLOCATE|[98]|Bytes:34
09:19:09.2 (33310176)|VARIABLE_ASSIGNMENT|[98]|returnValue|"Hospital Universitar (14 more) ..."
09:19:09.2 (33313116)|STATEMENT_EXECUTE|[100]
09:19:09.2 (33319682)|METHOD_EXIT|[117]|01pB0000000ljzx|testautonumdata.Sparkle_Helper.GetSobjectField(SObject, String)
09:19:09.2 (33345767)|VARIABLE_ASSIGNMENT|[EXTERNAL]|this|{"eventField":"001B00000066Xx9IAE","recordID":"001B00000066Xx9IAE"}|0x5af0891f
09:19:09.2 (33351750)|VARIABLE_ASSIGNMENT|[EXTERNAL]|value|"Hospital Universitar (14 more) ..."
09:19:09.2 (33358482)|VARIABLE_ASSIGNMENT|[10]|this.column1|"Hospital Universitar (14 more) ..."|0x5af0891f
09:19:09.2 (33364217)|STATEMENT_EXECUTE|[119]
09:19:09.2 (33365805)|STATEMENT_EXECUTE|[124]
09:19:09.2 (33366946)|STATEMENT_EXECUTE|[129]
09:19:09.2 (33367820)|STATEMENT_EXECUTE|[135]
09:19:09.2 (33372488)|ENTERING_MANAGED_PKG|
09:19:09.2 (33382200)|HEAP_ALLOCATE|[EXTERNAL]|Bytes:4
09:19:09.2 (33388162)|STATEMENT_EXECUTE|[137]
09:19:09.2 (33398790)|ENTERING_MANAGED_PKG|
09:19:09.2 (33431267)|HEAP_ALLOCATE|[137]|Bytes:206
09:19:09.2 (33444474)|HEAP_ALLOCATE|[137]|Bytes:218
09:19:09.2 (33451041)|ENTERING_MANAGED_PKG|
09:19:09.2 (33457645)|USER_DEBUG|[137]|DEBUG|######## i: ListServerController:[column1=Hospital Universitario San Ignacio, column2=null, column3=null, column4=null, eventField=001B00000066Xx9IAE, mapObjectsFields={Account={Id, Name}}, recordID=001B00000066Xx9IAE]
09:19:09.2 (33471718)|HEAP_ALLOCATE|[104]|Bytes:5
09:19:09.2 (33484022)|VARIABLE_ASSIGNMENT|[104]|e|null|
09:19:09.2 (33487721)|STATEMENT_EXECUTE|[142]
09:19:09.2 (33490935)|HEAP_ALLOCATE|[142]|Bytes:27
09:19:09.2 (33505695)|ENTERING_MANAGED_PKG|
09:19:09.2 (33659568)|HEAP_ALLOCATE|[142]|Bytes:1546
09:19:09.2 (33675932)|HEAP_ALLOCATE|[142]|Bytes:1573
09:19:09.2 (33684370)|ENTERING_MANAGED_PKG|
09:19:09.2 (33690738)|USER_DEBUG|[142]|DEBUG|######## lstReturnRecords: (ListServerController:[column1=GenePoint, column2=null, column3=null, column4=null, eventField=001B00000066XxFIAU, mapObjectsFields={Account={Id, Name}}, recordID=001B00000066XxFIAU], ListServerController:[column1=United Oil & Gas, UK, column2=null, column3=null, column4=null, eventField=001B00000066XxDIAU, mapObjectsFields=(already output), recordID=001B00000066XxDIAU], ListServerController:[column1=United Oil & Gas, Singapore, column2=null, column3=null, column4=null, eventField=001B00000066XxEIAU, mapObjectsFields=(already output), recordID=001B00000066XxEIAU], ListServerController:[column1=Edge Communications, column2=null, column3=null, column4=null, eventField=001B00000066Xx5IAE, mapObjectsFields=(already output), recordID=001B00000066Xx5IAE], ListServerController:[column1=Burlington Textiles Corp of America, column2=null, column3=null, column4=null, eventField=001B00000066Xx6IAE, mapObjectsFields=(already output), recordID=001B00000066Xx6IAE], ListServerController:[column1=Pyramid Construction Inc., column2=null, column3=null, column4=null, eventField=001B00000066Xx7IAE, mapObjectsFields=(already output), recordID=001B00000066Xx7IAE], ListServerController:[column1=Dickenson plc, column2=null, column3=null, column4=null, eventField=001B00000066Xx8IAE, mapObjectsFields=(already output), recordID=001B00000066Xx8IAE], ListServerController:[column1=Hospital Universitario San Ignacio, column2=null, column3=null, column4=null, eventField=001B00000066Xx9IAE, mapObjectsFields=(already output), recordID=001B00000066Xx9IAE])
09:19:09.2 (33709804)|STATEMENT_EXECUTE|[144]
09:19:09.2 (33724815)|SYSTEM_MODE_EXIT|false
09:19:09.33 (33774520)|CUMULATIVE_LIMIT_USAGE
09:19:09.33 (33774520)|LIMIT_USAGE_FOR_NS|(default)|
  Number of SOQL queries: 0 out of 100
  Number of query rows: 0 out of 50000
  Number of SOSL queries: 0 out of 20
  Number of DML statements: 0 out of 150
  Number of DML rows: 0 out of 10000
  Maximum CPU time: 0 out of 10000
  Maximum heap size: 0 out of 6000000
  Number of callouts: 0 out of 100
  Number of Email Invocations: 0 out of 10
  Number of future calls: 0 out of 50
  Number of queueable jobs added to the queue: 0 out of 50
  Number of Mobile Apex push calls: 0 out of 10

09:19:09.33 (33774520)|LIMIT_USAGE_FOR_NS|testautonumdata|
  Number of SOQL queries: 1 out of 100
  Number of query rows: 8 out of 50000
  Number of SOSL queries: 0 out of 20
  Number of DML statements: 0 out of 150
  Number of DML rows: 0 out of 10000
  Maximum CPU time: 0 out of 10000
  Maximum heap size: 0 out of 6000000
  Number of callouts: 0 out of 100
  Number of Email Invocations: 0 out of 10
  Number of future calls: 0 out of 50
  Number of queueable jobs added to the queue: 0 out of 50
  Number of Mobile Apex push calls: 0 out of 10

09:19:09.33 (33774520)|CUMULATIVE_LIMIT_USAGE_END

09:19:09.36 (36151643)|CODE_UNIT_STARTED|[EXTERNAL]|Aura
09:19:09.37 (37511399)|CODE_UNIT_STARTED|[EXTERNAL]|Aura
09:19:09.38 (38937303)|CODE_UNIT_STARTED|[EXTERNAL]|Aura
09:19:09.40 (40248086)|CODE_UNIT_STARTED|[EXTERNAL]|Aura
09:19:09.41 (41640765)|CODE_UNIT_STARTED|[EXTERNAL]|Aura
09:19:09.42 (42828571)|CODE_UNIT_STARTED|[EXTERNAL]|Aura
09:19:09.44 (44222618)|CODE_UNIT_STARTED|[EXTERNAL]|Aura
09:19:09.45 (45384315)|CODE_UNIT_STARTED|[EXTERNAL]|Aura
09:19:09.46 (46779852)|CODE_UNIT_STARTED|[EXTERNAL]|01pB0000000lc07|ListServerController.getCurrentUser
09:19:09.46 (46826136)|SYSTEM_MODE_ENTER|false
09:19:09.46 (46844741)|HEAP_ALLOCATE|[151]|Bytes:5
09:19:09.46 (46852146)|STATEMENT_EXECUTE|[150]
09:19:09.46 (46853917)|STATEMENT_EXECUTE|[151]
09:19:09.46 (46857658)|HEAP_ALLOCATE|[151]|Bytes:68
09:19:09.46 (46866820)|HEAP_ALLOCATE|[151]|Bytes:4
09:19:09.46 (46879423)|HEAP_ALLOCATE|[151]|Bytes:7
09:19:09.46 (46979974)|HEAP_ALLOCATE|[151]|Bytes:85
09:19:09.46 (47000571)|SYSTEM_METHOD_ENTRY|[1]|UserInfo.UserInfo()
09:19:09.46 (47004045)|STATEMENT_EXECUTE|[1]
09:19:09.46 (47014896)|SYSTEM_METHOD_EXIT|[1]|UserInfo
09:19:09.46 (47030874)|METHOD_ENTRY|[151]||System.UserInfo.getUserId()
09:19:09.46 (47079385)|METHOD_EXIT|[151]||System.UserInfo.getUserId()
09:19:09.46 (48164983)|SOQL_EXECUTE_BEGIN|[151]|Aggregations:0|SELECT Id, FirstName, LastName FROM User WHERE Id = :tmpVar1 LIMIT 1
09:19:09.46 (53771593)|SOQL_EXECUTE_END|[151]|Rows:1
09:19:09.46 (53805624)|HEAP_ALLOCATE|[151]|Bytes:8
09:19:09.46 (53824548)|HEAP_ALLOCATE|[151]|Bytes:69
09:19:09.46 (53897618)|HEAP_ALLOCATE|[151]|Bytes:8
09:19:09.46 (53907416)|HEAP_ALLOCATE|[151]|Bytes:30
09:19:09.46 (53982777)|HEAP_ALLOCATE|[151]|Bytes:16
09:19:09.46 (53992676)|VARIABLE_SCOPE_BEGIN|[151]|user|User|true|false
09:19:09.46 (54046208)|VARIABLE_ASSIGNMENT|[151]|user|{"s":1,"v":{"Id":"005B0000001VpZRIA0","FirstName":"Rodrigo","LastName":"Reboucas"}}|0x65a424c8
09:19:09.46 (54052881)|STATEMENT_EXECUTE|[152]
09:19:09.46 (54068117)|SYSTEM_MODE_EXIT|false
09:19:09.54 (54113115)|CUMULATIVE_LIMIT_USAGE
09:19:09.54 (54113115)|LIMIT_USAGE_FOR_NS|(default)|
  Number of SOQL queries: 0 out of 100
  Number of query rows: 0 out of 50000
  Number of SOSL queries: 0 out of 20
  Number of DML statements: 0 out of 150
  Number of DML rows: 0 out of 10000
  Maximum CPU time: 0 out of 10000
  Maximum heap size: 0 out of 6000000
  Number of callouts: 0 out of 100
  Number of Email Invocations: 0 out of 10
  Number of future calls: 0 out of 50
  Number of queueable jobs added to the queue: 0 out of 50
  Number of Mobile Apex push calls: 0 out of 10

09:19:09.54 (54113115)|LIMIT_USAGE_FOR_NS|testautonumdata|
  Number of SOQL queries: 2 out of 100
  Number of query rows: 9 out of 50000
  Number of SOSL queries: 0 out of 20
  Number of DML statements: 0 out of 150
  Number of DML rows: 0 out of 10000
  Maximum CPU time: 0 out of 10000
  Maximum heap size: 0 out of 6000000
  Number of callouts: 0 out of 100
  Number of Email Invocations: 0 out of 10
  Number of future calls: 0 out of 50
  Number of queueable jobs added to the queue: 0 out of 50
  Number of Mobile Apex push calls: 0 out of 10

09:19:09.54 (54113115)|CUMULATIVE_LIMIT_USAGE_END

