37.0 APEX_CODE,FINEST;APEX_PROFILING,INFO;CALLOUT,INFO;DB,INFO;SYSTEM,DEBUG;VALIDATION,INFO;VISUALFORCE,INFO;WORKFLOW,INFO
16:18:14.0 (118645)|USER_INFO|[EXTERNAL]|005B0000001VpZR|rreboucas-yi5c@force.com|Pacific Standard Time|GMT-07:00
16:18:14.0 (679335)|HEAP_ALLOCATE|[72]|Bytes:3
16:18:14.0 (787989)|HEAP_ALLOCATE|[77]|Bytes:152
16:18:14.0 (828326)|HEAP_ALLOCATE|[342]|Bytes:408
16:18:14.0 (867185)|HEAP_ALLOCATE|[355]|Bytes:408
16:18:14.0 (903453)|HEAP_ALLOCATE|[467]|Bytes:48
16:18:14.4 (4716677)|USER_INFO|[EXTERNAL]|005B0000001VpZR|rreboucas-yi5c@force.com|Pacific Standard Time|GMT-07:00
16:18:14.4 (4915353)|STATEMENT_EXECUTE|[1]
16:18:14.4 (4958404)|HEAP_ALLOCATE|[50]|Bytes:5
16:18:14.4 (4987580)|HEAP_ALLOCATE|[56]|Bytes:5
16:18:14.4 (4997498)|HEAP_ALLOCATE|[64]|Bytes:7
16:18:14.4 (5026124)|SYSTEM_MODE_ENTER|false
16:18:14.4 (5047950)|HEAP_ALLOCATE|[3]|Bytes:5
16:18:14.4 (5052813)|STATEMENT_EXECUTE|[3]
16:18:14.4 (5088066)|VARIABLE_ASSIGNMENT|[3]|InterviewsLCServerController.mapObjectsFields|null|
16:18:14.4 (5097047)|SYSTEM_MODE_EXIT|false
16:18:14.4 (5111317)|METHOD_EXIT|[1]|InterviewsLCServerController
16:18:14.4 (5117135)|HEAP_ALLOCATE|[EXTERNAL]|Bytes:1
16:18:14.4 (5119404)|HEAP_ALLOCATE|[EXTERNAL]|Bytes:29
16:18:14.4 (5121064)|HEAP_ALLOCATE|[EXTERNAL]|Bytes:26
16:18:14.4 (5122449)|HEAP_ALLOCATE|[EXTERNAL]|Bytes:7
16:18:14.4 (5123940)|HEAP_ALLOCATE|[EXTERNAL]|Bytes:29
16:18:14.4 (5125317)|HEAP_ALLOCATE|[EXTERNAL]|Bytes:59
16:18:14.4 (5126849)|HEAP_ALLOCATE|[EXTERNAL]|Bytes:63
16:18:14.4 (5128240)|HEAP_ALLOCATE|[EXTERNAL]|Bytes:24
16:18:14.4 (5129523)|HEAP_ALLOCATE|[EXTERNAL]|Bytes:34
16:18:14.4 (5130806)|HEAP_ALLOCATE|[EXTERNAL]|Bytes:34
16:18:14.4 (5132087)|HEAP_ALLOCATE|[EXTERNAL]|Bytes:3
16:18:14.4 (5140046)|SYSTEM_MODE_ENTER|false
16:18:14.4 (5146164)|VARIABLE_SCOPE_BEGIN|[89]|rowsLimit|String|false|false
16:18:14.4 (5158938)|VARIABLE_ASSIGNMENT|[89]|rowsLimit|"8"
16:18:14.4 (5162005)|VARIABLE_SCOPE_BEGIN|[89]|objectApiName|String|false|false
16:18:14.4 (5169041)|VARIABLE_ASSIGNMENT|[89]|objectApiName|"testautonumdata__Int (9 more) ..."
16:18:14.4 (5171680)|VARIABLE_SCOPE_BEGIN|[89]|filter1Field|String|false|false
16:18:14.4 (5176785)|VARIABLE_ASSIGNMENT|[89]|filter1Field|"testautonumdata__Sta (6 more) ..."
16:18:14.4 (5179326)|VARIABLE_SCOPE_BEGIN|[89]|filter1Value|String|false|false
16:18:14.4 (5183122)|VARIABLE_ASSIGNMENT|[89]|filter1Value|"Pending"
16:18:14.4 (5185299)|VARIABLE_SCOPE_BEGIN|[89]|eventField|String|false|false
16:18:14.4 (5190041)|VARIABLE_ASSIGNMENT|[89]|eventField|"testautonumdata__Can (9 more) ..."
16:18:14.4 (5196684)|VARIABLE_SCOPE_BEGIN|[89]|column1|String|false|false
16:18:14.4 (5202038)|VARIABLE_ASSIGNMENT|[89]|column1|"testautonumdata__Can (39 more) ..."
16:18:14.4 (5204604)|VARIABLE_SCOPE_BEGIN|[89]|column2|String|false|false
16:18:14.4 (5208898)|VARIABLE_ASSIGNMENT|[89]|column2|"testautonumdata__Can (43 more) ..."
16:18:14.4 (5210921)|VARIABLE_SCOPE_BEGIN|[89]|column3|String|false|false
16:18:14.4 (5215163)|VARIABLE_ASSIGNMENT|[89]|column3|"testautonumdata__Dat (4 more) ..."
16:18:14.4 (5217262)|VARIABLE_SCOPE_BEGIN|[89]|column4|String|false|false
16:18:14.4 (5221530)|VARIABLE_ASSIGNMENT|[89]|column4|"testautonumdata__Int (14 more) ..."
16:18:14.4 (5223555)|VARIABLE_SCOPE_BEGIN|[89]|sortField|String|false|false
16:18:14.4 (5227853)|VARIABLE_ASSIGNMENT|[89]|sortField|"testautonumdata__Int (14 more) ..."
16:18:14.4 (5230068)|VARIABLE_SCOPE_BEGIN|[89]|sortDirection|String|false|false
16:18:14.4 (5233834)|VARIABLE_ASSIGNMENT|[89]|sortDirection|"asc"
16:18:14.4 (5249756)|HEAP_ALLOCATE|[91]|Bytes:5
16:18:14.4 (5254425)|STATEMENT_EXECUTE|[89]
16:18:14.4 (5256063)|STATEMENT_EXECUTE|[91]
16:18:14.4 (5259115)|HEAP_ALLOCATE|[91]|Bytes:20
16:18:14.4 (5274765)|HEAP_ALLOCATE|[91]|Bytes:21
16:18:14.4 (5310553)|ENTERING_MANAGED_PKG|
16:18:14.4 (5350442)|USER_DEBUG|[91]|DEBUG|######## rowsLimit: 8
16:18:14.4 (5360149)|STATEMENT_EXECUTE|[92]
16:18:14.4 (5364187)|HEAP_ALLOCATE|[92]|Bytes:24
16:18:14.4 (5371765)|HEAP_ALLOCATE|[92]|Bytes:53
16:18:14.4 (5382910)|ENTERING_MANAGED_PKG|
16:18:14.4 (5401912)|USER_DEBUG|[92]|DEBUG|######## objectApiName: testautonumdata__Interview__c
16:18:14.4 (5409168)|STATEMENT_EXECUTE|[95]
16:18:14.4 (5416079)|HEAP_ALLOCATE|[95]|Bytes:4
16:18:14.4 (5458881)|VARIABLE_ASSIGNMENT|[95]|InterviewsLCServerController.mapObjectsFields|{"s":1,"v":{}}|0x2e209e50
16:18:14.4 (5462786)|STATEMENT_EXECUTE|[97]
16:18:14.4 (5466647)|HEAP_ALLOCATE|[97]|Bytes:2
16:18:14.4 (5481012)|METHOD_ENTRY|[97]|01pB0000000lA1s|testautonumdata.InterviewsLCServerController.AddFieldToObjectsMap(String, String)
16:18:14.4 (5500293)|VARIABLE_SCOPE_BEGIN|[21]|fieldName|String|false|false
16:18:14.4 (5509921)|VARIABLE_ASSIGNMENT|[21]|fieldName|"Id"
16:18:14.4 (5512372)|VARIABLE_SCOPE_BEGIN|[21]|initialObjectName|String|false|false
16:18:14.4 (5518112)|VARIABLE_ASSIGNMENT|[21]|initialObjectName|"testautonumdata__Int (9 more) ..."
16:18:14.4 (5526794)|HEAP_ALLOCATE|[23]|Bytes:5
16:18:14.4 (5530566)|STATEMENT_EXECUTE|[22]
16:18:14.4 (5533449)|HEAP_ALLOCATE|[23]|Bytes:1
16:18:14.4 (5554137)|ENTERING_MANAGED_PKG|
16:18:14.4 (5590526)|STATEMENT_EXECUTE|[64]
16:18:14.4 (5600997)|METHOD_ENTRY|[64]|01pB0000000lA1s|testautonumdata.InterviewsLCServerController.AddFieldToMap(String, String)
16:18:14.4 (5617243)|VARIABLE_SCOPE_BEGIN|[68]|fieldName|String|false|false
16:18:14.4 (5626174)|VARIABLE_ASSIGNMENT|[68]|fieldName|"Id"
16:18:14.4 (5628657)|VARIABLE_SCOPE_BEGIN|[68]|ObjectName|String|false|false
16:18:14.4 (5634140)|VARIABLE_ASSIGNMENT|[68]|ObjectName|"testautonumdata__Int (9 more) ..."
16:18:14.4 (5642713)|HEAP_ALLOCATE|[71]|Bytes:5
16:18:14.4 (5646200)|STATEMENT_EXECUTE|[69]
16:18:14.4 (5668421)|ENTERING_MANAGED_PKG|
16:18:14.4 (5704885)|STATEMENT_EXECUTE|[78]
16:18:14.4 (5707013)|STATEMENT_EXECUTE|[79]
16:18:14.4 (5758051)|HEAP_ALLOCATE|[79]|Bytes:4
16:18:14.4 (5785867)|ENTERING_MANAGED_PKG|
16:18:14.4 (5820684)|VARIABLE_SCOPE_BEGIN|[79]|newFieldSet|Set<String>|true|false
16:18:14.4 (5871103)|VARIABLE_ASSIGNMENT|[79]|newFieldSet|{"s":1,"v":[]}|0x507e2bf
16:18:14.4 (5875050)|STATEMENT_EXECUTE|[80]
16:18:14.4 (5893269)|ENTERING_MANAGED_PKG|
16:18:14.4 (5925460)|HEAP_ALLOCATE|[EXTERNAL]|Bytes:4
16:18:14.4 (5934962)|STATEMENT_EXECUTE|[81]
16:18:14.4 (5949346)|ENTERING_MANAGED_PKG|
16:18:14.4 (5984592)|HEAP_ALLOCATE|[EXTERNAL]|Bytes:-4
16:18:14.4 (5999899)|METHOD_EXIT|[64]|01pB0000000lA1s|testautonumdata.InterviewsLCServerController.AddFieldToMap(String, String)
16:18:14.4 (6007334)|METHOD_EXIT|[97]|01pB0000000lA1s|testautonumdata.InterviewsLCServerController.AddFieldToObjectsMap(String, String)
16:18:14.4 (6011611)|STATEMENT_EXECUTE|[99]
16:18:14.4 (6042097)|HEAP_ALLOCATE|[99]|Bytes:4
16:18:14.4 (6127080)|ENTERING_MANAGED_PKG|
16:18:14.4 (6153177)|VARIABLE_SCOPE_BEGIN|[99]|lstReturnRecords|List<testautonumdata.InterviewsLCServerController>|true|false
16:18:14.4 (6182890)|HEAP_ALLOCATE|[EXTERNAL]|Bytes:4
16:18:14.4 (6205209)|VARIABLE_ASSIGNMENT|[99]|lstReturnRecords|{"s":1,"v":[]}|0x3480d99b
16:18:14.4 (6209018)|STATEMENT_EXECUTE|[101]
16:18:14.4 (6235930)|ENTERING_MANAGED_PKG|
16:18:14.4 (6267639)|VARIABLE_SCOPE_BEGIN|[101]|rLimit|Integer|false|false
16:18:14.4 (6273317)|HEAP_ALLOCATE|[101]|Bytes:4
16:18:14.4 (6282898)|VARIABLE_ASSIGNMENT|[101]|rLimit|8
16:18:14.4 (6285659)|STATEMENT_EXECUTE|[102]
16:18:14.4 (6289424)|HEAP_ALLOCATE|[102]|Bytes:17
16:18:14.4 (6309745)|ENTERING_MANAGED_PKG|
16:18:14.4 (6336627)|HEAP_ALLOCATE|[102]|Bytes:1
16:18:14.4 (6351061)|HEAP_ALLOCATE|[102]|Bytes:18
16:18:14.4 (6364181)|ENTERING_MANAGED_PKG|
16:18:14.4 (6371828)|USER_DEBUG|[102]|DEBUG|######## rLimit: 8
16:18:14.4 (6378577)|STATEMENT_EXECUTE|[106]
16:18:14.4 (6382628)|HEAP_ALLOCATE|[106]|Bytes:9
16:18:14.4 (6386578)|VARIABLE_SCOPE_BEGIN|[106]|soql|String|false|false
16:18:14.4 (6396637)|VARIABLE_ASSIGNMENT|[106]|soql|"Select id"
16:18:14.4 (6399649)|STATEMENT_EXECUTE|[109]
16:18:14.4 (6400968)|STATEMENT_EXECUTE|[110]
16:18:14.4 (6403593)|HEAP_ALLOCATE|[110]|Bytes:2
16:18:14.4 (6421805)|ENTERING_MANAGED_PKG|
16:18:14.4 (6443287)|HEAP_ALLOCATE|[110]|Bytes:29
16:18:14.4 (6457481)|HEAP_ALLOCATE|[110]|Bytes:31
16:18:14.4 (6462131)|HEAP_ALLOCATE|[110]|Bytes:40
16:18:14.4 (6473275)|VARIABLE_ASSIGNMENT|[110]|soql|"Select id, testauton (20 more) ..."
16:18:14.4 (6476202)|STATEMENT_EXECUTE|[111]
16:18:14.4 (6484237)|METHOD_ENTRY|[111]|01pB0000000lA1s|testautonumdata.InterviewsLCServerController.AddFieldToObjectsMap(String, String)
16:18:14.4 (6501062)|VARIABLE_SCOPE_BEGIN|[21]|fieldName|String|false|false
16:18:14.4 (6509429)|VARIABLE_ASSIGNMENT|[21]|fieldName|"testautonumdata__Can (9 more) ..."
16:18:14.4 (6511684)|VARIABLE_SCOPE_BEGIN|[21]|initialObjectName|String|false|false
16:18:14.4 (6516392)|VARIABLE_ASSIGNMENT|[21]|initialObjectName|"testautonumdata__Int (9 more) ..."
16:18:14.4 (6524039)|HEAP_ALLOCATE|[23]|Bytes:5
16:18:14.4 (6527396)|STATEMENT_EXECUTE|[22]
16:18:14.4 (6542272)|ENTERING_MANAGED_PKG|
16:18:14.4 (6550949)|STATEMENT_EXECUTE|[64]
16:18:14.4 (6557203)|METHOD_ENTRY|[64]|01pB0000000lA1s|testautonumdata.InterviewsLCServerController.AddFieldToMap(String, String)
16:18:14.4 (6561450)|VARIABLE_SCOPE_BEGIN|[68]|fieldName|String|false|false
16:18:14.4 (6570226)|VARIABLE_ASSIGNMENT|[68]|fieldName|"testautonumdata__Can (9 more) ..."
16:18:14.4 (6572229)|VARIABLE_SCOPE_BEGIN|[68]|ObjectName|String|false|false
16:18:14.4 (6576800)|VARIABLE_ASSIGNMENT|[68]|ObjectName|"testautonumdata__Int (9 more) ..."
16:18:14.4 (6583026)|HEAP_ALLOCATE|[71]|Bytes:5
16:18:14.4 (6585914)|STATEMENT_EXECUTE|[69]
16:18:14.4 (6596116)|ENTERING_MANAGED_PKG|
16:18:14.4 (6603529)|STATEMENT_EXECUTE|[72]
16:18:14.4 (6605147)|STATEMENT_EXECUTE|[73]
16:18:14.4 (6613544)|ENTERING_MANAGED_PKG|
16:18:14.4 (6652954)|VARIABLE_SCOPE_BEGIN|[73]|existingFieldSet|Set<String>|true|false
16:18:14.4 (6671911)|VARIABLE_ASSIGNMENT|[73]|existingFieldSet|{"s":1,"v":["Id"]}|0x507e2bf
16:18:14.4 (6675230)|STATEMENT_EXECUTE|[74]
16:18:14.4 (6688114)|ENTERING_MANAGED_PKG|
16:18:14.4 (6714865)|HEAP_ALLOCATE|[EXTERNAL]|Bytes:4
16:18:14.4 (6723976)|STATEMENT_EXECUTE|[75]
16:18:14.4 (6737001)|ENTERING_MANAGED_PKG|
16:18:14.4 (6781084)|METHOD_EXIT|[64]|01pB0000000lA1s|testautonumdata.InterviewsLCServerController.AddFieldToMap(String, String)
16:18:14.4 (6788181)|METHOD_EXIT|[111]|01pB0000000lA1s|testautonumdata.InterviewsLCServerController.AddFieldToObjectsMap(String, String)
16:18:14.4 (6792193)|STATEMENT_EXECUTE|[115]
16:18:14.4 (6793588)|STATEMENT_EXECUTE|[116]
16:18:14.4 (6808496)|ENTERING_MANAGED_PKG|
16:18:14.4 (6830273)|HEAP_ALLOCATE|[116]|Bytes:59
16:18:14.4 (6844977)|HEAP_ALLOCATE|[116]|Bytes:61
16:18:14.4 (6849281)|HEAP_ALLOCATE|[116]|Bytes:101
16:18:14.4 (6861325)|VARIABLE_ASSIGNMENT|[116]|soql|"Select id, testauton (81 more) ..."
16:18:14.4 (6864992)|STATEMENT_EXECUTE|[117]
16:18:14.4 (6872729)|METHOD_ENTRY|[117]|01pB0000000lA1s|testautonumdata.InterviewsLCServerController.AddFieldToObjectsMap(String, String)
16:18:14.4 (6888723)|VARIABLE_SCOPE_BEGIN|[21]|fieldName|String|false|false
16:18:14.4 (6899760)|VARIABLE_ASSIGNMENT|[21]|fieldName|"testautonumdata__Can (39 more) ..."
16:18:14.4 (6903645)|VARIABLE_SCOPE_BEGIN|[21]|initialObjectName|String|false|false
16:18:14.4 (6913643)|VARIABLE_ASSIGNMENT|[21]|initialObjectName|"testautonumdata__Int (9 more) ..."
16:18:14.4 (6925129)|HEAP_ALLOCATE|[23]|Bytes:5
16:18:14.4 (6931142)|STATEMENT_EXECUTE|[22]
16:18:14.4 (6954432)|ENTERING_MANAGED_PKG|
16:18:14.4 (6967100)|STATEMENT_EXECUTE|[24]
16:18:14.4 (6969058)|STATEMENT_EXECUTE|[25]
16:18:14.4 (6984542)|ENTERING_MANAGED_PKG|
16:18:14.4 (7008013)|HEAP_ALLOCATE|[25]|Bytes:29
16:18:14.4 (7021076)|VARIABLE_SCOPE_BEGIN|[25]|relName1|String|false|false
16:18:14.4 (7032919)|VARIABLE_ASSIGNMENT|[25]|relName1|"testautonumdata__Can (9 more) ..."
16:18:14.4 (7035732)|STATEMENT_EXECUTE|[26]
16:18:14.4 (7053292)|ENTERING_MANAGED_PKG|
16:18:14.4 (7074615)|HEAP_ALLOCATE|[26]|Bytes:29
16:18:14.4 (7086146)|VARIABLE_SCOPE_BEGIN|[26]|relField1|String|false|false
16:18:14.4 (7096728)|VARIABLE_ASSIGNMENT|[26]|relField1|"testautonumdata__Ful (9 more) ..."
16:18:14.4 (7111184)|ENTERING_MANAGED_PKG|
16:18:14.4 (7138059)|STATEMENT_EXECUTE|[46]
16:18:14.4 (7142654)|HEAP_ALLOCATE|[48]|Bytes:3
16:18:14.4 (7156072)|ENTERING_MANAGED_PKG|
16:18:14.4 (7182106)|STATEMENT_EXECUTE|[49]
16:18:14.4 (7184189)|STATEMENT_EXECUTE|[51]
16:18:14.4 (7187812)|HEAP_ALLOCATE|[51]|Bytes:3
16:18:14.4 (7211222)|ENTERING_MANAGED_PKG|
16:18:14.4 (7242697)|HEAP_ALLOCATE|[51]|Bytes:29
16:18:14.4 (7254781)|VARIABLE_SCOPE_BEGIN|[51]|objectName1|String|false|false
16:18:14.4 (7265985)|VARIABLE_ASSIGNMENT|[51]|objectName1|"testautonumdata__Can (9 more) ..."
16:18:14.4 (7269141)|STATEMENT_EXECUTE|[52]
16:18:14.4 (7277225)|METHOD_ENTRY|[52]|01pB0000000lA1s|testautonumdata.InterviewsLCServerController.AddFieldToMap(String, String)
16:18:14.4 (7293455)|VARIABLE_SCOPE_BEGIN|[68]|fieldName|String|false|false
16:18:14.4 (7301384)|VARIABLE_ASSIGNMENT|[68]|fieldName|"testautonumdata__Ful (9 more) ..."
16:18:14.4 (7303662)|VARIABLE_SCOPE_BEGIN|[68]|ObjectName|String|false|false
16:18:14.4 (7308137)|VARIABLE_ASSIGNMENT|[68]|ObjectName|"testautonumdata__Can (9 more) ..."
16:18:14.4 (7315626)|HEAP_ALLOCATE|[71]|Bytes:5
16:18:14.4 (7318889)|STATEMENT_EXECUTE|[69]
16:18:14.4 (7330457)|ENTERING_MANAGED_PKG|
16:18:14.4 (7338227)|STATEMENT_EXECUTE|[78]
16:18:14.4 (7339694)|STATEMENT_EXECUTE|[79]
16:18:14.4 (7343893)|HEAP_ALLOCATE|[79]|Bytes:4
16:18:14.4 (7354939)|ENTERING_MANAGED_PKG|
16:18:14.4 (7362928)|VARIABLE_SCOPE_BEGIN|[79]|newFieldSet|Set<String>|true|false
16:18:14.4 (7385353)|VARIABLE_ASSIGNMENT|[79]|newFieldSet|{"s":1,"v":[]}|0x51bcd988
16:18:14.4 (7388449)|STATEMENT_EXECUTE|[80]
16:18:14.4 (7398584)|ENTERING_MANAGED_PKG|
16:18:14.4 (7404956)|HEAP_ALLOCATE|[EXTERNAL]|Bytes:4
16:18:14.4 (7412096)|STATEMENT_EXECUTE|[81]
16:18:14.4 (7420106)|ENTERING_MANAGED_PKG|
16:18:14.4 (7428860)|HEAP_ALLOCATE|[EXTERNAL]|Bytes:-4
16:18:14.4 (7441237)|METHOD_EXIT|[52]|01pB0000000lA1s|testautonumdata.InterviewsLCServerController.AddFieldToMap(String, String)
16:18:14.4 (7448017)|METHOD_EXIT|[117]|01pB0000000lA1s|testautonumdata.InterviewsLCServerController.AddFieldToObjectsMap(String, String)
16:18:14.4 (7451911)|STATEMENT_EXECUTE|[120]
16:18:14.4 (7453179)|STATEMENT_EXECUTE|[121]
16:18:14.4 (7467401)|ENTERING_MANAGED_PKG|
16:18:14.4 (7489228)|HEAP_ALLOCATE|[121]|Bytes:63
16:18:14.4 (7503673)|HEAP_ALLOCATE|[121]|Bytes:65
16:18:14.4 (7508201)|HEAP_ALLOCATE|[121]|Bytes:166
16:18:14.4 (7520592)|VARIABLE_ASSIGNMENT|[121]|soql|"Select id, testauton (146 more) ..."
16:18:14.4 (7523622)|STATEMENT_EXECUTE|[122]
16:18:14.4 (7531193)|METHOD_ENTRY|[122]|01pB0000000lA1s|testautonumdata.InterviewsLCServerController.AddFieldToObjectsMap(String, String)
16:18:14.4 (7547053)|VARIABLE_SCOPE_BEGIN|[21]|fieldName|String|false|false
16:18:14.4 (7555234)|VARIABLE_ASSIGNMENT|[21]|fieldName|"testautonumdata__Can (43 more) ..."
16:18:14.4 (7557322)|VARIABLE_SCOPE_BEGIN|[21]|initialObjectName|String|false|false
16:18:14.4 (7562027)|VARIABLE_ASSIGNMENT|[21]|initialObjectName|"testautonumdata__Int (9 more) ..."
16:18:14.4 (7569618)|HEAP_ALLOCATE|[23]|Bytes:5
16:18:14.4 (7572985)|STATEMENT_EXECUTE|[22]
16:18:14.4 (7587561)|ENTERING_MANAGED_PKG|
16:18:14.4 (7596324)|STATEMENT_EXECUTE|[24]
16:18:14.4 (7597796)|STATEMENT_EXECUTE|[25]
16:18:14.4 (7605801)|ENTERING_MANAGED_PKG|
16:18:14.4 (7609523)|HEAP_ALLOCATE|[25]|Bytes:29
16:18:14.4 (7617775)|VARIABLE_SCOPE_BEGIN|[25]|relName1|String|false|false
16:18:14.4 (7627599)|VARIABLE_ASSIGNMENT|[25]|relName1|"testautonumdata__Can (9 more) ..."
16:18:14.4 (7630039)|STATEMENT_EXECUTE|[26]
16:18:14.4 (7640790)|ENTERING_MANAGED_PKG|
16:18:14.4 (7644493)|HEAP_ALLOCATE|[26]|Bytes:33
16:18:14.4 (7652473)|VARIABLE_SCOPE_BEGIN|[26]|relField1|String|false|false
16:18:14.4 (7661035)|VARIABLE_ASSIGNMENT|[26]|relField1|"testautonumdata__Pos (13 more) ..."
16:18:14.4 (7671997)|ENTERING_MANAGED_PKG|
16:18:14.4 (7679950)|STATEMENT_EXECUTE|[28]
16:18:14.4 (7681408)|STATEMENT_EXECUTE|[29]
16:18:14.4 (7690275)|ENTERING_MANAGED_PKG|
16:18:14.4 (7710747)|HEAP_ALLOCATE|[29]|Bytes:28
16:18:14.4 (7722260)|VARIABLE_SCOPE_BEGIN|[29]|relName2|String|false|false
16:18:14.4 (7733115)|VARIABLE_ASSIGNMENT|[29]|relName2|"testautonumdata__Pos (8 more) ..."
16:18:14.4 (7735554)|STATEMENT_EXECUTE|[30]
16:18:14.4 (7749554)|ENTERING_MANAGED_PKG|
16:18:14.4 (7769194)|HEAP_ALLOCATE|[30]|Bytes:4
16:18:14.4 (7780202)|VARIABLE_SCOPE_BEGIN|[30]|relField2|String|false|false
16:18:14.4 (7789879)|VARIABLE_ASSIGNMENT|[30]|relField2|"Name"
16:18:14.4 (7804034)|ENTERING_MANAGED_PKG|
16:18:14.4 (7830529)|STATEMENT_EXECUTE|[34]
16:18:14.4 (7832585)|STATEMENT_EXECUTE|[36]
16:18:14.4 (7844499)|ENTERING_MANAGED_PKG|
16:18:14.4 (7868330)|HEAP_ALLOCATE|[36]|Bytes:28
16:18:14.4 (7880049)|VARIABLE_SCOPE_BEGIN|[36]|objectName2|String|false|false
16:18:14.4 (7890993)|VARIABLE_ASSIGNMENT|[36]|objectName2|"testautonumdata__Pos (8 more) ..."
16:18:14.4 (7893653)|STATEMENT_EXECUTE|[37]
16:18:14.4 (7901227)|METHOD_ENTRY|[37]|01pB0000000lA1s|testautonumdata.InterviewsLCServerController.AddFieldToMap(String, String)
16:18:14.4 (7916225)|VARIABLE_SCOPE_BEGIN|[68]|fieldName|String|false|false
16:18:14.4 (7923117)|VARIABLE_ASSIGNMENT|[68]|fieldName|"Name"
16:18:14.4 (7924958)|VARIABLE_SCOPE_BEGIN|[68]|ObjectName|String|false|false
16:18:14.4 (7929787)|VARIABLE_ASSIGNMENT|[68]|ObjectName|"testautonumdata__Pos (8 more) ..."
16:18:14.4 (7936795)|HEAP_ALLOCATE|[71]|Bytes:5
16:18:14.4 (7940042)|STATEMENT_EXECUTE|[69]
16:18:14.4 (7951466)|ENTERING_MANAGED_PKG|
16:18:14.4 (7959065)|STATEMENT_EXECUTE|[78]
16:18:14.4 (7960535)|STATEMENT_EXECUTE|[79]
16:18:14.4 (7965001)|HEAP_ALLOCATE|[79]|Bytes:4
16:18:14.4 (7975753)|ENTERING_MANAGED_PKG|
16:18:14.4 (7983524)|VARIABLE_SCOPE_BEGIN|[79]|newFieldSet|Set<String>|true|false
16:18:14.4 (8004452)|VARIABLE_ASSIGNMENT|[79]|newFieldSet|{"s":1,"v":[]}|0x6b14db1a
16:18:14.4 (8008272)|STATEMENT_EXECUTE|[80]
16:18:14.4 (8018767)|ENTERING_MANAGED_PKG|
16:18:14.4 (8025169)|HEAP_ALLOCATE|[EXTERNAL]|Bytes:4
16:18:14.4 (8032322)|STATEMENT_EXECUTE|[81]
16:18:14.4 (8040199)|ENTERING_MANAGED_PKG|
16:18:14.4 (8048391)|HEAP_ALLOCATE|[EXTERNAL]|Bytes:-4
16:18:14.4 (8060292)|METHOD_EXIT|[37]|01pB0000000lA1s|testautonumdata.InterviewsLCServerController.AddFieldToMap(String, String)
16:18:14.4 (8066811)|METHOD_EXIT|[122]|01pB0000000lA1s|testautonumdata.InterviewsLCServerController.AddFieldToObjectsMap(String, String)
16:18:14.4 (8070492)|STATEMENT_EXECUTE|[125]
16:18:14.4 (8071686)|STATEMENT_EXECUTE|[126]
16:18:14.4 (8085499)|ENTERING_MANAGED_PKG|
16:18:14.4 (8106895)|HEAP_ALLOCATE|[126]|Bytes:24
16:18:14.4 (8121307)|HEAP_ALLOCATE|[126]|Bytes:26
16:18:14.4 (8125620)|HEAP_ALLOCATE|[126]|Bytes:192
16:18:14.4 (8137558)|VARIABLE_ASSIGNMENT|[126]|soql|"Select id, testauton (172 more) ..."
16:18:14.4 (8140727)|STATEMENT_EXECUTE|[127]
16:18:14.4 (8148551)|METHOD_ENTRY|[127]|01pB0000000lA1s|testautonumdata.InterviewsLCServerController.AddFieldToObjectsMap(String, String)
16:18:14.4 (8164178)|VARIABLE_SCOPE_BEGIN|[21]|fieldName|String|false|false
16:18:14.4 (8172794)|VARIABLE_ASSIGNMENT|[21]|fieldName|"testautonumdata__Dat (4 more) ..."
16:18:14.4 (8174886)|VARIABLE_SCOPE_BEGIN|[21]|initialObjectName|String|false|false
16:18:14.4 (8179510)|VARIABLE_ASSIGNMENT|[21]|initialObjectName|"testautonumdata__Int (9 more) ..."
16:18:14.4 (8187102)|HEAP_ALLOCATE|[23]|Bytes:5
16:18:14.4 (8190341)|STATEMENT_EXECUTE|[22]
16:18:14.4 (8210735)|ENTERING_MANAGED_PKG|
16:18:14.4 (8219957)|STATEMENT_EXECUTE|[64]
16:18:14.4 (8226182)|METHOD_ENTRY|[64]|01pB0000000lA1s|testautonumdata.InterviewsLCServerController.AddFieldToMap(String, String)
16:18:14.4 (8230329)|VARIABLE_SCOPE_BEGIN|[68]|fieldName|String|false|false
16:18:14.4 (8239476)|VARIABLE_ASSIGNMENT|[68]|fieldName|"testautonumdata__Dat (4 more) ..."
16:18:14.4 (8241482)|VARIABLE_SCOPE_BEGIN|[68]|ObjectName|String|false|false
16:18:14.4 (8246055)|VARIABLE_ASSIGNMENT|[68]|ObjectName|"testautonumdata__Int (9 more) ..."
16:18:14.4 (8252124)|HEAP_ALLOCATE|[71]|Bytes:5
16:18:14.4 (8254941)|STATEMENT_EXECUTE|[69]
16:18:14.4 (8264735)|ENTERING_MANAGED_PKG|
16:18:14.4 (8271713)|STATEMENT_EXECUTE|[72]
16:18:14.4 (8273040)|STATEMENT_EXECUTE|[73]
16:18:14.4 (8278859)|ENTERING_MANAGED_PKG|
16:18:14.4 (8289293)|VARIABLE_SCOPE_BEGIN|[73]|existingFieldSet|Set<String>|true|false
16:18:14.4 (8307730)|VARIABLE_ASSIGNMENT|[73]|existingFieldSet|{"s":1,"v":["Id","testautonumdata__Can (9 more) ..."]}|0x507e2bf
16:18:14.4 (8310866)|STATEMENT_EXECUTE|[74]
16:18:14.4 (8320355)|ENTERING_MANAGED_PKG|
16:18:14.4 (8326324)|HEAP_ALLOCATE|[EXTERNAL]|Bytes:4
16:18:14.4 (8333304)|STATEMENT_EXECUTE|[75]
16:18:14.4 (8340835)|ENTERING_MANAGED_PKG|
16:18:14.4 (8360955)|METHOD_EXIT|[64]|01pB0000000lA1s|testautonumdata.InterviewsLCServerController.AddFieldToMap(String, String)
16:18:14.4 (8367788)|METHOD_EXIT|[127]|01pB0000000lA1s|testautonumdata.InterviewsLCServerController.AddFieldToObjectsMap(String, String)
16:18:14.4 (8371549)|STATEMENT_EXECUTE|[130]
16:18:14.4 (8372849)|STATEMENT_EXECUTE|[131]
16:18:14.4 (8386459)|ENTERING_MANAGED_PKG|
16:18:14.4 (8407841)|HEAP_ALLOCATE|[131]|Bytes:34
16:18:14.4 (8422229)|HEAP_ALLOCATE|[131]|Bytes:36
16:18:14.4 (8426733)|HEAP_ALLOCATE|[131]|Bytes:228
16:18:14.4 (8438431)|VARIABLE_ASSIGNMENT|[131]|soql|"Select id, testauton (208 more) ..."
16:18:14.4 (8441256)|STATEMENT_EXECUTE|[132]
16:18:14.4 (8448612)|METHOD_ENTRY|[132]|01pB0000000lA1s|testautonumdata.InterviewsLCServerController.AddFieldToObjectsMap(String, String)
16:18:14.4 (8463867)|VARIABLE_SCOPE_BEGIN|[21]|fieldName|String|false|false
16:18:14.4 (8472409)|VARIABLE_ASSIGNMENT|[21]|fieldName|"testautonumdata__Int (14 more) ..."
16:18:14.4 (8474765)|VARIABLE_SCOPE_BEGIN|[21]|initialObjectName|String|false|false
16:18:14.4 (8479268)|VARIABLE_ASSIGNMENT|[21]|initialObjectName|"testautonumdata__Int (9 more) ..."
16:18:14.4 (8486737)|HEAP_ALLOCATE|[23]|Bytes:5
16:18:14.4 (8489870)|STATEMENT_EXECUTE|[22]
16:18:14.4 (8504372)|ENTERING_MANAGED_PKG|
16:18:14.4 (8513014)|STATEMENT_EXECUTE|[64]
16:18:14.4 (8519019)|METHOD_ENTRY|[64]|01pB0000000lA1s|testautonumdata.InterviewsLCServerController.AddFieldToMap(String, String)
16:18:14.4 (8522751)|VARIABLE_SCOPE_BEGIN|[68]|fieldName|String|false|false
16:18:14.4 (8531633)|VARIABLE_ASSIGNMENT|[68]|fieldName|"testautonumdata__Int (14 more) ..."
16:18:14.4 (8533510)|VARIABLE_SCOPE_BEGIN|[68]|ObjectName|String|false|false
16:18:14.4 (8537947)|VARIABLE_ASSIGNMENT|[68]|ObjectName|"testautonumdata__Int (9 more) ..."
16:18:14.4 (8543813)|HEAP_ALLOCATE|[71]|Bytes:5
16:18:14.4 (8546592)|STATEMENT_EXECUTE|[69]
16:18:14.4 (8556211)|ENTERING_MANAGED_PKG|
16:18:14.4 (8563234)|STATEMENT_EXECUTE|[72]
16:18:14.4 (8564576)|STATEMENT_EXECUTE|[73]
16:18:14.4 (8569892)|ENTERING_MANAGED_PKG|
16:18:14.4 (8580377)|VARIABLE_SCOPE_BEGIN|[73]|existingFieldSet|Set<String>|true|false
16:18:14.4 (8599263)|VARIABLE_ASSIGNMENT|[73]|existingFieldSet|{"s":1,"v":["Id","testautonumdata__Can (9 more) ...","testautonumdata__Dat (4 more) ..."]}|0x507e2bf
16:18:14.4 (8603018)|STATEMENT_EXECUTE|[74]
16:18:14.4 (8612204)|ENTERING_MANAGED_PKG|
16:18:14.4 (8618113)|HEAP_ALLOCATE|[EXTERNAL]|Bytes:4
16:18:14.4 (8624854)|STATEMENT_EXECUTE|[75]
16:18:14.4 (8632236)|ENTERING_MANAGED_PKG|
16:18:14.4 (8652192)|METHOD_EXIT|[64]|01pB0000000lA1s|testautonumdata.InterviewsLCServerController.AddFieldToMap(String, String)
16:18:14.4 (8658497)|METHOD_EXIT|[132]|01pB0000000lA1s|testautonumdata.InterviewsLCServerController.AddFieldToObjectsMap(String, String)
16:18:14.4 (8661509)|STATEMENT_EXECUTE|[135]
16:18:14.4 (8665516)|HEAP_ALLOCATE|[135]|Bytes:6
16:18:14.4 (8680570)|ENTERING_MANAGED_PKG|
16:18:14.4 (8701866)|HEAP_ALLOCATE|[135]|Bytes:29
16:18:14.4 (8716076)|HEAP_ALLOCATE|[135]|Bytes:35
16:18:14.4 (8720693)|HEAP_ALLOCATE|[135]|Bytes:263
16:18:14.4 (8732432)|VARIABLE_ASSIGNMENT|[135]|soql|"Select id, testauton (243 more) ..."
16:18:14.4 (8740140)|STATEMENT_EXECUTE|[139]
16:18:14.4 (8741500)|STATEMENT_EXECUTE|[140]
16:18:14.4 (8744734)|HEAP_ALLOCATE|[140]|Bytes:7
16:18:14.4 (8760214)|ENTERING_MANAGED_PKG|
16:18:14.4 (8780281)|HEAP_ALLOCATE|[140]|Bytes:26
16:18:14.4 (8791894)|HEAP_ALLOCATE|[140]|Bytes:4
16:18:14.4 (8804450)|ENTERING_MANAGED_PKG|
16:18:14.4 (8807876)|HEAP_ALLOCATE|[140]|Bytes:7
16:18:14.4 (8815969)|HEAP_ALLOCATE|[140]|Bytes:1
16:18:14.4 (8831883)|HEAP_ALLOCATE|[140]|Bytes:45
16:18:14.4 (8837223)|HEAP_ALLOCATE|[140]|Bytes:308
16:18:14.4 (8848096)|VARIABLE_ASSIGNMENT|[140]|soql|"Select id, testauton (288 more) ..."
16:18:14.4 (8850930)|STATEMENT_EXECUTE|[141]
16:18:14.4 (8858616)|METHOD_ENTRY|[141]|01pB0000000lA1s|testautonumdata.InterviewsLCServerController.AddFieldToObjectsMap(String, String)
16:18:14.4 (8874359)|VARIABLE_SCOPE_BEGIN|[21]|fieldName|String|false|false
16:18:14.4 (8882394)|VARIABLE_ASSIGNMENT|[21]|fieldName|"testautonumdata__Sta (6 more) ..."
16:18:14.4 (8884443)|VARIABLE_SCOPE_BEGIN|[21]|initialObjectName|String|false|false
16:18:14.4 (8889037)|VARIABLE_ASSIGNMENT|[21]|initialObjectName|"testautonumdata__Int (9 more) ..."
16:18:14.4 (8895793)|HEAP_ALLOCATE|[23]|Bytes:5
16:18:14.4 (8898880)|STATEMENT_EXECUTE|[22]
16:18:14.4 (8912479)|ENTERING_MANAGED_PKG|
16:18:14.4 (8921419)|STATEMENT_EXECUTE|[64]
16:18:14.4 (8927664)|METHOD_ENTRY|[64]|01pB0000000lA1s|testautonumdata.InterviewsLCServerController.AddFieldToMap(String, String)
16:18:14.4 (8931381)|VARIABLE_SCOPE_BEGIN|[68]|fieldName|String|false|false
16:18:14.4 (8939933)|VARIABLE_ASSIGNMENT|[68]|fieldName|"testautonumdata__Sta (6 more) ..."
16:18:14.4 (8941843)|VARIABLE_SCOPE_BEGIN|[68]|ObjectName|String|false|false
16:18:14.4 (8946386)|VARIABLE_ASSIGNMENT|[68]|ObjectName|"testautonumdata__Int (9 more) ..."
16:18:14.4 (8952180)|HEAP_ALLOCATE|[71]|Bytes:5
16:18:14.4 (8955115)|STATEMENT_EXECUTE|[69]
16:18:14.4 (8964853)|ENTERING_MANAGED_PKG|
16:18:14.4 (8971801)|STATEMENT_EXECUTE|[72]
16:18:14.4 (8973141)|STATEMENT_EXECUTE|[73]
16:18:14.4 (8978566)|ENTERING_MANAGED_PKG|
16:18:14.4 (8988404)|VARIABLE_SCOPE_BEGIN|[73]|existingFieldSet|Set<String>|true|false
16:18:14.4 (9007757)|VARIABLE_ASSIGNMENT|[73]|existingFieldSet|{"s":1,"v":["Id","testautonumdata__Can (9 more) ...","testautonumdata__Dat (4 more) ...","testautonumdata__Int (14 more) ..."]}|0x507e2bf
16:18:14.4 (9012175)|STATEMENT_EXECUTE|[74]
16:18:14.4 (9021809)|ENTERING_MANAGED_PKG|
16:18:14.4 (9027723)|HEAP_ALLOCATE|[EXTERNAL]|Bytes:4
16:18:14.4 (9034958)|STATEMENT_EXECUTE|[75]
16:18:14.4 (9042585)|ENTERING_MANAGED_PKG|
16:18:14.4 (9062237)|METHOD_EXIT|[64]|01pB0000000lA1s|testautonumdata.InterviewsLCServerController.AddFieldToMap(String, String)
16:18:14.4 (9068421)|METHOD_EXIT|[141]|01pB0000000lA1s|testautonumdata.InterviewsLCServerController.AddFieldToObjectsMap(String, String)
16:18:14.4 (9073940)|STATEMENT_EXECUTE|[145]
16:18:14.4 (9075317)|STATEMENT_EXECUTE|[146]
16:18:14.4 (9078958)|HEAP_ALLOCATE|[146]|Bytes:10
16:18:14.4 (9093765)|ENTERING_MANAGED_PKG|
16:18:14.4 (9114690)|HEAP_ALLOCATE|[146]|Bytes:34
16:18:14.4 (9126542)|HEAP_ALLOCATE|[146]|Bytes:1
16:18:14.4 (9139001)|ENTERING_MANAGED_PKG|
16:18:14.4 (9142475)|HEAP_ALLOCATE|[146]|Bytes:3
16:18:14.4 (9158128)|HEAP_ALLOCATE|[146]|Bytes:48
16:18:14.4 (9163431)|HEAP_ALLOCATE|[146]|Bytes:356
16:18:14.4 (9196115)|VARIABLE_ASSIGNMENT|[146]|soql|"Select id, testauton (336 more) ..."
16:18:14.4 (9202320)|STATEMENT_EXECUTE|[147]
16:18:14.4 (9214903)|METHOD_ENTRY|[147]|01pB0000000lA1s|testautonumdata.InterviewsLCServerController.AddFieldToObjectsMap(String, String)
16:18:14.4 (9236333)|VARIABLE_SCOPE_BEGIN|[21]|fieldName|String|false|false
16:18:14.4 (9246614)|VARIABLE_ASSIGNMENT|[21]|fieldName|"testautonumdata__Int (14 more) ..."
16:18:14.4 (9248722)|VARIABLE_SCOPE_BEGIN|[21]|initialObjectName|String|false|false
16:18:14.4 (9253426)|VARIABLE_ASSIGNMENT|[21]|initialObjectName|"testautonumdata__Int (9 more) ..."
16:18:14.4 (9261264)|HEAP_ALLOCATE|[23]|Bytes:5
16:18:14.4 (9265040)|STATEMENT_EXECUTE|[22]
16:18:14.4 (9280215)|ENTERING_MANAGED_PKG|
16:18:14.4 (9288956)|STATEMENT_EXECUTE|[64]
16:18:14.4 (9295065)|METHOD_ENTRY|[64]|01pB0000000lA1s|testautonumdata.InterviewsLCServerController.AddFieldToMap(String, String)
16:18:14.4 (9298954)|VARIABLE_SCOPE_BEGIN|[68]|fieldName|String|false|false
16:18:14.4 (9307489)|VARIABLE_ASSIGNMENT|[68]|fieldName|"testautonumdata__Int (14 more) ..."
16:18:14.4 (9309527)|VARIABLE_SCOPE_BEGIN|[68]|ObjectName|String|false|false
16:18:14.4 (9314112)|VARIABLE_ASSIGNMENT|[68]|ObjectName|"testautonumdata__Int (9 more) ..."
16:18:14.4 (9319961)|HEAP_ALLOCATE|[71]|Bytes:5
16:18:14.4 (9322840)|STATEMENT_EXECUTE|[69]
16:18:14.4 (9332442)|ENTERING_MANAGED_PKG|
16:18:14.4 (9339452)|STATEMENT_EXECUTE|[72]
16:18:14.4 (9340911)|STATEMENT_EXECUTE|[73]
16:18:14.4 (9346357)|ENTERING_MANAGED_PKG|
16:18:14.4 (9356494)|VARIABLE_SCOPE_BEGIN|[73]|existingFieldSet|Set<String>|true|false
16:18:14.4 (9377004)|VARIABLE_ASSIGNMENT|[73]|existingFieldSet|{"s":1,"v":["Id","testautonumdata__Can (9 more) ...","testautonumdata__Dat (4 more) ...","testautonumdata__Int (14 more) ...","testautonumdata__Sta (6 more) ..."]}|0x507e2bf
16:18:14.4 (9381093)|STATEMENT_EXECUTE|[74]
16:18:14.4 (9390320)|ENTERING_MANAGED_PKG|
16:18:14.4 (9396245)|HEAP_ALLOCATE|[EXTERNAL]|Bytes:4
16:18:14.4 (9403037)|STATEMENT_EXECUTE|[75]
16:18:14.4 (9410615)|ENTERING_MANAGED_PKG|
16:18:14.4 (9430093)|METHOD_EXIT|[64]|01pB0000000lA1s|testautonumdata.InterviewsLCServerController.AddFieldToMap(String, String)
16:18:14.4 (9436512)|METHOD_EXIT|[147]|01pB0000000lA1s|testautonumdata.InterviewsLCServerController.AddFieldToObjectsMap(String, String)
16:18:14.4 (9439963)|STATEMENT_EXECUTE|[150]
16:18:14.4 (9443952)|HEAP_ALLOCATE|[150]|Bytes:7
16:18:14.4 (9458928)|ENTERING_MANAGED_PKG|
16:18:14.4 (9480095)|HEAP_ALLOCATE|[150]|Bytes:1
16:18:14.4 (9494056)|HEAP_ALLOCATE|[150]|Bytes:8
16:18:14.4 (9498606)|HEAP_ALLOCATE|[150]|Bytes:364
16:18:14.4 (9510123)|VARIABLE_ASSIGNMENT|[150]|soql|"Select id, testauton (344 more) ..."
16:18:14.4 (9513202)|STATEMENT_EXECUTE|[154]
16:18:14.4 (9516482)|HEAP_ALLOCATE|[154]|Bytes:15
16:18:14.4 (9522023)|HEAP_ALLOCATE|[154]|Bytes:379
16:18:14.4 (9535650)|ENTERING_MANAGED_PKG|
16:18:14.4 (9557568)|USER_DEBUG|[154]|DEBUG|######## soql: Select id, testautonumdata__Candidate__c, testautonumdata__Candidate__r.testautonumdata__Full_Name__c, testautonumdata__Candidate__r.testautonumdata__Position__r.Name, testautonumdata__Date__c, testautonumdata__Interview_Type__c FROM testautonumdata__Interview__c where testautonumdata__Status__c = 'Pending' order by testautonumdata__Interview_Type__c asc limit 8
16:18:14.4 (9578266)|ENTERING_MANAGED_PKG|
16:18:14.4 (9605776)|STATEMENT_EXECUTE|[162]
16:18:14.4 (9608479)|STATEMENT_EXECUTE|[163]
16:18:14.4 (9612059)|HEAP_ALLOCATE|[163]|Bytes:27
16:18:14.4 (9630586)|ENTERING_MANAGED_PKG|
16:18:14.4 (9669077)|HEAP_ALLOCATE|[163]|Bytes:257
16:18:14.4 (9684304)|HEAP_ALLOCATE|[163]|Bytes:284
16:18:14.4 (9696974)|ENTERING_MANAGED_PKG|
16:18:14.4 (9704178)|USER_DEBUG|[163]|DEBUG|######## mapObjectsFields: {testautonumdata__Candidate__c={testautonumdata__Full_Name__c}, testautonumdata__Interview__c={Id, testautonumdata__Candidate__c, testautonumdata__Date__c, testautonumdata__Interview_Type__c, testautonumdata__Status__c}, testautonumdata__Position__c={Name}}
16:18:14.4 (9720550)|HEAP_ALLOCATE|[164]|Bytes:4
16:18:14.4 (9735861)|ENTERING_MANAGED_PKG|
16:18:14.4 (9765861)|ENTERING_MANAGED_PKG|
16:18:14.4 (9782169)|HEAP_ALLOCATE|[164]|Bytes:102
16:18:14.4 (9798631)|ENTERING_MANAGED_PKG|
16:18:14.4 (9805900)|HEAP_ALLOCATE|[164]|Bytes:12
16:18:14.4 (9816339)|ENTERING_MANAGED_PKG|
16:18:14.4 (9883044)|HEAP_ALLOCATE|[164]|Bytes:5
16:18:14.4 (9906025)|VARIABLE_SCOPE_BEGIN|[164]|objectName|String|false|false
16:18:14.4 (9918222)|VARIABLE_ASSIGNMENT|[164]|objectName|"testautonumdata__Int (9 more) ..."
16:18:14.4 (9921939)|STATEMENT_EXECUTE|[165]
16:18:14.4 (9923188)|STATEMENT_EXECUTE|[166]
16:18:14.4 (9926454)|HEAP_ALLOCATE|[166]|Bytes:21
16:18:14.4 (9933472)|HEAP_ALLOCATE|[166]|Bytes:50
16:18:14.4 (9946546)|ENTERING_MANAGED_PKG|
16:18:14.4 (9968555)|USER_DEBUG|[166]|DEBUG|######## objectName: testautonumdata__Interview__c
16:18:14.4 (9976158)|STATEMENT_EXECUTE|[167]
16:18:14.4 (9995868)|ENTERING_MANAGED_PKG|
16:18:14.4 (24776418)|HEAP_ALLOCATE|[167]|Bytes:1764
16:18:14.4 (24805785)|ENTERING_MANAGED_PKG|
16:18:14.4 (24918428)|HEAP_ALLOCATE|[167]|Bytes:4
16:18:14.4 (24929892)|VARIABLE_SCOPE_BEGIN|[167]|sObj|SObject|true|false
16:18:14.4 (24951287)|VARIABLE_ASSIGNMENT|[167]|sObj|{}|0x220fb8b
16:18:14.4 (24954905)|STATEMENT_EXECUTE|[168]
16:18:14.4 (24984374)|ENTERING_MANAGED_PKG|
16:18:14.4 (25314880)|HEAP_ALLOCATE|[168]|Bytes:4
16:18:14.4 (25811836)|HEAP_ALLOCATE|[168]|Bytes:80
16:18:14.4 (25822991)|VARIABLE_SCOPE_BEGIN|[168]|m|Map<String,Schema.SObjectField>|true|false
16:18:14.4 (26066023)|VARIABLE_ASSIGNMENT|[168]|m|"{createdbyid=CreatedById, createddate=CreatedDate, id=Id, isdeleted=IsDeleted, lastactivitydate=LastActivityDate, lastmodifiedbyid=LastModifiedById, lastmodifieddate=LastModifiedDate, lastreferenceddate=LastReferencedDate, lastvieweddate=LastViewedDate, name=Name, ...}"|0x3f842d39
16:18:14.4 (26073445)|STATEMENT_EXECUTE|[169]
16:18:14.4 (26090671)|ENTERING_MANAGED_PKG|
16:18:14.4 (26130756)|VARIABLE_SCOPE_BEGIN|[169]|objectFieldSet|Set<String>|true|false
16:18:14.4 (26156817)|VARIABLE_ASSIGNMENT|[169]|objectFieldSet|{"s":1,"v":["Id","testautonumdata__Can (9 more) ...","testautonumdata__Dat (4 more) ...","testautonumdata__Int (14 more) ...","testautonumdata__Sta (6 more) ..."]}|0x507e2bf
16:18:14.4 (26165291)|HEAP_ALLOCATE|[171]|Bytes:4
16:18:14.4 (26181819)|ENTERING_MANAGED_PKG|
16:18:14.4 (26218070)|ENTERING_MANAGED_PKG|
16:18:14.4 (26223881)|HEAP_ALLOCATE|[171]|Bytes:20
16:18:14.4 (26234710)|ENTERING_MANAGED_PKG|
16:18:14.4 (26250947)|HEAP_ALLOCATE|[171]|Bytes:5
16:18:14.4 (26267234)|VARIABLE_SCOPE_BEGIN|[171]|fieldToCheck|String|false|false
16:18:14.4 (26278194)|VARIABLE_ASSIGNMENT|[171]|fieldToCheck|"Id"
16:18:14.4 (26281805)|STATEMENT_EXECUTE|[171]
16:18:14.4 (26283413)|STATEMENT_EXECUTE|[172]
16:18:14.4 (26287175)|HEAP_ALLOCATE|[172]|Bytes:23
16:18:14.4 (26294884)|HEAP_ALLOCATE|[172]|Bytes:25
16:18:14.4 (26308166)|ENTERING_MANAGED_PKG|
16:18:14.4 (26331191)|USER_DEBUG|[172]|DEBUG|######## fieldToCheck: Id
16:18:14.4 (26350093)|ENTERING_MANAGED_PKG|
16:18:14.4 (26645412)|HEAP_ALLOCATE|[174]|Bytes:8
16:18:14.4 (26675041)|STATEMENT_EXECUTE|[174]
16:18:14.4 (26677501)|STATEMENT_EXECUTE|[182]
16:18:14.4 (26681054)|HEAP_ALLOCATE|[182]|Bytes:35
16:18:14.4 (26689105)|HEAP_ALLOCATE|[182]|Bytes:37
16:18:14.4 (26703474)|ENTERING_MANAGED_PKG|
16:18:14.4 (26727003)|USER_DEBUG|[182]|DEBUG|######## User has access to field: Id
16:18:14.4 (26743635)|HEAP_ALLOCATE|[171]|Bytes:5
16:18:14.4 (26757425)|VARIABLE_SCOPE_BEGIN|[171]|fieldToCheck|String|false|false
16:18:14.4 (26770362)|VARIABLE_ASSIGNMENT|[171]|fieldToCheck|"testautonumdata__Can (9 more) ..."
16:18:14.4 (26773709)|STATEMENT_EXECUTE|[171]
16:18:14.4 (26775056)|STATEMENT_EXECUTE|[172]
16:18:14.4 (26781259)|HEAP_ALLOCATE|[172]|Bytes:52
16:18:14.4 (26792809)|ENTERING_MANAGED_PKG|
16:18:14.4 (26799559)|USER_DEBUG|[172]|DEBUG|######## fieldToCheck: testautonumdata__Candidate__c
16:18:14.4 (26811052)|ENTERING_MANAGED_PKG|
16:18:14.4 (27030158)|HEAP_ALLOCATE|[174]|Bytes:8
16:18:14.4 (27048036)|STATEMENT_EXECUTE|[174]
16:18:14.4 (27050393)|STATEMENT_EXECUTE|[182]
16:18:14.4 (27056866)|HEAP_ALLOCATE|[182]|Bytes:64
16:18:14.4 (27069005)|ENTERING_MANAGED_PKG|
16:18:14.4 (27076245)|USER_DEBUG|[182]|DEBUG|######## User has access to field: testautonumdata__Candidate__c
16:18:14.4 (27090941)|HEAP_ALLOCATE|[171]|Bytes:5
16:18:14.4 (27103868)|VARIABLE_SCOPE_BEGIN|[171]|fieldToCheck|String|false|false
16:18:14.4 (27116423)|VARIABLE_ASSIGNMENT|[171]|fieldToCheck|"testautonumdata__Dat (4 more) ..."
16:18:14.4 (27119509)|STATEMENT_EXECUTE|[171]
16:18:14.4 (27120789)|STATEMENT_EXECUTE|[172]
16:18:14.4 (27126797)|HEAP_ALLOCATE|[172]|Bytes:47
16:18:14.4 (27137607)|ENTERING_MANAGED_PKG|
16:18:14.4 (27143744)|USER_DEBUG|[172]|DEBUG|######## fieldToCheck: testautonumdata__Date__c
16:18:14.4 (27155066)|ENTERING_MANAGED_PKG|
16:18:14.4 (27982576)|HEAP_ALLOCATE|[174]|Bytes:8
16:18:14.4 (28000415)|STATEMENT_EXECUTE|[174]
16:18:14.4 (28003413)|STATEMENT_EXECUTE|[182]
16:18:14.4 (28010086)|HEAP_ALLOCATE|[182]|Bytes:59
16:18:14.4 (28025156)|ENTERING_MANAGED_PKG|
16:18:14.4 (28033484)|USER_DEBUG|[182]|DEBUG|######## User has access to field: testautonumdata__Date__c
16:18:14.4 (28049325)|HEAP_ALLOCATE|[171]|Bytes:5
16:18:14.4 (28062578)|VARIABLE_SCOPE_BEGIN|[171]|fieldToCheck|String|false|false
16:18:14.4 (28075765)|VARIABLE_ASSIGNMENT|[171]|fieldToCheck|"testautonumdata__Int (14 more) ..."
16:18:14.4 (28079095)|STATEMENT_EXECUTE|[171]
16:18:14.4 (28080396)|STATEMENT_EXECUTE|[172]
16:18:14.4 (28086654)|HEAP_ALLOCATE|[172]|Bytes:57
16:18:14.4 (28097598)|ENTERING_MANAGED_PKG|
16:18:14.4 (28103924)|USER_DEBUG|[172]|DEBUG|######## fieldToCheck: testautonumdata__Interview_Type__c
16:18:14.4 (28115485)|ENTERING_MANAGED_PKG|
16:18:14.4 (28297394)|HEAP_ALLOCATE|[174]|Bytes:8
16:18:14.4 (28314010)|STATEMENT_EXECUTE|[174]
16:18:14.4 (28315968)|STATEMENT_EXECUTE|[182]
16:18:14.4 (28321979)|HEAP_ALLOCATE|[182]|Bytes:69
16:18:14.4 (28333477)|ENTERING_MANAGED_PKG|
16:18:14.4 (28340650)|USER_DEBUG|[182]|DEBUG|######## User has access to field: testautonumdata__Interview_Type__c
16:18:14.4 (28355484)|HEAP_ALLOCATE|[171]|Bytes:5
16:18:14.4 (28368086)|VARIABLE_SCOPE_BEGIN|[171]|fieldToCheck|String|false|false
16:18:14.4 (28380903)|VARIABLE_ASSIGNMENT|[171]|fieldToCheck|"testautonumdata__Sta (6 more) ..."
16:18:14.4 (28383990)|STATEMENT_EXECUTE|[171]
16:18:14.4 (28385239)|STATEMENT_EXECUTE|[172]
16:18:14.4 (28391112)|HEAP_ALLOCATE|[172]|Bytes:49
16:18:14.4 (28402221)|ENTERING_MANAGED_PKG|
16:18:14.4 (28410862)|USER_DEBUG|[172]|DEBUG|######## fieldToCheck: testautonumdata__Status__c
16:18:14.4 (28424447)|ENTERING_MANAGED_PKG|
16:18:14.4 (28593340)|HEAP_ALLOCATE|[174]|Bytes:8
16:18:14.4 (28610540)|STATEMENT_EXECUTE|[174]
16:18:14.4 (28613537)|STATEMENT_EXECUTE|[182]
16:18:14.4 (28622763)|HEAP_ALLOCATE|[182]|Bytes:61
16:18:14.4 (28637425)|ENTERING_MANAGED_PKG|
16:18:14.4 (28645005)|USER_DEBUG|[182]|DEBUG|######## User has access to field: testautonumdata__Status__c
16:18:14.4 (28659578)|HEAP_ALLOCATE|[171]|Bytes:5
16:18:14.4 (28675710)|VARIABLE_ASSIGNMENT|[171]|fieldToCheck|null
16:18:14.4 (28686178)|HEAP_ALLOCATE|[164]|Bytes:5
16:18:14.4 (28697883)|VARIABLE_SCOPE_BEGIN|[164]|objectName|String|false|false
16:18:14.4 (28708324)|VARIABLE_ASSIGNMENT|[164]|objectName|"testautonumdata__Can (9 more) ..."
16:18:14.4 (28711489)|STATEMENT_EXECUTE|[165]
16:18:14.4 (28712657)|STATEMENT_EXECUTE|[166]
16:18:14.4 (28718745)|HEAP_ALLOCATE|[166]|Bytes:50
16:18:14.4 (28729521)|ENTERING_MANAGED_PKG|
16:18:14.4 (28735930)|USER_DEBUG|[166]|DEBUG|######## objectName: testautonumdata__Candidate__c
16:18:14.4 (28742089)|STATEMENT_EXECUTE|[167]
16:18:14.4 (28748209)|ENTERING_MANAGED_PKG|
16:18:14.4 (35006977)|HEAP_ALLOCATE|[167]|Bytes:1764
16:18:14.4 (35028909)|ENTERING_MANAGED_PKG|
16:18:14.4 (35077303)|HEAP_ALLOCATE|[167]|Bytes:4
16:18:14.4 (35087212)|VARIABLE_SCOPE_BEGIN|[167]|sObj|SObject|true|false
16:18:14.4 (35103453)|VARIABLE_ASSIGNMENT|[167]|sObj|{}|0x3752fc44
16:18:14.4 (35106897)|STATEMENT_EXECUTE|[168]
16:18:14.4 (35124826)|ENTERING_MANAGED_PKG|
16:18:14.4 (35274421)|HEAP_ALLOCATE|[168]|Bytes:4
16:18:14.4 (35818277)|HEAP_ALLOCATE|[168]|Bytes:136
16:18:14.4 (35829482)|VARIABLE_SCOPE_BEGIN|[168]|m|Map<String,Schema.SObjectField>|true|false
16:18:14.4 (36042960)|VARIABLE_ASSIGNMENT|[168]|m|"{createdbyid=CreatedById, createddate=CreatedDate, id=Id, isdeleted=IsDeleted, lastactivitydate=LastActivityDate, lastmodifiedbyid=LastModifiedById, lastmodifieddate=LastModifiedDate, lastreferenceddate=LastReferencedDate, lastvieweddate=LastViewedDate, name=Name, ...}"|0x7fc95c1
16:18:14.4 (36050605)|STATEMENT_EXECUTE|[169]
16:18:14.4 (36065245)|ENTERING_MANAGED_PKG|
16:18:14.4 (36079662)|VARIABLE_SCOPE_BEGIN|[169]|objectFieldSet|Set<String>|true|false
16:18:14.4 (36101052)|VARIABLE_ASSIGNMENT|[169]|objectFieldSet|{"s":1,"v":["testautonumdata__Ful (9 more) ..."]}|0x51bcd988
16:18:14.4 (36107726)|HEAP_ALLOCATE|[171]|Bytes:4
16:18:14.4 (36122531)|ENTERING_MANAGED_PKG|
16:18:14.4 (36135496)|ENTERING_MANAGED_PKG|
16:18:14.4 (36139648)|HEAP_ALLOCATE|[171]|Bytes:4
16:18:14.4 (36148310)|ENTERING_MANAGED_PKG|
16:18:14.4 (36161937)|HEAP_ALLOCATE|[171]|Bytes:5
16:18:14.4 (36176643)|VARIABLE_SCOPE_BEGIN|[171]|fieldToCheck|String|false|false
16:18:14.4 (36188525)|VARIABLE_ASSIGNMENT|[171]|fieldToCheck|"testautonumdata__Ful (9 more) ..."
16:18:14.4 (36191755)|STATEMENT_EXECUTE|[171]
16:18:14.4 (36193155)|STATEMENT_EXECUTE|[172]
16:18:14.4 (36200045)|HEAP_ALLOCATE|[172]|Bytes:52
16:18:14.4 (36212087)|ENTERING_MANAGED_PKG|
16:18:14.4 (36219339)|USER_DEBUG|[172]|DEBUG|######## fieldToCheck: testautonumdata__Full_Name__c
16:18:14.4 (36231214)|ENTERING_MANAGED_PKG|
16:18:14.4 (36817971)|HEAP_ALLOCATE|[174]|Bytes:8
16:18:14.4 (36836307)|STATEMENT_EXECUTE|[174]
16:18:14.4 (36838710)|STATEMENT_EXECUTE|[182]
16:18:14.4 (36845585)|HEAP_ALLOCATE|[182]|Bytes:64
16:18:14.4 (36858497)|ENTERING_MANAGED_PKG|
16:18:14.4 (36866240)|USER_DEBUG|[182]|DEBUG|######## User has access to field: testautonumdata__Full_Name__c
16:18:14.4 (36881688)|HEAP_ALLOCATE|[171]|Bytes:5
16:18:14.4 (36898368)|VARIABLE_ASSIGNMENT|[171]|fieldToCheck|null
16:18:14.4 (36908242)|HEAP_ALLOCATE|[164]|Bytes:5
16:18:14.4 (36920214)|VARIABLE_SCOPE_BEGIN|[164]|objectName|String|false|false
16:18:14.4 (36930866)|VARIABLE_ASSIGNMENT|[164]|objectName|"testautonumdata__Pos (8 more) ..."
16:18:14.4 (36934412)|STATEMENT_EXECUTE|[165]
16:18:14.4 (36936697)|STATEMENT_EXECUTE|[166]
16:18:14.4 (36944293)|HEAP_ALLOCATE|[166]|Bytes:49
16:18:14.4 (36956451)|ENTERING_MANAGED_PKG|
16:18:14.4 (36963175)|USER_DEBUG|[166]|DEBUG|######## objectName: testautonumdata__Position__c
16:18:14.4 (36969436)|STATEMENT_EXECUTE|[167]
16:18:14.4 (36975913)|ENTERING_MANAGED_PKG|
16:18:14.4 (43465732)|HEAP_ALLOCATE|[167]|Bytes:1764
16:18:14.4 (43492085)|ENTERING_MANAGED_PKG|
16:18:14.4 (43565835)|HEAP_ALLOCATE|[167]|Bytes:4
16:18:14.4 (43576415)|VARIABLE_SCOPE_BEGIN|[167]|sObj|SObject|true|false
16:18:14.4 (43593537)|VARIABLE_ASSIGNMENT|[167]|sObj|{}|0x1c2f706e
16:18:14.4 (43597041)|STATEMENT_EXECUTE|[168]
16:18:14.4 (43615192)|ENTERING_MANAGED_PKG|
16:18:14.4 (43759518)|HEAP_ALLOCATE|[168]|Bytes:4
16:18:14.4 (44090327)|HEAP_ALLOCATE|[168]|Bytes:64
16:18:14.4 (44102831)|VARIABLE_SCOPE_BEGIN|[168]|m|Map<String,Schema.SObjectField>|true|false
16:18:14.4 (44284835)|VARIABLE_ASSIGNMENT|[168]|m|"{createdbyid=CreatedById, createddate=CreatedDate, id=Id, isdeleted=IsDeleted, lastactivitydate=LastActivityDate, lastmodifiedbyid=LastModifiedById, lastmodifieddate=LastModifiedDate, lastreferenceddate=LastReferencedDate, lastvieweddate=LastViewedDate, name=Name, ...}"|0x74a350b3
16:18:14.4 (44291025)|STATEMENT_EXECUTE|[169]
16:18:14.4 (44305709)|ENTERING_MANAGED_PKG|
16:18:14.4 (44320323)|VARIABLE_SCOPE_BEGIN|[169]|objectFieldSet|Set<String>|true|false
16:18:14.4 (44340696)|VARIABLE_ASSIGNMENT|[169]|objectFieldSet|{"s":1,"v":["Name"]}|0x6b14db1a
16:18:14.4 (44347784)|HEAP_ALLOCATE|[171]|Bytes:4
16:18:14.4 (44361938)|ENTERING_MANAGED_PKG|
16:18:14.4 (44374975)|ENTERING_MANAGED_PKG|
16:18:14.4 (44379388)|HEAP_ALLOCATE|[171]|Bytes:4
16:18:14.4 (44387939)|ENTERING_MANAGED_PKG|
16:18:14.4 (44401762)|HEAP_ALLOCATE|[171]|Bytes:5
16:18:14.4 (44416334)|VARIABLE_SCOPE_BEGIN|[171]|fieldToCheck|String|false|false
16:18:14.4 (44426526)|VARIABLE_ASSIGNMENT|[171]|fieldToCheck|"Name"
16:18:14.4 (44429754)|STATEMENT_EXECUTE|[171]
16:18:14.4 (44431144)|STATEMENT_EXECUTE|[172]
16:18:14.4 (44438129)|HEAP_ALLOCATE|[172]|Bytes:27
16:18:14.4 (44450118)|ENTERING_MANAGED_PKG|
16:18:14.4 (44457278)|USER_DEBUG|[172]|DEBUG|######## fieldToCheck: Name
16:18:14.4 (44469596)|ENTERING_MANAGED_PKG|
16:18:14.4 (44662813)|HEAP_ALLOCATE|[174]|Bytes:8
16:18:14.4 (44680712)|STATEMENT_EXECUTE|[174]
16:18:14.4 (44682783)|STATEMENT_EXECUTE|[182]
16:18:14.4 (44689492)|HEAP_ALLOCATE|[182]|Bytes:39
16:18:14.4 (44702006)|ENTERING_MANAGED_PKG|
16:18:14.4 (44709509)|USER_DEBUG|[182]|DEBUG|######## User has access to field: Name
16:18:14.4 (44724492)|HEAP_ALLOCATE|[171]|Bytes:5
16:18:14.4 (44740745)|VARIABLE_ASSIGNMENT|[171]|fieldToCheck|null
16:18:14.4 (44750885)|HEAP_ALLOCATE|[164]|Bytes:5
16:18:14.4 (44762473)|VARIABLE_ASSIGNMENT|[164]|objectName|null
16:18:14.4 (44765865)|STATEMENT_EXECUTE|[190]
16:18:14.4 (44797914)|ENTERING_MANAGED_PKG|
16:18:14.4 (44825813)|HEAP_ALLOCATE|[190]|Bytes:4
16:18:14.4 (45430254)|SOQL_EXECUTE_BEGIN|[190]|Aggregations:0|Select id, testautonumdata__Candidate__c, testautonumdata__Candidate__r.testautonumdata__Full_Name__c, testautonumdata__Candidate__r.testautonumdata__Position__r.Name, testautonumdata__Date__c, testautonumdata__Interview_Type__c FROM testautonumdata__Interview__c where testautonumdata__Status__c = 'Pending' order by testautonumdata__Interview_Type__c asc limit 8
16:18:14.4 (79561494)|SOQL_EXECUTE_END|[190]|Rows:2
16:18:14.4 (79595211)|HEAP_ALLOCATE|[190]|Bytes:12
16:18:14.4 (79627521)|HEAP_ALLOCATE|[190]|Bytes:840
16:18:14.4 (79691586)|HEAP_ALLOCATE|[190]|Bytes:12
16:18:14.4 (79708387)|VARIABLE_SCOPE_BEGIN|[190]|lstQueriedRecords|List<SObject>|true|false
16:18:14.4 (79767576)|VARIABLE_ASSIGNMENT|[190]|lstQueriedRecords|{"s":1,"v":[{"s":2,"v":{"Id":"a0NB0000000RasPMAS","testautonumdata__Can (9 more) ...":"a0MB0000000cQdIMAU","testautonumdata__Dat (4 more) ...":"10/26/2016","testautonumdata__Int (14 more) ...":"Recruiter Interview","testautonumdata__Can (9 more) ...":{"s":3,"v":{"testautonumdata__Ful (9 more) ...":"Lizz Brooks","testautonumdata__Pos (8 more) ...":"a0LB0000000sexWMAQ","Id":"a0MB0000000cQdIMAU","testautonumdata__Pos (8 more) ...":{"s":4,"v":{"Name":"Project Coordinator","Id":"a0LB0000000sexWMAQ"}}}}}},{"s":5,"v":{"Id":"a0NB0000000TaTOMA0","testautonumdata__Can (9 more) ...":"a0MB0000000cQXFMA2","testautonumdata__Dat (4 more) ...":"11/9/2016","testautonumdata__Int (14 more) ...":"Technical Interview","testautonumdata__Can (9 more) ...":{"s":6,"v":{"testautonumdata__Ful (9 more) ...":"Rodrigo Reboucas","testautonumdata__Pos (8 more) ...":"a0LB0000000seqpMAA","Id":"a0MB0000000cQXFMA2","testautonumdata__Pos (8 more) ...":{"s":7,"v":{"Name":"Architect - Force.co (1 more) ...","Id":"a0LB0000000seqpMAA"}}}}}}]}|0x2fda5cf
16:18:14.4 (79777843)|STATEMENT_EXECUTE|[192]
16:18:14.4 (79783105)|HEAP_ALLOCATE|[192]|Bytes:28
16:18:14.4 (79809272)|ENTERING_MANAGED_PKG|
16:18:14.4 (79917245)|HEAP_ALLOCATE|[192]|Bytes:395
16:18:14.4 (79936780)|HEAP_ALLOCATE|[192]|Bytes:423
16:18:14.4 (79950819)|ENTERING_MANAGED_PKG|
16:18:14.4 (79958641)|USER_DEBUG|[192]|DEBUG|######## lstQueriedRecords: (testautonumdata__Interview__c:{Id=a0NB0000000RasPMAS, testautonumdata__Candidate__c=a0MB0000000cQdIMAU, testautonumdata__Date__c=10/26/2016, testautonumdata__Interview_Type__c=Recruiter Interview}, testautonumdata__Interview__c:{Id=a0NB0000000TaTOMA0, testautonumdata__Candidate__c=a0MB0000000cQXFMA2, testautonumdata__Date__c=11/9/2016, testautonumdata__Interview_Type__c=Technical Interview})
16:18:14.4 (80047636)|ENTERING_MANAGED_PKG|
16:18:14.4 (80212649)|HEAP_ALLOCATE|[196]|Bytes:5
16:18:14.4 (80250996)|HEAP_ALLOCATE|[196]|Bytes:24
16:18:14.4 (80270187)|VARIABLE_SCOPE_BEGIN|[196]|e|SObject|true|false
16:18:14.4 (80300819)|VARIABLE_ASSIGNMENT|[196]|e|{"s":1,"v":{"Id":"a0NB0000000RasPMAS","testautonumdata__Can (9 more) ...":"a0MB0000000cQdIMAU","testautonumdata__Dat (4 more) ...":"10/26/2016","testautonumdata__Int (14 more) ...":"Recruiter Interview","testautonumdata__Can (9 more) ...":{"s":2,"v":{"testautonumdata__Ful (9 more) ...":"Lizz Brooks","testautonumdata__Pos (8 more) ...":"a0LB0000000sexWMAQ","Id":"a0MB0000000cQdIMAU","testautonumdata__Pos (8 more) ...":{"s":3,"v":{"Name":"Project Coordinator","Id":"a0LB0000000sexWMAQ"}}}}}}|0x53ff9119
16:18:14.4 (80307134)|STATEMENT_EXECUTE|[197]
16:18:14.4 (80308654)|STATEMENT_EXECUTE|[198]
16:18:14.4 (80313339)|HEAP_ALLOCATE|[198]|Bytes:12
16:18:14.4 (80332674)|ENTERING_MANAGED_PKG|
16:18:14.4 (80398059)|HEAP_ALLOCATE|[198]|Bytes:196
16:18:14.4 (80415976)|HEAP_ALLOCATE|[198]|Bytes:208
16:18:14.4 (80428739)|ENTERING_MANAGED_PKG|
16:18:14.4 (80436500)|USER_DEBUG|[198]|DEBUG|######## e: testautonumdata__Interview__c:{Id=a0NB0000000RasPMAS, testautonumdata__Candidate__c=a0MB0000000cQdIMAU, testautonumdata__Date__c=10/26/2016, testautonumdata__Interview_Type__c=Recruiter Interview}
16:18:14.4 (80444744)|STATEMENT_EXECUTE|[199]
16:18:14.4 (80453581)|HEAP_ALLOCATE|[199]|Bytes:28
16:18:14.4 (80474569)|CONSTRUCTOR_ENTRY|[199]|01pB0000000lA1s|<init>()
16:18:14.4 (80501221)|VARIABLE_SCOPE_BEGIN|[1]|this|testautonumdata.InterviewsLCServerController|true|false
16:18:14.4 (80546108)|VARIABLE_ASSIGNMENT|[1]|this|{}|0x2b302e4c
16:18:14.4 (80555802)|HEAP_ALLOCATE|[EXTERNAL]|Bytes:5
16:18:14.4 (80570483)|HEAP_ALLOCATE|[EXTERNAL]|Bytes:6
16:18:14.4 (80615257)|STATEMENT_EXECUTE|[1]
16:18:14.4 (80620406)|HEAP_ALLOCATE|[EXTERNAL]|Bytes:5
16:18:14.4 (80623124)|STATEMENT_EXECUTE|[6]
16:18:14.4 (80625042)|STATEMENT_EXECUTE|[8]
16:18:14.4 (80626197)|STATEMENT_EXECUTE|[10]
16:18:14.4 (80627462)|STATEMENT_EXECUTE|[12]
16:18:14.4 (80628449)|STATEMENT_EXECUTE|[14]
16:18:14.4 (80629372)|STATEMENT_EXECUTE|[16]
16:18:14.4 (80640374)|CONSTRUCTOR_EXIT|[199]|01pB0000000lA1s|<init>()
16:18:14.4 (80645389)|VARIABLE_SCOPE_BEGIN|[199]|i|testautonumdata.InterviewsLCServerController|true|false
16:18:14.4 (80669544)|VARIABLE_ASSIGNMENT|[199]|i|{}|0x2b302e4c
16:18:14.4 (80672688)|STATEMENT_EXECUTE|[202]
16:18:14.4 (80677183)|HEAP_ALLOCATE|[202]|Bytes:2
16:18:14.4 (80702788)|ENTERING_MANAGED_PKG|
16:18:14.4 (80758287)|HEAP_ALLOCATE|[202]|Bytes:4
16:18:14.4 (80780353)|ENTERING_MANAGED_PKG|
16:18:14.4 (80785137)|HEAP_ALLOCATE|[202]|Bytes:18
16:18:14.4 (80826115)|VARIABLE_ASSIGNMENT|[EXTERNAL]|this|{}|0x2b302e4c
16:18:14.4 (80835632)|VARIABLE_ASSIGNMENT|[EXTERNAL]|value|"a0NB0000000RasPMAS"
16:18:14.4 (80851527)|VARIABLE_ASSIGNMENT|[6]|this.recordID|"a0NB0000000RasPMAS"|0x2b302e4c
16:18:14.4 (80860246)|STATEMENT_EXECUTE|[204]
16:18:14.4 (80861851)|STATEMENT_EXECUTE|[205]
16:18:14.4 (80874425)|METHOD_ENTRY|[205]|01pB0000000lA1s|testautonumdata.InterviewsLCServerController.GetSobjectField(SObject, String)
16:18:14.4 (80894661)|VARIABLE_SCOPE_BEGIN|[241]|e|SObject|true|false
16:18:14.4 (80922189)|VARIABLE_ASSIGNMENT|[241]|e|{"s":1,"v":{"Id":"a0NB0000000RasPMAS","testautonumdata__Can (9 more) ...":"a0MB0000000cQdIMAU","testautonumdata__Dat (4 more) ...":"10/26/2016","testautonumdata__Int (14 more) ...":"Recruiter Interview","testautonumdata__Can (9 more) ...":{"s":2,"v":{"testautonumdata__Ful (9 more) ...":"Lizz Brooks","testautonumdata__Pos (8 more) ...":"a0LB0000000sexWMAQ","Id":"a0MB0000000cQdIMAU","testautonumdata__Pos (8 more) ...":{"s":3,"v":{"Name":"Project Coordinator","Id":"a0LB0000000sexWMAQ"}}}}}}|0x53ff9119
16:18:14.4 (80927538)|VARIABLE_SCOPE_BEGIN|[241]|lcfield|String|false|false
16:18:14.4 (80934156)|VARIABLE_ASSIGNMENT|[241]|lcfield|"testautonumdata__Can (9 more) ..."
16:18:14.4 (80943968)|HEAP_ALLOCATE|[244]|Bytes:5
16:18:14.4 (80948114)|STATEMENT_EXECUTE|[242]
16:18:14.4 (80949354)|STATEMENT_EXECUTE|[244]
16:18:14.4 (80954288)|VARIABLE_SCOPE_BEGIN|[244]|returnValue|String|false|false
16:18:14.4 (80961229)|VARIABLE_ASSIGNMENT|[244]|returnValue|""
16:18:14.4 (80980623)|ENTERING_MANAGED_PKG|
16:18:14.4 (81012696)|STATEMENT_EXECUTE|[261]
16:18:14.4 (81027387)|ENTERING_MANAGED_PKG|
16:18:14.4 (81074467)|HEAP_ALLOCATE|[261]|Bytes:4
16:18:14.4 (81096011)|ENTERING_MANAGED_PKG|
16:18:14.4 (81100308)|HEAP_ALLOCATE|[261]|Bytes:18
16:18:14.4 (81116733)|VARIABLE_ASSIGNMENT|[261]|returnValue|"a0MB0000000cQdIMAU"
16:18:14.4 (81120163)|STATEMENT_EXECUTE|[263]
16:18:14.4 (81130470)|METHOD_EXIT|[205]|01pB0000000lA1s|testautonumdata.InterviewsLCServerController.GetSobjectField(SObject, String)
16:18:14.4 (81166167)|VARIABLE_ASSIGNMENT|[EXTERNAL]|this|{"recordID":"a0NB0000000RasPMAS"}|0x2b302e4c
16:18:14.4 (81174153)|VARIABLE_ASSIGNMENT|[EXTERNAL]|value|"a0MB0000000cQdIMAU"
16:18:14.4 (81184484)|VARIABLE_ASSIGNMENT|[8]|this.eventField|"a0MB0000000cQdIMAU"|0x2b302e4c
16:18:14.4 (81197514)|STATEMENT_EXECUTE|[208]
16:18:14.4 (81199280)|STATEMENT_EXECUTE|[209]
16:18:14.4 (81206279)|METHOD_ENTRY|[209]|01pB0000000lA1s|testautonumdata.InterviewsLCServerController.GetSobjectField(SObject, String)
16:18:14.4 (81224744)|VARIABLE_SCOPE_BEGIN|[241]|e|SObject|true|false
16:18:14.4 (81250641)|VARIABLE_ASSIGNMENT|[241]|e|{"s":1,"v":{"Id":"a0NB0000000RasPMAS","testautonumdata__Can (9 more) ...":"a0MB0000000cQdIMAU","testautonumdata__Dat (4 more) ...":"10/26/2016","testautonumdata__Int (14 more) ...":"Recruiter Interview","testautonumdata__Can (9 more) ...":{"s":2,"v":{"testautonumdata__Ful (9 more) ...":"Lizz Brooks","testautonumdata__Pos (8 more) ...":"a0LB0000000sexWMAQ","Id":"a0MB0000000cQdIMAU","testautonumdata__Pos (8 more) ...":{"s":3,"v":{"Name":"Project Coordinator","Id":"a0LB0000000sexWMAQ"}}}}}}|0x53ff9119
16:18:14.4 (81256225)|VARIABLE_SCOPE_BEGIN|[241]|lcfield|String|false|false
16:18:14.4 (81262506)|VARIABLE_ASSIGNMENT|[241]|lcfield|"testautonumdata__Can (39 more) ..."
16:18:14.4 (81270797)|HEAP_ALLOCATE|[244]|Bytes:5
16:18:14.4 (81274604)|STATEMENT_EXECUTE|[242]
16:18:14.4 (81275759)|STATEMENT_EXECUTE|[244]
16:18:14.4 (81279432)|VARIABLE_SCOPE_BEGIN|[244]|returnValue|String|false|false
16:18:14.4 (81285522)|VARIABLE_ASSIGNMENT|[244]|returnValue|""
16:18:14.4 (81302561)|ENTERING_MANAGED_PKG|
16:18:14.4 (81312065)|STATEMENT_EXECUTE|[247]
16:18:14.4 (81313993)|STATEMENT_EXECUTE|[248]
16:18:14.4 (81324042)|ENTERING_MANAGED_PKG|
16:18:14.4 (81347260)|HEAP_ALLOCATE|[248]|Bytes:29
16:18:14.4 (81358919)|VARIABLE_SCOPE_BEGIN|[248]|relName|String|false|false
16:18:14.4 (81370272)|VARIABLE_ASSIGNMENT|[248]|relName|"testautonumdata__Can (9 more) ..."
16:18:14.4 (81373259)|STATEMENT_EXECUTE|[249]
16:18:14.4 (81388311)|ENTERING_MANAGED_PKG|
16:18:14.4 (81408986)|HEAP_ALLOCATE|[249]|Bytes:29
16:18:14.4 (81420264)|VARIABLE_SCOPE_BEGIN|[249]|relField|String|false|false
16:18:14.4 (81431486)|VARIABLE_ASSIGNMENT|[249]|relField|"testautonumdata__Ful (9 more) ..."
16:18:14.4 (81445912)|ENTERING_MANAGED_PKG|
16:18:14.4 (81472727)|STATEMENT_EXECUTE|[257]
16:18:14.4 (81490360)|ENTERING_MANAGED_PKG|
16:18:14.4 (81550890)|HEAP_ALLOCATE|[257]|Bytes:20
16:18:14.4 (81573670)|ENTERING_MANAGED_PKG|
16:18:14.4 (81599546)|HEAP_ALLOCATE|[257]|Bytes:11
16:18:14.4 (81618789)|ENTERING_MANAGED_PKG|
16:18:14.4 (81622976)|HEAP_ALLOCATE|[257]|Bytes:11
16:18:14.4 (81638815)|VARIABLE_ASSIGNMENT|[257]|returnValue|"Lizz Brooks"
16:18:14.4 (81642478)|STATEMENT_EXECUTE|[263]
16:18:14.4 (81651933)|METHOD_EXIT|[209]|01pB0000000lA1s|testautonumdata.InterviewsLCServerController.GetSobjectField(SObject, String)
16:18:14.4 (81689368)|VARIABLE_ASSIGNMENT|[EXTERNAL]|this|{"eventField":"a0MB0000000cQdIMAU","recordID":"a0NB0000000RasPMAS"}|0x2b302e4c
16:18:14.4 (81697361)|VARIABLE_ASSIGNMENT|[EXTERNAL]|value|"Lizz Brooks"
16:18:14.4 (81707394)|VARIABLE_ASSIGNMENT|[10]|this.column1|"Lizz Brooks"|0x2b302e4c
16:18:14.4 (81715559)|STATEMENT_EXECUTE|[212]
16:18:14.4 (81717143)|STATEMENT_EXECUTE|[213]
16:18:14.4 (81723670)|METHOD_ENTRY|[213]|01pB0000000lA1s|testautonumdata.InterviewsLCServerController.GetSobjectField(SObject, String)
16:18:14.4 (81741304)|VARIABLE_SCOPE_BEGIN|[241]|e|SObject|true|false
16:18:14.4 (81766505)|VARIABLE_ASSIGNMENT|[241]|e|{"s":1,"v":{"Id":"a0NB0000000RasPMAS","testautonumdata__Can (9 more) ...":"a0MB0000000cQdIMAU","testautonumdata__Dat (4 more) ...":"10/26/2016","testautonumdata__Int (14 more) ...":"Recruiter Interview","testautonumdata__Can (9 more) ...":{"s":2,"v":{"testautonumdata__Ful (9 more) ...":"Lizz Brooks","testautonumdata__Pos (8 more) ...":"a0LB0000000sexWMAQ","Id":"a0MB0000000cQdIMAU","testautonumdata__Pos (8 more) ...":{"s":3,"v":{"Name":"Project Coordinator","Id":"a0LB0000000sexWMAQ"}}}}}}|0x53ff9119
16:18:14.4 (81772052)|VARIABLE_SCOPE_BEGIN|[241]|lcfield|String|false|false
16:18:14.4 (81778393)|VARIABLE_ASSIGNMENT|[241]|lcfield|"testautonumdata__Can (43 more) ..."
16:18:14.4 (81786596)|HEAP_ALLOCATE|[244]|Bytes:5
16:18:14.4 (81790502)|STATEMENT_EXECUTE|[242]
16:18:14.4 (81791603)|STATEMENT_EXECUTE|[244]
16:18:14.4 (81794953)|VARIABLE_SCOPE_BEGIN|[244]|returnValue|String|false|false
16:18:14.4 (81801064)|VARIABLE_ASSIGNMENT|[244]|returnValue|""
16:18:14.4 (81817637)|ENTERING_MANAGED_PKG|
16:18:14.4 (81827153)|STATEMENT_EXECUTE|[247]
16:18:14.4 (81828675)|STATEMENT_EXECUTE|[248]
16:18:14.4 (81837142)|ENTERING_MANAGED_PKG|
16:18:14.4 (81841060)|HEAP_ALLOCATE|[248]|Bytes:29
16:18:14.4 (81849136)|VARIABLE_SCOPE_BEGIN|[248]|relName|String|false|false
16:18:14.4 (81858491)|VARIABLE_ASSIGNMENT|[248]|relName|"testautonumdata__Can (9 more) ..."
16:18:14.4 (81861021)|STATEMENT_EXECUTE|[249]
16:18:14.4 (81872215)|ENTERING_MANAGED_PKG|
16:18:14.4 (81875920)|HEAP_ALLOCATE|[249]|Bytes:33
16:18:14.4 (81884051)|VARIABLE_SCOPE_BEGIN|[249]|relField|String|false|false
16:18:14.4 (81893026)|VARIABLE_ASSIGNMENT|[249]|relField|"testautonumdata__Pos (13 more) ..."
16:18:14.4 (81904065)|ENTERING_MANAGED_PKG|
16:18:14.4 (81912067)|STATEMENT_EXECUTE|[251]
16:18:14.4 (81913561)|STATEMENT_EXECUTE|[252]
16:18:14.4 (81922522)|ENTERING_MANAGED_PKG|
16:18:14.4 (81943493)|HEAP_ALLOCATE|[252]|Bytes:28
16:18:14.4 (81954725)|VARIABLE_SCOPE_BEGIN|[252]|relName2|String|false|false
16:18:14.4 (81965439)|VARIABLE_ASSIGNMENT|[252]|relName2|"testautonumdata__Pos (8 more) ..."
16:18:14.4 (81968161)|STATEMENT_EXECUTE|[253]
16:18:14.4 (81982065)|ENTERING_MANAGED_PKG|
16:18:14.4 (82002132)|HEAP_ALLOCATE|[253]|Bytes:4
16:18:14.4 (82014287)|VARIABLE_SCOPE_BEGIN|[253]|relField2|String|false|false
16:18:14.4 (82024267)|VARIABLE_ASSIGNMENT|[253]|relField2|"Name"
16:18:14.4 (82026962)|STATEMENT_EXECUTE|[254]
16:18:14.4 (82041262)|ENTERING_MANAGED_PKG|
16:18:14.4 (82089645)|HEAP_ALLOCATE|[254]|Bytes:20
16:18:14.4 (82111770)|ENTERING_MANAGED_PKG|
16:18:14.4 (82146908)|HEAP_ALLOCATE|[254]|Bytes:12
16:18:14.4 (82176262)|ENTERING_MANAGED_PKG|
16:18:14.4 (82207338)|HEAP_ALLOCATE|[254]|Bytes:19
16:18:14.4 (82227700)|ENTERING_MANAGED_PKG|
16:18:14.4 (82231813)|HEAP_ALLOCATE|[254]|Bytes:19
16:18:14.4 (82248184)|VARIABLE_ASSIGNMENT|[254]|returnValue|"Project Coordinator"
16:18:14.4 (82251887)|STATEMENT_EXECUTE|[263]
16:18:14.4 (82261025)|METHOD_EXIT|[213]|01pB0000000lA1s|testautonumdata.InterviewsLCServerController.GetSobjectField(SObject, String)
16:18:14.4 (82299201)|VARIABLE_ASSIGNMENT|[EXTERNAL]|this|{"column1":"Lizz Brooks","eventField":"a0MB0000000cQdIMAU","recordID":"a0NB0000000RasPMAS"}|0x2b302e4c
16:18:14.4 (82307569)|VARIABLE_ASSIGNMENT|[EXTERNAL]|value|"Project Coordinator"
16:18:14.4 (82317932)|VARIABLE_ASSIGNMENT|[12]|this.column2|"Project Coordinator"|0x2b302e4c
16:18:14.4 (82326153)|STATEMENT_EXECUTE|[217]
16:18:14.4 (82327741)|STATEMENT_EXECUTE|[218]
16:18:14.4 (82334340)|METHOD_ENTRY|[218]|01pB0000000lA1s|testautonumdata.InterviewsLCServerController.GetSobjectField(SObject, String)
16:18:14.4 (82352695)|VARIABLE_SCOPE_BEGIN|[241]|e|SObject|true|false
16:18:14.4 (82378058)|VARIABLE_ASSIGNMENT|[241]|e|{"s":1,"v":{"Id":"a0NB0000000RasPMAS","testautonumdata__Can (9 more) ...":"a0MB0000000cQdIMAU","testautonumdata__Dat (4 more) ...":"10/26/2016","testautonumdata__Int (14 more) ...":"Recruiter Interview","testautonumdata__Can (9 more) ...":{"s":2,"v":{"testautonumdata__Ful (9 more) ...":"Lizz Brooks","testautonumdata__Pos (8 more) ...":"a0LB0000000sexWMAQ","Id":"a0MB0000000cQdIMAU","testautonumdata__Pos (8 more) ...":{"s":3,"v":{"Name":"Project Coordinator","Id":"a0LB0000000sexWMAQ"}}}}}}|0x53ff9119
16:18:14.4 (82383241)|VARIABLE_SCOPE_BEGIN|[241]|lcfield|String|false|false
16:18:14.4 (82389192)|VARIABLE_ASSIGNMENT|[241]|lcfield|"testautonumdata__Dat (4 more) ..."
16:18:14.4 (82397467)|HEAP_ALLOCATE|[244]|Bytes:5
16:18:14.4 (82401271)|STATEMENT_EXECUTE|[242]
16:18:14.4 (82402418)|STATEMENT_EXECUTE|[244]
16:18:14.4 (82405706)|VARIABLE_SCOPE_BEGIN|[244]|returnValue|String|false|false
16:18:14.4 (82411933)|VARIABLE_ASSIGNMENT|[244]|returnValue|""
16:18:14.4 (82428352)|ENTERING_MANAGED_PKG|
16:18:14.4 (82437553)|STATEMENT_EXECUTE|[261]
16:18:14.4 (82446593)|ENTERING_MANAGED_PKG|
16:18:14.4 (82467980)|HEAP_ALLOCATE|[261]|Bytes:10
16:18:14.4 (82485743)|ENTERING_MANAGED_PKG|
16:18:14.4 (82489617)|HEAP_ALLOCATE|[261]|Bytes:10
16:18:14.4 (82504096)|VARIABLE_ASSIGNMENT|[261]|returnValue|"10/26/2016"
16:18:14.4 (82506975)|STATEMENT_EXECUTE|[263]
16:18:14.4 (82515553)|METHOD_EXIT|[218]|01pB0000000lA1s|testautonumdata.InterviewsLCServerController.GetSobjectField(SObject, String)
16:18:14.4 (82553208)|VARIABLE_ASSIGNMENT|[EXTERNAL]|this|{"column1":"Lizz Brooks","column2":"Project Coordinator","eventField":"a0MB0000000cQdIMAU","recordID":"a0NB0000000RasPMAS"}|0x2b302e4c
16:18:14.4 (82561304)|VARIABLE_ASSIGNMENT|[EXTERNAL]|value|"10/26/2016"
16:18:14.4 (82571188)|VARIABLE_ASSIGNMENT|[14]|this.column3|"10/26/2016"|0x2b302e4c
16:18:14.4 (82579337)|STATEMENT_EXECUTE|[222]
16:18:14.4 (82580912)|STATEMENT_EXECUTE|[223]
16:18:14.4 (82587348)|METHOD_ENTRY|[223]|01pB0000000lA1s|testautonumdata.InterviewsLCServerController.GetSobjectField(SObject, String)
16:18:14.4 (82604389)|VARIABLE_SCOPE_BEGIN|[241]|e|SObject|true|false
16:18:14.4 (82629306)|VARIABLE_ASSIGNMENT|[241]|e|{"s":1,"v":{"Id":"a0NB0000000RasPMAS","testautonumdata__Can (9 more) ...":"a0MB0000000cQdIMAU","testautonumdata__Dat (4 more) ...":"10/26/2016","testautonumdata__Int (14 more) ...":"Recruiter Interview","testautonumdata__Can (9 more) ...":{"s":2,"v":{"testautonumdata__Ful (9 more) ...":"Lizz Brooks","testautonumdata__Pos (8 more) ...":"a0LB0000000sexWMAQ","Id":"a0MB0000000cQdIMAU","testautonumdata__Pos (8 more) ...":{"s":3,"v":{"Name":"Project Coordinator","Id":"a0LB0000000sexWMAQ"}}}}}}|0x53ff9119
16:18:14.4 (82634351)|VARIABLE_SCOPE_BEGIN|[241]|lcfield|String|false|false
16:18:14.4 (82640632)|VARIABLE_ASSIGNMENT|[241]|lcfield|"testautonumdata__Int (14 more) ..."
16:18:14.4 (82648596)|HEAP_ALLOCATE|[244]|Bytes:5
16:18:14.4 (82652320)|STATEMENT_EXECUTE|[242]
16:18:14.4 (82653440)|STATEMENT_EXECUTE|[244]
16:18:14.4 (82656646)|VARIABLE_SCOPE_BEGIN|[244]|returnValue|String|false|false
16:18:14.4 (82662863)|VARIABLE_ASSIGNMENT|[244]|returnValue|""
16:18:14.4 (82679107)|ENTERING_MANAGED_PKG|
16:18:14.4 (82688264)|STATEMENT_EXECUTE|[261]
16:18:14.4 (82697280)|ENTERING_MANAGED_PKG|
16:18:14.4 (82718197)|HEAP_ALLOCATE|[261]|Bytes:19
16:18:14.4 (82735466)|ENTERING_MANAGED_PKG|
16:18:14.4 (82739234)|HEAP_ALLOCATE|[261]|Bytes:19
16:18:14.4 (82753918)|VARIABLE_ASSIGNMENT|[261]|returnValue|"Recruiter Interview"
16:18:14.4 (82757129)|STATEMENT_EXECUTE|[263]
16:18:14.4 (82765757)|METHOD_EXIT|[223]|01pB0000000lA1s|testautonumdata.InterviewsLCServerController.GetSobjectField(SObject, String)
16:18:14.4 (82803520)|VARIABLE_ASSIGNMENT|[EXTERNAL]|this|{"column1":"Lizz Brooks","column2":"Project Coordinator","column3":"10/26/2016","eventField":"a0MB0000000cQdIMAU","recordID":"a0NB0000000RasPMAS"}|0x2b302e4c
16:18:14.4 (82811554)|VARIABLE_ASSIGNMENT|[EXTERNAL]|value|"Recruiter Interview"
16:18:14.4 (82821546)|VARIABLE_ASSIGNMENT|[16]|this.column4|"Recruiter Interview"|0x2b302e4c
16:18:14.4 (82828994)|STATEMENT_EXECUTE|[227]
16:18:14.4 (82845234)|ENTERING_MANAGED_PKG|
16:18:14.4 (82876992)|HEAP_ALLOCATE|[EXTERNAL]|Bytes:4
16:18:14.4 (82886415)|STATEMENT_EXECUTE|[229]
16:18:14.4 (82890836)|HEAP_ALLOCATE|[229]|Bytes:12
16:18:14.4 (82907274)|ENTERING_MANAGED_PKG|
16:18:14.4 (82984473)|HEAP_ALLOCATE|[229]|Bytes:464
16:18:14.4 (83002118)|HEAP_ALLOCATE|[229]|Bytes:476
16:18:14.4 (83016916)|ENTERING_MANAGED_PKG|
16:18:14.4 (83024863)|USER_DEBUG|[229]|DEBUG|######## i: InterviewsLCServerController:[column1=Lizz Brooks, column2=Project Coordinator, column3=10/26/2016, column4=Recruiter Interview, eventField=a0MB0000000cQdIMAU, mapObjectsFields={testautonumdata__Candidate__c={testautonumdata__Full_Name__c}, testautonumdata__Interview__c={Id, testautonumdata__Candidate__c, testautonumdata__Date__c, testautonumdata__Interview_Type__c, testautonumdata__Status__c}, testautonumdata__Position__c={Name}}, recordID=a0NB0000000RasPMAS]
16:18:14.4 (83042710)|HEAP_ALLOCATE|[196]|Bytes:5
16:18:14.4 (83069683)|HEAP_ALLOCATE|[196]|Bytes:24
16:18:14.4 (83081157)|VARIABLE_SCOPE_BEGIN|[196]|e|SObject|true|false
16:18:14.4 (83110574)|VARIABLE_ASSIGNMENT|[196]|e|{"s":1,"v":{"Id":"a0NB0000000TaTOMA0","testautonumdata__Can (9 more) ...":"a0MB0000000cQXFMA2","testautonumdata__Dat (4 more) ...":"11/9/2016","testautonumdata__Int (14 more) ...":"Technical Interview","testautonumdata__Can (9 more) ...":{"s":2,"v":{"testautonumdata__Ful (9 more) ...":"Rodrigo Reboucas","testautonumdata__Pos (8 more) ...":"a0LB0000000seqpMAA","Id":"a0MB0000000cQXFMA2","testautonumdata__Pos (8 more) ...":{"s":3,"v":{"Name":"Architect - Force.co (1 more) ...","Id":"a0LB0000000seqpMAA"}}}}}}|0x294d3d27
16:18:14.4 (83116565)|STATEMENT_EXECUTE|[197]
16:18:14.4 (83118047)|STATEMENT_EXECUTE|[198]
16:18:14.4 (83133880)|ENTERING_MANAGED_PKG|
16:18:14.4 (83173879)|HEAP_ALLOCATE|[198]|Bytes:195
16:18:14.4 (83189234)|HEAP_ALLOCATE|[198]|Bytes:207
16:18:14.4 (83203738)|ENTERING_MANAGED_PKG|
16:18:14.4 (83211247)|USER_DEBUG|[198]|DEBUG|######## e: testautonumdata__Interview__c:{Id=a0NB0000000TaTOMA0, testautonumdata__Candidate__c=a0MB0000000cQXFMA2, testautonumdata__Date__c=11/9/2016, testautonumdata__Interview_Type__c=Technical Interview}
16:18:14.4 (83219441)|STATEMENT_EXECUTE|[199]
16:18:14.4 (83224689)|HEAP_ALLOCATE|[199]|Bytes:28
16:18:14.4 (83235201)|CONSTRUCTOR_ENTRY|[199]|01pB0000000lA1s|<init>()
16:18:14.4 (83239745)|VARIABLE_SCOPE_BEGIN|[1]|this|testautonumdata.InterviewsLCServerController|true|false
16:18:14.4 (83264478)|VARIABLE_ASSIGNMENT|[1]|this|{}|0x62f8b32a
16:18:14.4 (83272186)|HEAP_ALLOCATE|[EXTERNAL]|Bytes:5
16:18:14.4 (83287306)|STATEMENT_EXECUTE|[1]
16:18:14.4 (83291738)|HEAP_ALLOCATE|[EXTERNAL]|Bytes:5
16:18:14.4 (83293777)|STATEMENT_EXECUTE|[6]
16:18:14.4 (83295168)|STATEMENT_EXECUTE|[8]
16:18:14.4 (83296103)|STATEMENT_EXECUTE|[10]
16:18:14.4 (83297185)|STATEMENT_EXECUTE|[12]
16:18:14.4 (83298085)|STATEMENT_EXECUTE|[14]
16:18:14.4 (83298968)|STATEMENT_EXECUTE|[16]
16:18:14.4 (83308964)|CONSTRUCTOR_EXIT|[199]|01pB0000000lA1s|<init>()
16:18:14.4 (83313411)|VARIABLE_SCOPE_BEGIN|[199]|i|testautonumdata.InterviewsLCServerController|true|false
16:18:14.4 (83335093)|VARIABLE_ASSIGNMENT|[199]|i|{}|0x62f8b32a
16:18:14.4 (83337846)|STATEMENT_EXECUTE|[202]
16:18:14.4 (83355168)|ENTERING_MANAGED_PKG|
16:18:14.4 (83376299)|HEAP_ALLOCATE|[202]|Bytes:4
16:18:14.4 (83395230)|ENTERING_MANAGED_PKG|
16:18:14.4 (83399190)|HEAP_ALLOCATE|[202]|Bytes:18
16:18:14.4 (83432030)|VARIABLE_ASSIGNMENT|[EXTERNAL]|this|{}|0x62f8b32a
16:18:14.4 (83440057)|VARIABLE_ASSIGNMENT|[EXTERNAL]|value|"a0NB0000000TaTOMA0"
16:18:14.4 (83450249)|VARIABLE_ASSIGNMENT|[6]|this.recordID|"a0NB0000000TaTOMA0"|0x62f8b32a
16:18:14.4 (83457953)|STATEMENT_EXECUTE|[204]
16:18:14.4 (83459803)|STATEMENT_EXECUTE|[205]
16:18:14.4 (83465947)|METHOD_ENTRY|[205]|01pB0000000lA1s|testautonumdata.InterviewsLCServerController.GetSobjectField(SObject, String)
16:18:14.4 (83470272)|VARIABLE_SCOPE_BEGIN|[241]|e|SObject|true|false
16:18:14.4 (83495782)|VARIABLE_ASSIGNMENT|[241]|e|{"s":1,"v":{"Id":"a0NB0000000TaTOMA0","testautonumdata__Can (9 more) ...":"a0MB0000000cQXFMA2","testautonumdata__Dat (4 more) ...":"11/9/2016","testautonumdata__Int (14 more) ...":"Technical Interview","testautonumdata__Can (9 more) ...":{"s":2,"v":{"testautonumdata__Ful (9 more) ...":"Rodrigo Reboucas","testautonumdata__Pos (8 more) ...":"a0LB0000000seqpMAA","Id":"a0MB0000000cQXFMA2","testautonumdata__Pos (8 more) ...":{"s":3,"v":{"Name":"Architect - Force.co (1 more) ...","Id":"a0LB0000000seqpMAA"}}}}}}|0x294d3d27
16:18:14.4 (83501100)|VARIABLE_SCOPE_BEGIN|[241]|lcfield|String|false|false
16:18:14.4 (83506558)|VARIABLE_ASSIGNMENT|[241]|lcfield|"testautonumdata__Can (9 more) ..."
16:18:14.4 (83514555)|HEAP_ALLOCATE|[244]|Bytes:5
16:18:14.4 (83518165)|STATEMENT_EXECUTE|[242]
16:18:14.4 (83519250)|STATEMENT_EXECUTE|[244]
16:18:14.4 (83522541)|VARIABLE_SCOPE_BEGIN|[244]|returnValue|String|false|false
16:18:14.4 (83528759)|VARIABLE_ASSIGNMENT|[244]|returnValue|""
16:18:14.4 (83544517)|ENTERING_MANAGED_PKG|
16:18:14.4 (83553654)|STATEMENT_EXECUTE|[261]
16:18:14.4 (83562495)|ENTERING_MANAGED_PKG|
16:18:14.4 (83587217)|HEAP_ALLOCATE|[261]|Bytes:4
16:18:14.4 (83605481)|ENTERING_MANAGED_PKG|
16:18:14.4 (83609554)|HEAP_ALLOCATE|[261]|Bytes:18
16:18:14.4 (83624135)|VARIABLE_ASSIGNMENT|[261]|returnValue|"a0MB0000000cQXFMA2"
16:18:14.4 (83627209)|STATEMENT_EXECUTE|[263]
16:18:14.4 (83635836)|METHOD_EXIT|[205]|01pB0000000lA1s|testautonumdata.InterviewsLCServerController.GetSobjectField(SObject, String)
16:18:14.4 (83665540)|VARIABLE_ASSIGNMENT|[EXTERNAL]|this|{"recordID":"a0NB0000000TaTOMA0"}|0x62f8b32a
16:18:14.4 (83672632)|VARIABLE_ASSIGNMENT|[EXTERNAL]|value|"a0MB0000000cQXFMA2"
16:18:14.4 (83681856)|VARIABLE_ASSIGNMENT|[8]|this.eventField|"a0MB0000000cQXFMA2"|0x62f8b32a
16:18:14.4 (83689211)|STATEMENT_EXECUTE|[208]
16:18:14.4 (83690712)|STATEMENT_EXECUTE|[209]
16:18:14.4 (83696176)|METHOD_ENTRY|[209]|01pB0000000lA1s|testautonumdata.InterviewsLCServerController.GetSobjectField(SObject, String)
16:18:14.4 (83700339)|VARIABLE_SCOPE_BEGIN|[241]|e|SObject|true|false
16:18:14.4 (83724280)|VARIABLE_ASSIGNMENT|[241]|e|{"s":1,"v":{"Id":"a0NB0000000TaTOMA0","testautonumdata__Can (9 more) ...":"a0MB0000000cQXFMA2","testautonumdata__Dat (4 more) ...":"11/9/2016","testautonumdata__Int (14 more) ...":"Technical Interview","testautonumdata__Can (9 more) ...":{"s":2,"v":{"testautonumdata__Ful (9 more) ...":"Rodrigo Reboucas","testautonumdata__Pos (8 more) ...":"a0LB0000000seqpMAA","Id":"a0MB0000000cQXFMA2","testautonumdata__Pos (8 more) ...":{"s":3,"v":{"Name":"Architect - Force.co (1 more) ...","Id":"a0LB0000000seqpMAA"}}}}}}|0x294d3d27
16:18:14.4 (83729714)|VARIABLE_SCOPE_BEGIN|[241]|lcfield|String|false|false
16:18:14.4 (83735268)|VARIABLE_ASSIGNMENT|[241]|lcfield|"testautonumdata__Can (39 more) ..."
16:18:14.4 (83742987)|HEAP_ALLOCATE|[244]|Bytes:5
16:18:14.4 (83746356)|STATEMENT_EXECUTE|[242]
16:18:14.4 (83747404)|STATEMENT_EXECUTE|[244]
16:18:14.4 (83750512)|VARIABLE_SCOPE_BEGIN|[244]|returnValue|String|false|false
16:18:14.4 (83756363)|VARIABLE_ASSIGNMENT|[244]|returnValue|""
16:18:14.4 (83772283)|ENTERING_MANAGED_PKG|
16:18:14.4 (83781722)|STATEMENT_EXECUTE|[247]
16:18:14.4 (83783235)|STATEMENT_EXECUTE|[248]
16:18:14.4 (83791391)|ENTERING_MANAGED_PKG|
16:18:14.4 (83795386)|HEAP_ALLOCATE|[248]|Bytes:29
16:18:14.4 (83803455)|VARIABLE_SCOPE_BEGIN|[248]|relName|String|false|false
16:18:14.4 (83812671)|VARIABLE_ASSIGNMENT|[248]|relName|"testautonumdata__Can (9 more) ..."
16:18:14.4 (83815243)|STATEMENT_EXECUTE|[249]
16:18:14.4 (83826298)|ENTERING_MANAGED_PKG|
16:18:14.4 (83829991)|HEAP_ALLOCATE|[249]|Bytes:29
16:18:14.4 (83837793)|VARIABLE_SCOPE_BEGIN|[249]|relField|String|false|false
16:18:14.4 (83846295)|VARIABLE_ASSIGNMENT|[249]|relField|"testautonumdata__Ful (9 more) ..."
16:18:14.4 (83857357)|ENTERING_MANAGED_PKG|
16:18:14.4 (83865059)|STATEMENT_EXECUTE|[257]
16:18:14.4 (83873597)|ENTERING_MANAGED_PKG|
16:18:14.4 (83911422)|HEAP_ALLOCATE|[257]|Bytes:20
16:18:14.4 (83931717)|ENTERING_MANAGED_PKG|
16:18:14.4 (83956921)|HEAP_ALLOCATE|[257]|Bytes:16
16:18:14.4 (83974763)|ENTERING_MANAGED_PKG|
16:18:14.4 (83978608)|HEAP_ALLOCATE|[257]|Bytes:16
16:18:14.4 (83994828)|VARIABLE_ASSIGNMENT|[257]|returnValue|"Rodrigo Reboucas"
16:18:14.4 (83998074)|STATEMENT_EXECUTE|[263]
16:18:14.4 (84006593)|METHOD_EXIT|[209]|01pB0000000lA1s|testautonumdata.InterviewsLCServerController.GetSobjectField(SObject, String)
16:18:14.4 (84038600)|VARIABLE_ASSIGNMENT|[EXTERNAL]|this|{"eventField":"a0MB0000000cQXFMA2","recordID":"a0NB0000000TaTOMA0"}|0x62f8b32a
16:18:14.4 (84045802)|VARIABLE_ASSIGNMENT|[EXTERNAL]|value|"Rodrigo Reboucas"
16:18:14.4 (84055072)|VARIABLE_ASSIGNMENT|[10]|this.column1|"Rodrigo Reboucas"|0x62f8b32a
16:18:14.4 (84062437)|STATEMENT_EXECUTE|[212]
16:18:14.4 (84063876)|STATEMENT_EXECUTE|[213]
16:18:14.4 (84069272)|METHOD_ENTRY|[213]|01pB0000000lA1s|testautonumdata.InterviewsLCServerController.GetSobjectField(SObject, String)
16:18:14.4 (84073270)|VARIABLE_SCOPE_BEGIN|[241]|e|SObject|true|false
16:18:14.4 (84097050)|VARIABLE_ASSIGNMENT|[241]|e|{"s":1,"v":{"Id":"a0NB0000000TaTOMA0","testautonumdata__Can (9 more) ...":"a0MB0000000cQXFMA2","testautonumdata__Dat (4 more) ...":"11/9/2016","testautonumdata__Int (14 more) ...":"Technical Interview","testautonumdata__Can (9 more) ...":{"s":2,"v":{"testautonumdata__Ful (9 more) ...":"Rodrigo Reboucas","testautonumdata__Pos (8 more) ...":"a0LB0000000seqpMAA","Id":"a0MB0000000cQXFMA2","testautonumdata__Pos (8 more) ...":{"s":3,"v":{"Name":"Architect - Force.co (1 more) ...","Id":"a0LB0000000seqpMAA"}}}}}}|0x294d3d27
16:18:14.4 (84102321)|VARIABLE_SCOPE_BEGIN|[241]|lcfield|String|false|false
16:18:14.4 (84107716)|VARIABLE_ASSIGNMENT|[241]|lcfield|"testautonumdata__Can (43 more) ..."
16:18:14.4 (84115188)|HEAP_ALLOCATE|[244]|Bytes:5
16:18:14.4 (84118495)|STATEMENT_EXECUTE|[242]
16:18:14.4 (84119665)|STATEMENT_EXECUTE|[244]
16:18:14.4 (84122814)|VARIABLE_SCOPE_BEGIN|[244]|returnValue|String|false|false
16:18:14.4 (84128788)|VARIABLE_ASSIGNMENT|[244]|returnValue|""
16:18:14.4 (84144785)|ENTERING_MANAGED_PKG|
16:18:14.4 (84153607)|STATEMENT_EXECUTE|[247]
16:18:14.4 (84155214)|STATEMENT_EXECUTE|[248]
16:18:14.4 (84163493)|ENTERING_MANAGED_PKG|
16:18:14.4 (84167427)|HEAP_ALLOCATE|[248]|Bytes:29
16:18:14.4 (84175265)|VARIABLE_SCOPE_BEGIN|[248]|relName|String|false|false
16:18:14.4 (84184315)|VARIABLE_ASSIGNMENT|[248]|relName|"testautonumdata__Can (9 more) ..."
16:18:14.4 (84187054)|STATEMENT_EXECUTE|[249]
16:18:14.4 (84209277)|ENTERING_MANAGED_PKG|
16:18:14.4 (84216166)|HEAP_ALLOCATE|[249]|Bytes:33
16:18:14.4 (84231519)|VARIABLE_SCOPE_BEGIN|[249]|relField|String|false|false
16:18:14.4 (84243300)|VARIABLE_ASSIGNMENT|[249]|relField|"testautonumdata__Pos (13 more) ..."
16:18:14.4 (84256955)|ENTERING_MANAGED_PKG|
16:18:14.4 (84265310)|STATEMENT_EXECUTE|[251]
16:18:14.4 (84266840)|STATEMENT_EXECUTE|[252]
16:18:14.4 (84274938)|ENTERING_MANAGED_PKG|
16:18:14.4 (84278674)|HEAP_ALLOCATE|[252]|Bytes:28
16:18:14.4 (84286469)|VARIABLE_SCOPE_BEGIN|[252]|relName2|String|false|false
16:18:14.4 (84295398)|VARIABLE_ASSIGNMENT|[252]|relName2|"testautonumdata__Pos (8 more) ..."
16:18:14.4 (84297870)|STATEMENT_EXECUTE|[253]
16:18:14.4 (84308594)|ENTERING_MANAGED_PKG|
16:18:14.4 (84312217)|HEAP_ALLOCATE|[253]|Bytes:4
16:18:14.4 (84320000)|VARIABLE_SCOPE_BEGIN|[253]|relField2|String|false|false
16:18:14.4 (84327518)|VARIABLE_ASSIGNMENT|[253]|relField2|"Name"
16:18:14.4 (84329781)|STATEMENT_EXECUTE|[254]
16:18:14.4 (84341011)|ENTERING_MANAGED_PKG|
16:18:14.4 (84371145)|HEAP_ALLOCATE|[254]|Bytes:20
16:18:14.4 (84390771)|ENTERING_MANAGED_PKG|
16:18:14.4 (84423577)|HEAP_ALLOCATE|[254]|Bytes:12
16:18:14.4 (84443651)|ENTERING_MANAGED_PKG|
16:18:14.4 (84466674)|HEAP_ALLOCATE|[254]|Bytes:21
16:18:14.4 (84484883)|ENTERING_MANAGED_PKG|
16:18:14.4 (84488742)|HEAP_ALLOCATE|[254]|Bytes:21
16:18:14.4 (84505145)|VARIABLE_ASSIGNMENT|[254]|returnValue|"Architect - Force.co (1 more) ..."
16:18:14.4 (84508682)|STATEMENT_EXECUTE|[263]
16:18:14.4 (84517337)|METHOD_EXIT|[213]|01pB0000000lA1s|testautonumdata.InterviewsLCServerController.GetSobjectField(SObject, String)
16:18:14.4 (84549497)|VARIABLE_ASSIGNMENT|[EXTERNAL]|this|{"column1":"Rodrigo Reboucas","eventField":"a0MB0000000cQXFMA2","recordID":"a0NB0000000TaTOMA0"}|0x62f8b32a
16:18:14.4 (84557846)|VARIABLE_ASSIGNMENT|[EXTERNAL]|value|"Architect - Force.co (1 more) ..."
16:18:14.4 (84567693)|VARIABLE_ASSIGNMENT|[12]|this.column2|"Architect - Force.co (1 more) ..."|0x62f8b32a
16:18:14.4 (84575311)|STATEMENT_EXECUTE|[217]
16:18:14.4 (84576769)|STATEMENT_EXECUTE|[218]
16:18:14.4 (84582212)|METHOD_ENTRY|[218]|01pB0000000lA1s|testautonumdata.InterviewsLCServerController.GetSobjectField(SObject, String)
16:18:14.4 (84586520)|VARIABLE_SCOPE_BEGIN|[241]|e|SObject|true|false
16:18:14.4 (84610791)|VARIABLE_ASSIGNMENT|[241]|e|{"s":1,"v":{"Id":"a0NB0000000TaTOMA0","testautonumdata__Can (9 more) ...":"a0MB0000000cQXFMA2","testautonumdata__Dat (4 more) ...":"11/9/2016","testautonumdata__Int (14 more) ...":"Technical Interview","testautonumdata__Can (9 more) ...":{"s":2,"v":{"testautonumdata__Ful (9 more) ...":"Rodrigo Reboucas","testautonumdata__Pos (8 more) ...":"a0LB0000000seqpMAA","Id":"a0MB0000000cQXFMA2","testautonumdata__Pos (8 more) ...":{"s":3,"v":{"Name":"Architect - Force.co (1 more) ...","Id":"a0LB0000000seqpMAA"}}}}}}|0x294d3d27
16:18:14.4 (84615424)|VARIABLE_SCOPE_BEGIN|[241]|lcfield|String|false|false
16:18:14.4 (84620846)|VARIABLE_ASSIGNMENT|[241]|lcfield|"testautonumdata__Dat (4 more) ..."
16:18:14.4 (84628222)|HEAP_ALLOCATE|[244]|Bytes:5
16:18:14.4 (84631733)|STATEMENT_EXECUTE|[242]
16:18:14.4 (84632816)|STATEMENT_EXECUTE|[244]
16:18:14.4 (84635960)|VARIABLE_SCOPE_BEGIN|[244]|returnValue|String|false|false
16:18:14.4 (84641765)|VARIABLE_ASSIGNMENT|[244]|returnValue|""
16:18:14.4 (84658418)|ENTERING_MANAGED_PKG|
16:18:14.4 (84667331)|STATEMENT_EXECUTE|[261]
16:18:14.4 (84676256)|ENTERING_MANAGED_PKG|
16:18:14.4 (84696984)|HEAP_ALLOCATE|[261]|Bytes:9
16:18:14.4 (84714431)|ENTERING_MANAGED_PKG|
16:18:14.4 (84718339)|HEAP_ALLOCATE|[261]|Bytes:9
16:18:14.4 (84732926)|VARIABLE_ASSIGNMENT|[261]|returnValue|"11/9/2016"
16:18:14.4 (84735802)|STATEMENT_EXECUTE|[263]
16:18:14.4 (84744085)|METHOD_EXIT|[218]|01pB0000000lA1s|testautonumdata.InterviewsLCServerController.GetSobjectField(SObject, String)
16:18:14.4 (84776348)|VARIABLE_ASSIGNMENT|[EXTERNAL]|this|{"column1":"Rodrigo Reboucas","column2":"Architect - Force.co (1 more) ...","eventField":"a0MB0000000cQXFMA2","recordID":"a0NB0000000TaTOMA0"}|0x62f8b32a
16:18:14.4 (84784032)|VARIABLE_ASSIGNMENT|[EXTERNAL]|value|"11/9/2016"
16:18:14.4 (84792874)|VARIABLE_ASSIGNMENT|[14]|this.column3|"11/9/2016"|0x62f8b32a
16:18:14.4 (84800335)|STATEMENT_EXECUTE|[222]
16:18:14.4 (84801815)|STATEMENT_EXECUTE|[223]
16:18:14.4 (84807140)|METHOD_ENTRY|[223]|01pB0000000lA1s|testautonumdata.InterviewsLCServerController.GetSobjectField(SObject, String)
16:18:14.4 (84811062)|VARIABLE_SCOPE_BEGIN|[241]|e|SObject|true|false
16:18:14.4 (84833819)|VARIABLE_ASSIGNMENT|[241]|e|{"s":1,"v":{"Id":"a0NB0000000TaTOMA0","testautonumdata__Can (9 more) ...":"a0MB0000000cQXFMA2","testautonumdata__Dat (4 more) ...":"11/9/2016","testautonumdata__Int (14 more) ...":"Technical Interview","testautonumdata__Can (9 more) ...":{"s":2,"v":{"testautonumdata__Ful (9 more) ...":"Rodrigo Reboucas","testautonumdata__Pos (8 more) ...":"a0LB0000000seqpMAA","Id":"a0MB0000000cQXFMA2","testautonumdata__Pos (8 more) ...":{"s":3,"v":{"Name":"Architect - Force.co (1 more) ...","Id":"a0LB0000000seqpMAA"}}}}}}|0x294d3d27
16:18:14.4 (84839307)|VARIABLE_SCOPE_BEGIN|[241]|lcfield|String|false|false
16:18:14.4 (84848427)|VARIABLE_ASSIGNMENT|[241]|lcfield|"testautonumdata__Int (14 more) ..."
16:18:14.4 (84856357)|HEAP_ALLOCATE|[244]|Bytes:5
16:18:14.4 (84859739)|STATEMENT_EXECUTE|[242]
16:18:14.4 (84860907)|STATEMENT_EXECUTE|[244]
16:18:14.4 (84864093)|VARIABLE_SCOPE_BEGIN|[244]|returnValue|String|false|false
16:18:14.4 (84870300)|VARIABLE_ASSIGNMENT|[244]|returnValue|""
16:18:14.4 (84886411)|ENTERING_MANAGED_PKG|
16:18:14.4 (84895238)|STATEMENT_EXECUTE|[261]
16:18:14.4 (84904488)|ENTERING_MANAGED_PKG|
16:18:14.4 (84925413)|HEAP_ALLOCATE|[261]|Bytes:19
16:18:14.4 (84942423)|ENTERING_MANAGED_PKG|
16:18:14.4 (84946262)|HEAP_ALLOCATE|[261]|Bytes:19
16:18:14.4 (84960793)|VARIABLE_ASSIGNMENT|[261]|returnValue|"Technical Interview"
16:18:14.4 (84963869)|STATEMENT_EXECUTE|[263]
16:18:14.4 (84972144)|METHOD_EXIT|[223]|01pB0000000lA1s|testautonumdata.InterviewsLCServerController.GetSobjectField(SObject, String)
16:18:14.4 (85005152)|VARIABLE_ASSIGNMENT|[EXTERNAL]|this|{"column1":"Rodrigo Reboucas","column2":"Architect - Force.co (1 more) ...","column3":"11/9/2016","eventField":"a0MB0000000cQXFMA2","recordID":"a0NB0000000TaTOMA0"}|0x62f8b32a
16:18:14.4 (85013908)|VARIABLE_ASSIGNMENT|[EXTERNAL]|value|"Technical Interview"
16:18:14.4 (85023281)|VARIABLE_ASSIGNMENT|[16]|this.column4|"Technical Interview"|0x62f8b32a
16:18:14.4 (85030546)|STATEMENT_EXECUTE|[227]
16:18:14.4 (85041270)|ENTERING_MANAGED_PKG|
16:18:14.4 (85049243)|HEAP_ALLOCATE|[EXTERNAL]|Bytes:4
16:18:14.4 (85055158)|STATEMENT_EXECUTE|[229]
16:18:14.4 (85068030)|ENTERING_MANAGED_PKG|
16:18:14.4 (85110106)|HEAP_ALLOCATE|[229]|Bytes:470
16:18:14.4 (85126801)|HEAP_ALLOCATE|[229]|Bytes:482
16:18:14.4 (85138261)|ENTERING_MANAGED_PKG|
16:18:14.4 (85145915)|USER_DEBUG|[229]|DEBUG|######## i: InterviewsLCServerController:[column1=Rodrigo Reboucas, column2=Architect - Force.com, column3=11/9/2016, column4=Technical Interview, eventField=a0MB0000000cQXFMA2, mapObjectsFields={testautonumdata__Candidate__c={testautonumdata__Full_Name__c}, testautonumdata__Interview__c={Id, testautonumdata__Candidate__c, testautonumdata__Date__c, testautonumdata__Interview_Type__c, testautonumdata__Status__c}, testautonumdata__Position__c={Name}}, recordID=a0NB0000000TaTOMA0]
16:18:14.4 (85162312)|HEAP_ALLOCATE|[196]|Bytes:5
16:18:14.4 (85178783)|VARIABLE_ASSIGNMENT|[196]|e|null|
16:18:14.4 (85182227)|STATEMENT_EXECUTE|[234]
16:18:14.4 (85185768)|HEAP_ALLOCATE|[234]|Bytes:27
16:18:14.4 (85206560)|ENTERING_MANAGED_PKG|
16:18:14.4 (85293125)|HEAP_ALLOCATE|[234]|Bytes:697
16:18:14.4 (85310729)|HEAP_ALLOCATE|[234]|Bytes:724
16:18:14.4 (85324349)|ENTERING_MANAGED_PKG|
16:18:14.4 (85331881)|USER_DEBUG|[234]|DEBUG|######## lstReturnRecords: (InterviewsLCServerController:[column1=Lizz Brooks, column2=Project Coordinator, column3=10/26/2016, column4=Recruiter Interview, eventField=a0MB0000000cQdIMAU, mapObjectsFields={testautonumdata__Candidate__c={testautonumdata__Full_Name__c}, testautonumdata__Interview__c={Id, testautonumdata__Candidate__c, testautonumdata__Date__c, testautonumdata__Interview_Type__c, testautonumdata__Status__c}, testautonumdata__Position__c={Name}}, recordID=a0NB0000000RasPMAS], InterviewsLCServerController:[column1=Rodrigo Reboucas, column2=Architect - Force.com, column3=11/9/2016, column4=Technical Interview, eventField=a0MB0000000cQXFMA2, mapObjectsFields=(already output), recordID=a0NB0000000TaTOMA0])
16:18:14.4 (85341830)|STATEMENT_EXECUTE|[236]
16:18:14.4 (85353364)|SYSTEM_MODE_EXIT|false
16:18:14.85 (85400367)|CUMULATIVE_LIMIT_USAGE
16:18:14.85 (85400367)|LIMIT_USAGE_FOR_NS|(default)|
  Number of SOQL queries: 0 out of 100
  Number of query rows: 0 out of 50000
  Number of SOSL queries: 0 out of 20
  Number of DML statements: 0 out of 150
  Number of DML rows: 0 out of 10000
  Maximum CPU time: 0 out of 10000
  Maximum heap size: 0 out of 6000000
  Number of callouts: 0 out of 100
  Number of Email Invocations: 0 out of 10
  Number of future calls: 0 out of 50
  Number of queueable jobs added to the queue: 0 out of 50
  Number of Mobile Apex push calls: 0 out of 10

16:18:14.85 (85400367)|LIMIT_USAGE_FOR_NS|testautonumdata|
  Number of SOQL queries: 1 out of 100
  Number of query rows: 2 out of 50000
  Number of SOSL queries: 0 out of 20
  Number of DML statements: 0 out of 150
  Number of DML rows: 0 out of 10000
  Maximum CPU time: 0 out of 10000
  Maximum heap size: 0 out of 6000000
  Number of callouts: 0 out of 100
  Number of Email Invocations: 0 out of 10
  Number of future calls: 0 out of 50
  Number of queueable jobs added to the queue: 0 out of 50
  Number of Mobile Apex push calls: 0 out of 10

16:18:14.85 (85400367)|CUMULATIVE_LIMIT_USAGE_END

16:18:14.4 (85498973)|CODE_UNIT_FINISHED|InterviewsLCServerController.getListRecords
16:18:14.87 (87469347)|USER_INFO|[EXTERNAL]|005B0000001VpZR|rreboucas-yi5c@force.com|Pacific Standard Time|GMT-07:00
16:18:14.87 (87481440)|CODE_UNIT_STARTED|[EXTERNAL]|Aura
16:18:14.87 (87533451)|CODE_UNIT_FINISHED|Aura
16:18:14.88 (88519016)|USER_INFO|[EXTERNAL]|005B0000001VpZR|rreboucas-yi5c@force.com|Pacific Standard Time|GMT-07:00
16:18:14.88 (88528905)|CODE_UNIT_STARTED|[EXTERNAL]|Aura
16:18:14.88 (88571133)|CODE_UNIT_FINISHED|Aura
