37.0 APEX_CODE,FINEST;APEX_PROFILING,INFO;CALLOUT,INFO;DB,INFO;SYSTEM,DEBUG;VALIDATION,INFO;VISUALFORCE,INFO;WORKFLOW,INFO
16:18:23.0 (118317)|USER_INFO|[EXTERNAL]|005B0000001VpZR|rreboucas-yi5c@force.com|Pacific Standard Time|GMT-07:00
16:18:23.0 (667781)|HEAP_ALLOCATE|[72]|Bytes:3
16:18:23.0 (737356)|HEAP_ALLOCATE|[77]|Bytes:152
16:18:23.0 (760231)|HEAP_ALLOCATE|[342]|Bytes:408
16:18:23.0 (780103)|HEAP_ALLOCATE|[355]|Bytes:408
16:18:23.0 (797983)|HEAP_ALLOCATE|[467]|Bytes:48
16:18:23.3 (3646076)|USER_INFO|[EXTERNAL]|005B0000001VpZR|rreboucas-yi5c@force.com|Pacific Standard Time|GMT-07:00
16:18:23.3 (3829486)|STATEMENT_EXECUTE|[1]
16:18:23.3 (3870030)|HEAP_ALLOCATE|[50]|Bytes:5
16:18:23.3 (3897916)|HEAP_ALLOCATE|[56]|Bytes:5
16:18:23.3 (3907601)|HEAP_ALLOCATE|[64]|Bytes:7
16:18:23.3 (3936831)|SYSTEM_MODE_ENTER|false
16:18:23.3 (3957835)|HEAP_ALLOCATE|[3]|Bytes:5
16:18:23.3 (3962619)|STATEMENT_EXECUTE|[3]
16:18:23.3 (3992771)|VARIABLE_ASSIGNMENT|[3]|InterviewsLCServerController.mapObjectsFields|null|
16:18:23.3 (4002797)|SYSTEM_MODE_EXIT|false
16:18:23.3 (4016563)|METHOD_EXIT|[1]|InterviewsLCServerController
16:18:23.3 (4022334)|HEAP_ALLOCATE|[EXTERNAL]|Bytes:1
16:18:23.3 (4024519)|HEAP_ALLOCATE|[EXTERNAL]|Bytes:29
16:18:23.3 (4026021)|HEAP_ALLOCATE|[EXTERNAL]|Bytes:26
16:18:23.3 (4027331)|HEAP_ALLOCATE|[EXTERNAL]|Bytes:7
16:18:23.3 (4028620)|HEAP_ALLOCATE|[EXTERNAL]|Bytes:29
16:18:23.3 (4029914)|HEAP_ALLOCATE|[EXTERNAL]|Bytes:59
16:18:23.3 (4031838)|HEAP_ALLOCATE|[EXTERNAL]|Bytes:63
16:18:23.3 (4033074)|HEAP_ALLOCATE|[EXTERNAL]|Bytes:24
16:18:23.3 (4034280)|HEAP_ALLOCATE|[EXTERNAL]|Bytes:34
16:18:23.3 (4035485)|HEAP_ALLOCATE|[EXTERNAL]|Bytes:24
16:18:23.3 (4036698)|HEAP_ALLOCATE|[EXTERNAL]|Bytes:4
16:18:23.3 (4045095)|SYSTEM_MODE_ENTER|false
16:18:23.3 (4051647)|VARIABLE_SCOPE_BEGIN|[89]|rowsLimit|String|false|false
16:18:23.3 (4059830)|VARIABLE_ASSIGNMENT|[89]|rowsLimit|"8"
16:18:23.3 (4062317)|VARIABLE_SCOPE_BEGIN|[89]|objectApiName|String|false|false
16:18:23.3 (4067401)|VARIABLE_ASSIGNMENT|[89]|objectApiName|"testautonumdata__Int (9 more) ..."
16:18:23.3 (4069530)|VARIABLE_SCOPE_BEGIN|[89]|filter1Field|String|false|false
16:18:23.3 (4073183)|VARIABLE_ASSIGNMENT|[89]|filter1Field|"testautonumdata__Sta (6 more) ..."
16:18:23.3 (4075192)|VARIABLE_SCOPE_BEGIN|[89]|filter1Value|String|false|false
16:18:23.3 (4078111)|VARIABLE_ASSIGNMENT|[89]|filter1Value|"Pending"
16:18:23.3 (4080263)|VARIABLE_SCOPE_BEGIN|[89]|eventField|String|false|false
16:18:23.3 (4083800)|VARIABLE_ASSIGNMENT|[89]|eventField|"testautonumdata__Can (9 more) ..."
16:18:23.3 (4085755)|VARIABLE_SCOPE_BEGIN|[89]|column1|String|false|false
16:18:23.3 (4089169)|VARIABLE_ASSIGNMENT|[89]|column1|"testautonumdata__Can (39 more) ..."
16:18:23.3 (4090896)|VARIABLE_SCOPE_BEGIN|[89]|column2|String|false|false
16:18:23.3 (4093996)|VARIABLE_ASSIGNMENT|[89]|column2|"testautonumdata__Can (43 more) ..."
16:18:23.3 (4095545)|VARIABLE_SCOPE_BEGIN|[89]|column3|String|false|false
16:18:23.3 (4098516)|VARIABLE_ASSIGNMENT|[89]|column3|"testautonumdata__Dat (4 more) ..."
16:18:23.3 (4100206)|VARIABLE_SCOPE_BEGIN|[89]|column4|String|false|false
16:18:23.3 (4103319)|VARIABLE_ASSIGNMENT|[89]|column4|"testautonumdata__Int (14 more) ..."
16:18:23.3 (4104982)|VARIABLE_SCOPE_BEGIN|[89]|sortField|String|false|false
16:18:23.3 (4107992)|VARIABLE_ASSIGNMENT|[89]|sortField|"testautonumdata__Dat (4 more) ..."
16:18:23.3 (4109696)|VARIABLE_SCOPE_BEGIN|[89]|sortDirection|String|false|false
16:18:23.3 (4112201)|VARIABLE_ASSIGNMENT|[89]|sortDirection|"desc"
16:18:23.3 (4127865)|HEAP_ALLOCATE|[91]|Bytes:5
16:18:23.3 (4132128)|STATEMENT_EXECUTE|[89]
16:18:23.3 (4133717)|STATEMENT_EXECUTE|[91]
16:18:23.3 (4136726)|HEAP_ALLOCATE|[91]|Bytes:20
16:18:23.3 (4152125)|HEAP_ALLOCATE|[91]|Bytes:21
16:18:23.3 (4187681)|ENTERING_MANAGED_PKG|
16:18:23.3 (4229166)|USER_DEBUG|[91]|DEBUG|######## rowsLimit: 8
16:18:23.3 (4239616)|STATEMENT_EXECUTE|[92]
16:18:23.3 (4243262)|HEAP_ALLOCATE|[92]|Bytes:24
16:18:23.3 (4250066)|HEAP_ALLOCATE|[92]|Bytes:53
16:18:23.3 (4262533)|ENTERING_MANAGED_PKG|
16:18:23.3 (4281862)|USER_DEBUG|[92]|DEBUG|######## objectApiName: testautonumdata__Interview__c
16:18:23.3 (4289700)|STATEMENT_EXECUTE|[95]
16:18:23.3 (4297241)|HEAP_ALLOCATE|[95]|Bytes:4
16:18:23.3 (4336482)|VARIABLE_ASSIGNMENT|[95]|InterviewsLCServerController.mapObjectsFields|{"s":1,"v":{}}|0x68a49107
16:18:23.3 (4340337)|STATEMENT_EXECUTE|[97]
16:18:23.3 (4343867)|HEAP_ALLOCATE|[97]|Bytes:2
16:18:23.3 (4358131)|METHOD_ENTRY|[97]|01pB0000000lA1s|testautonumdata.InterviewsLCServerController.AddFieldToObjectsMap(String, String)
16:18:23.3 (4377856)|VARIABLE_SCOPE_BEGIN|[21]|fieldName|String|false|false
16:18:23.3 (4384529)|VARIABLE_ASSIGNMENT|[21]|fieldName|"Id"
16:18:23.3 (4386651)|VARIABLE_SCOPE_BEGIN|[21]|initialObjectName|String|false|false
16:18:23.3 (4390885)|VARIABLE_ASSIGNMENT|[21]|initialObjectName|"testautonumdata__Int (9 more) ..."
16:18:23.3 (4398728)|HEAP_ALLOCATE|[23]|Bytes:5
16:18:23.3 (4402619)|STATEMENT_EXECUTE|[22]
16:18:23.3 (4405024)|HEAP_ALLOCATE|[23]|Bytes:1
16:18:23.3 (4427267)|ENTERING_MANAGED_PKG|
16:18:23.3 (4464634)|STATEMENT_EXECUTE|[64]
16:18:23.3 (4474540)|METHOD_ENTRY|[64]|01pB0000000lA1s|testautonumdata.InterviewsLCServerController.AddFieldToMap(String, String)
16:18:23.3 (4490385)|VARIABLE_SCOPE_BEGIN|[68]|fieldName|String|false|false
16:18:23.3 (4496645)|VARIABLE_ASSIGNMENT|[68]|fieldName|"Id"
16:18:23.3 (4498543)|VARIABLE_SCOPE_BEGIN|[68]|ObjectName|String|false|false
16:18:23.3 (4502549)|VARIABLE_ASSIGNMENT|[68]|ObjectName|"testautonumdata__Int (9 more) ..."
16:18:23.3 (4510118)|HEAP_ALLOCATE|[71]|Bytes:5
16:18:23.3 (4513654)|STATEMENT_EXECUTE|[69]
16:18:23.3 (4533854)|ENTERING_MANAGED_PKG|
16:18:23.3 (4570333)|STATEMENT_EXECUTE|[78]
16:18:23.3 (4572371)|STATEMENT_EXECUTE|[79]
16:18:23.3 (4626346)|HEAP_ALLOCATE|[79]|Bytes:4
16:18:23.3 (4653425)|ENTERING_MANAGED_PKG|
16:18:23.3 (4691104)|VARIABLE_SCOPE_BEGIN|[79]|newFieldSet|Set<String>|true|false
16:18:23.3 (4739851)|VARIABLE_ASSIGNMENT|[79]|newFieldSet|{"s":1,"v":[]}|0x482da003
16:18:23.3 (4743953)|STATEMENT_EXECUTE|[80]
16:18:23.3 (4760473)|ENTERING_MANAGED_PKG|
16:18:23.3 (4791828)|HEAP_ALLOCATE|[EXTERNAL]|Bytes:4
16:18:23.3 (4801807)|STATEMENT_EXECUTE|[81]
16:18:23.3 (4821708)|ENTERING_MANAGED_PKG|
16:18:23.3 (4857318)|HEAP_ALLOCATE|[EXTERNAL]|Bytes:-4
16:18:23.3 (4872789)|METHOD_EXIT|[64]|01pB0000000lA1s|testautonumdata.InterviewsLCServerController.AddFieldToMap(String, String)
16:18:23.3 (4879545)|METHOD_EXIT|[97]|01pB0000000lA1s|testautonumdata.InterviewsLCServerController.AddFieldToObjectsMap(String, String)
16:18:23.3 (4882896)|STATEMENT_EXECUTE|[99]
16:18:23.3 (4915145)|HEAP_ALLOCATE|[99]|Bytes:4
16:18:23.3 (4999863)|ENTERING_MANAGED_PKG|
16:18:23.3 (5025918)|VARIABLE_SCOPE_BEGIN|[99]|lstReturnRecords|List<testautonumdata.InterviewsLCServerController>|true|false
16:18:23.3 (5061125)|HEAP_ALLOCATE|[EXTERNAL]|Bytes:4
16:18:23.3 (5076616)|VARIABLE_ASSIGNMENT|[99]|lstReturnRecords|{"s":1,"v":[]}|0x5912dae9
16:18:23.3 (5079976)|STATEMENT_EXECUTE|[101]
16:18:23.3 (5105834)|ENTERING_MANAGED_PKG|
16:18:23.3 (5139330)|VARIABLE_SCOPE_BEGIN|[101]|rLimit|Integer|false|false
16:18:23.3 (5144512)|HEAP_ALLOCATE|[101]|Bytes:4
16:18:23.3 (5150955)|VARIABLE_ASSIGNMENT|[101]|rLimit|8
16:18:23.3 (5153407)|STATEMENT_EXECUTE|[102]
16:18:23.3 (5157235)|HEAP_ALLOCATE|[102]|Bytes:17
16:18:23.3 (5176336)|ENTERING_MANAGED_PKG|
16:18:23.3 (5202960)|HEAP_ALLOCATE|[102]|Bytes:1
16:18:23.3 (5219029)|HEAP_ALLOCATE|[102]|Bytes:18
16:18:23.3 (5232749)|ENTERING_MANAGED_PKG|
16:18:23.3 (5240027)|USER_DEBUG|[102]|DEBUG|######## rLimit: 8
16:18:23.3 (5246541)|STATEMENT_EXECUTE|[106]
16:18:23.3 (5250135)|HEAP_ALLOCATE|[106]|Bytes:9
16:18:23.3 (5254362)|VARIABLE_SCOPE_BEGIN|[106]|soql|String|false|false
16:18:23.3 (5261532)|VARIABLE_ASSIGNMENT|[106]|soql|"Select id"
16:18:23.3 (5264695)|STATEMENT_EXECUTE|[109]
16:18:23.3 (5265753)|STATEMENT_EXECUTE|[110]
16:18:23.3 (5267990)|HEAP_ALLOCATE|[110]|Bytes:2
16:18:23.3 (5285450)|ENTERING_MANAGED_PKG|
16:18:23.3 (5311853)|HEAP_ALLOCATE|[110]|Bytes:29
16:18:23.3 (5328193)|HEAP_ALLOCATE|[110]|Bytes:31
16:18:23.3 (5333008)|HEAP_ALLOCATE|[110]|Bytes:40
16:18:23.3 (5341424)|VARIABLE_ASSIGNMENT|[110]|soql|"Select id, testauton (20 more) ..."
16:18:23.3 (5343959)|STATEMENT_EXECUTE|[111]
16:18:23.3 (5350999)|METHOD_ENTRY|[111]|01pB0000000lA1s|testautonumdata.InterviewsLCServerController.AddFieldToObjectsMap(String, String)
16:18:23.3 (5368000)|VARIABLE_SCOPE_BEGIN|[21]|fieldName|String|false|false
16:18:23.3 (5374622)|VARIABLE_ASSIGNMENT|[21]|fieldName|"testautonumdata__Can (9 more) ..."
16:18:23.3 (5376728)|VARIABLE_SCOPE_BEGIN|[21]|initialObjectName|String|false|false
16:18:23.3 (5380164)|VARIABLE_ASSIGNMENT|[21]|initialObjectName|"testautonumdata__Int (9 more) ..."
16:18:23.3 (5387412)|HEAP_ALLOCATE|[23]|Bytes:5
16:18:23.3 (5390684)|STATEMENT_EXECUTE|[22]
16:18:23.3 (5405866)|ENTERING_MANAGED_PKG|
16:18:23.3 (5415094)|STATEMENT_EXECUTE|[64]
16:18:23.3 (5421037)|METHOD_ENTRY|[64]|01pB0000000lA1s|testautonumdata.InterviewsLCServerController.AddFieldToMap(String, String)
16:18:23.3 (5425218)|VARIABLE_SCOPE_BEGIN|[68]|fieldName|String|false|false
16:18:23.3 (5431319)|VARIABLE_ASSIGNMENT|[68]|fieldName|"testautonumdata__Can (9 more) ..."
16:18:23.3 (5433092)|VARIABLE_SCOPE_BEGIN|[68]|ObjectName|String|false|false
16:18:23.3 (5436292)|VARIABLE_ASSIGNMENT|[68]|ObjectName|"testautonumdata__Int (9 more) ..."
16:18:23.3 (5441946)|HEAP_ALLOCATE|[71]|Bytes:5
16:18:23.3 (5444720)|STATEMENT_EXECUTE|[69]
16:18:23.3 (5454010)|ENTERING_MANAGED_PKG|
16:18:23.3 (5461522)|STATEMENT_EXECUTE|[72]
16:18:23.3 (5462904)|STATEMENT_EXECUTE|[73]
16:18:23.3 (5471580)|ENTERING_MANAGED_PKG|
16:18:23.3 (5509890)|VARIABLE_SCOPE_BEGIN|[73]|existingFieldSet|Set<String>|true|false
16:18:23.3 (5526029)|VARIABLE_ASSIGNMENT|[73]|existingFieldSet|{"s":1,"v":["Id"]}|0x482da003
16:18:23.3 (5529625)|STATEMENT_EXECUTE|[74]
16:18:23.3 (5542380)|ENTERING_MANAGED_PKG|
16:18:23.3 (5568863)|HEAP_ALLOCATE|[EXTERNAL]|Bytes:4
16:18:23.3 (5578150)|STATEMENT_EXECUTE|[75]
16:18:23.3 (5591038)|ENTERING_MANAGED_PKG|
16:18:23.3 (5635053)|METHOD_EXIT|[64]|01pB0000000lA1s|testautonumdata.InterviewsLCServerController.AddFieldToMap(String, String)
16:18:23.3 (5641902)|METHOD_EXIT|[111]|01pB0000000lA1s|testautonumdata.InterviewsLCServerController.AddFieldToObjectsMap(String, String)
16:18:23.3 (5645363)|STATEMENT_EXECUTE|[115]
16:18:23.3 (5646725)|STATEMENT_EXECUTE|[116]
16:18:23.3 (5662136)|ENTERING_MANAGED_PKG|
16:18:23.3 (5685537)|HEAP_ALLOCATE|[116]|Bytes:59
16:18:23.3 (5702186)|HEAP_ALLOCATE|[116]|Bytes:61
16:18:23.3 (5706911)|HEAP_ALLOCATE|[116]|Bytes:101
16:18:23.3 (5715445)|VARIABLE_ASSIGNMENT|[116]|soql|"Select id, testauton (81 more) ..."
16:18:23.3 (5718134)|STATEMENT_EXECUTE|[117]
16:18:23.3 (5724783)|METHOD_ENTRY|[117]|01pB0000000lA1s|testautonumdata.InterviewsLCServerController.AddFieldToObjectsMap(String, String)
16:18:23.3 (5741454)|VARIABLE_SCOPE_BEGIN|[21]|fieldName|String|false|false
16:18:23.3 (5747929)|VARIABLE_ASSIGNMENT|[21]|fieldName|"testautonumdata__Can (39 more) ..."
16:18:23.3 (5749902)|VARIABLE_SCOPE_BEGIN|[21]|initialObjectName|String|false|false
16:18:23.3 (5753298)|VARIABLE_ASSIGNMENT|[21]|initialObjectName|"testautonumdata__Int (9 more) ..."
16:18:23.3 (5760177)|HEAP_ALLOCATE|[23]|Bytes:5
16:18:23.3 (5763305)|STATEMENT_EXECUTE|[22]
16:18:23.3 (5778471)|ENTERING_MANAGED_PKG|
16:18:23.3 (5787711)|STATEMENT_EXECUTE|[24]
16:18:23.3 (5789423)|STATEMENT_EXECUTE|[25]
16:18:23.3 (5803327)|ENTERING_MANAGED_PKG|
16:18:23.3 (5830223)|HEAP_ALLOCATE|[25]|Bytes:29
16:18:23.3 (5843396)|VARIABLE_SCOPE_BEGIN|[25]|relName1|String|false|false
16:18:23.3 (5851351)|VARIABLE_ASSIGNMENT|[25]|relName1|"testautonumdata__Can (9 more) ..."
16:18:23.3 (5857619)|STATEMENT_EXECUTE|[26]
16:18:23.3 (5876031)|ENTERING_MANAGED_PKG|
16:18:23.3 (5897290)|HEAP_ALLOCATE|[26]|Bytes:29
16:18:23.3 (5909945)|VARIABLE_SCOPE_BEGIN|[26]|relField1|String|false|false
16:18:23.3 (5917437)|VARIABLE_ASSIGNMENT|[26]|relField1|"testautonumdata__Ful (9 more) ..."
16:18:23.3 (5931459)|ENTERING_MANAGED_PKG|
16:18:23.3 (5959296)|STATEMENT_EXECUTE|[46]
16:18:23.3 (5963463)|HEAP_ALLOCATE|[48]|Bytes:3
16:18:23.3 (5976854)|ENTERING_MANAGED_PKG|
16:18:23.3 (6002900)|STATEMENT_EXECUTE|[49]
16:18:23.3 (6005741)|STATEMENT_EXECUTE|[51]
16:18:23.3 (6009075)|HEAP_ALLOCATE|[51]|Bytes:3
16:18:23.3 (6026281)|ENTERING_MANAGED_PKG|
16:18:23.3 (6056580)|HEAP_ALLOCATE|[51]|Bytes:29
16:18:23.3 (6069853)|VARIABLE_SCOPE_BEGIN|[51]|objectName1|String|false|false
16:18:23.3 (6077749)|VARIABLE_ASSIGNMENT|[51]|objectName1|"testautonumdata__Can (9 more) ..."
16:18:23.3 (6080086)|STATEMENT_EXECUTE|[52]
16:18:23.3 (6087400)|METHOD_ENTRY|[52]|01pB0000000lA1s|testautonumdata.InterviewsLCServerController.AddFieldToMap(String, String)
16:18:23.3 (6103217)|VARIABLE_SCOPE_BEGIN|[68]|fieldName|String|false|false
16:18:23.3 (6109064)|VARIABLE_ASSIGNMENT|[68]|fieldName|"testautonumdata__Ful (9 more) ..."
16:18:23.3 (6111142)|VARIABLE_SCOPE_BEGIN|[68]|ObjectName|String|false|false
16:18:23.3 (6114321)|VARIABLE_ASSIGNMENT|[68]|ObjectName|"testautonumdata__Can (9 more) ..."
16:18:23.3 (6120919)|HEAP_ALLOCATE|[71]|Bytes:5
16:18:23.3 (6123975)|STATEMENT_EXECUTE|[69]
16:18:23.3 (6135314)|ENTERING_MANAGED_PKG|
16:18:23.3 (6143009)|STATEMENT_EXECUTE|[78]
16:18:23.3 (6144354)|STATEMENT_EXECUTE|[79]
16:18:23.3 (6148222)|HEAP_ALLOCATE|[79]|Bytes:4
16:18:23.3 (6159140)|ENTERING_MANAGED_PKG|
16:18:23.3 (6166709)|VARIABLE_SCOPE_BEGIN|[79]|newFieldSet|Set<String>|true|false
16:18:23.3 (6185520)|VARIABLE_ASSIGNMENT|[79]|newFieldSet|{"s":1,"v":[]}|0x4d72aa32
16:18:23.3 (6188663)|STATEMENT_EXECUTE|[80]
16:18:23.3 (6198347)|ENTERING_MANAGED_PKG|
16:18:23.3 (6204840)|HEAP_ALLOCATE|[EXTERNAL]|Bytes:4
16:18:23.3 (6211916)|STATEMENT_EXECUTE|[81]
16:18:23.3 (6219239)|ENTERING_MANAGED_PKG|
16:18:23.3 (6227422)|HEAP_ALLOCATE|[EXTERNAL]|Bytes:-4
16:18:23.3 (6239040)|METHOD_EXIT|[52]|01pB0000000lA1s|testautonumdata.InterviewsLCServerController.AddFieldToMap(String, String)
16:18:23.3 (6245420)|METHOD_EXIT|[117]|01pB0000000lA1s|testautonumdata.InterviewsLCServerController.AddFieldToObjectsMap(String, String)
16:18:23.3 (6248788)|STATEMENT_EXECUTE|[120]
16:18:23.3 (6250045)|STATEMENT_EXECUTE|[121]
16:18:23.3 (6264636)|ENTERING_MANAGED_PKG|
16:18:23.3 (6288574)|HEAP_ALLOCATE|[121]|Bytes:63
16:18:23.3 (6304957)|HEAP_ALLOCATE|[121]|Bytes:65
16:18:23.3 (6309400)|HEAP_ALLOCATE|[121]|Bytes:166
16:18:23.3 (6318234)|VARIABLE_ASSIGNMENT|[121]|soql|"Select id, testauton (146 more) ..."
16:18:23.3 (6320841)|STATEMENT_EXECUTE|[122]
16:18:23.3 (6327504)|METHOD_ENTRY|[122]|01pB0000000lA1s|testautonumdata.InterviewsLCServerController.AddFieldToObjectsMap(String, String)
16:18:23.3 (6344241)|VARIABLE_SCOPE_BEGIN|[21]|fieldName|String|false|false
16:18:23.3 (6350587)|VARIABLE_ASSIGNMENT|[21]|fieldName|"testautonumdata__Can (43 more) ..."
16:18:23.3 (6352384)|VARIABLE_SCOPE_BEGIN|[21]|initialObjectName|String|false|false
16:18:23.3 (6355824)|VARIABLE_ASSIGNMENT|[21]|initialObjectName|"testautonumdata__Int (9 more) ..."
16:18:23.3 (6362502)|HEAP_ALLOCATE|[23]|Bytes:5
16:18:23.3 (6365651)|STATEMENT_EXECUTE|[22]
16:18:23.3 (6380488)|ENTERING_MANAGED_PKG|
16:18:23.3 (6389544)|STATEMENT_EXECUTE|[24]
16:18:23.3 (6391053)|STATEMENT_EXECUTE|[25]
16:18:23.3 (6399533)|ENTERING_MANAGED_PKG|
16:18:23.3 (6402985)|HEAP_ALLOCATE|[25]|Bytes:29
16:18:23.3 (6411724)|VARIABLE_SCOPE_BEGIN|[25]|relName1|String|false|false
16:18:23.3 (6418888)|VARIABLE_ASSIGNMENT|[25]|relName1|"testautonumdata__Can (9 more) ..."
16:18:23.3 (6421134)|STATEMENT_EXECUTE|[26]
16:18:23.3 (6431282)|ENTERING_MANAGED_PKG|
16:18:23.3 (6434712)|HEAP_ALLOCATE|[26]|Bytes:33
16:18:23.3 (6443255)|VARIABLE_SCOPE_BEGIN|[26]|relField1|String|false|false
16:18:23.3 (6449353)|VARIABLE_ASSIGNMENT|[26]|relField1|"testautonumdata__Pos (13 more) ..."
16:18:23.3 (6459276)|ENTERING_MANAGED_PKG|
16:18:23.3 (6467572)|STATEMENT_EXECUTE|[28]
16:18:23.3 (6469134)|STATEMENT_EXECUTE|[29]
16:18:23.3 (6478578)|ENTERING_MANAGED_PKG|
16:18:23.3 (6499049)|HEAP_ALLOCATE|[29]|Bytes:28
16:18:23.3 (6511693)|VARIABLE_SCOPE_BEGIN|[29]|relName2|String|false|false
16:18:23.3 (6519200)|VARIABLE_ASSIGNMENT|[29]|relName2|"testautonumdata__Pos (8 more) ..."
16:18:23.3 (6521411)|STATEMENT_EXECUTE|[30]
16:18:23.3 (6534390)|ENTERING_MANAGED_PKG|
16:18:23.3 (6553833)|HEAP_ALLOCATE|[30]|Bytes:4
16:18:23.3 (6566205)|VARIABLE_SCOPE_BEGIN|[30]|relField2|String|false|false
16:18:23.3 (6572808)|VARIABLE_ASSIGNMENT|[30]|relField2|"Name"
16:18:23.3 (6586509)|ENTERING_MANAGED_PKG|
16:18:23.3 (6613733)|STATEMENT_EXECUTE|[34]
16:18:23.3 (6615976)|STATEMENT_EXECUTE|[36]
16:18:23.3 (6628276)|ENTERING_MANAGED_PKG|
16:18:23.3 (6652038)|HEAP_ALLOCATE|[36]|Bytes:28
16:18:23.3 (6665037)|VARIABLE_SCOPE_BEGIN|[36]|objectName2|String|false|false
16:18:23.3 (6672813)|VARIABLE_ASSIGNMENT|[36]|objectName2|"testautonumdata__Pos (8 more) ..."
16:18:23.3 (6675330)|STATEMENT_EXECUTE|[37]
16:18:23.3 (6682285)|METHOD_ENTRY|[37]|01pB0000000lA1s|testautonumdata.InterviewsLCServerController.AddFieldToMap(String, String)
16:18:23.3 (6697739)|VARIABLE_SCOPE_BEGIN|[68]|fieldName|String|false|false
16:18:23.3 (6702754)|VARIABLE_ASSIGNMENT|[68]|fieldName|"Name"
16:18:23.3 (6704561)|VARIABLE_SCOPE_BEGIN|[68]|ObjectName|String|false|false
16:18:23.3 (6707902)|VARIABLE_ASSIGNMENT|[68]|ObjectName|"testautonumdata__Pos (8 more) ..."
16:18:23.3 (6714411)|HEAP_ALLOCATE|[71]|Bytes:5
16:18:23.3 (6717464)|STATEMENT_EXECUTE|[69]
16:18:23.3 (6728718)|ENTERING_MANAGED_PKG|
16:18:23.3 (6736146)|STATEMENT_EXECUTE|[78]
16:18:23.3 (6737541)|STATEMENT_EXECUTE|[79]
16:18:23.3 (6741531)|HEAP_ALLOCATE|[79]|Bytes:4
16:18:23.3 (6752087)|ENTERING_MANAGED_PKG|
16:18:23.3 (6759766)|VARIABLE_SCOPE_BEGIN|[79]|newFieldSet|Set<String>|true|false
16:18:23.3 (6778239)|VARIABLE_ASSIGNMENT|[79]|newFieldSet|{"s":1,"v":[]}|0x687a2627
16:18:23.3 (6781372)|STATEMENT_EXECUTE|[80]
16:18:23.3 (6790936)|ENTERING_MANAGED_PKG|
16:18:23.3 (6797443)|HEAP_ALLOCATE|[EXTERNAL]|Bytes:4
16:18:23.3 (6804478)|STATEMENT_EXECUTE|[81]
16:18:23.3 (6816054)|ENTERING_MANAGED_PKG|
16:18:23.3 (6824660)|HEAP_ALLOCATE|[EXTERNAL]|Bytes:-4
16:18:23.3 (6836685)|METHOD_EXIT|[37]|01pB0000000lA1s|testautonumdata.InterviewsLCServerController.AddFieldToMap(String, String)
16:18:23.3 (6842986)|METHOD_EXIT|[122]|01pB0000000lA1s|testautonumdata.InterviewsLCServerController.AddFieldToObjectsMap(String, String)
16:18:23.3 (6846401)|STATEMENT_EXECUTE|[125]
16:18:23.3 (6847655)|STATEMENT_EXECUTE|[126]
16:18:23.3 (6861925)|ENTERING_MANAGED_PKG|
16:18:23.3 (6885709)|HEAP_ALLOCATE|[126]|Bytes:24
16:18:23.3 (6901884)|HEAP_ALLOCATE|[126]|Bytes:26
16:18:23.3 (6906251)|HEAP_ALLOCATE|[126]|Bytes:192
16:18:23.3 (6914748)|VARIABLE_ASSIGNMENT|[126]|soql|"Select id, testauton (172 more) ..."
16:18:23.3 (6917256)|STATEMENT_EXECUTE|[127]
16:18:23.3 (6923986)|METHOD_ENTRY|[127]|01pB0000000lA1s|testautonumdata.InterviewsLCServerController.AddFieldToObjectsMap(String, String)
16:18:23.3 (6940152)|VARIABLE_SCOPE_BEGIN|[21]|fieldName|String|false|false
16:18:23.3 (6946737)|VARIABLE_ASSIGNMENT|[21]|fieldName|"testautonumdata__Dat (4 more) ..."
16:18:23.3 (6948702)|VARIABLE_SCOPE_BEGIN|[21]|initialObjectName|String|false|false
16:18:23.3 (6952053)|VARIABLE_ASSIGNMENT|[21]|initialObjectName|"testautonumdata__Int (9 more) ..."
16:18:23.3 (6958708)|HEAP_ALLOCATE|[23]|Bytes:5
16:18:23.3 (6961849)|STATEMENT_EXECUTE|[22]
16:18:23.3 (6976615)|ENTERING_MANAGED_PKG|
16:18:23.3 (6985761)|STATEMENT_EXECUTE|[64]
16:18:23.3 (6991353)|METHOD_ENTRY|[64]|01pB0000000lA1s|testautonumdata.InterviewsLCServerController.AddFieldToMap(String, String)
16:18:23.3 (6995103)|VARIABLE_SCOPE_BEGIN|[68]|fieldName|String|false|false
16:18:23.3 (7000933)|VARIABLE_ASSIGNMENT|[68]|fieldName|"testautonumdata__Dat (4 more) ..."
16:18:23.3 (7003547)|VARIABLE_SCOPE_BEGIN|[68]|ObjectName|String|false|false
16:18:23.3 (7006808)|VARIABLE_ASSIGNMENT|[68]|ObjectName|"testautonumdata__Int (9 more) ..."
16:18:23.3 (7011932)|HEAP_ALLOCATE|[71]|Bytes:5
16:18:23.3 (7014595)|STATEMENT_EXECUTE|[69]
16:18:23.3 (7023672)|ENTERING_MANAGED_PKG|
16:18:23.3 (7030747)|STATEMENT_EXECUTE|[72]
16:18:23.3 (7032389)|STATEMENT_EXECUTE|[73]
16:18:23.3 (7038089)|ENTERING_MANAGED_PKG|
16:18:23.3 (7049606)|VARIABLE_SCOPE_BEGIN|[73]|existingFieldSet|Set<String>|true|false
16:18:23.3 (7065684)|VARIABLE_ASSIGNMENT|[73]|existingFieldSet|{"s":1,"v":["Id","testautonumdata__Can (9 more) ..."]}|0x482da003
16:18:23.3 (7068870)|STATEMENT_EXECUTE|[74]
16:18:23.3 (7078114)|ENTERING_MANAGED_PKG|
16:18:23.3 (7084588)|HEAP_ALLOCATE|[EXTERNAL]|Bytes:4
16:18:23.3 (7091471)|STATEMENT_EXECUTE|[75]
16:18:23.3 (7098629)|ENTERING_MANAGED_PKG|
16:18:23.3 (7118813)|METHOD_EXIT|[64]|01pB0000000lA1s|testautonumdata.InterviewsLCServerController.AddFieldToMap(String, String)
16:18:23.3 (7125184)|METHOD_EXIT|[127]|01pB0000000lA1s|testautonumdata.InterviewsLCServerController.AddFieldToObjectsMap(String, String)
16:18:23.3 (7129214)|STATEMENT_EXECUTE|[130]
16:18:23.3 (7130466)|STATEMENT_EXECUTE|[131]
16:18:23.3 (7144463)|ENTERING_MANAGED_PKG|
16:18:23.3 (7168172)|HEAP_ALLOCATE|[131]|Bytes:34
16:18:23.3 (7184359)|HEAP_ALLOCATE|[131]|Bytes:36
16:18:23.3 (7188779)|HEAP_ALLOCATE|[131]|Bytes:228
16:18:23.3 (7197138)|VARIABLE_ASSIGNMENT|[131]|soql|"Select id, testauton (208 more) ..."
16:18:23.3 (7199702)|STATEMENT_EXECUTE|[132]
16:18:23.3 (7206260)|METHOD_ENTRY|[132]|01pB0000000lA1s|testautonumdata.InterviewsLCServerController.AddFieldToObjectsMap(String, String)
16:18:23.3 (7222423)|VARIABLE_SCOPE_BEGIN|[21]|fieldName|String|false|false
16:18:23.3 (7229066)|VARIABLE_ASSIGNMENT|[21]|fieldName|"testautonumdata__Int (14 more) ..."
16:18:23.3 (7230963)|VARIABLE_SCOPE_BEGIN|[21]|initialObjectName|String|false|false
16:18:23.3 (7234219)|VARIABLE_ASSIGNMENT|[21]|initialObjectName|"testautonumdata__Int (9 more) ..."
16:18:23.3 (7240753)|HEAP_ALLOCATE|[23]|Bytes:5
16:18:23.3 (7243903)|STATEMENT_EXECUTE|[22]
16:18:23.3 (7258866)|ENTERING_MANAGED_PKG|
16:18:23.3 (7267904)|STATEMENT_EXECUTE|[64]
16:18:23.3 (7273314)|METHOD_ENTRY|[64]|01pB0000000lA1s|testautonumdata.InterviewsLCServerController.AddFieldToMap(String, String)
16:18:23.3 (7276971)|VARIABLE_SCOPE_BEGIN|[68]|fieldName|String|false|false
16:18:23.3 (7282865)|VARIABLE_ASSIGNMENT|[68]|fieldName|"testautonumdata__Int (14 more) ..."
16:18:23.3 (7284560)|VARIABLE_SCOPE_BEGIN|[68]|ObjectName|String|false|false
16:18:23.3 (7287655)|VARIABLE_ASSIGNMENT|[68]|ObjectName|"testautonumdata__Int (9 more) ..."
16:18:23.3 (7292772)|HEAP_ALLOCATE|[71]|Bytes:5
16:18:23.3 (7295497)|STATEMENT_EXECUTE|[69]
16:18:23.3 (7304420)|ENTERING_MANAGED_PKG|
16:18:23.3 (7311482)|STATEMENT_EXECUTE|[72]
16:18:23.3 (7312801)|STATEMENT_EXECUTE|[73]
16:18:23.3 (7318282)|ENTERING_MANAGED_PKG|
16:18:23.3 (7329312)|VARIABLE_SCOPE_BEGIN|[73]|existingFieldSet|Set<String>|true|false
16:18:23.3 (7346013)|VARIABLE_ASSIGNMENT|[73]|existingFieldSet|{"s":1,"v":["Id","testautonumdata__Can (9 more) ...","testautonumdata__Dat (4 more) ..."]}|0x482da003
16:18:23.3 (7349424)|STATEMENT_EXECUTE|[74]
16:18:23.3 (7358661)|ENTERING_MANAGED_PKG|
16:18:23.3 (7365126)|HEAP_ALLOCATE|[EXTERNAL]|Bytes:4
16:18:23.3 (7371981)|STATEMENT_EXECUTE|[75]
16:18:23.3 (7379150)|ENTERING_MANAGED_PKG|
16:18:23.3 (7398992)|METHOD_EXIT|[64]|01pB0000000lA1s|testautonumdata.InterviewsLCServerController.AddFieldToMap(String, String)
16:18:23.3 (7405148)|METHOD_EXIT|[132]|01pB0000000lA1s|testautonumdata.InterviewsLCServerController.AddFieldToObjectsMap(String, String)
16:18:23.3 (7408062)|STATEMENT_EXECUTE|[135]
16:18:23.3 (7411849)|HEAP_ALLOCATE|[135]|Bytes:6
16:18:23.3 (7427003)|ENTERING_MANAGED_PKG|
16:18:23.3 (7450506)|HEAP_ALLOCATE|[135]|Bytes:29
16:18:23.3 (7466402)|HEAP_ALLOCATE|[135]|Bytes:35
16:18:23.3 (7470909)|HEAP_ALLOCATE|[135]|Bytes:263
16:18:23.3 (7479439)|VARIABLE_ASSIGNMENT|[135]|soql|"Select id, testauton (243 more) ..."
16:18:23.3 (7487265)|STATEMENT_EXECUTE|[139]
16:18:23.3 (7488568)|STATEMENT_EXECUTE|[140]
16:18:23.3 (7491561)|HEAP_ALLOCATE|[140]|Bytes:7
16:18:23.3 (7506508)|ENTERING_MANAGED_PKG|
16:18:23.3 (7528557)|HEAP_ALLOCATE|[140]|Bytes:26
16:18:23.3 (7541843)|HEAP_ALLOCATE|[140]|Bytes:4
16:18:23.3 (7554300)|ENTERING_MANAGED_PKG|
16:18:23.3 (7559693)|HEAP_ALLOCATE|[140]|Bytes:7
16:18:23.3 (7569445)|HEAP_ALLOCATE|[140]|Bytes:1
16:18:23.3 (7583187)|HEAP_ALLOCATE|[140]|Bytes:45
16:18:23.3 (7587987)|HEAP_ALLOCATE|[140]|Bytes:308
16:18:23.3 (7596012)|VARIABLE_ASSIGNMENT|[140]|soql|"Select id, testauton (288 more) ..."
16:18:23.3 (7598434)|STATEMENT_EXECUTE|[141]
16:18:23.3 (7604970)|METHOD_ENTRY|[141]|01pB0000000lA1s|testautonumdata.InterviewsLCServerController.AddFieldToObjectsMap(String, String)
16:18:23.3 (7621157)|VARIABLE_SCOPE_BEGIN|[21]|fieldName|String|false|false
16:18:23.3 (7627488)|VARIABLE_ASSIGNMENT|[21]|fieldName|"testautonumdata__Sta (6 more) ..."
16:18:23.3 (7629346)|VARIABLE_SCOPE_BEGIN|[21]|initialObjectName|String|false|false
16:18:23.3 (7632696)|VARIABLE_ASSIGNMENT|[21]|initialObjectName|"testautonumdata__Int (9 more) ..."
16:18:23.3 (7638893)|HEAP_ALLOCATE|[23]|Bytes:5
16:18:23.3 (7641856)|STATEMENT_EXECUTE|[22]
16:18:23.3 (7655930)|ENTERING_MANAGED_PKG|
16:18:23.3 (7664962)|STATEMENT_EXECUTE|[64]
16:18:23.3 (7670731)|METHOD_ENTRY|[64]|01pB0000000lA1s|testautonumdata.InterviewsLCServerController.AddFieldToMap(String, String)
16:18:23.3 (7674588)|VARIABLE_SCOPE_BEGIN|[68]|fieldName|String|false|false
16:18:23.3 (7680424)|VARIABLE_ASSIGNMENT|[68]|fieldName|"testautonumdata__Sta (6 more) ..."
16:18:23.3 (7682150)|VARIABLE_SCOPE_BEGIN|[68]|ObjectName|String|false|false
16:18:23.3 (7685224)|VARIABLE_ASSIGNMENT|[68]|ObjectName|"testautonumdata__Int (9 more) ..."
16:18:23.3 (7690135)|HEAP_ALLOCATE|[71]|Bytes:5
16:18:23.3 (7692815)|STATEMENT_EXECUTE|[69]
16:18:23.3 (7701634)|ENTERING_MANAGED_PKG|
16:18:23.3 (7708650)|STATEMENT_EXECUTE|[72]
16:18:23.3 (7709922)|STATEMENT_EXECUTE|[73]
16:18:23.3 (7715513)|ENTERING_MANAGED_PKG|
16:18:23.3 (7726333)|VARIABLE_SCOPE_BEGIN|[73]|existingFieldSet|Set<String>|true|false
16:18:23.3 (7743493)|VARIABLE_ASSIGNMENT|[73]|existingFieldSet|{"s":1,"v":["Id","testautonumdata__Can (9 more) ...","testautonumdata__Dat (4 more) ...","testautonumdata__Int (14 more) ..."]}|0x482da003
16:18:23.3 (7747041)|STATEMENT_EXECUTE|[74]
16:18:23.3 (7756248)|ENTERING_MANAGED_PKG|
16:18:23.3 (7762845)|HEAP_ALLOCATE|[EXTERNAL]|Bytes:4
16:18:23.3 (7769968)|STATEMENT_EXECUTE|[75]
16:18:23.3 (7777399)|ENTERING_MANAGED_PKG|
16:18:23.3 (7797140)|METHOD_EXIT|[64]|01pB0000000lA1s|testautonumdata.InterviewsLCServerController.AddFieldToMap(String, String)
16:18:23.3 (7803111)|METHOD_EXIT|[141]|01pB0000000lA1s|testautonumdata.InterviewsLCServerController.AddFieldToObjectsMap(String, String)
16:18:23.3 (7812167)|STATEMENT_EXECUTE|[145]
16:18:23.3 (7813550)|STATEMENT_EXECUTE|[146]
16:18:23.3 (7817087)|HEAP_ALLOCATE|[146]|Bytes:10
16:18:23.3 (7832609)|ENTERING_MANAGED_PKG|
16:18:23.3 (7856443)|HEAP_ALLOCATE|[146]|Bytes:24
16:18:23.3 (7869440)|HEAP_ALLOCATE|[146]|Bytes:1
16:18:23.3 (7882735)|ENTERING_MANAGED_PKG|
16:18:23.3 (7888341)|HEAP_ALLOCATE|[146]|Bytes:4
16:18:23.3 (7905122)|HEAP_ALLOCATE|[146]|Bytes:39
16:18:23.3 (7910545)|HEAP_ALLOCATE|[146]|Bytes:347
16:18:23.3 (7918810)|VARIABLE_ASSIGNMENT|[146]|soql|"Select id, testauton (327 more) ..."
16:18:23.3 (7921358)|STATEMENT_EXECUTE|[147]
16:18:23.3 (7927977)|METHOD_ENTRY|[147]|01pB0000000lA1s|testautonumdata.InterviewsLCServerController.AddFieldToObjectsMap(String, String)
16:18:23.3 (7944144)|VARIABLE_SCOPE_BEGIN|[21]|fieldName|String|false|false
16:18:23.3 (7950362)|VARIABLE_ASSIGNMENT|[21]|fieldName|"testautonumdata__Dat (4 more) ..."
16:18:23.3 (7952215)|VARIABLE_SCOPE_BEGIN|[21]|initialObjectName|String|false|false
16:18:23.3 (7955364)|VARIABLE_ASSIGNMENT|[21]|initialObjectName|"testautonumdata__Int (9 more) ..."
16:18:23.3 (7961703)|HEAP_ALLOCATE|[23]|Bytes:5
16:18:23.3 (7964805)|STATEMENT_EXECUTE|[22]
16:18:23.3 (7979061)|ENTERING_MANAGED_PKG|
16:18:23.3 (7988005)|STATEMENT_EXECUTE|[64]
16:18:23.3 (7993476)|METHOD_ENTRY|[64]|01pB0000000lA1s|testautonumdata.InterviewsLCServerController.AddFieldToMap(String, String)
16:18:23.3 (7997139)|VARIABLE_SCOPE_BEGIN|[68]|fieldName|String|false|false
16:18:23.3 (8003010)|VARIABLE_ASSIGNMENT|[68]|fieldName|"testautonumdata__Dat (4 more) ..."
16:18:23.3 (8005365)|VARIABLE_SCOPE_BEGIN|[68]|ObjectName|String|false|false
16:18:23.3 (8008637)|VARIABLE_ASSIGNMENT|[68]|ObjectName|"testautonumdata__Int (9 more) ..."
16:18:23.3 (8013609)|HEAP_ALLOCATE|[71]|Bytes:5
16:18:23.3 (8016337)|STATEMENT_EXECUTE|[69]
16:18:23.3 (8025276)|ENTERING_MANAGED_PKG|
16:18:23.3 (8032171)|STATEMENT_EXECUTE|[72]
16:18:23.3 (8033493)|STATEMENT_EXECUTE|[73]
16:18:23.3 (8038983)|ENTERING_MANAGED_PKG|
16:18:23.3 (8049661)|VARIABLE_SCOPE_BEGIN|[73]|existingFieldSet|Set<String>|true|false
16:18:23.3 (8067510)|VARIABLE_ASSIGNMENT|[73]|existingFieldSet|{"s":1,"v":["Id","testautonumdata__Can (9 more) ...","testautonumdata__Dat (4 more) ...","testautonumdata__Int (14 more) ...","testautonumdata__Sta (6 more) ..."]}|0x482da003
16:18:23.3 (8071134)|STATEMENT_EXECUTE|[74]
16:18:23.3 (8080462)|ENTERING_MANAGED_PKG|
16:18:23.3 (8086777)|HEAP_ALLOCATE|[EXTERNAL]|Bytes:4
16:18:23.3 (8093637)|STATEMENT_EXECUTE|[75]
16:18:23.3 (8100932)|ENTERING_MANAGED_PKG|
16:18:23.3 (8120737)|METHOD_EXIT|[64]|01pB0000000lA1s|testautonumdata.InterviewsLCServerController.AddFieldToMap(String, String)
16:18:23.3 (8126744)|METHOD_EXIT|[147]|01pB0000000lA1s|testautonumdata.InterviewsLCServerController.AddFieldToObjectsMap(String, String)
16:18:23.3 (8129712)|STATEMENT_EXECUTE|[150]
16:18:23.3 (8133605)|HEAP_ALLOCATE|[150]|Bytes:7
16:18:23.3 (8148488)|ENTERING_MANAGED_PKG|
16:18:23.3 (8171871)|HEAP_ALLOCATE|[150]|Bytes:1
16:18:23.3 (8187728)|HEAP_ALLOCATE|[150]|Bytes:8
16:18:23.3 (8192122)|HEAP_ALLOCATE|[150]|Bytes:355
16:18:23.3 (8200221)|VARIABLE_ASSIGNMENT|[150]|soql|"Select id, testauton (335 more) ..."
16:18:23.3 (8202684)|STATEMENT_EXECUTE|[154]
16:18:23.3 (8205451)|HEAP_ALLOCATE|[154]|Bytes:15
16:18:23.3 (8210389)|HEAP_ALLOCATE|[154]|Bytes:370
16:18:23.3 (8224412)|ENTERING_MANAGED_PKG|
16:18:23.3 (8245260)|USER_DEBUG|[154]|DEBUG|######## soql: Select id, testautonumdata__Candidate__c, testautonumdata__Candidate__r.testautonumdata__Full_Name__c, testautonumdata__Candidate__r.testautonumdata__Position__r.Name, testautonumdata__Date__c, testautonumdata__Interview_Type__c FROM testautonumdata__Interview__c where testautonumdata__Status__c = 'Pending' order by testautonumdata__Date__c desc limit 8
16:18:23.3 (8264973)|ENTERING_MANAGED_PKG|
16:18:23.3 (8294299)|STATEMENT_EXECUTE|[162]
16:18:23.3 (8296387)|STATEMENT_EXECUTE|[163]
16:18:23.3 (8299831)|HEAP_ALLOCATE|[163]|Bytes:27
16:18:23.3 (8318505)|ENTERING_MANAGED_PKG|
16:18:23.3 (8358697)|HEAP_ALLOCATE|[163]|Bytes:257
16:18:23.3 (8374687)|HEAP_ALLOCATE|[163]|Bytes:284
16:18:23.3 (8388126)|ENTERING_MANAGED_PKG|
16:18:23.3 (8394680)|USER_DEBUG|[163]|DEBUG|######## mapObjectsFields: {testautonumdata__Candidate__c={testautonumdata__Full_Name__c}, testautonumdata__Interview__c={Id, testautonumdata__Candidate__c, testautonumdata__Date__c, testautonumdata__Interview_Type__c, testautonumdata__Status__c}, testautonumdata__Position__c={Name}}
16:18:23.3 (8409533)|HEAP_ALLOCATE|[164]|Bytes:4
16:18:23.3 (8425211)|ENTERING_MANAGED_PKG|
16:18:23.3 (8456950)|ENTERING_MANAGED_PKG|
16:18:23.3 (8473622)|HEAP_ALLOCATE|[164]|Bytes:102
16:18:23.3 (8489078)|ENTERING_MANAGED_PKG|
16:18:23.3 (8495918)|HEAP_ALLOCATE|[164]|Bytes:12
16:18:23.3 (8505470)|ENTERING_MANAGED_PKG|
16:18:23.3 (8575872)|HEAP_ALLOCATE|[164]|Bytes:5
16:18:23.3 (8598463)|VARIABLE_SCOPE_BEGIN|[164]|objectName|String|false|false
16:18:23.3 (8607785)|VARIABLE_ASSIGNMENT|[164]|objectName|"testautonumdata__Int (9 more) ..."
16:18:23.3 (8610990)|STATEMENT_EXECUTE|[165]
16:18:23.3 (8612162)|STATEMENT_EXECUTE|[166]
16:18:23.3 (8615229)|HEAP_ALLOCATE|[166]|Bytes:21
16:18:23.3 (8622042)|HEAP_ALLOCATE|[166]|Bytes:50
16:18:23.3 (8635789)|ENTERING_MANAGED_PKG|
16:18:23.3 (8657163)|USER_DEBUG|[166]|DEBUG|######## objectName: testautonumdata__Interview__c
16:18:23.3 (8664846)|STATEMENT_EXECUTE|[167]
16:18:23.3 (8684591)|ENTERING_MANAGED_PKG|
16:18:23.3 (23223899)|HEAP_ALLOCATE|[167]|Bytes:1764
16:18:23.3 (23249923)|ENTERING_MANAGED_PKG|
16:18:23.3 (23359697)|HEAP_ALLOCATE|[167]|Bytes:4
16:18:23.3 (23371891)|VARIABLE_SCOPE_BEGIN|[167]|sObj|SObject|true|false
16:18:23.3 (23388934)|VARIABLE_ASSIGNMENT|[167]|sObj|{}|0x370f58dc
16:18:23.3 (23392021)|STATEMENT_EXECUTE|[168]
16:18:23.3 (23420339)|ENTERING_MANAGED_PKG|
16:18:23.3 (23743020)|HEAP_ALLOCATE|[168]|Bytes:4
16:18:23.3 (24248355)|HEAP_ALLOCATE|[168]|Bytes:80
16:18:23.3 (24261431)|VARIABLE_SCOPE_BEGIN|[168]|m|Map<String,Schema.SObjectField>|true|false
16:18:23.3 (24485126)|VARIABLE_ASSIGNMENT|[168]|m|"{createdbyid=CreatedById, createddate=CreatedDate, id=Id, isdeleted=IsDeleted, lastactivitydate=LastActivityDate, lastmodifiedbyid=LastModifiedById, lastmodifieddate=LastModifiedDate, lastreferenceddate=LastReferencedDate, lastvieweddate=LastViewedDate, name=Name, ...}"|0x44e7ac2b
16:18:23.3 (24491612)|STATEMENT_EXECUTE|[169]
16:18:23.3 (24509054)|ENTERING_MANAGED_PKG|
16:18:23.3 (24549580)|VARIABLE_SCOPE_BEGIN|[169]|objectFieldSet|Set<String>|true|false
16:18:23.3 (24571276)|VARIABLE_ASSIGNMENT|[169]|objectFieldSet|{"s":1,"v":["Id","testautonumdata__Can (9 more) ...","testautonumdata__Dat (4 more) ...","testautonumdata__Int (14 more) ...","testautonumdata__Sta (6 more) ..."]}|0x482da003
16:18:23.3 (24579103)|HEAP_ALLOCATE|[171]|Bytes:4
16:18:23.3 (24595886)|ENTERING_MANAGED_PKG|
16:18:23.3 (24627877)|ENTERING_MANAGED_PKG|
16:18:23.3 (24633444)|HEAP_ALLOCATE|[171]|Bytes:20
16:18:23.3 (24643705)|ENTERING_MANAGED_PKG|
16:18:23.3 (24658930)|HEAP_ALLOCATE|[171]|Bytes:5
16:18:23.3 (24674931)|VARIABLE_SCOPE_BEGIN|[171]|fieldToCheck|String|false|false
16:18:23.3 (24682723)|VARIABLE_ASSIGNMENT|[171]|fieldToCheck|"Id"
16:18:23.3 (24685570)|STATEMENT_EXECUTE|[171]
16:18:23.3 (24686962)|STATEMENT_EXECUTE|[172]
16:18:23.3 (24690217)|HEAP_ALLOCATE|[172]|Bytes:23
16:18:23.3 (24697447)|HEAP_ALLOCATE|[172]|Bytes:25
16:18:23.3 (24711810)|ENTERING_MANAGED_PKG|
16:18:23.3 (24734385)|USER_DEBUG|[172]|DEBUG|######## fieldToCheck: Id
16:18:23.3 (24753285)|ENTERING_MANAGED_PKG|
16:18:23.3 (25051945)|HEAP_ALLOCATE|[174]|Bytes:8
16:18:23.3 (25083154)|STATEMENT_EXECUTE|[174]
16:18:23.3 (25085649)|STATEMENT_EXECUTE|[182]
16:18:23.3 (25089057)|HEAP_ALLOCATE|[182]|Bytes:35
16:18:23.3 (25097451)|HEAP_ALLOCATE|[182]|Bytes:37
16:18:23.3 (25112639)|ENTERING_MANAGED_PKG|
16:18:23.3 (25135671)|USER_DEBUG|[182]|DEBUG|######## User has access to field: Id
16:18:23.3 (25152090)|HEAP_ALLOCATE|[171]|Bytes:5
16:18:23.3 (25165721)|VARIABLE_SCOPE_BEGIN|[171]|fieldToCheck|String|false|false
16:18:23.3 (25174776)|VARIABLE_ASSIGNMENT|[171]|fieldToCheck|"testautonumdata__Can (9 more) ..."
16:18:23.3 (25177547)|STATEMENT_EXECUTE|[171]
16:18:23.3 (25178738)|STATEMENT_EXECUTE|[172]
16:18:23.3 (25184601)|HEAP_ALLOCATE|[172]|Bytes:52
16:18:23.3 (25196605)|ENTERING_MANAGED_PKG|
16:18:23.3 (25202695)|USER_DEBUG|[172]|DEBUG|######## fieldToCheck: testautonumdata__Candidate__c
16:18:23.3 (25213795)|ENTERING_MANAGED_PKG|
16:18:23.3 (25457284)|HEAP_ALLOCATE|[174]|Bytes:8
16:18:23.3 (25473524)|STATEMENT_EXECUTE|[174]
16:18:23.3 (25475787)|STATEMENT_EXECUTE|[182]
16:18:23.3 (25482349)|HEAP_ALLOCATE|[182]|Bytes:64
16:18:23.3 (25494521)|ENTERING_MANAGED_PKG|
16:18:23.3 (25501810)|USER_DEBUG|[182]|DEBUG|######## User has access to field: testautonumdata__Candidate__c
16:18:23.3 (25515639)|HEAP_ALLOCATE|[171]|Bytes:5
16:18:23.3 (25528559)|VARIABLE_SCOPE_BEGIN|[171]|fieldToCheck|String|false|false
16:18:23.3 (25537389)|VARIABLE_ASSIGNMENT|[171]|fieldToCheck|"testautonumdata__Dat (4 more) ..."
16:18:23.3 (25540055)|STATEMENT_EXECUTE|[171]
16:18:23.3 (25541209)|STATEMENT_EXECUTE|[172]
16:18:23.3 (25546712)|HEAP_ALLOCATE|[172]|Bytes:47
16:18:23.3 (25557671)|ENTERING_MANAGED_PKG|
16:18:23.3 (25563828)|USER_DEBUG|[172]|DEBUG|######## fieldToCheck: testautonumdata__Date__c
16:18:23.3 (25574627)|ENTERING_MANAGED_PKG|
16:18:23.3 (26411266)|HEAP_ALLOCATE|[174]|Bytes:8
16:18:23.3 (26428831)|STATEMENT_EXECUTE|[174]
16:18:23.3 (26431132)|STATEMENT_EXECUTE|[182]
16:18:23.3 (26437623)|HEAP_ALLOCATE|[182]|Bytes:59
16:18:23.3 (26450740)|ENTERING_MANAGED_PKG|
16:18:23.3 (26458632)|USER_DEBUG|[182]|DEBUG|######## User has access to field: testautonumdata__Date__c
16:18:23.3 (26473137)|HEAP_ALLOCATE|[171]|Bytes:5
16:18:23.3 (26486297)|VARIABLE_SCOPE_BEGIN|[171]|fieldToCheck|String|false|false
16:18:23.3 (26495761)|VARIABLE_ASSIGNMENT|[171]|fieldToCheck|"testautonumdata__Int (14 more) ..."
16:18:23.3 (26498511)|STATEMENT_EXECUTE|[171]
16:18:23.3 (26499627)|STATEMENT_EXECUTE|[172]
16:18:23.3 (26505108)|HEAP_ALLOCATE|[172]|Bytes:57
16:18:23.3 (26516016)|ENTERING_MANAGED_PKG|
16:18:23.3 (26522245)|USER_DEBUG|[172]|DEBUG|######## fieldToCheck: testautonumdata__Interview_Type__c
16:18:23.3 (26533244)|ENTERING_MANAGED_PKG|
16:18:23.3 (26707972)|HEAP_ALLOCATE|[174]|Bytes:8
16:18:23.3 (26724144)|STATEMENT_EXECUTE|[174]
16:18:23.3 (26726087)|STATEMENT_EXECUTE|[182]
16:18:23.3 (26732301)|HEAP_ALLOCATE|[182]|Bytes:69
16:18:23.3 (26744470)|ENTERING_MANAGED_PKG|
16:18:23.3 (26751639)|USER_DEBUG|[182]|DEBUG|######## User has access to field: testautonumdata__Interview_Type__c
16:18:23.3 (26765613)|HEAP_ALLOCATE|[171]|Bytes:5
16:18:23.3 (26778334)|VARIABLE_SCOPE_BEGIN|[171]|fieldToCheck|String|false|false
16:18:23.3 (26787406)|VARIABLE_ASSIGNMENT|[171]|fieldToCheck|"testautonumdata__Sta (6 more) ..."
16:18:23.3 (26790090)|STATEMENT_EXECUTE|[171]
16:18:23.3 (26791249)|STATEMENT_EXECUTE|[172]
16:18:23.3 (26797044)|HEAP_ALLOCATE|[172]|Bytes:49
16:18:23.3 (26812342)|ENTERING_MANAGED_PKG|
16:18:23.3 (26818905)|USER_DEBUG|[172]|DEBUG|######## fieldToCheck: testautonumdata__Status__c
16:18:23.3 (26830709)|ENTERING_MANAGED_PKG|
16:18:23.3 (26988566)|HEAP_ALLOCATE|[174]|Bytes:8
16:18:23.3 (27004457)|STATEMENT_EXECUTE|[174]
16:18:23.3 (27007220)|STATEMENT_EXECUTE|[182]
16:18:23.3 (27013533)|HEAP_ALLOCATE|[182]|Bytes:61
16:18:23.3 (27025541)|ENTERING_MANAGED_PKG|
16:18:23.3 (27032619)|USER_DEBUG|[182]|DEBUG|######## User has access to field: testautonumdata__Status__c
16:18:23.3 (27045993)|HEAP_ALLOCATE|[171]|Bytes:5
16:18:23.3 (27059400)|VARIABLE_ASSIGNMENT|[171]|fieldToCheck|null
16:18:23.3 (27068623)|HEAP_ALLOCATE|[164]|Bytes:5
16:18:23.3 (27079831)|VARIABLE_SCOPE_BEGIN|[164]|objectName|String|false|false
16:18:23.3 (27087738)|VARIABLE_ASSIGNMENT|[164]|objectName|"testautonumdata__Can (9 more) ..."
16:18:23.3 (27090731)|STATEMENT_EXECUTE|[165]
16:18:23.3 (27091975)|STATEMENT_EXECUTE|[166]
16:18:23.3 (27097324)|HEAP_ALLOCATE|[166]|Bytes:50
16:18:23.3 (27108261)|ENTERING_MANAGED_PKG|
16:18:23.3 (27114183)|USER_DEBUG|[166]|DEBUG|######## objectName: testautonumdata__Candidate__c
16:18:23.3 (27119977)|STATEMENT_EXECUTE|[167]
16:18:23.3 (27126515)|ENTERING_MANAGED_PKG|
16:18:23.3 (32050860)|HEAP_ALLOCATE|[167]|Bytes:1764
16:18:23.3 (32071488)|ENTERING_MANAGED_PKG|
16:18:23.3 (32116760)|HEAP_ALLOCATE|[167]|Bytes:4
16:18:23.3 (32127299)|VARIABLE_SCOPE_BEGIN|[167]|sObj|SObject|true|false
16:18:23.3 (32138771)|VARIABLE_ASSIGNMENT|[167]|sObj|{}|0x51dfadc3
16:18:23.3 (32141800)|STATEMENT_EXECUTE|[168]
16:18:23.3 (32158800)|ENTERING_MANAGED_PKG|
16:18:23.3 (32300741)|HEAP_ALLOCATE|[168]|Bytes:4
16:18:23.3 (32865475)|HEAP_ALLOCATE|[168]|Bytes:136
16:18:23.3 (32877438)|VARIABLE_SCOPE_BEGIN|[168]|m|Map<String,Schema.SObjectField>|true|false
16:18:23.3 (33070019)|VARIABLE_ASSIGNMENT|[168]|m|"{createdbyid=CreatedById, createddate=CreatedDate, id=Id, isdeleted=IsDeleted, lastactivitydate=LastActivityDate, lastmodifiedbyid=LastModifiedById, lastmodifieddate=LastModifiedDate, lastreferenceddate=LastReferencedDate, lastvieweddate=LastViewedDate, name=Name, ...}"|0x1fe20bba
16:18:23.3 (33077251)|STATEMENT_EXECUTE|[169]
16:18:23.3 (33091805)|ENTERING_MANAGED_PKG|
16:18:23.3 (33105621)|VARIABLE_SCOPE_BEGIN|[169]|objectFieldSet|Set<String>|true|false
16:18:23.3 (33123495)|VARIABLE_ASSIGNMENT|[169]|objectFieldSet|{"s":1,"v":["testautonumdata__Ful (9 more) ..."]}|0x4d72aa32
16:18:23.3 (33129852)|HEAP_ALLOCATE|[171]|Bytes:4
16:18:23.3 (33143462)|ENTERING_MANAGED_PKG|
16:18:23.3 (33156182)|ENTERING_MANAGED_PKG|
16:18:23.3 (33160192)|HEAP_ALLOCATE|[171]|Bytes:4
16:18:23.3 (33168490)|ENTERING_MANAGED_PKG|
16:18:23.3 (33181733)|HEAP_ALLOCATE|[171]|Bytes:5
16:18:23.3 (33195396)|VARIABLE_SCOPE_BEGIN|[171]|fieldToCheck|String|false|false
16:18:23.3 (33203737)|VARIABLE_ASSIGNMENT|[171]|fieldToCheck|"testautonumdata__Ful (9 more) ..."
16:18:23.3 (33206507)|STATEMENT_EXECUTE|[171]
16:18:23.3 (33207951)|STATEMENT_EXECUTE|[172]
16:18:23.3 (33214282)|HEAP_ALLOCATE|[172]|Bytes:52
16:18:23.3 (33226235)|ENTERING_MANAGED_PKG|
16:18:23.3 (33233658)|USER_DEBUG|[172]|DEBUG|######## fieldToCheck: testautonumdata__Full_Name__c
16:18:23.3 (33245159)|ENTERING_MANAGED_PKG|
16:18:23.3 (33837696)|HEAP_ALLOCATE|[174]|Bytes:8
16:18:23.3 (33854589)|STATEMENT_EXECUTE|[174]
16:18:23.3 (33856772)|STATEMENT_EXECUTE|[182]
16:18:23.3 (33863695)|HEAP_ALLOCATE|[182]|Bytes:64
16:18:23.3 (33876773)|ENTERING_MANAGED_PKG|
16:18:23.3 (33884624)|USER_DEBUG|[182]|DEBUG|######## User has access to field: testautonumdata__Full_Name__c
16:18:23.3 (33899627)|HEAP_ALLOCATE|[171]|Bytes:5
16:18:23.3 (33913491)|VARIABLE_ASSIGNMENT|[171]|fieldToCheck|null
16:18:23.3 (33922252)|HEAP_ALLOCATE|[164]|Bytes:5
16:18:23.3 (33934148)|VARIABLE_SCOPE_BEGIN|[164]|objectName|String|false|false
16:18:23.3 (33942385)|VARIABLE_ASSIGNMENT|[164]|objectName|"testautonumdata__Pos (8 more) ..."
16:18:23.3 (33945055)|STATEMENT_EXECUTE|[165]
16:18:23.3 (33946239)|STATEMENT_EXECUTE|[166]
16:18:23.3 (33951751)|HEAP_ALLOCATE|[166]|Bytes:49
16:18:23.3 (33963057)|ENTERING_MANAGED_PKG|
16:18:23.3 (33969416)|USER_DEBUG|[166]|DEBUG|######## objectName: testautonumdata__Position__c
16:18:23.3 (33975434)|STATEMENT_EXECUTE|[167]
16:18:23.3 (33981934)|ENTERING_MANAGED_PKG|
16:18:23.3 (38921629)|HEAP_ALLOCATE|[167]|Bytes:1764
16:18:23.3 (38942188)|ENTERING_MANAGED_PKG|
16:18:23.3 (39002664)|HEAP_ALLOCATE|[167]|Bytes:4
16:18:23.3 (39014544)|VARIABLE_SCOPE_BEGIN|[167]|sObj|SObject|true|false
16:18:23.3 (39026547)|VARIABLE_ASSIGNMENT|[167]|sObj|{}|0x357b2741
16:18:23.3 (39029578)|STATEMENT_EXECUTE|[168]
16:18:23.3 (39046670)|ENTERING_MANAGED_PKG|
16:18:23.3 (39187550)|HEAP_ALLOCATE|[168]|Bytes:4
16:18:23.3 (39490828)|HEAP_ALLOCATE|[168]|Bytes:64
16:18:23.3 (39502351)|VARIABLE_SCOPE_BEGIN|[168]|m|Map<String,Schema.SObjectField>|true|false
16:18:23.3 (39661938)|VARIABLE_ASSIGNMENT|[168]|m|"{createdbyid=CreatedById, createddate=CreatedDate, id=Id, isdeleted=IsDeleted, lastactivitydate=LastActivityDate, lastmodifiedbyid=LastModifiedById, lastmodifieddate=LastModifiedDate, lastreferenceddate=LastReferencedDate, lastvieweddate=LastViewedDate, name=Name, ...}"|0x54ad2673
16:18:23.3 (39668295)|STATEMENT_EXECUTE|[169]
16:18:23.3 (39682361)|ENTERING_MANAGED_PKG|
16:18:23.3 (39695973)|VARIABLE_SCOPE_BEGIN|[169]|objectFieldSet|Set<String>|true|false
16:18:23.3 (39712136)|VARIABLE_ASSIGNMENT|[169]|objectFieldSet|{"s":1,"v":["Name"]}|0x687a2627
16:18:23.3 (39718538)|HEAP_ALLOCATE|[171]|Bytes:4
16:18:23.3 (39732013)|ENTERING_MANAGED_PKG|
16:18:23.3 (39744561)|ENTERING_MANAGED_PKG|
16:18:23.3 (39748498)|HEAP_ALLOCATE|[171]|Bytes:4
16:18:23.3 (39756733)|ENTERING_MANAGED_PKG|
16:18:23.3 (39769968)|HEAP_ALLOCATE|[171]|Bytes:5
16:18:23.3 (39783453)|VARIABLE_SCOPE_BEGIN|[171]|fieldToCheck|String|false|false
16:18:23.3 (39790280)|VARIABLE_ASSIGNMENT|[171]|fieldToCheck|"Name"
16:18:23.3 (39793119)|STATEMENT_EXECUTE|[171]
16:18:23.3 (39794479)|STATEMENT_EXECUTE|[172]
16:18:23.3 (39800760)|HEAP_ALLOCATE|[172]|Bytes:27
16:18:23.3 (39817450)|ENTERING_MANAGED_PKG|
16:18:23.3 (39825060)|USER_DEBUG|[172]|DEBUG|######## fieldToCheck: Name
16:18:23.3 (39836857)|ENTERING_MANAGED_PKG|
16:18:23.3 (40029738)|HEAP_ALLOCATE|[174]|Bytes:8
16:18:23.3 (40046964)|STATEMENT_EXECUTE|[174]
16:18:23.3 (40049017)|STATEMENT_EXECUTE|[182]
16:18:23.3 (40055301)|HEAP_ALLOCATE|[182]|Bytes:39
16:18:23.3 (40067826)|ENTERING_MANAGED_PKG|
16:18:23.3 (40075186)|USER_DEBUG|[182]|DEBUG|######## User has access to field: Name
16:18:23.3 (40089412)|HEAP_ALLOCATE|[171]|Bytes:5
16:18:23.3 (40102801)|VARIABLE_ASSIGNMENT|[171]|fieldToCheck|null
16:18:23.3 (40111474)|HEAP_ALLOCATE|[164]|Bytes:5
16:18:23.3 (40121085)|VARIABLE_ASSIGNMENT|[164]|objectName|null
16:18:23.3 (40124416)|STATEMENT_EXECUTE|[190]
16:18:23.3 (40151167)|ENTERING_MANAGED_PKG|
16:18:23.3 (40177130)|HEAP_ALLOCATE|[190]|Bytes:4
16:18:23.3 (40803445)|SOQL_EXECUTE_BEGIN|[190]|Aggregations:0|Select id, testautonumdata__Candidate__c, testautonumdata__Candidate__r.testautonumdata__Full_Name__c, testautonumdata__Candidate__r.testautonumdata__Position__r.Name, testautonumdata__Date__c, testautonumdata__Interview_Type__c FROM testautonumdata__Interview__c where testautonumdata__Status__c = 'Pending' order by testautonumdata__Date__c desc limit 8
16:18:23.3 (72439794)|SOQL_EXECUTE_END|[190]|Rows:2
16:18:23.3 (72466754)|HEAP_ALLOCATE|[190]|Bytes:12
16:18:23.3 (72498602)|HEAP_ALLOCATE|[190]|Bytes:840
16:18:23.3 (72553753)|HEAP_ALLOCATE|[190]|Bytes:12
16:18:23.3 (72570951)|VARIABLE_SCOPE_BEGIN|[190]|lstQueriedRecords|List<SObject>|true|false
16:18:23.3 (72628993)|VARIABLE_ASSIGNMENT|[190]|lstQueriedRecords|{"s":1,"v":[{"s":2,"v":{"Id":"a0NB0000000TaTOMA0","testautonumdata__Can (9 more) ...":"a0MB0000000cQXFMA2","testautonumdata__Dat (4 more) ...":"11/9/2016","testautonumdata__Int (14 more) ...":"Technical Interview","testautonumdata__Can (9 more) ...":{"s":3,"v":{"testautonumdata__Ful (9 more) ...":"Rodrigo Reboucas","testautonumdata__Pos (8 more) ...":"a0LB0000000seqpMAA","Id":"a0MB0000000cQXFMA2","testautonumdata__Pos (8 more) ...":{"s":4,"v":{"Name":"Architect - Force.co (1 more) ...","Id":"a0LB0000000seqpMAA"}}}}}},{"s":5,"v":{"Id":"a0NB0000000RasPMAS","testautonumdata__Can (9 more) ...":"a0MB0000000cQdIMAU","testautonumdata__Dat (4 more) ...":"10/26/2016","testautonumdata__Int (14 more) ...":"Recruiter Interview","testautonumdata__Can (9 more) ...":{"s":6,"v":{"testautonumdata__Ful (9 more) ...":"Lizz Brooks","testautonumdata__Pos (8 more) ...":"a0LB0000000sexWMAQ","Id":"a0MB0000000cQdIMAU","testautonumdata__Pos (8 more) ...":{"s":7,"v":{"Name":"Project Coordinator","Id":"a0LB0000000sexWMAQ"}}}}}}]}|0x574b1a9a
16:18:23.3 (72637606)|STATEMENT_EXECUTE|[192]
16:18:23.3 (72642212)|HEAP_ALLOCATE|[192]|Bytes:28
16:18:23.3 (72666191)|ENTERING_MANAGED_PKG|
16:18:23.3 (72777926)|HEAP_ALLOCATE|[192]|Bytes:395
16:18:23.3 (72797931)|HEAP_ALLOCATE|[192]|Bytes:423
16:18:23.3 (72817997)|ENTERING_MANAGED_PKG|
16:18:23.3 (72826615)|USER_DEBUG|[192]|DEBUG|######## lstQueriedRecords: (testautonumdata__Interview__c:{Id=a0NB0000000TaTOMA0, testautonumdata__Candidate__c=a0MB0000000cQXFMA2, testautonumdata__Date__c=11/9/2016, testautonumdata__Interview_Type__c=Technical Interview}, testautonumdata__Interview__c:{Id=a0NB0000000RasPMAS, testautonumdata__Candidate__c=a0MB0000000cQdIMAU, testautonumdata__Date__c=10/26/2016, testautonumdata__Interview_Type__c=Recruiter Interview})
16:18:23.3 (72908135)|ENTERING_MANAGED_PKG|
16:18:23.3 (73054280)|HEAP_ALLOCATE|[196]|Bytes:5
16:18:23.3 (73093144)|HEAP_ALLOCATE|[196]|Bytes:24
16:18:23.3 (73113058)|VARIABLE_SCOPE_BEGIN|[196]|e|SObject|true|false
16:18:23.3 (73140042)|VARIABLE_ASSIGNMENT|[196]|e|{"s":1,"v":{"Id":"a0NB0000000TaTOMA0","testautonumdata__Can (9 more) ...":"a0MB0000000cQXFMA2","testautonumdata__Dat (4 more) ...":"11/9/2016","testautonumdata__Int (14 more) ...":"Technical Interview","testautonumdata__Can (9 more) ...":{"s":2,"v":{"testautonumdata__Ful (9 more) ...":"Rodrigo Reboucas","testautonumdata__Pos (8 more) ...":"a0LB0000000seqpMAA","Id":"a0MB0000000cQXFMA2","testautonumdata__Pos (8 more) ...":{"s":3,"v":{"Name":"Architect - Force.co (1 more) ...","Id":"a0LB0000000seqpMAA"}}}}}}|0x4c33fe6
16:18:23.3 (73145603)|STATEMENT_EXECUTE|[197]
16:18:23.3 (73147025)|STATEMENT_EXECUTE|[198]
16:18:23.3 (73151315)|HEAP_ALLOCATE|[198]|Bytes:12
16:18:23.3 (73171120)|ENTERING_MANAGED_PKG|
16:18:23.3 (73242984)|HEAP_ALLOCATE|[198]|Bytes:195
16:18:23.3 (73261598)|HEAP_ALLOCATE|[198]|Bytes:207
16:18:23.3 (73275377)|ENTERING_MANAGED_PKG|
16:18:23.3 (73282850)|USER_DEBUG|[198]|DEBUG|######## e: testautonumdata__Interview__c:{Id=a0NB0000000TaTOMA0, testautonumdata__Candidate__c=a0MB0000000cQXFMA2, testautonumdata__Date__c=11/9/2016, testautonumdata__Interview_Type__c=Technical Interview}
16:18:23.3 (73290279)|STATEMENT_EXECUTE|[199]
16:18:23.3 (73298009)|HEAP_ALLOCATE|[199]|Bytes:28
16:18:23.3 (73316246)|CONSTRUCTOR_ENTRY|[199]|01pB0000000lA1s|<init>()
16:18:23.3 (73340092)|VARIABLE_SCOPE_BEGIN|[1]|this|testautonumdata.InterviewsLCServerController|true|false
16:18:23.3 (73381790)|VARIABLE_ASSIGNMENT|[1]|this|{}|0x39f891c
16:18:23.3 (73390660)|HEAP_ALLOCATE|[EXTERNAL]|Bytes:5
16:18:23.3 (73403366)|HEAP_ALLOCATE|[EXTERNAL]|Bytes:6
16:18:23.3 (73440433)|STATEMENT_EXECUTE|[1]
16:18:23.3 (73445205)|HEAP_ALLOCATE|[EXTERNAL]|Bytes:5
16:18:23.3 (73447918)|STATEMENT_EXECUTE|[6]
16:18:23.3 (73449415)|STATEMENT_EXECUTE|[8]
16:18:23.3 (73450328)|STATEMENT_EXECUTE|[10]
16:18:23.3 (73451469)|STATEMENT_EXECUTE|[12]
16:18:23.3 (73452525)|STATEMENT_EXECUTE|[14]
16:18:23.3 (73453540)|STATEMENT_EXECUTE|[16]
16:18:23.3 (73464631)|CONSTRUCTOR_EXIT|[199]|01pB0000000lA1s|<init>()
16:18:23.3 (73469312)|VARIABLE_SCOPE_BEGIN|[199]|i|testautonumdata.InterviewsLCServerController|true|false
16:18:23.3 (73492395)|VARIABLE_ASSIGNMENT|[199]|i|{}|0x39f891c
16:18:23.3 (73495529)|STATEMENT_EXECUTE|[202]
16:18:23.3 (73499260)|HEAP_ALLOCATE|[202]|Bytes:2
16:18:23.3 (73523212)|ENTERING_MANAGED_PKG|
16:18:23.3 (73578232)|HEAP_ALLOCATE|[202]|Bytes:4
16:18:23.3 (73601272)|ENTERING_MANAGED_PKG|
16:18:23.3 (73605948)|HEAP_ALLOCATE|[202]|Bytes:18
16:18:23.3 (73643562)|VARIABLE_ASSIGNMENT|[EXTERNAL]|this|{}|0x39f891c
16:18:23.3 (73650732)|VARIABLE_ASSIGNMENT|[EXTERNAL]|value|"a0NB0000000TaTOMA0"
16:18:23.3 (73663471)|VARIABLE_ASSIGNMENT|[6]|this.recordID|"a0NB0000000TaTOMA0"|0x39f891c
16:18:23.3 (73671583)|STATEMENT_EXECUTE|[204]
16:18:23.3 (73673031)|STATEMENT_EXECUTE|[205]
16:18:23.3 (73683075)|METHOD_ENTRY|[205]|01pB0000000lA1s|testautonumdata.InterviewsLCServerController.GetSobjectField(SObject, String)
16:18:23.3 (73702984)|VARIABLE_SCOPE_BEGIN|[241]|e|SObject|true|false
16:18:23.3 (73727637)|VARIABLE_ASSIGNMENT|[241]|e|{"s":1,"v":{"Id":"a0NB0000000TaTOMA0","testautonumdata__Can (9 more) ...":"a0MB0000000cQXFMA2","testautonumdata__Dat (4 more) ...":"11/9/2016","testautonumdata__Int (14 more) ...":"Technical Interview","testautonumdata__Can (9 more) ...":{"s":2,"v":{"testautonumdata__Ful (9 more) ...":"Rodrigo Reboucas","testautonumdata__Pos (8 more) ...":"a0LB0000000seqpMAA","Id":"a0MB0000000cQXFMA2","testautonumdata__Pos (8 more) ...":{"s":3,"v":{"Name":"Architect - Force.co (1 more) ...","Id":"a0LB0000000seqpMAA"}}}}}}|0x4c33fe6
16:18:23.3 (73732484)|VARIABLE_SCOPE_BEGIN|[241]|lcfield|String|false|false
16:18:23.3 (73736962)|VARIABLE_ASSIGNMENT|[241]|lcfield|"testautonumdata__Can (9 more) ..."
16:18:23.3 (73745361)|HEAP_ALLOCATE|[244]|Bytes:5
16:18:23.3 (73749279)|STATEMENT_EXECUTE|[242]
16:18:23.3 (73750575)|STATEMENT_EXECUTE|[244]
16:18:23.3 (73755687)|VARIABLE_SCOPE_BEGIN|[244]|returnValue|String|false|false
16:18:23.3 (73760994)|VARIABLE_ASSIGNMENT|[244]|returnValue|""
16:18:23.3 (73779287)|ENTERING_MANAGED_PKG|
16:18:23.3 (73816889)|STATEMENT_EXECUTE|[261]
16:18:23.3 (73831659)|ENTERING_MANAGED_PKG|
16:18:23.3 (73882122)|HEAP_ALLOCATE|[261]|Bytes:4
16:18:23.3 (73904188)|ENTERING_MANAGED_PKG|
16:18:23.3 (73908448)|HEAP_ALLOCATE|[261]|Bytes:18
16:18:23.3 (73921237)|VARIABLE_ASSIGNMENT|[261]|returnValue|"a0MB0000000cQXFMA2"
16:18:23.3 (73924400)|STATEMENT_EXECUTE|[263]
16:18:23.3 (73933397)|METHOD_EXIT|[205]|01pB0000000lA1s|testautonumdata.InterviewsLCServerController.GetSobjectField(SObject, String)
16:18:23.3 (73967553)|VARIABLE_ASSIGNMENT|[EXTERNAL]|this|{"recordID":"a0NB0000000TaTOMA0"}|0x39f891c
16:18:23.3 (73973487)|VARIABLE_ASSIGNMENT|[EXTERNAL]|value|"a0MB0000000cQXFMA2"
16:18:23.3 (73982108)|VARIABLE_ASSIGNMENT|[8]|this.eventField|"a0MB0000000cQXFMA2"|0x39f891c
16:18:23.3 (73990195)|STATEMENT_EXECUTE|[208]
16:18:23.3 (73991636)|STATEMENT_EXECUTE|[209]
16:18:23.3 (73997825)|METHOD_ENTRY|[209]|01pB0000000lA1s|testautonumdata.InterviewsLCServerController.GetSobjectField(SObject, String)
16:18:23.3 (74015764)|VARIABLE_SCOPE_BEGIN|[241]|e|SObject|true|false
16:18:23.3 (74039654)|VARIABLE_ASSIGNMENT|[241]|e|{"s":1,"v":{"Id":"a0NB0000000TaTOMA0","testautonumdata__Can (9 more) ...":"a0MB0000000cQXFMA2","testautonumdata__Dat (4 more) ...":"11/9/2016","testautonumdata__Int (14 more) ...":"Technical Interview","testautonumdata__Can (9 more) ...":{"s":2,"v":{"testautonumdata__Ful (9 more) ...":"Rodrigo Reboucas","testautonumdata__Pos (8 more) ...":"a0LB0000000seqpMAA","Id":"a0MB0000000cQXFMA2","testautonumdata__Pos (8 more) ...":{"s":3,"v":{"Name":"Architect - Force.co (1 more) ...","Id":"a0LB0000000seqpMAA"}}}}}}|0x4c33fe6
16:18:23.3 (74048383)|VARIABLE_SCOPE_BEGIN|[241]|lcfield|String|false|false
16:18:23.3 (74052892)|VARIABLE_ASSIGNMENT|[241]|lcfield|"testautonumdata__Can (39 more) ..."
16:18:23.3 (74060483)|HEAP_ALLOCATE|[244]|Bytes:5
16:18:23.3 (74064055)|STATEMENT_EXECUTE|[242]
16:18:23.3 (74065165)|STATEMENT_EXECUTE|[244]
16:18:23.3 (74068998)|VARIABLE_SCOPE_BEGIN|[244]|returnValue|String|false|false
16:18:23.3 (74073270)|VARIABLE_ASSIGNMENT|[244]|returnValue|""
16:18:23.3 (74089772)|ENTERING_MANAGED_PKG|
16:18:23.3 (74099369)|STATEMENT_EXECUTE|[247]
16:18:23.3 (74101056)|STATEMENT_EXECUTE|[248]
16:18:23.3 (74111447)|ENTERING_MANAGED_PKG|
16:18:23.3 (74134448)|HEAP_ALLOCATE|[248]|Bytes:29
16:18:23.3 (74147364)|VARIABLE_SCOPE_BEGIN|[248]|relName|String|false|false
16:18:23.3 (74155606)|VARIABLE_ASSIGNMENT|[248]|relName|"testautonumdata__Can (9 more) ..."
16:18:23.3 (74157993)|STATEMENT_EXECUTE|[249]
16:18:23.3 (74171607)|ENTERING_MANAGED_PKG|
16:18:23.3 (74192199)|HEAP_ALLOCATE|[249]|Bytes:29
16:18:23.3 (74204841)|VARIABLE_SCOPE_BEGIN|[249]|relField|String|false|false
16:18:23.3 (74212800)|VARIABLE_ASSIGNMENT|[249]|relField|"testautonumdata__Ful (9 more) ..."
16:18:23.3 (74226401)|ENTERING_MANAGED_PKG|
16:18:23.3 (74254151)|STATEMENT_EXECUTE|[257]
16:18:23.3 (74271645)|ENTERING_MANAGED_PKG|
16:18:23.3 (74335945)|HEAP_ALLOCATE|[257]|Bytes:20
16:18:23.3 (74359306)|ENTERING_MANAGED_PKG|
16:18:23.3 (74388879)|HEAP_ALLOCATE|[257]|Bytes:16
16:18:23.3 (74409049)|ENTERING_MANAGED_PKG|
16:18:23.3 (74413087)|HEAP_ALLOCATE|[257]|Bytes:16
16:18:23.3 (74426040)|VARIABLE_ASSIGNMENT|[257]|returnValue|"Rodrigo Reboucas"
16:18:23.3 (74429659)|STATEMENT_EXECUTE|[263]
16:18:23.3 (74437933)|METHOD_EXIT|[209]|01pB0000000lA1s|testautonumdata.InterviewsLCServerController.GetSobjectField(SObject, String)
16:18:23.3 (74474444)|VARIABLE_ASSIGNMENT|[EXTERNAL]|this|{"eventField":"a0MB0000000cQXFMA2","recordID":"a0NB0000000TaTOMA0"}|0x39f891c
16:18:23.3 (74480617)|VARIABLE_ASSIGNMENT|[EXTERNAL]|value|"Rodrigo Reboucas"
16:18:23.3 (74489014)|VARIABLE_ASSIGNMENT|[10]|this.column1|"Rodrigo Reboucas"|0x39f891c
16:18:23.3 (74496709)|STATEMENT_EXECUTE|[212]
16:18:23.3 (74498175)|STATEMENT_EXECUTE|[213]
16:18:23.3 (74504241)|METHOD_ENTRY|[213]|01pB0000000lA1s|testautonumdata.InterviewsLCServerController.GetSobjectField(SObject, String)
16:18:23.3 (74522364)|VARIABLE_SCOPE_BEGIN|[241]|e|SObject|true|false
16:18:23.3 (74545292)|VARIABLE_ASSIGNMENT|[241]|e|{"s":1,"v":{"Id":"a0NB0000000TaTOMA0","testautonumdata__Can (9 more) ...":"a0MB0000000cQXFMA2","testautonumdata__Dat (4 more) ...":"11/9/2016","testautonumdata__Int (14 more) ...":"Technical Interview","testautonumdata__Can (9 more) ...":{"s":2,"v":{"testautonumdata__Ful (9 more) ...":"Rodrigo Reboucas","testautonumdata__Pos (8 more) ...":"a0LB0000000seqpMAA","Id":"a0MB0000000cQXFMA2","testautonumdata__Pos (8 more) ...":{"s":3,"v":{"Name":"Architect - Force.co (1 more) ...","Id":"a0LB0000000seqpMAA"}}}}}}|0x4c33fe6
16:18:23.3 (74550334)|VARIABLE_SCOPE_BEGIN|[241]|lcfield|String|false|false
16:18:23.3 (74554762)|VARIABLE_ASSIGNMENT|[241]|lcfield|"testautonumdata__Can (43 more) ..."
16:18:23.3 (74562167)|HEAP_ALLOCATE|[244]|Bytes:5
16:18:23.3 (74565654)|STATEMENT_EXECUTE|[242]
16:18:23.3 (74566842)|STATEMENT_EXECUTE|[244]
16:18:23.3 (74570579)|VARIABLE_SCOPE_BEGIN|[244]|returnValue|String|false|false
16:18:23.3 (74574689)|VARIABLE_ASSIGNMENT|[244]|returnValue|""
16:18:23.3 (74591070)|ENTERING_MANAGED_PKG|
16:18:23.3 (74600733)|STATEMENT_EXECUTE|[247]
16:18:23.3 (74602366)|STATEMENT_EXECUTE|[248]
16:18:23.3 (74611072)|ENTERING_MANAGED_PKG|
16:18:23.3 (74614621)|HEAP_ALLOCATE|[248]|Bytes:29
16:18:23.3 (74623621)|VARIABLE_SCOPE_BEGIN|[248]|relName|String|false|false
16:18:23.3 (74630515)|VARIABLE_ASSIGNMENT|[248]|relName|"testautonumdata__Can (9 more) ..."
16:18:23.3 (74632727)|STATEMENT_EXECUTE|[249]
16:18:23.3 (74642889)|ENTERING_MANAGED_PKG|
16:18:23.3 (74646792)|HEAP_ALLOCATE|[249]|Bytes:33
16:18:23.3 (74655748)|VARIABLE_SCOPE_BEGIN|[249]|relField|String|false|false
16:18:23.3 (74662003)|VARIABLE_ASSIGNMENT|[249]|relField|"testautonumdata__Pos (13 more) ..."
16:18:23.3 (74672130)|ENTERING_MANAGED_PKG|
16:18:23.3 (74680182)|STATEMENT_EXECUTE|[251]
16:18:23.3 (74681684)|STATEMENT_EXECUTE|[252]
16:18:23.3 (74691105)|ENTERING_MANAGED_PKG|
16:18:23.3 (74712773)|HEAP_ALLOCATE|[252]|Bytes:28
16:18:23.3 (74725729)|VARIABLE_SCOPE_BEGIN|[252]|relName2|String|false|false
16:18:23.3 (74733317)|VARIABLE_ASSIGNMENT|[252]|relName2|"testautonumdata__Pos (8 more) ..."
16:18:23.3 (74735637)|STATEMENT_EXECUTE|[253]
16:18:23.3 (74749117)|ENTERING_MANAGED_PKG|
16:18:23.3 (74768672)|HEAP_ALLOCATE|[253]|Bytes:4
16:18:23.3 (74781393)|VARIABLE_SCOPE_BEGIN|[253]|relField2|String|false|false
16:18:23.3 (74787917)|VARIABLE_ASSIGNMENT|[253]|relField2|"Name"
16:18:23.3 (74790298)|STATEMENT_EXECUTE|[254]
16:18:23.3 (74803670)|ENTERING_MANAGED_PKG|
16:18:23.3 (74862162)|HEAP_ALLOCATE|[254]|Bytes:20
16:18:23.3 (74885651)|ENTERING_MANAGED_PKG|
16:18:23.3 (74924840)|HEAP_ALLOCATE|[254]|Bytes:12
16:18:23.3 (74946465)|ENTERING_MANAGED_PKG|
16:18:23.3 (74972266)|HEAP_ALLOCATE|[254]|Bytes:21
16:18:23.3 (74992320)|ENTERING_MANAGED_PKG|
16:18:23.3 (74996297)|HEAP_ALLOCATE|[254]|Bytes:21
16:18:23.3 (75010155)|VARIABLE_ASSIGNMENT|[254]|returnValue|"Architect - Force.co (1 more) ..."
16:18:23.3 (75014303)|STATEMENT_EXECUTE|[263]
16:18:23.3 (75022265)|METHOD_EXIT|[213]|01pB0000000lA1s|testautonumdata.InterviewsLCServerController.GetSobjectField(SObject, String)
16:18:23.3 (75059237)|VARIABLE_ASSIGNMENT|[EXTERNAL]|this|{"column1":"Rodrigo Reboucas","eventField":"a0MB0000000cQXFMA2","recordID":"a0NB0000000TaTOMA0"}|0x39f891c
16:18:23.3 (75066426)|VARIABLE_ASSIGNMENT|[EXTERNAL]|value|"Architect - Force.co (1 more) ..."
16:18:23.3 (75075424)|VARIABLE_ASSIGNMENT|[12]|this.column2|"Architect - Force.co (1 more) ..."|0x39f891c
16:18:23.3 (75083110)|STATEMENT_EXECUTE|[217]
16:18:23.3 (75084550)|STATEMENT_EXECUTE|[218]
16:18:23.3 (75090761)|METHOD_ENTRY|[218]|01pB0000000lA1s|testautonumdata.InterviewsLCServerController.GetSobjectField(SObject, String)
16:18:23.3 (75108716)|VARIABLE_SCOPE_BEGIN|[241]|e|SObject|true|false
16:18:23.3 (75131385)|VARIABLE_ASSIGNMENT|[241]|e|{"s":1,"v":{"Id":"a0NB0000000TaTOMA0","testautonumdata__Can (9 more) ...":"a0MB0000000cQXFMA2","testautonumdata__Dat (4 more) ...":"11/9/2016","testautonumdata__Int (14 more) ...":"Technical Interview","testautonumdata__Can (9 more) ...":{"s":2,"v":{"testautonumdata__Ful (9 more) ...":"Rodrigo Reboucas","testautonumdata__Pos (8 more) ...":"a0LB0000000seqpMAA","Id":"a0MB0000000cQXFMA2","testautonumdata__Pos (8 more) ...":{"s":3,"v":{"Name":"Architect - Force.co (1 more) ...","Id":"a0LB0000000seqpMAA"}}}}}}|0x4c33fe6
16:18:23.3 (75136067)|VARIABLE_SCOPE_BEGIN|[241]|lcfield|String|false|false
16:18:23.3 (75140185)|VARIABLE_ASSIGNMENT|[241]|lcfield|"testautonumdata__Dat (4 more) ..."
16:18:23.3 (75147461)|HEAP_ALLOCATE|[244]|Bytes:5
16:18:23.3 (75151000)|STATEMENT_EXECUTE|[242]
16:18:23.3 (75152146)|STATEMENT_EXECUTE|[244]
16:18:23.3 (75155834)|VARIABLE_SCOPE_BEGIN|[244]|returnValue|String|false|false
16:18:23.3 (75160092)|VARIABLE_ASSIGNMENT|[244]|returnValue|""
16:18:23.3 (75176421)|ENTERING_MANAGED_PKG|
16:18:23.3 (75186389)|STATEMENT_EXECUTE|[261]
16:18:23.3 (75195477)|ENTERING_MANAGED_PKG|
16:18:23.3 (75218572)|HEAP_ALLOCATE|[261]|Bytes:9
16:18:23.3 (75236189)|ENTERING_MANAGED_PKG|
16:18:23.3 (75239971)|HEAP_ALLOCATE|[261]|Bytes:9
16:18:23.3 (75251885)|VARIABLE_ASSIGNMENT|[261]|returnValue|"11/9/2016"
16:18:23.3 (75254667)|STATEMENT_EXECUTE|[263]
16:18:23.3 (75262190)|METHOD_EXIT|[218]|01pB0000000lA1s|testautonumdata.InterviewsLCServerController.GetSobjectField(SObject, String)
16:18:23.3 (75299408)|VARIABLE_ASSIGNMENT|[EXTERNAL]|this|{"column1":"Rodrigo Reboucas","column2":"Architect - Force.co (1 more) ...","eventField":"a0MB0000000cQXFMA2","recordID":"a0NB0000000TaTOMA0"}|0x39f891c
16:18:23.3 (75305591)|VARIABLE_ASSIGNMENT|[EXTERNAL]|value|"11/9/2016"
16:18:23.3 (75313723)|VARIABLE_ASSIGNMENT|[14]|this.column3|"11/9/2016"|0x39f891c
16:18:23.3 (75321750)|STATEMENT_EXECUTE|[222]
16:18:23.3 (75323097)|STATEMENT_EXECUTE|[223]
16:18:23.3 (75329229)|METHOD_ENTRY|[223]|01pB0000000lA1s|testautonumdata.InterviewsLCServerController.GetSobjectField(SObject, String)
16:18:23.3 (75346373)|VARIABLE_SCOPE_BEGIN|[241]|e|SObject|true|false
16:18:23.3 (75368492)|VARIABLE_ASSIGNMENT|[241]|e|{"s":1,"v":{"Id":"a0NB0000000TaTOMA0","testautonumdata__Can (9 more) ...":"a0MB0000000cQXFMA2","testautonumdata__Dat (4 more) ...":"11/9/2016","testautonumdata__Int (14 more) ...":"Technical Interview","testautonumdata__Can (9 more) ...":{"s":2,"v":{"testautonumdata__Ful (9 more) ...":"Rodrigo Reboucas","testautonumdata__Pos (8 more) ...":"a0LB0000000seqpMAA","Id":"a0MB0000000cQXFMA2","testautonumdata__Pos (8 more) ...":{"s":3,"v":{"Name":"Architect - Force.co (1 more) ...","Id":"a0LB0000000seqpMAA"}}}}}}|0x4c33fe6
16:18:23.3 (75373426)|VARIABLE_SCOPE_BEGIN|[241]|lcfield|String|false|false
16:18:23.3 (75377216)|VARIABLE_ASSIGNMENT|[241]|lcfield|"testautonumdata__Int (14 more) ..."
16:18:23.3 (75384310)|HEAP_ALLOCATE|[244]|Bytes:5
16:18:23.3 (75387689)|STATEMENT_EXECUTE|[242]
16:18:23.3 (75388866)|STATEMENT_EXECUTE|[244]
16:18:23.3 (75392510)|VARIABLE_SCOPE_BEGIN|[244]|returnValue|String|false|false
16:18:23.3 (75396517)|VARIABLE_ASSIGNMENT|[244]|returnValue|""
16:18:23.3 (75412591)|ENTERING_MANAGED_PKG|
16:18:23.3 (75421950)|STATEMENT_EXECUTE|[261]
16:18:23.3 (75431012)|ENTERING_MANAGED_PKG|
16:18:23.3 (75453729)|HEAP_ALLOCATE|[261]|Bytes:19
16:18:23.3 (75471916)|ENTERING_MANAGED_PKG|
16:18:23.3 (75475708)|HEAP_ALLOCATE|[261]|Bytes:19
16:18:23.3 (75487698)|VARIABLE_ASSIGNMENT|[261]|returnValue|"Technical Interview"
16:18:23.3 (75490598)|STATEMENT_EXECUTE|[263]
16:18:23.3 (75497810)|METHOD_EXIT|[223]|01pB0000000lA1s|testautonumdata.InterviewsLCServerController.GetSobjectField(SObject, String)
16:18:23.3 (75534873)|VARIABLE_ASSIGNMENT|[EXTERNAL]|this|{"column1":"Rodrigo Reboucas","column2":"Architect - Force.co (1 more) ...","column3":"11/9/2016","eventField":"a0MB0000000cQXFMA2","recordID":"a0NB0000000TaTOMA0"}|0x39f891c
16:18:23.3 (75541040)|VARIABLE_ASSIGNMENT|[EXTERNAL]|value|"Technical Interview"
16:18:23.3 (75549397)|VARIABLE_ASSIGNMENT|[16]|this.column4|"Technical Interview"|0x39f891c
16:18:23.3 (75556532)|STATEMENT_EXECUTE|[227]
16:18:23.3 (75570551)|ENTERING_MANAGED_PKG|
16:18:23.3 (75605569)|HEAP_ALLOCATE|[EXTERNAL]|Bytes:4
16:18:23.3 (75614603)|STATEMENT_EXECUTE|[229]
16:18:23.3 (75618660)|HEAP_ALLOCATE|[229]|Bytes:12
16:18:23.3 (75635719)|ENTERING_MANAGED_PKG|
16:18:23.3 (75707446)|HEAP_ALLOCATE|[229]|Bytes:470
16:18:23.3 (75726784)|HEAP_ALLOCATE|[229]|Bytes:482
16:18:23.3 (75741487)|ENTERING_MANAGED_PKG|
16:18:23.3 (75749123)|USER_DEBUG|[229]|DEBUG|######## i: InterviewsLCServerController:[column1=Rodrigo Reboucas, column2=Architect - Force.com, column3=11/9/2016, column4=Technical Interview, eventField=a0MB0000000cQXFMA2, mapObjectsFields={testautonumdata__Candidate__c={testautonumdata__Full_Name__c}, testautonumdata__Interview__c={Id, testautonumdata__Candidate__c, testautonumdata__Date__c, testautonumdata__Interview_Type__c, testautonumdata__Status__c}, testautonumdata__Position__c={Name}}, recordID=a0NB0000000TaTOMA0]
16:18:23.3 (75765614)|HEAP_ALLOCATE|[196]|Bytes:5
16:18:23.3 (75793709)|HEAP_ALLOCATE|[196]|Bytes:24
16:18:23.3 (75806254)|VARIABLE_SCOPE_BEGIN|[196]|e|SObject|true|false
16:18:23.3 (75840647)|VARIABLE_ASSIGNMENT|[196]|e|{"s":1,"v":{"Id":"a0NB0000000RasPMAS","testautonumdata__Can (9 more) ...":"a0MB0000000cQdIMAU","testautonumdata__Dat (4 more) ...":"10/26/2016","testautonumdata__Int (14 more) ...":"Recruiter Interview","testautonumdata__Can (9 more) ...":{"s":2,"v":{"testautonumdata__Ful (9 more) ...":"Lizz Brooks","testautonumdata__Pos (8 more) ...":"a0LB0000000sexWMAQ","Id":"a0MB0000000cQdIMAU","testautonumdata__Pos (8 more) ...":{"s":3,"v":{"Name":"Project Coordinator","Id":"a0LB0000000sexWMAQ"}}}}}}|0x6da3ded3
16:18:23.3 (75846228)|STATEMENT_EXECUTE|[197]
16:18:23.3 (75847554)|STATEMENT_EXECUTE|[198]
16:18:23.3 (75863927)|ENTERING_MANAGED_PKG|
16:18:23.3 (75910047)|HEAP_ALLOCATE|[198]|Bytes:196
16:18:23.3 (75926050)|HEAP_ALLOCATE|[198]|Bytes:208
16:18:23.3 (75936592)|ENTERING_MANAGED_PKG|
16:18:23.3 (75943410)|USER_DEBUG|[198]|DEBUG|######## e: testautonumdata__Interview__c:{Id=a0NB0000000RasPMAS, testautonumdata__Candidate__c=a0MB0000000cQdIMAU, testautonumdata__Date__c=10/26/2016, testautonumdata__Interview_Type__c=Recruiter Interview}
16:18:23.3 (75950493)|STATEMENT_EXECUTE|[199]
16:18:23.3 (75955323)|HEAP_ALLOCATE|[199]|Bytes:28
16:18:23.3 (75965685)|CONSTRUCTOR_ENTRY|[199]|01pB0000000lA1s|<init>()
16:18:23.3 (75970304)|VARIABLE_SCOPE_BEGIN|[1]|this|testautonumdata.InterviewsLCServerController|true|false
16:18:23.3 (75994300)|VARIABLE_ASSIGNMENT|[1]|this|{}|0x5e15c4ad
16:18:23.3 (76001463)|HEAP_ALLOCATE|[EXTERNAL]|Bytes:5
16:18:23.3 (76017579)|STATEMENT_EXECUTE|[1]
16:18:23.3 (76021031)|HEAP_ALLOCATE|[EXTERNAL]|Bytes:5
16:18:23.3 (76023112)|STATEMENT_EXECUTE|[6]
16:18:23.3 (76024341)|STATEMENT_EXECUTE|[8]
16:18:23.3 (76025273)|STATEMENT_EXECUTE|[10]
16:18:23.3 (76026346)|STATEMENT_EXECUTE|[12]
16:18:23.3 (76027289)|STATEMENT_EXECUTE|[14]
16:18:23.3 (76028266)|STATEMENT_EXECUTE|[16]
16:18:23.3 (76038457)|CONSTRUCTOR_EXIT|[199]|01pB0000000lA1s|<init>()
16:18:23.3 (76042793)|VARIABLE_SCOPE_BEGIN|[199]|i|testautonumdata.InterviewsLCServerController|true|false
16:18:23.3 (76063615)|VARIABLE_ASSIGNMENT|[199]|i|{}|0x5e15c4ad
16:18:23.3 (76066700)|STATEMENT_EXECUTE|[202]
16:18:23.3 (76083875)|ENTERING_MANAGED_PKG|
16:18:23.3 (76105907)|HEAP_ALLOCATE|[202]|Bytes:4
16:18:23.3 (76124956)|ENTERING_MANAGED_PKG|
16:18:23.3 (76129078)|HEAP_ALLOCATE|[202]|Bytes:18
16:18:23.3 (76159870)|VARIABLE_ASSIGNMENT|[EXTERNAL]|this|{}|0x5e15c4ad
16:18:23.3 (76166755)|VARIABLE_ASSIGNMENT|[EXTERNAL]|value|"a0NB0000000RasPMAS"
16:18:23.3 (76175376)|VARIABLE_ASSIGNMENT|[6]|this.recordID|"a0NB0000000RasPMAS"|0x5e15c4ad
16:18:23.3 (76182471)|STATEMENT_EXECUTE|[204]
16:18:23.3 (76183840)|STATEMENT_EXECUTE|[205]
16:18:23.3 (76189224)|METHOD_ENTRY|[205]|01pB0000000lA1s|testautonumdata.InterviewsLCServerController.GetSobjectField(SObject, String)
16:18:23.3 (76193664)|VARIABLE_SCOPE_BEGIN|[241]|e|SObject|true|false
16:18:23.3 (76215256)|VARIABLE_ASSIGNMENT|[241]|e|{"s":1,"v":{"Id":"a0NB0000000RasPMAS","testautonumdata__Can (9 more) ...":"a0MB0000000cQdIMAU","testautonumdata__Dat (4 more) ...":"10/26/2016","testautonumdata__Int (14 more) ...":"Recruiter Interview","testautonumdata__Can (9 more) ...":{"s":2,"v":{"testautonumdata__Ful (9 more) ...":"Lizz Brooks","testautonumdata__Pos (8 more) ...":"a0LB0000000sexWMAQ","Id":"a0MB0000000cQdIMAU","testautonumdata__Pos (8 more) ...":{"s":3,"v":{"Name":"Project Coordinator","Id":"a0LB0000000sexWMAQ"}}}}}}|0x6da3ded3
16:18:23.3 (76219472)|VARIABLE_SCOPE_BEGIN|[241]|lcfield|String|false|false
16:18:23.3 (76223499)|VARIABLE_ASSIGNMENT|[241]|lcfield|"testautonumdata__Can (9 more) ..."
16:18:23.3 (76230572)|HEAP_ALLOCATE|[244]|Bytes:5
16:18:23.3 (76233910)|STATEMENT_EXECUTE|[242]
16:18:23.3 (76235058)|STATEMENT_EXECUTE|[244]
16:18:23.3 (76238772)|VARIABLE_SCOPE_BEGIN|[244]|returnValue|String|false|false
16:18:23.3 (76242937)|VARIABLE_ASSIGNMENT|[244]|returnValue|""
16:18:23.3 (76258353)|ENTERING_MANAGED_PKG|
16:18:23.3 (76267712)|STATEMENT_EXECUTE|[261]
16:18:23.3 (76276844)|ENTERING_MANAGED_PKG|
16:18:23.3 (76303735)|HEAP_ALLOCATE|[261]|Bytes:4
16:18:23.3 (76322387)|ENTERING_MANAGED_PKG|
16:18:23.3 (76326278)|HEAP_ALLOCATE|[261]|Bytes:18
16:18:23.3 (76338676)|VARIABLE_ASSIGNMENT|[261]|returnValue|"a0MB0000000cQdIMAU"
16:18:23.3 (76341600)|STATEMENT_EXECUTE|[263]
16:18:23.3 (76349224)|METHOD_EXIT|[205]|01pB0000000lA1s|testautonumdata.InterviewsLCServerController.GetSobjectField(SObject, String)
16:18:23.3 (76378070)|VARIABLE_ASSIGNMENT|[EXTERNAL]|this|{"recordID":"a0NB0000000RasPMAS"}|0x5e15c4ad
16:18:23.3 (76383728)|VARIABLE_ASSIGNMENT|[EXTERNAL]|value|"a0MB0000000cQdIMAU"
16:18:23.3 (76390963)|VARIABLE_ASSIGNMENT|[8]|this.eventField|"a0MB0000000cQdIMAU"|0x5e15c4ad
16:18:23.3 (76398322)|STATEMENT_EXECUTE|[208]
16:18:23.3 (76399875)|STATEMENT_EXECUTE|[209]
16:18:23.3 (76404956)|METHOD_ENTRY|[209]|01pB0000000lA1s|testautonumdata.InterviewsLCServerController.GetSobjectField(SObject, String)
16:18:23.3 (76409206)|VARIABLE_SCOPE_BEGIN|[241]|e|SObject|true|false
16:18:23.3 (76429623)|VARIABLE_ASSIGNMENT|[241]|e|{"s":1,"v":{"Id":"a0NB0000000RasPMAS","testautonumdata__Can (9 more) ...":"a0MB0000000cQdIMAU","testautonumdata__Dat (4 more) ...":"10/26/2016","testautonumdata__Int (14 more) ...":"Recruiter Interview","testautonumdata__Can (9 more) ...":{"s":2,"v":{"testautonumdata__Ful (9 more) ...":"Lizz Brooks","testautonumdata__Pos (8 more) ...":"a0LB0000000sexWMAQ","Id":"a0MB0000000cQdIMAU","testautonumdata__Pos (8 more) ...":{"s":3,"v":{"Name":"Project Coordinator","Id":"a0LB0000000sexWMAQ"}}}}}}|0x6da3ded3
16:18:23.3 (76433728)|VARIABLE_SCOPE_BEGIN|[241]|lcfield|String|false|false
16:18:23.3 (76437631)|VARIABLE_ASSIGNMENT|[241]|lcfield|"testautonumdata__Can (39 more) ..."
16:18:23.3 (76444372)|HEAP_ALLOCATE|[244]|Bytes:5
16:18:23.3 (76447598)|STATEMENT_EXECUTE|[242]
16:18:23.3 (76448702)|STATEMENT_EXECUTE|[244]
16:18:23.3 (76452219)|VARIABLE_SCOPE_BEGIN|[244]|returnValue|String|false|false
16:18:23.3 (76456528)|VARIABLE_ASSIGNMENT|[244]|returnValue|""
16:18:23.3 (76472003)|ENTERING_MANAGED_PKG|
16:18:23.3 (76481507)|STATEMENT_EXECUTE|[247]
16:18:23.3 (76483113)|STATEMENT_EXECUTE|[248]
16:18:23.3 (76491742)|ENTERING_MANAGED_PKG|
16:18:23.3 (76495301)|HEAP_ALLOCATE|[248]|Bytes:29
16:18:23.3 (76504167)|VARIABLE_SCOPE_BEGIN|[248]|relName|String|false|false
16:18:23.3 (76510892)|VARIABLE_ASSIGNMENT|[248]|relName|"testautonumdata__Can (9 more) ..."
16:18:23.3 (76513013)|STATEMENT_EXECUTE|[249]
16:18:23.3 (76523206)|ENTERING_MANAGED_PKG|
16:18:23.3 (76526771)|HEAP_ALLOCATE|[249]|Bytes:29
16:18:23.3 (76535572)|VARIABLE_SCOPE_BEGIN|[249]|relField|String|false|false
16:18:23.3 (76541941)|VARIABLE_ASSIGNMENT|[249]|relField|"testautonumdata__Ful (9 more) ..."
16:18:23.3 (76551716)|ENTERING_MANAGED_PKG|
16:18:23.3 (76559965)|STATEMENT_EXECUTE|[257]
16:18:23.3 (76568929)|ENTERING_MANAGED_PKG|
16:18:23.3 (76611639)|HEAP_ALLOCATE|[257]|Bytes:20
16:18:23.3 (76633250)|ENTERING_MANAGED_PKG|
16:18:23.3 (76661670)|HEAP_ALLOCATE|[257]|Bytes:11
16:18:23.3 (76680442)|ENTERING_MANAGED_PKG|
16:18:23.3 (76684334)|HEAP_ALLOCATE|[257]|Bytes:11
16:18:23.3 (76696688)|VARIABLE_ASSIGNMENT|[257]|returnValue|"Lizz Brooks"
16:18:23.3 (76699857)|STATEMENT_EXECUTE|[263]
16:18:23.3 (76707539)|METHOD_EXIT|[209]|01pB0000000lA1s|testautonumdata.InterviewsLCServerController.GetSobjectField(SObject, String)
16:18:23.3 (76738177)|VARIABLE_ASSIGNMENT|[EXTERNAL]|this|{"eventField":"a0MB0000000cQdIMAU","recordID":"a0NB0000000RasPMAS"}|0x5e15c4ad
16:18:23.3 (76743758)|VARIABLE_ASSIGNMENT|[EXTERNAL]|value|"Lizz Brooks"
16:18:23.3 (76751018)|VARIABLE_ASSIGNMENT|[10]|this.column1|"Lizz Brooks"|0x5e15c4ad
16:18:23.3 (76758176)|STATEMENT_EXECUTE|[212]
16:18:23.3 (76759542)|STATEMENT_EXECUTE|[213]
16:18:23.3 (76764457)|METHOD_ENTRY|[213]|01pB0000000lA1s|testautonumdata.InterviewsLCServerController.GetSobjectField(SObject, String)
16:18:23.3 (76768514)|VARIABLE_SCOPE_BEGIN|[241]|e|SObject|true|false
16:18:23.3 (76789563)|VARIABLE_ASSIGNMENT|[241]|e|{"s":1,"v":{"Id":"a0NB0000000RasPMAS","testautonumdata__Can (9 more) ...":"a0MB0000000cQdIMAU","testautonumdata__Dat (4 more) ...":"10/26/2016","testautonumdata__Int (14 more) ...":"Recruiter Interview","testautonumdata__Can (9 more) ...":{"s":2,"v":{"testautonumdata__Ful (9 more) ...":"Lizz Brooks","testautonumdata__Pos (8 more) ...":"a0LB0000000sexWMAQ","Id":"a0MB0000000cQdIMAU","testautonumdata__Pos (8 more) ...":{"s":3,"v":{"Name":"Project Coordinator","Id":"a0LB0000000sexWMAQ"}}}}}}|0x6da3ded3
16:18:23.3 (76794443)|VARIABLE_SCOPE_BEGIN|[241]|lcfield|String|false|false
16:18:23.3 (76798435)|VARIABLE_ASSIGNMENT|[241]|lcfield|"testautonumdata__Can (43 more) ..."
16:18:23.3 (76805034)|HEAP_ALLOCATE|[244]|Bytes:5
16:18:23.3 (76813236)|STATEMENT_EXECUTE|[242]
16:18:23.3 (76814537)|STATEMENT_EXECUTE|[244]
16:18:23.3 (76818391)|VARIABLE_SCOPE_BEGIN|[244]|returnValue|String|false|false
16:18:23.3 (76822735)|VARIABLE_ASSIGNMENT|[244]|returnValue|""
16:18:23.3 (76838553)|ENTERING_MANAGED_PKG|
16:18:23.3 (76848000)|STATEMENT_EXECUTE|[247]
16:18:23.3 (76849577)|STATEMENT_EXECUTE|[248]
16:18:23.3 (76858287)|ENTERING_MANAGED_PKG|
16:18:23.3 (76861932)|HEAP_ALLOCATE|[248]|Bytes:29
16:18:23.3 (76870591)|VARIABLE_SCOPE_BEGIN|[248]|relName|String|false|false
16:18:23.3 (76877602)|VARIABLE_ASSIGNMENT|[248]|relName|"testautonumdata__Can (9 more) ..."
16:18:23.3 (76879824)|STATEMENT_EXECUTE|[249]
16:18:23.3 (76890045)|ENTERING_MANAGED_PKG|
16:18:23.3 (76893620)|HEAP_ALLOCATE|[249]|Bytes:33
16:18:23.3 (76902329)|VARIABLE_SCOPE_BEGIN|[249]|relField|String|false|false
16:18:23.3 (76908623)|VARIABLE_ASSIGNMENT|[249]|relField|"testautonumdata__Pos (13 more) ..."
16:18:23.3 (76918652)|ENTERING_MANAGED_PKG|
16:18:23.3 (76926894)|STATEMENT_EXECUTE|[251]
16:18:23.3 (76928500)|STATEMENT_EXECUTE|[252]
16:18:23.3 (76936596)|ENTERING_MANAGED_PKG|
16:18:23.3 (76939754)|HEAP_ALLOCATE|[252]|Bytes:28
16:18:23.3 (76947994)|VARIABLE_SCOPE_BEGIN|[252]|relName2|String|false|false
16:18:23.3 (76953931)|VARIABLE_ASSIGNMENT|[252]|relName2|"testautonumdata__Pos (8 more) ..."
16:18:23.3 (76956286)|STATEMENT_EXECUTE|[253]
16:18:23.3 (76965866)|ENTERING_MANAGED_PKG|
16:18:23.3 (76969106)|HEAP_ALLOCATE|[253]|Bytes:4
16:18:23.3 (76977730)|VARIABLE_SCOPE_BEGIN|[253]|relField2|String|false|false
16:18:23.3 (76983067)|VARIABLE_ASSIGNMENT|[253]|relField2|"Name"
16:18:23.3 (76985069)|STATEMENT_EXECUTE|[254]
16:18:23.3 (76994508)|ENTERING_MANAGED_PKG|
16:18:23.3 (77028781)|HEAP_ALLOCATE|[254]|Bytes:20
16:18:23.3 (77050500)|ENTERING_MANAGED_PKG|
16:18:23.3 (77088278)|HEAP_ALLOCATE|[254]|Bytes:12
16:18:23.3 (77108784)|ENTERING_MANAGED_PKG|
16:18:23.3 (77133753)|HEAP_ALLOCATE|[254]|Bytes:19
16:18:23.3 (77152506)|ENTERING_MANAGED_PKG|
16:18:23.3 (77156470)|HEAP_ALLOCATE|[254]|Bytes:19
16:18:23.3 (77169127)|VARIABLE_ASSIGNMENT|[254]|returnValue|"Project Coordinator"
16:18:23.3 (77172481)|STATEMENT_EXECUTE|[263]
16:18:23.3 (77180060)|METHOD_EXIT|[213]|01pB0000000lA1s|testautonumdata.InterviewsLCServerController.GetSobjectField(SObject, String)
16:18:23.3 (77211225)|VARIABLE_ASSIGNMENT|[EXTERNAL]|this|{"column1":"Lizz Brooks","eventField":"a0MB0000000cQdIMAU","recordID":"a0NB0000000RasPMAS"}|0x5e15c4ad
16:18:23.3 (77217289)|VARIABLE_ASSIGNMENT|[EXTERNAL]|value|"Project Coordinator"
16:18:23.3 (77224813)|VARIABLE_ASSIGNMENT|[12]|this.column2|"Project Coordinator"|0x5e15c4ad
16:18:23.3 (77232088)|STATEMENT_EXECUTE|[217]
16:18:23.3 (77233408)|STATEMENT_EXECUTE|[218]
16:18:23.3 (77238429)|METHOD_ENTRY|[218]|01pB0000000lA1s|testautonumdata.InterviewsLCServerController.GetSobjectField(SObject, String)
16:18:23.3 (77242507)|VARIABLE_SCOPE_BEGIN|[241]|e|SObject|true|false
16:18:23.3 (77263331)|VARIABLE_ASSIGNMENT|[241]|e|{"s":1,"v":{"Id":"a0NB0000000RasPMAS","testautonumdata__Can (9 more) ...":"a0MB0000000cQdIMAU","testautonumdata__Dat (4 more) ...":"10/26/2016","testautonumdata__Int (14 more) ...":"Recruiter Interview","testautonumdata__Can (9 more) ...":{"s":2,"v":{"testautonumdata__Ful (9 more) ...":"Lizz Brooks","testautonumdata__Pos (8 more) ...":"a0LB0000000sexWMAQ","Id":"a0MB0000000cQdIMAU","testautonumdata__Pos (8 more) ...":{"s":3,"v":{"Name":"Project Coordinator","Id":"a0LB0000000sexWMAQ"}}}}}}|0x6da3ded3
16:18:23.3 (77267317)|VARIABLE_SCOPE_BEGIN|[241]|lcfield|String|false|false
16:18:23.3 (77271189)|VARIABLE_ASSIGNMENT|[241]|lcfield|"testautonumdata__Dat (4 more) ..."
16:18:23.3 (77277714)|HEAP_ALLOCATE|[244]|Bytes:5
16:18:23.3 (77280932)|STATEMENT_EXECUTE|[242]
16:18:23.3 (77282014)|STATEMENT_EXECUTE|[244]
16:18:23.3 (77285438)|VARIABLE_SCOPE_BEGIN|[244]|returnValue|String|false|false
16:18:23.3 (77289513)|VARIABLE_ASSIGNMENT|[244]|returnValue|""
16:18:23.3 (77304901)|ENTERING_MANAGED_PKG|
16:18:23.3 (77314264)|STATEMENT_EXECUTE|[261]
16:18:23.3 (77323346)|ENTERING_MANAGED_PKG|
16:18:23.3 (77346020)|HEAP_ALLOCATE|[261]|Bytes:10
16:18:23.3 (77363696)|ENTERING_MANAGED_PKG|
16:18:23.3 (77367397)|HEAP_ALLOCATE|[261]|Bytes:10
16:18:23.3 (77379011)|VARIABLE_ASSIGNMENT|[261]|returnValue|"10/26/2016"
16:18:23.3 (77381841)|STATEMENT_EXECUTE|[263]
16:18:23.3 (77389060)|METHOD_EXIT|[218]|01pB0000000lA1s|testautonumdata.InterviewsLCServerController.GetSobjectField(SObject, String)
16:18:23.3 (77420098)|VARIABLE_ASSIGNMENT|[EXTERNAL]|this|{"column1":"Lizz Brooks","column2":"Project Coordinator","eventField":"a0MB0000000cQdIMAU","recordID":"a0NB0000000RasPMAS"}|0x5e15c4ad
16:18:23.3 (77425840)|VARIABLE_ASSIGNMENT|[EXTERNAL]|value|"10/26/2016"
16:18:23.3 (77432881)|VARIABLE_ASSIGNMENT|[14]|this.column3|"10/26/2016"|0x5e15c4ad
16:18:23.3 (77439931)|STATEMENT_EXECUTE|[222]
16:18:23.3 (77441240)|STATEMENT_EXECUTE|[223]
16:18:23.3 (77446074)|METHOD_ENTRY|[223]|01pB0000000lA1s|testautonumdata.InterviewsLCServerController.GetSobjectField(SObject, String)
16:18:23.3 (77450113)|VARIABLE_SCOPE_BEGIN|[241]|e|SObject|true|false
16:18:23.3 (77470081)|VARIABLE_ASSIGNMENT|[241]|e|{"s":1,"v":{"Id":"a0NB0000000RasPMAS","testautonumdata__Can (9 more) ...":"a0MB0000000cQdIMAU","testautonumdata__Dat (4 more) ...":"10/26/2016","testautonumdata__Int (14 more) ...":"Recruiter Interview","testautonumdata__Can (9 more) ...":{"s":2,"v":{"testautonumdata__Ful (9 more) ...":"Lizz Brooks","testautonumdata__Pos (8 more) ...":"a0LB0000000sexWMAQ","Id":"a0MB0000000cQdIMAU","testautonumdata__Pos (8 more) ...":{"s":3,"v":{"Name":"Project Coordinator","Id":"a0LB0000000sexWMAQ"}}}}}}|0x6da3ded3
16:18:23.3 (77474599)|VARIABLE_SCOPE_BEGIN|[241]|lcfield|String|false|false
16:18:23.3 (77478426)|VARIABLE_ASSIGNMENT|[241]|lcfield|"testautonumdata__Int (14 more) ..."
16:18:23.3 (77484923)|HEAP_ALLOCATE|[244]|Bytes:5
16:18:23.3 (77488091)|STATEMENT_EXECUTE|[242]
16:18:23.3 (77489193)|STATEMENT_EXECUTE|[244]
16:18:23.3 (77492630)|VARIABLE_SCOPE_BEGIN|[244]|returnValue|String|false|false
16:18:23.3 (77496480)|VARIABLE_ASSIGNMENT|[244]|returnValue|""
16:18:23.3 (77511737)|ENTERING_MANAGED_PKG|
16:18:23.3 (77521004)|STATEMENT_EXECUTE|[261]
16:18:23.3 (77530485)|ENTERING_MANAGED_PKG|
16:18:23.3 (77552635)|HEAP_ALLOCATE|[261]|Bytes:19
16:18:23.3 (77570552)|ENTERING_MANAGED_PKG|
16:18:23.3 (77574258)|HEAP_ALLOCATE|[261]|Bytes:19
16:18:23.3 (77586197)|VARIABLE_ASSIGNMENT|[261]|returnValue|"Recruiter Interview"
16:18:23.3 (77589029)|STATEMENT_EXECUTE|[263]
16:18:23.3 (77596415)|METHOD_EXIT|[223]|01pB0000000lA1s|testautonumdata.InterviewsLCServerController.GetSobjectField(SObject, String)
16:18:23.3 (77627736)|VARIABLE_ASSIGNMENT|[EXTERNAL]|this|{"column1":"Lizz Brooks","column2":"Project Coordinator","column3":"10/26/2016","eventField":"a0MB0000000cQdIMAU","recordID":"a0NB0000000RasPMAS"}|0x5e15c4ad
16:18:23.3 (77633703)|VARIABLE_ASSIGNMENT|[EXTERNAL]|value|"Recruiter Interview"
16:18:23.3 (77641027)|VARIABLE_ASSIGNMENT|[16]|this.column4|"Recruiter Interview"|0x5e15c4ad
16:18:23.3 (77647788)|STATEMENT_EXECUTE|[227]
16:18:23.3 (77658141)|ENTERING_MANAGED_PKG|
16:18:23.3 (77667156)|HEAP_ALLOCATE|[EXTERNAL]|Bytes:4
16:18:23.3 (77674057)|STATEMENT_EXECUTE|[229]
16:18:23.3 (77687715)|ENTERING_MANAGED_PKG|
16:18:23.3 (77728259)|HEAP_ALLOCATE|[229]|Bytes:464
16:18:23.3 (77745265)|HEAP_ALLOCATE|[229]|Bytes:476
16:18:23.3 (77757672)|ENTERING_MANAGED_PKG|
16:18:23.3 (77764970)|USER_DEBUG|[229]|DEBUG|######## i: InterviewsLCServerController:[column1=Lizz Brooks, column2=Project Coordinator, column3=10/26/2016, column4=Recruiter Interview, eventField=a0MB0000000cQdIMAU, mapObjectsFields={testautonumdata__Candidate__c={testautonumdata__Full_Name__c}, testautonumdata__Interview__c={Id, testautonumdata__Candidate__c, testautonumdata__Date__c, testautonumdata__Interview_Type__c, testautonumdata__Status__c}, testautonumdata__Position__c={Name}}, recordID=a0NB0000000RasPMAS]
16:18:23.3 (77780920)|HEAP_ALLOCATE|[196]|Bytes:5
16:18:23.3 (77795124)|VARIABLE_ASSIGNMENT|[196]|e|null|
16:18:23.3 (77798552)|STATEMENT_EXECUTE|[234]
16:18:23.3 (77801795)|HEAP_ALLOCATE|[234]|Bytes:27
16:18:23.3 (77823927)|ENTERING_MANAGED_PKG|
16:18:23.3 (77909314)|HEAP_ALLOCATE|[234]|Bytes:697
16:18:23.3 (77928292)|HEAP_ALLOCATE|[234]|Bytes:724
16:18:23.3 (77942372)|ENTERING_MANAGED_PKG|
16:18:23.3 (77949760)|USER_DEBUG|[234]|DEBUG|######## lstReturnRecords: (InterviewsLCServerController:[column1=Rodrigo Reboucas, column2=Architect - Force.com, column3=11/9/2016, column4=Technical Interview, eventField=a0MB0000000cQXFMA2, mapObjectsFields={testautonumdata__Candidate__c={testautonumdata__Full_Name__c}, testautonumdata__Interview__c={Id, testautonumdata__Candidate__c, testautonumdata__Date__c, testautonumdata__Interview_Type__c, testautonumdata__Status__c}, testautonumdata__Position__c={Name}}, recordID=a0NB0000000TaTOMA0], InterviewsLCServerController:[column1=Lizz Brooks, column2=Project Coordinator, column3=10/26/2016, column4=Recruiter Interview, eventField=a0MB0000000cQdIMAU, mapObjectsFields=(already output), recordID=a0NB0000000RasPMAS])
16:18:23.3 (77959267)|STATEMENT_EXECUTE|[236]
16:18:23.3 (77971615)|SYSTEM_MODE_EXIT|false
16:18:23.78 (78013113)|CUMULATIVE_LIMIT_USAGE
16:18:23.78 (78013113)|LIMIT_USAGE_FOR_NS|(default)|
  Number of SOQL queries: 0 out of 100
  Number of query rows: 0 out of 50000
  Number of SOSL queries: 0 out of 20
  Number of DML statements: 0 out of 150
  Number of DML rows: 0 out of 10000
  Maximum CPU time: 0 out of 10000
  Maximum heap size: 0 out of 6000000
  Number of callouts: 0 out of 100
  Number of Email Invocations: 0 out of 10
  Number of future calls: 0 out of 50
  Number of queueable jobs added to the queue: 0 out of 50
  Number of Mobile Apex push calls: 0 out of 10

16:18:23.78 (78013113)|LIMIT_USAGE_FOR_NS|testautonumdata|
  Number of SOQL queries: 1 out of 100
  Number of query rows: 2 out of 50000
  Number of SOSL queries: 0 out of 20
  Number of DML statements: 0 out of 150
  Number of DML rows: 0 out of 10000
  Maximum CPU time: 0 out of 10000
  Maximum heap size: 0 out of 6000000
  Number of callouts: 0 out of 100
  Number of Email Invocations: 0 out of 10
  Number of future calls: 0 out of 50
  Number of queueable jobs added to the queue: 0 out of 50
  Number of Mobile Apex push calls: 0 out of 10

16:18:23.78 (78013113)|CUMULATIVE_LIMIT_USAGE_END

16:18:23.3 (78079995)|CODE_UNIT_FINISHED|InterviewsLCServerController.getListRecords
16:18:23.81 (81197797)|USER_INFO|[EXTERNAL]|005B0000001VpZR|rreboucas-yi5c@force.com|Pacific Standard Time|GMT-07:00
16:18:23.81 (81209077)|CODE_UNIT_STARTED|[EXTERNAL]|Aura
16:18:23.81 (81259799)|CODE_UNIT_FINISHED|Aura
16:18:23.82 (82343870)|USER_INFO|[EXTERNAL]|005B0000001VpZR|rreboucas-yi5c@force.com|Pacific Standard Time|GMT-07:00
16:18:23.82 (82354075)|CODE_UNIT_STARTED|[EXTERNAL]|Aura
16:18:23.82 (82395725)|CODE_UNIT_FINISHED|Aura
