38.0 APEX_CODE,FINEST;APEX_PROFILING,INFO;CALLOUT,INFO;DB,INFO;SYSTEM,DEBUG;VALIDATION,INFO;VISUALFORCE,INFO;WORKFLOW,INFO
09:48:24.0 (437847)|USER_INFO|[EXTERNAL]|005B0000001VpZR|rreboucas-yi5c@force.com|Pacific Standard Time|GMT-07:00
09:48:24.2 (2521224)|CODE_UNIT_STARTED|[EXTERNAL]|01pB0000000lc07|ListServerController.getListRecords
09:48:24.2 (2585010)|VARIABLE_SCOPE_BEGIN|[3]|ListServerController.mapObjectsFields|Map<String,Set<String>>|true|true
09:48:24.2 (2649660)|HEAP_ALLOCATE|[EXTERNAL]|Bytes:180
09:48:24.2 (2658652)|HEAP_ALLOCATE|[EXTERNAL]|Bytes:22
09:48:24.2 (2662053)|HEAP_ALLOCATE|[EXTERNAL]|Bytes:27
09:48:24.2 (2685617)|METHOD_ENTRY|[1]|01pB0000000lc07|ListServerController.ListServerController()
09:48:24.2 (2690958)|STATEMENT_EXECUTE|[1]
09:48:24.2 (2698118)|STATEMENT_EXECUTE|[1]
09:48:24.2 (2737569)|HEAP_ALLOCATE|[50]|Bytes:5
09:48:24.2 (2763299)|HEAP_ALLOCATE|[56]|Bytes:5
09:48:24.2 (2772770)|HEAP_ALLOCATE|[64]|Bytes:7
09:48:24.2 (2799323)|SYSTEM_MODE_ENTER|false
09:48:24.2 (2821439)|HEAP_ALLOCATE|[3]|Bytes:5
09:48:24.2 (2825983)|STATEMENT_EXECUTE|[3]
09:48:24.2 (2887114)|VARIABLE_ASSIGNMENT|[3]|ListServerController.mapObjectsFields|null|
09:48:24.2 (2896009)|SYSTEM_MODE_EXIT|false
09:48:24.2 (2917134)|METHOD_EXIT|[1]|ListServerController
09:48:24.2 (2923538)|HEAP_ALLOCATE|[EXTERNAL]|Bytes:1
09:48:24.2 (2926003)|HEAP_ALLOCATE|[EXTERNAL]|Bytes:7
09:48:24.2 (2927685)|HEAP_ALLOCATE|[EXTERNAL]|Bytes:2
09:48:24.2 (2929160)|HEAP_ALLOCATE|[EXTERNAL]|Bytes:4
09:48:24.2 (2930655)|HEAP_ALLOCATE|[EXTERNAL]|Bytes:4
09:48:24.2 (2936723)|SYSTEM_MODE_ENTER|false
09:48:24.2 (2942936)|VARIABLE_SCOPE_BEGIN|[23]|rowsLimit|String|false|false
09:48:24.2 (2950773)|VARIABLE_ASSIGNMENT|[23]|rowsLimit|"8"
09:48:24.2 (2953121)|VARIABLE_SCOPE_BEGIN|[23]|objectApiName|String|false|false
09:48:24.2 (2956224)|VARIABLE_ASSIGNMENT|[23]|objectApiName|"Account"
09:48:24.2 (2958441)|VARIABLE_SCOPE_BEGIN|[23]|filter1Field|String|false|false
09:48:24.2 (2962371)|VARIABLE_ASSIGNMENT|[23]|filter1Field|null
09:48:24.2 (2964933)|VARIABLE_SCOPE_BEGIN|[23]|filter1Value|String|false|false
09:48:24.2 (2967610)|VARIABLE_ASSIGNMENT|[23]|filter1Value|null
09:48:24.2 (2969617)|VARIABLE_SCOPE_BEGIN|[23]|eventField|String|false|false
09:48:24.2 (2972128)|VARIABLE_ASSIGNMENT|[23]|eventField|"Id"
09:48:24.2 (2973978)|VARIABLE_SCOPE_BEGIN|[23]|column1|String|false|false
09:48:24.2 (2976623)|VARIABLE_ASSIGNMENT|[23]|column1|"Name"
09:48:24.2 (2979165)|VARIABLE_SCOPE_BEGIN|[23]|column2|String|false|false
09:48:24.2 (2981758)|VARIABLE_ASSIGNMENT|[23]|column2|null
09:48:24.2 (2983918)|VARIABLE_SCOPE_BEGIN|[23]|column3|String|false|false
09:48:24.2 (2986168)|VARIABLE_ASSIGNMENT|[23]|column3|null
09:48:24.2 (2988420)|VARIABLE_SCOPE_BEGIN|[23]|column4|String|false|false
09:48:24.2 (2990687)|VARIABLE_ASSIGNMENT|[23]|column4|null
09:48:24.2 (2993093)|VARIABLE_SCOPE_BEGIN|[23]|sortField|String|false|false
09:48:24.2 (2995478)|VARIABLE_ASSIGNMENT|[23]|sortField|"Name"
09:48:24.2 (2997623)|VARIABLE_SCOPE_BEGIN|[23]|sortDirection|String|false|false
09:48:24.2 (3000184)|VARIABLE_ASSIGNMENT|[23]|sortDirection|null
09:48:24.2 (3016094)|HEAP_ALLOCATE|[25]|Bytes:5
09:48:24.2 (3020108)|STATEMENT_EXECUTE|[23]
09:48:24.2 (3021550)|STATEMENT_EXECUTE|[25]
09:48:24.2 (3024164)|HEAP_ALLOCATE|[25]|Bytes:20
09:48:24.2 (3037973)|HEAP_ALLOCATE|[25]|Bytes:21
09:48:24.2 (3067167)|ENTERING_MANAGED_PKG|
09:48:24.2 (3103033)|USER_DEBUG|[25]|DEBUG|######## rowsLimit: 8
09:48:24.2 (3112586)|STATEMENT_EXECUTE|[26]
09:48:24.2 (3116624)|HEAP_ALLOCATE|[26]|Bytes:24
09:48:24.2 (3123491)|HEAP_ALLOCATE|[26]|Bytes:31
09:48:24.2 (3133415)|ENTERING_MANAGED_PKG|
09:48:24.2 (3148368)|USER_DEBUG|[26]|DEBUG|######## objectApiName: Account
09:48:24.2 (3154855)|STATEMENT_EXECUTE|[29]
09:48:24.2 (3161512)|HEAP_ALLOCATE|[29]|Bytes:4
09:48:24.2 (3199701)|VARIABLE_ASSIGNMENT|[29]|ListServerController.mapObjectsFields|{"s":1,"v":{}}|0x5f57a593
09:48:24.2 (3203379)|STATEMENT_EXECUTE|[31]
09:48:24.2 (3207152)|HEAP_ALLOCATE|[31]|Bytes:2
09:48:24.2 (4194150)|HEAP_ALLOCATE|[31]|Bytes:19
09:48:24.2 (4202237)|HEAP_ALLOCATE|[31]|Bytes:28
09:48:24.2 (4217247)|METHOD_ENTRY|[1]|01pB0000000ljzx|Sparkle_Helper.Sparkle_Helper()
09:48:24.2 (4220848)|STATEMENT_EXECUTE|[1]
09:48:24.2 (4225381)|STATEMENT_EXECUTE|[1]
09:48:24.2 (4232268)|HEAP_ALLOCATE|[31]|Bytes:5
09:48:24.2 (4244226)|METHOD_EXIT|[1]|Sparkle_Helper
09:48:24.2 (4259617)|METHOD_ENTRY|[31]|01pB0000000ljzx|testautonumdata.Sparkle_Helper.AddFieldToObjectsMap(String, String, Map<String,Set<String>>)
09:48:24.2 (4279966)|VARIABLE_SCOPE_BEGIN|[107]|fieldName|String|false|false
09:48:24.2 (4289504)|VARIABLE_ASSIGNMENT|[107]|fieldName|"Id"
09:48:24.2 (4293217)|VARIABLE_SCOPE_BEGIN|[107]|initialObjectName|String|false|false
09:48:24.2 (4299073)|VARIABLE_ASSIGNMENT|[107]|initialObjectName|"Account"
09:48:24.2 (4302309)|VARIABLE_SCOPE_BEGIN|[107]|theMap|Map<String,Set<String>>|true|false
09:48:24.2 (4318611)|VARIABLE_ASSIGNMENT|[107]|theMap|{"s":1,"v":{}}|0x5f57a593
09:48:24.2 (4329662)|HEAP_ALLOCATE|[109]|Bytes:5
09:48:24.2 (4334582)|STATEMENT_EXECUTE|[108]
09:48:24.2 (4337335)|HEAP_ALLOCATE|[109]|Bytes:1
09:48:24.2 (4358241)|ENTERING_MANAGED_PKG|
09:48:24.2 (4401104)|STATEMENT_EXECUTE|[150]
09:48:24.2 (4412022)|METHOD_ENTRY|[150]|01pB0000000ljzx|testautonumdata.Sparkle_Helper.AddFieldToMap(String, String, Map<String,Set<String>>)
09:48:24.2 (4427768)|VARIABLE_SCOPE_BEGIN|[157]|fieldName|String|false|false
09:48:24.2 (4433787)|VARIABLE_ASSIGNMENT|[157]|fieldName|"Id"
09:48:24.2 (4436266)|VARIABLE_SCOPE_BEGIN|[157]|ObjectName|String|false|false
09:48:24.2 (4439452)|VARIABLE_ASSIGNMENT|[157]|ObjectName|"Account"
09:48:24.2 (4441179)|VARIABLE_SCOPE_BEGIN|[157]|theMap|Map<String,Set<String>>|true|false
09:48:24.2 (4451288)|VARIABLE_ASSIGNMENT|[157]|theMap|{"s":1,"v":{}}|0x5f57a593
09:48:24.2 (4459703)|HEAP_ALLOCATE|[160]|Bytes:5
09:48:24.2 (4463614)|STATEMENT_EXECUTE|[158]
09:48:24.2 (4477866)|ENTERING_MANAGED_PKG|
09:48:24.2 (4509128)|STATEMENT_EXECUTE|[167]
09:48:24.2 (4511195)|STATEMENT_EXECUTE|[168]
09:48:24.2 (4551767)|HEAP_ALLOCATE|[168]|Bytes:4
09:48:24.2 (4572873)|ENTERING_MANAGED_PKG|
09:48:24.2 (4599915)|VARIABLE_SCOPE_BEGIN|[168]|newFieldSet|Set<String>|true|false
09:48:24.2 (4635075)|VARIABLE_ASSIGNMENT|[168]|newFieldSet|{"s":1,"v":[]}|0x7782b5ed
09:48:24.2 (4638643)|STATEMENT_EXECUTE|[169]
09:48:24.2 (4650948)|ENTERING_MANAGED_PKG|
09:48:24.2 (4678681)|HEAP_ALLOCATE|[EXTERNAL]|Bytes:4
09:48:24.2 (4687105)|STATEMENT_EXECUTE|[170]
09:48:24.2 (4696485)|ENTERING_MANAGED_PKG|
09:48:24.2 (4724318)|HEAP_ALLOCATE|[EXTERNAL]|Bytes:-4
09:48:24.2 (4736685)|METHOD_EXIT|[150]|01pB0000000ljzx|testautonumdata.Sparkle_Helper.AddFieldToMap(String, String, Map<String,Set<String>>)
09:48:24.2 (4743166)|METHOD_EXIT|[31]|01pB0000000ljzx|testautonumdata.Sparkle_Helper.AddFieldToObjectsMap(String, String, Map<String,Set<String>>)
09:48:24.2 (4746264)|STATEMENT_EXECUTE|[33]
09:48:24.2 (4775352)|HEAP_ALLOCATE|[33]|Bytes:4
09:48:24.2 (4845273)|ENTERING_MANAGED_PKG|
09:48:24.2 (4865705)|VARIABLE_SCOPE_BEGIN|[33]|lstReturnRecords|List<testautonumdata.ListServerController>|true|false
09:48:24.2 (4889544)|HEAP_ALLOCATE|[EXTERNAL]|Bytes:4
09:48:24.2 (4908237)|VARIABLE_ASSIGNMENT|[33]|lstReturnRecords|{"s":1,"v":[]}|0x6a5ef8b1
09:48:24.2 (4911519)|STATEMENT_EXECUTE|[35]
09:48:24.2 (4934690)|ENTERING_MANAGED_PKG|
09:48:24.2 (4965157)|VARIABLE_SCOPE_BEGIN|[35]|rLimit|Integer|false|false
09:48:24.2 (4970025)|HEAP_ALLOCATE|[35]|Bytes:4
09:48:24.2 (4976888)|VARIABLE_ASSIGNMENT|[35]|rLimit|8
09:48:24.2 (4979201)|STATEMENT_EXECUTE|[36]
09:48:24.2 (4982864)|HEAP_ALLOCATE|[36]|Bytes:17
09:48:24.2 (5000040)|ENTERING_MANAGED_PKG|
09:48:24.2 (5022885)|HEAP_ALLOCATE|[36]|Bytes:1
09:48:24.2 (5035989)|HEAP_ALLOCATE|[36]|Bytes:18
09:48:24.2 (5047170)|ENTERING_MANAGED_PKG|
09:48:24.2 (5053456)|USER_DEBUG|[36]|DEBUG|######## rLimit: 8
09:48:24.2 (5059329)|STATEMENT_EXECUTE|[40]
09:48:24.2 (5062910)|HEAP_ALLOCATE|[40]|Bytes:9
09:48:24.2 (5067464)|VARIABLE_SCOPE_BEGIN|[40]|soql|String|false|false
09:48:24.2 (5074513)|VARIABLE_ASSIGNMENT|[40]|soql|"Select id"
09:48:24.2 (5091026)|ENTERING_MANAGED_PKG|
09:48:24.2 (5126913)|STATEMENT_EXECUTE|[42]
09:48:24.2 (5130096)|STATEMENT_EXECUTE|[49]
09:48:24.2 (5131305)|STATEMENT_EXECUTE|[50]
09:48:24.2 (5134842)|HEAP_ALLOCATE|[50]|Bytes:2
09:48:24.2 (5148927)|ENTERING_MANAGED_PKG|
09:48:24.2 (5166495)|HEAP_ALLOCATE|[50]|Bytes:4
09:48:24.2 (5179400)|HEAP_ALLOCATE|[50]|Bytes:6
09:48:24.2 (5183719)|HEAP_ALLOCATE|[50]|Bytes:15
09:48:24.2 (5191548)|VARIABLE_ASSIGNMENT|[50]|soql|"Select id, Name"
09:48:24.2 (5193916)|STATEMENT_EXECUTE|[51]
09:48:24.2 (5202257)|METHOD_ENTRY|[51]|01pB0000000ljzx|testautonumdata.Sparkle_Helper.AddFieldToObjectsMap(String, String, Map<String,Set<String>>)
09:48:24.2 (5217350)|VARIABLE_SCOPE_BEGIN|[107]|fieldName|String|false|false
09:48:24.2 (5222431)|VARIABLE_ASSIGNMENT|[107]|fieldName|"Name"
09:48:24.2 (5224285)|VARIABLE_SCOPE_BEGIN|[107]|initialObjectName|String|false|false
09:48:24.2 (5227036)|VARIABLE_ASSIGNMENT|[107]|initialObjectName|"Account"
09:48:24.2 (5228622)|VARIABLE_SCOPE_BEGIN|[107]|theMap|Map<String,Set<String>>|true|false
09:48:24.2 (5244942)|VARIABLE_ASSIGNMENT|[107]|theMap|{"s":1,"v":{"Account":{"s":2,"v":["Id"]}}}|0x5f57a593
09:48:24.2 (5254273)|HEAP_ALLOCATE|[109]|Bytes:5
09:48:24.2 (5258084)|STATEMENT_EXECUTE|[108]
09:48:24.2 (5272276)|ENTERING_MANAGED_PKG|
09:48:24.2 (5280919)|STATEMENT_EXECUTE|[150]
09:48:24.2 (5286659)|METHOD_ENTRY|[150]|01pB0000000ljzx|testautonumdata.Sparkle_Helper.AddFieldToMap(String, String, Map<String,Set<String>>)
09:48:24.2 (5291046)|VARIABLE_SCOPE_BEGIN|[157]|fieldName|String|false|false
09:48:24.2 (5296094)|VARIABLE_ASSIGNMENT|[157]|fieldName|"Name"
09:48:24.2 (5298060)|VARIABLE_SCOPE_BEGIN|[157]|ObjectName|String|false|false
09:48:24.2 (5300681)|VARIABLE_ASSIGNMENT|[157]|ObjectName|"Account"
09:48:24.2 (5302254)|VARIABLE_SCOPE_BEGIN|[157]|theMap|Map<String,Set<String>>|true|false
09:48:24.2 (5315894)|VARIABLE_ASSIGNMENT|[157]|theMap|{"s":1,"v":{"Account":{"s":2,"v":["Id"]}}}|0x5f57a593
09:48:24.2 (5323485)|HEAP_ALLOCATE|[160]|Bytes:5
09:48:24.2 (5327103)|STATEMENT_EXECUTE|[158]
09:48:24.2 (5335045)|ENTERING_MANAGED_PKG|
09:48:24.2 (5341802)|STATEMENT_EXECUTE|[161]
09:48:24.2 (5343105)|STATEMENT_EXECUTE|[162]
09:48:24.2 (5349394)|ENTERING_MANAGED_PKG|
09:48:24.2 (5383487)|VARIABLE_SCOPE_BEGIN|[162]|existingFieldSet|Set<String>|true|false
09:48:24.2 (5397560)|VARIABLE_ASSIGNMENT|[162]|existingFieldSet|{"s":1,"v":["Id"]}|0x7782b5ed
09:48:24.2 (5401018)|STATEMENT_EXECUTE|[163]
09:48:24.2 (5410003)|ENTERING_MANAGED_PKG|
09:48:24.2 (5432235)|HEAP_ALLOCATE|[EXTERNAL]|Bytes:4
09:48:24.2 (5439964)|STATEMENT_EXECUTE|[164]
09:48:24.2 (5448291)|ENTERING_MANAGED_PKG|
09:48:24.2 (5489385)|METHOD_EXIT|[150]|01pB0000000ljzx|testautonumdata.Sparkle_Helper.AddFieldToMap(String, String, Map<String,Set<String>>)
09:48:24.2 (5496173)|METHOD_EXIT|[51]|01pB0000000ljzx|testautonumdata.Sparkle_Helper.AddFieldToObjectsMap(String, String, Map<String,Set<String>>)
09:48:24.2 (5499825)|STATEMENT_EXECUTE|[53]
09:48:24.2 (5501980)|STATEMENT_EXECUTE|[58]
09:48:24.2 (5503829)|STATEMENT_EXECUTE|[63]
09:48:24.2 (5504927)|STATEMENT_EXECUTE|[69]
09:48:24.2 (5508559)|HEAP_ALLOCATE|[69]|Bytes:6
09:48:24.2 (5523937)|ENTERING_MANAGED_PKG|
09:48:24.2 (5541926)|HEAP_ALLOCATE|[69]|Bytes:7
09:48:24.2 (5554913)|HEAP_ALLOCATE|[69]|Bytes:13
09:48:24.2 (5559331)|HEAP_ALLOCATE|[69]|Bytes:28
09:48:24.2 (5569091)|VARIABLE_ASSIGNMENT|[69]|soql|"Select id, Name FROM (8 more) ..."
09:48:24.2 (5573126)|STATEMENT_EXECUTE|[72]
09:48:24.2 (5575656)|STATEMENT_EXECUTE|[78]
09:48:24.2 (5576898)|STATEMENT_EXECUTE|[84]
09:48:24.2 (5579568)|HEAP_ALLOCATE|[84]|Bytes:7
09:48:24.2 (5591464)|ENTERING_MANAGED_PKG|
09:48:24.2 (5607539)|HEAP_ALLOCATE|[84]|Bytes:1
09:48:24.2 (5619821)|HEAP_ALLOCATE|[84]|Bytes:8
09:48:24.2 (5624172)|HEAP_ALLOCATE|[84]|Bytes:36
09:48:24.2 (5632410)|VARIABLE_ASSIGNMENT|[84]|soql|"Select id, Name FROM (16 more) ..."
09:48:24.2 (5634862)|STATEMENT_EXECUTE|[88]
09:48:24.2 (5638058)|HEAP_ALLOCATE|[88]|Bytes:15
09:48:24.2 (5642780)|HEAP_ALLOCATE|[88]|Bytes:51
09:48:24.2 (5653796)|ENTERING_MANAGED_PKG|
09:48:24.2 (5670910)|USER_DEBUG|[88]|DEBUG|######## soql: Select id, Name FROM Account limit 8
09:48:24.2 (5686057)|METHOD_ENTRY|[95]|01pB0000000ljzx|testautonumdata.Sparkle_Helper.UserHasAccessToObjectsAndFields(Map<String,Set<String>>)
09:48:24.2 (5701024)|VARIABLE_SCOPE_BEGIN|[175]|theMap|Map<String,Set<String>>|true|false
09:48:24.2 (5719484)|VARIABLE_ASSIGNMENT|[175]|theMap|{"s":1,"v":{"Account":{"s":2,"v":["Id","Name"]}}}|0x5f57a593
09:48:24.2 (5729228)|HEAP_ALLOCATE|[177]|Bytes:5
09:48:24.2 (5733307)|STATEMENT_EXECUTE|[176]
09:48:24.2 (5734579)|STATEMENT_EXECUTE|[177]
09:48:24.2 (5739019)|VARIABLE_SCOPE_BEGIN|[177]|hasAccess|Boolean|false|false
09:48:24.2 (5742250)|HEAP_ALLOCATE|[177]|Bytes:5
09:48:24.2 (5747696)|VARIABLE_ASSIGNMENT|[177]|hasAccess|true
09:48:24.2 (5757833)|ENTERING_MANAGED_PKG|
09:48:24.2 (5780017)|STATEMENT_EXECUTE|[180]
09:48:24.2 (5781749)|STATEMENT_EXECUTE|[181]
09:48:24.2 (5785296)|HEAP_ALLOCATE|[181]|Bytes:17
09:48:24.2 (5801527)|ENTERING_MANAGED_PKG|
09:48:24.2 (5831854)|HEAP_ALLOCATE|[181]|Bytes:20
09:48:24.2 (5844865)|HEAP_ALLOCATE|[181]|Bytes:37
09:48:24.2 (5855651)|ENTERING_MANAGED_PKG|
09:48:24.2 (5861397)|USER_DEBUG|[181]|DEBUG|######## theMap: {Account={Id, Name}}
09:48:24.2 (5874587)|HEAP_ALLOCATE|[182]|Bytes:4
09:48:24.2 (5888181)|ENTERING_MANAGED_PKG|
09:48:24.2 (5914437)|ENTERING_MANAGED_PKG|
09:48:24.2 (5929436)|HEAP_ALLOCATE|[182]|Bytes:15
09:48:24.2 (5942910)|ENTERING_MANAGED_PKG|
09:48:24.2 (5948814)|HEAP_ALLOCATE|[182]|Bytes:4
09:48:24.2 (5956270)|ENTERING_MANAGED_PKG|
09:48:24.2 (6009773)|HEAP_ALLOCATE|[182]|Bytes:5
09:48:24.2 (6047864)|VARIABLE_SCOPE_BEGIN|[182]|objectName|String|false|false
09:48:24.2 (6056107)|VARIABLE_ASSIGNMENT|[182]|objectName|"Account"
09:48:24.2 (6059628)|STATEMENT_EXECUTE|[183]
09:48:24.2 (6060808)|STATEMENT_EXECUTE|[184]
09:48:24.2 (6064607)|HEAP_ALLOCATE|[184]|Bytes:21
09:48:24.2 (6071594)|HEAP_ALLOCATE|[184]|Bytes:28
09:48:24.2 (6083391)|ENTERING_MANAGED_PKG|
09:48:24.2 (6102424)|USER_DEBUG|[184]|DEBUG|######## objectName: Account
09:48:24.2 (6109585)|STATEMENT_EXECUTE|[185]
09:48:24.2 (6126720)|ENTERING_MANAGED_PKG|
09:48:24.2 (33031440)|HEAP_ALLOCATE|[185]|Bytes:1648
09:48:24.2 (33068262)|ENTERING_MANAGED_PKG|
09:48:24.2 (33160665)|HEAP_ALLOCATE|[185]|Bytes:4
09:48:24.2 (33173257)|VARIABLE_SCOPE_BEGIN|[185]|sObj|SObject|true|false
09:48:24.2 (33197216)|VARIABLE_ASSIGNMENT|[185]|sObj|{}|0x354cc393
09:48:24.2 (33201918)|STATEMENT_EXECUTE|[186]
09:48:24.2 (33230136)|ENTERING_MANAGED_PKG|
09:48:24.2 (33988273)|HEAP_ALLOCATE|[186]|Bytes:4
09:48:24.2 (35758335)|HEAP_ALLOCATE|[186]|Bytes:312
09:48:24.2 (35770671)|VARIABLE_SCOPE_BEGIN|[186]|m|Map<String,Schema.SObjectField>|true|false
09:48:24.2 (36102630)|VARIABLE_ASSIGNMENT|[186]|m|"{accountnumber=AccountNumber, accountsource=AccountSource, annualrevenue=AnnualRevenue, billingaddress=BillingAddress, billingcity=BillingCity, billingcountry=BillingCountry, billingcountrycode=BillingCountryCode, billinglatitude=BillingLatitude, billinglongitude=BillingLongitude, billingpostalcode=BillingPostalCode, ...}"|0x3c0a71bd
09:48:24.2 (36111162)|STATEMENT_EXECUTE|[187]
09:48:24.2 (36126255)|ENTERING_MANAGED_PKG|
09:48:24.2 (36167332)|VARIABLE_SCOPE_BEGIN|[187]|objectFieldSet|Set<String>|true|false
09:48:24.2 (36192568)|VARIABLE_ASSIGNMENT|[187]|objectFieldSet|{"s":1,"v":["Id","Name"]}|0x7782b5ed
09:48:24.2 (36200943)|HEAP_ALLOCATE|[189]|Bytes:4
09:48:24.2 (36215248)|ENTERING_MANAGED_PKG|
09:48:24.2 (36241143)|ENTERING_MANAGED_PKG|
09:48:24.2 (36247545)|HEAP_ALLOCATE|[189]|Bytes:8
09:48:24.2 (36255853)|ENTERING_MANAGED_PKG|
09:48:24.2 (36274190)|HEAP_ALLOCATE|[189]|Bytes:5
09:48:24.2 (36292954)|VARIABLE_SCOPE_BEGIN|[189]|fieldToCheck|String|false|false
09:48:24.2 (36300339)|VARIABLE_ASSIGNMENT|[189]|fieldToCheck|"Id"
09:48:24.2 (36303928)|STATEMENT_EXECUTE|[189]
09:48:24.2 (36305206)|STATEMENT_EXECUTE|[190]
09:48:24.2 (36309025)|HEAP_ALLOCATE|[190]|Bytes:23
09:48:24.2 (36319610)|HEAP_ALLOCATE|[190]|Bytes:25
09:48:24.2 (36333670)|ENTERING_MANAGED_PKG|
09:48:24.2 (36357454)|USER_DEBUG|[190]|DEBUG|######## fieldToCheck: Id
09:48:24.2 (36373818)|ENTERING_MANAGED_PKG|
09:48:24.2 (37013834)|HEAP_ALLOCATE|[192]|Bytes:8
09:48:24.2 (37043661)|STATEMENT_EXECUTE|[192]
09:48:24.2 (37046259)|STATEMENT_EXECUTE|[199]
09:48:24.2 (37049620)|HEAP_ALLOCATE|[199]|Bytes:35
09:48:24.2 (37057696)|HEAP_ALLOCATE|[199]|Bytes:37
09:48:24.2 (37070319)|ENTERING_MANAGED_PKG|
09:48:24.2 (37089815)|USER_DEBUG|[199]|DEBUG|######## User has access to field: Id
09:48:24.2 (37105599)|HEAP_ALLOCATE|[189]|Bytes:5
09:48:24.2 (37118650)|VARIABLE_SCOPE_BEGIN|[189]|fieldToCheck|String|false|false
09:48:24.2 (37126532)|VARIABLE_ASSIGNMENT|[189]|fieldToCheck|"Name"
09:48:24.2 (37129453)|STATEMENT_EXECUTE|[189]
09:48:24.2 (37130581)|STATEMENT_EXECUTE|[190]
09:48:24.2 (37136538)|HEAP_ALLOCATE|[190]|Bytes:27
09:48:24.2 (37146382)|ENTERING_MANAGED_PKG|
09:48:24.2 (37151658)|USER_DEBUG|[190]|DEBUG|######## fieldToCheck: Name
09:48:24.2 (37161625)|ENTERING_MANAGED_PKG|
09:48:24.2 (37327333)|HEAP_ALLOCATE|[192]|Bytes:8
09:48:24.2 (37342253)|STATEMENT_EXECUTE|[192]
09:48:24.2 (37344653)|STATEMENT_EXECUTE|[199]
09:48:24.2 (37351051)|HEAP_ALLOCATE|[199]|Bytes:39
09:48:24.2 (37361478)|ENTERING_MANAGED_PKG|
09:48:24.2 (37367567)|USER_DEBUG|[199]|DEBUG|######## User has access to field: Name
09:48:24.2 (37381468)|HEAP_ALLOCATE|[189]|Bytes:5
09:48:24.2 (37395988)|VARIABLE_ASSIGNMENT|[189]|fieldToCheck|null
09:48:24.2 (37404906)|HEAP_ALLOCATE|[182]|Bytes:5
09:48:24.2 (37413897)|VARIABLE_ASSIGNMENT|[182]|objectName|null
09:48:24.2 (37417361)|STATEMENT_EXECUTE|[206]
09:48:24.2 (37420442)|HEAP_ALLOCATE|[206]|Bytes:5
09:48:24.2 (37432330)|METHOD_EXIT|[95]|01pB0000000ljzx|testautonumdata.Sparkle_Helper.UserHasAccessToObjectsAndFields(Map<String,Set<String>>)
09:48:24.2 (37437415)|STATEMENT_EXECUTE|[96]
09:48:24.2 (37439032)|STATEMENT_EXECUTE|[98]
09:48:24.2 (37463711)|ENTERING_MANAGED_PKG|
09:48:24.2 (37493426)|HEAP_ALLOCATE|[98]|Bytes:4
09:48:24.2 (37615618)|SOQL_EXECUTE_BEGIN|[98]|Aggregations:0|Select id, Name FROM Account limit 8
09:48:24.2 (41104820)|SOQL_EXECUTE_END|[98]|Rows:8
09:48:24.2 (41131896)|HEAP_ALLOCATE|[98]|Bytes:36
09:48:24.2 (41158451)|HEAP_ALLOCATE|[98]|Bytes:478
09:48:24.2 (41205155)|HEAP_ALLOCATE|[98]|Bytes:36
09:48:24.2 (41219949)|VARIABLE_SCOPE_BEGIN|[98]|lstQueriedRecords|List<SObject>|true|false
09:48:24.2 (41241473)|VARIABLE_ASSIGNMENT|[98]|lstQueriedRecords|{"s":1,"v":"List of size 8 too large to display"}|0x24425396
09:48:24.2 (41245346)|STATEMENT_EXECUTE|[100]
09:48:24.2 (41250104)|HEAP_ALLOCATE|[100]|Bytes:28
09:48:24.2 (41269803)|ENTERING_MANAGED_PKG|
09:48:24.2 (41391670)|HEAP_ALLOCATE|[100]|Bytes:502
09:48:24.2 (41410119)|HEAP_ALLOCATE|[100]|Bytes:530
09:48:24.2 (41422831)|ENTERING_MANAGED_PKG|
09:48:24.2 (41429442)|USER_DEBUG|[100]|DEBUG|######## lstQueriedRecords: (Account:{Id=001B00000066XxFIAU, Name=GenePoint}, Account:{Id=001B00000066XxDIAU, Name=United Oil & Gas, UK}, Account:{Id=001B00000066XxEIAU, Name=United Oil & Gas, Singapore}, Account:{Id=001B00000066Xx5IAE, Name=Edge Communications}, Account:{Id=001B00000066Xx6IAE, Name=Burlington Textiles Corp of America}, Account:{Id=001B00000066Xx7IAE, Name=Pyramid Construction Inc.}, Account:{Id=001B00000066Xx8IAE, Name=Dickenson plc}, Account:{Id=001B00000066Xx9IAE, Name=Hospital Universitario San Ignacio})
09:48:24.2 (41502126)|ENTERING_MANAGED_PKG|
09:48:24.2 (41631730)|HEAP_ALLOCATE|[104]|Bytes:5
09:48:24.2 (41661656)|HEAP_ALLOCATE|[104]|Bytes:12
09:48:24.2 (41682086)|VARIABLE_SCOPE_BEGIN|[104]|e|SObject|true|false
09:48:24.2 (41702565)|VARIABLE_ASSIGNMENT|[104]|e|{"s":1,"v":{"Id":"001B00000066XxFIAU","Name":"GenePoint"}}|0x9cb3420
09:48:24.2 (41706237)|STATEMENT_EXECUTE|[105]
09:48:24.2 (41707832)|STATEMENT_EXECUTE|[106]
09:48:24.2 (41711818)|HEAP_ALLOCATE|[106]|Bytes:12
09:48:24.2 (41729611)|ENTERING_MANAGED_PKG|
09:48:24.2 (41777675)|HEAP_ALLOCATE|[106]|Bytes:47
09:48:24.2 (41794290)|HEAP_ALLOCATE|[106]|Bytes:59
09:48:24.2 (41806607)|ENTERING_MANAGED_PKG|
09:48:24.2 (41812750)|USER_DEBUG|[106]|DEBUG|######## e: Account:{Id=001B00000066XxFIAU, Name=GenePoint}
09:48:24.2 (41818994)|STATEMENT_EXECUTE|[107]
09:48:24.2 (41825957)|HEAP_ALLOCATE|[107]|Bytes:28
09:48:24.2 (41841648)|CONSTRUCTOR_ENTRY|[107]|01pB0000000lc07|<init>()
09:48:24.2 (41859456)|VARIABLE_SCOPE_BEGIN|[1]|this|testautonumdata.ListServerController|true|false
09:48:24.2 (41893120)|VARIABLE_ASSIGNMENT|[1]|this|{}|0x65e3fbcd
09:48:24.2 (41907407)|HEAP_ALLOCATE|[EXTERNAL]|Bytes:5
09:48:24.2 (41917424)|HEAP_ALLOCATE|[EXTERNAL]|Bytes:6
09:48:24.2 (41949876)|STATEMENT_EXECUTE|[1]
09:48:24.2 (41955364)|HEAP_ALLOCATE|[EXTERNAL]|Bytes:5
09:48:24.2 (41958037)|STATEMENT_EXECUTE|[6]
09:48:24.2 (41959653)|STATEMENT_EXECUTE|[8]
09:48:24.2 (41960720)|STATEMENT_EXECUTE|[10]
09:48:24.2 (41961850)|STATEMENT_EXECUTE|[12]
09:48:24.2 (41963062)|STATEMENT_EXECUTE|[14]
09:48:24.2 (41964042)|STATEMENT_EXECUTE|[16]
09:48:24.2 (41974358)|CONSTRUCTOR_EXIT|[107]|01pB0000000lc07|<init>()
09:48:24.2 (41979413)|VARIABLE_SCOPE_BEGIN|[107]|i|testautonumdata.ListServerController|true|false
09:48:24.2 (42000885)|VARIABLE_ASSIGNMENT|[107]|i|{}|0x65e3fbcd
09:48:24.2 (42004544)|STATEMENT_EXECUTE|[110]
09:48:24.2 (42008530)|HEAP_ALLOCATE|[110]|Bytes:2
09:48:24.2 (42028727)|ENTERING_MANAGED_PKG|
09:48:24.2 (42082130)|HEAP_ALLOCATE|[110]|Bytes:4
09:48:24.2 (42102816)|ENTERING_MANAGED_PKG|
09:48:24.2 (42107206)|HEAP_ALLOCATE|[110]|Bytes:18
09:48:24.2 (42142039)|VARIABLE_ASSIGNMENT|[EXTERNAL]|this|{}|0x65e3fbcd
09:48:24.2 (42149255)|VARIABLE_ASSIGNMENT|[EXTERNAL]|value|"001B00000066XxFIAU"
09:48:24.2 (42159046)|VARIABLE_ASSIGNMENT|[6]|this.recordID|"001B00000066XxFIAU"|0x65e3fbcd
09:48:24.2 (42165813)|STATEMENT_EXECUTE|[112]
09:48:24.2 (42167287)|STATEMENT_EXECUTE|[113]
09:48:24.2 (42179327)|METHOD_ENTRY|[113]|01pB0000000ljzx|testautonumdata.Sparkle_Helper.GetSobjectField(SObject, String)
09:48:24.2 (42197414)|VARIABLE_SCOPE_BEGIN|[78]|e|SObject|true|false
09:48:24.2 (42210504)|VARIABLE_ASSIGNMENT|[78]|e|{"s":1,"v":{"Id":"001B00000066XxFIAU","Name":"GenePoint"}}|0x9cb3420
09:48:24.2 (42213475)|VARIABLE_SCOPE_BEGIN|[78]|lcfield|String|false|false
09:48:24.2 (42217580)|VARIABLE_ASSIGNMENT|[78]|lcfield|"Id"
09:48:24.2 (42226284)|HEAP_ALLOCATE|[81]|Bytes:5
09:48:24.2 (42230747)|STATEMENT_EXECUTE|[79]
09:48:24.2 (42231941)|STATEMENT_EXECUTE|[81]
09:48:24.2 (42237137)|VARIABLE_SCOPE_BEGIN|[81]|returnValue|String|false|false
09:48:24.2 (42242103)|VARIABLE_ASSIGNMENT|[81]|returnValue|""
09:48:24.2 (42258270)|ENTERING_MANAGED_PKG|
09:48:24.2 (42291426)|STATEMENT_EXECUTE|[98]
09:48:24.2 (42303149)|ENTERING_MANAGED_PKG|
09:48:24.2 (42343708)|HEAP_ALLOCATE|[98]|Bytes:4
09:48:24.2 (42363220)|ENTERING_MANAGED_PKG|
09:48:24.2 (42367341)|HEAP_ALLOCATE|[98]|Bytes:18
09:48:24.2 (42379536)|VARIABLE_ASSIGNMENT|[98]|returnValue|"001B00000066XxFIAU"
09:48:24.2 (42382411)|STATEMENT_EXECUTE|[100]
09:48:24.2 (42389861)|METHOD_EXIT|[113]|01pB0000000ljzx|testautonumdata.Sparkle_Helper.GetSobjectField(SObject, String)
09:48:24.2 (42421383)|VARIABLE_ASSIGNMENT|[EXTERNAL]|this|{"recordID":"001B00000066XxFIAU"}|0x65e3fbcd
09:48:24.2 (42426788)|VARIABLE_ASSIGNMENT|[EXTERNAL]|value|"001B00000066XxFIAU"
09:48:24.2 (42433859)|VARIABLE_ASSIGNMENT|[8]|this.eventField|"001B00000066XxFIAU"|0x65e3fbcd
09:48:24.2 (42440596)|STATEMENT_EXECUTE|[116]
09:48:24.2 (42442012)|STATEMENT_EXECUTE|[117]
09:48:24.2 (42447670)|METHOD_ENTRY|[117]|01pB0000000ljzx|testautonumdata.Sparkle_Helper.GetSobjectField(SObject, String)
09:48:24.2 (42463010)|VARIABLE_SCOPE_BEGIN|[78]|e|SObject|true|false
09:48:24.2 (42475148)|VARIABLE_ASSIGNMENT|[78]|e|{"s":1,"v":{"Id":"001B00000066XxFIAU","Name":"GenePoint"}}|0x9cb3420
09:48:24.2 (42477575)|VARIABLE_SCOPE_BEGIN|[78]|lcfield|String|false|false
09:48:24.2 (42480737)|VARIABLE_ASSIGNMENT|[78]|lcfield|"Name"
09:48:24.2 (42488636)|HEAP_ALLOCATE|[81]|Bytes:5
09:48:24.2 (42492276)|STATEMENT_EXECUTE|[79]
09:48:24.2 (42493423)|STATEMENT_EXECUTE|[81]
09:48:24.2 (42497390)|VARIABLE_SCOPE_BEGIN|[81]|returnValue|String|false|false
09:48:24.2 (42502196)|VARIABLE_ASSIGNMENT|[81]|returnValue|""
09:48:24.2 (42516519)|ENTERING_MANAGED_PKG|
09:48:24.2 (42525191)|STATEMENT_EXECUTE|[98]
09:48:24.2 (42533133)|ENTERING_MANAGED_PKG|
09:48:24.2 (42552879)|HEAP_ALLOCATE|[98]|Bytes:9
09:48:24.2 (42568800)|ENTERING_MANAGED_PKG|
09:48:24.2 (42572319)|HEAP_ALLOCATE|[98]|Bytes:9
09:48:24.2 (42583693)|VARIABLE_ASSIGNMENT|[98]|returnValue|"GenePoint"
09:48:24.2 (42586433)|STATEMENT_EXECUTE|[100]
09:48:24.2 (42593632)|METHOD_EXIT|[117]|01pB0000000ljzx|testautonumdata.Sparkle_Helper.GetSobjectField(SObject, String)
09:48:24.2 (42626725)|VARIABLE_ASSIGNMENT|[EXTERNAL]|this|{"eventField":"001B00000066XxFIAU","recordID":"001B00000066XxFIAU"}|0x65e3fbcd
09:48:24.2 (42632379)|VARIABLE_ASSIGNMENT|[EXTERNAL]|value|"GenePoint"
09:48:24.2 (42639134)|VARIABLE_ASSIGNMENT|[10]|this.column1|"GenePoint"|0x65e3fbcd
09:48:24.2 (42646151)|STATEMENT_EXECUTE|[119]
09:48:24.2 (42648228)|STATEMENT_EXECUTE|[124]
09:48:24.2 (42649697)|STATEMENT_EXECUTE|[129]
09:48:24.2 (42650742)|STATEMENT_EXECUTE|[135]
09:48:24.2 (42661645)|ENTERING_MANAGED_PKG|
09:48:24.2 (42692016)|HEAP_ALLOCATE|[EXTERNAL]|Bytes:4
09:48:24.2 (42700046)|STATEMENT_EXECUTE|[137]
09:48:24.2 (42704123)|HEAP_ALLOCATE|[137]|Bytes:12
09:48:24.2 (42719198)|ENTERING_MANAGED_PKG|
09:48:24.2 (42778959)|HEAP_ALLOCATE|[137]|Bytes:181
09:48:24.2 (42795401)|HEAP_ALLOCATE|[137]|Bytes:193
09:48:24.2 (42807353)|ENTERING_MANAGED_PKG|
09:48:24.2 (42813484)|USER_DEBUG|[137]|DEBUG|######## i: ListServerController:[column1=GenePoint, column2=null, column3=null, column4=null, eventField=001B00000066XxFIAU, mapObjectsFields={Account={Id, Name}}, recordID=001B00000066XxFIAU]
09:48:24.2 (42828291)|HEAP_ALLOCATE|[104]|Bytes:5
09:48:24.2 (42851114)|HEAP_ALLOCATE|[104]|Bytes:12
09:48:24.2 (42865255)|VARIABLE_SCOPE_BEGIN|[104]|e|SObject|true|false
09:48:24.2 (42880560)|VARIABLE_ASSIGNMENT|[104]|e|{"s":1,"v":{"Id":"001B00000066XxDIAU","Name":"United Oil & Gas, UK"}}|0x645201e3
09:48:24.2 (42883622)|STATEMENT_EXECUTE|[105]
09:48:24.2 (42884764)|STATEMENT_EXECUTE|[106]
09:48:24.2 (42899271)|ENTERING_MANAGED_PKG|
09:48:24.2 (42930125)|HEAP_ALLOCATE|[106]|Bytes:58
09:48:24.2 (42944277)|HEAP_ALLOCATE|[106]|Bytes:70
09:48:24.2 (42953603)|ENTERING_MANAGED_PKG|
09:48:24.2 (42959295)|USER_DEBUG|[106]|DEBUG|######## e: Account:{Id=001B00000066XxDIAU, Name=United Oil & Gas, UK}
09:48:24.2 (42965236)|STATEMENT_EXECUTE|[107]
09:48:24.2 (42970006)|HEAP_ALLOCATE|[107]|Bytes:28
09:48:24.2 (42979531)|CONSTRUCTOR_ENTRY|[107]|01pB0000000lc07|<init>()
09:48:24.2 (42984311)|VARIABLE_SCOPE_BEGIN|[1]|this|testautonumdata.ListServerController|true|false
09:48:24.2 (43005867)|VARIABLE_ASSIGNMENT|[1]|this|{}|0x4ae3de84
09:48:24.2 (43014531)|HEAP_ALLOCATE|[EXTERNAL]|Bytes:5
09:48:24.2 (43029520)|STATEMENT_EXECUTE|[1]
09:48:24.2 (43033177)|HEAP_ALLOCATE|[EXTERNAL]|Bytes:5
09:48:24.2 (43035231)|STATEMENT_EXECUTE|[6]
09:48:24.2 (43036735)|STATEMENT_EXECUTE|[8]
09:48:24.2 (43037818)|STATEMENT_EXECUTE|[10]
09:48:24.2 (43038828)|STATEMENT_EXECUTE|[12]
09:48:24.2 (43039740)|STATEMENT_EXECUTE|[14]
09:48:24.2 (43040676)|STATEMENT_EXECUTE|[16]
09:48:24.2 (43050179)|CONSTRUCTOR_EXIT|[107]|01pB0000000lc07|<init>()
09:48:24.2 (43054488)|VARIABLE_SCOPE_BEGIN|[107]|i|testautonumdata.ListServerController|true|false
09:48:24.2 (43073930)|VARIABLE_ASSIGNMENT|[107]|i|{}|0x4ae3de84
09:48:24.2 (43076331)|STATEMENT_EXECUTE|[110]
09:48:24.2 (43091014)|ENTERING_MANAGED_PKG|
09:48:24.2 (43112396)|HEAP_ALLOCATE|[110]|Bytes:4
09:48:24.2 (43128877)|ENTERING_MANAGED_PKG|
09:48:24.2 (43132630)|HEAP_ALLOCATE|[110]|Bytes:18
09:48:24.2 (43161216)|VARIABLE_ASSIGNMENT|[EXTERNAL]|this|{}|0x4ae3de84
09:48:24.2 (43167381)|VARIABLE_ASSIGNMENT|[EXTERNAL]|value|"001B00000066XxDIAU"
09:48:24.2 (43174680)|VARIABLE_ASSIGNMENT|[6]|this.recordID|"001B00000066XxDIAU"|0x4ae3de84
09:48:24.2 (43180872)|STATEMENT_EXECUTE|[112]
09:48:24.2 (43182112)|STATEMENT_EXECUTE|[113]
09:48:24.2 (43187460)|METHOD_ENTRY|[113]|01pB0000000ljzx|testautonumdata.Sparkle_Helper.GetSobjectField(SObject, String)
09:48:24.2 (43191762)|VARIABLE_SCOPE_BEGIN|[78]|e|SObject|true|false
09:48:24.2 (43206603)|VARIABLE_ASSIGNMENT|[78]|e|{"s":1,"v":{"Id":"001B00000066XxDIAU","Name":"United Oil & Gas, UK"}}|0x645201e3
09:48:24.2 (43211273)|VARIABLE_SCOPE_BEGIN|[78]|lcfield|String|false|false
09:48:24.2 (43217464)|VARIABLE_ASSIGNMENT|[78]|lcfield|"Id"
09:48:24.2 (43226383)|HEAP_ALLOCATE|[81]|Bytes:5
09:48:24.2 (43230581)|STATEMENT_EXECUTE|[79]
09:48:24.2 (43231894)|STATEMENT_EXECUTE|[81]
09:48:24.2 (43236158)|VARIABLE_SCOPE_BEGIN|[81]|returnValue|String|false|false
09:48:24.2 (43240717)|VARIABLE_ASSIGNMENT|[81]|returnValue|""
09:48:24.2 (43255216)|ENTERING_MANAGED_PKG|
09:48:24.2 (43264130)|STATEMENT_EXECUTE|[98]
09:48:24.2 (43272067)|ENTERING_MANAGED_PKG|
09:48:24.2 (43290936)|HEAP_ALLOCATE|[98]|Bytes:4
09:48:24.2 (43306621)|ENTERING_MANAGED_PKG|
09:48:24.2 (43310316)|HEAP_ALLOCATE|[98]|Bytes:18
09:48:24.2 (43321568)|VARIABLE_ASSIGNMENT|[98]|returnValue|"001B00000066XxDIAU"
09:48:24.2 (43324373)|STATEMENT_EXECUTE|[100]
09:48:24.2 (43331726)|METHOD_EXIT|[113]|01pB0000000ljzx|testautonumdata.Sparkle_Helper.GetSobjectField(SObject, String)
09:48:24.2 (43358468)|VARIABLE_ASSIGNMENT|[EXTERNAL]|this|{"recordID":"001B00000066XxDIAU"}|0x4ae3de84
09:48:24.2 (43363381)|VARIABLE_ASSIGNMENT|[EXTERNAL]|value|"001B00000066XxDIAU"
09:48:24.2 (43369618)|VARIABLE_ASSIGNMENT|[8]|this.eventField|"001B00000066XxDIAU"|0x4ae3de84
09:48:24.2 (43375799)|STATEMENT_EXECUTE|[116]
09:48:24.2 (43377096)|STATEMENT_EXECUTE|[117]
09:48:24.2 (43381930)|METHOD_ENTRY|[117]|01pB0000000ljzx|testautonumdata.Sparkle_Helper.GetSobjectField(SObject, String)
09:48:24.2 (43385789)|VARIABLE_SCOPE_BEGIN|[78]|e|SObject|true|false
09:48:24.2 (43396465)|VARIABLE_ASSIGNMENT|[78]|e|{"s":1,"v":{"Id":"001B00000066XxDIAU","Name":"United Oil & Gas, UK"}}|0x645201e3
09:48:24.2 (43398849)|VARIABLE_SCOPE_BEGIN|[78]|lcfield|String|false|false
09:48:24.2 (43401587)|VARIABLE_ASSIGNMENT|[78]|lcfield|"Name"
09:48:24.2 (43408802)|HEAP_ALLOCATE|[81]|Bytes:5
09:48:24.2 (43412229)|STATEMENT_EXECUTE|[79]
09:48:24.2 (43413363)|STATEMENT_EXECUTE|[81]
09:48:24.2 (43416803)|VARIABLE_SCOPE_BEGIN|[81]|returnValue|String|false|false
09:48:24.2 (43420845)|VARIABLE_ASSIGNMENT|[81]|returnValue|""
09:48:24.2 (43434313)|ENTERING_MANAGED_PKG|
09:48:24.2 (43442828)|STATEMENT_EXECUTE|[98]
09:48:24.2 (43450735)|ENTERING_MANAGED_PKG|
09:48:24.2 (43469514)|HEAP_ALLOCATE|[98]|Bytes:20
09:48:24.2 (43485202)|ENTERING_MANAGED_PKG|
09:48:24.2 (43488767)|HEAP_ALLOCATE|[98]|Bytes:20
09:48:24.2 (43500193)|VARIABLE_ASSIGNMENT|[98]|returnValue|"United Oil & Gas, UK"
09:48:24.2 (43502924)|STATEMENT_EXECUTE|[100]
09:48:24.2 (43510247)|METHOD_EXIT|[117]|01pB0000000ljzx|testautonumdata.Sparkle_Helper.GetSobjectField(SObject, String)
09:48:24.2 (43537476)|VARIABLE_ASSIGNMENT|[EXTERNAL]|this|{"eventField":"001B00000066XxDIAU","recordID":"001B00000066XxDIAU"}|0x4ae3de84
09:48:24.2 (43542899)|VARIABLE_ASSIGNMENT|[EXTERNAL]|value|"United Oil & Gas, UK"
09:48:24.2 (43548964)|VARIABLE_ASSIGNMENT|[10]|this.column1|"United Oil & Gas, UK"|0x4ae3de84
09:48:24.2 (43554915)|STATEMENT_EXECUTE|[119]
09:48:24.2 (43556654)|STATEMENT_EXECUTE|[124]
09:48:24.2 (43557834)|STATEMENT_EXECUTE|[129]
09:48:24.2 (43558808)|STATEMENT_EXECUTE|[135]
09:48:24.2 (43565653)|ENTERING_MANAGED_PKG|
09:48:24.2 (43573004)|HEAP_ALLOCATE|[EXTERNAL]|Bytes:4
09:48:24.2 (43578804)|STATEMENT_EXECUTE|[137]
09:48:24.2 (43591455)|ENTERING_MANAGED_PKG|
09:48:24.2 (43624730)|HEAP_ALLOCATE|[137]|Bytes:192
09:48:24.2 (43639198)|HEAP_ALLOCATE|[137]|Bytes:204
09:48:24.2 (43648598)|ENTERING_MANAGED_PKG|
09:48:24.2 (43654467)|USER_DEBUG|[137]|DEBUG|######## i: ListServerController:[column1=United Oil & Gas, UK, column2=null, column3=null, column4=null, eventField=001B00000066XxDIAU, mapObjectsFields={Account={Id, Name}}, recordID=001B00000066XxDIAU]
09:48:24.2 (43669231)|HEAP_ALLOCATE|[104]|Bytes:5
09:48:24.2 (43691769)|HEAP_ALLOCATE|[104]|Bytes:12
09:48:24.2 (43705789)|VARIABLE_SCOPE_BEGIN|[104]|e|SObject|true|false
09:48:24.2 (43721769)|VARIABLE_ASSIGNMENT|[104]|e|{"s":1,"v":{"Id":"001B00000066XxEIAU","Name":"United Oil & Gas, Si (7 more) ..."}}|0xb5ecd1b
09:48:24.2 (43725232)|STATEMENT_EXECUTE|[105]
09:48:24.2 (43726383)|STATEMENT_EXECUTE|[106]
09:48:24.2 (43740723)|ENTERING_MANAGED_PKG|
09:48:24.2 (43765986)|HEAP_ALLOCATE|[106]|Bytes:65
09:48:24.2 (43779574)|HEAP_ALLOCATE|[106]|Bytes:77
09:48:24.2 (43788631)|ENTERING_MANAGED_PKG|
09:48:24.2 (43794332)|USER_DEBUG|[106]|DEBUG|######## e: Account:{Id=001B00000066XxEIAU, Name=United Oil & Gas, Singapore}
09:48:24.2 (43800251)|STATEMENT_EXECUTE|[107]
09:48:24.2 (43804937)|HEAP_ALLOCATE|[107]|Bytes:28
09:48:24.2 (43814268)|CONSTRUCTOR_ENTRY|[107]|01pB0000000lc07|<init>()
09:48:24.2 (43818816)|VARIABLE_SCOPE_BEGIN|[1]|this|testautonumdata.ListServerController|true|false
09:48:24.2 (43839510)|VARIABLE_ASSIGNMENT|[1]|this|{}|0x3ceb6823
09:48:24.2 (43847286)|HEAP_ALLOCATE|[EXTERNAL]|Bytes:5
09:48:24.2 (43861912)|STATEMENT_EXECUTE|[1]
09:48:24.2 (43865606)|HEAP_ALLOCATE|[EXTERNAL]|Bytes:5
09:48:24.2 (43867658)|STATEMENT_EXECUTE|[6]
09:48:24.2 (43869117)|STATEMENT_EXECUTE|[8]
09:48:24.2 (43870173)|STATEMENT_EXECUTE|[10]
09:48:24.2 (43871173)|STATEMENT_EXECUTE|[12]
09:48:24.2 (43872135)|STATEMENT_EXECUTE|[14]
09:48:24.2 (43873083)|STATEMENT_EXECUTE|[16]
09:48:24.2 (43882258)|CONSTRUCTOR_EXIT|[107]|01pB0000000lc07|<init>()
09:48:24.2 (43886526)|VARIABLE_SCOPE_BEGIN|[107]|i|testautonumdata.ListServerController|true|false
09:48:24.2 (43909567)|VARIABLE_ASSIGNMENT|[107]|i|{}|0x3ceb6823
09:48:24.2 (43912321)|STATEMENT_EXECUTE|[110]
09:48:24.2 (43927619)|ENTERING_MANAGED_PKG|
09:48:24.2 (43948888)|HEAP_ALLOCATE|[110]|Bytes:4
09:48:24.2 (43965410)|ENTERING_MANAGED_PKG|
09:48:24.2 (43969126)|HEAP_ALLOCATE|[110]|Bytes:18
09:48:24.2 (43997358)|VARIABLE_ASSIGNMENT|[EXTERNAL]|this|{}|0x3ceb6823
09:48:24.2 (44003249)|VARIABLE_ASSIGNMENT|[EXTERNAL]|value|"001B00000066XxEIAU"
09:48:24.2 (44011048)|VARIABLE_ASSIGNMENT|[6]|this.recordID|"001B00000066XxEIAU"|0x3ceb6823
09:48:24.2 (44017532)|STATEMENT_EXECUTE|[112]
09:48:24.2 (44018801)|STATEMENT_EXECUTE|[113]
09:48:24.2 (44023861)|METHOD_ENTRY|[113]|01pB0000000ljzx|testautonumdata.Sparkle_Helper.GetSobjectField(SObject, String)
09:48:24.2 (44027810)|VARIABLE_SCOPE_BEGIN|[78]|e|SObject|true|false
09:48:24.2 (44039591)|VARIABLE_ASSIGNMENT|[78]|e|{"s":1,"v":{"Id":"001B00000066XxEIAU","Name":"United Oil & Gas, Si (7 more) ..."}}|0xb5ecd1b
09:48:24.2 (44042629)|VARIABLE_SCOPE_BEGIN|[78]|lcfield|String|false|false
09:48:24.2 (44045610)|VARIABLE_ASSIGNMENT|[78]|lcfield|"Id"
09:48:24.2 (44053248)|HEAP_ALLOCATE|[81]|Bytes:5
09:48:24.2 (44056760)|STATEMENT_EXECUTE|[79]
09:48:24.2 (44057845)|STATEMENT_EXECUTE|[81]
09:48:24.2 (44061399)|VARIABLE_SCOPE_BEGIN|[81]|returnValue|String|false|false
09:48:24.2 (44065642)|VARIABLE_ASSIGNMENT|[81]|returnValue|""
09:48:24.2 (44079304)|ENTERING_MANAGED_PKG|
09:48:24.2 (44088074)|STATEMENT_EXECUTE|[98]
09:48:24.2 (44096268)|ENTERING_MANAGED_PKG|
09:48:24.2 (44114515)|HEAP_ALLOCATE|[98]|Bytes:4
09:48:24.2 (44130033)|ENTERING_MANAGED_PKG|
09:48:24.2 (44133542)|HEAP_ALLOCATE|[98]|Bytes:18
09:48:24.2 (44145228)|VARIABLE_ASSIGNMENT|[98]|returnValue|"001B00000066XxEIAU"
09:48:24.2 (44147889)|STATEMENT_EXECUTE|[100]
09:48:24.2 (44154976)|METHOD_EXIT|[113]|01pB0000000ljzx|testautonumdata.Sparkle_Helper.GetSobjectField(SObject, String)
09:48:24.2 (44181031)|VARIABLE_ASSIGNMENT|[EXTERNAL]|this|{"recordID":"001B00000066XxEIAU"}|0x3ceb6823
09:48:24.2 (44186513)|VARIABLE_ASSIGNMENT|[EXTERNAL]|value|"001B00000066XxEIAU"
09:48:24.2 (44192476)|VARIABLE_ASSIGNMENT|[8]|this.eventField|"001B00000066XxEIAU"|0x3ceb6823
09:48:24.2 (44198629)|STATEMENT_EXECUTE|[116]
09:48:24.2 (44199886)|STATEMENT_EXECUTE|[117]
09:48:24.2 (44203969)|METHOD_ENTRY|[117]|01pB0000000ljzx|testautonumdata.Sparkle_Helper.GetSobjectField(SObject, String)
09:48:24.2 (44207538)|VARIABLE_SCOPE_BEGIN|[78]|e|SObject|true|false
09:48:24.2 (44218533)|VARIABLE_ASSIGNMENT|[78]|e|{"s":1,"v":{"Id":"001B00000066XxEIAU","Name":"United Oil & Gas, Si (7 more) ..."}}|0xb5ecd1b
09:48:24.2 (44221291)|VARIABLE_SCOPE_BEGIN|[78]|lcfield|String|false|false
09:48:24.2 (44224076)|VARIABLE_ASSIGNMENT|[78]|lcfield|"Name"
09:48:24.2 (44231229)|HEAP_ALLOCATE|[81]|Bytes:5
09:48:24.2 (44234556)|STATEMENT_EXECUTE|[79]
09:48:24.2 (44235653)|STATEMENT_EXECUTE|[81]
09:48:24.2 (44239163)|VARIABLE_SCOPE_BEGIN|[81]|returnValue|String|false|false
09:48:24.2 (44243585)|VARIABLE_ASSIGNMENT|[81]|returnValue|""
09:48:24.2 (44256866)|ENTERING_MANAGED_PKG|
09:48:24.2 (44265427)|STATEMENT_EXECUTE|[98]
09:48:24.2 (44273527)|ENTERING_MANAGED_PKG|
09:48:24.2 (44291976)|HEAP_ALLOCATE|[98]|Bytes:27
09:48:24.2 (44307713)|ENTERING_MANAGED_PKG|
09:48:24.2 (44311252)|HEAP_ALLOCATE|[98]|Bytes:27
09:48:24.2 (44323422)|VARIABLE_ASSIGNMENT|[98]|returnValue|"United Oil & Gas, Si (7 more) ..."
09:48:24.2 (44326164)|STATEMENT_EXECUTE|[100]
09:48:24.2 (44333311)|METHOD_EXIT|[117]|01pB0000000ljzx|testautonumdata.Sparkle_Helper.GetSobjectField(SObject, String)
09:48:24.2 (44360524)|VARIABLE_ASSIGNMENT|[EXTERNAL]|this|{"eventField":"001B00000066XxEIAU","recordID":"001B00000066XxEIAU"}|0x3ceb6823
09:48:24.2 (44366502)|VARIABLE_ASSIGNMENT|[EXTERNAL]|value|"United Oil & Gas, Si (7 more) ..."
09:48:24.2 (44373410)|VARIABLE_ASSIGNMENT|[10]|this.column1|"United Oil & Gas, Si (7 more) ..."|0x3ceb6823
09:48:24.2 (44379983)|STATEMENT_EXECUTE|[119]
09:48:24.2 (44381884)|STATEMENT_EXECUTE|[124]
09:48:24.2 (44383220)|STATEMENT_EXECUTE|[129]
09:48:24.2 (44384376)|STATEMENT_EXECUTE|[135]
09:48:24.2 (44391282)|ENTERING_MANAGED_PKG|
09:48:24.2 (44398882)|HEAP_ALLOCATE|[EXTERNAL]|Bytes:4
09:48:24.2 (44404463)|STATEMENT_EXECUTE|[137]
09:48:24.2 (44417369)|ENTERING_MANAGED_PKG|
09:48:24.2 (44455520)|HEAP_ALLOCATE|[137]|Bytes:199
09:48:24.2 (44471279)|HEAP_ALLOCATE|[137]|Bytes:211
09:48:24.2 (44480937)|ENTERING_MANAGED_PKG|
09:48:24.2 (44486865)|USER_DEBUG|[137]|DEBUG|######## i: ListServerController:[column1=United Oil & Gas, Singapore, column2=null, column3=null, column4=null, eventField=001B00000066XxEIAU, mapObjectsFields={Account={Id, Name}}, recordID=001B00000066XxEIAU]
09:48:24.2 (44501561)|HEAP_ALLOCATE|[104]|Bytes:5
09:48:24.2 (44523840)|HEAP_ALLOCATE|[104]|Bytes:12
09:48:24.2 (44537769)|VARIABLE_SCOPE_BEGIN|[104]|e|SObject|true|false
09:48:24.2 (44552522)|VARIABLE_ASSIGNMENT|[104]|e|{"s":1,"v":{"Id":"001B00000066Xx5IAE","Name":"Edge Communications"}}|0x461b4d40
09:48:24.2 (44555556)|STATEMENT_EXECUTE|[105]
09:48:24.2 (44556647)|STATEMENT_EXECUTE|[106]
09:48:24.2 (44571182)|ENTERING_MANAGED_PKG|
09:48:24.2 (44596385)|HEAP_ALLOCATE|[106]|Bytes:57
09:48:24.2 (44610168)|HEAP_ALLOCATE|[106]|Bytes:69
09:48:24.2 (44619208)|ENTERING_MANAGED_PKG|
09:48:24.2 (44624737)|USER_DEBUG|[106]|DEBUG|######## e: Account:{Id=001B00000066Xx5IAE, Name=Edge Communications}
09:48:24.2 (44630294)|STATEMENT_EXECUTE|[107]
09:48:24.2 (44634902)|HEAP_ALLOCATE|[107]|Bytes:28
09:48:24.2 (44644125)|CONSTRUCTOR_ENTRY|[107]|01pB0000000lc07|<init>()
09:48:24.2 (44648667)|VARIABLE_SCOPE_BEGIN|[1]|this|testautonumdata.ListServerController|true|false
09:48:24.2 (44669892)|VARIABLE_ASSIGNMENT|[1]|this|{}|0x462cc1e0
09:48:24.2 (44677471)|HEAP_ALLOCATE|[EXTERNAL]|Bytes:5
09:48:24.2 (44692032)|STATEMENT_EXECUTE|[1]
09:48:24.2 (44695601)|HEAP_ALLOCATE|[EXTERNAL]|Bytes:5
09:48:24.2 (44697609)|STATEMENT_EXECUTE|[6]
09:48:24.2 (44699050)|STATEMENT_EXECUTE|[8]
09:48:24.2 (44700246)|STATEMENT_EXECUTE|[10]
09:48:24.2 (44701203)|STATEMENT_EXECUTE|[12]
09:48:24.2 (44702160)|STATEMENT_EXECUTE|[14]
09:48:24.2 (44703094)|STATEMENT_EXECUTE|[16]
09:48:24.2 (44712563)|CONSTRUCTOR_EXIT|[107]|01pB0000000lc07|<init>()
09:48:24.2 (44716887)|VARIABLE_SCOPE_BEGIN|[107]|i|testautonumdata.ListServerController|true|false
09:48:24.2 (44735735)|VARIABLE_ASSIGNMENT|[107]|i|{}|0x462cc1e0
09:48:24.2 (44738292)|STATEMENT_EXECUTE|[110]
09:48:24.2 (44752736)|ENTERING_MANAGED_PKG|
09:48:24.2 (44773832)|HEAP_ALLOCATE|[110]|Bytes:4
09:48:24.2 (44790424)|ENTERING_MANAGED_PKG|
09:48:24.2 (44794102)|HEAP_ALLOCATE|[110]|Bytes:18
09:48:24.2 (44822150)|VARIABLE_ASSIGNMENT|[EXTERNAL]|this|{}|0x462cc1e0
09:48:24.2 (44828329)|VARIABLE_ASSIGNMENT|[EXTERNAL]|value|"001B00000066Xx5IAE"
09:48:24.2 (44835068)|VARIABLE_ASSIGNMENT|[6]|this.recordID|"001B00000066Xx5IAE"|0x462cc1e0
09:48:24.2 (44840998)|STATEMENT_EXECUTE|[112]
09:48:24.2 (44842287)|STATEMENT_EXECUTE|[113]
09:48:24.2 (44847335)|METHOD_ENTRY|[113]|01pB0000000ljzx|testautonumdata.Sparkle_Helper.GetSobjectField(SObject, String)
09:48:24.2 (44851348)|VARIABLE_SCOPE_BEGIN|[78]|e|SObject|true|false
09:48:24.2 (44861817)|VARIABLE_ASSIGNMENT|[78]|e|{"s":1,"v":{"Id":"001B00000066Xx5IAE","Name":"Edge Communications"}}|0x461b4d40
09:48:24.2 (44864051)|VARIABLE_SCOPE_BEGIN|[78]|lcfield|String|false|false
09:48:24.2 (44866876)|VARIABLE_ASSIGNMENT|[78]|lcfield|"Id"
09:48:24.2 (44874575)|HEAP_ALLOCATE|[81]|Bytes:5
09:48:24.2 (44877965)|STATEMENT_EXECUTE|[79]
09:48:24.2 (44879101)|STATEMENT_EXECUTE|[81]
09:48:24.2 (44882668)|VARIABLE_SCOPE_BEGIN|[81]|returnValue|String|false|false
09:48:24.2 (44886729)|VARIABLE_ASSIGNMENT|[81]|returnValue|""
09:48:24.2 (44900248)|ENTERING_MANAGED_PKG|
09:48:24.2 (44913635)|STATEMENT_EXECUTE|[98]
09:48:24.2 (44922216)|ENTERING_MANAGED_PKG|
09:48:24.2 (44940627)|HEAP_ALLOCATE|[98]|Bytes:4
09:48:24.2 (44956636)|ENTERING_MANAGED_PKG|
09:48:24.2 (44960360)|HEAP_ALLOCATE|[98]|Bytes:18
09:48:24.2 (44971716)|VARIABLE_ASSIGNMENT|[98]|returnValue|"001B00000066Xx5IAE"
09:48:24.2 (44974224)|STATEMENT_EXECUTE|[100]
09:48:24.2 (44981272)|METHOD_EXIT|[113]|01pB0000000ljzx|testautonumdata.Sparkle_Helper.GetSobjectField(SObject, String)
09:48:24.2 (45007279)|VARIABLE_ASSIGNMENT|[EXTERNAL]|this|{"recordID":"001B00000066Xx5IAE"}|0x462cc1e0
09:48:24.2 (45012981)|VARIABLE_ASSIGNMENT|[EXTERNAL]|value|"001B00000066Xx5IAE"
09:48:24.2 (45019021)|VARIABLE_ASSIGNMENT|[8]|this.eventField|"001B00000066Xx5IAE"|0x462cc1e0
09:48:24.2 (45025151)|STATEMENT_EXECUTE|[116]
09:48:24.2 (45026412)|STATEMENT_EXECUTE|[117]
09:48:24.2 (45030870)|METHOD_ENTRY|[117]|01pB0000000ljzx|testautonumdata.Sparkle_Helper.GetSobjectField(SObject, String)
09:48:24.2 (45034574)|VARIABLE_SCOPE_BEGIN|[78]|e|SObject|true|false
09:48:24.2 (45044659)|VARIABLE_ASSIGNMENT|[78]|e|{"s":1,"v":{"Id":"001B00000066Xx5IAE","Name":"Edge Communications"}}|0x461b4d40
09:48:24.2 (45046827)|VARIABLE_SCOPE_BEGIN|[78]|lcfield|String|false|false
09:48:24.2 (45049583)|VARIABLE_ASSIGNMENT|[78]|lcfield|"Name"
09:48:24.2 (45056685)|HEAP_ALLOCATE|[81]|Bytes:5
09:48:24.2 (45060025)|STATEMENT_EXECUTE|[79]
09:48:24.2 (45061094)|STATEMENT_EXECUTE|[81]
09:48:24.2 (45064512)|VARIABLE_SCOPE_BEGIN|[81]|returnValue|String|false|false
09:48:24.2 (45068591)|VARIABLE_ASSIGNMENT|[81]|returnValue|""
09:48:24.2 (45081981)|ENTERING_MANAGED_PKG|
09:48:24.2 (45090362)|STATEMENT_EXECUTE|[98]
09:48:24.2 (45098307)|ENTERING_MANAGED_PKG|
09:48:24.2 (45116357)|HEAP_ALLOCATE|[98]|Bytes:19
09:48:24.2 (45131668)|ENTERING_MANAGED_PKG|
09:48:24.2 (45135103)|HEAP_ALLOCATE|[98]|Bytes:19
09:48:24.2 (45146113)|VARIABLE_ASSIGNMENT|[98]|returnValue|"Edge Communications"
09:48:24.2 (45148780)|STATEMENT_EXECUTE|[100]
09:48:24.2 (45156025)|METHOD_EXIT|[117]|01pB0000000ljzx|testautonumdata.Sparkle_Helper.GetSobjectField(SObject, String)
09:48:24.2 (45183795)|VARIABLE_ASSIGNMENT|[EXTERNAL]|this|{"eventField":"001B00000066Xx5IAE","recordID":"001B00000066Xx5IAE"}|0x462cc1e0
09:48:24.2 (45189103)|VARIABLE_ASSIGNMENT|[EXTERNAL]|value|"Edge Communications"
09:48:24.2 (45195345)|VARIABLE_ASSIGNMENT|[10]|this.column1|"Edge Communications"|0x462cc1e0
09:48:24.2 (45201367)|STATEMENT_EXECUTE|[119]
09:48:24.2 (45203088)|STATEMENT_EXECUTE|[124]
09:48:24.2 (45204428)|STATEMENT_EXECUTE|[129]
09:48:24.2 (45205421)|STATEMENT_EXECUTE|[135]
09:48:24.2 (45212201)|ENTERING_MANAGED_PKG|
09:48:24.2 (45219541)|HEAP_ALLOCATE|[EXTERNAL]|Bytes:4
09:48:24.2 (45225156)|STATEMENT_EXECUTE|[137]
09:48:24.2 (45237867)|ENTERING_MANAGED_PKG|
09:48:24.2 (45269795)|HEAP_ALLOCATE|[137]|Bytes:191
09:48:24.2 (45283987)|HEAP_ALLOCATE|[137]|Bytes:203
09:48:24.2 (45293197)|ENTERING_MANAGED_PKG|
09:48:24.2 (45298952)|USER_DEBUG|[137]|DEBUG|######## i: ListServerController:[column1=Edge Communications, column2=null, column3=null, column4=null, eventField=001B00000066Xx5IAE, mapObjectsFields={Account={Id, Name}}, recordID=001B00000066Xx5IAE]
09:48:24.2 (45313286)|HEAP_ALLOCATE|[104]|Bytes:5
09:48:24.2 (45335091)|HEAP_ALLOCATE|[104]|Bytes:12
09:48:24.2 (45348532)|VARIABLE_SCOPE_BEGIN|[104]|e|SObject|true|false
09:48:24.2 (45363847)|VARIABLE_ASSIGNMENT|[104]|e|{"s":1,"v":{"Id":"001B00000066Xx6IAE","Name":"Burlington Textiles  (15 more) ..."}}|0x16a10b97
09:48:24.2 (45367265)|STATEMENT_EXECUTE|[105]
09:48:24.2 (45368307)|STATEMENT_EXECUTE|[106]
09:48:24.2 (45382450)|ENTERING_MANAGED_PKG|
09:48:24.2 (45407319)|HEAP_ALLOCATE|[106]|Bytes:73
09:48:24.2 (45420665)|HEAP_ALLOCATE|[106]|Bytes:85
09:48:24.2 (45429649)|ENTERING_MANAGED_PKG|
09:48:24.2 (45435187)|USER_DEBUG|[106]|DEBUG|######## e: Account:{Id=001B00000066Xx6IAE, Name=Burlington Textiles Corp of America}
09:48:24.2 (45440810)|STATEMENT_EXECUTE|[107]
09:48:24.2 (45445348)|HEAP_ALLOCATE|[107]|Bytes:28
09:48:24.2 (45454546)|CONSTRUCTOR_ENTRY|[107]|01pB0000000lc07|<init>()
09:48:24.2 (45459087)|VARIABLE_SCOPE_BEGIN|[1]|this|testautonumdata.ListServerController|true|false
09:48:24.2 (45479792)|VARIABLE_ASSIGNMENT|[1]|this|{}|0x4b7a78db
09:48:24.2 (45487491)|HEAP_ALLOCATE|[EXTERNAL]|Bytes:5
09:48:24.2 (45501807)|STATEMENT_EXECUTE|[1]
09:48:24.2 (45505418)|HEAP_ALLOCATE|[EXTERNAL]|Bytes:5
09:48:24.2 (45507401)|STATEMENT_EXECUTE|[6]
09:48:24.2 (45508817)|STATEMENT_EXECUTE|[8]
09:48:24.2 (45509887)|STATEMENT_EXECUTE|[10]
09:48:24.2 (45510953)|STATEMENT_EXECUTE|[12]
09:48:24.2 (45511931)|STATEMENT_EXECUTE|[14]
09:48:24.2 (45512897)|STATEMENT_EXECUTE|[16]
09:48:24.2 (45522154)|CONSTRUCTOR_EXIT|[107]|01pB0000000lc07|<init>()
09:48:24.2 (45526371)|VARIABLE_SCOPE_BEGIN|[107]|i|testautonumdata.ListServerController|true|false
09:48:24.2 (45544859)|VARIABLE_ASSIGNMENT|[107]|i|{}|0x4b7a78db
09:48:24.2 (45547370)|STATEMENT_EXECUTE|[110]
09:48:24.2 (45561851)|ENTERING_MANAGED_PKG|
09:48:24.2 (45582603)|HEAP_ALLOCATE|[110]|Bytes:4
09:48:24.2 (45599178)|ENTERING_MANAGED_PKG|
09:48:24.2 (45602889)|HEAP_ALLOCATE|[110]|Bytes:18
09:48:24.2 (45631055)|VARIABLE_ASSIGNMENT|[EXTERNAL]|this|{}|0x4b7a78db
09:48:24.2 (45637217)|VARIABLE_ASSIGNMENT|[EXTERNAL]|value|"001B00000066Xx6IAE"
09:48:24.2 (45644118)|VARIABLE_ASSIGNMENT|[6]|this.recordID|"001B00000066Xx6IAE"|0x4b7a78db
09:48:24.2 (45650092)|STATEMENT_EXECUTE|[112]
09:48:24.2 (45651338)|STATEMENT_EXECUTE|[113]
09:48:24.2 (45656254)|METHOD_ENTRY|[113]|01pB0000000ljzx|testautonumdata.Sparkle_Helper.GetSobjectField(SObject, String)
09:48:24.2 (45660143)|VARIABLE_SCOPE_BEGIN|[78]|e|SObject|true|false
09:48:24.2 (45671655)|VARIABLE_ASSIGNMENT|[78]|e|{"s":1,"v":{"Id":"001B00000066Xx6IAE","Name":"Burlington Textiles  (15 more) ..."}}|0x16a10b97
09:48:24.2 (45674080)|VARIABLE_SCOPE_BEGIN|[78]|lcfield|String|false|false
09:48:24.2 (45677181)|VARIABLE_ASSIGNMENT|[78]|lcfield|"Id"
09:48:24.2 (45684408)|HEAP_ALLOCATE|[81]|Bytes:5
09:48:24.2 (45687859)|STATEMENT_EXECUTE|[79]
09:48:24.2 (45688958)|STATEMENT_EXECUTE|[81]
09:48:24.2 (45692512)|VARIABLE_SCOPE_BEGIN|[81]|returnValue|String|false|false
09:48:24.2 (45696571)|VARIABLE_ASSIGNMENT|[81]|returnValue|""
09:48:24.2 (45709905)|ENTERING_MANAGED_PKG|
09:48:24.2 (45718490)|STATEMENT_EXECUTE|[98]
09:48:24.2 (45726552)|ENTERING_MANAGED_PKG|
09:48:24.2 (45744487)|HEAP_ALLOCATE|[98]|Bytes:4
09:48:24.2 (45759967)|ENTERING_MANAGED_PKG|
09:48:24.2 (45763673)|HEAP_ALLOCATE|[98]|Bytes:18
09:48:24.2 (45774879)|VARIABLE_ASSIGNMENT|[98]|returnValue|"001B00000066Xx6IAE"
09:48:24.2 (45777420)|STATEMENT_EXECUTE|[100]
09:48:24.2 (45784085)|METHOD_EXIT|[113]|01pB0000000ljzx|testautonumdata.Sparkle_Helper.GetSobjectField(SObject, String)
09:48:24.2 (45810116)|VARIABLE_ASSIGNMENT|[EXTERNAL]|this|{"recordID":"001B00000066Xx6IAE"}|0x4b7a78db
09:48:24.2 (45815005)|VARIABLE_ASSIGNMENT|[EXTERNAL]|value|"001B00000066Xx6IAE"
09:48:24.2 (45820964)|VARIABLE_ASSIGNMENT|[8]|this.eventField|"001B00000066Xx6IAE"|0x4b7a78db
09:48:24.2 (45826816)|STATEMENT_EXECUTE|[116]
09:48:24.2 (45828043)|STATEMENT_EXECUTE|[117]
09:48:24.2 (45832138)|METHOD_ENTRY|[117]|01pB0000000ljzx|testautonumdata.Sparkle_Helper.GetSobjectField(SObject, String)
09:48:24.2 (45836048)|VARIABLE_SCOPE_BEGIN|[78]|e|SObject|true|false
09:48:24.2 (45846850)|VARIABLE_ASSIGNMENT|[78]|e|{"s":1,"v":{"Id":"001B00000066Xx6IAE","Name":"Burlington Textiles  (15 more) ..."}}|0x16a10b97
09:48:24.2 (45849390)|VARIABLE_SCOPE_BEGIN|[78]|lcfield|String|false|false
09:48:24.2 (45852211)|VARIABLE_ASSIGNMENT|[78]|lcfield|"Name"
09:48:24.2 (45859310)|HEAP_ALLOCATE|[81]|Bytes:5
09:48:24.2 (45862645)|STATEMENT_EXECUTE|[79]
09:48:24.2 (45863760)|STATEMENT_EXECUTE|[81]
09:48:24.2 (45867332)|VARIABLE_SCOPE_BEGIN|[81]|returnValue|String|false|false
09:48:24.2 (45871284)|VARIABLE_ASSIGNMENT|[81]|returnValue|""
09:48:24.2 (45884695)|ENTERING_MANAGED_PKG|
09:48:24.2 (45893109)|STATEMENT_EXECUTE|[98]
09:48:24.2 (45901079)|ENTERING_MANAGED_PKG|
09:48:24.2 (45923683)|HEAP_ALLOCATE|[98]|Bytes:35
09:48:24.2 (45939999)|ENTERING_MANAGED_PKG|
09:48:24.2 (45943566)|HEAP_ALLOCATE|[98]|Bytes:35
09:48:24.2 (45955654)|VARIABLE_ASSIGNMENT|[98]|returnValue|"Burlington Textiles  (15 more) ..."
09:48:24.2 (45958616)|STATEMENT_EXECUTE|[100]
09:48:24.2 (45965646)|METHOD_EXIT|[117]|01pB0000000ljzx|testautonumdata.Sparkle_Helper.GetSobjectField(SObject, String)
09:48:24.2 (45993087)|VARIABLE_ASSIGNMENT|[EXTERNAL]|this|{"eventField":"001B00000066Xx6IAE","recordID":"001B00000066Xx6IAE"}|0x4b7a78db
09:48:24.2 (45999272)|VARIABLE_ASSIGNMENT|[EXTERNAL]|value|"Burlington Textiles  (15 more) ..."
09:48:24.2 (46006043)|VARIABLE_ASSIGNMENT|[10]|this.column1|"Burlington Textiles  (15 more) ..."|0x4b7a78db
09:48:24.2 (46013054)|STATEMENT_EXECUTE|[119]
09:48:24.2 (46014742)|STATEMENT_EXECUTE|[124]
09:48:24.2 (46016326)|STATEMENT_EXECUTE|[129]
09:48:24.2 (46017458)|STATEMENT_EXECUTE|[135]
09:48:24.2 (46024297)|ENTERING_MANAGED_PKG|
09:48:24.2 (46031403)|HEAP_ALLOCATE|[EXTERNAL]|Bytes:4
09:48:24.2 (46036962)|STATEMENT_EXECUTE|[137]
09:48:24.2 (46049548)|ENTERING_MANAGED_PKG|
09:48:24.2 (46081716)|HEAP_ALLOCATE|[137]|Bytes:207
09:48:24.2 (46095815)|HEAP_ALLOCATE|[137]|Bytes:219
09:48:24.2 (46104823)|ENTERING_MANAGED_PKG|
09:48:24.2 (46110485)|USER_DEBUG|[137]|DEBUG|######## i: ListServerController:[column1=Burlington Textiles Corp of America, column2=null, column3=null, column4=null, eventField=001B00000066Xx6IAE, mapObjectsFields={Account={Id, Name}}, recordID=001B00000066Xx6IAE]
09:48:24.2 (46124671)|HEAP_ALLOCATE|[104]|Bytes:5
09:48:24.2 (46146373)|HEAP_ALLOCATE|[104]|Bytes:12
09:48:24.2 (46159744)|VARIABLE_SCOPE_BEGIN|[104]|e|SObject|true|false
09:48:24.2 (46174674)|VARIABLE_ASSIGNMENT|[104]|e|{"s":1,"v":{"Id":"001B00000066Xx7IAE","Name":"Pyramid Construction (5 more) ..."}}|0x62084db9
09:48:24.2 (46177858)|STATEMENT_EXECUTE|[105]
09:48:24.2 (46179269)|STATEMENT_EXECUTE|[106]
09:48:24.2 (46193634)|ENTERING_MANAGED_PKG|
09:48:24.2 (46218701)|HEAP_ALLOCATE|[106]|Bytes:63
09:48:24.2 (46231853)|HEAP_ALLOCATE|[106]|Bytes:75
09:48:24.2 (46240970)|ENTERING_MANAGED_PKG|
09:48:24.2 (46246636)|USER_DEBUG|[106]|DEBUG|######## e: Account:{Id=001B00000066Xx7IAE, Name=Pyramid Construction Inc.}
09:48:24.2 (46252272)|STATEMENT_EXECUTE|[107]
09:48:24.2 (46256797)|HEAP_ALLOCATE|[107]|Bytes:28
09:48:24.2 (46266144)|CONSTRUCTOR_ENTRY|[107]|01pB0000000lc07|<init>()
09:48:24.2 (46270530)|VARIABLE_SCOPE_BEGIN|[1]|this|testautonumdata.ListServerController|true|false
09:48:24.2 (46291156)|VARIABLE_ASSIGNMENT|[1]|this|{}|0x1fb988ce
09:48:24.2 (46298431)|HEAP_ALLOCATE|[EXTERNAL]|Bytes:5
09:48:24.2 (46312816)|STATEMENT_EXECUTE|[1]
09:48:24.2 (46316310)|HEAP_ALLOCATE|[EXTERNAL]|Bytes:5
09:48:24.2 (46318335)|STATEMENT_EXECUTE|[6]
09:48:24.2 (46319753)|STATEMENT_EXECUTE|[8]
09:48:24.2 (46320837)|STATEMENT_EXECUTE|[10]
09:48:24.2 (46321831)|STATEMENT_EXECUTE|[12]
09:48:24.2 (46322803)|STATEMENT_EXECUTE|[14]
09:48:24.2 (46324004)|STATEMENT_EXECUTE|[16]
09:48:24.2 (46333380)|CONSTRUCTOR_EXIT|[107]|01pB0000000lc07|<init>()
09:48:24.2 (46337557)|VARIABLE_SCOPE_BEGIN|[107]|i|testautonumdata.ListServerController|true|false
09:48:24.2 (46356115)|VARIABLE_ASSIGNMENT|[107]|i|{}|0x1fb988ce
09:48:24.2 (46358603)|STATEMENT_EXECUTE|[110]
09:48:24.2 (46373075)|ENTERING_MANAGED_PKG|
09:48:24.2 (46393743)|HEAP_ALLOCATE|[110]|Bytes:4
09:48:24.2 (46410156)|ENTERING_MANAGED_PKG|
09:48:24.2 (46413788)|HEAP_ALLOCATE|[110]|Bytes:18
09:48:24.2 (46441707)|VARIABLE_ASSIGNMENT|[EXTERNAL]|this|{}|0x1fb988ce
09:48:24.2 (46447445)|VARIABLE_ASSIGNMENT|[EXTERNAL]|value|"001B00000066Xx7IAE"
09:48:24.2 (46454266)|VARIABLE_ASSIGNMENT|[6]|this.recordID|"001B00000066Xx7IAE"|0x1fb988ce
09:48:24.2 (46460219)|STATEMENT_EXECUTE|[112]
09:48:24.2 (46461497)|STATEMENT_EXECUTE|[113]
09:48:24.2 (46466315)|METHOD_ENTRY|[113]|01pB0000000ljzx|testautonumdata.Sparkle_Helper.GetSobjectField(SObject, String)
09:48:24.2 (46470318)|VARIABLE_SCOPE_BEGIN|[78]|e|SObject|true|false
09:48:24.2 (46481763)|VARIABLE_ASSIGNMENT|[78]|e|{"s":1,"v":{"Id":"001B00000066Xx7IAE","Name":"Pyramid Construction (5 more) ..."}}|0x62084db9
09:48:24.2 (46484185)|VARIABLE_SCOPE_BEGIN|[78]|lcfield|String|false|false
09:48:24.2 (46487277)|VARIABLE_ASSIGNMENT|[78]|lcfield|"Id"
09:48:24.2 (46494577)|HEAP_ALLOCATE|[81]|Bytes:5
09:48:24.2 (46498061)|STATEMENT_EXECUTE|[79]
09:48:24.2 (46499159)|STATEMENT_EXECUTE|[81]
09:48:24.2 (46502664)|VARIABLE_SCOPE_BEGIN|[81]|returnValue|String|false|false
09:48:24.2 (46506722)|VARIABLE_ASSIGNMENT|[81]|returnValue|""
09:48:24.2 (46520077)|ENTERING_MANAGED_PKG|
09:48:24.2 (46528631)|STATEMENT_EXECUTE|[98]
09:48:24.2 (46536760)|ENTERING_MANAGED_PKG|
09:48:24.2 (46554716)|HEAP_ALLOCATE|[98]|Bytes:4
09:48:24.2 (46570281)|ENTERING_MANAGED_PKG|
09:48:24.2 (46573868)|HEAP_ALLOCATE|[98]|Bytes:18
09:48:24.2 (46585070)|VARIABLE_ASSIGNMENT|[98]|returnValue|"001B00000066Xx7IAE"
09:48:24.2 (46587671)|STATEMENT_EXECUTE|[100]
09:48:24.2 (46594636)|METHOD_EXIT|[113]|01pB0000000ljzx|testautonumdata.Sparkle_Helper.GetSobjectField(SObject, String)
09:48:24.2 (46620788)|VARIABLE_ASSIGNMENT|[EXTERNAL]|this|{"recordID":"001B00000066Xx7IAE"}|0x1fb988ce
09:48:24.2 (46625672)|VARIABLE_ASSIGNMENT|[EXTERNAL]|value|"001B00000066Xx7IAE"
09:48:24.2 (46631546)|VARIABLE_ASSIGNMENT|[8]|this.eventField|"001B00000066Xx7IAE"|0x1fb988ce
09:48:24.2 (46637639)|STATEMENT_EXECUTE|[116]
09:48:24.2 (46638903)|STATEMENT_EXECUTE|[117]
09:48:24.2 (46642991)|METHOD_ENTRY|[117]|01pB0000000ljzx|testautonumdata.Sparkle_Helper.GetSobjectField(SObject, String)
09:48:24.2 (46646629)|VARIABLE_SCOPE_BEGIN|[78]|e|SObject|true|false
09:48:24.2 (46657544)|VARIABLE_ASSIGNMENT|[78]|e|{"s":1,"v":{"Id":"001B00000066Xx7IAE","Name":"Pyramid Construction (5 more) ..."}}|0x62084db9
09:48:24.2 (46659903)|VARIABLE_SCOPE_BEGIN|[78]|lcfield|String|false|false
09:48:24.2 (46662730)|VARIABLE_ASSIGNMENT|[78]|lcfield|"Name"
09:48:24.2 (46669844)|HEAP_ALLOCATE|[81]|Bytes:5
09:48:24.2 (46673112)|STATEMENT_EXECUTE|[79]
09:48:24.2 (46674196)|STATEMENT_EXECUTE|[81]
09:48:24.2 (46677653)|VARIABLE_SCOPE_BEGIN|[81]|returnValue|String|false|false
09:48:24.2 (46681439)|VARIABLE_ASSIGNMENT|[81]|returnValue|""
09:48:24.2 (46694857)|ENTERING_MANAGED_PKG|
09:48:24.2 (46703333)|STATEMENT_EXECUTE|[98]
09:48:24.2 (46711175)|ENTERING_MANAGED_PKG|
09:48:24.2 (46729245)|HEAP_ALLOCATE|[98]|Bytes:25
09:48:24.2 (46744637)|ENTERING_MANAGED_PKG|
09:48:24.2 (46748106)|HEAP_ALLOCATE|[98]|Bytes:25
09:48:24.2 (46760693)|VARIABLE_ASSIGNMENT|[98]|returnValue|"Pyramid Construction (5 more) ..."
09:48:24.2 (46763394)|STATEMENT_EXECUTE|[100]
09:48:24.2 (46770273)|METHOD_EXIT|[117]|01pB0000000ljzx|testautonumdata.Sparkle_Helper.GetSobjectField(SObject, String)
09:48:24.2 (46797239)|VARIABLE_ASSIGNMENT|[EXTERNAL]|this|{"eventField":"001B00000066Xx7IAE","recordID":"001B00000066Xx7IAE"}|0x1fb988ce
09:48:24.2 (46803122)|VARIABLE_ASSIGNMENT|[EXTERNAL]|value|"Pyramid Construction (5 more) ..."
09:48:24.2 (46810049)|VARIABLE_ASSIGNMENT|[10]|this.column1|"Pyramid Construction (5 more) ..."|0x1fb988ce
09:48:24.2 (46816076)|STATEMENT_EXECUTE|[119]
09:48:24.2 (46817769)|STATEMENT_EXECUTE|[124]
09:48:24.2 (46818993)|STATEMENT_EXECUTE|[129]
09:48:24.2 (46820098)|STATEMENT_EXECUTE|[135]
09:48:24.2 (46826868)|ENTERING_MANAGED_PKG|
09:48:24.2 (46833937)|HEAP_ALLOCATE|[EXTERNAL]|Bytes:4
09:48:24.2 (46839391)|STATEMENT_EXECUTE|[137]
09:48:24.2 (46851847)|ENTERING_MANAGED_PKG|
09:48:24.2 (46883617)|HEAP_ALLOCATE|[137]|Bytes:197
09:48:24.2 (46897775)|HEAP_ALLOCATE|[137]|Bytes:209
09:48:24.2 (46911004)|ENTERING_MANAGED_PKG|
09:48:24.2 (46916818)|USER_DEBUG|[137]|DEBUG|######## i: ListServerController:[column1=Pyramid Construction Inc., column2=null, column3=null, column4=null, eventField=001B00000066Xx7IAE, mapObjectsFields={Account={Id, Name}}, recordID=001B00000066Xx7IAE]
09:48:24.2 (46931302)|HEAP_ALLOCATE|[104]|Bytes:5
09:48:24.2 (46952801)|HEAP_ALLOCATE|[104]|Bytes:12
09:48:24.2 (46966224)|VARIABLE_SCOPE_BEGIN|[104]|e|SObject|true|false
09:48:24.2 (46980556)|VARIABLE_ASSIGNMENT|[104]|e|{"s":1,"v":{"Id":"001B00000066Xx8IAE","Name":"Dickenson plc"}}|0x1f4372f6
09:48:24.2 (46983804)|STATEMENT_EXECUTE|[105]
09:48:24.2 (46984845)|STATEMENT_EXECUTE|[106]
09:48:24.2 (46999088)|ENTERING_MANAGED_PKG|
09:48:24.2 (47024243)|HEAP_ALLOCATE|[106]|Bytes:51
09:48:24.2 (47038566)|HEAP_ALLOCATE|[106]|Bytes:63
09:48:24.2 (47047720)|ENTERING_MANAGED_PKG|
09:48:24.2 (47053165)|USER_DEBUG|[106]|DEBUG|######## e: Account:{Id=001B00000066Xx8IAE, Name=Dickenson plc}
09:48:24.2 (47058816)|STATEMENT_EXECUTE|[107]
09:48:24.2 (47063398)|HEAP_ALLOCATE|[107]|Bytes:28
09:48:24.2 (47072973)|CONSTRUCTOR_ENTRY|[107]|01pB0000000lc07|<init>()
09:48:24.2 (47077316)|VARIABLE_SCOPE_BEGIN|[1]|this|testautonumdata.ListServerController|true|false
09:48:24.2 (47098362)|VARIABLE_ASSIGNMENT|[1]|this|{}|0x7874516a
09:48:24.2 (47105769)|HEAP_ALLOCATE|[EXTERNAL]|Bytes:5
09:48:24.2 (47119924)|STATEMENT_EXECUTE|[1]
09:48:24.2 (47123481)|HEAP_ALLOCATE|[EXTERNAL]|Bytes:5
09:48:24.2 (47125601)|STATEMENT_EXECUTE|[6]
09:48:24.2 (47127044)|STATEMENT_EXECUTE|[8]
09:48:24.2 (47128105)|STATEMENT_EXECUTE|[10]
09:48:24.2 (47129067)|STATEMENT_EXECUTE|[12]
09:48:24.2 (47129988)|STATEMENT_EXECUTE|[14]
09:48:24.2 (47130938)|STATEMENT_EXECUTE|[16]
09:48:24.2 (47140449)|CONSTRUCTOR_EXIT|[107]|01pB0000000lc07|<init>()
09:48:24.2 (47144797)|VARIABLE_SCOPE_BEGIN|[107]|i|testautonumdata.ListServerController|true|false
09:48:24.2 (47163066)|VARIABLE_ASSIGNMENT|[107]|i|{}|0x7874516a
09:48:24.2 (47165503)|STATEMENT_EXECUTE|[110]
09:48:24.2 (47180112)|ENTERING_MANAGED_PKG|
09:48:24.2 (47200774)|HEAP_ALLOCATE|[110]|Bytes:4
09:48:24.2 (47217234)|ENTERING_MANAGED_PKG|
09:48:24.2 (47220963)|HEAP_ALLOCATE|[110]|Bytes:18
09:48:24.2 (47249287)|VARIABLE_ASSIGNMENT|[EXTERNAL]|this|{}|0x7874516a
09:48:24.2 (47255964)|VARIABLE_ASSIGNMENT|[EXTERNAL]|value|"001B00000066Xx8IAE"
09:48:24.2 (47262733)|VARIABLE_ASSIGNMENT|[6]|this.recordID|"001B00000066Xx8IAE"|0x7874516a
09:48:24.2 (47268584)|STATEMENT_EXECUTE|[112]
09:48:24.2 (47269852)|STATEMENT_EXECUTE|[113]
09:48:24.2 (47274660)|METHOD_ENTRY|[113]|01pB0000000ljzx|testautonumdata.Sparkle_Helper.GetSobjectField(SObject, String)
09:48:24.2 (47278710)|VARIABLE_SCOPE_BEGIN|[78]|e|SObject|true|false
09:48:24.2 (47289365)|VARIABLE_ASSIGNMENT|[78]|e|{"s":1,"v":{"Id":"001B00000066Xx8IAE","Name":"Dickenson plc"}}|0x1f4372f6
09:48:24.2 (47291644)|VARIABLE_SCOPE_BEGIN|[78]|lcfield|String|false|false
09:48:24.2 (47294552)|VARIABLE_ASSIGNMENT|[78]|lcfield|"Id"
09:48:24.2 (47301883)|HEAP_ALLOCATE|[81]|Bytes:5
09:48:24.2 (47305228)|STATEMENT_EXECUTE|[79]
09:48:24.2 (47306347)|STATEMENT_EXECUTE|[81]
09:48:24.2 (47309866)|VARIABLE_SCOPE_BEGIN|[81]|returnValue|String|false|false
09:48:24.2 (47313816)|VARIABLE_ASSIGNMENT|[81]|returnValue|""
09:48:24.2 (47327209)|ENTERING_MANAGED_PKG|
09:48:24.2 (47335779)|STATEMENT_EXECUTE|[98]
09:48:24.2 (47343543)|ENTERING_MANAGED_PKG|
09:48:24.2 (47362030)|HEAP_ALLOCATE|[98]|Bytes:4
09:48:24.2 (47377588)|ENTERING_MANAGED_PKG|
09:48:24.2 (47381188)|HEAP_ALLOCATE|[98]|Bytes:18
09:48:24.2 (47392581)|VARIABLE_ASSIGNMENT|[98]|returnValue|"001B00000066Xx8IAE"
09:48:24.2 (47395181)|STATEMENT_EXECUTE|[100]
09:48:24.2 (47401999)|METHOD_EXIT|[113]|01pB0000000ljzx|testautonumdata.Sparkle_Helper.GetSobjectField(SObject, String)
09:48:24.2 (47427625)|VARIABLE_ASSIGNMENT|[EXTERNAL]|this|{"recordID":"001B00000066Xx8IAE"}|0x7874516a
09:48:24.2 (47432437)|VARIABLE_ASSIGNMENT|[EXTERNAL]|value|"001B00000066Xx8IAE"
09:48:24.2 (47438467)|VARIABLE_ASSIGNMENT|[8]|this.eventField|"001B00000066Xx8IAE"|0x7874516a
09:48:24.2 (47444411)|STATEMENT_EXECUTE|[116]
09:48:24.2 (47445648)|STATEMENT_EXECUTE|[117]
09:48:24.2 (47449818)|METHOD_ENTRY|[117]|01pB0000000ljzx|testautonumdata.Sparkle_Helper.GetSobjectField(SObject, String)
09:48:24.2 (47453395)|VARIABLE_SCOPE_BEGIN|[78]|e|SObject|true|false
09:48:24.2 (47463269)|VARIABLE_ASSIGNMENT|[78]|e|{"s":1,"v":{"Id":"001B00000066Xx8IAE","Name":"Dickenson plc"}}|0x1f4372f6
09:48:24.2 (47465463)|VARIABLE_SCOPE_BEGIN|[78]|lcfield|String|false|false
09:48:24.2 (47468272)|VARIABLE_ASSIGNMENT|[78]|lcfield|"Name"
09:48:24.2 (47475290)|HEAP_ALLOCATE|[81]|Bytes:5
09:48:24.2 (47478749)|STATEMENT_EXECUTE|[79]
09:48:24.2 (47479991)|STATEMENT_EXECUTE|[81]
09:48:24.2 (47483421)|VARIABLE_SCOPE_BEGIN|[81]|returnValue|String|false|false
09:48:24.2 (47487422)|VARIABLE_ASSIGNMENT|[81]|returnValue|""
09:48:24.2 (47501023)|ENTERING_MANAGED_PKG|
09:48:24.2 (47509500)|STATEMENT_EXECUTE|[98]
09:48:24.2 (47517396)|ENTERING_MANAGED_PKG|
09:48:24.2 (47535338)|HEAP_ALLOCATE|[98]|Bytes:13
09:48:24.2 (47550532)|ENTERING_MANAGED_PKG|
09:48:24.2 (47554052)|HEAP_ALLOCATE|[98]|Bytes:13
09:48:24.2 (47565044)|VARIABLE_ASSIGNMENT|[98]|returnValue|"Dickenson plc"
09:48:24.2 (47567664)|STATEMENT_EXECUTE|[100]
09:48:24.2 (47574234)|METHOD_EXIT|[117]|01pB0000000ljzx|testautonumdata.Sparkle_Helper.GetSobjectField(SObject, String)
09:48:24.2 (47601074)|VARIABLE_ASSIGNMENT|[EXTERNAL]|this|{"eventField":"001B00000066Xx8IAE","recordID":"001B00000066Xx8IAE"}|0x7874516a
09:48:24.2 (47606244)|VARIABLE_ASSIGNMENT|[EXTERNAL]|value|"Dickenson plc"
09:48:24.2 (47612325)|VARIABLE_ASSIGNMENT|[10]|this.column1|"Dickenson plc"|0x7874516a
09:48:24.2 (47618353)|STATEMENT_EXECUTE|[119]
09:48:24.2 (47620038)|STATEMENT_EXECUTE|[124]
09:48:24.2 (47621628)|STATEMENT_EXECUTE|[129]
09:48:24.2 (47622764)|STATEMENT_EXECUTE|[135]
09:48:24.2 (47629436)|ENTERING_MANAGED_PKG|
09:48:24.2 (47636621)|HEAP_ALLOCATE|[EXTERNAL]|Bytes:4
09:48:24.2 (47641977)|STATEMENT_EXECUTE|[137]
09:48:24.2 (47654544)|ENTERING_MANAGED_PKG|
09:48:24.2 (47685888)|HEAP_ALLOCATE|[137]|Bytes:185
09:48:24.2 (47699951)|HEAP_ALLOCATE|[137]|Bytes:197
09:48:24.2 (47709061)|ENTERING_MANAGED_PKG|
09:48:24.2 (47714638)|USER_DEBUG|[137]|DEBUG|######## i: ListServerController:[column1=Dickenson plc, column2=null, column3=null, column4=null, eventField=001B00000066Xx8IAE, mapObjectsFields={Account={Id, Name}}, recordID=001B00000066Xx8IAE]
09:48:24.2 (47728347)|HEAP_ALLOCATE|[104]|Bytes:5
09:48:24.2 (47749672)|HEAP_ALLOCATE|[104]|Bytes:12
09:48:24.2 (47762979)|VARIABLE_SCOPE_BEGIN|[104]|e|SObject|true|false
09:48:24.2 (47777913)|VARIABLE_ASSIGNMENT|[104]|e|{"s":1,"v":{"Id":"001B00000066Xx9IAE","Name":"Hospital Universitar (14 more) ..."}}|0x32e5d13
09:48:24.2 (47781307)|STATEMENT_EXECUTE|[105]
09:48:24.2 (47782600)|STATEMENT_EXECUTE|[106]
09:48:24.2 (47797010)|ENTERING_MANAGED_PKG|
09:48:24.2 (47822012)|HEAP_ALLOCATE|[106]|Bytes:72
09:48:24.2 (47835118)|HEAP_ALLOCATE|[106]|Bytes:84
09:48:24.2 (47844133)|ENTERING_MANAGED_PKG|
09:48:24.2 (47849531)|USER_DEBUG|[106]|DEBUG|######## e: Account:{Id=001B00000066Xx9IAE, Name=Hospital Universitario San Ignacio}
09:48:24.2 (47855360)|STATEMENT_EXECUTE|[107]
09:48:24.2 (47859951)|HEAP_ALLOCATE|[107]|Bytes:28
09:48:24.2 (47869127)|CONSTRUCTOR_ENTRY|[107]|01pB0000000lc07|<init>()
09:48:24.2 (47873437)|VARIABLE_SCOPE_BEGIN|[1]|this|testautonumdata.ListServerController|true|false
09:48:24.2 (47894090)|VARIABLE_ASSIGNMENT|[1]|this|{}|0x58f7bc45
09:48:24.2 (47910682)|HEAP_ALLOCATE|[EXTERNAL]|Bytes:5
09:48:24.2 (47927090)|STATEMENT_EXECUTE|[1]
09:48:24.2 (47931312)|HEAP_ALLOCATE|[EXTERNAL]|Bytes:5
09:48:24.2 (47933373)|STATEMENT_EXECUTE|[6]
09:48:24.2 (47934773)|STATEMENT_EXECUTE|[8]
09:48:24.2 (47935828)|STATEMENT_EXECUTE|[10]
09:48:24.2 (47936852)|STATEMENT_EXECUTE|[12]
09:48:24.2 (47937796)|STATEMENT_EXECUTE|[14]
09:48:24.2 (47939104)|STATEMENT_EXECUTE|[16]
09:48:24.2 (47949109)|CONSTRUCTOR_EXIT|[107]|01pB0000000lc07|<init>()
09:48:24.2 (47953558)|VARIABLE_SCOPE_BEGIN|[107]|i|testautonumdata.ListServerController|true|false
09:48:24.2 (47973001)|VARIABLE_ASSIGNMENT|[107]|i|{}|0x58f7bc45
09:48:24.2 (47975531)|STATEMENT_EXECUTE|[110]
09:48:24.2 (47990618)|ENTERING_MANAGED_PKG|
09:48:24.2 (48011557)|HEAP_ALLOCATE|[110]|Bytes:4
09:48:24.2 (48028832)|ENTERING_MANAGED_PKG|
09:48:24.2 (48032588)|HEAP_ALLOCATE|[110]|Bytes:18
09:48:24.2 (48060809)|VARIABLE_ASSIGNMENT|[EXTERNAL]|this|{}|0x58f7bc45
09:48:24.2 (48066844)|VARIABLE_ASSIGNMENT|[EXTERNAL]|value|"001B00000066Xx9IAE"
09:48:24.2 (48073577)|VARIABLE_ASSIGNMENT|[6]|this.recordID|"001B00000066Xx9IAE"|0x58f7bc45
09:48:24.2 (48079549)|STATEMENT_EXECUTE|[112]
09:48:24.2 (48080821)|STATEMENT_EXECUTE|[113]
09:48:24.2 (48085684)|METHOD_ENTRY|[113]|01pB0000000ljzx|testautonumdata.Sparkle_Helper.GetSobjectField(SObject, String)
09:48:24.2 (48089511)|VARIABLE_SCOPE_BEGIN|[78]|e|SObject|true|false
09:48:24.2 (48100843)|VARIABLE_ASSIGNMENT|[78]|e|{"s":1,"v":{"Id":"001B00000066Xx9IAE","Name":"Hospital Universitar (14 more) ..."}}|0x32e5d13
09:48:24.2 (48103296)|VARIABLE_SCOPE_BEGIN|[78]|lcfield|String|false|false
09:48:24.2 (48106691)|VARIABLE_ASSIGNMENT|[78]|lcfield|"Id"
09:48:24.2 (48119312)|HEAP_ALLOCATE|[81]|Bytes:5
09:48:24.2 (48124972)|STATEMENT_EXECUTE|[79]
09:48:24.2 (48126669)|STATEMENT_EXECUTE|[81]
09:48:24.2 (48132349)|VARIABLE_SCOPE_BEGIN|[81]|returnValue|String|false|false
09:48:24.2 (48140119)|VARIABLE_ASSIGNMENT|[81]|returnValue|""
09:48:24.2 (48160035)|ENTERING_MANAGED_PKG|
09:48:24.2 (48175324)|STATEMENT_EXECUTE|[98]
09:48:24.2 (48190259)|ENTERING_MANAGED_PKG|
09:48:24.2 (48215581)|HEAP_ALLOCATE|[98]|Bytes:4
09:48:24.2 (48242313)|ENTERING_MANAGED_PKG|
09:48:24.2 (48249594)|HEAP_ALLOCATE|[98]|Bytes:18
09:48:24.2 (48271803)|VARIABLE_ASSIGNMENT|[98]|returnValue|"001B00000066Xx9IAE"
09:48:24.2 (48275262)|STATEMENT_EXECUTE|[100]
09:48:24.2 (48283333)|METHOD_EXIT|[113]|01pB0000000ljzx|testautonumdata.Sparkle_Helper.GetSobjectField(SObject, String)
09:48:24.2 (48311894)|VARIABLE_ASSIGNMENT|[EXTERNAL]|this|{"recordID":"001B00000066Xx9IAE"}|0x58f7bc45
09:48:24.2 (48316882)|VARIABLE_ASSIGNMENT|[EXTERNAL]|value|"001B00000066Xx9IAE"
09:48:24.2 (48323340)|VARIABLE_ASSIGNMENT|[8]|this.eventField|"001B00000066Xx9IAE"|0x58f7bc45
09:48:24.2 (48329691)|STATEMENT_EXECUTE|[116]
09:48:24.2 (48330973)|STATEMENT_EXECUTE|[117]
09:48:24.2 (48335441)|METHOD_ENTRY|[117]|01pB0000000ljzx|testautonumdata.Sparkle_Helper.GetSobjectField(SObject, String)
09:48:24.2 (48339369)|VARIABLE_SCOPE_BEGIN|[78]|e|SObject|true|false
09:48:24.2 (48350576)|VARIABLE_ASSIGNMENT|[78]|e|{"s":1,"v":{"Id":"001B00000066Xx9IAE","Name":"Hospital Universitar (14 more) ..."}}|0x32e5d13
09:48:24.2 (48353317)|VARIABLE_SCOPE_BEGIN|[78]|lcfield|String|false|false
09:48:24.2 (48356132)|VARIABLE_ASSIGNMENT|[78]|lcfield|"Name"
09:48:24.2 (48363562)|HEAP_ALLOCATE|[81]|Bytes:5
09:48:24.2 (48366910)|STATEMENT_EXECUTE|[79]
09:48:24.2 (48368028)|STATEMENT_EXECUTE|[81]
09:48:24.2 (48371585)|VARIABLE_SCOPE_BEGIN|[81]|returnValue|String|false|false
09:48:24.2 (48375749)|VARIABLE_ASSIGNMENT|[81]|returnValue|""
09:48:24.2 (48389527)|ENTERING_MANAGED_PKG|
09:48:24.2 (48398334)|STATEMENT_EXECUTE|[98]
09:48:24.2 (48406372)|ENTERING_MANAGED_PKG|
09:48:24.2 (48425580)|HEAP_ALLOCATE|[98]|Bytes:34
09:48:24.2 (48441328)|ENTERING_MANAGED_PKG|
09:48:24.2 (48444854)|HEAP_ALLOCATE|[98]|Bytes:34
09:48:24.2 (48457256)|VARIABLE_ASSIGNMENT|[98]|returnValue|"Hospital Universitar (14 more) ..."
09:48:24.2 (48460061)|STATEMENT_EXECUTE|[100]
09:48:24.2 (48466974)|METHOD_EXIT|[117]|01pB0000000ljzx|testautonumdata.Sparkle_Helper.GetSobjectField(SObject, String)
09:48:24.2 (48494742)|VARIABLE_ASSIGNMENT|[EXTERNAL]|this|{"eventField":"001B00000066Xx9IAE","recordID":"001B00000066Xx9IAE"}|0x58f7bc45
09:48:24.2 (48500534)|VARIABLE_ASSIGNMENT|[EXTERNAL]|value|"Hospital Universitar (14 more) ..."
09:48:24.2 (48507512)|VARIABLE_ASSIGNMENT|[10]|this.column1|"Hospital Universitar (14 more) ..."|0x58f7bc45
09:48:24.2 (48513904)|STATEMENT_EXECUTE|[119]
09:48:24.2 (48515666)|STATEMENT_EXECUTE|[124]
09:48:24.2 (48516985)|STATEMENT_EXECUTE|[129]
09:48:24.2 (48518007)|STATEMENT_EXECUTE|[135]
09:48:24.2 (48524893)|ENTERING_MANAGED_PKG|
09:48:24.2 (48532193)|HEAP_ALLOCATE|[EXTERNAL]|Bytes:4
09:48:24.2 (48537820)|STATEMENT_EXECUTE|[137]
09:48:24.2 (48550613)|ENTERING_MANAGED_PKG|
09:48:24.2 (48588947)|HEAP_ALLOCATE|[137]|Bytes:206
09:48:24.2 (48604165)|HEAP_ALLOCATE|[137]|Bytes:218
09:48:24.2 (48613716)|ENTERING_MANAGED_PKG|
09:48:24.2 (48619659)|USER_DEBUG|[137]|DEBUG|######## i: ListServerController:[column1=Hospital Universitario San Ignacio, column2=null, column3=null, column4=null, eventField=001B00000066Xx9IAE, mapObjectsFields={Account={Id, Name}}, recordID=001B00000066Xx9IAE]
09:48:24.2 (48635198)|HEAP_ALLOCATE|[104]|Bytes:5
09:48:24.2 (48653530)|VARIABLE_ASSIGNMENT|[104]|e|null|
09:48:24.2 (48657209)|STATEMENT_EXECUTE|[142]
09:48:24.2 (48660889)|HEAP_ALLOCATE|[142]|Bytes:27
09:48:24.2 (48676570)|ENTERING_MANAGED_PKG|
09:48:24.2 (48829508)|HEAP_ALLOCATE|[142]|Bytes:1546
09:48:24.2 (48849123)|HEAP_ALLOCATE|[142]|Bytes:1573
09:48:24.2 (48861438)|ENTERING_MANAGED_PKG|
09:48:24.2 (48867377)|USER_DEBUG|[142]|DEBUG|######## lstReturnRecords: (ListServerController:[column1=GenePoint, column2=null, column3=null, column4=null, eventField=001B00000066XxFIAU, mapObjectsFields={Account={Id, Name}}, recordID=001B00000066XxFIAU], ListServerController:[column1=United Oil & Gas, UK, column2=null, column3=null, column4=null, eventField=001B00000066XxDIAU, mapObjectsFields=(already output), recordID=001B00000066XxDIAU], ListServerController:[column1=United Oil & Gas, Singapore, column2=null, column3=null, column4=null, eventField=001B00000066XxEIAU, mapObjectsFields=(already output), recordID=001B00000066XxEIAU], ListServerController:[column1=Edge Communications, column2=null, column3=null, column4=null, eventField=001B00000066Xx5IAE, mapObjectsFields=(already output), recordID=001B00000066Xx5IAE], ListServerController:[column1=Burlington Textiles Corp of America, column2=null, column3=null, column4=null, eventField=001B00000066Xx6IAE, mapObjectsFields=(already output), recordID=001B00000066Xx6IAE], ListServerController:[column1=Pyramid Construction Inc., column2=null, column3=null, column4=null, eventField=001B00000066Xx7IAE, mapObjectsFields=(already output), recordID=001B00000066Xx7IAE], ListServerController:[column1=Dickenson plc, column2=null, column3=null, column4=null, eventField=001B00000066Xx8IAE, mapObjectsFields=(already output), recordID=001B00000066Xx8IAE], ListServerController:[column1=Hospital Universitario San Ignacio, column2=null, column3=null, column4=null, eventField=001B00000066Xx9IAE, mapObjectsFields=(already output), recordID=001B00000066Xx9IAE])
09:48:24.2 (48882484)|STATEMENT_EXECUTE|[144]
09:48:24.2 (48898861)|SYSTEM_MODE_EXIT|false
09:48:24.48 (48949426)|CUMULATIVE_LIMIT_USAGE
09:48:24.48 (48949426)|LIMIT_USAGE_FOR_NS|(default)|
  Number of SOQL queries: 0 out of 100
  Number of query rows: 0 out of 50000
  Number of SOSL queries: 0 out of 20
  Number of DML statements: 0 out of 150
  Number of DML rows: 0 out of 10000
  Maximum CPU time: 0 out of 10000
  Maximum heap size: 0 out of 6000000
  Number of callouts: 0 out of 100
  Number of Email Invocations: 0 out of 10
  Number of future calls: 0 out of 50
  Number of queueable jobs added to the queue: 0 out of 50
  Number of Mobile Apex push calls: 0 out of 10

09:48:24.48 (48949426)|LIMIT_USAGE_FOR_NS|testautonumdata|
  Number of SOQL queries: 1 out of 100
  Number of query rows: 8 out of 50000
  Number of SOSL queries: 0 out of 20
  Number of DML statements: 0 out of 150
  Number of DML rows: 0 out of 10000
  Maximum CPU time: 0 out of 10000
  Maximum heap size: 0 out of 6000000
  Number of callouts: 0 out of 100
  Number of Email Invocations: 0 out of 10
  Number of future calls: 0 out of 50
  Number of queueable jobs added to the queue: 0 out of 50
  Number of Mobile Apex push calls: 0 out of 10

09:48:24.48 (48949426)|CUMULATIVE_LIMIT_USAGE_END

09:48:24.51 (51672929)|CODE_UNIT_STARTED|[EXTERNAL]|Aura
09:48:24.52 (52910764)|CODE_UNIT_STARTED|[EXTERNAL]|Aura
09:48:24.53 (53922157)|CODE_UNIT_STARTED|[EXTERNAL]|Aura
09:48:24.54 (54918061)|CODE_UNIT_STARTED|[EXTERNAL]|Aura
09:48:24.55 (55964918)|CODE_UNIT_STARTED|[EXTERNAL]|Aura
09:48:24.56 (56888175)|CODE_UNIT_STARTED|[EXTERNAL]|Aura
09:48:24.58 (58062716)|CODE_UNIT_STARTED|[EXTERNAL]|Aura
09:48:24.59 (59404081)|CODE_UNIT_STARTED|[EXTERNAL]|Aura
09:48:24.60 (60715804)|CODE_UNIT_STARTED|[EXTERNAL]|01pB0000000lc07|ListServerController.getCurrentUser
09:48:24.60 (60758637)|SYSTEM_MODE_ENTER|false
09:48:24.60 (60772335)|HEAP_ALLOCATE|[151]|Bytes:5
09:48:24.60 (60777391)|STATEMENT_EXECUTE|[150]
09:48:24.60 (60778797)|STATEMENT_EXECUTE|[151]
09:48:24.60 (60782171)|HEAP_ALLOCATE|[151]|Bytes:68
09:48:24.60 (60792735)|HEAP_ALLOCATE|[151]|Bytes:4
09:48:24.60 (60803830)|HEAP_ALLOCATE|[151]|Bytes:7
09:48:24.60 (60859661)|HEAP_ALLOCATE|[151]|Bytes:85
09:48:24.60 (60880302)|SYSTEM_METHOD_ENTRY|[1]|UserInfo.UserInfo()
09:48:24.60 (60884581)|STATEMENT_EXECUTE|[1]
09:48:24.60 (60897045)|SYSTEM_METHOD_EXIT|[1]|UserInfo
09:48:24.60 (60914885)|METHOD_ENTRY|[151]||System.UserInfo.getUserId()
09:48:24.60 (60957842)|METHOD_EXIT|[151]||System.UserInfo.getUserId()
09:48:24.60 (62643400)|SOQL_EXECUTE_BEGIN|[151]|Aggregations:0|SELECT Id, FirstName, LastName FROM User WHERE Id = :tmpVar1 LIMIT 1
09:48:24.60 (68687362)|SOQL_EXECUTE_END|[151]|Rows:1
09:48:24.60 (68710741)|HEAP_ALLOCATE|[151]|Bytes:8
09:48:24.60 (68726275)|HEAP_ALLOCATE|[151]|Bytes:69
09:48:24.60 (68797877)|HEAP_ALLOCATE|[151]|Bytes:8
09:48:24.60 (68807194)|HEAP_ALLOCATE|[151]|Bytes:30
09:48:24.60 (68885223)|HEAP_ALLOCATE|[151]|Bytes:16
09:48:24.60 (68894447)|VARIABLE_SCOPE_BEGIN|[151]|user|User|true|false
09:48:24.60 (68937050)|VARIABLE_ASSIGNMENT|[151]|user|{"s":1,"v":{"Id":"005B0000001VpZRIA0","FirstName":"Rodrigo","LastName":"Reboucas"}}|0x3320fd94
09:48:24.60 (68942469)|STATEMENT_EXECUTE|[152]
09:48:24.60 (68953309)|SYSTEM_MODE_EXIT|false
09:48:24.68 (68979843)|CUMULATIVE_LIMIT_USAGE
09:48:24.68 (68979843)|LIMIT_USAGE_FOR_NS|(default)|
  Number of SOQL queries: 0 out of 100
  Number of query rows: 0 out of 50000
  Number of SOSL queries: 0 out of 20
  Number of DML statements: 0 out of 150
  Number of DML rows: 0 out of 10000
  Maximum CPU time: 0 out of 10000
  Maximum heap size: 0 out of 6000000
  Number of callouts: 0 out of 100
  Number of Email Invocations: 0 out of 10
  Number of future calls: 0 out of 50
  Number of queueable jobs added to the queue: 0 out of 50
  Number of Mobile Apex push calls: 0 out of 10

09:48:24.68 (68979843)|LIMIT_USAGE_FOR_NS|testautonumdata|
  Number of SOQL queries: 2 out of 100
  Number of query rows: 9 out of 50000
  Number of SOSL queries: 0 out of 20
  Number of DML statements: 0 out of 150
  Number of DML rows: 0 out of 10000
  Maximum CPU time: 0 out of 10000
  Maximum heap size: 0 out of 6000000
  Number of callouts: 0 out of 100
  Number of Email Invocations: 0 out of 10
  Number of future calls: 0 out of 50
  Number of queueable jobs added to the queue: 0 out of 50
  Number of Mobile Apex push calls: 0 out of 10

09:48:24.68 (68979843)|CUMULATIVE_LIMIT_USAGE_END

