38.0 APEX_CODE,FINEST;APEX_PROFILING,INFO;CALLOUT,INFO;DB,INFO;SYSTEM,DEBUG;VALIDATION,INFO;VISUALFORCE,INFO;WORKFLOW,INFO
09:50:22.0 (133821)|USER_INFO|[EXTERNAL]|005B0000001VpZR|rreboucas-yi5c@force.com|Pacific Standard Time|GMT-07:00
09:50:22.2 (2263455)|CODE_UNIT_STARTED|[EXTERNAL]|01pB0000000r382|Twitter_Lightning_Controller.getRecordDetails
09:50:22.2 (2329719)|VARIABLE_SCOPE_BEGIN|[3]|Twitter_Lightning_Controller.mapObjectsFields|Map<String,Set<String>>|true|true
09:50:22.2 (2429690)|HEAP_ALLOCATE|[EXTERNAL]|Bytes:384
09:50:22.2 (2439459)|HEAP_ALLOCATE|[EXTERNAL]|Bytes:56
09:50:22.2 (2443058)|HEAP_ALLOCATE|[EXTERNAL]|Bytes:114
09:50:22.2 (2463736)|METHOD_ENTRY|[1]|01pB0000000r382|Twitter_Lightning_Controller.Twitter_Lightning_Controller()
09:50:22.2 (2468230)|STATEMENT_EXECUTE|[1]
09:50:22.2 (2483870)|STATEMENT_EXECUTE|[1]
09:50:22.2 (2535152)|HEAP_ALLOCATE|[50]|Bytes:5
09:50:22.2 (2566131)|HEAP_ALLOCATE|[56]|Bytes:5
09:50:22.2 (2575205)|HEAP_ALLOCATE|[64]|Bytes:7
09:50:22.2 (2606337)|SYSTEM_MODE_ENTER|false
09:50:22.2 (2629391)|HEAP_ALLOCATE|[3]|Bytes:5
09:50:22.2 (2634428)|STATEMENT_EXECUTE|[3]
09:50:22.2 (2672530)|VARIABLE_ASSIGNMENT|[3]|Twitter_Lightning_Controller.mapObjectsFields|null|
09:50:22.2 (2679852)|SYSTEM_MODE_EXIT|false
09:50:22.2 (2691992)|METHOD_EXIT|[1]|Twitter_Lightning_Controller
09:50:22.2 (2697932)|HEAP_ALLOCATE|[EXTERNAL]|Bytes:18
09:50:22.2 (2700429)|HEAP_ALLOCATE|[EXTERNAL]|Bytes:29
09:50:22.2 (2701820)|HEAP_ALLOCATE|[EXTERNAL]|Bytes:30
09:50:22.2 (2708995)|SYSTEM_MODE_ENTER|false
09:50:22.2 (2714552)|VARIABLE_SCOPE_BEGIN|[82]|recordID|String|false|false
09:50:22.2 (2732668)|VARIABLE_ASSIGNMENT|[82]|recordID|"a0NB0000000TaTOMA0"
09:50:22.2 (2735196)|VARIABLE_SCOPE_BEGIN|[82]|objectApiName|String|false|false
09:50:22.2 (2740426)|VARIABLE_ASSIGNMENT|[82]|objectApiName|"testautonumdata__Can (9 more) ..."
09:50:22.2 (2742585)|VARIABLE_SCOPE_BEGIN|[82]|twitterIDFieldApiName|String|false|false
09:50:22.2 (2746030)|VARIABLE_ASSIGNMENT|[82]|twitterIDFieldApiName|"testautonumdata__Twi (10 more) ..."
09:50:22.2 (2747802)|VARIABLE_SCOPE_BEGIN|[82]|firstName|String|false|false
09:50:22.2 (2750463)|VARIABLE_ASSIGNMENT|[82]|firstName|null
09:50:22.2 (2752118)|VARIABLE_SCOPE_BEGIN|[82]|lastName|String|false|false
09:50:22.2 (2754218)|VARIABLE_ASSIGNMENT|[82]|lastName|null
09:50:22.2 (2755841)|VARIABLE_SCOPE_BEGIN|[82]|companyName|String|false|false
09:50:22.2 (2757985)|VARIABLE_ASSIGNMENT|[82]|companyName|null
09:50:22.2 (2759554)|VARIABLE_SCOPE_BEGIN|[82]|email|String|false|false
09:50:22.2 (2761710)|VARIABLE_ASSIGNMENT|[82]|email|null
09:50:22.2 (2777173)|HEAP_ALLOCATE|[84]|Bytes:5
09:50:22.2 (2782469)|STATEMENT_EXECUTE|[82]
09:50:22.2 (2783857)|STATEMENT_EXECUTE|[84]
09:50:22.2 (2790710)|VARIABLE_SCOPE_BEGIN|[84]|hasTwitterMemberID|Boolean|false|false
09:50:22.2 (2794001)|HEAP_ALLOCATE|[84]|Bytes:5
09:50:22.2 (2799923)|VARIABLE_ASSIGNMENT|[84]|hasTwitterMemberID|false
09:50:22.2 (2801861)|STATEMENT_EXECUTE|[85]
09:50:22.2 (2807539)|HEAP_ALLOCATE|[85]|Bytes:64
09:50:22.2 (2821624)|CONSTRUCTOR_ENTRY|[85]|01pB0000000r382|<init>()
09:50:22.2 (2857894)|VARIABLE_SCOPE_BEGIN|[1]|this|testautonumdata.Twitter_Lightning_Controller|true|false
09:50:22.2 (2905618)|VARIABLE_ASSIGNMENT|[1]|this|{}|0x54b2c63
09:50:22.2 (2913677)|HEAP_ALLOCATE|[EXTERNAL]|Bytes:5
09:50:22.2 (2927118)|HEAP_ALLOCATE|[EXTERNAL]|Bytes:6
09:50:22.2 (2951925)|STATEMENT_EXECUTE|[1]
09:50:22.2 (2956848)|HEAP_ALLOCATE|[EXTERNAL]|Bytes:5
09:50:22.2 (2959753)|STATEMENT_EXECUTE|[6]
09:50:22.2 (2961003)|STATEMENT_EXECUTE|[8]
09:50:22.2 (2962193)|STATEMENT_EXECUTE|[10]
09:50:22.2 (2963328)|STATEMENT_EXECUTE|[12]
09:50:22.2 (2964468)|STATEMENT_EXECUTE|[14]
09:50:22.2 (2965713)|STATEMENT_EXECUTE|[16]
09:50:22.2 (2966839)|STATEMENT_EXECUTE|[18]
09:50:22.2 (2967952)|STATEMENT_EXECUTE|[20]
09:50:22.2 (2969141)|STATEMENT_EXECUTE|[22]
09:50:22.2 (2970425)|STATEMENT_EXECUTE|[24]
09:50:22.2 (2971531)|STATEMENT_EXECUTE|[26]
09:50:22.2 (2972644)|STATEMENT_EXECUTE|[28]
09:50:22.2 (2973595)|STATEMENT_EXECUTE|[30]
09:50:22.2 (2974618)|STATEMENT_EXECUTE|[32]
09:50:22.2 (2975591)|STATEMENT_EXECUTE|[34]
09:50:22.2 (2981248)|CONSTRUCTOR_EXIT|[85]|01pB0000000r382|<init>()
09:50:22.2 (2985147)|VARIABLE_SCOPE_BEGIN|[85]|returnRec|testautonumdata.Twitter_Lightning_Controller|true|false
09:50:22.2 (3011189)|VARIABLE_ASSIGNMENT|[85]|returnRec|{}|0x54b2c63
09:50:22.2 (3014714)|STATEMENT_EXECUTE|[88]
09:50:22.2 (3021954)|HEAP_ALLOCATE|[88]|Bytes:4
09:50:22.2 (3056015)|VARIABLE_ASSIGNMENT|[88]|Twitter_Lightning_Controller.mapObjectsFields|{"s":1,"v":{}}|0x423fdd7
09:50:22.2 (3081702)|ENTERING_MANAGED_PKG|
09:50:22.2 (3124034)|STATEMENT_EXECUTE|[91]
09:50:22.2 (3126050)|STATEMENT_EXECUTE|[92]
09:50:22.2 (3129955)|HEAP_ALLOCATE|[92]|Bytes:9
09:50:22.2 (3135010)|VARIABLE_SCOPE_BEGIN|[92]|soql|String|false|false
09:50:22.2 (3142246)|VARIABLE_ASSIGNMENT|[92]|soql|"Select id"
09:50:22.2 (3144195)|STATEMENT_EXECUTE|[93]
09:50:22.2 (3146470)|HEAP_ALLOCATE|[93]|Bytes:2
09:50:22.2 (3270629)|HEAP_ALLOCATE|[93]|Bytes:19
09:50:22.2 (3277141)|HEAP_ALLOCATE|[93]|Bytes:28
09:50:22.2 (3289139)|METHOD_ENTRY|[1]|01pB0000000ljzx|Sparkle_Helper.Sparkle_Helper()
09:50:22.2 (3292195)|STATEMENT_EXECUTE|[1]
09:50:22.2 (3295127)|STATEMENT_EXECUTE|[1]
09:50:22.2 (3301264)|HEAP_ALLOCATE|[93]|Bytes:5
09:50:22.2 (3310325)|METHOD_EXIT|[1]|Sparkle_Helper
09:50:22.2 (3326569)|METHOD_ENTRY|[93]|01pB0000000ljzx|testautonumdata.Sparkle_Helper.AddFieldToObjectsMap(String, String, Map<String,Set<String>>)
09:50:22.2 (3341314)|VARIABLE_SCOPE_BEGIN|[107]|fieldName|String|false|false
09:50:22.2 (3348079)|VARIABLE_ASSIGNMENT|[107]|fieldName|"Id"
09:50:22.2 (3350221)|VARIABLE_SCOPE_BEGIN|[107]|initialObjectName|String|false|false
09:50:22.2 (3354848)|VARIABLE_ASSIGNMENT|[107]|initialObjectName|"testautonumdata__Can (9 more) ..."
09:50:22.2 (3356819)|VARIABLE_SCOPE_BEGIN|[107]|theMap|Map<String,Set<String>>|true|false
09:50:22.2 (3367119)|VARIABLE_ASSIGNMENT|[107]|theMap|{"s":1,"v":{}}|0x423fdd7
09:50:22.2 (3375255)|HEAP_ALLOCATE|[109]|Bytes:5
09:50:22.2 (3379820)|STATEMENT_EXECUTE|[108]
09:50:22.2 (3383016)|HEAP_ALLOCATE|[109]|Bytes:1
09:50:22.2 (3418782)|ENTERING_MANAGED_PKG|
09:50:22.2 (3467607)|STATEMENT_EXECUTE|[150]
09:50:22.2 (3480216)|METHOD_ENTRY|[150]|01pB0000000ljzx|testautonumdata.Sparkle_Helper.AddFieldToMap(String, String, Map<String,Set<String>>)
09:50:22.2 (3494638)|VARIABLE_SCOPE_BEGIN|[157]|fieldName|String|false|false
09:50:22.2 (3500885)|VARIABLE_ASSIGNMENT|[157]|fieldName|"Id"
09:50:22.2 (3503125)|VARIABLE_SCOPE_BEGIN|[157]|ObjectName|String|false|false
09:50:22.2 (3515428)|VARIABLE_ASSIGNMENT|[157]|ObjectName|"testautonumdata__Can (9 more) ..."
09:50:22.2 (3517498)|VARIABLE_SCOPE_BEGIN|[157]|theMap|Map<String,Set<String>>|true|false
09:50:22.2 (3527263)|VARIABLE_ASSIGNMENT|[157]|theMap|{"s":1,"v":{}}|0x423fdd7
09:50:22.2 (3535739)|HEAP_ALLOCATE|[160]|Bytes:5
09:50:22.2 (3540538)|STATEMENT_EXECUTE|[158]
09:50:22.2 (3554006)|ENTERING_MANAGED_PKG|
09:50:22.2 (3587643)|STATEMENT_EXECUTE|[167]
09:50:22.2 (3596850)|STATEMENT_EXECUTE|[168]
09:50:22.2 (3643819)|HEAP_ALLOCATE|[168]|Bytes:4
09:50:22.2 (3661270)|ENTERING_MANAGED_PKG|
09:50:22.2 (3685539)|VARIABLE_SCOPE_BEGIN|[168]|newFieldSet|Set<String>|true|false
09:50:22.2 (3728407)|VARIABLE_ASSIGNMENT|[168]|newFieldSet|{"s":1,"v":[]}|0x703bdcf1
09:50:22.2 (3732470)|STATEMENT_EXECUTE|[169]
09:50:22.2 (3743516)|ENTERING_MANAGED_PKG|
09:50:22.2 (3763436)|HEAP_ALLOCATE|[EXTERNAL]|Bytes:4
09:50:22.2 (3771200)|STATEMENT_EXECUTE|[170]
09:50:22.2 (3779107)|ENTERING_MANAGED_PKG|
09:50:22.2 (3805758)|HEAP_ALLOCATE|[EXTERNAL]|Bytes:-4
09:50:22.2 (3818615)|METHOD_EXIT|[150]|01pB0000000ljzx|testautonumdata.Sparkle_Helper.AddFieldToMap(String, String, Map<String,Set<String>>)
09:50:22.2 (3825938)|METHOD_EXIT|[93]|01pB0000000ljzx|testautonumdata.Sparkle_Helper.AddFieldToObjectsMap(String, String, Map<String,Set<String>>)
09:50:22.2 (3829557)|STATEMENT_EXECUTE|[95]
09:50:22.2 (3830941)|STATEMENT_EXECUTE|[96]
09:50:22.2 (3834904)|HEAP_ALLOCATE|[96]|Bytes:2
09:50:22.2 (3851387)|ENTERING_MANAGED_PKG|
09:50:22.2 (3869621)|HEAP_ALLOCATE|[96]|Bytes:30
09:50:22.2 (3887924)|HEAP_ALLOCATE|[96]|Bytes:32
09:50:22.2 (3893040)|HEAP_ALLOCATE|[96]|Bytes:41
09:50:22.2 (3901886)|VARIABLE_ASSIGNMENT|[96]|soql|"Select id, testauton (21 more) ..."
09:50:22.2 (3904725)|STATEMENT_EXECUTE|[97]
09:50:22.2 (3927039)|METHOD_ENTRY|[97]|01pB0000000ljzx|testautonumdata.Sparkle_Helper.AddFieldToObjectsMap(String, String, Map<String,Set<String>>)
09:50:22.2 (3941022)|VARIABLE_SCOPE_BEGIN|[107]|fieldName|String|false|false
09:50:22.2 (3947427)|VARIABLE_ASSIGNMENT|[107]|fieldName|"testautonumdata__Twi (10 more) ..."
09:50:22.2 (3949524)|VARIABLE_SCOPE_BEGIN|[107]|initialObjectName|String|false|false
09:50:22.2 (3952666)|VARIABLE_ASSIGNMENT|[107]|initialObjectName|"testautonumdata__Can (9 more) ..."
09:50:22.2 (3954209)|VARIABLE_SCOPE_BEGIN|[107]|theMap|Map<String,Set<String>>|true|false
09:50:22.2 (3970517)|VARIABLE_ASSIGNMENT|[107]|theMap|{"s":1,"v":{"testautonumdata__Can (9 more) ...":{"s":2,"v":["Id"]}}}|0x423fdd7
09:50:22.2 (3979161)|HEAP_ALLOCATE|[109]|Bytes:5
09:50:22.2 (3983431)|STATEMENT_EXECUTE|[108]
09:50:22.2 (3996060)|ENTERING_MANAGED_PKG|
09:50:22.2 (4004027)|STATEMENT_EXECUTE|[150]
09:50:22.2 (4010458)|METHOD_ENTRY|[150]|01pB0000000ljzx|testautonumdata.Sparkle_Helper.AddFieldToMap(String, String, Map<String,Set<String>>)
09:50:22.2 (4014109)|VARIABLE_SCOPE_BEGIN|[157]|fieldName|String|false|false
09:50:22.2 (4019844)|VARIABLE_ASSIGNMENT|[157]|fieldName|"testautonumdata__Twi (10 more) ..."
09:50:22.2 (4021609)|VARIABLE_SCOPE_BEGIN|[157]|ObjectName|String|false|false
09:50:22.2 (4024794)|VARIABLE_ASSIGNMENT|[157]|ObjectName|"testautonumdata__Can (9 more) ..."
09:50:22.2 (4026262)|VARIABLE_SCOPE_BEGIN|[157]|theMap|Map<String,Set<String>>|true|false
09:50:22.2 (4040072)|VARIABLE_ASSIGNMENT|[157]|theMap|{"s":1,"v":{"testautonumdata__Can (9 more) ...":{"s":2,"v":["Id"]}}}|0x423fdd7
09:50:22.2 (4047149)|HEAP_ALLOCATE|[160]|Bytes:5
09:50:22.2 (4050906)|STATEMENT_EXECUTE|[158]
09:50:22.2 (4057708)|ENTERING_MANAGED_PKG|
09:50:22.2 (4064067)|STATEMENT_EXECUTE|[161]
09:50:22.2 (4065383)|STATEMENT_EXECUTE|[162]
09:50:22.2 (4070826)|ENTERING_MANAGED_PKG|
09:50:22.2 (4102366)|VARIABLE_SCOPE_BEGIN|[162]|existingFieldSet|Set<String>|true|false
09:50:22.2 (4115755)|VARIABLE_ASSIGNMENT|[162]|existingFieldSet|{"s":1,"v":["Id"]}|0x703bdcf1
09:50:22.2 (4118874)|STATEMENT_EXECUTE|[163]
09:50:22.2 (4126323)|ENTERING_MANAGED_PKG|
09:50:22.2 (4142983)|HEAP_ALLOCATE|[EXTERNAL]|Bytes:4
09:50:22.2 (4149793)|STATEMENT_EXECUTE|[164]
09:50:22.2 (4156306)|ENTERING_MANAGED_PKG|
09:50:22.2 (4190326)|METHOD_EXIT|[150]|01pB0000000ljzx|testautonumdata.Sparkle_Helper.AddFieldToMap(String, String, Map<String,Set<String>>)
09:50:22.2 (4197488)|METHOD_EXIT|[97]|01pB0000000ljzx|testautonumdata.Sparkle_Helper.AddFieldToObjectsMap(String, String, Map<String,Set<String>>)
09:50:22.2 (4201442)|STATEMENT_EXECUTE|[100]
09:50:22.2 (4203734)|STATEMENT_EXECUTE|[105]
09:50:22.2 (4205229)|STATEMENT_EXECUTE|[110]
09:50:22.2 (4206674)|STATEMENT_EXECUTE|[115]
09:50:22.2 (4207638)|STATEMENT_EXECUTE|[121]
09:50:22.2 (4211373)|HEAP_ALLOCATE|[121]|Bytes:6
09:50:22.2 (4224675)|ENTERING_MANAGED_PKG|
09:50:22.2 (4240368)|HEAP_ALLOCATE|[121]|Bytes:29
09:50:22.2 (4253028)|HEAP_ALLOCATE|[121]|Bytes:35
09:50:22.2 (4257566)|HEAP_ALLOCATE|[121]|Bytes:76
09:50:22.2 (4266112)|VARIABLE_ASSIGNMENT|[121]|soql|"Select id, testauton (56 more) ..."
09:50:22.2 (4268794)|STATEMENT_EXECUTE|[123]
09:50:22.2 (4272114)|HEAP_ALLOCATE|[123]|Bytes:12
09:50:22.2 (4282045)|ENTERING_MANAGED_PKG|
09:50:22.2 (4295641)|HEAP_ALLOCATE|[123]|Bytes:18
09:50:22.2 (4316644)|HEAP_ALLOCATE|[123]|Bytes:1
09:50:22.2 (4326337)|HEAP_ALLOCATE|[123]|Bytes:31
09:50:22.2 (4331158)|HEAP_ALLOCATE|[123]|Bytes:107
09:50:22.2 (4339567)|VARIABLE_ASSIGNMENT|[123]|soql|"Select id, testauton (87 more) ..."
09:50:22.2 (4342041)|STATEMENT_EXECUTE|[126]
09:50:22.2 (4345330)|HEAP_ALLOCATE|[126]|Bytes:8
09:50:22.2 (4349912)|HEAP_ALLOCATE|[126]|Bytes:115
09:50:22.2 (4355738)|VARIABLE_ASSIGNMENT|[126]|soql|"Select id, testauton (95 more) ..."
09:50:22.2 (4357641)|STATEMENT_EXECUTE|[128]
09:50:22.2 (4360302)|HEAP_ALLOCATE|[128]|Bytes:15
09:50:22.2 (4364690)|HEAP_ALLOCATE|[128]|Bytes:130
09:50:22.2 (4394767)|ENTERING_MANAGED_PKG|
09:50:22.2 (4421125)|USER_DEBUG|[128]|DEBUG|######## soql: Select id, testautonumdata__Twitter_ID__c FROM testautonumdata__Candidate__c WHERE id ='a0NB0000000TaTOMA0' limit 1
09:50:22.2 (4439698)|METHOD_ENTRY|[132]|01pB0000000ljzx|testautonumdata.Sparkle_Helper.UserHasAccessToObjectsAndFields(Map<String,Set<String>>)
09:50:22.2 (4452204)|VARIABLE_SCOPE_BEGIN|[175]|theMap|Map<String,Set<String>>|true|false
09:50:22.2 (4494261)|VARIABLE_ASSIGNMENT|[175]|theMap|{"s":1,"v":{"testautonumdata__Can (9 more) ...":{"s":2,"v":["Id","testautonumdata__Twi (10 more) ..."]}}}|0x423fdd7
09:50:22.2 (4505344)|HEAP_ALLOCATE|[177]|Bytes:5
09:50:22.2 (4510421)|STATEMENT_EXECUTE|[176]
09:50:22.2 (4511736)|STATEMENT_EXECUTE|[177]
09:50:22.2 (4515909)|VARIABLE_SCOPE_BEGIN|[177]|hasAccess|Boolean|false|false
09:50:22.2 (4519048)|HEAP_ALLOCATE|[177]|Bytes:5
09:50:22.2 (4524670)|VARIABLE_ASSIGNMENT|[177]|hasAccess|true
09:50:22.2 (4534581)|ENTERING_MANAGED_PKG|
09:50:22.2 (4557542)|STATEMENT_EXECUTE|[180]
09:50:22.2 (4559665)|STATEMENT_EXECUTE|[181]
09:50:22.2 (4563651)|HEAP_ALLOCATE|[181]|Bytes:17
09:50:22.2 (4599810)|ENTERING_MANAGED_PKG|
09:50:22.2 (4640289)|HEAP_ALLOCATE|[181]|Bytes:68
09:50:22.2 (4655851)|HEAP_ALLOCATE|[181]|Bytes:85
09:50:22.2 (4665428)|ENTERING_MANAGED_PKG|
09:50:22.2 (4668432)|USER_DEBUG|[181]|DEBUG|######## theMap: {testautonumdata__Candidate__c={Id, testautonumdata__Twitter_ID__c}}
09:50:22.2 (4683267)|HEAP_ALLOCATE|[182]|Bytes:4
09:50:22.2 (4696331)|ENTERING_MANAGED_PKG|
09:50:22.2 (4719273)|ENTERING_MANAGED_PKG|
09:50:22.2 (4734489)|HEAP_ALLOCATE|[182]|Bytes:37
09:50:22.2 (4747303)|ENTERING_MANAGED_PKG|
09:50:22.2 (4752618)|HEAP_ALLOCATE|[182]|Bytes:4
09:50:22.2 (4760119)|ENTERING_MANAGED_PKG|
09:50:22.2 (4817861)|HEAP_ALLOCATE|[182]|Bytes:5
09:50:22.2 (4834972)|VARIABLE_SCOPE_BEGIN|[182]|objectName|String|false|false
09:50:22.2 (4843615)|VARIABLE_ASSIGNMENT|[182]|objectName|"testautonumdata__Can (9 more) ..."
09:50:22.2 (4847380)|STATEMENT_EXECUTE|[183]
09:50:22.2 (4848548)|STATEMENT_EXECUTE|[184]
09:50:22.2 (4852095)|HEAP_ALLOCATE|[184]|Bytes:21
09:50:22.2 (4858670)|HEAP_ALLOCATE|[184]|Bytes:50
09:50:22.2 (4867951)|ENTERING_MANAGED_PKG|
09:50:22.2 (4883105)|USER_DEBUG|[184]|DEBUG|######## objectName: testautonumdata__Candidate__c
09:50:22.2 (4889624)|STATEMENT_EXECUTE|[185]
09:50:22.2 (4907999)|ENTERING_MANAGED_PKG|
09:50:22.2 (25083785)|HEAP_ALLOCATE|[185]|Bytes:1648
09:50:22.2 (25141955)|ENTERING_MANAGED_PKG|
09:50:22.2 (25324945)|HEAP_ALLOCATE|[185]|Bytes:4
09:50:22.2 (25338309)|VARIABLE_SCOPE_BEGIN|[185]|sObj|SObject|true|false
09:50:22.2 (25371401)|VARIABLE_ASSIGNMENT|[185]|sObj|{}|0x4235f261
09:50:22.2 (25378096)|STATEMENT_EXECUTE|[186]
09:50:22.2 (25413574)|ENTERING_MANAGED_PKG|
09:50:22.2 (25861806)|HEAP_ALLOCATE|[186]|Bytes:4
09:50:22.2 (26575341)|HEAP_ALLOCATE|[186]|Bytes:140
09:50:22.2 (26587015)|VARIABLE_SCOPE_BEGIN|[186]|m|Map<String,Schema.SObjectField>|true|false
09:50:22.2 (26859232)|VARIABLE_ASSIGNMENT|[186]|m|"{createdbyid=CreatedById, createddate=CreatedDate, id=Id, isdeleted=IsDeleted, lastactivitydate=LastActivityDate, lastmodifiedbyid=LastModifiedById, lastmodifieddate=LastModifiedDate, lastreferenceddate=LastReferencedDate, lastvieweddate=LastViewedDate, name=Name, ...}"|0x620fe372
09:50:22.2 (26867093)|STATEMENT_EXECUTE|[187]
09:50:22.2 (26881665)|ENTERING_MANAGED_PKG|
09:50:22.2 (26925711)|VARIABLE_SCOPE_BEGIN|[187]|objectFieldSet|Set<String>|true|false
09:50:22.2 (26953846)|VARIABLE_ASSIGNMENT|[187]|objectFieldSet|{"s":1,"v":["Id","testautonumdata__Twi (10 more) ..."]}|0x703bdcf1
09:50:22.2 (26969380)|HEAP_ALLOCATE|[189]|Bytes:4
09:50:22.2 (26985294)|ENTERING_MANAGED_PKG|
09:50:22.2 (27020342)|ENTERING_MANAGED_PKG|
09:50:22.2 (27028349)|HEAP_ALLOCATE|[189]|Bytes:8
09:50:22.2 (27036178)|ENTERING_MANAGED_PKG|
09:50:22.2 (27063823)|HEAP_ALLOCATE|[189]|Bytes:5
09:50:22.2 (27084268)|VARIABLE_SCOPE_BEGIN|[189]|fieldToCheck|String|false|false
09:50:22.2 (27091670)|VARIABLE_ASSIGNMENT|[189]|fieldToCheck|"Id"
09:50:22.2 (27095260)|STATEMENT_EXECUTE|[189]
09:50:22.2 (27096838)|STATEMENT_EXECUTE|[190]
09:50:22.2 (27101777)|HEAP_ALLOCATE|[190]|Bytes:23
09:50:22.2 (27114023)|HEAP_ALLOCATE|[190]|Bytes:25
09:50:22.2 (27130471)|ENTERING_MANAGED_PKG|
09:50:22.2 (27156787)|USER_DEBUG|[190]|DEBUG|######## fieldToCheck: Id
09:50:22.2 (27172232)|ENTERING_MANAGED_PKG|
09:50:22.2 (27472280)|HEAP_ALLOCATE|[192]|Bytes:8
09:50:22.2 (27497974)|STATEMENT_EXECUTE|[192]
09:50:22.2 (27500073)|STATEMENT_EXECUTE|[199]
09:50:22.2 (27503578)|HEAP_ALLOCATE|[199]|Bytes:35
09:50:22.2 (27515282)|HEAP_ALLOCATE|[199]|Bytes:37
09:50:22.2 (27541930)|ENTERING_MANAGED_PKG|
09:50:22.2 (27557608)|USER_DEBUG|[199]|DEBUG|######## User has access to field: Id
09:50:22.2 (27573227)|HEAP_ALLOCATE|[189]|Bytes:5
09:50:22.2 (27585372)|VARIABLE_SCOPE_BEGIN|[189]|fieldToCheck|String|false|false
09:50:22.2 (27594520)|VARIABLE_ASSIGNMENT|[189]|fieldToCheck|"testautonumdata__Twi (10 more) ..."
09:50:22.2 (27597796)|STATEMENT_EXECUTE|[189]
09:50:22.2 (27598956)|STATEMENT_EXECUTE|[190]
09:50:22.2 (27603931)|HEAP_ALLOCATE|[190]|Bytes:53
09:50:22.2 (27611570)|ENTERING_MANAGED_PKG|
09:50:22.2 (27614166)|USER_DEBUG|[190]|DEBUG|######## fieldToCheck: testautonumdata__Twitter_ID__c
09:50:22.2 (27621214)|ENTERING_MANAGED_PKG|
09:50:22.2 (28072392)|HEAP_ALLOCATE|[192]|Bytes:8
09:50:22.2 (28088576)|STATEMENT_EXECUTE|[192]
09:50:22.2 (28090411)|STATEMENT_EXECUTE|[199]
09:50:22.2 (28096273)|HEAP_ALLOCATE|[199]|Bytes:65
09:50:22.2 (28104662)|ENTERING_MANAGED_PKG|
09:50:22.2 (28107782)|USER_DEBUG|[199]|DEBUG|######## User has access to field: testautonumdata__Twitter_ID__c
09:50:22.2 (28120361)|HEAP_ALLOCATE|[189]|Bytes:5
09:50:22.2 (28133624)|VARIABLE_ASSIGNMENT|[189]|fieldToCheck|null
09:50:22.2 (28142993)|HEAP_ALLOCATE|[182]|Bytes:5
09:50:22.2 (28152102)|VARIABLE_ASSIGNMENT|[182]|objectName|null
09:50:22.2 (28156071)|STATEMENT_EXECUTE|[206]
09:50:22.2 (28158911)|HEAP_ALLOCATE|[206]|Bytes:5
09:50:22.2 (28175384)|METHOD_EXIT|[132]|01pB0000000ljzx|testautonumdata.Sparkle_Helper.UserHasAccessToObjectsAndFields(Map<String,Set<String>>)
09:50:22.2 (28179896)|STATEMENT_EXECUTE|[133]
09:50:22.2 (28181058)|STATEMENT_EXECUTE|[135]
09:50:22.2 (28206763)|ENTERING_MANAGED_PKG|
09:50:22.2 (28237999)|HEAP_ALLOCATE|[135]|Bytes:5
09:50:22.2 (28484503)|SOQL_EXECUTE_BEGIN|[135]|Aggregations:0|Select id, testautonumdata__Twitter_ID__c FROM testautonumdata__Candidate__c WHERE id ='a0NB0000000TaTOMA0' limit 1
09:50:22.2 (31489629)|SOQL_EXECUTE_END|[135]|Rows:0
09:50:22.2 (31523606)|HEAP_ALLOCATE|[135]|Bytes:4
09:50:22.2 (31546955)|HEAP_ALLOCATE|[135]|Bytes:0
09:50:22.2 (31620249)|HEAP_ALLOCATE|[135]|Bytes:4
09:50:22.2 (31640954)|VARIABLE_SCOPE_BEGIN|[135]|lstQueriedRecords|List<SObject>|true|false
09:50:22.2 (31666804)|VARIABLE_ASSIGNMENT|[135]|lstQueriedRecords|{"s":1,"v":[]}|0x1d9a8fe7
09:50:22.2 (31746589)|ENTERING_MANAGED_PKG|
09:50:22.2 (31775792)|STATEMENT_EXECUTE|[136]
09:50:22.2 (31779159)|STATEMENT_EXECUTE|[177]
09:50:22.2 (31792619)|SYSTEM_MODE_EXIT|false
09:50:22.31 (31855524)|CUMULATIVE_LIMIT_USAGE
09:50:22.31 (31855524)|LIMIT_USAGE_FOR_NS|(default)|
  Number of SOQL queries: 0 out of 100
  Number of query rows: 0 out of 50000
  Number of SOSL queries: 0 out of 20
  Number of DML statements: 0 out of 150
  Number of DML rows: 0 out of 10000
  Maximum CPU time: 0 out of 10000
  Maximum heap size: 0 out of 6000000
  Number of callouts: 0 out of 100
  Number of Email Invocations: 0 out of 10
  Number of future calls: 0 out of 50
  Number of queueable jobs added to the queue: 0 out of 50
  Number of Mobile Apex push calls: 0 out of 10

09:50:22.31 (31855524)|LIMIT_USAGE_FOR_NS|testautonumdata|
  Number of SOQL queries: 1 out of 100
  Number of query rows: 0 out of 50000
  Number of SOSL queries: 0 out of 20
  Number of DML statements: 0 out of 150
  Number of DML rows: 0 out of 10000
  Maximum CPU time: 0 out of 10000
  Maximum heap size: 0 out of 6000000
  Number of callouts: 0 out of 100
  Number of Email Invocations: 0 out of 10
  Number of future calls: 0 out of 50
  Number of queueable jobs added to the queue: 0 out of 50
  Number of Mobile Apex push calls: 0 out of 10

09:50:22.31 (31855524)|CUMULATIVE_LIMIT_USAGE_END

09:50:22.33 (33813313)|CODE_UNIT_STARTED|[EXTERNAL]|Aura
09:50:22.102 (102022254)|CODE_UNIT_STARTED|[EXTERNAL]|01pB0000000lc8w|RelatedListServerController.getListRecords
09:50:22.102 (102107894)|VARIABLE_SCOPE_BEGIN|[3]|RelatedListServerController.mapObjectsFields|Map<String,Set<String>>|true|true
09:50:22.102 (102126501)|HEAP_ALLOCATE|[EXTERNAL]|Bytes:220
09:50:22.102 (102135918)|HEAP_ALLOCATE|[EXTERNAL]|Bytes:21
09:50:22.102 (102139361)|HEAP_ALLOCATE|[EXTERNAL]|Bytes:22
09:50:22.102 (102163641)|METHOD_ENTRY|[1]|01pB0000000lc8w|RelatedListServerController.RelatedListServerController()
09:50:22.102 (102168000)|STATEMENT_EXECUTE|[1]
09:50:22.102 (102176139)|STATEMENT_EXECUTE|[1]
09:50:22.102 (102193780)|SYSTEM_MODE_ENTER|false
09:50:22.102 (102208473)|HEAP_ALLOCATE|[3]|Bytes:5
09:50:22.102 (102213527)|STATEMENT_EXECUTE|[3]
09:50:22.102 (102257561)|VARIABLE_ASSIGNMENT|[3]|RelatedListServerController.mapObjectsFields|null|
09:50:22.102 (102265342)|SYSTEM_MODE_EXIT|false
09:50:22.102 (102280182)|METHOD_EXIT|[1]|RelatedListServerController
09:50:22.102 (102286901)|HEAP_ALLOCATE|[EXTERNAL]|Bytes:1
09:50:22.102 (102289453)|HEAP_ALLOCATE|[EXTERNAL]|Bytes:18
09:50:22.102 (102291146)|HEAP_ALLOCATE|[EXTERNAL]|Bytes:28
09:50:22.102 (102292591)|HEAP_ALLOCATE|[EXTERNAL]|Bytes:29
09:50:22.102 (102294305)|HEAP_ALLOCATE|[EXTERNAL]|Bytes:7
09:50:22.102 (102295734)|HEAP_ALLOCATE|[EXTERNAL]|Bytes:5
09:50:22.102 (102297038)|HEAP_ALLOCATE|[EXTERNAL]|Bytes:11
09:50:22.102 (102303795)|SYSTEM_MODE_ENTER|false
09:50:22.102 (102310166)|VARIABLE_SCOPE_BEGIN|[22]|rowsLimit|String|false|false
09:50:22.102 (102319744)|VARIABLE_ASSIGNMENT|[22]|rowsLimit|"8"
09:50:22.102 (102321849)|VARIABLE_SCOPE_BEGIN|[22]|recordId|String|false|false
09:50:22.102 (102325682)|VARIABLE_ASSIGNMENT|[22]|recordId|"a0NB0000000TaTOMA0"
09:50:22.102 (102327489)|VARIABLE_SCOPE_BEGIN|[22]|objectApiName|String|false|false
09:50:22.102 (102333289)|VARIABLE_ASSIGNMENT|[22]|objectApiName|"testautonumdata__Ref (8 more) ..."
09:50:22.102 (102335161)|VARIABLE_SCOPE_BEGIN|[22]|ParentObjectFieldName|String|false|false
09:50:22.102 (102338508)|VARIABLE_ASSIGNMENT|[22]|ParentObjectFieldName|"testautonumdata__Can (9 more) ..."
09:50:22.102 (102340560)|VARIABLE_SCOPE_BEGIN|[22]|filter1Field|String|false|false
09:50:22.102 (102343507)|VARIABLE_ASSIGNMENT|[22]|filter1Field|null
09:50:22.102 (102345136)|VARIABLE_SCOPE_BEGIN|[22]|filter1Value|String|false|false
09:50:22.102 (102347374)|VARIABLE_ASSIGNMENT|[22]|filter1Value|null
09:50:22.102 (102348812)|VARIABLE_SCOPE_BEGIN|[22]|column1|String|false|false
09:50:22.102 (102351553)|VARIABLE_ASSIGNMENT|[22]|column1|"OwnerId"
09:50:22.102 (102353349)|VARIABLE_SCOPE_BEGIN|[22]|RelFieldWithName|String|false|false
09:50:22.102 (102356275)|VARIABLE_ASSIGNMENT|[22]|RelFieldWithName|"Owner"
09:50:22.102 (102358081)|VARIABLE_SCOPE_BEGIN|[22]|column2|String|false|false
09:50:22.102 (102360397)|VARIABLE_ASSIGNMENT|[22]|column2|"createddate"
09:50:22.102 (102370447)|HEAP_ALLOCATE|[24]|Bytes:5
09:50:22.102 (102375120)|STATEMENT_EXECUTE|[22]
09:50:22.102 (102376816)|STATEMENT_EXECUTE|[24]
09:50:22.102 (102380751)|HEAP_ALLOCATE|[24]|Bytes:20
09:50:22.102 (102397767)|HEAP_ALLOCATE|[24]|Bytes:21
09:50:22.102 (102423278)|ENTERING_MANAGED_PKG|
09:50:22.102 (102463406)|USER_DEBUG|[24]|DEBUG|######## rowsLimit: 8
09:50:22.102 (102472797)|STATEMENT_EXECUTE|[25]
09:50:22.102 (102476416)|HEAP_ALLOCATE|[25]|Bytes:24
09:50:22.102 (102482855)|HEAP_ALLOCATE|[25]|Bytes:52
09:50:22.102 (102490572)|ENTERING_MANAGED_PKG|
09:50:22.102 (102501575)|USER_DEBUG|[25]|DEBUG|######## objectApiName: testautonumdata__Referral__c
09:50:22.102 (102507462)|STATEMENT_EXECUTE|[28]
09:50:22.102 (102521061)|HEAP_ALLOCATE|[28]|Bytes:4
09:50:22.102 (102556683)|VARIABLE_ASSIGNMENT|[28]|RelatedListServerController.mapObjectsFields|{"s":1,"v":{}}|0x49d34db8
09:50:22.102 (102560556)|STATEMENT_EXECUTE|[30]
09:50:22.102 (102581928)|METHOD_ENTRY|[30]|01pB0000000ljzx|testautonumdata.Sparkle_Helper.AddFieldToObjectsMap(String, String, Map<String,Set<String>>)
09:50:22.102 (102600886)|VARIABLE_SCOPE_BEGIN|[107]|fieldName|String|false|false
09:50:22.102 (102607021)|VARIABLE_ASSIGNMENT|[107]|fieldName|"Id"
09:50:22.102 (102609093)|VARIABLE_SCOPE_BEGIN|[107]|initialObjectName|String|false|false
09:50:22.102 (102613413)|VARIABLE_ASSIGNMENT|[107]|initialObjectName|"testautonumdata__Ref (8 more) ..."
09:50:22.102 (102615265)|VARIABLE_SCOPE_BEGIN|[107]|theMap|Map<String,Set<String>>|true|false
09:50:22.102 (102625010)|VARIABLE_ASSIGNMENT|[107]|theMap|{"s":1,"v":{}}|0x49d34db8
09:50:22.102 (102633024)|HEAP_ALLOCATE|[109]|Bytes:5
09:50:22.102 (102637643)|STATEMENT_EXECUTE|[108]
09:50:22.102 (102652918)|ENTERING_MANAGED_PKG|
09:50:22.102 (102664147)|STATEMENT_EXECUTE|[150]
09:50:22.102 (102672365)|METHOD_ENTRY|[150]|01pB0000000ljzx|testautonumdata.Sparkle_Helper.AddFieldToMap(String, String, Map<String,Set<String>>)
09:50:22.102 (102677324)|VARIABLE_SCOPE_BEGIN|[157]|fieldName|String|false|false
09:50:22.102 (102682214)|VARIABLE_ASSIGNMENT|[157]|fieldName|"Id"
09:50:22.102 (102684531)|VARIABLE_SCOPE_BEGIN|[157]|ObjectName|String|false|false
09:50:22.102 (102688525)|VARIABLE_ASSIGNMENT|[157]|ObjectName|"testautonumdata__Ref (8 more) ..."
09:50:22.102 (102690697)|VARIABLE_SCOPE_BEGIN|[157]|theMap|Map<String,Set<String>>|true|false
09:50:22.102 (102703511)|VARIABLE_ASSIGNMENT|[157]|theMap|{"s":1,"v":{}}|0x49d34db8
09:50:22.102 (102710623)|HEAP_ALLOCATE|[160]|Bytes:5
09:50:22.102 (102714694)|STATEMENT_EXECUTE|[158]
09:50:22.102 (102723227)|ENTERING_MANAGED_PKG|
09:50:22.102 (102733408)|STATEMENT_EXECUTE|[167]
09:50:22.102 (102734965)|STATEMENT_EXECUTE|[168]
09:50:22.102 (102742759)|HEAP_ALLOCATE|[168]|Bytes:4
09:50:22.102 (102752929)|ENTERING_MANAGED_PKG|
09:50:22.102 (102759769)|VARIABLE_SCOPE_BEGIN|[168]|newFieldSet|Set<String>|true|false
09:50:22.102 (102790272)|VARIABLE_ASSIGNMENT|[168]|newFieldSet|{"s":1,"v":[]}|0x556f02d2
09:50:22.102 (102793728)|STATEMENT_EXECUTE|[169]
09:50:22.102 (102801419)|ENTERING_MANAGED_PKG|
09:50:22.102 (102805569)|HEAP_ALLOCATE|[EXTERNAL]|Bytes:4
09:50:22.102 (102810982)|STATEMENT_EXECUTE|[170]
09:50:22.102 (102815432)|ENTERING_MANAGED_PKG|
09:50:22.102 (102828824)|HEAP_ALLOCATE|[EXTERNAL]|Bytes:-4
09:50:22.102 (102840032)|METHOD_EXIT|[150]|01pB0000000ljzx|testautonumdata.Sparkle_Helper.AddFieldToMap(String, String, Map<String,Set<String>>)
09:50:22.102 (102847329)|METHOD_EXIT|[30]|01pB0000000ljzx|testautonumdata.Sparkle_Helper.AddFieldToObjectsMap(String, String, Map<String,Set<String>>)
09:50:22.102 (102850424)|STATEMENT_EXECUTE|[34]
09:50:22.102 (102884591)|HEAP_ALLOCATE|[34]|Bytes:4
09:50:22.102 (102999476)|ENTERING_MANAGED_PKG|
09:50:22.102 (103031361)|VARIABLE_SCOPE_BEGIN|[34]|lstReturnRecords|List<testautonumdata.RelatedListServerController>|true|false
09:50:22.102 (103063817)|HEAP_ALLOCATE|[EXTERNAL]|Bytes:4
09:50:22.102 (103078390)|VARIABLE_ASSIGNMENT|[34]|lstReturnRecords|{"s":1,"v":[]}|0x53c1902e
09:50:22.102 (103082905)|STATEMENT_EXECUTE|[37]
09:50:22.102 (103084184)|STATEMENT_EXECUTE|[38]
09:50:22.102 (103088726)|HEAP_ALLOCATE|[38]|Bytes:5
09:50:22.102 (103096975)|HEAP_ALLOCATE|[38]|Bytes:10
09:50:22.102 (103102554)|VARIABLE_SCOPE_BEGIN|[38]|fullUserRelationship|String|false|false
09:50:22.102 (103108192)|VARIABLE_ASSIGNMENT|[38]|fullUserRelationship|"Owner.Name"
09:50:22.102 (103110503)|STATEMENT_EXECUTE|[39]
09:50:22.102 (103113084)|VARIABLE_SCOPE_BEGIN|[39]|soql|String|false|false
09:50:22.102 (103118023)|VARIABLE_ASSIGNMENT|[39]|soql|"Select id"
09:50:22.102 (103120236)|STATEMENT_EXECUTE|[41]
09:50:22.102 (103121359)|STATEMENT_EXECUTE|[42]
09:50:22.102 (103134167)|ENTERING_MANAGED_PKG|
09:50:22.102 (103157230)|HEAP_ALLOCATE|[42]|Bytes:7
09:50:22.102 (103170594)|HEAP_ALLOCATE|[42]|Bytes:9
09:50:22.102 (103175124)|HEAP_ALLOCATE|[42]|Bytes:18
09:50:22.102 (103182217)|VARIABLE_ASSIGNMENT|[42]|soql|"Select id, OwnerId"
09:50:22.102 (103184831)|STATEMENT_EXECUTE|[43]
09:50:22.102 (103196387)|METHOD_ENTRY|[43]|01pB0000000ljzx|testautonumdata.Sparkle_Helper.AddFieldToObjectsMap(String, String, Map<String,Set<String>>)
09:50:22.102 (103208943)|VARIABLE_SCOPE_BEGIN|[107]|fieldName|String|false|false
09:50:22.102 (103213763)|VARIABLE_ASSIGNMENT|[107]|fieldName|"OwnerId"
09:50:22.102 (103215473)|VARIABLE_SCOPE_BEGIN|[107]|initialObjectName|String|false|false
09:50:22.102 (103219210)|VARIABLE_ASSIGNMENT|[107]|initialObjectName|"testautonumdata__Ref (8 more) ..."
09:50:22.102 (103220714)|VARIABLE_SCOPE_BEGIN|[107]|theMap|Map<String,Set<String>>|true|false
09:50:22.102 (103240036)|VARIABLE_ASSIGNMENT|[107]|theMap|{"s":1,"v":{"testautonumdata__Ref (8 more) ...":{"s":2,"v":["Id"]}}}|0x49d34db8
09:50:22.102 (103253365)|HEAP_ALLOCATE|[109]|Bytes:5
09:50:22.102 (103260167)|STATEMENT_EXECUTE|[108]
09:50:22.102 (103278122)|ENTERING_MANAGED_PKG|
09:50:22.102 (103291863)|STATEMENT_EXECUTE|[150]
09:50:22.102 (103301063)|METHOD_ENTRY|[150]|01pB0000000ljzx|testautonumdata.Sparkle_Helper.AddFieldToMap(String, String, Map<String,Set<String>>)
09:50:22.102 (103307545)|VARIABLE_SCOPE_BEGIN|[157]|fieldName|String|false|false
09:50:22.102 (103315692)|VARIABLE_ASSIGNMENT|[157]|fieldName|"OwnerId"
09:50:22.102 (103318473)|VARIABLE_SCOPE_BEGIN|[157]|ObjectName|String|false|false
09:50:22.102 (103324151)|VARIABLE_ASSIGNMENT|[157]|ObjectName|"testautonumdata__Ref (8 more) ..."
09:50:22.102 (103326525)|VARIABLE_SCOPE_BEGIN|[157]|theMap|Map<String,Set<String>>|true|false
09:50:22.102 (103349494)|VARIABLE_ASSIGNMENT|[157]|theMap|{"s":1,"v":{"testautonumdata__Ref (8 more) ...":{"s":2,"v":["Id"]}}}|0x49d34db8
09:50:22.102 (103359438)|HEAP_ALLOCATE|[160]|Bytes:5
09:50:22.102 (103364318)|STATEMENT_EXECUTE|[158]
09:50:22.102 (103372373)|ENTERING_MANAGED_PKG|
09:50:22.102 (103379653)|STATEMENT_EXECUTE|[161]
09:50:22.102 (103381040)|STATEMENT_EXECUTE|[162]
09:50:22.102 (103384866)|ENTERING_MANAGED_PKG|
09:50:22.102 (103400551)|VARIABLE_SCOPE_BEGIN|[162]|existingFieldSet|Set<String>|true|false
09:50:22.102 (103414017)|VARIABLE_ASSIGNMENT|[162]|existingFieldSet|{"s":1,"v":["Id"]}|0x556f02d2
09:50:22.102 (103416838)|STATEMENT_EXECUTE|[163]
09:50:22.102 (103422764)|ENTERING_MANAGED_PKG|
09:50:22.102 (103425523)|HEAP_ALLOCATE|[EXTERNAL]|Bytes:4
09:50:22.102 (103430295)|STATEMENT_EXECUTE|[164]
09:50:22.102 (103434086)|ENTERING_MANAGED_PKG|
09:50:22.102 (103452538)|METHOD_EXIT|[150]|01pB0000000ljzx|testautonumdata.Sparkle_Helper.AddFieldToMap(String, String, Map<String,Set<String>>)
09:50:22.102 (103470020)|METHOD_EXIT|[43]|01pB0000000ljzx|testautonumdata.Sparkle_Helper.AddFieldToObjectsMap(String, String, Map<String,Set<String>>)
09:50:22.102 (103474657)|STATEMENT_EXECUTE|[46]
09:50:22.102 (103476152)|STATEMENT_EXECUTE|[47]
09:50:22.102 (103489717)|ENTERING_MANAGED_PKG|
09:50:22.102 (103522711)|HEAP_ALLOCATE|[47]|Bytes:10
09:50:22.102 (103539901)|HEAP_ALLOCATE|[47]|Bytes:12
09:50:22.102 (103544470)|HEAP_ALLOCATE|[47]|Bytes:30
09:50:22.102 (103553487)|VARIABLE_ASSIGNMENT|[47]|soql|"Select id, OwnerId,  (10 more) ..."
09:50:22.102 (103557272)|STATEMENT_EXECUTE|[50]
09:50:22.102 (103558651)|STATEMENT_EXECUTE|[51]
09:50:22.102 (103568177)|ENTERING_MANAGED_PKG|
09:50:22.102 (103591192)|HEAP_ALLOCATE|[51]|Bytes:11
09:50:22.102 (103606041)|HEAP_ALLOCATE|[51]|Bytes:13
09:50:22.102 (103614237)|HEAP_ALLOCATE|[51]|Bytes:43
09:50:22.102 (103626970)|VARIABLE_ASSIGNMENT|[51]|soql|"Select id, OwnerId,  (23 more) ..."
09:50:22.102 (103631174)|STATEMENT_EXECUTE|[52]
09:50:22.102 (103646781)|METHOD_ENTRY|[52]|01pB0000000ljzx|testautonumdata.Sparkle_Helper.AddFieldToObjectsMap(String, String, Map<String,Set<String>>)
09:50:22.102 (103663682)|VARIABLE_SCOPE_BEGIN|[107]|fieldName|String|false|false
09:50:22.102 (103669937)|VARIABLE_ASSIGNMENT|[107]|fieldName|"createddate"
09:50:22.102 (103671684)|VARIABLE_SCOPE_BEGIN|[107]|initialObjectName|String|false|false
09:50:22.102 (103675098)|VARIABLE_ASSIGNMENT|[107]|initialObjectName|"testautonumdata__Ref (8 more) ..."
09:50:22.102 (103676623)|VARIABLE_SCOPE_BEGIN|[107]|theMap|Map<String,Set<String>>|true|false
09:50:22.102 (103715320)|VARIABLE_ASSIGNMENT|[107]|theMap|{"s":1,"v":{"testautonumdata__Ref (8 more) ...":{"s":2,"v":["Id","OwnerId"]}}}|0x49d34db8
09:50:22.102 (103725212)|HEAP_ALLOCATE|[109]|Bytes:5
09:50:22.102 (103730105)|STATEMENT_EXECUTE|[108]
09:50:22.102 (103743213)|ENTERING_MANAGED_PKG|
09:50:22.102 (103751227)|STATEMENT_EXECUTE|[150]
09:50:22.102 (103759399)|METHOD_ENTRY|[150]|01pB0000000ljzx|testautonumdata.Sparkle_Helper.AddFieldToMap(String, String, Map<String,Set<String>>)
09:50:22.102 (103763748)|VARIABLE_SCOPE_BEGIN|[157]|fieldName|String|false|false
09:50:22.102 (103768944)|VARIABLE_ASSIGNMENT|[157]|fieldName|"createddate"
09:50:22.102 (103770482)|VARIABLE_SCOPE_BEGIN|[157]|ObjectName|String|false|false
09:50:22.102 (103780928)|VARIABLE_ASSIGNMENT|[157]|ObjectName|"testautonumdata__Ref (8 more) ..."
09:50:22.102 (103782565)|VARIABLE_SCOPE_BEGIN|[157]|theMap|Map<String,Set<String>>|true|false
09:50:22.102 (103797418)|VARIABLE_ASSIGNMENT|[157]|theMap|{"s":1,"v":{"testautonumdata__Ref (8 more) ...":{"s":2,"v":["Id","OwnerId"]}}}|0x49d34db8
09:50:22.102 (103805307)|HEAP_ALLOCATE|[160]|Bytes:5
09:50:22.102 (103809565)|STATEMENT_EXECUTE|[158]
09:50:22.102 (103816931)|ENTERING_MANAGED_PKG|
09:50:22.102 (103823371)|STATEMENT_EXECUTE|[161]
09:50:22.102 (103824745)|STATEMENT_EXECUTE|[162]
09:50:22.102 (103827963)|ENTERING_MANAGED_PKG|
09:50:22.102 (103838221)|VARIABLE_SCOPE_BEGIN|[162]|existingFieldSet|Set<String>|true|false
09:50:22.102 (103850810)|VARIABLE_ASSIGNMENT|[162]|existingFieldSet|{"s":1,"v":["Id","OwnerId"]}|0x556f02d2
09:50:22.102 (103853704)|STATEMENT_EXECUTE|[163]
09:50:22.102 (103859090)|ENTERING_MANAGED_PKG|
09:50:22.102 (103861927)|HEAP_ALLOCATE|[EXTERNAL]|Bytes:4
09:50:22.102 (103866647)|STATEMENT_EXECUTE|[164]
09:50:22.102 (103870336)|ENTERING_MANAGED_PKG|
09:50:22.102 (103909261)|METHOD_EXIT|[150]|01pB0000000ljzx|testautonumdata.Sparkle_Helper.AddFieldToMap(String, String, Map<String,Set<String>>)
09:50:22.102 (103922207)|METHOD_EXIT|[52]|01pB0000000ljzx|testautonumdata.Sparkle_Helper.AddFieldToObjectsMap(String, String, Map<String,Set<String>>)
09:50:22.102 (103929223)|STATEMENT_EXECUTE|[57]
09:50:22.102 (103948289)|ENTERING_MANAGED_PKG|
09:50:22.102 (103967931)|HEAP_ALLOCATE|[57]|Bytes:28
09:50:22.102 (103983318)|HEAP_ALLOCATE|[57]|Bytes:34
09:50:22.102 (103987950)|HEAP_ALLOCATE|[57]|Bytes:77
09:50:22.102 (104012094)|VARIABLE_ASSIGNMENT|[57]|soql|"Select id, OwnerId,  (57 more) ..."
09:50:22.102 (104016878)|STATEMENT_EXECUTE|[60]
09:50:22.102 (104018154)|STATEMENT_EXECUTE|[61]
09:50:22.102 (104022561)|HEAP_ALLOCATE|[61]|Bytes:7
09:50:22.102 (104034709)|ENTERING_MANAGED_PKG|
09:50:22.102 (104050402)|HEAP_ALLOCATE|[61]|Bytes:29
09:50:22.102 (104060976)|HEAP_ALLOCATE|[61]|Bytes:4
09:50:22.102 (104069675)|ENTERING_MANAGED_PKG|
09:50:22.102 (104072522)|HEAP_ALLOCATE|[61]|Bytes:18
09:50:22.102 (104089963)|HEAP_ALLOCATE|[61]|Bytes:59
09:50:22.102 (104095011)|HEAP_ALLOCATE|[61]|Bytes:136
09:50:22.102 (104103655)|VARIABLE_ASSIGNMENT|[61]|soql|"Select id, OwnerId,  (116 more) ..."
09:50:22.102 (104106325)|STATEMENT_EXECUTE|[62]
09:50:22.102 (104116358)|METHOD_ENTRY|[62]|01pB0000000ljzx|testautonumdata.Sparkle_Helper.AddFieldToObjectsMap(String, String, Map<String,Set<String>>)
09:50:22.102 (104129005)|VARIABLE_SCOPE_BEGIN|[107]|fieldName|String|false|false
09:50:22.102 (104147759)|VARIABLE_ASSIGNMENT|[107]|fieldName|"testautonumdata__Can (9 more) ..."
09:50:22.102 (104149743)|VARIABLE_SCOPE_BEGIN|[107]|initialObjectName|String|false|false
09:50:22.102 (104153001)|VARIABLE_ASSIGNMENT|[107]|initialObjectName|"testautonumdata__Ref (8 more) ..."
09:50:22.102 (104154574)|VARIABLE_SCOPE_BEGIN|[107]|theMap|Map<String,Set<String>>|true|false
09:50:22.102 (104172445)|VARIABLE_ASSIGNMENT|[107]|theMap|{"s":1,"v":{"testautonumdata__Ref (8 more) ...":{"s":2,"v":["Id","OwnerId","createddate"]}}}|0x49d34db8
09:50:22.102 (104181820)|HEAP_ALLOCATE|[109]|Bytes:5
09:50:22.102 (104186397)|STATEMENT_EXECUTE|[108]
09:50:22.102 (104198913)|ENTERING_MANAGED_PKG|
09:50:22.102 (104206648)|STATEMENT_EXECUTE|[150]
09:50:22.102 (104223600)|METHOD_ENTRY|[150]|01pB0000000ljzx|testautonumdata.Sparkle_Helper.AddFieldToMap(String, String, Map<String,Set<String>>)
09:50:22.102 (104227981)|VARIABLE_SCOPE_BEGIN|[157]|fieldName|String|false|false
09:50:22.102 (104235263)|VARIABLE_ASSIGNMENT|[157]|fieldName|"testautonumdata__Can (9 more) ..."
09:50:22.102 (104236911)|VARIABLE_SCOPE_BEGIN|[157]|ObjectName|String|false|false
09:50:22.102 (104239776)|VARIABLE_ASSIGNMENT|[157]|ObjectName|"testautonumdata__Ref (8 more) ..."
09:50:22.102 (104241381)|VARIABLE_SCOPE_BEGIN|[157]|theMap|Map<String,Set<String>>|true|false
09:50:22.102 (104255782)|VARIABLE_ASSIGNMENT|[157]|theMap|{"s":1,"v":{"testautonumdata__Ref (8 more) ...":{"s":2,"v":["Id","OwnerId","createddate"]}}}|0x49d34db8
09:50:22.102 (104263250)|HEAP_ALLOCATE|[160]|Bytes:5
09:50:22.102 (104267349)|STATEMENT_EXECUTE|[158]
09:50:22.102 (104274289)|ENTERING_MANAGED_PKG|
09:50:22.102 (104286985)|STATEMENT_EXECUTE|[161]
09:50:22.102 (104288829)|STATEMENT_EXECUTE|[162]
09:50:22.102 (104292611)|ENTERING_MANAGED_PKG|
09:50:22.102 (104303724)|VARIABLE_SCOPE_BEGIN|[162]|existingFieldSet|Set<String>|true|false
09:50:22.102 (104323173)|VARIABLE_ASSIGNMENT|[162]|existingFieldSet|{"s":1,"v":["Id","OwnerId","createddate"]}|0x556f02d2
09:50:22.102 (104328546)|STATEMENT_EXECUTE|[163]
09:50:22.102 (104339718)|ENTERING_MANAGED_PKG|
09:50:22.102 (104344500)|HEAP_ALLOCATE|[EXTERNAL]|Bytes:4
09:50:22.102 (104354004)|STATEMENT_EXECUTE|[164]
09:50:22.102 (104360724)|ENTERING_MANAGED_PKG|
09:50:22.102 (104393037)|METHOD_EXIT|[150]|01pB0000000ljzx|testautonumdata.Sparkle_Helper.AddFieldToMap(String, String, Map<String,Set<String>>)
09:50:22.102 (104401135)|METHOD_EXIT|[62]|01pB0000000ljzx|testautonumdata.Sparkle_Helper.AddFieldToObjectsMap(String, String, Map<String,Set<String>>)
09:50:22.102 (104406920)|STATEMENT_EXECUTE|[65]
09:50:22.102 (104408569)|STATEMENT_EXECUTE|[71]
09:50:22.102 (104412323)|HEAP_ALLOCATE|[71]|Bytes:7
09:50:22.102 (104426566)|ENTERING_MANAGED_PKG|
09:50:22.102 (104444491)|HEAP_ALLOCATE|[71]|Bytes:1
09:50:22.102 (104457832)|HEAP_ALLOCATE|[71]|Bytes:8
09:50:22.102 (104462762)|HEAP_ALLOCATE|[71]|Bytes:144
09:50:22.102 (104480806)|VARIABLE_ASSIGNMENT|[71]|soql|"Select id, OwnerId,  (124 more) ..."
09:50:22.102 (104484324)|STATEMENT_EXECUTE|[75]
09:50:22.102 (104490216)|HEAP_ALLOCATE|[75]|Bytes:159
09:50:22.102 (104502048)|ENTERING_MANAGED_PKG|
09:50:22.102 (104517493)|USER_DEBUG|[75]|DEBUG|######## soql: Select id, OwnerId, Owner.Name, createddate FROM testautonumdata__Referral__c where testautonumdata__Candidate__c = 'a0NB0000000TaTOMA0' limit 8
09:50:22.102 (104533181)|METHOD_ENTRY|[79]|01pB0000000ljzx|testautonumdata.Sparkle_Helper.UserHasAccessToObjectsAndFields(Map<String,Set<String>>)
09:50:22.102 (104545740)|VARIABLE_SCOPE_BEGIN|[175]|theMap|Map<String,Set<String>>|true|false
09:50:22.102 (104572794)|VARIABLE_ASSIGNMENT|[175]|theMap|{"s":1,"v":{"testautonumdata__Ref (8 more) ...":{"s":2,"v":["Id","OwnerId","createddate","testautonumdata__Can (9 more) ..."]}}}|0x49d34db8
09:50:22.102 (104582759)|HEAP_ALLOCATE|[177]|Bytes:5
09:50:22.102 (104587728)|STATEMENT_EXECUTE|[176]
09:50:22.102 (104589018)|STATEMENT_EXECUTE|[177]
09:50:22.102 (104593334)|VARIABLE_SCOPE_BEGIN|[177]|hasAccess|Boolean|false|false
09:50:22.102 (104596571)|HEAP_ALLOCATE|[177]|Bytes:5
09:50:22.102 (104612172)|VARIABLE_ASSIGNMENT|[177]|hasAccess|true
09:50:22.102 (104621197)|ENTERING_MANAGED_PKG|
09:50:22.102 (104633972)|STATEMENT_EXECUTE|[180]
09:50:22.102 (104635683)|STATEMENT_EXECUTE|[181]
09:50:22.102 (104648355)|ENTERING_MANAGED_PKG|
09:50:22.102 (104671039)|HEAP_ALLOCATE|[181]|Bytes:88
09:50:22.102 (104709956)|HEAP_ALLOCATE|[181]|Bytes:105
09:50:22.102 (104727186)|ENTERING_MANAGED_PKG|
09:50:22.102 (104731643)|USER_DEBUG|[181]|DEBUG|######## theMap: {testautonumdata__Referral__c={Id, OwnerId, createddate, testautonumdata__Candidate__c}}
09:50:22.102 (104744202)|HEAP_ALLOCATE|[182]|Bytes:4
09:50:22.102 (104768789)|ENTERING_MANAGED_PKG|
09:50:22.102 (104782773)|ENTERING_MANAGED_PKG|
09:50:22.102 (104802014)|HEAP_ALLOCATE|[182]|Bytes:36
09:50:22.102 (104819719)|ENTERING_MANAGED_PKG|
09:50:22.102 (104827668)|HEAP_ALLOCATE|[182]|Bytes:4
09:50:22.102 (104842802)|ENTERING_MANAGED_PKG|
09:50:22.102 (104891107)|HEAP_ALLOCATE|[182]|Bytes:5
09:50:22.102 (104914602)|VARIABLE_SCOPE_BEGIN|[182]|objectName|String|false|false
09:50:22.102 (104923828)|VARIABLE_ASSIGNMENT|[182]|objectName|"testautonumdata__Ref (8 more) ..."
09:50:22.102 (104928047)|STATEMENT_EXECUTE|[183]
09:50:22.102 (104929395)|STATEMENT_EXECUTE|[184]
09:50:22.102 (104935613)|HEAP_ALLOCATE|[184]|Bytes:49
09:50:22.102 (104943831)|ENTERING_MANAGED_PKG|
09:50:22.102 (104946696)|USER_DEBUG|[184]|DEBUG|######## objectName: testautonumdata__Referral__c
09:50:22.102 (104951415)|STATEMENT_EXECUTE|[185]
09:50:22.102 (104956738)|ENTERING_MANAGED_PKG|
09:50:22.102 (112848488)|HEAP_ALLOCATE|[185]|Bytes:1648
09:50:22.102 (112908646)|ENTERING_MANAGED_PKG|
09:50:22.102 (113033420)|HEAP_ALLOCATE|[185]|Bytes:4
09:50:22.102 (113047381)|VARIABLE_SCOPE_BEGIN|[185]|sObj|SObject|true|false
09:50:22.102 (113089094)|VARIABLE_ASSIGNMENT|[185]|sObj|{}|0x29e65fa3
09:50:22.102 (113095846)|STATEMENT_EXECUTE|[186]
09:50:22.102 (113123449)|ENTERING_MANAGED_PKG|
09:50:22.102 (113379135)|HEAP_ALLOCATE|[186]|Bytes:4
09:50:22.102 (115138535)|HEAP_ALLOCATE|[186]|Bytes:60
09:50:22.102 (115150286)|VARIABLE_SCOPE_BEGIN|[186]|m|Map<String,Schema.SObjectField>|true|false
09:50:22.102 (115536297)|VARIABLE_ASSIGNMENT|[186]|m|"{createdbyid=CreatedById, createddate=CreatedDate, id=Id, isdeleted=IsDeleted, lastactivitydate=LastActivityDate, lastmodifiedbyid=LastModifiedById, lastmodifieddate=LastModifiedDate, lastreferenceddate=LastReferencedDate, lastvieweddate=LastViewedDate, name=Name, ...}"|0x1b2ac5
09:50:22.102 (115552803)|STATEMENT_EXECUTE|[187]
09:50:22.102 (115565626)|ENTERING_MANAGED_PKG|
09:50:22.102 (115586592)|VARIABLE_SCOPE_BEGIN|[187]|objectFieldSet|Set<String>|true|false
09:50:22.102 (115619357)|VARIABLE_ASSIGNMENT|[187]|objectFieldSet|{"s":1,"v":["Id","OwnerId","createddate","testautonumdata__Can (9 more) ..."]}|0x556f02d2
09:50:22.102 (115634238)|HEAP_ALLOCATE|[189]|Bytes:4
09:50:22.102 (115650703)|ENTERING_MANAGED_PKG|
09:50:22.102 (115661766)|ENTERING_MANAGED_PKG|
09:50:22.102 (115668469)|HEAP_ALLOCATE|[189]|Bytes:16
09:50:22.102 (115690523)|ENTERING_MANAGED_PKG|
09:50:22.102 (115721411)|HEAP_ALLOCATE|[189]|Bytes:5
09:50:22.102 (115747032)|VARIABLE_SCOPE_BEGIN|[189]|fieldToCheck|String|false|false
09:50:22.102 (115759346)|VARIABLE_ASSIGNMENT|[189]|fieldToCheck|"Id"
09:50:22.102 (115764970)|STATEMENT_EXECUTE|[189]
09:50:22.102 (115767686)|STATEMENT_EXECUTE|[190]
09:50:22.102 (115781273)|HEAP_ALLOCATE|[190]|Bytes:25
09:50:22.102 (115796640)|ENTERING_MANAGED_PKG|
09:50:22.102 (115803764)|USER_DEBUG|[190]|DEBUG|######## fieldToCheck: Id
09:50:22.102 (115813893)|ENTERING_MANAGED_PKG|
09:50:22.102 (116509733)|HEAP_ALLOCATE|[192]|Bytes:8
09:50:22.102 (116530893)|STATEMENT_EXECUTE|[192]
09:50:22.102 (116532830)|STATEMENT_EXECUTE|[199]
09:50:22.102 (116540428)|HEAP_ALLOCATE|[199]|Bytes:37
09:50:22.102 (116549700)|ENTERING_MANAGED_PKG|
09:50:22.102 (116553137)|USER_DEBUG|[199]|DEBUG|######## User has access to field: Id
09:50:22.102 (116577860)|HEAP_ALLOCATE|[189]|Bytes:5
09:50:22.102 (116591701)|VARIABLE_SCOPE_BEGIN|[189]|fieldToCheck|String|false|false
09:50:22.102 (116599654)|VARIABLE_ASSIGNMENT|[189]|fieldToCheck|"OwnerId"
09:50:22.102 (116602673)|STATEMENT_EXECUTE|[189]
09:50:22.102 (116604114)|STATEMENT_EXECUTE|[190]
09:50:22.102 (116609395)|HEAP_ALLOCATE|[190]|Bytes:30
09:50:22.102 (116616737)|ENTERING_MANAGED_PKG|
09:50:22.102 (116619326)|USER_DEBUG|[190]|DEBUG|######## fieldToCheck: OwnerId
09:50:22.102 (116626534)|ENTERING_MANAGED_PKG|
09:50:22.102 (116939613)|HEAP_ALLOCATE|[192]|Bytes:8
09:50:22.102 (116956929)|STATEMENT_EXECUTE|[192]
09:50:22.102 (116958827)|STATEMENT_EXECUTE|[199]
09:50:22.102 (116964964)|HEAP_ALLOCATE|[199]|Bytes:42
09:50:22.102 (116973556)|ENTERING_MANAGED_PKG|
09:50:22.102 (116976354)|USER_DEBUG|[199]|DEBUG|######## User has access to field: OwnerId
09:50:22.102 (116988779)|HEAP_ALLOCATE|[189]|Bytes:5
09:50:22.102 (117011314)|VARIABLE_SCOPE_BEGIN|[189]|fieldToCheck|String|false|false
09:50:22.102 (117021859)|VARIABLE_ASSIGNMENT|[189]|fieldToCheck|"createddate"
09:50:22.102 (117024882)|STATEMENT_EXECUTE|[189]
09:50:22.102 (117026008)|STATEMENT_EXECUTE|[190]
09:50:22.102 (117031336)|HEAP_ALLOCATE|[190]|Bytes:34
09:50:22.102 (117038671)|ENTERING_MANAGED_PKG|
09:50:22.102 (117041492)|USER_DEBUG|[190]|DEBUG|######## fieldToCheck: createddate
09:50:22.102 (117048743)|ENTERING_MANAGED_PKG|
09:50:22.102 (117234850)|HEAP_ALLOCATE|[192]|Bytes:8
09:50:22.102 (117249351)|STATEMENT_EXECUTE|[192]
09:50:22.102 (117251063)|STATEMENT_EXECUTE|[199]
09:50:22.102 (117256912)|HEAP_ALLOCATE|[199]|Bytes:46
09:50:22.102 (117264644)|ENTERING_MANAGED_PKG|
09:50:22.102 (117267412)|USER_DEBUG|[199]|DEBUG|######## User has access to field: createddate
09:50:22.102 (117279467)|HEAP_ALLOCATE|[189]|Bytes:5
09:50:22.102 (117290289)|VARIABLE_SCOPE_BEGIN|[189]|fieldToCheck|String|false|false
09:50:22.102 (117299405)|VARIABLE_ASSIGNMENT|[189]|fieldToCheck|"testautonumdata__Can (9 more) ..."
09:50:22.102 (117302311)|STATEMENT_EXECUTE|[189]
09:50:22.102 (117303490)|STATEMENT_EXECUTE|[190]
09:50:22.102 (117308154)|HEAP_ALLOCATE|[190]|Bytes:52
09:50:22.102 (117315183)|ENTERING_MANAGED_PKG|
09:50:22.102 (117317547)|USER_DEBUG|[190]|DEBUG|######## fieldToCheck: testautonumdata__Candidate__c
09:50:22.102 (117325035)|ENTERING_MANAGED_PKG|
09:50:22.102 (122706461)|HEAP_ALLOCATE|[192]|Bytes:8
09:50:22.102 (122749694)|STATEMENT_EXECUTE|[192]
09:50:22.102 (122752686)|STATEMENT_EXECUTE|[199]
09:50:22.102 (122768422)|HEAP_ALLOCATE|[199]|Bytes:64
09:50:22.102 (122785227)|ENTERING_MANAGED_PKG|
09:50:22.102 (122791062)|USER_DEBUG|[199]|DEBUG|######## User has access to field: testautonumdata__Candidate__c
09:50:22.102 (122816564)|HEAP_ALLOCATE|[189]|Bytes:5
09:50:22.102 (122839947)|VARIABLE_ASSIGNMENT|[189]|fieldToCheck|null
09:50:22.102 (122850993)|HEAP_ALLOCATE|[182]|Bytes:5
09:50:22.102 (122859605)|VARIABLE_ASSIGNMENT|[182]|objectName|null
09:50:22.102 (122863705)|STATEMENT_EXECUTE|[206]
09:50:22.102 (122866715)|HEAP_ALLOCATE|[206]|Bytes:5
09:50:22.102 (122887877)|METHOD_EXIT|[79]|01pB0000000ljzx|testautonumdata.Sparkle_Helper.UserHasAccessToObjectsAndFields(Map<String,Set<String>>)
09:50:22.102 (122892591)|STATEMENT_EXECUTE|[80]
09:50:22.102 (122893944)|STATEMENT_EXECUTE|[82]
09:50:22.102 (122913889)|ENTERING_MANAGED_PKG|
09:50:22.102 (123455644)|SOQL_EXECUTE_BEGIN|[82]|Aggregations:0|Select id, OwnerId, Owner.Name, createddate FROM testautonumdata__Referral__c where testautonumdata__Candidate__c = 'a0NB0000000TaTOMA0' limit 8
09:50:22.102 (128255496)|SOQL_EXECUTE_END|[82]|Rows:0
09:50:22.102 (128302157)|HEAP_ALLOCATE|[82]|Bytes:4
09:50:22.102 (128326231)|HEAP_ALLOCATE|[82]|Bytes:0
09:50:22.102 (128426829)|HEAP_ALLOCATE|[82]|Bytes:4
09:50:22.102 (128453647)|VARIABLE_SCOPE_BEGIN|[82]|lstQueriedRecords|List<SObject>|true|false
09:50:22.102 (128494964)|VARIABLE_ASSIGNMENT|[82]|lstQueriedRecords|{"s":1,"v":[]}|0x1869389
09:50:22.102 (128501290)|STATEMENT_EXECUTE|[84]
09:50:22.102 (128509184)|HEAP_ALLOCATE|[84]|Bytes:28
09:50:22.102 (128537695)|ENTERING_MANAGED_PKG|
09:50:22.102 (128584517)|HEAP_ALLOCATE|[84]|Bytes:2
09:50:22.102 (128602965)|HEAP_ALLOCATE|[84]|Bytes:30
09:50:22.102 (128619510)|ENTERING_MANAGED_PKG|
09:50:22.102 (128625681)|USER_DEBUG|[84]|DEBUG|######## lstQueriedRecords: ()
09:50:22.102 (128721725)|ENTERING_MANAGED_PKG|
09:50:22.102 (128887638)|HEAP_ALLOCATE|[88]|Bytes:5
09:50:22.102 (128909135)|VARIABLE_ASSIGNMENT|[88]|e|null|
09:50:22.102 (128913561)|STATEMENT_EXECUTE|[88]
09:50:22.102 (128916444)|STATEMENT_EXECUTE|[125]
09:50:22.102 (128919512)|HEAP_ALLOCATE|[125]|Bytes:27
09:50:22.102 (128934920)|ENTERING_MANAGED_PKG|
09:50:22.102 (128959739)|HEAP_ALLOCATE|[125]|Bytes:2
09:50:22.102 (128973972)|HEAP_ALLOCATE|[125]|Bytes:29
09:50:22.102 (128983272)|ENTERING_MANAGED_PKG|
09:50:22.102 (128986378)|USER_DEBUG|[125]|DEBUG|######## lstReturnRecords: ()
09:50:22.102 (128991576)|STATEMENT_EXECUTE|[127]
09:50:22.102 (129006753)|SYSTEM_MODE_EXIT|false
09:50:22.129 (129067774)|CUMULATIVE_LIMIT_USAGE
09:50:22.129 (129067774)|LIMIT_USAGE_FOR_NS|(default)|
  Number of SOQL queries: 0 out of 100
  Number of query rows: 0 out of 50000
  Number of SOSL queries: 0 out of 20
  Number of DML statements: 0 out of 150
  Number of DML rows: 0 out of 10000
  Maximum CPU time: 0 out of 10000
  Maximum heap size: 0 out of 6000000
  Number of callouts: 0 out of 100
  Number of Email Invocations: 0 out of 10
  Number of future calls: 0 out of 50
  Number of queueable jobs added to the queue: 0 out of 50
  Number of Mobile Apex push calls: 0 out of 10

09:50:22.129 (129067774)|LIMIT_USAGE_FOR_NS|testautonumdata|
  Number of SOQL queries: 2 out of 100
  Number of query rows: 0 out of 50000
  Number of SOSL queries: 0 out of 20
  Number of DML statements: 0 out of 150
  Number of DML rows: 0 out of 10000
  Maximum CPU time: 0 out of 10000
  Maximum heap size: 0 out of 6000000
  Number of callouts: 0 out of 100
  Number of Email Invocations: 0 out of 10
  Number of future calls: 0 out of 50
  Number of queueable jobs added to the queue: 0 out of 50
  Number of Mobile Apex push calls: 0 out of 10

09:50:22.129 (129067774)|CUMULATIVE_LIMIT_USAGE_END

