38.0 APEX_CODE,FINEST;APEX_PROFILING,INFO;CALLOUT,INFO;DB,INFO;SYSTEM,DEBUG;VALIDATION,INFO;VISUALFORCE,INFO;WORKFLOW,INFO
12:36:05.4 (4812630)|USER_INFO|[EXTERNAL]|005B0000001VpZR|rreboucas-yi5c@force.com|Pacific Standard Time|GMT-07:00
12:36:05.6 (6663751)|CODE_UNIT_STARTED|[EXTERNAL]|01pB0000000rehC|FilesViewerServerController.getListRecords
12:36:05.6 (6765518)|VARIABLE_SCOPE_BEGIN|[3]|FilesViewerServerController.mapObjectsFields|Map<String,Set<String>>|true|true
12:36:05.6 (6829809)|HEAP_ALLOCATE|[EXTERNAL]|Bytes:172
12:36:05.6 (6837906)|HEAP_ALLOCATE|[EXTERNAL]|Bytes:15
12:36:05.6 (6840400)|HEAP_ALLOCATE|[EXTERNAL]|Bytes:20
12:36:05.6 (6859033)|METHOD_ENTRY|[1]|01pB0000000rehC|FilesViewerServerController.FilesViewerServerController()
12:36:05.6 (6863896)|STATEMENT_EXECUTE|[1]
12:36:05.6 (6870454)|STATEMENT_EXECUTE|[1]
12:36:05.6 (6908572)|HEAP_ALLOCATE|[50]|Bytes:5
12:36:05.6 (6931850)|HEAP_ALLOCATE|[56]|Bytes:5
12:36:05.6 (6940326)|HEAP_ALLOCATE|[64]|Bytes:7
12:36:05.6 (6965900)|SYSTEM_MODE_ENTER|false
12:36:05.6 (6987127)|HEAP_ALLOCATE|[3]|Bytes:5
12:36:05.6 (6991284)|STATEMENT_EXECUTE|[3]
12:36:05.6 (7023589)|VARIABLE_ASSIGNMENT|[3]|FilesViewerServerController.mapObjectsFields|null|
12:36:05.6 (7031360)|SYSTEM_MODE_EXIT|false
12:36:05.6 (7049340)|METHOD_EXIT|[1]|FilesViewerServerController
12:36:05.6 (7055429)|HEAP_ALLOCATE|[EXTERNAL]|Bytes:15
12:36:05.6 (7057409)|HEAP_ALLOCATE|[EXTERNAL]|Bytes:1
12:36:05.6 (7062979)|SYSTEM_MODE_ENTER|false
12:36:05.6 (7073141)|VARIABLE_SCOPE_BEGIN|[18]|recordID|String|false|false
12:36:05.6 (7084218)|VARIABLE_ASSIGNMENT|[18]|recordID|"a0MB0000000cQXF"
12:36:05.6 (7087557)|VARIABLE_SCOPE_BEGIN|[18]|rowsLimit|String|false|false
12:36:05.6 (7091310)|VARIABLE_ASSIGNMENT|[18]|rowsLimit|"8"
12:36:05.6 (7107313)|HEAP_ALLOCATE|[20]|Bytes:5
12:36:05.6 (7110918)|STATEMENT_EXECUTE|[18]
12:36:05.6 (7112151)|STATEMENT_EXECUTE|[20]
12:36:05.6 (7114966)|HEAP_ALLOCATE|[20]|Bytes:49
12:36:05.6 (7127231)|HEAP_ALLOCATE|[20]|Bytes:50
12:36:05.6 (7154772)|ENTERING_MANAGED_PKG|
12:36:05.6 (7186422)|USER_DEBUG|[20]|DEBUG|######## FilesViewerServerController: rowsLimit: 8
12:36:05.6 (7194878)|STATEMENT_EXECUTE|[23]
12:36:05.6 (7201923)|HEAP_ALLOCATE|[23]|Bytes:4
12:36:05.6 (7239199)|VARIABLE_ASSIGNMENT|[23]|FilesViewerServerController.mapObjectsFields|{"s":1,"v":{}}|0x6b98437a
12:36:05.6 (7242523)|STATEMENT_EXECUTE|[25]
12:36:05.6 (7245774)|HEAP_ALLOCATE|[25]|Bytes:2
12:36:05.6 (7248576)|HEAP_ALLOCATE|[25]|Bytes:19
12:36:05.6 (85643913)|HEAP_ALLOCATE|[25]|Bytes:19
12:36:05.6 (85657071)|HEAP_ALLOCATE|[25]|Bytes:28
12:36:05.6 (85692659)|METHOD_ENTRY|[1]|01pB0000000ljzx|Sparkle_Helper.Sparkle_Helper()
12:36:05.6 (85697757)|STATEMENT_EXECUTE|[1]
12:36:05.6 (85706302)|STATEMENT_EXECUTE|[1]
12:36:05.6 (85713406)|HEAP_ALLOCATE|[25]|Bytes:5
12:36:05.6 (85727273)|METHOD_EXIT|[1]|Sparkle_Helper
12:36:05.6 (85767314)|METHOD_ENTRY|[25]|01pB0000000ljzx|testautonumdata.Sparkle_Helper.AddFieldToObjectsMap(String, String, Map<String,Set<String>>)
12:36:05.6 (85806660)|VARIABLE_SCOPE_BEGIN|[107]|fieldName|String|false|false
12:36:05.6 (85823578)|VARIABLE_ASSIGNMENT|[107]|fieldName|"Id"
12:36:05.6 (85827196)|VARIABLE_SCOPE_BEGIN|[107]|initialObjectName|String|false|false
12:36:05.6 (85832248)|VARIABLE_ASSIGNMENT|[107]|initialObjectName|"ContentDocumentLink"
12:36:05.6 (85835361)|VARIABLE_SCOPE_BEGIN|[107]|theMap|Map<String,Set<String>>|true|false
12:36:05.6 (85856472)|VARIABLE_ASSIGNMENT|[107]|theMap|{"s":1,"v":{}}|0x6b98437a
12:36:05.6 (85865401)|HEAP_ALLOCATE|[109]|Bytes:5
12:36:05.6 (85870212)|STATEMENT_EXECUTE|[108]
12:36:05.6 (85873450)|HEAP_ALLOCATE|[109]|Bytes:1
12:36:05.6 (85892392)|ENTERING_MANAGED_PKG|
12:36:05.6 (85967381)|STATEMENT_EXECUTE|[150]
12:36:05.6 (85983080)|METHOD_ENTRY|[150]|01pB0000000ljzx|testautonumdata.Sparkle_Helper.AddFieldToMap(String, String, Map<String,Set<String>>)
12:36:05.6 (86005704)|VARIABLE_SCOPE_BEGIN|[157]|fieldName|String|false|false
12:36:05.6 (86015162)|VARIABLE_ASSIGNMENT|[157]|fieldName|"Id"
12:36:05.6 (86018420)|VARIABLE_SCOPE_BEGIN|[157]|ObjectName|String|false|false
12:36:05.6 (86023255)|VARIABLE_ASSIGNMENT|[157]|ObjectName|"ContentDocumentLink"
12:36:05.6 (86026038)|VARIABLE_SCOPE_BEGIN|[157]|theMap|Map<String,Set<String>>|true|false
12:36:05.6 (86038396)|VARIABLE_ASSIGNMENT|[157]|theMap|{"s":1,"v":{}}|0x6b98437a
12:36:05.6 (86046685)|HEAP_ALLOCATE|[160]|Bytes:5
12:36:05.6 (86050709)|STATEMENT_EXECUTE|[158]
12:36:05.6 (86061896)|ENTERING_MANAGED_PKG|
12:36:05.6 (86090363)|STATEMENT_EXECUTE|[167]
12:36:05.6 (86092329)|STATEMENT_EXECUTE|[168]
12:36:05.6 (86158504)|HEAP_ALLOCATE|[168]|Bytes:4
12:36:05.6 (86176870)|ENTERING_MANAGED_PKG|
12:36:05.6 (86200470)|VARIABLE_SCOPE_BEGIN|[168]|newFieldSet|Set<String>|true|false
12:36:05.6 (86233102)|VARIABLE_ASSIGNMENT|[168]|newFieldSet|{"s":1,"v":[]}|0x34c83351
12:36:05.6 (86236984)|STATEMENT_EXECUTE|[169]
12:36:05.6 (86248653)|ENTERING_MANAGED_PKG|
12:36:05.6 (86273968)|HEAP_ALLOCATE|[EXTERNAL]|Bytes:4
12:36:05.6 (86283586)|STATEMENT_EXECUTE|[170]
12:36:05.6 (86290784)|ENTERING_MANAGED_PKG|
12:36:05.6 (86315832)|HEAP_ALLOCATE|[EXTERNAL]|Bytes:-4
12:36:05.6 (86332644)|METHOD_EXIT|[150]|01pB0000000ljzx|testautonumdata.Sparkle_Helper.AddFieldToMap(String, String, Map<String,Set<String>>)
12:36:05.6 (86339480)|METHOD_EXIT|[25]|01pB0000000ljzx|testautonumdata.Sparkle_Helper.AddFieldToObjectsMap(String, String, Map<String,Set<String>>)
12:36:05.6 (86342760)|STATEMENT_EXECUTE|[27]
12:36:05.6 (86370974)|HEAP_ALLOCATE|[27]|Bytes:4
12:36:05.6 (86440218)|ENTERING_MANAGED_PKG|
12:36:05.6 (86459731)|VARIABLE_SCOPE_BEGIN|[27]|lstReturnRecords|List<testautonumdata.FilesViewerServerController>|true|false
12:36:05.6 (86484973)|HEAP_ALLOCATE|[EXTERNAL]|Bytes:4
12:36:05.6 (86498960)|VARIABLE_ASSIGNMENT|[27]|lstReturnRecords|{"s":1,"v":[]}|0x7765159e
12:36:05.6 (86516320)|ENTERING_MANAGED_PKG|
12:36:05.6 (86544567)|STATEMENT_EXECUTE|[29]
12:36:05.6 (86546782)|STATEMENT_EXECUTE|[30]
12:36:05.6 (86567333)|ENTERING_MANAGED_PKG|
12:36:05.6 (86595335)|VARIABLE_SCOPE_BEGIN|[30]|rLimit|Integer|false|false
12:36:05.6 (86601163)|HEAP_ALLOCATE|[30]|Bytes:4
12:36:05.6 (86607721)|VARIABLE_ASSIGNMENT|[30]|rLimit|8
12:36:05.6 (86610243)|STATEMENT_EXECUTE|[31]
12:36:05.6 (86613737)|HEAP_ALLOCATE|[31]|Bytes:46
12:36:05.6 (86628044)|ENTERING_MANAGED_PKG|
12:36:05.6 (86647642)|HEAP_ALLOCATE|[31]|Bytes:1
12:36:05.6 (86661614)|HEAP_ALLOCATE|[31]|Bytes:47
12:36:05.6 (86671840)|ENTERING_MANAGED_PKG|
12:36:05.6 (86680488)|USER_DEBUG|[31]|DEBUG|######## FilesViewerServerController: rLimit: 8
12:36:05.6 (86686502)|STATEMENT_EXECUTE|[35]
12:36:05.6 (86689503)|HEAP_ALLOCATE|[35]|Bytes:252
12:36:05.6 (86693488)|VARIABLE_SCOPE_BEGIN|[35]|soql|String|false|false
12:36:05.6 (86704587)|VARIABLE_ASSIGNMENT|[35]|soql|"select ContentDocume (232 more) ..."
12:36:05.6 (86706812)|STATEMENT_EXECUTE|[38]
12:36:05.6 (86709347)|HEAP_ALLOCATE|[38]|Bytes:26
12:36:05.6 (86723184)|ENTERING_MANAGED_PKG|
12:36:05.6 (86739925)|HEAP_ALLOCATE|[38]|Bytes:15
12:36:05.6 (86749580)|HEAP_ALLOCATE|[38]|Bytes:78
12:36:05.6 (86756878)|HEAP_ALLOCATE|[38]|Bytes:119
12:36:05.6 (86761778)|HEAP_ALLOCATE|[38]|Bytes:371
12:36:05.6 (86769279)|VARIABLE_ASSIGNMENT|[38]|soql|"select ContentDocume (351 more) ..."
12:36:05.6 (86771717)|STATEMENT_EXECUTE|[42]
12:36:05.6 (86774191)|HEAP_ALLOCATE|[42]|Bytes:42
12:36:05.6 (86778626)|HEAP_ALLOCATE|[42]|Bytes:413
12:36:05.6 (86784467)|VARIABLE_ASSIGNMENT|[42]|soql|"select ContentDocume (393 more) ..."
12:36:05.6 (86786458)|STATEMENT_EXECUTE|[45]
12:36:05.6 (86788729)|HEAP_ALLOCATE|[45]|Bytes:7
12:36:05.6 (86797987)|ENTERING_MANAGED_PKG|
12:36:05.6 (86812543)|HEAP_ALLOCATE|[45]|Bytes:1
12:36:05.6 (86824419)|HEAP_ALLOCATE|[45]|Bytes:8
12:36:05.6 (86832802)|HEAP_ALLOCATE|[45]|Bytes:421
12:36:05.6 (86840040)|VARIABLE_ASSIGNMENT|[45]|soql|"select ContentDocume (401 more) ..."
12:36:05.6 (86842466)|STATEMENT_EXECUTE|[47]
12:36:05.6 (86844858)|HEAP_ALLOCATE|[47]|Bytes:17
12:36:05.6 (86857419)|METHOD_ENTRY|[47]|01pB0000000ljzx|testautonumdata.Sparkle_Helper.AddFieldToObjectsMap(String, String, Map<String,Set<String>>)
12:36:05.6 (86870165)|VARIABLE_SCOPE_BEGIN|[107]|fieldName|String|false|false
12:36:05.6 (86877371)|VARIABLE_ASSIGNMENT|[107]|fieldName|"ContentDocumentId"
12:36:05.6 (86879367)|VARIABLE_SCOPE_BEGIN|[107]|initialObjectName|String|false|false
12:36:05.6 (86883182)|VARIABLE_ASSIGNMENT|[107]|initialObjectName|"ContentDocumentLink"
12:36:05.6 (86884771)|VARIABLE_SCOPE_BEGIN|[107]|theMap|Map<String,Set<String>>|true|false
12:36:05.6 (86902618)|VARIABLE_ASSIGNMENT|[107]|theMap|{"s":1,"v":{"ContentDocumentLink":{"s":2,"v":["Id"]}}}|0x6b98437a
12:36:05.6 (86911404)|HEAP_ALLOCATE|[109]|Bytes:5
12:36:05.6 (86915243)|STATEMENT_EXECUTE|[108]
12:36:05.6 (86927820)|ENTERING_MANAGED_PKG|
12:36:05.6 (86935565)|STATEMENT_EXECUTE|[150]
12:36:05.6 (86941030)|METHOD_ENTRY|[150]|01pB0000000ljzx|testautonumdata.Sparkle_Helper.AddFieldToMap(String, String, Map<String,Set<String>>)
12:36:05.6 (86944890)|VARIABLE_SCOPE_BEGIN|[157]|fieldName|String|false|false
12:36:05.6 (86952388)|VARIABLE_ASSIGNMENT|[157]|fieldName|"ContentDocumentId"
12:36:05.6 (86954134)|VARIABLE_SCOPE_BEGIN|[157]|ObjectName|String|false|false
12:36:05.6 (86957710)|VARIABLE_ASSIGNMENT|[157]|ObjectName|"ContentDocumentLink"
12:36:05.6 (86959210)|VARIABLE_SCOPE_BEGIN|[157]|theMap|Map<String,Set<String>>|true|false
12:36:05.6 (86974426)|VARIABLE_ASSIGNMENT|[157]|theMap|{"s":1,"v":{"ContentDocumentLink":{"s":2,"v":["Id"]}}}|0x6b98437a
12:36:05.6 (86981741)|HEAP_ALLOCATE|[160]|Bytes:5
12:36:05.6 (86985269)|STATEMENT_EXECUTE|[158]
12:36:05.6 (86991675)|ENTERING_MANAGED_PKG|
12:36:05.6 (86997701)|STATEMENT_EXECUTE|[161]
12:36:05.6 (86998862)|STATEMENT_EXECUTE|[162]
12:36:05.6 (87004457)|ENTERING_MANAGED_PKG|
12:36:05.6 (87035621)|VARIABLE_SCOPE_BEGIN|[162]|existingFieldSet|Set<String>|true|false
12:36:05.6 (87051583)|VARIABLE_ASSIGNMENT|[162]|existingFieldSet|{"s":1,"v":["Id"]}|0x34c83351
12:36:05.6 (87054851)|STATEMENT_EXECUTE|[163]
12:36:05.6 (87062132)|ENTERING_MANAGED_PKG|
12:36:05.6 (87084768)|HEAP_ALLOCATE|[EXTERNAL]|Bytes:4
12:36:05.6 (87093000)|STATEMENT_EXECUTE|[164]
12:36:05.6 (87099692)|ENTERING_MANAGED_PKG|
12:36:05.6 (87135442)|METHOD_EXIT|[150]|01pB0000000ljzx|testautonumdata.Sparkle_Helper.AddFieldToMap(String, String, Map<String,Set<String>>)
12:36:05.6 (87141921)|METHOD_EXIT|[47]|01pB0000000ljzx|testautonumdata.Sparkle_Helper.AddFieldToObjectsMap(String, String, Map<String,Set<String>>)
12:36:05.6 (87144641)|STATEMENT_EXECUTE|[48]
12:36:05.6 (87148114)|HEAP_ALLOCATE|[48]|Bytes:21
12:36:05.6 (87157675)|METHOD_ENTRY|[48]|01pB0000000ljzx|testautonumdata.Sparkle_Helper.AddFieldToObjectsMap(String, String, Map<String,Set<String>>)
12:36:05.6 (87170068)|VARIABLE_SCOPE_BEGIN|[107]|fieldName|String|false|false
12:36:05.6 (87179306)|VARIABLE_ASSIGNMENT|[107]|fieldName|"contentdocument.titl (1 more) ..."
12:36:05.6 (87181153)|VARIABLE_SCOPE_BEGIN|[107]|initialObjectName|String|false|false
12:36:05.6 (87184979)|VARIABLE_ASSIGNMENT|[107]|initialObjectName|"ContentDocumentLink"
12:36:05.6 (87186444)|VARIABLE_SCOPE_BEGIN|[107]|theMap|Map<String,Set<String>>|true|false
12:36:05.6 (87203790)|VARIABLE_ASSIGNMENT|[107]|theMap|{"s":1,"v":{"ContentDocumentLink":{"s":2,"v":["Id","ContentDocumentId"]}}}|0x6b98437a
12:36:05.6 (87212861)|HEAP_ALLOCATE|[109]|Bytes:5
12:36:05.6 (87216655)|STATEMENT_EXECUTE|[108]
12:36:05.6 (87229116)|ENTERING_MANAGED_PKG|
12:36:05.6 (87236713)|STATEMENT_EXECUTE|[110]
12:36:05.6 (87238030)|STATEMENT_EXECUTE|[111]
12:36:05.6 (87249458)|ENTERING_MANAGED_PKG|
12:36:05.6 (87274244)|HEAP_ALLOCATE|[111]|Bytes:15
12:36:05.6 (87285576)|VARIABLE_SCOPE_BEGIN|[111]|relName1|String|false|false
12:36:05.6 (87294461)|VARIABLE_ASSIGNMENT|[111]|relName1|"contentdocument"
12:36:05.6 (87297296)|STATEMENT_EXECUTE|[112]
12:36:05.6 (87309569)|ENTERING_MANAGED_PKG|
12:36:05.6 (87330858)|HEAP_ALLOCATE|[112]|Bytes:5
12:36:05.6 (87342088)|VARIABLE_SCOPE_BEGIN|[112]|relField1|String|false|false
12:36:05.6 (87350020)|VARIABLE_ASSIGNMENT|[112]|relField1|"title"
12:36:05.6 (87359843)|ENTERING_MANAGED_PKG|
12:36:05.6 (87385917)|STATEMENT_EXECUTE|[132]
12:36:05.6 (87389769)|HEAP_ALLOCATE|[134]|Bytes:3
12:36:05.6 (87406179)|ENTERING_MANAGED_PKG|
12:36:05.6 (87434602)|STATEMENT_EXECUTE|[141]
12:36:05.6 (87442915)|METHOD_EXIT|[48]|01pB0000000ljzx|testautonumdata.Sparkle_Helper.AddFieldToObjectsMap(String, String, Map<String,Set<String>>)
12:36:05.6 (87445769)|STATEMENT_EXECUTE|[49]
12:36:05.6 (87449043)|HEAP_ALLOCATE|[49]|Bytes:24
12:36:05.6 (87458350)|METHOD_ENTRY|[49]|01pB0000000ljzx|testautonumdata.Sparkle_Helper.AddFieldToObjectsMap(String, String, Map<String,Set<String>>)
12:36:05.6 (87469934)|VARIABLE_SCOPE_BEGIN|[107]|fieldName|String|false|false
12:36:05.6 (87478866)|VARIABLE_ASSIGNMENT|[107]|fieldName|"contentdocument.file (4 more) ..."
12:36:05.6 (87480751)|VARIABLE_SCOPE_BEGIN|[107]|initialObjectName|String|false|false
12:36:05.6 (87484493)|VARIABLE_ASSIGNMENT|[107]|initialObjectName|"ContentDocumentLink"
12:36:05.6 (87485972)|VARIABLE_SCOPE_BEGIN|[107]|theMap|Map<String,Set<String>>|true|false
12:36:05.6 (87503314)|VARIABLE_ASSIGNMENT|[107]|theMap|{"s":1,"v":{"ContentDocumentLink":{"s":2,"v":["Id","ContentDocumentId"]}}}|0x6b98437a
12:36:05.6 (87511301)|HEAP_ALLOCATE|[109]|Bytes:5
12:36:05.6 (87515026)|STATEMENT_EXECUTE|[108]
12:36:05.6 (87527391)|ENTERING_MANAGED_PKG|
12:36:05.6 (87534715)|STATEMENT_EXECUTE|[110]
12:36:05.6 (87535962)|STATEMENT_EXECUTE|[111]
12:36:05.6 (87542108)|ENTERING_MANAGED_PKG|
12:36:05.6 (87545586)|HEAP_ALLOCATE|[111]|Bytes:15
12:36:05.6 (87553129)|VARIABLE_SCOPE_BEGIN|[111]|relName1|String|false|false
12:36:05.6 (87561283)|VARIABLE_ASSIGNMENT|[111]|relName1|"contentdocument"
12:36:05.6 (87563814)|STATEMENT_EXECUTE|[112]
12:36:05.6 (87571961)|ENTERING_MANAGED_PKG|
12:36:05.6 (87575207)|HEAP_ALLOCATE|[112]|Bytes:8
12:36:05.6 (87582217)|VARIABLE_SCOPE_BEGIN|[112]|relField1|String|false|false
12:36:05.6 (87588473)|VARIABLE_ASSIGNMENT|[112]|relField1|"filetype"
12:36:05.6 (87596209)|ENTERING_MANAGED_PKG|
12:36:05.6 (87603000)|STATEMENT_EXECUTE|[132]
12:36:05.6 (87609082)|ENTERING_MANAGED_PKG|
12:36:05.6 (87614852)|STATEMENT_EXECUTE|[141]
12:36:05.6 (87621869)|METHOD_EXIT|[49]|01pB0000000ljzx|testautonumdata.Sparkle_Helper.AddFieldToObjectsMap(String, String, Map<String,Set<String>>)
12:36:05.6 (87624428)|STATEMENT_EXECUTE|[50]
12:36:05.6 (87627119)|HEAP_ALLOCATE|[50]|Bytes:27
12:36:05.6 (87635673)|METHOD_ENTRY|[50]|01pB0000000ljzx|testautonumdata.Sparkle_Helper.AddFieldToObjectsMap(String, String, Map<String,Set<String>>)
12:36:05.6 (87647397)|VARIABLE_SCOPE_BEGIN|[107]|fieldName|String|false|false
12:36:05.6 (87655388)|VARIABLE_ASSIGNMENT|[107]|fieldName|"contentdocument.crea (7 more) ..."
12:36:05.6 (87657153)|VARIABLE_SCOPE_BEGIN|[107]|initialObjectName|String|false|false
12:36:05.6 (87661312)|VARIABLE_ASSIGNMENT|[107]|initialObjectName|"ContentDocumentLink"
12:36:05.6 (87662721)|VARIABLE_SCOPE_BEGIN|[107]|theMap|Map<String,Set<String>>|true|false
12:36:05.6 (87679016)|VARIABLE_ASSIGNMENT|[107]|theMap|{"s":1,"v":{"ContentDocumentLink":{"s":2,"v":["Id","ContentDocumentId"]}}}|0x6b98437a
12:36:05.6 (87686887)|HEAP_ALLOCATE|[109]|Bytes:5
12:36:05.6 (87690406)|STATEMENT_EXECUTE|[108]
12:36:05.6 (87702210)|ENTERING_MANAGED_PKG|
12:36:05.6 (87709363)|STATEMENT_EXECUTE|[110]
12:36:05.6 (87710649)|STATEMENT_EXECUTE|[111]
12:36:05.6 (87716643)|ENTERING_MANAGED_PKG|
12:36:05.6 (87719592)|HEAP_ALLOCATE|[111]|Bytes:15
12:36:05.6 (87726859)|VARIABLE_SCOPE_BEGIN|[111]|relName1|String|false|false
12:36:05.6 (87734520)|VARIABLE_ASSIGNMENT|[111]|relName1|"contentdocument"
12:36:05.6 (87736878)|STATEMENT_EXECUTE|[112]
12:36:05.6 (87744618)|ENTERING_MANAGED_PKG|
12:36:05.6 (87747692)|HEAP_ALLOCATE|[112]|Bytes:11
12:36:05.6 (87754638)|VARIABLE_SCOPE_BEGIN|[112]|relField1|String|false|false
12:36:05.6 (87760967)|VARIABLE_ASSIGNMENT|[112]|relField1|"createddate"
12:36:05.6 (87768571)|ENTERING_MANAGED_PKG|
12:36:05.6 (87775218)|STATEMENT_EXECUTE|[132]
12:36:05.6 (87781155)|ENTERING_MANAGED_PKG|
12:36:05.6 (87786902)|STATEMENT_EXECUTE|[141]
12:36:05.6 (87793813)|METHOD_EXIT|[50]|01pB0000000ljzx|testautonumdata.Sparkle_Helper.AddFieldToObjectsMap(String, String, Map<String,Set<String>>)
12:36:05.6 (87796178)|STATEMENT_EXECUTE|[51]
12:36:05.6 (87798982)|HEAP_ALLOCATE|[51]|Bytes:29
12:36:05.6 (87807155)|METHOD_ENTRY|[51]|01pB0000000ljzx|testautonumdata.Sparkle_Helper.AddFieldToObjectsMap(String, String, Map<String,Set<String>>)
12:36:05.6 (87819257)|VARIABLE_SCOPE_BEGIN|[107]|fieldName|String|false|false
12:36:05.6 (87827376)|VARIABLE_ASSIGNMENT|[107]|fieldName|"contentdocument.file (9 more) ..."
12:36:05.6 (87829491)|VARIABLE_SCOPE_BEGIN|[107]|initialObjectName|String|false|false
12:36:05.6 (87833050)|VARIABLE_ASSIGNMENT|[107]|initialObjectName|"ContentDocumentLink"
12:36:05.6 (87834446)|VARIABLE_SCOPE_BEGIN|[107]|theMap|Map<String,Set<String>>|true|false
12:36:05.6 (87850882)|VARIABLE_ASSIGNMENT|[107]|theMap|{"s":1,"v":{"ContentDocumentLink":{"s":2,"v":["Id","ContentDocumentId"]}}}|0x6b98437a
12:36:05.6 (87858799)|HEAP_ALLOCATE|[109]|Bytes:5
12:36:05.6 (87862452)|STATEMENT_EXECUTE|[108]
12:36:05.6 (87874692)|ENTERING_MANAGED_PKG|
12:36:05.6 (87882003)|STATEMENT_EXECUTE|[110]
12:36:05.6 (87883362)|STATEMENT_EXECUTE|[111]
12:36:05.6 (87889407)|ENTERING_MANAGED_PKG|
12:36:05.6 (87892345)|HEAP_ALLOCATE|[111]|Bytes:15
12:36:05.6 (87899556)|VARIABLE_SCOPE_BEGIN|[111]|relName1|String|false|false
12:36:05.6 (87907319)|VARIABLE_ASSIGNMENT|[111]|relName1|"contentdocument"
12:36:05.6 (87909638)|STATEMENT_EXECUTE|[112]
12:36:05.6 (87917329)|ENTERING_MANAGED_PKG|
12:36:05.6 (87920414)|HEAP_ALLOCATE|[112]|Bytes:13
12:36:05.6 (87927226)|VARIABLE_SCOPE_BEGIN|[112]|relField1|String|false|false
12:36:05.6 (87933337)|VARIABLE_ASSIGNMENT|[112]|relField1|"fileextension"
12:36:05.6 (87941126)|ENTERING_MANAGED_PKG|
12:36:05.6 (87947885)|STATEMENT_EXECUTE|[132]
12:36:05.6 (87953763)|ENTERING_MANAGED_PKG|
12:36:05.6 (87959521)|STATEMENT_EXECUTE|[141]
12:36:05.6 (87966288)|METHOD_EXIT|[51]|01pB0000000ljzx|testautonumdata.Sparkle_Helper.AddFieldToObjectsMap(String, String, Map<String,Set<String>>)
12:36:05.6 (87968699)|STATEMENT_EXECUTE|[52]
12:36:05.6 (87971360)|HEAP_ALLOCATE|[52]|Bytes:27
12:36:05.6 (87979695)|METHOD_ENTRY|[52]|01pB0000000ljzx|testautonumdata.Sparkle_Helper.AddFieldToObjectsMap(String, String, Map<String,Set<String>>)
12:36:05.6 (87991382)|VARIABLE_SCOPE_BEGIN|[107]|fieldName|String|false|false
12:36:05.6 (87999654)|VARIABLE_ASSIGNMENT|[107]|fieldName|"contentdocument.cont (7 more) ..."
12:36:05.6 (88001386)|VARIABLE_SCOPE_BEGIN|[107]|initialObjectName|String|false|false
12:36:05.6 (88005890)|VARIABLE_ASSIGNMENT|[107]|initialObjectName|"ContentDocumentLink"
12:36:05.6 (88007264)|VARIABLE_SCOPE_BEGIN|[107]|theMap|Map<String,Set<String>>|true|false
12:36:05.6 (88023935)|VARIABLE_ASSIGNMENT|[107]|theMap|{"s":1,"v":{"ContentDocumentLink":{"s":2,"v":["Id","ContentDocumentId"]}}}|0x6b98437a
12:36:05.6 (88031707)|HEAP_ALLOCATE|[109]|Bytes:5
12:36:05.6 (88035202)|STATEMENT_EXECUTE|[108]
12:36:05.6 (88047108)|ENTERING_MANAGED_PKG|
12:36:05.6 (88054214)|STATEMENT_EXECUTE|[110]
12:36:05.6 (88055500)|STATEMENT_EXECUTE|[111]
12:36:05.6 (88061496)|ENTERING_MANAGED_PKG|
12:36:05.6 (88064457)|HEAP_ALLOCATE|[111]|Bytes:15
12:36:05.6 (88071694)|VARIABLE_SCOPE_BEGIN|[111]|relName1|String|false|false
12:36:05.6 (88079288)|VARIABLE_ASSIGNMENT|[111]|relName1|"contentdocument"
12:36:05.6 (88081490)|STATEMENT_EXECUTE|[112]
12:36:05.6 (88089987)|ENTERING_MANAGED_PKG|
12:36:05.6 (88093046)|HEAP_ALLOCATE|[112]|Bytes:11
12:36:05.6 (88100047)|VARIABLE_SCOPE_BEGIN|[112]|relField1|String|false|false
12:36:05.6 (88106329)|VARIABLE_ASSIGNMENT|[112]|relField1|"contentsize"
12:36:05.6 (88114051)|ENTERING_MANAGED_PKG|
12:36:05.6 (88120926)|STATEMENT_EXECUTE|[132]
12:36:05.6 (88126931)|ENTERING_MANAGED_PKG|
12:36:05.6 (88132697)|STATEMENT_EXECUTE|[141]
12:36:05.6 (88139603)|METHOD_EXIT|[52]|01pB0000000ljzx|testautonumdata.Sparkle_Helper.AddFieldToObjectsMap(String, String, Map<String,Set<String>>)
12:36:05.6 (88142069)|STATEMENT_EXECUTE|[53]
12:36:05.6 (88144860)|HEAP_ALLOCATE|[53]|Bytes:9
12:36:05.6 (88153257)|METHOD_ENTRY|[53]|01pB0000000ljzx|testautonumdata.Sparkle_Helper.AddFieldToObjectsMap(String, String, Map<String,Set<String>>)
12:36:05.6 (88164870)|VARIABLE_SCOPE_BEGIN|[107]|fieldName|String|false|false
12:36:05.6 (88171913)|VARIABLE_ASSIGNMENT|[107]|fieldName|"IsDeleted"
12:36:05.6 (88173565)|VARIABLE_SCOPE_BEGIN|[107]|initialObjectName|String|false|false
12:36:05.6 (88177306)|VARIABLE_ASSIGNMENT|[107]|initialObjectName|"ContentDocumentLink"
12:36:05.6 (88178684)|VARIABLE_SCOPE_BEGIN|[107]|theMap|Map<String,Set<String>>|true|false
12:36:05.6 (88213578)|VARIABLE_ASSIGNMENT|[107]|theMap|{"s":1,"v":{"ContentDocumentLink":{"s":2,"v":["Id","ContentDocumentId"]}}}|0x6b98437a
12:36:05.6 (88223865)|HEAP_ALLOCATE|[109]|Bytes:5
12:36:05.6 (88227861)|STATEMENT_EXECUTE|[108]
12:36:05.6 (88240927)|ENTERING_MANAGED_PKG|
12:36:05.6 (88248495)|STATEMENT_EXECUTE|[150]
12:36:05.6 (88253821)|METHOD_ENTRY|[150]|01pB0000000ljzx|testautonumdata.Sparkle_Helper.AddFieldToMap(String, String, Map<String,Set<String>>)
12:36:05.6 (88257368)|VARIABLE_SCOPE_BEGIN|[157]|fieldName|String|false|false
12:36:05.6 (88265249)|VARIABLE_ASSIGNMENT|[157]|fieldName|"IsDeleted"
12:36:05.6 (88266782)|VARIABLE_SCOPE_BEGIN|[157]|ObjectName|String|false|false
12:36:05.6 (88270749)|VARIABLE_ASSIGNMENT|[157]|ObjectName|"ContentDocumentLink"
12:36:05.6 (88272270)|VARIABLE_SCOPE_BEGIN|[157]|theMap|Map<String,Set<String>>|true|false
12:36:05.6 (88288198)|VARIABLE_ASSIGNMENT|[157]|theMap|{"s":1,"v":{"ContentDocumentLink":{"s":2,"v":["Id","ContentDocumentId"]}}}|0x6b98437a
12:36:05.6 (88295788)|HEAP_ALLOCATE|[160]|Bytes:5
12:36:05.6 (88299228)|STATEMENT_EXECUTE|[158]
12:36:05.6 (88305615)|ENTERING_MANAGED_PKG|
12:36:05.6 (88311573)|STATEMENT_EXECUTE|[161]
12:36:05.6 (88312779)|STATEMENT_EXECUTE|[162]
12:36:05.6 (88316186)|ENTERING_MANAGED_PKG|
12:36:05.6 (88326010)|VARIABLE_SCOPE_BEGIN|[162]|existingFieldSet|Set<String>|true|false
12:36:05.6 (88339879)|VARIABLE_ASSIGNMENT|[162]|existingFieldSet|{"s":1,"v":["Id","ContentDocumentId"]}|0x34c83351
12:36:05.6 (88342863)|STATEMENT_EXECUTE|[163]
12:36:05.6 (88347913)|ENTERING_MANAGED_PKG|
12:36:05.6 (88353919)|HEAP_ALLOCATE|[EXTERNAL]|Bytes:4
12:36:05.6 (88359949)|STATEMENT_EXECUTE|[164]
12:36:05.6 (88363974)|ENTERING_MANAGED_PKG|
12:36:05.6 (88381662)|METHOD_EXIT|[150]|01pB0000000ljzx|testautonumdata.Sparkle_Helper.AddFieldToMap(String, String, Map<String,Set<String>>)
12:36:05.6 (88387914)|METHOD_EXIT|[53]|01pB0000000ljzx|testautonumdata.Sparkle_Helper.AddFieldToObjectsMap(String, String, Map<String,Set<String>>)
12:36:05.6 (88390827)|STATEMENT_EXECUTE|[54]
12:36:05.6 (88394110)|HEAP_ALLOCATE|[54]|Bytes:14
12:36:05.6 (88407122)|METHOD_ENTRY|[54]|01pB0000000ljzx|testautonumdata.Sparkle_Helper.AddFieldToObjectsMap(String, String, Map<String,Set<String>>)
12:36:05.6 (88420016)|VARIABLE_SCOPE_BEGIN|[107]|fieldName|String|false|false
12:36:05.6 (88428180)|VARIABLE_ASSIGNMENT|[107]|fieldName|"LinkedEntityId"
12:36:05.6 (88429941)|VARIABLE_SCOPE_BEGIN|[107]|initialObjectName|String|false|false
12:36:05.6 (88433517)|VARIABLE_ASSIGNMENT|[107]|initialObjectName|"ContentDocumentLink"
12:36:05.6 (88434933)|VARIABLE_SCOPE_BEGIN|[107]|theMap|Map<String,Set<String>>|true|false
12:36:05.6 (88451880)|VARIABLE_ASSIGNMENT|[107]|theMap|{"s":1,"v":{"ContentDocumentLink":{"s":2,"v":["Id","ContentDocumentId","IsDeleted"]}}}|0x6b98437a
12:36:05.6 (88460136)|HEAP_ALLOCATE|[109]|Bytes:5
12:36:05.6 (88463819)|STATEMENT_EXECUTE|[108]
12:36:05.6 (88476178)|ENTERING_MANAGED_PKG|
12:36:05.6 (88483640)|STATEMENT_EXECUTE|[150]
12:36:05.6 (88488545)|METHOD_ENTRY|[150]|01pB0000000ljzx|testautonumdata.Sparkle_Helper.AddFieldToMap(String, String, Map<String,Set<String>>)
12:36:05.6 (88492352)|VARIABLE_SCOPE_BEGIN|[157]|fieldName|String|false|false
12:36:05.6 (88499432)|VARIABLE_ASSIGNMENT|[157]|fieldName|"LinkedEntityId"
12:36:05.6 (88501084)|VARIABLE_SCOPE_BEGIN|[157]|ObjectName|String|false|false
12:36:05.6 (88504540)|VARIABLE_ASSIGNMENT|[157]|ObjectName|"ContentDocumentLink"
12:36:05.6 (88506054)|VARIABLE_SCOPE_BEGIN|[157]|theMap|Map<String,Set<String>>|true|false
12:36:05.6 (88521403)|VARIABLE_ASSIGNMENT|[157]|theMap|{"s":1,"v":{"ContentDocumentLink":{"s":2,"v":["Id","ContentDocumentId","IsDeleted"]}}}|0x6b98437a
12:36:05.6 (88528477)|HEAP_ALLOCATE|[160]|Bytes:5
12:36:05.6 (88531874)|STATEMENT_EXECUTE|[158]
12:36:05.6 (88537915)|ENTERING_MANAGED_PKG|
12:36:05.6 (88543888)|STATEMENT_EXECUTE|[161]
12:36:05.6 (88545519)|STATEMENT_EXECUTE|[162]
12:36:05.6 (88548915)|ENTERING_MANAGED_PKG|
12:36:05.6 (88557826)|VARIABLE_SCOPE_BEGIN|[162]|existingFieldSet|Set<String>|true|false
12:36:05.6 (88571749)|VARIABLE_ASSIGNMENT|[162]|existingFieldSet|{"s":1,"v":["Id","ContentDocumentId","IsDeleted"]}|0x34c83351
12:36:05.6 (88574809)|STATEMENT_EXECUTE|[163]
12:36:05.6 (88579912)|ENTERING_MANAGED_PKG|
12:36:05.6 (88585557)|HEAP_ALLOCATE|[EXTERNAL]|Bytes:4
12:36:05.6 (88591467)|STATEMENT_EXECUTE|[164]
12:36:05.6 (88595367)|ENTERING_MANAGED_PKG|
12:36:05.6 (88612376)|METHOD_EXIT|[150]|01pB0000000ljzx|testautonumdata.Sparkle_Helper.AddFieldToMap(String, String, Map<String,Set<String>>)
12:36:05.6 (88617903)|METHOD_EXIT|[54]|01pB0000000ljzx|testautonumdata.Sparkle_Helper.AddFieldToObjectsMap(String, String, Map<String,Set<String>>)
12:36:05.6 (88620880)|STATEMENT_EXECUTE|[55]
12:36:05.6 (88623959)|HEAP_ALLOCATE|[55]|Bytes:9
12:36:05.6 (88632579)|METHOD_ENTRY|[55]|01pB0000000ljzx|testautonumdata.Sparkle_Helper.AddFieldToObjectsMap(String, String, Map<String,Set<String>>)
12:36:05.6 (88658665)|VARIABLE_SCOPE_BEGIN|[107]|fieldName|String|false|false
12:36:05.6 (88668396)|VARIABLE_ASSIGNMENT|[107]|fieldName|"ShareType"
12:36:05.6 (88670199)|VARIABLE_SCOPE_BEGIN|[107]|initialObjectName|String|false|false
12:36:05.6 (88673850)|VARIABLE_ASSIGNMENT|[107]|initialObjectName|"ContentDocumentLink"
12:36:05.6 (88675276)|VARIABLE_SCOPE_BEGIN|[107]|theMap|Map<String,Set<String>>|true|false
12:36:05.6 (88693551)|VARIABLE_ASSIGNMENT|[107]|theMap|{"s":1,"v":{"ContentDocumentLink":{"s":2,"v":["Id","ContentDocumentId","IsDeleted","LinkedEntityId"]}}}|0x6b98437a
12:36:05.6 (88701802)|HEAP_ALLOCATE|[109]|Bytes:5
12:36:05.6 (88705558)|STATEMENT_EXECUTE|[108]
12:36:05.6 (88718171)|ENTERING_MANAGED_PKG|
12:36:05.6 (88725666)|STATEMENT_EXECUTE|[150]
12:36:05.6 (88730921)|METHOD_ENTRY|[150]|01pB0000000ljzx|testautonumdata.Sparkle_Helper.AddFieldToMap(String, String, Map<String,Set<String>>)
12:36:05.6 (88734461)|VARIABLE_SCOPE_BEGIN|[157]|fieldName|String|false|false
12:36:05.6 (88741386)|VARIABLE_ASSIGNMENT|[157]|fieldName|"ShareType"
12:36:05.6 (88743044)|VARIABLE_SCOPE_BEGIN|[157]|ObjectName|String|false|false
12:36:05.6 (88746611)|VARIABLE_ASSIGNMENT|[157]|ObjectName|"ContentDocumentLink"
12:36:05.6 (88748001)|VARIABLE_SCOPE_BEGIN|[157]|theMap|Map<String,Set<String>>|true|false
12:36:05.6 (88764044)|VARIABLE_ASSIGNMENT|[157]|theMap|{"s":1,"v":{"ContentDocumentLink":{"s":2,"v":["Id","ContentDocumentId","IsDeleted","LinkedEntityId"]}}}|0x6b98437a
12:36:05.6 (88771410)|HEAP_ALLOCATE|[160]|Bytes:5
12:36:05.6 (88774825)|STATEMENT_EXECUTE|[158]
12:36:05.6 (88781194)|ENTERING_MANAGED_PKG|
12:36:05.6 (88787013)|STATEMENT_EXECUTE|[161]
12:36:05.6 (88788186)|STATEMENT_EXECUTE|[162]
12:36:05.6 (88791477)|ENTERING_MANAGED_PKG|
12:36:05.6 (88800183)|VARIABLE_SCOPE_BEGIN|[162]|existingFieldSet|Set<String>|true|false
12:36:05.6 (88814611)|VARIABLE_ASSIGNMENT|[162]|existingFieldSet|{"s":1,"v":["Id","ContentDocumentId","IsDeleted","LinkedEntityId"]}|0x34c83351
12:36:05.6 (88817842)|STATEMENT_EXECUTE|[163]
12:36:05.6 (88823011)|ENTERING_MANAGED_PKG|
12:36:05.6 (88828576)|HEAP_ALLOCATE|[EXTERNAL]|Bytes:4
12:36:05.6 (88834477)|STATEMENT_EXECUTE|[164]
12:36:05.6 (88838454)|ENTERING_MANAGED_PKG|
12:36:05.6 (88855051)|METHOD_EXIT|[150]|01pB0000000ljzx|testautonumdata.Sparkle_Helper.AddFieldToMap(String, String, Map<String,Set<String>>)
12:36:05.6 (88860786)|METHOD_EXIT|[55]|01pB0000000ljzx|testautonumdata.Sparkle_Helper.AddFieldToObjectsMap(String, String, Map<String,Set<String>>)
12:36:05.6 (88863317)|STATEMENT_EXECUTE|[56]
12:36:05.6 (88866555)|HEAP_ALLOCATE|[56]|Bytes:14
12:36:05.6 (88875095)|METHOD_ENTRY|[56]|01pB0000000ljzx|testautonumdata.Sparkle_Helper.AddFieldToObjectsMap(String, String, Map<String,Set<String>>)
12:36:05.6 (88887308)|VARIABLE_SCOPE_BEGIN|[107]|fieldName|String|false|false
12:36:05.6 (88895428)|VARIABLE_ASSIGNMENT|[107]|fieldName|"SystemModstamp"
12:36:05.6 (88897092)|VARIABLE_SCOPE_BEGIN|[107]|initialObjectName|String|false|false
12:36:05.6 (88900855)|VARIABLE_ASSIGNMENT|[107]|initialObjectName|"ContentDocumentLink"
12:36:05.6 (88902447)|VARIABLE_SCOPE_BEGIN|[107]|theMap|Map<String,Set<String>>|true|false
12:36:05.6 (88919808)|VARIABLE_ASSIGNMENT|[107]|theMap|{"s":1,"v":{"ContentDocumentLink":{"s":2,"v":["Id","ContentDocumentId","IsDeleted","LinkedEntityId","ShareType"]}}}|0x6b98437a
12:36:05.6 (88927533)|HEAP_ALLOCATE|[109]|Bytes:5
12:36:05.6 (88931089)|STATEMENT_EXECUTE|[108]
12:36:05.6 (88943175)|ENTERING_MANAGED_PKG|
12:36:05.6 (88950706)|STATEMENT_EXECUTE|[150]
12:36:05.6 (88955750)|METHOD_ENTRY|[150]|01pB0000000ljzx|testautonumdata.Sparkle_Helper.AddFieldToMap(String, String, Map<String,Set<String>>)
12:36:05.6 (88959054)|VARIABLE_SCOPE_BEGIN|[157]|fieldName|String|false|false
12:36:05.6 (88966178)|VARIABLE_ASSIGNMENT|[157]|fieldName|"SystemModstamp"
12:36:05.6 (88967787)|VARIABLE_SCOPE_BEGIN|[157]|ObjectName|String|false|false
12:36:05.6 (88971336)|VARIABLE_ASSIGNMENT|[157]|ObjectName|"ContentDocumentLink"
12:36:05.6 (88972843)|VARIABLE_SCOPE_BEGIN|[157]|theMap|Map<String,Set<String>>|true|false
12:36:05.6 (88988791)|VARIABLE_ASSIGNMENT|[157]|theMap|{"s":1,"v":{"ContentDocumentLink":{"s":2,"v":["Id","ContentDocumentId","IsDeleted","LinkedEntityId","ShareType"]}}}|0x6b98437a
12:36:05.6 (88996150)|HEAP_ALLOCATE|[160]|Bytes:5
12:36:05.6 (88999567)|STATEMENT_EXECUTE|[158]
12:36:05.6 (89005695)|ENTERING_MANAGED_PKG|
12:36:05.6 (89012322)|STATEMENT_EXECUTE|[161]
12:36:05.6 (89013494)|STATEMENT_EXECUTE|[162]
12:36:05.6 (89016758)|ENTERING_MANAGED_PKG|
12:36:05.6 (89025390)|VARIABLE_SCOPE_BEGIN|[162]|existingFieldSet|Set<String>|true|false
12:36:05.6 (89040132)|VARIABLE_ASSIGNMENT|[162]|existingFieldSet|{"s":1,"v":["Id","ContentDocumentId","IsDeleted","LinkedEntityId","ShareType"]}|0x34c83351
12:36:05.6 (89043444)|STATEMENT_EXECUTE|[163]
12:36:05.6 (89048591)|ENTERING_MANAGED_PKG|
12:36:05.6 (89054097)|HEAP_ALLOCATE|[EXTERNAL]|Bytes:4
12:36:05.6 (89059823)|STATEMENT_EXECUTE|[164]
12:36:05.6 (89063699)|ENTERING_MANAGED_PKG|
12:36:05.6 (89080359)|METHOD_EXIT|[150]|01pB0000000ljzx|testautonumdata.Sparkle_Helper.AddFieldToMap(String, String, Map<String,Set<String>>)
12:36:05.6 (89085809)|METHOD_EXIT|[56]|01pB0000000ljzx|testautonumdata.Sparkle_Helper.AddFieldToObjectsMap(String, String, Map<String,Set<String>>)
12:36:05.6 (89088663)|STATEMENT_EXECUTE|[57]
12:36:05.6 (89091683)|HEAP_ALLOCATE|[57]|Bytes:10
12:36:05.6 (89100248)|METHOD_ENTRY|[57]|01pB0000000ljzx|testautonumdata.Sparkle_Helper.AddFieldToObjectsMap(String, String, Map<String,Set<String>>)
12:36:05.6 (89111761)|VARIABLE_SCOPE_BEGIN|[107]|fieldName|String|false|false
12:36:05.6 (89119755)|VARIABLE_ASSIGNMENT|[107]|fieldName|"Visibility"
12:36:05.6 (89121465)|VARIABLE_SCOPE_BEGIN|[107]|initialObjectName|String|false|false
12:36:05.6 (89124895)|VARIABLE_ASSIGNMENT|[107]|initialObjectName|"ContentDocumentLink"
12:36:05.6 (89126488)|VARIABLE_SCOPE_BEGIN|[107]|theMap|Map<String,Set<String>>|true|false
12:36:05.6 (89145016)|VARIABLE_ASSIGNMENT|[107]|theMap|{"s":1,"v":{"ContentDocumentLink":{"s":2,"v":"List of size 6 too large to display"}}}|0x6b98437a
12:36:05.6 (89152602)|HEAP_ALLOCATE|[109]|Bytes:5
12:36:05.6 (89156096)|STATEMENT_EXECUTE|[108]
12:36:05.6 (89168254)|ENTERING_MANAGED_PKG|
12:36:05.6 (89175678)|STATEMENT_EXECUTE|[150]
12:36:05.6 (89180570)|METHOD_ENTRY|[150]|01pB0000000ljzx|testautonumdata.Sparkle_Helper.AddFieldToMap(String, String, Map<String,Set<String>>)
12:36:05.6 (89183733)|VARIABLE_SCOPE_BEGIN|[157]|fieldName|String|false|false
12:36:05.6 (89190676)|VARIABLE_ASSIGNMENT|[157]|fieldName|"Visibility"
12:36:05.6 (89192182)|VARIABLE_SCOPE_BEGIN|[157]|ObjectName|String|false|false
12:36:05.6 (89195795)|VARIABLE_ASSIGNMENT|[157]|ObjectName|"ContentDocumentLink"
12:36:05.6 (89197194)|VARIABLE_SCOPE_BEGIN|[157]|theMap|Map<String,Set<String>>|true|false
12:36:05.6 (89213019)|VARIABLE_ASSIGNMENT|[157]|theMap|{"s":1,"v":{"ContentDocumentLink":{"s":2,"v":"List of size 6 too large to display"}}}|0x6b98437a
12:36:05.6 (89220000)|HEAP_ALLOCATE|[160]|Bytes:5
12:36:05.6 (89223363)|STATEMENT_EXECUTE|[158]
12:36:05.6 (89229623)|ENTERING_MANAGED_PKG|
12:36:05.6 (89235228)|STATEMENT_EXECUTE|[161]
12:36:05.6 (89236447)|STATEMENT_EXECUTE|[162]
12:36:05.6 (89239690)|ENTERING_MANAGED_PKG|
12:36:05.6 (89248229)|VARIABLE_SCOPE_BEGIN|[162]|existingFieldSet|Set<String>|true|false
12:36:05.6 (89261443)|VARIABLE_ASSIGNMENT|[162]|existingFieldSet|{"s":1,"v":"List of size 6 too large to display"}|0x34c83351
12:36:05.6 (89264378)|STATEMENT_EXECUTE|[163]
12:36:05.6 (89269305)|ENTERING_MANAGED_PKG|
12:36:05.6 (89274491)|HEAP_ALLOCATE|[EXTERNAL]|Bytes:4
12:36:05.6 (89280080)|STATEMENT_EXECUTE|[164]
12:36:05.6 (89283925)|ENTERING_MANAGED_PKG|
12:36:05.6 (89300407)|METHOD_EXIT|[150]|01pB0000000ljzx|testautonumdata.Sparkle_Helper.AddFieldToMap(String, String, Map<String,Set<String>>)
12:36:05.6 (89305791)|METHOD_EXIT|[57]|01pB0000000ljzx|testautonumdata.Sparkle_Helper.AddFieldToObjectsMap(String, String, Map<String,Set<String>>)
12:36:05.6 (89308700)|STATEMENT_EXECUTE|[58]
12:36:05.6 (89311848)|HEAP_ALLOCATE|[58]|Bytes:26
12:36:05.6 (89320583)|METHOD_ENTRY|[58]|01pB0000000ljzx|testautonumdata.Sparkle_Helper.AddFieldToObjectsMap(String, String, Map<String,Set<String>>)
12:36:05.6 (89332550)|VARIABLE_SCOPE_BEGIN|[107]|fieldName|String|false|false
12:36:05.6 (89341127)|VARIABLE_ASSIGNMENT|[107]|fieldName|"contentdocument.isAr (6 more) ..."
12:36:05.6 (89342992)|VARIABLE_SCOPE_BEGIN|[107]|initialObjectName|String|false|false
12:36:05.6 (89346793)|VARIABLE_ASSIGNMENT|[107]|initialObjectName|"ContentDocumentLink"
12:36:05.6 (89348191)|VARIABLE_SCOPE_BEGIN|[107]|theMap|Map<String,Set<String>>|true|false
12:36:05.6 (89364549)|VARIABLE_ASSIGNMENT|[107]|theMap|{"s":1,"v":{"ContentDocumentLink":{"s":2,"v":"List of size 7 too large to display"}}}|0x6b98437a
12:36:05.6 (89371685)|HEAP_ALLOCATE|[109]|Bytes:5
12:36:05.6 (89375216)|STATEMENT_EXECUTE|[108]
12:36:05.6 (89387470)|ENTERING_MANAGED_PKG|
12:36:05.6 (89394841)|STATEMENT_EXECUTE|[110]
12:36:05.6 (89396154)|STATEMENT_EXECUTE|[111]
12:36:05.6 (89406348)|ENTERING_MANAGED_PKG|
12:36:05.6 (89409753)|HEAP_ALLOCATE|[111]|Bytes:15
12:36:05.6 (89417482)|VARIABLE_SCOPE_BEGIN|[111]|relName1|String|false|false
12:36:05.6 (89425695)|VARIABLE_ASSIGNMENT|[111]|relName1|"contentdocument"
12:36:05.6 (89428309)|STATEMENT_EXECUTE|[112]
12:36:05.6 (89436571)|ENTERING_MANAGED_PKG|
12:36:05.6 (89439845)|HEAP_ALLOCATE|[112]|Bytes:10
12:36:05.6 (89446982)|VARIABLE_SCOPE_BEGIN|[112]|relField1|String|false|false
12:36:05.6 (89453330)|VARIABLE_ASSIGNMENT|[112]|relField1|"isArchived"
12:36:05.6 (89460846)|ENTERING_MANAGED_PKG|
12:36:05.6 (89467697)|STATEMENT_EXECUTE|[132]
12:36:05.6 (89473656)|ENTERING_MANAGED_PKG|
12:36:05.6 (89479505)|STATEMENT_EXECUTE|[141]
12:36:05.6 (89486410)|METHOD_EXIT|[58]|01pB0000000ljzx|testautonumdata.Sparkle_Helper.AddFieldToObjectsMap(String, String, Map<String,Set<String>>)
12:36:05.6 (89488783)|STATEMENT_EXECUTE|[59]
12:36:05.6 (89491425)|HEAP_ALLOCATE|[59]|Bytes:25
12:36:05.6 (89499556)|METHOD_ENTRY|[59]|01pB0000000ljzx|testautonumdata.Sparkle_Helper.AddFieldToObjectsMap(String, String, Map<String,Set<String>>)
12:36:05.6 (89511111)|VARIABLE_SCOPE_BEGIN|[107]|fieldName|String|false|false
12:36:05.6 (89519257)|VARIABLE_ASSIGNMENT|[107]|fieldName|"contentdocument.isDe (5 more) ..."
12:36:05.6 (89520915)|VARIABLE_SCOPE_BEGIN|[107]|initialObjectName|String|false|false
12:36:05.6 (89524616)|VARIABLE_ASSIGNMENT|[107]|initialObjectName|"ContentDocumentLink"
12:36:05.6 (89526029)|VARIABLE_SCOPE_BEGIN|[107]|theMap|Map<String,Set<String>>|true|false
12:36:05.6 (89542717)|VARIABLE_ASSIGNMENT|[107]|theMap|{"s":1,"v":{"ContentDocumentLink":{"s":2,"v":"List of size 7 too large to display"}}}|0x6b98437a
12:36:05.6 (89550594)|HEAP_ALLOCATE|[109]|Bytes:5
12:36:05.6 (89554070)|STATEMENT_EXECUTE|[108]
12:36:05.6 (89566088)|ENTERING_MANAGED_PKG|
12:36:05.6 (89573421)|STATEMENT_EXECUTE|[110]
12:36:05.6 (89574663)|STATEMENT_EXECUTE|[111]
12:36:05.6 (89580854)|ENTERING_MANAGED_PKG|
12:36:05.6 (89583837)|HEAP_ALLOCATE|[111]|Bytes:15
12:36:05.6 (89591011)|VARIABLE_SCOPE_BEGIN|[111]|relName1|String|false|false
12:36:05.6 (89598560)|VARIABLE_ASSIGNMENT|[111]|relName1|"contentdocument"
12:36:05.6 (89600999)|STATEMENT_EXECUTE|[112]
12:36:05.6 (89608833)|ENTERING_MANAGED_PKG|
12:36:05.6 (89611952)|HEAP_ALLOCATE|[112]|Bytes:9
12:36:05.6 (89618784)|VARIABLE_SCOPE_BEGIN|[112]|relField1|String|false|false
12:36:05.6 (89624753)|VARIABLE_ASSIGNMENT|[112]|relField1|"isDeleted"
12:36:05.6 (89632137)|ENTERING_MANAGED_PKG|
12:36:05.6 (89638756)|STATEMENT_EXECUTE|[132]
12:36:05.6 (89645417)|ENTERING_MANAGED_PKG|
12:36:05.6 (89651155)|STATEMENT_EXECUTE|[141]
12:36:05.6 (89657956)|METHOD_EXIT|[59]|01pB0000000ljzx|testautonumdata.Sparkle_Helper.AddFieldToObjectsMap(String, String, Map<String,Set<String>>)
12:36:05.6 (89660654)|STATEMENT_EXECUTE|[66]
12:36:05.6 (89663359)|HEAP_ALLOCATE|[66]|Bytes:45
12:36:05.6 (89669563)|HEAP_ALLOCATE|[66]|Bytes:466
12:36:05.6 (89677870)|ENTERING_MANAGED_PKG|
12:36:05.6 (89697951)|USER_DEBUG|[66]|DEBUG|######## FilesViewerServerController - soql: select ContentDocumentId, contentdocument.title, contentdocument.filetype, contentdocument.createddate, contentdocument.fileextension, contentdocument.contentsize, Id,IsDeleted,LinkedEntityId,ShareType,SystemModstamp,Visibility FROM ContentDocumentLink where LinkedEntityId  = 'a0MB0000000cQXF' and contentdocument.isArchived = false and contentdocument.isDeleted = false order by contentdocument.createddate desc limit 8
12:36:05.6 (89706585)|STATEMENT_EXECUTE|[68]
12:36:05.6 (89723583)|ENTERING_MANAGED_PKG|
12:36:05.6 (89738838)|HEAP_ALLOCATE|[68]|Bytes:4
12:36:05.6 (102347778)|SOQL_EXECUTE_BEGIN|[68]|Aggregations:0|select ContentDocumentId, contentdocument.title, contentdocument.filetype, contentdocument.createddate, contentdocument.fileextension, contentdocument.contentsize, Id,IsDeleted,LinkedEntityId,ShareType,SystemModstamp,Visibility FROM ContentDocumentLink where LinkedEntityId  = 'a0MB0000000cQXF' and contentdocument.isArchived = false and contentdocument.isDeleted = false order by contentdocument.createddate desc limit 8
12:36:05.6 (155143416)|SOQL_EXECUTE_END|[68]|Rows:2
12:36:05.6 (155177835)|HEAP_ALLOCATE|[68]|Bytes:12
12:36:05.6 (155212339)|HEAP_ALLOCATE|[68]|Bytes:735
12:36:05.6 (155299485)|HEAP_ALLOCATE|[68]|Bytes:12
12:36:05.6 (155322157)|VARIABLE_SCOPE_BEGIN|[68]|lstQueriedRecords|List<SObject>|true|false
12:36:05.6 (155560829)|VARIABLE_ASSIGNMENT|[68]|lstQueriedRecords|{"s":1,"v":[{"s":2,"v":{"ContentDocumentId":"069B0000000zbmmIAA","Id":"06AB0000000xmryMAA","IsDeleted":false,"LinkedEntityId":"a0MB0000000cQXFMA2","ShareType":"V","SystemModstamp":"2016-05-23T15:46:04.000Z","Visibility":"InternalUsers","entityTypeName":"Custom Object Record","ContentDocument":{"s":3,"v":{"Title":"ResumeTemplate 1","FileType":"WORD","CreatedDate":"2016-05-23T15:46:04.000Z","FileExtension":"doc","ContentSize":29696,"Id":"069B0000000zbmmIAA"}}}},{"s":4,"v":{"ContentDocumentId":"069B0000000zbmhIAA","Id":"06AB0000000xmrtMAA","IsDeleted":false,"LinkedEntityId":"a0MB0000000cQXFMA2","ShareType":"V","SystemModstamp":"2016-05-23T15:46:04.000Z","Visibility":"InternalUsers","entityTypeName":"Custom Object Record","ContentDocument":{"s":5,"v":{"Title":"ResumeTemplate 1","FileType":"PDF","CreatedDate":"2016-05-23T15:46:03.000Z","FileExtension":"pdf","ContentSize":48077,"Id":"069B0000000zbmhIAA"}}}}]}|0x68ffe720
12:36:05.6 (155572363)|STATEMENT_EXECUTE|[70]
12:36:05.6 (155578522)|HEAP_ALLOCATE|[70]|Bytes:59
12:36:05.6 (155604185)|ENTERING_MANAGED_PKG|
12:36:05.6 (155751437)|HEAP_ALLOCATE|[70]|Bytes:420
12:36:05.6 (155770769)|HEAP_ALLOCATE|[70]|Bytes:479
12:36:05.6 (155783925)|ENTERING_MANAGED_PKG|
12:36:05.6 (155793536)|USER_DEBUG|[70]|DEBUG|######## FilesViewerServerController -  lstQueriedRecords: (ContentDocumentLink:{ContentDocumentId=069B0000000zbmmIAA, Id=06AB0000000xmryMAA, IsDeleted=false, LinkedEntityId=a0MB0000000cQXFMA2, ShareType=V, SystemModstamp=2016-05-23 15:46:04, Visibility=InternalUsers}, ContentDocumentLink:{ContentDocumentId=069B0000000zbmhIAA, Id=06AB0000000xmrtMAA, IsDeleted=false, LinkedEntityId=a0MB0000000cQXFMA2, ShareType=V, SystemModstamp=2016-05-23 15:46:04, Visibility=InternalUsers})
12:36:05.6 (155827015)|METHOD_ENTRY|[74]|01pB0000000ljzx|testautonumdata.Sparkle_Helper.UserHasAccessToObjectsAndFields(Map<String,Set<String>>)
12:36:05.6 (155855602)|VARIABLE_SCOPE_BEGIN|[175]|theMap|Map<String,Set<String>>|true|false
12:36:05.6 (155884683)|VARIABLE_ASSIGNMENT|[175]|theMap|{"s":1,"v":{"ContentDocumentLink":{"s":2,"v":"List of size 7 too large to display"}}}|0x6b98437a
12:36:05.6 (155896235)|HEAP_ALLOCATE|[177]|Bytes:5
12:36:05.6 (155901039)|STATEMENT_EXECUTE|[176]
12:36:05.6 (155902513)|STATEMENT_EXECUTE|[177]
12:36:05.6 (155906572)|VARIABLE_SCOPE_BEGIN|[177]|hasAccess|Boolean|false|false
12:36:05.6 (155911919)|HEAP_ALLOCATE|[177]|Bytes:5
12:36:05.6 (155916888)|VARIABLE_ASSIGNMENT|[177]|hasAccess|true
12:36:05.6 (155927689)|ENTERING_MANAGED_PKG|
12:36:05.6 (155953499)|STATEMENT_EXECUTE|[180]
12:36:05.6 (155955283)|STATEMENT_EXECUTE|[181]
12:36:05.6 (155958769)|HEAP_ALLOCATE|[181]|Bytes:17
12:36:05.6 (155974010)|ENTERING_MANAGED_PKG|
12:36:05.6 (156005178)|HEAP_ALLOCATE|[181]|Bytes:111
12:36:05.6 (156020597)|HEAP_ALLOCATE|[181]|Bytes:128
12:36:05.6 (156029462)|ENTERING_MANAGED_PKG|
12:36:05.6 (156035916)|USER_DEBUG|[181]|DEBUG|######## theMap: {ContentDocumentLink={ContentDocumentId, Id, IsDeleted, LinkedEntityId, ShareType, SystemModstamp, Visibility}}
12:36:05.6 (156048817)|HEAP_ALLOCATE|[182]|Bytes:4
12:36:05.6 (156064847)|ENTERING_MANAGED_PKG|
12:36:05.6 (156089709)|ENTERING_MANAGED_PKG|
12:36:05.6 (156101302)|HEAP_ALLOCATE|[182]|Bytes:27
12:36:05.6 (156115453)|ENTERING_MANAGED_PKG|
12:36:05.6 (156119070)|HEAP_ALLOCATE|[182]|Bytes:4
12:36:05.6 (156126128)|ENTERING_MANAGED_PKG|
12:36:05.6 (156213653)|HEAP_ALLOCATE|[182]|Bytes:5
12:36:05.6 (156248191)|VARIABLE_SCOPE_BEGIN|[182]|objectName|String|false|false
12:36:05.6 (156259123)|VARIABLE_ASSIGNMENT|[182]|objectName|"ContentDocumentLink"
12:36:05.6 (156262619)|STATEMENT_EXECUTE|[183]
12:36:05.6 (156263765)|STATEMENT_EXECUTE|[184]
12:36:05.6 (156267215)|HEAP_ALLOCATE|[184]|Bytes:21
12:36:05.6 (156274137)|HEAP_ALLOCATE|[184]|Bytes:40
12:36:05.6 (156282802)|ENTERING_MANAGED_PKG|
12:36:05.6 (156303474)|USER_DEBUG|[184]|DEBUG|######## objectName: ContentDocumentLink
12:36:05.6 (156310111)|STATEMENT_EXECUTE|[185]
12:36:05.6 (156325251)|ENTERING_MANAGED_PKG|
12:36:05.6 (180362727)|HEAP_ALLOCATE|[185]|Bytes:1648
12:36:05.6 (180397553)|ENTERING_MANAGED_PKG|
12:36:05.6 (180462271)|HEAP_ALLOCATE|[185]|Bytes:4
12:36:05.6 (180472240)|VARIABLE_SCOPE_BEGIN|[185]|sObj|SObject|true|false
12:36:05.6 (180492842)|VARIABLE_ASSIGNMENT|[185]|sObj|{}|0xd63f5c5
12:36:05.6 (180497754)|STATEMENT_EXECUTE|[186]
12:36:05.6 (180526459)|ENTERING_MANAGED_PKG|
12:36:05.6 (180960729)|HEAP_ALLOCATE|[186]|Bytes:4
12:36:05.6 (181242524)|HEAP_ALLOCATE|[186]|Bytes:32
12:36:05.6 (181253530)|VARIABLE_SCOPE_BEGIN|[186]|m|Map<String,Schema.SObjectField>|true|false
12:36:05.6 (181576301)|VARIABLE_ASSIGNMENT|[186]|m|"{contentdocumentid=ContentDocumentId, id=Id, isdeleted=IsDeleted, linkedentityid=LinkedEntityId, sharetype=ShareType, systemmodstamp=SystemModstamp, visibility=Visibility}"|0x6315d4ec
12:36:05.6 (181584431)|STATEMENT_EXECUTE|[187]
12:36:05.6 (181601208)|ENTERING_MANAGED_PKG|
12:36:05.6 (181660950)|VARIABLE_SCOPE_BEGIN|[187]|objectFieldSet|Set<String>|true|false
12:36:05.6 (181696308)|VARIABLE_ASSIGNMENT|[187]|objectFieldSet|{"s":1,"v":"List of size 7 too large to display"}|0x34c83351
12:36:05.6 (181709329)|HEAP_ALLOCATE|[189]|Bytes:4
12:36:05.6 (181729829)|ENTERING_MANAGED_PKG|
12:36:05.6 (181765393)|ENTERING_MANAGED_PKG|
12:36:05.6 (181773970)|HEAP_ALLOCATE|[189]|Bytes:28
12:36:05.6 (181782278)|ENTERING_MANAGED_PKG|
12:36:05.6 (181798138)|HEAP_ALLOCATE|[189]|Bytes:5
12:36:05.6 (181811798)|VARIABLE_SCOPE_BEGIN|[189]|fieldToCheck|String|false|false
12:36:05.6 (181822119)|VARIABLE_ASSIGNMENT|[189]|fieldToCheck|"Id"
12:36:05.6 (181825622)|STATEMENT_EXECUTE|[189]
12:36:05.6 (181826964)|STATEMENT_EXECUTE|[190]
12:36:05.6 (181830432)|HEAP_ALLOCATE|[190]|Bytes:23
12:36:05.6 (181838131)|HEAP_ALLOCATE|[190]|Bytes:25
12:36:05.6 (181848932)|ENTERING_MANAGED_PKG|
12:36:05.6 (181869563)|USER_DEBUG|[190]|DEBUG|######## fieldToCheck: Id
12:36:05.6 (181884794)|ENTERING_MANAGED_PKG|
12:36:05.6 (187094142)|HEAP_ALLOCATE|[192]|Bytes:8
12:36:05.6 (187122507)|STATEMENT_EXECUTE|[192]
12:36:05.6 (187125335)|STATEMENT_EXECUTE|[199]
12:36:05.6 (187129388)|HEAP_ALLOCATE|[199]|Bytes:35
12:36:05.6 (187138061)|HEAP_ALLOCATE|[199]|Bytes:37
12:36:05.6 (187148721)|ENTERING_MANAGED_PKG|
12:36:05.6 (187168382)|USER_DEBUG|[199]|DEBUG|######## User has access to field: Id
12:36:05.6 (187185098)|HEAP_ALLOCATE|[189]|Bytes:5
12:36:05.6 (187198115)|VARIABLE_SCOPE_BEGIN|[189]|fieldToCheck|String|false|false
12:36:05.6 (187209236)|VARIABLE_ASSIGNMENT|[189]|fieldToCheck|"ContentDocumentId"
12:36:05.6 (187212546)|STATEMENT_EXECUTE|[189]
12:36:05.6 (187213840)|STATEMENT_EXECUTE|[190]
12:36:05.6 (187219775)|HEAP_ALLOCATE|[190]|Bytes:40
12:36:05.6 (187227384)|ENTERING_MANAGED_PKG|
12:36:05.6 (187233138)|USER_DEBUG|[190]|DEBUG|######## fieldToCheck: ContentDocumentId
12:36:05.6 (187242019)|ENTERING_MANAGED_PKG|
12:36:05.6 (187432785)|HEAP_ALLOCATE|[192]|Bytes:8
12:36:05.6 (187447771)|STATEMENT_EXECUTE|[192]
12:36:05.6 (187449647)|STATEMENT_EXECUTE|[199]
12:36:05.6 (187455638)|HEAP_ALLOCATE|[199]|Bytes:52
12:36:05.6 (187463191)|ENTERING_MANAGED_PKG|
12:36:05.6 (187470128)|USER_DEBUG|[199]|DEBUG|######## User has access to field: ContentDocumentId
12:36:05.6 (187483998)|HEAP_ALLOCATE|[189]|Bytes:5
12:36:05.6 (187495741)|VARIABLE_SCOPE_BEGIN|[189]|fieldToCheck|String|false|false
12:36:05.6 (187505988)|VARIABLE_ASSIGNMENT|[189]|fieldToCheck|"IsDeleted"
12:36:05.6 (187509105)|STATEMENT_EXECUTE|[189]
12:36:05.6 (187510310)|STATEMENT_EXECUTE|[190]
12:36:05.6 (187515522)|HEAP_ALLOCATE|[190]|Bytes:32
12:36:05.6 (187522640)|ENTERING_MANAGED_PKG|
12:36:05.6 (187529875)|USER_DEBUG|[190]|DEBUG|######## fieldToCheck: IsDeleted
12:36:05.6 (187540743)|ENTERING_MANAGED_PKG|
12:36:05.6 (187653453)|HEAP_ALLOCATE|[192]|Bytes:8
12:36:05.6 (187667642)|STATEMENT_EXECUTE|[192]
12:36:05.6 (187669471)|STATEMENT_EXECUTE|[199]
12:36:05.6 (187675220)|HEAP_ALLOCATE|[199]|Bytes:44
12:36:05.6 (187682516)|ENTERING_MANAGED_PKG|
12:36:05.6 (187688987)|USER_DEBUG|[199]|DEBUG|######## User has access to field: IsDeleted
12:36:05.6 (187702540)|HEAP_ALLOCATE|[189]|Bytes:5
12:36:05.6 (187713686)|VARIABLE_SCOPE_BEGIN|[189]|fieldToCheck|String|false|false
12:36:05.6 (187723652)|VARIABLE_ASSIGNMENT|[189]|fieldToCheck|"LinkedEntityId"
12:36:05.6 (187726852)|STATEMENT_EXECUTE|[189]
12:36:05.6 (187727964)|STATEMENT_EXECUTE|[190]
12:36:05.6 (187732939)|HEAP_ALLOCATE|[190]|Bytes:37
12:36:05.6 (187739729)|ENTERING_MANAGED_PKG|
12:36:05.6 (187745156)|USER_DEBUG|[190]|DEBUG|######## fieldToCheck: LinkedEntityId
12:36:05.6 (187758979)|ENTERING_MANAGED_PKG|
12:36:05.6 (190435192)|HEAP_ALLOCATE|[192]|Bytes:8
12:36:05.6 (190454706)|STATEMENT_EXECUTE|[192]
12:36:05.6 (190457101)|STATEMENT_EXECUTE|[199]
12:36:05.6 (190463860)|HEAP_ALLOCATE|[199]|Bytes:49
12:36:05.6 (190472483)|ENTERING_MANAGED_PKG|
12:36:05.6 (190479708)|USER_DEBUG|[199]|DEBUG|######## User has access to field: LinkedEntityId
12:36:05.6 (190494725)|HEAP_ALLOCATE|[189]|Bytes:5
12:36:05.6 (190507397)|VARIABLE_SCOPE_BEGIN|[189]|fieldToCheck|String|false|false
12:36:05.6 (190518115)|VARIABLE_ASSIGNMENT|[189]|fieldToCheck|"ShareType"
12:36:05.6 (190521378)|STATEMENT_EXECUTE|[189]
12:36:05.6 (190523086)|STATEMENT_EXECUTE|[190]
12:36:05.6 (190528679)|HEAP_ALLOCATE|[190]|Bytes:32
12:36:05.6 (190536111)|ENTERING_MANAGED_PKG|
12:36:05.6 (190541918)|USER_DEBUG|[190]|DEBUG|######## fieldToCheck: ShareType
12:36:05.6 (190550396)|ENTERING_MANAGED_PKG|
12:36:05.6 (190673173)|HEAP_ALLOCATE|[192]|Bytes:8
12:36:05.6 (190687545)|STATEMENT_EXECUTE|[192]
12:36:05.6 (190689404)|STATEMENT_EXECUTE|[199]
12:36:05.6 (190695210)|HEAP_ALLOCATE|[199]|Bytes:44
12:36:05.6 (190702608)|ENTERING_MANAGED_PKG|
12:36:05.6 (190709232)|USER_DEBUG|[199]|DEBUG|######## User has access to field: ShareType
12:36:05.6 (190722692)|HEAP_ALLOCATE|[189]|Bytes:5
12:36:05.6 (190734037)|VARIABLE_SCOPE_BEGIN|[189]|fieldToCheck|String|false|false
12:36:05.6 (190744633)|VARIABLE_ASSIGNMENT|[189]|fieldToCheck|"SystemModstamp"
12:36:05.6 (190747792)|STATEMENT_EXECUTE|[189]
12:36:05.6 (190749065)|STATEMENT_EXECUTE|[190]
12:36:05.6 (190754147)|HEAP_ALLOCATE|[190]|Bytes:37
12:36:05.6 (190760968)|ENTERING_MANAGED_PKG|
12:36:05.6 (190766866)|USER_DEBUG|[190]|DEBUG|######## fieldToCheck: SystemModstamp
12:36:05.6 (190774917)|ENTERING_MANAGED_PKG|
12:36:05.6 (190889302)|HEAP_ALLOCATE|[192]|Bytes:8
12:36:05.6 (190903281)|STATEMENT_EXECUTE|[192]
12:36:05.6 (190905074)|STATEMENT_EXECUTE|[199]
12:36:05.6 (190910765)|HEAP_ALLOCATE|[199]|Bytes:49
12:36:05.6 (190917793)|ENTERING_MANAGED_PKG|
12:36:05.6 (190924223)|USER_DEBUG|[199]|DEBUG|######## User has access to field: SystemModstamp
12:36:05.6 (190937619)|HEAP_ALLOCATE|[189]|Bytes:5
12:36:05.6 (190948765)|VARIABLE_SCOPE_BEGIN|[189]|fieldToCheck|String|false|false
12:36:05.6 (190958850)|VARIABLE_ASSIGNMENT|[189]|fieldToCheck|"Visibility"
12:36:05.6 (190961862)|STATEMENT_EXECUTE|[189]
12:36:05.6 (190962953)|STATEMENT_EXECUTE|[190]
12:36:05.6 (190967882)|HEAP_ALLOCATE|[190]|Bytes:33
12:36:05.6 (190974675)|ENTERING_MANAGED_PKG|
12:36:05.6 (190979838)|USER_DEBUG|[190]|DEBUG|######## fieldToCheck: Visibility
12:36:05.6 (190987594)|ENTERING_MANAGED_PKG|
12:36:05.6 (191099585)|HEAP_ALLOCATE|[192]|Bytes:8
12:36:05.6 (191114526)|STATEMENT_EXECUTE|[192]
12:36:05.6 (191116235)|STATEMENT_EXECUTE|[199]
12:36:05.6 (191121903)|HEAP_ALLOCATE|[199]|Bytes:45
12:36:05.6 (191128924)|ENTERING_MANAGED_PKG|
12:36:05.6 (191135290)|USER_DEBUG|[199]|DEBUG|######## User has access to field: Visibility
12:36:05.6 (191148404)|HEAP_ALLOCATE|[189]|Bytes:5
12:36:05.6 (191160204)|VARIABLE_ASSIGNMENT|[189]|fieldToCheck|null
12:36:05.6 (191169255)|HEAP_ALLOCATE|[182]|Bytes:5
12:36:05.6 (191177423)|VARIABLE_ASSIGNMENT|[182]|objectName|null
12:36:05.6 (191181263)|STATEMENT_EXECUTE|[206]
12:36:05.6 (191184257)|HEAP_ALLOCATE|[206]|Bytes:5
12:36:05.6 (191196936)|METHOD_EXIT|[74]|01pB0000000ljzx|testautonumdata.Sparkle_Helper.UserHasAccessToObjectsAndFields(Map<String,Set<String>>)
12:36:05.6 (191200962)|STATEMENT_EXECUTE|[75]
12:36:05.6 (191270013)|ENTERING_MANAGED_PKG|
12:36:05.6 (191409342)|HEAP_ALLOCATE|[77]|Bytes:5
12:36:05.6 (191440760)|HEAP_ALLOCATE|[77]|Bytes:40
12:36:05.6 (191458479)|VARIABLE_SCOPE_BEGIN|[77]|e|SObject|true|false
12:36:05.6 (191607617)|VARIABLE_ASSIGNMENT|[77]|e|{"s":1,"v":{"ContentDocumentId":"069B0000000zbmmIAA","Id":"06AB0000000xmryMAA","IsDeleted":false,"LinkedEntityId":"a0MB0000000cQXFMA2","ShareType":"V","SystemModstamp":"2016-05-23T15:46:04.000Z","Visibility":"InternalUsers","entityTypeName":"Custom Object Record","ContentDocument":{"s":2,"v":{"Title":"ResumeTemplate 1","FileType":"WORD","CreatedDate":"2016-05-23T15:46:04.000Z","FileExtension":"doc","ContentSize":29696,"Id":"069B0000000zbmmIAA"}}}}|0x1082ba11
12:36:05.6 (191615037)|STATEMENT_EXECUTE|[78]
12:36:05.6 (191616492)|STATEMENT_EXECUTE|[79]
12:36:05.6 (191620777)|HEAP_ALLOCATE|[79]|Bytes:12
12:36:05.6 (191640678)|ENTERING_MANAGED_PKG|
12:36:05.6 (191730015)|HEAP_ALLOCATE|[79]|Bytes:208
12:36:05.6 (191747699)|HEAP_ALLOCATE|[79]|Bytes:220
12:36:05.6 (191756919)|ENTERING_MANAGED_PKG|
12:36:05.6 (191763447)|USER_DEBUG|[79]|DEBUG|######## e: ContentDocumentLink:{ContentDocumentId=069B0000000zbmmIAA, Id=06AB0000000xmryMAA, IsDeleted=false, LinkedEntityId=a0MB0000000cQXFMA2, ShareType=V, SystemModstamp=2016-05-23 15:46:04, Visibility=InternalUsers}
12:36:05.6 (191770179)|STATEMENT_EXECUTE|[80]
12:36:05.6 (191789201)|HEAP_ALLOCATE|[80]|Bytes:24
12:36:05.6 (191808276)|CONSTRUCTOR_ENTRY|[80]|01pB0000000rehC|<init>()
12:36:05.6 (191858888)|VARIABLE_SCOPE_BEGIN|[1]|this|testautonumdata.FilesViewerServerController|true|false
12:36:05.6 (191933800)|VARIABLE_ASSIGNMENT|[1]|this|{}|0x17e57f5f
12:36:05.6 (191942904)|HEAP_ALLOCATE|[EXTERNAL]|Bytes:5
12:36:05.6 (191958610)|HEAP_ALLOCATE|[EXTERNAL]|Bytes:6
12:36:05.6 (191992250)|STATEMENT_EXECUTE|[1]
12:36:05.6 (191997468)|HEAP_ALLOCATE|[EXTERNAL]|Bytes:5
12:36:05.6 (191999872)|STATEMENT_EXECUTE|[6]
12:36:05.6 (192001096)|STATEMENT_EXECUTE|[8]
12:36:05.6 (192002971)|STATEMENT_EXECUTE|[10]
12:36:05.6 (192004025)|STATEMENT_EXECUTE|[12]
12:36:05.6 (192004878)|STATEMENT_EXECUTE|[14]
12:36:05.6 (192015425)|CONSTRUCTOR_EXIT|[80]|01pB0000000rehC|<init>()
12:36:05.6 (192019775)|VARIABLE_SCOPE_BEGIN|[80]|i|testautonumdata.FilesViewerServerController|true|false
12:36:05.6 (192041538)|VARIABLE_ASSIGNMENT|[80]|i|{}|0x17e57f5f
12:36:05.6 (192044236)|STATEMENT_EXECUTE|[83]
12:36:05.6 (192062366)|METHOD_ENTRY|[83]|01pB0000000ljzx|testautonumdata.Sparkle_Helper.GetSobjectField(SObject, String)
12:36:05.6 (192082597)|VARIABLE_SCOPE_BEGIN|[78]|e|SObject|true|false
12:36:05.6 (192179290)|VARIABLE_ASSIGNMENT|[78]|e|{"s":1,"v":{"ContentDocumentId":"069B0000000zbmmIAA","Id":"06AB0000000xmryMAA","IsDeleted":false,"LinkedEntityId":"a0MB0000000cQXFMA2","ShareType":"V","SystemModstamp":"2016-05-23T15:46:04.000Z","Visibility":"InternalUsers","entityTypeName":"Custom Object Record","ContentDocument":{"s":2,"v":{"Title":"ResumeTemplate 1","FileType":"WORD","CreatedDate":"2016-05-23T15:46:04.000Z","FileExtension":"doc","ContentSize":29696,"Id":"069B0000000zbmmIAA"}}}}|0x1082ba11
12:36:05.6 (192188489)|VARIABLE_SCOPE_BEGIN|[78]|lcfield|String|false|false
12:36:05.6 (192194894)|VARIABLE_ASSIGNMENT|[78]|lcfield|"ContentDocumentId"
12:36:05.6 (192203995)|HEAP_ALLOCATE|[81]|Bytes:5
12:36:05.6 (192208398)|STATEMENT_EXECUTE|[79]
12:36:05.6 (192209558)|STATEMENT_EXECUTE|[81]
12:36:05.6 (192213973)|VARIABLE_SCOPE_BEGIN|[81]|returnValue|String|false|false
12:36:05.6 (192220124)|VARIABLE_ASSIGNMENT|[81]|returnValue|""
12:36:05.6 (192236079)|ENTERING_MANAGED_PKG|
12:36:05.6 (192274163)|STATEMENT_EXECUTE|[98]
12:36:05.6 (192287938)|ENTERING_MANAGED_PKG|
12:36:05.6 (192344786)|HEAP_ALLOCATE|[98]|Bytes:4
12:36:05.6 (192364757)|ENTERING_MANAGED_PKG|
12:36:05.6 (192369383)|HEAP_ALLOCATE|[98]|Bytes:18
12:36:05.6 (192381365)|VARIABLE_ASSIGNMENT|[98]|returnValue|"069B0000000zbmmIAA"
12:36:05.6 (192384449)|STATEMENT_EXECUTE|[100]
12:36:05.6 (192392550)|METHOD_EXIT|[83]|01pB0000000ljzx|testautonumdata.Sparkle_Helper.GetSobjectField(SObject, String)
12:36:05.6 (192432382)|VARIABLE_ASSIGNMENT|[EXTERNAL]|this|{}|0x17e57f5f
12:36:05.6 (192440215)|VARIABLE_ASSIGNMENT|[EXTERNAL]|value|"069B0000000zbmmIAA"
12:36:05.6 (192451132)|VARIABLE_ASSIGNMENT|[6]|this.fileID|"069B0000000zbmmIAA"|0x17e57f5f
12:36:05.6 (192457859)|STATEMENT_EXECUTE|[84]
12:36:05.6 (192461605)|HEAP_ALLOCATE|[84]|Bytes:21
12:36:05.6 (192469331)|METHOD_ENTRY|[84]|01pB0000000ljzx|testautonumdata.Sparkle_Helper.GetSobjectField(SObject, String)
12:36:05.6 (192482744)|VARIABLE_SCOPE_BEGIN|[78]|e|SObject|true|false
12:36:05.6 (192585092)|VARIABLE_ASSIGNMENT|[78]|e|{"s":1,"v":{"ContentDocumentId":"069B0000000zbmmIAA","Id":"06AB0000000xmryMAA","IsDeleted":false,"LinkedEntityId":"a0MB0000000cQXFMA2","ShareType":"V","SystemModstamp":"2016-05-23T15:46:04.000Z","Visibility":"InternalUsers","entityTypeName":"Custom Object Record","ContentDocument":{"s":2,"v":{"Title":"ResumeTemplate 1","FileType":"WORD","CreatedDate":"2016-05-23T15:46:04.000Z","FileExtension":"doc","ContentSize":29696,"Id":"069B0000000zbmmIAA"}}}}|0x1082ba11
12:36:05.6 (192593538)|VARIABLE_SCOPE_BEGIN|[78]|lcfield|String|false|false
12:36:05.6 (192603935)|VARIABLE_ASSIGNMENT|[78]|lcfield|"ContentDocument.Titl (1 more) ..."
12:36:05.6 (192612830)|HEAP_ALLOCATE|[81]|Bytes:5
12:36:05.6 (192617175)|STATEMENT_EXECUTE|[79]
12:36:05.6 (192618291)|STATEMENT_EXECUTE|[81]
12:36:05.6 (192622308)|VARIABLE_SCOPE_BEGIN|[81]|returnValue|String|false|false
12:36:05.6 (192628456)|VARIABLE_ASSIGNMENT|[81]|returnValue|""
12:36:05.6 (192641993)|ENTERING_MANAGED_PKG|
12:36:05.6 (192650478)|STATEMENT_EXECUTE|[84]
12:36:05.6 (192651933)|STATEMENT_EXECUTE|[85]
12:36:05.6 (192660312)|ENTERING_MANAGED_PKG|
12:36:05.6 (192685950)|HEAP_ALLOCATE|[85]|Bytes:15
12:36:05.6 (192697598)|VARIABLE_SCOPE_BEGIN|[85]|relName|String|false|false
12:36:05.6 (192706634)|VARIABLE_ASSIGNMENT|[85]|relName|"ContentDocument"
12:36:05.6 (192709593)|STATEMENT_EXECUTE|[86]
12:36:05.6 (192720062)|ENTERING_MANAGED_PKG|
12:36:05.6 (192741597)|HEAP_ALLOCATE|[86]|Bytes:5
12:36:05.6 (192752656)|VARIABLE_SCOPE_BEGIN|[86]|relField|String|false|false
12:36:05.6 (192760936)|VARIABLE_ASSIGNMENT|[86]|relField|"Title"
12:36:05.6 (192770826)|ENTERING_MANAGED_PKG|
12:36:05.6 (192797388)|STATEMENT_EXECUTE|[94]
12:36:05.6 (192810103)|ENTERING_MANAGED_PKG|
12:36:05.6 (192883854)|HEAP_ALLOCATE|[94]|Bytes:28
12:36:05.6 (192903475)|ENTERING_MANAGED_PKG|
12:36:05.6 (192929674)|HEAP_ALLOCATE|[94]|Bytes:16
12:36:05.6 (192945072)|ENTERING_MANAGED_PKG|
12:36:05.6 (192948153)|HEAP_ALLOCATE|[94]|Bytes:16
12:36:05.6 (192959714)|VARIABLE_ASSIGNMENT|[94]|returnValue|"ResumeTemplate 1"
12:36:05.6 (192963015)|STATEMENT_EXECUTE|[100]
12:36:05.6 (192970614)|METHOD_EXIT|[84]|01pB0000000ljzx|testautonumdata.Sparkle_Helper.GetSobjectField(SObject, String)
12:36:05.6 (193013680)|VARIABLE_ASSIGNMENT|[EXTERNAL]|this|{"fileID":"069B0000000zbmmIAA"}|0x17e57f5f
12:36:05.6 (193022064)|VARIABLE_ASSIGNMENT|[EXTERNAL]|value|"ResumeTemplate 1"
12:36:05.6 (193030809)|VARIABLE_ASSIGNMENT|[8]|this.fileName|"ResumeTemplate 1"|0x17e57f5f
12:36:05.6 (193037569)|STATEMENT_EXECUTE|[85]
12:36:05.6 (193041663)|HEAP_ALLOCATE|[85]|Bytes:27
12:36:05.6 (193052025)|METHOD_ENTRY|[85]|01pB0000000ljzx|testautonumdata.Sparkle_Helper.GetSobjectField(SObject, String)
12:36:05.6 (193065392)|VARIABLE_SCOPE_BEGIN|[78]|e|SObject|true|false
12:36:05.6 (193159670)|VARIABLE_ASSIGNMENT|[78]|e|{"s":1,"v":{"ContentDocumentId":"069B0000000zbmmIAA","Id":"06AB0000000xmryMAA","IsDeleted":false,"LinkedEntityId":"a0MB0000000cQXFMA2","ShareType":"V","SystemModstamp":"2016-05-23T15:46:04.000Z","Visibility":"InternalUsers","entityTypeName":"Custom Object Record","ContentDocument":{"s":2,"v":{"Title":"ResumeTemplate 1","FileType":"WORD","CreatedDate":"2016-05-23T15:46:04.000Z","FileExtension":"doc","ContentSize":29696,"Id":"069B0000000zbmmIAA"}}}}|0x1082ba11
12:36:05.6 (193165663)|VARIABLE_SCOPE_BEGIN|[78]|lcfield|String|false|false
12:36:05.6 (193172277)|VARIABLE_ASSIGNMENT|[78]|lcfield|"ContentDocument.Crea (7 more) ..."
12:36:05.6 (193180582)|HEAP_ALLOCATE|[81]|Bytes:5
12:36:05.6 (193184622)|STATEMENT_EXECUTE|[79]
12:36:05.6 (193185721)|STATEMENT_EXECUTE|[81]
12:36:05.6 (193189770)|VARIABLE_SCOPE_BEGIN|[81]|returnValue|String|false|false
12:36:05.6 (193195642)|VARIABLE_ASSIGNMENT|[81]|returnValue|""
12:36:05.6 (193208755)|ENTERING_MANAGED_PKG|
12:36:05.6 (193216845)|STATEMENT_EXECUTE|[84]
12:36:05.6 (193218158)|STATEMENT_EXECUTE|[85]
12:36:05.6 (193224274)|ENTERING_MANAGED_PKG|
12:36:05.6 (193227468)|HEAP_ALLOCATE|[85]|Bytes:15
12:36:05.6 (193234706)|VARIABLE_SCOPE_BEGIN|[85]|relName|String|false|false
12:36:05.6 (193241927)|VARIABLE_ASSIGNMENT|[85]|relName|"ContentDocument"
12:36:05.6 (193244556)|STATEMENT_EXECUTE|[86]
12:36:05.6 (193252594)|ENTERING_MANAGED_PKG|
12:36:05.6 (193255787)|HEAP_ALLOCATE|[86]|Bytes:11
12:36:05.6 (193262929)|VARIABLE_SCOPE_BEGIN|[86]|relField|String|false|false
12:36:05.6 (193269160)|VARIABLE_ASSIGNMENT|[86]|relField|"CreatedDate"
12:36:05.6 (193276887)|ENTERING_MANAGED_PKG|
12:36:05.6 (193283720)|STATEMENT_EXECUTE|[94]
12:36:05.6 (193290134)|ENTERING_MANAGED_PKG|
12:36:05.6 (193315570)|HEAP_ALLOCATE|[94]|Bytes:28
12:36:05.6 (193330896)|ENTERING_MANAGED_PKG|
12:36:05.6 (193360196)|HEAP_ALLOCATE|[94]|Bytes:56
12:36:05.6 (193375108)|ENTERING_MANAGED_PKG|
12:36:05.6 (193382460)|HEAP_ALLOCATE|[94]|Bytes:19
12:36:05.6 (193395085)|VARIABLE_ASSIGNMENT|[94]|returnValue|"2016-05-23 15:46:04"
12:36:05.6 (193398244)|STATEMENT_EXECUTE|[100]
12:36:05.6 (193405755)|METHOD_EXIT|[85]|01pB0000000ljzx|testautonumdata.Sparkle_Helper.GetSobjectField(SObject, String)
12:36:05.6 (193448877)|VARIABLE_ASSIGNMENT|[EXTERNAL]|this|{"fileID":"069B0000000zbmmIAA","fileName":"ResumeTemplate 1"}|0x17e57f5f
12:36:05.6 (193456354)|VARIABLE_ASSIGNMENT|[EXTERNAL]|value|"2016-05-23 15:46:04"
12:36:05.6 (193464327)|VARIABLE_ASSIGNMENT|[10]|this.fileCreatedDate|"2016-05-23 15:46:04"|0x17e57f5f
12:36:05.6 (193470656)|STATEMENT_EXECUTE|[86]
12:36:05.6 (193474497)|HEAP_ALLOCATE|[86]|Bytes:29
12:36:05.6 (193481799)|METHOD_ENTRY|[86]|01pB0000000ljzx|testautonumdata.Sparkle_Helper.GetSobjectField(SObject, String)
12:36:05.6 (193494915)|VARIABLE_SCOPE_BEGIN|[78]|e|SObject|true|false
12:36:05.6 (193586851)|VARIABLE_ASSIGNMENT|[78]|e|{"s":1,"v":{"ContentDocumentId":"069B0000000zbmmIAA","Id":"06AB0000000xmryMAA","IsDeleted":false,"LinkedEntityId":"a0MB0000000cQXFMA2","ShareType":"V","SystemModstamp":"2016-05-23T15:46:04.000Z","Visibility":"InternalUsers","entityTypeName":"Custom Object Record","ContentDocument":{"s":2,"v":{"Title":"ResumeTemplate 1","FileType":"WORD","CreatedDate":"2016-05-23T15:46:04.000Z","FileExtension":"doc","ContentSize":29696,"Id":"069B0000000zbmmIAA"}}}}|0x1082ba11
12:36:05.6 (193593050)|VARIABLE_SCOPE_BEGIN|[78]|lcfield|String|false|false
12:36:05.6 (193599782)|VARIABLE_ASSIGNMENT|[78]|lcfield|"ContentDocument.File (9 more) ..."
12:36:05.6 (193608171)|HEAP_ALLOCATE|[81]|Bytes:5
12:36:05.6 (193612423)|STATEMENT_EXECUTE|[79]
12:36:05.6 (193613524)|STATEMENT_EXECUTE|[81]
12:36:05.6 (193617180)|VARIABLE_SCOPE_BEGIN|[81]|returnValue|String|false|false
12:36:05.6 (193622623)|VARIABLE_ASSIGNMENT|[81]|returnValue|""
12:36:05.6 (193635623)|ENTERING_MANAGED_PKG|
12:36:05.6 (193643692)|STATEMENT_EXECUTE|[84]
12:36:05.6 (193645014)|STATEMENT_EXECUTE|[85]
12:36:05.6 (193651328)|ENTERING_MANAGED_PKG|
12:36:05.6 (193654536)|HEAP_ALLOCATE|[85]|Bytes:15
12:36:05.6 (193661640)|VARIABLE_SCOPE_BEGIN|[85]|relName|String|false|false
12:36:05.6 (193668787)|VARIABLE_ASSIGNMENT|[85]|relName|"ContentDocument"
12:36:05.6 (193671137)|STATEMENT_EXECUTE|[86]
12:36:05.6 (193679110)|ENTERING_MANAGED_PKG|
12:36:05.6 (193682265)|HEAP_ALLOCATE|[86]|Bytes:13
12:36:05.6 (193689427)|VARIABLE_SCOPE_BEGIN|[86]|relField|String|false|false
12:36:05.6 (193695641)|VARIABLE_ASSIGNMENT|[86]|relField|"FileExtension"
12:36:05.6 (193703136)|ENTERING_MANAGED_PKG|
12:36:05.6 (193709891)|STATEMENT_EXECUTE|[94]
12:36:05.6 (193716271)|ENTERING_MANAGED_PKG|
12:36:05.6 (193741567)|HEAP_ALLOCATE|[94]|Bytes:28
12:36:05.6 (193756873)|ENTERING_MANAGED_PKG|
12:36:05.6 (193775625)|HEAP_ALLOCATE|[94]|Bytes:3
12:36:05.6 (193788754)|ENTERING_MANAGED_PKG|
12:36:05.6 (193791673)|HEAP_ALLOCATE|[94]|Bytes:3
12:36:05.6 (193802457)|VARIABLE_ASSIGNMENT|[94]|returnValue|"doc"
12:36:05.6 (193805507)|STATEMENT_EXECUTE|[100]
12:36:05.6 (193812429)|METHOD_EXIT|[86]|01pB0000000ljzx|testautonumdata.Sparkle_Helper.GetSobjectField(SObject, String)
12:36:05.6 (193855847)|VARIABLE_ASSIGNMENT|[EXTERNAL]|this|{"fileCreatedDate":"2016-05-23 15:46:04","fileID":"069B0000000zbmmIAA","fileName":"ResumeTemplate 1"}|0x17e57f5f
12:36:05.6 (193867043)|VARIABLE_ASSIGNMENT|[EXTERNAL]|value|"doc"
12:36:05.6 (193875046)|VARIABLE_ASSIGNMENT|[12]|this.fileExtension|"doc"|0x17e57f5f
12:36:05.6 (193936220)|VARIABLE_ASSIGNMENT|[EXTERNAL]|this|{"fileCreatedDate":"2016-05-23 15:46:04","fileExtension":"doc","fileID":"069B0000000zbmmIAA","fileName":"ResumeTemplate 1"}|0x17e57f5f
12:36:05.6 (193949098)|HEAP_ALLOCATE|[87]|Bytes:3
12:36:05.6 (193966656)|ENTERING_MANAGED_PKG|
12:36:05.6 (193975667)|STATEMENT_EXECUTE|[88]
12:36:05.6 (193978588)|HEAP_ALLOCATE|[88]|Bytes:4
12:36:05.6 (194026584)|VARIABLE_ASSIGNMENT|[EXTERNAL]|this|{"fileCreatedDate":"2016-05-23 15:46:04","fileExtension":"doc","fileID":"069B0000000zbmmIAA","fileName":"ResumeTemplate 1"}|0x17e57f5f
12:36:05.6 (194032786)|VARIABLE_ASSIGNMENT|[EXTERNAL]|value|"word"
12:36:05.6 (194039270)|VARIABLE_ASSIGNMENT|[12]|this.fileExtension|"word"|0x17e57f5f
12:36:05.6 (194045818)|STATEMENT_EXECUTE|[89]
12:36:05.6 (194049071)|HEAP_ALLOCATE|[89]|Bytes:27
12:36:05.6 (194056549)|METHOD_ENTRY|[89]|01pB0000000ljzx|testautonumdata.Sparkle_Helper.GetSobjectField(SObject, String)
12:36:05.6 (194068517)|VARIABLE_SCOPE_BEGIN|[78]|e|SObject|true|false
12:36:05.6 (194160545)|VARIABLE_ASSIGNMENT|[78]|e|{"s":1,"v":{"ContentDocumentId":"069B0000000zbmmIAA","Id":"06AB0000000xmryMAA","IsDeleted":false,"LinkedEntityId":"a0MB0000000cQXFMA2","ShareType":"V","SystemModstamp":"2016-05-23T15:46:04.000Z","Visibility":"InternalUsers","entityTypeName":"Custom Object Record","ContentDocument":{"s":2,"v":{"Title":"ResumeTemplate 1","FileType":"WORD","CreatedDate":"2016-05-23T15:46:04.000Z","FileExtension":"doc","ContentSize":29696,"Id":"069B0000000zbmmIAA"}}}}|0x1082ba11
12:36:05.6 (194166696)|VARIABLE_SCOPE_BEGIN|[78]|lcfield|String|false|false
12:36:05.6 (194172977)|VARIABLE_ASSIGNMENT|[78]|lcfield|"ContentDocument.Cont (7 more) ..."
12:36:05.6 (194181482)|HEAP_ALLOCATE|[81]|Bytes:5
12:36:05.6 (194185444)|STATEMENT_EXECUTE|[79]
12:36:05.6 (194186625)|STATEMENT_EXECUTE|[81]
12:36:05.6 (194190301)|VARIABLE_SCOPE_BEGIN|[81]|returnValue|String|false|false
12:36:05.6 (194195797)|VARIABLE_ASSIGNMENT|[81]|returnValue|""
12:36:05.6 (194208714)|ENTERING_MANAGED_PKG|
12:36:05.6 (194216806)|STATEMENT_EXECUTE|[84]
12:36:05.6 (194218097)|STATEMENT_EXECUTE|[85]
12:36:05.6 (194224380)|ENTERING_MANAGED_PKG|
12:36:05.6 (194227663)|HEAP_ALLOCATE|[85]|Bytes:15
12:36:05.6 (194234711)|VARIABLE_SCOPE_BEGIN|[85]|relName|String|false|false
12:36:05.6 (194241677)|VARIABLE_ASSIGNMENT|[85]|relName|"ContentDocument"
12:36:05.6 (194244057)|STATEMENT_EXECUTE|[86]
12:36:05.6 (194251988)|ENTERING_MANAGED_PKG|
12:36:05.6 (194255099)|HEAP_ALLOCATE|[86]|Bytes:11
12:36:05.6 (194262256)|VARIABLE_SCOPE_BEGIN|[86]|relField|String|false|false
12:36:05.6 (194268667)|VARIABLE_ASSIGNMENT|[86]|relField|"ContentSize"
12:36:05.6 (194276306)|ENTERING_MANAGED_PKG|
12:36:05.6 (194283181)|STATEMENT_EXECUTE|[94]
12:36:05.6 (194289581)|ENTERING_MANAGED_PKG|
12:36:05.6 (194314904)|HEAP_ALLOCATE|[94]|Bytes:28
12:36:05.6 (194330247)|ENTERING_MANAGED_PKG|
12:36:05.6 (194365830)|ENTERING_MANAGED_PKG|
12:36:05.6 (194370331)|HEAP_ALLOCATE|[94]|Bytes:5
12:36:05.6 (194381918)|VARIABLE_ASSIGNMENT|[94]|returnValue|"29696"
12:36:05.6 (194385300)|STATEMENT_EXECUTE|[100]
12:36:05.6 (194392560)|METHOD_EXIT|[89]|01pB0000000ljzx|testautonumdata.Sparkle_Helper.GetSobjectField(SObject, String)
12:36:05.6 (194436159)|VARIABLE_ASSIGNMENT|[EXTERNAL]|this|{"fileCreatedDate":"2016-05-23 15:46:04","fileExtension":"word","fileID":"069B0000000zbmmIAA","fileName":"ResumeTemplate 1"}|0x17e57f5f
12:36:05.6 (194443563)|VARIABLE_ASSIGNMENT|[EXTERNAL]|value|"29696"
12:36:05.6 (194451850)|VARIABLE_ASSIGNMENT|[14]|this.fileSize|"29696"|0x17e57f5f
12:36:05.6 (194457994)|STATEMENT_EXECUTE|[92]
12:36:05.6 (194469668)|ENTERING_MANAGED_PKG|
12:36:05.6 (194502151)|HEAP_ALLOCATE|[EXTERNAL]|Bytes:4
12:36:05.6 (194511607)|STATEMENT_EXECUTE|[94]
12:36:05.6 (194514843)|HEAP_ALLOCATE|[94]|Bytes:12
12:36:05.6 (194528446)|ENTERING_MANAGED_PKG|
12:36:05.6 (194595336)|HEAP_ALLOCATE|[94]|Bytes:285
12:36:05.6 (194612296)|HEAP_ALLOCATE|[94]|Bytes:297
12:36:05.6 (194621910)|ENTERING_MANAGED_PKG|
12:36:05.6 (194628399)|USER_DEBUG|[94]|DEBUG|######## i: FilesViewerServerController:[fileCreatedDate=2016-05-23 15:46:04, fileExtension=word, fileID=069B0000000zbmmIAA, fileName=ResumeTemplate 1, fileSize=29696, mapObjectsFields={ContentDocumentLink={ContentDocumentId, Id, IsDeleted, LinkedEntityId, ShareType, SystemModstamp, Visibility}}]
12:36:05.6 (194643898)|HEAP_ALLOCATE|[77]|Bytes:5
12:36:05.6 (194668476)|HEAP_ALLOCATE|[77]|Bytes:40
12:36:05.6 (194682757)|VARIABLE_SCOPE_BEGIN|[77]|e|SObject|true|false
12:36:05.6 (194779312)|VARIABLE_ASSIGNMENT|[77]|e|{"s":1,"v":{"ContentDocumentId":"069B0000000zbmhIAA","Id":"06AB0000000xmrtMAA","IsDeleted":false,"LinkedEntityId":"a0MB0000000cQXFMA2","ShareType":"V","SystemModstamp":"2016-05-23T15:46:04.000Z","Visibility":"InternalUsers","entityTypeName":"Custom Object Record","ContentDocument":{"s":2,"v":{"Title":"ResumeTemplate 1","FileType":"PDF","CreatedDate":"2016-05-23T15:46:03.000Z","FileExtension":"pdf","ContentSize":48077,"Id":"069B0000000zbmhIAA"}}}}|0x453d23eb
12:36:05.6 (194785327)|STATEMENT_EXECUTE|[78]
12:36:05.6 (194786659)|STATEMENT_EXECUTE|[79]
12:36:05.6 (194801304)|ENTERING_MANAGED_PKG|
12:36:05.6 (194859456)|HEAP_ALLOCATE|[79]|Bytes:208
12:36:05.6 (194874857)|HEAP_ALLOCATE|[79]|Bytes:220
12:36:05.6 (194881339)|ENTERING_MANAGED_PKG|
12:36:05.6 (194887748)|USER_DEBUG|[79]|DEBUG|######## e: ContentDocumentLink:{ContentDocumentId=069B0000000zbmhIAA, Id=06AB0000000xmrtMAA, IsDeleted=false, LinkedEntityId=a0MB0000000cQXFMA2, ShareType=V, SystemModstamp=2016-05-23 15:46:04, Visibility=InternalUsers}
12:36:05.6 (194894243)|STATEMENT_EXECUTE|[80]
12:36:05.6 (194898922)|HEAP_ALLOCATE|[80]|Bytes:24
12:36:05.6 (194908118)|CONSTRUCTOR_ENTRY|[80]|01pB0000000rehC|<init>()
12:36:05.6 (194921866)|VARIABLE_SCOPE_BEGIN|[1]|this|testautonumdata.FilesViewerServerController|true|false
12:36:05.6 (194945900)|VARIABLE_ASSIGNMENT|[1]|this|{}|0x2c3190e0
12:36:05.6 (194953374)|HEAP_ALLOCATE|[EXTERNAL]|Bytes:5
12:36:05.6 (194968931)|STATEMENT_EXECUTE|[1]
12:36:05.6 (194972480)|HEAP_ALLOCATE|[EXTERNAL]|Bytes:5
12:36:05.6 (194974382)|STATEMENT_EXECUTE|[6]
12:36:05.6 (194975509)|STATEMENT_EXECUTE|[8]
12:36:05.6 (194976415)|STATEMENT_EXECUTE|[10]
12:36:05.6 (194977288)|STATEMENT_EXECUTE|[12]
12:36:05.6 (194978217)|STATEMENT_EXECUTE|[14]
12:36:05.6 (194987776)|CONSTRUCTOR_EXIT|[80]|01pB0000000rehC|<init>()
12:36:05.6 (194991935)|VARIABLE_SCOPE_BEGIN|[80]|i|testautonumdata.FilesViewerServerController|true|false
12:36:05.6 (195010762)|VARIABLE_ASSIGNMENT|[80]|i|{}|0x2c3190e0
12:36:05.6 (195014308)|STATEMENT_EXECUTE|[83]
12:36:05.6 (195022009)|METHOD_ENTRY|[83]|01pB0000000ljzx|testautonumdata.Sparkle_Helper.GetSobjectField(SObject, String)
12:36:05.6 (195026058)|VARIABLE_SCOPE_BEGIN|[78]|e|SObject|true|false
12:36:05.6 (195116866)|VARIABLE_ASSIGNMENT|[78]|e|{"s":1,"v":{"ContentDocumentId":"069B0000000zbmhIAA","Id":"06AB0000000xmrtMAA","IsDeleted":false,"LinkedEntityId":"a0MB0000000cQXFMA2","ShareType":"V","SystemModstamp":"2016-05-23T15:46:04.000Z","Visibility":"InternalUsers","entityTypeName":"Custom Object Record","ContentDocument":{"s":2,"v":{"Title":"ResumeTemplate 1","FileType":"PDF","CreatedDate":"2016-05-23T15:46:03.000Z","FileExtension":"pdf","ContentSize":48077,"Id":"069B0000000zbmhIAA"}}}}|0x453d23eb
12:36:05.6 (195122646)|VARIABLE_SCOPE_BEGIN|[78]|lcfield|String|false|false
12:36:05.6 (195128395)|VARIABLE_ASSIGNMENT|[78]|lcfield|"ContentDocumentId"
12:36:05.6 (195136368)|HEAP_ALLOCATE|[81]|Bytes:5
12:36:05.6 (195140363)|STATEMENT_EXECUTE|[79]
12:36:05.6 (195141779)|STATEMENT_EXECUTE|[81]
12:36:05.6 (195145630)|VARIABLE_SCOPE_BEGIN|[81]|returnValue|String|false|false
12:36:05.6 (195151048)|VARIABLE_ASSIGNMENT|[81]|returnValue|""
12:36:05.6 (195164233)|ENTERING_MANAGED_PKG|
12:36:05.6 (195172311)|STATEMENT_EXECUTE|[98]
12:36:05.6 (195179105)|ENTERING_MANAGED_PKG|
12:36:05.6 (195203297)|HEAP_ALLOCATE|[98]|Bytes:4
12:36:05.6 (195217742)|ENTERING_MANAGED_PKG|
12:36:05.6 (195221575)|HEAP_ALLOCATE|[98]|Bytes:18
12:36:05.6 (195233000)|VARIABLE_ASSIGNMENT|[98]|returnValue|"069B0000000zbmhIAA"
12:36:05.6 (195235821)|STATEMENT_EXECUTE|[100]
12:36:05.6 (195243146)|METHOD_EXIT|[83]|01pB0000000ljzx|testautonumdata.Sparkle_Helper.GetSobjectField(SObject, String)
12:36:05.6 (195266990)|VARIABLE_ASSIGNMENT|[EXTERNAL]|this|{}|0x2c3190e0
12:36:05.6 (195272195)|VARIABLE_ASSIGNMENT|[EXTERNAL]|value|"069B0000000zbmhIAA"
12:36:05.6 (195278732)|VARIABLE_ASSIGNMENT|[6]|this.fileID|"069B0000000zbmhIAA"|0x2c3190e0
12:36:05.6 (195284417)|STATEMENT_EXECUTE|[84]
12:36:05.6 (195289461)|METHOD_ENTRY|[84]|01pB0000000ljzx|testautonumdata.Sparkle_Helper.GetSobjectField(SObject, String)
12:36:05.6 (195292757)|VARIABLE_SCOPE_BEGIN|[78]|e|SObject|true|false
12:36:05.6 (195387738)|VARIABLE_ASSIGNMENT|[78]|e|{"s":1,"v":{"ContentDocumentId":"069B0000000zbmhIAA","Id":"06AB0000000xmrtMAA","IsDeleted":false,"LinkedEntityId":"a0MB0000000cQXFMA2","ShareType":"V","SystemModstamp":"2016-05-23T15:46:04.000Z","Visibility":"InternalUsers","entityTypeName":"Custom Object Record","ContentDocument":{"s":2,"v":{"Title":"ResumeTemplate 1","FileType":"PDF","CreatedDate":"2016-05-23T15:46:03.000Z","FileExtension":"pdf","ContentSize":48077,"Id":"069B0000000zbmhIAA"}}}}|0x453d23eb
12:36:05.6 (195394024)|VARIABLE_SCOPE_BEGIN|[78]|lcfield|String|false|false
12:36:05.6 (195400602)|VARIABLE_ASSIGNMENT|[78]|lcfield|"ContentDocument.Titl (1 more) ..."
12:36:05.6 (195408786)|HEAP_ALLOCATE|[81]|Bytes:5
12:36:05.6 (195412741)|STATEMENT_EXECUTE|[79]
12:36:05.6 (195413862)|STATEMENT_EXECUTE|[81]
12:36:05.6 (195417400)|VARIABLE_SCOPE_BEGIN|[81]|returnValue|String|false|false
12:36:05.6 (195422634)|VARIABLE_ASSIGNMENT|[81]|returnValue|""
12:36:05.6 (195435526)|ENTERING_MANAGED_PKG|
12:36:05.6 (195443481)|STATEMENT_EXECUTE|[84]
12:36:05.6 (195444957)|STATEMENT_EXECUTE|[85]
12:36:05.6 (195451509)|ENTERING_MANAGED_PKG|
12:36:05.6 (195454747)|HEAP_ALLOCATE|[85]|Bytes:15
12:36:05.6 (195462014)|VARIABLE_SCOPE_BEGIN|[85]|relName|String|false|false
12:36:05.6 (195468876)|VARIABLE_ASSIGNMENT|[85]|relName|"ContentDocument"
12:36:05.6 (195471183)|STATEMENT_EXECUTE|[86]
12:36:05.6 (195479007)|ENTERING_MANAGED_PKG|
12:36:05.6 (195482182)|HEAP_ALLOCATE|[86]|Bytes:5
12:36:05.6 (195489186)|VARIABLE_SCOPE_BEGIN|[86]|relField|String|false|false
12:36:05.6 (195495324)|VARIABLE_ASSIGNMENT|[86]|relField|"Title"
12:36:05.6 (195503009)|ENTERING_MANAGED_PKG|
12:36:05.6 (195509801)|STATEMENT_EXECUTE|[94]
12:36:05.6 (195516149)|ENTERING_MANAGED_PKG|
12:36:05.6 (195545860)|HEAP_ALLOCATE|[94]|Bytes:28
12:36:05.6 (195561747)|ENTERING_MANAGED_PKG|
12:36:05.6 (195582746)|HEAP_ALLOCATE|[94]|Bytes:16
12:36:05.6 (195596523)|ENTERING_MANAGED_PKG|
12:36:05.6 (195599499)|HEAP_ALLOCATE|[94]|Bytes:16
12:36:05.6 (195610539)|VARIABLE_ASSIGNMENT|[94]|returnValue|"ResumeTemplate 1"
12:36:05.6 (195613754)|STATEMENT_EXECUTE|[100]
12:36:05.6 (195620789)|METHOD_EXIT|[84]|01pB0000000ljzx|testautonumdata.Sparkle_Helper.GetSobjectField(SObject, String)
12:36:05.6 (195646632)|VARIABLE_ASSIGNMENT|[EXTERNAL]|this|{"fileID":"069B0000000zbmhIAA"}|0x2c3190e0
12:36:05.6 (195651360)|VARIABLE_ASSIGNMENT|[EXTERNAL]|value|"ResumeTemplate 1"
12:36:05.6 (195657878)|VARIABLE_ASSIGNMENT|[8]|this.fileName|"ResumeTemplate 1"|0x2c3190e0
12:36:05.6 (195663550)|STATEMENT_EXECUTE|[85]
12:36:05.6 (195668574)|METHOD_ENTRY|[85]|01pB0000000ljzx|testautonumdata.Sparkle_Helper.GetSobjectField(SObject, String)
12:36:05.6 (195671647)|VARIABLE_SCOPE_BEGIN|[78]|e|SObject|true|false
12:36:05.6 (195769976)|VARIABLE_ASSIGNMENT|[78]|e|{"s":1,"v":{"ContentDocumentId":"069B0000000zbmhIAA","Id":"06AB0000000xmrtMAA","IsDeleted":false,"LinkedEntityId":"a0MB0000000cQXFMA2","ShareType":"V","SystemModstamp":"2016-05-23T15:46:04.000Z","Visibility":"InternalUsers","entityTypeName":"Custom Object Record","ContentDocument":{"s":2,"v":{"Title":"ResumeTemplate 1","FileType":"PDF","CreatedDate":"2016-05-23T15:46:03.000Z","FileExtension":"pdf","ContentSize":48077,"Id":"069B0000000zbmhIAA"}}}}|0x453d23eb
12:36:05.6 (195775839)|VARIABLE_SCOPE_BEGIN|[78]|lcfield|String|false|false
12:36:05.6 (195782635)|VARIABLE_ASSIGNMENT|[78]|lcfield|"ContentDocument.Crea (7 more) ..."
12:36:05.6 (195790977)|HEAP_ALLOCATE|[81]|Bytes:5
12:36:05.6 (195794935)|STATEMENT_EXECUTE|[79]
12:36:05.6 (195796044)|STATEMENT_EXECUTE|[81]
12:36:05.6 (195799764)|VARIABLE_SCOPE_BEGIN|[81]|returnValue|String|false|false
12:36:05.6 (195805386)|VARIABLE_ASSIGNMENT|[81]|returnValue|""
12:36:05.6 (195818466)|ENTERING_MANAGED_PKG|
12:36:05.6 (195826552)|STATEMENT_EXECUTE|[84]
12:36:05.6 (195827886)|STATEMENT_EXECUTE|[85]
12:36:05.6 (195834219)|ENTERING_MANAGED_PKG|
12:36:05.6 (195837350)|HEAP_ALLOCATE|[85]|Bytes:15
12:36:05.6 (195845811)|VARIABLE_SCOPE_BEGIN|[85]|relName|String|false|false
12:36:05.6 (195852947)|VARIABLE_ASSIGNMENT|[85]|relName|"ContentDocument"
12:36:05.6 (195855232)|STATEMENT_EXECUTE|[86]
12:36:05.6 (195863295)|ENTERING_MANAGED_PKG|
12:36:05.6 (195866443)|HEAP_ALLOCATE|[86]|Bytes:11
12:36:05.6 (195873565)|VARIABLE_SCOPE_BEGIN|[86]|relField|String|false|false
12:36:05.6 (195879809)|VARIABLE_ASSIGNMENT|[86]|relField|"CreatedDate"
12:36:05.6 (195887988)|ENTERING_MANAGED_PKG|
12:36:05.6 (195894718)|STATEMENT_EXECUTE|[94]
12:36:05.6 (195901092)|ENTERING_MANAGED_PKG|
12:36:05.6 (195925661)|HEAP_ALLOCATE|[94]|Bytes:28
12:36:05.6 (195940701)|ENTERING_MANAGED_PKG|
12:36:05.6 (195959972)|HEAP_ALLOCATE|[94]|Bytes:56
12:36:05.6 (195973713)|ENTERING_MANAGED_PKG|
12:36:05.6 (195981773)|HEAP_ALLOCATE|[94]|Bytes:19
12:36:05.6 (195994184)|VARIABLE_ASSIGNMENT|[94]|returnValue|"2016-05-23 15:46:03"
12:36:05.6 (195997612)|STATEMENT_EXECUTE|[100]
12:36:05.6 (196004676)|METHOD_EXIT|[85]|01pB0000000ljzx|testautonumdata.Sparkle_Helper.GetSobjectField(SObject, String)
12:36:05.6 (196032893)|VARIABLE_ASSIGNMENT|[EXTERNAL]|this|{"fileID":"069B0000000zbmhIAA","fileName":"ResumeTemplate 1"}|0x2c3190e0
12:36:05.6 (196037856)|VARIABLE_ASSIGNMENT|[EXTERNAL]|value|"2016-05-23 15:46:03"
12:36:05.6 (196044072)|VARIABLE_ASSIGNMENT|[10]|this.fileCreatedDate|"2016-05-23 15:46:03"|0x2c3190e0
12:36:05.6 (196049736)|STATEMENT_EXECUTE|[86]
12:36:05.6 (196054836)|METHOD_ENTRY|[86]|01pB0000000ljzx|testautonumdata.Sparkle_Helper.GetSobjectField(SObject, String)
12:36:05.6 (196058157)|VARIABLE_SCOPE_BEGIN|[78]|e|SObject|true|false
12:36:05.6 (196146486)|VARIABLE_ASSIGNMENT|[78]|e|{"s":1,"v":{"ContentDocumentId":"069B0000000zbmhIAA","Id":"06AB0000000xmrtMAA","IsDeleted":false,"LinkedEntityId":"a0MB0000000cQXFMA2","ShareType":"V","SystemModstamp":"2016-05-23T15:46:04.000Z","Visibility":"InternalUsers","entityTypeName":"Custom Object Record","ContentDocument":{"s":2,"v":{"Title":"ResumeTemplate 1","FileType":"PDF","CreatedDate":"2016-05-23T15:46:03.000Z","FileExtension":"pdf","ContentSize":48077,"Id":"069B0000000zbmhIAA"}}}}|0x453d23eb
12:36:05.6 (196152549)|VARIABLE_SCOPE_BEGIN|[78]|lcfield|String|false|false
12:36:05.6 (196158956)|VARIABLE_ASSIGNMENT|[78]|lcfield|"ContentDocument.File (9 more) ..."
12:36:05.6 (196166883)|HEAP_ALLOCATE|[81]|Bytes:5
12:36:05.6 (196170851)|STATEMENT_EXECUTE|[79]
12:36:05.6 (196171957)|STATEMENT_EXECUTE|[81]
12:36:05.6 (196175859)|VARIABLE_SCOPE_BEGIN|[81]|returnValue|String|false|false
12:36:05.6 (196181466)|VARIABLE_ASSIGNMENT|[81]|returnValue|""
12:36:05.6 (196194658)|ENTERING_MANAGED_PKG|
12:36:05.6 (196202467)|STATEMENT_EXECUTE|[84]
12:36:05.6 (196203733)|STATEMENT_EXECUTE|[85]
12:36:05.6 (196210662)|ENTERING_MANAGED_PKG|
12:36:05.6 (196213849)|HEAP_ALLOCATE|[85]|Bytes:15
12:36:05.6 (196221030)|VARIABLE_SCOPE_BEGIN|[85]|relName|String|false|false
12:36:05.6 (196227886)|VARIABLE_ASSIGNMENT|[85]|relName|"ContentDocument"
12:36:05.6 (196230520)|STATEMENT_EXECUTE|[86]
12:36:05.6 (196238432)|ENTERING_MANAGED_PKG|
12:36:05.6 (196241590)|HEAP_ALLOCATE|[86]|Bytes:13
12:36:05.6 (196248645)|VARIABLE_SCOPE_BEGIN|[86]|relField|String|false|false
12:36:05.6 (196254886)|VARIABLE_ASSIGNMENT|[86]|relField|"FileExtension"
12:36:05.6 (196262521)|ENTERING_MANAGED_PKG|
12:36:05.6 (196269124)|STATEMENT_EXECUTE|[94]
12:36:05.6 (196275503)|ENTERING_MANAGED_PKG|
12:36:05.6 (196300185)|HEAP_ALLOCATE|[94]|Bytes:28
12:36:05.6 (196315331)|ENTERING_MANAGED_PKG|
12:36:05.6 (196331342)|HEAP_ALLOCATE|[94]|Bytes:3
12:36:05.6 (196349057)|ENTERING_MANAGED_PKG|
12:36:05.6 (196352448)|HEAP_ALLOCATE|[94]|Bytes:3
12:36:05.6 (196363310)|VARIABLE_ASSIGNMENT|[94]|returnValue|"pdf"
12:36:05.6 (196366338)|STATEMENT_EXECUTE|[100]
12:36:05.6 (196373819)|METHOD_EXIT|[86]|01pB0000000ljzx|testautonumdata.Sparkle_Helper.GetSobjectField(SObject, String)
12:36:05.6 (196401715)|VARIABLE_ASSIGNMENT|[EXTERNAL]|this|{"fileCreatedDate":"2016-05-23 15:46:03","fileID":"069B0000000zbmhIAA","fileName":"ResumeTemplate 1"}|0x2c3190e0
12:36:05.6 (196406694)|VARIABLE_ASSIGNMENT|[EXTERNAL]|value|"pdf"
12:36:05.6 (196412693)|VARIABLE_ASSIGNMENT|[12]|this.fileExtension|"pdf"|0x2c3190e0
12:36:05.6 (196437225)|VARIABLE_ASSIGNMENT|[EXTERNAL]|this|{"fileCreatedDate":"2016-05-23 15:46:03","fileExtension":"pdf","fileID":"069B0000000zbmhIAA","fileName":"ResumeTemplate 1"}|0x2c3190e0
12:36:05.6 (196452759)|ENTERING_MANAGED_PKG|
12:36:05.6 (196460740)|STATEMENT_EXECUTE|[87]
12:36:05.6 (196462287)|STATEMENT_EXECUTE|[89]
12:36:05.6 (196466544)|METHOD_ENTRY|[89]|01pB0000000ljzx|testautonumdata.Sparkle_Helper.GetSobjectField(SObject, String)
12:36:05.6 (196469957)|VARIABLE_SCOPE_BEGIN|[78]|e|SObject|true|false
12:36:05.6 (196570273)|VARIABLE_ASSIGNMENT|[78]|e|{"s":1,"v":{"ContentDocumentId":"069B0000000zbmhIAA","Id":"06AB0000000xmrtMAA","IsDeleted":false,"LinkedEntityId":"a0MB0000000cQXFMA2","ShareType":"V","SystemModstamp":"2016-05-23T15:46:04.000Z","Visibility":"InternalUsers","entityTypeName":"Custom Object Record","ContentDocument":{"s":2,"v":{"Title":"ResumeTemplate 1","FileType":"PDF","CreatedDate":"2016-05-23T15:46:03.000Z","FileExtension":"pdf","ContentSize":48077,"Id":"069B0000000zbmhIAA"}}}}|0x453d23eb
12:36:05.6 (196576387)|VARIABLE_SCOPE_BEGIN|[78]|lcfield|String|false|false
12:36:05.6 (196583022)|VARIABLE_ASSIGNMENT|[78]|lcfield|"ContentDocument.Cont (7 more) ..."
12:36:05.6 (196591011)|HEAP_ALLOCATE|[81]|Bytes:5
12:36:05.6 (196594963)|STATEMENT_EXECUTE|[79]
12:36:05.6 (196596211)|STATEMENT_EXECUTE|[81]
12:36:05.6 (196599881)|VARIABLE_SCOPE_BEGIN|[81]|returnValue|String|false|false
12:36:05.6 (196605244)|VARIABLE_ASSIGNMENT|[81]|returnValue|""
12:36:05.6 (196617814)|ENTERING_MANAGED_PKG|
12:36:05.6 (196625681)|STATEMENT_EXECUTE|[84]
12:36:05.6 (196626998)|STATEMENT_EXECUTE|[85]
12:36:05.6 (196633096)|ENTERING_MANAGED_PKG|
12:36:05.6 (196636282)|HEAP_ALLOCATE|[85]|Bytes:15
12:36:05.6 (196643414)|VARIABLE_SCOPE_BEGIN|[85]|relName|String|false|false
12:36:05.6 (196650139)|VARIABLE_ASSIGNMENT|[85]|relName|"ContentDocument"
12:36:05.6 (196652505)|STATEMENT_EXECUTE|[86]
12:36:05.6 (196660504)|ENTERING_MANAGED_PKG|
12:36:05.6 (196663545)|HEAP_ALLOCATE|[86]|Bytes:11
12:36:05.6 (196670497)|VARIABLE_SCOPE_BEGIN|[86]|relField|String|false|false
12:36:05.6 (196676694)|VARIABLE_ASSIGNMENT|[86]|relField|"ContentSize"
12:36:05.6 (196684241)|ENTERING_MANAGED_PKG|
12:36:05.6 (196690936)|STATEMENT_EXECUTE|[94]
12:36:05.6 (196697226)|ENTERING_MANAGED_PKG|
12:36:05.6 (196721589)|HEAP_ALLOCATE|[94]|Bytes:28
12:36:05.6 (196736907)|ENTERING_MANAGED_PKG|
12:36:05.6 (196762512)|ENTERING_MANAGED_PKG|
12:36:05.6 (196766505)|HEAP_ALLOCATE|[94]|Bytes:5
12:36:05.6 (196777703)|VARIABLE_ASSIGNMENT|[94]|returnValue|"48077"
12:36:05.6 (196780698)|STATEMENT_EXECUTE|[100]
12:36:05.6 (196787619)|METHOD_EXIT|[89]|01pB0000000ljzx|testautonumdata.Sparkle_Helper.GetSobjectField(SObject, String)
12:36:05.6 (196816550)|VARIABLE_ASSIGNMENT|[EXTERNAL]|this|{"fileCreatedDate":"2016-05-23 15:46:03","fileExtension":"pdf","fileID":"069B0000000zbmhIAA","fileName":"ResumeTemplate 1"}|0x2c3190e0
12:36:05.6 (196821424)|VARIABLE_ASSIGNMENT|[EXTERNAL]|value|"48077"
12:36:05.6 (196828385)|VARIABLE_ASSIGNMENT|[14]|this.fileSize|"48077"|0x2c3190e0
12:36:05.6 (196834088)|STATEMENT_EXECUTE|[92]
12:36:05.6 (196839835)|ENTERING_MANAGED_PKG|
12:36:05.6 (196847391)|HEAP_ALLOCATE|[EXTERNAL]|Bytes:4
12:36:05.6 (196853718)|STATEMENT_EXECUTE|[94]
12:36:05.6 (196864566)|ENTERING_MANAGED_PKG|
12:36:05.6 (196901760)|HEAP_ALLOCATE|[94]|Bytes:284
12:36:05.6 (196916680)|HEAP_ALLOCATE|[94]|Bytes:296
12:36:05.6 (196923811)|ENTERING_MANAGED_PKG|
12:36:05.6 (196930111)|USER_DEBUG|[94]|DEBUG|######## i: FilesViewerServerController:[fileCreatedDate=2016-05-23 15:46:03, fileExtension=pdf, fileID=069B0000000zbmhIAA, fileName=ResumeTemplate 1, fileSize=48077, mapObjectsFields={ContentDocumentLink={ContentDocumentId, Id, IsDeleted, LinkedEntityId, ShareType, SystemModstamp, Visibility}}]
12:36:05.6 (196944842)|HEAP_ALLOCATE|[77]|Bytes:5
12:36:05.6 (196956800)|VARIABLE_ASSIGNMENT|[77]|e|null|
12:36:05.6 (196960225)|STATEMENT_EXECUTE|[99]
12:36:05.6 (196963130)|HEAP_ALLOCATE|[99]|Bytes:57
12:36:05.6 (196976440)|ENTERING_MANAGED_PKG|
12:36:05.6 (197053009)|HEAP_ALLOCATE|[99]|Bytes:478
12:36:05.6 (197070809)|HEAP_ALLOCATE|[99]|Bytes:535
12:36:05.6 (197079652)|ENTERING_MANAGED_PKG|
12:36:05.6 (197085771)|USER_DEBUG|[99]|DEBUG|######## FilesViewerServerController - lstReturnRecords: (FilesViewerServerController:[fileCreatedDate=2016-05-23 15:46:04, fileExtension=word, fileID=069B0000000zbmmIAA, fileName=ResumeTemplate 1, fileSize=29696, mapObjectsFields={ContentDocumentLink={ContentDocumentId, Id, IsDeleted, LinkedEntityId, ShareType, SystemModstamp, Visibility}}], FilesViewerServerController:[fileCreatedDate=2016-05-23 15:46:03, fileExtension=pdf, fileID=069B0000000zbmhIAA, fileName=ResumeTemplate 1, fileSize=48077, mapObjectsFields=(already output)])
12:36:05.6 (197094489)|STATEMENT_EXECUTE|[101]
12:36:05.6 (197107915)|SYSTEM_MODE_EXIT|false
12:36:05.197 (197165125)|CUMULATIVE_LIMIT_USAGE
12:36:05.197 (197165125)|LIMIT_USAGE_FOR_NS|(default)|
  Number of SOQL queries: 0 out of 100
  Number of query rows: 0 out of 50000
  Number of SOSL queries: 0 out of 20
  Number of DML statements: 0 out of 150
  Number of DML rows: 0 out of 10000
  Maximum CPU time: 0 out of 10000
  Maximum heap size: 0 out of 6000000
  Number of callouts: 0 out of 100
  Number of Email Invocations: 0 out of 10
  Number of future calls: 0 out of 50
  Number of queueable jobs added to the queue: 0 out of 50
  Number of Mobile Apex push calls: 0 out of 10

12:36:05.197 (197165125)|LIMIT_USAGE_FOR_NS|testautonumdata|
  Number of SOQL queries: 1 out of 100
  Number of query rows: 2 out of 50000
  Number of SOSL queries: 0 out of 20
  Number of DML statements: 0 out of 150
  Number of DML rows: 0 out of 10000
  Maximum CPU time: 0 out of 10000
  Maximum heap size: 0 out of 6000000
  Number of callouts: 0 out of 100
  Number of Email Invocations: 0 out of 10
  Number of future calls: 0 out of 50
  Number of queueable jobs added to the queue: 0 out of 50
  Number of Mobile Apex push calls: 0 out of 10

12:36:05.197 (197165125)|CUMULATIVE_LIMIT_USAGE_END

12:36:05.199 (199076724)|CODE_UNIT_STARTED|[EXTERNAL]|Aura
12:36:05.200 (200364031)|CODE_UNIT_STARTED|[EXTERNAL]|Aura
