38.0 APEX_CODE,FINEST;APEX_PROFILING,INFO;CALLOUT,INFO;DB,INFO;SYSTEM,DEBUG;VALIDATION,INFO;VISUALFORCE,INFO;WORKFLOW,INFO
09:19:02.0 (102420)|USER_INFO|[EXTERNAL]|005B0000001VpZR|rreboucas-yi5c@force.com|Pacific Standard Time|GMT-07:00
09:19:02.2 (2256781)|CODE_UNIT_STARTED|[EXTERNAL]|01pB0000000lc07|ListServerController.getListRecords
09:19:02.2 (2311984)|VARIABLE_SCOPE_BEGIN|[3]|ListServerController.mapObjectsFields|Map<String,Set<String>>|true|true
09:19:02.2 (2383821)|HEAP_ALLOCATE|[EXTERNAL]|Bytes:180
09:19:02.2 (2392822)|HEAP_ALLOCATE|[EXTERNAL]|Bytes:22
09:19:02.2 (2396342)|HEAP_ALLOCATE|[EXTERNAL]|Bytes:27
09:19:02.2 (2415274)|METHOD_ENTRY|[1]|01pB0000000lc07|ListServerController.ListServerController()
09:19:02.2 (2420020)|STATEMENT_EXECUTE|[1]
09:19:02.2 (2427311)|STATEMENT_EXECUTE|[1]
09:19:02.2 (2464191)|HEAP_ALLOCATE|[50]|Bytes:5
09:19:02.2 (2491873)|HEAP_ALLOCATE|[56]|Bytes:5
09:19:02.2 (2501481)|HEAP_ALLOCATE|[64]|Bytes:7
09:19:02.2 (2528420)|SYSTEM_MODE_ENTER|false
09:19:02.2 (2550476)|HEAP_ALLOCATE|[3]|Bytes:5
09:19:02.2 (2555238)|STATEMENT_EXECUTE|[3]
09:19:02.2 (2589735)|VARIABLE_ASSIGNMENT|[3]|ListServerController.mapObjectsFields|null|
09:19:02.2 (2598383)|SYSTEM_MODE_EXIT|false
09:19:02.2 (2609919)|METHOD_EXIT|[1]|ListServerController
09:19:02.2 (2615556)|HEAP_ALLOCATE|[EXTERNAL]|Bytes:1
09:19:02.2 (2617549)|HEAP_ALLOCATE|[EXTERNAL]|Bytes:7
09:19:02.2 (2618983)|HEAP_ALLOCATE|[EXTERNAL]|Bytes:2
09:19:02.2 (2620230)|HEAP_ALLOCATE|[EXTERNAL]|Bytes:4
09:19:02.2 (2621607)|HEAP_ALLOCATE|[EXTERNAL]|Bytes:4
09:19:02.2 (2630790)|SYSTEM_MODE_ENTER|false
09:19:02.2 (2638022)|VARIABLE_SCOPE_BEGIN|[23]|rowsLimit|String|false|false
09:19:02.2 (2646404)|VARIABLE_ASSIGNMENT|[23]|rowsLimit|"8"
09:19:02.2 (2648739)|VARIABLE_SCOPE_BEGIN|[23]|objectApiName|String|false|false
09:19:02.2 (2651825)|VARIABLE_ASSIGNMENT|[23]|objectApiName|"Account"
09:19:02.2 (2653617)|VARIABLE_SCOPE_BEGIN|[23]|filter1Field|String|false|false
09:19:02.2 (2656556)|VARIABLE_ASSIGNMENT|[23]|filter1Field|null
09:19:02.2 (2658264)|VARIABLE_SCOPE_BEGIN|[23]|filter1Value|String|false|false
09:19:02.2 (2660476)|VARIABLE_ASSIGNMENT|[23]|filter1Value|null
09:19:02.2 (2661958)|VARIABLE_SCOPE_BEGIN|[23]|eventField|String|false|false
09:19:02.2 (2664578)|VARIABLE_ASSIGNMENT|[23]|eventField|"Id"
09:19:02.2 (2666279)|VARIABLE_SCOPE_BEGIN|[23]|column1|String|false|false
09:19:02.2 (2668782)|VARIABLE_ASSIGNMENT|[23]|column1|"Name"
09:19:02.2 (2670417)|VARIABLE_SCOPE_BEGIN|[23]|column2|String|false|false
09:19:02.2 (2672547)|VARIABLE_ASSIGNMENT|[23]|column2|null
09:19:02.2 (2674577)|VARIABLE_SCOPE_BEGIN|[23]|column3|String|false|false
09:19:02.2 (2676796)|VARIABLE_ASSIGNMENT|[23]|column3|null
09:19:02.2 (2678462)|VARIABLE_SCOPE_BEGIN|[23]|column4|String|false|false
09:19:02.2 (2680499)|VARIABLE_ASSIGNMENT|[23]|column4|null
09:19:02.2 (2681925)|VARIABLE_SCOPE_BEGIN|[23]|sortField|String|false|false
09:19:02.2 (2684344)|VARIABLE_ASSIGNMENT|[23]|sortField|"Name"
09:19:02.2 (2685918)|VARIABLE_SCOPE_BEGIN|[23]|sortDirection|String|false|false
09:19:02.2 (2688347)|VARIABLE_ASSIGNMENT|[23]|sortDirection|null
09:19:02.2 (2702156)|HEAP_ALLOCATE|[25]|Bytes:5
09:19:02.2 (2706286)|STATEMENT_EXECUTE|[23]
09:19:02.2 (2707621)|STATEMENT_EXECUTE|[25]
09:19:02.2 (2710444)|HEAP_ALLOCATE|[25]|Bytes:20
09:19:02.2 (2725045)|HEAP_ALLOCATE|[25]|Bytes:21
09:19:02.2 (2753384)|ENTERING_MANAGED_PKG|
09:19:02.2 (2787449)|USER_DEBUG|[25]|DEBUG|######## rowsLimit: 8
09:19:02.2 (2796063)|STATEMENT_EXECUTE|[26]
09:19:02.2 (2799834)|HEAP_ALLOCATE|[26]|Bytes:24
09:19:02.2 (2806409)|HEAP_ALLOCATE|[26]|Bytes:31
09:19:02.2 (2814271)|ENTERING_MANAGED_PKG|
09:19:02.2 (2824294)|USER_DEBUG|[26]|DEBUG|######## objectApiName: Account
09:19:02.2 (2829282)|STATEMENT_EXECUTE|[29]
09:19:02.2 (2836872)|HEAP_ALLOCATE|[29]|Bytes:4
09:19:02.2 (2871681)|VARIABLE_ASSIGNMENT|[29]|ListServerController.mapObjectsFields|{"s":1,"v":{}}|0x74d70aed
09:19:02.2 (2875317)|STATEMENT_EXECUTE|[31]
09:19:02.2 (2878643)|HEAP_ALLOCATE|[31]|Bytes:2
09:19:02.2 (2997769)|HEAP_ALLOCATE|[31]|Bytes:19
09:19:02.2 (3003907)|HEAP_ALLOCATE|[31]|Bytes:28
09:19:02.2 (3015469)|METHOD_ENTRY|[1]|01pB0000000ljzx|Sparkle_Helper.Sparkle_Helper()
09:19:02.2 (3018322)|STATEMENT_EXECUTE|[1]
09:19:02.2 (3021485)|STATEMENT_EXECUTE|[1]
09:19:02.2 (3027931)|HEAP_ALLOCATE|[31]|Bytes:5
09:19:02.2 (3040805)|METHOD_EXIT|[1]|Sparkle_Helper
09:19:02.2 (3062381)|METHOD_ENTRY|[31]|01pB0000000ljzx|testautonumdata.Sparkle_Helper.AddFieldToObjectsMap(String, String, Map<String,Set<String>>)
09:19:02.2 (3079324)|VARIABLE_SCOPE_BEGIN|[107]|fieldName|String|false|false
09:19:02.2 (3086632)|VARIABLE_ASSIGNMENT|[107]|fieldName|"Id"
09:19:02.2 (3088756)|VARIABLE_SCOPE_BEGIN|[107]|initialObjectName|String|false|false
09:19:02.2 (3092073)|VARIABLE_ASSIGNMENT|[107]|initialObjectName|"Account"
09:19:02.2 (3094016)|VARIABLE_SCOPE_BEGIN|[107]|theMap|Map<String,Set<String>>|true|false
09:19:02.2 (3104520)|VARIABLE_ASSIGNMENT|[107]|theMap|{"s":1,"v":{}}|0x74d70aed
09:19:02.2 (3112817)|HEAP_ALLOCATE|[109]|Bytes:5
09:19:02.2 (3117137)|STATEMENT_EXECUTE|[108]
09:19:02.2 (3120037)|HEAP_ALLOCATE|[109]|Bytes:1
09:19:02.2 (3139037)|ENTERING_MANAGED_PKG|
09:19:02.2 (3179922)|STATEMENT_EXECUTE|[150]
09:19:02.2 (3191365)|METHOD_ENTRY|[150]|01pB0000000ljzx|testautonumdata.Sparkle_Helper.AddFieldToMap(String, String, Map<String,Set<String>>)
09:19:02.2 (3204320)|VARIABLE_SCOPE_BEGIN|[157]|fieldName|String|false|false
09:19:02.2 (3210142)|VARIABLE_ASSIGNMENT|[157]|fieldName|"Id"
09:19:02.2 (3212079)|VARIABLE_SCOPE_BEGIN|[157]|ObjectName|String|false|false
09:19:02.2 (3215125)|VARIABLE_ASSIGNMENT|[157]|ObjectName|"Account"
09:19:02.2 (3216815)|VARIABLE_SCOPE_BEGIN|[157]|theMap|Map<String,Set<String>>|true|false
09:19:02.2 (3225126)|VARIABLE_ASSIGNMENT|[157]|theMap|{"s":1,"v":{}}|0x74d70aed
09:19:02.2 (3233292)|HEAP_ALLOCATE|[160]|Bytes:5
09:19:02.2 (3242817)|STATEMENT_EXECUTE|[158]
09:19:02.2 (3256760)|ENTERING_MANAGED_PKG|
09:19:02.2 (3285662)|STATEMENT_EXECUTE|[167]
09:19:02.2 (3287941)|STATEMENT_EXECUTE|[168]
09:19:02.2 (3334015)|HEAP_ALLOCATE|[168]|Bytes:4
09:19:02.2 (3356681)|ENTERING_MANAGED_PKG|
09:19:02.2 (3391785)|VARIABLE_SCOPE_BEGIN|[168]|newFieldSet|Set<String>|true|false
09:19:02.2 (3432859)|VARIABLE_ASSIGNMENT|[168]|newFieldSet|{"s":1,"v":[]}|0x392dcb8a
09:19:02.2 (3436721)|STATEMENT_EXECUTE|[169]
09:19:02.2 (3448066)|ENTERING_MANAGED_PKG|
09:19:02.2 (3468222)|HEAP_ALLOCATE|[EXTERNAL]|Bytes:4
09:19:02.2 (3475892)|STATEMENT_EXECUTE|[170]
09:19:02.2 (3483375)|ENTERING_MANAGED_PKG|
09:19:02.2 (3503786)|HEAP_ALLOCATE|[EXTERNAL]|Bytes:-4
09:19:02.2 (3516302)|METHOD_EXIT|[150]|01pB0000000ljzx|testautonumdata.Sparkle_Helper.AddFieldToMap(String, String, Map<String,Set<String>>)
09:19:02.2 (3523821)|METHOD_EXIT|[31]|01pB0000000ljzx|testautonumdata.Sparkle_Helper.AddFieldToObjectsMap(String, String, Map<String,Set<String>>)
09:19:02.2 (3527387)|STATEMENT_EXECUTE|[33]
09:19:02.2 (3556900)|HEAP_ALLOCATE|[33]|Bytes:4
09:19:02.2 (3631096)|ENTERING_MANAGED_PKG|
09:19:02.2 (3652642)|VARIABLE_SCOPE_BEGIN|[33]|lstReturnRecords|List<testautonumdata.ListServerController>|true|false
09:19:02.2 (3678699)|HEAP_ALLOCATE|[EXTERNAL]|Bytes:4
09:19:02.2 (3692417)|VARIABLE_ASSIGNMENT|[33]|lstReturnRecords|{"s":1,"v":[]}|0x169b392c
09:19:02.2 (3695670)|STATEMENT_EXECUTE|[35]
09:19:02.2 (3717711)|ENTERING_MANAGED_PKG|
09:19:02.2 (3742514)|VARIABLE_SCOPE_BEGIN|[35]|rLimit|Integer|false|false
09:19:02.2 (3747263)|HEAP_ALLOCATE|[35]|Bytes:4
09:19:02.2 (3753532)|VARIABLE_ASSIGNMENT|[35]|rLimit|8
09:19:02.2 (3755992)|STATEMENT_EXECUTE|[36]
09:19:02.2 (3759440)|HEAP_ALLOCATE|[36]|Bytes:17
09:19:02.2 (3773763)|ENTERING_MANAGED_PKG|
09:19:02.2 (3792121)|HEAP_ALLOCATE|[36]|Bytes:1
09:19:02.2 (3804699)|HEAP_ALLOCATE|[36]|Bytes:18
09:19:02.2 (3813472)|ENTERING_MANAGED_PKG|
09:19:02.2 (3816457)|USER_DEBUG|[36]|DEBUG|######## rLimit: 8
09:19:02.2 (3821527)|STATEMENT_EXECUTE|[40]
09:19:02.2 (3824543)|HEAP_ALLOCATE|[40]|Bytes:9
09:19:02.2 (3827949)|VARIABLE_SCOPE_BEGIN|[40]|soql|String|false|false
09:19:02.2 (3834513)|VARIABLE_ASSIGNMENT|[40]|soql|"Select id"
09:19:02.2 (3848015)|ENTERING_MANAGED_PKG|
09:19:02.2 (3880559)|STATEMENT_EXECUTE|[42]
09:19:02.2 (3883364)|STATEMENT_EXECUTE|[49]
09:19:02.2 (3884380)|STATEMENT_EXECUTE|[50]
09:19:02.2 (3887855)|HEAP_ALLOCATE|[50]|Bytes:2
09:19:02.2 (3901425)|ENTERING_MANAGED_PKG|
09:19:02.2 (3917044)|HEAP_ALLOCATE|[50]|Bytes:4
09:19:02.2 (3929162)|HEAP_ALLOCATE|[50]|Bytes:6
09:19:02.2 (3933505)|HEAP_ALLOCATE|[50]|Bytes:15
09:19:02.2 (3940751)|VARIABLE_ASSIGNMENT|[50]|soql|"Select id, Name"
09:19:02.2 (3943327)|STATEMENT_EXECUTE|[51]
09:19:02.2 (3951588)|METHOD_ENTRY|[51]|01pB0000000ljzx|testautonumdata.Sparkle_Helper.AddFieldToObjectsMap(String, String, Map<String,Set<String>>)
09:19:02.2 (3962883)|VARIABLE_SCOPE_BEGIN|[107]|fieldName|String|false|false
09:19:02.2 (3967516)|VARIABLE_ASSIGNMENT|[107]|fieldName|"Name"
09:19:02.2 (3969120)|VARIABLE_SCOPE_BEGIN|[107]|initialObjectName|String|false|false
09:19:02.2 (3971706)|VARIABLE_ASSIGNMENT|[107]|initialObjectName|"Account"
09:19:02.2 (3973229)|VARIABLE_SCOPE_BEGIN|[107]|theMap|Map<String,Set<String>>|true|false
09:19:02.2 (3988559)|VARIABLE_ASSIGNMENT|[107]|theMap|{"s":1,"v":{"Account":{"s":2,"v":["Id"]}}}|0x74d70aed
09:19:02.2 (3997187)|HEAP_ALLOCATE|[109]|Bytes:5
09:19:02.2 (4001127)|STATEMENT_EXECUTE|[108]
09:19:02.2 (4013963)|ENTERING_MANAGED_PKG|
09:19:02.2 (4022080)|STATEMENT_EXECUTE|[150]
09:19:02.2 (4028329)|METHOD_ENTRY|[150]|01pB0000000ljzx|testautonumdata.Sparkle_Helper.AddFieldToMap(String, String, Map<String,Set<String>>)
09:19:02.2 (4032182)|VARIABLE_SCOPE_BEGIN|[157]|fieldName|String|false|false
09:19:02.2 (4036918)|VARIABLE_ASSIGNMENT|[157]|fieldName|"Name"
09:19:02.2 (4038639)|VARIABLE_SCOPE_BEGIN|[157]|ObjectName|String|false|false
09:19:02.2 (4041380)|VARIABLE_ASSIGNMENT|[157]|ObjectName|"Account"
09:19:02.2 (4042719)|VARIABLE_SCOPE_BEGIN|[157]|theMap|Map<String,Set<String>>|true|false
09:19:02.2 (4055559)|VARIABLE_ASSIGNMENT|[157]|theMap|{"s":1,"v":{"Account":{"s":2,"v":["Id"]}}}|0x74d70aed
09:19:02.2 (4062750)|HEAP_ALLOCATE|[160]|Bytes:5
09:19:02.2 (4066559)|STATEMENT_EXECUTE|[158]
09:19:02.2 (4072991)|ENTERING_MANAGED_PKG|
09:19:02.2 (4078968)|STATEMENT_EXECUTE|[161]
09:19:02.2 (4080334)|STATEMENT_EXECUTE|[162]
09:19:02.2 (4085640)|ENTERING_MANAGED_PKG|
09:19:02.2 (4116183)|VARIABLE_SCOPE_BEGIN|[162]|existingFieldSet|Set<String>|true|false
09:19:02.2 (4130362)|VARIABLE_ASSIGNMENT|[162]|existingFieldSet|{"s":1,"v":["Id"]}|0x392dcb8a
09:19:02.2 (4133674)|STATEMENT_EXECUTE|[163]
09:19:02.2 (4140285)|ENTERING_MANAGED_PKG|
09:19:02.2 (4156876)|HEAP_ALLOCATE|[EXTERNAL]|Bytes:4
09:19:02.2 (4163955)|STATEMENT_EXECUTE|[164]
09:19:02.2 (4170362)|ENTERING_MANAGED_PKG|
09:19:02.2 (4199238)|METHOD_EXIT|[150]|01pB0000000ljzx|testautonumdata.Sparkle_Helper.AddFieldToMap(String, String, Map<String,Set<String>>)
09:19:02.2 (4206408)|METHOD_EXIT|[51]|01pB0000000ljzx|testautonumdata.Sparkle_Helper.AddFieldToObjectsMap(String, String, Map<String,Set<String>>)
09:19:02.2 (4210194)|STATEMENT_EXECUTE|[53]
09:19:02.2 (4212029)|STATEMENT_EXECUTE|[58]
09:19:02.2 (4213467)|STATEMENT_EXECUTE|[63]
09:19:02.2 (4214512)|STATEMENT_EXECUTE|[69]
09:19:02.2 (4218212)|HEAP_ALLOCATE|[69]|Bytes:6
09:19:02.2 (4230467)|ENTERING_MANAGED_PKG|
09:19:02.2 (4250432)|HEAP_ALLOCATE|[69]|Bytes:7
09:19:02.2 (4264080)|HEAP_ALLOCATE|[69]|Bytes:13
09:19:02.2 (4268527)|HEAP_ALLOCATE|[69]|Bytes:28
09:19:02.2 (4277941)|VARIABLE_ASSIGNMENT|[69]|soql|"Select id, Name FROM (8 more) ..."
09:19:02.2 (4281970)|STATEMENT_EXECUTE|[72]
09:19:02.2 (4284298)|STATEMENT_EXECUTE|[78]
09:19:02.2 (4285351)|STATEMENT_EXECUTE|[84]
09:19:02.2 (4288111)|HEAP_ALLOCATE|[84]|Bytes:7
09:19:02.2 (4298010)|ENTERING_MANAGED_PKG|
09:19:02.2 (4312338)|HEAP_ALLOCATE|[84]|Bytes:1
09:19:02.2 (4324470)|HEAP_ALLOCATE|[84]|Bytes:8
09:19:02.2 (4328713)|HEAP_ALLOCATE|[84]|Bytes:36
09:19:02.2 (4336208)|VARIABLE_ASSIGNMENT|[84]|soql|"Select id, Name FROM (16 more) ..."
09:19:02.2 (4338664)|STATEMENT_EXECUTE|[88]
09:19:02.2 (4341675)|HEAP_ALLOCATE|[88]|Bytes:15
09:19:02.2 (4345879)|HEAP_ALLOCATE|[88]|Bytes:51
09:19:02.2 (4354161)|ENTERING_MANAGED_PKG|
09:19:02.2 (4366570)|USER_DEBUG|[88]|DEBUG|######## soql: Select id, Name FROM Account limit 8
09:19:02.2 (4380443)|METHOD_ENTRY|[95]|01pB0000000ljzx|testautonumdata.Sparkle_Helper.UserHasAccessToObjectsAndFields(Map<String,Set<String>>)
09:19:02.2 (4391904)|VARIABLE_SCOPE_BEGIN|[175]|theMap|Map<String,Set<String>>|true|false
09:19:02.2 (4408786)|VARIABLE_ASSIGNMENT|[175]|theMap|{"s":1,"v":{"Account":{"s":2,"v":["Id","Name"]}}}|0x74d70aed
09:19:02.2 (4418393)|HEAP_ALLOCATE|[177]|Bytes:5
09:19:02.2 (4422980)|STATEMENT_EXECUTE|[176]
09:19:02.2 (4424281)|STATEMENT_EXECUTE|[177]
09:19:02.2 (4427814)|VARIABLE_SCOPE_BEGIN|[177]|hasAccess|Boolean|false|false
09:19:02.2 (4430742)|HEAP_ALLOCATE|[177]|Bytes:5
09:19:02.2 (4435603)|VARIABLE_ASSIGNMENT|[177]|hasAccess|true
09:19:02.2 (4443716)|ENTERING_MANAGED_PKG|
09:19:02.2 (4463824)|STATEMENT_EXECUTE|[180]
09:19:02.2 (4465708)|STATEMENT_EXECUTE|[181]
09:19:02.2 (4469212)|HEAP_ALLOCATE|[181]|Bytes:17
09:19:02.2 (4482854)|ENTERING_MANAGED_PKG|
09:19:02.2 (4511219)|HEAP_ALLOCATE|[181]|Bytes:20
09:19:02.2 (4524709)|HEAP_ALLOCATE|[181]|Bytes:37
09:19:02.2 (4533176)|ENTERING_MANAGED_PKG|
09:19:02.2 (4535738)|USER_DEBUG|[181]|DEBUG|######## theMap: {Account={Id, Name}}
09:19:02.2 (4546730)|HEAP_ALLOCATE|[182]|Bytes:4
09:19:02.2 (4560067)|ENTERING_MANAGED_PKG|
09:19:02.2 (4582985)|ENTERING_MANAGED_PKG|
09:19:02.2 (4610899)|HEAP_ALLOCATE|[182]|Bytes:15
09:19:02.2 (4626873)|ENTERING_MANAGED_PKG|
09:19:02.2 (4634449)|HEAP_ALLOCATE|[182]|Bytes:4
09:19:02.2 (4641540)|ENTERING_MANAGED_PKG|
09:19:02.2 (4703377)|HEAP_ALLOCATE|[182]|Bytes:5
09:19:02.2 (4720271)|VARIABLE_SCOPE_BEGIN|[182]|objectName|String|false|false
09:19:02.2 (4727506)|VARIABLE_ASSIGNMENT|[182]|objectName|"Account"
09:19:02.2 (4730795)|STATEMENT_EXECUTE|[183]
09:19:02.2 (4732020)|STATEMENT_EXECUTE|[184]
09:19:02.2 (4735219)|HEAP_ALLOCATE|[184]|Bytes:21
09:19:02.2 (4741501)|HEAP_ALLOCATE|[184]|Bytes:28
09:19:02.2 (4750137)|ENTERING_MANAGED_PKG|
09:19:02.2 (4764175)|USER_DEBUG|[184]|DEBUG|######## objectName: Account
09:19:02.2 (4770253)|STATEMENT_EXECUTE|[185]
09:19:02.2 (4786386)|ENTERING_MANAGED_PKG|
09:19:02.2 (19382736)|HEAP_ALLOCATE|[185]|Bytes:1648
09:19:02.2 (19412496)|ENTERING_MANAGED_PKG|
09:19:02.2 (19506172)|HEAP_ALLOCATE|[185]|Bytes:4
09:19:02.2 (19515817)|VARIABLE_SCOPE_BEGIN|[185]|sObj|SObject|true|false
09:19:02.2 (19533570)|VARIABLE_ASSIGNMENT|[185]|sObj|{}|0x3fed52b2
09:19:02.2 (19537699)|STATEMENT_EXECUTE|[186]
09:19:02.2 (19563516)|ENTERING_MANAGED_PKG|
09:19:02.2 (19920737)|HEAP_ALLOCATE|[186]|Bytes:4
09:19:02.2 (20895446)|HEAP_ALLOCATE|[186]|Bytes:312
09:19:02.2 (20906792)|VARIABLE_SCOPE_BEGIN|[186]|m|Map<String,Schema.SObjectField>|true|false
09:19:02.2 (21146262)|VARIABLE_ASSIGNMENT|[186]|m|"{accountnumber=AccountNumber, accountsource=AccountSource, annualrevenue=AnnualRevenue, billingaddress=BillingAddress, billingcity=BillingCity, billingcountry=BillingCountry, billingcountrycode=BillingCountryCode, billinglatitude=BillingLatitude, billinglongitude=BillingLongitude, billingpostalcode=BillingPostalCode, ...}"|0x6fde5193
09:19:02.2 (21155417)|STATEMENT_EXECUTE|[187]
09:19:02.2 (21167774)|ENTERING_MANAGED_PKG|
09:19:02.2 (21200100)|VARIABLE_SCOPE_BEGIN|[187]|objectFieldSet|Set<String>|true|false
09:19:02.2 (21218071)|VARIABLE_ASSIGNMENT|[187]|objectFieldSet|{"s":1,"v":["Id","Name"]}|0x392dcb8a
09:19:02.2 (21226231)|HEAP_ALLOCATE|[189]|Bytes:4
09:19:02.2 (21242159)|ENTERING_MANAGED_PKG|
09:19:02.2 (21267671)|ENTERING_MANAGED_PKG|
09:19:02.2 (21273321)|HEAP_ALLOCATE|[189]|Bytes:8
09:19:02.2 (21280845)|ENTERING_MANAGED_PKG|
09:19:02.2 (21299310)|HEAP_ALLOCATE|[189]|Bytes:5
09:19:02.2 (21312645)|VARIABLE_SCOPE_BEGIN|[189]|fieldToCheck|String|false|false
09:19:02.2 (21319785)|VARIABLE_ASSIGNMENT|[189]|fieldToCheck|"Id"
09:19:02.2 (21323278)|STATEMENT_EXECUTE|[189]
09:19:02.2 (21324644)|STATEMENT_EXECUTE|[190]
09:19:02.2 (21328105)|HEAP_ALLOCATE|[190]|Bytes:23
09:19:02.2 (21337797)|HEAP_ALLOCATE|[190]|Bytes:25
09:19:02.2 (21347518)|ENTERING_MANAGED_PKG|
09:19:02.2 (21362873)|USER_DEBUG|[190]|DEBUG|######## fieldToCheck: Id
09:19:02.2 (21377579)|ENTERING_MANAGED_PKG|
09:19:02.2 (21670034)|HEAP_ALLOCATE|[192]|Bytes:8
09:19:02.2 (21695450)|STATEMENT_EXECUTE|[192]
09:19:02.2 (21697765)|STATEMENT_EXECUTE|[199]
09:19:02.2 (21700923)|HEAP_ALLOCATE|[199]|Bytes:35
09:19:02.2 (21708130)|HEAP_ALLOCATE|[199]|Bytes:37
09:19:02.2 (21717395)|ENTERING_MANAGED_PKG|
09:19:02.2 (21731036)|USER_DEBUG|[199]|DEBUG|######## User has access to field: Id
09:19:02.2 (21745697)|HEAP_ALLOCATE|[189]|Bytes:5
09:19:02.2 (21756646)|VARIABLE_SCOPE_BEGIN|[189]|fieldToCheck|String|false|false
09:19:02.2 (21763951)|VARIABLE_ASSIGNMENT|[189]|fieldToCheck|"Name"
09:19:02.2 (21766873)|STATEMENT_EXECUTE|[189]
09:19:02.2 (21767881)|STATEMENT_EXECUTE|[190]
09:19:02.2 (21772964)|HEAP_ALLOCATE|[190]|Bytes:27
09:19:02.2 (21779752)|ENTERING_MANAGED_PKG|
09:19:02.2 (21782164)|USER_DEBUG|[190]|DEBUG|######## fieldToCheck: Name
09:19:02.2 (21789197)|ENTERING_MANAGED_PKG|
09:19:02.2 (21953423)|HEAP_ALLOCATE|[192]|Bytes:8
09:19:02.2 (21968207)|STATEMENT_EXECUTE|[192]
09:19:02.2 (21970399)|STATEMENT_EXECUTE|[199]
09:19:02.2 (21976257)|HEAP_ALLOCATE|[199]|Bytes:39
09:19:02.2 (21984004)|ENTERING_MANAGED_PKG|
09:19:02.2 (21986724)|USER_DEBUG|[199]|DEBUG|######## User has access to field: Name
09:19:02.2 (21999288)|HEAP_ALLOCATE|[189]|Bytes:5
09:19:02.2 (22011450)|VARIABLE_ASSIGNMENT|[189]|fieldToCheck|null
09:19:02.2 (22021045)|HEAP_ALLOCATE|[182]|Bytes:5
09:19:02.2 (22028906)|VARIABLE_ASSIGNMENT|[182]|objectName|null
09:19:02.2 (22032359)|STATEMENT_EXECUTE|[206]
09:19:02.2 (22035297)|HEAP_ALLOCATE|[206]|Bytes:5
09:19:02.2 (22046267)|METHOD_EXIT|[95]|01pB0000000ljzx|testautonumdata.Sparkle_Helper.UserHasAccessToObjectsAndFields(Map<String,Set<String>>)
09:19:02.2 (22050650)|STATEMENT_EXECUTE|[96]
09:19:02.2 (22052212)|STATEMENT_EXECUTE|[98]
09:19:02.2 (22075852)|ENTERING_MANAGED_PKG|
09:19:02.2 (22102576)|HEAP_ALLOCATE|[98]|Bytes:4
09:19:02.2 (22270458)|SOQL_EXECUTE_BEGIN|[98]|Aggregations:0|Select id, Name FROM Account limit 8
09:19:02.2 (25712406)|SOQL_EXECUTE_END|[98]|Rows:8
09:19:02.2 (25735955)|HEAP_ALLOCATE|[98]|Bytes:36
09:19:02.2 (25762738)|HEAP_ALLOCATE|[98]|Bytes:478
09:19:02.2 (25809164)|HEAP_ALLOCATE|[98]|Bytes:36
09:19:02.2 (25822574)|VARIABLE_SCOPE_BEGIN|[98]|lstQueriedRecords|List<SObject>|true|false
09:19:02.2 (25843236)|VARIABLE_ASSIGNMENT|[98]|lstQueriedRecords|{"s":1,"v":"List of size 8 too large to display"}|0x54df7e7a
09:19:02.2 (25847375)|STATEMENT_EXECUTE|[100]
09:19:02.2 (25851819)|HEAP_ALLOCATE|[100]|Bytes:28
09:19:02.2 (25867469)|ENTERING_MANAGED_PKG|
09:19:02.2 (25971662)|HEAP_ALLOCATE|[100]|Bytes:502
09:19:02.2 (25990394)|HEAP_ALLOCATE|[100]|Bytes:530
09:19:02.2 (25999887)|ENTERING_MANAGED_PKG|
09:19:02.2 (26002786)|USER_DEBUG|[100]|DEBUG|######## lstQueriedRecords: (Account:{Id=001B00000066XxFIAU, Name=GenePoint}, Account:{Id=001B00000066XxDIAU, Name=United Oil & Gas, UK}, Account:{Id=001B00000066XxEIAU, Name=United Oil & Gas, Singapore}, Account:{Id=001B00000066Xx5IAE, Name=Edge Communications}, Account:{Id=001B00000066Xx6IAE, Name=Burlington Textiles Corp of America}, Account:{Id=001B00000066Xx7IAE, Name=Pyramid Construction Inc.}, Account:{Id=001B00000066Xx8IAE, Name=Dickenson plc}, Account:{Id=001B00000066Xx9IAE, Name=Hospital Universitario San Ignacio})
09:19:02.2 (26071832)|ENTERING_MANAGED_PKG|
09:19:02.2 (26209129)|HEAP_ALLOCATE|[104]|Bytes:5
09:19:02.2 (26244613)|HEAP_ALLOCATE|[104]|Bytes:12
09:19:02.2 (26264187)|VARIABLE_SCOPE_BEGIN|[104]|e|SObject|true|false
09:19:02.2 (26282717)|VARIABLE_ASSIGNMENT|[104]|e|{"s":1,"v":{"Id":"001B00000066XxFIAU","Name":"GenePoint"}}|0x6f7976c4
09:19:02.2 (26286425)|STATEMENT_EXECUTE|[105]
09:19:02.2 (26287692)|STATEMENT_EXECUTE|[106]
09:19:02.2 (26291590)|HEAP_ALLOCATE|[106]|Bytes:12
09:19:02.2 (26306544)|ENTERING_MANAGED_PKG|
09:19:02.2 (26352237)|HEAP_ALLOCATE|[106]|Bytes:47
09:19:02.2 (26369154)|HEAP_ALLOCATE|[106]|Bytes:59
09:19:02.2 (26378096)|ENTERING_MANAGED_PKG|
09:19:02.2 (26380760)|USER_DEBUG|[106]|DEBUG|######## e: Account:{Id=001B00000066XxFIAU, Name=GenePoint}
09:19:02.2 (26386281)|STATEMENT_EXECUTE|[107]
09:19:02.2 (26392716)|HEAP_ALLOCATE|[107]|Bytes:28
09:19:02.2 (26408616)|CONSTRUCTOR_ENTRY|[107]|01pB0000000lc07|<init>()
09:19:02.2 (26428057)|VARIABLE_SCOPE_BEGIN|[1]|this|testautonumdata.ListServerController|true|false
09:19:02.2 (26470603)|VARIABLE_ASSIGNMENT|[1]|this|{}|0x3f209b22
09:19:02.2 (26479507)|HEAP_ALLOCATE|[EXTERNAL]|Bytes:5
09:19:02.2 (26491351)|HEAP_ALLOCATE|[EXTERNAL]|Bytes:6
09:19:02.2 (26523622)|STATEMENT_EXECUTE|[1]
09:19:02.2 (26528764)|HEAP_ALLOCATE|[EXTERNAL]|Bytes:5
09:19:02.2 (26531189)|STATEMENT_EXECUTE|[6]
09:19:02.2 (26532436)|STATEMENT_EXECUTE|[8]
09:19:02.2 (26533331)|STATEMENT_EXECUTE|[10]
09:19:02.2 (26534443)|STATEMENT_EXECUTE|[12]
09:19:02.2 (26535366)|STATEMENT_EXECUTE|[14]
09:19:02.2 (26536353)|STATEMENT_EXECUTE|[16]
09:19:02.2 (26545234)|CONSTRUCTOR_EXIT|[107]|01pB0000000lc07|<init>()
09:19:02.2 (26549500)|VARIABLE_SCOPE_BEGIN|[107]|i|testautonumdata.ListServerController|true|false
09:19:02.2 (26571366)|VARIABLE_ASSIGNMENT|[107]|i|{}|0x3f209b22
09:19:02.2 (26574165)|STATEMENT_EXECUTE|[110]
09:19:02.2 (26578312)|HEAP_ALLOCATE|[110]|Bytes:2
09:19:02.2 (26595885)|ENTERING_MANAGED_PKG|
09:19:02.2 (26647559)|HEAP_ALLOCATE|[110]|Bytes:4
09:19:02.2 (26666303)|ENTERING_MANAGED_PKG|
09:19:02.2 (26670111)|HEAP_ALLOCATE|[110]|Bytes:18
09:19:02.2 (26705175)|VARIABLE_ASSIGNMENT|[EXTERNAL]|this|{}|0x3f209b22
09:19:02.2 (26712005)|VARIABLE_ASSIGNMENT|[EXTERNAL]|value|"001B00000066XxFIAU"
09:19:02.2 (26724732)|VARIABLE_ASSIGNMENT|[6]|this.recordID|"001B00000066XxFIAU"|0x3f209b22
09:19:02.2 (26731802)|STATEMENT_EXECUTE|[112]
09:19:02.2 (26733191)|STATEMENT_EXECUTE|[113]
09:19:02.2 (26744025)|METHOD_ENTRY|[113]|01pB0000000ljzx|testautonumdata.Sparkle_Helper.GetSobjectField(SObject, String)
09:19:02.2 (26757291)|VARIABLE_SCOPE_BEGIN|[78]|e|SObject|true|false
09:19:02.2 (26769547)|VARIABLE_ASSIGNMENT|[78]|e|{"s":1,"v":{"Id":"001B00000066XxFIAU","Name":"GenePoint"}}|0x6f7976c4
09:19:02.2 (26771970)|VARIABLE_SCOPE_BEGIN|[78]|lcfield|String|false|false
09:19:02.2 (26775196)|VARIABLE_ASSIGNMENT|[78]|lcfield|"Id"
09:19:02.2 (26783733)|HEAP_ALLOCATE|[81]|Bytes:5
09:19:02.2 (26788130)|STATEMENT_EXECUTE|[79]
09:19:02.2 (26789355)|STATEMENT_EXECUTE|[81]
09:19:02.2 (26793833)|VARIABLE_SCOPE_BEGIN|[81]|returnValue|String|false|false
09:19:02.2 (26798674)|VARIABLE_ASSIGNMENT|[81]|returnValue|""
09:19:02.2 (26811926)|ENTERING_MANAGED_PKG|
09:19:02.2 (26841532)|STATEMENT_EXECUTE|[98]
09:19:02.2 (26851656)|ENTERING_MANAGED_PKG|
09:19:02.2 (26889773)|HEAP_ALLOCATE|[98]|Bytes:4
09:19:02.2 (26908130)|ENTERING_MANAGED_PKG|
09:19:02.2 (26912124)|HEAP_ALLOCATE|[98]|Bytes:18
09:19:02.2 (26923758)|VARIABLE_ASSIGNMENT|[98]|returnValue|"001B00000066XxFIAU"
09:19:02.2 (26926819)|STATEMENT_EXECUTE|[100]
09:19:02.2 (26934511)|METHOD_EXIT|[113]|01pB0000000ljzx|testautonumdata.Sparkle_Helper.GetSobjectField(SObject, String)
09:19:02.2 (26967464)|VARIABLE_ASSIGNMENT|[EXTERNAL]|this|{"recordID":"001B00000066XxFIAU"}|0x3f209b22
09:19:02.2 (26972699)|VARIABLE_ASSIGNMENT|[EXTERNAL]|value|"001B00000066XxFIAU"
09:19:02.2 (26980533)|VARIABLE_ASSIGNMENT|[8]|this.eventField|"001B00000066XxFIAU"|0x3f209b22
09:19:02.2 (26987297)|STATEMENT_EXECUTE|[116]
09:19:02.2 (26988703)|STATEMENT_EXECUTE|[117]
09:19:02.2 (26994878)|METHOD_ENTRY|[117]|01pB0000000ljzx|testautonumdata.Sparkle_Helper.GetSobjectField(SObject, String)
09:19:02.2 (27006258)|VARIABLE_SCOPE_BEGIN|[78]|e|SObject|true|false
09:19:02.2 (27018785)|VARIABLE_ASSIGNMENT|[78]|e|{"s":1,"v":{"Id":"001B00000066XxFIAU","Name":"GenePoint"}}|0x6f7976c4
09:19:02.2 (27020933)|VARIABLE_SCOPE_BEGIN|[78]|lcfield|String|false|false
09:19:02.2 (27023797)|VARIABLE_ASSIGNMENT|[78]|lcfield|"Name"
09:19:02.2 (27031439)|HEAP_ALLOCATE|[81]|Bytes:5
09:19:02.2 (27035374)|STATEMENT_EXECUTE|[79]
09:19:02.2 (27036517)|STATEMENT_EXECUTE|[81]
09:19:02.2 (27039859)|VARIABLE_SCOPE_BEGIN|[81]|returnValue|String|false|false
09:19:02.2 (27044368)|VARIABLE_ASSIGNMENT|[81]|returnValue|""
09:19:02.2 (27056222)|ENTERING_MANAGED_PKG|
09:19:02.2 (27064445)|STATEMENT_EXECUTE|[98]
09:19:02.2 (27071281)|ENTERING_MANAGED_PKG|
09:19:02.2 (27090920)|HEAP_ALLOCATE|[98]|Bytes:9
09:19:02.2 (27105209)|ENTERING_MANAGED_PKG|
09:19:02.2 (27108328)|HEAP_ALLOCATE|[98]|Bytes:9
09:19:02.2 (27118646)|VARIABLE_ASSIGNMENT|[98]|returnValue|"GenePoint"
09:19:02.2 (27121566)|STATEMENT_EXECUTE|[100]
09:19:02.2 (27128524)|METHOD_EXIT|[117]|01pB0000000ljzx|testautonumdata.Sparkle_Helper.GetSobjectField(SObject, String)
09:19:02.2 (27162978)|VARIABLE_ASSIGNMENT|[EXTERNAL]|this|{"eventField":"001B00000066XxFIAU","recordID":"001B00000066XxFIAU"}|0x3f209b22
09:19:02.2 (27168612)|VARIABLE_ASSIGNMENT|[EXTERNAL]|value|"GenePoint"
09:19:02.2 (27175823)|VARIABLE_ASSIGNMENT|[10]|this.column1|"GenePoint"|0x3f209b22
09:19:02.2 (27182352)|STATEMENT_EXECUTE|[119]
09:19:02.2 (27184214)|STATEMENT_EXECUTE|[124]
09:19:02.2 (27185625)|STATEMENT_EXECUTE|[129]
09:19:02.2 (27186659)|STATEMENT_EXECUTE|[135]
09:19:02.2 (27196763)|ENTERING_MANAGED_PKG|
09:19:02.2 (27226416)|HEAP_ALLOCATE|[EXTERNAL]|Bytes:4
09:19:02.2 (27234441)|STATEMENT_EXECUTE|[137]
09:19:02.2 (27242586)|HEAP_ALLOCATE|[137]|Bytes:12
09:19:02.2 (27256375)|ENTERING_MANAGED_PKG|
09:19:02.2 (27316669)|HEAP_ALLOCATE|[137]|Bytes:181
09:19:02.2 (27333669)|HEAP_ALLOCATE|[137]|Bytes:193
09:19:02.2 (27342632)|ENTERING_MANAGED_PKG|
09:19:02.2 (27345551)|USER_DEBUG|[137]|DEBUG|######## i: ListServerController:[column1=GenePoint, column2=null, column3=null, column4=null, eventField=001B00000066XxFIAU, mapObjectsFields={Account={Id, Name}}, recordID=001B00000066XxFIAU]
09:19:02.2 (27359059)|HEAP_ALLOCATE|[104]|Bytes:5
09:19:02.2 (27381098)|HEAP_ALLOCATE|[104]|Bytes:12
09:19:02.2 (27395099)|VARIABLE_SCOPE_BEGIN|[104]|e|SObject|true|false
09:19:02.2 (27409389)|VARIABLE_ASSIGNMENT|[104]|e|{"s":1,"v":{"Id":"001B00000066XxDIAU","Name":"United Oil & Gas, UK"}}|0x308f42fb
09:19:02.2 (27412789)|STATEMENT_EXECUTE|[105]
09:19:02.2 (27413860)|STATEMENT_EXECUTE|[106]
09:19:02.2 (27425773)|ENTERING_MANAGED_PKG|
09:19:02.2 (27452251)|HEAP_ALLOCATE|[106]|Bytes:58
09:19:02.2 (27466611)|HEAP_ALLOCATE|[106]|Bytes:70
09:19:02.2 (27473463)|ENTERING_MANAGED_PKG|
09:19:02.2 (27475950)|USER_DEBUG|[106]|DEBUG|######## e: Account:{Id=001B00000066XxDIAU, Name=United Oil & Gas, UK}
09:19:02.2 (27480576)|STATEMENT_EXECUTE|[107]
09:19:02.2 (27484820)|HEAP_ALLOCATE|[107]|Bytes:28
09:19:02.2 (27494190)|CONSTRUCTOR_ENTRY|[107]|01pB0000000lc07|<init>()
09:19:02.2 (27498159)|VARIABLE_SCOPE_BEGIN|[1]|this|testautonumdata.ListServerController|true|false
09:19:02.2 (27521269)|VARIABLE_ASSIGNMENT|[1]|this|{}|0x193a988c
09:19:02.2 (27528860)|HEAP_ALLOCATE|[EXTERNAL]|Bytes:5
09:19:02.2 (27543460)|STATEMENT_EXECUTE|[1]
09:19:02.2 (27547252)|HEAP_ALLOCATE|[EXTERNAL]|Bytes:5
09:19:02.2 (27549277)|STATEMENT_EXECUTE|[6]
09:19:02.2 (27550438)|STATEMENT_EXECUTE|[8]
09:19:02.2 (27551353)|STATEMENT_EXECUTE|[10]
09:19:02.2 (27552335)|STATEMENT_EXECUTE|[12]
09:19:02.2 (27553265)|STATEMENT_EXECUTE|[14]
09:19:02.2 (27554151)|STATEMENT_EXECUTE|[16]
09:19:02.2 (27562336)|CONSTRUCTOR_EXIT|[107]|01pB0000000lc07|<init>()
09:19:02.2 (27566154)|VARIABLE_SCOPE_BEGIN|[107]|i|testautonumdata.ListServerController|true|false
09:19:02.2 (27596119)|VARIABLE_ASSIGNMENT|[107]|i|{}|0x193a988c
09:19:02.2 (27599777)|STATEMENT_EXECUTE|[110]
09:19:02.2 (27613776)|ENTERING_MANAGED_PKG|
09:19:02.2 (27635941)|HEAP_ALLOCATE|[110]|Bytes:4
09:19:02.2 (27651242)|ENTERING_MANAGED_PKG|
09:19:02.2 (27654712)|HEAP_ALLOCATE|[110]|Bytes:18
09:19:02.2 (27684062)|VARIABLE_ASSIGNMENT|[EXTERNAL]|this|{}|0x193a988c
09:19:02.2 (27690233)|VARIABLE_ASSIGNMENT|[EXTERNAL]|value|"001B00000066XxDIAU"
09:19:02.2 (27697167)|VARIABLE_ASSIGNMENT|[6]|this.recordID|"001B00000066XxDIAU"|0x193a988c
09:19:02.2 (27703676)|STATEMENT_EXECUTE|[112]
09:19:02.2 (27704899)|STATEMENT_EXECUTE|[113]
09:19:02.2 (27710257)|METHOD_ENTRY|[113]|01pB0000000ljzx|testautonumdata.Sparkle_Helper.GetSobjectField(SObject, String)
09:19:02.2 (27714257)|VARIABLE_SCOPE_BEGIN|[78]|e|SObject|true|false
09:19:02.2 (27724959)|VARIABLE_ASSIGNMENT|[78]|e|{"s":1,"v":{"Id":"001B00000066XxDIAU","Name":"United Oil & Gas, UK"}}|0x308f42fb
09:19:02.2 (27727215)|VARIABLE_SCOPE_BEGIN|[78]|lcfield|String|false|false
09:19:02.2 (27730083)|VARIABLE_ASSIGNMENT|[78]|lcfield|"Id"
09:19:02.2 (27737510)|HEAP_ALLOCATE|[81]|Bytes:5
09:19:02.2 (27741395)|STATEMENT_EXECUTE|[79]
09:19:02.2 (27742682)|STATEMENT_EXECUTE|[81]
09:19:02.2 (27745901)|VARIABLE_SCOPE_BEGIN|[81]|returnValue|String|false|false
09:19:02.2 (27750036)|VARIABLE_ASSIGNMENT|[81]|returnValue|""
09:19:02.2 (27761299)|ENTERING_MANAGED_PKG|
09:19:02.2 (27769395)|STATEMENT_EXECUTE|[98]
09:19:02.2 (27776259)|ENTERING_MANAGED_PKG|
09:19:02.2 (27794754)|HEAP_ALLOCATE|[98]|Bytes:4
09:19:02.2 (27808951)|ENTERING_MANAGED_PKG|
09:19:02.2 (27812258)|HEAP_ALLOCATE|[98]|Bytes:18
09:19:02.2 (27822953)|VARIABLE_ASSIGNMENT|[98]|returnValue|"001B00000066XxDIAU"
09:19:02.2 (27825873)|STATEMENT_EXECUTE|[100]
09:19:02.2 (27832845)|METHOD_EXIT|[113]|01pB0000000ljzx|testautonumdata.Sparkle_Helper.GetSobjectField(SObject, String)
09:19:02.2 (27860303)|VARIABLE_ASSIGNMENT|[EXTERNAL]|this|{"recordID":"001B00000066XxDIAU"}|0x193a988c
09:19:02.2 (27864879)|VARIABLE_ASSIGNMENT|[EXTERNAL]|value|"001B00000066XxDIAU"
09:19:02.2 (27871306)|VARIABLE_ASSIGNMENT|[8]|this.eventField|"001B00000066XxDIAU"|0x193a988c
09:19:02.2 (27877426)|STATEMENT_EXECUTE|[116]
09:19:02.2 (27878662)|STATEMENT_EXECUTE|[117]
09:19:02.2 (27883793)|METHOD_ENTRY|[117]|01pB0000000ljzx|testautonumdata.Sparkle_Helper.GetSobjectField(SObject, String)
09:19:02.2 (27887118)|VARIABLE_SCOPE_BEGIN|[78]|e|SObject|true|false
09:19:02.2 (27897161)|VARIABLE_ASSIGNMENT|[78]|e|{"s":1,"v":{"Id":"001B00000066XxDIAU","Name":"United Oil & Gas, UK"}}|0x308f42fb
09:19:02.2 (27899104)|VARIABLE_SCOPE_BEGIN|[78]|lcfield|String|false|false
09:19:02.2 (27901781)|VARIABLE_ASSIGNMENT|[78]|lcfield|"Name"
09:19:02.2 (27908966)|HEAP_ALLOCATE|[81]|Bytes:5
09:19:02.2 (27912422)|STATEMENT_EXECUTE|[79]
09:19:02.2 (27913550)|STATEMENT_EXECUTE|[81]
09:19:02.2 (27916558)|VARIABLE_SCOPE_BEGIN|[81]|returnValue|String|false|false
09:19:02.2 (27920465)|VARIABLE_ASSIGNMENT|[81]|returnValue|""
09:19:02.2 (27931692)|ENTERING_MANAGED_PKG|
09:19:02.2 (27939583)|STATEMENT_EXECUTE|[98]
09:19:02.2 (27946406)|ENTERING_MANAGED_PKG|
09:19:02.2 (27964983)|HEAP_ALLOCATE|[98]|Bytes:20
09:19:02.2 (27979075)|ENTERING_MANAGED_PKG|
09:19:02.2 (27982090)|HEAP_ALLOCATE|[98]|Bytes:20
09:19:02.2 (27993015)|VARIABLE_ASSIGNMENT|[98]|returnValue|"United Oil & Gas, UK"
09:19:02.2 (27996090)|STATEMENT_EXECUTE|[100]
09:19:02.2 (28002892)|METHOD_EXIT|[117]|01pB0000000ljzx|testautonumdata.Sparkle_Helper.GetSobjectField(SObject, String)
09:19:02.2 (28032094)|VARIABLE_ASSIGNMENT|[EXTERNAL]|this|{"eventField":"001B00000066XxDIAU","recordID":"001B00000066XxDIAU"}|0x193a988c
09:19:02.2 (28037165)|VARIABLE_ASSIGNMENT|[EXTERNAL]|value|"United Oil & Gas, UK"
09:19:02.2 (28043535)|VARIABLE_ASSIGNMENT|[10]|this.column1|"United Oil & Gas, UK"|0x193a988c
09:19:02.2 (28049699)|STATEMENT_EXECUTE|[119]
09:19:02.2 (28051287)|STATEMENT_EXECUTE|[124]
09:19:02.2 (28052438)|STATEMENT_EXECUTE|[129]
09:19:02.2 (28053371)|STATEMENT_EXECUTE|[135]
09:19:02.2 (28058640)|ENTERING_MANAGED_PKG|
09:19:02.2 (28066532)|HEAP_ALLOCATE|[EXTERNAL]|Bytes:4
09:19:02.2 (28071876)|STATEMENT_EXECUTE|[137]
09:19:02.2 (28082477)|ENTERING_MANAGED_PKG|
09:19:02.2 (28116512)|HEAP_ALLOCATE|[137]|Bytes:192
09:19:02.2 (28131273)|HEAP_ALLOCATE|[137]|Bytes:204
09:19:02.2 (28138171)|ENTERING_MANAGED_PKG|
09:19:02.2 (28140917)|USER_DEBUG|[137]|DEBUG|######## i: ListServerController:[column1=United Oil & Gas, UK, column2=null, column3=null, column4=null, eventField=001B00000066XxDIAU, mapObjectsFields={Account={Id, Name}}, recordID=001B00000066XxDIAU]
09:19:02.2 (28153902)|HEAP_ALLOCATE|[104]|Bytes:5
09:19:02.2 (28175083)|HEAP_ALLOCATE|[104]|Bytes:12
09:19:02.2 (28188452)|VARIABLE_SCOPE_BEGIN|[104]|e|SObject|true|false
09:19:02.2 (28204032)|VARIABLE_ASSIGNMENT|[104]|e|{"s":1,"v":{"Id":"001B00000066XxEIAU","Name":"United Oil & Gas, Si (7 more) ..."}}|0x2ea8aca6
09:19:02.2 (28207463)|STATEMENT_EXECUTE|[105]
09:19:02.2 (28208512)|STATEMENT_EXECUTE|[106]
09:19:02.2 (28220648)|ENTERING_MANAGED_PKG|
09:19:02.2 (28250646)|HEAP_ALLOCATE|[106]|Bytes:65
09:19:02.2 (28264935)|HEAP_ALLOCATE|[106]|Bytes:77
09:19:02.2 (28271500)|ENTERING_MANAGED_PKG|
09:19:02.2 (28274000)|USER_DEBUG|[106]|DEBUG|######## e: Account:{Id=001B00000066XxEIAU, Name=United Oil & Gas, Singapore}
09:19:02.2 (28278890)|STATEMENT_EXECUTE|[107]
09:19:02.2 (28283126)|HEAP_ALLOCATE|[107]|Bytes:28
09:19:02.2 (28292135)|CONSTRUCTOR_ENTRY|[107]|01pB0000000lc07|<init>()
09:19:02.2 (28295974)|VARIABLE_SCOPE_BEGIN|[1]|this|testautonumdata.ListServerController|true|false
09:19:02.2 (28318182)|VARIABLE_ASSIGNMENT|[1]|this|{}|0x66045b39
09:19:02.2 (28326063)|HEAP_ALLOCATE|[EXTERNAL]|Bytes:5
09:19:02.2 (28340323)|STATEMENT_EXECUTE|[1]
09:19:02.2 (28343841)|HEAP_ALLOCATE|[EXTERNAL]|Bytes:5
09:19:02.2 (28345888)|STATEMENT_EXECUTE|[6]
09:19:02.2 (28347060)|STATEMENT_EXECUTE|[8]
09:19:02.2 (28348021)|STATEMENT_EXECUTE|[10]
09:19:02.2 (28349025)|STATEMENT_EXECUTE|[12]
09:19:02.2 (28349935)|STATEMENT_EXECUTE|[14]
09:19:02.2 (28350812)|STATEMENT_EXECUTE|[16]
09:19:02.2 (28358491)|CONSTRUCTOR_EXIT|[107]|01pB0000000lc07|<init>()
09:19:02.2 (28362319)|VARIABLE_SCOPE_BEGIN|[107]|i|testautonumdata.ListServerController|true|false
09:19:02.2 (28381643)|VARIABLE_ASSIGNMENT|[107]|i|{}|0x66045b39
09:19:02.2 (28384202)|STATEMENT_EXECUTE|[110]
09:19:02.2 (28396667)|ENTERING_MANAGED_PKG|
09:19:02.2 (28417944)|HEAP_ALLOCATE|[110]|Bytes:4
09:19:02.2 (28433021)|ENTERING_MANAGED_PKG|
09:19:02.2 (28436302)|HEAP_ALLOCATE|[110]|Bytes:18
09:19:02.2 (28464978)|VARIABLE_ASSIGNMENT|[EXTERNAL]|this|{}|0x66045b39
09:19:02.2 (28470902)|VARIABLE_ASSIGNMENT|[EXTERNAL]|value|"001B00000066XxEIAU"
09:19:02.2 (28477324)|VARIABLE_ASSIGNMENT|[6]|this.recordID|"001B00000066XxEIAU"|0x66045b39
09:19:02.2 (28483644)|STATEMENT_EXECUTE|[112]
09:19:02.2 (28484896)|STATEMENT_EXECUTE|[113]
09:19:02.2 (28490144)|METHOD_ENTRY|[113]|01pB0000000ljzx|testautonumdata.Sparkle_Helper.GetSobjectField(SObject, String)
09:19:02.2 (28493647)|VARIABLE_SCOPE_BEGIN|[78]|e|SObject|true|false
09:19:02.2 (28505342)|VARIABLE_ASSIGNMENT|[78]|e|{"s":1,"v":{"Id":"001B00000066XxEIAU","Name":"United Oil & Gas, Si (7 more) ..."}}|0x2ea8aca6
09:19:02.2 (28507510)|VARIABLE_SCOPE_BEGIN|[78]|lcfield|String|false|false
09:19:02.2 (28510348)|VARIABLE_ASSIGNMENT|[78]|lcfield|"Id"
09:19:02.2 (28517701)|HEAP_ALLOCATE|[81]|Bytes:5
09:19:02.2 (28521322)|STATEMENT_EXECUTE|[79]
09:19:02.2 (28522466)|STATEMENT_EXECUTE|[81]
09:19:02.2 (28525647)|VARIABLE_SCOPE_BEGIN|[81]|returnValue|String|false|false
09:19:02.2 (28529510)|VARIABLE_ASSIGNMENT|[81]|returnValue|""
09:19:02.2 (28540712)|ENTERING_MANAGED_PKG|
09:19:02.2 (28548456)|STATEMENT_EXECUTE|[98]
09:19:02.2 (28555233)|ENTERING_MANAGED_PKG|
09:19:02.2 (28573538)|HEAP_ALLOCATE|[98]|Bytes:4
09:19:02.2 (28587732)|ENTERING_MANAGED_PKG|
09:19:02.2 (28591011)|HEAP_ALLOCATE|[98]|Bytes:18
09:19:02.2 (28601966)|VARIABLE_ASSIGNMENT|[98]|returnValue|"001B00000066XxEIAU"
09:19:02.2 (28604950)|STATEMENT_EXECUTE|[100]
09:19:02.2 (28611673)|METHOD_EXIT|[113]|01pB0000000ljzx|testautonumdata.Sparkle_Helper.GetSobjectField(SObject, String)
09:19:02.2 (28638581)|VARIABLE_ASSIGNMENT|[EXTERNAL]|this|{"recordID":"001B00000066XxEIAU"}|0x66045b39
09:19:02.2 (28643380)|VARIABLE_ASSIGNMENT|[EXTERNAL]|value|"001B00000066XxEIAU"
09:19:02.2 (28649317)|VARIABLE_ASSIGNMENT|[8]|this.eventField|"001B00000066XxEIAU"|0x66045b39
09:19:02.2 (28655464)|STATEMENT_EXECUTE|[116]
09:19:02.2 (28656702)|STATEMENT_EXECUTE|[117]
09:19:02.2 (28661187)|METHOD_ENTRY|[117]|01pB0000000ljzx|testautonumdata.Sparkle_Helper.GetSobjectField(SObject, String)
09:19:02.2 (28664528)|VARIABLE_SCOPE_BEGIN|[78]|e|SObject|true|false
09:19:02.2 (28675466)|VARIABLE_ASSIGNMENT|[78]|e|{"s":1,"v":{"Id":"001B00000066XxEIAU","Name":"United Oil & Gas, Si (7 more) ..."}}|0x2ea8aca6
09:19:02.2 (28677895)|VARIABLE_SCOPE_BEGIN|[78]|lcfield|String|false|false
09:19:02.2 (28680542)|VARIABLE_ASSIGNMENT|[78]|lcfield|"Name"
09:19:02.2 (28687778)|HEAP_ALLOCATE|[81]|Bytes:5
09:19:02.2 (28691237)|STATEMENT_EXECUTE|[79]
09:19:02.2 (28692331)|STATEMENT_EXECUTE|[81]
09:19:02.2 (28695359)|VARIABLE_SCOPE_BEGIN|[81]|returnValue|String|false|false
09:19:02.2 (28699286)|VARIABLE_ASSIGNMENT|[81]|returnValue|""
09:19:02.2 (28710388)|ENTERING_MANAGED_PKG|
09:19:02.2 (28718168)|STATEMENT_EXECUTE|[98]
09:19:02.2 (28724866)|ENTERING_MANAGED_PKG|
09:19:02.2 (28743150)|HEAP_ALLOCATE|[98]|Bytes:27
09:19:02.2 (28757271)|ENTERING_MANAGED_PKG|
09:19:02.2 (28760310)|HEAP_ALLOCATE|[98]|Bytes:27
09:19:02.2 (28771827)|VARIABLE_ASSIGNMENT|[98]|returnValue|"United Oil & Gas, Si (7 more) ..."
09:19:02.2 (28774857)|STATEMENT_EXECUTE|[100]
09:19:02.2 (28781668)|METHOD_EXIT|[117]|01pB0000000ljzx|testautonumdata.Sparkle_Helper.GetSobjectField(SObject, String)
09:19:02.2 (28810170)|VARIABLE_ASSIGNMENT|[EXTERNAL]|this|{"eventField":"001B00000066XxEIAU","recordID":"001B00000066XxEIAU"}|0x66045b39
09:19:02.2 (28816103)|VARIABLE_ASSIGNMENT|[EXTERNAL]|value|"United Oil & Gas, Si (7 more) ..."
09:19:02.2 (28822780)|VARIABLE_ASSIGNMENT|[10]|this.column1|"United Oil & Gas, Si (7 more) ..."|0x66045b39
09:19:02.2 (28829084)|STATEMENT_EXECUTE|[119]
09:19:02.2 (28830791)|STATEMENT_EXECUTE|[124]
09:19:02.2 (28831930)|STATEMENT_EXECUTE|[129]
09:19:02.2 (28833152)|STATEMENT_EXECUTE|[135]
09:19:02.2 (28838585)|ENTERING_MANAGED_PKG|
09:19:02.2 (28846435)|HEAP_ALLOCATE|[EXTERNAL]|Bytes:4
09:19:02.2 (28851744)|STATEMENT_EXECUTE|[137]
09:19:02.2 (28862306)|ENTERING_MANAGED_PKG|
09:19:02.2 (28895867)|HEAP_ALLOCATE|[137]|Bytes:199
09:19:02.2 (28910506)|HEAP_ALLOCATE|[137]|Bytes:211
09:19:02.2 (28917217)|ENTERING_MANAGED_PKG|
09:19:02.2 (28919870)|USER_DEBUG|[137]|DEBUG|######## i: ListServerController:[column1=United Oil & Gas, Singapore, column2=null, column3=null, column4=null, eventField=001B00000066XxEIAU, mapObjectsFields={Account={Id, Name}}, recordID=001B00000066XxEIAU]
09:19:02.2 (28932804)|HEAP_ALLOCATE|[104]|Bytes:5
09:19:02.2 (28954358)|HEAP_ALLOCATE|[104]|Bytes:12
09:19:02.2 (28967858)|VARIABLE_SCOPE_BEGIN|[104]|e|SObject|true|false
09:19:02.2 (28981501)|VARIABLE_ASSIGNMENT|[104]|e|{"s":1,"v":{"Id":"001B00000066Xx5IAE","Name":"Edge Communications"}}|0x4a0fafb9
09:19:02.2 (28985161)|STATEMENT_EXECUTE|[105]
09:19:02.2 (28986226)|STATEMENT_EXECUTE|[106]
09:19:02.2 (28998116)|ENTERING_MANAGED_PKG|
09:19:02.2 (29023209)|HEAP_ALLOCATE|[106]|Bytes:57
09:19:02.2 (29038079)|HEAP_ALLOCATE|[106]|Bytes:69
09:19:02.2 (29044505)|ENTERING_MANAGED_PKG|
09:19:02.2 (29046903)|USER_DEBUG|[106]|DEBUG|######## e: Account:{Id=001B00000066Xx5IAE, Name=Edge Communications}
09:19:02.2 (29051543)|STATEMENT_EXECUTE|[107]
09:19:02.2 (29055714)|HEAP_ALLOCATE|[107]|Bytes:28
09:19:02.2 (29064478)|CONSTRUCTOR_ENTRY|[107]|01pB0000000lc07|<init>()
09:19:02.2 (29068606)|VARIABLE_SCOPE_BEGIN|[1]|this|testautonumdata.ListServerController|true|false
09:19:02.2 (29090606)|VARIABLE_ASSIGNMENT|[1]|this|{}|0x5d463550
09:19:02.2 (29098186)|HEAP_ALLOCATE|[EXTERNAL]|Bytes:5
09:19:02.2 (29111956)|STATEMENT_EXECUTE|[1]
09:19:02.2 (29115341)|HEAP_ALLOCATE|[EXTERNAL]|Bytes:5
09:19:02.2 (29117346)|STATEMENT_EXECUTE|[6]
09:19:02.2 (29118490)|STATEMENT_EXECUTE|[8]
09:19:02.2 (29119394)|STATEMENT_EXECUTE|[10]
09:19:02.2 (29120303)|STATEMENT_EXECUTE|[12]
09:19:02.2 (29121189)|STATEMENT_EXECUTE|[14]
09:19:02.2 (29122070)|STATEMENT_EXECUTE|[16]
09:19:02.2 (29129918)|CONSTRUCTOR_EXIT|[107]|01pB0000000lc07|<init>()
09:19:02.2 (29133718)|VARIABLE_SCOPE_BEGIN|[107]|i|testautonumdata.ListServerController|true|false
09:19:02.2 (29152803)|VARIABLE_ASSIGNMENT|[107]|i|{}|0x5d463550
09:19:02.2 (29155350)|STATEMENT_EXECUTE|[110]
09:19:02.2 (29167654)|ENTERING_MANAGED_PKG|
09:19:02.2 (29188535)|HEAP_ALLOCATE|[110]|Bytes:4
09:19:02.2 (29203630)|ENTERING_MANAGED_PKG|
09:19:02.2 (29206955)|HEAP_ALLOCATE|[110]|Bytes:18
09:19:02.2 (29235491)|VARIABLE_ASSIGNMENT|[EXTERNAL]|this|{}|0x5d463550
09:19:02.2 (29245817)|VARIABLE_ASSIGNMENT|[EXTERNAL]|value|"001B00000066Xx5IAE"
09:19:02.2 (29253117)|VARIABLE_ASSIGNMENT|[6]|this.recordID|"001B00000066Xx5IAE"|0x5d463550
09:19:02.2 (29262346)|STATEMENT_EXECUTE|[112]
09:19:02.2 (29263642)|STATEMENT_EXECUTE|[113]
09:19:02.2 (29269092)|METHOD_ENTRY|[113]|01pB0000000ljzx|testautonumdata.Sparkle_Helper.GetSobjectField(SObject, String)
09:19:02.2 (29272667)|VARIABLE_SCOPE_BEGIN|[78]|e|SObject|true|false
09:19:02.2 (29283198)|VARIABLE_ASSIGNMENT|[78]|e|{"s":1,"v":{"Id":"001B00000066Xx5IAE","Name":"Edge Communications"}}|0x4a0fafb9
09:19:02.2 (29285375)|VARIABLE_SCOPE_BEGIN|[78]|lcfield|String|false|false
09:19:02.2 (29288084)|VARIABLE_ASSIGNMENT|[78]|lcfield|"Id"
09:19:02.2 (29295835)|HEAP_ALLOCATE|[81]|Bytes:5
09:19:02.2 (29299576)|STATEMENT_EXECUTE|[79]
09:19:02.2 (29300715)|STATEMENT_EXECUTE|[81]
09:19:02.2 (29303868)|VARIABLE_SCOPE_BEGIN|[81]|returnValue|String|false|false
09:19:02.2 (29307788)|VARIABLE_ASSIGNMENT|[81]|returnValue|""
09:19:02.2 (29319126)|ENTERING_MANAGED_PKG|
09:19:02.2 (29327071)|STATEMENT_EXECUTE|[98]
09:19:02.2 (29333829)|ENTERING_MANAGED_PKG|
09:19:02.2 (29351842)|HEAP_ALLOCATE|[98]|Bytes:4
09:19:02.2 (29366090)|ENTERING_MANAGED_PKG|
09:19:02.2 (29369340)|HEAP_ALLOCATE|[98]|Bytes:18
09:19:02.2 (29379701)|VARIABLE_ASSIGNMENT|[98]|returnValue|"001B00000066Xx5IAE"
09:19:02.2 (29382486)|STATEMENT_EXECUTE|[100]
09:19:02.2 (29389256)|METHOD_EXIT|[113]|01pB0000000ljzx|testautonumdata.Sparkle_Helper.GetSobjectField(SObject, String)
09:19:02.2 (29416533)|VARIABLE_ASSIGNMENT|[EXTERNAL]|this|{"recordID":"001B00000066Xx5IAE"}|0x5d463550
09:19:02.2 (29421463)|VARIABLE_ASSIGNMENT|[EXTERNAL]|value|"001B00000066Xx5IAE"
09:19:02.2 (29427286)|VARIABLE_ASSIGNMENT|[8]|this.eventField|"001B00000066Xx5IAE"|0x5d463550
09:19:02.2 (29433317)|STATEMENT_EXECUTE|[116]
09:19:02.2 (29434839)|STATEMENT_EXECUTE|[117]
09:19:02.2 (29439397)|METHOD_ENTRY|[117]|01pB0000000ljzx|testautonumdata.Sparkle_Helper.GetSobjectField(SObject, String)
09:19:02.2 (29442631)|VARIABLE_SCOPE_BEGIN|[78]|e|SObject|true|false
09:19:02.2 (29452317)|VARIABLE_ASSIGNMENT|[78]|e|{"s":1,"v":{"Id":"001B00000066Xx5IAE","Name":"Edge Communications"}}|0x4a0fafb9
09:19:02.2 (29454254)|VARIABLE_SCOPE_BEGIN|[78]|lcfield|String|false|false
09:19:02.2 (29456819)|VARIABLE_ASSIGNMENT|[78]|lcfield|"Name"
09:19:02.2 (29464018)|HEAP_ALLOCATE|[81]|Bytes:5
09:19:02.2 (29470412)|STATEMENT_EXECUTE|[79]
09:19:02.2 (29471623)|STATEMENT_EXECUTE|[81]
09:19:02.2 (29474735)|VARIABLE_SCOPE_BEGIN|[81]|returnValue|String|false|false
09:19:02.2 (29478846)|VARIABLE_ASSIGNMENT|[81]|returnValue|""
09:19:02.2 (29490015)|ENTERING_MANAGED_PKG|
09:19:02.2 (29497803)|STATEMENT_EXECUTE|[98]
09:19:02.2 (29504524)|ENTERING_MANAGED_PKG|
09:19:02.2 (29522998)|HEAP_ALLOCATE|[98]|Bytes:19
09:19:02.2 (29537405)|ENTERING_MANAGED_PKG|
09:19:02.2 (29540445)|HEAP_ALLOCATE|[98]|Bytes:19
09:19:02.2 (29550923)|VARIABLE_ASSIGNMENT|[98]|returnValue|"Edge Communications"
09:19:02.2 (29553974)|STATEMENT_EXECUTE|[100]
09:19:02.2 (29560718)|METHOD_EXIT|[117]|01pB0000000ljzx|testautonumdata.Sparkle_Helper.GetSobjectField(SObject, String)
09:19:02.2 (29588735)|VARIABLE_ASSIGNMENT|[EXTERNAL]|this|{"eventField":"001B00000066Xx5IAE","recordID":"001B00000066Xx5IAE"}|0x5d463550
09:19:02.2 (29593636)|VARIABLE_ASSIGNMENT|[EXTERNAL]|value|"Edge Communications"
09:19:02.2 (29599729)|VARIABLE_ASSIGNMENT|[10]|this.column1|"Edge Communications"|0x5d463550
09:19:02.2 (29605881)|STATEMENT_EXECUTE|[119]
09:19:02.2 (29607477)|STATEMENT_EXECUTE|[124]
09:19:02.2 (29608627)|STATEMENT_EXECUTE|[129]
09:19:02.2 (29609606)|STATEMENT_EXECUTE|[135]
09:19:02.2 (29614678)|ENTERING_MANAGED_PKG|
09:19:02.2 (29622360)|HEAP_ALLOCATE|[EXTERNAL]|Bytes:4
09:19:02.2 (29627580)|STATEMENT_EXECUTE|[137]
09:19:02.2 (29638139)|ENTERING_MANAGED_PKG|
09:19:02.2 (29670951)|HEAP_ALLOCATE|[137]|Bytes:191
09:19:02.2 (29685512)|HEAP_ALLOCATE|[137]|Bytes:203
09:19:02.2 (29692244)|ENTERING_MANAGED_PKG|
09:19:02.2 (29694846)|USER_DEBUG|[137]|DEBUG|######## i: ListServerController:[column1=Edge Communications, column2=null, column3=null, column4=null, eventField=001B00000066Xx5IAE, mapObjectsFields={Account={Id, Name}}, recordID=001B00000066Xx5IAE]
09:19:02.2 (29707548)|HEAP_ALLOCATE|[104]|Bytes:5
09:19:02.2 (29728632)|HEAP_ALLOCATE|[104]|Bytes:12
09:19:02.2 (29741736)|VARIABLE_SCOPE_BEGIN|[104]|e|SObject|true|false
09:19:02.2 (29756761)|VARIABLE_ASSIGNMENT|[104]|e|{"s":1,"v":{"Id":"001B00000066Xx6IAE","Name":"Burlington Textiles  (15 more) ..."}}|0x6e642f6a
09:19:02.2 (29760472)|STATEMENT_EXECUTE|[105]
09:19:02.2 (29761532)|STATEMENT_EXECUTE|[106]
09:19:02.2 (29773663)|ENTERING_MANAGED_PKG|
09:19:02.2 (29798709)|HEAP_ALLOCATE|[106]|Bytes:73
09:19:02.2 (29812694)|HEAP_ALLOCATE|[106]|Bytes:85
09:19:02.2 (29819075)|ENTERING_MANAGED_PKG|
09:19:02.2 (29821473)|USER_DEBUG|[106]|DEBUG|######## e: Account:{Id=001B00000066Xx6IAE, Name=Burlington Textiles Corp of America}
09:19:02.2 (29826500)|STATEMENT_EXECUTE|[107]
09:19:02.2 (29830596)|HEAP_ALLOCATE|[107]|Bytes:28
09:19:02.2 (29839534)|CONSTRUCTOR_ENTRY|[107]|01pB0000000lc07|<init>()
09:19:02.2 (29843233)|VARIABLE_SCOPE_BEGIN|[1]|this|testautonumdata.ListServerController|true|false
09:19:02.2 (29865701)|VARIABLE_ASSIGNMENT|[1]|this|{}|0x559d7374
09:19:02.2 (29873118)|HEAP_ALLOCATE|[EXTERNAL]|Bytes:5
09:19:02.2 (29886810)|STATEMENT_EXECUTE|[1]
09:19:02.2 (29890301)|HEAP_ALLOCATE|[EXTERNAL]|Bytes:5
09:19:02.2 (29892302)|STATEMENT_EXECUTE|[6]
09:19:02.2 (29893514)|STATEMENT_EXECUTE|[8]
09:19:02.2 (29894414)|STATEMENT_EXECUTE|[10]
09:19:02.2 (29895325)|STATEMENT_EXECUTE|[12]
09:19:02.2 (29896219)|STATEMENT_EXECUTE|[14]
09:19:02.2 (29897176)|STATEMENT_EXECUTE|[16]
09:19:02.2 (29905036)|CONSTRUCTOR_EXIT|[107]|01pB0000000lc07|<init>()
09:19:02.2 (29908953)|VARIABLE_SCOPE_BEGIN|[107]|i|testautonumdata.ListServerController|true|false
09:19:02.2 (29928024)|VARIABLE_ASSIGNMENT|[107]|i|{}|0x559d7374
09:19:02.2 (29930477)|STATEMENT_EXECUTE|[110]
09:19:02.2 (29942556)|ENTERING_MANAGED_PKG|
09:19:02.2 (29963393)|HEAP_ALLOCATE|[110]|Bytes:4
09:19:02.2 (29978267)|ENTERING_MANAGED_PKG|
09:19:02.2 (29981583)|HEAP_ALLOCATE|[110]|Bytes:18
09:19:02.2 (30010101)|VARIABLE_ASSIGNMENT|[EXTERNAL]|this|{}|0x559d7374
09:19:02.2 (30017009)|VARIABLE_ASSIGNMENT|[EXTERNAL]|value|"001B00000066Xx6IAE"
09:19:02.2 (30024014)|VARIABLE_ASSIGNMENT|[6]|this.recordID|"001B00000066Xx6IAE"|0x559d7374
09:19:02.2 (30030016)|STATEMENT_EXECUTE|[112]
09:19:02.2 (30031222)|STATEMENT_EXECUTE|[113]
09:19:02.2 (30036343)|METHOD_ENTRY|[113]|01pB0000000ljzx|testautonumdata.Sparkle_Helper.GetSobjectField(SObject, String)
09:19:02.2 (30039721)|VARIABLE_SCOPE_BEGIN|[78]|e|SObject|true|false
09:19:02.2 (30051172)|VARIABLE_ASSIGNMENT|[78]|e|{"s":1,"v":{"Id":"001B00000066Xx6IAE","Name":"Burlington Textiles  (15 more) ..."}}|0x6e642f6a
09:19:02.2 (30053404)|VARIABLE_SCOPE_BEGIN|[78]|lcfield|String|false|false
09:19:02.2 (30056138)|VARIABLE_ASSIGNMENT|[78]|lcfield|"Id"
09:19:02.2 (30063579)|HEAP_ALLOCATE|[81]|Bytes:5
09:19:02.2 (30067201)|STATEMENT_EXECUTE|[79]
09:19:02.2 (30068356)|STATEMENT_EXECUTE|[81]
09:19:02.2 (30071600)|VARIABLE_SCOPE_BEGIN|[81]|returnValue|String|false|false
09:19:02.2 (30075395)|VARIABLE_ASSIGNMENT|[81]|returnValue|""
09:19:02.2 (30086455)|ENTERING_MANAGED_PKG|
09:19:02.2 (30094318)|STATEMENT_EXECUTE|[98]
09:19:02.2 (30101059)|ENTERING_MANAGED_PKG|
09:19:02.2 (30118824)|HEAP_ALLOCATE|[98]|Bytes:4
09:19:02.2 (30133164)|ENTERING_MANAGED_PKG|
09:19:02.2 (30136738)|HEAP_ALLOCATE|[98]|Bytes:18
09:19:02.2 (30147216)|VARIABLE_ASSIGNMENT|[98]|returnValue|"001B00000066Xx6IAE"
09:19:02.2 (30150035)|STATEMENT_EXECUTE|[100]
09:19:02.2 (30156800)|METHOD_EXIT|[113]|01pB0000000ljzx|testautonumdata.Sparkle_Helper.GetSobjectField(SObject, String)
09:19:02.2 (30186876)|VARIABLE_ASSIGNMENT|[EXTERNAL]|this|{"recordID":"001B00000066Xx6IAE"}|0x559d7374
09:19:02.2 (30191658)|VARIABLE_ASSIGNMENT|[EXTERNAL]|value|"001B00000066Xx6IAE"
09:19:02.2 (30197827)|VARIABLE_ASSIGNMENT|[8]|this.eventField|"001B00000066Xx6IAE"|0x559d7374
09:19:02.2 (30204119)|STATEMENT_EXECUTE|[116]
09:19:02.2 (30205342)|STATEMENT_EXECUTE|[117]
09:19:02.2 (30209860)|METHOD_ENTRY|[117]|01pB0000000ljzx|testautonumdata.Sparkle_Helper.GetSobjectField(SObject, String)
09:19:02.2 (30213485)|VARIABLE_SCOPE_BEGIN|[78]|e|SObject|true|false
09:19:02.2 (30224436)|VARIABLE_ASSIGNMENT|[78]|e|{"s":1,"v":{"Id":"001B00000066Xx6IAE","Name":"Burlington Textiles  (15 more) ..."}}|0x6e642f6a
09:19:02.2 (30226607)|VARIABLE_SCOPE_BEGIN|[78]|lcfield|String|false|false
09:19:02.2 (30229269)|VARIABLE_ASSIGNMENT|[78]|lcfield|"Name"
09:19:02.2 (30236480)|HEAP_ALLOCATE|[81]|Bytes:5
09:19:02.2 (30244059)|STATEMENT_EXECUTE|[79]
09:19:02.2 (30245193)|STATEMENT_EXECUTE|[81]
09:19:02.2 (30248408)|VARIABLE_SCOPE_BEGIN|[81]|returnValue|String|false|false
09:19:02.2 (30252565)|VARIABLE_ASSIGNMENT|[81]|returnValue|""
09:19:02.2 (30263787)|ENTERING_MANAGED_PKG|
09:19:02.2 (30271682)|STATEMENT_EXECUTE|[98]
09:19:02.2 (30278383)|ENTERING_MANAGED_PKG|
09:19:02.2 (30296914)|HEAP_ALLOCATE|[98]|Bytes:35
09:19:02.2 (30311160)|ENTERING_MANAGED_PKG|
09:19:02.2 (30314231)|HEAP_ALLOCATE|[98]|Bytes:35
09:19:02.2 (30325533)|VARIABLE_ASSIGNMENT|[98]|returnValue|"Burlington Textiles  (15 more) ..."
09:19:02.2 (30328543)|STATEMENT_EXECUTE|[100]
09:19:02.2 (30335168)|METHOD_EXIT|[117]|01pB0000000ljzx|testautonumdata.Sparkle_Helper.GetSobjectField(SObject, String)
09:19:02.2 (30363768)|VARIABLE_ASSIGNMENT|[EXTERNAL]|this|{"eventField":"001B00000066Xx6IAE","recordID":"001B00000066Xx6IAE"}|0x559d7374
09:19:02.2 (30369769)|VARIABLE_ASSIGNMENT|[EXTERNAL]|value|"Burlington Textiles  (15 more) ..."
09:19:02.2 (30376439)|VARIABLE_ASSIGNMENT|[10]|this.column1|"Burlington Textiles  (15 more) ..."|0x559d7374
09:19:02.2 (30382648)|STATEMENT_EXECUTE|[119]
09:19:02.2 (30384238)|STATEMENT_EXECUTE|[124]
09:19:02.2 (30386028)|STATEMENT_EXECUTE|[129]
09:19:02.2 (30387165)|STATEMENT_EXECUTE|[135]
09:19:02.2 (30392366)|ENTERING_MANAGED_PKG|
09:19:02.2 (30400142)|HEAP_ALLOCATE|[EXTERNAL]|Bytes:4
09:19:02.2 (30405293)|STATEMENT_EXECUTE|[137]
09:19:02.2 (30415847)|ENTERING_MANAGED_PKG|
09:19:02.2 (30448321)|HEAP_ALLOCATE|[137]|Bytes:207
09:19:02.2 (30463093)|HEAP_ALLOCATE|[137]|Bytes:219
09:19:02.2 (30469791)|ENTERING_MANAGED_PKG|
09:19:02.2 (30472408)|USER_DEBUG|[137]|DEBUG|######## i: ListServerController:[column1=Burlington Textiles Corp of America, column2=null, column3=null, column4=null, eventField=001B00000066Xx6IAE, mapObjectsFields={Account={Id, Name}}, recordID=001B00000066Xx6IAE]
09:19:02.2 (30487974)|HEAP_ALLOCATE|[104]|Bytes:5
09:19:02.2 (30509296)|HEAP_ALLOCATE|[104]|Bytes:12
09:19:02.2 (30522516)|VARIABLE_SCOPE_BEGIN|[104]|e|SObject|true|false
09:19:02.2 (30537364)|VARIABLE_ASSIGNMENT|[104]|e|{"s":1,"v":{"Id":"001B00000066Xx7IAE","Name":"Pyramid Construction (5 more) ..."}}|0x243620c7
09:19:02.2 (30540835)|STATEMENT_EXECUTE|[105]
09:19:02.2 (30542194)|STATEMENT_EXECUTE|[106]
09:19:02.2 (30554387)|ENTERING_MANAGED_PKG|
09:19:02.2 (30579537)|HEAP_ALLOCATE|[106]|Bytes:63
09:19:02.2 (30593233)|HEAP_ALLOCATE|[106]|Bytes:75
09:19:02.2 (30599616)|ENTERING_MANAGED_PKG|
09:19:02.2 (30602076)|USER_DEBUG|[106]|DEBUG|######## e: Account:{Id=001B00000066Xx7IAE, Name=Pyramid Construction Inc.}
09:19:02.2 (30606980)|STATEMENT_EXECUTE|[107]
09:19:02.2 (30610993)|HEAP_ALLOCATE|[107]|Bytes:28
09:19:02.2 (30619672)|CONSTRUCTOR_ENTRY|[107]|01pB0000000lc07|<init>()
09:19:02.2 (30623358)|VARIABLE_SCOPE_BEGIN|[1]|this|testautonumdata.ListServerController|true|false
09:19:02.2 (30645528)|VARIABLE_ASSIGNMENT|[1]|this|{}|0x18ae7fb3
09:19:02.2 (30652979)|HEAP_ALLOCATE|[EXTERNAL]|Bytes:5
09:19:02.2 (30666644)|STATEMENT_EXECUTE|[1]
09:19:02.2 (30670155)|HEAP_ALLOCATE|[EXTERNAL]|Bytes:5
09:19:02.2 (30672180)|STATEMENT_EXECUTE|[6]
09:19:02.2 (30673351)|STATEMENT_EXECUTE|[8]
09:19:02.2 (30674238)|STATEMENT_EXECUTE|[10]
09:19:02.2 (30675158)|STATEMENT_EXECUTE|[12]
09:19:02.2 (30676036)|STATEMENT_EXECUTE|[14]
09:19:02.2 (30677317)|STATEMENT_EXECUTE|[16]
09:19:02.2 (30685006)|CONSTRUCTOR_EXIT|[107]|01pB0000000lc07|<init>()
09:19:02.2 (30688861)|VARIABLE_SCOPE_BEGIN|[107]|i|testautonumdata.ListServerController|true|false
09:19:02.2 (30708238)|VARIABLE_ASSIGNMENT|[107]|i|{}|0x18ae7fb3
09:19:02.2 (30710758)|STATEMENT_EXECUTE|[110]
09:19:02.2 (30722967)|ENTERING_MANAGED_PKG|
09:19:02.2 (30743913)|HEAP_ALLOCATE|[110]|Bytes:4
09:19:02.2 (30758742)|ENTERING_MANAGED_PKG|
09:19:02.2 (30762041)|HEAP_ALLOCATE|[110]|Bytes:18
09:19:02.2 (30790532)|VARIABLE_ASSIGNMENT|[EXTERNAL]|this|{}|0x18ae7fb3
09:19:02.2 (30796435)|VARIABLE_ASSIGNMENT|[EXTERNAL]|value|"001B00000066Xx7IAE"
09:19:02.2 (30803099)|VARIABLE_ASSIGNMENT|[6]|this.recordID|"001B00000066Xx7IAE"|0x18ae7fb3
09:19:02.2 (30809238)|STATEMENT_EXECUTE|[112]
09:19:02.2 (30810427)|STATEMENT_EXECUTE|[113]
09:19:02.2 (30815649)|METHOD_ENTRY|[113]|01pB0000000ljzx|testautonumdata.Sparkle_Helper.GetSobjectField(SObject, String)
09:19:02.2 (30818890)|VARIABLE_SCOPE_BEGIN|[78]|e|SObject|true|false
09:19:02.2 (30829944)|VARIABLE_ASSIGNMENT|[78]|e|{"s":1,"v":{"Id":"001B00000066Xx7IAE","Name":"Pyramid Construction (5 more) ..."}}|0x243620c7
09:19:02.2 (30832053)|VARIABLE_SCOPE_BEGIN|[78]|lcfield|String|false|false
09:19:02.2 (30835279)|VARIABLE_ASSIGNMENT|[78]|lcfield|"Id"
09:19:02.2 (30842612)|HEAP_ALLOCATE|[81]|Bytes:5
09:19:02.2 (30846224)|STATEMENT_EXECUTE|[79]
09:19:02.2 (30847377)|STATEMENT_EXECUTE|[81]
09:19:02.2 (30850456)|VARIABLE_SCOPE_BEGIN|[81]|returnValue|String|false|false
09:19:02.2 (30854358)|VARIABLE_ASSIGNMENT|[81]|returnValue|""
09:19:02.2 (30865498)|ENTERING_MANAGED_PKG|
09:19:02.2 (30873143)|STATEMENT_EXECUTE|[98]
09:19:02.2 (30879726)|ENTERING_MANAGED_PKG|
09:19:02.2 (30897665)|HEAP_ALLOCATE|[98]|Bytes:4
09:19:02.2 (30912053)|ENTERING_MANAGED_PKG|
09:19:02.2 (30915369)|HEAP_ALLOCATE|[98]|Bytes:18
09:19:02.2 (30925778)|VARIABLE_ASSIGNMENT|[98]|returnValue|"001B00000066Xx7IAE"
09:19:02.2 (30928601)|STATEMENT_EXECUTE|[100]
09:19:02.2 (30935287)|METHOD_EXIT|[113]|01pB0000000ljzx|testautonumdata.Sparkle_Helper.GetSobjectField(SObject, String)
09:19:02.2 (30962215)|VARIABLE_ASSIGNMENT|[EXTERNAL]|this|{"recordID":"001B00000066Xx7IAE"}|0x18ae7fb3
09:19:02.2 (30966985)|VARIABLE_ASSIGNMENT|[EXTERNAL]|value|"001B00000066Xx7IAE"
09:19:02.2 (30972911)|VARIABLE_ASSIGNMENT|[8]|this.eventField|"001B00000066Xx7IAE"|0x18ae7fb3
09:19:02.2 (30979178)|STATEMENT_EXECUTE|[116]
09:19:02.2 (30980402)|STATEMENT_EXECUTE|[117]
09:19:02.2 (30984850)|METHOD_ENTRY|[117]|01pB0000000ljzx|testautonumdata.Sparkle_Helper.GetSobjectField(SObject, String)
09:19:02.2 (30988125)|VARIABLE_SCOPE_BEGIN|[78]|e|SObject|true|false
09:19:02.2 (30998747)|VARIABLE_ASSIGNMENT|[78]|e|{"s":1,"v":{"Id":"001B00000066Xx7IAE","Name":"Pyramid Construction (5 more) ..."}}|0x243620c7
09:19:02.2 (31001293)|VARIABLE_SCOPE_BEGIN|[78]|lcfield|String|false|false
09:19:02.2 (31004771)|VARIABLE_ASSIGNMENT|[78]|lcfield|"Name"
09:19:02.2 (31011884)|HEAP_ALLOCATE|[81]|Bytes:5
09:19:02.2 (31015420)|STATEMENT_EXECUTE|[79]
09:19:02.2 (31016541)|STATEMENT_EXECUTE|[81]
09:19:02.2 (31019649)|VARIABLE_SCOPE_BEGIN|[81]|returnValue|String|false|false
09:19:02.2 (31023692)|VARIABLE_ASSIGNMENT|[81]|returnValue|""
09:19:02.2 (31034953)|ENTERING_MANAGED_PKG|
09:19:02.2 (31042737)|STATEMENT_EXECUTE|[98]
09:19:02.2 (31049493)|ENTERING_MANAGED_PKG|
09:19:02.2 (31067657)|HEAP_ALLOCATE|[98]|Bytes:25
09:19:02.2 (31081611)|ENTERING_MANAGED_PKG|
09:19:02.2 (31084658)|HEAP_ALLOCATE|[98]|Bytes:25
09:19:02.2 (31096646)|VARIABLE_ASSIGNMENT|[98]|returnValue|"Pyramid Construction (5 more) ..."
09:19:02.2 (31099707)|STATEMENT_EXECUTE|[100]
09:19:02.2 (31106277)|METHOD_EXIT|[117]|01pB0000000ljzx|testautonumdata.Sparkle_Helper.GetSobjectField(SObject, String)
09:19:02.2 (31134117)|VARIABLE_ASSIGNMENT|[EXTERNAL]|this|{"eventField":"001B00000066Xx7IAE","recordID":"001B00000066Xx7IAE"}|0x18ae7fb3
09:19:02.2 (31140267)|VARIABLE_ASSIGNMENT|[EXTERNAL]|value|"Pyramid Construction (5 more) ..."
09:19:02.2 (31147097)|VARIABLE_ASSIGNMENT|[10]|this.column1|"Pyramid Construction (5 more) ..."|0x18ae7fb3
09:19:02.2 (31153188)|STATEMENT_EXECUTE|[119]
09:19:02.2 (31154797)|STATEMENT_EXECUTE|[124]
09:19:02.2 (31155954)|STATEMENT_EXECUTE|[129]
09:19:02.2 (31156868)|STATEMENT_EXECUTE|[135]
09:19:02.2 (31162040)|ENTERING_MANAGED_PKG|
09:19:02.2 (31169668)|HEAP_ALLOCATE|[EXTERNAL]|Bytes:4
09:19:02.2 (31174918)|STATEMENT_EXECUTE|[137]
09:19:02.2 (31185512)|ENTERING_MANAGED_PKG|
09:19:02.2 (31218278)|HEAP_ALLOCATE|[137]|Bytes:197
09:19:02.2 (31232776)|HEAP_ALLOCATE|[137]|Bytes:209
09:19:02.2 (31243357)|ENTERING_MANAGED_PKG|
09:19:02.2 (31246416)|USER_DEBUG|[137]|DEBUG|######## i: ListServerController:[column1=Pyramid Construction Inc., column2=null, column3=null, column4=null, eventField=001B00000066Xx7IAE, mapObjectsFields={Account={Id, Name}}, recordID=001B00000066Xx7IAE]
09:19:02.2 (31258977)|HEAP_ALLOCATE|[104]|Bytes:5
09:19:02.2 (31280021)|HEAP_ALLOCATE|[104]|Bytes:12
09:19:02.2 (31293310)|VARIABLE_SCOPE_BEGIN|[104]|e|SObject|true|false
09:19:02.2 (31306916)|VARIABLE_ASSIGNMENT|[104]|e|{"s":1,"v":{"Id":"001B00000066Xx8IAE","Name":"Dickenson plc"}}|0x4f10657b
09:19:02.2 (31310276)|STATEMENT_EXECUTE|[105]
09:19:02.2 (31311274)|STATEMENT_EXECUTE|[106]
09:19:02.2 (31322872)|ENTERING_MANAGED_PKG|
09:19:02.2 (31347821)|HEAP_ALLOCATE|[106]|Bytes:51
09:19:02.2 (31361838)|HEAP_ALLOCATE|[106]|Bytes:63
09:19:02.2 (31368038)|ENTERING_MANAGED_PKG|
09:19:02.2 (31370481)|USER_DEBUG|[106]|DEBUG|######## e: Account:{Id=001B00000066Xx8IAE, Name=Dickenson plc}
09:19:02.2 (31375018)|STATEMENT_EXECUTE|[107]
09:19:02.2 (31379066)|HEAP_ALLOCATE|[107]|Bytes:28
09:19:02.2 (31388002)|CONSTRUCTOR_ENTRY|[107]|01pB0000000lc07|<init>()
09:19:02.2 (31391634)|VARIABLE_SCOPE_BEGIN|[1]|this|testautonumdata.ListServerController|true|false
09:19:02.2 (31414057)|VARIABLE_ASSIGNMENT|[1]|this|{}|0x5cb7220c
09:19:02.2 (31421713)|HEAP_ALLOCATE|[EXTERNAL]|Bytes:5
09:19:02.2 (31435485)|STATEMENT_EXECUTE|[1]
09:19:02.2 (31439067)|HEAP_ALLOCATE|[EXTERNAL]|Bytes:5
09:19:02.2 (31441148)|STATEMENT_EXECUTE|[6]
09:19:02.2 (31442305)|STATEMENT_EXECUTE|[8]
09:19:02.2 (31443186)|STATEMENT_EXECUTE|[10]
09:19:02.2 (31444101)|STATEMENT_EXECUTE|[12]
09:19:02.2 (31444990)|STATEMENT_EXECUTE|[14]
09:19:02.2 (31445872)|STATEMENT_EXECUTE|[16]
09:19:02.2 (31453962)|CONSTRUCTOR_EXIT|[107]|01pB0000000lc07|<init>()
09:19:02.2 (31457662)|VARIABLE_SCOPE_BEGIN|[107]|i|testautonumdata.ListServerController|true|false
09:19:02.2 (31476442)|VARIABLE_ASSIGNMENT|[107]|i|{}|0x5cb7220c
09:19:02.2 (31478879)|STATEMENT_EXECUTE|[110]
09:19:02.2 (31491087)|ENTERING_MANAGED_PKG|
09:19:02.2 (31511881)|HEAP_ALLOCATE|[110]|Bytes:4
09:19:02.2 (31526920)|ENTERING_MANAGED_PKG|
09:19:02.2 (31530242)|HEAP_ALLOCATE|[110]|Bytes:18
09:19:02.2 (31558744)|VARIABLE_ASSIGNMENT|[EXTERNAL]|this|{}|0x5cb7220c
09:19:02.2 (31565155)|VARIABLE_ASSIGNMENT|[EXTERNAL]|value|"001B00000066Xx8IAE"
09:19:02.2 (31571510)|VARIABLE_ASSIGNMENT|[6]|this.recordID|"001B00000066Xx8IAE"|0x5cb7220c
09:19:02.2 (31577678)|STATEMENT_EXECUTE|[112]
09:19:02.2 (31578950)|STATEMENT_EXECUTE|[113]
09:19:02.2 (31584037)|METHOD_ENTRY|[113]|01pB0000000ljzx|testautonumdata.Sparkle_Helper.GetSobjectField(SObject, String)
09:19:02.2 (31587672)|VARIABLE_SCOPE_BEGIN|[78]|e|SObject|true|false
09:19:02.2 (31597705)|VARIABLE_ASSIGNMENT|[78]|e|{"s":1,"v":{"Id":"001B00000066Xx8IAE","Name":"Dickenson plc"}}|0x4f10657b
09:19:02.2 (31599666)|VARIABLE_SCOPE_BEGIN|[78]|lcfield|String|false|false
09:19:02.2 (31602359)|VARIABLE_ASSIGNMENT|[78]|lcfield|"Id"
09:19:02.2 (31609785)|HEAP_ALLOCATE|[81]|Bytes:5
09:19:02.2 (31613315)|STATEMENT_EXECUTE|[79]
09:19:02.2 (31614414)|STATEMENT_EXECUTE|[81]
09:19:02.2 (31617543)|VARIABLE_SCOPE_BEGIN|[81]|returnValue|String|false|false
09:19:02.2 (31621366)|VARIABLE_ASSIGNMENT|[81]|returnValue|""
09:19:02.2 (31632546)|ENTERING_MANAGED_PKG|
09:19:02.2 (31640601)|STATEMENT_EXECUTE|[98]
09:19:02.2 (31647425)|ENTERING_MANAGED_PKG|
09:19:02.2 (31665271)|HEAP_ALLOCATE|[98]|Bytes:4
09:19:02.2 (31679415)|ENTERING_MANAGED_PKG|
09:19:02.2 (31682672)|HEAP_ALLOCATE|[98]|Bytes:18
09:19:02.2 (31692893)|VARIABLE_ASSIGNMENT|[98]|returnValue|"001B00000066Xx8IAE"
09:19:02.2 (31695634)|STATEMENT_EXECUTE|[100]
09:19:02.2 (31702158)|METHOD_EXIT|[113]|01pB0000000ljzx|testautonumdata.Sparkle_Helper.GetSobjectField(SObject, String)
09:19:02.2 (31729202)|VARIABLE_ASSIGNMENT|[EXTERNAL]|this|{"recordID":"001B00000066Xx8IAE"}|0x5cb7220c
09:19:02.2 (31733760)|VARIABLE_ASSIGNMENT|[EXTERNAL]|value|"001B00000066Xx8IAE"
09:19:02.2 (31739458)|VARIABLE_ASSIGNMENT|[8]|this.eventField|"001B00000066Xx8IAE"|0x5cb7220c
09:19:02.2 (31745427)|STATEMENT_EXECUTE|[116]
09:19:02.2 (31746651)|STATEMENT_EXECUTE|[117]
09:19:02.2 (31750970)|METHOD_ENTRY|[117]|01pB0000000ljzx|testautonumdata.Sparkle_Helper.GetSobjectField(SObject, String)
09:19:02.2 (31754267)|VARIABLE_SCOPE_BEGIN|[78]|e|SObject|true|false
09:19:02.2 (31763806)|VARIABLE_ASSIGNMENT|[78]|e|{"s":1,"v":{"Id":"001B00000066Xx8IAE","Name":"Dickenson plc"}}|0x4f10657b
09:19:02.2 (31765597)|VARIABLE_SCOPE_BEGIN|[78]|lcfield|String|false|false
09:19:02.2 (31768057)|VARIABLE_ASSIGNMENT|[78]|lcfield|"Name"
09:19:02.2 (31775109)|HEAP_ALLOCATE|[81]|Bytes:5
09:19:02.2 (31778887)|STATEMENT_EXECUTE|[79]
09:19:02.2 (31780171)|STATEMENT_EXECUTE|[81]
09:19:02.2 (31783153)|VARIABLE_SCOPE_BEGIN|[81]|returnValue|String|false|false
09:19:02.2 (31786940)|VARIABLE_ASSIGNMENT|[81]|returnValue|""
09:19:02.2 (31797837)|ENTERING_MANAGED_PKG|
09:19:02.2 (31805590)|STATEMENT_EXECUTE|[98]
09:19:02.2 (31812212)|ENTERING_MANAGED_PKG|
09:19:02.2 (31830237)|HEAP_ALLOCATE|[98]|Bytes:13
09:19:02.2 (31844350)|ENTERING_MANAGED_PKG|
09:19:02.2 (31847328)|HEAP_ALLOCATE|[98]|Bytes:13
09:19:02.2 (31857647)|VARIABLE_ASSIGNMENT|[98]|returnValue|"Dickenson plc"
09:19:02.2 (31860609)|STATEMENT_EXECUTE|[100]
09:19:02.2 (31867082)|METHOD_EXIT|[117]|01pB0000000ljzx|testautonumdata.Sparkle_Helper.GetSobjectField(SObject, String)
09:19:02.2 (31894449)|VARIABLE_ASSIGNMENT|[EXTERNAL]|this|{"eventField":"001B00000066Xx8IAE","recordID":"001B00000066Xx8IAE"}|0x5cb7220c
09:19:02.2 (31899494)|VARIABLE_ASSIGNMENT|[EXTERNAL]|value|"Dickenson plc"
09:19:02.2 (31905291)|VARIABLE_ASSIGNMENT|[10]|this.column1|"Dickenson plc"|0x5cb7220c
09:19:02.2 (31911336)|STATEMENT_EXECUTE|[119]
09:19:02.2 (31912939)|STATEMENT_EXECUTE|[124]
09:19:02.2 (31914246)|STATEMENT_EXECUTE|[129]
09:19:02.2 (31915185)|STATEMENT_EXECUTE|[135]
09:19:02.2 (31920224)|ENTERING_MANAGED_PKG|
09:19:02.2 (31927860)|HEAP_ALLOCATE|[EXTERNAL]|Bytes:4
09:19:02.2 (31932979)|STATEMENT_EXECUTE|[137]
09:19:02.2 (31943490)|ENTERING_MANAGED_PKG|
09:19:02.2 (31975237)|HEAP_ALLOCATE|[137]|Bytes:185
09:19:02.2 (31989682)|HEAP_ALLOCATE|[137]|Bytes:197
09:19:02.2 (31996201)|ENTERING_MANAGED_PKG|
09:19:02.2 (31998799)|USER_DEBUG|[137]|DEBUG|######## i: ListServerController:[column1=Dickenson plc, column2=null, column3=null, column4=null, eventField=001B00000066Xx8IAE, mapObjectsFields={Account={Id, Name}}, recordID=001B00000066Xx8IAE]
09:19:02.2 (32011214)|HEAP_ALLOCATE|[104]|Bytes:5
09:19:02.2 (32033089)|HEAP_ALLOCATE|[104]|Bytes:12
09:19:02.2 (32045891)|VARIABLE_SCOPE_BEGIN|[104]|e|SObject|true|false
09:19:02.2 (32060567)|VARIABLE_ASSIGNMENT|[104]|e|{"s":1,"v":{"Id":"001B00000066Xx9IAE","Name":"Hospital Universitar (14 more) ..."}}|0x78d57947
09:19:02.2 (32064299)|STATEMENT_EXECUTE|[105]
09:19:02.2 (32065615)|STATEMENT_EXECUTE|[106]
09:19:02.2 (32077584)|ENTERING_MANAGED_PKG|
09:19:02.2 (32102466)|HEAP_ALLOCATE|[106]|Bytes:72
09:19:02.2 (32116251)|HEAP_ALLOCATE|[106]|Bytes:84
09:19:02.2 (32122457)|ENTERING_MANAGED_PKG|
09:19:02.2 (32124824)|USER_DEBUG|[106]|DEBUG|######## e: Account:{Id=001B00000066Xx9IAE, Name=Hospital Universitario San Ignacio}
09:19:02.2 (32129661)|STATEMENT_EXECUTE|[107]
09:19:02.2 (32133700)|HEAP_ALLOCATE|[107]|Bytes:28
09:19:02.2 (32142282)|CONSTRUCTOR_ENTRY|[107]|01pB0000000lc07|<init>()
09:19:02.2 (32145892)|VARIABLE_SCOPE_BEGIN|[1]|this|testautonumdata.ListServerController|true|false
09:19:02.2 (32167843)|VARIABLE_ASSIGNMENT|[1]|this|{}|0x3037707f
09:19:02.2 (32175127)|HEAP_ALLOCATE|[EXTERNAL]|Bytes:5
09:19:02.2 (32188473)|STATEMENT_EXECUTE|[1]
09:19:02.2 (32191994)|HEAP_ALLOCATE|[EXTERNAL]|Bytes:5
09:19:02.2 (32193940)|STATEMENT_EXECUTE|[6]
09:19:02.2 (32195138)|STATEMENT_EXECUTE|[8]
09:19:02.2 (32196125)|STATEMENT_EXECUTE|[10]
09:19:02.2 (32197070)|STATEMENT_EXECUTE|[12]
09:19:02.2 (32198013)|STATEMENT_EXECUTE|[14]
09:19:02.2 (32199144)|STATEMENT_EXECUTE|[16]
09:19:02.2 (32206963)|CONSTRUCTOR_EXIT|[107]|01pB0000000lc07|<init>()
09:19:02.2 (32210569)|VARIABLE_SCOPE_BEGIN|[107]|i|testautonumdata.ListServerController|true|false
09:19:02.2 (32229418)|VARIABLE_ASSIGNMENT|[107]|i|{}|0x3037707f
09:19:02.2 (32231985)|STATEMENT_EXECUTE|[110]
09:19:02.2 (32250091)|ENTERING_MANAGED_PKG|
09:19:02.2 (32271124)|HEAP_ALLOCATE|[110]|Bytes:4
09:19:02.2 (32286415)|ENTERING_MANAGED_PKG|
09:19:02.2 (32289745)|HEAP_ALLOCATE|[110]|Bytes:18
09:19:02.2 (32318867)|VARIABLE_ASSIGNMENT|[EXTERNAL]|this|{}|0x3037707f
09:19:02.2 (32325027)|VARIABLE_ASSIGNMENT|[EXTERNAL]|value|"001B00000066Xx9IAE"
09:19:02.2 (32331379)|VARIABLE_ASSIGNMENT|[6]|this.recordID|"001B00000066Xx9IAE"|0x3037707f
09:19:02.2 (32337438)|STATEMENT_EXECUTE|[112]
09:19:02.2 (32338653)|STATEMENT_EXECUTE|[113]
09:19:02.2 (32343743)|METHOD_ENTRY|[113]|01pB0000000ljzx|testautonumdata.Sparkle_Helper.GetSobjectField(SObject, String)
09:19:02.2 (32346869)|VARIABLE_SCOPE_BEGIN|[78]|e|SObject|true|false
09:19:02.2 (32358184)|VARIABLE_ASSIGNMENT|[78]|e|{"s":1,"v":{"Id":"001B00000066Xx9IAE","Name":"Hospital Universitar (14 more) ..."}}|0x78d57947
09:19:02.2 (32360694)|VARIABLE_SCOPE_BEGIN|[78]|lcfield|String|false|false
09:19:02.2 (32363782)|VARIABLE_ASSIGNMENT|[78]|lcfield|"Id"
09:19:02.2 (32371060)|HEAP_ALLOCATE|[81]|Bytes:5
09:19:02.2 (32374678)|STATEMENT_EXECUTE|[79]
09:19:02.2 (32375772)|STATEMENT_EXECUTE|[81]
09:19:02.2 (32378978)|VARIABLE_SCOPE_BEGIN|[81]|returnValue|String|false|false
09:19:02.2 (32382928)|VARIABLE_ASSIGNMENT|[81]|returnValue|""
09:19:02.2 (32394000)|ENTERING_MANAGED_PKG|
09:19:02.2 (32401869)|STATEMENT_EXECUTE|[98]
09:19:02.2 (32408760)|ENTERING_MANAGED_PKG|
09:19:02.2 (32426579)|HEAP_ALLOCATE|[98]|Bytes:4
09:19:02.2 (32440985)|ENTERING_MANAGED_PKG|
09:19:02.2 (32444209)|HEAP_ALLOCATE|[98]|Bytes:18
09:19:02.2 (32454869)|VARIABLE_ASSIGNMENT|[98]|returnValue|"001B00000066Xx9IAE"
09:19:02.2 (32457719)|STATEMENT_EXECUTE|[100]
09:19:02.2 (32464422)|METHOD_EXIT|[113]|01pB0000000ljzx|testautonumdata.Sparkle_Helper.GetSobjectField(SObject, String)
09:19:02.2 (32491241)|VARIABLE_ASSIGNMENT|[EXTERNAL]|this|{"recordID":"001B00000066Xx9IAE"}|0x3037707f
09:19:02.2 (32496001)|VARIABLE_ASSIGNMENT|[EXTERNAL]|value|"001B00000066Xx9IAE"
09:19:02.2 (32501671)|VARIABLE_ASSIGNMENT|[8]|this.eventField|"001B00000066Xx9IAE"|0x3037707f
09:19:02.2 (32508119)|STATEMENT_EXECUTE|[116]
09:19:02.2 (32509460)|STATEMENT_EXECUTE|[117]
09:19:02.2 (32513920)|METHOD_ENTRY|[117]|01pB0000000ljzx|testautonumdata.Sparkle_Helper.GetSobjectField(SObject, String)
09:19:02.2 (32517137)|VARIABLE_SCOPE_BEGIN|[78]|e|SObject|true|false
09:19:02.2 (32527834)|VARIABLE_ASSIGNMENT|[78]|e|{"s":1,"v":{"Id":"001B00000066Xx9IAE","Name":"Hospital Universitar (14 more) ..."}}|0x78d57947
09:19:02.2 (32529835)|VARIABLE_SCOPE_BEGIN|[78]|lcfield|String|false|false
09:19:02.2 (32532535)|VARIABLE_ASSIGNMENT|[78]|lcfield|"Name"
09:19:02.2 (32539551)|HEAP_ALLOCATE|[81]|Bytes:5
09:19:02.2 (32543101)|STATEMENT_EXECUTE|[79]
09:19:02.2 (32544203)|STATEMENT_EXECUTE|[81]
09:19:02.2 (32547452)|VARIABLE_SCOPE_BEGIN|[81]|returnValue|String|false|false
09:19:02.2 (32551341)|VARIABLE_ASSIGNMENT|[81]|returnValue|""
09:19:02.2 (32562470)|ENTERING_MANAGED_PKG|
09:19:02.2 (32570139)|STATEMENT_EXECUTE|[98]
09:19:02.2 (32576814)|ENTERING_MANAGED_PKG|
09:19:02.2 (32595031)|HEAP_ALLOCATE|[98]|Bytes:34
09:19:02.2 (32608989)|ENTERING_MANAGED_PKG|
09:19:02.2 (32612023)|HEAP_ALLOCATE|[98]|Bytes:34
09:19:02.2 (32623536)|VARIABLE_ASSIGNMENT|[98]|returnValue|"Hospital Universitar (14 more) ..."
09:19:02.2 (32626476)|STATEMENT_EXECUTE|[100]
09:19:02.2 (32633112)|METHOD_EXIT|[117]|01pB0000000ljzx|testautonumdata.Sparkle_Helper.GetSobjectField(SObject, String)
09:19:02.2 (32661399)|VARIABLE_ASSIGNMENT|[EXTERNAL]|this|{"eventField":"001B00000066Xx9IAE","recordID":"001B00000066Xx9IAE"}|0x3037707f
09:19:02.2 (32667335)|VARIABLE_ASSIGNMENT|[EXTERNAL]|value|"Hospital Universitar (14 more) ..."
09:19:02.2 (32673913)|VARIABLE_ASSIGNMENT|[10]|this.column1|"Hospital Universitar (14 more) ..."|0x3037707f
09:19:02.2 (32680089)|STATEMENT_EXECUTE|[119]
09:19:02.2 (32681674)|STATEMENT_EXECUTE|[124]
09:19:02.2 (32682791)|STATEMENT_EXECUTE|[129]
09:19:02.2 (32683758)|STATEMENT_EXECUTE|[135]
09:19:02.2 (32689007)|ENTERING_MANAGED_PKG|
09:19:02.2 (32696636)|HEAP_ALLOCATE|[EXTERNAL]|Bytes:4
09:19:02.2 (32701910)|STATEMENT_EXECUTE|[137]
09:19:02.2 (32712525)|ENTERING_MANAGED_PKG|
09:19:02.2 (32744990)|HEAP_ALLOCATE|[137]|Bytes:206
09:19:02.2 (32759225)|HEAP_ALLOCATE|[137]|Bytes:218
09:19:02.2 (32765878)|ENTERING_MANAGED_PKG|
09:19:02.2 (32768920)|USER_DEBUG|[137]|DEBUG|######## i: ListServerController:[column1=Hospital Universitario San Ignacio, column2=null, column3=null, column4=null, eventField=001B00000066Xx9IAE, mapObjectsFields={Account={Id, Name}}, recordID=001B00000066Xx9IAE]
09:19:02.2 (32781325)|HEAP_ALLOCATE|[104]|Bytes:5
09:19:02.2 (32792766)|VARIABLE_ASSIGNMENT|[104]|e|null|
09:19:02.2 (32796072)|STATEMENT_EXECUTE|[142]
09:19:02.2 (32798959)|HEAP_ALLOCATE|[142]|Bytes:27
09:19:02.2 (32810813)|ENTERING_MANAGED_PKG|
09:19:02.2 (32955889)|HEAP_ALLOCATE|[142]|Bytes:1546
09:19:02.2 (32976169)|HEAP_ALLOCATE|[142]|Bytes:1573
09:19:02.2 (32989644)|ENTERING_MANAGED_PKG|
09:19:02.2 (32992892)|USER_DEBUG|[142]|DEBUG|######## lstReturnRecords: (ListServerController:[column1=GenePoint, column2=null, column3=null, column4=null, eventField=001B00000066XxFIAU, mapObjectsFields={Account={Id, Name}}, recordID=001B00000066XxFIAU], ListServerController:[column1=United Oil & Gas, UK, column2=null, column3=null, column4=null, eventField=001B00000066XxDIAU, mapObjectsFields=(already output), recordID=001B00000066XxDIAU], ListServerController:[column1=United Oil & Gas, Singapore, column2=null, column3=null, column4=null, eventField=001B00000066XxEIAU, mapObjectsFields=(already output), recordID=001B00000066XxEIAU], ListServerController:[column1=Edge Communications, column2=null, column3=null, column4=null, eventField=001B00000066Xx5IAE, mapObjectsFields=(already output), recordID=001B00000066Xx5IAE], ListServerController:[column1=Burlington Textiles Corp of America, column2=null, column3=null, column4=null, eventField=001B00000066Xx6IAE, mapObjectsFields=(already output), recordID=001B00000066Xx6IAE], ListServerController:[column1=Pyramid Construction Inc., column2=null, column3=null, column4=null, eventField=001B00000066Xx7IAE, mapObjectsFields=(already output), recordID=001B00000066Xx7IAE], ListServerController:[column1=Dickenson plc, column2=null, column3=null, column4=null, eventField=001B00000066Xx8IAE, mapObjectsFields=(already output), recordID=001B00000066Xx8IAE], ListServerController:[column1=Hospital Universitario San Ignacio, column2=null, column3=null, column4=null, eventField=001B00000066Xx9IAE, mapObjectsFields=(already output), recordID=001B00000066Xx9IAE])
09:19:02.2 (33006597)|STATEMENT_EXECUTE|[144]
09:19:02.2 (33021294)|SYSTEM_MODE_EXIT|false
09:19:02.33 (33067165)|CUMULATIVE_LIMIT_USAGE
09:19:02.33 (33067165)|LIMIT_USAGE_FOR_NS|(default)|
  Number of SOQL queries: 0 out of 100
  Number of query rows: 0 out of 50000
  Number of SOSL queries: 0 out of 20
  Number of DML statements: 0 out of 150
  Number of DML rows: 0 out of 10000
  Maximum CPU time: 0 out of 10000
  Maximum heap size: 0 out of 6000000
  Number of callouts: 0 out of 100
  Number of Email Invocations: 0 out of 10
  Number of future calls: 0 out of 50
  Number of queueable jobs added to the queue: 0 out of 50
  Number of Mobile Apex push calls: 0 out of 10

09:19:02.33 (33067165)|LIMIT_USAGE_FOR_NS|testautonumdata|
  Number of SOQL queries: 1 out of 100
  Number of query rows: 8 out of 50000
  Number of SOSL queries: 0 out of 20
  Number of DML statements: 0 out of 150
  Number of DML rows: 0 out of 10000
  Maximum CPU time: 0 out of 10000
  Maximum heap size: 0 out of 6000000
  Number of callouts: 0 out of 100
  Number of Email Invocations: 0 out of 10
  Number of future calls: 0 out of 50
  Number of queueable jobs added to the queue: 0 out of 50
  Number of Mobile Apex push calls: 0 out of 10

09:19:02.33 (33067165)|CUMULATIVE_LIMIT_USAGE_END

09:19:02.35 (35352628)|CODE_UNIT_STARTED|[EXTERNAL]|Aura
09:19:02.36 (36671604)|CODE_UNIT_STARTED|[EXTERNAL]|Aura
09:19:02.37 (37627592)|CODE_UNIT_STARTED|[EXTERNAL]|Aura
09:19:02.38 (38826919)|CODE_UNIT_STARTED|[EXTERNAL]|Aura
09:19:02.39 (39924790)|CODE_UNIT_STARTED|[EXTERNAL]|Aura
09:19:02.40 (40974222)|CODE_UNIT_STARTED|[EXTERNAL]|Aura
09:19:02.42 (42066184)|CODE_UNIT_STARTED|[EXTERNAL]|Aura
09:19:02.43 (43404780)|CODE_UNIT_STARTED|[EXTERNAL]|Aura
09:19:02.44 (44844952)|CODE_UNIT_STARTED|[EXTERNAL]|01pB0000000lc07|ListServerController.getCurrentUser
09:19:02.44 (44889105)|SYSTEM_MODE_ENTER|false
09:19:02.44 (44906591)|HEAP_ALLOCATE|[151]|Bytes:5
09:19:02.44 (44911831)|STATEMENT_EXECUTE|[150]
09:19:02.44 (44913394)|STATEMENT_EXECUTE|[151]
09:19:02.44 (44916607)|HEAP_ALLOCATE|[151]|Bytes:68
09:19:02.44 (44926308)|HEAP_ALLOCATE|[151]|Bytes:4
09:19:02.44 (44936246)|HEAP_ALLOCATE|[151]|Bytes:7
09:19:02.44 (45003707)|HEAP_ALLOCATE|[151]|Bytes:85
09:19:02.44 (45018506)|SYSTEM_METHOD_ENTRY|[1]|UserInfo.UserInfo()
09:19:02.44 (45021408)|STATEMENT_EXECUTE|[1]
09:19:02.44 (45029160)|SYSTEM_METHOD_EXIT|[1]|UserInfo
09:19:02.44 (45045038)|METHOD_ENTRY|[151]||System.UserInfo.getUserId()
09:19:02.44 (45086708)|METHOD_EXIT|[151]||System.UserInfo.getUserId()
09:19:02.44 (46010281)|SOQL_EXECUTE_BEGIN|[151]|Aggregations:0|SELECT Id, FirstName, LastName FROM User WHERE Id = :tmpVar1 LIMIT 1
09:19:02.44 (51704555)|SOQL_EXECUTE_END|[151]|Rows:1
09:19:02.44 (51727343)|HEAP_ALLOCATE|[151]|Bytes:8
09:19:02.44 (51740951)|HEAP_ALLOCATE|[151]|Bytes:69
09:19:02.44 (51798353)|HEAP_ALLOCATE|[151]|Bytes:8
09:19:02.44 (51808095)|HEAP_ALLOCATE|[151]|Bytes:30
09:19:02.44 (51879948)|HEAP_ALLOCATE|[151]|Bytes:16
09:19:02.44 (51888432)|VARIABLE_SCOPE_BEGIN|[151]|user|User|true|false
09:19:02.44 (51921276)|VARIABLE_ASSIGNMENT|[151]|user|{"s":1,"v":{"Id":"005B0000001VpZRIA0","FirstName":"Rodrigo","LastName":"Reboucas"}}|0x74624883
09:19:02.44 (51925734)|STATEMENT_EXECUTE|[152]
09:19:02.44 (51936092)|SYSTEM_MODE_EXIT|false
09:19:02.51 (51962211)|CUMULATIVE_LIMIT_USAGE
09:19:02.51 (51962211)|LIMIT_USAGE_FOR_NS|(default)|
  Number of SOQL queries: 0 out of 100
  Number of query rows: 0 out of 50000
  Number of SOSL queries: 0 out of 20
  Number of DML statements: 0 out of 150
  Number of DML rows: 0 out of 10000
  Maximum CPU time: 0 out of 10000
  Maximum heap size: 0 out of 6000000
  Number of callouts: 0 out of 100
  Number of Email Invocations: 0 out of 10
  Number of future calls: 0 out of 50
  Number of queueable jobs added to the queue: 0 out of 50
  Number of Mobile Apex push calls: 0 out of 10

09:19:02.51 (51962211)|LIMIT_USAGE_FOR_NS|testautonumdata|
  Number of SOQL queries: 2 out of 100
  Number of query rows: 9 out of 50000
  Number of SOSL queries: 0 out of 20
  Number of DML statements: 0 out of 150
  Number of DML rows: 0 out of 10000
  Maximum CPU time: 0 out of 10000
  Maximum heap size: 0 out of 6000000
  Number of callouts: 0 out of 100
  Number of Email Invocations: 0 out of 10
  Number of future calls: 0 out of 50
  Number of queueable jobs added to the queue: 0 out of 50
  Number of Mobile Apex push calls: 0 out of 10

09:19:02.51 (51962211)|CUMULATIVE_LIMIT_USAGE_END

