37.0 APEX_CODE,FINEST;APEX_PROFILING,INFO;CALLOUT,INFO;DB,INFO;SYSTEM,DEBUG;VALIDATION,INFO;VISUALFORCE,INFO;WORKFLOW,INFO
13:32:09.0 (155531)|USER_INFO|[EXTERNAL]|005B0000001VpZR|rreboucas-yi5c@force.com|Pacific Standard Time|GMT-07:00
13:32:09.0 (722247)|HEAP_ALLOCATE|[72]|Bytes:3
13:32:09.0 (794169)|HEAP_ALLOCATE|[77]|Bytes:152
13:32:09.0 (820147)|HEAP_ALLOCATE|[342]|Bytes:408
13:32:09.0 (842292)|HEAP_ALLOCATE|[355]|Bytes:408
13:32:09.0 (863662)|HEAP_ALLOCATE|[467]|Bytes:48
13:32:09.3 (3020547)|USER_INFO|[EXTERNAL]|005B0000001VpZR|rreboucas-yi5c@force.com|Pacific Standard Time|GMT-07:00
13:32:09.3 (3213941)|STATEMENT_EXECUTE|[1]
13:32:09.3 (3255566)|HEAP_ALLOCATE|[50]|Bytes:5
13:32:09.3 (3282157)|HEAP_ALLOCATE|[56]|Bytes:5
13:32:09.3 (3294325)|HEAP_ALLOCATE|[64]|Bytes:7
13:32:09.3 (3320473)|SYSTEM_MODE_ENTER|false
13:32:09.3 (3398628)|HEAP_ALLOCATE|[3]|Bytes:5
13:32:09.3 (3406227)|STATEMENT_EXECUTE|[3]
13:32:09.3 (3440550)|VARIABLE_ASSIGNMENT|[3]|InterviewsLCServerController.mapObjectsFields|null|
13:32:09.3 (3449507)|SYSTEM_MODE_EXIT|false
13:32:09.3 (3480981)|METHOD_EXIT|[1]|InterviewsLCServerController
13:32:09.3 (3490544)|HEAP_ALLOCATE|[EXTERNAL]|Bytes:1
13:32:09.3 (3507840)|HEAP_ALLOCATE|[EXTERNAL]|Bytes:7
13:32:09.3 (3516815)|SYSTEM_MODE_ENTER|false
13:32:09.3 (3526531)|VARIABLE_SCOPE_BEGIN|[89]|rowsLimit|String|false|false
13:32:09.3 (3538350)|VARIABLE_ASSIGNMENT|[89]|rowsLimit|"8"
13:32:09.3 (3542790)|VARIABLE_SCOPE_BEGIN|[89]|objectApiName|String|false|false
13:32:09.3 (3548143)|VARIABLE_ASSIGNMENT|[89]|objectApiName|"Account"
13:32:09.3 (3551810)|VARIABLE_SCOPE_BEGIN|[89]|filter1Field|String|false|false
13:32:09.3 (3556711)|VARIABLE_ASSIGNMENT|[89]|filter1Field|null
13:32:09.3 (3560496)|VARIABLE_SCOPE_BEGIN|[89]|filter1Value|String|false|false
13:32:09.3 (3564725)|VARIABLE_ASSIGNMENT|[89]|filter1Value|null
13:32:09.3 (3567995)|VARIABLE_SCOPE_BEGIN|[89]|eventField|String|false|false
13:32:09.3 (3572081)|VARIABLE_ASSIGNMENT|[89]|eventField|null
13:32:09.3 (3575607)|VARIABLE_SCOPE_BEGIN|[89]|column1|String|false|false
13:32:09.3 (3579493)|VARIABLE_ASSIGNMENT|[89]|column1|null
13:32:09.3 (3582974)|VARIABLE_SCOPE_BEGIN|[89]|column2|String|false|false
13:32:09.3 (3586897)|VARIABLE_ASSIGNMENT|[89]|column2|null
13:32:09.3 (3590236)|VARIABLE_SCOPE_BEGIN|[89]|column3|String|false|false
13:32:09.3 (3594128)|VARIABLE_ASSIGNMENT|[89]|column3|null
13:32:09.3 (3597559)|VARIABLE_SCOPE_BEGIN|[89]|column4|String|false|false
13:32:09.3 (3601508)|VARIABLE_ASSIGNMENT|[89]|column4|null
13:32:09.3 (3614992)|HEAP_ALLOCATE|[91]|Bytes:5
13:32:09.3 (3622249)|STATEMENT_EXECUTE|[89]
13:32:09.3 (3625455)|STATEMENT_EXECUTE|[91]
13:32:09.3 (3629958)|HEAP_ALLOCATE|[91]|Bytes:20
13:32:09.3 (3641848)|HEAP_ALLOCATE|[91]|Bytes:21
13:32:09.3 (3668666)|ENTERING_MANAGED_PKG|
13:32:09.3 (3700593)|USER_DEBUG|[91]|DEBUG|######## rowsLimit: 8
13:32:09.3 (3711515)|STATEMENT_EXECUTE|[92]
13:32:09.3 (3717770)|HEAP_ALLOCATE|[92]|Bytes:24
13:32:09.3 (3726508)|HEAP_ALLOCATE|[92]|Bytes:31
13:32:09.3 (3741320)|ENTERING_MANAGED_PKG|
13:32:09.3 (3758833)|USER_DEBUG|[92]|DEBUG|######## objectApiName: Account
13:32:09.3 (3768047)|STATEMENT_EXECUTE|[95]
13:32:09.3 (3777460)|HEAP_ALLOCATE|[95]|Bytes:4
13:32:09.3 (3815687)|VARIABLE_ASSIGNMENT|[95]|InterviewsLCServerController.mapObjectsFields|{"s":1,"v":{}}|0x43ba17f6
13:32:09.3 (3822717)|STATEMENT_EXECUTE|[97]
13:32:09.3 (3827599)|HEAP_ALLOCATE|[97]|Bytes:2
13:32:09.3 (3843295)|METHOD_ENTRY|[97]|01pB0000000lA1s|testautonumdata.InterviewsLCServerController.AddFieldToObjectsMap(String, String)
13:32:09.3 (3861871)|VARIABLE_SCOPE_BEGIN|[21]|fieldName|String|false|false
13:32:09.3 (3871957)|VARIABLE_ASSIGNMENT|[21]|fieldName|"Id"
13:32:09.3 (3875961)|VARIABLE_SCOPE_BEGIN|[21]|initialObjectName|String|false|false
13:32:09.3 (3880841)|VARIABLE_ASSIGNMENT|[21]|initialObjectName|"Account"
13:32:09.3 (3889979)|HEAP_ALLOCATE|[23]|Bytes:5
13:32:09.3 (3895649)|STATEMENT_EXECUTE|[22]
13:32:09.3 (3899568)|HEAP_ALLOCATE|[23]|Bytes:1
13:32:09.3 (3922012)|ENTERING_MANAGED_PKG|
13:32:09.3 (3954802)|STATEMENT_EXECUTE|[64]
13:32:09.3 (3968621)|METHOD_ENTRY|[64]|01pB0000000lA1s|testautonumdata.InterviewsLCServerController.AddFieldToMap(String, String)
13:32:09.3 (3982887)|VARIABLE_SCOPE_BEGIN|[68]|fieldName|String|false|false
13:32:09.3 (3991594)|VARIABLE_ASSIGNMENT|[68]|fieldName|"Id"
13:32:09.3 (3995343)|VARIABLE_SCOPE_BEGIN|[68]|ObjectName|String|false|false
13:32:09.3 (4000195)|VARIABLE_ASSIGNMENT|[68]|ObjectName|"Account"
13:32:09.3 (4010304)|HEAP_ALLOCATE|[71]|Bytes:5
13:32:09.3 (4015733)|STATEMENT_EXECUTE|[69]
13:32:09.3 (4033837)|ENTERING_MANAGED_PKG|
13:32:09.3 (4066497)|STATEMENT_EXECUTE|[78]
13:32:09.3 (4072060)|STATEMENT_EXECUTE|[79]
13:32:09.3 (4120814)|HEAP_ALLOCATE|[79]|Bytes:4
13:32:09.3 (4146126)|ENTERING_MANAGED_PKG|
13:32:09.3 (4181432)|VARIABLE_SCOPE_BEGIN|[79]|newFieldSet|Set<String>|true|false
13:32:09.3 (4226350)|VARIABLE_ASSIGNMENT|[79]|newFieldSet|{"s":1,"v":[]}|0x4589439
13:32:09.3 (4233528)|STATEMENT_EXECUTE|[80]
13:32:09.3 (4251064)|ENTERING_MANAGED_PKG|
13:32:09.3 (4275492)|HEAP_ALLOCATE|[EXTERNAL]|Bytes:4
13:32:09.3 (4286947)|STATEMENT_EXECUTE|[81]
13:32:09.3 (4303737)|ENTERING_MANAGED_PKG|
13:32:09.3 (4335570)|HEAP_ALLOCATE|[EXTERNAL]|Bytes:-4
13:32:09.3 (4352524)|METHOD_EXIT|[64]|01pB0000000lA1s|testautonumdata.InterviewsLCServerController.AddFieldToMap(String, String)
13:32:09.3 (4362313)|METHOD_EXIT|[97]|01pB0000000lA1s|testautonumdata.InterviewsLCServerController.AddFieldToObjectsMap(String, String)
13:32:09.3 (4367696)|STATEMENT_EXECUTE|[99]
13:32:09.3 (4395368)|HEAP_ALLOCATE|[99]|Bytes:4
13:32:09.3 (4471567)|ENTERING_MANAGED_PKG|
13:32:09.3 (4497275)|VARIABLE_SCOPE_BEGIN|[99]|lstReturnRecords|List<testautonumdata.InterviewsLCServerController>|true|false
13:32:09.3 (4526105)|HEAP_ALLOCATE|[EXTERNAL]|Bytes:4
13:32:09.3 (4543139)|VARIABLE_ASSIGNMENT|[99]|lstReturnRecords|{"s":1,"v":[]}|0x333a5604
13:32:09.3 (4549396)|STATEMENT_EXECUTE|[101]
13:32:09.3 (4575667)|ENTERING_MANAGED_PKG|
13:32:09.3 (4606499)|VARIABLE_SCOPE_BEGIN|[101]|rLimit|Integer|false|false
13:32:09.3 (4615545)|HEAP_ALLOCATE|[101]|Bytes:4
13:32:09.3 (4624402)|VARIABLE_ASSIGNMENT|[101]|rLimit|8
13:32:09.3 (4628900)|STATEMENT_EXECUTE|[102]
13:32:09.3 (4633773)|HEAP_ALLOCATE|[102]|Bytes:17
13:32:09.3 (4654772)|ENTERING_MANAGED_PKG|
13:32:09.3 (4679033)|HEAP_ALLOCATE|[102]|Bytes:1
13:32:09.3 (4696078)|HEAP_ALLOCATE|[102]|Bytes:18
13:32:09.3 (4713105)|ENTERING_MANAGED_PKG|
13:32:09.3 (4722076)|USER_DEBUG|[102]|DEBUG|######## rLimit: 8
13:32:09.3 (4730565)|STATEMENT_EXECUTE|[106]
13:32:09.3 (4736751)|HEAP_ALLOCATE|[106]|Bytes:9
13:32:09.3 (4743179)|VARIABLE_SCOPE_BEGIN|[106]|soql|String|false|false
13:32:09.3 (4752407)|VARIABLE_ASSIGNMENT|[106]|soql|"Select id"
13:32:09.3 (4757344)|STATEMENT_EXECUTE|[108]
13:32:09.3 (4760608)|STATEMENT_EXECUTE|[114]
13:32:09.3 (4763617)|STATEMENT_EXECUTE|[119]
13:32:09.3 (4766496)|STATEMENT_EXECUTE|[124]
13:32:09.3 (4769348)|STATEMENT_EXECUTE|[129]
13:32:09.3 (4772024)|STATEMENT_EXECUTE|[135]
13:32:09.3 (4775752)|HEAP_ALLOCATE|[135]|Bytes:6
13:32:09.3 (4795408)|ENTERING_MANAGED_PKG|
13:32:09.3 (4815767)|HEAP_ALLOCATE|[135]|Bytes:7
13:32:09.3 (4832461)|HEAP_ALLOCATE|[135]|Bytes:13
13:32:09.3 (4839722)|HEAP_ALLOCATE|[135]|Bytes:22
13:32:09.3 (4851282)|VARIABLE_ASSIGNMENT|[135]|soql|"Select id FROM Accou (2 more) ..."
13:32:09.3 (4859954)|STATEMENT_EXECUTE|[138]
13:32:09.3 (4863418)|STATEMENT_EXECUTE|[144]
13:32:09.3 (4867790)|HEAP_ALLOCATE|[144]|Bytes:7
13:32:09.3 (4884598)|ENTERING_MANAGED_PKG|
13:32:09.3 (4903203)|HEAP_ALLOCATE|[144]|Bytes:1
13:32:09.3 (4919244)|HEAP_ALLOCATE|[144]|Bytes:8
13:32:09.3 (4926201)|HEAP_ALLOCATE|[144]|Bytes:30
13:32:09.3 (4936787)|VARIABLE_ASSIGNMENT|[144]|soql|"Select id FROM Accou (10 more) ..."
13:32:09.3 (4942081)|STATEMENT_EXECUTE|[148]
13:32:09.3 (4946232)|HEAP_ALLOCATE|[148]|Bytes:15
13:32:09.3 (4953129)|HEAP_ALLOCATE|[148]|Bytes:45
13:32:09.3 (4968721)|ENTERING_MANAGED_PKG|
13:32:09.3 (4987768)|USER_DEBUG|[148]|DEBUG|######## soql: Select id FROM Account limit 8
13:32:09.3 (5006734)|ENTERING_MANAGED_PKG|
13:32:09.3 (5031092)|STATEMENT_EXECUTE|[156]
13:32:09.3 (5036327)|STATEMENT_EXECUTE|[157]
13:32:09.3 (5041487)|HEAP_ALLOCATE|[157]|Bytes:27
13:32:09.3 (5061481)|ENTERING_MANAGED_PKG|
13:32:09.3 (5091607)|HEAP_ALLOCATE|[157]|Bytes:14
13:32:09.3 (5109002)|HEAP_ALLOCATE|[157]|Bytes:41
13:32:09.3 (5124728)|ENTERING_MANAGED_PKG|
13:32:09.3 (5133164)|USER_DEBUG|[157]|DEBUG|######## mapObjectsFields: {Account={Id}}
13:32:09.3 (5147691)|HEAP_ALLOCATE|[158]|Bytes:4
13:32:09.3 (5163401)|ENTERING_MANAGED_PKG|
13:32:09.3 (5190524)|ENTERING_MANAGED_PKG|
13:32:09.3 (5208960)|HEAP_ALLOCATE|[158]|Bytes:15
13:32:09.3 (5227950)|ENTERING_MANAGED_PKG|
13:32:09.3 (5237989)|HEAP_ALLOCATE|[158]|Bytes:4
13:32:09.3 (5250309)|ENTERING_MANAGED_PKG|
13:32:09.3 (5311006)|HEAP_ALLOCATE|[158]|Bytes:5
13:32:09.3 (5348841)|VARIABLE_SCOPE_BEGIN|[158]|objectName|String|false|false
13:32:09.3 (5360422)|VARIABLE_ASSIGNMENT|[158]|objectName|"Account"
13:32:09.3 (5365870)|STATEMENT_EXECUTE|[159]
13:32:09.3 (5368663)|STATEMENT_EXECUTE|[160]
13:32:09.3 (5373141)|HEAP_ALLOCATE|[160]|Bytes:21
13:32:09.3 (5381962)|HEAP_ALLOCATE|[160]|Bytes:28
13:32:09.3 (5398276)|ENTERING_MANAGED_PKG|
13:32:09.3 (5417965)|USER_DEBUG|[160]|DEBUG|######## objectName: Account
13:32:09.3 (5427655)|STATEMENT_EXECUTE|[161]
13:32:09.3 (5448536)|ENTERING_MANAGED_PKG|
13:32:09.3 (18903477)|HEAP_ALLOCATE|[161]|Bytes:1764
13:32:09.3 (18936980)|ENTERING_MANAGED_PKG|
13:32:09.3 (19033319)|HEAP_ALLOCATE|[161]|Bytes:4
13:32:09.3 (19049047)|VARIABLE_SCOPE_BEGIN|[161]|sObj|SObject|true|false
13:32:09.3 (19068347)|VARIABLE_ASSIGNMENT|[161]|sObj|{}|0x5e244df3
13:32:09.3 (19074123)|STATEMENT_EXECUTE|[162]
13:32:09.3 (19102204)|ENTERING_MANAGED_PKG|
13:32:09.3 (19520257)|HEAP_ALLOCATE|[162]|Bytes:4
13:32:09.3 (20565466)|HEAP_ALLOCATE|[162]|Bytes:320
13:32:09.3 (20582508)|VARIABLE_SCOPE_BEGIN|[162]|m|Map<String,Schema.SObjectField>|true|false
13:32:09.3 (20885419)|VARIABLE_ASSIGNMENT|[162]|m|"{accountnumber=AccountNumber, accountsource=AccountSource, annualrevenue=AnnualRevenue, billingaddress=BillingAddress, billingcity=BillingCity, billingcountry=BillingCountry, billingcountrycode=BillingCountryCode, billinggeocodeaccuracy=BillingGeocodeAccuracy, billinglatitude=BillingLatitude, billinglongitude=BillingLongitude, ...}"|0x5478cd33
13:32:09.3 (20898598)|STATEMENT_EXECUTE|[163]
13:32:09.3 (20918691)|ENTERING_MANAGED_PKG|
13:32:09.3 (20956876)|VARIABLE_SCOPE_BEGIN|[163]|objectFieldSet|Set<String>|true|false
13:32:09.3 (20978137)|VARIABLE_ASSIGNMENT|[163]|objectFieldSet|{"s":1,"v":["Id"]}|0x4589439
13:32:09.3 (20988326)|HEAP_ALLOCATE|[165]|Bytes:4
13:32:09.3 (21004569)|ENTERING_MANAGED_PKG|
13:32:09.3 (21034057)|ENTERING_MANAGED_PKG|
13:32:09.3 (21042633)|HEAP_ALLOCATE|[165]|Bytes:4
13:32:09.3 (21056043)|ENTERING_MANAGED_PKG|
13:32:09.3 (21075245)|HEAP_ALLOCATE|[165]|Bytes:5
13:32:09.3 (21095245)|VARIABLE_SCOPE_BEGIN|[165]|fieldToCheck|String|false|false
13:32:09.3 (21105920)|VARIABLE_ASSIGNMENT|[165]|fieldToCheck|"Id"
13:32:09.3 (21111607)|STATEMENT_EXECUTE|[165]
13:32:09.3 (21114481)|STATEMENT_EXECUTE|[166]
13:32:09.3 (21119251)|HEAP_ALLOCATE|[166]|Bytes:23
13:32:09.3 (21128665)|HEAP_ALLOCATE|[166]|Bytes:25
13:32:09.3 (21145497)|ENTERING_MANAGED_PKG|
13:32:09.3 (21168726)|USER_DEBUG|[166]|DEBUG|######## fieldToCheck: Id
13:32:09.3 (21189499)|ENTERING_MANAGED_PKG|
13:32:09.3 (21500459)|HEAP_ALLOCATE|[168]|Bytes:8
13:32:09.3 (21533824)|STATEMENT_EXECUTE|[168]
13:32:09.3 (21539570)|STATEMENT_EXECUTE|[176]
13:32:09.3 (21544701)|HEAP_ALLOCATE|[176]|Bytes:35
13:32:09.3 (21556206)|HEAP_ALLOCATE|[176]|Bytes:37
13:32:09.3 (21574144)|ENTERING_MANAGED_PKG|
13:32:09.3 (21595260)|USER_DEBUG|[176]|DEBUG|######## User has access to field: Id
13:32:09.3 (21614139)|HEAP_ALLOCATE|[165]|Bytes:5
13:32:09.3 (21631066)|VARIABLE_ASSIGNMENT|[165]|fieldToCheck|null
13:32:09.3 (21643150)|HEAP_ALLOCATE|[158]|Bytes:5
13:32:09.3 (21655632)|VARIABLE_ASSIGNMENT|[158]|objectName|null
13:32:09.3 (21662413)|STATEMENT_EXECUTE|[184]
13:32:09.3 (21687735)|ENTERING_MANAGED_PKG|
13:32:09.3 (21708435)|HEAP_ALLOCATE|[184]|Bytes:4
13:32:09.3 (21854040)|SOQL_EXECUTE_BEGIN|[184]|Aggregations:0|Select id FROM Account limit 8
13:32:09.3 (26140858)|SOQL_EXECUTE_END|[184]|Rows:8
13:32:09.3 (26170496)|HEAP_ALLOCATE|[184]|Bytes:36
13:32:09.3 (26193161)|HEAP_ALLOCATE|[184]|Bytes:232
13:32:09.3 (26236084)|HEAP_ALLOCATE|[184]|Bytes:36
13:32:09.3 (26254835)|VARIABLE_SCOPE_BEGIN|[184]|lstQueriedRecords|List<SObject>|true|false
13:32:09.3 (26279992)|VARIABLE_ASSIGNMENT|[184]|lstQueriedRecords|{"s":1,"v":"List of size 8 too large to display"}|0x7dd9dfae
13:32:09.3 (26286773)|STATEMENT_EXECUTE|[186]
13:32:09.3 (26292849)|HEAP_ALLOCATE|[186]|Bytes:28
13:32:09.3 (26316313)|ENTERING_MANAGED_PKG|
13:32:09.3 (26396872)|HEAP_ALLOCATE|[186]|Bytes:264
13:32:09.3 (26419669)|HEAP_ALLOCATE|[186]|Bytes:292
13:32:09.3 (26437142)|ENTERING_MANAGED_PKG|
13:32:09.3 (26446715)|USER_DEBUG|[186]|DEBUG|######## lstQueriedRecords: (Account:{Id=001B00000066Xx5IAE}, Account:{Id=001B00000066Xx6IAE}, Account:{Id=001B00000066Xx7IAE}, Account:{Id=001B00000066Xx8IAE}, Account:{Id=001B00000066Xx9IAE}, Account:{Id=001B00000066XxAIAU}, Account:{Id=001B00000066XxBIAU}, Account:{Id=001B00000066XxCIAU})
13:32:09.3 (26507049)|ENTERING_MANAGED_PKG|
13:32:09.3 (26646604)|HEAP_ALLOCATE|[190]|Bytes:5
13:32:09.3 (26683067)|HEAP_ALLOCATE|[190]|Bytes:8
13:32:09.3 (26702084)|VARIABLE_SCOPE_BEGIN|[190]|e|SObject|true|false
13:32:09.3 (26724167)|VARIABLE_ASSIGNMENT|[190]|e|{"s":1,"v":{"Id":"001B00000066Xx5IAE"}}|0x7acd576e
13:32:09.3 (26730541)|STATEMENT_EXECUTE|[191]
13:32:09.3 (26733694)|STATEMENT_EXECUTE|[192]
13:32:09.3 (26738446)|HEAP_ALLOCATE|[192]|Bytes:12
13:32:09.3 (26759083)|ENTERING_MANAGED_PKG|
13:32:09.3 (26800710)|HEAP_ALLOCATE|[192]|Bytes:31
13:32:09.3 (26821724)|HEAP_ALLOCATE|[192]|Bytes:43
13:32:09.3 (26838503)|ENTERING_MANAGED_PKG|
13:32:09.3 (26847721)|USER_DEBUG|[192]|DEBUG|######## e: Account:{Id=001B00000066Xx5IAE}
13:32:09.3 (26856437)|STATEMENT_EXECUTE|[193]
13:32:09.3 (26864457)|HEAP_ALLOCATE|[193]|Bytes:28
13:32:09.3 (26879236)|CONSTRUCTOR_ENTRY|[193]|01pB0000000lA1s|<init>()
13:32:09.3 (26897972)|VARIABLE_SCOPE_BEGIN|[1]|this|testautonumdata.InterviewsLCServerController|true|false
13:32:09.3 (26933907)|VARIABLE_ASSIGNMENT|[1]|this|{}|0x706144eb
13:32:09.3 (26944712)|HEAP_ALLOCATE|[EXTERNAL]|Bytes:5
13:32:09.3 (26972310)|HEAP_ALLOCATE|[EXTERNAL]|Bytes:6
13:32:09.3 (27005927)|STATEMENT_EXECUTE|[1]
13:32:09.3 (27015423)|HEAP_ALLOCATE|[EXTERNAL]|Bytes:5
13:32:09.3 (27020550)|STATEMENT_EXECUTE|[6]
13:32:09.3 (27023385)|STATEMENT_EXECUTE|[8]
13:32:09.3 (27025991)|STATEMENT_EXECUTE|[10]
13:32:09.3 (27028687)|STATEMENT_EXECUTE|[12]
13:32:09.3 (27031282)|STATEMENT_EXECUTE|[14]
13:32:09.3 (27033722)|STATEMENT_EXECUTE|[16]
13:32:09.3 (27042183)|CONSTRUCTOR_EXIT|[193]|01pB0000000lA1s|<init>()
13:32:09.3 (27048202)|VARIABLE_SCOPE_BEGIN|[193]|i|testautonumdata.InterviewsLCServerController|true|false
13:32:09.3 (27069948)|VARIABLE_ASSIGNMENT|[193]|i|{}|0x706144eb
13:32:09.3 (27075885)|STATEMENT_EXECUTE|[196]
13:32:09.3 (27080934)|HEAP_ALLOCATE|[196]|Bytes:2
13:32:09.3 (27105708)|ENTERING_MANAGED_PKG|
13:32:09.3 (27152408)|HEAP_ALLOCATE|[196]|Bytes:4
13:32:09.3 (27178111)|ENTERING_MANAGED_PKG|
13:32:09.3 (27185985)|HEAP_ALLOCATE|[196]|Bytes:18
13:32:09.3 (27223203)|VARIABLE_ASSIGNMENT|[EXTERNAL]|this|{}|0x706144eb
13:32:09.3 (27234071)|VARIABLE_ASSIGNMENT|[EXTERNAL]|value|"001B00000066Xx5IAE"
13:32:09.3 (27246910)|VARIABLE_ASSIGNMENT|[6]|this.recordID|"001B00000066Xx5IAE"|0x706144eb
13:32:09.3 (27258126)|STATEMENT_EXECUTE|[197]
13:32:09.3 (27262568)|STATEMENT_EXECUTE|[201]
13:32:09.3 (27265653)|STATEMENT_EXECUTE|[205]
13:32:09.3 (27268430)|STATEMENT_EXECUTE|[210]
13:32:09.3 (27271507)|STATEMENT_EXECUTE|[215]
13:32:09.3 (27274015)|STATEMENT_EXECUTE|[221]
13:32:09.3 (27289516)|ENTERING_MANAGED_PKG|
13:32:09.3 (27318756)|HEAP_ALLOCATE|[EXTERNAL]|Bytes:4
13:32:09.3 (27330390)|STATEMENT_EXECUTE|[223]
13:32:09.3 (27336402)|HEAP_ALLOCATE|[223]|Bytes:12
13:32:09.3 (27355479)|ENTERING_MANAGED_PKG|
13:32:09.3 (27414448)|HEAP_ALLOCATE|[223]|Bytes:164
13:32:09.3 (27435011)|HEAP_ALLOCATE|[223]|Bytes:176
13:32:09.3 (27452284)|ENTERING_MANAGED_PKG|
13:32:09.3 (27465754)|USER_DEBUG|[223]|DEBUG|######## i: InterviewsLCServerController:[column1=null, column2=null, column3=null, column4=null, eventField=null, mapObjectsFields={Account={Id}}, recordID=001B00000066Xx5IAE]
13:32:09.3 (27484234)|HEAP_ALLOCATE|[190]|Bytes:5
13:32:09.3 (27508943)|HEAP_ALLOCATE|[190]|Bytes:8
13:32:09.3 (27523773)|VARIABLE_SCOPE_BEGIN|[190]|e|SObject|true|false
13:32:09.3 (27540884)|VARIABLE_ASSIGNMENT|[190]|e|{"s":1,"v":{"Id":"001B00000066Xx6IAE"}}|0x82883f4
13:32:09.3 (27546956)|STATEMENT_EXECUTE|[191]
13:32:09.3 (27549765)|STATEMENT_EXECUTE|[192]
13:32:09.3 (27566928)|ENTERING_MANAGED_PKG|
13:32:09.3 (27588163)|HEAP_ALLOCATE|[192]|Bytes:31
13:32:09.3 (27605981)|HEAP_ALLOCATE|[192]|Bytes:43
13:32:09.3 (27619443)|ENTERING_MANAGED_PKG|
13:32:09.3 (27627616)|USER_DEBUG|[192]|DEBUG|######## e: Account:{Id=001B00000066Xx6IAE}
13:32:09.3 (27635639)|STATEMENT_EXECUTE|[193]
13:32:09.3 (27641706)|HEAP_ALLOCATE|[193]|Bytes:28
13:32:09.3 (27650575)|CONSTRUCTOR_ENTRY|[193]|01pB0000000lA1s|<init>()
13:32:09.3 (27656322)|VARIABLE_SCOPE_BEGIN|[1]|this|testautonumdata.InterviewsLCServerController|true|false
13:32:09.3 (27678338)|VARIABLE_ASSIGNMENT|[1]|this|{}|0x1f502bf8
13:32:09.3 (27688387)|HEAP_ALLOCATE|[EXTERNAL]|Bytes:5
13:32:09.3 (27704857)|STATEMENT_EXECUTE|[1]
13:32:09.3 (27711067)|HEAP_ALLOCATE|[EXTERNAL]|Bytes:5
13:32:09.3 (27715341)|STATEMENT_EXECUTE|[6]
13:32:09.3 (27718263)|STATEMENT_EXECUTE|[8]
13:32:09.3 (27720888)|STATEMENT_EXECUTE|[10]
13:32:09.3 (27723288)|STATEMENT_EXECUTE|[12]
13:32:09.3 (27725600)|STATEMENT_EXECUTE|[14]
13:32:09.3 (27727964)|STATEMENT_EXECUTE|[16]
13:32:09.3 (27735750)|CONSTRUCTOR_EXIT|[193]|01pB0000000lA1s|<init>()
13:32:09.3 (27741526)|VARIABLE_SCOPE_BEGIN|[193]|i|testautonumdata.InterviewsLCServerController|true|false
13:32:09.3 (27760935)|VARIABLE_ASSIGNMENT|[193]|i|{}|0x1f502bf8
13:32:09.3 (27766587)|STATEMENT_EXECUTE|[196]
13:32:09.3 (27784367)|ENTERING_MANAGED_PKG|
13:32:09.3 (27807031)|HEAP_ALLOCATE|[196]|Bytes:4
13:32:09.3 (27828779)|ENTERING_MANAGED_PKG|
13:32:09.3 (27835986)|HEAP_ALLOCATE|[196]|Bytes:18
13:32:09.3 (27866709)|VARIABLE_ASSIGNMENT|[EXTERNAL]|this|{}|0x1f502bf8
13:32:09.3 (27876785)|VARIABLE_ASSIGNMENT|[EXTERNAL]|value|"001B00000066Xx6IAE"
13:32:09.3 (27886809)|VARIABLE_ASSIGNMENT|[6]|this.recordID|"001B00000066Xx6IAE"|0x1f502bf8
13:32:09.3 (27896888)|STATEMENT_EXECUTE|[197]
13:32:09.3 (27900684)|STATEMENT_EXECUTE|[201]
13:32:09.3 (27903434)|STATEMENT_EXECUTE|[205]
13:32:09.3 (27906345)|STATEMENT_EXECUTE|[210]
13:32:09.3 (27909032)|STATEMENT_EXECUTE|[215]
13:32:09.3 (27911367)|STATEMENT_EXECUTE|[221]
13:32:09.3 (27922956)|ENTERING_MANAGED_PKG|
13:32:09.3 (27931630)|HEAP_ALLOCATE|[EXTERNAL]|Bytes:4
13:32:09.3 (27939717)|STATEMENT_EXECUTE|[223]
13:32:09.3 (27955515)|ENTERING_MANAGED_PKG|
13:32:09.3 (27990347)|HEAP_ALLOCATE|[223]|Bytes:164
13:32:09.3 (28009120)|HEAP_ALLOCATE|[223]|Bytes:176
13:32:09.3 (28025142)|ENTERING_MANAGED_PKG|
13:32:09.3 (28034010)|USER_DEBUG|[223]|DEBUG|######## i: InterviewsLCServerController:[column1=null, column2=null, column3=null, column4=null, eventField=null, mapObjectsFields={Account={Id}}, recordID=001B00000066Xx6IAE]
13:32:09.3 (28050624)|HEAP_ALLOCATE|[190]|Bytes:5
13:32:09.3 (28074331)|HEAP_ALLOCATE|[190]|Bytes:8
13:32:09.3 (28088384)|VARIABLE_SCOPE_BEGIN|[190]|e|SObject|true|false
13:32:09.3 (28104997)|VARIABLE_ASSIGNMENT|[190]|e|{"s":1,"v":{"Id":"001B00000066Xx7IAE"}}|0x707c6d31
13:32:09.3 (28110915)|STATEMENT_EXECUTE|[191]
13:32:09.3 (28113905)|STATEMENT_EXECUTE|[192]
13:32:09.3 (28131034)|ENTERING_MANAGED_PKG|
13:32:09.3 (28151722)|HEAP_ALLOCATE|[192]|Bytes:31
13:32:09.3 (28169063)|HEAP_ALLOCATE|[192]|Bytes:43
13:32:09.3 (28182282)|ENTERING_MANAGED_PKG|
13:32:09.3 (28190532)|USER_DEBUG|[192]|DEBUG|######## e: Account:{Id=001B00000066Xx7IAE}
13:32:09.3 (28198476)|STATEMENT_EXECUTE|[193]
13:32:09.3 (28204779)|HEAP_ALLOCATE|[193]|Bytes:28
13:32:09.3 (28213338)|CONSTRUCTOR_ENTRY|[193]|01pB0000000lA1s|<init>()
13:32:09.3 (28219096)|VARIABLE_SCOPE_BEGIN|[1]|this|testautonumdata.InterviewsLCServerController|true|false
13:32:09.3 (28240341)|VARIABLE_ASSIGNMENT|[1]|this|{}|0x2d5a6ede
13:32:09.3 (28249912)|HEAP_ALLOCATE|[EXTERNAL]|Bytes:5
13:32:09.3 (28266256)|STATEMENT_EXECUTE|[1]
13:32:09.3 (28272239)|HEAP_ALLOCATE|[EXTERNAL]|Bytes:5
13:32:09.3 (28276440)|STATEMENT_EXECUTE|[6]
13:32:09.3 (28279078)|STATEMENT_EXECUTE|[8]
13:32:09.3 (28281456)|STATEMENT_EXECUTE|[10]
13:32:09.3 (28283795)|STATEMENT_EXECUTE|[12]
13:32:09.3 (28286116)|STATEMENT_EXECUTE|[14]
13:32:09.3 (28288396)|STATEMENT_EXECUTE|[16]
13:32:09.3 (28296328)|CONSTRUCTOR_EXIT|[193]|01pB0000000lA1s|<init>()
13:32:09.3 (28302063)|VARIABLE_SCOPE_BEGIN|[193]|i|testautonumdata.InterviewsLCServerController|true|false
13:32:09.3 (28321181)|VARIABLE_ASSIGNMENT|[193]|i|{}|0x2d5a6ede
13:32:09.3 (28326698)|STATEMENT_EXECUTE|[196]
13:32:09.3 (28344647)|ENTERING_MANAGED_PKG|
13:32:09.3 (28367152)|HEAP_ALLOCATE|[196]|Bytes:4
13:32:09.3 (28388844)|ENTERING_MANAGED_PKG|
13:32:09.3 (28395891)|HEAP_ALLOCATE|[196]|Bytes:18
13:32:09.3 (28426164)|VARIABLE_ASSIGNMENT|[EXTERNAL]|this|{}|0x2d5a6ede
13:32:09.3 (28435962)|VARIABLE_ASSIGNMENT|[EXTERNAL]|value|"001B00000066Xx7IAE"
13:32:09.3 (28445507)|VARIABLE_ASSIGNMENT|[6]|this.recordID|"001B00000066Xx7IAE"|0x2d5a6ede
13:32:09.3 (28455273)|STATEMENT_EXECUTE|[197]
13:32:09.3 (28459142)|STATEMENT_EXECUTE|[201]
13:32:09.3 (28467064)|STATEMENT_EXECUTE|[205]
13:32:09.3 (28470028)|STATEMENT_EXECUTE|[210]
13:32:09.3 (28472751)|STATEMENT_EXECUTE|[215]
13:32:09.3 (28475185)|STATEMENT_EXECUTE|[221]
13:32:09.3 (28487172)|ENTERING_MANAGED_PKG|
13:32:09.3 (28496031)|HEAP_ALLOCATE|[EXTERNAL]|Bytes:4
13:32:09.3 (28504712)|STATEMENT_EXECUTE|[223]
13:32:09.3 (28520243)|ENTERING_MANAGED_PKG|
13:32:09.3 (28554026)|HEAP_ALLOCATE|[223]|Bytes:164
13:32:09.3 (28572095)|HEAP_ALLOCATE|[223]|Bytes:176
13:32:09.3 (28586453)|ENTERING_MANAGED_PKG|
13:32:09.3 (28595192)|USER_DEBUG|[223]|DEBUG|######## i: InterviewsLCServerController:[column1=null, column2=null, column3=null, column4=null, eventField=null, mapObjectsFields={Account={Id}}, recordID=001B00000066Xx7IAE]
13:32:09.3 (28611397)|HEAP_ALLOCATE|[190]|Bytes:5
13:32:09.3 (28634757)|HEAP_ALLOCATE|[190]|Bytes:8
13:32:09.3 (28648405)|VARIABLE_SCOPE_BEGIN|[190]|e|SObject|true|false
13:32:09.3 (28664721)|VARIABLE_ASSIGNMENT|[190]|e|{"s":1,"v":{"Id":"001B00000066Xx8IAE"}}|0x27a75c45
13:32:09.3 (28670522)|STATEMENT_EXECUTE|[191]
13:32:09.3 (28673344)|STATEMENT_EXECUTE|[192]
13:32:09.3 (28689526)|ENTERING_MANAGED_PKG|
13:32:09.3 (28710087)|HEAP_ALLOCATE|[192]|Bytes:31
13:32:09.3 (28727401)|HEAP_ALLOCATE|[192]|Bytes:43
13:32:09.3 (28740457)|ENTERING_MANAGED_PKG|
13:32:09.3 (28748709)|USER_DEBUG|[192]|DEBUG|######## e: Account:{Id=001B00000066Xx8IAE}
13:32:09.3 (28756875)|STATEMENT_EXECUTE|[193]
13:32:09.3 (28763074)|HEAP_ALLOCATE|[193]|Bytes:28
13:32:09.3 (28771588)|CONSTRUCTOR_ENTRY|[193]|01pB0000000lA1s|<init>()
13:32:09.3 (28777290)|VARIABLE_SCOPE_BEGIN|[1]|this|testautonumdata.InterviewsLCServerController|true|false
13:32:09.3 (28798013)|VARIABLE_ASSIGNMENT|[1]|this|{}|0x57e63182
13:32:09.3 (28807571)|HEAP_ALLOCATE|[EXTERNAL]|Bytes:5
13:32:09.3 (28823472)|STATEMENT_EXECUTE|[1]
13:32:09.3 (28829217)|HEAP_ALLOCATE|[EXTERNAL]|Bytes:5
13:32:09.3 (28833557)|STATEMENT_EXECUTE|[6]
13:32:09.3 (28836198)|STATEMENT_EXECUTE|[8]
13:32:09.3 (28838580)|STATEMENT_EXECUTE|[10]
13:32:09.3 (28840964)|STATEMENT_EXECUTE|[12]
13:32:09.3 (28843379)|STATEMENT_EXECUTE|[14]
13:32:09.3 (28845662)|STATEMENT_EXECUTE|[16]
13:32:09.3 (28853333)|CONSTRUCTOR_EXIT|[193]|01pB0000000lA1s|<init>()
13:32:09.3 (28858967)|VARIABLE_SCOPE_BEGIN|[193]|i|testautonumdata.InterviewsLCServerController|true|false
13:32:09.3 (28877754)|VARIABLE_ASSIGNMENT|[193]|i|{}|0x57e63182
13:32:09.3 (28883166)|STATEMENT_EXECUTE|[196]
13:32:09.3 (28900363)|ENTERING_MANAGED_PKG|
13:32:09.3 (28922799)|HEAP_ALLOCATE|[196]|Bytes:4
13:32:09.3 (28944494)|ENTERING_MANAGED_PKG|
13:32:09.3 (28951618)|HEAP_ALLOCATE|[196]|Bytes:18
13:32:09.3 (28981657)|VARIABLE_ASSIGNMENT|[EXTERNAL]|this|{}|0x57e63182
13:32:09.3 (28991726)|VARIABLE_ASSIGNMENT|[EXTERNAL]|value|"001B00000066Xx8IAE"
13:32:09.3 (29001515)|VARIABLE_ASSIGNMENT|[6]|this.recordID|"001B00000066Xx8IAE"|0x57e63182
13:32:09.3 (29012338)|STATEMENT_EXECUTE|[197]
13:32:09.3 (29016185)|STATEMENT_EXECUTE|[201]
13:32:09.3 (29018994)|STATEMENT_EXECUTE|[205]
13:32:09.3 (29021593)|STATEMENT_EXECUTE|[210]
13:32:09.3 (29024196)|STATEMENT_EXECUTE|[215]
13:32:09.3 (29026553)|STATEMENT_EXECUTE|[221]
13:32:09.3 (29038037)|ENTERING_MANAGED_PKG|
13:32:09.3 (29046746)|HEAP_ALLOCATE|[EXTERNAL]|Bytes:4
13:32:09.3 (29054862)|STATEMENT_EXECUTE|[223]
13:32:09.3 (29069902)|ENTERING_MANAGED_PKG|
13:32:09.3 (29103740)|HEAP_ALLOCATE|[223]|Bytes:164
13:32:09.3 (29121879)|HEAP_ALLOCATE|[223]|Bytes:176
13:32:09.3 (29136094)|ENTERING_MANAGED_PKG|
13:32:09.3 (29144539)|USER_DEBUG|[223]|DEBUG|######## i: InterviewsLCServerController:[column1=null, column2=null, column3=null, column4=null, eventField=null, mapObjectsFields={Account={Id}}, recordID=001B00000066Xx8IAE]
13:32:09.3 (29160966)|HEAP_ALLOCATE|[190]|Bytes:5
13:32:09.3 (29184144)|HEAP_ALLOCATE|[190]|Bytes:8
13:32:09.3 (29197607)|VARIABLE_SCOPE_BEGIN|[190]|e|SObject|true|false
13:32:09.3 (29213494)|VARIABLE_ASSIGNMENT|[190]|e|{"s":1,"v":{"Id":"001B00000066Xx9IAE"}}|0x374109f8
13:32:09.3 (29219137)|STATEMENT_EXECUTE|[191]
13:32:09.3 (29221865)|STATEMENT_EXECUTE|[192]
13:32:09.3 (29238373)|ENTERING_MANAGED_PKG|
13:32:09.3 (29258809)|HEAP_ALLOCATE|[192]|Bytes:31
13:32:09.3 (29275967)|HEAP_ALLOCATE|[192]|Bytes:43
13:32:09.3 (29289088)|ENTERING_MANAGED_PKG|
13:32:09.3 (29297274)|USER_DEBUG|[192]|DEBUG|######## e: Account:{Id=001B00000066Xx9IAE}
13:32:09.3 (29305255)|STATEMENT_EXECUTE|[193]
13:32:09.3 (29311329)|HEAP_ALLOCATE|[193]|Bytes:28
13:32:09.3 (29319833)|CONSTRUCTOR_ENTRY|[193]|01pB0000000lA1s|<init>()
13:32:09.3 (29325547)|VARIABLE_SCOPE_BEGIN|[1]|this|testautonumdata.InterviewsLCServerController|true|false
13:32:09.3 (29346590)|VARIABLE_ASSIGNMENT|[1]|this|{}|0x226ab379
13:32:09.3 (29356064)|HEAP_ALLOCATE|[EXTERNAL]|Bytes:5
13:32:09.3 (29371690)|STATEMENT_EXECUTE|[1]
13:32:09.3 (29377455)|HEAP_ALLOCATE|[EXTERNAL]|Bytes:5
13:32:09.3 (29381675)|STATEMENT_EXECUTE|[6]
13:32:09.3 (29384330)|STATEMENT_EXECUTE|[8]
13:32:09.3 (29386773)|STATEMENT_EXECUTE|[10]
13:32:09.3 (29389234)|STATEMENT_EXECUTE|[12]
13:32:09.3 (29391549)|STATEMENT_EXECUTE|[14]
13:32:09.3 (29393836)|STATEMENT_EXECUTE|[16]
13:32:09.3 (29401455)|CONSTRUCTOR_EXIT|[193]|01pB0000000lA1s|<init>()
13:32:09.3 (29406770)|VARIABLE_SCOPE_BEGIN|[193]|i|testautonumdata.InterviewsLCServerController|true|false
13:32:09.3 (29425126)|VARIABLE_ASSIGNMENT|[193]|i|{}|0x226ab379
13:32:09.3 (29430552)|STATEMENT_EXECUTE|[196]
13:32:09.3 (29447785)|ENTERING_MANAGED_PKG|
13:32:09.3 (29474027)|HEAP_ALLOCATE|[196]|Bytes:4
13:32:09.3 (29496303)|ENTERING_MANAGED_PKG|
13:32:09.3 (29503290)|HEAP_ALLOCATE|[196]|Bytes:18
13:32:09.3 (29533250)|VARIABLE_ASSIGNMENT|[EXTERNAL]|this|{}|0x226ab379
13:32:09.3 (29543112)|VARIABLE_ASSIGNMENT|[EXTERNAL]|value|"001B00000066Xx9IAE"
13:32:09.3 (29553070)|VARIABLE_ASSIGNMENT|[6]|this.recordID|"001B00000066Xx9IAE"|0x226ab379
13:32:09.3 (29562903)|STATEMENT_EXECUTE|[197]
13:32:09.3 (29566761)|STATEMENT_EXECUTE|[201]
13:32:09.3 (29569551)|STATEMENT_EXECUTE|[205]
13:32:09.3 (29572106)|STATEMENT_EXECUTE|[210]
13:32:09.3 (29574701)|STATEMENT_EXECUTE|[215]
13:32:09.3 (29577181)|STATEMENT_EXECUTE|[221]
13:32:09.3 (29588476)|ENTERING_MANAGED_PKG|
13:32:09.3 (29596892)|HEAP_ALLOCATE|[EXTERNAL]|Bytes:4
13:32:09.3 (29605027)|STATEMENT_EXECUTE|[223]
13:32:09.3 (29620081)|ENTERING_MANAGED_PKG|
13:32:09.3 (29653451)|HEAP_ALLOCATE|[223]|Bytes:164
13:32:09.3 (29671469)|HEAP_ALLOCATE|[223]|Bytes:176
13:32:09.3 (29685664)|ENTERING_MANAGED_PKG|
13:32:09.3 (29694457)|USER_DEBUG|[223]|DEBUG|######## i: InterviewsLCServerController:[column1=null, column2=null, column3=null, column4=null, eventField=null, mapObjectsFields={Account={Id}}, recordID=001B00000066Xx9IAE]
13:32:09.3 (29710396)|HEAP_ALLOCATE|[190]|Bytes:5
13:32:09.3 (29734027)|HEAP_ALLOCATE|[190]|Bytes:8
13:32:09.3 (29747394)|VARIABLE_SCOPE_BEGIN|[190]|e|SObject|true|false
13:32:09.3 (29763164)|VARIABLE_ASSIGNMENT|[190]|e|{"s":1,"v":{"Id":"001B00000066XxAIAU"}}|0x7bba0bc7
13:32:09.3 (29768708)|STATEMENT_EXECUTE|[191]
13:32:09.3 (29771473)|STATEMENT_EXECUTE|[192]
13:32:09.3 (29787924)|ENTERING_MANAGED_PKG|
13:32:09.3 (29808379)|HEAP_ALLOCATE|[192]|Bytes:31
13:32:09.3 (29825913)|HEAP_ALLOCATE|[192]|Bytes:43
13:32:09.3 (29839205)|ENTERING_MANAGED_PKG|
13:32:09.3 (29847436)|USER_DEBUG|[192]|DEBUG|######## e: Account:{Id=001B00000066XxAIAU}
13:32:09.3 (29855341)|STATEMENT_EXECUTE|[193]
13:32:09.3 (29861527)|HEAP_ALLOCATE|[193]|Bytes:28
13:32:09.3 (29869846)|CONSTRUCTOR_ENTRY|[193]|01pB0000000lA1s|<init>()
13:32:09.3 (29875436)|VARIABLE_SCOPE_BEGIN|[1]|this|testautonumdata.InterviewsLCServerController|true|false
13:32:09.3 (29895920)|VARIABLE_ASSIGNMENT|[1]|this|{}|0x3cfb5327
13:32:09.3 (29905314)|HEAP_ALLOCATE|[EXTERNAL]|Bytes:5
13:32:09.3 (29920729)|STATEMENT_EXECUTE|[1]
13:32:09.3 (29926457)|HEAP_ALLOCATE|[EXTERNAL]|Bytes:5
13:32:09.3 (29930906)|STATEMENT_EXECUTE|[6]
13:32:09.3 (29933681)|STATEMENT_EXECUTE|[8]
13:32:09.3 (29936073)|STATEMENT_EXECUTE|[10]
13:32:09.3 (29938449)|STATEMENT_EXECUTE|[12]
13:32:09.3 (29940762)|STATEMENT_EXECUTE|[14]
13:32:09.3 (29943088)|STATEMENT_EXECUTE|[16]
13:32:09.3 (29950627)|CONSTRUCTOR_EXIT|[193]|01pB0000000lA1s|<init>()
13:32:09.3 (29956152)|VARIABLE_SCOPE_BEGIN|[193]|i|testautonumdata.InterviewsLCServerController|true|false
13:32:09.3 (29974591)|VARIABLE_ASSIGNMENT|[193]|i|{}|0x3cfb5327
13:32:09.3 (29979968)|STATEMENT_EXECUTE|[196]
13:32:09.3 (29997160)|ENTERING_MANAGED_PKG|
13:32:09.3 (30018929)|HEAP_ALLOCATE|[196]|Bytes:4
13:32:09.3 (30041156)|ENTERING_MANAGED_PKG|
13:32:09.3 (30048109)|HEAP_ALLOCATE|[196]|Bytes:18
13:32:09.3 (30078283)|VARIABLE_ASSIGNMENT|[EXTERNAL]|this|{}|0x3cfb5327
13:32:09.3 (30088001)|VARIABLE_ASSIGNMENT|[EXTERNAL]|value|"001B00000066XxAIAU"
13:32:09.3 (30097341)|VARIABLE_ASSIGNMENT|[6]|this.recordID|"001B00000066XxAIAU"|0x3cfb5327
13:32:09.3 (30106975)|STATEMENT_EXECUTE|[197]
13:32:09.3 (30110792)|STATEMENT_EXECUTE|[201]
13:32:09.3 (30113615)|STATEMENT_EXECUTE|[205]
13:32:09.3 (30116544)|STATEMENT_EXECUTE|[210]
13:32:09.3 (30119309)|STATEMENT_EXECUTE|[215]
13:32:09.3 (30121672)|STATEMENT_EXECUTE|[221]
13:32:09.3 (30132962)|ENTERING_MANAGED_PKG|
13:32:09.3 (30141371)|HEAP_ALLOCATE|[EXTERNAL]|Bytes:4
13:32:09.3 (30149363)|STATEMENT_EXECUTE|[223]
13:32:09.3 (30164125)|ENTERING_MANAGED_PKG|
13:32:09.3 (30196697)|HEAP_ALLOCATE|[223]|Bytes:164
13:32:09.3 (30214573)|HEAP_ALLOCATE|[223]|Bytes:176
13:32:09.3 (30228577)|ENTERING_MANAGED_PKG|
13:32:09.3 (30237106)|USER_DEBUG|[223]|DEBUG|######## i: InterviewsLCServerController:[column1=null, column2=null, column3=null, column4=null, eventField=null, mapObjectsFields={Account={Id}}, recordID=001B00000066XxAIAU]
13:32:09.3 (30253069)|HEAP_ALLOCATE|[190]|Bytes:5
13:32:09.3 (30275801)|HEAP_ALLOCATE|[190]|Bytes:8
13:32:09.3 (30289158)|VARIABLE_SCOPE_BEGIN|[190]|e|SObject|true|false
13:32:09.3 (30304838)|VARIABLE_ASSIGNMENT|[190]|e|{"s":1,"v":{"Id":"001B00000066XxBIAU"}}|0x68bcf464
13:32:09.3 (30310459)|STATEMENT_EXECUTE|[191]
13:32:09.3 (30313576)|STATEMENT_EXECUTE|[192]
13:32:09.3 (30330284)|ENTERING_MANAGED_PKG|
13:32:09.3 (30350649)|HEAP_ALLOCATE|[192]|Bytes:31
13:32:09.3 (30367688)|HEAP_ALLOCATE|[192]|Bytes:43
13:32:09.3 (30380757)|ENTERING_MANAGED_PKG|
13:32:09.3 (30388836)|USER_DEBUG|[192]|DEBUG|######## e: Account:{Id=001B00000066XxBIAU}
13:32:09.3 (30396740)|STATEMENT_EXECUTE|[193]
13:32:09.3 (30402898)|HEAP_ALLOCATE|[193]|Bytes:28
13:32:09.3 (30411295)|CONSTRUCTOR_ENTRY|[193]|01pB0000000lA1s|<init>()
13:32:09.3 (30416754)|VARIABLE_SCOPE_BEGIN|[1]|this|testautonumdata.InterviewsLCServerController|true|false
13:32:09.3 (30437276)|VARIABLE_ASSIGNMENT|[1]|this|{}|0x4229f6f8
13:32:09.3 (30446615)|HEAP_ALLOCATE|[EXTERNAL]|Bytes:5
13:32:09.3 (30466031)|STATEMENT_EXECUTE|[1]
13:32:09.3 (30472424)|HEAP_ALLOCATE|[EXTERNAL]|Bytes:5
13:32:09.3 (30476880)|STATEMENT_EXECUTE|[6]
13:32:09.3 (30479573)|STATEMENT_EXECUTE|[8]
13:32:09.3 (30481973)|STATEMENT_EXECUTE|[10]
13:32:09.3 (30484286)|STATEMENT_EXECUTE|[12]
13:32:09.3 (30486596)|STATEMENT_EXECUTE|[14]
13:32:09.3 (30488889)|STATEMENT_EXECUTE|[16]
13:32:09.3 (30496980)|CONSTRUCTOR_EXIT|[193]|01pB0000000lA1s|<init>()
13:32:09.3 (30502736)|VARIABLE_SCOPE_BEGIN|[193]|i|testautonumdata.InterviewsLCServerController|true|false
13:32:09.3 (30521732)|VARIABLE_ASSIGNMENT|[193]|i|{}|0x4229f6f8
13:32:09.3 (30527166)|STATEMENT_EXECUTE|[196]
13:32:09.3 (30544737)|ENTERING_MANAGED_PKG|
13:32:09.3 (30566514)|HEAP_ALLOCATE|[196]|Bytes:4
13:32:09.3 (30587793)|ENTERING_MANAGED_PKG|
13:32:09.3 (30594602)|HEAP_ALLOCATE|[196]|Bytes:18
13:32:09.3 (30624507)|VARIABLE_ASSIGNMENT|[EXTERNAL]|this|{}|0x4229f6f8
13:32:09.3 (30634199)|VARIABLE_ASSIGNMENT|[EXTERNAL]|value|"001B00000066XxBIAU"
13:32:09.3 (30643522)|VARIABLE_ASSIGNMENT|[6]|this.recordID|"001B00000066XxBIAU"|0x4229f6f8
13:32:09.3 (30653399)|STATEMENT_EXECUTE|[197]
13:32:09.3 (30657277)|STATEMENT_EXECUTE|[201]
13:32:09.3 (30660120)|STATEMENT_EXECUTE|[205]
13:32:09.3 (30662850)|STATEMENT_EXECUTE|[210]
13:32:09.3 (30665459)|STATEMENT_EXECUTE|[215]
13:32:09.3 (30667817)|STATEMENT_EXECUTE|[221]
13:32:09.3 (30678988)|ENTERING_MANAGED_PKG|
13:32:09.3 (30687563)|HEAP_ALLOCATE|[EXTERNAL]|Bytes:4
13:32:09.3 (30695707)|STATEMENT_EXECUTE|[223]
13:32:09.3 (30710606)|ENTERING_MANAGED_PKG|
13:32:09.3 (30743218)|HEAP_ALLOCATE|[223]|Bytes:164
13:32:09.3 (30760986)|HEAP_ALLOCATE|[223]|Bytes:176
13:32:09.3 (30774986)|ENTERING_MANAGED_PKG|
13:32:09.3 (30783667)|USER_DEBUG|[223]|DEBUG|######## i: InterviewsLCServerController:[column1=null, column2=null, column3=null, column4=null, eventField=null, mapObjectsFields={Account={Id}}, recordID=001B00000066XxBIAU]
13:32:09.3 (30799811)|HEAP_ALLOCATE|[190]|Bytes:5
13:32:09.3 (30822721)|HEAP_ALLOCATE|[190]|Bytes:8
13:32:09.3 (30835708)|VARIABLE_SCOPE_BEGIN|[190]|e|SObject|true|false
13:32:09.3 (30851404)|VARIABLE_ASSIGNMENT|[190]|e|{"s":1,"v":{"Id":"001B00000066XxCIAU"}}|0x75e4c842
13:32:09.3 (30857148)|STATEMENT_EXECUTE|[191]
13:32:09.3 (30859934)|STATEMENT_EXECUTE|[192]
13:32:09.3 (30876572)|ENTERING_MANAGED_PKG|
13:32:09.3 (30896788)|HEAP_ALLOCATE|[192]|Bytes:31
13:32:09.3 (30914125)|HEAP_ALLOCATE|[192]|Bytes:43
13:32:09.3 (30927184)|ENTERING_MANAGED_PKG|
13:32:09.3 (30935496)|USER_DEBUG|[192]|DEBUG|######## e: Account:{Id=001B00000066XxCIAU}
13:32:09.3 (30943435)|STATEMENT_EXECUTE|[193]
13:32:09.3 (30949563)|HEAP_ALLOCATE|[193]|Bytes:28
13:32:09.3 (30957725)|CONSTRUCTOR_ENTRY|[193]|01pB0000000lA1s|<init>()
13:32:09.3 (30963512)|VARIABLE_SCOPE_BEGIN|[1]|this|testautonumdata.InterviewsLCServerController|true|false
13:32:09.3 (30984296)|VARIABLE_ASSIGNMENT|[1]|this|{}|0x24a5b51e
13:32:09.3 (30993529)|HEAP_ALLOCATE|[EXTERNAL]|Bytes:5
13:32:09.3 (31008943)|STATEMENT_EXECUTE|[1]
13:32:09.3 (31015464)|HEAP_ALLOCATE|[EXTERNAL]|Bytes:5
13:32:09.3 (31019708)|STATEMENT_EXECUTE|[6]
13:32:09.3 (31022350)|STATEMENT_EXECUTE|[8]
13:32:09.3 (31024686)|STATEMENT_EXECUTE|[10]
13:32:09.3 (31026981)|STATEMENT_EXECUTE|[12]
13:32:09.3 (31029421)|STATEMENT_EXECUTE|[14]
13:32:09.3 (31031777)|STATEMENT_EXECUTE|[16]
13:32:09.3 (31039409)|CONSTRUCTOR_EXIT|[193]|01pB0000000lA1s|<init>()
13:32:09.3 (31044926)|VARIABLE_SCOPE_BEGIN|[193]|i|testautonumdata.InterviewsLCServerController|true|false
13:32:09.3 (31063659)|VARIABLE_ASSIGNMENT|[193]|i|{}|0x24a5b51e
13:32:09.3 (31069187)|STATEMENT_EXECUTE|[196]
13:32:09.3 (31086438)|ENTERING_MANAGED_PKG|
13:32:09.3 (31108419)|HEAP_ALLOCATE|[196]|Bytes:4
13:32:09.3 (31129959)|ENTERING_MANAGED_PKG|
13:32:09.3 (31136982)|HEAP_ALLOCATE|[196]|Bytes:18
13:32:09.3 (31166930)|VARIABLE_ASSIGNMENT|[EXTERNAL]|this|{}|0x24a5b51e
13:32:09.3 (31176842)|VARIABLE_ASSIGNMENT|[EXTERNAL]|value|"001B00000066XxCIAU"
13:32:09.3 (31186272)|VARIABLE_ASSIGNMENT|[6]|this.recordID|"001B00000066XxCIAU"|0x24a5b51e
13:32:09.3 (31195763)|STATEMENT_EXECUTE|[197]
13:32:09.3 (31199546)|STATEMENT_EXECUTE|[201]
13:32:09.3 (31202397)|STATEMENT_EXECUTE|[205]
13:32:09.3 (31204991)|STATEMENT_EXECUTE|[210]
13:32:09.3 (31207641)|STATEMENT_EXECUTE|[215]
13:32:09.3 (31209978)|STATEMENT_EXECUTE|[221]
13:32:09.3 (31221172)|ENTERING_MANAGED_PKG|
13:32:09.3 (31229661)|HEAP_ALLOCATE|[EXTERNAL]|Bytes:4
13:32:09.3 (31237419)|STATEMENT_EXECUTE|[223]
13:32:09.3 (31252231)|ENTERING_MANAGED_PKG|
13:32:09.3 (31284150)|HEAP_ALLOCATE|[223]|Bytes:164
13:32:09.3 (31302014)|HEAP_ALLOCATE|[223]|Bytes:176
13:32:09.3 (31316384)|ENTERING_MANAGED_PKG|
13:32:09.3 (31325133)|USER_DEBUG|[223]|DEBUG|######## i: InterviewsLCServerController:[column1=null, column2=null, column3=null, column4=null, eventField=null, mapObjectsFields={Account={Id}}, recordID=001B00000066XxCIAU]
13:32:09.3 (31340961)|HEAP_ALLOCATE|[190]|Bytes:5
13:32:09.3 (31356275)|VARIABLE_ASSIGNMENT|[190]|e|null|
13:32:09.3 (31362673)|STATEMENT_EXECUTE|[228]
13:32:09.3 (31367386)|HEAP_ALLOCATE|[228]|Bytes:27
13:32:09.3 (31385904)|ENTERING_MANAGED_PKG|
13:32:09.3 (31535396)|HEAP_ALLOCATE|[228]|Bytes:1342
13:32:09.3 (31557065)|HEAP_ALLOCATE|[228]|Bytes:1369
13:32:09.3 (31574530)|ENTERING_MANAGED_PKG|
13:32:09.3 (31583651)|USER_DEBUG|[228]|DEBUG|######## lstReturnRecords: (InterviewsLCServerController:[column1=null, column2=null, column3=null, column4=null, eventField=null, mapObjectsFields={Account={Id}}, recordID=001B00000066Xx5IAE], InterviewsLCServerController:[column1=null, column2=null, column3=null, column4=null, eventField=null, mapObjectsFields=(already output), recordID=001B00000066Xx6IAE], InterviewsLCServerController:[column1=null, column2=null, column3=null, column4=null, eventField=null, mapObjectsFields=(already output), recordID=001B00000066Xx7IAE], InterviewsLCServerController:[column1=null, column2=null, column3=null, column4=null, eventField=null, mapObjectsFields=(already output), recordID=001B00000066Xx8IAE], InterviewsLCServerController:[column1=null, column2=null, column3=null, column4=null, eventField=null, mapObjectsFields=(already output), recordID=001B00000066Xx9IAE], InterviewsLCServerController:[column1=null, column2=null, column3=null, column4=null, eventField=null, mapObjectsFields=(already output), recordID=001B00000066XxAIAU], InterviewsLCServerController:[column1=null, column2=null, column3=null, column4=null, eventField=null, mapObjectsFields=(already output), recordID=001B00000066XxBIAU], InterviewsLCServerController:[column1=null, column2=null, column3=null, column4=null, eventField=null, mapObjectsFields=(already output), recordID=001B00000066XxCIAU])
13:32:09.3 (31599502)|STATEMENT_EXECUTE|[230]
13:32:09.3 (31610633)|SYSTEM_MODE_EXIT|false
13:32:09.31 (31655542)|CUMULATIVE_LIMIT_USAGE
13:32:09.31 (31655542)|LIMIT_USAGE_FOR_NS|(default)|
  Number of SOQL queries: 0 out of 100
  Number of query rows: 0 out of 50000
  Number of SOSL queries: 0 out of 20
  Number of DML statements: 0 out of 150
  Number of DML rows: 0 out of 10000
  Maximum CPU time: 0 out of 10000
  Maximum heap size: 0 out of 6000000
  Number of callouts: 0 out of 100
  Number of Email Invocations: 0 out of 10
  Number of future calls: 0 out of 50
  Number of queueable jobs added to the queue: 0 out of 50
  Number of Mobile Apex push calls: 0 out of 10

13:32:09.31 (31655542)|LIMIT_USAGE_FOR_NS|testautonumdata|
  Number of SOQL queries: 1 out of 100
  Number of query rows: 8 out of 50000
  Number of SOSL queries: 0 out of 20
  Number of DML statements: 0 out of 150
  Number of DML rows: 0 out of 10000
  Maximum CPU time: 0 out of 10000
  Maximum heap size: 0 out of 6000000
  Number of callouts: 0 out of 100
  Number of Email Invocations: 0 out of 10
  Number of future calls: 0 out of 50
  Number of queueable jobs added to the queue: 0 out of 50
  Number of Mobile Apex push calls: 0 out of 10

13:32:09.31 (31655542)|CUMULATIVE_LIMIT_USAGE_END

13:32:09.3 (31735114)|CODE_UNIT_FINISHED|InterviewsLCServerController.getListRecords
13:32:09.34 (34385451)|USER_INFO|[EXTERNAL]|005B0000001VpZR|rreboucas-yi5c@force.com|Pacific Standard Time|GMT-07:00
13:32:09.34 (34400879)|CODE_UNIT_STARTED|[EXTERNAL]|Aura
13:32:09.34 (34440212)|CODE_UNIT_FINISHED|Aura
13:32:09.36 (36229198)|USER_INFO|[EXTERNAL]|005B0000001VpZR|rreboucas-yi5c@force.com|Pacific Standard Time|GMT-07:00
13:32:09.36 (36241882)|CODE_UNIT_STARTED|[EXTERNAL]|Aura
13:32:09.36 (36272469)|CODE_UNIT_FINISHED|Aura
13:32:09.37 (37891476)|USER_INFO|[EXTERNAL]|005B0000001VpZR|rreboucas-yi5c@force.com|Pacific Standard Time|GMT-07:00
13:32:09.37 (37903966)|CODE_UNIT_STARTED|[EXTERNAL]|Aura
13:32:09.37 (37934040)|CODE_UNIT_FINISHED|Aura
13:32:09.39 (39404282)|USER_INFO|[EXTERNAL]|005B0000001VpZR|rreboucas-yi5c@force.com|Pacific Standard Time|GMT-07:00
13:32:09.39 (39416676)|CODE_UNIT_STARTED|[EXTERNAL]|Aura
13:32:09.39 (39446173)|CODE_UNIT_FINISHED|Aura
13:32:09.40 (40915952)|USER_INFO|[EXTERNAL]|005B0000001VpZR|rreboucas-yi5c@force.com|Pacific Standard Time|GMT-07:00
13:32:09.40 (40928131)|CODE_UNIT_STARTED|[EXTERNAL]|Aura
13:32:09.40 (40957668)|CODE_UNIT_FINISHED|Aura
13:32:09.42 (42433869)|USER_INFO|[EXTERNAL]|005B0000001VpZR|rreboucas-yi5c@force.com|Pacific Standard Time|GMT-07:00
13:32:09.42 (42445660)|CODE_UNIT_STARTED|[EXTERNAL]|Aura
13:32:09.42 (42481670)|CODE_UNIT_FINISHED|Aura
13:32:09.44 (44481392)|USER_INFO|[EXTERNAL]|005B0000001VpZR|rreboucas-yi5c@force.com|Pacific Standard Time|GMT-07:00
13:32:09.44 (44493301)|CODE_UNIT_STARTED|[EXTERNAL]|Aura
13:32:09.44 (44521893)|CODE_UNIT_FINISHED|Aura
13:32:09.45 (45979043)|USER_INFO|[EXTERNAL]|005B0000001VpZR|rreboucas-yi5c@force.com|Pacific Standard Time|GMT-07:00
13:32:09.45 (45990534)|CODE_UNIT_STARTED|[EXTERNAL]|Aura
13:32:09.45 (46018658)|CODE_UNIT_FINISHED|Aura
