35.0 APEX_CODE,FINEST;APEX_PROFILING,INFO;CALLOUT,INFO;DB,INFO;SYSTEM,DEBUG;VALIDATION,INFO;VISUALFORCE,INFO;WAVE,INFO;WORKFLOW,INFO
06:39:15.0 (115643)|USER_INFO|[EXTERNAL]|005B0000001VpZR|rreboucas-yi5c@force.com|Pacific Standard Time|GMT-07:00
06:39:15.0 (163123)|EXECUTION_STARTED
06:39:15.0 (171955)|CODE_UNIT_STARTED|[EXTERNAL]|066B0000000O8VH|VF: /apex/testautonumdata__InterviewQuestionsLDS
06:39:15.0 (8842453)|SYSTEM_MODE_ENTER|true
06:39:15.0 (9172280)|HEAP_ALLOCATE|[72]|Bytes:3
06:39:15.0 (9201879)|HEAP_ALLOCATE|[77]|Bytes:152
06:39:15.0 (9218174)|HEAP_ALLOCATE|[342]|Bytes:408
06:39:15.0 (9237325)|HEAP_ALLOCATE|[355]|Bytes:408
06:39:15.0 (9270378)|HEAP_ALLOCATE|[467]|Bytes:48
06:39:15.0 (9307192)|HEAP_ALLOCATE|[139]|Bytes:6
06:39:15.0 (9362447)|HEAP_ALLOCATE|[EXTERNAL]|Bytes:13
06:39:15.0 (9379166)|METHOD_ENTRY|[1]|01pB0000000dsBd|myControllerExtension.myControllerExtension()
06:39:15.0 (9382808)|STATEMENT_EXECUTE|[1]
06:39:15.0 (9388609)|STATEMENT_EXECUTE|[1]
06:39:15.0 (9415930)|HEAP_ALLOCATE|[50]|Bytes:5
06:39:15.0 (9434423)|HEAP_ALLOCATE|[56]|Bytes:5
06:39:15.0 (9443094)|HEAP_ALLOCATE|[64]|Bytes:7
06:39:15.0 (9459246)|SYSTEM_MODE_ENTER|false
06:39:15.0 (9469689)|HEAP_ALLOCATE|[EXTERNAL]|Bytes:5
06:39:15.0 (9477399)|SYSTEM_MODE_EXIT|false
06:39:15.0 (9487767)|METHOD_EXIT|[1]|myControllerExtension
06:39:15.0 (9492974)|HEAP_ALLOCATE|[EXTERNAL]|Bytes:8
06:39:15.0 (9505535)|VARIABLE_SCOPE_BEGIN|[8]|this|testautonumdata.myControllerExtension|true|false
06:39:15.0 (9543247)|VARIABLE_ASSIGNMENT|[8]|this|{}|0x3c390799
06:39:15.0 (9546739)|VARIABLE_SCOPE_BEGIN|[8]|stdController|ApexPages.StandardController|true|false
06:39:15.0 (9808724)|VARIABLE_ASSIGNMENT|[8]|stdController|"StandardController [null]"|0x4af55e2c
06:39:15.0 (9821846)|SYSTEM_MODE_ENTER|false
06:39:15.0 (9828074)|HEAP_ALLOCATE|[9]|Bytes:5
06:39:15.0 (9833003)|STATEMENT_EXECUTE|[1]
06:39:15.0 (9835845)|HEAP_ALLOCATE|[9]|Bytes:5
06:39:15.0 (9838097)|STATEMENT_EXECUTE|[3]
06:39:15.0 (9849349)|HEAP_ALLOCATE|[9]|Bytes:6
06:39:15.0 (9871648)|STATEMENT_EXECUTE|[8]
06:39:15.0 (9873382)|STATEMENT_EXECUTE|[9]
06:39:15.0 (31824974)|HEAP_ALLOCATE|[9]|Bytes:32
06:39:15.0 (32119171)|VARIABLE_ASSIGNMENT|[9]|this.interviewer|{"testautonumdata__Can (9 more) ...":"Rodrigo Reboucas","Id":"a0PB0000000ofaSMAQ","testautonumdata__Int (14 more) ...":"Technical Interview","testautonumdata__Pos (13 more) ...":"Architect - Force.co (1 more) ...","testautonumdata__Int (11 more) ...":"005B0000001VqL1IAK","testautonumdata__Int (17 more) ...":[{"testautonumdata__Int (11 more) ...":"a0PB0000000ofaSMAQ","Id":"a0SB0000000oLo3MAE","testautonumdata__Que (8 more) ...":"What are the uses of (31 more) ..."},{"testautonumdata__Int (11 more) ...":"a0PB0000000ofaSMAQ","Id":"a0SB0000000oLo4MAE","testautonumdata__Que (8 more) ...":"When should you buil (47 more) ..."},{"testautonumdata__Int (11 more) ...":"a0PB0000000ofaSMAQ","Id":"a0SB0000000oLo5MAE","testautonumdata__Que (8 more) ...":"When should an Exten (44 more) ..."},{"testautonumdata__Int (11 more) ...":"a0PB0000000ofaSMAQ","Id":"a0SB0000000oLo6MAE","testautonumdata__Que (8 more) ...":"Why is it necessary  (52 more) ..."},{"testautonumdata__Int (11 more) ...":"a0PB0000000ofaSMAQ","Id":"a0SB0000000oLo7MAE","testautonumdata__Que (8 more) ...":"What are the differe (27 more) ..."},{"testautonumdata__Int (11 more) ...":"a0PB0000000ofaSMAQ","Id":"a0SB0000000oLo8MAE","testautonumdata__Que (8 more) ...":"Order the following  (152 more) ..."},{"testautonumdata__Int (11 more) ...":"a0PB0000000ofaSMAQ","Id":"a0SB0000000oLo9MAE","testautonumdata__Que (8 more) ...":"What are the advanta (32 more) ..."},{"testautonumdata__Int (11 more) ...":"a0PB0000000ofaSMAQ","Id":"a0SB0000000oLoAMAU","testautonumdata__Que (8 more) ...":"Describe a use case  (118 more) ..."},{"testautonumdata__Int (11 more) ...":"a0PB0000000ofaSMAQ","Id":"a0SB0000000oLoBMAU","testautonumdata__Que (8 more) ...":"What are the differe (40 more) ..."},{"testautonumdata__Int (11 more) ...":"a0PB0000000ofaSMAQ","Id":"a0SB0000000oLoCMAU","testautonumdata__Que (8 more) ...":"What are the advanta (45 more) ..."},{"testautonumdata__Int (11 more) ...":"a0PB0000000ofaSMAQ","Id":"a0SB0000000oLoDMAU","testautonumdata__Que (8 more) ...":"Describe a use case  (21 more) ..."},{"testautonumdata__Int (11 more) ...":"a0PB0000000ofaSMAQ","Id":"a0SB0000000oLoEMAU","testautonumdata__Que (8 more) ...":"What is Trigger.old  (32 more) ..."},{"testautonumdata__Int (11 more) ...":"a0PB0000000ofaSMAQ","Id":"a0SB0000000oLoFMAU","testautonumdata__Que (8 more) ...":"What are some use ca (31 more) ..."},{"testautonumdata__Int (11 more) ...":"a0PB0000000ofaSMAQ","Id":"a0SB0000000oLoGMAU","testautonumdata__Que (8 more) ...":"What are some best p (35 more) ..."},{"testautonumdata__Int (11 more) ...":"a0PB0000000ofaSMAQ","Id":"a0SB0000000oLoHMAU","testautonumdata__Que (8 more) ...":"When should you use  (49 more) ..."},{"testautonumdata__Int (11 more) ...":"a0PB0000000ofaSMAQ","Id":"a0SB0000000oLoIMAU","testautonumdata__Que (8 more) ...":"Describe a use case  (118 more) ..."},{"testautonumdata__Int (11 more) ...":"a0PB0000000ofaSMAQ","Id":"a0SB0000000oLoJMAU","testautonumdata__Que (8 more) ...":"What are three new f (46 more) ..."},{"testautonumdata__Int (11 more) ...":"a0PB0000000ofaSMAQ","Id":"a0SB0000000oLoKMAU","testautonumdata__Que (8 more) ...":"What are the pros an (67 more) ..."},{"testautonumdata__Int (11 more) ...":"a0PB0000000ofaSMAQ","Id":"a0SB0000000oLoLMAU","testautonumdata__Que (8 more) ...":"Give an example of a (45 more) ..."},{"testautonumdata__Int (11 more) ...":"a0PB0000000ofaSMAQ","Id":"a0SB0000000oLoMMAU","testautonumdata__Que (8 more) ...":"A group of users mus (94 more) ..."},{"testautonumdata__Int (11 more) ...":"a0PB0000000ofaSMAQ","Id":"a0SB0000000oLoNMAU","testautonumdata__Que (8 more) ...":"List three different (44 more) ..."},{"testautonumdata__Int (11 more) ...":"a0PB0000000ofaSMAQ","Id":"a0SB0000000oLoOMAU","testautonumdata__Que (8 more) ...":"What’s the maximum b (40 more) ..."},{"testautonumdata__Int (11 more) ...":"a0PB0000000ofaSMAQ","Id":"a0SB0000000oLoPMAU","testautonumdata__Que (8 more) ...":"What is the System.a (42 more) ..."},{"testautonumdata__Int (11 more) ...":"a0PB0000000ofaSMAQ","Id":"a0SB0000000oLoQMAU","testautonumdata__Que (8 more) ...":"What are the differe (30 more) ..."},{"testautonumdata__Int (11 more) ...":"a0PB0000000ofaSMAQ","Id":"a0SB0000000oLoRMAU","testautonumdata__Que (8 more) ...":"Name three Governor  (7 more) ..."},{"testautonumdata__Int (11 more) ...":"a0PB0000000ofaSMAQ","Id":"a0SB0000000oLoSMAU","testautonumdata__Que (8 more) ...":"What are the differe (53 more) ..."},{"testautonumdata__Int (11 more) ...":"a0PB0000000ofaSMAQ","Id":"a0SB0000000oLoTMAU","testautonumdata__Que (8 more) ...":"Provide an example o (57 more) ..."},{"testautonumdata__Int (11 more) ...":"a0PB0000000ofaSMAQ","Id":"a0SB0000000oLoUMAU","testautonumdata__Que (8 more) ...":"When should an org c (27 more) ..."},{"testautonumdata__Int (11 more) ...":"a0PB0000000ofaSMAQ","Id":"a0SB0000000oLoVMAU","testautonumdata__Que (8 more) ...":"Provide an example o (64 more) ..."},{"testautonumdata__Int (11 more) ...":"a0PB0000000ofaSMAQ","Id":"a0SB0000000oLoWMAU","testautonumdata__Que (8 more) ...":"Describe the benefit (49 more) ..."},{"testautonumdata__Int (11 more) ...":"a0PB0000000ofaSMAQ","Id":"a0SB0000000oLoXMAU","testautonumdata__Que (8 more) ...":"When would you use t (22 more) ..."},{"testautonumdata__Int (11 more) ...":"a0PB0000000ofaSMAQ","Id":"a0SB0000000oLoYMAU","testautonumdata__Que (8 more) ...":"A trigger is running (80 more) ..."},{"testautonumdata__Int (11 more) ...":"a0PB0000000ofaSMAQ","Id":"a0SB0000000oLoZMAU","testautonumdata__Que (8 more) ...":"What does the View S (37 more) ..."}],"testautonumdata__Int (11 more) ...":{"Name":"Andrew Albert","Id":"005B0000001VqL1IAK"}}|0x3c390799
06:39:15.0 (32173947)|SYSTEM_MODE_EXIT|false
06:39:15.0 (49780319)|VF_SERIALIZE_VIEWSTATE_BEGIN|066B0000000O8VH
06:39:15.0 (52748472)|VF_SERIALIZE_VIEWSTATE_END
06:39:15.57 (57882995)|CUMULATIVE_LIMIT_USAGE
06:39:15.57 (57882995)|LIMIT_USAGE_FOR_NS|(default)|
  Number of SOQL queries: 0 out of 100
  Number of query rows: 0 out of 50000
  Number of SOSL queries: 0 out of 20
  Number of DML statements: 0 out of 150
  Number of DML rows: 0 out of 10000
  Maximum CPU time: 0 out of 10000
  Maximum heap size: 0 out of 6000000
  Number of callouts: 0 out of 100
  Number of Email Invocations: 0 out of 10
  Number of future calls: 0 out of 50
  Number of queueable jobs added to the queue: 0 out of 50
  Number of Mobile Apex push calls: 0 out of 10

06:39:15.57 (57882995)|CUMULATIVE_LIMIT_USAGE_END

06:39:15.0 (57949100)|CODE_UNIT_FINISHED|VF: /apex/testautonumdata__InterviewQuestionsLDS
06:39:15.0 (59309714)|EXECUTION_FINISHED
