35.0 APEX_CODE,FINEST;APEX_PROFILING,INFO;CALLOUT,INFO;DB,INFO;SYSTEM,DEBUG;VALIDATION,INFO;VISUALFORCE,INFO;WAVE,INFO;WORKFLOW,INFO
11:32:09.0 (135019)|USER_INFO|[EXTERNAL]|005B0000001VpZR|rreboucas-yi5c@force.com|Pacific Standard Time|GMT-07:00
11:32:09.0 (188997)|EXECUTION_STARTED
11:32:09.0 (197119)|CODE_UNIT_STARTED|[EXTERNAL]|066B0000000O8VH|VF: /apex/testautonumdata__InterviewQuestionsLDS
11:32:09.0 (1871641)|VF_DESERIALIZE_VIEWSTATE_BEGIN|066B0000000O8VH
11:32:09.0 (7399125)|VF_DESERIALIZE_VIEWSTATE_END
11:32:09.0 (33655771)|VF_SERIALIZE_VIEWSTATE_BEGIN|066B0000000O8VH
11:32:09.0 (36046090)|VF_SERIALIZE_VIEWSTATE_END
11:32:09.39 (39685977)|CUMULATIVE_LIMIT_USAGE
11:32:09.39 (39685977)|LIMIT_USAGE_FOR_NS|(default)|
  Number of SOQL queries: 0 out of 100
  Number of query rows: 0 out of 50000
  Number of SOSL queries: 0 out of 20
  Number of DML statements: 0 out of 150
  Number of DML rows: 0 out of 10000
  Maximum CPU time: 0 out of 10000
  Maximum heap size: 0 out of 6000000
  Number of callouts: 0 out of 100
  Number of Email Invocations: 0 out of 10
  Number of future calls: 0 out of 50
  Number of queueable jobs added to the queue: 0 out of 50
  Number of Mobile Apex push calls: 0 out of 10

11:32:09.39 (39685977)|CUMULATIVE_LIMIT_USAGE_END

11:32:09.0 (39739929)|CODE_UNIT_FINISHED|VF: /apex/testautonumdata__InterviewQuestionsLDS
11:32:09.0 (40767997)|EXECUTION_FINISHED
