40.0 APEX_CODE,FINEST;APEX_PROFILING,INFO;CALLOUT,INFO;DB,INFO;SYSTEM,DEBUG;VALIDATION,INFO;VISUALFORCE,INFO;WAVE,INFO;WORKFLOW,INFO
08:37:31.0 (71296)|USER_INFO|[EXTERNAL]|005B0000000QdZu|hualei.hang@salesforce.com.sparkle|Pacific Standard Time|GMT-07:00
08:37:31.0 (118116)|EXECUTION_STARTED
08:37:31.0 (122448)|CODE_UNIT_STARTED|[EXTERNAL]|Aura
08:37:31.0 (4646943)|HEAP_ALLOCATE|[72]|Bytes:3
08:37:31.0 (4692779)|HEAP_ALLOCATE|[77]|Bytes:152
08:37:31.0 (4715138)|HEAP_ALLOCATE|[342]|Bytes:408
08:37:31.0 (4738500)|HEAP_ALLOCATE|[355]|Bytes:408
08:37:31.0 (4759282)|HEAP_ALLOCATE|[467]|Bytes:48
08:37:31.0 (4788739)|HEAP_ALLOCATE|[139]|Bytes:6
08:37:31.0 (4810312)|HEAP_ALLOCATE|[EXTERNAL]|Bytes:367
08:37:31.0 (4820891)|HEAP_ALLOCATE|[EXTERNAL]|Bytes:367
08:37:31.0 (4867327)|HEAP_ALLOCATE|[EXTERNAL]|Bytes:36
08:37:31.0 (4875642)|HEAP_ALLOCATE|[EXTERNAL]|Bytes:36
08:37:31.0 (4914912)|HEAP_ALLOCATE|[EXTERNAL]|Bytes:29
08:37:31.0 (4922557)|HEAP_ALLOCATE|[EXTERNAL]|Bytes:29
08:37:31.0 (4956012)|HEAP_ALLOCATE|[EXTERNAL]|Bytes:18
08:37:31.0 (4965514)|HEAP_ALLOCATE|[EXTERNAL]|Bytes:18
08:37:31.0 (6938150)|CODE_UNIT_STARTED|[EXTERNAL]|01pB0000000D0SK|OfferLetterCompController.sendEmail
08:37:31.0 (6982721)|VARIABLE_SCOPE_BEGIN|[3]|OfferLetterCompController.mapObjectsFields|Map<String,Set<String>>|true|true
08:37:31.0 (7063311)|HEAP_ALLOCATE|[EXTERNAL]|Bytes:280
08:37:31.0 (7074611)|HEAP_ALLOCATE|[EXTERNAL]|Bytes:39
08:37:31.0 (7079300)|HEAP_ALLOCATE|[EXTERNAL]|Bytes:82
08:37:31.0 (7096432)|METHOD_ENTRY|[1]|01pB0000000D0SK|OfferLetterCompController.OfferLetterCompController()
08:37:31.0 (7102779)|STATEMENT_EXECUTE|[1]
08:37:31.0 (7109438)|STATEMENT_EXECUTE|[1]
08:37:31.0 (7141377)|HEAP_ALLOCATE|[50]|Bytes:5
08:37:31.0 (7168351)|HEAP_ALLOCATE|[56]|Bytes:5
08:37:31.0 (7180428)|HEAP_ALLOCATE|[64]|Bytes:7
08:37:31.0 (7201300)|SYSTEM_MODE_ENTER|false
08:37:31.0 (7216922)|HEAP_ALLOCATE|[3]|Bytes:5
08:37:31.0 (7222685)|STATEMENT_EXECUTE|[3]
08:37:31.0 (7248368)|VARIABLE_ASSIGNMENT|[3]|OfferLetterCompController.mapObjectsFields|null|
08:37:31.0 (7259559)|SYSTEM_MODE_EXIT|false
08:37:31.0 (7268471)|METHOD_EXIT|[1]|OfferLetterCompController
08:37:31.0 (7275078)|HEAP_ALLOCATE|[EXTERNAL]|Bytes:367
08:37:31.0 (7278919)|HEAP_ALLOCATE|[EXTERNAL]|Bytes:36
08:37:31.0 (7281547)|HEAP_ALLOCATE|[EXTERNAL]|Bytes:29
08:37:31.0 (7284084)|HEAP_ALLOCATE|[EXTERNAL]|Bytes:18
08:37:31.0 (7289584)|SYSTEM_MODE_ENTER|false
08:37:31.0 (7299530)|VARIABLE_SCOPE_BEGIN|[256]|body|String|false|false
08:37:31.0 (7319663)|VARIABLE_ASSIGNMENT|[256]|body|"Offer Letter\r\n\r\nDear (347 more) ..."
08:37:31.0 (7325247)|VARIABLE_SCOPE_BEGIN|[256]|subject|String|false|false
08:37:31.0 (7337795)|VARIABLE_ASSIGNMENT|[256]|subject|"Offer Letter - Archi (16 more) ..."
08:37:31.0 (7343019)|VARIABLE_SCOPE_BEGIN|[256]|email|String|false|false
08:37:31.0 (7350553)|VARIABLE_ASSIGNMENT|[256]|email|"chis_welsch@bankofam (9 more) ..."
08:37:31.0 (7355363)|VARIABLE_SCOPE_BEGIN|[256]|offerId|String|false|false
08:37:31.0 (7362264)|VARIABLE_ASSIGNMENT|[256]|offerId|"a0QB0000000W1g5MAC"
08:37:31.0 (7374825)|HEAP_ALLOCATE|[259]|Bytes:5
08:37:31.0 (7380848)|STATEMENT_EXECUTE|[256]
08:37:31.0 (7382326)|STATEMENT_EXECUTE|[259]
08:37:31.0 (7388491)|HEAP_ALLOCATE|[259]|Bytes:40
08:37:31.0 (7403645)|CONSTRUCTOR_ENTRY|[259]|01pB0000000D0SK|<init>()
08:37:31.0 (7431842)|VARIABLE_SCOPE_BEGIN|[1]|this|testautonumdata.OfferLetterCompController|true|false
08:37:31.0 (7479129)|VARIABLE_ASSIGNMENT|[1]|this|{}|0x30212fae
08:37:31.0 (7491603)|HEAP_ALLOCATE|[EXTERNAL]|Bytes:5
08:37:31.0 (7501922)|HEAP_ALLOCATE|[EXTERNAL]|Bytes:6
08:37:31.0 (7528963)|STATEMENT_EXECUTE|[1]
08:37:31.0 (7533846)|HEAP_ALLOCATE|[EXTERNAL]|Bytes:5
08:37:31.0 (7539525)|STATEMENT_EXECUTE|[6]
08:37:31.0 (7541118)|STATEMENT_EXECUTE|[8]
08:37:31.0 (7542556)|STATEMENT_EXECUTE|[10]
08:37:31.0 (7543845)|STATEMENT_EXECUTE|[12]
08:37:31.0 (7544787)|STATEMENT_EXECUTE|[14]
08:37:31.0 (7545869)|STATEMENT_EXECUTE|[16]
08:37:31.0 (7546884)|STATEMENT_EXECUTE|[18]
08:37:31.0 (7548006)|STATEMENT_EXECUTE|[20]
08:37:31.0 (7549003)|STATEMENT_EXECUTE|[22]
08:37:31.0 (7556841)|CONSTRUCTOR_EXIT|[259]|01pB0000000D0SK|<init>()
08:37:31.0 (7563722)|VARIABLE_SCOPE_BEGIN|[259]|result|testautonumdata.OfferLetterCompController|true|false
08:37:31.0 (7587533)|VARIABLE_ASSIGNMENT|[259]|result|{}|0x30212fae
08:37:31.0 (7593596)|STATEMENT_EXECUTE|[263]
08:37:31.0 (7637560)|ENTERING_MANAGED_PKG|
08:37:31.0 (7966161)|STATEMENT_EXECUTE|[270]
08:37:31.0 (8041722)|VARIABLE_SCOPE_BEGIN|[270]|mail|Messaging.SingleEmailMessage|true|false
08:37:31.0 (8233330)|VARIABLE_ASSIGNMENT|[270]|mail|"common.api.soap.wsdl.SingleEmailMessage@20e647b7"|0x3320b5af
08:37:31.0 (8243715)|STATEMENT_EXECUTE|[273]
08:37:31.0 (8283333)|HEAP_ALLOCATE|[273]|Bytes:4
08:37:31.0 (8304015)|ENTERING_MANAGED_PKG|
08:37:31.0 (8333530)|VARIABLE_SCOPE_BEGIN|[273]|toAddresses|List<String>|true|false
08:37:31.0 (8375057)|HEAP_ALLOCATE|[EXTERNAL]|Bytes:8
08:37:31.0 (8393058)|VARIABLE_ASSIGNMENT|[273]|toAddresses|["chis_welsch@bankofam (9 more) ..."]|0xb4aa843
08:37:31.0 (8399613)|STATEMENT_EXECUTE|[277]
08:37:31.0 (8439318)|STATEMENT_EXECUTE|[280]
08:37:31.0 (8444722)|HEAP_ALLOCATE|[280]|Bytes:19
08:37:31.0 (8485429)|STATEMENT_EXECUTE|[283]
08:37:31.0 (8528926)|HEAP_ALLOCATE|[283]|Bytes:85
08:37:31.0 (8542021)|SYSTEM_METHOD_ENTRY|[1]|UserInfo.UserInfo()
08:37:31.0 (8545952)|STATEMENT_EXECUTE|[1]
08:37:31.0 (8552911)|SYSTEM_METHOD_EXIT|[1]|UserInfo
08:37:31.0 (8566189)|METHOD_ENTRY|[283]||System.UserInfo.getName()
08:37:31.0 (8624261)|METHOD_EXIT|[283]||System.UserInfo.getName()
08:37:31.0 (8658358)|STATEMENT_EXECUTE|[286]
08:37:31.0 (8678211)|STATEMENT_EXECUTE|[289]
08:37:31.0 (8699654)|STATEMENT_EXECUTE|[293]
08:37:31.0 (8716401)|STATEMENT_EXECUTE|[296]
08:37:31.0 (8730495)|STATEMENT_EXECUTE|[298]
08:37:31.0 (8743523)|STATEMENT_EXECUTE|[303]
08:37:31.0 (8770725)|HEAP_ALLOCATE|[303]|Bytes:4
08:37:31.0 (8814233)|ENTERING_MANAGED_PKG|
08:37:31.0 (8863187)|HEAP_ALLOCATE|[EXTERNAL]|Bytes:8
08:37:31.0 (8877561)|ENTERING_MANAGED_PKG|
08:37:31.0 (8892719)|HEAP_ALLOCATE|[EXTERNAL]|Bytes:8
08:37:31.0 (138092629)|EMAIL_QUEUE|[303]|replyTo: manager@sparkle.com, subject: Offer Letter - Architect - Force.com, senderDisplayName: Stella Hang, bccSender: false, saveAsActivity: true, useSignature: false, toAddresses: [chis_welsch@bankofamerica.com], plainTextBody: Offer Letter

Dear Christopher Welsch, 

I am excited to extend you an offer for our Architect - Force.com position.  Your Annual salary will be U$ . You will also be eligible for an annual bonus of U$  which is dependent on individual and company annual performance.

Please feel free to reach out to me in case you have any questions.

Thanks, 
Stella Hang, htmlBody: Offer Letter

Dear Christopher Welsch, 

I am excited to extend you an offer for our Architect - Force.com position.  Your Annual salary will be U$ . You will also be eligible for an annual bonus of U$  which is dependent on individual and company annual performance.

Please feel free to reach out to me in case you have any questions.

Thanks, 
Stella Hang, 
08:37:31.0 (138232712)|HEAP_ALLOCATE|[EXTERNAL]|Bytes:8
08:37:31.0 (138291117)|HEAP_ALLOCATE|[303]|Bytes:8
08:37:31.0 (138337074)|VARIABLE_SCOPE_BEGIN|[303]|lstResults|List<Messaging.SendEmailResult>|true|false
08:37:31.0 (138487956)|VARIABLE_ASSIGNMENT|[303]|lstResults|"common.apex.runtime.impl.ScalarList@7fae1769"|0x7f21d5c1
08:37:31.0 (138563436)|ENTERING_MANAGED_PKG|
08:37:31.0 (138797633)|HEAP_ALLOCATE|[305]|Bytes:5
08:37:31.0 (138991615)|HEAP_ALLOCATE|[305]|Bytes:4
08:37:31.0 (139031806)|VARIABLE_SCOPE_BEGIN|[305]|s|Messaging.SendEmailResult|true|false
08:37:31.0 (139099447)|VARIABLE_ASSIGNMENT|[305]|s|"common.api.soap.wsdl.SendEmailResult@7fae174a"|0xae369
08:37:31.0 (139113458)|STATEMENT_EXECUTE|[306]
08:37:31.0 (139152743)|STATEMENT_EXECUTE|[308]
08:37:31.0 (139154473)|STATEMENT_EXECUTE|[309]
08:37:31.0 (139163668)|HEAP_ALLOCATE|[309]|Bytes:53
08:37:31.0 (139192743)|HEAP_ALLOCATE|[309]|Bytes:82
08:37:31.0 (139301811)|VARIABLE_ASSIGNMENT|[EXTERNAL]|this|{}|0x30212fae
08:37:31.0 (139318927)|VARIABLE_ASSIGNMENT|[EXTERNAL]|value|"Your offer letter wa (62 more) ..."
08:37:31.0 (139340342)|VARIABLE_ASSIGNMENT|[22]|this.SendResults|"Your offer letter wa (62 more) ..."|0x30212fae
08:37:31.0 (139352713)|STATEMENT_EXECUTE|[310]
08:37:31.0 (139409112)|VARIABLE_ASSIGNMENT|[EXTERNAL]|this|{"SendResults":"Your offer letter wa (62 more) ..."}|0x30212fae
08:37:31.0 (139424560)|VARIABLE_ASSIGNMENT|[EXTERNAL]|value|true
08:37:31.0 (139432427)|HEAP_ALLOCATE|[20]|Bytes:5
08:37:31.0 (139442503)|VARIABLE_ASSIGNMENT|[20]|this.SendSuccessful|true|0x30212fae
08:37:31.0 (139453154)|STATEMENT_EXECUTE|[313]
08:37:31.0 (139467986)|METHOD_ENTRY|[313]||System.UserInfo.getUserId()
08:37:31.0 (139512471)|METHOD_EXIT|[313]||System.UserInfo.getUserId()
08:37:31.0 (139521620)|VARIABLE_SCOPE_BEGIN|[313]|userId|String|false|false
08:37:31.0 (139533053)|VARIABLE_ASSIGNMENT|[313]|userId|"005B0000000QdZuIAK"
08:37:31.0 (139537793)|STATEMENT_EXECUTE|[315]
08:37:31.0 (139597484)|HEAP_ALLOCATE|[315]|Bytes:4
08:37:31.0 (139701769)|VARIABLE_SCOPE_BEGIN|[315]|t|Task|true|false
08:37:31.0 (139724571)|VARIABLE_ASSIGNMENT|[315]|t|{}|0x5de3daa0
08:37:31.0 (139731343)|STATEMENT_EXECUTE|[316]
08:37:31.0 (139747727)|HEAP_ALLOCATE|[316]|Bytes:4
08:37:31.0 (139982417)|VARIABLE_ASSIGNMENT|[316]|this.OwnerId|"005B0000000QdZuIAK"|0x5de3daa0
08:37:31.0 (139992134)|STATEMENT_EXECUTE|[317]
08:37:31.0 (139997913)|HEAP_ALLOCATE|[317]|Bytes:18
08:37:31.0 (140052951)|VARIABLE_ASSIGNMENT|[317]|this.Subject|"Offer - Email Sent"|0x5de3daa0
08:37:31.0 (140062129)|STATEMENT_EXECUTE|[318]
08:37:31.0 (140067021)|HEAP_ALLOCATE|[318]|Bytes:6
08:37:31.0 (140114452)|VARIABLE_ASSIGNMENT|[318]|this.Status|"Closed"|0x5de3daa0
08:37:31.0 (140123516)|STATEMENT_EXECUTE|[319]
08:37:31.0 (140129257)|HEAP_ALLOCATE|[319]|Bytes:6
08:37:31.0 (140174582)|VARIABLE_ASSIGNMENT|[319]|this.Priority|"Normal"|0x5de3daa0
08:37:31.0 (140183106)|STATEMENT_EXECUTE|[320]
08:37:31.0 (140191440)|HEAP_ALLOCATE|[320]|Bytes:4
08:37:31.0 (140452946)|VARIABLE_ASSIGNMENT|[320]|this.WhatId|"a0QB0000000W1g5MAC"|0x5de3daa0
08:37:31.0 (140462461)|STATEMENT_EXECUTE|[321]
08:37:31.0 (140467966)|HEAP_ALLOCATE|[321]|Bytes:5
08:37:31.0 (140512897)|VARIABLE_ASSIGNMENT|[321]|this.TaskSubtype|"Email"|0x5de3daa0
08:37:31.0 (140521135)|STATEMENT_EXECUTE|[322]
08:37:31.0 (140564109)|VARIABLE_ASSIGNMENT|[322]|this.Description|"Offer Letter\r\n\r\nDear (347 more) ..."|0x5de3daa0
08:37:31.0 (140572440)|STATEMENT_EXECUTE|[323]
08:37:31.0 (140629669)|HEAP_ALLOCATE|[323]|Bytes:4
08:37:31.0 (140713735)|VARIABLE_ASSIGNMENT|[323]|this.ActivityDate|"2017-07-28T00:00:00.000Z"|0x5de3daa0
08:37:31.0 (140723375)|STATEMENT_EXECUTE|[324]
08:37:31.0 (140758197)|HEAP_ALLOCATE|[324]|Bytes:8
08:37:31.0 (140779520)|DML_BEGIN|[324]|Op:Insert|Type:Task|Rows:1
08:37:31.0 (140821155)|HEAP_ALLOCATE|[EXTERNAL]|Bytes:8
08:37:31.0 (351859139)|DML_END|[324]
08:37:31.0 (351917794)|HEAP_ALLOCATE|[305]|Bytes:5
08:37:31.0 (351954256)|VARIABLE_ASSIGNMENT|[305]|s|null|
08:37:31.0 (351964490)|STATEMENT_EXECUTE|[335]
08:37:31.0 (351979261)|SYSTEM_MODE_EXIT|false
08:37:31.378 (378107043)|CUMULATIVE_LIMIT_USAGE
08:37:31.378 (378107043)|LIMIT_USAGE_FOR_NS|(default)|
  Number of SOQL queries: 0 out of 100
  Number of query rows: 0 out of 50000
  Number of SOSL queries: 0 out of 20
  Number of DML statements: 0 out of 150
  Number of DML rows: 0 out of 10000
  Maximum CPU time: 0 out of 10000
  Maximum heap size: 0 out of 6000000
  Number of callouts: 0 out of 100
  Number of Email Invocations: 0 out of 10
  Number of future calls: 0 out of 50
  Number of queueable jobs added to the queue: 0 out of 50
  Number of Mobile Apex push calls: 0 out of 10

08:37:31.378 (378107043)|LIMIT_USAGE_FOR_NS|testautonumdata|
  Number of SOQL queries: 0 out of 100
  Number of query rows: 0 out of 50000
  Number of SOSL queries: 0 out of 20
  Number of DML statements: 1 out of 150
  Number of DML rows: 1 out of 10000
  Maximum CPU time: 0 out of 10000
  Maximum heap size: 0 out of 6000000
  Number of callouts: 0 out of 100
  Number of Email Invocations: 1 out of 10
  Number of future calls: 0 out of 50
  Number of queueable jobs added to the queue: 0 out of 50
  Number of Mobile Apex push calls: 0 out of 10

08:37:31.378 (378107043)|CUMULATIVE_LIMIT_USAGE_END

08:37:31.0 (378172652)|CODE_UNIT_FINISHED|OfferLetterCompController.sendEmail
08:37:31.0 (379892451)|CODE_UNIT_STARTED|[EXTERNAL]|Aura
08:37:31.0 (379948047)|CODE_UNIT_FINISHED|Aura
08:37:31.0 (379977207)|CODE_UNIT_FINISHED|Aura
08:37:31.0 (381234295)|EXECUTION_FINISHED
08:37:31.383 (383635469)|USER_INFO|[EXTERNAL]|005B0000000QdZu|hualei.hang@salesforce.com.sparkle|Pacific Standard Time|GMT-07:00
08:37:31.383 (383654680)|EXECUTION_STARTED
08:37:31.383 (383657198)|CODE_UNIT_STARTED|[EXTERNAL]|Aura
08:37:31.383 (383809757)|HEAP_ALLOCATE|[EXTERNAL]|Bytes:367
08:37:31.383 (383827049)|HEAP_ALLOCATE|[EXTERNAL]|Bytes:367
08:37:31.383 (383868196)|HEAP_ALLOCATE|[EXTERNAL]|Bytes:36
08:37:31.383 (383876392)|HEAP_ALLOCATE|[EXTERNAL]|Bytes:36
08:37:31.383 (383910559)|HEAP_ALLOCATE|[EXTERNAL]|Bytes:29
08:37:31.383 (383917934)|HEAP_ALLOCATE|[EXTERNAL]|Bytes:29
08:37:31.383 (383951089)|HEAP_ALLOCATE|[EXTERNAL]|Bytes:18
08:37:31.383 (383958370)|HEAP_ALLOCATE|[EXTERNAL]|Bytes:18
08:37:31.383 (384934022)|CODE_UNIT_STARTED|[EXTERNAL]|01pB0000000D0SK|OfferLetterCompController.sendEmail
08:37:31.383 (384981415)|HEAP_ALLOCATE|[EXTERNAL]|Bytes:367
08:37:31.383 (384987640)|HEAP_ALLOCATE|[EXTERNAL]|Bytes:36
08:37:31.383 (384990473)|HEAP_ALLOCATE|[EXTERNAL]|Bytes:29
08:37:31.383 (384993408)|HEAP_ALLOCATE|[EXTERNAL]|Bytes:18
08:37:31.383 (385001643)|SYSTEM_MODE_ENTER|false
08:37:31.383 (385012223)|VARIABLE_SCOPE_BEGIN|[256]|body|String|false|false
08:37:31.383 (385042562)|VARIABLE_ASSIGNMENT|[256]|body|"Offer Letter\r\n\r\nDear (347 more) ..."
08:37:31.383 (385048952)|VARIABLE_SCOPE_BEGIN|[256]|subject|String|false|false
08:37:31.383 (385056572)|VARIABLE_ASSIGNMENT|[256]|subject|"Offer Letter - Archi (16 more) ..."
08:37:31.383 (385061537)|VARIABLE_SCOPE_BEGIN|[256]|email|String|false|false
08:37:31.383 (385069022)|VARIABLE_ASSIGNMENT|[256]|email|"chis_welsch@bankofam (9 more) ..."
08:37:31.383 (385073255)|VARIABLE_SCOPE_BEGIN|[256]|offerId|String|false|false
08:37:31.383 (385079614)|VARIABLE_ASSIGNMENT|[256]|offerId|"a0QB0000000W1g5MAC"
08:37:31.383 (385093056)|HEAP_ALLOCATE|[259]|Bytes:5
08:37:31.383 (385101570)|STATEMENT_EXECUTE|[256]
08:37:31.383 (385103422)|STATEMENT_EXECUTE|[259]
08:37:31.383 (385109253)|HEAP_ALLOCATE|[259]|Bytes:40
08:37:31.383 (385122506)|CONSTRUCTOR_ENTRY|[259]|01pB0000000D0SK|<init>()
08:37:31.383 (385132599)|VARIABLE_SCOPE_BEGIN|[1]|this|testautonumdata.OfferLetterCompController|true|false
08:37:31.383 (385169080)|VARIABLE_ASSIGNMENT|[1]|this|{}|0x331e37fb
08:37:31.383 (385180860)|HEAP_ALLOCATE|[EXTERNAL]|Bytes:5
08:37:31.383 (385208676)|STATEMENT_EXECUTE|[1]
08:37:31.383 (385213097)|HEAP_ALLOCATE|[EXTERNAL]|Bytes:5
08:37:31.383 (385218478)|STATEMENT_EXECUTE|[6]
08:37:31.383 (385220075)|STATEMENT_EXECUTE|[8]
08:37:31.383 (385221379)|STATEMENT_EXECUTE|[10]
08:37:31.383 (385222671)|STATEMENT_EXECUTE|[12]
08:37:31.383 (385223633)|STATEMENT_EXECUTE|[14]
08:37:31.383 (385224665)|STATEMENT_EXECUTE|[16]
08:37:31.383 (385225701)|STATEMENT_EXECUTE|[18]
08:37:31.383 (385226719)|STATEMENT_EXECUTE|[20]
08:37:31.383 (385227735)|STATEMENT_EXECUTE|[22]
08:37:31.383 (385234881)|CONSTRUCTOR_EXIT|[259]|01pB0000000D0SK|<init>()
08:37:31.383 (385241743)|VARIABLE_SCOPE_BEGIN|[259]|result|testautonumdata.OfferLetterCompController|true|false
08:37:31.383 (385264958)|VARIABLE_ASSIGNMENT|[259]|result|{}|0x331e37fb
08:37:31.383 (385271190)|STATEMENT_EXECUTE|[263]
08:37:31.383 (385285999)|ENTERING_MANAGED_PKG|
08:37:31.383 (385594290)|STATEMENT_EXECUTE|[270]
08:37:31.383 (385614995)|VARIABLE_SCOPE_BEGIN|[270]|mail|Messaging.SingleEmailMessage|true|false
08:37:31.383 (385731713)|VARIABLE_ASSIGNMENT|[270]|mail|"common.api.soap.wsdl.SingleEmailMessage@42358705"|0x5ca318a2
08:37:31.383 (385742571)|STATEMENT_EXECUTE|[273]
08:37:31.383 (385748613)|HEAP_ALLOCATE|[273]|Bytes:4
08:37:31.383 (385761816)|ENTERING_MANAGED_PKG|
08:37:31.383 (385774169)|VARIABLE_SCOPE_BEGIN|[273]|toAddresses|List<String>|true|false
08:37:31.383 (385801472)|HEAP_ALLOCATE|[EXTERNAL]|Bytes:8
08:37:31.383 (385820975)|VARIABLE_ASSIGNMENT|[273]|toAddresses|["chis_welsch@bankofam (9 more) ..."]|0x78065d7e
08:37:31.383 (385827652)|STATEMENT_EXECUTE|[277]
08:37:31.383 (385848842)|STATEMENT_EXECUTE|[280]
08:37:31.383 (385863284)|STATEMENT_EXECUTE|[283]
08:37:31.383 (385873360)|METHOD_ENTRY|[283]||System.UserInfo.getName()
08:37:31.383 (385904604)|METHOD_EXIT|[283]||System.UserInfo.getName()
08:37:31.383 (385921198)|STATEMENT_EXECUTE|[286]
08:37:31.383 (385929932)|STATEMENT_EXECUTE|[289]
08:37:31.383 (385938462)|STATEMENT_EXECUTE|[293]
08:37:31.383 (385945393)|STATEMENT_EXECUTE|[296]
08:37:31.383 (385952544)|STATEMENT_EXECUTE|[298]
08:37:31.383 (385959991)|STATEMENT_EXECUTE|[303]
08:37:31.383 (385964567)|HEAP_ALLOCATE|[303]|Bytes:4
08:37:31.383 (385976832)|ENTERING_MANAGED_PKG|
08:37:31.383 (385999884)|HEAP_ALLOCATE|[EXTERNAL]|Bytes:8
08:37:31.383 (386011141)|ENTERING_MANAGED_PKG|
08:37:31.383 (386025902)|HEAP_ALLOCATE|[EXTERNAL]|Bytes:8
08:37:31.383 (405150493)|EMAIL_QUEUE|[303]|replyTo: manager@sparkle.com, subject: Offer Letter - Architect - Force.com, senderDisplayName: Stella Hang, bccSender: false, saveAsActivity: true, useSignature: false, toAddresses: [chis_welsch@bankofamerica.com], plainTextBody: Offer Letter

Dear Christopher Welsch, 

I am excited to extend you an offer for our Architect - Force.com position.  Your Annual salary will be U$ . You will also be eligible for an annual bonus of U$  which is dependent on individual and company annual performance.

Please feel free to reach out to me in case you have any questions.

Thanks, 
Stella Hang, htmlBody: Offer Letter

Dear Christopher Welsch, 

I am excited to extend you an offer for our Architect - Force.com position.  Your Annual salary will be U$ . You will also be eligible for an annual bonus of U$  which is dependent on individual and company annual performance.

Please feel free to reach out to me in case you have any questions.

Thanks, 
Stella Hang, 
08:37:31.383 (405199914)|HEAP_ALLOCATE|[EXTERNAL]|Bytes:8
08:37:31.383 (405214734)|HEAP_ALLOCATE|[303]|Bytes:8
08:37:31.383 (405229686)|VARIABLE_SCOPE_BEGIN|[303]|lstResults|List<Messaging.SendEmailResult>|true|false
08:37:31.383 (405426107)|VARIABLE_ASSIGNMENT|[303]|lstResults|"common.apex.runtime.impl.ScalarList@1bfbef67"|0x39c5875
08:37:31.383 (405448871)|ENTERING_MANAGED_PKG|
08:37:31.383 (405474963)|HEAP_ALLOCATE|[305]|Bytes:5
08:37:31.383 (405498613)|HEAP_ALLOCATE|[305]|Bytes:4
08:37:31.383 (405535716)|VARIABLE_SCOPE_BEGIN|[305]|s|Messaging.SendEmailResult|true|false
08:37:31.383 (405601422)|VARIABLE_ASSIGNMENT|[305]|s|"common.api.soap.wsdl.SendEmailResult@1bfbef48"|0x139f3cc9
08:37:31.383 (405612340)|STATEMENT_EXECUTE|[306]
08:37:31.383 (405633126)|STATEMENT_EXECUTE|[308]
08:37:31.383 (405634887)|STATEMENT_EXECUTE|[309]
08:37:31.383 (405643762)|HEAP_ALLOCATE|[309]|Bytes:82
08:37:31.383 (405681858)|VARIABLE_ASSIGNMENT|[EXTERNAL]|this|{}|0x331e37fb
08:37:31.383 (405694719)|VARIABLE_ASSIGNMENT|[EXTERNAL]|value|"Your offer letter wa (62 more) ..."
08:37:31.383 (405711126)|VARIABLE_ASSIGNMENT|[22]|this.SendResults|"Your offer letter wa (62 more) ..."|0x331e37fb
08:37:31.383 (405721827)|STATEMENT_EXECUTE|[310]
08:37:31.383 (405748329)|VARIABLE_ASSIGNMENT|[EXTERNAL]|this|{"SendResults":"Your offer letter wa (62 more) ..."}|0x331e37fb
08:37:31.383 (405761549)|VARIABLE_ASSIGNMENT|[EXTERNAL]|value|true
08:37:31.383 (405768530)|HEAP_ALLOCATE|[20]|Bytes:5
08:37:31.383 (405777860)|VARIABLE_ASSIGNMENT|[20]|this.SendSuccessful|true|0x331e37fb
08:37:31.383 (405787362)|STATEMENT_EXECUTE|[313]
08:37:31.383 (405794414)|METHOD_ENTRY|[313]||System.UserInfo.getUserId()
08:37:31.383 (405813393)|METHOD_EXIT|[313]||System.UserInfo.getUserId()
08:37:31.383 (405820329)|VARIABLE_SCOPE_BEGIN|[313]|userId|String|false|false
08:37:31.383 (405831187)|VARIABLE_ASSIGNMENT|[313]|userId|"005B0000000QdZuIAK"
08:37:31.383 (405835810)|STATEMENT_EXECUTE|[315]
08:37:31.383 (405857047)|HEAP_ALLOCATE|[315]|Bytes:4
08:37:31.383 (405877838)|VARIABLE_SCOPE_BEGIN|[315]|t|Task|true|false
08:37:31.383 (405896569)|VARIABLE_ASSIGNMENT|[315]|t|{}|0x4ca4d0c0
08:37:31.383 (405902614)|STATEMENT_EXECUTE|[316]
08:37:31.383 (405910963)|HEAP_ALLOCATE|[316]|Bytes:4
08:37:31.383 (405963857)|VARIABLE_ASSIGNMENT|[316]|this.OwnerId|"005B0000000QdZuIAK"|0x4ca4d0c0
08:37:31.383 (405972699)|STATEMENT_EXECUTE|[317]
08:37:31.383 (406014980)|VARIABLE_ASSIGNMENT|[317]|this.Subject|"Offer - Email Sent"|0x4ca4d0c0
08:37:31.383 (406024033)|STATEMENT_EXECUTE|[318]
08:37:31.383 (406057735)|VARIABLE_ASSIGNMENT|[318]|this.Status|"Closed"|0x4ca4d0c0
08:37:31.383 (406065303)|STATEMENT_EXECUTE|[319]
08:37:31.383 (406100101)|VARIABLE_ASSIGNMENT|[319]|this.Priority|"Normal"|0x4ca4d0c0
08:37:31.383 (406111022)|STATEMENT_EXECUTE|[320]
08:37:31.383 (406117953)|HEAP_ALLOCATE|[320]|Bytes:4
08:37:31.383 (406160862)|VARIABLE_ASSIGNMENT|[320]|this.WhatId|"a0QB0000000W1g5MAC"|0x4ca4d0c0
08:37:31.383 (406169384)|STATEMENT_EXECUTE|[321]
08:37:31.383 (406205619)|VARIABLE_ASSIGNMENT|[321]|this.TaskSubtype|"Email"|0x4ca4d0c0
08:37:31.383 (406213594)|STATEMENT_EXECUTE|[322]
08:37:31.383 (406250800)|VARIABLE_ASSIGNMENT|[322]|this.Description|"Offer Letter\r\n\r\nDear (347 more) ..."|0x4ca4d0c0
08:37:31.383 (406259327)|STATEMENT_EXECUTE|[323]
08:37:31.383 (406284000)|HEAP_ALLOCATE|[323]|Bytes:4
08:37:31.383 (406358767)|VARIABLE_ASSIGNMENT|[323]|this.ActivityDate|"2017-07-28T00:00:00.000Z"|0x4ca4d0c0
08:37:31.383 (406367983)|STATEMENT_EXECUTE|[324]
08:37:31.383 (406387002)|HEAP_ALLOCATE|[324]|Bytes:8
08:37:31.383 (406406709)|DML_BEGIN|[324]|Op:Insert|Type:Task|Rows:1
08:37:31.383 (406434204)|HEAP_ALLOCATE|[EXTERNAL]|Bytes:8
08:37:31.383 (441501818)|DML_END|[324]
08:37:31.383 (441536517)|HEAP_ALLOCATE|[305]|Bytes:5
08:37:31.383 (441560252)|VARIABLE_ASSIGNMENT|[305]|s|null|
08:37:31.383 (441567781)|STATEMENT_EXECUTE|[335]
08:37:31.383 (441581689)|SYSTEM_MODE_EXIT|false
08:37:31.459 (459490767)|CUMULATIVE_LIMIT_USAGE
08:37:31.459 (459490767)|LIMIT_USAGE_FOR_NS|(default)|
  Number of SOQL queries: 0 out of 100
  Number of query rows: 0 out of 50000
  Number of SOSL queries: 0 out of 20
  Number of DML statements: 0 out of 150
  Number of DML rows: 0 out of 10000
  Maximum CPU time: 0 out of 10000
  Maximum heap size: 0 out of 6000000
  Number of callouts: 0 out of 100
  Number of Email Invocations: 0 out of 10
  Number of future calls: 0 out of 50
  Number of queueable jobs added to the queue: 0 out of 50
  Number of Mobile Apex push calls: 0 out of 10

08:37:31.459 (459490767)|LIMIT_USAGE_FOR_NS|testautonumdata|
  Number of SOQL queries: 0 out of 100
  Number of query rows: 0 out of 50000
  Number of SOSL queries: 0 out of 20
  Number of DML statements: 2 out of 150
  Number of DML rows: 2 out of 10000
  Maximum CPU time: 0 out of 10000
  Maximum heap size: 0 out of 6000000
  Number of callouts: 0 out of 100
  Number of Email Invocations: 2 out of 10
  Number of future calls: 0 out of 50
  Number of queueable jobs added to the queue: 0 out of 50
  Number of Mobile Apex push calls: 0 out of 10

08:37:31.459 (459490767)|CUMULATIVE_LIMIT_USAGE_END

08:37:31.383 (459551250)|CODE_UNIT_FINISHED|OfferLetterCompController.sendEmail
08:37:31.383 (460860703)|CODE_UNIT_STARTED|[EXTERNAL]|Aura
08:37:31.383 (460916024)|CODE_UNIT_FINISHED|Aura
08:37:31.383 (460945534)|CODE_UNIT_FINISHED|Aura
08:37:31.383 (462001215)|EXECUTION_FINISHED
