40.0 APEX_CODE,FINEST;APEX_PROFILING,INFO;CALLOUT,INFO;DB,INFO;SYSTEM,DEBUG;VALIDATION,INFO;VISUALFORCE,INFO;WAVE,INFO;WORKFLOW,INFO
08:38:10.0 (51883)|USER_INFO|[EXTERNAL]|005B0000000QdZu|hualei.hang@salesforce.com.sparkle|Pacific Standard Time|GMT-07:00
08:38:10.0 (80561)|EXECUTION_STARTED
08:38:10.0 (84304)|CODE_UNIT_STARTED|[EXTERNAL]|Aura
08:38:10.0 (12936315)|CODE_UNIT_STARTED|[EXTERNAL]|01pB0000000lc07|ListServerController.getCurrentUser
08:38:10.0 (13031855)|HEAP_ALLOCATE|[72]|Bytes:3
08:38:10.0 (13053858)|HEAP_ALLOCATE|[77]|Bytes:152
08:38:10.0 (13068237)|HEAP_ALLOCATE|[342]|Bytes:408
08:38:10.0 (13088809)|HEAP_ALLOCATE|[355]|Bytes:408
08:38:10.0 (13108662)|HEAP_ALLOCATE|[467]|Bytes:48
08:38:10.0 (13131580)|HEAP_ALLOCATE|[139]|Bytes:6
08:38:10.0 (13159066)|VARIABLE_SCOPE_BEGIN|[3]|ListServerController.mapObjectsFields|Map<String,Set<String>>|true|true
08:38:10.0 (13231255)|HEAP_ALLOCATE|[EXTERNAL]|Bytes:180
08:38:10.0 (13239897)|HEAP_ALLOCATE|[EXTERNAL]|Bytes:22
08:38:10.0 (13244681)|HEAP_ALLOCATE|[EXTERNAL]|Bytes:27
08:38:10.0 (13260502)|METHOD_ENTRY|[1]|01pB0000000lc07|ListServerController.ListServerController()
08:38:10.0 (13266949)|STATEMENT_EXECUTE|[1]
08:38:10.0 (13273227)|STATEMENT_EXECUTE|[1]
08:38:10.0 (13301710)|HEAP_ALLOCATE|[50]|Bytes:5
08:38:10.0 (13327538)|HEAP_ALLOCATE|[56]|Bytes:5
08:38:10.0 (13339043)|HEAP_ALLOCATE|[64]|Bytes:7
08:38:10.0 (13360673)|SYSTEM_MODE_ENTER|false
08:38:10.0 (13375755)|HEAP_ALLOCATE|[3]|Bytes:5
08:38:10.0 (13381454)|STATEMENT_EXECUTE|[3]
08:38:10.0 (13409066)|VARIABLE_ASSIGNMENT|[3]|ListServerController.mapObjectsFields|null|
08:38:10.0 (13421272)|SYSTEM_MODE_EXIT|false
08:38:10.0 (13431323)|METHOD_EXIT|[1]|ListServerController
08:38:10.0 (13440138)|SYSTEM_MODE_ENTER|false
08:38:10.0 (13452515)|HEAP_ALLOCATE|[151]|Bytes:5
08:38:10.0 (13458029)|STATEMENT_EXECUTE|[150]
08:38:10.0 (13459502)|STATEMENT_EXECUTE|[151]
08:38:10.0 (13462894)|HEAP_ALLOCATE|[151]|Bytes:68
08:38:10.0 (13471779)|HEAP_ALLOCATE|[151]|Bytes:4
08:38:10.0 (13484076)|HEAP_ALLOCATE|[151]|Bytes:7
08:38:10.0 (13525726)|HEAP_ALLOCATE|[151]|Bytes:85
08:38:10.0 (13537531)|SYSTEM_METHOD_ENTRY|[1]|UserInfo.UserInfo()
08:38:10.0 (13541579)|STATEMENT_EXECUTE|[1]
08:38:10.0 (13548872)|SYSTEM_METHOD_EXIT|[1]|UserInfo
08:38:10.0 (13564824)|METHOD_ENTRY|[151]||System.UserInfo.getUserId()
08:38:10.0 (13613798)|METHOD_EXIT|[151]||System.UserInfo.getUserId()
08:38:10.0 (15180384)|SOQL_EXECUTE_BEGIN|[151]|Aggregations:0|SELECT Id, FirstName, LastName FROM User WHERE Id = :tmpVar1 LIMIT 1
08:38:10.0 (22987699)|SOQL_EXECUTE_END|[151]|Rows:1
08:38:10.0 (23020708)|HEAP_ALLOCATE|[151]|Bytes:8
08:38:10.0 (23044848)|HEAP_ALLOCATE|[151]|Bytes:64
08:38:10.0 (23133623)|HEAP_ALLOCATE|[151]|Bytes:8
08:38:10.0 (23153252)|HEAP_ALLOCATE|[151]|Bytes:30
08:38:10.0 (23223849)|HEAP_ALLOCATE|[151]|Bytes:16
08:38:10.0 (23240540)|VARIABLE_SCOPE_BEGIN|[151]|user|User|true|false
08:38:10.0 (23271589)|VARIABLE_ASSIGNMENT|[151]|user|{"Id":"005B0000000QdZuIAK","FirstName":"Stella","LastName":"Hang"}|0x2f6b3615
08:38:10.0 (23284363)|STATEMENT_EXECUTE|[152]
08:38:10.0 (23298999)|SYSTEM_MODE_EXIT|false
08:38:10.23 (23332871)|CUMULATIVE_LIMIT_USAGE
08:38:10.23 (23332871)|LIMIT_USAGE_FOR_NS|(default)|
  Number of SOQL queries: 0 out of 100
  Number of query rows: 0 out of 50000
  Number of SOSL queries: 0 out of 20
  Number of DML statements: 0 out of 150
  Number of DML rows: 0 out of 10000
  Maximum CPU time: 0 out of 10000
  Maximum heap size: 0 out of 6000000
  Number of callouts: 0 out of 100
  Number of Email Invocations: 0 out of 10
  Number of future calls: 0 out of 50
  Number of queueable jobs added to the queue: 0 out of 50
  Number of Mobile Apex push calls: 0 out of 10

08:38:10.23 (23332871)|LIMIT_USAGE_FOR_NS|testautonumdata|
  Number of SOQL queries: 1 out of 100
  Number of query rows: 1 out of 50000
  Number of SOSL queries: 0 out of 20
  Number of DML statements: 0 out of 150
  Number of DML rows: 0 out of 10000
  Maximum CPU time: 0 out of 10000
  Maximum heap size: 0 out of 6000000
  Number of callouts: 0 out of 100
  Number of Email Invocations: 0 out of 10
  Number of future calls: 0 out of 50
  Number of queueable jobs added to the queue: 0 out of 50
  Number of Mobile Apex push calls: 0 out of 10

08:38:10.23 (23332871)|CUMULATIVE_LIMIT_USAGE_END

08:38:10.0 (23393454)|CODE_UNIT_FINISHED|ListServerController.getCurrentUser
08:38:10.0 (23477018)|CODE_UNIT_FINISHED|Aura
08:38:10.0 (25279397)|EXECUTION_FINISHED
