33.0 APEX_CODE,FINEST;APEX_PROFILING,INFO;CALLOUT,INFO;DB,INFO;SYSTEM,DEBUG;VALIDATION,INFO;VISUALFORCE,INFO;WAVE,INFO;WORKFLOW,INFO
08:37:48.0 (95867)|USER_INFO|[EXTERNAL]|005B0000000QdZu|hualei.hang@salesforce.com.sparkle|Pacific Standard Time|GMT-07:00
08:37:48.0 (154237)|EXECUTION_STARTED
08:37:48.0 (158122)|CODE_UNIT_STARTED|[EXTERNAL]|066B0000000dn24|VF: /apex/testautonumdata__chartjsStandAloneSample
08:37:48.6 (6568044)|CUMULATIVE_LIMIT_USAGE
08:37:48.6 (6568044)|LIMIT_USAGE_FOR_NS|(default)|
  Number of SOQL queries: 0 out of 100
  Number of query rows: 0 out of 50000
  Number of SOSL queries: 0 out of 20
  Number of DML statements: 0 out of 150
  Number of DML rows: 0 out of 10000
  Maximum CPU time: 0 out of 10000
  Maximum heap size: 0 out of 6000000
  Number of callouts: 0 out of 100
  Number of Email Invocations: 0 out of 10
  Number of future calls: 0 out of 50
  Number of queueable jobs added to the queue: 0 out of 50
  Number of Mobile Apex push calls: 0 out of 10

08:37:48.6 (6568044)|CUMULATIVE_LIMIT_USAGE_END

08:37:48.0 (6633061)|CODE_UNIT_FINISHED|VF: /apex/testautonumdata__chartjsStandAloneSample
08:37:48.0 (7651822)|EXECUTION_FINISHED
