40.0 APEX_CODE,FINEST;APEX_PROFILING,INFO;CALLOUT,INFO;DB,INFO;SYSTEM,DEBUG;VALIDATION,INFO;VISUALFORCE,INFO;WAVE,INFO;WORKFLOW,INFO
08:42:21.0 (106988)|USER_INFO|[EXTERNAL]|005B0000000QdZu|hualei.hang@salesforce.com.sparkle|Pacific Standard Time|GMT-07:00
08:42:21.0 (179792)|EXECUTION_STARTED
08:42:21.0 (187109)|CODE_UNIT_STARTED|[EXTERNAL]|Aura
08:42:21.0 (13313771)|HEAP_ALLOCATE|[72]|Bytes:3
08:42:21.0 (13382467)|HEAP_ALLOCATE|[77]|Bytes:152
08:42:21.0 (13407053)|HEAP_ALLOCATE|[342]|Bytes:408
08:42:21.0 (13430345)|HEAP_ALLOCATE|[355]|Bytes:408
08:42:21.0 (13452159)|HEAP_ALLOCATE|[467]|Bytes:48
08:42:21.0 (13490656)|HEAP_ALLOCATE|[139]|Bytes:6
08:42:21.0 (13517305)|HEAP_ALLOCATE|[EXTERNAL]|Bytes:18
08:42:21.0 (13529335)|HEAP_ALLOCATE|[EXTERNAL]|Bytes:18
08:42:21.0 (13580859)|HEAP_ALLOCATE|[EXTERNAL]|Bytes:29
08:42:21.0 (13589136)|HEAP_ALLOCATE|[EXTERNAL]|Bytes:29
08:42:21.0 (13626146)|HEAP_ALLOCATE|[EXTERNAL]|Bytes:30
08:42:21.0 (13633493)|HEAP_ALLOCATE|[EXTERNAL]|Bytes:30
08:42:21.0 (15343753)|CODE_UNIT_STARTED|[EXTERNAL]|01pB0000000r382|Twitter_Lightning_Controller.getRecordDetails
08:42:21.0 (15417407)|VARIABLE_SCOPE_BEGIN|[3]|Twitter_Lightning_Controller.mapObjectsFields|Map<String,Set<String>>|true|true
08:42:21.0 (15500303)|HEAP_ALLOCATE|[EXTERNAL]|Bytes:384
08:42:21.0 (15510616)|HEAP_ALLOCATE|[EXTERNAL]|Bytes:60
08:42:21.0 (15515734)|HEAP_ALLOCATE|[EXTERNAL]|Bytes:126
08:42:21.0 (15534088)|METHOD_ENTRY|[1]|01pB0000000r382|Twitter_Lightning_Controller.Twitter_Lightning_Controller()
08:42:21.0 (15541569)|STATEMENT_EXECUTE|[1]
08:42:21.0 (15548770)|STATEMENT_EXECUTE|[1]
08:42:21.0 (15587482)|HEAP_ALLOCATE|[50]|Bytes:5
08:42:21.0 (15622257)|HEAP_ALLOCATE|[56]|Bytes:5
08:42:21.0 (15634477)|HEAP_ALLOCATE|[64]|Bytes:7
08:42:21.0 (15659560)|SYSTEM_MODE_ENTER|false
08:42:21.0 (15679180)|HEAP_ALLOCATE|[3]|Bytes:5
08:42:21.0 (15684985)|STATEMENT_EXECUTE|[3]
08:42:21.0 (15713402)|VARIABLE_ASSIGNMENT|[3]|Twitter_Lightning_Controller.mapObjectsFields|null|
08:42:21.0 (15726765)|SYSTEM_MODE_EXIT|false
08:42:21.0 (15737622)|METHOD_EXIT|[1]|Twitter_Lightning_Controller
08:42:21.0 (15745083)|HEAP_ALLOCATE|[EXTERNAL]|Bytes:18
08:42:21.0 (15749031)|HEAP_ALLOCATE|[EXTERNAL]|Bytes:29
08:42:21.0 (15751580)|HEAP_ALLOCATE|[EXTERNAL]|Bytes:30
08:42:21.0 (15757617)|SYSTEM_MODE_ENTER|false
08:42:21.0 (15765346)|VARIABLE_SCOPE_BEGIN|[82]|recordID|String|false|false
08:42:21.0 (15778726)|VARIABLE_ASSIGNMENT|[82]|recordID|"a0MB0000000cQXFMA2"
08:42:21.0 (15784011)|VARIABLE_SCOPE_BEGIN|[82]|objectApiName|String|false|false
08:42:21.0 (15794852)|VARIABLE_ASSIGNMENT|[82]|objectApiName|"testautonumdata__Can (9 more) ..."
08:42:21.0 (15799432)|VARIABLE_SCOPE_BEGIN|[82]|twitterIDFieldApiName|String|false|false
08:42:21.0 (15807006)|VARIABLE_ASSIGNMENT|[82]|twitterIDFieldApiName|"testautonumdata__Twi (10 more) ..."
08:42:21.0 (15811231)|VARIABLE_SCOPE_BEGIN|[82]|firstName|String|false|false
08:42:21.0 (15817562)|VARIABLE_ASSIGNMENT|[82]|firstName|null
08:42:21.0 (15821859)|VARIABLE_SCOPE_BEGIN|[82]|lastName|String|false|false
08:42:21.0 (15827860)|VARIABLE_ASSIGNMENT|[82]|lastName|null
08:42:21.0 (15832124)|VARIABLE_SCOPE_BEGIN|[82]|companyName|String|false|false
08:42:21.0 (15837898)|VARIABLE_ASSIGNMENT|[82]|companyName|null
08:42:21.0 (15842249)|VARIABLE_SCOPE_BEGIN|[82]|email|String|false|false
08:42:21.0 (15847834)|VARIABLE_ASSIGNMENT|[82]|email|null
08:42:21.0 (15862688)|HEAP_ALLOCATE|[84]|Bytes:5
08:42:21.0 (15868941)|STATEMENT_EXECUTE|[82]
08:42:21.0 (15870423)|STATEMENT_EXECUTE|[84]
08:42:21.0 (15877775)|VARIABLE_SCOPE_BEGIN|[84]|hasTwitterMemberID|Boolean|false|false
08:42:21.0 (15890146)|HEAP_ALLOCATE|[84]|Bytes:5
08:42:21.0 (15899055)|VARIABLE_ASSIGNMENT|[84]|hasTwitterMemberID|false
08:42:21.0 (15903768)|STATEMENT_EXECUTE|[85]
08:42:21.0 (15910068)|HEAP_ALLOCATE|[85]|Bytes:64
08:42:21.0 (15926156)|CONSTRUCTOR_ENTRY|[85]|01pB0000000r382|<init>()
08:42:21.0 (15956395)|VARIABLE_SCOPE_BEGIN|[1]|this|testautonumdata.Twitter_Lightning_Controller|true|false
08:42:21.0 (16011447)|VARIABLE_ASSIGNMENT|[1]|this|{}|0xf2e1169
08:42:21.0 (16024727)|HEAP_ALLOCATE|[EXTERNAL]|Bytes:5
08:42:21.0 (16035421)|HEAP_ALLOCATE|[EXTERNAL]|Bytes:6
08:42:21.0 (16064278)|STATEMENT_EXECUTE|[1]
08:42:21.0 (16069387)|HEAP_ALLOCATE|[EXTERNAL]|Bytes:5
08:42:21.0 (16075029)|STATEMENT_EXECUTE|[6]
08:42:21.0 (16076650)|STATEMENT_EXECUTE|[8]
08:42:21.0 (16077681)|STATEMENT_EXECUTE|[10]
08:42:21.0 (16078798)|STATEMENT_EXECUTE|[12]
08:42:21.0 (16079744)|STATEMENT_EXECUTE|[14]
08:42:21.0 (16080771)|STATEMENT_EXECUTE|[16]
08:42:21.0 (16081823)|STATEMENT_EXECUTE|[18]
08:42:21.0 (16082868)|STATEMENT_EXECUTE|[20]
08:42:21.0 (16083761)|STATEMENT_EXECUTE|[22]
08:42:21.0 (16084791)|STATEMENT_EXECUTE|[24]
08:42:21.0 (16085905)|STATEMENT_EXECUTE|[26]
08:42:21.0 (16087024)|STATEMENT_EXECUTE|[28]
08:42:21.0 (16088311)|STATEMENT_EXECUTE|[30]
08:42:21.0 (16089270)|STATEMENT_EXECUTE|[32]
08:42:21.0 (16090212)|STATEMENT_EXECUTE|[34]
08:42:21.0 (16098390)|CONSTRUCTOR_EXIT|[85]|01pB0000000r382|<init>()
08:42:21.0 (16105071)|VARIABLE_SCOPE_BEGIN|[85]|returnRec|testautonumdata.Twitter_Lightning_Controller|true|false
08:42:21.0 (16134477)|VARIABLE_ASSIGNMENT|[85]|returnRec|{}|0xf2e1169
08:42:21.0 (16141573)|STATEMENT_EXECUTE|[88]
08:42:21.0 (16149778)|HEAP_ALLOCATE|[88]|Bytes:4
08:42:21.0 (16181259)|VARIABLE_ASSIGNMENT|[88]|Twitter_Lightning_Controller.mapObjectsFields|{}|0x1f4fdd44
08:42:21.0 (16229669)|ENTERING_MANAGED_PKG|
08:42:21.0 (16270474)|STATEMENT_EXECUTE|[91]
08:42:21.0 (16272880)|STATEMENT_EXECUTE|[92]
08:42:21.0 (16277072)|HEAP_ALLOCATE|[92]|Bytes:9
08:42:21.0 (16285305)|VARIABLE_SCOPE_BEGIN|[92]|soql|String|false|false
08:42:21.0 (16296980)|VARIABLE_ASSIGNMENT|[92]|soql|"Select id"
08:42:21.0 (16301406)|STATEMENT_EXECUTE|[93]
08:42:21.0 (16304116)|HEAP_ALLOCATE|[93]|Bytes:2
08:42:21.0 (16434849)|HEAP_ALLOCATE|[93]|Bytes:19
08:42:21.0 (16444677)|HEAP_ALLOCATE|[93]|Bytes:40
08:42:21.0 (16452908)|METHOD_ENTRY|[1]|01pB0000000ljzx|Sparkle_Helper.Sparkle_Helper()
08:42:21.0 (16457943)|STATEMENT_EXECUTE|[1]
08:42:21.0 (16461992)|STATEMENT_EXECUTE|[1]
08:42:21.0 (16468948)|HEAP_ALLOCATE|[93]|Bytes:5
08:42:21.0 (16478654)|METHOD_EXIT|[1]|Sparkle_Helper
08:42:21.0 (16493382)|METHOD_ENTRY|[93]|01pB0000000ljzx|testautonumdata.Sparkle_Helper.AddFieldToObjectsMap(String, String, Map<String,Set<String>>)
08:42:21.0 (16511317)|VARIABLE_SCOPE_BEGIN|[111]|fieldName|String|false|false
08:42:21.0 (16522976)|VARIABLE_ASSIGNMENT|[111]|fieldName|"Id"
08:42:21.0 (16527649)|VARIABLE_SCOPE_BEGIN|[111]|initialObjectName|String|false|false
08:42:21.0 (16535894)|VARIABLE_ASSIGNMENT|[111]|initialObjectName|"testautonumdata__Can (9 more) ..."
08:42:21.0 (16540284)|VARIABLE_SCOPE_BEGIN|[111]|theMap|Map<String,Set<String>>|true|false
08:42:21.0 (16551392)|VARIABLE_ASSIGNMENT|[111]|theMap|{}|0x1f4fdd44
08:42:21.0 (16563082)|HEAP_ALLOCATE|[113]|Bytes:5
08:42:21.0 (16569454)|STATEMENT_EXECUTE|[112]
08:42:21.0 (16572227)|HEAP_ALLOCATE|[113]|Bytes:1
08:42:21.0 (16592811)|ENTERING_MANAGED_PKG|
08:42:21.0 (16622689)|STATEMENT_EXECUTE|[154]
08:42:21.0 (16633356)|METHOD_ENTRY|[154]|01pB0000000ljzx|testautonumdata.Sparkle_Helper.AddFieldToMap(String, String, Map<String,Set<String>>)
08:42:21.0 (16650299)|VARIABLE_SCOPE_BEGIN|[161]|fieldName|String|false|false
08:42:21.0 (16661162)|VARIABLE_ASSIGNMENT|[161]|fieldName|"Id"
08:42:21.0 (16665376)|VARIABLE_SCOPE_BEGIN|[161]|ObjectName|String|false|false
08:42:21.0 (16673869)|VARIABLE_ASSIGNMENT|[161]|ObjectName|"testautonumdata__Can (9 more) ..."
08:42:21.0 (16678410)|VARIABLE_SCOPE_BEGIN|[161]|theMap|Map<String,Set<String>>|true|false
08:42:21.0 (16688697)|VARIABLE_ASSIGNMENT|[161]|theMap|{}|0x1f4fdd44
08:42:21.0 (16700522)|HEAP_ALLOCATE|[164]|Bytes:5
08:42:21.0 (16706337)|STATEMENT_EXECUTE|[162]
08:42:21.0 (16719593)|ENTERING_MANAGED_PKG|
08:42:21.0 (16756531)|STATEMENT_EXECUTE|[171]
08:42:21.0 (16758818)|STATEMENT_EXECUTE|[172]
08:42:21.0 (16800247)|HEAP_ALLOCATE|[172]|Bytes:4
08:42:21.0 (16821168)|ENTERING_MANAGED_PKG|
08:42:21.0 (16843039)|VARIABLE_SCOPE_BEGIN|[172]|newFieldSet|Set<String>|true|false
08:42:21.0 (16889344)|VARIABLE_ASSIGNMENT|[172]|newFieldSet|[]|0x75614dae
08:42:21.0 (16902255)|STATEMENT_EXECUTE|[173]
08:42:21.0 (16915059)|ENTERING_MANAGED_PKG|
08:42:21.0 (16938918)|HEAP_ALLOCATE|[EXTERNAL]|Bytes:4
08:42:21.0 (16950683)|STATEMENT_EXECUTE|[174]
08:42:21.0 (16958821)|ENTERING_MANAGED_PKG|
08:42:21.0 (16987137)|HEAP_ALLOCATE|[EXTERNAL]|Bytes:-4
08:42:21.0 (17004510)|METHOD_EXIT|[154]|01pB0000000ljzx|testautonumdata.Sparkle_Helper.AddFieldToMap(String, String, Map<String,Set<String>>)
08:42:21.0 (17016014)|METHOD_EXIT|[93]|01pB0000000ljzx|testautonumdata.Sparkle_Helper.AddFieldToObjectsMap(String, String, Map<String,Set<String>>)
08:42:21.0 (17023181)|STATEMENT_EXECUTE|[95]
08:42:21.0 (17024670)|STATEMENT_EXECUTE|[96]
08:42:21.0 (17028659)|HEAP_ALLOCATE|[96]|Bytes:2
08:42:21.0 (17048050)|ENTERING_MANAGED_PKG|
08:42:21.0 (17068361)|HEAP_ALLOCATE|[96]|Bytes:30
08:42:21.0 (17090786)|HEAP_ALLOCATE|[96]|Bytes:32
08:42:21.0 (17099111)|HEAP_ALLOCATE|[96]|Bytes:41
08:42:21.0 (17110030)|VARIABLE_ASSIGNMENT|[96]|soql|"Select id, testauton (21 more) ..."
08:42:21.0 (17115702)|STATEMENT_EXECUTE|[97]
08:42:21.0 (17124693)|METHOD_ENTRY|[97]|01pB0000000ljzx|testautonumdata.Sparkle_Helper.AddFieldToObjectsMap(String, String, Map<String,Set<String>>)
08:42:21.0 (17140271)|VARIABLE_SCOPE_BEGIN|[111]|fieldName|String|false|false
08:42:21.0 (17150769)|VARIABLE_ASSIGNMENT|[111]|fieldName|"testautonumdata__Twi (10 more) ..."
08:42:21.0 (17154952)|VARIABLE_SCOPE_BEGIN|[111]|initialObjectName|String|false|false
08:42:21.0 (17162229)|VARIABLE_ASSIGNMENT|[111]|initialObjectName|"testautonumdata__Can (9 more) ..."
08:42:21.0 (17166329)|VARIABLE_SCOPE_BEGIN|[111]|theMap|Map<String,Set<String>>|true|false
08:42:21.0 (17180954)|VARIABLE_ASSIGNMENT|[111]|theMap|{"testautonumdata__Can (9 more) ...":["Id"]}|0x1f4fdd44
08:42:21.0 (17193849)|HEAP_ALLOCATE|[113]|Bytes:5
08:42:21.0 (17199577)|STATEMENT_EXECUTE|[112]
08:42:21.0 (17213366)|ENTERING_MANAGED_PKG|
08:42:21.0 (17225630)|STATEMENT_EXECUTE|[154]
08:42:21.0 (17231879)|METHOD_ENTRY|[154]|01pB0000000ljzx|testautonumdata.Sparkle_Helper.AddFieldToMap(String, String, Map<String,Set<String>>)
08:42:21.0 (17239749)|VARIABLE_SCOPE_BEGIN|[161]|fieldName|String|false|false
08:42:21.0 (17250459)|VARIABLE_ASSIGNMENT|[161]|fieldName|"testautonumdata__Twi (10 more) ..."
08:42:21.0 (17254663)|VARIABLE_SCOPE_BEGIN|[161]|ObjectName|String|false|false
08:42:21.0 (17261859)|VARIABLE_ASSIGNMENT|[161]|ObjectName|"testautonumdata__Can (9 more) ..."
08:42:21.0 (17265493)|VARIABLE_SCOPE_BEGIN|[161]|theMap|Map<String,Set<String>>|true|false
08:42:21.0 (17278274)|VARIABLE_ASSIGNMENT|[161]|theMap|{"testautonumdata__Can (9 more) ...":["Id"]}|0x1f4fdd44
08:42:21.0 (17289334)|HEAP_ALLOCATE|[164]|Bytes:5
08:42:21.0 (17294586)|STATEMENT_EXECUTE|[162]
08:42:21.0 (17301607)|ENTERING_MANAGED_PKG|
08:42:21.0 (17310758)|STATEMENT_EXECUTE|[165]
08:42:21.0 (17312422)|STATEMENT_EXECUTE|[166]
08:42:21.0 (17318437)|ENTERING_MANAGED_PKG|
08:42:21.0 (17355702)|VARIABLE_SCOPE_BEGIN|[166]|existingFieldSet|Set<String>|true|false
08:42:21.0 (17371339)|VARIABLE_ASSIGNMENT|[166]|existingFieldSet|["Id"]|0x75614dae
08:42:21.0 (17377755)|STATEMENT_EXECUTE|[167]
08:42:21.0 (17385162)|ENTERING_MANAGED_PKG|
08:42:21.0 (17404884)|HEAP_ALLOCATE|[EXTERNAL]|Bytes:4
08:42:21.0 (17415232)|STATEMENT_EXECUTE|[168]
08:42:21.0 (17422036)|ENTERING_MANAGED_PKG|
08:42:21.0 (17458189)|METHOD_EXIT|[154]|01pB0000000ljzx|testautonumdata.Sparkle_Helper.AddFieldToMap(String, String, Map<String,Set<String>>)
08:42:21.0 (17469653)|METHOD_EXIT|[97]|01pB0000000ljzx|testautonumdata.Sparkle_Helper.AddFieldToObjectsMap(String, String, Map<String,Set<String>>)
08:42:21.0 (17476747)|STATEMENT_EXECUTE|[100]
08:42:21.0 (17479546)|STATEMENT_EXECUTE|[105]
08:42:21.0 (17481116)|STATEMENT_EXECUTE|[110]
08:42:21.0 (17482631)|STATEMENT_EXECUTE|[115]
08:42:21.0 (17483739)|STATEMENT_EXECUTE|[121]
08:42:21.0 (17487362)|HEAP_ALLOCATE|[121]|Bytes:6
08:42:21.0 (17503440)|ENTERING_MANAGED_PKG|
08:42:21.0 (17521498)|HEAP_ALLOCATE|[121]|Bytes:29
08:42:21.0 (17538215)|HEAP_ALLOCATE|[121]|Bytes:35
08:42:21.0 (17545456)|HEAP_ALLOCATE|[121]|Bytes:76
08:42:21.0 (17556199)|VARIABLE_ASSIGNMENT|[121]|soql|"Select id, testauton (56 more) ..."
08:42:21.0 (17561598)|STATEMENT_EXECUTE|[123]
08:42:21.0 (17565017)|HEAP_ALLOCATE|[123]|Bytes:12
08:42:21.0 (17577995)|ENTERING_MANAGED_PKG|
08:42:21.0 (17594090)|HEAP_ALLOCATE|[123]|Bytes:18
08:42:21.0 (17608171)|HEAP_ALLOCATE|[123]|Bytes:1
08:42:21.0 (17619795)|HEAP_ALLOCATE|[123]|Bytes:31
08:42:21.0 (17626340)|HEAP_ALLOCATE|[123]|Bytes:107
08:42:21.0 (17636459)|VARIABLE_ASSIGNMENT|[123]|soql|"Select id, testauton (87 more) ..."
08:42:21.0 (17641635)|STATEMENT_EXECUTE|[126]
08:42:21.0 (17645042)|HEAP_ALLOCATE|[126]|Bytes:8
08:42:21.0 (17651315)|HEAP_ALLOCATE|[126]|Bytes:115
08:42:21.0 (17659022)|VARIABLE_ASSIGNMENT|[126]|soql|"Select id, testauton (95 more) ..."
08:42:21.0 (17663882)|STATEMENT_EXECUTE|[128]
08:42:21.0 (17666745)|HEAP_ALLOCATE|[128]|Bytes:15
08:42:21.0 (17673339)|HEAP_ALLOCATE|[128]|Bytes:130
08:42:21.0 (17701199)|ENTERING_MANAGED_PKG|
08:42:21.0 (17724009)|USER_DEBUG|[128]|DEBUG|######## soql: Select id, testautonumdata__Twitter_ID__c FROM testautonumdata__Candidate__c WHERE id ='a0MB0000000cQXFMA2' limit 1
08:42:21.0 (17743708)|METHOD_ENTRY|[132]|01pB0000000ljzx|testautonumdata.Sparkle_Helper.UserHasAccessToObjectsAndFields(Map<String,Set<String>>)
08:42:21.0 (17758228)|VARIABLE_SCOPE_BEGIN|[179]|theMap|Map<String,Set<String>>|true|false
08:42:21.0 (17778086)|VARIABLE_ASSIGNMENT|[179]|theMap|{"testautonumdata__Can (9 more) ...":["Id","testautonumdata__Twi (10 more) ..."]}|0x1f4fdd44
08:42:21.0 (17792002)|HEAP_ALLOCATE|[181]|Bytes:5
08:42:21.0 (17798040)|STATEMENT_EXECUTE|[180]
08:42:21.0 (17799310)|STATEMENT_EXECUTE|[181]
08:42:21.0 (17803801)|VARIABLE_SCOPE_BEGIN|[181]|hasAccess|Boolean|false|false
08:42:21.0 (17811638)|HEAP_ALLOCATE|[181]|Bytes:5
08:42:21.0 (17818289)|VARIABLE_ASSIGNMENT|[181]|hasAccess|true
08:42:21.0 (17829631)|ENTERING_MANAGED_PKG|
08:42:21.0 (17853438)|STATEMENT_EXECUTE|[184]
08:42:21.0 (17855718)|STATEMENT_EXECUTE|[185]
08:42:21.0 (17859297)|HEAP_ALLOCATE|[185]|Bytes:17
08:42:21.0 (17885086)|ENTERING_MANAGED_PKG|
08:42:21.0 (17921315)|HEAP_ALLOCATE|[185]|Bytes:68
08:42:21.0 (17939808)|HEAP_ALLOCATE|[185]|Bytes:85
08:42:21.0 (17951521)|ENTERING_MANAGED_PKG|
08:42:21.0 (17956446)|USER_DEBUG|[185]|DEBUG|######## theMap: {testautonumdata__Candidate__c={Id, testautonumdata__Twitter_ID__c}}
08:42:21.0 (17976259)|HEAP_ALLOCATE|[186]|Bytes:4
08:42:21.0 (17991063)|ENTERING_MANAGED_PKG|
08:42:21.0 (18011543)|ENTERING_MANAGED_PKG|
08:42:21.0 (18029516)|HEAP_ALLOCATE|[186]|Bytes:37
08:42:21.0 (18046049)|ENTERING_MANAGED_PKG|
08:42:21.0 (18054956)|HEAP_ALLOCATE|[186]|Bytes:4
08:42:21.0 (18064809)|ENTERING_MANAGED_PKG|
08:42:21.0 (18123380)|HEAP_ALLOCATE|[186]|Bytes:5
08:42:21.0 (18145329)|VARIABLE_SCOPE_BEGIN|[186]|objectName|String|false|false
08:42:21.0 (18158756)|VARIABLE_ASSIGNMENT|[186]|objectName|"testautonumdata__Can (9 more) ..."
08:42:21.0 (18164848)|STATEMENT_EXECUTE|[187]
08:42:21.0 (18166259)|STATEMENT_EXECUTE|[188]
08:42:21.0 (18169797)|HEAP_ALLOCATE|[188]|Bytes:21
08:42:21.0 (18178653)|HEAP_ALLOCATE|[188]|Bytes:50
08:42:21.0 (18190001)|ENTERING_MANAGED_PKG|
08:42:21.0 (18205021)|USER_DEBUG|[188]|DEBUG|######## objectName: testautonumdata__Candidate__c
08:42:21.0 (18213980)|STATEMENT_EXECUTE|[189]
08:42:21.0 (18229576)|ENTERING_MANAGED_PKG|
08:42:21.0 (34331399)|HEAP_ALLOCATE|[189]|Bytes:1712
08:42:21.0 (34399712)|ENTERING_MANAGED_PKG|
08:42:21.0 (34503662)|HEAP_ALLOCATE|[189]|Bytes:4
08:42:21.0 (34522067)|VARIABLE_SCOPE_BEGIN|[189]|sObj|SObject|true|false
08:42:21.0 (34555062)|VARIABLE_ASSIGNMENT|[189]|sObj|{}|0x6b7ff6cc
08:42:21.0 (34565973)|STATEMENT_EXECUTE|[190]
08:42:21.0 (34607017)|ENTERING_MANAGED_PKG|
08:42:21.0 (34972292)|HEAP_ALLOCATE|[190]|Bytes:4
08:42:21.0 (35697673)|HEAP_ALLOCATE|[190]|Bytes:168
08:42:21.0 (35713583)|VARIABLE_SCOPE_BEGIN|[190]|m|Map<String,Schema.SObjectField>|true|false
08:42:21.0 (35979612)|VARIABLE_ASSIGNMENT|[190]|m|"{createdbyid=CreatedById, createddate=CreatedDate, id=Id, isdeleted=IsDeleted, lastactivitydate=LastActivityDate, lastmodifiedbyid=LastModifiedById, lastmodifieddate=LastModifiedDate, lastreferenceddate=LastReferencedDate, lastvieweddate=LastViewedDate, name=Name, ...}"|0x69e99151
08:42:21.0 (35993900)|STATEMENT_EXECUTE|[191]
08:42:21.0 (36007569)|ENTERING_MANAGED_PKG|
08:42:21.0 (36060257)|VARIABLE_SCOPE_BEGIN|[191]|objectFieldSet|Set<String>|true|false
08:42:21.0 (36086515)|VARIABLE_ASSIGNMENT|[191]|objectFieldSet|["Id","testautonumdata__Twi (10 more) ..."]|0x75614dae
08:42:21.0 (36107013)|HEAP_ALLOCATE|[193]|Bytes:4
08:42:21.0 (36123734)|ENTERING_MANAGED_PKG|
08:42:21.0 (36154900)|ENTERING_MANAGED_PKG|
08:42:21.0 (36166317)|HEAP_ALLOCATE|[193]|Bytes:8
08:42:21.0 (36177543)|ENTERING_MANAGED_PKG|
08:42:21.0 (36211539)|HEAP_ALLOCATE|[193]|Bytes:5
08:42:21.0 (36236753)|VARIABLE_SCOPE_BEGIN|[193]|fieldToCheck|String|false|false
08:42:21.0 (36248834)|VARIABLE_ASSIGNMENT|[193]|fieldToCheck|"Id"
08:42:21.0 (36255331)|STATEMENT_EXECUTE|[193]
08:42:21.0 (36256786)|STATEMENT_EXECUTE|[194]
08:42:21.0 (36262140)|HEAP_ALLOCATE|[194]|Bytes:23
08:42:21.0 (36276653)|HEAP_ALLOCATE|[194]|Bytes:25
08:42:21.0 (36294740)|ENTERING_MANAGED_PKG|
08:42:21.0 (36317467)|USER_DEBUG|[194]|DEBUG|######## fieldToCheck: Id
08:42:21.0 (36335515)|ENTERING_MANAGED_PKG|
08:42:21.0 (36661726)|HEAP_ALLOCATE|[196]|Bytes:8
08:42:21.0 (36695055)|STATEMENT_EXECUTE|[196]
08:42:21.0 (36698007)|STATEMENT_EXECUTE|[203]
08:42:21.0 (36701672)|HEAP_ALLOCATE|[203]|Bytes:35
08:42:21.0 (36715350)|HEAP_ALLOCATE|[203]|Bytes:37
08:42:21.0 (36727890)|ENTERING_MANAGED_PKG|
08:42:21.0 (36742670)|USER_DEBUG|[203]|DEBUG|######## User has access to field: Id
08:42:21.0 (36762139)|HEAP_ALLOCATE|[193]|Bytes:5
08:42:21.0 (36777590)|VARIABLE_SCOPE_BEGIN|[193]|fieldToCheck|String|false|false
08:42:21.0 (36792071)|VARIABLE_ASSIGNMENT|[193]|fieldToCheck|"testautonumdata__Twi (10 more) ..."
08:42:21.0 (36798141)|STATEMENT_EXECUTE|[193]
08:42:21.0 (36799381)|STATEMENT_EXECUTE|[194]
08:42:21.0 (36805501)|HEAP_ALLOCATE|[194]|Bytes:53
08:42:21.0 (36815510)|ENTERING_MANAGED_PKG|
08:42:21.0 (36820199)|USER_DEBUG|[194]|DEBUG|######## fieldToCheck: testautonumdata__Twitter_ID__c
08:42:21.0 (36830712)|ENTERING_MANAGED_PKG|
08:42:21.0 (37123592)|HEAP_ALLOCATE|[196]|Bytes:8
08:42:21.0 (37144282)|STATEMENT_EXECUTE|[196]
08:42:21.0 (37146786)|STATEMENT_EXECUTE|[203]
08:42:21.0 (37153505)|HEAP_ALLOCATE|[203]|Bytes:65
08:42:21.0 (37164472)|ENTERING_MANAGED_PKG|
08:42:21.0 (37169313)|USER_DEBUG|[203]|DEBUG|######## User has access to field: testautonumdata__Twitter_ID__c
08:42:21.0 (37185335)|HEAP_ALLOCATE|[193]|Bytes:5
08:42:21.0 (37201046)|VARIABLE_ASSIGNMENT|[193]|fieldToCheck|null
08:42:21.0 (37215308)|HEAP_ALLOCATE|[186]|Bytes:5
08:42:21.0 (37226508)|VARIABLE_ASSIGNMENT|[186]|objectName|null
08:42:21.0 (37233087)|STATEMENT_EXECUTE|[210]
08:42:21.0 (37236692)|HEAP_ALLOCATE|[210]|Bytes:5
08:42:21.0 (37255634)|METHOD_EXIT|[132]|01pB0000000ljzx|testautonumdata.Sparkle_Helper.UserHasAccessToObjectsAndFields(Map<String,Set<String>>)
08:42:21.0 (37264084)|STATEMENT_EXECUTE|[133]
08:42:21.0 (37265529)|STATEMENT_EXECUTE|[135]
08:42:21.0 (37285302)|ENTERING_MANAGED_PKG|
08:42:21.0 (37305489)|HEAP_ALLOCATE|[135]|Bytes:5
08:42:21.0 (37497385)|SOQL_EXECUTE_BEGIN|[135]|Aggregations:0|Select id, testautonumdata__Twitter_ID__c FROM testautonumdata__Candidate__c WHERE id ='a0MB0000000cQXFMA2' limit 1
08:42:21.0 (40121960)|SOQL_EXECUTE_END|[135]|Rows:1
08:42:21.0 (40149225)|HEAP_ALLOCATE|[135]|Bytes:8
08:42:21.0 (40168308)|HEAP_ALLOCATE|[135]|Bytes:69
08:42:21.0 (40236429)|HEAP_ALLOCATE|[135]|Bytes:8
08:42:21.0 (40259178)|VARIABLE_SCOPE_BEGIN|[135]|lstQueriedRecords|List<SObject>|true|false
08:42:21.0 (40287379)|VARIABLE_ASSIGNMENT|[135]|lstQueriedRecords|[{"Id":"a0MB0000000cQXFMA2","testautonumdata__Twi (10 more) ...":"@roreb"}]|0x1d11db3a
08:42:21.0 (40342425)|ENTERING_MANAGED_PKG|
08:42:21.0 (40379182)|STATEMENT_EXECUTE|[137]
08:42:21.0 (40381682)|STATEMENT_EXECUTE|[138]
08:42:21.0 (40464810)|VARIABLE_ASSIGNMENT|[EXTERNAL]|this|{}|0xf2e1169
08:42:21.0 (40481125)|VARIABLE_ASSIGNMENT|[EXTERNAL]|value|true
08:42:21.0 (40492678)|HEAP_ALLOCATE|[12]|Bytes:5
08:42:21.0 (40504632)|VARIABLE_ASSIGNMENT|[12]|this.hasTwitterMemberID|true|0xf2e1169
08:42:21.0 (40516346)|STATEMENT_EXECUTE|[139]
08:42:21.0 (40555460)|HEAP_ALLOCATE|[139]|Bytes:12
08:42:21.0 (40573708)|VARIABLE_SCOPE_BEGIN|[139]|e|SObject|true|false
08:42:21.0 (40592230)|VARIABLE_ASSIGNMENT|[139]|e|{"Id":"a0MB0000000cQXFMA2","testautonumdata__Twi (10 more) ...":"@roreb"}|0x640e3edf
08:42:21.0 (40600410)|STATEMENT_EXECUTE|[142]
08:42:21.0 (40601715)|STATEMENT_EXECUTE|[143]
08:42:21.0 (40606178)|HEAP_ALLOCATE|[143]|Bytes:2
08:42:21.0 (40621910)|METHOD_ENTRY|[143]|01pB0000000ljzx|testautonumdata.Sparkle_Helper.GetSobjectField(SObject, String)
08:42:21.0 (40639971)|VARIABLE_SCOPE_BEGIN|[78]|e|SObject|true|false
08:42:21.0 (40654916)|VARIABLE_ASSIGNMENT|[78]|e|{"Id":"a0MB0000000cQXFMA2","testautonumdata__Twi (10 more) ...":"@roreb"}|0x640e3edf
08:42:21.0 (40661244)|VARIABLE_SCOPE_BEGIN|[78]|lcfield|String|false|false
08:42:21.0 (40668596)|VARIABLE_ASSIGNMENT|[78]|lcfield|"id"
08:42:21.0 (40682231)|HEAP_ALLOCATE|[81]|Bytes:5
08:42:21.0 (40687999)|STATEMENT_EXECUTE|[79]
08:42:21.0 (40689431)|STATEMENT_EXECUTE|[81]
08:42:21.0 (40694801)|VARIABLE_SCOPE_BEGIN|[81]|returnValue|String|false|false
08:42:21.0 (40704458)|VARIABLE_ASSIGNMENT|[81]|returnValue|""
08:42:21.0 (40725924)|ENTERING_MANAGED_PKG|
08:42:21.0 (40758613)|STATEMENT_EXECUTE|[102]
08:42:21.0 (40775977)|ENTERING_MANAGED_PKG|
08:42:21.0 (40829938)|HEAP_ALLOCATE|[102]|Bytes:4
08:42:21.0 (40856334)|ENTERING_MANAGED_PKG|
08:42:21.0 (40864582)|HEAP_ALLOCATE|[102]|Bytes:18
08:42:21.0 (40884606)|VARIABLE_ASSIGNMENT|[102]|returnValue|"a0MB0000000cQXFMA2"
08:42:21.0 (40891330)|STATEMENT_EXECUTE|[104]
08:42:21.0 (40901422)|METHOD_EXIT|[143]|01pB0000000ljzx|testautonumdata.Sparkle_Helper.GetSobjectField(SObject, String)
08:42:21.0 (40948141)|VARIABLE_ASSIGNMENT|[EXTERNAL]|this|{"hasTwitterMemberID":true}|0xf2e1169
08:42:21.0 (40960263)|VARIABLE_ASSIGNMENT|[EXTERNAL]|value|"a0MB0000000cQXFMA2"
08:42:21.0 (40972851)|VARIABLE_ASSIGNMENT|[6]|this.salesforceRecordID|"a0MB0000000cQXFMA2"|0xf2e1169
08:42:21.0 (40984550)|STATEMENT_EXECUTE|[145]
08:42:21.0 (40987093)|STATEMENT_EXECUTE|[149]
08:42:21.0 (40988537)|STATEMENT_EXECUTE|[153]
08:42:21.0 (40989901)|STATEMENT_EXECUTE|[158]
08:42:21.0 (40991304)|STATEMENT_EXECUTE|[164]
08:42:21.0 (40992536)|STATEMENT_EXECUTE|[165]
08:42:21.0 (40999086)|METHOD_ENTRY|[165]|01pB0000000ljzx|testautonumdata.Sparkle_Helper.GetSobjectField(SObject, String)
08:42:21.0 (41015050)|VARIABLE_SCOPE_BEGIN|[78]|e|SObject|true|false
08:42:21.0 (41031380)|VARIABLE_ASSIGNMENT|[78]|e|{"Id":"a0MB0000000cQXFMA2","testautonumdata__Twi (10 more) ...":"@roreb"}|0x640e3edf
08:42:21.0 (41037356)|VARIABLE_SCOPE_BEGIN|[78]|lcfield|String|false|false
08:42:21.0 (41045018)|VARIABLE_ASSIGNMENT|[78]|lcfield|"testautonumdata__Twi (10 more) ..."
08:42:21.0 (41056028)|HEAP_ALLOCATE|[81]|Bytes:5
08:42:21.0 (41061740)|STATEMENT_EXECUTE|[79]
08:42:21.0 (41062980)|STATEMENT_EXECUTE|[81]
08:42:21.0 (41067181)|VARIABLE_SCOPE_BEGIN|[81]|returnValue|String|false|false
08:42:21.0 (41076276)|VARIABLE_ASSIGNMENT|[81]|returnValue|""
08:42:21.0 (41092103)|ENTERING_MANAGED_PKG|
08:42:21.0 (41103867)|STATEMENT_EXECUTE|[102]
08:42:21.0 (41112156)|ENTERING_MANAGED_PKG|
08:42:21.0 (41141669)|HEAP_ALLOCATE|[102]|Bytes:6
08:42:21.0 (41163228)|ENTERING_MANAGED_PKG|
08:42:21.0 (41169460)|HEAP_ALLOCATE|[102]|Bytes:6
08:42:21.0 (41183580)|VARIABLE_ASSIGNMENT|[102]|returnValue|"@roreb"
08:42:21.0 (41189637)|STATEMENT_EXECUTE|[104]
08:42:21.0 (41198108)|METHOD_EXIT|[165]|01pB0000000ljzx|testautonumdata.Sparkle_Helper.GetSobjectField(SObject, String)
08:42:21.0 (41241809)|VARIABLE_ASSIGNMENT|[EXTERNAL]|this|{"hasTwitterMemberID":true,"salesforceRecordID":"a0MB0000000cQXFMA2"}|0xf2e1169
08:42:21.0 (41252574)|VARIABLE_ASSIGNMENT|[EXTERNAL]|value|"@roreb"
08:42:21.0 (41264503)|VARIABLE_ASSIGNMENT|[10]|this.twitterName|"@roreb"|0xf2e1169
08:42:21.0 (41279637)|STATEMENT_EXECUTE|[177]
08:42:21.0 (41293684)|SYSTEM_MODE_EXIT|false
08:42:21.41 (41325899)|CUMULATIVE_LIMIT_USAGE
08:42:21.41 (41325899)|LIMIT_USAGE_FOR_NS|(default)|
  Number of SOQL queries: 0 out of 100
  Number of query rows: 0 out of 50000
  Number of SOSL queries: 0 out of 20
  Number of DML statements: 0 out of 150
  Number of DML rows: 0 out of 10000
  Maximum CPU time: 0 out of 10000
  Maximum heap size: 0 out of 6000000
  Number of callouts: 0 out of 100
  Number of Email Invocations: 0 out of 10
  Number of future calls: 0 out of 50
  Number of queueable jobs added to the queue: 0 out of 50
  Number of Mobile Apex push calls: 0 out of 10

08:42:21.41 (41325899)|LIMIT_USAGE_FOR_NS|testautonumdata|
  Number of SOQL queries: 1 out of 100
  Number of query rows: 1 out of 50000
  Number of SOSL queries: 0 out of 20
  Number of DML statements: 0 out of 150
  Number of DML rows: 0 out of 10000
  Maximum CPU time: 0 out of 10000
  Maximum heap size: 0 out of 6000000
  Number of callouts: 0 out of 100
  Number of Email Invocations: 0 out of 10
  Number of future calls: 0 out of 50
  Number of queueable jobs added to the queue: 0 out of 50
  Number of Mobile Apex push calls: 0 out of 10

08:42:21.41 (41325899)|CUMULATIVE_LIMIT_USAGE_END

08:42:21.0 (41381427)|CODE_UNIT_FINISHED|Twitter_Lightning_Controller.getRecordDetails
08:42:21.0 (43428966)|CODE_UNIT_STARTED|[EXTERNAL]|Aura
08:42:21.0 (43478178)|CODE_UNIT_FINISHED|Aura
08:42:21.0 (43505692)|CODE_UNIT_FINISHED|Aura
08:42:21.0 (45010656)|EXECUTION_FINISHED
08:42:21.47 (47296586)|USER_INFO|[EXTERNAL]|005B0000000QdZu|hualei.hang@salesforce.com.sparkle|Pacific Standard Time|GMT-07:00
08:42:21.47 (47315724)|EXECUTION_STARTED
08:42:21.47 (47318684)|CODE_UNIT_STARTED|[EXTERNAL]|Aura
08:42:21.47 (58720578)|HEAP_ALLOCATE|[EXTERNAL]|Bytes:1
08:42:21.47 (58749265)|HEAP_ALLOCATE|[EXTERNAL]|Bytes:1
08:42:21.47 (58798026)|HEAP_ALLOCATE|[EXTERNAL]|Bytes:18
08:42:21.47 (58806022)|HEAP_ALLOCATE|[EXTERNAL]|Bytes:18
08:42:21.47 (58840758)|HEAP_ALLOCATE|[EXTERNAL]|Bytes:28
08:42:21.47 (58848202)|HEAP_ALLOCATE|[EXTERNAL]|Bytes:28
08:42:21.47 (58885999)|HEAP_ALLOCATE|[EXTERNAL]|Bytes:29
08:42:21.47 (58893579)|HEAP_ALLOCATE|[EXTERNAL]|Bytes:29
08:42:21.47 (58929037)|HEAP_ALLOCATE|[EXTERNAL]|Bytes:7
08:42:21.47 (58936414)|HEAP_ALLOCATE|[EXTERNAL]|Bytes:7
08:42:21.47 (58969554)|HEAP_ALLOCATE|[EXTERNAL]|Bytes:5
08:42:21.47 (58976869)|HEAP_ALLOCATE|[EXTERNAL]|Bytes:5
08:42:21.47 (59009673)|HEAP_ALLOCATE|[EXTERNAL]|Bytes:11
08:42:21.47 (59017680)|HEAP_ALLOCATE|[EXTERNAL]|Bytes:11
08:42:21.47 (60487383)|CODE_UNIT_STARTED|[EXTERNAL]|01pB0000000lc8w|RelatedListServerController.getListRecords
08:42:21.47 (60562895)|VARIABLE_SCOPE_BEGIN|[3]|RelatedListServerController.mapObjectsFields|Map<String,Set<String>>|true|true
08:42:21.47 (60584927)|HEAP_ALLOCATE|[EXTERNAL]|Bytes:220
08:42:21.47 (60594664)|HEAP_ALLOCATE|[EXTERNAL]|Bytes:21
08:42:21.47 (60599849)|HEAP_ALLOCATE|[EXTERNAL]|Bytes:22
08:42:21.47 (60620706)|METHOD_ENTRY|[1]|01pB0000000lc8w|RelatedListServerController.RelatedListServerController()
08:42:21.47 (60628228)|STATEMENT_EXECUTE|[1]
08:42:21.47 (60637405)|STATEMENT_EXECUTE|[1]
08:42:21.47 (60652489)|SYSTEM_MODE_ENTER|false
08:42:21.47 (60668550)|HEAP_ALLOCATE|[3]|Bytes:5
08:42:21.47 (60674283)|STATEMENT_EXECUTE|[3]
08:42:21.47 (60704274)|VARIABLE_ASSIGNMENT|[3]|RelatedListServerController.mapObjectsFields|null|
08:42:21.47 (60718792)|SYSTEM_MODE_EXIT|false
08:42:21.47 (60733902)|METHOD_EXIT|[1]|RelatedListServerController
08:42:21.47 (60741843)|HEAP_ALLOCATE|[EXTERNAL]|Bytes:1
08:42:21.47 (60745596)|HEAP_ALLOCATE|[EXTERNAL]|Bytes:18
08:42:21.47 (60748314)|HEAP_ALLOCATE|[EXTERNAL]|Bytes:28
08:42:21.47 (60750814)|HEAP_ALLOCATE|[EXTERNAL]|Bytes:29
08:42:21.47 (60753690)|HEAP_ALLOCATE|[EXTERNAL]|Bytes:7
08:42:21.47 (60756290)|HEAP_ALLOCATE|[EXTERNAL]|Bytes:5
08:42:21.47 (60758773)|HEAP_ALLOCATE|[EXTERNAL]|Bytes:11
08:42:21.47 (60765161)|SYSTEM_MODE_ENTER|false
08:42:21.47 (60773074)|VARIABLE_SCOPE_BEGIN|[22]|rowsLimit|String|false|false
08:42:21.47 (60785353)|VARIABLE_ASSIGNMENT|[22]|rowsLimit|"8"
08:42:21.47 (60790518)|VARIABLE_SCOPE_BEGIN|[22]|recordId|String|false|false
08:42:21.47 (60797812)|VARIABLE_ASSIGNMENT|[22]|recordId|"a0MB0000000cQXFMA2"
08:42:21.47 (60801714)|VARIABLE_SCOPE_BEGIN|[22]|objectApiName|String|false|false
08:42:21.47 (60812094)|VARIABLE_ASSIGNMENT|[22]|objectApiName|"testautonumdata__Ref (8 more) ..."
08:42:21.47 (60816354)|VARIABLE_SCOPE_BEGIN|[22]|ParentObjectFieldName|String|false|false
08:42:21.47 (60823696)|VARIABLE_ASSIGNMENT|[22]|ParentObjectFieldName|"testautonumdata__Can (9 more) ..."
08:42:21.47 (60827491)|VARIABLE_SCOPE_BEGIN|[22]|filter1Field|String|false|false
08:42:21.47 (60833815)|VARIABLE_ASSIGNMENT|[22]|filter1Field|null
08:42:21.47 (60837397)|VARIABLE_SCOPE_BEGIN|[22]|filter1Value|String|false|false
08:42:21.47 (60843208)|VARIABLE_ASSIGNMENT|[22]|filter1Value|null
08:42:21.47 (60846560)|VARIABLE_SCOPE_BEGIN|[22]|column1|String|false|false
08:42:21.47 (60852434)|VARIABLE_ASSIGNMENT|[22]|column1|"OwnerId"
08:42:21.47 (60855871)|VARIABLE_SCOPE_BEGIN|[22]|RelFieldWithName|String|false|false
08:42:21.47 (60861957)|VARIABLE_ASSIGNMENT|[22]|RelFieldWithName|"Owner"
08:42:21.47 (60865650)|VARIABLE_SCOPE_BEGIN|[22]|column2|String|false|false
08:42:21.47 (60871762)|VARIABLE_ASSIGNMENT|[22]|column2|"createddate"
08:42:21.47 (60886666)|HEAP_ALLOCATE|[24]|Bytes:5
08:42:21.47 (60892895)|STATEMENT_EXECUTE|[22]
08:42:21.47 (60894428)|STATEMENT_EXECUTE|[24]
08:42:21.47 (60899016)|HEAP_ALLOCATE|[24]|Bytes:20
08:42:21.47 (60917990)|HEAP_ALLOCATE|[24]|Bytes:21
08:42:21.47 (60945891)|ENTERING_MANAGED_PKG|
08:42:21.47 (60975410)|USER_DEBUG|[24]|DEBUG|######## rowsLimit: 8
08:42:21.47 (60988253)|STATEMENT_EXECUTE|[25]
08:42:21.47 (60992220)|HEAP_ALLOCATE|[25]|Bytes:24
08:42:21.47 (61000579)|HEAP_ALLOCATE|[25]|Bytes:52
08:42:21.47 (61011169)|ENTERING_MANAGED_PKG|
08:42:21.47 (61022610)|USER_DEBUG|[25]|DEBUG|######## objectApiName: testautonumdata__Referral__c
08:42:21.47 (61031261)|STATEMENT_EXECUTE|[28]
08:42:21.47 (61043692)|HEAP_ALLOCATE|[28]|Bytes:4
08:42:21.47 (61074722)|VARIABLE_ASSIGNMENT|[28]|RelatedListServerController.mapObjectsFields|{}|0xab9cfb8
08:42:21.47 (61082339)|STATEMENT_EXECUTE|[30]
08:42:21.47 (61100637)|METHOD_ENTRY|[30]|01pB0000000ljzx|testautonumdata.Sparkle_Helper.AddFieldToObjectsMap(String, String, Map<String,Set<String>>)
08:42:21.47 (61120326)|VARIABLE_SCOPE_BEGIN|[111]|fieldName|String|false|false
08:42:21.47 (61131957)|VARIABLE_ASSIGNMENT|[111]|fieldName|"Id"
08:42:21.47 (61136495)|VARIABLE_SCOPE_BEGIN|[111]|initialObjectName|String|false|false
08:42:21.47 (61144658)|VARIABLE_ASSIGNMENT|[111]|initialObjectName|"testautonumdata__Ref (8 more) ..."
08:42:21.47 (61152977)|VARIABLE_SCOPE_BEGIN|[111]|theMap|Map<String,Set<String>>|true|false
08:42:21.47 (61164880)|VARIABLE_ASSIGNMENT|[111]|theMap|{}|0xab9cfb8
08:42:21.47 (61177370)|HEAP_ALLOCATE|[113]|Bytes:5
08:42:21.47 (61184487)|STATEMENT_EXECUTE|[112]
08:42:21.47 (61202051)|ENTERING_MANAGED_PKG|
08:42:21.47 (61217300)|STATEMENT_EXECUTE|[154]
08:42:21.47 (61226085)|METHOD_ENTRY|[154]|01pB0000000ljzx|testautonumdata.Sparkle_Helper.AddFieldToMap(String, String, Map<String,Set<String>>)
08:42:21.47 (61235121)|VARIABLE_SCOPE_BEGIN|[161]|fieldName|String|false|false
08:42:21.47 (61244756)|VARIABLE_ASSIGNMENT|[161]|fieldName|"Id"
08:42:21.47 (61249118)|VARIABLE_SCOPE_BEGIN|[161]|ObjectName|String|false|false
08:42:21.47 (61257407)|VARIABLE_ASSIGNMENT|[161]|ObjectName|"testautonumdata__Ref (8 more) ..."
08:42:21.47 (61261538)|VARIABLE_SCOPE_BEGIN|[161]|theMap|Map<String,Set<String>>|true|false
08:42:21.47 (61271740)|VARIABLE_ASSIGNMENT|[161]|theMap|{}|0xab9cfb8
08:42:21.47 (61282738)|HEAP_ALLOCATE|[164]|Bytes:5
08:42:21.47 (61288374)|STATEMENT_EXECUTE|[162]
08:42:21.47 (61297744)|ENTERING_MANAGED_PKG|
08:42:21.47 (61311248)|STATEMENT_EXECUTE|[171]
08:42:21.47 (61312683)|STATEMENT_EXECUTE|[172]
08:42:21.47 (61322063)|HEAP_ALLOCATE|[172]|Bytes:4
08:42:21.47 (61336213)|ENTERING_MANAGED_PKG|
08:42:21.47 (61346620)|VARIABLE_SCOPE_BEGIN|[172]|newFieldSet|Set<String>|true|false
08:42:21.47 (61372415)|VARIABLE_ASSIGNMENT|[172]|newFieldSet|[]|0x19620dde
08:42:21.47 (61383240)|STATEMENT_EXECUTE|[173]
08:42:21.47 (61391742)|ENTERING_MANAGED_PKG|
08:42:21.47 (61398306)|HEAP_ALLOCATE|[EXTERNAL]|Bytes:4
08:42:21.47 (61406192)|STATEMENT_EXECUTE|[174]
08:42:21.47 (61411594)|ENTERING_MANAGED_PKG|
08:42:21.47 (61420893)|HEAP_ALLOCATE|[EXTERNAL]|Bytes:-4
08:42:21.47 (61434547)|METHOD_EXIT|[154]|01pB0000000ljzx|testautonumdata.Sparkle_Helper.AddFieldToMap(String, String, Map<String,Set<String>>)
08:42:21.47 (61445284)|METHOD_EXIT|[30]|01pB0000000ljzx|testautonumdata.Sparkle_Helper.AddFieldToObjectsMap(String, String, Map<String,Set<String>>)
08:42:21.47 (61451214)|STATEMENT_EXECUTE|[34]
08:42:21.47 (61491110)|HEAP_ALLOCATE|[34]|Bytes:4
08:42:21.47 (61547086)|ENTERING_MANAGED_PKG|
08:42:21.47 (61574368)|VARIABLE_SCOPE_BEGIN|[34]|lstReturnRecords|List<testautonumdata.RelatedListServerController>|true|false
08:42:21.47 (61612551)|HEAP_ALLOCATE|[EXTERNAL]|Bytes:4
08:42:21.47 (61624849)|VARIABLE_ASSIGNMENT|[34]|lstReturnRecords|[]|0x902f0f6
08:42:21.47 (61632895)|STATEMENT_EXECUTE|[37]
08:42:21.47 (61634192)|STATEMENT_EXECUTE|[38]
08:42:21.47 (61638825)|HEAP_ALLOCATE|[38]|Bytes:5
08:42:21.47 (61648529)|HEAP_ALLOCATE|[38]|Bytes:10
08:42:21.47 (61655355)|VARIABLE_SCOPE_BEGIN|[38]|fullUserRelationship|String|false|false
08:42:21.47 (61665538)|VARIABLE_ASSIGNMENT|[38]|fullUserRelationship|"Owner.Name"
08:42:21.47 (61670390)|STATEMENT_EXECUTE|[39]
08:42:21.47 (61673819)|VARIABLE_SCOPE_BEGIN|[39]|soql|String|false|false
08:42:21.47 (61682141)|VARIABLE_ASSIGNMENT|[39]|soql|"Select id"
08:42:21.47 (61686755)|STATEMENT_EXECUTE|[41]
08:42:21.47 (61687898)|STATEMENT_EXECUTE|[42]
08:42:21.47 (61701320)|ENTERING_MANAGED_PKG|
08:42:21.47 (61722787)|HEAP_ALLOCATE|[42]|Bytes:7
08:42:21.47 (61740692)|HEAP_ALLOCATE|[42]|Bytes:9
08:42:21.47 (61748516)|HEAP_ALLOCATE|[42]|Bytes:18
08:42:21.47 (61757618)|VARIABLE_ASSIGNMENT|[42]|soql|"Select id, OwnerId"
08:42:21.47 (61762667)|STATEMENT_EXECUTE|[43]
08:42:21.47 (61771494)|METHOD_ENTRY|[43]|01pB0000000ljzx|testautonumdata.Sparkle_Helper.AddFieldToObjectsMap(String, String, Map<String,Set<String>>)
08:42:21.47 (61787144)|VARIABLE_SCOPE_BEGIN|[111]|fieldName|String|false|false
08:42:21.47 (61797077)|VARIABLE_ASSIGNMENT|[111]|fieldName|"OwnerId"
08:42:21.47 (61801034)|VARIABLE_SCOPE_BEGIN|[111]|initialObjectName|String|false|false
08:42:21.47 (61808938)|VARIABLE_ASSIGNMENT|[111]|initialObjectName|"testautonumdata__Ref (8 more) ..."
08:42:21.47 (61812874)|VARIABLE_SCOPE_BEGIN|[111]|theMap|Map<String,Set<String>>|true|false
08:42:21.47 (61827447)|VARIABLE_ASSIGNMENT|[111]|theMap|{"testautonumdata__Ref (8 more) ...":["Id"]}|0xab9cfb8
08:42:21.47 (61839805)|HEAP_ALLOCATE|[113]|Bytes:5
08:42:21.47 (61845396)|STATEMENT_EXECUTE|[112]
08:42:21.47 (61859358)|ENTERING_MANAGED_PKG|
08:42:21.47 (61872349)|STATEMENT_EXECUTE|[154]
08:42:21.47 (61878590)|METHOD_ENTRY|[154]|01pB0000000ljzx|testautonumdata.Sparkle_Helper.AddFieldToMap(String, String, Map<String,Set<String>>)
08:42:21.47 (61886474)|VARIABLE_SCOPE_BEGIN|[161]|fieldName|String|false|false
08:42:21.47 (61895985)|VARIABLE_ASSIGNMENT|[161]|fieldName|"OwnerId"
08:42:21.47 (61900350)|VARIABLE_SCOPE_BEGIN|[161]|ObjectName|String|false|false
08:42:21.47 (61907940)|VARIABLE_ASSIGNMENT|[161]|ObjectName|"testautonumdata__Ref (8 more) ..."
08:42:21.47 (61911875)|VARIABLE_SCOPE_BEGIN|[161]|theMap|Map<String,Set<String>>|true|false
08:42:21.47 (61924850)|VARIABLE_ASSIGNMENT|[161]|theMap|{"testautonumdata__Ref (8 more) ...":["Id"]}|0xab9cfb8
08:42:21.47 (61935787)|HEAP_ALLOCATE|[164]|Bytes:5
08:42:21.47 (61941317)|STATEMENT_EXECUTE|[162]
08:42:21.47 (61948532)|ENTERING_MANAGED_PKG|
08:42:21.47 (61957833)|STATEMENT_EXECUTE|[165]
08:42:21.47 (61959598)|STATEMENT_EXECUTE|[166]
08:42:21.47 (61963968)|ENTERING_MANAGED_PKG|
08:42:21.47 (61982281)|VARIABLE_SCOPE_BEGIN|[166]|existingFieldSet|Set<String>|true|false
08:42:21.47 (61994720)|VARIABLE_ASSIGNMENT|[166]|existingFieldSet|["Id"]|0x19620dde
08:42:21.47 (62000970)|STATEMENT_EXECUTE|[167]
08:42:21.47 (62008261)|ENTERING_MANAGED_PKG|
08:42:21.47 (62013254)|HEAP_ALLOCATE|[EXTERNAL]|Bytes:4
08:42:21.47 (62019838)|STATEMENT_EXECUTE|[168]
08:42:21.47 (62024602)|ENTERING_MANAGED_PKG|
08:42:21.47 (62041028)|METHOD_EXIT|[154]|01pB0000000ljzx|testautonumdata.Sparkle_Helper.AddFieldToMap(String, String, Map<String,Set<String>>)
08:42:21.47 (62051316)|METHOD_EXIT|[43]|01pB0000000ljzx|testautonumdata.Sparkle_Helper.AddFieldToObjectsMap(String, String, Map<String,Set<String>>)
08:42:21.47 (62057825)|STATEMENT_EXECUTE|[46]
08:42:21.47 (62059289)|STATEMENT_EXECUTE|[47]
08:42:21.47 (62072554)|ENTERING_MANAGED_PKG|
08:42:21.47 (62091382)|HEAP_ALLOCATE|[47]|Bytes:10
08:42:21.47 (62109133)|HEAP_ALLOCATE|[47]|Bytes:12
08:42:21.47 (62116414)|HEAP_ALLOCATE|[47]|Bytes:30
08:42:21.47 (62126840)|VARIABLE_ASSIGNMENT|[47]|soql|"Select id, OwnerId,  (10 more) ..."
08:42:21.47 (62133355)|STATEMENT_EXECUTE|[50]
08:42:21.47 (62134556)|STATEMENT_EXECUTE|[51]
08:42:21.47 (62145526)|ENTERING_MANAGED_PKG|
08:42:21.47 (62167752)|HEAP_ALLOCATE|[51]|Bytes:11
08:42:21.47 (62185948)|HEAP_ALLOCATE|[51]|Bytes:13
08:42:21.47 (62193494)|HEAP_ALLOCATE|[51]|Bytes:43
08:42:21.47 (62203389)|VARIABLE_ASSIGNMENT|[51]|soql|"Select id, OwnerId,  (23 more) ..."
08:42:21.47 (62208788)|STATEMENT_EXECUTE|[52]
08:42:21.47 (62217596)|METHOD_ENTRY|[52]|01pB0000000ljzx|testautonumdata.Sparkle_Helper.AddFieldToObjectsMap(String, String, Map<String,Set<String>>)
08:42:21.47 (62232885)|VARIABLE_SCOPE_BEGIN|[111]|fieldName|String|false|false
08:42:21.47 (62242873)|VARIABLE_ASSIGNMENT|[111]|fieldName|"createddate"
08:42:21.47 (62246849)|VARIABLE_SCOPE_BEGIN|[111]|initialObjectName|String|false|false
08:42:21.47 (62253740)|VARIABLE_ASSIGNMENT|[111]|initialObjectName|"testautonumdata__Ref (8 more) ..."
08:42:21.47 (62257530)|VARIABLE_SCOPE_BEGIN|[111]|theMap|Map<String,Set<String>>|true|false
08:42:21.47 (62271961)|VARIABLE_ASSIGNMENT|[111]|theMap|{"testautonumdata__Ref (8 more) ...":["Id","OwnerId"]}|0xab9cfb8
08:42:21.47 (62284068)|HEAP_ALLOCATE|[113]|Bytes:5
08:42:21.47 (62290210)|STATEMENT_EXECUTE|[112]
08:42:21.47 (62303727)|ENTERING_MANAGED_PKG|
08:42:21.47 (62315455)|STATEMENT_EXECUTE|[154]
08:42:21.47 (62321605)|METHOD_ENTRY|[154]|01pB0000000ljzx|testautonumdata.Sparkle_Helper.AddFieldToMap(String, String, Map<String,Set<String>>)
08:42:21.47 (62329382)|VARIABLE_SCOPE_BEGIN|[161]|fieldName|String|false|false
08:42:21.47 (62338519)|VARIABLE_ASSIGNMENT|[161]|fieldName|"createddate"
08:42:21.47 (62342446)|VARIABLE_SCOPE_BEGIN|[161]|ObjectName|String|false|false
08:42:21.47 (62349458)|VARIABLE_ASSIGNMENT|[161]|ObjectName|"testautonumdata__Ref (8 more) ..."
08:42:21.47 (62353446)|VARIABLE_SCOPE_BEGIN|[161]|theMap|Map<String,Set<String>>|true|false
08:42:21.47 (62366958)|VARIABLE_ASSIGNMENT|[161]|theMap|{"testautonumdata__Ref (8 more) ...":["Id","OwnerId"]}|0xab9cfb8
08:42:21.47 (62377854)|HEAP_ALLOCATE|[164]|Bytes:5
08:42:21.47 (62383174)|STATEMENT_EXECUTE|[162]
08:42:21.47 (62390115)|ENTERING_MANAGED_PKG|
08:42:21.47 (62398919)|STATEMENT_EXECUTE|[165]
08:42:21.47 (62400286)|STATEMENT_EXECUTE|[166]
08:42:21.47 (62404113)|ENTERING_MANAGED_PKG|
08:42:21.47 (62415769)|VARIABLE_SCOPE_BEGIN|[166]|existingFieldSet|Set<String>|true|false
08:42:21.47 (62428653)|VARIABLE_ASSIGNMENT|[166]|existingFieldSet|["Id","OwnerId"]|0x19620dde
08:42:21.47 (62434418)|STATEMENT_EXECUTE|[167]
08:42:21.47 (62440144)|ENTERING_MANAGED_PKG|
08:42:21.47 (62444814)|HEAP_ALLOCATE|[EXTERNAL]|Bytes:4
08:42:21.47 (62451329)|STATEMENT_EXECUTE|[168]
08:42:21.47 (62455555)|ENTERING_MANAGED_PKG|
08:42:21.47 (62471241)|METHOD_EXIT|[154]|01pB0000000ljzx|testautonumdata.Sparkle_Helper.AddFieldToMap(String, String, Map<String,Set<String>>)
08:42:21.47 (62481019)|METHOD_EXIT|[52]|01pB0000000ljzx|testautonumdata.Sparkle_Helper.AddFieldToObjectsMap(String, String, Map<String,Set<String>>)
08:42:21.47 (62487038)|STATEMENT_EXECUTE|[57]
08:42:21.47 (62501567)|ENTERING_MANAGED_PKG|
08:42:21.47 (62519919)|HEAP_ALLOCATE|[57]|Bytes:28
08:42:21.47 (62537578)|HEAP_ALLOCATE|[57]|Bytes:34
08:42:21.47 (62544732)|HEAP_ALLOCATE|[57]|Bytes:77
08:42:21.47 (62554978)|VARIABLE_ASSIGNMENT|[57]|soql|"Select id, OwnerId,  (57 more) ..."
08:42:21.47 (62560746)|STATEMENT_EXECUTE|[60]
08:42:21.47 (62561983)|STATEMENT_EXECUTE|[61]
08:42:21.47 (62565300)|HEAP_ALLOCATE|[61]|Bytes:7
08:42:21.47 (62578007)|ENTERING_MANAGED_PKG|
08:42:21.47 (62594083)|HEAP_ALLOCATE|[61]|Bytes:29
08:42:21.47 (62608215)|HEAP_ALLOCATE|[61]|Bytes:4
08:42:21.47 (62620413)|ENTERING_MANAGED_PKG|
08:42:21.47 (62625643)|HEAP_ALLOCATE|[61]|Bytes:18
08:42:21.47 (62645833)|HEAP_ALLOCATE|[61]|Bytes:59
08:42:21.47 (62653674)|HEAP_ALLOCATE|[61]|Bytes:136
08:42:21.47 (62664034)|VARIABLE_ASSIGNMENT|[61]|soql|"Select id, OwnerId,  (116 more) ..."
08:42:21.47 (62669444)|STATEMENT_EXECUTE|[62]
08:42:21.47 (62678147)|METHOD_ENTRY|[62]|01pB0000000ljzx|testautonumdata.Sparkle_Helper.AddFieldToObjectsMap(String, String, Map<String,Set<String>>)
08:42:21.47 (62693401)|VARIABLE_SCOPE_BEGIN|[111]|fieldName|String|false|false
08:42:21.47 (62704343)|VARIABLE_ASSIGNMENT|[111]|fieldName|"testautonumdata__Can (9 more) ..."
08:42:21.47 (62708628)|VARIABLE_SCOPE_BEGIN|[111]|initialObjectName|String|false|false
08:42:21.47 (62715705)|VARIABLE_ASSIGNMENT|[111]|initialObjectName|"testautonumdata__Ref (8 more) ..."
08:42:21.47 (62719414)|VARIABLE_SCOPE_BEGIN|[111]|theMap|Map<String,Set<String>>|true|false
08:42:21.47 (62733232)|VARIABLE_ASSIGNMENT|[111]|theMap|{"testautonumdata__Ref (8 more) ...":["Id","OwnerId","createddate"]}|0xab9cfb8
08:42:21.47 (62745809)|HEAP_ALLOCATE|[113]|Bytes:5
08:42:21.47 (62751660)|STATEMENT_EXECUTE|[112]
08:42:21.47 (62765225)|ENTERING_MANAGED_PKG|
08:42:21.47 (62776541)|STATEMENT_EXECUTE|[154]
08:42:21.47 (62782484)|METHOD_ENTRY|[154]|01pB0000000ljzx|testautonumdata.Sparkle_Helper.AddFieldToMap(String, String, Map<String,Set<String>>)
08:42:21.47 (62793447)|VARIABLE_SCOPE_BEGIN|[161]|fieldName|String|false|false
08:42:21.47 (62804631)|VARIABLE_ASSIGNMENT|[161]|fieldName|"testautonumdata__Can (9 more) ..."
08:42:21.47 (62808767)|VARIABLE_SCOPE_BEGIN|[161]|ObjectName|String|false|false
08:42:21.47 (62815959)|VARIABLE_ASSIGNMENT|[161]|ObjectName|"testautonumdata__Ref (8 more) ..."
08:42:21.47 (62819847)|VARIABLE_SCOPE_BEGIN|[161]|theMap|Map<String,Set<String>>|true|false
08:42:21.47 (62833255)|VARIABLE_ASSIGNMENT|[161]|theMap|{"testautonumdata__Ref (8 more) ...":["Id","OwnerId","createddate"]}|0xab9cfb8
08:42:21.47 (62844692)|HEAP_ALLOCATE|[164]|Bytes:5
08:42:21.47 (62850331)|STATEMENT_EXECUTE|[162]
08:42:21.47 (62857465)|ENTERING_MANAGED_PKG|
08:42:21.47 (62866461)|STATEMENT_EXECUTE|[165]
08:42:21.47 (62867859)|STATEMENT_EXECUTE|[166]
08:42:21.47 (62871593)|ENTERING_MANAGED_PKG|
08:42:21.47 (62883377)|VARIABLE_SCOPE_BEGIN|[166]|existingFieldSet|Set<String>|true|false
08:42:21.47 (62896510)|VARIABLE_ASSIGNMENT|[166]|existingFieldSet|["Id","OwnerId","createddate"]|0x19620dde
08:42:21.47 (62902478)|STATEMENT_EXECUTE|[167]
08:42:21.47 (62908355)|ENTERING_MANAGED_PKG|
08:42:21.47 (62913114)|HEAP_ALLOCATE|[EXTERNAL]|Bytes:4
08:42:21.47 (62919427)|STATEMENT_EXECUTE|[168]
08:42:21.47 (62923797)|ENTERING_MANAGED_PKG|
08:42:21.47 (62939428)|METHOD_EXIT|[154]|01pB0000000ljzx|testautonumdata.Sparkle_Helper.AddFieldToMap(String, String, Map<String,Set<String>>)
08:42:21.47 (62949022)|METHOD_EXIT|[62]|01pB0000000ljzx|testautonumdata.Sparkle_Helper.AddFieldToObjectsMap(String, String, Map<String,Set<String>>)
08:42:21.47 (62957309)|STATEMENT_EXECUTE|[65]
08:42:21.47 (62959835)|STATEMENT_EXECUTE|[71]
08:42:21.47 (62963545)|HEAP_ALLOCATE|[71]|Bytes:7
08:42:21.47 (62979338)|ENTERING_MANAGED_PKG|
08:42:21.47 (62997282)|HEAP_ALLOCATE|[71]|Bytes:1
08:42:21.47 (63014030)|HEAP_ALLOCATE|[71]|Bytes:8
08:42:21.47 (63022387)|HEAP_ALLOCATE|[71]|Bytes:144
08:42:21.47 (63033401)|VARIABLE_ASSIGNMENT|[71]|soql|"Select id, OwnerId,  (124 more) ..."
08:42:21.47 (63039082)|STATEMENT_EXECUTE|[75]
08:42:21.47 (63045446)|HEAP_ALLOCATE|[75]|Bytes:159
08:42:21.47 (63057026)|ENTERING_MANAGED_PKG|
08:42:21.47 (63070680)|USER_DEBUG|[75]|DEBUG|######## soql: Select id, OwnerId, Owner.Name, createddate FROM testautonumdata__Referral__c where testautonumdata__Candidate__c = 'a0MB0000000cQXFMA2' limit 8
08:42:21.47 (63088087)|METHOD_ENTRY|[79]|01pB0000000ljzx|testautonumdata.Sparkle_Helper.UserHasAccessToObjectsAndFields(Map<String,Set<String>>)
08:42:21.47 (63102455)|VARIABLE_SCOPE_BEGIN|[179]|theMap|Map<String,Set<String>>|true|false
08:42:21.47 (63121383)|VARIABLE_ASSIGNMENT|[179]|theMap|{"testautonumdata__Ref (8 more) ...":["Id","OwnerId","createddate","testautonumdata__Can (9 more) ..."]}|0xab9cfb8
08:42:21.47 (63134496)|HEAP_ALLOCATE|[181]|Bytes:5
08:42:21.47 (63140623)|STATEMENT_EXECUTE|[180]
08:42:21.47 (63141963)|STATEMENT_EXECUTE|[181]
08:42:21.47 (63146920)|VARIABLE_SCOPE_BEGIN|[181]|hasAccess|Boolean|false|false
08:42:21.47 (63158446)|HEAP_ALLOCATE|[181]|Bytes:5
08:42:21.47 (63166994)|VARIABLE_ASSIGNMENT|[181]|hasAccess|true
08:42:21.47 (63178479)|ENTERING_MANAGED_PKG|
08:42:21.47 (63190476)|STATEMENT_EXECUTE|[184]
08:42:21.47 (63192035)|STATEMENT_EXECUTE|[185]
08:42:21.47 (63204839)|ENTERING_MANAGED_PKG|
08:42:21.47 (63228046)|HEAP_ALLOCATE|[185]|Bytes:88
08:42:21.47 (63242484)|HEAP_ALLOCATE|[185]|Bytes:105
08:42:21.47 (63251639)|ENTERING_MANAGED_PKG|
08:42:21.47 (63256269)|USER_DEBUG|[185]|DEBUG|######## theMap: {testautonumdata__Referral__c={Id, OwnerId, createddate, testautonumdata__Candidate__c}}
08:42:21.47 (63267893)|HEAP_ALLOCATE|[186]|Bytes:4
08:42:21.47 (63277749)|ENTERING_MANAGED_PKG|
08:42:21.47 (63288214)|ENTERING_MANAGED_PKG|
08:42:21.47 (63303368)|HEAP_ALLOCATE|[186]|Bytes:36
08:42:21.47 (63315999)|ENTERING_MANAGED_PKG|
08:42:21.47 (63324302)|HEAP_ALLOCATE|[186]|Bytes:4
08:42:21.47 (63332747)|ENTERING_MANAGED_PKG|
08:42:21.47 (63356775)|HEAP_ALLOCATE|[186]|Bytes:5
08:42:21.47 (63375286)|VARIABLE_SCOPE_BEGIN|[186]|objectName|String|false|false
08:42:21.47 (63387926)|VARIABLE_ASSIGNMENT|[186]|objectName|"testautonumdata__Ref (8 more) ..."
08:42:21.47 (63393914)|STATEMENT_EXECUTE|[187]
08:42:21.47 (63395287)|STATEMENT_EXECUTE|[188]
08:42:21.47 (63401537)|HEAP_ALLOCATE|[188]|Bytes:49
08:42:21.47 (63411428)|ENTERING_MANAGED_PKG|
08:42:21.47 (63415963)|USER_DEBUG|[188]|DEBUG|######## objectName: testautonumdata__Referral__c
08:42:21.47 (63422652)|STATEMENT_EXECUTE|[189]
08:42:21.47 (63428116)|ENTERING_MANAGED_PKG|
08:42:21.47 (69122689)|HEAP_ALLOCATE|[189]|Bytes:1712
08:42:21.47 (69152780)|ENTERING_MANAGED_PKG|
08:42:21.47 (69248695)|HEAP_ALLOCATE|[189]|Bytes:4
08:42:21.47 (69263381)|VARIABLE_SCOPE_BEGIN|[189]|sObj|SObject|true|false
08:42:21.47 (69285279)|VARIABLE_ASSIGNMENT|[189]|sObj|{}|0x586f17f5
08:42:21.47 (69292587)|STATEMENT_EXECUTE|[190]
08:42:21.47 (69311744)|ENTERING_MANAGED_PKG|
08:42:21.47 (69524767)|HEAP_ALLOCATE|[190]|Bytes:4
08:42:21.47 (69929646)|HEAP_ALLOCATE|[190]|Bytes:60
08:42:21.47 (69944825)|VARIABLE_SCOPE_BEGIN|[190]|m|Map<String,Schema.SObjectField>|true|false
08:42:21.47 (70172184)|VARIABLE_ASSIGNMENT|[190]|m|"{createdbyid=CreatedById, createddate=CreatedDate, id=Id, isdeleted=IsDeleted, lastactivitydate=LastActivityDate, lastmodifiedbyid=LastModifiedById, lastmodifieddate=LastModifiedDate, lastreferenceddate=LastReferencedDate, lastvieweddate=LastViewedDate, name=Name, ...}"|0x26c8084f
08:42:21.47 (70187913)|STATEMENT_EXECUTE|[191]
08:42:21.47 (70199306)|ENTERING_MANAGED_PKG|
08:42:21.47 (70214745)|VARIABLE_SCOPE_BEGIN|[191]|objectFieldSet|Set<String>|true|false
08:42:21.47 (70233129)|VARIABLE_ASSIGNMENT|[191]|objectFieldSet|["Id","OwnerId","createddate","testautonumdata__Can (9 more) ..."]|0x19620dde
08:42:21.47 (70244302)|HEAP_ALLOCATE|[193]|Bytes:4
08:42:21.47 (70255295)|ENTERING_MANAGED_PKG|
08:42:21.47 (70266297)|ENTERING_MANAGED_PKG|
08:42:21.47 (70272665)|HEAP_ALLOCATE|[193]|Bytes:16
08:42:21.47 (70282006)|ENTERING_MANAGED_PKG|
08:42:21.47 (70299507)|HEAP_ALLOCATE|[193]|Bytes:5
08:42:21.47 (70315195)|VARIABLE_SCOPE_BEGIN|[193]|fieldToCheck|String|false|false
08:42:21.47 (70327286)|VARIABLE_ASSIGNMENT|[193]|fieldToCheck|"Id"
08:42:21.47 (70332854)|STATEMENT_EXECUTE|[193]
08:42:21.47 (70334188)|STATEMENT_EXECUTE|[194]
08:42:21.47 (70341004)|HEAP_ALLOCATE|[194]|Bytes:25
08:42:21.47 (70352098)|ENTERING_MANAGED_PKG|
08:42:21.47 (70357885)|USER_DEBUG|[194]|DEBUG|######## fieldToCheck: Id
08:42:21.47 (70369575)|ENTERING_MANAGED_PKG|
08:42:21.47 (70613421)|HEAP_ALLOCATE|[196]|Bytes:8
08:42:21.47 (70638094)|STATEMENT_EXECUTE|[196]
08:42:21.47 (70640718)|STATEMENT_EXECUTE|[203]
08:42:21.47 (70647523)|HEAP_ALLOCATE|[203]|Bytes:37
08:42:21.47 (70658726)|ENTERING_MANAGED_PKG|
08:42:21.47 (70663716)|USER_DEBUG|[203]|DEBUG|######## User has access to field: Id
08:42:21.47 (70679477)|HEAP_ALLOCATE|[193]|Bytes:5
08:42:21.47 (70693987)|VARIABLE_SCOPE_BEGIN|[193]|fieldToCheck|String|false|false
08:42:21.47 (70706077)|VARIABLE_ASSIGNMENT|[193]|fieldToCheck|"OwnerId"
08:42:21.47 (70728149)|STATEMENT_EXECUTE|[193]
08:42:21.47 (70730369)|STATEMENT_EXECUTE|[194]
08:42:21.47 (70737037)|HEAP_ALLOCATE|[194]|Bytes:30
08:42:21.47 (70748715)|ENTERING_MANAGED_PKG|
08:42:21.47 (70754010)|USER_DEBUG|[194]|DEBUG|######## fieldToCheck: OwnerId
08:42:21.47 (70765066)|ENTERING_MANAGED_PKG|
08:42:21.47 (70939835)|HEAP_ALLOCATE|[196]|Bytes:8
08:42:21.47 (70958909)|STATEMENT_EXECUTE|[196]
08:42:21.47 (70961529)|STATEMENT_EXECUTE|[203]
08:42:21.47 (70967349)|HEAP_ALLOCATE|[203]|Bytes:42
08:42:21.47 (70977597)|ENTERING_MANAGED_PKG|
08:42:21.47 (70982233)|USER_DEBUG|[203]|DEBUG|######## User has access to field: OwnerId
08:42:21.47 (70997567)|HEAP_ALLOCATE|[193]|Bytes:5
08:42:21.47 (71011479)|VARIABLE_SCOPE_BEGIN|[193]|fieldToCheck|String|false|false
08:42:21.47 (71023952)|VARIABLE_ASSIGNMENT|[193]|fieldToCheck|"createddate"
08:42:21.47 (71028989)|STATEMENT_EXECUTE|[193]
08:42:21.47 (71030533)|STATEMENT_EXECUTE|[194]
08:42:21.47 (71036148)|HEAP_ALLOCATE|[194]|Bytes:34
08:42:21.47 (71045167)|ENTERING_MANAGED_PKG|
08:42:21.47 (71049548)|USER_DEBUG|[194]|DEBUG|######## fieldToCheck: createddate
08:42:21.47 (71059557)|ENTERING_MANAGED_PKG|
08:42:21.47 (71200768)|HEAP_ALLOCATE|[196]|Bytes:8
08:42:21.47 (71219487)|STATEMENT_EXECUTE|[196]
08:42:21.47 (71221941)|STATEMENT_EXECUTE|[203]
08:42:21.47 (71227672)|HEAP_ALLOCATE|[203]|Bytes:46
08:42:21.47 (71237881)|ENTERING_MANAGED_PKG|
08:42:21.47 (71242449)|USER_DEBUG|[203]|DEBUG|######## User has access to field: createddate
08:42:21.47 (71257528)|HEAP_ALLOCATE|[193]|Bytes:5
08:42:21.47 (71271406)|VARIABLE_SCOPE_BEGIN|[193]|fieldToCheck|String|false|false
08:42:21.47 (71284727)|VARIABLE_ASSIGNMENT|[193]|fieldToCheck|"testautonumdata__Can (9 more) ..."
08:42:21.47 (71290026)|STATEMENT_EXECUTE|[193]
08:42:21.47 (71291249)|STATEMENT_EXECUTE|[194]
08:42:21.47 (71296641)|HEAP_ALLOCATE|[194]|Bytes:52
08:42:21.47 (71305762)|ENTERING_MANAGED_PKG|
08:42:21.47 (71310480)|USER_DEBUG|[194]|DEBUG|######## fieldToCheck: testautonumdata__Candidate__c
08:42:21.47 (71320721)|ENTERING_MANAGED_PKG|
08:42:21.47 (71627899)|HEAP_ALLOCATE|[196]|Bytes:8
08:42:21.47 (71647412)|STATEMENT_EXECUTE|[196]
08:42:21.47 (71649830)|STATEMENT_EXECUTE|[203]
08:42:21.47 (71655689)|HEAP_ALLOCATE|[203]|Bytes:64
08:42:21.47 (71666221)|ENTERING_MANAGED_PKG|
08:42:21.47 (71670800)|USER_DEBUG|[203]|DEBUG|######## User has access to field: testautonumdata__Candidate__c
08:42:21.47 (71686224)|HEAP_ALLOCATE|[193]|Bytes:5
08:42:21.47 (71700481)|VARIABLE_ASSIGNMENT|[193]|fieldToCheck|null
08:42:21.47 (71713417)|HEAP_ALLOCATE|[186]|Bytes:5
08:42:21.47 (71724113)|VARIABLE_ASSIGNMENT|[186]|objectName|null
08:42:21.47 (71730092)|STATEMENT_EXECUTE|[210]
08:42:21.47 (71733653)|HEAP_ALLOCATE|[210]|Bytes:5
08:42:21.47 (71747918)|METHOD_EXIT|[79]|01pB0000000ljzx|testautonumdata.Sparkle_Helper.UserHasAccessToObjectsAndFields(Map<String,Set<String>>)
08:42:21.47 (71755794)|STATEMENT_EXECUTE|[80]
08:42:21.47 (71757461)|STATEMENT_EXECUTE|[82]
08:42:21.47 (71769750)|ENTERING_MANAGED_PKG|
08:42:21.47 (72268081)|SOQL_EXECUTE_BEGIN|[82]|Aggregations:0|Select id, OwnerId, Owner.Name, createddate FROM testautonumdata__Referral__c where testautonumdata__Candidate__c = 'a0MB0000000cQXFMA2' limit 8
08:42:21.47 (79184294)|SOQL_EXECUTE_END|[82]|Rows:2
08:42:21.47 (79210429)|HEAP_ALLOCATE|[82]|Bytes:12
08:42:21.47 (79240214)|HEAP_ALLOCATE|[82]|Bytes:269
08:42:21.47 (79307750)|HEAP_ALLOCATE|[82]|Bytes:12
08:42:21.47 (79325776)|VARIABLE_SCOPE_BEGIN|[82]|lstQueriedRecords|List<SObject>|true|false
08:42:21.47 (79384116)|VARIABLE_ASSIGNMENT|[82]|lstQueriedRecords|[{"Id":"a0TB0000000YKHIMA4","OwnerId":"005B0000001VpZRIA0","CreatedDate":"2016-05-12T14:31:58.000Z","Owner":{"Name":"Rodrigo Reboucas","Id":"005B0000001VpZRIA0"}},{"Id":"a0TB0000000Y9Q9MAK","OwnerId":"005B00000021dadIAA","CreatedDate":"2016-05-09T14:40:41.000Z","Owner":{"Name":"Demo User","Id":"005B00000021dadIAA"}}]|0x1287832
08:42:21.47 (79398054)|STATEMENT_EXECUTE|[84]
08:42:21.47 (79403584)|HEAP_ALLOCATE|[84]|Bytes:28
08:42:21.47 (79427747)|ENTERING_MANAGED_PKG|
08:42:21.47 (79540721)|HEAP_ALLOCATE|[84]|Bytes:230
08:42:21.47 (79564863)|HEAP_ALLOCATE|[84]|Bytes:258
08:42:21.47 (79579312)|ENTERING_MANAGED_PKG|
08:42:21.47 (79585276)|USER_DEBUG|[84]|DEBUG|######## lstQueriedRecords: (testautonumdata__Referral__c:{Id=a0TB0000000YKHIMA4, OwnerId=005B0000001VpZRIA0, CreatedDate=2016-05-12 14:31:58}, testautonumdata__Referral__c:{Id=a0TB0000000Y9Q9MAK, OwnerId=005B00000021dadIAA, CreatedDate=2016-05-09 14:40:41})
08:42:21.47 (79641593)|ENTERING_MANAGED_PKG|
08:42:21.47 (79770654)|HEAP_ALLOCATE|[88]|Bytes:5
08:42:21.47 (79812358)|HEAP_ALLOCATE|[88]|Bytes:20
08:42:21.47 (79833047)|VARIABLE_SCOPE_BEGIN|[88]|e|SObject|true|false
08:42:21.47 (79859555)|VARIABLE_ASSIGNMENT|[88]|e|{"Id":"a0TB0000000YKHIMA4","OwnerId":"005B0000001VpZRIA0","CreatedDate":"2016-05-12T14:31:58.000Z","Owner":{"Name":"Rodrigo Reboucas","Id":"005B0000001VpZRIA0"}}|0x70aa0be2
08:42:21.47 (79869651)|STATEMENT_EXECUTE|[89]
08:42:21.47 (79871158)|STATEMENT_EXECUTE|[90]
08:42:21.47 (79875730)|HEAP_ALLOCATE|[90]|Bytes:12
08:42:21.47 (79895083)|ENTERING_MANAGED_PKG|
08:42:21.47 (79954312)|HEAP_ALLOCATE|[90]|Bytes:113
08:42:21.47 (79976245)|HEAP_ALLOCATE|[90]|Bytes:125
08:42:21.47 (79989012)|ENTERING_MANAGED_PKG|
08:42:21.47 (79994089)|USER_DEBUG|[90]|DEBUG|######## e: testautonumdata__Referral__c:{Id=a0TB0000000YKHIMA4, OwnerId=005B0000001VpZRIA0, CreatedDate=2016-05-12 14:31:58}
08:42:21.47 (80003006)|STATEMENT_EXECUTE|[91]
08:42:21.47 (80012583)|HEAP_ALLOCATE|[91]|Bytes:32
08:42:21.47 (80029702)|CONSTRUCTOR_ENTRY|[91]|01pB0000000lc8w|<init>()
08:42:21.47 (80064056)|VARIABLE_SCOPE_BEGIN|[1]|this|testautonumdata.RelatedListServerController|true|false
08:42:21.47 (80129755)|VARIABLE_ASSIGNMENT|[1]|this|{}|0x45e97efb
08:42:21.47 (80144091)|HEAP_ALLOCATE|[EXTERNAL]|Bytes:5
08:42:21.47 (80180010)|STATEMENT_EXECUTE|[1]
08:42:21.47 (80185131)|HEAP_ALLOCATE|[EXTERNAL]|Bytes:5
08:42:21.47 (80190989)|STATEMENT_EXECUTE|[6]
08:42:21.47 (80192628)|STATEMENT_EXECUTE|[8]
08:42:21.47 (80193739)|STATEMENT_EXECUTE|[10]
08:42:21.47 (80194940)|STATEMENT_EXECUTE|[12]
08:42:21.47 (80195896)|STATEMENT_EXECUTE|[14]
08:42:21.47 (80197180)|STATEMENT_EXECUTE|[16]
08:42:21.47 (80198210)|STATEMENT_EXECUTE|[18]
08:42:21.47 (80204494)|CONSTRUCTOR_EXIT|[91]|01pB0000000lc8w|<init>()
08:42:21.47 (80212144)|VARIABLE_SCOPE_BEGIN|[91]|i|testautonumdata.RelatedListServerController|true|false
08:42:21.47 (80235218)|VARIABLE_ASSIGNMENT|[91]|i|{}|0x45e97efb
08:42:21.47 (80242420)|STATEMENT_EXECUTE|[93]
08:42:21.47 (80253873)|METHOD_ENTRY|[93]|01pB0000000ljzx|testautonumdata.Sparkle_Helper.GetSobjectField(SObject, String)
08:42:21.47 (80271512)|VARIABLE_SCOPE_BEGIN|[78]|e|SObject|true|false
08:42:21.47 (80295753)|VARIABLE_ASSIGNMENT|[78]|e|{"Id":"a0TB0000000YKHIMA4","OwnerId":"005B0000001VpZRIA0","CreatedDate":"2016-05-12T14:31:58.000Z","Owner":{"Name":"Rodrigo Reboucas","Id":"005B0000001VpZRIA0"}}|0x70aa0be2
08:42:21.47 (80304700)|VARIABLE_SCOPE_BEGIN|[78]|lcfield|String|false|false
08:42:21.47 (80313141)|VARIABLE_ASSIGNMENT|[78]|lcfield|"id"
08:42:21.47 (80325748)|HEAP_ALLOCATE|[81]|Bytes:5
08:42:21.47 (80332230)|STATEMENT_EXECUTE|[79]
08:42:21.47 (80333643)|STATEMENT_EXECUTE|[81]
08:42:21.47 (80338329)|VARIABLE_SCOPE_BEGIN|[81]|returnValue|String|false|false
08:42:21.47 (80347752)|VARIABLE_ASSIGNMENT|[81]|returnValue|""
08:42:21.47 (80365337)|ENTERING_MANAGED_PKG|
08:42:21.47 (80378707)|STATEMENT_EXECUTE|[102]
08:42:21.47 (80389454)|ENTERING_MANAGED_PKG|
08:42:21.47 (80423216)|HEAP_ALLOCATE|[102]|Bytes:4
08:42:21.47 (80445456)|ENTERING_MANAGED_PKG|
08:42:21.47 (80451794)|HEAP_ALLOCATE|[102]|Bytes:18
08:42:21.47 (80467249)|VARIABLE_ASSIGNMENT|[102]|returnValue|"a0TB0000000YKHIMA4"
08:42:21.47 (80473776)|STATEMENT_EXECUTE|[104]
08:42:21.47 (80482469)|METHOD_EXIT|[93]|01pB0000000ljzx|testautonumdata.Sparkle_Helper.GetSobjectField(SObject, String)
08:42:21.47 (80521153)|VARIABLE_ASSIGNMENT|[EXTERNAL]|this|{}|0x45e97efb
08:42:21.47 (80533120)|VARIABLE_ASSIGNMENT|[EXTERNAL]|value|"a0TB0000000YKHIMA4"
08:42:21.47 (80550506)|VARIABLE_ASSIGNMENT|[6]|this.recordID|"a0TB0000000YKHIMA4"|0x45e97efb
08:42:21.47 (80562315)|STATEMENT_EXECUTE|[96]
08:42:21.47 (80563996)|STATEMENT_EXECUTE|[97]
08:42:21.47 (80571077)|METHOD_ENTRY|[97]|01pB0000000ljzx|testautonumdata.Sparkle_Helper.GetSobjectField(SObject, String)
08:42:21.47 (80587882)|VARIABLE_SCOPE_BEGIN|[78]|e|SObject|true|false
08:42:21.47 (80611056)|VARIABLE_ASSIGNMENT|[78]|e|{"Id":"a0TB0000000YKHIMA4","OwnerId":"005B0000001VpZRIA0","CreatedDate":"2016-05-12T14:31:58.000Z","Owner":{"Name":"Rodrigo Reboucas","Id":"005B0000001VpZRIA0"}}|0x70aa0be2
08:42:21.47 (80619707)|VARIABLE_SCOPE_BEGIN|[78]|lcfield|String|false|false
08:42:21.47 (80627283)|VARIABLE_ASSIGNMENT|[78]|lcfield|"OwnerId"
08:42:21.47 (80638001)|HEAP_ALLOCATE|[81]|Bytes:5
08:42:21.47 (80643761)|STATEMENT_EXECUTE|[79]
08:42:21.47 (80645364)|STATEMENT_EXECUTE|[81]
08:42:21.47 (80649861)|VARIABLE_SCOPE_BEGIN|[81]|returnValue|String|false|false
08:42:21.47 (80658513)|VARIABLE_ASSIGNMENT|[81]|returnValue|""
08:42:21.47 (80674456)|ENTERING_MANAGED_PKG|
08:42:21.47 (80686305)|STATEMENT_EXECUTE|[102]
08:42:21.47 (80694620)|ENTERING_MANAGED_PKG|
08:42:21.47 (80718287)|HEAP_ALLOCATE|[102]|Bytes:4
08:42:21.47 (80738755)|ENTERING_MANAGED_PKG|
08:42:21.47 (80744961)|HEAP_ALLOCATE|[102]|Bytes:18
08:42:21.47 (80759684)|VARIABLE_ASSIGNMENT|[102]|returnValue|"005B0000001VpZRIA0"
08:42:21.47 (80765685)|STATEMENT_EXECUTE|[104]
08:42:21.47 (80774143)|METHOD_EXIT|[97]|01pB0000000ljzx|testautonumdata.Sparkle_Helper.GetSobjectField(SObject, String)
08:42:21.47 (80815115)|VARIABLE_ASSIGNMENT|[EXTERNAL]|this|{"recordID":"a0TB0000000YKHIMA4"}|0x45e97efb
08:42:21.47 (80826985)|VARIABLE_ASSIGNMENT|[EXTERNAL]|value|"005B0000001VpZRIA0"
08:42:21.47 (80837626)|VARIABLE_ASSIGNMENT|[10]|this.OwnerID|"005B0000001VpZRIA0"|0x45e97efb
08:42:21.47 (80848292)|STATEMENT_EXECUTE|[99]
08:42:21.47 (80889930)|VARIABLE_ASSIGNMENT|[EXTERNAL]|this|{"OwnerID":"005B0000001VpZRIA0","recordID":"a0TB0000000YKHIMA4"}|0x45e97efb
08:42:21.47 (80990187)|HEAP_ALLOCATE|[99]|Bytes:133
08:42:21.47 (81018544)|SYSTEM_METHOD_ENTRY|[5]|ChatterUsers.ChatterUsers()
08:42:21.47 (81024722)|STATEMENT_EXECUTE|[5]
08:42:21.47 (81035505)|SYSTEM_METHOD_EXIT|[5]|ChatterUsers
08:42:21.47 (81098013)|METHOD_ENTRY|[99]||ConnectApi.ChatterUsers.getPhoto(String, String)
08:42:21.47 (104142005)|SYSTEM_METHOD_EXIT|[5]|Photo
08:42:21.47 (104171648)|HEAP_ALLOCATE|[984]|Bytes:68
08:42:21.47 (104181657)|HEAP_ALLOCATE|[984]|Bytes:12
08:42:21.47 (104187753)|HEAP_ALLOCATE|[984]|Bytes:8
08:42:21.47 (104194130)|VARIABLE_SCOPE_BEGIN|[36]|this|ConnectApi.Photo|true|false
08:42:21.47 (104299338)|VARIABLE_ASSIGNMENT|[36]|this|{}|0x43fafe50
08:42:21.47 (104309858)|VARIABLE_SCOPE_BEGIN|[36]|versionIn|Double|false|false
08:42:21.47 (104321898)|VARIABLE_ASSIGNMENT|[36]|versionIn|34.0
08:42:21.47 (104326781)|VARIABLE_SCOPE_BEGIN|[36]|javaObj|java:sfdc.chatter.connect.api.output.photo.PhotoRepresentation|true|false
08:42:21.47 (104442122)|VARIABLE_ASSIGNMENT|[36]|javaObj|"sfdc.chatter.connect.api.output.photo.PhotoRepresentation@15123cb1"|0x15123cb1
08:42:21.47 (104679939)|METHOD_EXIT|[99]||ConnectApi.ChatterUsers.getPhoto(String, String)
08:42:21.47 (104693347)|VARIABLE_SCOPE_BEGIN|[99]|userPhoto|ConnectApi.Photo|true|false
08:42:21.47 (104720390)|VARIABLE_ASSIGNMENT|[99]|userPhoto|{}|0x43fafe50
08:42:21.47 (104731245)|STATEMENT_EXECUTE|[101]
08:42:21.47 (104934827)|VARIABLE_ASSIGNMENT|[EXTERNAL]|this|{"OwnerID":"005B0000001VpZRIA0","recordID":"a0TB0000000YKHIMA4"}|0x45e97efb
08:42:21.47 (104955404)|VARIABLE_ASSIGNMENT|[EXTERNAL]|value|"https://rrlightningo (65 more) ..."
08:42:21.47 (104970200)|VARIABLE_ASSIGNMENT|[18]|this.iconUrl|"https://rrlightningo (65 more) ..."|0x45e97efb
08:42:21.47 (104983080)|STATEMENT_EXECUTE|[107]
08:42:21.47 (104984750)|STATEMENT_EXECUTE|[108]
08:42:21.47 (104995520)|METHOD_ENTRY|[108]|01pB0000000ljzx|testautonumdata.Sparkle_Helper.GetSobjectField(SObject, String)
08:42:21.47 (105014111)|VARIABLE_SCOPE_BEGIN|[78]|e|SObject|true|false
08:42:21.47 (105064937)|VARIABLE_ASSIGNMENT|[78]|e|{"Id":"a0TB0000000YKHIMA4","OwnerId":"005B0000001VpZRIA0","CreatedDate":"2016-05-12T14:31:58.000Z","Owner":{"Name":"Rodrigo Reboucas","Id":"005B0000001VpZRIA0"}}|0x70aa0be2
08:42:21.47 (105073855)|VARIABLE_SCOPE_BEGIN|[78]|lcfield|String|false|false
08:42:21.47 (105082710)|VARIABLE_ASSIGNMENT|[78]|lcfield|"Owner.Name"
08:42:21.47 (105096351)|HEAP_ALLOCATE|[81]|Bytes:5
08:42:21.47 (105103472)|STATEMENT_EXECUTE|[79]
08:42:21.47 (105104922)|STATEMENT_EXECUTE|[81]
08:42:21.47 (105109814)|VARIABLE_SCOPE_BEGIN|[81]|returnValue|String|false|false
08:42:21.47 (105119145)|VARIABLE_ASSIGNMENT|[81]|returnValue|""
08:42:21.47 (105146443)|ENTERING_MANAGED_PKG|
08:42:21.47 (105166619)|STATEMENT_EXECUTE|[84]
08:42:21.47 (105168581)|STATEMENT_EXECUTE|[85]
08:42:21.47 (105185786)|ENTERING_MANAGED_PKG|
08:42:21.47 (105213280)|HEAP_ALLOCATE|[85]|Bytes:5
08:42:21.47 (105229020)|VARIABLE_SCOPE_BEGIN|[85]|relName|String|false|false
08:42:21.47 (105240822)|VARIABLE_ASSIGNMENT|[85]|relName|"Owner"
08:42:21.47 (105245930)|STATEMENT_EXECUTE|[86]
08:42:21.47 (105250260)|HEAP_ALLOCATE|[86]|Bytes:18
08:42:21.47 (105262707)|HEAP_ALLOCATE|[86]|Bytes:23
08:42:21.47 (105277638)|ENTERING_MANAGED_PKG|
08:42:21.47 (105301456)|USER_DEBUG|[86]|DEBUG|######## relName: Owner
08:42:21.47 (105312267)|STATEMENT_EXECUTE|[87]
08:42:21.47 (105327775)|ENTERING_MANAGED_PKG|
08:42:21.47 (105350891)|HEAP_ALLOCATE|[87]|Bytes:4
08:42:21.47 (105365770)|VARIABLE_SCOPE_BEGIN|[87]|relField|String|false|false
08:42:21.47 (105377651)|VARIABLE_ASSIGNMENT|[87]|relField|"Name"
08:42:21.47 (105382600)|STATEMENT_EXECUTE|[88]
08:42:21.47 (105386206)|HEAP_ALLOCATE|[88]|Bytes:19
08:42:21.47 (105394629)|HEAP_ALLOCATE|[88]|Bytes:23
08:42:21.47 (105405474)|ENTERING_MANAGED_PKG|
08:42:21.47 (105418144)|USER_DEBUG|[88]|DEBUG|######## relField: Name
08:42:21.47 (105436193)|ENTERING_MANAGED_PKG|
08:42:21.47 (105461615)|STATEMENT_EXECUTE|[98]
08:42:21.47 (105479674)|ENTERING_MANAGED_PKG|
08:42:21.47 (105574572)|HEAP_ALLOCATE|[98]|Bytes:12
08:42:21.47 (105600870)|ENTERING_MANAGED_PKG|
08:42:21.47 (105638448)|HEAP_ALLOCATE|[98]|Bytes:16
08:42:21.47 (105661020)|ENTERING_MANAGED_PKG|
08:42:21.47 (105668475)|HEAP_ALLOCATE|[98]|Bytes:16
08:42:21.47 (105682935)|VARIABLE_ASSIGNMENT|[98]|returnValue|"Rodrigo Reboucas"
08:42:21.47 (105689638)|STATEMENT_EXECUTE|[104]
08:42:21.47 (105702502)|METHOD_EXIT|[108]|01pB0000000ljzx|testautonumdata.Sparkle_Helper.GetSobjectField(SObject, String)
08:42:21.47 (105745857)|VARIABLE_ASSIGNMENT|[EXTERNAL]|this|{"iconUrl":"https://rrlightningo (65 more) ...","OwnerID":"005B0000001VpZRIA0","recordID":"a0TB0000000YKHIMA4"}|0x45e97efb
08:42:21.47 (105757774)|VARIABLE_ASSIGNMENT|[EXTERNAL]|value|"Rodrigo Reboucas"
08:42:21.47 (105769093)|VARIABLE_ASSIGNMENT|[8]|this.OwnerName|"Rodrigo Reboucas"|0x45e97efb
08:42:21.47 (105781286)|STATEMENT_EXECUTE|[112]
08:42:21.47 (105782776)|STATEMENT_EXECUTE|[113]
08:42:21.47 (105789952)|METHOD_ENTRY|[113]|01pB0000000ljzx|testautonumdata.Sparkle_Helper.GetSobjectField(SObject, String)
08:42:21.47 (105806279)|VARIABLE_SCOPE_BEGIN|[78]|e|SObject|true|false
08:42:21.47 (105830318)|VARIABLE_ASSIGNMENT|[78]|e|{"Id":"a0TB0000000YKHIMA4","OwnerId":"005B0000001VpZRIA0","CreatedDate":"2016-05-12T14:31:58.000Z","Owner":{"Name":"Rodrigo Reboucas","Id":"005B0000001VpZRIA0"}}|0x70aa0be2
08:42:21.47 (105839098)|VARIABLE_SCOPE_BEGIN|[78]|lcfield|String|false|false
08:42:21.47 (105846551)|VARIABLE_ASSIGNMENT|[78]|lcfield|"createddate"
08:42:21.47 (105857255)|HEAP_ALLOCATE|[81]|Bytes:5
08:42:21.47 (105863324)|STATEMENT_EXECUTE|[79]
08:42:21.47 (105865047)|STATEMENT_EXECUTE|[81]
08:42:21.47 (105869695)|VARIABLE_SCOPE_BEGIN|[81]|returnValue|String|false|false
08:42:21.47 (105878558)|VARIABLE_ASSIGNMENT|[81]|returnValue|""
08:42:21.47 (105894625)|ENTERING_MANAGED_PKG|
08:42:21.47 (105906707)|STATEMENT_EXECUTE|[102]
08:42:21.47 (105915511)|ENTERING_MANAGED_PKG|
08:42:21.47 (105952425)|HEAP_ALLOCATE|[102]|Bytes:56
08:42:21.47 (105976458)|ENTERING_MANAGED_PKG|
08:42:21.47 (105990546)|HEAP_ALLOCATE|[102]|Bytes:19
08:42:21.47 (106006755)|VARIABLE_ASSIGNMENT|[102]|returnValue|"2016-05-12 14:31:58"
08:42:21.47 (106014119)|STATEMENT_EXECUTE|[104]
08:42:21.47 (106022742)|METHOD_EXIT|[113]|01pB0000000ljzx|testautonumdata.Sparkle_Helper.GetSobjectField(SObject, String)
08:42:21.47 (106070240)|VARIABLE_ASSIGNMENT|[EXTERNAL]|this|{"iconUrl":"https://rrlightningo (65 more) ...","OwnerID":"005B0000001VpZRIA0","OwnerName":"Rodrigo Reboucas","recordID":"a0TB0000000YKHIMA4"}|0x45e97efb
08:42:21.47 (106083990)|VARIABLE_ASSIGNMENT|[EXTERNAL]|value|"2016-05-12 14:31:58"
08:42:21.47 (106094103)|VARIABLE_ASSIGNMENT|[12]|this.column2|"2016-05-12 14:31:58"|0x45e97efb
08:42:21.47 (106105189)|STATEMENT_EXECUTE|[118]
08:42:21.47 (106124026)|ENTERING_MANAGED_PKG|
08:42:21.47 (106162844)|HEAP_ALLOCATE|[EXTERNAL]|Bytes:4
08:42:21.47 (106175828)|STATEMENT_EXECUTE|[120]
08:42:21.47 (106180167)|HEAP_ALLOCATE|[120]|Bytes:12
08:42:21.47 (106197450)|ENTERING_MANAGED_PKG|
08:42:21.47 (106272710)|HEAP_ALLOCATE|[120]|Bytes:385
08:42:21.47 (106294086)|HEAP_ALLOCATE|[120]|Bytes:397
08:42:21.47 (106306749)|ENTERING_MANAGED_PKG|
08:42:21.47 (106311802)|USER_DEBUG|[120]|DEBUG|######## i: RelatedListServerController:[OwnerID=005B0000001VpZRIA0, OwnerName=Rodrigo Reboucas, ReferralDate=null, ReferralMessage=null, column2=2016-05-12 14:31:58, iconUrl=https://rrlightningout-dev-ed--c.gus.content.force.com/profilephoto/729B00000000GJc/T, mapObjectsFields={testautonumdata__Referral__c={Id, OwnerId, createddate, testautonumdata__Candidate__c}}, recordID=a0TB0000000YKHIMA4]
08:42:21.47 (106339720)|HEAP_ALLOCATE|[88]|Bytes:5
08:42:21.47 (106388922)|HEAP_ALLOCATE|[88]|Bytes:20
08:42:21.47 (106410873)|VARIABLE_SCOPE_BEGIN|[88]|e|SObject|true|false
08:42:21.47 (106438362)|VARIABLE_ASSIGNMENT|[88]|e|{"Id":"a0TB0000000Y9Q9MAK","OwnerId":"005B00000021dadIAA","CreatedDate":"2016-05-09T14:40:41.000Z","Owner":{"Name":"Demo User","Id":"005B00000021dadIAA"}}|0x6932bca3
08:42:21.47 (106448466)|STATEMENT_EXECUTE|[89]
08:42:21.47 (106449783)|STATEMENT_EXECUTE|[90]
08:42:21.47 (106464890)|ENTERING_MANAGED_PKG|
08:42:21.47 (106515157)|HEAP_ALLOCATE|[90]|Bytes:113
08:42:21.47 (106535021)|HEAP_ALLOCATE|[90]|Bytes:125
08:42:21.47 (106545328)|ENTERING_MANAGED_PKG|
08:42:21.47 (106549772)|USER_DEBUG|[90]|DEBUG|######## e: testautonumdata__Referral__c:{Id=a0TB0000000Y9Q9MAK, OwnerId=005B00000021dadIAA, CreatedDate=2016-05-09 14:40:41}
08:42:21.47 (106557996)|STATEMENT_EXECUTE|[91]
08:42:21.47 (106564623)|HEAP_ALLOCATE|[91]|Bytes:32
08:42:21.47 (106574718)|CONSTRUCTOR_ENTRY|[91]|01pB0000000lc8w|<init>()
08:42:21.47 (106582730)|VARIABLE_SCOPE_BEGIN|[1]|this|testautonumdata.RelatedListServerController|true|false
08:42:21.47 (106606923)|VARIABLE_ASSIGNMENT|[1]|this|{}|0x514daf36
08:42:21.47 (106619466)|HEAP_ALLOCATE|[EXTERNAL]|Bytes:5
08:42:21.47 (106639830)|STATEMENT_EXECUTE|[1]
08:42:21.47 (106644138)|HEAP_ALLOCATE|[EXTERNAL]|Bytes:5
08:42:21.47 (106649568)|STATEMENT_EXECUTE|[6]
08:42:21.47 (106651171)|STATEMENT_EXECUTE|[8]
08:42:21.47 (106652229)|STATEMENT_EXECUTE|[10]
08:42:21.47 (106653286)|STATEMENT_EXECUTE|[12]
08:42:21.47 (106654200)|STATEMENT_EXECUTE|[14]
08:42:21.47 (106655228)|STATEMENT_EXECUTE|[16]
08:42:21.47 (106656265)|STATEMENT_EXECUTE|[18]
08:42:21.47 (106664305)|CONSTRUCTOR_EXIT|[91]|01pB0000000lc8w|<init>()
08:42:21.47 (106671569)|VARIABLE_SCOPE_BEGIN|[91]|i|testautonumdata.RelatedListServerController|true|false
08:42:21.47 (106693263)|VARIABLE_ASSIGNMENT|[91]|i|{}|0x514daf36
08:42:21.47 (106700163)|STATEMENT_EXECUTE|[93]
08:42:21.47 (106708567)|METHOD_ENTRY|[93]|01pB0000000ljzx|testautonumdata.Sparkle_Helper.GetSobjectField(SObject, String)
08:42:21.47 (106716355)|VARIABLE_SCOPE_BEGIN|[78]|e|SObject|true|false
08:42:21.47 (106737755)|VARIABLE_ASSIGNMENT|[78]|e|{"Id":"a0TB0000000Y9Q9MAK","OwnerId":"005B00000021dadIAA","CreatedDate":"2016-05-09T14:40:41.000Z","Owner":{"Name":"Demo User","Id":"005B00000021dadIAA"}}|0x6932bca3
08:42:21.47 (106745972)|VARIABLE_SCOPE_BEGIN|[78]|lcfield|String|false|false
08:42:21.47 (106754290)|VARIABLE_ASSIGNMENT|[78]|lcfield|"id"
08:42:21.47 (106764382)|HEAP_ALLOCATE|[81]|Bytes:5
08:42:21.47 (106770017)|STATEMENT_EXECUTE|[79]
08:42:21.47 (106771223)|STATEMENT_EXECUTE|[81]
08:42:21.47 (106775714)|VARIABLE_SCOPE_BEGIN|[81]|returnValue|String|false|false
08:42:21.47 (106785116)|VARIABLE_ASSIGNMENT|[81]|returnValue|""
08:42:21.47 (106800567)|ENTERING_MANAGED_PKG|
08:42:21.47 (106812223)|STATEMENT_EXECUTE|[102]
08:42:21.47 (106820571)|ENTERING_MANAGED_PKG|
08:42:21.47 (106846793)|HEAP_ALLOCATE|[102]|Bytes:4
08:42:21.47 (106887624)|ENTERING_MANAGED_PKG|
08:42:21.47 (106895920)|HEAP_ALLOCATE|[102]|Bytes:18
08:42:21.47 (106911811)|VARIABLE_ASSIGNMENT|[102]|returnValue|"a0TB0000000Y9Q9MAK"
08:42:21.47 (106917790)|STATEMENT_EXECUTE|[104]
08:42:21.47 (106926241)|METHOD_EXIT|[93]|01pB0000000ljzx|testautonumdata.Sparkle_Helper.GetSobjectField(SObject, String)
08:42:21.47 (106958802)|VARIABLE_ASSIGNMENT|[EXTERNAL]|this|{}|0x514daf36
08:42:21.47 (106971070)|VARIABLE_ASSIGNMENT|[EXTERNAL]|value|"a0TB0000000Y9Q9MAK"
08:42:21.47 (106982100)|VARIABLE_ASSIGNMENT|[6]|this.recordID|"a0TB0000000Y9Q9MAK"|0x514daf36
08:42:21.47 (106993639)|STATEMENT_EXECUTE|[96]
08:42:21.47 (106995132)|STATEMENT_EXECUTE|[97]
08:42:21.47 (107000777)|METHOD_ENTRY|[97]|01pB0000000ljzx|testautonumdata.Sparkle_Helper.GetSobjectField(SObject, String)
08:42:21.47 (107008840)|VARIABLE_SCOPE_BEGIN|[78]|e|SObject|true|false
08:42:21.47 (107029736)|VARIABLE_ASSIGNMENT|[78]|e|{"Id":"a0TB0000000Y9Q9MAK","OwnerId":"005B00000021dadIAA","CreatedDate":"2016-05-09T14:40:41.000Z","Owner":{"Name":"Demo User","Id":"005B00000021dadIAA"}}|0x6932bca3
08:42:21.47 (107038362)|VARIABLE_SCOPE_BEGIN|[78]|lcfield|String|false|false
08:42:21.47 (107045893)|VARIABLE_ASSIGNMENT|[78]|lcfield|"OwnerId"
08:42:21.47 (107056917)|HEAP_ALLOCATE|[81]|Bytes:5
08:42:21.47 (107062762)|STATEMENT_EXECUTE|[79]
08:42:21.47 (107063964)|STATEMENT_EXECUTE|[81]
08:42:21.47 (107068213)|VARIABLE_SCOPE_BEGIN|[81]|returnValue|String|false|false
08:42:21.47 (107077231)|VARIABLE_ASSIGNMENT|[81]|returnValue|""
08:42:21.47 (107092304)|ENTERING_MANAGED_PKG|
08:42:21.47 (107103905)|STATEMENT_EXECUTE|[102]
08:42:21.47 (107112358)|ENTERING_MANAGED_PKG|
08:42:21.47 (107135740)|HEAP_ALLOCATE|[102]|Bytes:4
08:42:21.47 (107160776)|ENTERING_MANAGED_PKG|
08:42:21.47 (107167544)|HEAP_ALLOCATE|[102]|Bytes:18
08:42:21.47 (107182646)|VARIABLE_ASSIGNMENT|[102]|returnValue|"005B00000021dadIAA"
08:42:21.47 (107189085)|STATEMENT_EXECUTE|[104]
08:42:21.47 (107197035)|METHOD_EXIT|[97]|01pB0000000ljzx|testautonumdata.Sparkle_Helper.GetSobjectField(SObject, String)
08:42:21.47 (107226912)|VARIABLE_ASSIGNMENT|[EXTERNAL]|this|{"recordID":"a0TB0000000Y9Q9MAK"}|0x514daf36
08:42:21.47 (107237101)|VARIABLE_ASSIGNMENT|[EXTERNAL]|value|"005B00000021dadIAA"
08:42:21.47 (107247222)|VARIABLE_ASSIGNMENT|[10]|this.OwnerID|"005B00000021dadIAA"|0x514daf36
08:42:21.47 (107257147)|STATEMENT_EXECUTE|[99]
08:42:21.47 (107280528)|VARIABLE_ASSIGNMENT|[EXTERNAL]|this|{"OwnerID":"005B00000021dadIAA","recordID":"a0TB0000000Y9Q9MAK"}|0x514daf36
08:42:21.47 (107296611)|METHOD_ENTRY|[99]||ConnectApi.ChatterUsers.getPhoto(String, String)
08:42:21.47 (122764253)|METHOD_EXIT|[99]||ConnectApi.ChatterUsers.getPhoto(String, String)
08:42:21.47 (122797218)|VARIABLE_SCOPE_BEGIN|[99]|userPhoto|ConnectApi.Photo|true|false
08:42:21.47 (122869417)|VARIABLE_ASSIGNMENT|[99]|userPhoto|{}|0xb5e5b36
08:42:21.47 (122888238)|STATEMENT_EXECUTE|[101]
08:42:21.47 (123056265)|VARIABLE_ASSIGNMENT|[EXTERNAL]|this|{"OwnerID":"005B00000021dadIAA","recordID":"a0TB0000000Y9Q9MAK"}|0x514daf36
08:42:21.47 (123083098)|VARIABLE_ASSIGNMENT|[EXTERNAL]|value|"https://rrlightningo (65 more) ..."
08:42:21.47 (123107057)|VARIABLE_ASSIGNMENT|[18]|this.iconUrl|"https://rrlightningo (65 more) ..."|0x514daf36
08:42:21.47 (123129134)|STATEMENT_EXECUTE|[107]
08:42:21.47 (123132018)|STATEMENT_EXECUTE|[108]
08:42:21.47 (123145979)|METHOD_ENTRY|[108]|01pB0000000ljzx|testautonumdata.Sparkle_Helper.GetSobjectField(SObject, String)
08:42:21.47 (123161148)|VARIABLE_SCOPE_BEGIN|[78]|e|SObject|true|false
08:42:21.47 (123224217)|VARIABLE_ASSIGNMENT|[78]|e|{"Id":"a0TB0000000Y9Q9MAK","OwnerId":"005B00000021dadIAA","CreatedDate":"2016-05-09T14:40:41.000Z","Owner":{"Name":"Demo User","Id":"005B00000021dadIAA"}}|0x6932bca3
08:42:21.47 (123242268)|VARIABLE_SCOPE_BEGIN|[78]|lcfield|String|false|false
08:42:21.47 (123257540)|VARIABLE_ASSIGNMENT|[78]|lcfield|"Owner.Name"
08:42:21.47 (123274769)|HEAP_ALLOCATE|[81]|Bytes:5
08:42:21.47 (123286896)|STATEMENT_EXECUTE|[79]
08:42:21.47 (123289382)|STATEMENT_EXECUTE|[81]
08:42:21.47 (123296988)|VARIABLE_SCOPE_BEGIN|[81]|returnValue|String|false|false
08:42:21.47 (123312801)|VARIABLE_ASSIGNMENT|[81]|returnValue|""
08:42:21.47 (123345581)|ENTERING_MANAGED_PKG|
08:42:21.47 (123368801)|STATEMENT_EXECUTE|[84]
08:42:21.47 (123371724)|STATEMENT_EXECUTE|[85]
08:42:21.47 (123386375)|ENTERING_MANAGED_PKG|
08:42:21.47 (123398180)|HEAP_ALLOCATE|[85]|Bytes:5
08:42:21.47 (123417520)|VARIABLE_SCOPE_BEGIN|[85]|relName|String|false|false
08:42:21.47 (123435661)|VARIABLE_ASSIGNMENT|[85]|relName|"Owner"
08:42:21.47 (123443815)|STATEMENT_EXECUTE|[86]
08:42:21.47 (123456435)|HEAP_ALLOCATE|[86]|Bytes:23
08:42:21.47 (123475360)|ENTERING_MANAGED_PKG|
08:42:21.47 (123487417)|USER_DEBUG|[86]|DEBUG|######## relName: Owner
08:42:21.47 (123501205)|STATEMENT_EXECUTE|[87]
08:42:21.47 (123518354)|ENTERING_MANAGED_PKG|
08:42:21.47 (123529068)|HEAP_ALLOCATE|[87]|Bytes:4
08:42:21.47 (123547061)|VARIABLE_SCOPE_BEGIN|[87]|relField|String|false|false
08:42:21.47 (123564867)|VARIABLE_ASSIGNMENT|[87]|relField|"Name"
08:42:21.47 (123572562)|STATEMENT_EXECUTE|[88]
08:42:21.47 (123581234)|HEAP_ALLOCATE|[88]|Bytes:23
08:42:21.47 (123596804)|ENTERING_MANAGED_PKG|
08:42:21.47 (123604647)|USER_DEBUG|[88]|DEBUG|######## relField: Name
08:42:21.47 (123628579)|ENTERING_MANAGED_PKG|
08:42:21.47 (123646956)|STATEMENT_EXECUTE|[98]
08:42:21.47 (123664278)|ENTERING_MANAGED_PKG|
08:42:21.47 (123724293)|HEAP_ALLOCATE|[98]|Bytes:12
08:42:21.47 (123756678)|ENTERING_MANAGED_PKG|
08:42:21.47 (123802989)|HEAP_ALLOCATE|[98]|Bytes:9
08:42:21.47 (123834697)|ENTERING_MANAGED_PKG|
08:42:21.47 (123845039)|HEAP_ALLOCATE|[98]|Bytes:9
08:42:21.47 (123867932)|VARIABLE_ASSIGNMENT|[98]|returnValue|"Demo User"
08:42:21.47 (123877508)|STATEMENT_EXECUTE|[104]
08:42:21.47 (123893353)|METHOD_EXIT|[108]|01pB0000000ljzx|testautonumdata.Sparkle_Helper.GetSobjectField(SObject, String)
08:42:21.47 (123948046)|VARIABLE_ASSIGNMENT|[EXTERNAL]|this|{"iconUrl":"https://rrlightningo (65 more) ...","OwnerID":"005B00000021dadIAA","recordID":"a0TB0000000Y9Q9MAK"}|0x514daf36
08:42:21.47 (123965678)|VARIABLE_ASSIGNMENT|[EXTERNAL]|value|"Demo User"
08:42:21.47 (123983864)|VARIABLE_ASSIGNMENT|[8]|this.OwnerName|"Demo User"|0x514daf36
08:42:21.47 (124001727)|STATEMENT_EXECUTE|[112]
08:42:21.47 (124005183)|STATEMENT_EXECUTE|[113]
08:42:21.47 (124015204)|METHOD_ENTRY|[113]|01pB0000000ljzx|testautonumdata.Sparkle_Helper.GetSobjectField(SObject, String)
08:42:21.47 (124028325)|VARIABLE_SCOPE_BEGIN|[78]|e|SObject|true|false
08:42:21.47 (124060323)|VARIABLE_ASSIGNMENT|[78]|e|{"Id":"a0TB0000000Y9Q9MAK","OwnerId":"005B00000021dadIAA","CreatedDate":"2016-05-09T14:40:41.000Z","Owner":{"Name":"Demo User","Id":"005B00000021dadIAA"}}|0x6932bca3
08:42:21.47 (124074891)|VARIABLE_SCOPE_BEGIN|[78]|lcfield|String|false|false
08:42:21.47 (124088015)|VARIABLE_ASSIGNMENT|[78]|lcfield|"createddate"
08:42:21.47 (124103064)|HEAP_ALLOCATE|[81]|Bytes:5
08:42:21.47 (124111788)|STATEMENT_EXECUTE|[79]
08:42:21.47 (124113823)|STATEMENT_EXECUTE|[81]
08:42:21.47 (124119663)|VARIABLE_SCOPE_BEGIN|[81]|returnValue|String|false|false
08:42:21.47 (124135055)|VARIABLE_ASSIGNMENT|[81]|returnValue|""
08:42:21.47 (124157818)|ENTERING_MANAGED_PKG|
08:42:21.47 (124178293)|STATEMENT_EXECUTE|[102]
08:42:21.47 (124193653)|ENTERING_MANAGED_PKG|
08:42:21.47 (124236430)|HEAP_ALLOCATE|[102]|Bytes:56
08:42:21.47 (124268653)|ENTERING_MANAGED_PKG|
08:42:21.47 (124290222)|HEAP_ALLOCATE|[102]|Bytes:19
08:42:21.47 (124315872)|VARIABLE_ASSIGNMENT|[102]|returnValue|"2016-05-09 14:40:41"
08:42:21.47 (124326072)|STATEMENT_EXECUTE|[104]
08:42:21.47 (124337945)|METHOD_EXIT|[113]|01pB0000000ljzx|testautonumdata.Sparkle_Helper.GetSobjectField(SObject, String)
08:42:21.47 (124387656)|VARIABLE_ASSIGNMENT|[EXTERNAL]|this|{"iconUrl":"https://rrlightningo (65 more) ...","OwnerID":"005B00000021dadIAA","OwnerName":"Demo User","recordID":"a0TB0000000Y9Q9MAK"}|0x514daf36
08:42:21.47 (124406378)|VARIABLE_ASSIGNMENT|[EXTERNAL]|value|"2016-05-09 14:40:41"
08:42:21.47 (124422941)|VARIABLE_ASSIGNMENT|[12]|this.column2|"2016-05-09 14:40:41"|0x514daf36
08:42:21.47 (124439446)|STATEMENT_EXECUTE|[118]
08:42:21.47 (124458287)|ENTERING_MANAGED_PKG|
08:42:21.47 (124472250)|HEAP_ALLOCATE|[EXTERNAL]|Bytes:4
08:42:21.47 (124485658)|STATEMENT_EXECUTE|[120]
08:42:21.47 (124504188)|ENTERING_MANAGED_PKG|
08:42:21.47 (124579521)|HEAP_ALLOCATE|[120]|Bytes:378
08:42:21.47 (124606131)|HEAP_ALLOCATE|[120]|Bytes:390
08:42:21.47 (124621257)|ENTERING_MANAGED_PKG|
08:42:21.47 (124628210)|USER_DEBUG|[120]|DEBUG|######## i: RelatedListServerController:[OwnerID=005B00000021dadIAA, OwnerName=Demo User, ReferralDate=null, ReferralMessage=null, column2=2016-05-09 14:40:41, iconUrl=https://rrlightningout-dev-ed--c.gus.content.force.com/profilephoto/729B00000000WPI/T, mapObjectsFields={testautonumdata__Referral__c={Id, OwnerId, createddate, testautonumdata__Candidate__c}}, recordID=a0TB0000000Y9Q9MAK]
08:42:21.47 (124670781)|HEAP_ALLOCATE|[88]|Bytes:5
08:42:21.47 (124696296)|VARIABLE_ASSIGNMENT|[88]|e|null|
08:42:21.47 (124707799)|STATEMENT_EXECUTE|[125]
08:42:21.47 (124713839)|HEAP_ALLOCATE|[125]|Bytes:27
08:42:21.47 (124740263)|ENTERING_MANAGED_PKG|
08:42:21.47 (124855633)|HEAP_ALLOCATE|[125]|Bytes:695
08:42:21.47 (124884366)|HEAP_ALLOCATE|[125]|Bytes:722
08:42:21.47 (124904999)|ENTERING_MANAGED_PKG|
08:42:21.47 (124912889)|USER_DEBUG|[125]|DEBUG|######## lstReturnRecords: (RelatedListServerController:[OwnerID=005B0000001VpZRIA0, OwnerName=Rodrigo Reboucas, ReferralDate=null, ReferralMessage=null, column2=2016-05-12 14:31:58, iconUrl=https://rrlightningout-dev-ed--c.gus.content.force.com/profilephoto/729B00000000GJc/T, mapObjectsFields={testautonumdata__Referral__c={Id, OwnerId, createddate, testautonumdata__Candidate__c}}, recordID=a0TB0000000YKHIMA4], RelatedListServerController:[OwnerID=005B00000021dadIAA, OwnerName=Demo User, ReferralDate=null, ReferralMessage=null, column2=2016-05-09 14:40:41, iconUrl=https://rrlightningout-dev-ed--c.gus.content.force.com/profilephoto/729B00000000WPI/T, mapObjectsFields=(already output), recordID=a0TB0000000Y9Q9MAK])
08:42:21.47 (124953000)|STATEMENT_EXECUTE|[127]
08:42:21.47 (124969486)|SYSTEM_MODE_EXIT|false
08:42:21.125 (125003016)|CUMULATIVE_LIMIT_USAGE
08:42:21.125 (125003016)|LIMIT_USAGE_FOR_NS|(default)|
  Number of SOQL queries: 0 out of 100
  Number of query rows: 0 out of 50000
  Number of SOSL queries: 0 out of 20
  Number of DML statements: 0 out of 150
  Number of DML rows: 0 out of 10000
  Maximum CPU time: 0 out of 10000
  Maximum heap size: 0 out of 6000000
  Number of callouts: 0 out of 100
  Number of Email Invocations: 0 out of 10
  Number of future calls: 0 out of 50
  Number of queueable jobs added to the queue: 0 out of 50
  Number of Mobile Apex push calls: 0 out of 10

08:42:21.125 (125003016)|LIMIT_USAGE_FOR_NS|testautonumdata|
  Number of SOQL queries: 2 out of 100
  Number of query rows: 3 out of 50000
  Number of SOSL queries: 0 out of 20
  Number of DML statements: 0 out of 150
  Number of DML rows: 0 out of 10000
  Maximum CPU time: 0 out of 10000
  Maximum heap size: 0 out of 6000000
  Number of callouts: 0 out of 100
  Number of Email Invocations: 0 out of 10
  Number of future calls: 0 out of 50
  Number of queueable jobs added to the queue: 0 out of 50
  Number of Mobile Apex push calls: 0 out of 10

08:42:21.125 (125003016)|CUMULATIVE_LIMIT_USAGE_END

08:42:21.47 (125073081)|CODE_UNIT_FINISHED|RelatedListServerController.getListRecords
08:42:21.47 (126516890)|CODE_UNIT_STARTED|[EXTERNAL]|Aura
08:42:21.47 (126578202)|CODE_UNIT_FINISHED|Aura
08:42:21.47 (127603119)|CODE_UNIT_STARTED|[EXTERNAL]|Aura
08:42:21.47 (127660392)|CODE_UNIT_FINISHED|Aura
08:42:21.47 (127702220)|CODE_UNIT_FINISHED|Aura
08:42:21.47 (128887362)|EXECUTION_FINISHED
