35.0 APEX_CODE,FINEST;APEX_PROFILING,INFO;CALLOUT,INFO;DB,INFO;SYSTEM,DEBUG;VALIDATION,INFO;VISUALFORCE,INFO;WAVE,INFO;WORKFLOW,INFO
06:38:58.0 (109050)|USER_INFO|[EXTERNAL]|005B0000001VpZR|rreboucas-yi5c@force.com|Pacific Standard Time|GMT-07:00
06:38:58.0 (165319)|EXECUTION_STARTED
06:38:58.0 (175123)|CODE_UNIT_STARTED|[EXTERNAL]|066B0000000O8VH|VF: /apex/testautonumdata__InterviewQuestionsLDS
06:38:58.0 (2859050)|VF_DESERIALIZE_VIEWSTATE_BEGIN|066B0000000O8VH
06:38:58.0 (10528882)|VF_DESERIALIZE_VIEWSTATE_END
06:38:58.0 (56692556)|VF_SERIALIZE_VIEWSTATE_BEGIN|066B0000000O8VH
06:38:58.0 (60065926)|VF_SERIALIZE_VIEWSTATE_END
06:38:58.64 (64325574)|CUMULATIVE_LIMIT_USAGE
06:38:58.64 (64325574)|LIMIT_USAGE_FOR_NS|(default)|
  Number of SOQL queries: 0 out of 100
  Number of query rows: 0 out of 50000
  Number of SOSL queries: 0 out of 20
  Number of DML statements: 0 out of 150
  Number of DML rows: 0 out of 10000
  Maximum CPU time: 0 out of 10000
  Maximum heap size: 0 out of 6000000
  Number of callouts: 0 out of 100
  Number of Email Invocations: 0 out of 10
  Number of future calls: 0 out of 50
  Number of queueable jobs added to the queue: 0 out of 50
  Number of Mobile Apex push calls: 0 out of 10

06:38:58.64 (64325574)|CUMULATIVE_LIMIT_USAGE_END

06:38:58.0 (64388289)|CODE_UNIT_FINISHED|VF: /apex/testautonumdata__InterviewQuestionsLDS
06:38:58.0 (65842812)|EXECUTION_FINISHED
