35.0 APEX_CODE,FINEST;APEX_PROFILING,INFO;CALLOUT,INFO;DB,INFO;SYSTEM,DEBUG;VALIDATION,INFO;VISUALFORCE,INFO;WAVE,INFO;WORKFLOW,INFO
06:38:04.0 (524758)|USER_INFO|[EXTERNAL]|005B0000001VpZR|rreboucas-yi5c@force.com|Pacific Standard Time|GMT-07:00
06:38:04.0 (592402)|EXECUTION_STARTED
06:38:04.0 (596930)|CODE_UNIT_STARTED|[EXTERNAL]|066B0000000O8VH|VF: /apex/testautonumdata__InterviewQuestionsLDS
06:38:04.0 (12807871)|SYSTEM_MODE_ENTER|true
06:38:04.0 (13102622)|HEAP_ALLOCATE|[72]|Bytes:3
06:38:04.0 (13152778)|HEAP_ALLOCATE|[77]|Bytes:152
06:38:04.0 (13171114)|HEAP_ALLOCATE|[342]|Bytes:408
06:38:04.0 (13196963)|HEAP_ALLOCATE|[355]|Bytes:408
06:38:04.0 (13216048)|HEAP_ALLOCATE|[467]|Bytes:48
06:38:04.0 (13245428)|HEAP_ALLOCATE|[139]|Bytes:6
06:38:04.0 (13262500)|HEAP_ALLOCATE|[EXTERNAL]|Bytes:13
06:38:04.0 (13289113)|METHOD_ENTRY|[1]|01pB0000000dsBd|myControllerExtension.myControllerExtension()
06:38:04.0 (13295907)|STATEMENT_EXECUTE|[1]
06:38:04.0 (13334201)|STATEMENT_EXECUTE|[1]
06:38:04.0 (13368730)|HEAP_ALLOCATE|[50]|Bytes:5
06:38:04.0 (13395151)|HEAP_ALLOCATE|[56]|Bytes:5
06:38:04.0 (13404092)|HEAP_ALLOCATE|[64]|Bytes:7
06:38:04.0 (13423519)|SYSTEM_MODE_ENTER|false
06:38:04.0 (13438394)|HEAP_ALLOCATE|[EXTERNAL]|Bytes:5
06:38:04.0 (13450564)|SYSTEM_MODE_EXIT|false
06:38:04.0 (13463815)|METHOD_EXIT|[1]|myControllerExtension
06:38:04.0 (13514612)|HEAP_ALLOCATE|[EXTERNAL]|Bytes:8
06:38:04.0 (13539501)|VARIABLE_SCOPE_BEGIN|[8]|this|testautonumdata.myControllerExtension|true|false
06:38:04.0 (13608118)|VARIABLE_ASSIGNMENT|[8]|this|{}|0x6307fecf
06:38:04.0 (13615692)|VARIABLE_SCOPE_BEGIN|[8]|stdController|ApexPages.StandardController|true|false
06:38:04.0 (13915767)|VARIABLE_ASSIGNMENT|[8]|stdController|"StandardController [null]"|0x566dea44
06:38:04.0 (13930607)|SYSTEM_MODE_ENTER|false
06:38:04.0 (13936528)|HEAP_ALLOCATE|[9]|Bytes:5
06:38:04.0 (13940268)|STATEMENT_EXECUTE|[1]
06:38:04.0 (13943167)|HEAP_ALLOCATE|[9]|Bytes:5
06:38:04.0 (13945172)|STATEMENT_EXECUTE|[3]
06:38:04.0 (13955823)|HEAP_ALLOCATE|[9]|Bytes:6
06:38:04.0 (13982731)|STATEMENT_EXECUTE|[8]
06:38:04.0 (13984427)|STATEMENT_EXECUTE|[9]
06:38:04.0 (45224775)|HEAP_ALLOCATE|[9]|Bytes:32
06:38:04.0 (45438202)|VARIABLE_ASSIGNMENT|[9]|this.interviewer|{"testautonumdata__Can (9 more) ...":"Rodrigo Reboucas","Id":"a0PB0000000ofaSMAQ","testautonumdata__Int (14 more) ...":"Technical Interview","testautonumdata__Pos (13 more) ...":"Architect - Force.co (1 more) ...","testautonumdata__Int (11 more) ...":"005B0000001VqL1IAK","testautonumdata__Int (17 more) ...":[{"testautonumdata__Int (11 more) ...":"a0PB0000000ofaSMAQ","Id":"a0SB0000000oLo3MAE","testautonumdata__Que (8 more) ...":"What are the uses of (31 more) ..."},{"testautonumdata__Int (11 more) ...":"a0PB0000000ofaSMAQ","Id":"a0SB0000000oLo4MAE","testautonumdata__Que (8 more) ...":"When should you buil (47 more) ..."},{"testautonumdata__Int (11 more) ...":"a0PB0000000ofaSMAQ","Id":"a0SB0000000oLo5MAE","testautonumdata__Que (8 more) ...":"When should an Exten (44 more) ..."},{"testautonumdata__Int (11 more) ...":"a0PB0000000ofaSMAQ","Id":"a0SB0000000oLo6MAE","testautonumdata__Que (8 more) ...":"Why is it necessary  (52 more) ..."},{"testautonumdata__Int (11 more) ...":"a0PB0000000ofaSMAQ","Id":"a0SB0000000oLo7MAE","testautonumdata__Que (8 more) ...":"What are the differe (27 more) ..."},{"testautonumdata__Int (11 more) ...":"a0PB0000000ofaSMAQ","Id":"a0SB0000000oLo8MAE","testautonumdata__Que (8 more) ...":"Order the following  (152 more) ..."},{"testautonumdata__Int (11 more) ...":"a0PB0000000ofaSMAQ","Id":"a0SB0000000oLo9MAE","testautonumdata__Que (8 more) ...":"What are the advanta (32 more) ..."},{"testautonumdata__Int (11 more) ...":"a0PB0000000ofaSMAQ","Id":"a0SB0000000oLoAMAU","testautonumdata__Que (8 more) ...":"Describe a use case  (118 more) ..."},{"testautonumdata__Int (11 more) ...":"a0PB0000000ofaSMAQ","Id":"a0SB0000000oLoBMAU","testautonumdata__Que (8 more) ...":"What are the differe (40 more) ..."},{"testautonumdata__Int (11 more) ...":"a0PB0000000ofaSMAQ","Id":"a0SB0000000oLoCMAU","testautonumdata__Que (8 more) ...":"What are the advanta (45 more) ..."},{"testautonumdata__Int (11 more) ...":"a0PB0000000ofaSMAQ","Id":"a0SB0000000oLoDMAU","testautonumdata__Que (8 more) ...":"Describe a use case  (21 more) ..."},{"testautonumdata__Int (11 more) ...":"a0PB0000000ofaSMAQ","Id":"a0SB0000000oLoEMAU","testautonumdata__Que (8 more) ...":"What is Trigger.old  (32 more) ..."},{"testautonumdata__Int (11 more) ...":"a0PB0000000ofaSMAQ","Id":"a0SB0000000oLoFMAU","testautonumdata__Que (8 more) ...":"What are some use ca (31 more) ..."},{"testautonumdata__Int (11 more) ...":"a0PB0000000ofaSMAQ","Id":"a0SB0000000oLoGMAU","testautonumdata__Que (8 more) ...":"What are some best p (35 more) ..."},{"testautonumdata__Int (11 more) ...":"a0PB0000000ofaSMAQ","Id":"a0SB0000000oLoHMAU","testautonumdata__Que (8 more) ...":"When should you use  (49 more) ..."},{"testautonumdata__Int (11 more) ...":"a0PB0000000ofaSMAQ","Id":"a0SB0000000oLoIMAU","testautonumdata__Que (8 more) ...":"Describe a use case  (118 more) ..."},{"testautonumdata__Int (11 more) ...":"a0PB0000000ofaSMAQ","Id":"a0SB0000000oLoJMAU","testautonumdata__Que (8 more) ...":"What are three new f (46 more) ..."},{"testautonumdata__Int (11 more) ...":"a0PB0000000ofaSMAQ","Id":"a0SB0000000oLoKMAU","testautonumdata__Que (8 more) ...":"What are the pros an (67 more) ..."},{"testautonumdata__Int (11 more) ...":"a0PB0000000ofaSMAQ","Id":"a0SB0000000oLoLMAU","testautonumdata__Que (8 more) ...":"Give an example of a (45 more) ..."},{"testautonumdata__Int (11 more) ...":"a0PB0000000ofaSMAQ","Id":"a0SB0000000oLoMMAU","testautonumdata__Que (8 more) ...":"A group of users mus (94 more) ..."},{"testautonumdata__Int (11 more) ...":"a0PB0000000ofaSMAQ","Id":"a0SB0000000oLoNMAU","testautonumdata__Que (8 more) ...":"List three different (44 more) ..."},{"testautonumdata__Int (11 more) ...":"a0PB0000000ofaSMAQ","Id":"a0SB0000000oLoOMAU","testautonumdata__Que (8 more) ...":"What’s the maximum b (40 more) ..."},{"testautonumdata__Int (11 more) ...":"a0PB0000000ofaSMAQ","Id":"a0SB0000000oLoPMAU","testautonumdata__Que (8 more) ...":"What is the System.a (42 more) ..."},{"testautonumdata__Int (11 more) ...":"a0PB0000000ofaSMAQ","Id":"a0SB0000000oLoQMAU","testautonumdata__Que (8 more) ...":"What are the differe (30 more) ..."},{"testautonumdata__Int (11 more) ...":"a0PB0000000ofaSMAQ","Id":"a0SB0000000oLoRMAU","testautonumdata__Que (8 more) ...":"Name three Governor  (7 more) ..."},{"testautonumdata__Int (11 more) ...":"a0PB0000000ofaSMAQ","Id":"a0SB0000000oLoSMAU","testautonumdata__Que (8 more) ...":"What are the differe (53 more) ..."},{"testautonumdata__Int (11 more) ...":"a0PB0000000ofaSMAQ","Id":"a0SB0000000oLoTMAU","testautonumdata__Que (8 more) ...":"Provide an example o (57 more) ..."},{"testautonumdata__Int (11 more) ...":"a0PB0000000ofaSMAQ","Id":"a0SB0000000oLoUMAU","testautonumdata__Que (8 more) ...":"When should an org c (27 more) ..."},{"testautonumdata__Int (11 more) ...":"a0PB0000000ofaSMAQ","Id":"a0SB0000000oLoVMAU","testautonumdata__Que (8 more) ...":"Provide an example o (64 more) ..."},{"testautonumdata__Int (11 more) ...":"a0PB0000000ofaSMAQ","Id":"a0SB0000000oLoWMAU","testautonumdata__Que (8 more) ...":"Describe the benefit (49 more) ..."},{"testautonumdata__Int (11 more) ...":"a0PB0000000ofaSMAQ","Id":"a0SB0000000oLoXMAU","testautonumdata__Que (8 more) ...":"When would you use t (22 more) ..."},{"testautonumdata__Int (11 more) ...":"a0PB0000000ofaSMAQ","Id":"a0SB0000000oLoYMAU","testautonumdata__Que (8 more) ...":"A trigger is running (80 more) ..."},{"testautonumdata__Int (11 more) ...":"a0PB0000000ofaSMAQ","Id":"a0SB0000000oLoZMAU","testautonumdata__Que (8 more) ...":"What does the View S (37 more) ..."}],"testautonumdata__Int (11 more) ...":{"Name":"Andrew Albert","Id":"005B0000001VqL1IAK"}}|0x6307fecf
06:38:04.0 (45479476)|SYSTEM_MODE_EXIT|false
06:38:04.0 (63361677)|VF_SERIALIZE_VIEWSTATE_BEGIN|066B0000000O8VH
06:38:04.0 (66254919)|VF_SERIALIZE_VIEWSTATE_END
06:38:04.71 (71029800)|CUMULATIVE_LIMIT_USAGE
06:38:04.71 (71029800)|LIMIT_USAGE_FOR_NS|(default)|
  Number of SOQL queries: 0 out of 100
  Number of query rows: 0 out of 50000
  Number of SOSL queries: 0 out of 20
  Number of DML statements: 0 out of 150
  Number of DML rows: 0 out of 10000
  Maximum CPU time: 0 out of 10000
  Maximum heap size: 0 out of 6000000
  Number of callouts: 0 out of 100
  Number of Email Invocations: 0 out of 10
  Number of future calls: 0 out of 50
  Number of queueable jobs added to the queue: 0 out of 50
  Number of Mobile Apex push calls: 0 out of 10

06:38:04.71 (71029800)|CUMULATIVE_LIMIT_USAGE_END

06:38:04.0 (71144132)|CODE_UNIT_FINISHED|VF: /apex/testautonumdata__InterviewQuestionsLDS
06:38:04.0 (73087095)|EXECUTION_FINISHED
