35.0 APEX_CODE,FINEST;APEX_PROFILING,INFO;CALLOUT,INFO;DB,INFO;SYSTEM,DEBUG;VALIDATION,INFO;VISUALFORCE,INFO;WAVE,INFO;WORKFLOW,INFO
06:38:12.0 (95479)|USER_INFO|[EXTERNAL]|005B0000001VpZR|rreboucas-yi5c@force.com|Pacific Standard Time|GMT-07:00
06:38:12.0 (173350)|EXECUTION_STARTED
06:38:12.0 (178654)|CODE_UNIT_STARTED|[EXTERNAL]|066B0000000O8VH|VF: /apex/testautonumdata__InterviewQuestionsLDS
06:38:12.0 (12125478)|VF_DESERIALIZE_VIEWSTATE_BEGIN|066B0000000O8VH
06:38:12.0 (38705313)|VF_DESERIALIZE_VIEWSTATE_END
06:38:12.0 (68198903)|VF_SERIALIZE_VIEWSTATE_BEGIN|066B0000000O8VH
06:38:12.0 (71084435)|VF_SERIALIZE_VIEWSTATE_END
06:38:12.75 (75800130)|CUMULATIVE_LIMIT_USAGE
06:38:12.75 (75800130)|LIMIT_USAGE_FOR_NS|(default)|
  Number of SOQL queries: 0 out of 100
  Number of query rows: 0 out of 50000
  Number of SOSL queries: 0 out of 20
  Number of DML statements: 0 out of 150
  Number of DML rows: 0 out of 10000
  Maximum CPU time: 0 out of 10000
  Maximum heap size: 0 out of 6000000
  Number of callouts: 0 out of 100
  Number of Email Invocations: 0 out of 10
  Number of future calls: 0 out of 50
  Number of queueable jobs added to the queue: 0 out of 50
  Number of Mobile Apex push calls: 0 out of 10

06:38:12.75 (75800130)|CUMULATIVE_LIMIT_USAGE_END

06:38:12.0 (75907802)|CODE_UNIT_FINISHED|VF: /apex/testautonumdata__InterviewQuestionsLDS
06:38:12.0 (76984720)|EXECUTION_FINISHED
