35.0 APEX_CODE,FINEST;APEX_PROFILING,INFO;CALLOUT,INFO;DB,INFO;SYSTEM,DEBUG;VALIDATION,INFO;VISUALFORCE,INFO;WAVE,INFO;WORKFLOW,INFO
06:14:27.0 (89991)|USER_INFO|[EXTERNAL]|005B0000001VpZR|rreboucas-yi5c@force.com|Pacific Standard Time|GMT-07:00
06:14:27.0 (128596)|EXECUTION_STARTED
06:14:27.0 (135429)|CODE_UNIT_STARTED|[EXTERNAL]|066B0000000O8VH|VF: /apex/testautonumdata__InterviewQuestionsLDS
06:14:27.0 (4094526)|SYSTEM_MODE_ENTER|true
06:14:27.0 (4788285)|HEAP_ALLOCATE|[72]|Bytes:3
06:14:27.0 (4826411)|HEAP_ALLOCATE|[77]|Bytes:152
06:14:27.0 (4855647)|HEAP_ALLOCATE|[342]|Bytes:408
06:14:27.0 (4878791)|HEAP_ALLOCATE|[355]|Bytes:408
06:14:27.0 (4898039)|HEAP_ALLOCATE|[467]|Bytes:48
06:14:27.0 (4935015)|HEAP_ALLOCATE|[139]|Bytes:6
06:14:27.0 (4952537)|HEAP_ALLOCATE|[EXTERNAL]|Bytes:13
06:14:27.0 (4977878)|METHOD_ENTRY|[1]|01pB0000000dsBd|myControllerExtension.myControllerExtension()
06:14:27.0 (4984661)|STATEMENT_EXECUTE|[1]
06:14:27.0 (4994366)|STATEMENT_EXECUTE|[1]
06:14:27.0 (5039240)|HEAP_ALLOCATE|[50]|Bytes:5
06:14:27.0 (5061112)|HEAP_ALLOCATE|[56]|Bytes:5
06:14:27.0 (5070338)|HEAP_ALLOCATE|[64]|Bytes:7
06:14:27.0 (5087600)|SYSTEM_MODE_ENTER|false
06:14:27.0 (5100057)|HEAP_ALLOCATE|[EXTERNAL]|Bytes:5
06:14:27.0 (5106818)|SYSTEM_MODE_EXIT|false
06:14:27.0 (5117280)|METHOD_EXIT|[1]|myControllerExtension
06:14:27.0 (5166834)|HEAP_ALLOCATE|[EXTERNAL]|Bytes:8
06:14:27.0 (5199582)|VARIABLE_SCOPE_BEGIN|[8]|this|testautonumdata.myControllerExtension|true|false
06:14:27.0 (5289732)|VARIABLE_ASSIGNMENT|[8]|this|{}|0x7738245e
06:14:27.0 (5295447)|VARIABLE_SCOPE_BEGIN|[8]|stdController|ApexPages.StandardController|true|false
06:14:27.0 (5720119)|VARIABLE_ASSIGNMENT|[8]|stdController|"StandardController [null]"|0xadb227a
06:14:27.0 (5734263)|SYSTEM_MODE_ENTER|false
06:14:27.0 (5742381)|HEAP_ALLOCATE|[9]|Bytes:5
06:14:27.0 (5746297)|STATEMENT_EXECUTE|[1]
06:14:27.0 (5749478)|HEAP_ALLOCATE|[9]|Bytes:5
06:14:27.0 (5751342)|STATEMENT_EXECUTE|[3]
06:14:27.0 (5767614)|HEAP_ALLOCATE|[9]|Bytes:6
06:14:27.0 (5792077)|STATEMENT_EXECUTE|[8]
06:14:27.0 (5794104)|STATEMENT_EXECUTE|[9]
06:14:27.0 (25363512)|HEAP_ALLOCATE|[9]|Bytes:32
06:14:27.0 (25582116)|VARIABLE_ASSIGNMENT|[9]|this.interviewer|{"testautonumdata__Can (9 more) ...":"Rodrigo Reboucas","Id":"a0PB0000000ofaSMAQ","testautonumdata__Int (14 more) ...":"Technical Interview","testautonumdata__Pos (13 more) ...":"Architect - Force.co (1 more) ...","testautonumdata__Int (11 more) ...":"005B0000001VqL1IAK","testautonumdata__Int (17 more) ...":[{"testautonumdata__Int (11 more) ...":"a0PB0000000ofaSMAQ","Id":"a0SB0000000oLo3MAE","testautonumdata__Que (8 more) ...":"What are the uses of (31 more) ..."},{"testautonumdata__Int (11 more) ...":"a0PB0000000ofaSMAQ","Id":"a0SB0000000oLo4MAE","testautonumdata__Que (8 more) ...":"When should you buil (47 more) ..."},{"testautonumdata__Int (11 more) ...":"a0PB0000000ofaSMAQ","Id":"a0SB0000000oLo5MAE","testautonumdata__Que (8 more) ...":"When should an Exten (44 more) ..."},{"testautonumdata__Int (11 more) ...":"a0PB0000000ofaSMAQ","Id":"a0SB0000000oLo6MAE","testautonumdata__Que (8 more) ...":"Why is it necessary  (52 more) ..."},{"testautonumdata__Int (11 more) ...":"a0PB0000000ofaSMAQ","Id":"a0SB0000000oLo7MAE","testautonumdata__Que (8 more) ...":"What are the differe (27 more) ..."},{"testautonumdata__Int (11 more) ...":"a0PB0000000ofaSMAQ","Id":"a0SB0000000oLo8MAE","testautonumdata__Que (8 more) ...":"Order the following  (152 more) ..."},{"testautonumdata__Int (11 more) ...":"a0PB0000000ofaSMAQ","Id":"a0SB0000000oLo9MAE","testautonumdata__Que (8 more) ...":"What are the advanta (32 more) ..."},{"testautonumdata__Int (11 more) ...":"a0PB0000000ofaSMAQ","Id":"a0SB0000000oLoAMAU","testautonumdata__Que (8 more) ...":"Describe a use case  (118 more) ..."},{"testautonumdata__Int (11 more) ...":"a0PB0000000ofaSMAQ","Id":"a0SB0000000oLoBMAU","testautonumdata__Que (8 more) ...":"What are the differe (40 more) ..."},{"testautonumdata__Int (11 more) ...":"a0PB0000000ofaSMAQ","Id":"a0SB0000000oLoCMAU","testautonumdata__Que (8 more) ...":"What are the advanta (45 more) ..."},{"testautonumdata__Int (11 more) ...":"a0PB0000000ofaSMAQ","Id":"a0SB0000000oLoDMAU","testautonumdata__Que (8 more) ...":"Describe a use case  (21 more) ..."},{"testautonumdata__Int (11 more) ...":"a0PB0000000ofaSMAQ","Id":"a0SB0000000oLoEMAU","testautonumdata__Que (8 more) ...":"What is Trigger.old  (32 more) ..."},{"testautonumdata__Int (11 more) ...":"a0PB0000000ofaSMAQ","Id":"a0SB0000000oLoFMAU","testautonumdata__Que (8 more) ...":"What are some use ca (31 more) ..."},{"testautonumdata__Int (11 more) ...":"a0PB0000000ofaSMAQ","Id":"a0SB0000000oLoGMAU","testautonumdata__Que (8 more) ...":"What are some best p (35 more) ..."},{"testautonumdata__Int (11 more) ...":"a0PB0000000ofaSMAQ","Id":"a0SB0000000oLoHMAU","testautonumdata__Que (8 more) ...":"When should you use  (49 more) ..."},{"testautonumdata__Int (11 more) ...":"a0PB0000000ofaSMAQ","Id":"a0SB0000000oLoIMAU","testautonumdata__Que (8 more) ...":"Describe a use case  (118 more) ..."},{"testautonumdata__Int (11 more) ...":"a0PB0000000ofaSMAQ","Id":"a0SB0000000oLoJMAU","testautonumdata__Que (8 more) ...":"What are three new f (46 more) ..."},{"testautonumdata__Int (11 more) ...":"a0PB0000000ofaSMAQ","Id":"a0SB0000000oLoKMAU","testautonumdata__Que (8 more) ...":"What are the pros an (67 more) ..."},{"testautonumdata__Int (11 more) ...":"a0PB0000000ofaSMAQ","Id":"a0SB0000000oLoLMAU","testautonumdata__Que (8 more) ...":"Give an example of a (45 more) ..."},{"testautonumdata__Int (11 more) ...":"a0PB0000000ofaSMAQ","Id":"a0SB0000000oLoMMAU","testautonumdata__Que (8 more) ...":"A group of users mus (94 more) ..."},{"testautonumdata__Int (11 more) ...":"a0PB0000000ofaSMAQ","Id":"a0SB0000000oLoNMAU","testautonumdata__Que (8 more) ...":"List three different (44 more) ..."},{"testautonumdata__Int (11 more) ...":"a0PB0000000ofaSMAQ","Id":"a0SB0000000oLoOMAU","testautonumdata__Que (8 more) ...":"What’s the maximum b (40 more) ..."},{"testautonumdata__Int (11 more) ...":"a0PB0000000ofaSMAQ","Id":"a0SB0000000oLoPMAU","testautonumdata__Que (8 more) ...":"What is the System.a (42 more) ..."},{"testautonumdata__Int (11 more) ...":"a0PB0000000ofaSMAQ","Id":"a0SB0000000oLoQMAU","testautonumdata__Que (8 more) ...":"What are the differe (30 more) ..."},{"testautonumdata__Int (11 more) ...":"a0PB0000000ofaSMAQ","Id":"a0SB0000000oLoRMAU","testautonumdata__Que (8 more) ...":"Name three Governor  (7 more) ..."},{"testautonumdata__Int (11 more) ...":"a0PB0000000ofaSMAQ","Id":"a0SB0000000oLoSMAU","testautonumdata__Que (8 more) ...":"What are the differe (53 more) ..."},{"testautonumdata__Int (11 more) ...":"a0PB0000000ofaSMAQ","Id":"a0SB0000000oLoTMAU","testautonumdata__Que (8 more) ...":"Provide an example o (57 more) ..."},{"testautonumdata__Int (11 more) ...":"a0PB0000000ofaSMAQ","Id":"a0SB0000000oLoUMAU","testautonumdata__Que (8 more) ...":"When should an org c (27 more) ..."},{"testautonumdata__Int (11 more) ...":"a0PB0000000ofaSMAQ","Id":"a0SB0000000oLoVMAU","testautonumdata__Que (8 more) ...":"Provide an example o (64 more) ..."},{"testautonumdata__Int (11 more) ...":"a0PB0000000ofaSMAQ","Id":"a0SB0000000oLoWMAU","testautonumdata__Que (8 more) ...":"Describe the benefit (49 more) ..."},{"testautonumdata__Int (11 more) ...":"a0PB0000000ofaSMAQ","Id":"a0SB0000000oLoXMAU","testautonumdata__Que (8 more) ...":"When would you use t (22 more) ..."},{"testautonumdata__Int (11 more) ...":"a0PB0000000ofaSMAQ","Id":"a0SB0000000oLoYMAU","testautonumdata__Que (8 more) ...":"A trigger is running (80 more) ..."},{"testautonumdata__Int (11 more) ...":"a0PB0000000ofaSMAQ","Id":"a0SB0000000oLoZMAU","testautonumdata__Que (8 more) ...":"What does the View S (37 more) ..."}],"testautonumdata__Int (11 more) ...":{"Name":"Andrew Albert","Id":"005B0000001VqL1IAK"}}|0x7738245e
06:14:27.0 (25643477)|SYSTEM_MODE_EXIT|false
06:14:27.0 (42708106)|VF_SERIALIZE_VIEWSTATE_BEGIN|066B0000000O8VH
06:14:27.0 (45701583)|VF_SERIALIZE_VIEWSTATE_END
06:14:27.54 (54613638)|CUMULATIVE_LIMIT_USAGE
06:14:27.54 (54613638)|LIMIT_USAGE_FOR_NS|(default)|
  Number of SOQL queries: 0 out of 100
  Number of query rows: 0 out of 50000
  Number of SOSL queries: 0 out of 20
  Number of DML statements: 0 out of 150
  Number of DML rows: 0 out of 10000
  Maximum CPU time: 0 out of 10000
  Maximum heap size: 0 out of 6000000
  Number of callouts: 0 out of 100
  Number of Email Invocations: 0 out of 10
  Number of future calls: 0 out of 50
  Number of queueable jobs added to the queue: 0 out of 50
  Number of Mobile Apex push calls: 0 out of 10

06:14:27.54 (54613638)|CUMULATIVE_LIMIT_USAGE_END

06:14:27.0 (54676643)|CODE_UNIT_FINISHED|VF: /apex/testautonumdata__InterviewQuestionsLDS
06:14:27.0 (55839923)|EXECUTION_FINISHED
